<?xml version="1.0" encoding="UTF-8"?>
<!-- Generated by org.testng.reporters.JUnitXMLReporter -->
<testsuite ignored="38" hostname="DESKTOP-O6A5C2O" failures="1" tests="2" name="CEP Event Mapping(failed)" time="56.102" errors="0" timestamp="2019-11-11T14:12:29 IST">
  <testcase classname="com.tetherfi.test.CEPEventMappingTest" name="AddRecordWithoutIntent" time="2.717"/>
  <testcase classname="com.tetherfi.test.CEPEventMappingTest" name="DeleteWithoutDeleteReasonRecord" time="5.101">
    <failure type="org.openqa.selenium.ElementClickInterceptedException" message="element click intercepted: Element &amp;lt;a role=&amp;quot;button&amp;quot; class=&amp;quot;k-button k-button-icontext k-grid-CustomDelete&amp;quot; style=&amp;quot;width=10px;&amp;quot; href=&amp;quot;#&amp;quot;&amp;gt;...&amp;lt;/a&amp;gt; is not clickable at point (119, 237). Other element would receive the click: &amp;lt;div class=&amp;quot;k-loading-image&amp;quot;&amp;gt;&amp;lt;/div&amp;gt;
  (Session info: chrome=78.0.3904.97)
Build info: version: &amp;apos;3.141.59&amp;apos;, revision: &amp;apos;e82be7d358&amp;apos;, time: &amp;apos;2018-11-14T08:17:03&amp;apos;
System info: host: &amp;apos;DESKTOP-O6A5C2O&amp;apos;, ip: &amp;apos;10.0.75.1&amp;apos;, os.name: &amp;apos;Windows 10&amp;apos;, os.arch: &amp;apos;amd64&amp;apos;, os.version: &amp;apos;10.0&amp;apos;, java.version: &amp;apos;9.0.4&amp;apos;
Driver info: org.openqa.selenium.chrome.ChromeDriver
Capabilities {acceptInsecureCerts: false, browserName: chrome, browserVersion: 78.0.3904.97, chrome: {chromedriverVersion: 78.0.3904.70 (edb9c9f3de024..., userDataDir: C:\Users\admin\AppData\Loca...}, goog:chromeOptions: {debuggerAddress: localhost:60120}, javascriptEnabled: true, networkConnectionEnabled: false, pageLoadStrategy: normal, platform: XP, platformName: XP, proxy: Proxy(), setWindowRect: true, strictFileInteractability: false, timeouts: {implicit: 0, pageLoad: 300000, script: 30000}, unhandledPromptBehavior: dismiss and notify}
Session ID: 089a6dfd03f0082bc01708fc4d0edb42">
      <![CDATA[org.openqa.selenium.ElementClickInterceptedException: element click intercepted: Element <a role="button" class="k-button k-button-icontext k-grid-CustomDelete" style="width=10px;" href="#">...</a> is not clickable at point (119, 237). Other element would receive the click: <div class="k-loading-image"></div>
  (Session info: chrome=78.0.3904.97)
Build info: version: '3.141.59', revision: 'e82be7d358', time: '2018-11-14T08:17:03'
System info: host: 'DESKTOP-O6A5C2O', ip: '10.0.75.1', os.name: 'Windows 10', os.arch: 'amd64', os.version: '10.0', java.version: '9.0.4'
Driver info: org.openqa.selenium.chrome.ChromeDriver
Capabilities {acceptInsecureCerts: false, browserName: chrome, browserVersion: 78.0.3904.97, chrome: {chromedriverVersion: 78.0.3904.70 (edb9c9f3de024..., userDataDir: C:\Users\admin\AppData\Loca...}, goog:chromeOptions: {debuggerAddress: localhost:60120}, javascriptEnabled: true, networkConnectionEnabled: false, pageLoadStrategy: normal, platform: XP, platformName: XP, proxy: Proxy(), setWindowRect: true, strictFileInteractability: false, timeouts: {implicit: 0, pageLoad: 300000, script: 30000}, unhandledPromptBehavior: dismiss and notify}
Session ID: 089a6dfd03f0082bc01708fc4d0edb42
at org.openqa.selenium.remote.http.W3CHttpResponseCodec.createException(W3CHttpResponseCodec.java:187)
at org.openqa.selenium.remote.http.W3CHttpResponseCodec.decode(W3CHttpResponseCodec.java:122)
at org.openqa.selenium.remote.http.W3CHttpResponseCodec.decode(W3CHttpResponseCodec.java:49)
at org.openqa.selenium.remote.HttpCommandExecutor.execute(HttpCommandExecutor.java:158)
at org.openqa.selenium.remote.service.DriverCommandExecutor.execute(DriverCommandExecutor.java:83)
at org.openqa.selenium.remote.RemoteWebDriver.execute(RemoteWebDriver.java:552)
at org.openqa.selenium.remote.RemoteWebElement.execute(RemoteWebElement.java:285)
at org.openqa.selenium.remote.RemoteWebElement.click(RemoteWebElement.java:84)
at org.openqa.selenium.support.pagefactory.internal.LocatingElementHandler.invoke(LocatingElementHandler.java:51)
at com.sun.proxy.$Proxy16.click(Unknown Source)
at com.tetherfi.pages.BasePage.selectWebElement(BasePage.java:202)
at com.tetherfi.pages.CepEventMappingPage.deleteCEPEventWithoutDeleteReasonRecord(CepEventMappingPage.java:861)
at com.tetherfi.test.CEPEventMappingTest.DeleteWithoutDeleteReasonRecord(CEPEventMappingTest.java:278)
at java.base/java.util.ArrayList.forEach(Unknown Source)
... Removed 34 stack frames]]>
    </failure>
  </testcase> <!-- DeleteWithoutDeleteReasonRecord -->
  <testcase classname="com.tetherfi.test.CEPEventMappingTest" name="AddRecordWithoutCEPEvent" time="0.0">
    <ignored/>
  </testcase> <!-- AddRecordWithoutCEPEvent -->
  <testcase classname="com.tetherfi.test.CEPEventMappingTest" name="VerifyCancelBtnAtDeleteCEPEventMappingRecord" time="0.0">
    <ignored/>
  </testcase> <!-- VerifyCancelBtnAtDeleteCEPEventMappingRecord -->
  <testcase classname="com.tetherfi.test.CEPEventMappingTest" name="VerifyColumnsHeaderDisable" time="0.0">
    <ignored/>
  </testcase> <!-- VerifyColumnsHeaderDisable -->
  <testcase classname="com.tetherfi.test.CEPEventMappingTest" name="ExportToExcel" time="0.0">
    <ignored/>
  </testcase> <!-- ExportToExcel -->
  <testcase classname="com.tetherfi.test.CEPEventMappingTest" name="VerifyCancelBtnAtAddRecord" time="0.0">
    <ignored/>
  </testcase> <!-- VerifyCancelBtnAtAddRecord -->
  <testcase classname="com.tetherfi.test.CEPEventMappingTest" name="searchPage" time="0.0">
    <ignored/>
  </testcase> <!-- searchPage -->
  <testcase classname="com.tetherfi.test.CEPEventMappingTest" name="VerifyAuditTrialReportForCreate" time="0.0">
    <ignored/>
  </testcase> <!-- VerifyAuditTrialReportForCreate -->
  <testcase classname="com.tetherfi.test.CEPEventMappingTest" name="VerifySearchDoesNotContains" time="0.0">
    <ignored/>
  </testcase> <!-- VerifySearchDoesNotContains -->
  <testcase classname="com.tetherfi.test.CEPEventMappingTest" name="searchwithoutSearchTextbox" time="0.0">
    <ignored/>
  </testcase> <!-- searchwithoutSearchTextbox -->
  <testcase classname="com.tetherfi.test.CEPEventMappingTest" name="GroupBy" time="0.0">
    <ignored/>
  </testcase> <!-- GroupBy -->
  <testcase classname="com.tetherfi.test.CEPEventMappingTest" name="VerifyAuditTrialReportForDelete" time="0.0">
    <ignored/>
  </testcase> <!-- VerifyAuditTrialReportForDelete -->
  <testcase classname="com.tetherfi.test.CEPEventMappingTest" name="VerifyTotalNumberOfItemsPerPageDetails" time="0.0">
    <ignored/>
  </testcase> <!-- VerifyTotalNumberOfItemsPerPageDetails -->
  <testcase classname="com.tetherfi.test.CEPEventMappingTest" name="ExporttoExcelWithoutData" time="0.0">
    <ignored/>
  </testcase> <!-- ExporttoExcelWithoutData -->
  <testcase classname="com.tetherfi.test.CEPEventMappingTest" name="VerifyArrowMoveForPreviousAndNextPage" time="0.0">
    <ignored/>
  </testcase> <!-- VerifyArrowMoveForPreviousAndNextPage -->
  <testcase classname="com.tetherfi.test.CEPEventMappingTest" name="VerifyNumberOfItemsPerPageSelection" time="0.0">
    <ignored/>
  </testcase> <!-- VerifyNumberOfItemsPerPageSelection -->
  <testcase classname="com.tetherfi.test.CEPEventMappingTest" name="VerifySearchIsNotEqualTo" time="0.0">
    <ignored/>
  </testcase> <!-- VerifySearchIsNotEqualTo -->
  <testcase classname="com.tetherfi.test.CEPEventMappingTest" name="VerifyDropdownForAllTheColumns" time="0.0">
    <ignored/>
  </testcase> <!-- VerifyDropdownForAllTheColumns -->
  <testcase classname="com.tetherfi.test.CEPEventMappingTest" name="VerifyAuditTrialReportForUpdate" time="0.0">
    <ignored/>
  </testcase> <!-- VerifyAuditTrialReportForUpdate -->
  <testcase classname="com.tetherfi.test.CEPEventMappingTest" name="VerifySearchStartsWith" time="0.0">
    <ignored/>
  </testcase> <!-- VerifySearchStartsWith -->
  <testcase classname="com.tetherfi.test.CEPEventMappingTest" name="CepEventMappingPage" time="0.0">
    <ignored/>
  </testcase> <!-- CepEventMappingPage -->
  <testcase classname="com.tetherfi.test.CEPEventMappingTest" name="ExportToExcelData" time="0.0">
    <ignored/>
  </testcase> <!-- ExportToExcelData -->
  <testcase classname="com.tetherfi.test.CEPEventMappingTest" name="database" time="0.0">
    <ignored/>
  </testcase> <!-- database -->
  <testcase classname="com.tetherfi.test.CEPEventMappingTest" name="DeleteRecord" time="0.0">
    <ignored/>
  </testcase> <!-- DeleteRecord -->
  <testcase classname="com.tetherfi.test.CEPEventMappingTest" name="EditWithoutModifyReasonRecord" time="0.0">
    <ignored/>
  </testcase> <!-- EditWithoutModifyReasonRecord -->
  <testcase classname="com.tetherfi.test.CEPEventMappingTest" name="SortingByDescending" time="0.0">
    <ignored/>
  </testcase> <!-- SortingByDescending -->
  <testcase classname="com.tetherfi.test.CEPEventMappingTest" name="VerifyArrowMoveForFirstAndLastPage" time="0.0">
    <ignored/>
  </testcase> <!-- VerifyArrowMoveForFirstAndLastPage -->
  <testcase classname="com.tetherfi.test.CEPEventMappingTest" name="VerifySearchContains" time="0.0">
    <ignored/>
  </testcase> <!-- VerifySearchContains -->
  <testcase classname="com.tetherfi.test.CEPEventMappingTest" name="VerifySearchEndsWith" time="0.0">
    <ignored/>
  </testcase> <!-- VerifySearchEndsWith -->
  <testcase classname="com.tetherfi.test.CEPEventMappingTest" name="SortingByAscending" time="0.0">
    <ignored/>
  </testcase> <!-- SortingByAscending -->
  <testcase classname="com.tetherfi.test.CEPEventMappingTest" name="AddCepEventMappingRecord" time="0.0">
    <ignored/>
  </testcase> <!-- AddCepEventMappingRecord -->
  <testcase classname="com.tetherfi.test.CEPEventMappingTest" name="AddRecordWithoutDescription" time="0.0">
    <ignored/>
  </testcase> <!-- AddRecordWithoutDescription -->
  <testcase classname="com.tetherfi.test.CEPEventMappingTest" name="EditCepEventMappingRecord" time="0.0">
    <ignored/>
  </testcase> <!-- EditCepEventMappingRecord -->
  <testcase classname="com.tetherfi.test.CEPEventMappingTest" name="AddRecordWithoutTransferFlag" time="0.0">
    <ignored/>
  </testcase> <!-- AddRecordWithoutTransferFlag -->
  <testcase classname="com.tetherfi.test.CEPEventMappingTest" name="VerifyColumnsHeaderEnable" time="0.0">
    <ignored/>
  </testcase> <!-- VerifyColumnsHeaderEnable -->
  <testcase classname="com.tetherfi.test.CEPEventMappingTest" name="SearchClearSearch" time="0.0">
    <ignored/>
  </testcase> <!-- SearchClearSearch -->
  <testcase classname="com.tetherfi.test.CEPEventMappingTest" name="VerifyCancelBtnAtEditRecord" time="0.0">
    <ignored/>
  </testcase> <!-- VerifyCancelBtnAtEditRecord -->
  <testcase classname="com.tetherfi.test.CEPEventMappingTest" name="AddRecordWithoutBins" time="0.0">
    <ignored/>
  </testcase> <!-- AddRecordWithoutBins -->
  <testcase classname="com.tetherfi.test.CEPEventMappingTest" name="DuplicateRecord" time="0.0">
    <ignored/>
  </testcase> <!-- DuplicateRecord -->
</testsuite> <!-- CEP Event Mapping(failed) -->
