<?xml version="1.0" encoding="UTF-8"?>
<!-- Generated by org.testng.reporters.JUnitXMLReporter -->
<testsuite hostname="TTF-BLR-SANTOSHKOUJALAGI" ignored="4" name="Default test(failed)(failed)(failed)(failed)(failed)(failed)(failed)" tests="2" failures="1" timestamp="2021-07-24T23:09:51 IST" time="67.609" errors="0">
  <testcase name="DeleteHolidayListRecord" time="21.343" classname="com.tetherfi.test.ivr.HolidayListTest"/>
  <testcase name="database" time="16.132" classname="com.tetherfi.test.ivr.HolidayListTest">
    <failure type="java.lang.AssertionError" message="did not expect to find [true] but found [false]">
      <![CDATA[java.lang.AssertionError: did not expect to find [true] but found [false]
at com.tetherfi.test.ivr.HolidayListTest.database(HolidayListTest.java:345)
at java.util.ArrayList.forEach(Unknown Source)
... Removed 31 stack frames]]>
    </failure>
  </testcase> <!-- database -->
  <testcase name="searchPage" time="0.0" classname="com.tetherfi.test.ivr.HolidayListTest">
    <ignored/>
  </testcase> <!-- searchPage -->
  <testcase name="ExporttoExcelWithoutData" time="0.0" classname="com.tetherfi.test.ivr.HolidayListTest">
    <ignored/>
  </testcase> <!-- ExporttoExcelWithoutData -->
  <testcase name="SearchClearSearch" time="0.0" classname="com.tetherfi.test.ivr.HolidayListTest">
    <ignored/>
  </testcase> <!-- SearchClearSearch -->
  <testcase name="editLeavingFielsBlank" time="0.0" classname="com.tetherfi.test.ivr.HolidayListTest">
    <ignored/>
  </testcase> <!-- editLeavingFielsBlank -->
</testsuite> <!-- Default test(failed)(failed)(failed)(failed)(failed)(failed)(failed) -->
