<?xml version="1.0" encoding="UTF-8"?>
<!-- Generated by org.testng.reporters.JUnitXMLReporter -->
<testsuite hostname="TTF-BLR-SANTOSHKOUJALAGI" ignored="5" name="Default test(failed)(failed)(failed)" tests="1" failures="1" timestamp="2021-07-31T00:03:41 IST" time="55.253" errors="0">
  <testcase name="VerifyExportToExcelWithoutData" time="19.48" classname="com.tetherfi.test.tmac.AgentSettingsUITest">
    <failure type="java.lang.AssertionError" message="did not expect to find [true] but found [false]">
      <![CDATA[java.lang.AssertionError: did not expect to find [true] but found [false]
at com.tetherfi.test.tmac.AgentSettingsUITest.VerifyExportToExcelWithoutData(AgentSettingsUITest.java:156)
at java.util.ArrayList.forEach(Unknown Source)
... Removed 31 stack frames]]>
    </failure>
  </testcase> <!-- VerifyExportToExcelWithoutData -->
  <testcase name="VerifyExportToExcel" time="0.0" classname="com.tetherfi.test.tmac.AgentSettingsUITest">
    <ignored/>
  </testcase> <!-- VerifyExportToExcel -->
  <testcase name="searchPage" time="0.0" classname="com.tetherfi.test.tmac.AgentSettingsUITest">
    <ignored/>
  </testcase> <!-- searchPage -->
  <testcase name="SearchClearSearch" time="0.0" classname="com.tetherfi.test.tmac.AgentSettingsUITest">
    <ignored/>
  </testcase> <!-- SearchClearSearch -->
  <testcase name="VerifyFullScreenButton" time="0.0" classname="com.tetherfi.test.tmac.AgentSettingsUITest">
    <ignored/>
  </testcase> <!-- VerifyFullScreenButton -->
  <testcase name="searchwithoutSearchTextbox" time="0.0" classname="com.tetherfi.test.tmac.AgentSettingsUITest">
    <ignored/>
  </testcase> <!-- searchwithoutSearchTextbox -->
</testsuite> <!-- Default test(failed)(failed)(failed) -->
