<?xml version="1.0" encoding="UTF-8"?>
<!-- Generated by org.testng.reporters.JUnitXMLReporter -->
<testsuite ignored="47" hostname="admin" failures="6" tests="11" name="Default test(failed)(failed)(failed)" time="249.005" errors="0" timestamp="2020-05-29T12:19:53 IST">
  <testcase classname="com.tetherfi.test.reports.SkillHistoricalReportTest" name="ExportOcmSkillhistoricalReport" time="32.067">
    <failure type="org.openqa.selenium.TimeoutException" message="Expected condition failed: waiting for text (&amp;apos;Report Export is Initiated... Notification will be sent once Completed&amp;apos;) to be present in element Proxy element for: DefaultElementLocator &amp;apos;By.cssSelector: #toast-container .toast-message&amp;apos; (tried for 20 second(s) with 500 milliseconds interval)">
      <![CDATA[org.openqa.selenium.TimeoutException: Expected condition failed: waiting for text ('Report Export is Initiated... Notification will be sent once Completed') to be present in element Proxy element for: DefaultElementLocator 'By.cssSelector: #toast-container .toast-message' (tried for 20 second(s) with 500 milliseconds interval)
at org.openqa.selenium.support.ui.WebDriverWait.timeoutException(WebDriverWait.java:95)
at org.openqa.selenium.support.ui.FluentWait.until(FluentWait.java:272)
at com.tetherfi.pages.BasePage.waitUntilTextToBePresentInWebElement(BasePage.java:141)
at com.tetherfi.pages.OCMReportsPage.verifyReportExported(OCMReportsPage.java:658)
at com.tetherfi.test.reports.SkillHistoricalReportTest.ExportOcmSkillhistoricalReport(SkillHistoricalReportTest.java:72)
at java.base/java.util.ArrayList.forEach(Unknown Source)
Caused by: org.openqa.selenium.NoSuchElementException: no such element: Unable to locate element: {"method":"css selector","selector":"#toast-container .toast-message"}
  (Session info: chrome=81.0.4044.138)
For documentation on this error, please visit: https://www.seleniumhq.org/exceptions/no_such_element.html
Build info: version: '3.141.59', revision: 'e82be7d358', time: '2018-11-14T08:17:03'
System info: host: 'ADMIN', ip: '192.168.1.4', os.name: 'Windows 8.1', os.arch: 'amd64', os.version: '6.3', java.version: '9.0.4'
Driver info: org.openqa.selenium.chrome.ChromeDriver
Capabilities {acceptInsecureCerts: false, browserName: chrome, browserVersion: 81.0.4044.138, chrome: {chromedriverVersion: 80.0.3987.106 (f68069574609..., userDataDir: C:\Users\ADMINP~1\AppData\L...}, goog:chromeOptions: {debuggerAddress: localhost:55317}, javascriptEnabled: true, networkConnectionEnabled: false, pageLoadStrategy: normal, platform: WINDOWS, platformName: WINDOWS, proxy: Proxy(), setWindowRect: true, strictFileInteractability: false, timeouts: {implicit: 0, pageLoad: 300000, script: 30000}, unhandledPromptBehavior: dismiss and notify}
Session ID: b18cd4391da9d0bb70e64698587bc15d
*** Element info: {Using=css selector, value=#toast-container .toast-message}
at org.openqa.selenium.remote.http.W3CHttpResponseCodec.createException(W3CHttpResponseCodec.java:187)
at org.openqa.selenium.remote.http.W3CHttpResponseCodec.decode(W3CHttpResponseCodec.java:122)
at org.openqa.selenium.remote.http.W3CHttpResponseCodec.decode(W3CHttpResponseCodec.java:49)
at org.openqa.selenium.remote.HttpCommandExecutor.execute(HttpCommandExecutor.java:158)
at org.openqa.selenium.remote.service.DriverCommandExecutor.execute(DriverCommandExecutor.java:83)
at org.openqa.selenium.remote.RemoteWebDriver.execute(RemoteWebDriver.java:552)
at org.openqa.selenium.remote.RemoteWebDriver.findElement(RemoteWebDriver.java:323)
at org.openqa.selenium.remote.RemoteWebDriver.findElementByCssSelector(RemoteWebDriver.java:420)
at org.openqa.selenium.By$ByCssSelector.findElement(By.java:431)
at org.openqa.selenium.remote.RemoteWebDriver.findElement(RemoteWebDriver.java:315)
at org.openqa.selenium.support.pagefactory.DefaultElementLocator.findElement(DefaultElementLocator.java:69)
at org.openqa.selenium.support.pagefactory.internal.LocatingElementHandler.invoke(LocatingElementHandler.java:38)
at com.sun.proxy.$Proxy14.getText(Unknown Source)
at org.openqa.selenium.support.ui.ExpectedConditions$12.apply(ExpectedConditions.java:353)
at org.openqa.selenium.support.ui.ExpectedConditions$12.apply(ExpectedConditions.java:349)
at org.openqa.selenium.support.ui.FluentWait.until(FluentWait.java:249)
... 31 more
... Removed 30 stack frames]]>
    </failure>
  </testcase> <!-- ExportOcmSkillhistoricalReport -->
  <testcase classname="com.tetherfi.test.reports.SkillHistoricalReportTest" name="ViewDownloadedOcmSkillhistoricalReportInReportsDownloadPage" time="0.0">
    <skipped/>
  </testcase> <!-- ViewDownloadedOcmSkillhistoricalReportInReportsDownloadPage -->
  <testcase classname="com.tetherfi.test.reports.SkillHistoricalReportTest" name="VerifyViewDownloadedOcmSkillHistoricalReportInReportsDownloadPage" time="0.0">
    <skipped/>
  </testcase> <!-- VerifyViewDownloadedOcmSkillHistoricalReportInReportsDownloadPage -->
  <testcase classname="com.tetherfi.test.reports.SkillHistoricalReportTest" name="ViewDownloadedOcmAgentSkillhistoricalReportInReportsDownloadPageDateRange" time="8.932"/>
  <testcase classname="com.tetherfi.test.reports.SkillHistoricalReportTest" name="VerifyViewDownloadedOcmSkillHistoricalReportInReportsDownloadPageDateRange" time="15.35">
    <failure type="java.lang.ArrayIndexOutOfBoundsException" message="1">
      <![CDATA[java.lang.ArrayIndexOutOfBoundsException: 1
at com.tetherfi.pages.OCMReportsPage.getdata(OCMReportsPage.java:7057)
at com.tetherfi.pages.OCMReportsPage.verifyExportedSheet(OCMReportsPage.java:7027)
at com.tetherfi.test.reports.SkillHistoricalReportTest.VerifyViewDownloadedOcmSkillHistoricalReportInReportsDownloadPageDateRange(SkillHistoricalReportTest.java:139)
at java.base/java.util.ArrayList.forEach(Unknown Source)
... Removed 27 stack frames]]>
    </failure>
  </testcase> <!-- VerifyViewDownloadedOcmSkillHistoricalReportInReportsDownloadPageDateRange -->
  <testcase classname="com.tetherfi.test.reports.SkillHistoricalReportTest" name="DeleteRecord" time="6.039">
    <failure type="org.openqa.selenium.NoSuchElementException" message="no such element: Unable to locate element: {&amp;quot;method&amp;quot;:&amp;quot;css selector&amp;quot;,&amp;quot;selector&amp;quot;:&amp;quot;#toast-container .toast-message&amp;quot;}
  (Session info: chrome=81.0.4044.138)
For documentation on this error, please visit: https://www.seleniumhq.org/exceptions/no_such_element.html
Build info: version: &amp;apos;3.141.59&amp;apos;, revision: &amp;apos;e82be7d358&amp;apos;, time: &amp;apos;2018-11-14T08:17:03&amp;apos;
System info: host: &amp;apos;ADMIN&amp;apos;, ip: &amp;apos;192.168.1.4&amp;apos;, os.name: &amp;apos;Windows 8.1&amp;apos;, os.arch: &amp;apos;amd64&amp;apos;, os.version: &amp;apos;6.3&amp;apos;, java.version: &amp;apos;9.0.4&amp;apos;
Driver info: org.openqa.selenium.chrome.ChromeDriver
Capabilities {acceptInsecureCerts: false, browserName: chrome, browserVersion: 81.0.4044.138, chrome: {chromedriverVersion: 80.0.3987.106 (f68069574609..., userDataDir: C:\Users\ADMINP~1\AppData\L...}, goog:chromeOptions: {debuggerAddress: localhost:55317}, javascriptEnabled: true, networkConnectionEnabled: false, pageLoadStrategy: normal, platform: WINDOWS, platformName: WINDOWS, proxy: Proxy(), setWindowRect: true, strictFileInteractability: false, timeouts: {implicit: 0, pageLoad: 300000, script: 30000}, unhandledPromptBehavior: dismiss and notify}
Session ID: b18cd4391da9d0bb70e64698587bc15d
*** Element info: {Using=css selector, value=#toast-container .toast-message}">
      <![CDATA[org.openqa.selenium.NoSuchElementException: no such element: Unable to locate element: {"method":"css selector","selector":"#toast-container .toast-message"}
  (Session info: chrome=81.0.4044.138)
For documentation on this error, please visit: https://www.seleniumhq.org/exceptions/no_such_element.html
Build info: version: '3.141.59', revision: 'e82be7d358', time: '2018-11-14T08:17:03'
System info: host: 'ADMIN', ip: '192.168.1.4', os.name: 'Windows 8.1', os.arch: 'amd64', os.version: '6.3', java.version: '9.0.4'
Driver info: org.openqa.selenium.chrome.ChromeDriver
Capabilities {acceptInsecureCerts: false, browserName: chrome, browserVersion: 81.0.4044.138, chrome: {chromedriverVersion: 80.0.3987.106 (f68069574609..., userDataDir: C:\Users\ADMINP~1\AppData\L...}, goog:chromeOptions: {debuggerAddress: localhost:55317}, javascriptEnabled: true, networkConnectionEnabled: false, pageLoadStrategy: normal, platform: WINDOWS, platformName: WINDOWS, proxy: Proxy(), setWindowRect: true, strictFileInteractability: false, timeouts: {implicit: 0, pageLoad: 300000, script: 30000}, unhandledPromptBehavior: dismiss and notify}
Session ID: b18cd4391da9d0bb70e64698587bc15d
*** Element info: {Using=css selector, value=#toast-container .toast-message}
at org.openqa.selenium.remote.http.W3CHttpResponseCodec.createException(W3CHttpResponseCodec.java:187)
at org.openqa.selenium.remote.http.W3CHttpResponseCodec.decode(W3CHttpResponseCodec.java:122)
at org.openqa.selenium.remote.http.W3CHttpResponseCodec.decode(W3CHttpResponseCodec.java:49)
at org.openqa.selenium.remote.HttpCommandExecutor.execute(HttpCommandExecutor.java:158)
at org.openqa.selenium.remote.service.DriverCommandExecutor.execute(DriverCommandExecutor.java:83)
at org.openqa.selenium.remote.RemoteWebDriver.execute(RemoteWebDriver.java:552)
at org.openqa.selenium.remote.RemoteWebDriver.findElement(RemoteWebDriver.java:323)
at org.openqa.selenium.remote.RemoteWebDriver.findElementByCssSelector(RemoteWebDriver.java:420)
at org.openqa.selenium.By$ByCssSelector.findElement(By.java:431)
at org.openqa.selenium.remote.RemoteWebDriver.findElement(RemoteWebDriver.java:315)
at org.openqa.selenium.support.pagefactory.DefaultElementLocator.findElement(DefaultElementLocator.java:69)
at org.openqa.selenium.support.pagefactory.internal.LocatingElementHandler.invoke(LocatingElementHandler.java:38)
at com.sun.proxy.$Proxy14.isDisplayed(Unknown Source)
at com.tetherfi.pages.OCMReportsPage.getSuccessMessage(OCMReportsPage.java:6563)
at com.tetherfi.test.reports.SkillHistoricalReportTest.DeleteRecord(SkillHistoricalReportTest.java:180)
at java.base/java.util.ArrayList.forEach(Unknown Source)
... Removed 30 stack frames]]>
    </failure>
  </testcase> <!-- DeleteRecord -->
  <testcase classname="com.tetherfi.test.reports.SkillHistoricalReportTest" name="VerifyNumberOfItemsPerPageSelection" time="15.415">
    <failure type="java.lang.AssertionError" message="item per page assertion failed did not expect to find [true] but found [false]">
      <![CDATA[java.lang.AssertionError: item per page assertion failed did not expect to find [true] but found [false]
at com.tetherfi.test.reports.SkillHistoricalReportTest.VerifyNumberOfItemsPerPageSelection(SkillHistoricalReportTest.java:271)
at java.base/java.util.ArrayList.forEach(Unknown Source)
... Removed 30 stack frames]]>
    </failure>
  </testcase> <!-- VerifyNumberOfItemsPerPageSelection -->
  <testcase classname="com.tetherfi.test.reports.SkillHistoricalReportTest" name="ExportToExcelForAgentSkillhistoricalReport" time="14.485"/>
  <testcase classname="com.tetherfi.test.reports.SkillHistoricalReportTest" name="ViewDownloadedOcmAgentSkillhistoricalReportInReportsDownloadPageinAgentSkillhistoricalPg" time="18.097"/>
  <testcase classname="com.tetherfi.test.reports.SkillHistoricalReportTest" name="VerifyViewDownloadedOcmSkillHistoricalReportInReportsDownloadPageInMainPage" time="13.328">
    <failure type="java.lang.ArrayIndexOutOfBoundsException" message="1">
      <![CDATA[java.lang.ArrayIndexOutOfBoundsException: 1
at com.tetherfi.pages.OCMReportsPage.getdata(OCMReportsPage.java:7057)
at com.tetherfi.pages.OCMReportsPage.verifyExportedSheet(OCMReportsPage.java:7027)
at com.tetherfi.test.reports.SkillHistoricalReportTest.VerifyViewDownloadedOcmSkillHistoricalReportInReportsDownloadPageInMainPage(SkillHistoricalReportTest.java:342)
at java.base/java.util.ArrayList.forEach(Unknown Source)
... Removed 27 stack frames]]>
    </failure>
  </testcase> <!-- VerifyViewDownloadedOcmSkillHistoricalReportInReportsDownloadPageInMainPage -->
  <testcase classname="com.tetherfi.test.reports.SkillHistoricalReportTest" name="VerifySorting" time="21.241">
    <failure type="org.openqa.selenium.ElementClickInterceptedException" message="element click intercepted: Element &amp;lt;a aria-label=&amp;quot;Go to the next page&amp;quot; class=&amp;quot;k-link k-pager-nav k-state-disabled&amp;quot; data-page=&amp;quot;1&amp;quot; href=&amp;quot;#&amp;quot; title=&amp;quot;Go to the next page&amp;quot; tabindex=&amp;quot;-1&amp;quot;&amp;gt;...&amp;lt;/a&amp;gt; is not clickable at point (145, 548). Other element would receive the click: &amp;lt;div class=&amp;quot;k-pager-wrap k-grid-pager k-widget k-floatwrap&amp;quot; data-role=&amp;quot;pager&amp;quot;&amp;gt;...&amp;lt;/div&amp;gt;
  (Session info: chrome=81.0.4044.138)
Build info: version: &amp;apos;3.141.59&amp;apos;, revision: &amp;apos;e82be7d358&amp;apos;, time: &amp;apos;2018-11-14T08:17:03&amp;apos;
System info: host: &amp;apos;ADMIN&amp;apos;, ip: &amp;apos;192.168.1.4&amp;apos;, os.name: &amp;apos;Windows 8.1&amp;apos;, os.arch: &amp;apos;amd64&amp;apos;, os.version: &amp;apos;6.3&amp;apos;, java.version: &amp;apos;9.0.4&amp;apos;
Driver info: org.openqa.selenium.chrome.ChromeDriver
Capabilities {acceptInsecureCerts: false, browserName: chrome, browserVersion: 81.0.4044.138, chrome: {chromedriverVersion: 80.0.3987.106 (f68069574609..., userDataDir: C:\Users\ADMINP~1\AppData\L...}, goog:chromeOptions: {debuggerAddress: localhost:55317}, javascriptEnabled: true, networkConnectionEnabled: false, pageLoadStrategy: normal, platform: WINDOWS, platformName: WINDOWS, proxy: Proxy(), setWindowRect: true, strictFileInteractability: false, timeouts: {implicit: 0, pageLoad: 300000, script: 30000}, unhandledPromptBehavior: dismiss and notify}
Session ID: b18cd4391da9d0bb70e64698587bc15d">
      <![CDATA[org.openqa.selenium.ElementClickInterceptedException: element click intercepted: Element <a aria-label="Go to the next page" class="k-link k-pager-nav k-state-disabled" data-page="1" href="#" title="Go to the next page" tabindex="-1">...</a> is not clickable at point (145, 548). Other element would receive the click: <div class="k-pager-wrap k-grid-pager k-widget k-floatwrap" data-role="pager">...</div>
  (Session info: chrome=81.0.4044.138)
Build info: version: '3.141.59', revision: 'e82be7d358', time: '2018-11-14T08:17:03'
System info: host: 'ADMIN', ip: '192.168.1.4', os.name: 'Windows 8.1', os.arch: 'amd64', os.version: '6.3', java.version: '9.0.4'
Driver info: org.openqa.selenium.chrome.ChromeDriver
Capabilities {acceptInsecureCerts: false, browserName: chrome, browserVersion: 81.0.4044.138, chrome: {chromedriverVersion: 80.0.3987.106 (f68069574609..., userDataDir: C:\Users\ADMINP~1\AppData\L...}, goog:chromeOptions: {debuggerAddress: localhost:55317}, javascriptEnabled: true, networkConnectionEnabled: false, pageLoadStrategy: normal, platform: WINDOWS, platformName: WINDOWS, proxy: Proxy(), setWindowRect: true, strictFileInteractability: false, timeouts: {implicit: 0, pageLoad: 300000, script: 30000}, unhandledPromptBehavior: dismiss and notify}
Session ID: b18cd4391da9d0bb70e64698587bc15d
at org.openqa.selenium.remote.http.W3CHttpResponseCodec.createException(W3CHttpResponseCodec.java:187)
at org.openqa.selenium.remote.http.W3CHttpResponseCodec.decode(W3CHttpResponseCodec.java:122)
at org.openqa.selenium.remote.http.W3CHttpResponseCodec.decode(W3CHttpResponseCodec.java:49)
at org.openqa.selenium.remote.HttpCommandExecutor.execute(HttpCommandExecutor.java:158)
at org.openqa.selenium.remote.service.DriverCommandExecutor.execute(DriverCommandExecutor.java:83)
at org.openqa.selenium.remote.RemoteWebDriver.execute(RemoteWebDriver.java:552)
at org.openqa.selenium.remote.RemoteWebElement.execute(RemoteWebElement.java:285)
at org.openqa.selenium.remote.RemoteWebElement.click(RemoteWebElement.java:84)
at org.openqa.selenium.support.pagefactory.internal.LocatingElementHandler.invoke(LocatingElementHandler.java:51)
at com.sun.proxy.$Proxy14.click(Unknown Source)
at com.tetherfi.pages.AgentSkillHistoricalReportPage.verifySorting(AgentSkillHistoricalReportPage.java:389)
at com.tetherfi.test.reports.SkillHistoricalReportTest.VerifySorting(SkillHistoricalReportTest.java:643)
at java.base/java.util.ArrayList.forEach(Unknown Source)
... Removed 34 stack frames]]>
    </failure>
  </testcase> <!-- VerifySorting -->
  <testcase classname="com.tetherfi.test.reports.SkillHistoricalReportTest" name="verifyAdvancedSearchinreportpage" time="0.0">
    <ignored/>
  </testcase> <!-- verifyAdvancedSearchinreportpage -->
  <testcase classname="com.tetherfi.test.reports.SkillHistoricalReportTest" name="ShowOcmAgentSkillhistoricalReportForDateRange" time="0.0">
    <ignored/>
  </testcase> <!-- ShowOcmAgentSkillhistoricalReportForDateRange -->
  <testcase classname="com.tetherfi.test.reports.SkillHistoricalReportTest" name="verifyAdvancedSearchinreportpageSearchDoesnotcontains" time="0.0">
    <ignored/>
  </testcase> <!-- verifyAdvancedSearchinreportpageSearchDoesnotcontains -->
  <testcase classname="com.tetherfi.test.reports.SkillHistoricalReportTest" name="ShowOcmSkillhistoricalReportInNewTab" time="0.0">
    <ignored/>
  </testcase> <!-- ShowOcmSkillhistoricalReportInNewTab -->
  <testcase classname="com.tetherfi.test.reports.SkillHistoricalReportTest" name="VerifySearchContains" time="0.0">
    <ignored/>
  </testcase> <!-- VerifySearchContains -->
  <testcase classname="com.tetherfi.test.reports.SkillHistoricalReportTest" name="ShowOCMSkillhistoricalReport" time="0.0">
    <ignored/>
  </testcase> <!-- ShowOCMSkillhistoricalReport -->
  <testcase classname="com.tetherfi.test.reports.SkillHistoricalReportTest" name="ExportOcmAgentSkillhistoricalReportDateRange" time="0.0">
    <ignored/>
  </testcase> <!-- ExportOcmAgentSkillhistoricalReportDateRange -->
  <testcase classname="com.tetherfi.test.reports.SkillHistoricalReportTest" name="VerifySearchStartsWith" time="0.0">
    <ignored/>
  </testcase> <!-- VerifySearchStartsWith -->
  <testcase classname="com.tetherfi.test.reports.SkillHistoricalReportTest" name="VerifyDropdownForAllTheColumns" time="0.0">
    <ignored/>
  </testcase> <!-- VerifyDropdownForAllTheColumns -->
  <testcase classname="com.tetherfi.test.reports.SkillHistoricalReportTest" name="VerifySearchIsNotEqualTo" time="0.0">
    <ignored/>
  </testcase> <!-- VerifySearchIsNotEqualTo -->
  <testcase classname="com.tetherfi.test.reports.SkillHistoricalReportTest" name="verifySelectIntervalFeature" time="0.0">
    <ignored/>
  </testcase> <!-- verifySelectIntervalFeature -->
  <testcase classname="com.tetherfi.test.reports.SkillHistoricalReportTest" name="GroupBy" time="0.0">
    <ignored/>
  </testcase> <!-- GroupBy -->
  <testcase classname="com.tetherfi.test.reports.SkillHistoricalReportTest" name="verifyAdvancedSearchinreportpageSearchcontains" time="0.0">
    <ignored/>
  </testcase> <!-- verifyAdvancedSearchinreportpageSearchcontains -->
  <testcase classname="com.tetherfi.test.reports.SkillHistoricalReportTest" name="VerifyArrowMoveForPreviousAndNextPage" time="0.0">
    <ignored/>
  </testcase> <!-- VerifyArrowMoveForPreviousAndNextPage -->
  <testcase classname="com.tetherfi.test.reports.SkillHistoricalReportTest" name="ClearfiltersAdvSrch" time="0.0">
    <ignored/>
  </testcase> <!-- ClearfiltersAdvSrch -->
  <testcase classname="com.tetherfi.test.reports.SkillHistoricalReportTest" name="VerifyTotalNumberOfItemsPerPageDetailsFoDrillDownOne" time="0.0">
    <ignored/>
  </testcase> <!-- VerifyTotalNumberOfItemsPerPageDetailsFoDrillDownOne -->
  <testcase classname="com.tetherfi.test.reports.SkillHistoricalReportTest" name="VerifyTotalNumberOfItemsPerPageDetails" time="0.0">
    <ignored/>
  </testcase> <!-- VerifyTotalNumberOfItemsPerPageDetails -->
  <testcase classname="com.tetherfi.test.reports.SkillHistoricalReportTest" name="VerifyExportedPage" time="0.0">
    <ignored/>
  </testcase> <!-- VerifyExportedPage -->
  <testcase classname="com.tetherfi.test.reports.SkillHistoricalReportTest" name="VerifyTotalNumberOfItemsPerPageDetailsFoDrillDowntwo" time="0.0">
    <ignored/>
  </testcase> <!-- VerifyTotalNumberOfItemsPerPageDetailsFoDrillDowntwo -->
  <testcase classname="com.tetherfi.test.reports.SkillHistoricalReportTest" name="ScheduleOcmAgentSkillhistoricalReportforDateRange" time="0.0">
    <ignored/>
  </testcase> <!-- ScheduleOcmAgentSkillhistoricalReportforDateRange -->
  <testcase classname="com.tetherfi.test.reports.SkillHistoricalReportTest" name="VerifySearchDoesNotContains" time="0.0">
    <ignored/>
  </testcase> <!-- VerifySearchDoesNotContains -->
  <testcase classname="com.tetherfi.test.reports.SkillHistoricalReportTest" name="VerifyArrowMoveForFirstAndLastPageFoDrillDownOne" time="0.0">
    <ignored/>
  </testcase> <!-- VerifyArrowMoveForFirstAndLastPageFoDrillDownOne -->
  <testcase classname="com.tetherfi.test.reports.SkillHistoricalReportTest" name="searchwithoutSearchTextbox" time="0.0">
    <ignored/>
  </testcase> <!-- searchwithoutSearchTextbox -->
  <testcase classname="com.tetherfi.test.reports.SkillHistoricalReportTest" name="OCMWindow" time="0.0">
    <ignored/>
  </testcase> <!-- OCMWindow -->
  <testcase classname="com.tetherfi.test.reports.SkillHistoricalReportTest" name="VerifySearchByFeatureForAgentSkillhistoricalReport" time="0.0">
    <ignored/>
  </testcase> <!-- VerifySearchByFeatureForAgentSkillhistoricalReport -->
  <testcase classname="com.tetherfi.test.reports.SkillHistoricalReportTest" name="VerifyArrowMoveForFirstAndLastPageFoDrillDowntwo" time="0.0">
    <ignored/>
  </testcase> <!-- VerifyArrowMoveForFirstAndLastPageFoDrillDowntwo -->
  <testcase classname="com.tetherfi.test.reports.SkillHistoricalReportTest" name="VerifyColumnsHeaderDisable" time="0.0">
    <ignored/>
  </testcase> <!-- VerifyColumnsHeaderDisable -->
  <testcase classname="com.tetherfi.test.reports.SkillHistoricalReportTest" name="VerifyArrowMoveForPreviousAndNextPageForDrillDowntwo" time="0.0">
    <ignored/>
  </testcase> <!-- VerifyArrowMoveForPreviousAndNextPageForDrillDowntwo -->
  <testcase classname="com.tetherfi.test.reports.SkillHistoricalReportTest" name="VerifyArrowMoveForPreviousAndNextPageForDrillDownOne" time="0.0">
    <ignored/>
  </testcase> <!-- VerifyArrowMoveForPreviousAndNextPageForDrillDownOne -->
  <testcase classname="com.tetherfi.test.reports.SkillHistoricalReportTest" name="VerifySearchEqualsToSkillhistoricalReport" time="0.0">
    <ignored/>
  </testcase> <!-- VerifySearchEqualsToSkillhistoricalReport -->
  <testcase classname="com.tetherfi.test.reports.SkillHistoricalReportTest" name="verifyAdvancedSearchinreportpageSearchEndswith" time="0.0">
    <ignored/>
  </testcase> <!-- verifyAdvancedSearchinreportpageSearchEndswith -->
  <testcase classname="com.tetherfi.test.reports.SkillHistoricalReportTest" name="ClearAll" time="0.0">
    <ignored/>
  </testcase> <!-- ClearAll -->
  <testcase classname="com.tetherfi.test.reports.SkillHistoricalReportTest" name="ExportPage" time="0.0">
    <ignored/>
  </testcase> <!-- ExportPage -->
  <testcase classname="com.tetherfi.test.reports.SkillHistoricalReportTest" name="VerifyColumnsHeaderEnable" time="0.0">
    <ignored/>
  </testcase> <!-- VerifyColumnsHeaderEnable -->
  <testcase classname="com.tetherfi.test.reports.SkillHistoricalReportTest" name="ShowOcmAgentSkillhistoricalReportInNewTabDateRange" time="0.0">
    <ignored/>
  </testcase> <!-- ShowOcmAgentSkillhistoricalReportInNewTabDateRange -->
  <testcase classname="com.tetherfi.test.reports.SkillHistoricalReportTest" name="SearchClearSearch" time="0.0">
    <ignored/>
  </testcase> <!-- SearchClearSearch -->
  <testcase classname="com.tetherfi.test.reports.SkillHistoricalReportTest" name="DeleteWithoutDeleteReasonRecordinReportsDownloadforDateRange" time="0.0">
    <ignored/>
  </testcase> <!-- DeleteWithoutDeleteReasonRecordinReportsDownloadforDateRange -->
  <testcase classname="com.tetherfi.test.reports.SkillHistoricalReportTest" name="verifyAdvancedSearchAddCriteria" time="0.0">
    <ignored/>
  </testcase> <!-- verifyAdvancedSearchAddCriteria -->
  <testcase classname="com.tetherfi.test.reports.SkillHistoricalReportTest" name="verifyAdvancedSearchinreportpageSearchStartswith" time="0.0">
    <ignored/>
  </testcase> <!-- verifyAdvancedSearchinreportpageSearchStartswith -->
  <testcase classname="com.tetherfi.test.reports.SkillHistoricalReportTest" name="verifyAdvancedSearchORCriteria" time="0.0">
    <ignored/>
  </testcase> <!-- verifyAdvancedSearchORCriteria -->
  <testcase classname="com.tetherfi.test.reports.SkillHistoricalReportTest" name="VerifySearchEndsWith" time="0.0">
    <ignored/>
  </testcase> <!-- VerifySearchEndsWith -->
  <testcase classname="com.tetherfi.test.reports.SkillHistoricalReportTest" name="verifySelectdateFeature" time="0.0">
    <ignored/>
  </testcase> <!-- verifySelectdateFeature -->
  <testcase classname="com.tetherfi.test.reports.SkillHistoricalReportTest" name="SchedulereportinskillHistoricalPage" time="0.0">
    <ignored/>
  </testcase> <!-- SchedulereportinskillHistoricalPage -->
  <testcase classname="com.tetherfi.test.reports.SkillHistoricalReportTest" name="verifyAdvancedSearchinreportpageSearchNotEqualTo" time="0.0">
    <ignored/>
  </testcase> <!-- verifyAdvancedSearchinreportpageSearchNotEqualTo -->
  <testcase classname="com.tetherfi.test.reports.SkillHistoricalReportTest" name="ScheduleOCMSkillhistoricalReport" time="0.0">
    <ignored/>
  </testcase> <!-- ScheduleOCMSkillhistoricalReport -->
  <testcase classname="com.tetherfi.test.reports.SkillHistoricalReportTest" name="VerifyArrowMoveForFirstAndLastPage" time="0.0">
    <ignored/>
  </testcase> <!-- VerifyArrowMoveForFirstAndLastPage -->
  <testcase classname="com.tetherfi.test.reports.SkillHistoricalReportTest" name="VerifyCancelBtnAtReportsDownloadDeleteBtnForDateRange" time="0.0">
    <ignored/>
  </testcase> <!-- VerifyCancelBtnAtReportsDownloadDeleteBtnForDateRange -->
</testsuite> <!-- Default test(failed)(failed)(failed) -->
