<?xml version="1.0" encoding="UTF-8"?>
<!-- Generated by org.testng.reporters.JUnitXMLReporter -->
<testsuite ignored="17" hostname="DESKTOP-O6A5C2O" failures="2" tests="5" name="Default test(failed)(failed)(failed)" time="108.944" errors="0" timestamp="2019-12-04T17:07:09 IST">
  <testcase classname="com.tetherfi.test.ivr.HostValueMappingUITest" name="@AfterMethod afterEachMethod" time="0.041">
    <failure type="org.openqa.selenium.NoSuchWindowException" message="no such window: target window already closed
from unknown error: web view not found
  (Session info: chrome=78.0.3904.108)
Build info: version: &amp;apos;3.141.59&amp;apos;, revision: &amp;apos;e82be7d358&amp;apos;, time: &amp;apos;2018-11-14T08:17:03&amp;apos;
System info: host: &amp;apos;DESKTOP-O6A5C2O&amp;apos;, ip: &amp;apos;10.0.75.1&amp;apos;, os.name: &amp;apos;Windows 10&amp;apos;, os.arch: &amp;apos;amd64&amp;apos;, os.version: &amp;apos;10.0&amp;apos;, java.version: &amp;apos;9.0.4&amp;apos;
Driver info: org.openqa.selenium.chrome.ChromeDriver
Capabilities {acceptInsecureCerts: false, browserName: chrome, browserVersion: 78.0.3904.108, chrome: {chromedriverVersion: 78.0.3904.70 (edb9c9f3de024..., userDataDir: C:\Users\admin\AppData\Loca...}, goog:chromeOptions: {debuggerAddress: localhost:52450}, javascriptEnabled: true, networkConnectionEnabled: false, pageLoadStrategy: normal, platform: XP, platformName: XP, proxy: Proxy(), setWindowRect: true, strictFileInteractability: false, timeouts: {implicit: 0, pageLoad: 300000, script: 30000}, unhandledPromptBehavior: dismiss and notify}
Session ID: bfe39507659e54e58f332794c11dbd90">
      <![CDATA[org.openqa.selenium.NoSuchWindowException: no such window: target window already closed
from unknown error: web view not found
  (Session info: chrome=78.0.3904.108)
Build info: version: '3.141.59', revision: 'e82be7d358', time: '2018-11-14T08:17:03'
System info: host: 'DESKTOP-O6A5C2O', ip: '10.0.75.1', os.name: 'Windows 10', os.arch: 'amd64', os.version: '10.0', java.version: '9.0.4'
Driver info: org.openqa.selenium.chrome.ChromeDriver
Capabilities {acceptInsecureCerts: false, browserName: chrome, browserVersion: 78.0.3904.108, chrome: {chromedriverVersion: 78.0.3904.70 (edb9c9f3de024..., userDataDir: C:\Users\admin\AppData\Loca...}, goog:chromeOptions: {debuggerAddress: localhost:52450}, javascriptEnabled: true, networkConnectionEnabled: false, pageLoadStrategy: normal, platform: XP, platformName: XP, proxy: Proxy(), setWindowRect: true, strictFileInteractability: false, timeouts: {implicit: 0, pageLoad: 300000, script: 30000}, unhandledPromptBehavior: dismiss and notify}
Session ID: bfe39507659e54e58f332794c11dbd90
at org.openqa.selenium.remote.http.W3CHttpResponseCodec.createException(W3CHttpResponseCodec.java:187)
at org.openqa.selenium.remote.http.W3CHttpResponseCodec.decode(W3CHttpResponseCodec.java:122)
at org.openqa.selenium.remote.http.W3CHttpResponseCodec.decode(W3CHttpResponseCodec.java:49)
at org.openqa.selenium.remote.HttpCommandExecutor.execute(HttpCommandExecutor.java:158)
at org.openqa.selenium.remote.service.DriverCommandExecutor.execute(DriverCommandExecutor.java:83)
at org.openqa.selenium.remote.RemoteWebDriver.execute(RemoteWebDriver.java:552)
at org.openqa.selenium.remote.RemoteWebDriver.execute(RemoteWebDriver.java:609)
at org.openqa.selenium.remote.RemoteWebDriver$RemoteNavigation.refresh(RemoteWebDriver.java:865)
at com.tetherfi.test.ivr.HostValueMappingUITest.afterEachMethod(HostValueMappingUITest.java:245)
at java.base/java.util.ArrayList.forEach(Unknown Source)
... Removed 36 stack frames]]>
    </failure>
  </testcase> <!-- @AfterMethod afterEachMethod -->
  <testcase classname="com.tetherfi.test.BaseTest" name="@AfterMethod endTestCase" time="-1.575459428883E9">
    <skipped/>
  </testcase> <!-- @AfterMethod endTestCase -->
  <testcase classname="com.tetherfi.test.BaseTest" name="@BeforeMethod startTestCase" time="-1.575459428897E9">
    <skipped/>
  </testcase> <!-- @BeforeMethod startTestCase -->
  <testcase classname="com.tetherfi.test.ivr.HostValueMappingUITest" name="@BeforeMethod NavigateToHostValueMappingPage" time="-1.575459428942E9">
    <skipped/>
  </testcase> <!-- @BeforeMethod NavigateToHostValueMappingPage -->
  <testcase classname="com.tetherfi.test.ivr.HostValueMappingUITest" name="@AfterMethod afterEachMethod" time="-1.575459428957E9">
    <skipped/>
  </testcase> <!-- @AfterMethod afterEachMethod -->
  <testcase classname="com.tetherfi.test.BaseTest" name="@AfterMethod endTestCase" time="-1.575459428964E9">
    <skipped/>
  </testcase> <!-- @AfterMethod endTestCase -->
  <testcase classname="com.tetherfi.test.BaseTest" name="@BeforeMethod startTestCase" time="-1.575459428967E9">
    <skipped/>
  </testcase> <!-- @BeforeMethod startTestCase -->
  <testcase classname="com.tetherfi.test.ivr.HostValueMappingUITest" name="@BeforeMethod NavigateToHostValueMappingPage" time="-1.575459428968E9">
    <skipped/>
  </testcase> <!-- @BeforeMethod NavigateToHostValueMappingPage -->
  <testcase classname="com.tetherfi.test.ivr.HostValueMappingUITest" name="@AfterMethod afterEachMethod" time="-1.575459428992E9">
    <skipped/>
  </testcase> <!-- @AfterMethod afterEachMethod -->
  <testcase classname="com.tetherfi.test.BaseTest" name="@AfterMethod endTestCase" time="-1.575459428998E9">
    <skipped/>
  </testcase> <!-- @AfterMethod endTestCase -->
  <testcase classname="com.tetherfi.test.BaseTest" name="@BeforeMethod startTestCase" time="-1.575459429019E9">
    <skipped/>
  </testcase> <!-- @BeforeMethod startTestCase -->
  <testcase classname="com.tetherfi.test.ivr.HostValueMappingUITest" name="@BeforeMethod NavigateToHostValueMappingPage" time="-1.575459429022E9">
    <skipped/>
  </testcase> <!-- @BeforeMethod NavigateToHostValueMappingPage -->
  <testcase classname="com.tetherfi.test.ivr.HostValueMappingUITest" name="@AfterMethod afterEachMethod" time="-1.575459429035E9">
    <skipped/>
  </testcase> <!-- @AfterMethod afterEachMethod -->
  <testcase classname="com.tetherfi.test.BaseTest" name="@AfterMethod endTestCase" time="-1.575459429037E9">
    <skipped/>
  </testcase> <!-- @AfterMethod endTestCase -->
  <testcase classname="com.tetherfi.test.BaseTest" name="@AfterClass tearDown" time="-1.575459429045E9">
    <skipped/>
  </testcase> <!-- @AfterClass tearDown -->
  <testcase classname="com.tetherfi.test.ivr.HostValueMappingUITest" name="VerifyDropdownForAllTheColumns" time="47.607">
    <failure type="java.lang.AssertionError" message="Columns dropdown assertion failed did not expect to find [true] but found [false]">
      <![CDATA[java.lang.AssertionError: Columns dropdown assertion failed did not expect to find [true] but found [false]
at com.tetherfi.test.ivr.HostValueMappingUITest.VerifyDropdownForAllTheColumns(HostValueMappingUITest.java:78)
at java.base/java.util.ArrayList.forEach(Unknown Source)
... Removed 30 stack frames]]>
    </failure>
  </testcase> <!-- VerifyDropdownForAllTheColumns -->
  <testcase classname="com.tetherfi.test.ivr.HostValueMappingUITest" name="VerifyColumnsHeaderEnable" time="27.088">
    <failure type="java.lang.IndexOutOfBoundsException" message="Index: 0">
      <![CDATA[java.lang.IndexOutOfBoundsException: Index: 0
at java.base/java.util.Collections$EmptyList.get(Unknown Source)
at org.openqa.selenium.support.pagefactory.internal.LocatingElementListHandler.invoke(LocatingElementListHandler.java:39)
at com.sun.proxy.$Proxy17.get(Unknown Source)
at com.tetherfi.pages.HostValueMappingPage.verifycolumnsHeaderEnabled(HostValueMappingPage.java:472)
at com.tetherfi.test.ivr.HostValueMappingUITest.VerifyColumnsHeaderEnable(HostValueMappingUITest.java:86)
at java.base/java.util.ArrayList.forEach(Unknown Source)
... Removed 31 stack frames]]>
    </failure>
  </testcase> <!-- VerifyColumnsHeaderEnable -->
  <testcase classname="com.tetherfi.test.ivr.HostValueMappingUITest" name="VerifyColumnsHeaderDisable" time="0.0">
    <skipped/>
  </testcase> <!-- VerifyColumnsHeaderDisable -->
  <testcase classname="com.tetherfi.test.ivr.HostValueMappingUITest" name="VerifyNumberOfItemsPerPageSelection" time="0.0">
    <skipped/>
  </testcase> <!-- VerifyNumberOfItemsPerPageSelection -->
  <testcase classname="com.tetherfi.test.ivr.HostValueMappingUITest" name="database" time="0.0">
    <skipped/>
  </testcase> <!-- database -->
  <testcase classname="com.tetherfi.test.ivr.HostValueMappingUITest" name="SearchClearSearch" time="0.0">
    <ignored/>
  </testcase> <!-- SearchClearSearch -->
  <testcase classname="com.tetherfi.test.ivr.HostValueMappingUITest" name="VerifyArrowMoveForPreviousAndNextPage" time="0.0">
    <ignored/>
  </testcase> <!-- VerifyArrowMoveForPreviousAndNextPage -->
  <testcase classname="com.tetherfi.test.ivr.HostValueMappingUITest" name="VerifyDragAndDrop" time="0.0">
    <ignored/>
  </testcase> <!-- VerifyDragAndDrop -->
  <testcase classname="com.tetherfi.test.ivr.HostValueMappingUITest" name="VerifyTotalNumberOfItemsPerPageDetails" time="0.0">
    <ignored/>
  </testcase> <!-- VerifyTotalNumberOfItemsPerPageDetails -->
  <testcase classname="com.tetherfi.test.ivr.HostValueMappingUITest" name="ExportToExcelData" time="0.0">
    <ignored/>
  </testcase> <!-- ExportToExcelData -->
  <testcase classname="com.tetherfi.test.ivr.HostValueMappingUITest" name="HostValueMappingPage" time="0.0">
    <ignored/>
  </testcase> <!-- HostValueMappingPage -->
  <testcase classname="com.tetherfi.test.ivr.HostValueMappingUITest" name="VerifyMakeHostValueMappingChangeButton" time="0.0">
    <ignored/>
  </testcase> <!-- VerifyMakeHostValueMappingChangeButton -->
  <testcase classname="com.tetherfi.test.ivr.HostValueMappingUITest" name="ExportToExcel" time="0.0">
    <ignored/>
  </testcase> <!-- ExportToExcel -->
  <testcase classname="com.tetherfi.test.ivr.HostValueMappingUITest" name="SortingByDescending" time="0.0">
    <ignored/>
  </testcase> <!-- SortingByDescending -->
  <testcase classname="com.tetherfi.test.ivr.HostValueMappingUITest" name="VerifyHostValueMappingApprovedDataPage" time="0.0">
    <ignored/>
  </testcase> <!-- VerifyHostValueMappingApprovedDataPage -->
  <testcase classname="com.tetherfi.test.ivr.HostValueMappingUITest" name="searchPage" time="0.0">
    <ignored/>
  </testcase> <!-- searchPage -->
  <testcase classname="com.tetherfi.test.ivr.HostValueMappingUITest" name="VerifyArrowMoveForFirstAndLastPage" time="0.0">
    <ignored/>
  </testcase> <!-- VerifyArrowMoveForFirstAndLastPage -->
  <testcase classname="com.tetherfi.test.ivr.HostValueMappingUITest" name="VerifyDragAndDropofAlreadyGroupedHeader" time="0.0">
    <ignored/>
  </testcase> <!-- VerifyDragAndDropofAlreadyGroupedHeader -->
  <testcase classname="com.tetherfi.test.ivr.HostValueMappingUITest" name="VerifyExportToExcelWithoutData" time="0.0">
    <ignored/>
  </testcase> <!-- VerifyExportToExcelWithoutData -->
  <testcase classname="com.tetherfi.test.ivr.HostValueMappingUITest" name="SortingByAscending" time="0.0">
    <ignored/>
  </testcase> <!-- SortingByAscending -->
  <testcase classname="com.tetherfi.test.ivr.HostValueMappingUITest" name="searchwithoutSearchTextbox" time="0.0">
    <ignored/>
  </testcase> <!-- searchwithoutSearchTextbox -->
  <testcase classname="com.tetherfi.test.ivr.HostValueMappingUITest" name="VerifyHostValueMappingAuditTrailDataPage" time="0.0">
    <ignored/>
  </testcase> <!-- VerifyHostValueMappingAuditTrailDataPage -->
</testsuite> <!-- Default test(failed)(failed)(failed) -->
