<?xml version="1.0" encoding="UTF-8"?>
<!-- Generated by org.testng.reporters.JUnitXMLReporter -->
<testsuite ignored="2" hostname="admin" failures="0" tests="1" name="Default test(failed)(failed)(failed)" time="79.883" errors="0" timestamp="2020-05-21T16:43:58 IST">
  <testcase classname="com.tetherfi.test.reports.SkillHistoricalReportTest" name="ClearfiltersAdvSrch" time="18.322"/>
  <testcase classname="com.tetherfi.test.reports.SkillHistoricalReportTest" name="verifyAdvancedSearchinreportpage" time="0.0">
    <ignored/>
  </testcase> <!-- verifyAdvancedSearchinreportpage -->
  <testcase classname="com.tetherfi.test.reports.SkillHistoricalReportTest" name="GroupBy" time="0.0">
    <ignored/>
  </testcase> <!-- GroupBy -->
</testsuite> <!-- Default test(failed)(failed)(failed) -->
