<?xml version="1.0" encoding="UTF-8"?>
<!-- Generated by org.testng.reporters.JUnitXMLReporter -->
<testsuite ignored="35" hostname="DESKTOP-O6A5C2O" failures="0" tests="5" name="Default test(failed)(failed)(failed)" time="43.532" errors="0" timestamp="2019-12-19T21:10:53 IST">
  <testcase classname="com.tetherfi.test.BaseTest" name="@BeforeClass openApplication" time="43.23">
    <failure type="org.openqa.selenium.NoSuchWindowException" message="no such window: target window already closed
from unknown error: web view not found
  (Session info: chrome=79.0.3945.88)
Build info: version: &amp;apos;3.141.59&amp;apos;, revision: &amp;apos;e82be7d358&amp;apos;, time: &amp;apos;2018-11-14T08:17:03&amp;apos;
System info: host: &amp;apos;DESKTOP-O6A5C2O&amp;apos;, ip: &amp;apos;10.0.75.1&amp;apos;, os.name: &amp;apos;Windows 10&amp;apos;, os.arch: &amp;apos;amd64&amp;apos;, os.version: &amp;apos;10.0&amp;apos;, java.version: &amp;apos;9.0.4&amp;apos;
Driver info: org.openqa.selenium.chrome.ChromeDriver
Capabilities {acceptInsecureCerts: false, browserName: chrome, browserVersion: 79.0.3945.88, chrome: {chromedriverVersion: 78.0.3904.70 (edb9c9f3de024..., userDataDir: C:\Users\admin\AppData\Loca...}, goog:chromeOptions: {debuggerAddress: localhost:51476}, javascriptEnabled: true, networkConnectionEnabled: false, pageLoadStrategy: normal, platform: XP, platformName: XP, proxy: Proxy(), setWindowRect: true, strictFileInteractability: false, timeouts: {implicit: 0, pageLoad: 300000, script: 30000}, unhandledPromptBehavior: dismiss and notify}
Session ID: 9c2b8fac4b0eaed67ad71677a2d33bb9">
      <![CDATA[org.openqa.selenium.NoSuchWindowException: no such window: target window already closed
from unknown error: web view not found
  (Session info: chrome=79.0.3945.88)
Build info: version: '3.141.59', revision: 'e82be7d358', time: '2018-11-14T08:17:03'
System info: host: 'DESKTOP-O6A5C2O', ip: '10.0.75.1', os.name: 'Windows 10', os.arch: 'amd64', os.version: '10.0', java.version: '9.0.4'
Driver info: org.openqa.selenium.chrome.ChromeDriver
Capabilities {acceptInsecureCerts: false, browserName: chrome, browserVersion: 79.0.3945.88, chrome: {chromedriverVersion: 78.0.3904.70 (edb9c9f3de024..., userDataDir: C:\Users\admin\AppData\Loca...}, goog:chromeOptions: {debuggerAddress: localhost:51476}, javascriptEnabled: true, networkConnectionEnabled: false, pageLoadStrategy: normal, platform: XP, platformName: XP, proxy: Proxy(), setWindowRect: true, strictFileInteractability: false, timeouts: {implicit: 0, pageLoad: 300000, script: 30000}, unhandledPromptBehavior: dismiss and notify}
Session ID: 9c2b8fac4b0eaed67ad71677a2d33bb9
at org.openqa.selenium.remote.http.W3CHttpResponseCodec.createException(W3CHttpResponseCodec.java:187)
at org.openqa.selenium.remote.http.W3CHttpResponseCodec.decode(W3CHttpResponseCodec.java:122)
at org.openqa.selenium.remote.http.W3CHttpResponseCodec.decode(W3CHttpResponseCodec.java:49)
at org.openqa.selenium.remote.HttpCommandExecutor.execute(HttpCommandExecutor.java:158)
at org.openqa.selenium.remote.service.DriverCommandExecutor.execute(DriverCommandExecutor.java:83)
at org.openqa.selenium.remote.RemoteWebDriver.execute(RemoteWebDriver.java:552)
at org.openqa.selenium.remote.RemoteWebDriver.execute(RemoteWebDriver.java:609)
at org.openqa.selenium.remote.RemoteWebDriver.close(RemoteWebDriver.java:442)
at com.tetherfi.test.BaseTest.openApplication(BaseTest.java:37)
at java.base/java.util.ArrayList.forEach(Unknown Source)
... Removed 29 stack frames]]>
    </failure>
  </testcase> <!-- @BeforeClass openApplication -->
  <testcase classname="com.tetherfi.test.BaseTest" name="@BeforeMethod startTestCase" time="-1.576770052868E9">
    <skipped/>
  </testcase> <!-- @BeforeMethod startTestCase -->
  <testcase classname="com.tetherfi.test.ivr.OperatingHoursTest" name="@BeforeMethod NavigateToOperatingHoursPage" time="-1.576770052872E9">
    <skipped/>
  </testcase> <!-- @BeforeMethod NavigateToOperatingHoursPage -->
  <testcase classname="com.tetherfi.test.ivr.OperatingHoursTest" name="@AfterMethod afterEachMethod" time="-1.576770052896E9">
    <skipped/>
  </testcase> <!-- @AfterMethod afterEachMethod -->
  <testcase classname="com.tetherfi.test.BaseTest" name="@AfterMethod endTestCase" time="-1.576770052904E9">
    <skipped/>
  </testcase> <!-- @AfterMethod endTestCase -->
  <testcase classname="com.tetherfi.test.BaseTest" name="@BeforeMethod startTestCase" time="-1.576770052916E9">
    <skipped/>
  </testcase> <!-- @BeforeMethod startTestCase -->
  <testcase classname="com.tetherfi.test.ivr.OperatingHoursTest" name="@BeforeMethod NavigateToOperatingHoursPage" time="-1.576770052916E9">
    <skipped/>
  </testcase> <!-- @BeforeMethod NavigateToOperatingHoursPage -->
  <testcase classname="com.tetherfi.test.ivr.OperatingHoursTest" name="@AfterMethod afterEachMethod" time="-1.57677005294E9">
    <skipped/>
  </testcase> <!-- @AfterMethod afterEachMethod -->
  <testcase classname="com.tetherfi.test.BaseTest" name="@AfterMethod endTestCase" time="-1.576770052944E9">
    <skipped/>
  </testcase> <!-- @AfterMethod endTestCase -->
  <testcase classname="com.tetherfi.test.BaseTest" name="@BeforeMethod startTestCase" time="-1.576770052944E9">
    <skipped/>
  </testcase> <!-- @BeforeMethod startTestCase -->
  <testcase classname="com.tetherfi.test.ivr.OperatingHoursTest" name="@BeforeMethod NavigateToOperatingHoursPage" time="-1.576770052948E9">
    <skipped/>
  </testcase> <!-- @BeforeMethod NavigateToOperatingHoursPage -->
  <testcase classname="com.tetherfi.test.ivr.OperatingHoursTest" name="@AfterMethod afterEachMethod" time="-1.576770052968E9">
    <skipped/>
  </testcase> <!-- @AfterMethod afterEachMethod -->
  <testcase classname="com.tetherfi.test.BaseTest" name="@AfterMethod endTestCase" time="-1.576770052972E9">
    <skipped/>
  </testcase> <!-- @AfterMethod endTestCase -->
  <testcase classname="com.tetherfi.test.BaseTest" name="@BeforeMethod startTestCase" time="-1.576770052976E9">
    <skipped/>
  </testcase> <!-- @BeforeMethod startTestCase -->
  <testcase classname="com.tetherfi.test.ivr.OperatingHoursTest" name="@BeforeMethod NavigateToOperatingHoursPage" time="-1.576770052976E9">
    <skipped/>
  </testcase> <!-- @BeforeMethod NavigateToOperatingHoursPage -->
  <testcase classname="com.tetherfi.test.ivr.OperatingHoursTest" name="@AfterMethod afterEachMethod" time="-1.576770052988E9">
    <skipped/>
  </testcase> <!-- @AfterMethod afterEachMethod -->
  <testcase classname="com.tetherfi.test.BaseTest" name="@AfterMethod endTestCase" time="-1.576770052996E9">
    <skipped/>
  </testcase> <!-- @AfterMethod endTestCase -->
  <testcase classname="com.tetherfi.test.BaseTest" name="@BeforeMethod startTestCase" time="-1.576770053004E9">
    <skipped/>
  </testcase> <!-- @BeforeMethod startTestCase -->
  <testcase classname="com.tetherfi.test.ivr.OperatingHoursTest" name="@BeforeMethod NavigateToOperatingHoursPage" time="-1.576770053008E9">
    <skipped/>
  </testcase> <!-- @BeforeMethod NavigateToOperatingHoursPage -->
  <testcase classname="com.tetherfi.test.ivr.OperatingHoursTest" name="@AfterMethod afterEachMethod" time="-1.57677005302E9">
    <skipped/>
  </testcase> <!-- @AfterMethod afterEachMethod -->
  <testcase classname="com.tetherfi.test.BaseTest" name="@AfterMethod endTestCase" time="-1.576770053024E9">
    <skipped/>
  </testcase> <!-- @AfterMethod endTestCase -->
  <testcase classname="com.tetherfi.test.BaseTest" name="@AfterClass tearDown" time="-1.576770053032E9">
    <skipped/>
  </testcase> <!-- @AfterClass tearDown -->
  <testcase classname="com.tetherfi.test.ivr.OperatingHoursTest" name="EditOperatingHoursCancelRecord" time="0.0">
    <skipped/>
  </testcase> <!-- EditOperatingHoursCancelRecord -->
  <testcase classname="com.tetherfi.test.ivr.OperatingHoursTest" name="EditOperatingHoursRecord" time="0.0">
    <skipped/>
  </testcase> <!-- EditOperatingHoursRecord -->
  <testcase classname="com.tetherfi.test.ivr.OperatingHoursTest" name="EditInvalidRecord" time="0.0">
    <skipped/>
  </testcase> <!-- EditInvalidRecord -->
  <testcase classname="com.tetherfi.test.ivr.OperatingHoursTest" name="EditRecordWithoutReason" time="0.0">
    <skipped/>
  </testcase> <!-- EditRecordWithoutReason -->
  <testcase classname="com.tetherfi.test.ivr.OperatingHoursTest" name="SearchClearSearch" time="0.0">
    <skipped/>
  </testcase> <!-- SearchClearSearch -->
  <testcase classname="com.tetherfi.test.ivr.OperatingHoursTest" name="VerifyDropdownForAllTheColumns" time="0.0">
    <ignored/>
  </testcase> <!-- VerifyDropdownForAllTheColumns -->
  <testcase classname="com.tetherfi.test.ivr.OperatingHoursTest" name="ExporttoExcelWithoutData" time="0.0">
    <ignored/>
  </testcase> <!-- ExporttoExcelWithoutData -->
  <testcase classname="com.tetherfi.test.ivr.OperatingHoursTest" name="VerifyArrowMoveForPreviousAndNextPage" time="0.0">
    <ignored/>
  </testcase> <!-- VerifyArrowMoveForPreviousAndNextPage -->
  <testcase classname="com.tetherfi.test.ivr.OperatingHoursTest" name="VerifySearchContains" time="0.0">
    <ignored/>
  </testcase> <!-- VerifySearchContains -->
  <testcase classname="com.tetherfi.test.ivr.OperatingHoursTest" name="ExportToExcelData" time="0.0">
    <ignored/>
  </testcase> <!-- ExportToExcelData -->
  <testcase classname="com.tetherfi.test.ivr.OperatingHoursTest" name="AddInvalidStartTimeRecord" time="0.0">
    <ignored/>
  </testcase> <!-- AddInvalidStartTimeRecord -->
  <testcase classname="com.tetherfi.test.ivr.OperatingHoursTest" name="VerifySearchIsNotEqualTo" time="0.0">
    <ignored/>
  </testcase> <!-- VerifySearchIsNotEqualTo -->
  <testcase classname="com.tetherfi.test.ivr.OperatingHoursTest" name="VerifyNumberOfItemsPerPageSelection" time="0.0">
    <ignored/>
  </testcase> <!-- VerifyNumberOfItemsPerPageSelection -->
  <testcase classname="com.tetherfi.test.ivr.OperatingHoursTest" name="VerifySearchStartsWith" time="0.0">
    <ignored/>
  </testcase> <!-- VerifySearchStartsWith -->
  <testcase classname="com.tetherfi.test.ivr.OperatingHoursTest" name="AddInvalidVDNRecord" time="0.0">
    <ignored/>
  </testcase> <!-- AddInvalidVDNRecord -->
  <testcase classname="com.tetherfi.test.ivr.OperatingHoursTest" name="ExportToExcel" time="0.0">
    <ignored/>
  </testcase> <!-- ExportToExcel -->
  <testcase classname="com.tetherfi.test.ivr.OperatingHoursTest" name="searchPage" time="0.0">
    <ignored/>
  </testcase> <!-- searchPage -->
  <testcase classname="com.tetherfi.test.ivr.OperatingHoursTest" name="VerifyColumnsHeaderDisable" time="0.0">
    <ignored/>
  </testcase> <!-- VerifyColumnsHeaderDisable -->
  <testcase classname="com.tetherfi.test.ivr.OperatingHoursTest" name="AddLeavingBypassPublicHolidayFieldsBlank" time="0.0">
    <ignored/>
  </testcase> <!-- AddLeavingBypassPublicHolidayFieldsBlank -->
  <testcase classname="com.tetherfi.test.ivr.OperatingHoursTest" name="DeleteNoRecord" time="0.0">
    <ignored/>
  </testcase> <!-- DeleteNoRecord -->
  <testcase classname="com.tetherfi.test.ivr.OperatingHoursTest" name="DeleteOperatinghoursRecord" time="0.0">
    <ignored/>
  </testcase> <!-- DeleteOperatinghoursRecord -->
  <testcase classname="com.tetherfi.test.ivr.OperatingHoursTest" name="VerifyTotalNumberOfItemsPerPageDetails" time="0.0">
    <ignored/>
  </testcase> <!-- VerifyTotalNumberOfItemsPerPageDetails -->
  <testcase classname="com.tetherfi.test.ivr.OperatingHoursTest" name="VerifySearchDoesNotContains" time="0.0">
    <ignored/>
  </testcase> <!-- VerifySearchDoesNotContains -->
  <testcase classname="com.tetherfi.test.ivr.OperatingHoursTest" name="AddNewOperatingHoursRecord" time="0.0">
    <ignored/>
  </testcase> <!-- AddNewOperatingHoursRecord -->
  <testcase classname="com.tetherfi.test.ivr.OperatingHoursTest" name="GroupBy" time="0.0">
    <ignored/>
  </testcase> <!-- GroupBy -->
  <testcase classname="com.tetherfi.test.ivr.OperatingHoursTest" name="VerifyColumnsHeaderEnable" time="0.0">
    <ignored/>
  </testcase> <!-- VerifyColumnsHeaderEnable -->
  <testcase classname="com.tetherfi.test.ivr.OperatingHoursTest" name="AddInvalidStartAndEndTimeRecord" time="0.0">
    <ignored/>
  </testcase> <!-- AddInvalidStartAndEndTimeRecord -->
  <testcase classname="com.tetherfi.test.ivr.OperatingHoursTest" name="AddDuplicateRecord" time="0.0">
    <ignored/>
  </testcase> <!-- AddDuplicateRecord -->
  <testcase classname="com.tetherfi.test.ivr.OperatingHoursTest" name="AddLeavingVDNBlankBlank" time="0.0">
    <ignored/>
  </testcase> <!-- AddLeavingVDNBlankBlank -->
  <testcase classname="com.tetherfi.test.ivr.OperatingHoursTest" name="database" time="0.0">
    <ignored/>
  </testcase> <!-- database -->
  <testcase classname="com.tetherfi.test.ivr.OperatingHoursTest" name="AddAlldaysOperatingHoursRecord" time="0.0">
    <ignored/>
  </testcase> <!-- AddAlldaysOperatingHoursRecord -->
  <testcase classname="com.tetherfi.test.ivr.OperatingHoursTest" name="AddLeavingStartTimeFieldsBlank" time="0.0">
    <ignored/>
  </testcase> <!-- AddLeavingStartTimeFieldsBlank -->
  <testcase classname="com.tetherfi.test.ivr.OperatingHoursTest" name="OperatingHoursPage" time="0.0">
    <ignored/>
  </testcase> <!-- OperatingHoursPage -->
  <testcase classname="com.tetherfi.test.ivr.OperatingHoursTest" name="AddLeavingFieldsBlank" time="0.0">
    <ignored/>
  </testcase> <!-- AddLeavingFieldsBlank -->
  <testcase classname="com.tetherfi.test.ivr.OperatingHoursTest" name="VerifyArrowMoveForFirstAndLastPage" time="0.0">
    <ignored/>
  </testcase> <!-- VerifyArrowMoveForFirstAndLastPage -->
  <testcase classname="com.tetherfi.test.ivr.OperatingHoursTest" name="AddLeavingEndTimeFieldsBlank" time="0.0">
    <ignored/>
  </testcase> <!-- AddLeavingEndTimeFieldsBlank -->
  <testcase classname="com.tetherfi.test.ivr.OperatingHoursTest" name="SortingByAscending" time="0.0">
    <ignored/>
  </testcase> <!-- SortingByAscending -->
  <testcase classname="com.tetherfi.test.ivr.OperatingHoursTest" name="AddLeavingWeekDayFieldsBlank" time="0.0">
    <ignored/>
  </testcase> <!-- AddLeavingWeekDayFieldsBlank -->
  <testcase classname="com.tetherfi.test.ivr.OperatingHoursTest" name="SortingByDescending" time="0.0">
    <ignored/>
  </testcase> <!-- SortingByDescending -->
  <testcase classname="com.tetherfi.test.ivr.OperatingHoursTest" name="VerifySearchEndsWith" time="0.0">
    <ignored/>
  </testcase> <!-- VerifySearchEndsWith -->
</testsuite> <!-- Default test(failed)(failed)(failed) -->
