<?xml version="1.0" encoding="UTF-8"?>
<!-- Generated by org.testng.reporters.JUnitXMLReporter -->
<testsuite ignored="31" hostname="admin" failures="3" tests="6" name="Default test(failed)(failed)(failed)" time="83.731" errors="0" timestamp="2019-09-02T13:59:34 IST">
  <testcase classname="com.tetherfi.test.ivr.AdhocOptionEnhancementTest" name="@AfterMethod afterEachMethod" time="5.098">
    <failure type="org.openqa.selenium.WebDriverException" message="chrome not reachable
  (Session info: chrome=76.0.3809.132)
Build info: version: &amp;apos;3.141.59&amp;apos;, revision: &amp;apos;e82be7d358&amp;apos;, time: &amp;apos;2018-11-14T08:17:03&amp;apos;
System info: host: &amp;apos;ADMIN&amp;apos;, ip: &amp;apos;192.168.0.104&amp;apos;, os.name: &amp;apos;Windows 8.1&amp;apos;, os.arch: &amp;apos;amd64&amp;apos;, os.version: &amp;apos;6.3&amp;apos;, java.version: &amp;apos;9.0.4&amp;apos;
Driver info: org.openqa.selenium.chrome.ChromeDriver
Capabilities {acceptInsecureCerts: false, browserName: chrome, browserVersion: 76.0.3809.132, chrome: {chromedriverVersion: 76.0.3809.68 (420c9498db8ce..., userDataDir: C:\Users\ADMINP~1\AppData\L...}, goog:chromeOptions: {debuggerAddress: localhost:51556}, javascriptEnabled: true, networkConnectionEnabled: false, pageLoadStrategy: normal, platform: XP, platformName: XP, proxy: Proxy(), setWindowRect: true, strictFileInteractability: false, timeouts: {implicit: 0, pageLoad: 300000, script: 30000}, unhandledPromptBehavior: dismiss and notify}
Session ID: 0124f46c2a2c6cd3288989eae5fd15c8">
      <![CDATA[org.openqa.selenium.WebDriverException: chrome not reachable
  (Session info: chrome=76.0.3809.132)
Build info: version: '3.141.59', revision: 'e82be7d358', time: '2018-11-14T08:17:03'
System info: host: 'ADMIN', ip: '192.168.0.104', os.name: 'Windows 8.1', os.arch: 'amd64', os.version: '6.3', java.version: '9.0.4'
Driver info: org.openqa.selenium.chrome.ChromeDriver
Capabilities {acceptInsecureCerts: false, browserName: chrome, browserVersion: 76.0.3809.132, chrome: {chromedriverVersion: 76.0.3809.68 (420c9498db8ce..., userDataDir: C:\Users\ADMINP~1\AppData\L...}, goog:chromeOptions: {debuggerAddress: localhost:51556}, javascriptEnabled: true, networkConnectionEnabled: false, pageLoadStrategy: normal, platform: XP, platformName: XP, proxy: Proxy(), setWindowRect: true, strictFileInteractability: false, timeouts: {implicit: 0, pageLoad: 300000, script: 30000}, unhandledPromptBehavior: dismiss and notify}
Session ID: 0124f46c2a2c6cd3288989eae5fd15c8
at org.openqa.selenium.remote.http.W3CHttpResponseCodec.createException(W3CHttpResponseCodec.java:187)
at org.openqa.selenium.remote.http.W3CHttpResponseCodec.decode(W3CHttpResponseCodec.java:122)
at org.openqa.selenium.remote.http.W3CHttpResponseCodec.decode(W3CHttpResponseCodec.java:49)
at org.openqa.selenium.remote.HttpCommandExecutor.execute(HttpCommandExecutor.java:158)
at org.openqa.selenium.remote.service.DriverCommandExecutor.execute(DriverCommandExecutor.java:83)
at org.openqa.selenium.remote.RemoteWebDriver.execute(RemoteWebDriver.java:552)
at org.openqa.selenium.remote.RemoteWebDriver.execute(RemoteWebDriver.java:609)
at org.openqa.selenium.remote.RemoteWebDriver$RemoteNavigation.refresh(RemoteWebDriver.java:865)
at com.tetherfi.test.ivr.AdhocOptionEnhancementTest.afterEachMethod(AdhocOptionEnhancementTest.java:424)
at java.base/java.util.ArrayList.forEach(Unknown Source)
... Removed 36 stack frames]]>
    </failure>
  </testcase> <!-- @AfterMethod afterEachMethod -->
  <testcase classname="com.tetherfi.test.BaseTest" name="@AfterMethod endTestCase" time="-1.567412974234E9">
    <skipped/>
  </testcase> <!-- @AfterMethod endTestCase -->
  <testcase classname="com.tetherfi.test.BaseTest" name="@BeforeMethod startTestCase" time="-1.567412974245E9">
    <skipped/>
  </testcase> <!-- @BeforeMethod startTestCase -->
  <testcase classname="com.tetherfi.test.ivr.AdhocOptionEnhancementTest" name="@BeforeMethod NavigateToAdhocOptionEnhancementPage" time="-1.567412974248E9">
    <skipped/>
  </testcase> <!-- @BeforeMethod NavigateToAdhocOptionEnhancementPage -->
  <testcase classname="com.tetherfi.test.ivr.AdhocOptionEnhancementTest" name="@AfterMethod afterEachMethod" time="-1.567412974283E9">
    <skipped/>
  </testcase> <!-- @AfterMethod afterEachMethod -->
  <testcase classname="com.tetherfi.test.BaseTest" name="@AfterMethod endTestCase" time="-1.567412974287E9">
    <skipped/>
  </testcase> <!-- @AfterMethod endTestCase -->
  <testcase classname="com.tetherfi.test.BaseTest" name="@BeforeMethod startTestCase" time="-1.567412974307E9">
    <skipped/>
  </testcase> <!-- @BeforeMethod startTestCase -->
  <testcase classname="com.tetherfi.test.ivr.AdhocOptionEnhancementTest" name="@BeforeMethod NavigateToAdhocOptionEnhancementPage" time="-1.567412974367E9">
    <skipped/>
  </testcase> <!-- @BeforeMethod NavigateToAdhocOptionEnhancementPage -->
  <testcase classname="com.tetherfi.test.ivr.AdhocOptionEnhancementTest" name="@AfterMethod afterEachMethod" time="-1.567412974458E9">
    <skipped/>
  </testcase> <!-- @AfterMethod afterEachMethod -->
  <testcase classname="com.tetherfi.test.BaseTest" name="@AfterMethod endTestCase" time="-1.567412974459E9">
    <skipped/>
  </testcase> <!-- @AfterMethod endTestCase -->
  <testcase classname="com.tetherfi.test.BaseTest" name="@AfterClass tearDown" time="-1.567412974489E9">
    <skipped/>
  </testcase> <!-- @AfterClass tearDown -->
  <testcase classname="com.tetherfi.test.ivr.AdhocOptionEnhancementTest" name="EditAdhocOptionEnhancementRecord" time="36.049">
    <failure type="org.openqa.selenium.TimeoutException" message="Expected condition failed: waiting for visibility of Proxy element for: DefaultElementLocator &amp;apos;By.cssSelector: .k-grid-edit&amp;apos; (tried for 30 second(s) with 500 milliseconds interval)">
      <![CDATA[org.openqa.selenium.TimeoutException: Expected condition failed: waiting for visibility of Proxy element for: DefaultElementLocator 'By.cssSelector: .k-grid-edit' (tried for 30 second(s) with 500 milliseconds interval)
at org.openqa.selenium.support.ui.WebDriverWait.timeoutException(WebDriverWait.java:95)
at org.openqa.selenium.support.ui.FluentWait.until(FluentWait.java:272)
at com.tetherfi.pages.BasePage.waitUntilWebElementIsVisible(BasePage.java:127)
at com.tetherfi.pages.BasePage.selectWebElement(BasePage.java:191)
at com.tetherfi.pages.AdhocOptionEnhancementPage.editAdhocOptionEnhancementRecord(AdhocOptionEnhancementPage.java:416)
at com.tetherfi.test.ivr.AdhocOptionEnhancementTest.EditAdhocOptionEnhancementRecord(AdhocOptionEnhancementTest.java:149)
at java.base/java.util.ArrayList.forEach(Unknown Source)
Caused by: org.openqa.selenium.NoSuchElementException: no such element: Unable to locate element: {"method":"css selector","selector":".k-grid-edit"}
  (Session info: chrome=76.0.3809.132)
For documentation on this error, please visit: https://www.seleniumhq.org/exceptions/no_such_element.html
Build info: version: '3.141.59', revision: 'e82be7d358', time: '2018-11-14T08:17:03'
System info: host: 'ADMIN', ip: '192.168.0.104', os.name: 'Windows 8.1', os.arch: 'amd64', os.version: '6.3', java.version: '9.0.4'
Driver info: org.openqa.selenium.chrome.ChromeDriver
Capabilities {acceptInsecureCerts: false, browserName: chrome, browserVersion: 76.0.3809.132, chrome: {chromedriverVersion: 76.0.3809.68 (420c9498db8ce..., userDataDir: C:\Users\ADMINP~1\AppData\L...}, goog:chromeOptions: {debuggerAddress: localhost:51556}, javascriptEnabled: true, networkConnectionEnabled: false, pageLoadStrategy: normal, platform: XP, platformName: XP, proxy: Proxy(), setWindowRect: true, strictFileInteractability: false, timeouts: {implicit: 0, pageLoad: 300000, script: 30000}, unhandledPromptBehavior: dismiss and notify}
Session ID: 0124f46c2a2c6cd3288989eae5fd15c8
*** Element info: {Using=css selector, value=.k-grid-edit}
at org.openqa.selenium.remote.http.W3CHttpResponseCodec.createException(W3CHttpResponseCodec.java:187)
at org.openqa.selenium.remote.http.W3CHttpResponseCodec.decode(W3CHttpResponseCodec.java:122)
at org.openqa.selenium.remote.http.W3CHttpResponseCodec.decode(W3CHttpResponseCodec.java:49)
at org.openqa.selenium.remote.HttpCommandExecutor.execute(HttpCommandExecutor.java:158)
at org.openqa.selenium.remote.service.DriverCommandExecutor.execute(DriverCommandExecutor.java:83)
at org.openqa.selenium.remote.RemoteWebDriver.execute(RemoteWebDriver.java:552)
at org.openqa.selenium.remote.RemoteWebDriver.findElement(RemoteWebDriver.java:323)
at org.openqa.selenium.remote.RemoteWebDriver.findElementByCssSelector(RemoteWebDriver.java:420)
at org.openqa.selenium.By$ByCssSelector.findElement(By.java:431)
at org.openqa.selenium.remote.RemoteWebDriver.findElement(RemoteWebDriver.java:315)
at org.openqa.selenium.support.pagefactory.DefaultElementLocator.findElement(DefaultElementLocator.java:69)
at org.openqa.selenium.support.pagefactory.internal.LocatingElementHandler.invoke(LocatingElementHandler.java:38)
at com.sun.proxy.$Proxy14.isDisplayed(Unknown Source)
at org.openqa.selenium.support.ui.ExpectedConditions.elementIfVisible(ExpectedConditions.java:314)
at org.openqa.selenium.support.ui.ExpectedConditions.access$000(ExpectedConditions.java:43)
at org.openqa.selenium.support.ui.ExpectedConditions$10.apply(ExpectedConditions.java:300)
at org.openqa.selenium.support.ui.ExpectedConditions$10.apply(ExpectedConditions.java:297)
at org.openqa.selenium.support.ui.FluentWait.until(FluentWait.java:249)
... 32 more
... Removed 30 stack frames]]>
    </failure>
  </testcase> <!-- EditAdhocOptionEnhancementRecord -->
  <testcase classname="com.tetherfi.test.ivr.AdhocOptionEnhancementTest" name="ExportToExcelData" time="6.924">
    <failure type="java.lang.AssertionError" message="did not expect to find [true] but found [false]">
      <![CDATA[java.lang.AssertionError: did not expect to find [true] but found [false]
at com.tetherfi.test.ivr.AdhocOptionEnhancementTest.ExportToExcelData(AdhocOptionEnhancementTest.java:210)
at java.base/java.util.ArrayList.forEach(Unknown Source)
... Removed 31 stack frames]]>
    </failure>
  </testcase> <!-- ExportToExcelData -->
  <testcase classname="com.tetherfi.test.ivr.AdhocOptionEnhancementTest" name="SortingByAscending" time="3.828">
    <failure type="org.openqa.selenium.NoSuchWindowException" message="no such window: window was already closed
  (Session info: chrome=76.0.3809.132)
Build info: version: &amp;apos;3.141.59&amp;apos;, revision: &amp;apos;e82be7d358&amp;apos;, time: &amp;apos;2018-11-14T08:17:03&amp;apos;
System info: host: &amp;apos;ADMIN&amp;apos;, ip: &amp;apos;192.168.0.104&amp;apos;, os.name: &amp;apos;Windows 8.1&amp;apos;, os.arch: &amp;apos;amd64&amp;apos;, os.version: &amp;apos;6.3&amp;apos;, java.version: &amp;apos;9.0.4&amp;apos;
Driver info: org.openqa.selenium.chrome.ChromeDriver
Capabilities {acceptInsecureCerts: false, browserName: chrome, browserVersion: 76.0.3809.132, chrome: {chromedriverVersion: 76.0.3809.68 (420c9498db8ce..., userDataDir: C:\Users\ADMINP~1\AppData\L...}, goog:chromeOptions: {debuggerAddress: localhost:51556}, javascriptEnabled: true, networkConnectionEnabled: false, pageLoadStrategy: normal, platform: XP, platformName: XP, proxy: Proxy(), setWindowRect: true, strictFileInteractability: false, timeouts: {implicit: 0, pageLoad: 300000, script: 30000}, unhandledPromptBehavior: dismiss and notify}
Session ID: 0124f46c2a2c6cd3288989eae5fd15c8
*** Element info: {Using=xpath, value=//span[@class=&amp;apos;k-pager-info k-label&amp;apos;]}">
      <![CDATA[org.openqa.selenium.NoSuchWindowException: no such window: window was already closed
  (Session info: chrome=76.0.3809.132)
Build info: version: '3.141.59', revision: 'e82be7d358', time: '2018-11-14T08:17:03'
System info: host: 'ADMIN', ip: '192.168.0.104', os.name: 'Windows 8.1', os.arch: 'amd64', os.version: '6.3', java.version: '9.0.4'
Driver info: org.openqa.selenium.chrome.ChromeDriver
Capabilities {acceptInsecureCerts: false, browserName: chrome, browserVersion: 76.0.3809.132, chrome: {chromedriverVersion: 76.0.3809.68 (420c9498db8ce..., userDataDir: C:\Users\ADMINP~1\AppData\L...}, goog:chromeOptions: {debuggerAddress: localhost:51556}, javascriptEnabled: true, networkConnectionEnabled: false, pageLoadStrategy: normal, platform: XP, platformName: XP, proxy: Proxy(), setWindowRect: true, strictFileInteractability: false, timeouts: {implicit: 0, pageLoad: 300000, script: 30000}, unhandledPromptBehavior: dismiss and notify}
Session ID: 0124f46c2a2c6cd3288989eae5fd15c8
*** Element info: {Using=xpath, value=//span[@class='k-pager-info k-label']}
at org.openqa.selenium.remote.http.W3CHttpResponseCodec.createException(W3CHttpResponseCodec.java:187)
at org.openqa.selenium.remote.http.W3CHttpResponseCodec.decode(W3CHttpResponseCodec.java:122)
at org.openqa.selenium.remote.http.W3CHttpResponseCodec.decode(W3CHttpResponseCodec.java:49)
at org.openqa.selenium.remote.HttpCommandExecutor.execute(HttpCommandExecutor.java:158)
at org.openqa.selenium.remote.service.DriverCommandExecutor.execute(DriverCommandExecutor.java:83)
at org.openqa.selenium.remote.RemoteWebDriver.execute(RemoteWebDriver.java:552)
at org.openqa.selenium.remote.RemoteWebDriver.findElement(RemoteWebDriver.java:323)
at org.openqa.selenium.remote.RemoteWebDriver.findElementByXPath(RemoteWebDriver.java:428)
at org.openqa.selenium.By$ByXPath.findElement(By.java:353)
at org.openqa.selenium.remote.RemoteWebDriver.findElement(RemoteWebDriver.java:315)
at org.openqa.selenium.support.pagefactory.DefaultElementLocator.findElement(DefaultElementLocator.java:69)
at org.openqa.selenium.support.pagefactory.internal.LocatingElementHandler.invoke(LocatingElementHandler.java:38)
at com.sun.proxy.$Proxy14.getText(Unknown Source)
at com.tetherfi.pages.AdhocOptionEnhancementPage.getdata(AdhocOptionEnhancementPage.java:578)
at com.tetherfi.pages.AdhocOptionEnhancementPage.verifyexportToExcelSheet(AdhocOptionEnhancementPage.java:568)
at com.tetherfi.test.ivr.AdhocOptionEnhancementTest.SortingByAscending(AdhocOptionEnhancementTest.java:219)
at java.base/java.util.ArrayList.forEach(Unknown Source)
... Removed 31 stack frames]]>
    </failure>
  </testcase> <!-- SortingByAscending -->
  <testcase classname="com.tetherfi.test.ivr.AdhocOptionEnhancementTest" name="SortingByDescending" time="0.0">
    <skipped/>
  </testcase> <!-- SortingByDescending -->
  <testcase classname="com.tetherfi.test.ivr.AdhocOptionEnhancementTest" name="DeleteAdhocOptionEnhancementRecord" time="0.0">
    <skipped/>
  </testcase> <!-- DeleteAdhocOptionEnhancementRecord -->
  <testcase classname="com.tetherfi.test.ivr.AdhocOptionEnhancementTest" name="VerifyAuditTrialReportForDelete" time="0.0">
    <skipped/>
  </testcase> <!-- VerifyAuditTrialReportForDelete -->
  <testcase classname="com.tetherfi.test.ivr.AdhocOptionEnhancementTest" name="VerifyColumnsHeaderDisable" time="0.0">
    <ignored/>
  </testcase> <!-- VerifyColumnsHeaderDisable -->
  <testcase classname="com.tetherfi.test.ivr.AdhocOptionEnhancementTest" name="VerifyCancelButtonInDeleteAdhocOptionEnhancementRecord" time="0.0">
    <ignored/>
  </testcase> <!-- VerifyCancelButtonInDeleteAdhocOptionEnhancementRecord -->
  <testcase classname="com.tetherfi.test.ivr.AdhocOptionEnhancementTest" name="VerifyAuditTrialReportForCreate" time="0.0">
    <ignored/>
  </testcase> <!-- VerifyAuditTrialReportForCreate -->
  <testcase classname="com.tetherfi.test.ivr.AdhocOptionEnhancementTest" name="ValidANDBooleanSearch" time="0.0">
    <ignored/>
  </testcase> <!-- ValidANDBooleanSearch -->
  <testcase classname="com.tetherfi.test.ivr.AdhocOptionEnhancementTest" name="ExportToExcel" time="0.0">
    <ignored/>
  </testcase> <!-- ExportToExcel -->
  <testcase classname="com.tetherfi.test.ivr.AdhocOptionEnhancementTest" name="searchPage" time="0.0">
    <ignored/>
  </testcase> <!-- searchPage -->
  <testcase classname="com.tetherfi.test.ivr.AdhocOptionEnhancementTest" name="EditEmptyAdhocOptionEnhancementRecord" time="0.0">
    <ignored/>
  </testcase> <!-- EditEmptyAdhocOptionEnhancementRecord -->
  <testcase classname="com.tetherfi.test.ivr.AdhocOptionEnhancementTest" name="InvalidBooleanSearchwithoutSearchTextbox" time="0.0">
    <ignored/>
  </testcase> <!-- InvalidBooleanSearchwithoutSearchTextbox -->
  <testcase classname="com.tetherfi.test.ivr.AdhocOptionEnhancementTest" name="VerifyTotalNumberOfItemsPerPageDetails" time="0.0">
    <ignored/>
  </testcase> <!-- VerifyTotalNumberOfItemsPerPageDetails -->
  <testcase classname="com.tetherfi.test.ivr.AdhocOptionEnhancementTest" name="DeleteWithoutDeleteReasonInAdhocOptionEnhancementRecord" time="0.0">
    <ignored/>
  </testcase> <!-- DeleteWithoutDeleteReasonInAdhocOptionEnhancementRecord -->
  <testcase classname="com.tetherfi.test.ivr.AdhocOptionEnhancementTest" name="VerifyDropdownForAllTheColumns" time="0.0">
    <ignored/>
  </testcase> <!-- VerifyDropdownForAllTheColumns -->
  <testcase classname="com.tetherfi.test.ivr.AdhocOptionEnhancementTest" name="VerifyArrowMoveForPreviousAndNextPage" time="0.0">
    <ignored/>
  </testcase> <!-- VerifyArrowMoveForPreviousAndNextPage -->
  <testcase classname="com.tetherfi.test.ivr.AdhocOptionEnhancementTest" name="ExporttoExcelWithoutData" time="0.0">
    <ignored/>
  </testcase> <!-- ExporttoExcelWithoutData -->
  <testcase classname="com.tetherfi.test.ivr.AdhocOptionEnhancementTest" name="AddNewAdhocOptionEnhancementRecord" time="0.0">
    <ignored/>
  </testcase> <!-- AddNewAdhocOptionEnhancementRecord -->
  <testcase classname="com.tetherfi.test.ivr.AdhocOptionEnhancementTest" name="VerifyCancelButtonAtAddAdhocOptionEnhancementRecord" time="0.0">
    <ignored/>
  </testcase> <!-- VerifyCancelButtonAtAddAdhocOptionEnhancementRecord -->
  <testcase classname="com.tetherfi.test.ivr.AdhocOptionEnhancementTest" name="VerifyNumberOfItemsPerPageSelection" time="0.0">
    <ignored/>
  </testcase> <!-- VerifyNumberOfItemsPerPageSelection -->
  <testcase classname="com.tetherfi.test.ivr.AdhocOptionEnhancementTest" name="VerifyAuditTrialReportForUpdate" time="0.0">
    <ignored/>
  </testcase> <!-- VerifyAuditTrialReportForUpdate -->
  <testcase classname="com.tetherfi.test.ivr.AdhocOptionEnhancementTest" name="AddDuplicateAdhocOptionEnhancementRecord" time="0.0">
    <ignored/>
  </testcase> <!-- AddDuplicateAdhocOptionEnhancementRecord -->
  <testcase classname="com.tetherfi.test.ivr.AdhocOptionEnhancementTest" name="VerifyArrowMoveForFirstAndLastPage" time="0.0">
    <ignored/>
  </testcase> <!-- VerifyArrowMoveForFirstAndLastPage -->
  <testcase classname="com.tetherfi.test.ivr.AdhocOptionEnhancementTest" name="AddEmptyAdhocOptionEnhancementRecord" time="0.0">
    <ignored/>
  </testcase> <!-- AddEmptyAdhocOptionEnhancementRecord -->
  <testcase classname="com.tetherfi.test.ivr.AdhocOptionEnhancementTest" name="ValiORBooleanSearch" time="0.0">
    <ignored/>
  </testcase> <!-- ValiORBooleanSearch -->
  <testcase classname="com.tetherfi.test.ivr.AdhocOptionEnhancementTest" name="InvalidBooleanSearchwithoutSearchTextbox1" time="0.0">
    <ignored/>
  </testcase> <!-- InvalidBooleanSearchwithoutSearchTextbox1 -->
  <testcase classname="com.tetherfi.test.ivr.AdhocOptionEnhancementTest" name="database" time="0.0">
    <ignored/>
  </testcase> <!-- database -->
  <testcase classname="com.tetherfi.test.ivr.AdhocOptionEnhancementTest" name="GroupBy" time="0.0">
    <ignored/>
  </testcase> <!-- GroupBy -->
  <testcase classname="com.tetherfi.test.ivr.AdhocOptionEnhancementTest" name="AddNewAdhocOptionEnhancementwithdifferentLangvageRecord" time="0.0">
    <ignored/>
  </testcase> <!-- AddNewAdhocOptionEnhancementwithdifferentLangvageRecord -->
  <testcase classname="com.tetherfi.test.ivr.AdhocOptionEnhancementTest" name="VerifyCancelButtonAtEditAdhocOptionEnhancementRecord" time="0.0">
    <ignored/>
  </testcase> <!-- VerifyCancelButtonAtEditAdhocOptionEnhancementRecord -->
  <testcase classname="com.tetherfi.test.ivr.AdhocOptionEnhancementTest" name="VerifyColumnsHeaderEnable" time="0.0">
    <ignored/>
  </testcase> <!-- VerifyColumnsHeaderEnable -->
  <testcase classname="com.tetherfi.test.ivr.AdhocOptionEnhancementTest" name="EditWithoutModifyReasonAdhocOptionEnhancementRecord" time="0.0">
    <ignored/>
  </testcase> <!-- EditWithoutModifyReasonAdhocOptionEnhancementRecord -->
  <testcase classname="com.tetherfi.test.ivr.AdhocOptionEnhancementTest" name="SearchClearSearch" time="0.0">
    <ignored/>
  </testcase> <!-- SearchClearSearch -->
  <testcase classname="com.tetherfi.test.ivr.AdhocOptionEnhancementTest" name="searchwithoutSearchTextbox" time="0.0">
    <ignored/>
  </testcase> <!-- searchwithoutSearchTextbox -->
  <testcase classname="com.tetherfi.test.ivr.AdhocOptionEnhancementTest" name="AdhocOptionEnhancementPage" time="0.0">
    <ignored/>
  </testcase> <!-- AdhocOptionEnhancementPage -->
</testsuite> <!-- Default test(failed)(failed)(failed) -->
