<?xml version="1.0" encoding="UTF-8"?>
<!-- Generated by org.testng.reporters.JUnitXMLReporter -->
<testsuite ignored="25" hostname="admin" failures="3" tests="6" name="Default test(failed)(failed)(failed)" time="60.418" errors="0" timestamp="2019-10-03T12:27:48 IST">
  <testcase classname="com.tetherfi.test.TdmThresholdConfigTest" name="addNewRow" time="12.142"/>
  <testcase classname="com.tetherfi.test.TdmThresholdConfigTest" name="VerifyAuditTrailReportForCreate" time="9.723">
    <failure type="java.lang.AssertionError" message="Audit Trail report assertion failed did not expect to find [true] but found [false]">
      <![CDATA[java.lang.AssertionError: Audit Trail report assertion failed did not expect to find [true] but found [false]
at com.tetherfi.test.TdmThresholdConfigTest.VerifyAuditTrailReportForCreate(TdmThresholdConfigTest.java:274)
at java.base/java.util.ArrayList.forEach(Unknown Source)
... Removed 30 stack frames]]>
    </failure>
  </testcase> <!-- VerifyAuditTrailReportForCreate -->
  <testcase classname="com.tetherfi.test.TdmThresholdConfigTest" name="UpdateNewRow" time="4.83">
    <failure type="org.openqa.selenium.ElementClickInterceptedException" message="element click intercepted: Element &amp;lt;td class=&amp;quot;&amp;quot; role=&amp;quot;gridcell&amp;quot;&amp;gt;...&amp;lt;/td&amp;gt; is not clickable at point (680, 221). Other element would receive the click: &amp;lt;div class=&amp;quot;modal-body&amp;quot; id=&amp;quot;searchSForm&amp;quot;&amp;gt;...&amp;lt;/div&amp;gt;
  (Session info: chrome=77.0.3865.90)
Build info: version: &amp;apos;3.141.59&amp;apos;, revision: &amp;apos;e82be7d358&amp;apos;, time: &amp;apos;2018-11-14T08:17:03&amp;apos;
System info: host: &amp;apos;ADMIN&amp;apos;, ip: &amp;apos;192.168.1.15&amp;apos;, os.name: &amp;apos;Windows 8.1&amp;apos;, os.arch: &amp;apos;amd64&amp;apos;, os.version: &amp;apos;6.3&amp;apos;, java.version: &amp;apos;9.0.4&amp;apos;
Driver info: org.openqa.selenium.chrome.ChromeDriver
Capabilities {acceptInsecureCerts: false, browserName: chrome, browserVersion: 77.0.3865.90, chrome: {chromedriverVersion: 76.0.3809.68 (420c9498db8ce..., userDataDir: C:\Users\ADMINP~1\AppData\L...}, goog:chromeOptions: {debuggerAddress: localhost:55002}, javascriptEnabled: true, networkConnectionEnabled: false, pageLoadStrategy: normal, platform: XP, platformName: XP, proxy: Proxy(), setWindowRect: true, strictFileInteractability: false, timeouts: {implicit: 0, pageLoad: 300000, script: 30000}, unhandledPromptBehavior: dismiss and notify}
Session ID: eaf120756af8b331cf38c11218edae29">
      <![CDATA[org.openqa.selenium.ElementClickInterceptedException: element click intercepted: Element <td class="" role="gridcell">...</td> is not clickable at point (680, 221). Other element would receive the click: <div class="modal-body" id="searchSForm">...</div>
  (Session info: chrome=77.0.3865.90)
Build info: version: '3.141.59', revision: 'e82be7d358', time: '2018-11-14T08:17:03'
System info: host: 'ADMIN', ip: '192.168.1.15', os.name: 'Windows 8.1', os.arch: 'amd64', os.version: '6.3', java.version: '9.0.4'
Driver info: org.openqa.selenium.chrome.ChromeDriver
Capabilities {acceptInsecureCerts: false, browserName: chrome, browserVersion: 77.0.3865.90, chrome: {chromedriverVersion: 76.0.3809.68 (420c9498db8ce..., userDataDir: C:\Users\ADMINP~1\AppData\L...}, goog:chromeOptions: {debuggerAddress: localhost:55002}, javascriptEnabled: true, networkConnectionEnabled: false, pageLoadStrategy: normal, platform: XP, platformName: XP, proxy: Proxy(), setWindowRect: true, strictFileInteractability: false, timeouts: {implicit: 0, pageLoad: 300000, script: 30000}, unhandledPromptBehavior: dismiss and notify}
Session ID: eaf120756af8b331cf38c11218edae29
at org.openqa.selenium.remote.http.W3CHttpResponseCodec.createException(W3CHttpResponseCodec.java:187)
at org.openqa.selenium.remote.http.W3CHttpResponseCodec.decode(W3CHttpResponseCodec.java:122)
at org.openqa.selenium.remote.http.W3CHttpResponseCodec.decode(W3CHttpResponseCodec.java:49)
at org.openqa.selenium.remote.HttpCommandExecutor.execute(HttpCommandExecutor.java:158)
at org.openqa.selenium.remote.service.DriverCommandExecutor.execute(DriverCommandExecutor.java:83)
at org.openqa.selenium.remote.RemoteWebDriver.execute(RemoteWebDriver.java:552)
at org.openqa.selenium.remote.RemoteWebElement.execute(RemoteWebElement.java:285)
at org.openqa.selenium.remote.RemoteWebElement.click(RemoteWebElement.java:84)
at com.tetherfi.pages.BasePage.selectWebElement(BasePage.java:195)
at com.tetherfi.pages.TdmThresholdConfigPage.verifyTdmThresholdConfigThresholdDetailsPage(TdmThresholdConfigPage.java:687)
at com.tetherfi.test.TdmThresholdConfigTest.UpdateNewRow(TdmThresholdConfigTest.java:283)
at java.base/java.util.ArrayList.forEach(Unknown Source)
... Removed 31 stack frames]]>
    </failure>
  </testcase> <!-- UpdateNewRow -->
  <testcase classname="com.tetherfi.test.TdmThresholdConfigTest" name="VerifyAuditTrailReportForUpdate" time="0.0">
    <skipped/>
  </testcase> <!-- VerifyAuditTrailReportForUpdate -->
  <testcase classname="com.tetherfi.test.TdmThresholdConfigTest" name="DeleteNewRow" time="4.7">
    <failure type="org.openqa.selenium.ElementClickInterceptedException" message="element click intercepted: Element &amp;lt;td class=&amp;quot;&amp;quot; role=&amp;quot;gridcell&amp;quot;&amp;gt;...&amp;lt;/td&amp;gt; is not clickable at point (680, 221). Other element would receive the click: &amp;lt;div class=&amp;quot;modal-body&amp;quot; id=&amp;quot;searchSForm&amp;quot;&amp;gt;...&amp;lt;/div&amp;gt;
  (Session info: chrome=77.0.3865.90)
Build info: version: &amp;apos;3.141.59&amp;apos;, revision: &amp;apos;e82be7d358&amp;apos;, time: &amp;apos;2018-11-14T08:17:03&amp;apos;
System info: host: &amp;apos;ADMIN&amp;apos;, ip: &amp;apos;192.168.1.15&amp;apos;, os.name: &amp;apos;Windows 8.1&amp;apos;, os.arch: &amp;apos;amd64&amp;apos;, os.version: &amp;apos;6.3&amp;apos;, java.version: &amp;apos;9.0.4&amp;apos;
Driver info: org.openqa.selenium.chrome.ChromeDriver
Capabilities {acceptInsecureCerts: false, browserName: chrome, browserVersion: 77.0.3865.90, chrome: {chromedriverVersion: 76.0.3809.68 (420c9498db8ce..., userDataDir: C:\Users\ADMINP~1\AppData\L...}, goog:chromeOptions: {debuggerAddress: localhost:55002}, javascriptEnabled: true, networkConnectionEnabled: false, pageLoadStrategy: normal, platform: XP, platformName: XP, proxy: Proxy(), setWindowRect: true, strictFileInteractability: false, timeouts: {implicit: 0, pageLoad: 300000, script: 30000}, unhandledPromptBehavior: dismiss and notify}
Session ID: eaf120756af8b331cf38c11218edae29">
      <![CDATA[org.openqa.selenium.ElementClickInterceptedException: element click intercepted: Element <td class="" role="gridcell">...</td> is not clickable at point (680, 221). Other element would receive the click: <div class="modal-body" id="searchSForm">...</div>
  (Session info: chrome=77.0.3865.90)
Build info: version: '3.141.59', revision: 'e82be7d358', time: '2018-11-14T08:17:03'
System info: host: 'ADMIN', ip: '192.168.1.15', os.name: 'Windows 8.1', os.arch: 'amd64', os.version: '6.3', java.version: '9.0.4'
Driver info: org.openqa.selenium.chrome.ChromeDriver
Capabilities {acceptInsecureCerts: false, browserName: chrome, browserVersion: 77.0.3865.90, chrome: {chromedriverVersion: 76.0.3809.68 (420c9498db8ce..., userDataDir: C:\Users\ADMINP~1\AppData\L...}, goog:chromeOptions: {debuggerAddress: localhost:55002}, javascriptEnabled: true, networkConnectionEnabled: false, pageLoadStrategy: normal, platform: XP, platformName: XP, proxy: Proxy(), setWindowRect: true, strictFileInteractability: false, timeouts: {implicit: 0, pageLoad: 300000, script: 30000}, unhandledPromptBehavior: dismiss and notify}
Session ID: eaf120756af8b331cf38c11218edae29
at org.openqa.selenium.remote.http.W3CHttpResponseCodec.createException(W3CHttpResponseCodec.java:187)
at org.openqa.selenium.remote.http.W3CHttpResponseCodec.decode(W3CHttpResponseCodec.java:122)
at org.openqa.selenium.remote.http.W3CHttpResponseCodec.decode(W3CHttpResponseCodec.java:49)
at org.openqa.selenium.remote.HttpCommandExecutor.execute(HttpCommandExecutor.java:158)
at org.openqa.selenium.remote.service.DriverCommandExecutor.execute(DriverCommandExecutor.java:83)
at org.openqa.selenium.remote.RemoteWebDriver.execute(RemoteWebDriver.java:552)
at org.openqa.selenium.remote.RemoteWebElement.execute(RemoteWebElement.java:285)
at org.openqa.selenium.remote.RemoteWebElement.click(RemoteWebElement.java:84)
at com.tetherfi.pages.BasePage.selectWebElement(BasePage.java:195)
at com.tetherfi.pages.TdmThresholdConfigPage.verifyTdmThresholdConfigThresholdDetailsPage(TdmThresholdConfigPage.java:687)
at com.tetherfi.test.TdmThresholdConfigTest.DeleteNewRow(TdmThresholdConfigTest.java:309)
at java.base/java.util.ArrayList.forEach(Unknown Source)
... Removed 31 stack frames]]>
    </failure>
  </testcase> <!-- DeleteNewRow -->
  <testcase classname="com.tetherfi.test.TdmThresholdConfigTest" name="VerifyAuditTrailReportForDelete" time="0.0">
    <skipped/>
  </testcase> <!-- VerifyAuditTrailReportForDelete -->
  <testcase classname="com.tetherfi.test.TdmThresholdConfigTest" name="VerifySearchEndsWith" time="0.0">
    <ignored/>
  </testcase> <!-- VerifySearchEndsWith -->
  <testcase classname="com.tetherfi.test.TdmThresholdConfigTest" name="VerifyTdmThresholdConfigLabelsEnabled" time="0.0">
    <ignored/>
  </testcase> <!-- VerifyTdmThresholdConfigLabelsEnabled -->
  <testcase classname="com.tetherfi.test.TdmThresholdConfigTest" name="SortingByDescending" time="0.0">
    <ignored/>
  </testcase> <!-- SortingByDescending -->
  <testcase classname="com.tetherfi.test.TdmThresholdConfigTest" name="VerifyArrowMoveForFirstAndLastPage" time="0.0">
    <ignored/>
  </testcase> <!-- VerifyArrowMoveForFirstAndLastPage -->
  <testcase classname="com.tetherfi.test.TdmThresholdConfigTest" name="TdmThresholdConfigPage" time="0.0">
    <ignored/>
  </testcase> <!-- TdmThresholdConfigPage -->
  <testcase classname="com.tetherfi.test.TdmThresholdConfigTest" name="VerifyTeamsAssignToAgents" time="0.0">
    <ignored/>
  </testcase> <!-- VerifyTeamsAssignToAgents -->
  <testcase classname="com.tetherfi.test.TdmThresholdConfigTest" name="SortingByAscending" time="0.0">
    <ignored/>
  </testcase> <!-- SortingByAscending -->
  <testcase classname="com.tetherfi.test.TdmThresholdConfigTest" name="VerifyColumnsHeaderEnable" time="0.0">
    <ignored/>
  </testcase> <!-- VerifyColumnsHeaderEnable -->
  <testcase classname="com.tetherfi.test.TdmThresholdConfigTest" name="searchwithoutSearchTextbox" time="0.0">
    <ignored/>
  </testcase> <!-- searchwithoutSearchTextbox -->
  <testcase classname="com.tetherfi.test.TdmThresholdConfigTest" name="VerifyTotalNumberOfItemsPerPageDetails" time="0.0">
    <ignored/>
  </testcase> <!-- VerifyTotalNumberOfItemsPerPageDetails -->
  <testcase classname="com.tetherfi.test.TdmThresholdConfigTest" name="VerifySearchDoesNotContains" time="0.0">
    <ignored/>
  </testcase> <!-- VerifySearchDoesNotContains -->
  <testcase classname="com.tetherfi.test.TdmThresholdConfigTest" name="SearchClearSearch" time="0.0">
    <ignored/>
  </testcase> <!-- SearchClearSearch -->
  <testcase classname="com.tetherfi.test.TdmThresholdConfigTest" name="VerifyTdmThresholdConfigLabelsDiabled" time="0.0">
    <ignored/>
  </testcase> <!-- VerifyTdmThresholdConfigLabelsDiabled -->
  <testcase classname="com.tetherfi.test.TdmThresholdConfigTest" name="VerifyColumnsHeaderDisable" time="0.0">
    <ignored/>
  </testcase> <!-- VerifyColumnsHeaderDisable -->
  <testcase classname="com.tetherfi.test.TdmThresholdConfigTest" name="ExportToExcel" time="0.0">
    <ignored/>
  </testcase> <!-- ExportToExcel -->
  <testcase classname="com.tetherfi.test.TdmThresholdConfigTest" name="VerifySearchStartsWith" time="0.0">
    <ignored/>
  </testcase> <!-- VerifySearchStartsWith -->
  <testcase classname="com.tetherfi.test.TdmThresholdConfigTest" name="VerifyDropdownForAllTheColumns" time="0.0">
    <ignored/>
  </testcase> <!-- VerifyDropdownForAllTheColumns -->
  <testcase classname="com.tetherfi.test.TdmThresholdConfigTest" name="VerifyTdmThresholdConfigThresholdDetailsPage" time="0.0">
    <ignored/>
  </testcase> <!-- VerifyTdmThresholdConfigThresholdDetailsPage -->
  <testcase classname="com.tetherfi.test.TdmThresholdConfigTest" name="VerifyNumberOfItemsPerPageSelection" time="0.0">
    <ignored/>
  </testcase> <!-- VerifyNumberOfItemsPerPageSelection -->
  <testcase classname="com.tetherfi.test.TdmThresholdConfigTest" name="VerifySearchIsNotEqualTo" time="0.0">
    <ignored/>
  </testcase> <!-- VerifySearchIsNotEqualTo -->
  <testcase classname="com.tetherfi.test.TdmThresholdConfigTest" name="ExportToExcelData" time="0.0">
    <ignored/>
  </testcase> <!-- ExportToExcelData -->
  <testcase classname="com.tetherfi.test.TdmThresholdConfigTest" name="VerifySearchContains" time="0.0">
    <ignored/>
  </testcase> <!-- VerifySearchContains -->
  <testcase classname="com.tetherfi.test.TdmThresholdConfigTest" name="VerifyArrowMoveForPreviousAndNextPage" time="0.0">
    <ignored/>
  </testcase> <!-- VerifyArrowMoveForPreviousAndNextPage -->
  <testcase classname="com.tetherfi.test.TdmThresholdConfigTest" name="ExporttoExcelWithoutData" time="0.0">
    <ignored/>
  </testcase> <!-- ExporttoExcelWithoutData -->
  <testcase classname="com.tetherfi.test.TdmThresholdConfigTest" name="GroupBy" time="0.0">
    <ignored/>
  </testcase> <!-- GroupBy -->
</testsuite> <!-- Default test(failed)(failed)(failed) -->
