<?xml version="1.0" encoding="UTF-8"?>
<!-- Generated by org.testng.reporters.JUnitXMLReporter -->
<testsuite ignored="11" hostname="DESKTOP-O6A5C2O" failures="1" tests="1" name="Default test(failed)(failed)(failed)" time="50.36" errors="0" timestamp="2019-10-30T18:25:48 IST">
  <testcase classname="com.tetherfi.test.chat.ChatTemplatesTest" name="VerifyAuditTrialReportForDepartmentUpdate" time="20.829">
    <failure type="java.lang.AssertionError" message="did not expect to find [true] but found [false]">
      <![CDATA[java.lang.AssertionError: did not expect to find [true] but found [false]
at com.tetherfi.test.chat.ChatTemplatesTest.VerifyAuditTrialReportForDepartmentUpdate(ChatTemplatesTest.java:860)
at java.base/java.util.ArrayList.forEach(Unknown Source)
... Removed 31 stack frames]]>
    </failure>
  </testcase> <!-- VerifyAuditTrialReportForDepartmentUpdate -->
  <testcase classname="com.tetherfi.test.chat.ChatTemplatesTest" name="VerifyUpdateDepartmentRecordInGroup" time="0.0">
    <ignored/>
  </testcase> <!-- VerifyUpdateDepartmentRecordInGroup -->
  <testcase classname="com.tetherfi.test.chat.ChatTemplatesTest" name="searchGroupsPage" time="0.0">
    <ignored/>
  </testcase> <!-- searchGroupsPage -->
  <testcase classname="com.tetherfi.test.chat.ChatTemplatesTest" name="searchwithoutSearchTextbox" time="0.0">
    <ignored/>
  </testcase> <!-- searchwithoutSearchTextbox -->
  <testcase classname="com.tetherfi.test.chat.ChatTemplatesTest" name="VerifyCancelBtnAtEditDepartmentRecord" time="0.0">
    <ignored/>
  </testcase> <!-- VerifyCancelBtnAtEditDepartmentRecord -->
  <testcase classname="com.tetherfi.test.chat.ChatTemplatesTest" name="searchDepartmentPage" time="0.0">
    <ignored/>
  </testcase> <!-- searchDepartmentPage -->
  <testcase classname="com.tetherfi.test.chat.ChatTemplatesTest" name="searchDepartmentwithoutSearchTextbox" time="0.0">
    <ignored/>
  </testcase> <!-- searchDepartmentwithoutSearchTextbox -->
  <testcase classname="com.tetherfi.test.chat.ChatTemplatesTest" name="searchPage" time="0.0">
    <ignored/>
  </testcase> <!-- searchPage -->
  <testcase classname="com.tetherfi.test.chat.ChatTemplatesTest" name="EditWithoutModifyReasonDepartmentRecord" time="0.0">
    <ignored/>
  </testcase> <!-- EditWithoutModifyReasonDepartmentRecord -->
  <testcase classname="com.tetherfi.test.chat.ChatTemplatesTest" name="searchGroupwithoutSearchTextbox" time="0.0">
    <ignored/>
  </testcase> <!-- searchGroupwithoutSearchTextbox -->
  <testcase classname="com.tetherfi.test.chat.ChatTemplatesTest" name="EditDepartmentRecord" time="0.0">
    <ignored/>
  </testcase> <!-- EditDepartmentRecord -->
  <testcase classname="com.tetherfi.test.chat.ChatTemplatesTest" name="VerifyUpdateDepartmentRecordInMain" time="0.0">
    <ignored/>
  </testcase> <!-- VerifyUpdateDepartmentRecordInMain -->
</testsuite> <!-- Default test(failed)(failed)(failed) -->
