<?xml version="1.0" encoding="UTF-8"?>
<testng-results ignored="0" total="1" passed="1" failed="0" skipped="0">
  <reporter-output>
  </reporter-output>
  <suite started-at="2019-02-14T12:06:39Z" name="Default suite" finished-at="2019-02-14T12:08:21Z" duration-ms="101781">
    <groups>
    </groups>
    <test started-at="2019-02-14T12:06:39Z" name="Default test" finished-at="2019-02-14T12:08:21Z" duration-ms="101781">
      <class name="com.tetherfi.test.UserManagementE2ETest">
        <test-method is-config="true" signature="openApplication()[pri:0, instance:com.tetherfi.test.UserManagementE2ETest@c9b5a99]" started-at="2019-02-14T17:36:39Z" name="openApplication" finished-at="2019-02-14T17:36:55Z" duration-ms="16225" status="PASS">
          <reporter-output>
          </reporter-output>
        </test-method> <!-- openApplication -->
        <test-method is-config="true" signature="startTestCase(java.lang.reflect.Method)[pri:0, instance:com.tetherfi.test.UserManagementE2ETest@c9b5a99]" started-at="2019-02-14T17:36:55Z" name="startTestCase" finished-at="2019-02-14T17:36:55Z" duration-ms="2" status="PASS">
          <params>
            <param index="0">
              <value>
                <![CDATA[public void com.tetherfi.test.UserManagementE2ETest.VerifyExportAccessOfHolidayList() throws java.lang.Exception]]>
              </value>
            </param>
          </params>
          <reporter-output>
          </reporter-output>
        </test-method> <!-- startTestCase -->
        <test-method is-config="true" signature="OCMPage()[pri:0, instance:com.tetherfi.test.UserManagementE2ETest@c9b5a99]" started-at="2019-02-14T17:36:55Z" name="OCMPage" finished-at="2019-02-14T17:37:13Z" duration-ms="18060" status="PASS">
          <reporter-output>
          </reporter-output>
        </test-method> <!-- OCMPage -->
        <test-method signature="VerifyExportAccessOfHolidayList()[pri:0, instance:com.tetherfi.test.UserManagementE2ETest@c9b5a99]" started-at="2019-02-14T17:37:13Z" name="VerifyExportAccessOfHolidayList" finished-at="2019-02-14T17:38:07Z" duration-ms="53866" status="PASS">
          <reporter-output>
          </reporter-output>
        </test-method> <!-- VerifyExportAccessOfHolidayList -->
        <test-method is-config="true" signature="afterEachMethod(org.testng.ITestResult)[pri:0, instance:com.tetherfi.test.UserManagementE2ETest@c9b5a99]" started-at="2019-02-14T17:38:07Z" name="afterEachMethod" finished-at="2019-02-14T17:38:19Z" duration-ms="12236" status="PASS">
          <params>
            <param index="0">
              <value>
                <![CDATA[[TestResult name=VerifyExportAccessOfHolidayList status=SUCCESS method=UserManagementE2ETest.VerifyExportAccessOfHolidayList()[pri:0, instance:com.tetherfi.test.UserManagementE2ETest@c9b5a99] output={null}]]]>
              </value>
            </param>
          </params>
          <reporter-output>
          </reporter-output>
        </test-method> <!-- afterEachMethod -->
        <test-method is-config="true" signature="endTestCase(java.lang.reflect.Method)[pri:0, instance:com.tetherfi.test.UserManagementE2ETest@c9b5a99]" started-at="2019-02-14T17:38:19Z" name="endTestCase" finished-at="2019-02-14T17:38:19Z" duration-ms="1" status="PASS">
          <params>
            <param index="0">
              <value>
                <![CDATA[public void com.tetherfi.test.UserManagementE2ETest.VerifyExportAccessOfHolidayList() throws java.lang.Exception]]>
              </value>
            </param>
          </params>
          <reporter-output>
          </reporter-output>
        </test-method> <!-- endTestCase -->
        <test-method is-config="true" signature="tearDown()[pri:0, instance:com.tetherfi.test.UserManagementE2ETest@c9b5a99]" started-at="2019-02-14T17:38:19Z" name="tearDown" finished-at="2019-02-14T17:38:21Z" duration-ms="1341" status="PASS">
          <reporter-output>
          </reporter-output>
        </test-method> <!-- tearDown -->
      </class> <!-- com.tetherfi.test.UserManagementE2ETest -->
    </test> <!-- Default test -->
  </suite> <!-- Default suite -->
</testng-results>
