<?xml version="1.0" encoding="UTF-8"?>
<testng-results ignored="0" total="1" passed="1" failed="0" skipped="0">
  <reporter-output>
  </reporter-output>
  <suite started-at="2019-05-21T11:45:41Z" name="Default suite" finished-at="2019-05-21T11:46:44Z" duration-ms="62548">
    <groups>
      <group name="TMAC">
        <method signature="ChatTemplatesTest.VerifyChatTemplateInTMAC()[pri:68, instance:com.tetherfi.test.chat.ChatTemplatesTest@33a55bd8]" name="VerifyChatTemplateInTMAC" class="com.tetherfi.test.chat.ChatTemplatesTest"/>
      </group> <!-- TMAC -->
    </groups>
    <test started-at="2019-05-21T11:45:41Z" name="Default test" finished-at="2019-05-21T11:46:44Z" duration-ms="62548">
      <class name="com.tetherfi.test.chat.ChatTemplatesTest">
        <test-method is-config="true" signature="NavigateToChatTemplatesPage(java.lang.reflect.Method)[pri:0, instance:com.tetherfi.test.chat.ChatTemplatesTest@33a55bd8]" started-at="2019-05-21T17:15:41Z" name="NavigateToChatTemplatesPage" finished-at="2019-05-21T17:16:00Z" duration-ms="18937" status="PASS">
          <params>
            <param index="0">
              <value>
                <![CDATA[public void com.tetherfi.test.chat.ChatTemplatesTest.VerifyChatTemplateInTMAC() throws java.lang.Exception]]>
              </value>
            </param>
          </params>
          <reporter-output>
          </reporter-output>
        </test-method> <!-- NavigateToChatTemplatesPage -->
        <test-method signature="VerifyChatTemplateInTMAC()[pri:68, instance:com.tetherfi.test.chat.ChatTemplatesTest@33a55bd8]" started-at="2019-05-21T17:16:00Z" name="VerifyChatTemplateInTMAC" finished-at="2019-05-21T17:16:39Z" duration-ms="38969" status="PASS">
          <reporter-output>
          </reporter-output>
        </test-method> <!-- VerifyChatTemplateInTMAC -->
        <test-method is-config="true" signature="close(java.lang.reflect.Method)[pri:0, instance:com.tetherfi.test.chat.ChatTemplatesTest@33a55bd8]" started-at="2019-05-21T17:16:39Z" name="close" finished-at="2019-05-21T17:16:44Z" duration-ms="4588" status="PASS">
          <params>
            <param index="0">
              <value>
                <![CDATA[public void com.tetherfi.test.chat.ChatTemplatesTest.VerifyChatTemplateInTMAC() throws java.lang.Exception]]>
              </value>
            </param>
          </params>
          <reporter-output>
          </reporter-output>
        </test-method> <!-- close -->
      </class> <!-- com.tetherfi.test.chat.ChatTemplatesTest -->
    </test> <!-- Default test -->
  </suite> <!-- Default suite -->
</testng-results>
