<?xml version="1.0" encoding="UTF-8"?>
<testng-results skipped="0" failed="2" ignored="0" total="63" passed="61">
  <reporter-output>
  </reporter-output>
  <suite name="OCM Modules Test Automation" duration-ms="3849160" started-at="2021-08-11T01:35:53 IST" finished-at="2021-08-11T02:40:03 IST">
    <groups>
      <group name="Checker">
        <method signature="UserOnBoardingAgentCreateTest.ApproveforAddNewUserOnBoardingRecord()[pri:13, instance:com.tetherfi.test.UserOnBoardingAgentCreateTest@724bf25f]" name="ApproveforAddNewUserOnBoardingRecord" class="com.tetherfi.test.UserOnBoardingAgentCreateTest"/>
        <method signature="UserOnBoardingAgentCreateTest.RejectForAddNewUserOnBoardingRecord()[pri:6, instance:com.tetherfi.test.UserOnBoardingAgentCreateTest@724bf25f]" name="RejectForAddNewUserOnBoardingRecord" class="com.tetherfi.test.UserOnBoardingAgentCreateTest"/>
        <method signature="UserOnBoardingAgentCreateTest.VerifyAuditTrailReportForApprove()[pri:14, instance:com.tetherfi.test.UserOnBoardingAgentCreateTest@724bf25f]" name="VerifyAuditTrailReportForApprove" class="com.tetherfi.test.UserOnBoardingAgentCreateTest"/>
        <method signature="UserOnBoardingAgentCreateTest.VerifyAuditTrailReportForReject()[pri:7, instance:com.tetherfi.test.UserOnBoardingAgentCreateTest@724bf25f]" name="VerifyAuditTrailReportForReject" class="com.tetherfi.test.UserOnBoardingAgentCreateTest"/>
        <method signature="UserOnBoardingDepartmentLevelUserCreateTest.ApproveforAddNewUserOnBoardingRecord()[pri:13, instance:com.tetherfi.test.UserOnBoardingDepartmentLevelUserCreateTest@100aa331]" name="ApproveforAddNewUserOnBoardingRecord" class="com.tetherfi.test.UserOnBoardingDepartmentLevelUserCreateTest"/>
        <method signature="UserOnBoardingDepartmentLevelUserCreateTest.RejectForAddNewUserOnBoardingRecord()[pri:6, instance:com.tetherfi.test.UserOnBoardingDepartmentLevelUserCreateTest@100aa331]" name="RejectForAddNewUserOnBoardingRecord" class="com.tetherfi.test.UserOnBoardingDepartmentLevelUserCreateTest"/>
        <method signature="UserOnBoardingDepartmentLevelUserCreateTest.VerifyAuditTrailReportForApprove()[pri:14, instance:com.tetherfi.test.UserOnBoardingDepartmentLevelUserCreateTest@100aa331]" name="VerifyAuditTrailReportForApprove" class="com.tetherfi.test.UserOnBoardingDepartmentLevelUserCreateTest"/>
        <method signature="UserOnBoardingDepartmentLevelUserCreateTest.VerifyAuditTrailReportForReject()[pri:7, instance:com.tetherfi.test.UserOnBoardingDepartmentLevelUserCreateTest@100aa331]" name="VerifyAuditTrailReportForReject" class="com.tetherfi.test.UserOnBoardingDepartmentLevelUserCreateTest"/>
        <method signature="UserOnBoardingDivisionLevelUserCreateTest.ApproveforAddNewUserOnBoardingRecord()[pri:13, instance:com.tetherfi.test.UserOnBoardingDivisionLevelUserCreateTest@5e50df2e]" name="ApproveforAddNewUserOnBoardingRecord" class="com.tetherfi.test.UserOnBoardingDivisionLevelUserCreateTest"/>
        <method signature="UserOnBoardingDivisionLevelUserCreateTest.VerifyAuditTrailReportForApprove()[pri:14, instance:com.tetherfi.test.UserOnBoardingDivisionLevelUserCreateTest@5e50df2e]" name="VerifyAuditTrailReportForApprove" class="com.tetherfi.test.UserOnBoardingDivisionLevelUserCreateTest"/>
        <method signature="UserOnBoardingDivisionLevelUserCreateTest.VerifyAuditTrailReportForReject()[pri:7, instance:com.tetherfi.test.UserOnBoardingDivisionLevelUserCreateTest@5e50df2e]" name="VerifyAuditTrailReportForReject" class="com.tetherfi.test.UserOnBoardingDivisionLevelUserCreateTest"/>
        <method signature="UserOnBoardingTeamLevelUserCreateTest.ApproveforAddNewUserOnBoardingRecord()[pri:13, instance:com.tetherfi.test.UserOnBoardingTeamLevelUserCreateTest@c2cf597]" name="ApproveforAddNewUserOnBoardingRecord" class="com.tetherfi.test.UserOnBoardingTeamLevelUserCreateTest"/>
        <method signature="UserOnBoardingTeamLevelUserCreateTest.RejectForAddNewUserOnBoardingRecord()[pri:6, instance:com.tetherfi.test.UserOnBoardingTeamLevelUserCreateTest@c2cf597]" name="RejectForAddNewUserOnBoardingRecord" class="com.tetherfi.test.UserOnBoardingTeamLevelUserCreateTest"/>
        <method signature="UserOnBoardingTeamLevelUserCreateTest.VerifyAuditTrailReportForApprove()[pri:14, instance:com.tetherfi.test.UserOnBoardingTeamLevelUserCreateTest@c2cf597]" name="VerifyAuditTrailReportForApprove" class="com.tetherfi.test.UserOnBoardingTeamLevelUserCreateTest"/>
        <method signature="UserOnBoardingTeamLevelUserCreateTest.VerifyAuditTrailReportForReject()[pri:7, instance:com.tetherfi.test.UserOnBoardingTeamLevelUserCreateTest@c2cf597]" name="VerifyAuditTrailReportForReject" class="com.tetherfi.test.UserOnBoardingTeamLevelUserCreateTest"/>
        <method signature="UserOnBoardingCountryLevelUserCreateTest.ApproveforAddNewUserOnBoardingRecord()[pri:13, instance:com.tetherfi.test.UserOnBoardingCountryLevelUserCreateTest@42679fc2]" name="ApproveforAddNewUserOnBoardingRecord" class="com.tetherfi.test.UserOnBoardingCountryLevelUserCreateTest"/>
        <method signature="UserOnBoardingCountryLevelUserCreateTest.RejectForAddNewUserOnBoardingRecord()[pri:6, instance:com.tetherfi.test.UserOnBoardingCountryLevelUserCreateTest@42679fc2]" name="RejectForAddNewUserOnBoardingRecord" class="com.tetherfi.test.UserOnBoardingCountryLevelUserCreateTest"/>
        <method signature="UserOnBoardingCountryLevelUserCreateTest.VerifyAuditTrailReportForApprove()[pri:14, instance:com.tetherfi.test.UserOnBoardingCountryLevelUserCreateTest@42679fc2]" name="VerifyAuditTrailReportForApprove" class="com.tetherfi.test.UserOnBoardingCountryLevelUserCreateTest"/>
        <method signature="UserOnBoardingCountryLevelUserCreateTest.VerifyAuditTrailReportForReject()[pri:7, instance:com.tetherfi.test.UserOnBoardingCountryLevelUserCreateTest@42679fc2]" name="VerifyAuditTrailReportForReject" class="com.tetherfi.test.UserOnBoardingCountryLevelUserCreateTest"/>
        <method signature="UserOnBoardingDivisionLevelUserCreateTest.RejectForAddNewUserOnBoardingRecord()[pri:6, instance:com.tetherfi.test.UserOnBoardingDivisionLevelUserCreateTest@5e50df2e]" name="RejectForAddNewUserOnBoardingRecord" class="com.tetherfi.test.UserOnBoardingDivisionLevelUserCreateTest"/>
      </group> <!-- Checker -->
      <group name="Maker">
        <method signature="UserOnBoardingAgentCreateTest.AddDuplicateUserOnBoardingRecord()[pri:15, instance:com.tetherfi.test.UserOnBoardingAgentCreateTest@724bf25f]" name="AddDuplicateUserOnBoardingRecord" class="com.tetherfi.test.UserOnBoardingAgentCreateTest"/>
        <method signature="UserOnBoardingAgentCreateTest.AddNewUserOnBoardingRecord()[pri:8, instance:com.tetherfi.test.UserOnBoardingAgentCreateTest@724bf25f]" name="AddNewUserOnBoardingRecord" class="com.tetherfi.test.UserOnBoardingAgentCreateTest"/>
        <method signature="UserOnBoardingAgentCreateTest.AddRejectRecord()[pri:4, instance:com.tetherfi.test.UserOnBoardingAgentCreateTest@724bf25f]" name="AddRejectRecord" class="com.tetherfi.test.UserOnBoardingAgentCreateTest"/>
        <method signature="UserOnBoardingAgentCreateTest.VerifyAddRevertRecord()[pri:1, instance:com.tetherfi.test.UserOnBoardingAgentCreateTest@724bf25f]" name="VerifyAddRevertRecord" class="com.tetherfi.test.UserOnBoardingAgentCreateTest"/>
        <method signature="UserOnBoardingAgentCreateTest.VerifyAuditTrailDataForAddNewUserOnBoardingRecord()[pri:10, instance:com.tetherfi.test.UserOnBoardingAgentCreateTest@724bf25f]" name="VerifyAuditTrailDataForAddNewUserOnBoardingRecord" class="com.tetherfi.test.UserOnBoardingAgentCreateTest"/>
        <method signature="UserOnBoardingAgentCreateTest.VerifyAuditTrailReportForCreate()[pri:9, instance:com.tetherfi.test.UserOnBoardingAgentCreateTest@724bf25f]" name="VerifyAuditTrailReportForCreate" class="com.tetherfi.test.UserOnBoardingAgentCreateTest"/>
        <method signature="UserOnBoardingAgentCreateTest.VerifyAuditTrailReportForRevert()[pri:3, instance:com.tetherfi.test.UserOnBoardingAgentCreateTest@724bf25f]" name="VerifyAuditTrailReportForRevert" class="com.tetherfi.test.UserOnBoardingAgentCreateTest"/>
        <method signature="UserOnBoardingAgentCreateTest.VerifyAuditTrailReportForSendForApproval()[pri:12, instance:com.tetherfi.test.UserOnBoardingAgentCreateTest@724bf25f]" name="VerifyAuditTrailReportForSendForApproval" class="com.tetherfi.test.UserOnBoardingAgentCreateTest"/>
        <method signature="UserOnBoardingAgentCreateTest.VerifyRevertForAddNewRecord()[pri:2, instance:com.tetherfi.test.UserOnBoardingAgentCreateTest@724bf25f]" name="VerifyRevertForAddNewRecord" class="com.tetherfi.test.UserOnBoardingAgentCreateTest"/>
        <method signature="UserOnBoardingAgentCreateTest.VerifySendForApprovalForAddNewUserOnBoarding()[pri:11, instance:com.tetherfi.test.UserOnBoardingAgentCreateTest@724bf25f]" name="VerifySendForApprovalForAddNewUserOnBoarding" class="com.tetherfi.test.UserOnBoardingAgentCreateTest"/>
        <method signature="UserOnBoardingAgentCreateTest.VerifySendForApprovalForAddNewUserOnBoardingRecord()[pri:5, instance:com.tetherfi.test.UserOnBoardingAgentCreateTest@724bf25f]" name="VerifySendForApprovalForAddNewUserOnBoardingRecord" class="com.tetherfi.test.UserOnBoardingAgentCreateTest"/>
        <method signature="UserOnBoardingDepartmentLevelUserCreateTest.AddDuplicateUserOnBoardingRecord()[pri:15, instance:com.tetherfi.test.UserOnBoardingDepartmentLevelUserCreateTest@100aa331]" name="AddDuplicateUserOnBoardingRecord" class="com.tetherfi.test.UserOnBoardingDepartmentLevelUserCreateTest"/>
        <method signature="UserOnBoardingDepartmentLevelUserCreateTest.AddNewUserOnBoardingRecord()[pri:8, instance:com.tetherfi.test.UserOnBoardingDepartmentLevelUserCreateTest@100aa331]" name="AddNewUserOnBoardingRecord" class="com.tetherfi.test.UserOnBoardingDepartmentLevelUserCreateTest"/>
        <method signature="UserOnBoardingDepartmentLevelUserCreateTest.AddRejectRecord()[pri:4, instance:com.tetherfi.test.UserOnBoardingDepartmentLevelUserCreateTest@100aa331]" name="AddRejectRecord" class="com.tetherfi.test.UserOnBoardingDepartmentLevelUserCreateTest"/>
        <method signature="UserOnBoardingDepartmentLevelUserCreateTest.VerifyAddRevertRecord()[pri:1, instance:com.tetherfi.test.UserOnBoardingDepartmentLevelUserCreateTest@100aa331]" name="VerifyAddRevertRecord" class="com.tetherfi.test.UserOnBoardingDepartmentLevelUserCreateTest"/>
        <method signature="UserOnBoardingDepartmentLevelUserCreateTest.VerifyAuditTrailDataForAddNewUserOnBoardingRecord()[pri:10, instance:com.tetherfi.test.UserOnBoardingDepartmentLevelUserCreateTest@100aa331]" name="VerifyAuditTrailDataForAddNewUserOnBoardingRecord" class="com.tetherfi.test.UserOnBoardingDepartmentLevelUserCreateTest"/>
        <method signature="UserOnBoardingDepartmentLevelUserCreateTest.VerifyAuditTrailReportForCreate()[pri:9, instance:com.tetherfi.test.UserOnBoardingDepartmentLevelUserCreateTest@100aa331]" name="VerifyAuditTrailReportForCreate" class="com.tetherfi.test.UserOnBoardingDepartmentLevelUserCreateTest"/>
        <method signature="UserOnBoardingDepartmentLevelUserCreateTest.VerifyAuditTrailReportForRevert()[pri:3, instance:com.tetherfi.test.UserOnBoardingDepartmentLevelUserCreateTest@100aa331]" name="VerifyAuditTrailReportForRevert" class="com.tetherfi.test.UserOnBoardingDepartmentLevelUserCreateTest"/>
        <method signature="UserOnBoardingDepartmentLevelUserCreateTest.VerifyAuditTrailReportForSendForApproval()[pri:12, instance:com.tetherfi.test.UserOnBoardingDepartmentLevelUserCreateTest@100aa331]" name="VerifyAuditTrailReportForSendForApproval" class="com.tetherfi.test.UserOnBoardingDepartmentLevelUserCreateTest"/>
        <method signature="UserOnBoardingDepartmentLevelUserCreateTest.VerifyRevertForAddNewRecord()[pri:2, instance:com.tetherfi.test.UserOnBoardingDepartmentLevelUserCreateTest@100aa331]" name="VerifyRevertForAddNewRecord" class="com.tetherfi.test.UserOnBoardingDepartmentLevelUserCreateTest"/>
        <method signature="UserOnBoardingDepartmentLevelUserCreateTest.VerifySendForApprovalForAddNewUserOnBoarding()[pri:11, instance:com.tetherfi.test.UserOnBoardingDepartmentLevelUserCreateTest@100aa331]" name="VerifySendForApprovalForAddNewUserOnBoarding" class="com.tetherfi.test.UserOnBoardingDepartmentLevelUserCreateTest"/>
        <method signature="UserOnBoardingDepartmentLevelUserCreateTest.VerifySendForApprovalForAddNewUserOnBoardingRecord()[pri:5, instance:com.tetherfi.test.UserOnBoardingDepartmentLevelUserCreateTest@100aa331]" name="VerifySendForApprovalForAddNewUserOnBoardingRecord" class="com.tetherfi.test.UserOnBoardingDepartmentLevelUserCreateTest"/>
        <method signature="UserOnBoardingDivisionLevelUserCreateTest.AddDuplicateUserOnBoardingRecord()[pri:15, instance:com.tetherfi.test.UserOnBoardingDivisionLevelUserCreateTest@5e50df2e]" name="AddDuplicateUserOnBoardingRecord" class="com.tetherfi.test.UserOnBoardingDivisionLevelUserCreateTest"/>
        <method signature="UserOnBoardingDivisionLevelUserCreateTest.AddNewUserOnBoardingRecord()[pri:8, instance:com.tetherfi.test.UserOnBoardingDivisionLevelUserCreateTest@5e50df2e]" name="AddNewUserOnBoardingRecord" class="com.tetherfi.test.UserOnBoardingDivisionLevelUserCreateTest"/>
        <method signature="UserOnBoardingDivisionLevelUserCreateTest.AddRejectRecord()[pri:4, instance:com.tetherfi.test.UserOnBoardingDivisionLevelUserCreateTest@5e50df2e]" name="AddRejectRecord" class="com.tetherfi.test.UserOnBoardingDivisionLevelUserCreateTest"/>
        <method signature="UserOnBoardingDivisionLevelUserCreateTest.VerifyAuditTrailReportForCreate()[pri:9, instance:com.tetherfi.test.UserOnBoardingDivisionLevelUserCreateTest@5e50df2e]" name="VerifyAuditTrailReportForCreate" class="com.tetherfi.test.UserOnBoardingDivisionLevelUserCreateTest"/>
        <method signature="UserOnBoardingDivisionLevelUserCreateTest.VerifyAuditTrailReportForSendForApproval()[pri:12, instance:com.tetherfi.test.UserOnBoardingDivisionLevelUserCreateTest@5e50df2e]" name="VerifyAuditTrailReportForSendForApproval" class="com.tetherfi.test.UserOnBoardingDivisionLevelUserCreateTest"/>
        <method signature="UserOnBoardingDivisionLevelUserCreateTest.VerifyRevertForAddNewRecord()[pri:2, instance:com.tetherfi.test.UserOnBoardingDivisionLevelUserCreateTest@5e50df2e]" name="VerifyRevertForAddNewRecord" class="com.tetherfi.test.UserOnBoardingDivisionLevelUserCreateTest"/>
        <method signature="UserOnBoardingDivisionLevelUserCreateTest.VerifySendForApprovalForAddNewUserOnBoarding()[pri:11, instance:com.tetherfi.test.UserOnBoardingDivisionLevelUserCreateTest@5e50df2e]" name="VerifySendForApprovalForAddNewUserOnBoarding" class="com.tetherfi.test.UserOnBoardingDivisionLevelUserCreateTest"/>
        <method signature="UserOnBoardingDivisionLevelUserCreateTest.VerifySendForApprovalForAddNewUserOnBoardingRecord()[pri:5, instance:com.tetherfi.test.UserOnBoardingDivisionLevelUserCreateTest@5e50df2e]" name="VerifySendForApprovalForAddNewUserOnBoardingRecord" class="com.tetherfi.test.UserOnBoardingDivisionLevelUserCreateTest"/>
        <method signature="UserOnBoardingTeamLevelUserCreateTest.AddDuplicateUserOnBoardingRecord()[pri:15, instance:com.tetherfi.test.UserOnBoardingTeamLevelUserCreateTest@c2cf597]" name="AddDuplicateUserOnBoardingRecord" class="com.tetherfi.test.UserOnBoardingTeamLevelUserCreateTest"/>
        <method signature="UserOnBoardingTeamLevelUserCreateTest.AddNewUserOnBoardingRecord()[pri:8, instance:com.tetherfi.test.UserOnBoardingTeamLevelUserCreateTest@c2cf597]" name="AddNewUserOnBoardingRecord" class="com.tetherfi.test.UserOnBoardingTeamLevelUserCreateTest"/>
        <method signature="UserOnBoardingTeamLevelUserCreateTest.AddRecordwithDuplicateAvayaLoginID()[pri:17, instance:com.tetherfi.test.UserOnBoardingTeamLevelUserCreateTest@c2cf597]" name="AddRecordwithDuplicateAvayaLoginID" class="com.tetherfi.test.UserOnBoardingTeamLevelUserCreateTest"/>
        <method signature="UserOnBoardingTeamLevelUserCreateTest.AddRecordwithDuplicateLanID()[pri:16, instance:com.tetherfi.test.UserOnBoardingTeamLevelUserCreateTest@c2cf597]" name="AddRecordwithDuplicateLanID" class="com.tetherfi.test.UserOnBoardingTeamLevelUserCreateTest"/>
        <method signature="UserOnBoardingTeamLevelUserCreateTest.AddRejectRecord()[pri:4, instance:com.tetherfi.test.UserOnBoardingTeamLevelUserCreateTest@c2cf597]" name="AddRejectRecord" class="com.tetherfi.test.UserOnBoardingTeamLevelUserCreateTest"/>
        <method signature="UserOnBoardingTeamLevelUserCreateTest.VerifyAddRevertRecord()[pri:1, instance:com.tetherfi.test.UserOnBoardingTeamLevelUserCreateTest@c2cf597]" name="VerifyAddRevertRecord" class="com.tetherfi.test.UserOnBoardingTeamLevelUserCreateTest"/>
        <method signature="UserOnBoardingTeamLevelUserCreateTest.VerifyAuditTrailDataForAddNewUserOnBoardingRecord()[pri:10, instance:com.tetherfi.test.UserOnBoardingTeamLevelUserCreateTest@c2cf597]" name="VerifyAuditTrailDataForAddNewUserOnBoardingRecord" class="com.tetherfi.test.UserOnBoardingTeamLevelUserCreateTest"/>
        <method signature="UserOnBoardingTeamLevelUserCreateTest.VerifyAuditTrailReportForCreate()[pri:9, instance:com.tetherfi.test.UserOnBoardingTeamLevelUserCreateTest@c2cf597]" name="VerifyAuditTrailReportForCreate" class="com.tetherfi.test.UserOnBoardingTeamLevelUserCreateTest"/>
        <method signature="UserOnBoardingTeamLevelUserCreateTest.VerifyAuditTrailReportForRevert()[pri:3, instance:com.tetherfi.test.UserOnBoardingTeamLevelUserCreateTest@c2cf597]" name="VerifyAuditTrailReportForRevert" class="com.tetherfi.test.UserOnBoardingTeamLevelUserCreateTest"/>
        <method signature="UserOnBoardingTeamLevelUserCreateTest.VerifyAuditTrailReportForSendForApproval()[pri:12, instance:com.tetherfi.test.UserOnBoardingTeamLevelUserCreateTest@c2cf597]" name="VerifyAuditTrailReportForSendForApproval" class="com.tetherfi.test.UserOnBoardingTeamLevelUserCreateTest"/>
        <method signature="UserOnBoardingTeamLevelUserCreateTest.VerifyRevertForAddNewRecord()[pri:2, instance:com.tetherfi.test.UserOnBoardingTeamLevelUserCreateTest@c2cf597]" name="VerifyRevertForAddNewRecord" class="com.tetherfi.test.UserOnBoardingTeamLevelUserCreateTest"/>
        <method signature="UserOnBoardingTeamLevelUserCreateTest.VerifySendForApprovalForAddNewUserOnBoarding()[pri:11, instance:com.tetherfi.test.UserOnBoardingTeamLevelUserCreateTest@c2cf597]" name="VerifySendForApprovalForAddNewUserOnBoarding" class="com.tetherfi.test.UserOnBoardingTeamLevelUserCreateTest"/>
        <method signature="UserOnBoardingTeamLevelUserCreateTest.VerifySendForApprovalForAddNewUserOnBoardingRecord()[pri:5, instance:com.tetherfi.test.UserOnBoardingTeamLevelUserCreateTest@c2cf597]" name="VerifySendForApprovalForAddNewUserOnBoardingRecord" class="com.tetherfi.test.UserOnBoardingTeamLevelUserCreateTest"/>
        <method signature="UserOnBoardingCountryLevelUserCreateTest.AddDuplicateUserOnBoardingRecord()[pri:15, instance:com.tetherfi.test.UserOnBoardingCountryLevelUserCreateTest@42679fc2]" name="AddDuplicateUserOnBoardingRecord" class="com.tetherfi.test.UserOnBoardingCountryLevelUserCreateTest"/>
        <method signature="UserOnBoardingCountryLevelUserCreateTest.AddNewUserOnBoardingRecord()[pri:8, instance:com.tetherfi.test.UserOnBoardingCountryLevelUserCreateTest@42679fc2]" name="AddNewUserOnBoardingRecord" class="com.tetherfi.test.UserOnBoardingCountryLevelUserCreateTest"/>
        <method signature="UserOnBoardingCountryLevelUserCreateTest.AddRejectRecord()[pri:4, instance:com.tetherfi.test.UserOnBoardingCountryLevelUserCreateTest@42679fc2]" name="AddRejectRecord" class="com.tetherfi.test.UserOnBoardingCountryLevelUserCreateTest"/>
        <method signature="UserOnBoardingCountryLevelUserCreateTest.VerifyAddRevertRecord()[pri:1, instance:com.tetherfi.test.UserOnBoardingCountryLevelUserCreateTest@42679fc2]" name="VerifyAddRevertRecord" class="com.tetherfi.test.UserOnBoardingCountryLevelUserCreateTest"/>
        <method signature="UserOnBoardingCountryLevelUserCreateTest.VerifyAuditTrailDataForAddNewUserOnBoardingRecord()[pri:10, instance:com.tetherfi.test.UserOnBoardingCountryLevelUserCreateTest@42679fc2]" name="VerifyAuditTrailDataForAddNewUserOnBoardingRecord" class="com.tetherfi.test.UserOnBoardingCountryLevelUserCreateTest"/>
        <method signature="UserOnBoardingCountryLevelUserCreateTest.VerifyAuditTrailReportForCreate()[pri:9, instance:com.tetherfi.test.UserOnBoardingCountryLevelUserCreateTest@42679fc2]" name="VerifyAuditTrailReportForCreate" class="com.tetherfi.test.UserOnBoardingCountryLevelUserCreateTest"/>
        <method signature="UserOnBoardingCountryLevelUserCreateTest.VerifyAuditTrailReportForRevert()[pri:3, instance:com.tetherfi.test.UserOnBoardingCountryLevelUserCreateTest@42679fc2]" name="VerifyAuditTrailReportForRevert" class="com.tetherfi.test.UserOnBoardingCountryLevelUserCreateTest"/>
        <method signature="UserOnBoardingCountryLevelUserCreateTest.VerifyAuditTrailReportForSendForApproval()[pri:12, instance:com.tetherfi.test.UserOnBoardingCountryLevelUserCreateTest@42679fc2]" name="VerifyAuditTrailReportForSendForApproval" class="com.tetherfi.test.UserOnBoardingCountryLevelUserCreateTest"/>
        <method signature="UserOnBoardingCountryLevelUserCreateTest.VerifyRevertForAddNewRecord()[pri:2, instance:com.tetherfi.test.UserOnBoardingCountryLevelUserCreateTest@42679fc2]" name="VerifyRevertForAddNewRecord" class="com.tetherfi.test.UserOnBoardingCountryLevelUserCreateTest"/>
        <method signature="UserOnBoardingCountryLevelUserCreateTest.VerifySendForApprovalForAddNewUserOnBoarding()[pri:11, instance:com.tetherfi.test.UserOnBoardingCountryLevelUserCreateTest@42679fc2]" name="VerifySendForApprovalForAddNewUserOnBoarding" class="com.tetherfi.test.UserOnBoardingCountryLevelUserCreateTest"/>
        <method signature="UserOnBoardingCountryLevelUserCreateTest.VerifySendForApprovalForAddNewUserOnBoardingRecord()[pri:5, instance:com.tetherfi.test.UserOnBoardingCountryLevelUserCreateTest@42679fc2]" name="VerifySendForApprovalForAddNewUserOnBoardingRecord" class="com.tetherfi.test.UserOnBoardingCountryLevelUserCreateTest"/>
        <method signature="UserOnBoardingDivisionLevelUserCreateTest.VerifyAddRevertRecord()[pri:1, instance:com.tetherfi.test.UserOnBoardingDivisionLevelUserCreateTest@5e50df2e]" name="VerifyAddRevertRecord" class="com.tetherfi.test.UserOnBoardingDivisionLevelUserCreateTest"/>
        <method signature="UserOnBoardingDivisionLevelUserCreateTest.VerifyAuditTrailDataForAddNewUserOnBoardingRecord()[pri:10, instance:com.tetherfi.test.UserOnBoardingDivisionLevelUserCreateTest@5e50df2e]" name="VerifyAuditTrailDataForAddNewUserOnBoardingRecord" class="com.tetherfi.test.UserOnBoardingDivisionLevelUserCreateTest"/>
        <method signature="UserOnBoardingDivisionLevelUserCreateTest.VerifyAuditTrailReportForRevert()[pri:3, instance:com.tetherfi.test.UserOnBoardingDivisionLevelUserCreateTest@5e50df2e]" name="VerifyAuditTrailReportForRevert" class="com.tetherfi.test.UserOnBoardingDivisionLevelUserCreateTest"/>
      </group> <!-- Maker -->
    </groups>
    <test name="OCMRegression" duration-ms="3849160" started-at="2021-08-11T01:35:53 IST" finished-at="2021-08-11T02:40:03 IST">
      <class name="com.tetherfi.test.UserOnBoardingDivisionLevelUserCreateTest">
        <test-method status="PASS" signature="NavigateToUserOnBoardingPage(java.lang.reflect.Method)[pri:0, instance:com.tetherfi.test.UserOnBoardingDivisionLevelUserCreateTest@5e50df2e]" name="NavigateToUserOnBoardingPage" is-config="true" duration-ms="23339" started-at="2021-08-11T01:49:56 IST" finished-at="2021-08-11T01:50:19 IST">
          <params>
            <param index="0">
              <value>
                <![CDATA[public void com.tetherfi.test.UserOnBoardingDivisionLevelUserCreateTest.VerifyAddRevertRecord() throws java.lang.Exception]]>
              </value>
            </param>
          </params>
          <reporter-output>
          </reporter-output>
        </test-method> <!-- NavigateToUserOnBoardingPage -->
        <test-method status="PASS" signature="VerifyAddRevertRecord()[pri:1, instance:com.tetherfi.test.UserOnBoardingDivisionLevelUserCreateTest@5e50df2e]" name="VerifyAddRevertRecord" duration-ms="38814" started-at="2021-08-11T01:50:19 IST" description="Add Record to Verify Revert " finished-at="2021-08-11T01:50:58 IST">
          <reporter-output>
          </reporter-output>
        </test-method> <!-- VerifyAddRevertRecord -->
        <test-method status="PASS" signature="afterEachMethod(java.lang.reflect.Method)[pri:0, instance:com.tetherfi.test.UserOnBoardingDivisionLevelUserCreateTest@5e50df2e]" name="afterEachMethod" is-config="true" duration-ms="5600" started-at="2021-08-11T01:50:58 IST" finished-at="2021-08-11T01:51:04 IST">
          <params>
            <param index="0">
              <value>
                <![CDATA[public void com.tetherfi.test.UserOnBoardingDivisionLevelUserCreateTest.VerifyAddRevertRecord() throws java.lang.Exception]]>
              </value>
            </param>
          </params>
          <reporter-output>
          </reporter-output>
        </test-method> <!-- afterEachMethod -->
        <test-method status="PASS" signature="NavigateToUserOnBoardingPage(java.lang.reflect.Method)[pri:0, instance:com.tetherfi.test.UserOnBoardingDivisionLevelUserCreateTest@5e50df2e]" name="NavigateToUserOnBoardingPage" is-config="true" duration-ms="25392" started-at="2021-08-11T01:51:04 IST" finished-at="2021-08-11T01:51:29 IST">
          <params>
            <param index="0">
              <value>
                <![CDATA[public void com.tetherfi.test.UserOnBoardingDivisionLevelUserCreateTest.VerifyRevertForAddNewRecord() throws java.lang.Exception]]>
              </value>
            </param>
          </params>
          <reporter-output>
          </reporter-output>
        </test-method> <!-- NavigateToUserOnBoardingPage -->
        <test-method status="PASS" signature="VerifyRevertForAddNewRecord()[pri:2, instance:com.tetherfi.test.UserOnBoardingDivisionLevelUserCreateTest@5e50df2e]" name="VerifyRevertForAddNewRecord" duration-ms="21090" started-at="2021-08-11T01:51:29 IST" finished-at="2021-08-11T01:51:50 IST">
          <reporter-output>
          </reporter-output>
        </test-method> <!-- VerifyRevertForAddNewRecord -->
        <test-method status="PASS" signature="afterEachMethod(java.lang.reflect.Method)[pri:0, instance:com.tetherfi.test.UserOnBoardingDivisionLevelUserCreateTest@5e50df2e]" name="afterEachMethod" is-config="true" duration-ms="4450" started-at="2021-08-11T01:51:50 IST" finished-at="2021-08-11T01:51:55 IST">
          <params>
            <param index="0">
              <value>
                <![CDATA[public void com.tetherfi.test.UserOnBoardingDivisionLevelUserCreateTest.VerifyRevertForAddNewRecord() throws java.lang.Exception]]>
              </value>
            </param>
          </params>
          <reporter-output>
          </reporter-output>
        </test-method> <!-- afterEachMethod -->
        <test-method status="PASS" signature="NavigateToUserOnBoardingPage(java.lang.reflect.Method)[pri:0, instance:com.tetherfi.test.UserOnBoardingDivisionLevelUserCreateTest@5e50df2e]" name="NavigateToUserOnBoardingPage" is-config="true" duration-ms="22527" started-at="2021-08-11T01:51:55 IST" finished-at="2021-08-11T01:52:17 IST">
          <params>
            <param index="0">
              <value>
                <![CDATA[public void com.tetherfi.test.UserOnBoardingDivisionLevelUserCreateTest.VerifyAuditTrailReportForRevert() throws java.lang.Exception]]>
              </value>
            </param>
          </params>
          <reporter-output>
          </reporter-output>
        </test-method> <!-- NavigateToUserOnBoardingPage -->
        <test-method status="PASS" signature="VerifyAuditTrailReportForRevert()[pri:3, instance:com.tetherfi.test.UserOnBoardingDivisionLevelUserCreateTest@5e50df2e]" name="VerifyAuditTrailReportForRevert" duration-ms="32710" started-at="2021-08-11T01:52:17 IST" finished-at="2021-08-11T01:52:50 IST">
          <reporter-output>
          </reporter-output>
        </test-method> <!-- VerifyAuditTrailReportForRevert -->
        <test-method status="PASS" signature="afterEachMethod(java.lang.reflect.Method)[pri:0, instance:com.tetherfi.test.UserOnBoardingDivisionLevelUserCreateTest@5e50df2e]" name="afterEachMethod" is-config="true" duration-ms="4279" started-at="2021-08-11T01:52:50 IST" finished-at="2021-08-11T01:52:54 IST">
          <params>
            <param index="0">
              <value>
                <![CDATA[public void com.tetherfi.test.UserOnBoardingDivisionLevelUserCreateTest.VerifyAuditTrailReportForRevert() throws java.lang.Exception]]>
              </value>
            </param>
          </params>
          <reporter-output>
          </reporter-output>
        </test-method> <!-- afterEachMethod -->
        <test-method status="PASS" signature="NavigateToUserOnBoardingPage(java.lang.reflect.Method)[pri:0, instance:com.tetherfi.test.UserOnBoardingDivisionLevelUserCreateTest@5e50df2e]" name="NavigateToUserOnBoardingPage" is-config="true" duration-ms="23055" started-at="2021-08-11T01:52:54 IST" finished-at="2021-08-11T01:53:17 IST">
          <params>
            <param index="0">
              <value>
                <![CDATA[public void com.tetherfi.test.UserOnBoardingDivisionLevelUserCreateTest.AddRejectRecord() throws java.lang.Exception]]>
              </value>
            </param>
          </params>
          <reporter-output>
          </reporter-output>
        </test-method> <!-- NavigateToUserOnBoardingPage -->
        <test-method status="PASS" signature="AddRejectRecord()[pri:4, instance:com.tetherfi.test.UserOnBoardingDivisionLevelUserCreateTest@5e50df2e]" name="AddRejectRecord" duration-ms="38554" started-at="2021-08-11T01:53:17 IST" description="Add Record to Verify Reject " finished-at="2021-08-11T01:53:56 IST">
          <reporter-output>
          </reporter-output>
        </test-method> <!-- AddRejectRecord -->
        <test-method status="PASS" signature="afterEachMethod(java.lang.reflect.Method)[pri:0, instance:com.tetherfi.test.UserOnBoardingDivisionLevelUserCreateTest@5e50df2e]" name="afterEachMethod" is-config="true" duration-ms="5491" started-at="2021-08-11T01:53:56 IST" finished-at="2021-08-11T01:54:01 IST">
          <params>
            <param index="0">
              <value>
                <![CDATA[public void com.tetherfi.test.UserOnBoardingDivisionLevelUserCreateTest.AddRejectRecord() throws java.lang.Exception]]>
              </value>
            </param>
          </params>
          <reporter-output>
          </reporter-output>
        </test-method> <!-- afterEachMethod -->
        <test-method status="PASS" signature="NavigateToUserOnBoardingPage(java.lang.reflect.Method)[pri:0, instance:com.tetherfi.test.UserOnBoardingDivisionLevelUserCreateTest@5e50df2e]" name="NavigateToUserOnBoardingPage" is-config="true" duration-ms="23065" started-at="2021-08-11T01:54:01 IST" finished-at="2021-08-11T01:54:25 IST">
          <params>
            <param index="0">
              <value>
                <![CDATA[public void com.tetherfi.test.UserOnBoardingDivisionLevelUserCreateTest.VerifySendForApprovalForAddNewUserOnBoardingRecord() throws java.lang.Exception]]>
              </value>
            </param>
          </params>
          <reporter-output>
          </reporter-output>
        </test-method> <!-- NavigateToUserOnBoardingPage -->
        <test-method status="PASS" signature="VerifySendForApprovalForAddNewUserOnBoardingRecord()[pri:5, instance:com.tetherfi.test.UserOnBoardingDivisionLevelUserCreateTest@5e50df2e]" name="VerifySendForApprovalForAddNewUserOnBoardingRecord" duration-ms="15472" started-at="2021-08-11T01:54:25 IST" finished-at="2021-08-11T01:54:40 IST">
          <reporter-output>
          </reporter-output>
        </test-method> <!-- VerifySendForApprovalForAddNewUserOnBoardingRecord -->
        <test-method status="PASS" signature="afterEachMethod(java.lang.reflect.Method)[pri:0, instance:com.tetherfi.test.UserOnBoardingDivisionLevelUserCreateTest@5e50df2e]" name="afterEachMethod" is-config="true" duration-ms="4478" started-at="2021-08-11T01:54:40 IST" finished-at="2021-08-11T01:54:44 IST">
          <params>
            <param index="0">
              <value>
                <![CDATA[public void com.tetherfi.test.UserOnBoardingDivisionLevelUserCreateTest.VerifySendForApprovalForAddNewUserOnBoardingRecord() throws java.lang.Exception]]>
              </value>
            </param>
          </params>
          <reporter-output>
          </reporter-output>
        </test-method> <!-- afterEachMethod -->
        <test-method status="PASS" signature="NavigateToUserOnBoardingPage(java.lang.reflect.Method)[pri:0, instance:com.tetherfi.test.UserOnBoardingDivisionLevelUserCreateTest@5e50df2e]" name="NavigateToUserOnBoardingPage" is-config="true" duration-ms="23393" started-at="2021-08-11T01:54:44 IST" finished-at="2021-08-11T01:55:08 IST">
          <params>
            <param index="0">
              <value>
                <![CDATA[public void com.tetherfi.test.UserOnBoardingDivisionLevelUserCreateTest.RejectForAddNewUserOnBoardingRecord() throws java.lang.Exception]]>
              </value>
            </param>
          </params>
          <reporter-output>
          </reporter-output>
        </test-method> <!-- NavigateToUserOnBoardingPage -->
        <test-method status="PASS" signature="RejectForAddNewUserOnBoardingRecord()[pri:6, instance:com.tetherfi.test.UserOnBoardingDivisionLevelUserCreateTest@5e50df2e]" name="RejectForAddNewUserOnBoardingRecord" duration-ms="11330" started-at="2021-08-11T01:55:08 IST" finished-at="2021-08-11T01:55:19 IST">
          <reporter-output>
          </reporter-output>
        </test-method> <!-- RejectForAddNewUserOnBoardingRecord -->
        <test-method status="PASS" signature="afterEachMethod(java.lang.reflect.Method)[pri:0, instance:com.tetherfi.test.UserOnBoardingDivisionLevelUserCreateTest@5e50df2e]" name="afterEachMethod" is-config="true" duration-ms="4423" started-at="2021-08-11T01:55:19 IST" finished-at="2021-08-11T01:55:24 IST">
          <params>
            <param index="0">
              <value>
                <![CDATA[public void com.tetherfi.test.UserOnBoardingDivisionLevelUserCreateTest.RejectForAddNewUserOnBoardingRecord() throws java.lang.Exception]]>
              </value>
            </param>
          </params>
          <reporter-output>
          </reporter-output>
        </test-method> <!-- afterEachMethod -->
        <test-method status="PASS" signature="NavigateToUserOnBoardingPage(java.lang.reflect.Method)[pri:0, instance:com.tetherfi.test.UserOnBoardingDivisionLevelUserCreateTest@5e50df2e]" name="NavigateToUserOnBoardingPage" is-config="true" duration-ms="22908" started-at="2021-08-11T01:55:24 IST" finished-at="2021-08-11T01:55:47 IST">
          <params>
            <param index="0">
              <value>
                <![CDATA[public void com.tetherfi.test.UserOnBoardingDivisionLevelUserCreateTest.VerifyAuditTrailReportForReject() throws java.lang.Exception]]>
              </value>
            </param>
          </params>
          <reporter-output>
          </reporter-output>
        </test-method> <!-- NavigateToUserOnBoardingPage -->
        <test-method status="PASS" signature="VerifyAuditTrailReportForReject()[pri:7, instance:com.tetherfi.test.UserOnBoardingDivisionLevelUserCreateTest@5e50df2e]" name="VerifyAuditTrailReportForReject" duration-ms="33858" started-at="2021-08-11T01:55:47 IST" finished-at="2021-08-11T01:56:20 IST">
          <reporter-output>
          </reporter-output>
        </test-method> <!-- VerifyAuditTrailReportForReject -->
        <test-method status="PASS" signature="afterEachMethod(java.lang.reflect.Method)[pri:0, instance:com.tetherfi.test.UserOnBoardingDivisionLevelUserCreateTest@5e50df2e]" name="afterEachMethod" is-config="true" duration-ms="4333" started-at="2021-08-11T01:56:20 IST" finished-at="2021-08-11T01:56:25 IST">
          <params>
            <param index="0">
              <value>
                <![CDATA[public void com.tetherfi.test.UserOnBoardingDivisionLevelUserCreateTest.VerifyAuditTrailReportForReject() throws java.lang.Exception]]>
              </value>
            </param>
          </params>
          <reporter-output>
          </reporter-output>
        </test-method> <!-- afterEachMethod -->
        <test-method status="PASS" signature="NavigateToUserOnBoardingPage(java.lang.reflect.Method)[pri:0, instance:com.tetherfi.test.UserOnBoardingDivisionLevelUserCreateTest@5e50df2e]" name="NavigateToUserOnBoardingPage" is-config="true" duration-ms="23051" started-at="2021-08-11T01:56:25 IST" finished-at="2021-08-11T01:56:48 IST">
          <params>
            <param index="0">
              <value>
                <![CDATA[public void com.tetherfi.test.UserOnBoardingDivisionLevelUserCreateTest.AddNewUserOnBoardingRecord() throws java.lang.Exception]]>
              </value>
            </param>
          </params>
          <reporter-output>
          </reporter-output>
        </test-method> <!-- NavigateToUserOnBoardingPage -->
        <test-method status="PASS" signature="AddNewUserOnBoardingRecord()[pri:8, instance:com.tetherfi.test.UserOnBoardingDivisionLevelUserCreateTest@5e50df2e]" name="AddNewUserOnBoardingRecord" duration-ms="39517" started-at="2021-08-11T01:56:48 IST" finished-at="2021-08-11T01:57:27 IST">
          <reporter-output>
          </reporter-output>
        </test-method> <!-- AddNewUserOnBoardingRecord -->
        <test-method status="PASS" signature="afterEachMethod(java.lang.reflect.Method)[pri:0, instance:com.tetherfi.test.UserOnBoardingDivisionLevelUserCreateTest@5e50df2e]" name="afterEachMethod" is-config="true" duration-ms="5624" started-at="2021-08-11T01:57:27 IST" finished-at="2021-08-11T01:57:33 IST">
          <params>
            <param index="0">
              <value>
                <![CDATA[public void com.tetherfi.test.UserOnBoardingDivisionLevelUserCreateTest.AddNewUserOnBoardingRecord() throws java.lang.Exception]]>
              </value>
            </param>
          </params>
          <reporter-output>
          </reporter-output>
        </test-method> <!-- afterEachMethod -->
        <test-method status="PASS" signature="NavigateToUserOnBoardingPage(java.lang.reflect.Method)[pri:0, instance:com.tetherfi.test.UserOnBoardingDivisionLevelUserCreateTest@5e50df2e]" name="NavigateToUserOnBoardingPage" is-config="true" duration-ms="23547" started-at="2021-08-11T01:57:33 IST" finished-at="2021-08-11T01:57:57 IST">
          <params>
            <param index="0">
              <value>
                <![CDATA[public void com.tetherfi.test.UserOnBoardingDivisionLevelUserCreateTest.VerifyAuditTrailReportForCreate() throws java.lang.Exception]]>
              </value>
            </param>
          </params>
          <reporter-output>
          </reporter-output>
        </test-method> <!-- NavigateToUserOnBoardingPage -->
        <test-method status="PASS" signature="VerifyAuditTrailReportForCreate()[pri:9, instance:com.tetherfi.test.UserOnBoardingDivisionLevelUserCreateTest@5e50df2e]" name="VerifyAuditTrailReportForCreate" duration-ms="34466" started-at="2021-08-11T01:57:57 IST" description="To Verify AuditTrail Report for Record Create" depends-on-methods="com.tetherfi.test.UserOnBoardingDivisionLevelUserCreateTest.AddNewUserOnBoardingRecord" finished-at="2021-08-11T01:58:31 IST">
          <reporter-output>
          </reporter-output>
        </test-method> <!-- VerifyAuditTrailReportForCreate -->
        <test-method status="PASS" signature="afterEachMethod(java.lang.reflect.Method)[pri:0, instance:com.tetherfi.test.UserOnBoardingDivisionLevelUserCreateTest@5e50df2e]" name="afterEachMethod" is-config="true" duration-ms="4514" started-at="2021-08-11T01:58:31 IST" finished-at="2021-08-11T01:58:35 IST">
          <params>
            <param index="0">
              <value>
                <![CDATA[public void com.tetherfi.test.UserOnBoardingDivisionLevelUserCreateTest.VerifyAuditTrailReportForCreate() throws java.lang.Exception]]>
              </value>
            </param>
          </params>
          <reporter-output>
          </reporter-output>
        </test-method> <!-- afterEachMethod -->
        <test-method status="PASS" signature="NavigateToUserOnBoardingPage(java.lang.reflect.Method)[pri:0, instance:com.tetherfi.test.UserOnBoardingDivisionLevelUserCreateTest@5e50df2e]" name="NavigateToUserOnBoardingPage" is-config="true" duration-ms="22318" started-at="2021-08-11T01:58:35 IST" finished-at="2021-08-11T01:58:58 IST">
          <params>
            <param index="0">
              <value>
                <![CDATA[public void com.tetherfi.test.UserOnBoardingDivisionLevelUserCreateTest.VerifyAuditTrailDataForAddNewUserOnBoardingRecord() throws java.lang.Exception]]>
              </value>
            </param>
          </params>
          <reporter-output>
          </reporter-output>
        </test-method> <!-- NavigateToUserOnBoardingPage -->
        <test-method status="PASS" signature="VerifyAuditTrailDataForAddNewUserOnBoardingRecord()[pri:10, instance:com.tetherfi.test.UserOnBoardingDivisionLevelUserCreateTest@5e50df2e]" name="VerifyAuditTrailDataForAddNewUserOnBoardingRecord" duration-ms="10506" started-at="2021-08-11T01:58:58 IST" finished-at="2021-08-11T01:59:08 IST">
          <reporter-output>
          </reporter-output>
        </test-method> <!-- VerifyAuditTrailDataForAddNewUserOnBoardingRecord -->
        <test-method status="PASS" signature="afterEachMethod(java.lang.reflect.Method)[pri:0, instance:com.tetherfi.test.UserOnBoardingDivisionLevelUserCreateTest@5e50df2e]" name="afterEachMethod" is-config="true" duration-ms="4563" started-at="2021-08-11T01:59:08 IST" finished-at="2021-08-11T01:59:13 IST">
          <params>
            <param index="0">
              <value>
                <![CDATA[public void com.tetherfi.test.UserOnBoardingDivisionLevelUserCreateTest.VerifyAuditTrailDataForAddNewUserOnBoardingRecord() throws java.lang.Exception]]>
              </value>
            </param>
          </params>
          <reporter-output>
          </reporter-output>
        </test-method> <!-- afterEachMethod -->
        <test-method status="PASS" signature="NavigateToUserOnBoardingPage(java.lang.reflect.Method)[pri:0, instance:com.tetherfi.test.UserOnBoardingDivisionLevelUserCreateTest@5e50df2e]" name="NavigateToUserOnBoardingPage" is-config="true" duration-ms="22971" started-at="2021-08-11T01:59:13 IST" finished-at="2021-08-11T01:59:36 IST">
          <params>
            <param index="0">
              <value>
                <![CDATA[public void com.tetherfi.test.UserOnBoardingDivisionLevelUserCreateTest.VerifySendForApprovalForAddNewUserOnBoarding() throws java.lang.Exception]]>
              </value>
            </param>
          </params>
          <reporter-output>
          </reporter-output>
        </test-method> <!-- NavigateToUserOnBoardingPage -->
        <test-method status="PASS" signature="VerifySendForApprovalForAddNewUserOnBoarding()[pri:11, instance:com.tetherfi.test.UserOnBoardingDivisionLevelUserCreateTest@5e50df2e]" name="VerifySendForApprovalForAddNewUserOnBoarding" duration-ms="15090" started-at="2021-08-11T01:59:36 IST" finished-at="2021-08-11T01:59:51 IST">
          <reporter-output>
          </reporter-output>
        </test-method> <!-- VerifySendForApprovalForAddNewUserOnBoarding -->
        <test-method status="PASS" signature="afterEachMethod(java.lang.reflect.Method)[pri:0, instance:com.tetherfi.test.UserOnBoardingDivisionLevelUserCreateTest@5e50df2e]" name="afterEachMethod" is-config="true" duration-ms="4512" started-at="2021-08-11T01:59:51 IST" finished-at="2021-08-11T01:59:55 IST">
          <params>
            <param index="0">
              <value>
                <![CDATA[public void com.tetherfi.test.UserOnBoardingDivisionLevelUserCreateTest.VerifySendForApprovalForAddNewUserOnBoarding() throws java.lang.Exception]]>
              </value>
            </param>
          </params>
          <reporter-output>
          </reporter-output>
        </test-method> <!-- afterEachMethod -->
        <test-method status="PASS" signature="NavigateToUserOnBoardingPage(java.lang.reflect.Method)[pri:0, instance:com.tetherfi.test.UserOnBoardingDivisionLevelUserCreateTest@5e50df2e]" name="NavigateToUserOnBoardingPage" is-config="true" duration-ms="22886" started-at="2021-08-11T01:59:55 IST" finished-at="2021-08-11T02:00:18 IST">
          <params>
            <param index="0">
              <value>
                <![CDATA[public void com.tetherfi.test.UserOnBoardingDivisionLevelUserCreateTest.VerifyAuditTrailReportForSendForApproval() throws java.lang.Exception]]>
              </value>
            </param>
          </params>
          <reporter-output>
          </reporter-output>
        </test-method> <!-- NavigateToUserOnBoardingPage -->
        <test-method status="PASS" signature="VerifyAuditTrailReportForSendForApproval()[pri:12, instance:com.tetherfi.test.UserOnBoardingDivisionLevelUserCreateTest@5e50df2e]" name="VerifyAuditTrailReportForSendForApproval" duration-ms="33766" started-at="2021-08-11T02:00:18 IST" finished-at="2021-08-11T02:00:52 IST">
          <reporter-output>
          </reporter-output>
        </test-method> <!-- VerifyAuditTrailReportForSendForApproval -->
        <test-method status="PASS" signature="afterEachMethod(java.lang.reflect.Method)[pri:0, instance:com.tetherfi.test.UserOnBoardingDivisionLevelUserCreateTest@5e50df2e]" name="afterEachMethod" is-config="true" duration-ms="4361" started-at="2021-08-11T02:00:52 IST" finished-at="2021-08-11T02:00:56 IST">
          <params>
            <param index="0">
              <value>
                <![CDATA[public void com.tetherfi.test.UserOnBoardingDivisionLevelUserCreateTest.VerifyAuditTrailReportForSendForApproval() throws java.lang.Exception]]>
              </value>
            </param>
          </params>
          <reporter-output>
          </reporter-output>
        </test-method> <!-- afterEachMethod -->
        <test-method status="PASS" signature="NavigateToUserOnBoardingPage(java.lang.reflect.Method)[pri:0, instance:com.tetherfi.test.UserOnBoardingDivisionLevelUserCreateTest@5e50df2e]" name="NavigateToUserOnBoardingPage" is-config="true" duration-ms="22838" started-at="2021-08-11T02:00:56 IST" finished-at="2021-08-11T02:01:19 IST">
          <params>
            <param index="0">
              <value>
                <![CDATA[public void com.tetherfi.test.UserOnBoardingDivisionLevelUserCreateTest.ApproveforAddNewUserOnBoardingRecord() throws java.lang.Exception]]>
              </value>
            </param>
          </params>
          <reporter-output>
          </reporter-output>
        </test-method> <!-- NavigateToUserOnBoardingPage -->
        <test-method status="PASS" signature="ApproveforAddNewUserOnBoardingRecord()[pri:13, instance:com.tetherfi.test.UserOnBoardingDivisionLevelUserCreateTest@5e50df2e]" name="ApproveforAddNewUserOnBoardingRecord" duration-ms="12355" started-at="2021-08-11T02:01:19 IST" finished-at="2021-08-11T02:01:32 IST">
          <reporter-output>
          </reporter-output>
        </test-method> <!-- ApproveforAddNewUserOnBoardingRecord -->
        <test-method status="PASS" signature="afterEachMethod(java.lang.reflect.Method)[pri:0, instance:com.tetherfi.test.UserOnBoardingDivisionLevelUserCreateTest@5e50df2e]" name="afterEachMethod" is-config="true" duration-ms="4500" started-at="2021-08-11T02:01:32 IST" finished-at="2021-08-11T02:01:36 IST">
          <params>
            <param index="0">
              <value>
                <![CDATA[public void com.tetherfi.test.UserOnBoardingDivisionLevelUserCreateTest.ApproveforAddNewUserOnBoardingRecord() throws java.lang.Exception]]>
              </value>
            </param>
          </params>
          <reporter-output>
          </reporter-output>
        </test-method> <!-- afterEachMethod -->
        <test-method status="PASS" signature="NavigateToUserOnBoardingPage(java.lang.reflect.Method)[pri:0, instance:com.tetherfi.test.UserOnBoardingDivisionLevelUserCreateTest@5e50df2e]" name="NavigateToUserOnBoardingPage" is-config="true" duration-ms="22397" started-at="2021-08-11T02:01:36 IST" finished-at="2021-08-11T02:01:59 IST">
          <params>
            <param index="0">
              <value>
                <![CDATA[public void com.tetherfi.test.UserOnBoardingDivisionLevelUserCreateTest.VerifyAuditTrailReportForApprove() throws java.lang.Exception]]>
              </value>
            </param>
          </params>
          <reporter-output>
          </reporter-output>
        </test-method> <!-- NavigateToUserOnBoardingPage -->
        <test-method status="PASS" signature="VerifyAuditTrailReportForApprove()[pri:14, instance:com.tetherfi.test.UserOnBoardingDivisionLevelUserCreateTest@5e50df2e]" name="VerifyAuditTrailReportForApprove" duration-ms="34550" started-at="2021-08-11T02:01:59 IST" finished-at="2021-08-11T02:02:33 IST">
          <reporter-output>
          </reporter-output>
        </test-method> <!-- VerifyAuditTrailReportForApprove -->
        <test-method status="PASS" signature="afterEachMethod(java.lang.reflect.Method)[pri:0, instance:com.tetherfi.test.UserOnBoardingDivisionLevelUserCreateTest@5e50df2e]" name="afterEachMethod" is-config="true" duration-ms="4366" started-at="2021-08-11T02:02:33 IST" finished-at="2021-08-11T02:02:37 IST">
          <params>
            <param index="0">
              <value>
                <![CDATA[public void com.tetherfi.test.UserOnBoardingDivisionLevelUserCreateTest.VerifyAuditTrailReportForApprove() throws java.lang.Exception]]>
              </value>
            </param>
          </params>
          <reporter-output>
          </reporter-output>
        </test-method> <!-- afterEachMethod -->
        <test-method status="PASS" signature="NavigateToUserOnBoardingPage(java.lang.reflect.Method)[pri:0, instance:com.tetherfi.test.UserOnBoardingDivisionLevelUserCreateTest@5e50df2e]" name="NavigateToUserOnBoardingPage" is-config="true" duration-ms="22437" started-at="2021-08-11T02:02:37 IST" finished-at="2021-08-11T02:03:00 IST">
          <params>
            <param index="0">
              <value>
                <![CDATA[public void com.tetherfi.test.UserOnBoardingDivisionLevelUserCreateTest.AddDuplicateUserOnBoardingRecord() throws java.lang.Exception]]>
              </value>
            </param>
          </params>
          <reporter-output>
          </reporter-output>
        </test-method> <!-- NavigateToUserOnBoardingPage -->
        <test-method status="PASS" signature="AddDuplicateUserOnBoardingRecord()[pri:15, instance:com.tetherfi.test.UserOnBoardingDivisionLevelUserCreateTest@5e50df2e]" name="AddDuplicateUserOnBoardingRecord" duration-ms="37770" started-at="2021-08-11T02:03:00 IST" description="To Verify Add Reord to Approve " finished-at="2021-08-11T02:03:38 IST">
          <reporter-output>
          </reporter-output>
        </test-method> <!-- AddDuplicateUserOnBoardingRecord -->
        <test-method status="PASS" signature="afterEachMethod(java.lang.reflect.Method)[pri:0, instance:com.tetherfi.test.UserOnBoardingDivisionLevelUserCreateTest@5e50df2e]" name="afterEachMethod" is-config="true" duration-ms="5057" started-at="2021-08-11T02:03:38 IST" finished-at="2021-08-11T02:03:43 IST">
          <params>
            <param index="0">
              <value>
                <![CDATA[public void com.tetherfi.test.UserOnBoardingDivisionLevelUserCreateTest.AddDuplicateUserOnBoardingRecord() throws java.lang.Exception]]>
              </value>
            </param>
          </params>
          <reporter-output>
          </reporter-output>
        </test-method> <!-- afterEachMethod -->
      </class> <!-- com.tetherfi.test.UserOnBoardingDivisionLevelUserCreateTest -->
      <class name="com.tetherfi.test.UserOnBoardingCountryLevelUserCreateTest">
        <test-method status="PASS" signature="NavigateToUserOnBoardingPage(java.lang.reflect.Method)[pri:0, instance:com.tetherfi.test.UserOnBoardingCountryLevelUserCreateTest@42679fc2]" name="NavigateToUserOnBoardingPage" is-config="true" duration-ms="28054" started-at="2021-08-11T01:35:54 IST" finished-at="2021-08-11T01:36:22 IST">
          <params>
            <param index="0">
              <value>
                <![CDATA[public void com.tetherfi.test.UserOnBoardingCountryLevelUserCreateTest.VerifyAddRevertRecord() throws java.lang.Exception]]>
              </value>
            </param>
          </params>
          <reporter-output>
          </reporter-output>
        </test-method> <!-- NavigateToUserOnBoardingPage -->
        <test-method status="PASS" signature="VerifyAddRevertRecord()[pri:1, instance:com.tetherfi.test.UserOnBoardingCountryLevelUserCreateTest@42679fc2]" name="VerifyAddRevertRecord" duration-ms="35450" started-at="2021-08-11T01:36:22 IST" description="Add Record to Verify Revert " finished-at="2021-08-11T01:36:57 IST">
          <reporter-output>
          </reporter-output>
        </test-method> <!-- VerifyAddRevertRecord -->
        <test-method status="PASS" signature="afterEachMethod(java.lang.reflect.Method)[pri:0, instance:com.tetherfi.test.UserOnBoardingCountryLevelUserCreateTest@42679fc2]" name="afterEachMethod" is-config="true" duration-ms="5314" started-at="2021-08-11T01:36:57 IST" finished-at="2021-08-11T01:37:03 IST">
          <params>
            <param index="0">
              <value>
                <![CDATA[public void com.tetherfi.test.UserOnBoardingCountryLevelUserCreateTest.VerifyAddRevertRecord() throws java.lang.Exception]]>
              </value>
            </param>
          </params>
          <reporter-output>
          </reporter-output>
        </test-method> <!-- afterEachMethod -->
        <test-method status="PASS" signature="NavigateToUserOnBoardingPage(java.lang.reflect.Method)[pri:0, instance:com.tetherfi.test.UserOnBoardingCountryLevelUserCreateTest@42679fc2]" name="NavigateToUserOnBoardingPage" is-config="true" duration-ms="24650" started-at="2021-08-11T01:37:03 IST" finished-at="2021-08-11T01:37:27 IST">
          <params>
            <param index="0">
              <value>
                <![CDATA[public void com.tetherfi.test.UserOnBoardingCountryLevelUserCreateTest.VerifyRevertForAddNewRecord() throws java.lang.Exception]]>
              </value>
            </param>
          </params>
          <reporter-output>
          </reporter-output>
        </test-method> <!-- NavigateToUserOnBoardingPage -->
        <test-method status="PASS" signature="VerifyRevertForAddNewRecord()[pri:2, instance:com.tetherfi.test.UserOnBoardingCountryLevelUserCreateTest@42679fc2]" name="VerifyRevertForAddNewRecord" duration-ms="16492" started-at="2021-08-11T01:37:27 IST" finished-at="2021-08-11T01:37:44 IST">
          <reporter-output>
          </reporter-output>
        </test-method> <!-- VerifyRevertForAddNewRecord -->
        <test-method status="PASS" signature="afterEachMethod(java.lang.reflect.Method)[pri:0, instance:com.tetherfi.test.UserOnBoardingCountryLevelUserCreateTest@42679fc2]" name="afterEachMethod" is-config="true" duration-ms="4532" started-at="2021-08-11T01:37:44 IST" finished-at="2021-08-11T01:37:48 IST">
          <params>
            <param index="0">
              <value>
                <![CDATA[public void com.tetherfi.test.UserOnBoardingCountryLevelUserCreateTest.VerifyRevertForAddNewRecord() throws java.lang.Exception]]>
              </value>
            </param>
          </params>
          <reporter-output>
          </reporter-output>
        </test-method> <!-- afterEachMethod -->
        <test-method status="PASS" signature="NavigateToUserOnBoardingPage(java.lang.reflect.Method)[pri:0, instance:com.tetherfi.test.UserOnBoardingCountryLevelUserCreateTest@42679fc2]" name="NavigateToUserOnBoardingPage" is-config="true" duration-ms="24750" started-at="2021-08-11T01:37:48 IST" finished-at="2021-08-11T01:38:13 IST">
          <params>
            <param index="0">
              <value>
                <![CDATA[public void com.tetherfi.test.UserOnBoardingCountryLevelUserCreateTest.VerifyAuditTrailReportForRevert() throws java.lang.Exception]]>
              </value>
            </param>
          </params>
          <reporter-output>
          </reporter-output>
        </test-method> <!-- NavigateToUserOnBoardingPage -->
        <test-method status="PASS" signature="VerifyAuditTrailReportForRevert()[pri:3, instance:com.tetherfi.test.UserOnBoardingCountryLevelUserCreateTest@42679fc2]" name="VerifyAuditTrailReportForRevert" duration-ms="37289" started-at="2021-08-11T01:38:13 IST" finished-at="2021-08-11T01:38:50 IST">
          <reporter-output>
          </reporter-output>
        </test-method> <!-- VerifyAuditTrailReportForRevert -->
        <test-method status="PASS" signature="afterEachMethod(java.lang.reflect.Method)[pri:0, instance:com.tetherfi.test.UserOnBoardingCountryLevelUserCreateTest@42679fc2]" name="afterEachMethod" is-config="true" duration-ms="6824" started-at="2021-08-11T01:38:50 IST" finished-at="2021-08-11T01:38:57 IST">
          <params>
            <param index="0">
              <value>
                <![CDATA[public void com.tetherfi.test.UserOnBoardingCountryLevelUserCreateTest.VerifyAuditTrailReportForRevert() throws java.lang.Exception]]>
              </value>
            </param>
          </params>
          <reporter-output>
          </reporter-output>
        </test-method> <!-- afterEachMethod -->
        <test-method status="PASS" signature="NavigateToUserOnBoardingPage(java.lang.reflect.Method)[pri:0, instance:com.tetherfi.test.UserOnBoardingCountryLevelUserCreateTest@42679fc2]" name="NavigateToUserOnBoardingPage" is-config="true" duration-ms="27717" started-at="2021-08-11T01:38:57 IST" finished-at="2021-08-11T01:39:25 IST">
          <params>
            <param index="0">
              <value>
                <![CDATA[public void com.tetherfi.test.UserOnBoardingCountryLevelUserCreateTest.AddRejectRecord() throws java.lang.Exception]]>
              </value>
            </param>
          </params>
          <reporter-output>
          </reporter-output>
        </test-method> <!-- NavigateToUserOnBoardingPage -->
        <test-method status="PASS" signature="AddRejectRecord()[pri:4, instance:com.tetherfi.test.UserOnBoardingCountryLevelUserCreateTest@42679fc2]" name="AddRejectRecord" duration-ms="32473" started-at="2021-08-11T01:39:25 IST" finished-at="2021-08-11T01:39:57 IST">
          <reporter-output>
          </reporter-output>
        </test-method> <!-- AddRejectRecord -->
        <test-method status="PASS" signature="afterEachMethod(java.lang.reflect.Method)[pri:0, instance:com.tetherfi.test.UserOnBoardingCountryLevelUserCreateTest@42679fc2]" name="afterEachMethod" is-config="true" duration-ms="5261" started-at="2021-08-11T01:39:57 IST" finished-at="2021-08-11T01:40:03 IST">
          <params>
            <param index="0">
              <value>
                <![CDATA[public void com.tetherfi.test.UserOnBoardingCountryLevelUserCreateTest.AddRejectRecord() throws java.lang.Exception]]>
              </value>
            </param>
          </params>
          <reporter-output>
          </reporter-output>
        </test-method> <!-- afterEachMethod -->
        <test-method status="PASS" signature="NavigateToUserOnBoardingPage(java.lang.reflect.Method)[pri:0, instance:com.tetherfi.test.UserOnBoardingCountryLevelUserCreateTest@42679fc2]" name="NavigateToUserOnBoardingPage" is-config="true" duration-ms="24938" started-at="2021-08-11T01:40:03 IST" finished-at="2021-08-11T01:40:27 IST">
          <params>
            <param index="0">
              <value>
                <![CDATA[public void com.tetherfi.test.UserOnBoardingCountryLevelUserCreateTest.VerifySendForApprovalForAddNewUserOnBoardingRecord() throws java.lang.Exception]]>
              </value>
            </param>
          </params>
          <reporter-output>
          </reporter-output>
        </test-method> <!-- NavigateToUserOnBoardingPage -->
        <test-method status="PASS" signature="VerifySendForApprovalForAddNewUserOnBoardingRecord()[pri:5, instance:com.tetherfi.test.UserOnBoardingCountryLevelUserCreateTest@42679fc2]" name="VerifySendForApprovalForAddNewUserOnBoardingRecord" duration-ms="15097" started-at="2021-08-11T01:40:27 IST" finished-at="2021-08-11T01:40:43 IST">
          <reporter-output>
          </reporter-output>
        </test-method> <!-- VerifySendForApprovalForAddNewUserOnBoardingRecord -->
        <test-method status="PASS" signature="afterEachMethod(java.lang.reflect.Method)[pri:0, instance:com.tetherfi.test.UserOnBoardingCountryLevelUserCreateTest@42679fc2]" name="afterEachMethod" is-config="true" duration-ms="6795" started-at="2021-08-11T01:40:43 IST" finished-at="2021-08-11T01:40:49 IST">
          <params>
            <param index="0">
              <value>
                <![CDATA[public void com.tetherfi.test.UserOnBoardingCountryLevelUserCreateTest.VerifySendForApprovalForAddNewUserOnBoardingRecord() throws java.lang.Exception]]>
              </value>
            </param>
          </params>
          <reporter-output>
          </reporter-output>
        </test-method> <!-- afterEachMethod -->
        <test-method status="PASS" signature="NavigateToUserOnBoardingPage(java.lang.reflect.Method)[pri:0, instance:com.tetherfi.test.UserOnBoardingCountryLevelUserCreateTest@42679fc2]" name="NavigateToUserOnBoardingPage" is-config="true" duration-ms="22976" started-at="2021-08-11T01:40:49 IST" finished-at="2021-08-11T01:41:12 IST">
          <params>
            <param index="0">
              <value>
                <![CDATA[public void com.tetherfi.test.UserOnBoardingCountryLevelUserCreateTest.RejectForAddNewUserOnBoardingRecord() throws java.lang.Exception]]>
              </value>
            </param>
          </params>
          <reporter-output>
          </reporter-output>
        </test-method> <!-- NavigateToUserOnBoardingPage -->
        <test-method status="PASS" signature="RejectForAddNewUserOnBoardingRecord()[pri:6, instance:com.tetherfi.test.UserOnBoardingCountryLevelUserCreateTest@42679fc2]" name="RejectForAddNewUserOnBoardingRecord" duration-ms="11795" started-at="2021-08-11T01:41:12 IST" finished-at="2021-08-11T01:41:24 IST">
          <reporter-output>
          </reporter-output>
        </test-method> <!-- RejectForAddNewUserOnBoardingRecord -->
        <test-method status="PASS" signature="afterEachMethod(java.lang.reflect.Method)[pri:0, instance:com.tetherfi.test.UserOnBoardingCountryLevelUserCreateTest@42679fc2]" name="afterEachMethod" is-config="true" duration-ms="4762" started-at="2021-08-11T01:41:24 IST" finished-at="2021-08-11T01:41:29 IST">
          <params>
            <param index="0">
              <value>
                <![CDATA[public void com.tetherfi.test.UserOnBoardingCountryLevelUserCreateTest.RejectForAddNewUserOnBoardingRecord() throws java.lang.Exception]]>
              </value>
            </param>
          </params>
          <reporter-output>
          </reporter-output>
        </test-method> <!-- afterEachMethod -->
        <test-method status="PASS" signature="NavigateToUserOnBoardingPage(java.lang.reflect.Method)[pri:0, instance:com.tetherfi.test.UserOnBoardingCountryLevelUserCreateTest@42679fc2]" name="NavigateToUserOnBoardingPage" is-config="true" duration-ms="24021" started-at="2021-08-11T01:41:29 IST" finished-at="2021-08-11T01:41:53 IST">
          <params>
            <param index="0">
              <value>
                <![CDATA[public void com.tetherfi.test.UserOnBoardingCountryLevelUserCreateTest.VerifyAuditTrailReportForReject() throws java.lang.Exception]]>
              </value>
            </param>
          </params>
          <reporter-output>
          </reporter-output>
        </test-method> <!-- NavigateToUserOnBoardingPage -->
        <test-method status="PASS" signature="VerifyAuditTrailReportForReject()[pri:7, instance:com.tetherfi.test.UserOnBoardingCountryLevelUserCreateTest@42679fc2]" name="VerifyAuditTrailReportForReject" duration-ms="33321" started-at="2021-08-11T01:41:53 IST" finished-at="2021-08-11T01:42:26 IST">
          <reporter-output>
          </reporter-output>
        </test-method> <!-- VerifyAuditTrailReportForReject -->
        <test-method status="PASS" signature="afterEachMethod(java.lang.reflect.Method)[pri:0, instance:com.tetherfi.test.UserOnBoardingCountryLevelUserCreateTest@42679fc2]" name="afterEachMethod" is-config="true" duration-ms="4059" started-at="2021-08-11T01:42:26 IST" finished-at="2021-08-11T01:42:30 IST">
          <params>
            <param index="0">
              <value>
                <![CDATA[public void com.tetherfi.test.UserOnBoardingCountryLevelUserCreateTest.VerifyAuditTrailReportForReject() throws java.lang.Exception]]>
              </value>
            </param>
          </params>
          <reporter-output>
          </reporter-output>
        </test-method> <!-- afterEachMethod -->
        <test-method status="PASS" signature="NavigateToUserOnBoardingPage(java.lang.reflect.Method)[pri:0, instance:com.tetherfi.test.UserOnBoardingCountryLevelUserCreateTest@42679fc2]" name="NavigateToUserOnBoardingPage" is-config="true" duration-ms="24841" started-at="2021-08-11T01:42:30 IST" finished-at="2021-08-11T01:42:55 IST">
          <params>
            <param index="0">
              <value>
                <![CDATA[public void com.tetherfi.test.UserOnBoardingCountryLevelUserCreateTest.AddNewUserOnBoardingRecord() throws java.lang.Exception]]>
              </value>
            </param>
          </params>
          <reporter-output>
          </reporter-output>
        </test-method> <!-- NavigateToUserOnBoardingPage -->
        <test-method status="PASS" signature="AddNewUserOnBoardingRecord()[pri:8, instance:com.tetherfi.test.UserOnBoardingCountryLevelUserCreateTest@42679fc2]" name="AddNewUserOnBoardingRecord" duration-ms="32653" started-at="2021-08-11T01:42:55 IST" finished-at="2021-08-11T01:43:28 IST">
          <reporter-output>
          </reporter-output>
        </test-method> <!-- AddNewUserOnBoardingRecord -->
        <test-method status="PASS" signature="afterEachMethod(java.lang.reflect.Method)[pri:0, instance:com.tetherfi.test.UserOnBoardingCountryLevelUserCreateTest@42679fc2]" name="afterEachMethod" is-config="true" duration-ms="5462" started-at="2021-08-11T01:43:28 IST" finished-at="2021-08-11T01:43:33 IST">
          <params>
            <param index="0">
              <value>
                <![CDATA[public void com.tetherfi.test.UserOnBoardingCountryLevelUserCreateTest.AddNewUserOnBoardingRecord() throws java.lang.Exception]]>
              </value>
            </param>
          </params>
          <reporter-output>
          </reporter-output>
        </test-method> <!-- afterEachMethod -->
        <test-method status="PASS" signature="NavigateToUserOnBoardingPage(java.lang.reflect.Method)[pri:0, instance:com.tetherfi.test.UserOnBoardingCountryLevelUserCreateTest@42679fc2]" name="NavigateToUserOnBoardingPage" is-config="true" duration-ms="24555" started-at="2021-08-11T01:43:33 IST" finished-at="2021-08-11T01:43:58 IST">
          <params>
            <param index="0">
              <value>
                <![CDATA[public void com.tetherfi.test.UserOnBoardingCountryLevelUserCreateTest.VerifyAuditTrailReportForCreate() throws java.lang.Exception]]>
              </value>
            </param>
          </params>
          <reporter-output>
          </reporter-output>
        </test-method> <!-- NavigateToUserOnBoardingPage -->
        <test-method status="PASS" signature="VerifyAuditTrailReportForCreate()[pri:9, instance:com.tetherfi.test.UserOnBoardingCountryLevelUserCreateTest@42679fc2]" name="VerifyAuditTrailReportForCreate" duration-ms="33939" started-at="2021-08-11T01:43:58 IST" finished-at="2021-08-11T01:44:32 IST">
          <reporter-output>
          </reporter-output>
        </test-method> <!-- VerifyAuditTrailReportForCreate -->
        <test-method status="PASS" signature="afterEachMethod(java.lang.reflect.Method)[pri:0, instance:com.tetherfi.test.UserOnBoardingCountryLevelUserCreateTest@42679fc2]" name="afterEachMethod" is-config="true" duration-ms="4409" started-at="2021-08-11T01:44:32 IST" finished-at="2021-08-11T01:44:36 IST">
          <params>
            <param index="0">
              <value>
                <![CDATA[public void com.tetherfi.test.UserOnBoardingCountryLevelUserCreateTest.VerifyAuditTrailReportForCreate() throws java.lang.Exception]]>
              </value>
            </param>
          </params>
          <reporter-output>
          </reporter-output>
        </test-method> <!-- afterEachMethod -->
        <test-method status="PASS" signature="NavigateToUserOnBoardingPage(java.lang.reflect.Method)[pri:0, instance:com.tetherfi.test.UserOnBoardingCountryLevelUserCreateTest@42679fc2]" name="NavigateToUserOnBoardingPage" is-config="true" duration-ms="24411" started-at="2021-08-11T01:44:36 IST" finished-at="2021-08-11T01:45:01 IST">
          <params>
            <param index="0">
              <value>
                <![CDATA[public void com.tetherfi.test.UserOnBoardingCountryLevelUserCreateTest.VerifyAuditTrailDataForAddNewUserOnBoardingRecord() throws java.lang.Exception]]>
              </value>
            </param>
          </params>
          <reporter-output>
          </reporter-output>
        </test-method> <!-- NavigateToUserOnBoardingPage -->
        <test-method status="PASS" signature="VerifyAuditTrailDataForAddNewUserOnBoardingRecord()[pri:10, instance:com.tetherfi.test.UserOnBoardingCountryLevelUserCreateTest@42679fc2]" name="VerifyAuditTrailDataForAddNewUserOnBoardingRecord" duration-ms="10374" started-at="2021-08-11T01:45:01 IST" finished-at="2021-08-11T01:45:11 IST">
          <reporter-output>
          </reporter-output>
        </test-method> <!-- VerifyAuditTrailDataForAddNewUserOnBoardingRecord -->
        <test-method status="PASS" signature="afterEachMethod(java.lang.reflect.Method)[pri:0, instance:com.tetherfi.test.UserOnBoardingCountryLevelUserCreateTest@42679fc2]" name="afterEachMethod" is-config="true" duration-ms="11609" started-at="2021-08-11T01:45:11 IST" finished-at="2021-08-11T01:45:23 IST">
          <params>
            <param index="0">
              <value>
                <![CDATA[public void com.tetherfi.test.UserOnBoardingCountryLevelUserCreateTest.VerifyAuditTrailDataForAddNewUserOnBoardingRecord() throws java.lang.Exception]]>
              </value>
            </param>
          </params>
          <reporter-output>
          </reporter-output>
        </test-method> <!-- afterEachMethod -->
        <test-method status="PASS" signature="NavigateToUserOnBoardingPage(java.lang.reflect.Method)[pri:0, instance:com.tetherfi.test.UserOnBoardingCountryLevelUserCreateTest@42679fc2]" name="NavigateToUserOnBoardingPage" is-config="true" duration-ms="25750" started-at="2021-08-11T01:45:23 IST" finished-at="2021-08-11T01:45:48 IST">
          <params>
            <param index="0">
              <value>
                <![CDATA[public void com.tetherfi.test.UserOnBoardingCountryLevelUserCreateTest.VerifySendForApprovalForAddNewUserOnBoarding() throws java.lang.Exception]]>
              </value>
            </param>
          </params>
          <reporter-output>
          </reporter-output>
        </test-method> <!-- NavigateToUserOnBoardingPage -->
        <test-method status="PASS" signature="VerifySendForApprovalForAddNewUserOnBoarding()[pri:11, instance:com.tetherfi.test.UserOnBoardingCountryLevelUserCreateTest@42679fc2]" name="VerifySendForApprovalForAddNewUserOnBoarding" duration-ms="15327" started-at="2021-08-11T01:45:48 IST" finished-at="2021-08-11T01:46:04 IST">
          <reporter-output>
          </reporter-output>
        </test-method> <!-- VerifySendForApprovalForAddNewUserOnBoarding -->
        <test-method status="PASS" signature="afterEachMethod(java.lang.reflect.Method)[pri:0, instance:com.tetherfi.test.UserOnBoardingCountryLevelUserCreateTest@42679fc2]" name="afterEachMethod" is-config="true" duration-ms="4500" started-at="2021-08-11T01:46:04 IST" finished-at="2021-08-11T01:46:08 IST">
          <params>
            <param index="0">
              <value>
                <![CDATA[public void com.tetherfi.test.UserOnBoardingCountryLevelUserCreateTest.VerifySendForApprovalForAddNewUserOnBoarding() throws java.lang.Exception]]>
              </value>
            </param>
          </params>
          <reporter-output>
          </reporter-output>
        </test-method> <!-- afterEachMethod -->
        <test-method status="PASS" signature="NavigateToUserOnBoardingPage(java.lang.reflect.Method)[pri:0, instance:com.tetherfi.test.UserOnBoardingCountryLevelUserCreateTest@42679fc2]" name="NavigateToUserOnBoardingPage" is-config="true" duration-ms="23678" started-at="2021-08-11T01:46:08 IST" finished-at="2021-08-11T01:46:32 IST">
          <params>
            <param index="0">
              <value>
                <![CDATA[public void com.tetherfi.test.UserOnBoardingCountryLevelUserCreateTest.VerifyAuditTrailReportForSendForApproval() throws java.lang.Exception]]>
              </value>
            </param>
          </params>
          <reporter-output>
          </reporter-output>
        </test-method> <!-- NavigateToUserOnBoardingPage -->
        <test-method status="PASS" signature="VerifyAuditTrailReportForSendForApproval()[pri:12, instance:com.tetherfi.test.UserOnBoardingCountryLevelUserCreateTest@42679fc2]" name="VerifyAuditTrailReportForSendForApproval" duration-ms="33020" started-at="2021-08-11T01:46:32 IST" finished-at="2021-08-11T01:47:05 IST">
          <reporter-output>
          </reporter-output>
        </test-method> <!-- VerifyAuditTrailReportForSendForApproval -->
        <test-method status="PASS" signature="afterEachMethod(java.lang.reflect.Method)[pri:0, instance:com.tetherfi.test.UserOnBoardingCountryLevelUserCreateTest@42679fc2]" name="afterEachMethod" is-config="true" duration-ms="4323" started-at="2021-08-11T01:47:05 IST" finished-at="2021-08-11T01:47:09 IST">
          <params>
            <param index="0">
              <value>
                <![CDATA[public void com.tetherfi.test.UserOnBoardingCountryLevelUserCreateTest.VerifyAuditTrailReportForSendForApproval() throws java.lang.Exception]]>
              </value>
            </param>
          </params>
          <reporter-output>
          </reporter-output>
        </test-method> <!-- afterEachMethod -->
        <test-method status="PASS" signature="NavigateToUserOnBoardingPage(java.lang.reflect.Method)[pri:0, instance:com.tetherfi.test.UserOnBoardingCountryLevelUserCreateTest@42679fc2]" name="NavigateToUserOnBoardingPage" is-config="true" duration-ms="23077" started-at="2021-08-11T01:47:09 IST" finished-at="2021-08-11T01:47:32 IST">
          <params>
            <param index="0">
              <value>
                <![CDATA[public void com.tetherfi.test.UserOnBoardingCountryLevelUserCreateTest.ApproveforAddNewUserOnBoardingRecord() throws java.lang.Exception]]>
              </value>
            </param>
          </params>
          <reporter-output>
          </reporter-output>
        </test-method> <!-- NavigateToUserOnBoardingPage -->
        <test-method status="PASS" signature="ApproveforAddNewUserOnBoardingRecord()[pri:13, instance:com.tetherfi.test.UserOnBoardingCountryLevelUserCreateTest@42679fc2]" name="ApproveforAddNewUserOnBoardingRecord" duration-ms="13090" started-at="2021-08-11T01:47:32 IST" finished-at="2021-08-11T01:47:45 IST">
          <reporter-output>
          </reporter-output>
        </test-method> <!-- ApproveforAddNewUserOnBoardingRecord -->
        <test-method status="PASS" signature="afterEachMethod(java.lang.reflect.Method)[pri:0, instance:com.tetherfi.test.UserOnBoardingCountryLevelUserCreateTest@42679fc2]" name="afterEachMethod" is-config="true" duration-ms="5598" started-at="2021-08-11T01:47:45 IST" finished-at="2021-08-11T01:47:51 IST">
          <params>
            <param index="0">
              <value>
                <![CDATA[public void com.tetherfi.test.UserOnBoardingCountryLevelUserCreateTest.ApproveforAddNewUserOnBoardingRecord() throws java.lang.Exception]]>
              </value>
            </param>
          </params>
          <reporter-output>
          </reporter-output>
        </test-method> <!-- afterEachMethod -->
        <test-method status="PASS" signature="NavigateToUserOnBoardingPage(java.lang.reflect.Method)[pri:0, instance:com.tetherfi.test.UserOnBoardingCountryLevelUserCreateTest@42679fc2]" name="NavigateToUserOnBoardingPage" is-config="true" duration-ms="22803" started-at="2021-08-11T01:47:51 IST" finished-at="2021-08-11T01:48:14 IST">
          <params>
            <param index="0">
              <value>
                <![CDATA[public void com.tetherfi.test.UserOnBoardingCountryLevelUserCreateTest.VerifyAuditTrailReportForApprove() throws java.lang.Exception]]>
              </value>
            </param>
          </params>
          <reporter-output>
          </reporter-output>
        </test-method> <!-- NavigateToUserOnBoardingPage -->
        <test-method status="PASS" signature="VerifyAuditTrailReportForApprove()[pri:14, instance:com.tetherfi.test.UserOnBoardingCountryLevelUserCreateTest@42679fc2]" name="VerifyAuditTrailReportForApprove" duration-ms="34347" started-at="2021-08-11T01:48:14 IST" finished-at="2021-08-11T01:48:48 IST">
          <reporter-output>
          </reporter-output>
        </test-method> <!-- VerifyAuditTrailReportForApprove -->
        <test-method status="PASS" signature="afterEachMethod(java.lang.reflect.Method)[pri:0, instance:com.tetherfi.test.UserOnBoardingCountryLevelUserCreateTest@42679fc2]" name="afterEachMethod" is-config="true" duration-ms="7994" started-at="2021-08-11T01:48:48 IST" finished-at="2021-08-11T01:48:56 IST">
          <params>
            <param index="0">
              <value>
                <![CDATA[public void com.tetherfi.test.UserOnBoardingCountryLevelUserCreateTest.VerifyAuditTrailReportForApprove() throws java.lang.Exception]]>
              </value>
            </param>
          </params>
          <reporter-output>
          </reporter-output>
        </test-method> <!-- afterEachMethod -->
        <test-method status="PASS" signature="NavigateToUserOnBoardingPage(java.lang.reflect.Method)[pri:0, instance:com.tetherfi.test.UserOnBoardingCountryLevelUserCreateTest@42679fc2]" name="NavigateToUserOnBoardingPage" is-config="true" duration-ms="23272" started-at="2021-08-11T01:48:56 IST" finished-at="2021-08-11T01:49:19 IST">
[...]
          </reporter-output>
        </test-method> <!-- VerifyAuditTrailDataForAddNewUserOnBoardingRecord -->
        <test-method status="PASS" signature="afterEachMethod(java.lang.reflect.Method)[pri:0, instance:com.tetherfi.test.UserOnBoardingTeamLevelUserCreateTest@c2cf597]" name="afterEachMethod" is-config="true" duration-ms="4763" started-at="2021-08-11T02:28:13 IST" finished-at="2021-08-11T02:28:18 IST">
          <params>
            <param index="0">
              <value>
                <![CDATA[public void com.tetherfi.test.UserOnBoardingTeamLevelUserCreateTest.VerifyAuditTrailDataForAddNewUserOnBoardingRecord() throws java.lang.Exception]]>
              </value>
            </param>
          </params>
          <reporter-output>
          </reporter-output>
        </test-method> <!-- afterEachMethod -->
        <test-method status="PASS" signature="NavigateToUserOnBoardingPage(java.lang.reflect.Method)[pri:0, instance:com.tetherfi.test.UserOnBoardingTeamLevelUserCreateTest@c2cf597]" name="NavigateToUserOnBoardingPage" is-config="true" duration-ms="22631" started-at="2021-08-11T02:28:18 IST" finished-at="2021-08-11T02:28:40 IST">
          <params>
            <param index="0">
              <value>
                <![CDATA[public void com.tetherfi.test.UserOnBoardingTeamLevelUserCreateTest.VerifySendForApprovalForAddNewUserOnBoarding() throws java.lang.Exception]]>
              </value>
            </param>
          </params>
          <reporter-output>
          </reporter-output>
        </test-method> <!-- NavigateToUserOnBoardingPage -->
        <test-method status="PASS" signature="VerifySendForApprovalForAddNewUserOnBoarding()[pri:11, instance:com.tetherfi.test.UserOnBoardingTeamLevelUserCreateTest@c2cf597]" name="VerifySendForApprovalForAddNewUserOnBoarding" duration-ms="14689" started-at="2021-08-11T02:28:40 IST" finished-at="2021-08-11T02:28:55 IST">
          <reporter-output>
          </reporter-output>
        </test-method> <!-- VerifySendForApprovalForAddNewUserOnBoarding -->
        <test-method status="PASS" signature="afterEachMethod(java.lang.reflect.Method)[pri:0, instance:com.tetherfi.test.UserOnBoardingTeamLevelUserCreateTest@c2cf597]" name="afterEachMethod" is-config="true" duration-ms="4535" started-at="2021-08-11T02:28:55 IST" finished-at="2021-08-11T02:28:59 IST">
          <params>
            <param index="0">
              <value>
                <![CDATA[public void com.tetherfi.test.UserOnBoardingTeamLevelUserCreateTest.VerifySendForApprovalForAddNewUserOnBoarding() throws java.lang.Exception]]>
              </value>
            </param>
          </params>
          <reporter-output>
          </reporter-output>
        </test-method> <!-- afterEachMethod -->
        <test-method status="PASS" signature="NavigateToUserOnBoardingPage(java.lang.reflect.Method)[pri:0, instance:com.tetherfi.test.UserOnBoardingTeamLevelUserCreateTest@c2cf597]" name="NavigateToUserOnBoardingPage" is-config="true" duration-ms="22903" started-at="2021-08-11T02:28:59 IST" finished-at="2021-08-11T02:29:22 IST">
          <params>
            <param index="0">
              <value>
                <![CDATA[public void com.tetherfi.test.UserOnBoardingTeamLevelUserCreateTest.VerifyAuditTrailReportForSendForApproval() throws java.lang.Exception]]>
              </value>
            </param>
          </params>
          <reporter-output>
          </reporter-output>
        </test-method> <!-- NavigateToUserOnBoardingPage -->
        <test-method status="PASS" signature="VerifyAuditTrailReportForSendForApproval()[pri:12, instance:com.tetherfi.test.UserOnBoardingTeamLevelUserCreateTest@c2cf597]" name="VerifyAuditTrailReportForSendForApproval" duration-ms="33629" started-at="2021-08-11T02:29:22 IST" finished-at="2021-08-11T02:29:56 IST">
          <reporter-output>
          </reporter-output>
        </test-method> <!-- VerifyAuditTrailReportForSendForApproval -->
        <test-method status="PASS" signature="afterEachMethod(java.lang.reflect.Method)[pri:0, instance:com.tetherfi.test.UserOnBoardingTeamLevelUserCreateTest@c2cf597]" name="afterEachMethod" is-config="true" duration-ms="6464" started-at="2021-08-11T02:29:56 IST" finished-at="2021-08-11T02:30:02 IST">
          <params>
            <param index="0">
              <value>
                <![CDATA[public void com.tetherfi.test.UserOnBoardingTeamLevelUserCreateTest.VerifyAuditTrailReportForSendForApproval() throws java.lang.Exception]]>
              </value>
            </param>
          </params>
          <reporter-output>
          </reporter-output>
        </test-method> <!-- afterEachMethod -->
        <test-method status="PASS" signature="NavigateToUserOnBoardingPage(java.lang.reflect.Method)[pri:0, instance:com.tetherfi.test.UserOnBoardingTeamLevelUserCreateTest@c2cf597]" name="NavigateToUserOnBoardingPage" is-config="true" duration-ms="21456" started-at="2021-08-11T02:30:02 IST" finished-at="2021-08-11T02:30:24 IST">
          <params>
            <param index="0">
              <value>
                <![CDATA[public void com.tetherfi.test.UserOnBoardingTeamLevelUserCreateTest.ApproveforAddNewUserOnBoardingRecord() throws java.lang.Exception]]>
              </value>
            </param>
          </params>
          <reporter-output>
          </reporter-output>
        </test-method> <!-- NavigateToUserOnBoardingPage -->
        <test-method status="PASS" signature="ApproveforAddNewUserOnBoardingRecord()[pri:13, instance:com.tetherfi.test.UserOnBoardingTeamLevelUserCreateTest@c2cf597]" name="ApproveforAddNewUserOnBoardingRecord" duration-ms="12465" started-at="2021-08-11T02:30:24 IST" finished-at="2021-08-11T02:30:36 IST">
          <reporter-output>
          </reporter-output>
        </test-method> <!-- ApproveforAddNewUserOnBoardingRecord -->
        <test-method status="PASS" signature="afterEachMethod(java.lang.reflect.Method)[pri:0, instance:com.tetherfi.test.UserOnBoardingTeamLevelUserCreateTest@c2cf597]" name="afterEachMethod" is-config="true" duration-ms="4646" started-at="2021-08-11T02:30:36 IST" finished-at="2021-08-11T02:30:41 IST">
          <params>
            <param index="0">
              <value>
                <![CDATA[public void com.tetherfi.test.UserOnBoardingTeamLevelUserCreateTest.ApproveforAddNewUserOnBoardingRecord() throws java.lang.Exception]]>
              </value>
            </param>
          </params>
          <reporter-output>
          </reporter-output>
        </test-method> <!-- afterEachMethod -->
        <test-method status="PASS" signature="NavigateToUserOnBoardingPage(java.lang.reflect.Method)[pri:0, instance:com.tetherfi.test.UserOnBoardingTeamLevelUserCreateTest@c2cf597]" name="NavigateToUserOnBoardingPage" is-config="true" duration-ms="22282" started-at="2021-08-11T02:30:41 IST" finished-at="2021-08-11T02:31:03 IST">
          <params>
            <param index="0">
              <value>
                <![CDATA[public void com.tetherfi.test.UserOnBoardingTeamLevelUserCreateTest.VerifyAuditTrailReportForApprove() throws java.lang.Exception]]>
              </value>
            </param>
          </params>
          <reporter-output>
          </reporter-output>
        </test-method> <!-- NavigateToUserOnBoardingPage -->
        <test-method status="PASS" signature="VerifyAuditTrailReportForApprove()[pri:14, instance:com.tetherfi.test.UserOnBoardingTeamLevelUserCreateTest@c2cf597]" name="VerifyAuditTrailReportForApprove" duration-ms="33832" started-at="2021-08-11T02:31:03 IST" finished-at="2021-08-11T02:31:37 IST">
          <reporter-output>
          </reporter-output>
        </test-method> <!-- VerifyAuditTrailReportForApprove -->
        <test-method status="PASS" signature="afterEachMethod(java.lang.reflect.Method)[pri:0, instance:com.tetherfi.test.UserOnBoardingTeamLevelUserCreateTest@c2cf597]" name="afterEachMethod" is-config="true" duration-ms="4270" started-at="2021-08-11T02:31:37 IST" finished-at="2021-08-11T02:31:41 IST">
          <params>
            <param index="0">
              <value>
                <![CDATA[public void com.tetherfi.test.UserOnBoardingTeamLevelUserCreateTest.VerifyAuditTrailReportForApprove() throws java.lang.Exception]]>
              </value>
            </param>
          </params>
          <reporter-output>
          </reporter-output>
        </test-method> <!-- afterEachMethod -->
        <test-method status="PASS" signature="NavigateToUserOnBoardingPage(java.lang.reflect.Method)[pri:0, instance:com.tetherfi.test.UserOnBoardingTeamLevelUserCreateTest@c2cf597]" name="NavigateToUserOnBoardingPage" is-config="true" duration-ms="27531" started-at="2021-08-11T02:31:41 IST" finished-at="2021-08-11T02:32:09 IST">
          <params>
            <param index="0">
              <value>
                <![CDATA[public void com.tetherfi.test.UserOnBoardingTeamLevelUserCreateTest.AddDuplicateUserOnBoardingRecord() throws java.lang.Exception]]>
              </value>
            </param>
          </params>
          <reporter-output>
          </reporter-output>
        </test-method> <!-- NavigateToUserOnBoardingPage -->
        <test-method status="PASS" signature="AddDuplicateUserOnBoardingRecord()[pri:15, instance:com.tetherfi.test.UserOnBoardingTeamLevelUserCreateTest@c2cf597]" name="AddDuplicateUserOnBoardingRecord" duration-ms="83724" started-at="2021-08-11T02:32:09 IST" description="To Verify Add Reord to Approve " finished-at="2021-08-11T02:33:33 IST">
          <reporter-output>
          </reporter-output>
        </test-method> <!-- AddDuplicateUserOnBoardingRecord -->
        <test-method status="PASS" signature="afterEachMethod(java.lang.reflect.Method)[pri:0, instance:com.tetherfi.test.UserOnBoardingTeamLevelUserCreateTest@c2cf597]" name="afterEachMethod" is-config="true" duration-ms="4787" started-at="2021-08-11T02:33:33 IST" finished-at="2021-08-11T02:33:37 IST">
          <params>
            <param index="0">
              <value>
                <![CDATA[public void com.tetherfi.test.UserOnBoardingTeamLevelUserCreateTest.AddDuplicateUserOnBoardingRecord() throws java.lang.Exception]]>
              </value>
            </param>
          </params>
          <reporter-output>
          </reporter-output>
        </test-method> <!-- afterEachMethod -->
        <test-method status="PASS" signature="NavigateToUserOnBoardingPage(java.lang.reflect.Method)[pri:0, instance:com.tetherfi.test.UserOnBoardingTeamLevelUserCreateTest@c2cf597]" name="NavigateToUserOnBoardingPage" is-config="true" duration-ms="23035" started-at="2021-08-11T02:33:37 IST" finished-at="2021-08-11T02:34:00 IST">
          <params>
            <param index="0">
              <value>
                <![CDATA[public void com.tetherfi.test.UserOnBoardingTeamLevelUserCreateTest.AddRecordwithDuplicateLanID() throws java.lang.Exception]]>
              </value>
            </param>
          </params>
          <reporter-output>
          </reporter-output>
        </test-method> <!-- NavigateToUserOnBoardingPage -->
        <test-method status="FAIL" signature="AddRecordwithDuplicateLanID()[pri:16, instance:com.tetherfi.test.UserOnBoardingTeamLevelUserCreateTest@c2cf597]" name="AddRecordwithDuplicateLanID" duration-ms="84483" started-at="2021-08-11T02:34:00 IST" description="To Verify Add Reord to Approve " finished-at="2021-08-11T02:35:25 IST">
          <exception class="java.lang.AssertionError">
            <message>
              <![CDATA[Record Creation Assertion failed expected [Record Creation Failed, Already Exist] but found [Record Created Successfully]]]>
            </message>
            <full-stacktrace>
              <![CDATA[java.lang.AssertionError: Record Creation Assertion failed expected [Record Creation Failed, Already Exist] but found [Record Created Successfully]
at org.testng.Assert.fail(Assert.java:97)
at org.testng.Assert.assertEqualsImpl(Assert.java:136)
at org.testng.Assert.assertEquals(Assert.java:118)
at org.testng.Assert.assertEquals(Assert.java:575)
at com.tetherfi.test.UserOnBoardingTeamLevelUserCreateTest.AddRecordwithDuplicateLanID(UserOnBoardingTeamLevelUserCreateTest.java:245)
at sun.reflect.NativeMethodAccessorImpl.invoke0(Native Method)
at sun.reflect.NativeMethodAccessorImpl.invoke(Unknown Source)
at sun.reflect.DelegatingMethodAccessorImpl.invoke(Unknown Source)
at java.lang.reflect.Method.invoke(Unknown Source)
at org.testng.internal.MethodInvocationHelper.invokeMethod(MethodInvocationHelper.java:133)
at org.testng.internal.TestInvoker.invokeMethod(TestInvoker.java:584)
at org.testng.internal.TestInvoker.invokeTestMethod(TestInvoker.java:172)
at org.testng.internal.MethodRunner.runInSequence(MethodRunner.java:46)
at org.testng.internal.TestInvoker$MethodInvocationAgent.invoke(TestInvoker.java:804)
at org.testng.internal.TestInvoker.invokeTestMethods(TestInvoker.java:145)
at org.testng.internal.TestMethodWorker.invokeTestMethods(TestMethodWorker.java:146)
at org.testng.internal.TestMethodWorker.run(TestMethodWorker.java:128)
at java.util.ArrayList.forEach(Unknown Source)
at org.testng.TestRunner.privateRun(TestRunner.java:770)
at org.testng.TestRunner.run(TestRunner.java:591)
at org.testng.SuiteRunner.runTest(SuiteRunner.java:402)
at org.testng.SuiteRunner.runSequentially(SuiteRunner.java:396)
at org.testng.SuiteRunner.privateRun(SuiteRunner.java:355)
at org.testng.SuiteRunner.run(SuiteRunner.java:304)
at org.testng.SuiteRunnerWorker.runSuite(SuiteRunnerWorker.java:53)
at org.testng.SuiteRunnerWorker.run(SuiteRunnerWorker.java:96)
at org.testng.TestNG.runSuitesSequentially(TestNG.java:1180)
at org.testng.TestNG.runSuitesLocally(TestNG.java:1102)
at org.testng.TestNG.runSuites(TestNG.java:1032)
at org.testng.TestNG.run(TestNG.java:1000)
at org.testng.remote.AbstractRemoteTestNG.run(AbstractRemoteTestNG.java:115)
at org.testng.remote.RemoteTestNG.initAndRun(RemoteTestNG.java:251)
at org.testng.remote.RemoteTestNG.main(RemoteTestNG.java:77)
]]>
            </full-stacktrace>
          </exception> <!-- java.lang.AssertionError -->
          <reporter-output>
          </reporter-output>
        </test-method> <!-- AddRecordwithDuplicateLanID -->
        <test-method status="PASS" signature="afterEachMethod(java.lang.reflect.Method)[pri:0, instance:com.tetherfi.test.UserOnBoardingTeamLevelUserCreateTest@c2cf597]" name="afterEachMethod" is-config="true" duration-ms="4808" started-at="2021-08-11T02:35:25 IST" finished-at="2021-08-11T02:35:30 IST">
          <params>
            <param index="0">
              <value>
                <![CDATA[public void com.tetherfi.test.UserOnBoardingTeamLevelUserCreateTest.AddRecordwithDuplicateLanID() throws java.lang.Exception]]>
              </value>
            </param>
          </params>
          <reporter-output>
          </reporter-output>
        </test-method> <!-- afterEachMethod -->
        <test-method status="PASS" signature="NavigateToUserOnBoardingPage(java.lang.reflect.Method)[pri:0, instance:com.tetherfi.test.UserOnBoardingTeamLevelUserCreateTest@c2cf597]" name="NavigateToUserOnBoardingPage" is-config="true" duration-ms="22189" started-at="2021-08-11T02:35:30 IST" finished-at="2021-08-11T02:35:52 IST">
          <params>
            <param index="0">
              <value>
                <![CDATA[public void com.tetherfi.test.UserOnBoardingTeamLevelUserCreateTest.AddRecordwithDuplicateAvayaLoginID() throws java.lang.Exception]]>
              </value>
            </param>
          </params>
          <reporter-output>
          </reporter-output>
        </test-method> <!-- NavigateToUserOnBoardingPage -->
        <test-method status="FAIL" signature="AddRecordwithDuplicateAvayaLoginID()[pri:17, instance:com.tetherfi.test.UserOnBoardingTeamLevelUserCreateTest@c2cf597]" name="AddRecordwithDuplicateAvayaLoginID" duration-ms="84378" started-at="2021-08-11T02:35:52 IST" description="To Verify Add Reord to Approve " finished-at="2021-08-11T02:37:16 IST">
          <exception class="java.lang.AssertionError">
            <message>
              <![CDATA[Record Creation Assertion failed expected [Record Creation Failed, Already Exist] but found [Record Created Successfully]]]>
            </message>
            <full-stacktrace>
              <![CDATA[java.lang.AssertionError: Record Creation Assertion failed expected [Record Creation Failed, Already Exist] but found [Record Created Successfully]
at org.testng.Assert.fail(Assert.java:97)
at org.testng.Assert.assertEqualsImpl(Assert.java:136)
at org.testng.Assert.assertEquals(Assert.java:118)
at org.testng.Assert.assertEquals(Assert.java:575)
at com.tetherfi.test.UserOnBoardingTeamLevelUserCreateTest.AddRecordwithDuplicateAvayaLoginID(UserOnBoardingTeamLevelUserCreateTest.java:255)
at sun.reflect.NativeMethodAccessorImpl.invoke0(Native Method)
at sun.reflect.NativeMethodAccessorImpl.invoke(Unknown Source)
at sun.reflect.DelegatingMethodAccessorImpl.invoke(Unknown Source)
at java.lang.reflect.Method.invoke(Unknown Source)
at org.testng.internal.MethodInvocationHelper.invokeMethod(MethodInvocationHelper.java:133)
at org.testng.internal.TestInvoker.invokeMethod(TestInvoker.java:584)
at org.testng.internal.TestInvoker.invokeTestMethod(TestInvoker.java:172)
at org.testng.internal.MethodRunner.runInSequence(MethodRunner.java:46)
at org.testng.internal.TestInvoker$MethodInvocationAgent.invoke(TestInvoker.java:804)
at org.testng.internal.TestInvoker.invokeTestMethods(TestInvoker.java:145)
at org.testng.internal.TestMethodWorker.invokeTestMethods(TestMethodWorker.java:146)
at org.testng.internal.TestMethodWorker.run(TestMethodWorker.java:128)
at java.util.ArrayList.forEach(Unknown Source)
at org.testng.TestRunner.privateRun(TestRunner.java:770)
at org.testng.TestRunner.run(TestRunner.java:591)
at org.testng.SuiteRunner.runTest(SuiteRunner.java:402)
at org.testng.SuiteRunner.runSequentially(SuiteRunner.java:396)
at org.testng.SuiteRunner.privateRun(SuiteRunner.java:355)
at org.testng.SuiteRunner.run(SuiteRunner.java:304)
at org.testng.SuiteRunnerWorker.runSuite(SuiteRunnerWorker.java:53)
at org.testng.SuiteRunnerWorker.run(SuiteRunnerWorker.java:96)
at org.testng.TestNG.runSuitesSequentially(TestNG.java:1180)
at org.testng.TestNG.runSuitesLocally(TestNG.java:1102)
at org.testng.TestNG.runSuites(TestNG.java:1032)
at org.testng.TestNG.run(TestNG.java:1000)
at org.testng.remote.AbstractRemoteTestNG.run(AbstractRemoteTestNG.java:115)
at org.testng.remote.RemoteTestNG.initAndRun(RemoteTestNG.java:251)
at org.testng.remote.RemoteTestNG.main(RemoteTestNG.java:77)
]]>
            </full-stacktrace>
          </exception> <!-- java.lang.AssertionError -->
          <reporter-output>
          </reporter-output>
        </test-method> <!-- AddRecordwithDuplicateAvayaLoginID -->
        <test-method status="PASS" signature="afterEachMethod(java.lang.reflect.Method)[pri:0, instance:com.tetherfi.test.UserOnBoardingTeamLevelUserCreateTest@c2cf597]" name="afterEachMethod" is-config="true" duration-ms="4718" started-at="2021-08-11T02:37:16 IST" finished-at="2021-08-11T02:37:21 IST">
          <params>
            <param index="0">
              <value>
                <![CDATA[public void com.tetherfi.test.UserOnBoardingTeamLevelUserCreateTest.AddRecordwithDuplicateAvayaLoginID() throws java.lang.Exception]]>
              </value>
            </param>
          </params>
          <reporter-output>
          </reporter-output>
        </test-method> <!-- afterEachMethod -->
      </class> <!-- com.tetherfi.test.UserOnBoardingTeamLevelUserCreateTest -->
    </test> <!-- OCMRegression -->
  </suite> <!-- OCM Modules Test Automation -->
</testng-results>
