<?xml version="1.0" encoding="UTF-8"?>
<testng-results skipped="0" failed="1" ignored="0" total="3" passed="2">
  <reporter-output>
  </reporter-output>
  <suite name="Default suite" duration-ms="159129" started-at="2020-05-06T18:09:21 IST" finished-at="2020-05-06T18:12:00 IST">
    <groups>
    </groups>
    <test name="Default test" duration-ms="159129" started-at="2020-05-06T18:09:21 IST" finished-at="2020-05-06T18:12:00 IST">
      <class name="com.tetherfi.test.DashboardColorCodeConfigTest">
        <test-method status="PASS" signature="openApplication()[pri:0, instance:com.tetherfi.test.DashboardColorCodeConfigTest@5d43409a]" name="openApplication" is-config="true" duration-ms="35638" started-at="2020-05-06T18:09:21 IST" finished-at="2020-05-06T18:09:57 IST">
          <reporter-output>
          </reporter-output>
        </test-method> <!-- openApplication -->
        <test-method status="PASS" signature="startTestCase(java.lang.reflect.Method)[pri:0, instance:com.tetherfi.test.DashboardColorCodeConfigTest@5d43409a]" name="startTestCase" is-config="true" duration-ms="5" started-at="2020-05-06T18:09:57 IST" finished-at="2020-05-06T18:09:57 IST">
          <params>
            <param index="0">
              <value>
                <![CDATA[public void com.tetherfi.test.DashboardColorCodeConfigTest.AddNewDashboardColorConfigRecord() throws java.lang.Exception]]>
              </value>
            </param>
          </params>
          <reporter-output>
          </reporter-output>
        </test-method> <!-- startTestCase -->
        <test-method status="PASS" signature="NavigateToDashboardColorCodeConfigPage()[pri:0, instance:com.tetherfi.test.DashboardColorCodeConfigTest@5d43409a]" name="NavigateToDashboardColorCodeConfigPage" is-config="true" duration-ms="5171" started-at="2020-05-06T18:09:57 IST" finished-at="2020-05-06T18:10:02 IST">
          <reporter-output>
          </reporter-output>
        </test-method> <!-- NavigateToDashboardColorCodeConfigPage -->
        <test-method status="PASS" signature="AddNewDashboardColorConfigRecord()[pri:3, instance:com.tetherfi.test.DashboardColorCodeConfigTest@5d43409a]" name="AddNewDashboardColorConfigRecord" duration-ms="9059" started-at="2020-05-06T18:10:02 IST" finished-at="2020-05-06T18:10:11 IST">
          <reporter-output>
          </reporter-output>
        </test-method> <!-- AddNewDashboardColorConfigRecord -->
        <test-method status="PASS" signature="afterEachMethod(java.lang.reflect.Method)[pri:0, instance:com.tetherfi.test.DashboardColorCodeConfigTest@5d43409a]" name="afterEachMethod" is-config="true" duration-ms="1762" started-at="2020-05-06T18:10:11 IST" finished-at="2020-05-06T18:10:13 IST">
          <params>
            <param index="0">
              <value>
                <![CDATA[public void com.tetherfi.test.DashboardColorCodeConfigTest.AddNewDashboardColorConfigRecord() throws java.lang.Exception]]>
              </value>
            </param>
          </params>
          <reporter-output>
          </reporter-output>
        </test-method> <!-- afterEachMethod -->
        <test-method status="PASS" signature="endTestCase(java.lang.reflect.Method)[pri:0, instance:com.tetherfi.test.DashboardColorCodeConfigTest@5d43409a]" name="endTestCase" is-config="true" duration-ms="0" started-at="2020-05-06T18:10:13 IST" finished-at="2020-05-06T18:10:13 IST">
          <params>
            <param index="0">
              <value>
                <![CDATA[public void com.tetherfi.test.DashboardColorCodeConfigTest.AddNewDashboardColorConfigRecord() throws java.lang.Exception]]>
              </value>
            </param>
          </params>
          <reporter-output>
          </reporter-output>
        </test-method> <!-- endTestCase -->
        <test-method status="PASS" signature="startTestCase(java.lang.reflect.Method)[pri:0, instance:com.tetherfi.test.DashboardColorCodeConfigTest@5d43409a]" name="startTestCase" is-config="true" duration-ms="1" started-at="2020-05-06T18:10:13 IST" finished-at="2020-05-06T18:10:13 IST">
          <params>
            <param index="0">
              <value>
                <![CDATA[public void com.tetherfi.test.DashboardColorCodeConfigTest.EditDashboardColorConfigCancelRecord() throws java.lang.Exception]]>
              </value>
            </param>
          </params>
          <reporter-output>
          </reporter-output>
        </test-method> <!-- startTestCase -->
        <test-method status="PASS" signature="NavigateToDashboardColorCodeConfigPage()[pri:0, instance:com.tetherfi.test.DashboardColorCodeConfigTest@5d43409a]" name="NavigateToDashboardColorCodeConfigPage" is-config="true" duration-ms="3579" started-at="2020-05-06T18:10:13 IST" finished-at="2020-05-06T18:10:16 IST">
          <reporter-output>
          </reporter-output>
        </test-method> <!-- NavigateToDashboardColorCodeConfigPage -->
        <test-method status="PASS" signature="EditDashboardColorConfigCancelRecord()[pri:10, instance:com.tetherfi.test.DashboardColorCodeConfigTest@5d43409a]" name="EditDashboardColorConfigCancelRecord" duration-ms="6994" started-at="2020-05-06T18:10:16 IST" finished-at="2020-05-06T18:10:23 IST">
          <reporter-output>
          </reporter-output>
        </test-method> <!-- EditDashboardColorConfigCancelRecord -->
        <test-method status="PASS" signature="afterEachMethod(java.lang.reflect.Method)[pri:0, instance:com.tetherfi.test.DashboardColorCodeConfigTest@5d43409a]" name="afterEachMethod" is-config="true" duration-ms="1670" started-at="2020-05-06T18:10:23 IST" finished-at="2020-05-06T18:10:25 IST">
          <params>
            <param index="0">
              <value>
                <![CDATA[public void com.tetherfi.test.DashboardColorCodeConfigTest.EditDashboardColorConfigCancelRecord() throws java.lang.Exception]]>
              </value>
            </param>
          </params>
          <reporter-output>
          </reporter-output>
        </test-method> <!-- afterEachMethod -->
        <test-method status="PASS" signature="endTestCase(java.lang.reflect.Method)[pri:0, instance:com.tetherfi.test.DashboardColorCodeConfigTest@5d43409a]" name="endTestCase" is-config="true" duration-ms="1" started-at="2020-05-06T18:10:25 IST" finished-at="2020-05-06T18:10:25 IST">
          <params>
            <param index="0">
              <value>
                <![CDATA[public void com.tetherfi.test.DashboardColorCodeConfigTest.EditDashboardColorConfigCancelRecord() throws java.lang.Exception]]>
              </value>
            </param>
          </params>
          <reporter-output>
          </reporter-output>
        </test-method> <!-- endTestCase -->
        <test-method status="PASS" signature="NavigateToDashboardColorCodeConfigPage()[pri:0, instance:com.tetherfi.test.DashboardColorCodeConfigTest@5d43409a]" name="NavigateToDashboardColorCodeConfigPage" is-config="true" duration-ms="3762" started-at="2020-05-06T18:10:25 IST" finished-at="2020-05-06T18:10:29 IST">
          <reporter-output>
          </reporter-output>
        </test-method> <!-- NavigateToDashboardColorCodeConfigPage -->
        <test-method status="PASS" signature="startTestCase(java.lang.reflect.Method)[pri:0, instance:com.tetherfi.test.DashboardColorCodeConfigTest@5d43409a]" name="startTestCase" is-config="true" duration-ms="0" started-at="2020-05-06T18:10:25 IST" finished-at="2020-05-06T18:10:25 IST">
          <params>
            <param index="0">
              <value>
                <![CDATA[public void com.tetherfi.test.DashboardColorCodeConfigTest.DeleteRecord() throws java.lang.Exception]]>
              </value>
            </param>
          </params>
          <reporter-output>
          </reporter-output>
        </test-method> <!-- startTestCase -->
        <test-method status="FAIL" signature="DeleteRecord()[pri:34, instance:com.tetherfi.test.DashboardColorCodeConfigTest@5d43409a]" name="DeleteRecord" duration-ms="83911" started-at="2020-05-06T18:10:29 IST" finished-at="2020-05-06T18:11:53 IST">
          <exception class="org.openqa.selenium.NoSuchElementException">
            <message>
              <![CDATA[no such element: Unable to locate element: {"method":"css selector","selector":".k-grid-CustomDelete"}
  (Session info: chrome=81.0.4044.129)
For documentation on this error, please visit: https://www.seleniumhq.org/exceptions/no_such_element.html
Build info: version: '3.141.59', revision: 'e82be7d358', time: '2018-11-14T08:17:03'
System info: host: 'DESKTOP-NJVBPFB', ip: '192.168.225.65', os.name: 'Windows 10', os.arch: 'amd64', os.version: '10.0', java.version: '1.8.0_181'
Driver info: org.openqa.selenium.chrome.ChromeDriver
Capabilities {acceptInsecureCerts: false, browserName: chrome, browserVersion: 81.0.4044.129, chrome: {chromedriverVersion: 80.0.3987.106 (f68069574609..., userDataDir: C:\Users\admin\AppData\Loca...}, goog:chromeOptions: {debuggerAddress: localhost:60138}, javascriptEnabled: true, networkConnectionEnabled: false, pageLoadStrategy: normal, platform: WINDOWS, platformName: WINDOWS, proxy: Proxy(), setWindowRect: true, strictFileInteractability: false, timeouts: {implicit: 0, pageLoad: 300000, script: 30000}, unhandledPromptBehavior: dismiss and notify}
Session ID: 5cc381ea87265a9b4eb0a472fa293eb9
*** Element info: {Using=css selector, value=.k-grid-CustomDelete}]]>
            </message>
            <full-stacktrace>
              <![CDATA[org.openqa.selenium.NoSuchElementException: no such element: Unable to locate element: {"method":"css selector","selector":".k-grid-CustomDelete"}
  (Session info: chrome=81.0.4044.129)
For documentation on this error, please visit: https://www.seleniumhq.org/exceptions/no_such_element.html
Build info: version: '3.141.59', revision: 'e82be7d358', time: '2018-11-14T08:17:03'
System info: host: 'DESKTOP-NJVBPFB', ip: '192.168.225.65', os.name: 'Windows 10', os.arch: 'amd64', os.version: '10.0', java.version: '1.8.0_181'
Driver info: org.openqa.selenium.chrome.ChromeDriver
Capabilities {acceptInsecureCerts: false, browserName: chrome, browserVersion: 81.0.4044.129, chrome: {chromedriverVersion: 80.0.3987.106 (f68069574609..., userDataDir: C:\Users\admin\AppData\Loca...}, goog:chromeOptions: {debuggerAddress: localhost:60138}, javascriptEnabled: true, networkConnectionEnabled: false, pageLoadStrategy: normal, platform: WINDOWS, platformName: WINDOWS, proxy: Proxy(), setWindowRect: true, strictFileInteractability: false, timeouts: {implicit: 0, pageLoad: 300000, script: 30000}, unhandledPromptBehavior: dismiss and notify}
Session ID: 5cc381ea87265a9b4eb0a472fa293eb9
*** Element info: {Using=css selector, value=.k-grid-CustomDelete}
at sun.reflect.NativeConstructorAccessorImpl.newInstance0(Native Method)
at sun.reflect.NativeConstructorAccessorImpl.newInstance(Unknown Source)
at sun.reflect.DelegatingConstructorAccessorImpl.newInstance(Unknown Source)
at java.lang.reflect.Constructor.newInstance(Unknown Source)
at org.openqa.selenium.remote.http.W3CHttpResponseCodec.createException(W3CHttpResponseCodec.java:187)
at org.openqa.selenium.remote.http.W3CHttpResponseCodec.decode(W3CHttpResponseCodec.java:122)
at org.openqa.selenium.remote.http.W3CHttpResponseCodec.decode(W3CHttpResponseCodec.java:49)
at org.openqa.selenium.remote.HttpCommandExecutor.execute(HttpCommandExecutor.java:158)
at org.openqa.selenium.remote.service.DriverCommandExecutor.execute(DriverCommandExecutor.java:83)
at org.openqa.selenium.remote.RemoteWebDriver.execute(RemoteWebDriver.java:552)
at org.openqa.selenium.remote.RemoteWebDriver.findElement(RemoteWebDriver.java:323)
at org.openqa.selenium.remote.RemoteWebDriver.findElementByCssSelector(RemoteWebDriver.java:420)
at org.openqa.selenium.By$ByCssSelector.findElement(By.java:431)
at org.openqa.selenium.remote.RemoteWebDriver.findElement(RemoteWebDriver.java:315)
at org.openqa.selenium.support.pagefactory.DefaultElementLocator.findElement(DefaultElementLocator.java:69)
at org.openqa.selenium.support.pagefactory.internal.LocatingElementHandler.invoke(LocatingElementHandler.java:38)
at com.sun.proxy.$Proxy11.click(Unknown Source)
at com.tetherfi.pages.BasePage.btnClick(BasePage.java:219)
at com.tetherfi.pages.DashboardColorCodeConfigPage.deleteDashboardColorConfigRecord(DashboardColorCodeConfigPage.java:366)
at com.tetherfi.test.DashboardColorCodeConfigTest.DeleteRecord(DashboardColorCodeConfigTest.java:340)
at sun.reflect.NativeMethodAccessorImpl.invoke0(Native Method)
at sun.reflect.NativeMethodAccessorImpl.invoke(Unknown Source)
at sun.reflect.DelegatingMethodAccessorImpl.invoke(Unknown Source)
at java.lang.reflect.Method.invoke(Unknown Source)
at org.testng.internal.MethodInvocationHelper.invokeMethod(MethodInvocationHelper.java:133)
at org.testng.internal.TestInvoker.invokeMethod(TestInvoker.java:584)
at org.testng.internal.TestInvoker.invokeTestMethod(TestInvoker.java:172)
at org.testng.internal.MethodRunner.runInSequence(MethodRunner.java:46)
at org.testng.internal.TestInvoker$MethodInvocationAgent.invoke(TestInvoker.java:804)
at org.testng.internal.TestInvoker.invokeTestMethods(TestInvoker.java:145)
at org.testng.internal.TestMethodWorker.invokeTestMethods(TestMethodWorker.java:146)
at org.testng.internal.TestMethodWorker.run(TestMethodWorker.java:128)
at java.util.ArrayList.forEach(Unknown Source)
at org.testng.TestRunner.privateRun(TestRunner.java:770)
at org.testng.TestRunner.run(TestRunner.java:591)
at org.testng.SuiteRunner.runTest(SuiteRunner.java:402)
at org.testng.SuiteRunner.runSequentially(SuiteRunner.java:396)
at org.testng.SuiteRunner.privateRun(SuiteRunner.java:355)
at org.testng.SuiteRunner.run(SuiteRunner.java:304)
at org.testng.SuiteRunnerWorker.runSuite(SuiteRunnerWorker.java:53)
at org.testng.SuiteRunnerWorker.run(SuiteRunnerWorker.java:96)
at org.testng.TestNG.runSuitesSequentially(TestNG.java:1180)
at org.testng.TestNG.runSuitesLocally(TestNG.java:1102)
at org.testng.TestNG.runSuites(TestNG.java:1032)
at org.testng.TestNG.run(TestNG.java:1000)
at org.testng.remote.AbstractRemoteTestNG.run(AbstractRemoteTestNG.java:115)
at org.testng.remote.RemoteTestNG.initAndRun(RemoteTestNG.java:251)
at org.testng.remote.RemoteTestNG.main(RemoteTestNG.java:77)
]]>
            </full-stacktrace>
          </exception> <!-- org.openqa.selenium.NoSuchElementException -->
          <reporter-output>
          </reporter-output>
        </test-method> <!-- DeleteRecord -->
        <test-method status="PASS" signature="afterEachMethod(java.lang.reflect.Method)[pri:0, instance:com.tetherfi.test.DashboardColorCodeConfigTest@5d43409a]" name="afterEachMethod" is-config="true" duration-ms="1682" started-at="2020-05-06T18:11:53 IST" finished-at="2020-05-06T18:11:54 IST">
          <params>
            <param index="0">
              <value>
                <![CDATA[public void com.tetherfi.test.DashboardColorCodeConfigTest.DeleteRecord() throws java.lang.Exception]]>
              </value>
            </param>
          </params>
          <reporter-output>
          </reporter-output>
        </test-method> <!-- afterEachMethod -->
        <test-method status="PASS" signature="endTestCase(java.lang.reflect.Method)[pri:0, instance:com.tetherfi.test.DashboardColorCodeConfigTest@5d43409a]" name="endTestCase" is-config="true" duration-ms="2" started-at="2020-05-06T18:11:54 IST" finished-at="2020-05-06T18:11:54 IST">
          <params>
            <param index="0">
              <value>
                <![CDATA[public void com.tetherfi.test.DashboardColorCodeConfigTest.DeleteRecord() throws java.lang.Exception]]>
              </value>
            </param>
          </params>
          <reporter-output>
          </reporter-output>
        </test-method> <!-- endTestCase -->
        <test-method status="PASS" signature="tearDown()[pri:0, instance:com.tetherfi.test.DashboardColorCodeConfigTest@5d43409a]" name="tearDown" is-config="true" duration-ms="5761" started-at="2020-05-06T18:11:54 IST" finished-at="2020-05-06T18:12:00 IST">
          <reporter-output>
          </reporter-output>
        </test-method> <!-- tearDown -->
      </class> <!-- com.tetherfi.test.DashboardColorCodeConfigTest -->
    </test> <!-- Default test -->
  </suite> <!-- Default suite -->
</testng-results>
