<?xml version="1.0" encoding="UTF-8"?>
<testng-results skipped="0" failed="0" ignored="0" total="3" passed="3">
  <reporter-output>
  </reporter-output>
  <suite name="Default suite" duration-ms="63377" started-at="2020-05-06T18:24:18 IST" finished-at="2020-05-06T18:25:21 IST">
    <groups>
    </groups>
    <test name="Default test" duration-ms="63377" started-at="2020-05-06T18:24:18 IST" finished-at="2020-05-06T18:25:21 IST">
      <class name="com.tetherfi.test.chat.ChatMenuDescriptionTest">
        <test-method status="PASS" signature="openApplication()[pri:0, instance:com.tetherfi.test.chat.ChatMenuDescriptionTest@2127e66e]" name="openApplication" is-config="true" duration-ms="28380" started-at="2020-05-06T18:24:18 IST" finished-at="2020-05-06T18:24:46 IST">
          <reporter-output>
          </reporter-output>
        </test-method> <!-- openApplication -->
        <test-method status="PASS" signature="startTestCase(java.lang.reflect.Method)[pri:0, instance:com.tetherfi.test.chat.ChatMenuDescriptionTest@2127e66e]" name="startTestCase" is-config="true" duration-ms="3" started-at="2020-05-06T18:24:46 IST" finished-at="2020-05-06T18:24:46 IST">
          <params>
            <param index="0">
              <value>
                <![CDATA[public void com.tetherfi.test.chat.ChatMenuDescriptionTest.AddNewChatMenuDescriptionRecord() throws java.lang.Exception]]>
              </value>
            </param>
          </params>
          <reporter-output>
          </reporter-output>
        </test-method> <!-- startTestCase -->
        <test-method status="PASS" signature="NavigateToChatMenuDescriptionPage()[pri:0, instance:com.tetherfi.test.chat.ChatMenuDescriptionTest@2127e66e]" name="NavigateToChatMenuDescriptionPage" is-config="true" duration-ms="5510" started-at="2020-05-06T18:24:46 IST" finished-at="2020-05-06T18:24:52 IST">
          <reporter-output>
          </reporter-output>
        </test-method> <!-- NavigateToChatMenuDescriptionPage -->
        <test-method status="PASS" signature="AddNewChatMenuDescriptionRecord()[pri:5, instance:com.tetherfi.test.chat.ChatMenuDescriptionTest@2127e66e]" name="AddNewChatMenuDescriptionRecord" duration-ms="1970" started-at="2020-05-06T18:24:52 IST" finished-at="2020-05-06T18:24:54 IST">
          <reporter-output>
          </reporter-output>
        </test-method> <!-- AddNewChatMenuDescriptionRecord -->
        <test-method status="PASS" signature="afterEachMethod(java.lang.reflect.Method)[pri:0, instance:com.tetherfi.test.chat.ChatMenuDescriptionTest@2127e66e]" name="afterEachMethod" is-config="true" duration-ms="1637" started-at="2020-05-06T18:24:54 IST" finished-at="2020-05-06T18:24:56 IST">
          <params>
            <param index="0">
              <value>
                <![CDATA[public void com.tetherfi.test.chat.ChatMenuDescriptionTest.AddNewChatMenuDescriptionRecord() throws java.lang.Exception]]>
              </value>
            </param>
          </params>
          <reporter-output>
          </reporter-output>
        </test-method> <!-- afterEachMethod -->
        <test-method status="PASS" signature="endTestCase(java.lang.reflect.Method)[pri:0, instance:com.tetherfi.test.chat.ChatMenuDescriptionTest@2127e66e]" name="endTestCase" is-config="true" duration-ms="2" started-at="2020-05-06T18:24:56 IST" finished-at="2020-05-06T18:24:56 IST">
          <params>
            <param index="0">
              <value>
                <![CDATA[public void com.tetherfi.test.chat.ChatMenuDescriptionTest.AddNewChatMenuDescriptionRecord() throws java.lang.Exception]]>
              </value>
            </param>
          </params>
          <reporter-output>
          </reporter-output>
        </test-method> <!-- endTestCase -->
        <test-method status="PASS" signature="startTestCase(java.lang.reflect.Method)[pri:0, instance:com.tetherfi.test.chat.ChatMenuDescriptionTest@2127e66e]" name="startTestCase" is-config="true" duration-ms="1" started-at="2020-05-06T18:24:56 IST" finished-at="2020-05-06T18:24:56 IST">
          <params>
            <param index="0">
              <value>
                <![CDATA[public void com.tetherfi.test.chat.ChatMenuDescriptionTest.EditChatMenuDescriptionRecord() throws java.lang.Exception]]>
              </value>
            </param>
          </params>
          <reporter-output>
          </reporter-output>
        </test-method> <!-- startTestCase -->
        <test-method status="PASS" signature="NavigateToChatMenuDescriptionPage()[pri:0, instance:com.tetherfi.test.chat.ChatMenuDescriptionTest@2127e66e]" name="NavigateToChatMenuDescriptionPage" is-config="true" duration-ms="4535" started-at="2020-05-06T18:24:56 IST" finished-at="2020-05-06T18:25:00 IST">
          <reporter-output>
          </reporter-output>
        </test-method> <!-- NavigateToChatMenuDescriptionPage -->
        <test-method status="PASS" signature="EditChatMenuDescriptionRecord()[pri:18, instance:com.tetherfi.test.chat.ChatMenuDescriptionTest@2127e66e]" name="EditChatMenuDescriptionRecord" duration-ms="7761" started-at="2020-05-06T18:25:00 IST" finished-at="2020-05-06T18:25:08 IST">
          <reporter-output>
          </reporter-output>
        </test-method> <!-- EditChatMenuDescriptionRecord -->
        <test-method status="PASS" signature="afterEachMethod(java.lang.reflect.Method)[pri:0, instance:com.tetherfi.test.chat.ChatMenuDescriptionTest@2127e66e]" name="afterEachMethod" is-config="true" duration-ms="1615" started-at="2020-05-06T18:25:08 IST" finished-at="2020-05-06T18:25:09 IST">
          <params>
            <param index="0">
              <value>
                <![CDATA[public void com.tetherfi.test.chat.ChatMenuDescriptionTest.EditChatMenuDescriptionRecord() throws java.lang.Exception]]>
              </value>
            </param>
          </params>
          <reporter-output>
          </reporter-output>
        </test-method> <!-- afterEachMethod -->
        <test-method status="PASS" signature="endTestCase(java.lang.reflect.Method)[pri:0, instance:com.tetherfi.test.chat.ChatMenuDescriptionTest@2127e66e]" name="endTestCase" is-config="true" duration-ms="0" started-at="2020-05-06T18:25:09 IST" finished-at="2020-05-06T18:25:09 IST">
          <params>
            <param index="0">
              <value>
                <![CDATA[public void com.tetherfi.test.chat.ChatMenuDescriptionTest.EditChatMenuDescriptionRecord() throws java.lang.Exception]]>
              </value>
            </param>
          </params>
          <reporter-output>
          </reporter-output>
        </test-method> <!-- endTestCase -->
        <test-method status="PASS" signature="startTestCase(java.lang.reflect.Method)[pri:0, instance:com.tetherfi.test.chat.ChatMenuDescriptionTest@2127e66e]" name="startTestCase" is-config="true" duration-ms="1" started-at="2020-05-06T18:25:09 IST" finished-at="2020-05-06T18:25:09 IST">
          <params>
            <param index="0">
              <value>
                <![CDATA[public void com.tetherfi.test.chat.ChatMenuDescriptionTest.DeleteChatMenuDescriptionRecord() throws java.lang.Exception]]>
              </value>
            </param>
          </params>
          <reporter-output>
          </reporter-output>
        </test-method> <!-- startTestCase -->
        <test-method status="PASS" signature="NavigateToChatMenuDescriptionPage()[pri:0, instance:com.tetherfi.test.chat.ChatMenuDescriptionTest@2127e66e]" name="NavigateToChatMenuDescriptionPage" is-config="true" duration-ms="4316" started-at="2020-05-06T18:25:09 IST" finished-at="2020-05-06T18:25:14 IST">
          <reporter-output>
          </reporter-output>
        </test-method> <!-- NavigateToChatMenuDescriptionPage -->
        <test-method status="PASS" signature="DeleteChatMenuDescriptionRecord()[pri:28, instance:com.tetherfi.test.chat.ChatMenuDescriptionTest@2127e66e]" name="DeleteChatMenuDescriptionRecord" duration-ms="4350" started-at="2020-05-06T18:25:14 IST" finished-at="2020-05-06T18:25:18 IST">
          <reporter-output>
          </reporter-output>
        </test-method> <!-- DeleteChatMenuDescriptionRecord -->
        <test-method status="PASS" signature="afterEachMethod(java.lang.reflect.Method)[pri:0, instance:com.tetherfi.test.chat.ChatMenuDescriptionTest@2127e66e]" name="afterEachMethod" is-config="true" duration-ms="1617" started-at="2020-05-06T18:25:18 IST" finished-at="2020-05-06T18:25:20 IST">
          <params>
            <param index="0">
              <value>
                <![CDATA[public void com.tetherfi.test.chat.ChatMenuDescriptionTest.DeleteChatMenuDescriptionRecord() throws java.lang.Exception]]>
              </value>
            </param>
          </params>
          <reporter-output>
          </reporter-output>
        </test-method> <!-- afterEachMethod -->
        <test-method status="PASS" signature="endTestCase(java.lang.reflect.Method)[pri:0, instance:com.tetherfi.test.chat.ChatMenuDescriptionTest@2127e66e]" name="endTestCase" is-config="true" duration-ms="1" started-at="2020-05-06T18:25:20 IST" finished-at="2020-05-06T18:25:20 IST">
          <params>
            <param index="0">
              <value>
                <![CDATA[public void com.tetherfi.test.chat.ChatMenuDescriptionTest.DeleteChatMenuDescriptionRecord() throws java.lang.Exception]]>
              </value>
            </param>
          </params>
          <reporter-output>
          </reporter-output>
        </test-method> <!-- endTestCase -->
        <test-method status="PASS" signature="tearDown()[pri:0, instance:com.tetherfi.test.chat.ChatMenuDescriptionTest@2127e66e]" name="tearDown" is-config="true" duration-ms="1584" started-at="2020-05-06T18:25:20 IST" finished-at="2020-05-06T18:25:21 IST">
          <reporter-output>
          </reporter-output>
        </test-method> <!-- tearDown -->
      </class> <!-- com.tetherfi.test.chat.ChatMenuDescriptionTest -->
    </test> <!-- Default test -->
  </suite> <!-- Default suite -->
</testng-results>
