<?xml version="1.0" encoding="UTF-8"?>
<testng-results ignored="0" total="27" passed="21" failed="6" skipped="0">
  <reporter-output>
  </reporter-output>
  <suite started-at="2019-09-04T09:59:51 IST" name="Default suite" finished-at="2019-09-04T10:10:35 IST" duration-ms="643849">
    <groups>
    </groups>
    <test started-at="2019-09-04T09:59:51 IST" name="Default test" finished-at="2019-09-04T10:10:35 IST" duration-ms="643849">
      <class name="com.tetherfi.test.tmac.TmacBroadCastMsgTest">
        <test-method is-config="true" signature="openApplication()[pri:0, instance:com.tetherfi.test.tmac.TmacBroadCastMsgTest@217bf99e]" started-at="2019-09-04T09:59:51 IST" name="openApplication" finished-at="2019-09-04T10:00:04 IST" duration-ms="12743" status="PASS">
          <reporter-output>
          </reporter-output>
        </test-method> <!-- openApplication -->
        <test-method is-config="true" signature="startTestCase(java.lang.reflect.Method)[pri:0, instance:com.tetherfi.test.tmac.TmacBroadCastMsgTest@217bf99e]" started-at="2019-09-04T10:00:04 IST" name="startTestCase" finished-at="2019-09-04T10:00:04 IST" duration-ms="3" status="PASS">
          <params>
            <param index="0">
              <value>
                <![CDATA[public void com.tetherfi.test.tmac.TmacBroadCastMsgTest.TmacBroadCastMsgPage()]]>
              </value>
            </param>
          </params>
          <reporter-output>
          </reporter-output>
        </test-method> <!-- startTestCase -->
        <test-method is-config="true" signature="NavigateToTmacBroadcastMsgPage()[pri:0, instance:com.tetherfi.test.tmac.TmacBroadCastMsgTest@217bf99e]" started-at="2019-09-04T10:00:04 IST" name="NavigateToTmacBroadcastMsgPage" finished-at="2019-09-04T10:00:08 IST" duration-ms="4465" status="PASS">
          <reporter-output>
          </reporter-output>
        </test-method> <!-- NavigateToTmacBroadcastMsgPage -->
        <test-method signature="TmacBroadCastMsgPage()[pri:1, instance:com.tetherfi.test.tmac.TmacBroadCastMsgTest@217bf99e]" started-at="2019-09-04T10:00:08 IST" name="TmacBroadCastMsgPage" finished-at="2019-09-04T10:00:09 IST" duration-ms="874" status="PASS">
          <reporter-output>
          </reporter-output>
        </test-method> <!-- TmacBroadCastMsgPage -->
        <test-method is-config="true" signature="afterEachMethod(java.lang.reflect.Method)[pri:0, instance:com.tetherfi.test.tmac.TmacBroadCastMsgTest@217bf99e]" started-at="2019-09-04T10:00:09 IST" name="afterEachMethod" finished-at="2019-09-04T10:00:11 IST" duration-ms="1167" status="PASS">
          <params>
            <param index="0">
              <value>
                <![CDATA[public void com.tetherfi.test.tmac.TmacBroadCastMsgTest.TmacBroadCastMsgPage()]]>
              </value>
            </param>
          </params>
          <reporter-output>
          </reporter-output>
        </test-method> <!-- afterEachMethod -->
        <test-method is-config="true" signature="endTestCase(java.lang.reflect.Method)[pri:0, instance:com.tetherfi.test.tmac.TmacBroadCastMsgTest@217bf99e]" started-at="2019-09-04T10:00:11 IST" name="endTestCase" finished-at="2019-09-04T10:00:11 IST" duration-ms="0" status="PASS">
          <params>
            <param index="0">
              <value>
                <![CDATA[public void com.tetherfi.test.tmac.TmacBroadCastMsgTest.TmacBroadCastMsgPage()]]>
              </value>
            </param>
          </params>
          <reporter-output>
          </reporter-output>
        </test-method> <!-- endTestCase -->
        <test-method is-config="true" signature="startTestCase(java.lang.reflect.Method)[pri:0, instance:com.tetherfi.test.tmac.TmacBroadCastMsgTest@217bf99e]" started-at="2019-09-04T10:00:11 IST" name="startTestCase" finished-at="2019-09-04T10:00:11 IST" duration-ms="0" status="PASS">
          <params>
            <param index="0">
              <value>
                <![CDATA[public void com.tetherfi.test.tmac.TmacBroadCastMsgTest.AddNewTmacBroadCastMsgCancel() throws java.lang.Exception]]>
              </value>
            </param>
          </params>
          <reporter-output>
          </reporter-output>
        </test-method> <!-- startTestCase -->
        <test-method is-config="true" signature="NavigateToTmacBroadcastMsgPage()[pri:0, instance:com.tetherfi.test.tmac.TmacBroadCastMsgTest@217bf99e]" started-at="2019-09-04T10:00:11 IST" name="NavigateToTmacBroadcastMsgPage" finished-at="2019-09-04T10:00:15 IST" duration-ms="4078" status="PASS">
          <reporter-output>
          </reporter-output>
        </test-method> <!-- NavigateToTmacBroadcastMsgPage -->
        <test-method signature="AddNewTmacBroadCastMsgCancel()[pri:2, instance:com.tetherfi.test.tmac.TmacBroadCastMsgTest@217bf99e]" started-at="2019-09-04T10:00:15 IST" name="AddNewTmacBroadCastMsgCancel" finished-at="2019-09-04T10:01:08 IST" duration-ms="53662" status="PASS">
          <reporter-output>
          </reporter-output>
        </test-method> <!-- AddNewTmacBroadCastMsgCancel -->
        <test-method is-config="true" signature="afterEachMethod(java.lang.reflect.Method)[pri:0, instance:com.tetherfi.test.tmac.TmacBroadCastMsgTest@217bf99e]" started-at="2019-09-04T10:01:08 IST" name="afterEachMethod" finished-at="2019-09-04T10:01:09 IST" duration-ms="1227" status="PASS">
          <params>
            <param index="0">
              <value>
                <![CDATA[public void com.tetherfi.test.tmac.TmacBroadCastMsgTest.AddNewTmacBroadCastMsgCancel() throws java.lang.Exception]]>
              </value>
            </param>
          </params>
          <reporter-output>
          </reporter-output>
        </test-method> <!-- afterEachMethod -->
        <test-method is-config="true" signature="endTestCase(java.lang.reflect.Method)[pri:0, instance:com.tetherfi.test.tmac.TmacBroadCastMsgTest@217bf99e]" started-at="2019-09-04T10:01:09 IST" name="endTestCase" finished-at="2019-09-04T10:01:09 IST" duration-ms="0" status="PASS">
          <params>
            <param index="0">
              <value>
                <![CDATA[public void com.tetherfi.test.tmac.TmacBroadCastMsgTest.AddNewTmacBroadCastMsgCancel() throws java.lang.Exception]]>
              </value>
            </param>
          </params>
          <reporter-output>
          </reporter-output>
        </test-method> <!-- endTestCase -->
        <test-method is-config="true" signature="startTestCase(java.lang.reflect.Method)[pri:0, instance:com.tetherfi.test.tmac.TmacBroadCastMsgTest@217bf99e]" started-at="2019-09-04T10:01:09 IST" name="startTestCase" finished-at="2019-09-04T10:01:09 IST" duration-ms="1" status="PASS">
          <params>
            <param index="0">
              <value>
                <![CDATA[public void com.tetherfi.test.tmac.TmacBroadCastMsgTest.AddNewTmacBroadCastMsg() throws java.lang.Exception]]>
              </value>
            </param>
          </params>
          <reporter-output>
          </reporter-output>
        </test-method> <!-- startTestCase -->
        <test-method is-config="true" signature="NavigateToTmacBroadcastMsgPage()[pri:0, instance:com.tetherfi.test.tmac.TmacBroadCastMsgTest@217bf99e]" started-at="2019-09-04T10:01:09 IST" name="NavigateToTmacBroadcastMsgPage" finished-at="2019-09-04T10:01:14 IST" duration-ms="4017" status="PASS">
          <reporter-output>
          </reporter-output>
        </test-method> <!-- NavigateToTmacBroadcastMsgPage -->
        <test-method signature="AddNewTmacBroadCastMsg()[pri:3, instance:com.tetherfi.test.tmac.TmacBroadCastMsgTest@217bf99e]" started-at="2019-09-04T10:01:14 IST" name="AddNewTmacBroadCastMsg" finished-at="2019-09-04T10:02:04 IST" duration-ms="50904" status="PASS">
          <reporter-output>
          </reporter-output>
        </test-method> <!-- AddNewTmacBroadCastMsg -->
        <test-method is-config="true" signature="afterEachMethod(java.lang.reflect.Method)[pri:0, instance:com.tetherfi.test.tmac.TmacBroadCastMsgTest@217bf99e]" started-at="2019-09-04T10:02:04 IST" name="afterEachMethod" finished-at="2019-09-04T10:02:05 IST" duration-ms="381" status="PASS">
          <params>
            <param index="0">
              <value>
                <![CDATA[public void com.tetherfi.test.tmac.TmacBroadCastMsgTest.AddNewTmacBroadCastMsg() throws java.lang.Exception]]>
              </value>
            </param>
          </params>
          <reporter-output>
          </reporter-output>
        </test-method> <!-- afterEachMethod -->
        <test-method is-config="true" signature="endTestCase(java.lang.reflect.Method)[pri:0, instance:com.tetherfi.test.tmac.TmacBroadCastMsgTest@217bf99e]" started-at="2019-09-04T10:02:05 IST" name="endTestCase" finished-at="2019-09-04T10:02:05 IST" duration-ms="0" status="PASS">
          <params>
            <param index="0">
              <value>
                <![CDATA[public void com.tetherfi.test.tmac.TmacBroadCastMsgTest.AddNewTmacBroadCastMsg() throws java.lang.Exception]]>
              </value>
            </param>
          </params>
          <reporter-output>
          </reporter-output>
        </test-method> <!-- endTestCase -->
        <test-method is-config="true" signature="startTestCase(java.lang.reflect.Method)[pri:0, instance:com.tetherfi.test.tmac.TmacBroadCastMsgTest@217bf99e]" started-at="2019-09-04T10:02:05 IST" name="startTestCase" finished-at="2019-09-04T10:02:05 IST" duration-ms="0" status="PASS">
          <params>
            <param index="0">
              <value>
                <![CDATA[public void com.tetherfi.test.tmac.TmacBroadCastMsgTest.VerifyAuditTrialReportForCreate() throws java.lang.Exception]]>
              </value>
            </param>
          </params>
          <reporter-output>
          </reporter-output>
        </test-method> <!-- startTestCase -->
        <test-method is-config="true" signature="NavigateToTmacBroadcastMsgPage()[pri:0, instance:com.tetherfi.test.tmac.TmacBroadCastMsgTest@217bf99e]" started-at="2019-09-04T10:02:05 IST" name="NavigateToTmacBroadcastMsgPage" finished-at="2019-09-04T10:02:10 IST" duration-ms="4721" status="PASS">
          <reporter-output>
          </reporter-output>
        </test-method> <!-- NavigateToTmacBroadcastMsgPage -->
        <test-method signature="VerifyAuditTrialReportForCreate()[pri:4, instance:com.tetherfi.test.tmac.TmacBroadCastMsgTest@217bf99e]" started-at="2019-09-04T10:02:10 IST" name="VerifyAuditTrialReportForCreate" finished-at="2019-09-04T10:02:31 IST" depends-on-methods="com.tetherfi.test.tmac.TmacBroadCastMsgTest.AddNewTmacBroadCastMsg" duration-ms="21919" status="PASS">
          <reporter-output>
          </reporter-output>
        </test-method> <!-- VerifyAuditTrialReportForCreate -->
        <test-method is-config="true" signature="afterEachMethod(java.lang.reflect.Method)[pri:0, instance:com.tetherfi.test.tmac.TmacBroadCastMsgTest@217bf99e]" started-at="2019-09-04T10:02:31 IST" name="afterEachMethod" finished-at="2019-09-04T10:02:33 IST" duration-ms="1262" status="PASS">
          <params>
            <param index="0">
              <value>
                <![CDATA[public void com.tetherfi.test.tmac.TmacBroadCastMsgTest.VerifyAuditTrialReportForCreate() throws java.lang.Exception]]>
              </value>
            </param>
          </params>
          <reporter-output>
          </reporter-output>
        </test-method> <!-- afterEachMethod -->
        <test-method is-config="true" signature="endTestCase(java.lang.reflect.Method)[pri:0, instance:com.tetherfi.test.tmac.TmacBroadCastMsgTest@217bf99e]" started-at="2019-09-04T10:02:33 IST" name="endTestCase" finished-at="2019-09-04T10:02:33 IST" duration-ms="0" status="PASS">
          <params>
            <param index="0">
              <value>
                <![CDATA[public void com.tetherfi.test.tmac.TmacBroadCastMsgTest.VerifyAuditTrialReportForCreate() throws java.lang.Exception]]>
              </value>
            </param>
          </params>
          <reporter-output>
          </reporter-output>
        </test-method> <!-- endTestCase -->
        <test-method is-config="true" signature="NavigateToTmacBroadcastMsgPage()[pri:0, instance:com.tetherfi.test.tmac.TmacBroadCastMsgTest@217bf99e]" started-at="2019-09-04T10:02:33 IST" name="NavigateToTmacBroadcastMsgPage" finished-at="2019-09-04T10:02:37 IST" duration-ms="3828" status="PASS">
          <reporter-output>
          </reporter-output>
        </test-method> <!-- NavigateToTmacBroadcastMsgPage -->
        <test-method is-config="true" signature="startTestCase(java.lang.reflect.Method)[pri:0, instance:com.tetherfi.test.tmac.TmacBroadCastMsgTest@217bf99e]" started-at="2019-09-04T10:02:33 IST" name="startTestCase" finished-at="2019-09-04T10:02:33 IST" duration-ms="0" status="PASS">
          <params>
            <param index="0">
              <value>
                <![CDATA[public void com.tetherfi.test.tmac.TmacBroadCastMsgTest.AddDuplicateRecord() throws java.lang.Exception]]>
              </value>
            </param>
          </params>
          <reporter-output>
          </reporter-output>
        </test-method> <!-- startTestCase -->
        <test-method signature="AddDuplicateRecord()[pri:5, instance:com.tetherfi.test.tmac.TmacBroadCastMsgTest@217bf99e]" started-at="2019-09-04T10:02:37 IST" name="AddDuplicateRecord" finished-at="2019-09-04T10:03:27 IST" duration-ms="49980" status="PASS">
          <reporter-output>
          </reporter-output>
        </test-method> <!-- AddDuplicateRecord -->
        <test-method is-config="true" signature="afterEachMethod(java.lang.reflect.Method)[pri:0, instance:com.tetherfi.test.tmac.TmacBroadCastMsgTest@217bf99e]" started-at="2019-09-04T10:03:27 IST" name="afterEachMethod" finished-at="2019-09-04T10:03:28 IST" duration-ms="1304" status="PASS">
          <params>
            <param index="0">
              <value>
                <![CDATA[public void com.tetherfi.test.tmac.TmacBroadCastMsgTest.AddDuplicateRecord() throws java.lang.Exception]]>
              </value>
            </param>
          </params>
          <reporter-output>
          </reporter-output>
        </test-method> <!-- afterEachMethod -->
        <test-method is-config="true" signature="endTestCase(java.lang.reflect.Method)[pri:0, instance:com.tetherfi.test.tmac.TmacBroadCastMsgTest@217bf99e]" started-at="2019-09-04T10:03:28 IST" name="endTestCase" finished-at="2019-09-04T10:03:28 IST" duration-ms="1" status="PASS">
          <params>
            <param index="0">
              <value>
                <![CDATA[public void com.tetherfi.test.tmac.TmacBroadCastMsgTest.AddDuplicateRecord() throws java.lang.Exception]]>
              </value>
            </param>
          </params>
          <reporter-output>
          </reporter-output>
        </test-method> <!-- endTestCase -->
        <test-method is-config="true" signature="NavigateToTmacBroadcastMsgPage()[pri:0, instance:com.tetherfi.test.tmac.TmacBroadCastMsgTest@217bf99e]" started-at="2019-09-04T10:03:28 IST" name="NavigateToTmacBroadcastMsgPage" finished-at="2019-09-04T10:03:32 IST" duration-ms="3975" status="PASS">
          <reporter-output>
          </reporter-output>
        </test-method> <!-- NavigateToTmacBroadcastMsgPage -->
        <test-method is-config="true" signature="startTestCase(java.lang.reflect.Method)[pri:0, instance:com.tetherfi.test.tmac.TmacBroadCastMsgTest@217bf99e]" started-at="2019-09-04T10:03:28 IST" name="startTestCase" finished-at="2019-09-04T10:03:28 IST" duration-ms="0" status="PASS">
          <params>
            <param index="0">
              <value>
                <![CDATA[public void com.tetherfi.test.tmac.TmacBroadCastMsgTest.AddRecordWithoutMesage() throws java.lang.Exception]]>
              </value>
            </param>
          </params>
          <reporter-output>
          </reporter-output>
        </test-method> <!-- startTestCase -->
        <test-method signature="AddRecordWithoutMesage()[pri:6, instance:com.tetherfi.test.tmac.TmacBroadCastMsgTest@217bf99e]" started-at="2019-09-04T10:03:32 IST" name="AddRecordWithoutMesage" finished-at="2019-09-04T10:04:20 IST" duration-ms="47834" status="PASS">
          <reporter-output>
          </reporter-output>
        </test-method> <!-- AddRecordWithoutMesage -->
        <test-method is-config="true" signature="afterEachMethod(java.lang.reflect.Method)[pri:0, instance:com.tetherfi.test.tmac.TmacBroadCastMsgTest@217bf99e]" started-at="2019-09-04T10:04:20 IST" name="afterEachMethod" finished-at="2019-09-04T10:04:21 IST" duration-ms="1186" status="PASS">
          <params>
            <param index="0">
              <value>
                <![CDATA[public void com.tetherfi.test.tmac.TmacBroadCastMsgTest.AddRecordWithoutMesage() throws java.lang.Exception]]>
              </value>
            </param>
          </params>
          <reporter-output>
          </reporter-output>
        </test-method> <!-- afterEachMethod -->
        <test-method is-config="true" signature="endTestCase(java.lang.reflect.Method)[pri:0, instance:com.tetherfi.test.tmac.TmacBroadCastMsgTest@217bf99e]" started-at="2019-09-04T10:04:21 IST" name="endTestCase" finished-at="2019-09-04T10:04:21 IST" duration-ms="1" status="PASS">
          <params>
            <param index="0">
              <value>
                <![CDATA[public void com.tetherfi.test.tmac.TmacBroadCastMsgTest.AddRecordWithoutMesage() throws java.lang.Exception]]>
              </value>
            </param>
          </params>
          <reporter-output>
          </reporter-output>
        </test-method> <!-- endTestCase -->
        <test-method is-config="true" signature="NavigateToTmacBroadcastMsgPage()[pri:0, instance:com.tetherfi.test.tmac.TmacBroadCastMsgTest@217bf99e]" started-at="2019-09-04T10:04:21 IST" name="NavigateToTmacBroadcastMsgPage" finished-at="2019-09-04T10:04:25 IST" duration-ms="3925" status="PASS">
          <reporter-output>
          </reporter-output>
        </test-method> <!-- NavigateToTmacBroadcastMsgPage -->
        <test-method is-config="true" signature="startTestCase(java.lang.reflect.Method)[pri:0, instance:com.tetherfi.test.tmac.TmacBroadCastMsgTest@217bf99e]" started-at="2019-09-04T10:04:21 IST" name="startTestCase" finished-at="2019-09-04T10:04:21 IST" duration-ms="0" status="PASS">
          <params>
            <param index="0">
              <value>
                <![CDATA[public void com.tetherfi.test.tmac.TmacBroadCastMsgTest.AddRecordwithoutStatus() throws java.lang.Exception]]>
              </value>
            </param>
          </params>
          <reporter-output>
          </reporter-output>
        </test-method> <!-- startTestCase -->
        <test-method signature="AddRecordwithoutStatus()[pri:7, instance:com.tetherfi.test.tmac.TmacBroadCastMsgTest@217bf99e]" started-at="2019-09-04T10:04:25 IST" name="AddRecordwithoutStatus" finished-at="2019-09-04T10:05:12 IST" duration-ms="47506" status="PASS">
          <reporter-output>
          </reporter-output>
        </test-method> <!-- AddRecordwithoutStatus -->
        <test-method is-config="true" signature="afterEachMethod(java.lang.reflect.Method)[pri:0, instance:com.tetherfi.test.tmac.TmacBroadCastMsgTest@217bf99e]" started-at="2019-09-04T10:05:12 IST" name="afterEachMethod" finished-at="2019-09-04T10:05:13 IST" duration-ms="1202" status="PASS">
          <params>
            <param index="0">
              <value>
                <![CDATA[public void com.tetherfi.test.tmac.TmacBroadCastMsgTest.AddRecordwithoutStatus() throws java.lang.Exception]]>
              </value>
            </param>
          </params>
          <reporter-output>
          </reporter-output>
        </test-method> <!-- afterEachMethod -->
        <test-method is-config="true" signature="endTestCase(java.lang.reflect.Method)[pri:0, instance:com.tetherfi.test.tmac.TmacBroadCastMsgTest@217bf99e]" started-at="2019-09-04T10:05:13 IST" name="endTestCase" finished-at="2019-09-04T10:05:13 IST" duration-ms="0" status="PASS">
          <params>
            <param index="0">
              <value>
                <![CDATA[public void com.tetherfi.test.tmac.TmacBroadCastMsgTest.AddRecordwithoutStatus() throws java.lang.Exception]]>
              </value>
            </param>
          </params>
          <reporter-output>
          </reporter-output>
        </test-method> <!-- endTestCase -->
        <test-method is-config="true" signature="startTestCase(java.lang.reflect.Method)[pri:0, instance:com.tetherfi.test.tmac.TmacBroadCastMsgTest@217bf99e]" started-at="2019-09-04T10:05:13 IST" name="startTestCase" finished-at="2019-09-04T10:05:13 IST" duration-ms="1" status="PASS">
          <params>
            <param index="0">
              <value>
                <![CDATA[public void com.tetherfi.test.tmac.TmacBroadCastMsgTest.AddRecordWithoutTeamName() throws java.lang.Exception]]>
              </value>
            </param>
          </params>
          <reporter-output>
          </reporter-output>
        </test-method> <!-- startTestCase -->
        <test-method is-config="true" signature="NavigateToTmacBroadcastMsgPage()[pri:0, instance:com.tetherfi.test.tmac.TmacBroadCastMsgTest@217bf99e]" started-at="2019-09-04T10:05:13 IST" name="NavigateToTmacBroadcastMsgPage" finished-at="2019-09-04T10:05:17 IST" duration-ms="3704" status="PASS">
          <reporter-output>
          </reporter-output>
        </test-method> <!-- NavigateToTmacBroadcastMsgPage -->
        <test-method signature="AddRecordWithoutTeamName()[pri:8, instance:com.tetherfi.test.tmac.TmacBroadCastMsgTest@217bf99e]" started-at="2019-09-04T10:05:17 IST" name="AddRecordWithoutTeamName" finished-at="2019-09-04T10:05:19 IST" duration-ms="1959" status="PASS">
          <reporter-output>
          </reporter-output>
        </test-method> <!-- AddRecordWithoutTeamName -->
        <test-method is-config="true" signature="afterEachMethod(java.lang.reflect.Method)[pri:0, instance:com.tetherfi.test.tmac.TmacBroadCastMsgTest@217bf99e]" started-at="2019-09-04T10:05:19 IST" name="afterEachMethod" finished-at="2019-09-04T10:05:21 IST" duration-ms="1440" status="PASS">
          <params>
            <param index="0">
              <value>
                <![CDATA[public void com.tetherfi.test.tmac.TmacBroadCastMsgTest.AddRecordWithoutTeamName() throws java.lang.Exception]]>
              </value>
            </param>
          </params>
          <reporter-output>
          </reporter-output>
        </test-method> <!-- afterEachMethod -->
        <test-method is-config="true" signature="endTestCase(java.lang.reflect.Method)[pri:0, instance:com.tetherfi.test.tmac.TmacBroadCastMsgTest@217bf99e]" started-at="2019-09-04T10:05:21 IST" name="endTestCase" finished-at="2019-09-04T10:05:21 IST" duration-ms="0" status="PASS">
          <params>
            <param index="0">
              <value>
                <![CDATA[public void com.tetherfi.test.tmac.TmacBroadCastMsgTest.AddRecordWithoutTeamName() throws java.lang.Exception]]>
              </value>
            </param>
          </params>
          <reporter-output>
          </reporter-output>
        </test-method> <!-- endTestCase -->
        <test-method is-config="true" signature="startTestCase(java.lang.reflect.Method)[pri:0, instance:com.tetherfi.test.tmac.TmacBroadCastMsgTest@217bf99e]" started-at="2019-09-04T10:05:21 IST" name="startTestCase" finished-at="2019-09-04T10:05:21 IST" duration-ms="1" status="PASS">
          <params>
            <param index="0">
              <value>
                <![CDATA[public void com.tetherfi.test.tmac.TmacBroadCastMsgTest.EditTmacBroadCastMsgCancel() throws java.lang.Exception]]>
              </value>
            </param>
          </params>
          <reporter-output>
          </reporter-output>
        </test-method> <!-- startTestCase -->
        <test-method is-config="true" signature="NavigateToTmacBroadcastMsgPage()[pri:0, instance:com.tetherfi.test.tmac.TmacBroadCastMsgTest@217bf99e]" started-at="2019-09-04T10:05:21 IST" name="NavigateToTmacBroadcastMsgPage" finished-at="2019-09-04T10:05:25 IST" duration-ms="3943" status="PASS">
          <reporter-output>
          </reporter-output>
        </test-method> <!-- NavigateToTmacBroadcastMsgPage -->
        <test-method signature="EditTmacBroadCastMsgCancel()[pri:9, instance:com.tetherfi.test.tmac.TmacBroadCastMsgTest@217bf99e]" started-at="2019-09-04T10:05:25 IST" name="EditTmacBroadCastMsgCancel" finished-at="2019-09-04T10:05:31 IST" duration-ms="6793" status="PASS">
          <reporter-output>
          </reporter-output>
        </test-method> <!-- EditTmacBroadCastMsgCancel -->
        <test-method is-config="true" signature="afterEachMethod(java.lang.reflect.Method)[pri:0, instance:com.tetherfi.test.tmac.TmacBroadCastMsgTest@217bf99e]" started-at="2019-09-04T10:05:31 IST" name="afterEachMethod" finished-at="2019-09-04T10:05:32 IST" duration-ms="1141" status="PASS">
          <params>
            <param index="0">
              <value>
                <![CDATA[public void com.tetherfi.test.tmac.TmacBroadCastMsgTest.EditTmacBroadCastMsgCancel() throws java.lang.Exception]]>
              </value>
            </param>
          </params>
          <reporter-output>
          </reporter-output>
        </test-method> <!-- afterEachMethod -->
        <test-method is-config="true" signature="endTestCase(java.lang.reflect.Method)[pri:0, instance:com.tetherfi.test.tmac.TmacBroadCastMsgTest@217bf99e]" started-at="2019-09-04T10:05:32 IST" name="endTestCase" finished-at="2019-09-04T10:05:32 IST" duration-ms="0" status="PASS">
          <params>
            <param index="0">
              <value>
                <![CDATA[public void com.tetherfi.test.tmac.TmacBroadCastMsgTest.EditTmacBroadCastMsgCancel() throws java.lang.Exception]]>
              </value>
            </param>
          </params>
          <reporter-output>
          </reporter-output>
        </test-method> <!-- endTestCase -->
        <test-method is-config="true" signature="startTestCase(java.lang.reflect.Method)[pri:0, instance:com.tetherfi.test.tmac.TmacBroadCastMsgTest@217bf99e]" started-at="2019-09-04T10:05:32 IST" name="startTestCase" finished-at="2019-09-04T10:05:32 IST" duration-ms="0" status="PASS">
          <params>
            <param index="0">
              <value>
                <![CDATA[public void com.tetherfi.test.tmac.TmacBroadCastMsgTest.EditTmacBroadCastMsg() throws java.lang.Exception]]>
              </value>
            </param>
          </params>
          <reporter-output>
          </reporter-output>
        </test-method> <!-- startTestCase -->
        <test-method is-config="true" signature="NavigateToTmacBroadcastMsgPage()[pri:0, instance:com.tetherfi.test.tmac.TmacBroadCastMsgTest@217bf99e]" started-at="2019-09-04T10:05:32 IST" name="NavigateToTmacBroadcastMsgPage" finished-at="2019-09-04T10:05:36 IST" duration-ms="3879" status="PASS">
          <reporter-output>
          </reporter-output>
        </test-method> <!-- NavigateToTmacBroadcastMsgPage -->
        <test-method signature="EditTmacBroadCastMsg()[pri:10, instance:com.tetherfi.test.tmac.TmacBroadCastMsgTest@217bf99e]" started-at="2019-09-04T10:05:36 IST" name="EditTmacBroadCastMsg" finished-at="2019-09-04T10:05:43 IST" duration-ms="6350" status="PASS">
          <reporter-output>
          </reporter-output>
        </test-method> <!-- EditTmacBroadCastMsg -->
        <test-method is-config="true" signature="afterEachMethod(java.lang.reflect.Method)[pri:0, instance:com.tetherfi.test.tmac.TmacBroadCastMsgTest@217bf99e]" started-at="2019-09-04T10:05:43 IST" name="afterEachMethod" finished-at="2019-09-04T10:05:44 IST" duration-ms="1411" status="PASS">
          <params>
            <param index="0">
              <value>
                <![CDATA[public void com.tetherfi.test.tmac.TmacBroadCastMsgTest.EditTmacBroadCastMsg() throws java.lang.Exception]]>
              </value>
            </param>
          </params>
          <reporter-output>
          </reporter-output>
        </test-method> <!-- afterEachMethod -->
        <test-method is-config="true" signature="endTestCase(java.lang.reflect.Method)[pri:0, instance:com.tetherfi.test.tmac.TmacBroadCastMsgTest@217bf99e]" started-at="2019-09-04T10:05:44 IST" name="endTestCase" finished-at="2019-09-04T10:05:44 IST" duration-ms="0" status="PASS">
          <params>
            <param index="0">
              <value>
                <![CDATA[public void com.tetherfi.test.tmac.TmacBroadCastMsgTest.EditTmacBroadCastMsg() throws java.lang.Exception]]>
              </value>
            </param>
          </params>
          <reporter-output>
          </reporter-output>
        </test-method> <!-- endTestCase -->
        <test-method is-config="true" signature="startTestCase(java.lang.reflect.Method)[pri:0, instance:com.tetherfi.test.tmac.TmacBroadCastMsgTest@217bf99e]" started-at="2019-09-04T10:05:44 IST" name="startTestCase" finished-at="2019-09-04T10:05:44 IST" duration-ms="1" status="PASS">
          <params>
            <param index="0">
              <value>
                <![CDATA[public void com.tetherfi.test.tmac.TmacBroadCastMsgTest.VerifyAuditTrailReportForUpdate() throws java.lang.Exception]]>
              </value>
            </param>
          </params>
          <reporter-output>
          </reporter-output>
        </test-method> <!-- startTestCase -->
        <test-method is-config="true" signature="NavigateToTmacBroadcastMsgPage()[pri:0, instance:com.tetherfi.test.tmac.TmacBroadCastMsgTest@217bf99e]" started-at="2019-09-04T10:05:44 IST" name="NavigateToTmacBroadcastMsgPage" finished-at="2019-09-04T10:05:48 IST" duration-ms="4046" status="PASS">
          <reporter-output>
          </reporter-output>
        </test-method> <!-- NavigateToTmacBroadcastMsgPage -->
        <test-method signature="VerifyAuditTrailReportForUpdate()[pri:11, instance:com.tetherfi.test.tmac.TmacBroadCastMsgTest@217bf99e]" started-at="2019-09-04T10:05:48 IST" name="VerifyAuditTrailReportForUpdate" finished-at="2019-09-04T10:06:10 IST" depends-on-methods="com.tetherfi.test.tmac.TmacBroadCastMsgTest.EditTmacBroadCastMsg" duration-ms="21883" status="FAIL">
          <exception class="java.lang.IndexOutOfBoundsException">
            <message>
              <![CDATA[Index 1 out-of-bounds for length 1]]>
            </message>
            <full-stacktrace>
              <![CDATA[java.lang.IndexOutOfBoundsException: Index 1 out-of-bounds for length 1
at java.base/jdk.internal.util.Preconditions.outOfBounds(Unknown Source)
at java.base/jdk.internal.util.Preconditions.outOfBoundsCheckIndex(Unknown Source)
at java.base/jdk.internal.util.Preconditions.checkIndex(Unknown Source)
at java.base/java.util.Objects.checkIndex(Unknown Source)
at java.base/java.util.ArrayList.get(Unknown Source)
at com.tetherfi.pages.OCMReportsPage.getFirstRowDatafromTable1(OCMReportsPage.java:1157)
at com.tetherfi.pages.OCMReportsPage.verifyTmacBroadcastMsgUpdate(OCMReportsPage.java:1101)
at com.tetherfi.test.tmac.TmacBroadCastMsgTest.VerifyAuditTrailReportForUpdate(TmacBroadCastMsgTest.java:169)
at java.base/jdk.internal.reflect.NativeMethodAccessorImpl.invoke0(Native Method)
at java.base/jdk.internal.reflect.NativeMethodAccessorImpl.invoke(Unknown Source)
at java.base/jdk.internal.reflect.DelegatingMethodAccessorImpl.invoke(Unknown Source)
at java.base/java.lang.reflect.Method.invoke(Unknown Source)
at org.testng.internal.MethodInvocationHelper.invokeMethod(MethodInvocationHelper.java:133)
at org.testng.internal.TestInvoker.invokeMethod(TestInvoker.java:584)
at org.testng.internal.TestInvoker.invokeTestMethod(TestInvoker.java:172)
at org.testng.internal.MethodRunner.runInSequence(MethodRunner.java:46)
at org.testng.internal.TestInvoker$MethodInvocationAgent.invoke(TestInvoker.java:804)
at org.testng.internal.TestInvoker.invokeTestMethods(TestInvoker.java:145)
at org.testng.internal.TestMethodWorker.invokeTestMethods(TestMethodWorker.java:146)
at org.testng.internal.TestMethodWorker.run(TestMethodWorker.java:128)
at java.base/java.util.ArrayList.forEach(Unknown Source)
at org.testng.TestRunner.privateRun(TestRunner.java:770)
at org.testng.TestRunner.run(TestRunner.java:591)
at org.testng.SuiteRunner.runTest(SuiteRunner.java:402)
at org.testng.SuiteRunner.runSequentially(SuiteRunner.java:396)
at org.testng.SuiteRunner.privateRun(SuiteRunner.java:355)
at org.testng.SuiteRunner.run(SuiteRunner.java:304)
at org.testng.SuiteRunnerWorker.runSuite(SuiteRunnerWorker.java:53)
at org.testng.SuiteRunnerWorker.run(SuiteRunnerWorker.java:96)
at org.testng.TestNG.runSuitesSequentially(TestNG.java:1180)
at org.testng.TestNG.runSuitesLocally(TestNG.java:1102)
at org.testng.TestNG.runSuites(TestNG.java:1032)
at org.testng.TestNG.run(TestNG.java:1000)
at org.testng.remote.AbstractRemoteTestNG.run(AbstractRemoteTestNG.java:115)
at org.testng.remote.RemoteTestNG.initAndRun(RemoteTestNG.java:251)
at org.testng.remote.RemoteTestNG.main(RemoteTestNG.java:77)
]]>
            </full-stacktrace>
          </exception> <!-- java.lang.IndexOutOfBoundsException -->
          <reporter-output>
          </reporter-output>
        </test-method> <!-- VerifyAuditTrailReportForUpdate -->
        <test-method is-config="true" signature="afterEachMethod(java.lang.reflect.Method)[pri:0, instance:com.tetherfi.test.tmac.TmacBroadCastMsgTest@217bf99e]" started-at="2019-09-04T10:06:10 IST" name="afterEachMethod" finished-at="2019-09-04T10:06:11 IST" duration-ms="1248" status="PASS">
          <params>
            <param index="0">
              <value>
                <![CDATA[public void com.tetherfi.test.tmac.TmacBroadCastMsgTest.VerifyAuditTrailReportForUpdate() throws java.lang.Exception]]>
              </value>
            </param>
          </params>
          <reporter-output>
          </reporter-output>
        </test-method> <!-- afterEachMethod -->
        <test-method is-config="true" signature="endTestCase(java.lang.reflect.Method)[pri:0, instance:com.tetherfi.test.tmac.TmacBroadCastMsgTest@217bf99e]" started-at="2019-09-04T10:06:11 IST" name="endTestCase" finished-at="2019-09-04T10:06:11 IST" duration-ms="0" status="PASS">
          <params>
            <param index="0">
              <value>
                <![CDATA[public void com.tetherfi.test.tmac.TmacBroadCastMsgTest.VerifyAuditTrailReportForUpdate() throws java.lang.Exception]]>
              </value>
            </param>
          </params>
          <reporter-output>
          </reporter-output>
        </test-method> <!-- endTestCase -->
        <test-method is-config="true" signature="startTestCase(java.lang.reflect.Method)[pri:0, instance:com.tetherfi.test.tmac.TmacBroadCastMsgTest@217bf99e]" started-at="2019-09-04T10:06:11 IST" name="startTestCase" finished-at="2019-09-04T10:06:11 IST" duration-ms="1" status="PASS">
          <params>
            <param index="0">
              <value>
                <![CDATA[public void com.tetherfi.test.tmac.TmacBroadCastMsgTest.searchPage() throws java.lang.Exception]]>
              </value>
            </param>
          </params>
          <reporter-output>
          </reporter-output>
        </test-method> <!-- startTestCase -->
        <test-method is-config="true" signature="NavigateToTmacBroadcastMsgPage()[pri:0, instance:com.tetherfi.test.tmac.TmacBroadCastMsgTest@217bf99e]" started-at="2019-09-04T10:06:11 IST" name="NavigateToTmacBroadcastMsgPage" finished-at="2019-09-04T10:06:15 IST" duration-ms="4046" status="PASS">
          <reporter-output>
          </reporter-output>
        </test-method> <!-- NavigateToTmacBroadcastMsgPage -->
        <test-method signature="searchPage()[pri:12, instance:com.tetherfi.test.tmac.TmacBroadCastMsgTest@217bf99e]" started-at="2019-09-04T10:06:15 IST" name="searchPage" finished-at="2019-09-04T10:06:19 IST" duration-ms="3908" status="PASS">
          <reporter-output>
          </reporter-output>
        </test-method> <!-- searchPage -->
        <test-method is-config="true" signature="afterEachMethod(java.lang.reflect.Method)[pri:0, instance:com.tetherfi.test.tmac.TmacBroadCastMsgTest@217bf99e]" started-at="2019-09-04T10:06:19 IST" name="afterEachMethod" finished-at="2019-09-04T10:06:20 IST" duration-ms="1254" status="PASS">
          <params>
            <param index="0">
              <value>
                <![CDATA[public void com.tetherfi.test.tmac.TmacBroadCastMsgTest.searchPage() throws java.lang.Exception]]>
              </value>
            </param>
          </params>
          <reporter-output>
          </reporter-output>
        </test-method> <!-- afterEachMethod -->
        <test-method is-config="true" signature="endTestCase(java.lang.reflect.Method)[pri:0, instance:com.tetherfi.test.tmac.TmacBroadCastMsgTest@217bf99e]" started-at="2019-09-04T10:06:20 IST" name="endTestCase" finished-at="2019-09-04T10:06:20 IST" duration-ms="1" status="PASS">
          <params>
            <param index="0">
              <value>
                <![CDATA[public void com.tetherfi.test.tmac.TmacBroadCastMsgTest.searchPage() throws java.lang.Exception]]>
              </value>
            </param>
          </params>
          <reporter-output>
          </reporter-output>
        </test-method> <!-- endTestCase -->
        <test-method is-config="true" signature="startTestCase(java.lang.reflect.Method)[pri:0, instance:com.tetherfi.test.tmac.TmacBroadCastMsgTest@217bf99e]" started-at="2019-09-04T10:06:20 IST" name="startTestCase" finished-at="2019-09-04T10:06:20 IST" duration-ms="1" status="PASS">
          <params>
            <param index="0">
              <value>
                <![CDATA[public void com.tetherfi.test.tmac.TmacBroadCastMsgTest.SearchClearSearch() throws java.lang.Exception]]>
              </value>
            </param>
          </params>
          <reporter-output>
          </reporter-output>
        </test-method> <!-- startTestCase -->
        <test-method is-config="true" signature="NavigateToTmacBroadcastMsgPage()[pri:0, instance:com.tetherfi.test.tmac.TmacBroadCastMsgTest@217bf99e]" started-at="2019-09-04T10:06:20 IST" name="NavigateToTmacBroadcastMsgPage" finished-at="2019-09-04T10:06:25 IST" duration-ms="4122" status="PASS">
          <reporter-output>
          </reporter-output>
        </test-method> <!-- NavigateToTmacBroadcastMsgPage -->
        <test-method signature="SearchClearSearch()[pri:13, instance:com.tetherfi.test.tmac.TmacBroadCastMsgTest@217bf99e]" started-at="2019-09-04T10:06:25 IST" name="SearchClearSearch" finished-at="2019-09-04T10:07:09 IST" duration-ms="44150" status="FAIL">
          <exception class="org.openqa.selenium.NoSuchElementException">
            <message>
              <![CDATA[no such element: Unable to locate element: {"method":"xpath","selector":"//div[text()='No records to display']"}
  (Session info: chrome=76.0.3809.132)
For documentation on this error, please visit: https://www.seleniumhq.org/exceptions/no_such_element.html
Build info: version: '3.141.59', revision: 'e82be7d358', time: '2018-11-14T08:17:03'
System info: host: 'ADMIN', ip: '192.168.1.13', os.name: 'Windows 8.1', os.arch: 'amd64', os.version: '6.3', java.version: '9.0.4'
Driver info: org.openqa.selenium.chrome.ChromeDriver
Capabilities {acceptInsecureCerts: false, browserName: chrome, browserVersion: 76.0.3809.132, chrome: {chromedriverVersion: 76.0.3809.68 (420c9498db8ce..., userDataDir: C:\Users\ADMINP~1\AppData\L...}, goog:chromeOptions: {debuggerAddress: localhost:53750}, javascriptEnabled: true, networkConnectionEnabled: false, pageLoadStrategy: normal, platform: XP, platformName: XP, proxy: Proxy(), setWindowRect: true, strictFileInteractability: false, timeouts: {implicit: 0, pageLoad: 300000, script: 30000}, unhandledPromptBehavior: dismiss and notify}
Session ID: 7f1ffd47543c3fda76b2acb7f1360759
*** Element info: {Using=xpath, value=//div[text()='No records to display']}]]>
            </message>
            <full-stacktrace>
              <![CDATA[org.openqa.selenium.NoSuchElementException: no such element: Unable to locate element: {"method":"xpath","selector":"//div[text()='No records to display']"}
  (Session info: chrome=76.0.3809.132)
For documentation on this error, please visit: https://www.seleniumhq.org/exceptions/no_such_element.html
Build info: version: '3.141.59', revision: 'e82be7d358', time: '2018-11-14T08:17:03'
System info: host: 'ADMIN', ip: '192.168.1.13', os.name: 'Windows 8.1', os.arch: 'amd64', os.version: '6.3', java.version: '9.0.4'
Driver info: org.openqa.selenium.chrome.ChromeDriver
Capabilities {acceptInsecureCerts: false, browserName: chrome, browserVersion: 76.0.3809.132, chrome: {chromedriverVersion: 76.0.3809.68 (420c9498db8ce..., userDataDir: C:\Users\ADMINP~1\AppData\L...}, goog:chromeOptions: {debuggerAddress: localhost:53750}, javascriptEnabled: true, networkConnectionEnabled: false, pageLoadStrategy: normal, platform: XP, platformName: XP, proxy: Proxy(), setWindowRect: true, strictFileInteractability: false, timeouts: {implicit: 0, pageLoad: 300000, script: 30000}, unhandledPromptBehavior: dismiss and notify}
Session ID: 7f1ffd47543c3fda76b2acb7f1360759
*** Element info: {Using=xpath, value=//div[text()='No records to display']}
at java.base/jdk.internal.reflect.NativeConstructorAccessorImpl.newInstance0(Native Method)
at java.base/jdk.internal.reflect.NativeConstructorAccessorImpl.newInstance(Unknown Source)
at java.base/jdk.internal.reflect.DelegatingConstructorAccessorImpl.newInstance(Unknown Source)
at java.base/java.lang.reflect.Constructor.newInstance(Unknown Source)
at org.openqa.selenium.remote.http.W3CHttpResponseCodec.createException(W3CHttpResponseCodec.java:187)
at org.openqa.selenium.remote.http.W3CHttpResponseCodec.decode(W3CHttpResponseCodec.java:122)
at org.openqa.selenium.remote.http.W3CHttpResponseCodec.decode(W3CHttpResponseCodec.java:49)
at org.openqa.selenium.remote.HttpCommandExecutor.execute(HttpCommandExecutor.java:158)
at org.openqa.selenium.remote.service.DriverCommandExecutor.execute(DriverCommandExecutor.java:83)
at org.openqa.selenium.remote.RemoteWebDriver.execute(RemoteWebDriver.java:552)
at org.openqa.selenium.remote.RemoteWebDriver.findElement(RemoteWebDriver.java:323)
at org.openqa.selenium.remote.RemoteWebDriver.findElementByXPath(RemoteWebDriver.java:428)
at org.openqa.selenium.By$ByXPath.findElement(By.java:353)
at org.openqa.selenium.remote.RemoteWebDriver.findElement(RemoteWebDriver.java:315)
at org.openqa.selenium.support.pagefactory.DefaultElementLocator.findElement(DefaultElementLocator.java:69)
at org.openqa.selenium.support.pagefactory.internal.LocatingElementHandler.invoke(LocatingElementHandler.java:38)
at com.sun.proxy.$Proxy14.isDisplayed(Unknown Source)
at com.tetherfi.pages.TmacBroadCastMsgPage.verifyinvalidsearch(TmacBroadCastMsgPage.java:449)
at com.tetherfi.test.tmac.TmacBroadCastMsgTest.SearchClearSearch(TmacBroadCastMsgTest.java:191)
at java.base/jdk.internal.reflect.NativeMethodAccessorImpl.invoke0(Native Method)
at java.base/jdk.internal.reflect.NativeMethodAccessorImpl.invoke(Unknown Source)
at java.base/jdk.internal.reflect.DelegatingMethodAccessorImpl.invoke(Unknown Source)
at java.base/java.lang.reflect.Method.invoke(Unknown Source)
at org.testng.internal.MethodInvocationHelper.invokeMethod(MethodInvocationHelper.java:133)
at org.testng.internal.TestInvoker.invokeMethod(TestInvoker.java:584)
at org.testng.internal.TestInvoker.invokeTestMethod(TestInvoker.java:172)
at org.testng.internal.MethodRunner.runInSequence(MethodRunner.java:46)
at org.testng.internal.TestInvoker$MethodInvocationAgent.invoke(TestInvoker.java:804)
at org.testng.internal.TestInvoker.invokeTestMethods(TestInvoker.java:145)
at org.testng.internal.TestMethodWorker.invokeTestMethods(TestMethodWorker.java:146)
at org.testng.internal.TestMethodWorker.run(TestMethodWorker.java:128)
at java.base/java.util.ArrayList.forEach(Unknown Source)
at org.testng.TestRunner.privateRun(TestRunner.java:770)
at org.testng.TestRunner.run(TestRunner.java:591)
at org.testng.SuiteRunner.runTest(SuiteRunner.java:402)
at org.testng.SuiteRunner.runSequentially(SuiteRunner.java:396)
at org.testng.SuiteRunner.privateRun(SuiteRunner.java:355)
at org.testng.SuiteRunner.run(SuiteRunner.java:304)
at org.testng.SuiteRunnerWorker.runSuite(SuiteRunnerWorker.java:53)
at org.testng.SuiteRunnerWorker.run(SuiteRunnerWorker.java:96)
at org.testng.TestNG.runSuitesSequentially(TestNG.java:1180)
at org.testng.TestNG.runSuitesLocally(TestNG.java:1102)
at org.testng.TestNG.runSuites(TestNG.java:1032)
at org.testng.TestNG.run(TestNG.java:1000)
at org.testng.remote.AbstractRemoteTestNG.run(AbstractRemoteTestNG.java:115)
at org.testng.remote.RemoteTestNG.initAndRun(RemoteTestNG.java:251)
at org.testng.remote.RemoteTestNG.main(RemoteTestNG.java:77)
]]>
            </full-stacktrace>
          </exception> <!-- org.openqa.selenium.NoSuchElementException -->
          <reporter-output>
          </reporter-output>
        </test-method> <!-- SearchClearSearch -->
        <test-method is-config="true" signature="afterEachMethod(java.lang.reflect.Method)[pri:0, instance:com.tetherfi.test.tmac.TmacBroadCastMsgTest@217bf99e]" started-at="2019-09-04T10:07:09 IST" name="afterEachMethod" finished-at="2019-09-04T10:07:10 IST" duration-ms="1423" status="PASS">
          <params>
            <param index="0">
              <value>
                <![CDATA[public void com.tetherfi.test.tmac.TmacBroadCastMsgTest.SearchClearSearch() throws java.lang.Exception]]>
              </value>
            </param>
          </params>
          <reporter-output>
          </reporter-output>
        </test-method> <!-- afterEachMethod -->
        <test-method is-config="true" signature="endTestCase(java.lang.reflect.Method)[pri:0, instance:com.tetherfi.test.tmac.TmacBroadCastMsgTest@217bf99e]" started-at="2019-09-04T10:07:10 IST" name="endTestCase" finished-at="2019-09-04T10:07:10 IST" duration-ms="1" status="PASS">
          <params>
            <param index="0">
              <value>
                <![CDATA[public void com.tetherfi.test.tmac.TmacBroadCastMsgTest.SearchClearSearch() throws java.lang.Exception]]>
              </value>
            </param>
          </params>
          <reporter-output>
          </reporter-output>
        </test-method> <!-- endTestCase -->
        <test-method is-config="true" signature="startTestCase(java.lang.reflect.Method)[pri:0, instance:com.tetherfi.test.tmac.TmacBroadCastMsgTest@217bf99e]" started-at="2019-09-04T10:07:10 IST" name="startTestCase" finished-at="2019-09-04T10:07:10 IST" duration-ms="1" status="PASS">
          <params>
            <param index="0">
              <value>
                <![CDATA[public void com.tetherfi.test.tmac.TmacBroadCastMsgTest.ExportToExcel() throws java.lang.Exception]]>
              </value>
            </param>
          </params>
          <reporter-output>
          </reporter-output>
        </test-method> <!-- startTestCase -->
        <test-method is-config="true" signature="NavigateToTmacBroadcastMsgPage()[pri:0, instance:com.tetherfi.test.tmac.TmacBroadCastMsgTest@217bf99e]" started-at="2019-09-04T10:07:10 IST" name="NavigateToTmacBroadcastMsgPage" finished-at="2019-09-04T10:07:14 IST" duration-ms="4023" status="PASS">
          <reporter-output>
          </reporter-output>
        </test-method> <!-- NavigateToTmacBroadcastMsgPage -->
        <test-method signature="ExportToExcel()[pri:14, instance:com.tetherfi.test.tmac.TmacBroadCastMsgTest@217bf99e]" started-at="2019-09-04T10:07:14 IST" name="ExportToExcel" finished-at="2019-09-04T10:07:15 IST" duration-ms="971" status="PASS">
          <reporter-output>
          </reporter-output>
        </test-method> <!-- ExportToExcel -->
        <test-method is-config="true" signature="afterEachMethod(java.lang.reflect.Method)[pri:0, instance:com.tetherfi.test.tmac.TmacBroadCastMsgTest@217bf99e]" started-at="2019-09-04T10:07:15 IST" name="afterEachMethod" finished-at="2019-09-04T10:07:17 IST" duration-ms="1361" status="PASS">
          <params>
            <param index="0">
              <value>
                <![CDATA[public void com.tetherfi.test.tmac.TmacBroadCastMsgTest.ExportToExcel() throws java.lang.Exception]]>
              </value>
            </param>
          </params>
          <reporter-output>
          </reporter-output>
        </test-method> <!-- afterEachMethod -->
        <test-method is-config="true" signature="endTestCase(java.lang.reflect.Method)[pri:0, instance:com.tetherfi.test.tmac.TmacBroadCastMsgTest@217bf99e]" started-at="2019-09-04T10:07:17 IST" name="endTestCase" finished-at="2019-09-04T10:07:17 IST" duration-ms="1" status="PASS">
          <params>
            <param index="0">
              <value>
                <![CDATA[public void com.tetherfi.test.tmac.TmacBroadCastMsgTest.ExportToExcel() throws java.lang.Exception]]>
              </value>
            </param>
          </params>
          <reporter-output>
          </reporter-output>
        </test-method> <!-- endTestCase -->
        <test-method is-config="true" signature="startTestCase(java.lang.reflect.Method)[pri:0, instance:com.tetherfi.test.tmac.TmacBroadCastMsgTest@217bf99e]" started-at="2019-09-04T10:07:17 IST" name="startTestCase" finished-at="2019-09-04T10:07:17 IST" duration-ms="1" status="PASS">
          <params>
            <param index="0">
              <value>
                <![CDATA[public void com.tetherfi.test.tmac.TmacBroadCastMsgTest.ExportToExcelData() throws java.lang.Exception]]>
              </value>
            </param>
          </params>
          <reporter-output>
          </reporter-output>
        </test-method> <!-- startTestCase -->
        <test-method is-config="true" signature="NavigateToTmacBroadcastMsgPage()[pri:0, instance:com.tetherfi.test.tmac.TmacBroadCastMsgTest@217bf99e]" started-at="2019-09-04T10:07:17 IST" name="NavigateToTmacBroadcastMsgPage" finished-at="2019-09-04T10:07:21 IST" duration-ms="4222" status="PASS">
          <reporter-output>
          </reporter-output>
        </test-method> <!-- NavigateToTmacBroadcastMsgPage -->
        <test-method signature="ExportToExcelData()[pri:15, instance:com.tetherfi.test.tmac.TmacBroadCastMsgTest@217bf99e]" started-at="2019-09-04T10:07:21 IST" name="ExportToExcelData" finished-at="2019-09-04T10:07:26 IST" duration-ms="5160" status="FAIL">
          <exception class="java.lang.AssertionError">
            <message>
              <![CDATA[did not expect to find [true] but found [false]]]>
            </message>
            <full-stacktrace>
              <![CDATA[java.lang.AssertionError: did not expect to find [true] but found [false]
at org.testng.Assert.fail(Assert.java:97)
at org.testng.Assert.failNotEquals(Assert.java:969)
at org.testng.Assert.assertTrue(Assert.java:43)
at org.testng.Assert.assertTrue(Assert.java:53)
at com.tetherfi.test.tmac.TmacBroadCastMsgTest.ExportToExcelData(TmacBroadCastMsgTest.java:208)
at java.base/jdk.internal.reflect.NativeMethodAccessorImpl.invoke0(Native Method)
at java.base/jdk.internal.reflect.NativeMethodAccessorImpl.invoke(Unknown Source)
at java.base/jdk.internal.reflect.DelegatingMethodAccessorImpl.invoke(Unknown Source)
at java.base/java.lang.reflect.Method.invoke(Unknown Source)
at org.testng.internal.MethodInvocationHelper.invokeMethod(MethodInvocationHelper.java:133)
at org.testng.internal.TestInvoker.invokeMethod(TestInvoker.java:584)
at org.testng.internal.TestInvoker.invokeTestMethod(TestInvoker.java:172)
at org.testng.internal.MethodRunner.runInSequence(MethodRunner.java:46)
at org.testng.internal.TestInvoker$MethodInvocationAgent.invoke(TestInvoker.java:804)
at org.testng.internal.TestInvoker.invokeTestMethods(TestInvoker.java:145)
at org.testng.internal.TestMethodWorker.invokeTestMethods(TestMethodWorker.java:146)
at org.testng.internal.TestMethodWorker.run(TestMethodWorker.java:128)
at java.base/java.util.ArrayList.forEach(Unknown Source)
at org.testng.TestRunner.privateRun(TestRunner.java:770)
at org.testng.TestRunner.run(TestRunner.java:591)
at org.testng.SuiteRunner.runTest(SuiteRunner.java:402)
at org.testng.SuiteRunner.runSequentially(SuiteRunner.java:396)
at org.testng.SuiteRunner.privateRun(SuiteRunner.java:355)
at org.testng.SuiteRunner.run(SuiteRunner.java:304)
at org.testng.SuiteRunnerWorker.runSuite(SuiteRunnerWorker.java:53)
at org.testng.SuiteRunnerWorker.run(SuiteRunnerWorker.java:96)
at org.testng.TestNG.runSuitesSequentially(TestNG.java:1180)
at org.testng.TestNG.runSuitesLocally(TestNG.java:1102)
at org.testng.TestNG.runSuites(TestNG.java:1032)
at org.testng.TestNG.run(TestNG.java:1000)
at org.testng.remote.AbstractRemoteTestNG.run(AbstractRemoteTestNG.java:115)
at org.testng.remote.RemoteTestNG.initAndRun(RemoteTestNG.java:251)
at org.testng.remote.RemoteTestNG.main(RemoteTestNG.java:77)
]]>
            </full-stacktrace>
          </exception> <!-- java.lang.AssertionError -->
          <reporter-output>
          </reporter-output>
        </test-method> <!-- ExportToExcelData -->
        <test-method is-config="true" signature="afterEachMethod(java.lang.reflect.Method)[pri:0, instance:com.tetherfi.test.tmac.TmacBroadCastMsgTest@217bf99e]" started-at="2019-09-04T10:07:26 IST" name="afterEachMethod" finished-at="2019-09-04T10:07:26 IST" duration-ms="338" status="PASS">
          <params>
            <param index="0">
              <value>
                <![CDATA[public void com.tetherfi.test.tmac.TmacBroadCastMsgTest.ExportToExcelData() throws java.lang.Exception]]>
              </value>
            </param>
          </params>
          <reporter-output>
          </reporter-output>
        </test-method> <!-- afterEachMethod -->
        <test-method is-config="true" signature="endTestCase(java.lang.reflect.Method)[pri:0, instance:com.tetherfi.test.tmac.TmacBroadCastMsgTest@217bf99e]" started-at="2019-09-04T10:07:26 IST" name="endTestCase" finished-at="2019-09-04T10:07:26 IST" duration-ms="0" status="PASS">
          <params>
            <param index="0">
              <value>
                <![CDATA[public void com.tetherfi.test.tmac.TmacBroadCastMsgTest.ExportToExcelData() throws java.lang.Exception]]>
              </value>
            </param>
          </params>
          <reporter-output>
          </reporter-output>
        </test-method> <!-- endTestCase -->
        <test-method is-config="true" signature="startTestCase(java.lang.reflect.Method)[pri:0, instance:com.tetherfi.test.tmac.TmacBroadCastMsgTest@217bf99e]" started-at="2019-09-04T10:07:26 IST" name="startTestCase" finished-at="2019-09-04T10:07:26 IST" duration-ms="1" status="PASS">
          <params>
            <param index="0">
              <value>
                <![CDATA[public void com.tetherfi.test.tmac.TmacBroadCastMsgTest.database() throws java.lang.Exception]]>
              </value>
            </param>
          </params>
          <reporter-output>
          </reporter-output>
        </test-method> <!-- startTestCase -->
        <test-method is-config="true" signature="NavigateToTmacBroadcastMsgPage()[pri:0, instance:com.tetherfi.test.tmac.TmacBroadCastMsgTest@217bf99e]" started-at="2019-09-04T10:07:26 IST" name="NavigateToTmacBroadcastMsgPage" finished-at="2019-09-04T10:07:31 IST" duration-ms="4763" status="PASS">
          <reporter-output>
          </reporter-output>
        </test-method> <!-- NavigateToTmacBroadcastMsgPage -->
        <test-method signature="database()[pri:16, instance:com.tetherfi.test.tmac.TmacBroadCastMsgTest@217bf99e]" started-at="2019-09-04T10:07:31 IST" name="database" finished-at="2019-09-04T10:07:37 IST" duration-ms="5653" status="FAIL">
          <exception class="java.lang.AssertionError">
            <message>
              <![CDATA[did not expect to find [true] but found [false]]]>
            </message>
            <full-stacktrace>
              <![CDATA[java.lang.AssertionError: did not expect to find [true] but found [false]
at org.testng.Assert.fail(Assert.java:97)
at org.testng.Assert.failNotEquals(Assert.java:969)
at org.testng.Assert.assertTrue(Assert.java:43)
at org.testng.Assert.assertTrue(Assert.java:53)
at com.tetherfi.test.tmac.TmacBroadCastMsgTest.database(TmacBroadCastMsgTest.java:217)
at java.base/jdk.internal.reflect.NativeMethodAccessorImpl.invoke0(Native Method)
at java.base/jdk.internal.reflect.NativeMethodAccessorImpl.invoke(Unknown Source)
at java.base/jdk.internal.reflect.DelegatingMethodAccessorImpl.invoke(Unknown Source)
at java.base/java.lang.reflect.Method.invoke(Unknown Source)
at org.testng.internal.MethodInvocationHelper.invokeMethod(MethodInvocationHelper.java:133)
at org.testng.internal.TestInvoker.invokeMethod(TestInvoker.java:584)
at org.testng.internal.TestInvoker.invokeTestMethod(TestInvoker.java:172)
at org.testng.internal.MethodRunner.runInSequence(MethodRunner.java:46)
at org.testng.internal.TestInvoker$MethodInvocationAgent.invoke(TestInvoker.java:804)
at org.testng.internal.TestInvoker.invokeTestMethods(TestInvoker.java:145)
at org.testng.internal.TestMethodWorker.invokeTestMethods(TestMethodWorker.java:146)
at org.testng.internal.TestMethodWorker.run(TestMethodWorker.java:128)
at java.base/java.util.ArrayList.forEach(Unknown Source)
at org.testng.TestRunner.privateRun(TestRunner.java:770)
at org.testng.TestRunner.run(TestRunner.java:591)
at org.testng.SuiteRunner.runTest(SuiteRunner.java:402)
at org.testng.SuiteRunner.runSequentially(SuiteRunner.java:396)
at org.testng.SuiteRunner.privateRun(SuiteRunner.java:355)
at org.testng.SuiteRunner.run(SuiteRunner.java:304)
at org.testng.SuiteRunnerWorker.runSuite(SuiteRunnerWorker.java:53)
at org.testng.SuiteRunnerWorker.run(SuiteRunnerWorker.java:96)
at org.testng.TestNG.runSuitesSequentially(TestNG.java:1180)
at org.testng.TestNG.runSuitesLocally(TestNG.java:1102)
at org.testng.TestNG.runSuites(TestNG.java:1032)
at org.testng.TestNG.run(TestNG.java:1000)
at org.testng.remote.AbstractRemoteTestNG.run(AbstractRemoteTestNG.java:115)
at org.testng.remote.RemoteTestNG.initAndRun(RemoteTestNG.java:251)
at org.testng.remote.RemoteTestNG.main(RemoteTestNG.java:77)
]]>
            </full-stacktrace>
          </exception> <!-- java.lang.AssertionError -->
          <reporter-output>
          </reporter-output>
        </test-method> <!-- database -->
        <test-method is-config="true" signature="afterEachMethod(java.lang.reflect.Method)[pri:0, instance:com.tetherfi.test.tmac.TmacBroadCastMsgTest@217bf99e]" started-at="2019-09-04T10:07:37 IST" name="afterEachMethod" finished-at="2019-09-04T10:07:38 IST" duration-ms="1181" status="PASS">
          <params>
            <param index="0">
              <value>
                <![CDATA[public void com.tetherfi.test.tmac.TmacBroadCastMsgTest.database() throws java.lang.Exception]]>
              </value>
            </param>
          </params>
          <reporter-output>
          </reporter-output>
        </test-method> <!-- afterEachMethod -->
        <test-method is-config="true" signature="endTestCase(java.lang.reflect.Method)[pri:0, instance:com.tetherfi.test.tmac.TmacBroadCastMsgTest@217bf99e]" started-at="2019-09-04T10:07:38 IST" name="endTestCase" finished-at="2019-09-04T10:07:38 IST" duration-ms="1" status="PASS">
          <params>
            <param index="0">
              <value>
                <![CDATA[public void com.tetherfi.test.tmac.TmacBroadCastMsgTest.database() throws java.lang.Exception]]>
              </value>
            </param>
          </params>
          <reporter-output>
          </reporter-output>
        </test-method> <!-- endTestCase -->
        <test-method is-config="true" signature="startTestCase(java.lang.reflect.Method)[pri:0, instance:com.tetherfi.test.tmac.TmacBroadCastMsgTest@217bf99e]" started-at="2019-09-04T10:07:38 IST" name="startTestCase" finished-at="2019-09-04T10:07:38 IST" duration-ms="0" status="PASS">
          <params>
            <param index="0">
              <value>
                <![CDATA[public void com.tetherfi.test.tmac.TmacBroadCastMsgTest.GroupBy()]]>
              </value>
            </param>
          </params>
          <reporter-output>
          </reporter-output>
        </test-method> <!-- startTestCase -->
        <test-method is-config="true" signature="NavigateToTmacBroadcastMsgPage()[pri:0, instance:com.tetherfi.test.tmac.TmacBroadCastMsgTest@217bf99e]" started-at="2019-09-04T10:07:38 IST" name="NavigateToTmacBroadcastMsgPage" finished-at="2019-09-04T10:07:42 IST" duration-ms="4016" status="PASS">
          <reporter-output>
          </reporter-output>
        </test-method> <!-- NavigateToTmacBroadcastMsgPage -->
        <test-method signature="GroupBy()[pri:17, instance:com.tetherfi.test.tmac.TmacBroadCastMsgTest@217bf99e]" started-at="2019-09-04T10:07:42 IST" name="GroupBy" finished-at="2019-09-04T10:07:46 IST" duration-ms="3840" status="PASS">
          <reporter-output>
          </reporter-output>
        </test-method> <!-- GroupBy -->
        <test-method is-config="true" signature="afterEachMethod(java.lang.reflect.Method)[pri:0, instance:com.tetherfi.test.tmac.TmacBroadCastMsgTest@217bf99e]" started-at="2019-09-04T10:07:46 IST" name="afterEachMethod" finished-at="2019-09-04T10:07:47 IST" duration-ms="1173" status="PASS">
          <params>
            <param index="0">
              <value>
                <![CDATA[public void com.tetherfi.test.tmac.TmacBroadCastMsgTest.GroupBy()]]>
              </value>
            </param>
          </params>
          <reporter-output>
          </reporter-output>
        </test-method> <!-- afterEachMethod -->
        <test-method is-config="true" signature="endTestCase(java.lang.reflect.Method)[pri:0, instance:com.tetherfi.test.tmac.TmacBroadCastMsgTest@217bf99e]" started-at="2019-09-04T10:07:47 IST" name="endTestCase" finished-at="2019-09-04T10:07:47 IST" duration-ms="1" status="PASS">
          <params>
            <param index="0">
              <value>
                <![CDATA[public void com.tetherfi.test.tmac.TmacBroadCastMsgTest.GroupBy()]]>
              </value>
            </param>
          </params>
          <reporter-output>
          </reporter-output>
        </test-method> <!-- endTestCase -->
        <test-method is-config="true" signature="startTestCase(java.lang.reflect.Method)[pri:0, instance:com.tetherfi.test.tmac.TmacBroadCastMsgTest@217bf99e]" started-at="2019-09-04T10:07:47 IST" name="startTestCase" finished-at="2019-09-04T10:07:47 IST" duration-ms="1" status="PASS">
          <params>
            <param index="0">
              <value>
                <![CDATA[public void com.tetherfi.test.tmac.TmacBroadCastMsgTest.VerifyArrowMoveForPreviousAndNextPage()]]>
              </value>
            </param>
          </params>
          <reporter-output>
          </reporter-output>
        </test-method> <!-- startTestCase -->
        <test-method is-config="true" signature="NavigateToTmacBroadcastMsgPage()[pri:0, instance:com.tetherfi.test.tmac.TmacBroadCastMsgTest@217bf99e]" started-at="2019-09-04T10:07:47 IST" name="NavigateToTmacBroadcastMsgPage" finished-at="2019-09-04T10:07:51 IST" duration-ms="3940" status="PASS">
          <reporter-output>
          </reporter-output>
        </test-method> <!-- NavigateToTmacBroadcastMsgPage -->
        <test-method signature="VerifyArrowMoveForPreviousAndNextPage()[pri:18, instance:com.tetherfi.test.tmac.TmacBroadCastMsgTest@217bf99e]" started-at="2019-09-04T10:07:51 IST" name="VerifyArrowMoveForPreviousAndNextPage" finished-at="2019-09-04T10:07:52 IST" duration-ms="868" status="PASS">
          <reporter-output>
          </reporter-output>
        </test-method> <!-- VerifyArrowMoveForPreviousAndNextPage -->
        <test-method is-config="true" signature="afterEachMethod(java.lang.reflect.Method)[pri:0, instance:com.tetherfi.test.tmac.TmacBroadCastMsgTest@217bf99e]" started-at="2019-09-04T10:07:52 IST" name="afterEachMethod" finished-at="2019-09-04T10:07:53 IST" duration-ms="1227" status="PASS">
          <params>
            <param index="0">
              <value>
                <![CDATA[public void com.tetherfi.test.tmac.TmacBroadCastMsgTest.VerifyArrowMoveForPreviousAndNextPage()]]>
              </value>
            </param>
          </params>
          <reporter-output>
          </reporter-output>
        </test-method> <!-- afterEachMethod -->
        <test-method is-config="true" signature="endTestCase(java.lang.reflect.Method)[pri:0, instance:com.tetherfi.test.tmac.TmacBroadCastMsgTest@217bf99e]" started-at="2019-09-04T10:07:53 IST" name="endTestCase" finished-at="2019-09-04T10:07:53 IST" duration-ms="1" status="PASS">
          <params>
            <param index="0">
              <value>
                <![CDATA[public void com.tetherfi.test.tmac.TmacBroadCastMsgTest.VerifyArrowMoveForPreviousAndNextPage()]]>
              </value>
            </param>
          </params>
          <reporter-output>
          </reporter-output>
        </test-method> <!-- endTestCase -->
        <test-method is-config="true" signature="startTestCase(java.lang.reflect.Method)[pri:0, instance:com.tetherfi.test.tmac.TmacBroadCastMsgTest@217bf99e]" started-at="2019-09-04T10:07:53 IST" name="startTestCase" finished-at="2019-09-04T10:07:53 IST" duration-ms="1" status="PASS">
          <params>
            <param index="0">
              <value>
                <![CDATA[public void com.tetherfi.test.tmac.TmacBroadCastMsgTest.VerifyArrowMoveForFirstAndLastPage()]]>
              </value>
            </param>
          </params>
          <reporter-output>
          </reporter-output>
        </test-method> <!-- startTestCase -->
        <test-method is-config="true" signature="NavigateToTmacBroadcastMsgPage()[pri:0, instance:com.tetherfi.test.tmac.TmacBroadCastMsgTest@217bf99e]" started-at="2019-09-04T10:07:53 IST" name="NavigateToTmacBroadcastMsgPage" finished-at="2019-09-04T10:07:57 IST" duration-ms="3959" status="PASS">
          <reporter-output>
          </reporter-output>
        </test-method> <!-- NavigateToTmacBroadcastMsgPage -->
        <test-method signature="VerifyArrowMoveForFirstAndLastPage()[pri:19, instance:com.tetherfi.test.tmac.TmacBroadCastMsgTest@217bf99e]" started-at="2019-09-04T10:07:57 IST" name="VerifyArrowMoveForFirstAndLastPage" finished-at="2019-09-04T10:07:58 IST" duration-ms="819" status="PASS">
          <reporter-output>
          </reporter-output>
        </test-method> <!-- VerifyArrowMoveForFirstAndLastPage -->
        <test-method is-config="true" signature="afterEachMethod(java.lang.reflect.Method)[pri:0, instance:com.tetherfi.test.tmac.TmacBroadCastMsgTest@217bf99e]" started-at="2019-09-04T10:07:58 IST" name="afterEachMethod" finished-at="2019-09-04T10:07:59 IST" duration-ms="1143" status="PASS">
          <params>
            <param index="0">
              <value>
                <![CDATA[public void com.tetherfi.test.tmac.TmacBroadCastMsgTest.VerifyArrowMoveForFirstAndLastPage()]]>
              </value>
            </param>
          </params>
          <reporter-output>
          </reporter-output>
        </test-method> <!-- afterEachMethod -->
        <test-method is-config="true" signature="endTestCase(java.lang.reflect.Method)[pri:0, instance:com.tetherfi.test.tmac.TmacBroadCastMsgTest@217bf99e]" started-at="2019-09-04T10:07:59 IST" name="endTestCase" finished-at="2019-09-04T10:07:59 IST" duration-ms="1" status="PASS">
          <params>
            <param index="0">
              <value>
                <![CDATA[public void com.tetherfi.test.tmac.TmacBroadCastMsgTest.VerifyArrowMoveForFirstAndLastPage()]]>
              </value>
            </param>
          </params>
          <reporter-output>
          </reporter-output>
        </test-method> <!-- endTestCase -->
        <test-method is-config="true" signature="startTestCase(java.lang.reflect.Method)[pri:0, instance:com.tetherfi.test.tmac.TmacBroadCastMsgTest@217bf99e]" started-at="2019-09-04T10:07:59 IST" name="startTestCase" finished-at="2019-09-04T10:07:59 IST" duration-ms="1" status="PASS">
          <params>
            <param index="0">
              <value>
                <![CDATA[public void com.tetherfi.test.tmac.TmacBroadCastMsgTest.VerifyTotalNumberOfItemsPerPageDetails()]]>
              </value>
            </param>
          </params>
          <reporter-output>
          </reporter-output>
        </test-method> <!-- startTestCase -->
        <test-method is-config="true" signature="NavigateToTmacBroadcastMsgPage()[pri:0, instance:com.tetherfi.test.tmac.TmacBroadCastMsgTest@217bf99e]" started-at="2019-09-04T10:07:59 IST" name="NavigateToTmacBroadcastMsgPage" finished-at="2019-09-04T10:08:03 IST" duration-ms="3920" status="PASS">
          <reporter-output>
          </reporter-output>
        </test-method> <!-- NavigateToTmacBroadcastMsgPage -->
        <test-method signature="VerifyTotalNumberOfItemsPerPageDetails()[pri:20, instance:com.tetherfi.test.tmac.TmacBroadCastMsgTest@217bf99e]" started-at="2019-09-04T10:08:03 IST" name="VerifyTotalNumberOfItemsPerPageDetails" finished-at="2019-09-04T10:08:03 IST" duration-ms="34" status="PASS">
          <reporter-output>
          </reporter-output>
        </test-method> <!-- VerifyTotalNumberOfItemsPerPageDetails -->
        <test-method is-config="true" signature="afterEachMethod(java.lang.reflect.Method)[pri:0, instance:com.tetherfi.test.tmac.TmacBroadCastMsgTest@217bf99e]" started-at="2019-09-04T10:08:03 IST" name="afterEachMethod" finished-at="2019-09-04T10:08:04 IST" duration-ms="1241" status="PASS">
          <params>
            <param index="0">
              <value>
                <![CDATA[public void com.tetherfi.test.tmac.TmacBroadCastMsgTest.VerifyTotalNumberOfItemsPerPageDetails()]]>
              </value>
            </param>
          </params>
          <reporter-output>
          </reporter-output>
        </test-method> <!-- afterEachMethod -->
        <test-method is-config="true" signature="endTestCase(java.lang.reflect.Method)[pri:0, instance:com.tetherfi.test.tmac.TmacBroadCastMsgTest@217bf99e]" started-at="2019-09-04T10:08:04 IST" name="endTestCase" finished-at="2019-09-04T10:08:04 IST" duration-ms="0" status="PASS">
          <params>
            <param index="0">
              <value>
                <![CDATA[public void com.tetherfi.test.tmac.TmacBroadCastMsgTest.VerifyTotalNumberOfItemsPerPageDetails()]]>
              </value>
            </param>
          </params>
          <reporter-output>
          </reporter-output>
        </test-method> <!-- endTestCase -->
        <test-method is-config="true" signature="startTestCase(java.lang.reflect.Method)[pri:0, instance:com.tetherfi.test.tmac.TmacBroadCastMsgTest@217bf99e]" started-at="2019-09-04T10:08:04 IST" name="startTestCase" finished-at="2019-09-04T10:08:04 IST" duration-ms="0" status="PASS">
          <params>
            <param index="0">
              <value>
                <![CDATA[public void com.tetherfi.test.tmac.TmacBroadCastMsgTest.VerifyNumberOfItemsPerPageSelection()]]>
              </value>
            </param>
          </params>
          <reporter-output>
          </reporter-output>
        </test-method> <!-- startTestCase -->
        <test-method is-config="true" signature="NavigateToTmacBroadcastMsgPage()[pri:0, instance:com.tetherfi.test.tmac.TmacBroadCastMsgTest@217bf99e]" started-at="2019-09-04T10:08:04 IST" name="NavigateToTmacBroadcastMsgPage" finished-at="2019-09-04T10:08:08 IST" duration-ms="3907" status="PASS">
          <reporter-output>
          </reporter-output>
        </test-method> <!-- NavigateToTmacBroadcastMsgPage -->
        <test-method signature="VerifyNumberOfItemsPerPageSelection()[pri:21, instance:com.tetherfi.test.tmac.TmacBroadCastMsgTest@217bf99e]" started-at="2019-09-04T10:08:08 IST" name="VerifyNumberOfItemsPerPageSelection" finished-at="2019-09-04T10:08:16 IST" duration-ms="7839" status="PASS">
          <reporter-output>
          </reporter-output>
        </test-method> <!-- VerifyNumberOfItemsPerPageSelection -->
        <test-method is-config="true" signature="afterEachMethod(java.lang.reflect.Method)[pri:0, instance:com.tetherfi.test.tmac.TmacBroadCastMsgTest@217bf99e]" started-at="2019-09-04T10:08:16 IST" name="afterEachMethod" finished-at="2019-09-04T10:08:17 IST" duration-ms="1149" status="PASS">
          <params>
            <param index="0">
              <value>
                <![CDATA[public void com.tetherfi.test.tmac.TmacBroadCastMsgTest.VerifyNumberOfItemsPerPageSelection()]]>
              </value>
            </param>
          </params>
          <reporter-output>
          </reporter-output>
        </test-method> <!-- afterEachMethod -->
        <test-method is-config="true" signature="endTestCase(java.lang.reflect.Method)[pri:0, instance:com.tetherfi.test.tmac.TmacBroadCastMsgTest@217bf99e]" started-at="2019-09-04T10:08:17 IST" name="endTestCase" finished-at="2019-09-04T10:08:17 IST" duration-ms="0" status="PASS">
          <params>
            <param index="0">
              <value>
                <![CDATA[public void com.tetherfi.test.tmac.TmacBroadCastMsgTest.VerifyNumberOfItemsPerPageSelection()]]>
              </value>
            </param>
          </params>
          <reporter-output>
          </reporter-output>
        </test-method> <!-- endTestCase -->
        <test-method is-config="true" signature="NavigateToTmacBroadcastMsgPage()[pri:0, instance:com.tetherfi.test.tmac.TmacBroadCastMsgTest@217bf99e]" started-at="2019-09-04T10:08:17 IST" name="NavigateToTmacBroadcastMsgPage" finished-at="2019-09-04T10:08:21 IST" duration-ms="3975" status="PASS">
          <reporter-output>
          </reporter-output>
        </test-method> <!-- NavigateToTmacBroadcastMsgPage -->
        <test-method is-config="true" signature="startTestCase(java.lang.reflect.Method)[pri:0, instance:com.tetherfi.test.tmac.TmacBroadCastMsgTest@217bf99e]" started-at="2019-09-04T10:08:17 IST" name="startTestCase" finished-at="2019-09-04T10:08:17 IST" duration-ms="0" status="PASS">
          <params>
            <param index="0">
              <value>
                <![CDATA[public void com.tetherfi.test.tmac.TmacBroadCastMsgTest.VerifyDropdownForAllTheColumns()]]>
              </value>
            </param>
          </params>
          <reporter-output>
          </reporter-output>
        </test-method> <!-- startTestCase -->
        <test-method signature="VerifyDropdownForAllTheColumns()[pri:22, instance:com.tetherfi.test.tmac.TmacBroadCastMsgTest@217bf99e]" started-at="2019-09-04T10:08:21 IST" name="VerifyDropdownForAllTheColumns" finished-at="2019-09-04T10:08:25 IST" duration-ms="4454" status="PASS">
          <reporter-output>
          </reporter-output>
        </test-method> <!-- VerifyDropdownForAllTheColumns -->
        <test-method is-config="true" signature="afterEachMethod(java.lang.reflect.Method)[pri:0, instance:com.tetherfi.test.tmac.TmacBroadCastMsgTest@217bf99e]" started-at="2019-09-04T10:08:25 IST" name="afterEachMethod" finished-at="2019-09-04T10:08:27 IST" duration-ms="1218" status="PASS">
          <params>
            <param index="0">
              <value>
                <![CDATA[public void com.tetherfi.test.tmac.TmacBroadCastMsgTest.VerifyDropdownForAllTheColumns()]]>
              </value>
            </param>
          </params>
          <reporter-output>
          </reporter-output>
        </test-method> <!-- afterEachMethod -->
        <test-method is-config="true" signature="endTestCase(java.lang.reflect.Method)[pri:0, instance:com.tetherfi.test.tmac.TmacBroadCastMsgTest@217bf99e]" started-at="2019-09-04T10:08:27 IST" name="endTestCase" finished-at="2019-09-04T10:08:27 IST" duration-ms="1" status="PASS">
          <params>
            <param index="0">
              <value>
                <![CDATA[public void com.tetherfi.test.tmac.TmacBroadCastMsgTest.VerifyDropdownForAllTheColumns()]]>
              </value>
            </param>
          </params>
          <reporter-output>
          </reporter-output>
        </test-method> <!-- endTestCase -->
        <test-method is-config="true" signature="startTestCase(java.lang.reflect.Method)[pri:0, instance:com.tetherfi.test.tmac.TmacBroadCastMsgTest@217bf99e]" started-at="2019-09-04T10:08:27 IST" name="startTestCase" finished-at="2019-09-04T10:08:27 IST" duration-ms="0" status="PASS">
          <params>
            <param index="0">
              <value>
                <![CDATA[public void com.tetherfi.test.tmac.TmacBroadCastMsgTest.VerifyColumnsHeaderEnable()]]>
              </value>
            </param>
          </params>
          <reporter-output>
          </reporter-output>
        </test-method> <!-- startTestCase -->
        <test-method is-config="true" signature="NavigateToTmacBroadcastMsgPage()[pri:0, instance:com.tetherfi.test.tmac.TmacBroadCastMsgTest@217bf99e]" started-at="2019-09-04T10:08:27 IST" name="NavigateToTmacBroadcastMsgPage" finished-at="2019-09-04T10:08:31 IST" duration-ms="3924" status="PASS">
          <reporter-output>
          </reporter-output>
        </test-method> <!-- NavigateToTmacBroadcastMsgPage -->
        <test-method signature="VerifyColumnsHeaderEnable()[pri:23, instance:com.tetherfi.test.tmac.TmacBroadCastMsgTest@217bf99e]" started-at="2019-09-04T10:08:31 IST" name="VerifyColumnsHeaderEnable" finished-at="2019-09-04T10:08:35 IST" duration-ms="4364" status="PASS">
          <reporter-output>
          </reporter-output>
        </test-method> <!-- VerifyColumnsHeaderEnable -->
        <test-method is-config="true" signature="afterEachMethod(java.lang.reflect.Method)[pri:0, instance:com.tetherfi.test.tmac.TmacBroadCastMsgTest@217bf99e]" started-at="2019-09-04T10:08:35 IST" name="afterEachMethod" finished-at="2019-09-04T10:08:35 IST" duration-ms="361" status="PASS">
          <params>
            <param index="0">
              <value>
                <![CDATA[public void com.tetherfi.test.tmac.TmacBroadCastMsgTest.VerifyColumnsHeaderEnable()]]>
              </value>
            </param>
          </params>
          <reporter-output>
          </reporter-output>
        </test-method> <!-- afterEachMethod -->
        <test-method is-config="true" signature="endTestCase(java.lang.reflect.Method)[pri:0, instance:com.tetherfi.test.tmac.TmacBroadCastMsgTest@217bf99e]" started-at="2019-09-04T10:08:35 IST" name="endTestCase" finished-at="2019-09-04T10:08:35 IST" duration-ms="0" status="PASS">
          <params>
            <param index="0">
              <value>
                <![CDATA[public void com.tetherfi.test.tmac.TmacBroadCastMsgTest.VerifyColumnsHeaderEnable()]]>
              </value>
            </param>
[...]
        </test-method> <!-- startTestCase -->
        <test-method signature="VerifyColumnsHeaderDisable()[pri:24, instance:com.tetherfi.test.tmac.TmacBroadCastMsgTest@217bf99e]" started-at="2019-09-04T10:08:41 IST" name="VerifyColumnsHeaderDisable" finished-at="2019-09-04T10:08:45 IST" duration-ms="4785" status="PASS">
          <reporter-output>
          </reporter-output>
        </test-method> <!-- VerifyColumnsHeaderDisable -->
        <test-method is-config="true" signature="afterEachMethod(java.lang.reflect.Method)[pri:0, instance:com.tetherfi.test.tmac.TmacBroadCastMsgTest@217bf99e]" started-at="2019-09-04T10:08:45 IST" name="afterEachMethod" finished-at="2019-09-04T10:08:47 IST" duration-ms="1246" status="PASS">
          <params>
            <param index="0">
              <value>
                <![CDATA[public void com.tetherfi.test.tmac.TmacBroadCastMsgTest.VerifyColumnsHeaderDisable()]]>
              </value>
            </param>
          </params>
          <reporter-output>
          </reporter-output>
        </test-method> <!-- afterEachMethod -->
        <test-method is-config="true" signature="endTestCase(java.lang.reflect.Method)[pri:0, instance:com.tetherfi.test.tmac.TmacBroadCastMsgTest@217bf99e]" started-at="2019-09-04T10:08:47 IST" name="endTestCase" finished-at="2019-09-04T10:08:47 IST" duration-ms="0" status="PASS">
          <params>
            <param index="0">
              <value>
                <![CDATA[public void com.tetherfi.test.tmac.TmacBroadCastMsgTest.VerifyColumnsHeaderDisable()]]>
              </value>
            </param>
          </params>
          <reporter-output>
          </reporter-output>
        </test-method> <!-- endTestCase -->
        <test-method is-config="true" signature="startTestCase(java.lang.reflect.Method)[pri:0, instance:com.tetherfi.test.tmac.TmacBroadCastMsgTest@217bf99e]" started-at="2019-09-04T10:08:47 IST" name="startTestCase" finished-at="2019-09-04T10:08:47 IST" duration-ms="0" status="PASS">
          <params>
            <param index="0">
              <value>
                <![CDATA[public void com.tetherfi.test.tmac.TmacBroadCastMsgTest.SortingByAscending() throws java.lang.Exception]]>
              </value>
            </param>
          </params>
          <reporter-output>
          </reporter-output>
        </test-method> <!-- startTestCase -->
        <test-method is-config="true" signature="NavigateToTmacBroadcastMsgPage()[pri:0, instance:com.tetherfi.test.tmac.TmacBroadCastMsgTest@217bf99e]" started-at="2019-09-04T10:08:47 IST" name="NavigateToTmacBroadcastMsgPage" finished-at="2019-09-04T10:08:51 IST" duration-ms="3935" status="PASS">
          <reporter-output>
          </reporter-output>
        </test-method> <!-- NavigateToTmacBroadcastMsgPage -->
        <test-method signature="SortingByAscending()[pri:25, instance:com.tetherfi.test.tmac.TmacBroadCastMsgTest@217bf99e]" started-at="2019-09-04T10:08:51 IST" name="SortingByAscending" finished-at="2019-09-04T10:10:11 IST" duration-ms="80138" status="FAIL">
          <exception class="org.openqa.selenium.TimeoutException">
            <message>
              <![CDATA[Expected condition failed: waiting for visibility of Proxy element for: DefaultElementLocator 'By.xpath: //a[text()='TeamName']' (tried for 30 second(s) with 500 milliseconds interval)]]>
            </message>
            <full-stacktrace>
              <![CDATA[org.openqa.selenium.TimeoutException: Expected condition failed: waiting for visibility of Proxy element for: DefaultElementLocator 'By.xpath: //a[text()='TeamName']' (tried for 30 second(s) with 500 milliseconds interval)
at org.openqa.selenium.support.ui.WebDriverWait.timeoutException(WebDriverWait.java:95)
at org.openqa.selenium.support.ui.FluentWait.until(FluentWait.java:272)
at com.tetherfi.pages.BasePage.waitUntilWebElementIsVisible(BasePage.java:127)
at com.tetherfi.pages.BasePage.selectWebElement(BasePage.java:191)
at com.tetherfi.pages.TmacBroadCastMsgPage.SortByAscending(TmacBroadCastMsgPage.java:856)
at com.tetherfi.test.tmac.TmacBroadCastMsgTest.SortingByAscending(TmacBroadCastMsgTest.java:270)
at java.base/jdk.internal.reflect.NativeMethodAccessorImpl.invoke0(Native Method)
at java.base/jdk.internal.reflect.NativeMethodAccessorImpl.invoke(Unknown Source)
at java.base/jdk.internal.reflect.DelegatingMethodAccessorImpl.invoke(Unknown Source)
at java.base/java.lang.reflect.Method.invoke(Unknown Source)
at org.testng.internal.MethodInvocationHelper.invokeMethod(MethodInvocationHelper.java:133)
at org.testng.internal.TestInvoker.invokeMethod(TestInvoker.java:584)
at org.testng.internal.TestInvoker.invokeTestMethod(TestInvoker.java:172)
at org.testng.internal.MethodRunner.runInSequence(MethodRunner.java:46)
at org.testng.internal.TestInvoker$MethodInvocationAgent.invoke(TestInvoker.java:804)
at org.testng.internal.TestInvoker.invokeTestMethods(TestInvoker.java:145)
at org.testng.internal.TestMethodWorker.invokeTestMethods(TestMethodWorker.java:146)
at org.testng.internal.TestMethodWorker.run(TestMethodWorker.java:128)
at java.base/java.util.ArrayList.forEach(Unknown Source)
at org.testng.TestRunner.privateRun(TestRunner.java:770)
at org.testng.TestRunner.run(TestRunner.java:591)
at org.testng.SuiteRunner.runTest(SuiteRunner.java:402)
at org.testng.SuiteRunner.runSequentially(SuiteRunner.java:396)
at org.testng.SuiteRunner.privateRun(SuiteRunner.java:355)
at org.testng.SuiteRunner.run(SuiteRunner.java:304)
at org.testng.SuiteRunnerWorker.runSuite(SuiteRunnerWorker.java:53)
at org.testng.SuiteRunnerWorker.run(SuiteRunnerWorker.java:96)
at org.testng.TestNG.runSuitesSequentially(TestNG.java:1180)
at org.testng.TestNG.runSuitesLocally(TestNG.java:1102)
at org.testng.TestNG.runSuites(TestNG.java:1032)
at org.testng.TestNG.run(TestNG.java:1000)
at org.testng.remote.AbstractRemoteTestNG.run(AbstractRemoteTestNG.java:115)
at org.testng.remote.RemoteTestNG.initAndRun(RemoteTestNG.java:251)
at org.testng.remote.RemoteTestNG.main(RemoteTestNG.java:77)
Caused by: org.openqa.selenium.NoSuchElementException: no such element: Unable to locate element: {"method":"xpath","selector":"//a[text()='TeamName']"}
  (Session info: chrome=76.0.3809.132)
For documentation on this error, please visit: https://www.seleniumhq.org/exceptions/no_such_element.html
Build info: version: '3.141.59', revision: 'e82be7d358', time: '2018-11-14T08:17:03'
System info: host: 'ADMIN', ip: '192.168.1.13', os.name: 'Windows 8.1', os.arch: 'amd64', os.version: '6.3', java.version: '9.0.4'
Driver info: org.openqa.selenium.chrome.ChromeDriver
Capabilities {acceptInsecureCerts: false, browserName: chrome, browserVersion: 76.0.3809.132, chrome: {chromedriverVersion: 76.0.3809.68 (420c9498db8ce..., userDataDir: C:\Users\ADMINP~1\AppData\L...}, goog:chromeOptions: {debuggerAddress: localhost:53750}, javascriptEnabled: true, networkConnectionEnabled: false, pageLoadStrategy: normal, platform: XP, platformName: XP, proxy: Proxy(), setWindowRect: true, strictFileInteractability: false, timeouts: {implicit: 0, pageLoad: 300000, script: 30000}, unhandledPromptBehavior: dismiss and notify}
Session ID: 7f1ffd47543c3fda76b2acb7f1360759
*** Element info: {Using=xpath, value=//a[text()='TeamName']}
at java.base/jdk.internal.reflect.NativeConstructorAccessorImpl.newInstance0(Native Method)
at java.base/jdk.internal.reflect.NativeConstructorAccessorImpl.newInstance(Unknown Source)
at java.base/jdk.internal.reflect.DelegatingConstructorAccessorImpl.newInstance(Unknown Source)
at java.base/java.lang.reflect.Constructor.newInstance(Unknown Source)
at org.openqa.selenium.remote.http.W3CHttpResponseCodec.createException(W3CHttpResponseCodec.java:187)
at org.openqa.selenium.remote.http.W3CHttpResponseCodec.decode(W3CHttpResponseCodec.java:122)
at org.openqa.selenium.remote.http.W3CHttpResponseCodec.decode(W3CHttpResponseCodec.java:49)
at org.openqa.selenium.remote.HttpCommandExecutor.execute(HttpCommandExecutor.java:158)
at org.openqa.selenium.remote.service.DriverCommandExecutor.execute(DriverCommandExecutor.java:83)
at org.openqa.selenium.remote.RemoteWebDriver.execute(RemoteWebDriver.java:552)
at org.openqa.selenium.remote.RemoteWebDriver.findElement(RemoteWebDriver.java:323)
at org.openqa.selenium.remote.RemoteWebDriver.findElementByXPath(RemoteWebDriver.java:428)
at org.openqa.selenium.By$ByXPath.findElement(By.java:353)
at org.openqa.selenium.remote.RemoteWebDriver.findElement(RemoteWebDriver.java:315)
at org.openqa.selenium.support.pagefactory.DefaultElementLocator.findElement(DefaultElementLocator.java:69)
at org.openqa.selenium.support.pagefactory.internal.LocatingElementHandler.invoke(LocatingElementHandler.java:38)
at com.sun.proxy.$Proxy14.isDisplayed(Unknown Source)
at org.openqa.selenium.support.ui.ExpectedConditions.elementIfVisible(ExpectedConditions.java:314)
at org.openqa.selenium.support.ui.ExpectedConditions.access$000(ExpectedConditions.java:43)
at org.openqa.selenium.support.ui.ExpectedConditions$10.apply(ExpectedConditions.java:300)
at org.openqa.selenium.support.ui.ExpectedConditions$10.apply(ExpectedConditions.java:297)
at org.openqa.selenium.support.ui.FluentWait.until(FluentWait.java:249)
... 32 more
]]>
            </full-stacktrace>
          </exception> <!-- org.openqa.selenium.TimeoutException -->
          <reporter-output>
          </reporter-output>
        </test-method> <!-- SortingByAscending -->
        <test-method is-config="true" signature="afterEachMethod(java.lang.reflect.Method)[pri:0, instance:com.tetherfi.test.tmac.TmacBroadCastMsgTest@217bf99e]" started-at="2019-09-04T10:10:11 IST" name="afterEachMethod" finished-at="2019-09-04T10:10:12 IST" duration-ms="1327" status="PASS">
          <params>
            <param index="0">
              <value>
                <![CDATA[public void com.tetherfi.test.tmac.TmacBroadCastMsgTest.SortingByAscending() throws java.lang.Exception]]>
              </value>
            </param>
          </params>
          <reporter-output>
          </reporter-output>
        </test-method> <!-- afterEachMethod -->
        <test-method is-config="true" signature="endTestCase(java.lang.reflect.Method)[pri:0, instance:com.tetherfi.test.tmac.TmacBroadCastMsgTest@217bf99e]" started-at="2019-09-04T10:10:12 IST" name="endTestCase" finished-at="2019-09-04T10:10:12 IST" duration-ms="0" status="PASS">
          <params>
            <param index="0">
              <value>
                <![CDATA[public void com.tetherfi.test.tmac.TmacBroadCastMsgTest.SortingByAscending() throws java.lang.Exception]]>
              </value>
            </param>
          </params>
          <reporter-output>
          </reporter-output>
        </test-method> <!-- endTestCase -->
        <test-method is-config="true" signature="NavigateToTmacBroadcastMsgPage()[pri:0, instance:com.tetherfi.test.tmac.TmacBroadCastMsgTest@217bf99e]" started-at="2019-09-04T10:10:12 IST" name="NavigateToTmacBroadcastMsgPage" finished-at="2019-09-04T10:10:16 IST" duration-ms="3754" status="PASS">
          <reporter-output>
          </reporter-output>
        </test-method> <!-- NavigateToTmacBroadcastMsgPage -->
        <test-method is-config="true" signature="startTestCase(java.lang.reflect.Method)[pri:0, instance:com.tetherfi.test.tmac.TmacBroadCastMsgTest@217bf99e]" started-at="2019-09-04T10:10:12 IST" name="startTestCase" finished-at="2019-09-04T10:10:12 IST" duration-ms="0" status="PASS">
          <params>
            <param index="0">
              <value>
                <![CDATA[public void com.tetherfi.test.tmac.TmacBroadCastMsgTest.SortingByDescending() throws java.lang.Exception]]>
              </value>
            </param>
          </params>
          <reporter-output>
          </reporter-output>
        </test-method> <!-- startTestCase -->
        <test-method signature="SortingByDescending()[pri:26, instance:com.tetherfi.test.tmac.TmacBroadCastMsgTest@217bf99e]" started-at="2019-09-04T10:10:16 IST" name="SortingByDescending" finished-at="2019-09-04T10:10:23 IST" duration-ms="7249" status="FAIL">
          <exception class="java.lang.AssertionError">
            <message>
              <![CDATA[did not expect to find [true] but found [false]]]>
            </message>
            <full-stacktrace>
              <![CDATA[java.lang.AssertionError: did not expect to find [true] but found [false]
at org.testng.Assert.fail(Assert.java:97)
at org.testng.Assert.failNotEquals(Assert.java:969)
at org.testng.Assert.assertTrue(Assert.java:43)
at org.testng.Assert.assertTrue(Assert.java:53)
at com.tetherfi.test.tmac.TmacBroadCastMsgTest.SortingByDescending(TmacBroadCastMsgTest.java:281)
at java.base/jdk.internal.reflect.NativeMethodAccessorImpl.invoke0(Native Method)
at java.base/jdk.internal.reflect.NativeMethodAccessorImpl.invoke(Unknown Source)
at java.base/jdk.internal.reflect.DelegatingMethodAccessorImpl.invoke(Unknown Source)
at java.base/java.lang.reflect.Method.invoke(Unknown Source)
at org.testng.internal.MethodInvocationHelper.invokeMethod(MethodInvocationHelper.java:133)
at org.testng.internal.TestInvoker.invokeMethod(TestInvoker.java:584)
at org.testng.internal.TestInvoker.invokeTestMethod(TestInvoker.java:172)
at org.testng.internal.MethodRunner.runInSequence(MethodRunner.java:46)
at org.testng.internal.TestInvoker$MethodInvocationAgent.invoke(TestInvoker.java:804)
at org.testng.internal.TestInvoker.invokeTestMethods(TestInvoker.java:145)
at org.testng.internal.TestMethodWorker.invokeTestMethods(TestMethodWorker.java:146)
at org.testng.internal.TestMethodWorker.run(TestMethodWorker.java:128)
at java.base/java.util.ArrayList.forEach(Unknown Source)
at org.testng.TestRunner.privateRun(TestRunner.java:770)
at org.testng.TestRunner.run(TestRunner.java:591)
at org.testng.SuiteRunner.runTest(SuiteRunner.java:402)
at org.testng.SuiteRunner.runSequentially(SuiteRunner.java:396)
at org.testng.SuiteRunner.privateRun(SuiteRunner.java:355)
at org.testng.SuiteRunner.run(SuiteRunner.java:304)
at org.testng.SuiteRunnerWorker.runSuite(SuiteRunnerWorker.java:53)
at org.testng.SuiteRunnerWorker.run(SuiteRunnerWorker.java:96)
at org.testng.TestNG.runSuitesSequentially(TestNG.java:1180)
at org.testng.TestNG.runSuitesLocally(TestNG.java:1102)
at org.testng.TestNG.runSuites(TestNG.java:1032)
at org.testng.TestNG.run(TestNG.java:1000)
at org.testng.remote.AbstractRemoteTestNG.run(AbstractRemoteTestNG.java:115)
at org.testng.remote.RemoteTestNG.initAndRun(RemoteTestNG.java:251)
at org.testng.remote.RemoteTestNG.main(RemoteTestNG.java:77)
]]>
            </full-stacktrace>
          </exception> <!-- java.lang.AssertionError -->
          <reporter-output>
          </reporter-output>
        </test-method> <!-- SortingByDescending -->
        <test-method is-config="true" signature="afterEachMethod(java.lang.reflect.Method)[pri:0, instance:com.tetherfi.test.tmac.TmacBroadCastMsgTest@217bf99e]" started-at="2019-09-04T10:10:23 IST" name="afterEachMethod" finished-at="2019-09-04T10:10:24 IST" duration-ms="1100" status="PASS">
          <params>
            <param index="0">
              <value>
                <![CDATA[public void com.tetherfi.test.tmac.TmacBroadCastMsgTest.SortingByDescending() throws java.lang.Exception]]>
              </value>
            </param>
          </params>
          <reporter-output>
          </reporter-output>
        </test-method> <!-- afterEachMethod -->
        <test-method is-config="true" signature="endTestCase(java.lang.reflect.Method)[pri:0, instance:com.tetherfi.test.tmac.TmacBroadCastMsgTest@217bf99e]" started-at="2019-09-04T10:10:24 IST" name="endTestCase" finished-at="2019-09-04T10:10:24 IST" duration-ms="0" status="PASS">
          <params>
            <param index="0">
              <value>
                <![CDATA[public void com.tetherfi.test.tmac.TmacBroadCastMsgTest.SortingByDescending() throws java.lang.Exception]]>
              </value>
            </param>
          </params>
          <reporter-output>
          </reporter-output>
        </test-method> <!-- endTestCase -->
        <test-method is-config="true" signature="NavigateToTmacBroadcastMsgPage()[pri:0, instance:com.tetherfi.test.tmac.TmacBroadCastMsgTest@217bf99e]" started-at="2019-09-04T10:10:24 IST" name="NavigateToTmacBroadcastMsgPage" finished-at="2019-09-04T10:10:27 IST" duration-ms="3266" status="PASS">
          <reporter-output>
          </reporter-output>
        </test-method> <!-- NavigateToTmacBroadcastMsgPage -->
        <test-method is-config="true" signature="startTestCase(java.lang.reflect.Method)[pri:0, instance:com.tetherfi.test.tmac.TmacBroadCastMsgTest@217bf99e]" started-at="2019-09-04T10:10:24 IST" name="startTestCase" finished-at="2019-09-04T10:10:24 IST" duration-ms="0" status="PASS">
          <params>
            <param index="0">
              <value>
                <![CDATA[public void com.tetherfi.test.tmac.TmacBroadCastMsgTest.ExporttoExcelWithoutData() throws java.lang.Exception]]>
              </value>
            </param>
          </params>
          <reporter-output>
          </reporter-output>
        </test-method> <!-- startTestCase -->
        <test-method signature="ExporttoExcelWithoutData()[pri:27, instance:com.tetherfi.test.tmac.TmacBroadCastMsgTest@217bf99e]" started-at="2019-09-04T10:10:27 IST" name="ExporttoExcelWithoutData" finished-at="2019-09-04T10:10:32 IST" duration-ms="4746" status="PASS">
          <reporter-output>
          </reporter-output>
        </test-method> <!-- ExporttoExcelWithoutData -->
        <test-method is-config="true" signature="afterEachMethod(java.lang.reflect.Method)[pri:0, instance:com.tetherfi.test.tmac.TmacBroadCastMsgTest@217bf99e]" started-at="2019-09-04T10:10:32 IST" name="afterEachMethod" finished-at="2019-09-04T10:10:33 IST" duration-ms="1150" status="PASS">
          <params>
            <param index="0">
              <value>
                <![CDATA[public void com.tetherfi.test.tmac.TmacBroadCastMsgTest.ExporttoExcelWithoutData() throws java.lang.Exception]]>
              </value>
            </param>
          </params>
          <reporter-output>
          </reporter-output>
        </test-method> <!-- afterEachMethod -->
        <test-method is-config="true" signature="endTestCase(java.lang.reflect.Method)[pri:0, instance:com.tetherfi.test.tmac.TmacBroadCastMsgTest@217bf99e]" started-at="2019-09-04T10:10:33 IST" name="endTestCase" finished-at="2019-09-04T10:10:33 IST" duration-ms="0" status="PASS">
          <params>
            <param index="0">
              <value>
                <![CDATA[public void com.tetherfi.test.tmac.TmacBroadCastMsgTest.ExporttoExcelWithoutData() throws java.lang.Exception]]>
              </value>
            </param>
          </params>
          <reporter-output>
          </reporter-output>
        </test-method> <!-- endTestCase -->
        <test-method is-config="true" signature="tearDown()[pri:0, instance:com.tetherfi.test.tmac.TmacBroadCastMsgTest@217bf99e]" started-at="2019-09-04T10:10:33 IST" name="tearDown" finished-at="2019-09-04T10:10:35 IST" duration-ms="1516" status="PASS">
          <reporter-output>
          </reporter-output>
        </test-method> <!-- tearDown -->
        <test-method is-config="true" signature="Afterclass()[pri:0, instance:com.tetherfi.test.tmac.TmacBroadCastMsgTest@217bf99e]" started-at="2019-09-04T10:10:33 IST" name="Afterclass" finished-at="2019-09-04T10:10:33 IST" duration-ms="0" status="PASS">
          <reporter-output>
          </reporter-output>
        </test-method> <!-- Afterclass -->
      </class> <!-- com.tetherfi.test.tmac.TmacBroadCastMsgTest -->
    </test> <!-- Default test -->
  </suite> <!-- Default suite -->
</testng-results>
