<?xml version="1.0" encoding="UTF-8"?>
<testng-results ignored="0" total="1" passed="1" failed="0" skipped="0">
  <reporter-output>
  </reporter-output>
  <suite started-at="2019-02-13T10:32:20Z" name="Default suite" finished-at="2019-02-13T10:34:50Z" duration-ms="150385">
    <groups>
    </groups>
    <test started-at="2019-02-13T10:32:20Z" name="Default test" finished-at="2019-02-13T10:34:50Z" duration-ms="150385">
      <class name="com.tetherfi.test.UserManagementE2ETest">
        <test-method is-config="true" signature="openApplication()[pri:0, instance:com.tetherfi.test.UserManagementE2ETest@23ad71bf]" started-at="2019-02-13T16:02:20Z" name="openApplication" finished-at="2019-02-13T16:02:51Z" duration-ms="30649" status="PASS">
          <reporter-output>
          </reporter-output>
        </test-method> <!-- openApplication -->
        <test-method is-config="true" signature="startTestCase(java.lang.reflect.Method)[pri:0, instance:com.tetherfi.test.UserManagementE2ETest@23ad71bf]" started-at="2019-02-13T16:02:51Z" name="startTestCase" finished-at="2019-02-13T16:02:51Z" duration-ms="9" status="PASS">
          <params>
            <param index="0">
              <value>
                <![CDATA[public void com.tetherfi.test.UserManagementE2ETest.VerifyExportAccessOfChatTemplates() throws java.lang.Exception]]>
              </value>
            </param>
          </params>
          <reporter-output>
          </reporter-output>
        </test-method> <!-- startTestCase -->
        <test-method is-config="true" signature="OCMPage()[pri:0, instance:com.tetherfi.test.UserManagementE2ETest@23ad71bf]" started-at="2019-02-13T16:02:51Z" name="OCMPage" finished-at="2019-02-13T16:03:13Z" duration-ms="22596" status="PASS">
          <reporter-output>
          </reporter-output>
        </test-method> <!-- OCMPage -->
        <test-method signature="VerifyExportAccessOfChatTemplates()[pri:0, instance:com.tetherfi.test.UserManagementE2ETest@23ad71bf]" started-at="2019-02-13T16:03:13Z" name="VerifyExportAccessOfChatTemplates" finished-at="2019-02-13T16:04:21Z" duration-ms="67597" status="PASS">
          <reporter-output>
          </reporter-output>
        </test-method> <!-- VerifyExportAccessOfChatTemplates -->
        <test-method is-config="true" signature="afterEachMethod(org.testng.ITestResult)[pri:0, instance:com.tetherfi.test.UserManagementE2ETest@23ad71bf]" started-at="2019-02-13T16:04:21Z" name="afterEachMethod" finished-at="2019-02-13T16:04:49Z" duration-ms="27713" status="PASS">
          <params>
            <param index="0">
              <value>
                <![CDATA[[TestResult name=VerifyExportAccessOfChatTemplates status=SUCCESS method=UserManagementE2ETest.VerifyExportAccessOfChatTemplates()[pri:0, instance:com.tetherfi.test.UserManagementE2ETest@23ad71bf] output={null}]]]>
              </value>
            </param>
          </params>
          <reporter-output>
          </reporter-output>
        </test-method> <!-- afterEachMethod -->
        <test-method is-config="true" signature="tearDown()[pri:0, instance:com.tetherfi.test.UserManagementE2ETest@23ad71bf]" started-at="2019-02-13T16:04:49Z" name="tearDown" finished-at="2019-02-13T16:04:50Z" duration-ms="1765" status="PASS">
          <reporter-output>
          </reporter-output>
        </test-method> <!-- tearDown -->
        <test-method is-config="true" signature="endTestCase(java.lang.reflect.Method)[pri:0, instance:com.tetherfi.test.UserManagementE2ETest@23ad71bf]" started-at="2019-02-13T16:04:49Z" name="endTestCase" finished-at="2019-02-13T16:04:49Z" duration-ms="0" status="PASS">
          <params>
            <param index="0">
              <value>
                <![CDATA[public void com.tetherfi.test.UserManagementE2ETest.VerifyExportAccessOfChatTemplates() throws java.lang.Exception]]>
              </value>
            </param>
          </params>
          <reporter-output>
          </reporter-output>
        </test-method> <!-- endTestCase -->
      </class> <!-- com.tetherfi.test.UserManagementE2ETest -->
    </test> <!-- Default test -->
  </suite> <!-- Default suite -->
</testng-results>
