<?xml version="1.0" encoding="UTF-8"?>
<testng-results ignored="0" total="23" passed="14" failed="3" skipped="6">
  <reporter-output>
  </reporter-output>
  <suite started-at="2019-09-07T13:36:38 IST" name="Default suite" finished-at="2019-09-07T13:48:11 IST" duration-ms="692728">
    <groups>
      <group name="Checker">
        <method signature="SmsResponseTemplateCreateTest.RejectforAddNewSmsResponseTemplateRecord()[pri:12, instance:com.tetherfi.test.sms.SmsResponseTemplateCreateTest@4a92c6a9]" name="RejectforAddNewSmsResponseTemplateRecord" class="com.tetherfi.test.sms.SmsResponseTemplateCreateTest"/>
        <method signature="SmsResponseTemplateCreateTest.VerifyAuditTrailReportForReject()[pri:13, instance:com.tetherfi.test.sms.SmsResponseTemplateCreateTest@4a92c6a9]" name="VerifyAuditTrailReportForReject" class="com.tetherfi.test.sms.SmsResponseTemplateCreateTest"/>
        <method signature="SmsResponseTemplateCreateTest.ApproveforAddNewSmsResponseTemplateRecord()[pri:20, instance:com.tetherfi.test.sms.SmsResponseTemplateCreateTest@4a92c6a9]" name="ApproveforAddNewSmsResponseTemplateRecord" class="com.tetherfi.test.sms.SmsResponseTemplateCreateTest"/>
        <method signature="SmsResponseTemplateCreateTest.VerifyAuditTrailReportForApprove()[pri:21, instance:com.tetherfi.test.sms.SmsResponseTemplateCreateTest@4a92c6a9]" name="VerifyAuditTrailReportForApprove" class="com.tetherfi.test.sms.SmsResponseTemplateCreateTest"/>
        <method signature="SmsResponseTemplateCreateTest.VerifyRecordApprovedDataSectionafterApproval()[pri:22, instance:com.tetherfi.test.sms.SmsResponseTemplateCreateTest@4a92c6a9]" name="VerifyRecordApprovedDataSectionafterApproval" class="com.tetherfi.test.sms.SmsResponseTemplateCreateTest"/>
      </group> <!-- Checker -->
      <group name="Maker">
        <method signature="SmsResponseTemplateCreateTest.AddNewSmsResponseTemplateRecord()[pri:15, instance:com.tetherfi.test.sms.SmsResponseTemplateCreateTest@4a92c6a9]" name="AddNewSmsResponseTemplateRecord" class="com.tetherfi.test.sms.SmsResponseTemplateCreateTest"/>
        <method signature="SmsResponseTemplateCreateTest.AddDuplicateRecord()[pri:23, instance:com.tetherfi.test.sms.SmsResponseTemplateCreateTest@4a92c6a9]" name="AddDuplicateRecord" class="com.tetherfi.test.sms.SmsResponseTemplateCreateTest"/>
        <method signature="SmsResponseTemplateCreateTest.AddRejectRecord()[pri:10, instance:com.tetherfi.test.sms.SmsResponseTemplateCreateTest@4a92c6a9]" name="AddRejectRecord" class="com.tetherfi.test.sms.SmsResponseTemplateCreateTest"/>
        <method signature="SmsResponseTemplateCreateTest.AddRevertRecord()[pri:6, instance:com.tetherfi.test.sms.SmsResponseTemplateCreateTest@4a92c6a9]" name="AddRevertRecord" class="com.tetherfi.test.sms.SmsResponseTemplateCreateTest"/>
        <method signature="SmsResponseTemplateCreateTest.VerifyAddCancelButton()[pri:1, instance:com.tetherfi.test.sms.SmsResponseTemplateCreateTest@4a92c6a9]" name="VerifyAddCancelButton" class="com.tetherfi.test.sms.SmsResponseTemplateCreateTest"/>
        <method signature="SmsResponseTemplateCreateTest.VerifyAddRecordWithoutEnable()[pri:4, instance:com.tetherfi.test.sms.SmsResponseTemplateCreateTest@4a92c6a9]" name="VerifyAddRecordWithoutEnable" class="com.tetherfi.test.sms.SmsResponseTemplateCreateTest"/>
        <method signature="SmsResponseTemplateCreateTest.VerifyAddRecordWithoutICOMTemplateID()[pri:5, instance:com.tetherfi.test.sms.SmsResponseTemplateCreateTest@4a92c6a9]" name="VerifyAddRecordWithoutICOMTemplateID" class="com.tetherfi.test.sms.SmsResponseTemplateCreateTest"/>
        <method signature="SmsResponseTemplateCreateTest.VerifyAddRecordWithoutIntent()[pri:3, instance:com.tetherfi.test.sms.SmsResponseTemplateCreateTest@4a92c6a9]" name="VerifyAddRecordWithoutIntent" class="com.tetherfi.test.sms.SmsResponseTemplateCreateTest"/>
        <method signature="SmsResponseTemplateCreateTest.VerifyAddRecordwithoutText()[pri:2, instance:com.tetherfi.test.sms.SmsResponseTemplateCreateTest@4a92c6a9]" name="VerifyAddRecordwithoutText" class="com.tetherfi.test.sms.SmsResponseTemplateCreateTest"/>
        <method signature="SmsResponseTemplateCreateTest.VerifyAuditTrailDataForAddNewSmsResponseTemplateRecord()[pri:17, instance:com.tetherfi.test.sms.SmsResponseTemplateCreateTest@4a92c6a9]" name="VerifyAuditTrailDataForAddNewSmsResponseTemplateRecord" class="com.tetherfi.test.sms.SmsResponseTemplateCreateTest"/>
        <method signature="SmsResponseTemplateCreateTest.VerifyAuditTrailReportForCreate()[pri:16, instance:com.tetherfi.test.sms.SmsResponseTemplateCreateTest@4a92c6a9]" name="VerifyAuditTrailReportForCreate" class="com.tetherfi.test.sms.SmsResponseTemplateCreateTest"/>
        <method signature="SmsResponseTemplateCreateTest.VerifyRevertForAddNewRecord()[pri:7, instance:com.tetherfi.test.sms.SmsResponseTemplateCreateTest@4a92c6a9]" name="VerifyRevertForAddNewRecord" class="com.tetherfi.test.sms.SmsResponseTemplateCreateTest"/>
        <method signature="SmsResponseTemplateCreateTest.VerifyApprovedDataSectionWithoutApproval()[pri:8, instance:com.tetherfi.test.sms.SmsResponseTemplateCreateTest@4a92c6a9]" name="VerifyApprovedDataSectionWithoutApproval" class="com.tetherfi.test.sms.SmsResponseTemplateCreateTest"/>
        <method signature="SmsResponseTemplateCreateTest.VerifyAuditTrailReportForRevert()[pri:9, instance:com.tetherfi.test.sms.SmsResponseTemplateCreateTest@4a92c6a9]" name="VerifyAuditTrailReportForRevert" class="com.tetherfi.test.sms.SmsResponseTemplateCreateTest"/>
        <method signature="SmsResponseTemplateCreateTest.VerifySendForApprovalForAddNewRecord()[pri:11, instance:com.tetherfi.test.sms.SmsResponseTemplateCreateTest@4a92c6a9]" name="VerifySendForApprovalForAddNewRecord" class="com.tetherfi.test.sms.SmsResponseTemplateCreateTest"/>
        <method signature="SmsResponseTemplateCreateTest.VerifyRecordAfterRejection()[pri:14, instance:com.tetherfi.test.sms.SmsResponseTemplateCreateTest@4a92c6a9]" name="VerifyRecordAfterRejection" class="com.tetherfi.test.sms.SmsResponseTemplateCreateTest"/>
        <method signature="SmsResponseTemplateCreateTest.VerifySendForApprovalForAddNewSmsResponseTemplateRecord()[pri:18, instance:com.tetherfi.test.sms.SmsResponseTemplateCreateTest@4a92c6a9]" name="VerifySendForApprovalForAddNewSmsResponseTemplateRecord" class="com.tetherfi.test.sms.SmsResponseTemplateCreateTest"/>
        <method signature="SmsResponseTemplateCreateTest.VerifyAuditTrailReportForSendForApproval()[pri:19, instance:com.tetherfi.test.sms.SmsResponseTemplateCreateTest@4a92c6a9]" name="VerifyAuditTrailReportForSendForApproval" class="com.tetherfi.test.sms.SmsResponseTemplateCreateTest"/>
      </group> <!-- Maker -->
    </groups>
    <test started-at="2019-09-07T13:36:38 IST" name="Default test" finished-at="2019-09-07T13:48:11 IST" duration-ms="692728">
      <class name="com.tetherfi.test.sms.SmsResponseTemplateCreateTest">
        <test-method is-config="true" signature="NavigateToSmsResponseTemplatePage(java.lang.reflect.Method)[pri:0, instance:com.tetherfi.test.sms.SmsResponseTemplateCreateTest@4a92c6a9]" started-at="2019-09-07T13:36:38 IST" name="NavigateToSmsResponseTemplatePage" finished-at="2019-09-07T13:37:09 IST" duration-ms="30639" status="PASS">
          <params>
            <param index="0">
              <value>
                <![CDATA[public void com.tetherfi.test.sms.SmsResponseTemplateCreateTest.VerifyAddCancelButton() throws java.lang.Exception]]>
              </value>
            </param>
          </params>
          <reporter-output>
          </reporter-output>
        </test-method> <!-- NavigateToSmsResponseTemplatePage -->
        <test-method signature="VerifyAddCancelButton()[pri:1, instance:com.tetherfi.test.sms.SmsResponseTemplateCreateTest@4a92c6a9]" started-at="2019-09-07T13:37:09 IST" name="VerifyAddCancelButton" finished-at="2019-09-07T13:37:11 IST" duration-ms="2245" status="PASS">
          <reporter-output>
          </reporter-output>
        </test-method> <!-- VerifyAddCancelButton -->
        <test-method is-config="true" signature="afterEachMethod(java.lang.reflect.Method)[pri:0, instance:com.tetherfi.test.sms.SmsResponseTemplateCreateTest@4a92c6a9]" started-at="2019-09-07T13:37:11 IST" name="afterEachMethod" finished-at="2019-09-07T13:37:15 IST" duration-ms="3773" status="PASS">
          <params>
            <param index="0">
              <value>
                <![CDATA[public void com.tetherfi.test.sms.SmsResponseTemplateCreateTest.VerifyAddCancelButton() throws java.lang.Exception]]>
              </value>
            </param>
          </params>
          <reporter-output>
          </reporter-output>
        </test-method> <!-- afterEachMethod -->
        <test-method is-config="true" signature="NavigateToSmsResponseTemplatePage(java.lang.reflect.Method)[pri:0, instance:com.tetherfi.test.sms.SmsResponseTemplateCreateTest@4a92c6a9]" started-at="2019-09-07T13:37:15 IST" name="NavigateToSmsResponseTemplatePage" finished-at="2019-09-07T13:37:39 IST" duration-ms="24402" status="PASS">
          <params>
            <param index="0">
              <value>
                <![CDATA[public void com.tetherfi.test.sms.SmsResponseTemplateCreateTest.VerifyAddRecordwithoutText() throws java.lang.Exception]]>
              </value>
            </param>
          </params>
          <reporter-output>
          </reporter-output>
        </test-method> <!-- NavigateToSmsResponseTemplatePage -->
        <test-method signature="VerifyAddRecordwithoutText()[pri:2, instance:com.tetherfi.test.sms.SmsResponseTemplateCreateTest@4a92c6a9]" started-at="2019-09-07T13:37:39 IST" name="VerifyAddRecordwithoutText" finished-at="2019-09-07T13:37:44 IST" duration-ms="5027" status="PASS">
          <reporter-output>
          </reporter-output>
        </test-method> <!-- VerifyAddRecordwithoutText -->
        <test-method is-config="true" signature="afterEachMethod(java.lang.reflect.Method)[pri:0, instance:com.tetherfi.test.sms.SmsResponseTemplateCreateTest@4a92c6a9]" started-at="2019-09-07T13:37:44 IST" name="afterEachMethod" finished-at="2019-09-07T13:37:47 IST" duration-ms="3480" status="PASS">
          <params>
            <param index="0">
              <value>
                <![CDATA[public void com.tetherfi.test.sms.SmsResponseTemplateCreateTest.VerifyAddRecordwithoutText() throws java.lang.Exception]]>
              </value>
            </param>
          </params>
          <reporter-output>
          </reporter-output>
        </test-method> <!-- afterEachMethod -->
        <test-method is-config="true" signature="NavigateToSmsResponseTemplatePage(java.lang.reflect.Method)[pri:0, instance:com.tetherfi.test.sms.SmsResponseTemplateCreateTest@4a92c6a9]" started-at="2019-09-07T13:37:47 IST" name="NavigateToSmsResponseTemplatePage" finished-at="2019-09-07T13:38:14 IST" duration-ms="26977" status="PASS">
          <params>
            <param index="0">
              <value>
                <![CDATA[public void com.tetherfi.test.sms.SmsResponseTemplateCreateTest.VerifyAddRecordWithoutIntent() throws java.lang.Exception]]>
              </value>
            </param>
          </params>
          <reporter-output>
          </reporter-output>
        </test-method> <!-- NavigateToSmsResponseTemplatePage -->
        <test-method signature="VerifyAddRecordWithoutIntent()[pri:3, instance:com.tetherfi.test.sms.SmsResponseTemplateCreateTest@4a92c6a9]" started-at="2019-09-07T13:38:14 IST" name="VerifyAddRecordWithoutIntent" finished-at="2019-09-07T13:38:20 IST" duration-ms="5581" status="PASS">
          <reporter-output>
          </reporter-output>
        </test-method> <!-- VerifyAddRecordWithoutIntent -->
        <test-method is-config="true" signature="afterEachMethod(java.lang.reflect.Method)[pri:0, instance:com.tetherfi.test.sms.SmsResponseTemplateCreateTest@4a92c6a9]" started-at="2019-09-07T13:38:20 IST" name="afterEachMethod" finished-at="2019-09-07T13:38:23 IST" duration-ms="3206" status="PASS">
          <params>
            <param index="0">
              <value>
                <![CDATA[public void com.tetherfi.test.sms.SmsResponseTemplateCreateTest.VerifyAddRecordWithoutIntent() throws java.lang.Exception]]>
              </value>
            </param>
          </params>
          <reporter-output>
          </reporter-output>
        </test-method> <!-- afterEachMethod -->
        <test-method is-config="true" signature="NavigateToSmsResponseTemplatePage(java.lang.reflect.Method)[pri:0, instance:com.tetherfi.test.sms.SmsResponseTemplateCreateTest@4a92c6a9]" started-at="2019-09-07T13:38:23 IST" name="NavigateToSmsResponseTemplatePage" finished-at="2019-09-07T13:38:49 IST" duration-ms="25925" status="PASS">
          <params>
            <param index="0">
              <value>
                <![CDATA[public void com.tetherfi.test.sms.SmsResponseTemplateCreateTest.VerifyAddRecordWithoutEnable() throws java.lang.Exception]]>
              </value>
            </param>
          </params>
          <reporter-output>
          </reporter-output>
        </test-method> <!-- NavigateToSmsResponseTemplatePage -->
        <test-method signature="VerifyAddRecordWithoutEnable()[pri:4, instance:com.tetherfi.test.sms.SmsResponseTemplateCreateTest@4a92c6a9]" started-at="2019-09-07T13:38:49 IST" name="VerifyAddRecordWithoutEnable" finished-at="2019-09-07T13:38:54 IST" duration-ms="4745" status="PASS">
          <reporter-output>
          </reporter-output>
        </test-method> <!-- VerifyAddRecordWithoutEnable -->
        <test-method is-config="true" signature="afterEachMethod(java.lang.reflect.Method)[pri:0, instance:com.tetherfi.test.sms.SmsResponseTemplateCreateTest@4a92c6a9]" started-at="2019-09-07T13:38:54 IST" name="afterEachMethod" finished-at="2019-09-07T13:38:57 IST" duration-ms="2852" status="PASS">
          <params>
            <param index="0">
              <value>
                <![CDATA[public void com.tetherfi.test.sms.SmsResponseTemplateCreateTest.VerifyAddRecordWithoutEnable() throws java.lang.Exception]]>
              </value>
            </param>
          </params>
          <reporter-output>
          </reporter-output>
        </test-method> <!-- afterEachMethod -->
        <test-method is-config="true" signature="NavigateToSmsResponseTemplatePage(java.lang.reflect.Method)[pri:0, instance:com.tetherfi.test.sms.SmsResponseTemplateCreateTest@4a92c6a9]" started-at="2019-09-07T13:38:57 IST" name="NavigateToSmsResponseTemplatePage" finished-at="2019-09-07T13:39:21 IST" duration-ms="24470" status="PASS">
          <params>
            <param index="0">
              <value>
                <![CDATA[public void com.tetherfi.test.sms.SmsResponseTemplateCreateTest.VerifyAddRecordWithoutICOMTemplateID() throws java.lang.Exception]]>
              </value>
            </param>
          </params>
          <reporter-output>
          </reporter-output>
        </test-method> <!-- NavigateToSmsResponseTemplatePage -->
        <test-method signature="VerifyAddRecordWithoutICOMTemplateID()[pri:5, instance:com.tetherfi.test.sms.SmsResponseTemplateCreateTest@4a92c6a9]" started-at="2019-09-07T13:39:21 IST" name="VerifyAddRecordWithoutICOMTemplateID" finished-at="2019-09-07T13:39:27 IST" duration-ms="5530" status="PASS">
          <reporter-output>
          </reporter-output>
        </test-method> <!-- VerifyAddRecordWithoutICOMTemplateID -->
        <test-method is-config="true" signature="afterEachMethod(java.lang.reflect.Method)[pri:0, instance:com.tetherfi.test.sms.SmsResponseTemplateCreateTest@4a92c6a9]" started-at="2019-09-07T13:39:27 IST" name="afterEachMethod" finished-at="2019-09-07T13:39:32 IST" duration-ms="5116" status="PASS">
          <params>
            <param index="0">
              <value>
                <![CDATA[public void com.tetherfi.test.sms.SmsResponseTemplateCreateTest.VerifyAddRecordWithoutICOMTemplateID() throws java.lang.Exception]]>
              </value>
            </param>
          </params>
          <reporter-output>
          </reporter-output>
        </test-method> <!-- afterEachMethod -->
        <test-method is-config="true" signature="NavigateToSmsResponseTemplatePage(java.lang.reflect.Method)[pri:0, instance:com.tetherfi.test.sms.SmsResponseTemplateCreateTest@4a92c6a9]" started-at="2019-09-07T13:39:32 IST" name="NavigateToSmsResponseTemplatePage" finished-at="2019-09-07T13:39:57 IST" duration-ms="25058" status="PASS">
          <params>
            <param index="0">
              <value>
                <![CDATA[public void com.tetherfi.test.sms.SmsResponseTemplateCreateTest.AddRevertRecord() throws java.lang.Exception]]>
              </value>
            </param>
          </params>
          <reporter-output>
          </reporter-output>
        </test-method> <!-- NavigateToSmsResponseTemplatePage -->
        <test-method signature="AddRevertRecord()[pri:6, instance:com.tetherfi.test.sms.SmsResponseTemplateCreateTest@4a92c6a9]" started-at="2019-09-07T13:39:57 IST" name="AddRevertRecord" finished-at="2019-09-07T13:40:04 IST" duration-ms="6906" status="PASS">
          <reporter-output>
          </reporter-output>
        </test-method> <!-- AddRevertRecord -->
        <test-method is-config="true" signature="afterEachMethod(java.lang.reflect.Method)[pri:0, instance:com.tetherfi.test.sms.SmsResponseTemplateCreateTest@4a92c6a9]" started-at="2019-09-07T13:40:04 IST" name="afterEachMethod" finished-at="2019-09-07T13:40:07 IST" duration-ms="2851" status="PASS">
          <params>
            <param index="0">
              <value>
                <![CDATA[public void com.tetherfi.test.sms.SmsResponseTemplateCreateTest.AddRevertRecord() throws java.lang.Exception]]>
              </value>
            </param>
          </params>
          <reporter-output>
          </reporter-output>
        </test-method> <!-- afterEachMethod -->
        <test-method is-config="true" signature="NavigateToSmsResponseTemplatePage(java.lang.reflect.Method)[pri:0, instance:com.tetherfi.test.sms.SmsResponseTemplateCreateTest@4a92c6a9]" started-at="2019-09-07T13:40:07 IST" name="NavigateToSmsResponseTemplatePage" finished-at="2019-09-07T13:40:31 IST" duration-ms="24634" status="PASS">
          <params>
            <param index="0">
              <value>
                <![CDATA[public void com.tetherfi.test.sms.SmsResponseTemplateCreateTest.VerifyRevertForAddNewRecord() throws java.lang.Exception]]>
              </value>
            </param>
          </params>
          <reporter-output>
          </reporter-output>
        </test-method> <!-- NavigateToSmsResponseTemplatePage -->
        <test-method signature="VerifyRevertForAddNewRecord()[pri:7, instance:com.tetherfi.test.sms.SmsResponseTemplateCreateTest@4a92c6a9]" started-at="2019-09-07T13:40:31 IST" name="VerifyRevertForAddNewRecord" finished-at="2019-09-07T13:40:42 IST" depends-on-methods="com.tetherfi.test.sms.SmsResponseTemplateCreateTest.AddRevertRecord" duration-ms="10828" status="PASS">
          <reporter-output>
          </reporter-output>
        </test-method> <!-- VerifyRevertForAddNewRecord -->
        <test-method is-config="true" signature="afterEachMethod(java.lang.reflect.Method)[pri:0, instance:com.tetherfi.test.sms.SmsResponseTemplateCreateTest@4a92c6a9]" started-at="2019-09-07T13:40:42 IST" name="afterEachMethod" finished-at="2019-09-07T13:40:48 IST" duration-ms="5540" status="PASS">
          <params>
            <param index="0">
              <value>
                <![CDATA[public void com.tetherfi.test.sms.SmsResponseTemplateCreateTest.VerifyRevertForAddNewRecord() throws java.lang.Exception]]>
              </value>
            </param>
          </params>
          <reporter-output>
          </reporter-output>
        </test-method> <!-- afterEachMethod -->
        <test-method is-config="true" signature="NavigateToSmsResponseTemplatePage(java.lang.reflect.Method)[pri:0, instance:com.tetherfi.test.sms.SmsResponseTemplateCreateTest@4a92c6a9]" started-at="2019-09-07T13:40:48 IST" name="NavigateToSmsResponseTemplatePage" finished-at="2019-09-07T13:41:13 IST" duration-ms="25721" status="PASS">
          <params>
            <param index="0">
              <value>
                <![CDATA[public void com.tetherfi.test.sms.SmsResponseTemplateCreateTest.VerifyApprovedDataSectionWithoutApproval() throws java.lang.Exception]]>
              </value>
            </param>
          </params>
          <reporter-output>
          </reporter-output>
        </test-method> <!-- NavigateToSmsResponseTemplatePage -->
        <test-method signature="VerifyApprovedDataSectionWithoutApproval()[pri:8, instance:com.tetherfi.test.sms.SmsResponseTemplateCreateTest@4a92c6a9]" started-at="2019-09-07T13:41:13 IST" name="VerifyApprovedDataSectionWithoutApproval" finished-at="2019-09-07T13:41:20 IST" depends-on-methods="com.tetherfi.test.sms.SmsResponseTemplateCreateTest.VerifyRevertForAddNewRecord" duration-ms="6468" status="PASS">
          <reporter-output>
          </reporter-output>
        </test-method> <!-- VerifyApprovedDataSectionWithoutApproval -->
        <test-method is-config="true" signature="afterEachMethod(java.lang.reflect.Method)[pri:0, instance:com.tetherfi.test.sms.SmsResponseTemplateCreateTest@4a92c6a9]" started-at="2019-09-07T13:41:20 IST" name="afterEachMethod" finished-at="2019-09-07T13:41:25 IST" duration-ms="5182" status="PASS">
          <params>
            <param index="0">
              <value>
                <![CDATA[public void com.tetherfi.test.sms.SmsResponseTemplateCreateTest.VerifyApprovedDataSectionWithoutApproval() throws java.lang.Exception]]>
              </value>
            </param>
          </params>
          <reporter-output>
          </reporter-output>
        </test-method> <!-- afterEachMethod -->
        <test-method is-config="true" signature="NavigateToSmsResponseTemplatePage(java.lang.reflect.Method)[pri:0, instance:com.tetherfi.test.sms.SmsResponseTemplateCreateTest@4a92c6a9]" started-at="2019-09-07T13:41:25 IST" name="NavigateToSmsResponseTemplatePage" finished-at="2019-09-07T13:41:50 IST" duration-ms="25024" status="PASS">
          <params>
            <param index="0">
              <value>
                <![CDATA[public void com.tetherfi.test.sms.SmsResponseTemplateCreateTest.VerifyAuditTrailReportForRevert() throws java.lang.Exception]]>
              </value>
            </param>
          </params>
          <reporter-output>
          </reporter-output>
        </test-method> <!-- NavigateToSmsResponseTemplatePage -->
        <test-method signature="VerifyAuditTrailReportForRevert()[pri:9, instance:com.tetherfi.test.sms.SmsResponseTemplateCreateTest@4a92c6a9]" started-at="2019-09-07T13:41:50 IST" name="VerifyAuditTrailReportForRevert" finished-at="2019-09-07T13:42:15 IST" depends-on-methods="com.tetherfi.test.sms.SmsResponseTemplateCreateTest.VerifyApprovedDataSectionWithoutApproval" duration-ms="24992" status="FAIL">
          <exception class="java.lang.IndexOutOfBoundsException">
            <message>
              <![CDATA[Index 1 out-of-bounds for length 1]]>
            </message>
            <full-stacktrace>
              <![CDATA[java.lang.IndexOutOfBoundsException: Index 1 out-of-bounds for length 1
at java.base/jdk.internal.util.Preconditions.outOfBounds(Unknown Source)
at java.base/jdk.internal.util.Preconditions.outOfBoundsCheckIndex(Unknown Source)
at java.base/jdk.internal.util.Preconditions.checkIndex(Unknown Source)
at java.base/java.util.Objects.checkIndex(Unknown Source)
at java.base/java.util.ArrayList.get(Unknown Source)
at com.tetherfi.pages.OCMReportsPage.getFirstRowDatafromTable1(OCMReportsPage.java:1157)
at com.tetherfi.pages.OCMReportsPage.verifySmsResponseTemplateCreate(OCMReportsPage.java:5095)
at com.tetherfi.test.sms.SmsResponseTemplateCreateTest.VerifyAuditTrailReportForRevert(SmsResponseTemplateCreateTest.java:158)
at java.base/jdk.internal.reflect.NativeMethodAccessorImpl.invoke0(Native Method)
at java.base/jdk.internal.reflect.NativeMethodAccessorImpl.invoke(Unknown Source)
at java.base/jdk.internal.reflect.DelegatingMethodAccessorImpl.invoke(Unknown Source)
at java.base/java.lang.reflect.Method.invoke(Unknown Source)
at org.testng.internal.MethodInvocationHelper.invokeMethod(MethodInvocationHelper.java:133)
at org.testng.internal.TestInvoker.invokeMethod(TestInvoker.java:584)
at org.testng.internal.TestInvoker.invokeTestMethod(TestInvoker.java:172)
at org.testng.internal.MethodRunner.runInSequence(MethodRunner.java:46)
at org.testng.internal.TestInvoker$MethodInvocationAgent.invoke(TestInvoker.java:804)
at org.testng.internal.TestInvoker.invokeTestMethods(TestInvoker.java:145)
at org.testng.internal.TestMethodWorker.invokeTestMethods(TestMethodWorker.java:146)
at org.testng.internal.TestMethodWorker.run(TestMethodWorker.java:128)
at java.base/java.util.ArrayList.forEach(Unknown Source)
at org.testng.TestRunner.privateRun(TestRunner.java:770)
at org.testng.TestRunner.run(TestRunner.java:591)
at org.testng.SuiteRunner.runTest(SuiteRunner.java:402)
at org.testng.SuiteRunner.runSequentially(SuiteRunner.java:396)
at org.testng.SuiteRunner.privateRun(SuiteRunner.java:355)
at org.testng.SuiteRunner.run(SuiteRunner.java:304)
at org.testng.SuiteRunnerWorker.runSuite(SuiteRunnerWorker.java:53)
at org.testng.SuiteRunnerWorker.run(SuiteRunnerWorker.java:96)
at org.testng.TestNG.runSuitesSequentially(TestNG.java:1180)
at org.testng.TestNG.runSuitesLocally(TestNG.java:1102)
at org.testng.TestNG.runSuites(TestNG.java:1032)
at org.testng.TestNG.run(TestNG.java:1000)
at org.testng.remote.AbstractRemoteTestNG.run(AbstractRemoteTestNG.java:115)
at org.testng.remote.RemoteTestNG.initAndRun(RemoteTestNG.java:251)
at org.testng.remote.RemoteTestNG.main(RemoteTestNG.java:77)
]]>
            </full-stacktrace>
          </exception> <!-- java.lang.IndexOutOfBoundsException -->
          <reporter-output>
          </reporter-output>
        </test-method> <!-- VerifyAuditTrailReportForRevert -->
        <test-method is-config="true" signature="afterEachMethod(java.lang.reflect.Method)[pri:0, instance:com.tetherfi.test.sms.SmsResponseTemplateCreateTest@4a92c6a9]" started-at="2019-09-07T13:42:15 IST" name="afterEachMethod" finished-at="2019-09-07T13:42:20 IST" duration-ms="4830" status="PASS">
          <params>
            <param index="0">
              <value>
                <![CDATA[public void com.tetherfi.test.sms.SmsResponseTemplateCreateTest.VerifyAuditTrailReportForRevert() throws java.lang.Exception]]>
              </value>
            </param>
          </params>
          <reporter-output>
          </reporter-output>
        </test-method> <!-- afterEachMethod -->
        <test-method is-config="true" signature="NavigateToSmsResponseTemplatePage(java.lang.reflect.Method)[pri:0, instance:com.tetherfi.test.sms.SmsResponseTemplateCreateTest@4a92c6a9]" started-at="2019-09-07T13:42:20 IST" name="NavigateToSmsResponseTemplatePage" finished-at="2019-09-07T13:42:44 IST" duration-ms="23939" status="PASS">
          <params>
            <param index="0">
              <value>
                <![CDATA[public void com.tetherfi.test.sms.SmsResponseTemplateCreateTest.AddRejectRecord() throws java.lang.Exception]]>
              </value>
            </param>
          </params>
          <reporter-output>
          </reporter-output>
        </test-method> <!-- NavigateToSmsResponseTemplatePage -->
        <test-method signature="AddRejectRecord()[pri:10, instance:com.tetherfi.test.sms.SmsResponseTemplateCreateTest@4a92c6a9]" started-at="2019-09-07T13:42:44 IST" name="AddRejectRecord" finished-at="2019-09-07T13:42:50 IST" duration-ms="6174" status="PASS">
          <reporter-output>
          </reporter-output>
        </test-method> <!-- AddRejectRecord -->
        <test-method is-config="true" signature="afterEachMethod(java.lang.reflect.Method)[pri:0, instance:com.tetherfi.test.sms.SmsResponseTemplateCreateTest@4a92c6a9]" started-at="2019-09-07T13:42:50 IST" name="afterEachMethod" finished-at="2019-09-07T13:42:53 IST" duration-ms="2953" status="PASS">
          <params>
            <param index="0">
              <value>
                <![CDATA[public void com.tetherfi.test.sms.SmsResponseTemplateCreateTest.AddRejectRecord() throws java.lang.Exception]]>
              </value>
            </param>
          </params>
          <reporter-output>
          </reporter-output>
        </test-method> <!-- afterEachMethod -->
        <test-method is-config="true" signature="NavigateToSmsResponseTemplatePage(java.lang.reflect.Method)[pri:0, instance:com.tetherfi.test.sms.SmsResponseTemplateCreateTest@4a92c6a9]" started-at="2019-09-07T13:42:53 IST" name="NavigateToSmsResponseTemplatePage" finished-at="2019-09-07T13:43:19 IST" duration-ms="25682" status="PASS">
          <params>
            <param index="0">
              <value>
                <![CDATA[public void com.tetherfi.test.sms.SmsResponseTemplateCreateTest.VerifySendForApprovalForAddNewRecord() throws java.lang.Exception]]>
              </value>
            </param>
          </params>
          <reporter-output>
          </reporter-output>
        </test-method> <!-- NavigateToSmsResponseTemplatePage -->
        <test-method signature="VerifySendForApprovalForAddNewRecord()[pri:11, instance:com.tetherfi.test.sms.SmsResponseTemplateCreateTest@4a92c6a9]" started-at="2019-09-07T13:43:19 IST" name="VerifySendForApprovalForAddNewRecord" finished-at="2019-09-07T13:43:30 IST" depends-on-methods="com.tetherfi.test.sms.SmsResponseTemplateCreateTest.AddRejectRecord" duration-ms="11154" status="PASS">
          <reporter-output>
          </reporter-output>
        </test-method> <!-- VerifySendForApprovalForAddNewRecord -->
        <test-method is-config="true" signature="afterEachMethod(java.lang.reflect.Method)[pri:0, instance:com.tetherfi.test.sms.SmsResponseTemplateCreateTest@4a92c6a9]" started-at="2019-09-07T13:43:30 IST" name="afterEachMethod" finished-at="2019-09-07T13:43:33 IST" duration-ms="2852" status="PASS">
          <params>
            <param index="0">
              <value>
                <![CDATA[public void com.tetherfi.test.sms.SmsResponseTemplateCreateTest.VerifySendForApprovalForAddNewRecord() throws java.lang.Exception]]>
              </value>
            </param>
          </params>
          <reporter-output>
          </reporter-output>
        </test-method> <!-- afterEachMethod -->
        <test-method is-config="true" signature="NavigateToSmsResponseTemplatePage(java.lang.reflect.Method)[pri:0, instance:com.tetherfi.test.sms.SmsResponseTemplateCreateTest@4a92c6a9]" started-at="2019-09-07T13:43:33 IST" name="NavigateToSmsResponseTemplatePage" finished-at="2019-09-07T13:43:57 IST" duration-ms="24619" status="PASS">
          <params>
            <param index="0">
              <value>
                <![CDATA[public void com.tetherfi.test.sms.SmsResponseTemplateCreateTest.RejectforAddNewSmsResponseTemplateRecord() throws java.lang.Exception]]>
              </value>
            </param>
          </params>
          <reporter-output>
          </reporter-output>
        </test-method> <!-- NavigateToSmsResponseTemplatePage -->
        <test-method signature="RejectforAddNewSmsResponseTemplateRecord()[pri:12, instance:com.tetherfi.test.sms.SmsResponseTemplateCreateTest@4a92c6a9]" started-at="2019-09-07T13:43:57 IST" name="RejectforAddNewSmsResponseTemplateRecord" finished-at="2019-09-07T13:44:10 IST" depends-on-methods="com.tetherfi.test.sms.SmsResponseTemplateCreateTest.VerifySendForApprovalForAddNewRecord" duration-ms="12558" status="PASS">
          <reporter-output>
          </reporter-output>
        </test-method> <!-- RejectforAddNewSmsResponseTemplateRecord -->
        <test-method is-config="true" signature="afterEachMethod(java.lang.reflect.Method)[pri:0, instance:com.tetherfi.test.sms.SmsResponseTemplateCreateTest@4a92c6a9]" started-at="2019-09-07T13:44:10 IST" name="afterEachMethod" finished-at="2019-09-07T13:44:15 IST" duration-ms="4842" status="PASS">
          <params>
            <param index="0">
              <value>
                <![CDATA[public void com.tetherfi.test.sms.SmsResponseTemplateCreateTest.RejectforAddNewSmsResponseTemplateRecord() throws java.lang.Exception]]>
              </value>
            </param>
          </params>
          <reporter-output>
          </reporter-output>
        </test-method> <!-- afterEachMethod -->
        <test-method is-config="true" signature="NavigateToSmsResponseTemplatePage(java.lang.reflect.Method)[pri:0, instance:com.tetherfi.test.sms.SmsResponseTemplateCreateTest@4a92c6a9]" started-at="2019-09-07T13:44:15 IST" name="NavigateToSmsResponseTemplatePage" finished-at="2019-09-07T13:44:40 IST" duration-ms="24791" status="PASS">
          <params>
            <param index="0">
              <value>
                <![CDATA[public void com.tetherfi.test.sms.SmsResponseTemplateCreateTest.VerifyAuditTrailReportForReject() throws java.lang.Exception]]>
              </value>
            </param>
          </params>
          <reporter-output>
          </reporter-output>
        </test-method> <!-- NavigateToSmsResponseTemplatePage -->
        <test-method signature="VerifyAuditTrailReportForReject()[pri:13, instance:com.tetherfi.test.sms.SmsResponseTemplateCreateTest@4a92c6a9]" started-at="2019-09-07T13:44:40 IST" name="VerifyAuditTrailReportForReject" finished-at="2019-09-07T13:45:16 IST" depends-on-methods="com.tetherfi.test.sms.SmsResponseTemplateCreateTest.RejectforAddNewSmsResponseTemplateRecord" duration-ms="36209" status="FAIL">
          <exception class="org.openqa.selenium.TimeoutException">
            <message>
              <![CDATA[Expected condition failed: waiting for visibility of [[ChromeDriver: chrome on XP (39e677229bfd4723773bc94036f21ab0)] -> css selector: ul[id='1001sColumnName_listbox'] li] (tried for 20 second(s) with 500 milliseconds interval)
Build info: version: '3.141.59', revision: 'e82be7d358', time: '2018-11-14T08:17:03'
System info: host: 'ADMIN', ip: '192.168.0.102', os.name: 'Windows 8.1', os.arch: 'amd64', os.version: '6.3', java.version: '9.0.4'
Driver info: org.openqa.selenium.chrome.ChromeDriver
Capabilities {acceptInsecureCerts: false, browserName: chrome, browserVersion: 76.0.3809.132, chrome: {chromedriverVersion: 76.0.3809.68 (420c9498db8ce..., userDataDir: C:\Users\ADMINP~1\AppData\L...}, goog:chromeOptions: {debuggerAddress: localhost:51094}, javascriptEnabled: true, networkConnectionEnabled: false, pageLoadStrategy: normal, platform: XP, platformName: XP, proxy: Proxy(), setWindowRect: true, strictFileInteractability: false, timeouts: {implicit: 0, pageLoad: 300000, script: 30000}, unhandledPromptBehavior: dismiss and notify}
Session ID: 39e677229bfd4723773bc94036f21ab0]]>
            </message>
            <full-stacktrace>
              <![CDATA[org.openqa.selenium.TimeoutException: Expected condition failed: waiting for visibility of [[ChromeDriver: chrome on XP (39e677229bfd4723773bc94036f21ab0)] -> css selector: ul[id='1001sColumnName_listbox'] li] (tried for 20 second(s) with 500 milliseconds interval)
Build info: version: '3.141.59', revision: 'e82be7d358', time: '2018-11-14T08:17:03'
System info: host: 'ADMIN', ip: '192.168.0.102', os.name: 'Windows 8.1', os.arch: 'amd64', os.version: '6.3', java.version: '9.0.4'
Driver info: org.openqa.selenium.chrome.ChromeDriver
Capabilities {acceptInsecureCerts: false, browserName: chrome, browserVersion: 76.0.3809.132, chrome: {chromedriverVersion: 76.0.3809.68 (420c9498db8ce..., userDataDir: C:\Users\ADMINP~1\AppData\L...}, goog:chromeOptions: {debuggerAddress: localhost:51094}, javascriptEnabled: true, networkConnectionEnabled: false, pageLoadStrategy: normal, platform: XP, platformName: XP, proxy: Proxy(), setWindowRect: true, strictFileInteractability: false, timeouts: {implicit: 0, pageLoad: 300000, script: 30000}, unhandledPromptBehavior: dismiss and notify}
Session ID: 39e677229bfd4723773bc94036f21ab0
at org.openqa.selenium.support.ui.WebDriverWait.timeoutException(WebDriverWait.java:95)
at org.openqa.selenium.support.ui.FluentWait.until(FluentWait.java:272)
at com.tetherfi.pages.BasePage.waitUntilWebElementListIsVisible(BasePage.java:139)
at com.tetherfi.pages.BasePage.selectDropdownFromVisibleText(BasePage.java:328)
at com.tetherfi.pages.OCMReportsPage.booleansearchnew(OCMReportsPage.java:1031)
at com.tetherfi.pages.OCMReportsPage.verifySmsResponseTemplateCreate(OCMReportsPage.java:5093)
at com.tetherfi.test.sms.SmsResponseTemplateCreateTest.VerifyAuditTrailReportForReject(SmsResponseTemplateCreateTest.java:199)
at java.base/jdk.internal.reflect.NativeMethodAccessorImpl.invoke0(Native Method)
at java.base/jdk.internal.reflect.NativeMethodAccessorImpl.invoke(Unknown Source)
at java.base/jdk.internal.reflect.DelegatingMethodAccessorImpl.invoke(Unknown Source)
at java.base/java.lang.reflect.Method.invoke(Unknown Source)
at org.testng.internal.MethodInvocationHelper.invokeMethod(MethodInvocationHelper.java:133)
at org.testng.internal.TestInvoker.invokeMethod(TestInvoker.java:584)
at org.testng.internal.TestInvoker.invokeTestMethod(TestInvoker.java:172)
at org.testng.internal.MethodRunner.runInSequence(MethodRunner.java:46)
at org.testng.internal.TestInvoker$MethodInvocationAgent.invoke(TestInvoker.java:804)
at org.testng.internal.TestInvoker.invokeTestMethods(TestInvoker.java:145)
at org.testng.internal.TestMethodWorker.invokeTestMethods(TestMethodWorker.java:146)
at org.testng.internal.TestMethodWorker.run(TestMethodWorker.java:128)
at java.base/java.util.ArrayList.forEach(Unknown Source)
at org.testng.TestRunner.privateRun(TestRunner.java:770)
at org.testng.TestRunner.run(TestRunner.java:591)
at org.testng.SuiteRunner.runTest(SuiteRunner.java:402)
at org.testng.SuiteRunner.runSequentially(SuiteRunner.java:396)
at org.testng.SuiteRunner.privateRun(SuiteRunner.java:355)
at org.testng.SuiteRunner.run(SuiteRunner.java:304)
at org.testng.SuiteRunnerWorker.runSuite(SuiteRunnerWorker.java:53)
at org.testng.SuiteRunnerWorker.run(SuiteRunnerWorker.java:96)
at org.testng.TestNG.runSuitesSequentially(TestNG.java:1180)
at org.testng.TestNG.runSuitesLocally(TestNG.java:1102)
at org.testng.TestNG.runSuites(TestNG.java:1032)
at org.testng.TestNG.run(TestNG.java:1000)
at org.testng.remote.AbstractRemoteTestNG.run(AbstractRemoteTestNG.java:115)
at org.testng.remote.RemoteTestNG.initAndRun(RemoteTestNG.java:251)
at org.testng.remote.RemoteTestNG.main(RemoteTestNG.java:77)
]]>
            </full-stacktrace>
          </exception> <!-- org.openqa.selenium.TimeoutException -->
          <reporter-output>
          </reporter-output>
        </test-method> <!-- VerifyAuditTrailReportForReject -->
        <test-method is-config="true" signature="afterEachMethod(java.lang.reflect.Method)[pri:0, instance:com.tetherfi.test.sms.SmsResponseTemplateCreateTest@4a92c6a9]" started-at="2019-09-07T13:45:16 IST" name="afterEachMethod" finished-at="2019-09-07T13:45:21 IST" duration-ms="4912" status="PASS">
          <params>
            <param index="0">
              <value>
                <![CDATA[public void com.tetherfi.test.sms.SmsResponseTemplateCreateTest.VerifyAuditTrailReportForReject() throws java.lang.Exception]]>
              </value>
            </param>
          </params>
          <reporter-output>
          </reporter-output>
        </test-method> <!-- afterEachMethod -->
        <test-method signature="VerifyRecordAfterRejection()[pri:14, instance:com.tetherfi.test.sms.SmsResponseTemplateCreateTest@4a92c6a9]" started-at="2019-09-07T13:45:21 IST" name="VerifyRecordAfterRejection" finished-at="2019-09-07T13:45:21 IST" depends-on-methods="com.tetherfi.test.sms.SmsResponseTemplateCreateTest.VerifyAuditTrailReportForReject" duration-ms="0" status="SKIP">
          <exception class="java.lang.Throwable">
            <message>
              <![CDATA[Method SmsResponseTemplateCreateTest.VerifyRecordAfterRejection()[pri:14, instance:com.tetherfi.test.sms.SmsResponseTemplateCreateTest@4a92c6a9] depends on not successfully finished methods]]>
            </message>
            <full-stacktrace>
              <![CDATA[java.lang.Throwable: Method SmsResponseTemplateCreateTest.VerifyRecordAfterRejection()[pri:14, instance:com.tetherfi.test.sms.SmsResponseTemplateCreateTest@4a92c6a9] depends on not successfully finished methods
at org.testng.internal.TestInvoker.invokeTestMethods(TestInvoker.java:99)
at org.testng.internal.TestMethodWorker.invokeTestMethods(TestMethodWorker.java:146)
at org.testng.internal.TestMethodWorker.run(TestMethodWorker.java:128)
at java.base/java.util.ArrayList.forEach(Unknown Source)
at org.testng.TestRunner.privateRun(TestRunner.java:770)
at org.testng.TestRunner.run(TestRunner.java:591)
at org.testng.SuiteRunner.runTest(SuiteRunner.java:402)
at org.testng.SuiteRunner.runSequentially(SuiteRunner.java:396)
at org.testng.SuiteRunner.privateRun(SuiteRunner.java:355)
at org.testng.SuiteRunner.run(SuiteRunner.java:304)
at org.testng.SuiteRunnerWorker.runSuite(SuiteRunnerWorker.java:53)
at org.testng.SuiteRunnerWorker.run(SuiteRunnerWorker.java:96)
at org.testng.TestNG.runSuitesSequentially(TestNG.java:1180)
at org.testng.TestNG.runSuitesLocally(TestNG.java:1102)
at org.testng.TestNG.runSuites(TestNG.java:1032)
at org.testng.TestNG.run(TestNG.java:1000)
at org.testng.remote.AbstractRemoteTestNG.run(AbstractRemoteTestNG.java:115)
at org.testng.remote.RemoteTestNG.initAndRun(RemoteTestNG.java:251)
at org.testng.remote.RemoteTestNG.main(RemoteTestNG.java:77)
]]>
            </full-stacktrace>
          </exception> <!-- java.lang.Throwable -->
          <reporter-output>
          </reporter-output>
        </test-method> <!-- VerifyRecordAfterRejection -->
        <test-method is-config="true" signature="NavigateToSmsResponseTemplatePage(java.lang.reflect.Method)[pri:0, instance:com.tetherfi.test.sms.SmsResponseTemplateCreateTest@4a92c6a9]" started-at="2019-09-07T13:45:21 IST" name="NavigateToSmsResponseTemplatePage" finished-at="2019-09-07T13:45:44 IST" duration-ms="23767" status="PASS">
          <params>
            <param index="0">
              <value>
                <![CDATA[public void com.tetherfi.test.sms.SmsResponseTemplateCreateTest.AddNewSmsResponseTemplateRecord() throws java.lang.Exception]]>
              </value>
            </param>
          </params>
          <reporter-output>
          </reporter-output>
        </test-method> <!-- NavigateToSmsResponseTemplatePage -->
        <test-method signature="AddNewSmsResponseTemplateRecord()[pri:15, instance:com.tetherfi.test.sms.SmsResponseTemplateCreateTest@4a92c6a9]" started-at="2019-09-07T13:45:44 IST" name="AddNewSmsResponseTemplateRecord" finished-at="2019-09-07T13:45:53 IST" duration-ms="8559" status="PASS">
          <reporter-output>
          </reporter-output>
        </test-method> <!-- AddNewSmsResponseTemplateRecord -->
        <test-method is-config="true" signature="afterEachMethod(java.lang.reflect.Method)[pri:0, instance:com.tetherfi.test.sms.SmsResponseTemplateCreateTest@4a92c6a9]" started-at="2019-09-07T13:45:53 IST" name="afterEachMethod" finished-at="2019-09-07T13:45:59 IST" duration-ms="6291" status="PASS">
          <params>
            <param index="0">
              <value>
                <![CDATA[public void com.tetherfi.test.sms.SmsResponseTemplateCreateTest.AddNewSmsResponseTemplateRecord() throws java.lang.Exception]]>
              </value>
            </param>
          </params>
          <reporter-output>
          </reporter-output>
        </test-method> <!-- afterEachMethod -->
        <test-method is-config="true" signature="NavigateToSmsResponseTemplatePage(java.lang.reflect.Method)[pri:0, instance:com.tetherfi.test.sms.SmsResponseTemplateCreateTest@4a92c6a9]" started-at="2019-09-07T13:45:59 IST" name="NavigateToSmsResponseTemplatePage" finished-at="2019-09-07T13:46:27 IST" duration-ms="27625" status="PASS">
          <params>
            <param index="0">
              <value>
                <![CDATA[public void com.tetherfi.test.sms.SmsResponseTemplateCreateTest.VerifyAuditTrailReportForCreate() throws java.lang.Exception]]>
              </value>
            </param>
          </params>
          <reporter-output>
          </reporter-output>
        </test-method> <!-- NavigateToSmsResponseTemplatePage -->
        <test-method signature="VerifyAuditTrailReportForCreate()[pri:16, instance:com.tetherfi.test.sms.SmsResponseTemplateCreateTest@4a92c6a9]" started-at="2019-09-07T13:46:27 IST" name="VerifyAuditTrailReportForCreate" finished-at="2019-09-07T13:46:55 IST" depends-on-methods="com.tetherfi.test.sms.SmsResponseTemplateCreateTest.AddNewSmsResponseTemplateRecord" duration-ms="27939" status="PASS">
          <reporter-output>
          </reporter-output>
        </test-method> <!-- VerifyAuditTrailReportForCreate -->
        <test-method is-config="true" signature="afterEachMethod(java.lang.reflect.Method)[pri:0, instance:com.tetherfi.test.sms.SmsResponseTemplateCreateTest@4a92c6a9]" started-at="2019-09-07T13:46:55 IST" name="afterEachMethod" finished-at="2019-09-07T13:46:58 IST" duration-ms="2833" status="PASS">
          <params>
            <param index="0">
              <value>
                <![CDATA[public void com.tetherfi.test.sms.SmsResponseTemplateCreateTest.VerifyAuditTrailReportForCreate() throws java.lang.Exception]]>
              </value>
            </param>
          </params>
          <reporter-output>
          </reporter-output>
        </test-method> <!-- afterEachMethod -->
        <test-method is-config="true" signature="NavigateToSmsResponseTemplatePage(java.lang.reflect.Method)[pri:0, instance:com.tetherfi.test.sms.SmsResponseTemplateCreateTest@4a92c6a9]" started-at="2019-09-07T13:46:58 IST" name="NavigateToSmsResponseTemplatePage" finished-at="2019-09-07T13:47:22 IST" duration-ms="24355" status="PASS">
          <params>
            <param index="0">
              <value>
                <![CDATA[public void com.tetherfi.test.sms.SmsResponseTemplateCreateTest.VerifyAuditTrailDataForAddNewSmsResponseTemplateRecord() throws java.lang.Exception]]>
              </value>
            </param>
          </params>
          <reporter-output>
          </reporter-output>
        </test-method> <!-- NavigateToSmsResponseTemplatePage -->
        <test-method signature="VerifyAuditTrailDataForAddNewSmsResponseTemplateRecord()[pri:17, instance:com.tetherfi.test.sms.SmsResponseTemplateCreateTest@4a92c6a9]" started-at="2019-09-07T13:47:22 IST" name="VerifyAuditTrailDataForAddNewSmsResponseTemplateRecord" finished-at="2019-09-07T13:47:29 IST" depends-on-methods="com.tetherfi.test.sms.SmsResponseTemplateCreateTest.AddNewSmsResponseTemplateRecord" duration-ms="6478" status="FAIL">
          <exception class="java.lang.AssertionError">
            <message>
              <![CDATA[Audit trail details failed did not expect to find [true] but found [false]]]>
            </message>
            <full-stacktrace>
              <![CDATA[java.lang.AssertionError: Audit trail details failed did not expect to find [true] but found [false]
at org.testng.Assert.fail(Assert.java:97)
at org.testng.Assert.failNotEquals(Assert.java:969)
at org.testng.Assert.assertTrue(Assert.java:43)
at com.tetherfi.test.sms.SmsResponseTemplateCreateTest.VerifyAuditTrailDataForAddNewSmsResponseTemplateRecord(SmsResponseTemplateCreateTest.java:242)
at java.base/jdk.internal.reflect.NativeMethodAccessorImpl.invoke0(Native Method)
at java.base/jdk.internal.reflect.NativeMethodAccessorImpl.invoke(Unknown Source)
at java.base/jdk.internal.reflect.DelegatingMethodAccessorImpl.invoke(Unknown Source)
at java.base/java.lang.reflect.Method.invoke(Unknown Source)
at org.testng.internal.MethodInvocationHelper.invokeMethod(MethodInvocationHelper.java:133)
at org.testng.internal.TestInvoker.invokeMethod(TestInvoker.java:584)
at org.testng.internal.TestInvoker.invokeTestMethod(TestInvoker.java:172)
at org.testng.internal.MethodRunner.runInSequence(MethodRunner.java:46)
at org.testng.internal.TestInvoker$MethodInvocationAgent.invoke(TestInvoker.java:804)
at org.testng.internal.TestInvoker.invokeTestMethods(TestInvoker.java:145)
at org.testng.internal.TestMethodWorker.invokeTestMethods(TestMethodWorker.java:146)
at org.testng.internal.TestMethodWorker.run(TestMethodWorker.java:128)
at java.base/java.util.ArrayList.forEach(Unknown Source)
at org.testng.TestRunner.privateRun(TestRunner.java:770)
at org.testng.TestRunner.run(TestRunner.java:591)
at org.testng.SuiteRunner.runTest(SuiteRunner.java:402)
at org.testng.SuiteRunner.runSequentially(SuiteRunner.java:396)
at org.testng.SuiteRunner.privateRun(SuiteRunner.java:355)
at org.testng.SuiteRunner.run(SuiteRunner.java:304)
at org.testng.SuiteRunnerWorker.runSuite(SuiteRunnerWorker.java:53)
at org.testng.SuiteRunnerWorker.run(SuiteRunnerWorker.java:96)
at org.testng.TestNG.runSuitesSequentially(TestNG.java:1180)
at org.testng.TestNG.runSuitesLocally(TestNG.java:1102)
at org.testng.TestNG.runSuites(TestNG.java:1032)
at org.testng.TestNG.run(TestNG.java:1000)
at org.testng.remote.AbstractRemoteTestNG.run(AbstractRemoteTestNG.java:115)
at org.testng.remote.RemoteTestNG.initAndRun(RemoteTestNG.java:251)
at org.testng.remote.RemoteTestNG.main(RemoteTestNG.java:77)
]]>
            </full-stacktrace>
          </exception> <!-- java.lang.AssertionError -->
          <reporter-output>
          </reporter-output>
        </test-method> <!-- VerifyAuditTrailDataForAddNewSmsResponseTemplateRecord -->
        <test-method is-config="true" signature="afterEachMethod(java.lang.reflect.Method)[pri:0, instance:com.tetherfi.test.sms.SmsResponseTemplateCreateTest@4a92c6a9]" started-at="2019-09-07T13:47:29 IST" name="afterEachMethod" finished-at="2019-09-07T13:47:33 IST" duration-ms="4845" status="PASS">
          <params>
            <param index="0">
              <value>
                <![CDATA[public void com.tetherfi.test.sms.SmsResponseTemplateCreateTest.VerifyAuditTrailDataForAddNewSmsResponseTemplateRecord() throws java.lang.Exception]]>
              </value>
            </param>
          </params>
          <reporter-output>
          </reporter-output>
        </test-method> <!-- afterEachMethod -->
        <test-method signature="VerifySendForApprovalForAddNewSmsResponseTemplateRecord()[pri:18, instance:com.tetherfi.test.sms.SmsResponseTemplateCreateTest@4a92c6a9]" started-at="2019-09-07T13:47:33 IST" name="VerifySendForApprovalForAddNewSmsResponseTemplateRecord" finished-at="2019-09-07T13:47:33 IST" depends-on-methods="com.tetherfi.test.sms.SmsResponseTemplateCreateTest.VerifyAuditTrailDataForAddNewSmsResponseTemplateRecord" duration-ms="0" status="SKIP">
          <exception class="java.lang.Throwable">
            <message>
              <![CDATA[Method SmsResponseTemplateCreateTest.VerifySendForApprovalForAddNewSmsResponseTemplateRecord()[pri:18, instance:com.tetherfi.test.sms.SmsResponseTemplateCreateTest@4a92c6a9] depends on not successfully finished methods]]>
            </message>
            <full-stacktrace>
              <![CDATA[java.lang.Throwable: Method SmsResponseTemplateCreateTest.VerifySendForApprovalForAddNewSmsResponseTemplateRecord()[pri:18, instance:com.tetherfi.test.sms.SmsResponseTemplateCreateTest@4a92c6a9] depends on not successfully finished methods
at org.testng.internal.TestInvoker.invokeTestMethods(TestInvoker.java:99)
at org.testng.internal.TestMethodWorker.invokeTestMethods(TestMethodWorker.java:146)
at org.testng.internal.TestMethodWorker.run(TestMethodWorker.java:128)
at java.base/java.util.ArrayList.forEach(Unknown Source)
at org.testng.TestRunner.privateRun(TestRunner.java:770)
at org.testng.TestRunner.run(TestRunner.java:591)
at org.testng.SuiteRunner.runTest(SuiteRunner.java:402)
at org.testng.SuiteRunner.runSequentially(SuiteRunner.java:396)
at org.testng.SuiteRunner.privateRun(SuiteRunner.java:355)
at org.testng.SuiteRunner.run(SuiteRunner.java:304)
at org.testng.SuiteRunnerWorker.runSuite(SuiteRunnerWorker.java:53)
at org.testng.SuiteRunnerWorker.run(SuiteRunnerWorker.java:96)
at org.testng.TestNG.runSuitesSequentially(TestNG.java:1180)
at org.testng.TestNG.runSuitesLocally(TestNG.java:1102)
at org.testng.TestNG.runSuites(TestNG.java:1032)
at org.testng.TestNG.run(TestNG.java:1000)
at org.testng.remote.AbstractRemoteTestNG.run(AbstractRemoteTestNG.java:115)
at org.testng.remote.RemoteTestNG.initAndRun(RemoteTestNG.java:251)
at org.testng.remote.RemoteTestNG.main(RemoteTestNG.java:77)
]]>
            </full-stacktrace>
          </exception> <!-- java.lang.Throwable -->
          <reporter-output>
          </reporter-output>
        </test-method> <!-- VerifySendForApprovalForAddNewSmsResponseTemplateRecord -->
        <test-method signature="VerifyAuditTrailReportForSendForApproval()[pri:19, instance:com.tetherfi.test.sms.SmsResponseTemplateCreateTest@4a92c6a9]" started-at="2019-09-07T13:47:33 IST" name="VerifyAuditTrailReportForSendForApproval" finished-at="2019-09-07T13:47:33 IST" depends-on-methods="com.tetherfi.test.sms.SmsResponseTemplateCreateTest.VerifySendForApprovalForAddNewSmsResponseTemplateRecord" duration-ms="0" status="SKIP">
          <exception class="java.lang.Throwable">
            <message>
              <![CDATA[Method SmsResponseTemplateCreateTest.VerifyAuditTrailReportForSendForApproval()[pri:19, instance:com.tetherfi.test.sms.SmsResponseTemplateCreateTest@4a92c6a9] depends on not successfully finished methods]]>
            </message>
            <full-stacktrace>
              <![CDATA[java.lang.Throwable: Method SmsResponseTemplateCreateTest.VerifyAuditTrailReportForSendForApproval()[pri:19, instance:com.tetherfi.test.sms.SmsResponseTemplateCreateTest@4a92c6a9] depends on not successfully finished methods
at org.testng.internal.TestInvoker.invokeTestMethods(TestInvoker.java:99)
at org.testng.internal.TestMethodWorker.invokeTestMethods(TestMethodWorker.java:146)
at org.testng.internal.TestMethodWorker.run(TestMethodWorker.java:128)
at java.base/java.util.ArrayList.forEach(Unknown Source)
at org.testng.TestRunner.privateRun(TestRunner.java:770)
at org.testng.TestRunner.run(TestRunner.java:591)
at org.testng.SuiteRunner.runTest(SuiteRunner.java:402)
at org.testng.SuiteRunner.runSequentially(SuiteRunner.java:396)
at org.testng.SuiteRunner.privateRun(SuiteRunner.java:355)
at org.testng.SuiteRunner.run(SuiteRunner.java:304)
at org.testng.SuiteRunnerWorker.runSuite(SuiteRunnerWorker.java:53)
at org.testng.SuiteRunnerWorker.run(SuiteRunnerWorker.java:96)
at org.testng.TestNG.runSuitesSequentially(TestNG.java:1180)
at org.testng.TestNG.runSuitesLocally(TestNG.java:1102)
at org.testng.TestNG.runSuites(TestNG.java:1032)
at org.testng.TestNG.run(TestNG.java:1000)
at org.testng.remote.AbstractRemoteTestNG.run(AbstractRemoteTestNG.java:115)
at org.testng.remote.RemoteTestNG.initAndRun(RemoteTestNG.java:251)
at org.testng.remote.RemoteTestNG.main(RemoteTestNG.java:77)
]]>
            </full-stacktrace>
          </exception> <!-- java.lang.Throwable -->
          <reporter-output>
          </reporter-output>
        </test-method> <!-- VerifyAuditTrailReportForSendForApproval -->
        <test-method signature="ApproveforAddNewSmsResponseTemplateRecord()[pri:20, instance:com.tetherfi.test.sms.SmsResponseTemplateCreateTest@4a92c6a9]" started-at="2019-09-07T13:47:33 IST" name="ApproveforAddNewSmsResponseTemplateRecord" finished-at="2019-09-07T13:47:33 IST" depends-on-methods="com.tetherfi.test.sms.SmsResponseTemplateCreateTest.VerifyAuditTrailReportForSendForApproval" duration-ms="0" status="SKIP">
          <exception class="java.lang.Throwable">
            <message>
              <![CDATA[Method SmsResponseTemplateCreateTest.ApproveforAddNewSmsResponseTemplateRecord()[pri:20, instance:com.tetherfi.test.sms.SmsResponseTemplateCreateTest@4a92c6a9] depends on not successfully finished methods]]>
            </message>
            <full-stacktrace>
              <![CDATA[java.lang.Throwable: Method SmsResponseTemplateCreateTest.ApproveforAddNewSmsResponseTemplateRecord()[pri:20, instance:com.tetherfi.test.sms.SmsResponseTemplateCreateTest@4a92c6a9] depends on not successfully finished methods
at org.testng.internal.TestInvoker.invokeTestMethods(TestInvoker.java:99)
at org.testng.internal.TestMethodWorker.invokeTestMethods(TestMethodWorker.java:146)
at org.testng.internal.TestMethodWorker.run(TestMethodWorker.java:128)
at java.base/java.util.ArrayList.forEach(Unknown Source)
at org.testng.TestRunner.privateRun(TestRunner.java:770)
at org.testng.TestRunner.run(TestRunner.java:591)
at org.testng.SuiteRunner.runTest(SuiteRunner.java:402)
at org.testng.SuiteRunner.runSequentially(SuiteRunner.java:396)
at org.testng.SuiteRunner.privateRun(SuiteRunner.java:355)
at org.testng.SuiteRunner.run(SuiteRunner.java:304)
at org.testng.SuiteRunnerWorker.runSuite(SuiteRunnerWorker.java:53)
at org.testng.SuiteRunnerWorker.run(SuiteRunnerWorker.java:96)
at org.testng.TestNG.runSuitesSequentially(TestNG.java:1180)
at org.testng.TestNG.runSuitesLocally(TestNG.java:1102)
at org.testng.TestNG.runSuites(TestNG.java:1032)
at org.testng.TestNG.run(TestNG.java:1000)
at org.testng.remote.AbstractRemoteTestNG.run(AbstractRemoteTestNG.java:115)
at org.testng.remote.RemoteTestNG.initAndRun(RemoteTestNG.java:251)
at org.testng.remote.RemoteTestNG.main(RemoteTestNG.java:77)
]]>
            </full-stacktrace>
          </exception> <!-- java.lang.Throwable -->
          <reporter-output>
          </reporter-output>
        </test-method> <!-- ApproveforAddNewSmsResponseTemplateRecord -->
        <test-method signature="VerifyAuditTrailReportForApprove()[pri:21, instance:com.tetherfi.test.sms.SmsResponseTemplateCreateTest@4a92c6a9]" started-at="2019-09-07T13:47:33 IST" name="VerifyAuditTrailReportForApprove" finished-at="2019-09-07T13:47:33 IST" depends-on-methods="com.tetherfi.test.sms.SmsResponseTemplateCreateTest.ApproveforAddNewSmsResponseTemplateRecord" duration-ms="0" status="SKIP">
          <exception class="java.lang.Throwable">
            <message>
              <![CDATA[Method SmsResponseTemplateCreateTest.VerifyAuditTrailReportForApprove()[pri:21, instance:com.tetherfi.test.sms.SmsResponseTemplateCreateTest@4a92c6a9] depends on not successfully finished methods]]>
            </message>
            <full-stacktrace>
              <![CDATA[java.lang.Throwable: Method SmsResponseTemplateCreateTest.VerifyAuditTrailReportForApprove()[pri:21, instance:com.tetherfi.test.sms.SmsResponseTemplateCreateTest@4a92c6a9] depends on not successfully finished methods
at org.testng.internal.TestInvoker.invokeTestMethods(TestInvoker.java:99)
at org.testng.internal.TestMethodWorker.invokeTestMethods(TestMethodWorker.java:146)
at org.testng.internal.TestMethodWorker.run(TestMethodWorker.java:128)
at java.base/java.util.ArrayList.forEach(Unknown Source)
at org.testng.TestRunner.privateRun(TestRunner.java:770)
at org.testng.TestRunner.run(TestRunner.java:591)
at org.testng.SuiteRunner.runTest(SuiteRunner.java:402)
at org.testng.SuiteRunner.runSequentially(SuiteRunner.java:396)
at org.testng.SuiteRunner.privateRun(SuiteRunner.java:355)
at org.testng.SuiteRunner.run(SuiteRunner.java:304)
at org.testng.SuiteRunnerWorker.runSuite(SuiteRunnerWorker.java:53)
at org.testng.SuiteRunnerWorker.run(SuiteRunnerWorker.java:96)
at org.testng.TestNG.runSuitesSequentially(TestNG.java:1180)
at org.testng.TestNG.runSuitesLocally(TestNG.java:1102)
at org.testng.TestNG.runSuites(TestNG.java:1032)
at org.testng.TestNG.run(TestNG.java:1000)
at org.testng.remote.AbstractRemoteTestNG.run(AbstractRemoteTestNG.java:115)
at org.testng.remote.RemoteTestNG.initAndRun(RemoteTestNG.java:251)
at org.testng.remote.RemoteTestNG.main(RemoteTestNG.java:77)
]]>
            </full-stacktrace>
          </exception> <!-- java.lang.Throwable -->
          <reporter-output>
          </reporter-output>
        </test-method> <!-- VerifyAuditTrailReportForApprove -->
        <test-method signature="VerifyRecordApprovedDataSectionafterApproval()[pri:22, instance:com.tetherfi.test.sms.SmsResponseTemplateCreateTest@4a92c6a9]" started-at="2019-09-07T13:47:33 IST" name="VerifyRecordApprovedDataSectionafterApproval" finished-at="2019-09-07T13:47:33 IST" depends-on-methods="com.tetherfi.test.sms.SmsResponseTemplateCreateTest.ApproveforAddNewSmsResponseTemplateRecord" duration-ms="16" status="SKIP">
          <exception class="java.lang.Throwable">
            <message>
              <![CDATA[Method SmsResponseTemplateCreateTest.VerifyRecordApprovedDataSectionafterApproval()[pri:22, instance:com.tetherfi.test.sms.SmsResponseTemplateCreateTest@4a92c6a9] depends on not successfully finished methods]]>
            </message>
            <full-stacktrace>
              <![CDATA[java.lang.Throwable: Method SmsResponseTemplateCreateTest.VerifyRecordApprovedDataSectionafterApproval()[pri:22, instance:com.tetherfi.test.sms.SmsResponseTemplateCreateTest@4a92c6a9] depends on not successfully finished methods
at org.testng.internal.TestInvoker.invokeTestMethods(TestInvoker.java:99)
at org.testng.internal.TestMethodWorker.invokeTestMethods(TestMethodWorker.java:146)
at org.testng.internal.TestMethodWorker.run(TestMethodWorker.java:128)
at java.base/java.util.ArrayList.forEach(Unknown Source)
at org.testng.TestRunner.privateRun(TestRunner.java:770)
at org.testng.TestRunner.run(TestRunner.java:591)
at org.testng.SuiteRunner.runTest(SuiteRunner.java:402)
at org.testng.SuiteRunner.runSequentially(SuiteRunner.java:396)
at org.testng.SuiteRunner.privateRun(SuiteRunner.java:355)
at org.testng.SuiteRunner.run(SuiteRunner.java:304)
at org.testng.SuiteRunnerWorker.runSuite(SuiteRunnerWorker.java:53)
at org.testng.SuiteRunnerWorker.run(SuiteRunnerWorker.java:96)
at org.testng.TestNG.runSuitesSequentially(TestNG.java:1180)
at org.testng.TestNG.runSuitesLocally(TestNG.java:1102)
at org.testng.TestNG.runSuites(TestNG.java:1032)
at org.testng.TestNG.run(TestNG.java:1000)
at org.testng.remote.AbstractRemoteTestNG.run(AbstractRemoteTestNG.java:115)
at org.testng.remote.RemoteTestNG.initAndRun(RemoteTestNG.java:251)
at org.testng.remote.RemoteTestNG.main(RemoteTestNG.java:77)
]]>
            </full-stacktrace>
          </exception> <!-- java.lang.Throwable -->
          <reporter-output>
          </reporter-output>
        </test-method> <!-- VerifyRecordApprovedDataSectionafterApproval -->
        <test-method is-config="true" signature="NavigateToSmsResponseTemplatePage(java.lang.reflect.Method)[pri:0, instance:com.tetherfi.test.sms.SmsResponseTemplateCreateTest@4a92c6a9]" started-at="2019-09-07T13:47:33 IST" name="NavigateToSmsResponseTemplatePage" finished-at="2019-09-07T13:47:58 IST" duration-ms="24552" status="PASS">
          <params>
            <param index="0">
              <value>
                <![CDATA[public void com.tetherfi.test.sms.SmsResponseTemplateCreateTest.AddDuplicateRecord() throws java.lang.Exception]]>
              </value>
            </param>
          </params>
          <reporter-output>
          </reporter-output>
        </test-method> <!-- NavigateToSmsResponseTemplatePage -->
        <test-method signature="AddDuplicateRecord()[pri:23, instance:com.tetherfi.test.sms.SmsResponseTemplateCreateTest@4a92c6a9]" started-at="2019-09-07T13:47:58 IST" name="AddDuplicateRecord" finished-at="2019-09-07T13:48:05 IST" depends-on-methods="com.tetherfi.test.sms.SmsResponseTemplateCreateTest.AddNewSmsResponseTemplateRecord" duration-ms="6838" status="PASS">
          <reporter-output>
          </reporter-output>
        </test-method> <!-- AddDuplicateRecord -->
        <test-method is-config="true" signature="afterEachMethod(java.lang.reflect.Method)[pri:0, instance:com.tetherfi.test.sms.SmsResponseTemplateCreateTest@4a92c6a9]" started-at="2019-09-07T13:48:05 IST" name="afterEachMethod" finished-at="2019-09-07T13:48:11 IST" duration-ms="5648" status="PASS">
          <params>
            <param index="0">
              <value>
                <![CDATA[public void com.tetherfi.test.sms.SmsResponseTemplateCreateTest.AddDuplicateRecord() throws java.lang.Exception]]>
              </value>
            </param>
          </params>
          <reporter-output>
          </reporter-output>
        </test-method> <!-- afterEachMethod -->
      </class> <!-- com.tetherfi.test.sms.SmsResponseTemplateCreateTest -->
    </test> <!-- Default test -->
  </suite> <!-- Default suite -->
</testng-results>
