<?xml version="1.0" encoding="UTF-8"?>
<testng-results skipped="0" failed="0" ignored="0" total="1" passed="1">
  <reporter-output>
  </reporter-output>
  <suite name="Default suite" duration-ms="75449" started-at="2020-04-23T18:53:58 IST" finished-at="2020-04-23T18:55:14 IST">
    <groups>
    </groups>
    <test name="Default test" duration-ms="75449" started-at="2020-04-23T18:53:58 IST" finished-at="2020-04-23T18:55:14 IST">
      <class name="com.tetherfi.test.tmac.AgentSettingsTest">
        <test-method status="PASS" signature="openApplication()[pri:0, instance:com.tetherfi.test.tmac.AgentSettingsTest@48528634]" name="openApplication" is-config="true" duration-ms="33251" started-at="2020-04-23T18:53:58 IST" finished-at="2020-04-23T18:54:32 IST">
          <reporter-output>
          </reporter-output>
        </test-method> <!-- openApplication -->
        <test-method status="PASS" signature="startTestCase(java.lang.reflect.Method)[pri:0, instance:com.tetherfi.test.tmac.AgentSettingsTest@48528634]" name="startTestCase" is-config="true" duration-ms="2" started-at="2020-04-23T18:54:32 IST" finished-at="2020-04-23T18:54:32 IST">
          <params>
            <param index="0">
              <value>
                <![CDATA[public void com.tetherfi.test.tmac.AgentSettingsTest.VerifyAuditTrailReportForDelete() throws java.lang.Exception]]>
              </value>
            </param>
          </params>
          <reporter-output>
          </reporter-output>
        </test-method> <!-- startTestCase -->
        <test-method status="PASS" signature="NavigateToAgentSettingsPage()[pri:0, instance:com.tetherfi.test.tmac.AgentSettingsTest@48528634]" name="NavigateToAgentSettingsPage" is-config="true" duration-ms="10018" started-at="2020-04-23T18:54:32 IST" finished-at="2020-04-23T18:54:42 IST">
          <reporter-output>
          </reporter-output>
        </test-method> <!-- NavigateToAgentSettingsPage -->
        <test-method status="PASS" signature="VerifyAuditTrailReportForDelete()[pri:23, instance:com.tetherfi.test.tmac.AgentSettingsTest@48528634]" name="VerifyAuditTrailReportForDelete" duration-ms="24687" started-at="2020-04-23T18:54:42 IST" finished-at="2020-04-23T18:55:06 IST">
          <reporter-output>
          </reporter-output>
        </test-method> <!-- VerifyAuditTrailReportForDelete -->
        <test-method status="PASS" signature="afterEachMethod(java.lang.reflect.Method)[pri:0, instance:com.tetherfi.test.tmac.AgentSettingsTest@48528634]" name="afterEachMethod" is-config="true" duration-ms="1547" started-at="2020-04-23T18:55:06 IST" finished-at="2020-04-23T18:55:08 IST">
          <params>
            <param index="0">
              <value>
                <![CDATA[public void com.tetherfi.test.tmac.AgentSettingsTest.VerifyAuditTrailReportForDelete() throws java.lang.Exception]]>
              </value>
            </param>
          </params>
          <reporter-output>
          </reporter-output>
        </test-method> <!-- afterEachMethod -->
        <test-method status="PASS" signature="endTestCase(java.lang.reflect.Method)[pri:0, instance:com.tetherfi.test.tmac.AgentSettingsTest@48528634]" name="endTestCase" is-config="true" duration-ms="1" started-at="2020-04-23T18:55:08 IST" finished-at="2020-04-23T18:55:08 IST">
          <params>
            <param index="0">
              <value>
                <![CDATA[public void com.tetherfi.test.tmac.AgentSettingsTest.VerifyAuditTrailReportForDelete() throws java.lang.Exception]]>
              </value>
            </param>
          </params>
          <reporter-output>
          </reporter-output>
        </test-method> <!-- endTestCase -->
        <test-method status="PASS" signature="tearDown()[pri:0, instance:com.tetherfi.test.tmac.AgentSettingsTest@48528634]" name="tearDown" is-config="true" duration-ms="5853" started-at="2020-04-23T18:55:08 IST" finished-at="2020-04-23T18:55:14 IST">
          <reporter-output>
          </reporter-output>
        </test-method> <!-- tearDown -->
      </class> <!-- com.tetherfi.test.tmac.AgentSettingsTest -->
    </test> <!-- Default test -->
  </suite> <!-- Default suite -->
</testng-results>
