<?xml version="1.0" encoding="UTF-8"?>
<testng-results ignored="4" total="228" passed="176" failed="48" skipped="0">
  <reporter-output>
  </reporter-output>
  <suite started-at="2021-06-03T20:32:34 IST" name="Tetherfi Test Automation" finished-at="2021-06-03T22:06:47 IST" duration-ms="5653090">
    <groups>
      <group name="Checker">
        <method signature="RoleBasedAccessManagementCreateTest.ApproveforAddNewNewRoleBasedAccessManagementRecord()[pri:17, instance:com.tetherfi.test.RoleBasedAccessManagementCreateTest@6ad6ae45]" name="ApproveforAddNewNewRoleBasedAccessManagementRecord" class="com.tetherfi.test.RoleBasedAccessManagementCreateTest"/>
        <method signature="RoleBasedAccessManagementCreateTest.VerifyAuditTrailReportForApprove()[pri:18, instance:com.tetherfi.test.RoleBasedAccessManagementCreateTest@6ad6ae45]" name="VerifyAuditTrailReportForApprove" class="com.tetherfi.test.RoleBasedAccessManagementCreateTest"/>
        <method signature="RoleBasedAccessManagementCreateTest.VerifyRecordApprovedDataSectionafterApproval()[pri:19, instance:com.tetherfi.test.RoleBasedAccessManagementCreateTest@6ad6ae45]" name="VerifyRecordApprovedDataSectionafterApproval" class="com.tetherfi.test.RoleBasedAccessManagementCreateTest"/>
        <method signature="RoleBasedAccessManagementCreateTest.RejectforAddNewNewRoleBasedAccessManagementRecord()[pri:9, instance:com.tetherfi.test.RoleBasedAccessManagementCreateTest@6ad6ae45]" name="RejectforAddNewNewRoleBasedAccessManagementRecord" class="com.tetherfi.test.RoleBasedAccessManagementCreateTest"/>
        <method signature="RoleBasedAccessManagementCreateTest.VerifyAuditTrailReportForReject()[pri:10, instance:com.tetherfi.test.RoleBasedAccessManagementCreateTest@6ad6ae45]" name="VerifyAuditTrailReportForReject" class="com.tetherfi.test.RoleBasedAccessManagementCreateTest"/>
        <method signature="RoleBasedAccessManagementDeleteTest.RejectforDeleteRoleBasedAccessManagementRecord()[pri:8, instance:com.tetherfi.test.RoleBasedAccessManagementDeleteTest@7893c715]" name="RejectforDeleteRoleBasedAccessManagementRecord" class="com.tetherfi.test.RoleBasedAccessManagementDeleteTest"/>
        <method signature="RoleBasedAccessManagementDeleteTest.VerifyAuditTrailReportForReject()[pri:9, instance:com.tetherfi.test.RoleBasedAccessManagementDeleteTest@7893c715]" name="VerifyAuditTrailReportForReject" class="com.tetherfi.test.RoleBasedAccessManagementDeleteTest"/>
        <method signature="RoleBasedAccessManagementDeleteTest.ApproveforDeleteRoleBasedAccessManagementRecord()[pri:14, instance:com.tetherfi.test.RoleBasedAccessManagementDeleteTest@7893c715]" name="ApproveforDeleteRoleBasedAccessManagementRecord" class="com.tetherfi.test.RoleBasedAccessManagementDeleteTest"/>
        <method signature="RoleBasedAccessManagementDeleteTest.VerifyAuditTrailReportForApprove()[pri:15, instance:com.tetherfi.test.RoleBasedAccessManagementDeleteTest@7893c715]" name="VerifyAuditTrailReportForApprove" class="com.tetherfi.test.RoleBasedAccessManagementDeleteTest"/>
        <method signature="RoleBasedAccessManagementUpdateTest.ApproveforEditRoleBasedAccessManagementRecord()[pri:14, instance:com.tetherfi.test.RoleBasedAccessManagementUpdateTest@7c4d1c7b]" name="ApproveforEditRoleBasedAccessManagementRecord" class="com.tetherfi.test.RoleBasedAccessManagementUpdateTest"/>
        <method signature="RoleBasedAccessManagementUpdateTest.VerifyAuditTrailReportForApprove()[pri:15, instance:com.tetherfi.test.RoleBasedAccessManagementUpdateTest@7c4d1c7b]" name="VerifyAuditTrailReportForApprove" class="com.tetherfi.test.RoleBasedAccessManagementUpdateTest"/>
        <method signature="RoleBasedAccessManagementUpdateTest.RejectforEditRoleBasedAccessManagementRecord()[pri:7, instance:com.tetherfi.test.RoleBasedAccessManagementUpdateTest@7c4d1c7b]" name="RejectforEditRoleBasedAccessManagementRecord" class="com.tetherfi.test.RoleBasedAccessManagementUpdateTest"/>
        <method signature="RoleBasedAccessManagementUpdateTest.VerifyAuditTrailReportForReject()[pri:8, instance:com.tetherfi.test.RoleBasedAccessManagementUpdateTest@7c4d1c7b]" name="VerifyAuditTrailReportForReject" class="com.tetherfi.test.RoleBasedAccessManagementUpdateTest"/>
      </group> <!-- Checker -->
      <group name="Maker">
        <method signature="RoleBasedAccessManagementCreateTest.AddNewNewRoleBasedAccessManagementRecord()[pri:12, instance:com.tetherfi.test.RoleBasedAccessManagementCreateTest@6ad6ae45]" name="AddNewNewRoleBasedAccessManagementRecord" class="com.tetherfi.test.RoleBasedAccessManagementCreateTest"/>
        <method signature="RoleBasedAccessManagementCreateTest.AddRejectRecord()[pri:7, instance:com.tetherfi.test.RoleBasedAccessManagementCreateTest@6ad6ae45]" name="AddRejectRecord" class="com.tetherfi.test.RoleBasedAccessManagementCreateTest"/>
        <method signature="RoleBasedAccessManagementCreateTest.AddRevertRecord()[pri:3, instance:com.tetherfi.test.RoleBasedAccessManagementCreateTest@6ad6ae45]" name="AddRevertRecord" class="com.tetherfi.test.RoleBasedAccessManagementCreateTest"/>
        <method signature="RoleBasedAccessManagementCreateTest.VerifyAddCancelButton()[pri:1, instance:com.tetherfi.test.RoleBasedAccessManagementCreateTest@6ad6ae45]" name="VerifyAddCancelButton" class="com.tetherfi.test.RoleBasedAccessManagementCreateTest"/>
        <method signature="RoleBasedAccessManagementCreateTest.VerifyAddRecordWithoutRole()[pri:2, instance:com.tetherfi.test.RoleBasedAccessManagementCreateTest@6ad6ae45]" name="VerifyAddRecordWithoutRole" class="com.tetherfi.test.RoleBasedAccessManagementCreateTest"/>
        <method signature="RoleBasedAccessManagementCreateTest.VerifyAuditTrailDataForAddNewNewRoleBasedAccessManagementRecord()[pri:14, instance:com.tetherfi.test.RoleBasedAccessManagementCreateTest@6ad6ae45]" name="VerifyAuditTrailDataForAddNewNewRoleBasedAccessManagementRecord" class="com.tetherfi.test.RoleBasedAccessManagementCreateTest"/>
        <method signature="RoleBasedAccessManagementCreateTest.VerifyAuditTrailReportForCreate()[pri:13, instance:com.tetherfi.test.RoleBasedAccessManagementCreateTest@6ad6ae45]" name="VerifyAuditTrailReportForCreate" class="com.tetherfi.test.RoleBasedAccessManagementCreateTest"/>
        <method signature="RoleBasedAccessManagementCreateTest.VerifyAuditTrailReportForRevert()[pri:6, instance:com.tetherfi.test.RoleBasedAccessManagementCreateTest@6ad6ae45]" name="VerifyAuditTrailReportForRevert" class="com.tetherfi.test.RoleBasedAccessManagementCreateTest"/>
        <method signature="RoleBasedAccessManagementCreateTest.VerifyRevertForAddNewRecord()[pri:4, instance:com.tetherfi.test.RoleBasedAccessManagementCreateTest@6ad6ae45]" name="VerifyRevertForAddNewRecord" class="com.tetherfi.test.RoleBasedAccessManagementCreateTest"/>
        <method signature="RoleBasedAccessManagementCreateTest.VerifyApprovedDataSectionWithoutApproval()[pri:5, instance:com.tetherfi.test.RoleBasedAccessManagementCreateTest@6ad6ae45]" name="VerifyApprovedDataSectionWithoutApproval" class="com.tetherfi.test.RoleBasedAccessManagementCreateTest"/>
        <method signature="RoleBasedAccessManagementCreateTest.VerifySendForApprovalForAddNewNewRoleBasedAccessManagementRecord()[pri:15, instance:com.tetherfi.test.RoleBasedAccessManagementCreateTest@6ad6ae45]" name="VerifySendForApprovalForAddNewNewRoleBasedAccessManagementRecord" class="com.tetherfi.test.RoleBasedAccessManagementCreateTest"/>
        <method signature="RoleBasedAccessManagementCreateTest.VerifyAuditTrailReportForSendForApproval()[pri:16, instance:com.tetherfi.test.RoleBasedAccessManagementCreateTest@6ad6ae45]" name="VerifyAuditTrailReportForSendForApproval" class="com.tetherfi.test.RoleBasedAccessManagementCreateTest"/>
        <method signature="RoleBasedAccessManagementCreateTest.VerifySendForApprovalForAddNewRecord()[pri:8, instance:com.tetherfi.test.RoleBasedAccessManagementCreateTest@6ad6ae45]" name="VerifySendForApprovalForAddNewRecord" class="com.tetherfi.test.RoleBasedAccessManagementCreateTest"/>
        <method signature="RoleBasedAccessManagementCreateTest.VerifyRecordAfterRejection()[pri:11, instance:com.tetherfi.test.RoleBasedAccessManagementCreateTest@6ad6ae45]" name="VerifyRecordAfterRejection" class="com.tetherfi.test.RoleBasedAccessManagementCreateTest"/>
        <method signature="RoleBasedAccessManagementDeleteTest.DeleteCancelRoleBasedAccessManagementRecord()[pri:1, instance:com.tetherfi.test.RoleBasedAccessManagementDeleteTest@7893c715]" name="DeleteCancelRoleBasedAccessManagementRecord" class="com.tetherfi.test.RoleBasedAccessManagementDeleteTest"/>
        <method signature="RoleBasedAccessManagementDeleteTest.DeleteRecord()[pri:3, instance:com.tetherfi.test.RoleBasedAccessManagementDeleteTest@7893c715]" name="DeleteRecord" class="com.tetherfi.test.RoleBasedAccessManagementDeleteTest"/>
        <method signature="RoleBasedAccessManagementDeleteTest.DeleteRoleBasedAccessManagementRecord()[pri:10, instance:com.tetherfi.test.RoleBasedAccessManagementDeleteTest@7893c715]" name="DeleteRoleBasedAccessManagementRecord" class="com.tetherfi.test.RoleBasedAccessManagementDeleteTest"/>
        <method signature="RoleBasedAccessManagementDeleteTest.DeleteWithoutModifyReasonRecord()[pri:2, instance:com.tetherfi.test.RoleBasedAccessManagementDeleteTest@7893c715]" name="DeleteWithoutModifyReasonRecord" class="com.tetherfi.test.RoleBasedAccessManagementDeleteTest"/>
        <method signature="RoleBasedAccessManagementDeleteTest.RejectDeleteRecord()[pri:6, instance:com.tetherfi.test.RoleBasedAccessManagementDeleteTest@7893c715]" name="RejectDeleteRecord" class="com.tetherfi.test.RoleBasedAccessManagementDeleteTest"/>
        <method signature="RoleBasedAccessManagementDeleteTest.VerifyAuditTrailDataForDeleteRoleBasedAccessManagementRecord()[pri:12, instance:com.tetherfi.test.RoleBasedAccessManagementDeleteTest@7893c715]" name="VerifyAuditTrailDataForDeleteRoleBasedAccessManagementRecord" class="com.tetherfi.test.RoleBasedAccessManagementDeleteTest"/>
        <method signature="RoleBasedAccessManagementDeleteTest.VerifyAuditTrialReportForDelete()[pri:11, instance:com.tetherfi.test.RoleBasedAccessManagementDeleteTest@7893c715]" name="VerifyAuditTrialReportForDelete" class="com.tetherfi.test.RoleBasedAccessManagementDeleteTest"/>
        <method signature="RoleBasedAccessManagementDeleteTest.VerifyRevertForDeleteRecord()[pri:4, instance:com.tetherfi.test.RoleBasedAccessManagementDeleteTest@7893c715]" name="VerifyRevertForDeleteRecord" class="com.tetherfi.test.RoleBasedAccessManagementDeleteTest"/>
        <method signature="RoleBasedAccessManagementDeleteTest.VerifyAuditTrialReportForRevertDelete()[pri:5, instance:com.tetherfi.test.RoleBasedAccessManagementDeleteTest@7893c715]" name="VerifyAuditTrialReportForRevertDelete" class="com.tetherfi.test.RoleBasedAccessManagementDeleteTest"/>
        <method signature="RoleBasedAccessManagementDeleteTest.VerifySendForApprovalForDeleteNewRecord()[pri:13, instance:com.tetherfi.test.RoleBasedAccessManagementDeleteTest@7893c715]" name="VerifySendForApprovalForDeleteNewRecord" class="com.tetherfi.test.RoleBasedAccessManagementDeleteTest"/>
        <method signature="RoleBasedAccessManagementDeleteTest.VerifySendForApprovalForRejectDeleteNewRecord()[pri:7, instance:com.tetherfi.test.RoleBasedAccessManagementDeleteTest@7893c715]" name="VerifySendForApprovalForRejectDeleteNewRecord" class="com.tetherfi.test.RoleBasedAccessManagementDeleteTest"/>
        <method signature="RoleBasedAccessManagementUpdateTest.EditCancelRoleBasedAccessManagementRecord()[pri:1, instance:com.tetherfi.test.RoleBasedAccessManagementUpdateTest@7c4d1c7b]" name="EditCancelRoleBasedAccessManagementRecord" class="com.tetherfi.test.RoleBasedAccessManagementUpdateTest"/>
        <method signature="RoleBasedAccessManagementUpdateTest.EditRecordWithoutModifyReason()[pri:16, instance:com.tetherfi.test.RoleBasedAccessManagementUpdateTest@7c4d1c7b]" name="EditRecordWithoutModifyReason" class="com.tetherfi.test.RoleBasedAccessManagementUpdateTest"/>
        <method signature="RoleBasedAccessManagementUpdateTest.EditRejectRecord()[pri:5, instance:com.tetherfi.test.RoleBasedAccessManagementUpdateTest@7c4d1c7b]" name="EditRejectRecord" class="com.tetherfi.test.RoleBasedAccessManagementUpdateTest"/>
        <method signature="RoleBasedAccessManagementUpdateTest.EditRevertRoleBasedAccessManagementRecord()[pri:2, instance:com.tetherfi.test.RoleBasedAccessManagementUpdateTest@7c4d1c7b]" name="EditRevertRoleBasedAccessManagementRecord" class="com.tetherfi.test.RoleBasedAccessManagementUpdateTest"/>
        <method signature="RoleBasedAccessManagementUpdateTest.EditRoleBasedAccessManagementRecord()[pri:9, instance:com.tetherfi.test.RoleBasedAccessManagementUpdateTest@7c4d1c7b]" name="EditRoleBasedAccessManagementRecord" class="com.tetherfi.test.RoleBasedAccessManagementUpdateTest"/>
        <method signature="RoleBasedAccessManagementUpdateTest.VerifyAuditTrailDataForEditRoleBasedAccessManagementRecord()[pri:10, instance:com.tetherfi.test.RoleBasedAccessManagementUpdateTest@7c4d1c7b]" name="VerifyAuditTrailDataForEditRoleBasedAccessManagementRecord" class="com.tetherfi.test.RoleBasedAccessManagementUpdateTest"/>
        <method signature="RoleBasedAccessManagementUpdateTest.VerifyAuditTrialReportForSendForApprovalUpdate()[pri:13, instance:com.tetherfi.test.RoleBasedAccessManagementUpdateTest@7c4d1c7b]" name="VerifyAuditTrialReportForSendForApprovalUpdate" class="com.tetherfi.test.RoleBasedAccessManagementUpdateTest"/>
        <method signature="RoleBasedAccessManagementUpdateTest.VerifyAuditTrialReportForUpdate()[pri:11, instance:com.tetherfi.test.RoleBasedAccessManagementUpdateTest@7c4d1c7b]" name="VerifyAuditTrialReportForUpdate" class="com.tetherfi.test.RoleBasedAccessManagementUpdateTest"/>
        <method signature="RoleBasedAccessManagementUpdateTest.VerifyRevertForEditRecord()[pri:3, instance:com.tetherfi.test.RoleBasedAccessManagementUpdateTest@7c4d1c7b]" name="VerifyRevertForEditRecord" class="com.tetherfi.test.RoleBasedAccessManagementUpdateTest"/>
        <method signature="RoleBasedAccessManagementUpdateTest.VerifyAuditTrialReportForRevertUpdate()[pri:4, instance:com.tetherfi.test.RoleBasedAccessManagementUpdateTest@7c4d1c7b]" name="VerifyAuditTrialReportForRevertUpdate" class="com.tetherfi.test.RoleBasedAccessManagementUpdateTest"/>
        <method signature="RoleBasedAccessManagementUpdateTest.VerifySendForApprovalForEditRecord()[pri:12, instance:com.tetherfi.test.RoleBasedAccessManagementUpdateTest@7c4d1c7b]" name="VerifySendForApprovalForEditRecord" class="com.tetherfi.test.RoleBasedAccessManagementUpdateTest"/>
        <method signature="RoleBasedAccessManagementUpdateTest.VerifySendForApprovalForEditRejectRecord()[pri:6, instance:com.tetherfi.test.RoleBasedAccessManagementUpdateTest@7c4d1c7b]" name="VerifySendForApprovalForEditRejectRecord" class="com.tetherfi.test.RoleBasedAccessManagementUpdateTest"/>
      </group> <!-- Maker -->
    </groups>
    <test started-at="2021-06-03T20:32:34 IST" name="Modules" finished-at="2021-06-03T22:06:47 IST" duration-ms="5653090">
      <class name="com.tetherfi.test.RoleBasedAccessManagementUpdateTest">
        <test-method is-config="true" signature="NavigateRoleBasedAccessManagementPage(java.lang.reflect.Method)[pri:0, instance:com.tetherfi.test.RoleBasedAccessManagementUpdateTest@7c4d1c7b]" started-at="2021-06-03T21:35:11 IST" name="NavigateRoleBasedAccessManagementPage" finished-at="2021-06-03T21:35:35 IST" duration-ms="24268" status="PASS">
          <params>
            <param index="0">
              <value>
                <![CDATA[public void com.tetherfi.test.RoleBasedAccessManagementUpdateTest.EditCancelRoleBasedAccessManagementRecord() throws java.lang.Exception]]>
              </value>
            </param>
          </params>
          <reporter-output>
          </reporter-output>
        </test-method> <!-- NavigateRoleBasedAccessManagementPage -->
        <test-method signature="EditCancelRoleBasedAccessManagementRecord()[pri:1, instance:com.tetherfi.test.RoleBasedAccessManagementUpdateTest@7c4d1c7b]" started-at="2021-06-03T21:35:35 IST" name="EditCancelRoleBasedAccessManagementRecord" finished-at="2021-06-03T21:35:47 IST" duration-ms="12083" status="PASS">
          <reporter-output>
          </reporter-output>
        </test-method> <!-- EditCancelRoleBasedAccessManagementRecord -->
        <test-method is-config="true" signature="afterEachMethod(java.lang.reflect.Method)[pri:0, instance:com.tetherfi.test.RoleBasedAccessManagementUpdateTest@7c4d1c7b]" started-at="2021-06-03T21:35:47 IST" name="afterEachMethod" finished-at="2021-06-03T21:35:52 IST" duration-ms="5201" status="PASS">
          <params>
            <param index="0">
              <value>
                <![CDATA[public void com.tetherfi.test.RoleBasedAccessManagementUpdateTest.EditCancelRoleBasedAccessManagementRecord() throws java.lang.Exception]]>
              </value>
            </param>
          </params>
          <reporter-output>
          </reporter-output>
        </test-method> <!-- afterEachMethod -->
        <test-method is-config="true" signature="NavigateRoleBasedAccessManagementPage(java.lang.reflect.Method)[pri:0, instance:com.tetherfi.test.RoleBasedAccessManagementUpdateTest@7c4d1c7b]" started-at="2021-06-03T21:35:52 IST" name="NavigateRoleBasedAccessManagementPage" finished-at="2021-06-03T21:36:09 IST" duration-ms="16744" status="PASS">
          <params>
            <param index="0">
              <value>
                <![CDATA[public void com.tetherfi.test.RoleBasedAccessManagementUpdateTest.EditRevertRoleBasedAccessManagementRecord() throws java.lang.Exception]]>
              </value>
            </param>
          </params>
          <reporter-output>
          </reporter-output>
        </test-method> <!-- NavigateRoleBasedAccessManagementPage -->
        <test-method signature="EditRevertRoleBasedAccessManagementRecord()[pri:2, instance:com.tetherfi.test.RoleBasedAccessManagementUpdateTest@7c4d1c7b]" started-at="2021-06-03T21:36:09 IST" name="EditRevertRoleBasedAccessManagementRecord" finished-at="2021-06-03T21:36:25 IST" duration-ms="16225" status="PASS">
          <reporter-output>
          </reporter-output>
        </test-method> <!-- EditRevertRoleBasedAccessManagementRecord -->
        <test-method is-config="true" signature="afterEachMethod(java.lang.reflect.Method)[pri:0, instance:com.tetherfi.test.RoleBasedAccessManagementUpdateTest@7c4d1c7b]" started-at="2021-06-03T21:36:25 IST" name="afterEachMethod" finished-at="2021-06-03T21:36:30 IST" duration-ms="4527" status="PASS">
          <params>
            <param index="0">
              <value>
                <![CDATA[public void com.tetherfi.test.RoleBasedAccessManagementUpdateTest.EditRevertRoleBasedAccessManagementRecord() throws java.lang.Exception]]>
              </value>
            </param>
          </params>
          <reporter-output>
          </reporter-output>
        </test-method> <!-- afterEachMethod -->
        <test-method is-config="true" signature="NavigateRoleBasedAccessManagementPage(java.lang.reflect.Method)[pri:0, instance:com.tetherfi.test.RoleBasedAccessManagementUpdateTest@7c4d1c7b]" started-at="2021-06-03T21:36:30 IST" name="NavigateRoleBasedAccessManagementPage" finished-at="2021-06-03T21:36:51 IST" duration-ms="21697" status="PASS">
          <params>
            <param index="0">
              <value>
                <![CDATA[public void com.tetherfi.test.RoleBasedAccessManagementUpdateTest.VerifyRevertForEditRecord() throws java.lang.Exception]]>
              </value>
            </param>
          </params>
          <reporter-output>
          </reporter-output>
        </test-method> <!-- NavigateRoleBasedAccessManagementPage -->
        <test-method signature="VerifyRevertForEditRecord()[pri:3, instance:com.tetherfi.test.RoleBasedAccessManagementUpdateTest@7c4d1c7b]" started-at="2021-06-03T21:36:51 IST" name="VerifyRevertForEditRecord" finished-at="2021-06-03T21:37:04 IST" depends-on-methods="com.tetherfi.test.RoleBasedAccessManagementUpdateTest.EditRevertRoleBasedAccessManagementRecord" duration-ms="12570" status="PASS">
          <reporter-output>
          </reporter-output>
        </test-method> <!-- VerifyRevertForEditRecord -->
        <test-method is-config="true" signature="afterEachMethod(java.lang.reflect.Method)[pri:0, instance:com.tetherfi.test.RoleBasedAccessManagementUpdateTest@7c4d1c7b]" started-at="2021-06-03T21:37:04 IST" name="afterEachMethod" finished-at="2021-06-03T21:37:09 IST" duration-ms="5406" status="PASS">
          <params>
            <param index="0">
              <value>
                <![CDATA[public void com.tetherfi.test.RoleBasedAccessManagementUpdateTest.VerifyRevertForEditRecord() throws java.lang.Exception]]>
              </value>
            </param>
          </params>
          <reporter-output>
          </reporter-output>
        </test-method> <!-- afterEachMethod -->
        <test-method is-config="true" signature="NavigateRoleBasedAccessManagementPage(java.lang.reflect.Method)[pri:0, instance:com.tetherfi.test.RoleBasedAccessManagementUpdateTest@7c4d1c7b]" started-at="2021-06-03T21:37:09 IST" name="NavigateRoleBasedAccessManagementPage" finished-at="2021-06-03T21:37:31 IST" duration-ms="21748" status="PASS">
          <params>
            <param index="0">
              <value>
                <![CDATA[public void com.tetherfi.test.RoleBasedAccessManagementUpdateTest.VerifyAuditTrialReportForRevertUpdate() throws java.lang.Exception]]>
              </value>
            </param>
          </params>
          <reporter-output>
          </reporter-output>
        </test-method> <!-- NavigateRoleBasedAccessManagementPage -->
        <test-method signature="VerifyAuditTrialReportForRevertUpdate()[pri:4, instance:com.tetherfi.test.RoleBasedAccessManagementUpdateTest@7c4d1c7b]" started-at="2021-06-03T21:37:31 IST" name="VerifyAuditTrialReportForRevertUpdate" finished-at="2021-06-03T21:38:09 IST" depends-on-methods="com.tetherfi.test.RoleBasedAccessManagementUpdateTest.VerifyRevertForEditRecord" duration-ms="37481" status="PASS">
          <reporter-output>
          </reporter-output>
        </test-method> <!-- VerifyAuditTrialReportForRevertUpdate -->
        <test-method is-config="true" signature="afterEachMethod(java.lang.reflect.Method)[pri:0, instance:com.tetherfi.test.RoleBasedAccessManagementUpdateTest@7c4d1c7b]" started-at="2021-06-03T21:38:09 IST" name="afterEachMethod" finished-at="2021-06-03T21:38:13 IST" duration-ms="4307" status="PASS">
          <params>
            <param index="0">
              <value>
                <![CDATA[public void com.tetherfi.test.RoleBasedAccessManagementUpdateTest.VerifyAuditTrialReportForRevertUpdate() throws java.lang.Exception]]>
              </value>
            </param>
          </params>
          <reporter-output>
          </reporter-output>
        </test-method> <!-- afterEachMethod -->
        <test-method is-config="true" signature="NavigateRoleBasedAccessManagementPage(java.lang.reflect.Method)[pri:0, instance:com.tetherfi.test.RoleBasedAccessManagementUpdateTest@7c4d1c7b]" started-at="2021-06-03T21:38:13 IST" name="NavigateRoleBasedAccessManagementPage" finished-at="2021-06-03T21:38:34 IST" duration-ms="20722" status="PASS">
          <params>
            <param index="0">
              <value>
                <![CDATA[public void com.tetherfi.test.RoleBasedAccessManagementUpdateTest.EditRejectRecord() throws java.lang.Exception]]>
              </value>
            </param>
          </params>
          <reporter-output>
          </reporter-output>
        </test-method> <!-- NavigateRoleBasedAccessManagementPage -->
        <test-method signature="EditRejectRecord()[pri:5, instance:com.tetherfi.test.RoleBasedAccessManagementUpdateTest@7c4d1c7b]" started-at="2021-06-03T21:38:34 IST" name="EditRejectRecord" finished-at="2021-06-03T21:38:50 IST" duration-ms="16432" status="PASS">
          <reporter-output>
          </reporter-output>
        </test-method> <!-- EditRejectRecord -->
        <test-method is-config="true" signature="afterEachMethod(java.lang.reflect.Method)[pri:0, instance:com.tetherfi.test.RoleBasedAccessManagementUpdateTest@7c4d1c7b]" started-at="2021-06-03T21:38:50 IST" name="afterEachMethod" finished-at="2021-06-03T21:38:55 IST" duration-ms="4581" status="PASS">
          <params>
            <param index="0">
              <value>
                <![CDATA[public void com.tetherfi.test.RoleBasedAccessManagementUpdateTest.EditRejectRecord() throws java.lang.Exception]]>
              </value>
            </param>
          </params>
          <reporter-output>
          </reporter-output>
        </test-method> <!-- afterEachMethod -->
        <test-method is-config="true" signature="NavigateRoleBasedAccessManagementPage(java.lang.reflect.Method)[pri:0, instance:com.tetherfi.test.RoleBasedAccessManagementUpdateTest@7c4d1c7b]" started-at="2021-06-03T21:38:55 IST" name="NavigateRoleBasedAccessManagementPage" finished-at="2021-06-03T21:39:13 IST" duration-ms="18339" status="PASS">
          <params>
            <param index="0">
              <value>
                <![CDATA[public void com.tetherfi.test.RoleBasedAccessManagementUpdateTest.VerifySendForApprovalForEditRejectRecord() throws java.lang.Exception]]>
              </value>
            </param>
          </params>
          <reporter-output>
          </reporter-output>
        </test-method> <!-- NavigateRoleBasedAccessManagementPage -->
        <test-method signature="VerifySendForApprovalForEditRejectRecord()[pri:6, instance:com.tetherfi.test.RoleBasedAccessManagementUpdateTest@7c4d1c7b]" started-at="2021-06-03T21:39:13 IST" name="VerifySendForApprovalForEditRejectRecord" finished-at="2021-06-03T21:39:26 IST" depends-on-methods="com.tetherfi.test.RoleBasedAccessManagementUpdateTest.EditRejectRecord" duration-ms="13089" status="PASS">
          <reporter-output>
          </reporter-output>
        </test-method> <!-- VerifySendForApprovalForEditRejectRecord -->
        <test-method is-config="true" signature="afterEachMethod(java.lang.reflect.Method)[pri:0, instance:com.tetherfi.test.RoleBasedAccessManagementUpdateTest@7c4d1c7b]" started-at="2021-06-03T21:39:26 IST" name="afterEachMethod" finished-at="2021-06-03T21:39:31 IST" duration-ms="5158" status="PASS">
          <params>
            <param index="0">
              <value>
                <![CDATA[public void com.tetherfi.test.RoleBasedAccessManagementUpdateTest.VerifySendForApprovalForEditRejectRecord() throws java.lang.Exception]]>
              </value>
            </param>
          </params>
          <reporter-output>
          </reporter-output>
        </test-method> <!-- afterEachMethod -->
        <test-method is-config="true" signature="NavigateRoleBasedAccessManagementPage(java.lang.reflect.Method)[pri:0, instance:com.tetherfi.test.RoleBasedAccessManagementUpdateTest@7c4d1c7b]" started-at="2021-06-03T21:39:31 IST" name="NavigateRoleBasedAccessManagementPage" finished-at="2021-06-03T21:39:50 IST" duration-ms="18933" status="PASS">
          <params>
            <param index="0">
              <value>
                <![CDATA[public void com.tetherfi.test.RoleBasedAccessManagementUpdateTest.RejectforEditRoleBasedAccessManagementRecord() throws java.lang.Exception]]>
              </value>
            </param>
          </params>
          <reporter-output>
          </reporter-output>
        </test-method> <!-- NavigateRoleBasedAccessManagementPage -->
        <test-method signature="RejectforEditRoleBasedAccessManagementRecord()[pri:7, instance:com.tetherfi.test.RoleBasedAccessManagementUpdateTest@7c4d1c7b]" started-at="2021-06-03T21:39:50 IST" name="RejectforEditRoleBasedAccessManagementRecord" finished-at="2021-06-03T21:40:07 IST" depends-on-methods="com.tetherfi.test.RoleBasedAccessManagementUpdateTest.VerifySendForApprovalForEditRejectRecord" duration-ms="16990" status="PASS">
          <reporter-output>
          </reporter-output>
        </test-method> <!-- RejectforEditRoleBasedAccessManagementRecord -->
        <test-method is-config="true" signature="afterEachMethod(java.lang.reflect.Method)[pri:0, instance:com.tetherfi.test.RoleBasedAccessManagementUpdateTest@7c4d1c7b]" started-at="2021-06-03T21:40:07 IST" name="afterEachMethod" finished-at="2021-06-03T21:40:13 IST" duration-ms="5425" status="PASS">
          <params>
            <param index="0">
              <value>
                <![CDATA[public void com.tetherfi.test.RoleBasedAccessManagementUpdateTest.RejectforEditRoleBasedAccessManagementRecord() throws java.lang.Exception]]>
              </value>
            </param>
          </params>
          <reporter-output>
          </reporter-output>
        </test-method> <!-- afterEachMethod -->
        <test-method is-config="true" signature="NavigateRoleBasedAccessManagementPage(java.lang.reflect.Method)[pri:0, instance:com.tetherfi.test.RoleBasedAccessManagementUpdateTest@7c4d1c7b]" started-at="2021-06-03T21:40:13 IST" name="NavigateRoleBasedAccessManagementPage" finished-at="2021-06-03T21:40:29 IST" duration-ms="16195" status="PASS">
          <params>
            <param index="0">
              <value>
                <![CDATA[public void com.tetherfi.test.RoleBasedAccessManagementUpdateTest.VerifyAuditTrailReportForReject() throws java.lang.Exception]]>
              </value>
            </param>
          </params>
          <reporter-output>
          </reporter-output>
        </test-method> <!-- NavigateRoleBasedAccessManagementPage -->
        <test-method signature="VerifyAuditTrailReportForReject()[pri:8, instance:com.tetherfi.test.RoleBasedAccessManagementUpdateTest@7c4d1c7b]" started-at="2021-06-03T21:40:29 IST" name="VerifyAuditTrailReportForReject" finished-at="2021-06-03T21:41:07 IST" depends-on-methods="com.tetherfi.test.RoleBasedAccessManagementUpdateTest.RejectforEditRoleBasedAccessManagementRecord" duration-ms="37917" status="PASS">
          <reporter-output>
          </reporter-output>
        </test-method> <!-- VerifyAuditTrailReportForReject -->
        <test-method is-config="true" signature="afterEachMethod(java.lang.reflect.Method)[pri:0, instance:com.tetherfi.test.RoleBasedAccessManagementUpdateTest@7c4d1c7b]" started-at="2021-06-03T21:41:07 IST" name="afterEachMethod" finished-at="2021-06-03T21:41:11 IST" duration-ms="4641" status="PASS">
          <params>
            <param index="0">
              <value>
                <![CDATA[public void com.tetherfi.test.RoleBasedAccessManagementUpdateTest.VerifyAuditTrailReportForReject() throws java.lang.Exception]]>
              </value>
            </param>
          </params>
          <reporter-output>
          </reporter-output>
        </test-method> <!-- afterEachMethod -->
        <test-method is-config="true" signature="NavigateRoleBasedAccessManagementPage(java.lang.reflect.Method)[pri:0, instance:com.tetherfi.test.RoleBasedAccessManagementUpdateTest@7c4d1c7b]" started-at="2021-06-03T21:41:11 IST" name="NavigateRoleBasedAccessManagementPage" finished-at="2021-06-03T21:41:28 IST" duration-ms="17108" status="PASS">
          <params>
            <param index="0">
              <value>
                <![CDATA[public void com.tetherfi.test.RoleBasedAccessManagementUpdateTest.EditRoleBasedAccessManagementRecord() throws java.lang.Exception]]>
              </value>
            </param>
          </params>
          <reporter-output>
          </reporter-output>
        </test-method> <!-- NavigateRoleBasedAccessManagementPage -->
        <test-method signature="EditRoleBasedAccessManagementRecord()[pri:9, instance:com.tetherfi.test.RoleBasedAccessManagementUpdateTest@7c4d1c7b]" started-at="2021-06-03T21:41:28 IST" name="EditRoleBasedAccessManagementRecord" finished-at="2021-06-03T21:41:46 IST" duration-ms="17622" status="PASS">
          <reporter-output>
          </reporter-output>
        </test-method> <!-- EditRoleBasedAccessManagementRecord -->
        <test-method is-config="true" signature="afterEachMethod(java.lang.reflect.Method)[pri:0, instance:com.tetherfi.test.RoleBasedAccessManagementUpdateTest@7c4d1c7b]" started-at="2021-06-03T21:41:46 IST" name="afterEachMethod" finished-at="2021-06-03T21:41:52 IST" duration-ms="5544" status="PASS">
          <params>
            <param index="0">
              <value>
                <![CDATA[public void com.tetherfi.test.RoleBasedAccessManagementUpdateTest.EditRoleBasedAccessManagementRecord() throws java.lang.Exception]]>
              </value>
            </param>
          </params>
          <reporter-output>
          </reporter-output>
        </test-method> <!-- afterEachMethod -->
        <test-method is-config="true" signature="NavigateRoleBasedAccessManagementPage(java.lang.reflect.Method)[pri:0, instance:com.tetherfi.test.RoleBasedAccessManagementUpdateTest@7c4d1c7b]" started-at="2021-06-03T21:41:52 IST" name="NavigateRoleBasedAccessManagementPage" finished-at="2021-06-03T21:42:08 IST" duration-ms="16076" status="PASS">
          <params>
            <param index="0">
              <value>
                <![CDATA[public void com.tetherfi.test.RoleBasedAccessManagementUpdateTest.VerifyAuditTrailDataForEditRoleBasedAccessManagementRecord() throws java.lang.Exception]]>
              </value>
            </param>
          </params>
          <reporter-output>
          </reporter-output>
        </test-method> <!-- NavigateRoleBasedAccessManagementPage -->
        <test-method signature="VerifyAuditTrailDataForEditRoleBasedAccessManagementRecord()[pri:10, instance:com.tetherfi.test.RoleBasedAccessManagementUpdateTest@7c4d1c7b]" started-at="2021-06-03T21:42:08 IST" name="VerifyAuditTrailDataForEditRoleBasedAccessManagementRecord" finished-at="2021-06-03T21:42:17 IST" depends-on-methods="com.tetherfi.test.RoleBasedAccessManagementUpdateTest.EditRoleBasedAccessManagementRecord" duration-ms="9003" status="FAIL">
          <exception class="java.lang.AssertionError">
            <message>
              <![CDATA[Audit trail details failed did not expect to find [true] but found [false]]]>
            </message>
            <full-stacktrace>
              <![CDATA[java.lang.AssertionError: Audit trail details failed did not expect to find [true] but found [false]
at org.testng.Assert.fail(Assert.java:97)
at org.testng.Assert.failNotEquals(Assert.java:969)
at org.testng.Assert.assertTrue(Assert.java:43)
at com.tetherfi.test.RoleBasedAccessManagementUpdateTest.VerifyAuditTrailDataForEditRoleBasedAccessManagementRecord(RoleBasedAccessManagementUpdateTest.java:166)
at java.base/jdk.internal.reflect.NativeMethodAccessorImpl.invoke0(Native Method)
at java.base/jdk.internal.reflect.NativeMethodAccessorImpl.invoke(NativeMethodAccessorImpl.java:62)
at java.base/jdk.internal.reflect.DelegatingMethodAccessorImpl.invoke(DelegatingMethodAccessorImpl.java:43)
at java.base/java.lang.reflect.Method.invoke(Method.java:564)
at org.testng.internal.MethodInvocationHelper.invokeMethod(MethodInvocationHelper.java:133)
at org.testng.internal.TestInvoker.invokeMethod(TestInvoker.java:584)
at org.testng.internal.TestInvoker.invokeTestMethod(TestInvoker.java:172)
at org.testng.internal.MethodRunner.runInSequence(MethodRunner.java:46)
at org.testng.internal.TestInvoker$MethodInvocationAgent.invoke(TestInvoker.java:804)
at org.testng.internal.TestInvoker.invokeTestMethods(TestInvoker.java:145)
at org.testng.internal.TestMethodWorker.invokeTestMethods(TestMethodWorker.java:146)
at org.testng.internal.TestMethodWorker.run(TestMethodWorker.java:128)
at java.base/java.util.ArrayList.forEach(ArrayList.java:1511)
at org.testng.TestRunner.privateRun(TestRunner.java:770)
at org.testng.TestRunner.run(TestRunner.java:591)
at org.testng.SuiteRunner.runTest(SuiteRunner.java:402)
at org.testng.SuiteRunner.runSequentially(SuiteRunner.java:396)
at org.testng.SuiteRunner.privateRun(SuiteRunner.java:355)
at org.testng.SuiteRunner.run(SuiteRunner.java:304)
at org.testng.SuiteRunnerWorker.runSuite(SuiteRunnerWorker.java:53)
at org.testng.SuiteRunnerWorker.run(SuiteRunnerWorker.java:96)
at org.testng.TestNG.runSuitesSequentially(TestNG.java:1180)
at org.testng.TestNG.runSuitesLocally(TestNG.java:1102)
at org.testng.TestNG.runSuites(TestNG.java:1032)
at org.testng.TestNG.run(TestNG.java:1000)
at org.testng.remote.AbstractRemoteTestNG.run(AbstractRemoteTestNG.java:115)
at org.testng.remote.RemoteTestNG.initAndRun(RemoteTestNG.java:251)
at org.testng.remote.RemoteTestNG.main(RemoteTestNG.java:77)
]]>
            </full-stacktrace>
          </exception> <!-- java.lang.AssertionError -->
          <reporter-output>
          </reporter-output>
        </test-method> <!-- VerifyAuditTrailDataForEditRoleBasedAccessManagementRecord -->
        <test-method is-config="true" signature="afterEachMethod(java.lang.reflect.Method)[pri:0, instance:com.tetherfi.test.RoleBasedAccessManagementUpdateTest@7c4d1c7b]" started-at="2021-06-03T21:42:17 IST" name="afterEachMethod" finished-at="2021-06-03T21:42:21 IST" duration-ms="4576" status="PASS">
          <params>
            <param index="0">
              <value>
                <![CDATA[public void com.tetherfi.test.RoleBasedAccessManagementUpdateTest.VerifyAuditTrailDataForEditRoleBasedAccessManagementRecord() throws java.lang.Exception]]>
              </value>
            </param>
          </params>
          <reporter-output>
          </reporter-output>
        </test-method> <!-- afterEachMethod -->
        <test-method is-config="true" signature="NavigateRoleBasedAccessManagementPage(java.lang.reflect.Method)[pri:0, instance:com.tetherfi.test.RoleBasedAccessManagementUpdateTest@7c4d1c7b]" started-at="2021-06-03T21:42:21 IST" name="NavigateRoleBasedAccessManagementPage" finished-at="2021-06-03T21:42:40 IST" duration-ms="18270" status="PASS">
          <params>
            <param index="0">
              <value>
                <![CDATA[public void com.tetherfi.test.RoleBasedAccessManagementUpdateTest.VerifyAuditTrialReportForUpdate() throws java.lang.Exception]]>
              </value>
            </param>
          </params>
          <reporter-output>
          </reporter-output>
        </test-method> <!-- NavigateRoleBasedAccessManagementPage -->
        <test-method signature="VerifyAuditTrialReportForUpdate()[pri:11, instance:com.tetherfi.test.RoleBasedAccessManagementUpdateTest@7c4d1c7b]" started-at="2021-06-03T21:42:40 IST" name="VerifyAuditTrialReportForUpdate" finished-at="2021-06-03T21:43:14 IST" depends-on-methods="com.tetherfi.test.RoleBasedAccessManagementUpdateTest.EditRoleBasedAccessManagementRecord" duration-ms="34797" status="PASS">
          <reporter-output>
          </reporter-output>
        </test-method> <!-- VerifyAuditTrialReportForUpdate -->
        <test-method is-config="true" signature="afterEachMethod(java.lang.reflect.Method)[pri:0, instance:com.tetherfi.test.RoleBasedAccessManagementUpdateTest@7c4d1c7b]" started-at="2021-06-03T21:43:14 IST" name="afterEachMethod" finished-at="2021-06-03T21:43:19 IST" duration-ms="4739" status="PASS">
          <params>
            <param index="0">
              <value>
                <![CDATA[public void com.tetherfi.test.RoleBasedAccessManagementUpdateTest.VerifyAuditTrialReportForUpdate() throws java.lang.Exception]]>
              </value>
            </param>
          </params>
          <reporter-output>
          </reporter-output>
        </test-method> <!-- afterEachMethod -->
        <test-method is-config="true" signature="NavigateRoleBasedAccessManagementPage(java.lang.reflect.Method)[pri:0, instance:com.tetherfi.test.RoleBasedAccessManagementUpdateTest@7c4d1c7b]" started-at="2021-06-03T21:43:19 IST" name="NavigateRoleBasedAccessManagementPage" finished-at="2021-06-03T21:43:38 IST" duration-ms="19189" status="PASS">
          <params>
            <param index="0">
              <value>
                <![CDATA[public void com.tetherfi.test.RoleBasedAccessManagementUpdateTest.VerifySendForApprovalForEditRecord() throws java.lang.Exception]]>
              </value>
            </param>
          </params>
          <reporter-output>
          </reporter-output>
        </test-method> <!-- NavigateRoleBasedAccessManagementPage -->
        <test-method signature="VerifySendForApprovalForEditRecord()[pri:12, instance:com.tetherfi.test.RoleBasedAccessManagementUpdateTest@7c4d1c7b]" started-at="2021-06-03T21:43:38 IST" name="VerifySendForApprovalForEditRecord" finished-at="2021-06-03T21:43:50 IST" duration-ms="12199" status="PASS">
          <reporter-output>
          </reporter-output>
        </test-method> <!-- VerifySendForApprovalForEditRecord -->
        <test-method is-config="true" signature="afterEachMethod(java.lang.reflect.Method)[pri:0, instance:com.tetherfi.test.RoleBasedAccessManagementUpdateTest@7c4d1c7b]" started-at="2021-06-03T21:43:50 IST" name="afterEachMethod" finished-at="2021-06-03T21:43:55 IST" duration-ms="4832" status="PASS">
          <params>
            <param index="0">
              <value>
                <![CDATA[public void com.tetherfi.test.RoleBasedAccessManagementUpdateTest.VerifySendForApprovalForEditRecord() throws java.lang.Exception]]>
              </value>
            </param>
          </params>
          <reporter-output>
          </reporter-output>
        </test-method> <!-- afterEachMethod -->
        <test-method is-config="true" signature="NavigateRoleBasedAccessManagementPage(java.lang.reflect.Method)[pri:0, instance:com.tetherfi.test.RoleBasedAccessManagementUpdateTest@7c4d1c7b]" started-at="2021-06-03T21:43:55 IST" name="NavigateRoleBasedAccessManagementPage" finished-at="2021-06-03T21:44:14 IST" duration-ms="18387" status="PASS">
          <params>
            <param index="0">
              <value>
                <![CDATA[public void com.tetherfi.test.RoleBasedAccessManagementUpdateTest.VerifyAuditTrialReportForSendForApprovalUpdate() throws java.lang.Exception]]>
              </value>
            </param>
          </params>
          <reporter-output>
          </reporter-output>
        </test-method> <!-- NavigateRoleBasedAccessManagementPage -->
        <test-method signature="VerifyAuditTrialReportForSendForApprovalUpdate()[pri:13, instance:com.tetherfi.test.RoleBasedAccessManagementUpdateTest@7c4d1c7b]" started-at="2021-06-03T21:44:14 IST" name="VerifyAuditTrialReportForSendForApprovalUpdate" finished-at="2021-06-03T21:44:49 IST" duration-ms="35348" status="PASS">
          <reporter-output>
          </reporter-output>
        </test-method> <!-- VerifyAuditTrialReportForSendForApprovalUpdate -->
        <test-method is-config="true" signature="afterEachMethod(java.lang.reflect.Method)[pri:0, instance:com.tetherfi.test.RoleBasedAccessManagementUpdateTest@7c4d1c7b]" started-at="2021-06-03T21:44:49 IST" name="afterEachMethod" finished-at="2021-06-03T21:44:54 IST" duration-ms="4899" status="PASS">
          <params>
            <param index="0">
              <value>
                <![CDATA[public void com.tetherfi.test.RoleBasedAccessManagementUpdateTest.VerifyAuditTrialReportForSendForApprovalUpdate() throws java.lang.Exception]]>
              </value>
            </param>
          </params>
          <reporter-output>
          </reporter-output>
        </test-method> <!-- afterEachMethod -->
        <test-method is-config="true" signature="NavigateRoleBasedAccessManagementPage(java.lang.reflect.Method)[pri:0, instance:com.tetherfi.test.RoleBasedAccessManagementUpdateTest@7c4d1c7b]" started-at="2021-06-03T21:44:54 IST" name="NavigateRoleBasedAccessManagementPage" finished-at="2021-06-03T21:45:10 IST" duration-ms="15803" status="PASS">
          <params>
            <param index="0">
              <value>
                <![CDATA[public void com.tetherfi.test.RoleBasedAccessManagementUpdateTest.ApproveforEditRoleBasedAccessManagementRecord() throws java.lang.Exception]]>
              </value>
            </param>
          </params>
          <reporter-output>
          </reporter-output>
        </test-method> <!-- NavigateRoleBasedAccessManagementPage -->
        <test-method signature="ApproveforEditRoleBasedAccessManagementRecord()[pri:14, instance:com.tetherfi.test.RoleBasedAccessManagementUpdateTest@7c4d1c7b]" started-at="2021-06-03T21:45:10 IST" name="ApproveforEditRoleBasedAccessManagementRecord" finished-at="2021-06-03T21:45:27 IST" duration-ms="17270" status="PASS">
          <reporter-output>
          </reporter-output>
        </test-method> <!-- ApproveforEditRoleBasedAccessManagementRecord -->
        <test-method is-config="true" signature="afterEachMethod(java.lang.reflect.Method)[pri:0, instance:com.tetherfi.test.RoleBasedAccessManagementUpdateTest@7c4d1c7b]" started-at="2021-06-03T21:45:27 IST" name="afterEachMethod" finished-at="2021-06-03T21:45:32 IST" duration-ms="4965" status="PASS">
          <params>
            <param index="0">
              <value>
                <![CDATA[public void com.tetherfi.test.RoleBasedAccessManagementUpdateTest.ApproveforEditRoleBasedAccessManagementRecord() throws java.lang.Exception]]>
              </value>
            </param>
          </params>
          <reporter-output>
          </reporter-output>
        </test-method> <!-- afterEachMethod -->
        <test-method is-config="true" signature="NavigateRoleBasedAccessManagementPage(java.lang.reflect.Method)[pri:0, instance:com.tetherfi.test.RoleBasedAccessManagementUpdateTest@7c4d1c7b]" started-at="2021-06-03T21:45:32 IST" name="NavigateRoleBasedAccessManagementPage" finished-at="2021-06-03T21:45:51 IST" duration-ms="18540" status="PASS">
          <params>
            <param index="0">
              <value>
                <![CDATA[public void com.tetherfi.test.RoleBasedAccessManagementUpdateTest.VerifyAuditTrailReportForApprove() throws java.lang.Exception]]>
              </value>
            </param>
          </params>
          <reporter-output>
          </reporter-output>
        </test-method> <!-- NavigateRoleBasedAccessManagementPage -->
        <test-method signature="VerifyAuditTrailReportForApprove()[pri:15, instance:com.tetherfi.test.RoleBasedAccessManagementUpdateTest@7c4d1c7b]" started-at="2021-06-03T21:45:51 IST" name="VerifyAuditTrailReportForApprove" finished-at="2021-06-03T21:46:26 IST" depends-on-methods="com.tetherfi.test.RoleBasedAccessManagementUpdateTest.ApproveforEditRoleBasedAccessManagementRecord" duration-ms="35326" status="PASS">
          <reporter-output>
          </reporter-output>
        </test-method> <!-- VerifyAuditTrailReportForApprove -->
        <test-method is-config="true" signature="afterEachMethod(java.lang.reflect.Method)[pri:0, instance:com.tetherfi.test.RoleBasedAccessManagementUpdateTest@7c4d1c7b]" started-at="2021-06-03T21:46:26 IST" name="afterEachMethod" finished-at="2021-06-03T21:46:31 IST" duration-ms="4779" status="PASS">
          <params>
            <param index="0">
              <value>
                <![CDATA[public void com.tetherfi.test.RoleBasedAccessManagementUpdateTest.VerifyAuditTrailReportForApprove() throws java.lang.Exception]]>
              </value>
            </param>
          </params>
          <reporter-output>
          </reporter-output>
        </test-method> <!-- afterEachMethod -->
        <test-method is-config="true" signature="NavigateRoleBasedAccessManagementPage(java.lang.reflect.Method)[pri:0, instance:com.tetherfi.test.RoleBasedAccessManagementUpdateTest@7c4d1c7b]" started-at="2021-06-03T21:46:31 IST" name="NavigateRoleBasedAccessManagementPage" finished-at="2021-06-03T21:46:50 IST" duration-ms="19439" status="PASS">
          <params>
            <param index="0">
              <value>
                <![CDATA[public void com.tetherfi.test.RoleBasedAccessManagementUpdateTest.EditRecordWithoutModifyReason() throws java.lang.Exception]]>
              </value>
            </param>
          </params>
          <reporter-output>
          </reporter-output>
        </test-method> <!-- NavigateRoleBasedAccessManagementPage -->
        <test-method signature="EditRecordWithoutModifyReason()[pri:16, instance:com.tetherfi.test.RoleBasedAccessManagementUpdateTest@7c4d1c7b]" started-at="2021-06-03T21:46:50 IST" name="EditRecordWithoutModifyReason" finished-at="2021-06-03T21:47:04 IST" duration-ms="14062" status="PASS">
          <reporter-output>
          </reporter-output>
        </test-method> <!-- EditRecordWithoutModifyReason -->
        <test-method is-config="true" signature="afterEachMethod(java.lang.reflect.Method)[pri:0, instance:com.tetherfi.test.RoleBasedAccessManagementUpdateTest@7c4d1c7b]" started-at="2021-06-03T21:47:04 IST" name="afterEachMethod" finished-at="2021-06-03T21:47:09 IST" duration-ms="4592" status="PASS">
          <params>
            <param index="0">
              <value>
                <![CDATA[public void com.tetherfi.test.RoleBasedAccessManagementUpdateTest.EditRecordWithoutModifyReason() throws java.lang.Exception]]>
              </value>
            </param>
          </params>
          <reporter-output>
          </reporter-output>
        </test-method> <!-- afterEachMethod -->
      </class> <!-- com.tetherfi.test.RoleBasedAccessManagementUpdateTest -->
      <class name="com.tetherfi.test.ExportSchedulerTest">
        <test-method is-config="true" signature="openApplication()[pri:0, instance:com.tetherfi.test.ExportSchedulerTest@4a9b92c6]" started-at="2021-06-03T20:43:26 IST" name="openApplication" finished-at="2021-06-03T20:43:39 IST" duration-ms="13446" status="PASS">
          <reporter-output>
          </reporter-output>
        </test-method> <!-- openApplication -->
        <test-method is-config="true" signature="NavigateToExportSchedulerPage()[pri:0, instance:com.tetherfi.test.ExportSchedulerTest@4a9b92c6]" started-at="2021-06-03T20:43:39 IST" name="NavigateToExportSchedulerPage" finished-at="2021-06-03T20:43:43 IST" duration-ms="4057" status="PASS">
          <reporter-output>
          </reporter-output>
        </test-method> <!-- NavigateToExportSchedulerPage -->
        <test-method is-config="true" signature="startTestCase(java.lang.reflect.Method)[pri:0, instance:com.tetherfi.test.ExportSchedulerTest@4a9b92c6]" started-at="2021-06-03T20:43:39 IST" name="startTestCase" finished-at="2021-06-03T20:43:39 IST" duration-ms="0" status="PASS">
          <params>
            <param index="0">
              <value>
                <![CDATA[public void com.tetherfi.test.ExportSchedulerTest.ExportSchedulerPage()]]>
              </value>
            </param>
          </params>
          <reporter-output>
          </reporter-output>
        </test-method> <!-- startTestCase -->
        <test-method signature="ExportSchedulerPage()[pri:1, instance:com.tetherfi.test.ExportSchedulerTest@4a9b92c6]" started-at="2021-06-03T20:43:43 IST" name="ExportSchedulerPage" finished-at="2021-06-03T20:43:44 IST" duration-ms="708" status="PASS">
          <reporter-output>
          </reporter-output>
        </test-method> <!-- ExportSchedulerPage -->
        <test-method is-config="true" signature="afterEachMethod(java.lang.reflect.Method)[pri:0, instance:com.tetherfi.test.ExportSchedulerTest@4a9b92c6]" started-at="2021-06-03T20:43:44 IST" name="afterEachMethod" finished-at="2021-06-03T20:43:46 IST" duration-ms="1737" status="PASS">
          <params>
            <param index="0">
              <value>
                <![CDATA[public void com.tetherfi.test.ExportSchedulerTest.ExportSchedulerPage()]]>
              </value>
            </param>
          </params>
          <reporter-output>
          </reporter-output>
        </test-method> <!-- afterEachMethod -->
        <test-method is-config="true" signature="endTestCase(java.lang.reflect.Method)[pri:0, instance:com.tetherfi.test.ExportSchedulerTest@4a9b92c6]" started-at="2021-06-03T20:43:46 IST" name="endTestCase" finished-at="2021-06-03T20:43:46 IST" duration-ms="0" status="PASS">
          <params>
            <param index="0">
              <value>
                <![CDATA[public void com.tetherfi.test.ExportSchedulerTest.ExportSchedulerPage()]]>
              </value>
            </param>
          </params>
          <reporter-output>
          </reporter-output>
        </test-method> <!-- endTestCase -->
        <test-method is-config="true" signature="startTestCase(java.lang.reflect.Method)[pri:0, instance:com.tetherfi.test.ExportSchedulerTest@4a9b92c6]" started-at="2021-06-03T20:43:46 IST" name="startTestCase" finished-at="2021-06-03T20:43:46 IST" duration-ms="1" status="PASS">
          <params>
            <param index="0">
              <value>
                <![CDATA[public void com.tetherfi.test.ExportSchedulerTest.VerifyDropdownForAllTheColumns()]]>
              </value>
            </param>
          </params>
          <reporter-output>
          </reporter-output>
        </test-method> <!-- startTestCase -->
        <test-method is-config="true" signature="NavigateToExportSchedulerPage()[pri:0, instance:com.tetherfi.test.ExportSchedulerTest@4a9b92c6]" started-at="2021-06-03T20:43:46 IST" name="NavigateToExportSchedulerPage" finished-at="2021-06-03T20:43:51 IST" duration-ms="5033" status="PASS">
          <reporter-output>
          </reporter-output>
        </test-method> <!-- NavigateToExportSchedulerPage -->
        <test-method signature="VerifyDropdownForAllTheColumns()[pri:2, instance:com.tetherfi.test.ExportSchedulerTest@4a9b92c6]" started-at="2021-06-03T20:43:51 IST" name="VerifyDropdownForAllTheColumns" finished-at="2021-06-03T20:44:17 IST" duration-ms="26726" status="PASS">
          <reporter-output>
          </reporter-output>
        </test-method> <!-- VerifyDropdownForAllTheColumns -->
        <test-method is-config="true" signature="afterEachMethod(java.lang.reflect.Method)[pri:0, instance:com.tetherfi.test.ExportSchedulerTest@4a9b92c6]" started-at="2021-06-03T20:44:17 IST" name="afterEachMethod" finished-at="2021-06-03T20:44:19 IST" duration-ms="1712" status="PASS">
          <params>
            <param index="0">
              <value>
                <![CDATA[public void com.tetherfi.test.ExportSchedulerTest.VerifyDropdownForAllTheColumns()]]>
              </value>
            </param>
          </params>
          <reporter-output>
          </reporter-output>
        </test-method> <!-- afterEachMethod -->
        <test-method is-config="true" signature="endTestCase(java.lang.reflect.Method)[pri:0, instance:com.tetherfi.test.ExportSchedulerTest@4a9b92c6]" started-at="2021-06-03T20:44:19 IST" name="endTestCase" finished-at="2021-06-03T20:44:19 IST" duration-ms="1" status="PASS">
          <params>
            <param index="0">
              <value>
                <![CDATA[public void com.tetherfi.test.ExportSchedulerTest.VerifyDropdownForAllTheColumns()]]>
              </value>
            </param>
          </params>
          <reporter-output>
          </reporter-output>
        </test-method> <!-- endTestCase -->
        <test-method is-config="true" signature="startTestCase(java.lang.reflect.Method)[pri:0, instance:com.tetherfi.test.ExportSchedulerTest@4a9b92c6]" started-at="2021-06-03T20:44:19 IST" name="startTestCase" finished-at="2021-06-03T20:44:19 IST" duration-ms="2" status="PASS">
          <params>
            <param index="0">
              <value>
                <![CDATA[public void com.tetherfi.test.ExportSchedulerTest.VerifyColumnsHeaderEnable()]]>
              </value>
            </param>
          </params>
          <reporter-output>
          </reporter-output>
        </test-method> <!-- startTestCase -->
        <test-method is-config="true" signature="NavigateToExportSchedulerPage()[pri:0, instance:com.tetherfi.test.ExportSchedulerTest@4a9b92c6]" started-at="2021-06-03T20:44:19 IST" name="NavigateToExportSchedulerPage" finished-at="2021-06-03T20:44:24 IST" duration-ms="4880" status="PASS">
          <reporter-output>
          </reporter-output>
        </test-method> <!-- NavigateToExportSchedulerPage -->
        <test-method signature="VerifyColumnsHeaderEnable()[pri:3, instance:com.tetherfi.test.ExportSchedulerTest@4a9b92c6]" started-at="2021-06-03T20:44:24 IST" name="VerifyColumnsHeaderEnable" finished-at="2021-06-03T20:44:34 IST" duration-ms="9683" status="PASS">
          <reporter-output>
          </reporter-output>
        </test-method> <!-- VerifyColumnsHeaderEnable -->
        <test-method is-config="true" signature="afterEachMethod(java.lang.reflect.Method)[pri:0, instance:com.tetherfi.test.ExportSchedulerTest@4a9b92c6]" started-at="2021-06-03T20:44:34 IST" name="afterEachMethod" finished-at="2021-06-03T20:44:35 IST" duration-ms="1735" status="PASS">
          <params>
            <param index="0">
              <value>
                <![CDATA[public void com.tetherfi.test.ExportSchedulerTest.VerifyColumnsHeaderEnable()]]>
              </value>
            </param>
          </params>
          <reporter-output>
          </reporter-output>
        </test-method> <!-- afterEachMethod -->
        <test-method is-config="true" signature="endTestCase(java.lang.reflect.Method)[pri:0, instance:com.tetherfi.test.ExportSchedulerTest@4a9b92c6]" started-at="2021-06-03T20:44:35 IST" name="endTestCase" finished-at="2021-06-03T20:44:35 IST" duration-ms="1" status="PASS">
          <params>
            <param index="0">
              <value>
                <![CDATA[public void com.tetherfi.test.ExportSchedulerTest.VerifyColumnsHeaderEnable()]]>
              </value>
            </param>
          </params>
          <reporter-output>
          </reporter-output>
        </test-method> <!-- endTestCase -->
        <test-method is-config="true" signature="startTestCase(java.lang.reflect.Method)[pri:0, instance:com.tetherfi.test.ExportSchedulerTest@4a9b92c6]" started-at="2021-06-03T20:44:35 IST" name="startTestCase" finished-at="2021-06-03T20:44:35 IST" duration-ms="1" status="PASS">
          <params>
            <param index="0">
              <value>
                <![CDATA[public void com.tetherfi.test.ExportSchedulerTest.VerifyColumnsHeaderDisable()]]>
              </value>
            </param>
          </params>
          <reporter-output>
          </reporter-output>
        </test-method> <!-- startTestCase -->
        <test-method is-config="true" signature="NavigateToExportSchedulerPage()[pri:0, instance:com.tetherfi.test.ExportSchedulerTest@4a9b92c6]" started-at="2021-06-03T20:44:35 IST" name="NavigateToExportSchedulerPage" finished-at="2021-06-03T20:44:41 IST" duration-ms="5350" status="PASS">
          <reporter-output>
          </reporter-output>
        </test-method> <!-- NavigateToExportSchedulerPage -->
        <test-method signature="VerifyColumnsHeaderDisable()[pri:4, instance:com.tetherfi.test.ExportSchedulerTest@4a9b92c6]" started-at="2021-06-03T20:44:41 IST" name="VerifyColumnsHeaderDisable" finished-at="2021-06-03T20:44:41 IST" duration-ms="80" status="PASS">
          <reporter-output>
          </reporter-output>
        </test-method> <!-- VerifyColumnsHeaderDisable -->
        <test-method is-config="true" signature="afterEachMethod(java.lang.reflect.Method)[pri:0, instance:com.tetherfi.test.ExportSchedulerTest@4a9b92c6]" started-at="2021-06-03T20:44:41 IST" name="afterEachMethod" finished-at="2021-06-03T20:44:43 IST" duration-ms="1828" status="PASS">
          <params>
            <param index="0">
              <value>
                <![CDATA[public void com.tetherfi.test.ExportSchedulerTest.VerifyColumnsHeaderDisable()]]>
              </value>
            </param>
          </params>
          <reporter-output>
          </reporter-output>
        </test-method> <!-- afterEachMethod -->
        <test-method is-config="true" signature="endTestCase(java.lang.reflect.Method)[pri:0, instance:com.tetherfi.test.ExportSchedulerTest@4a9b92c6]" started-at="2021-06-03T20:44:43 IST" name="endTestCase" finished-at="2021-06-03T20:44:43 IST" duration-ms="0" status="PASS">
          <params>
            <param index="0">
              <value>
                <![CDATA[public void com.tetherfi.test.ExportSchedulerTest.VerifyColumnsHeaderDisable()]]>
              </value>
            </param>
          </params>
          <reporter-output>
          </reporter-output>
        </test-method> <!-- endTestCase -->
        <test-method is-config="true" signature="NavigateToExportSchedulerPage()[pri:0, instance:com.tetherfi.test.ExportSchedulerTest@4a9b92c6]" started-at="2021-06-03T20:44:43 IST" name="NavigateToExportSchedulerPage" finished-at="2021-06-03T20:44:47 IST" duration-ms="4214" status="PASS">
          <reporter-output>
          </reporter-output>
        </test-method> <!-- NavigateToExportSchedulerPage -->
        <test-method is-config="true" signature="startTestCase(java.lang.reflect.Method)[pri:0, instance:com.tetherfi.test.ExportSchedulerTest@4a9b92c6]" started-at="2021-06-03T20:44:43 IST" name="startTestCase" finished-at="2021-06-03T20:44:43 IST" duration-ms="0" status="PASS">
          <params>
            <param index="0">
              <value>
                <![CDATA[public void com.tetherfi.test.ExportSchedulerTest.AddExportSchedulerDailyRecord() throws java.lang.Exception]]>
              </value>
            </param>
          </params>
          <reporter-output>
          </reporter-output>
        </test-method> <!-- startTestCase -->
        <test-method signature="AddExportSchedulerDailyRecord()[pri:5, instance:com.tetherfi.test.ExportSchedulerTest@4a9b92c6]" started-at="2021-06-03T20:44:47 IST" name="AddExportSchedulerDailyRecord" finished-at="2021-06-03T20:44:55 IST" duration-ms="7820" status="PASS">
          <reporter-output>
          </reporter-output>
        </test-method> <!-- AddExportSchedulerDailyRecord -->
        <test-method is-config="true" signature="afterEachMethod(java.lang.reflect.Method)[pri:0, instance:com.tetherfi.test.ExportSchedulerTest@4a9b92c6]" started-at="2021-06-03T20:44:55 IST" name="afterEachMethod" finished-at="2021-06-03T20:44:57 IST" duration-ms="2131" status="PASS">
          <params>
            <param index="0">
              <value>
                <![CDATA[public void com.tetherfi.test.ExportSchedulerTest.AddExportSchedulerDailyRecord() throws java.lang.Exception]]>
              </value>
            </param>
          </params>
          <reporter-output>
          </reporter-output>
        </test-method> <!-- afterEachMethod -->
        <test-method is-config="true" signature="endTestCase(java.lang.reflect.Method)[pri:0, instance:com.tetherfi.test.ExportSchedulerTest@4a9b92c6]" started-at="2021-06-03T20:44:57 IST" name="endTestCase" finished-at="2021-06-03T20:44:57 IST" duration-ms="1" status="PASS">
          <params>
            <param index="0">
              <value>
                <![CDATA[public void com.tetherfi.test.ExportSchedulerTest.AddExportSchedulerDailyRecord() throws java.lang.Exception]]>
              </value>
            </param>
          </params>
          <reporter-output>
          </reporter-output>
        </test-method> <!-- endTestCase -->
        <test-method is-config="true" signature="startTestCase(java.lang.reflect.Method)[pri:0, instance:com.tetherfi.test.ExportSchedulerTest@4a9b92c6]" started-at="2021-06-03T20:44:57 IST" name="startTestCase" finished-at="2021-06-03T20:44:57 IST" duration-ms="1" status="PASS">
          <params>
            <param index="0">
              <value>
                <![CDATA[public void com.tetherfi.test.ExportSchedulerTest.VerifyAuditTrialReportForCreate() throws java.lang.Exception]]>
              </value>
            </param>
          </params>
          <reporter-output>
          </reporter-output>
        </test-method> <!-- startTestCase -->
        <test-method is-config="true" signature="NavigateToExportSchedulerPage()[pri:0, instance:com.tetherfi.test.ExportSchedulerTest@4a9b92c6]" started-at="2021-06-03T20:44:57 IST" name="NavigateToExportSchedulerPage" finished-at="2021-06-03T20:45:01 IST" duration-ms="4702" status="PASS">
          <reporter-output>
          </reporter-output>
        </test-method> <!-- NavigateToExportSchedulerPage -->
        <test-method signature="VerifyAuditTrialReportForCreate()[pri:6, instance:com.tetherfi.test.ExportSchedulerTest@4a9b92c6]" started-at="2021-06-03T20:45:01 IST" name="VerifyAuditTrialReportForCreate" finished-at="2021-06-03T20:45:38 IST" duration-ms="36134" status="PASS">
          <reporter-output>
          </reporter-output>
        </test-method> <!-- VerifyAuditTrialReportForCreate -->
        <test-method is-config="true" signature="afterEachMethod(java.lang.reflect.Method)[pri:0, instance:com.tetherfi.test.ExportSchedulerTest@4a9b92c6]" started-at="2021-06-03T20:45:38 IST" name="afterEachMethod" finished-at="2021-06-03T20:45:40 IST" duration-ms="2120" status="PASS">
          <params>
            <param index="0">
              <value>
                <![CDATA[public void com.tetherfi.test.ExportSchedulerTest.VerifyAuditTrialReportForCreate() throws java.lang.Exception]]>
              </value>
            </param>
          </params>
          <reporter-output>
          </reporter-output>
        </test-method> <!-- afterEachMethod -->
        <test-method is-config="true" signature="endTestCase(java.lang.reflect.Method)[pri:0, instance:com.tetherfi.test.ExportSchedulerTest@4a9b92c6]" started-at="2021-06-03T20:45:40 IST" name="endTestCase" finished-at="2021-06-03T20:45:40 IST" duration-ms="1" status="PASS">
          <params>
            <param index="0">
              <value>
                <![CDATA[public void com.tetherfi.test.ExportSchedulerTest.VerifyAuditTrialReportForCreate() throws java.lang.Exception]]>
              </value>
            </param>
          </params>
          <reporter-output>
          </reporter-output>
        </test-method> <!-- endTestCase -->
        <test-method is-config="true" signature="startTestCase(java.lang.reflect.Method)[pri:0, instance:com.tetherfi.test.ExportSchedulerTest@4a9b92c6]" started-at="2021-06-03T20:45:40 IST" name="startTestCase" finished-at="2021-06-03T20:45:40 IST" duration-ms="1" status="PASS">
          <params>
            <param index="0">
              <value>
                <![CDATA[public void com.tetherfi.test.ExportSchedulerTest.DuplicateRecord() throws java.lang.Exception]]>
              </value>
            </param>
          </params>
          <reporter-output>
          </reporter-output>
        </test-method> <!-- startTestCase -->
        <test-method is-config="true" signature="NavigateToExportSchedulerPage()[pri:0, instance:com.tetherfi.test.ExportSchedulerTest@4a9b92c6]" started-at="2021-06-03T20:45:40 IST" name="NavigateToExportSchedulerPage" finished-at="2021-06-03T20:45:45 IST" duration-ms="5350" status="PASS">
          <reporter-output>
          </reporter-output>
        </test-method> <!-- NavigateToExportSchedulerPage -->
        <test-method signature="DuplicateRecord()[pri:7, instance:com.tetherfi.test.ExportSchedulerTest@4a9b92c6]" started-at="2021-06-03T20:45:45 IST" name="DuplicateRecord" finished-at="2021-06-03T20:45:52 IST" duration-ms="7176" status="PASS">
          <reporter-output>
          </reporter-output>
        </test-method> <!-- DuplicateRecord -->
        <test-method is-config="true" signature="afterEachMethod(java.lang.reflect.Method)[pri:0, instance:com.tetherfi.test.ExportSchedulerTest@4a9b92c6]" started-at="2021-06-03T20:45:52 IST" name="afterEachMethod" finished-at="2021-06-03T20:45:53 IST" duration-ms="356" status="PASS">
          <params>
            <param index="0">
              <value>
                <![CDATA[public void com.tetherfi.test.ExportSchedulerTest.DuplicateRecord() throws java.lang.Exception]]>
              </value>
            </param>
          </params>
          <reporter-output>
          </reporter-output>
        </test-method> <!-- afterEachMethod -->
        <test-method is-config="true" signature="endTestCase(java.lang.reflect.Method)[pri:0, instance:com.tetherfi.test.ExportSchedulerTest@4a9b92c6]" started-at="2021-06-03T20:45:53 IST" name="endTestCase" finished-at="2021-06-03T20:45:53 IST" duration-ms="1" status="PASS">
          <params>
            <param index="0">
              <value>
                <![CDATA[public void com.tetherfi.test.ExportSchedulerTest.DuplicateRecord() throws java.lang.Exception]]>
              </value>
            </param>
          </params>
          <reporter-output>
          </reporter-output>
        </test-method> <!-- endTestCase -->
        <test-method is-config="true" signature="startTestCase(java.lang.reflect.Method)[pri:0, instance:com.tetherfi.test.ExportSchedulerTest@4a9b92c6]" started-at="2021-06-03T20:45:53 IST" name="startTestCase" finished-at="2021-06-03T20:45:53 IST" duration-ms="1" status="PASS">
          <params>
            <param index="0">
              <value>
                <![CDATA[public void com.tetherfi.test.ExportSchedulerTest.AddExportSchedulerWeeklyRecord() throws java.lang.Exception]]>
              </value>
            </param>
          </params>
          <reporter-output>
          </reporter-output>
        </test-method> <!-- startTestCase -->
        <test-method is-config="true" signature="NavigateToExportSchedulerPage()[pri:0, instance:com.tetherfi.test.ExportSchedulerTest@4a9b92c6]" started-at="2021-06-03T20:45:53 IST" name="NavigateToExportSchedulerPage" finished-at="2021-06-03T20:45:59 IST" duration-ms="6844" status="PASS">
          <reporter-output>
          </reporter-output>
        </test-method> <!-- NavigateToExportSchedulerPage -->
        <test-method signature="AddExportSchedulerWeeklyRecord()[pri:8, instance:com.tetherfi.test.ExportSchedulerTest@4a9b92c6]" started-at="2021-06-03T20:45:59 IST" name="AddExportSchedulerWeeklyRecord" finished-at="2021-06-03T20:46:09 IST" duration-ms="9729" status="PASS">
          <reporter-output>
          </reporter-output>
        </test-method> <!-- AddExportSchedulerWeeklyRecord -->
        <test-method is-config="true" signature="afterEachMethod(java.lang.reflect.Method)[pri:0, instance:com.tetherfi.test.ExportSchedulerTest@4a9b92c6]" started-at="2021-06-03T20:46:09 IST" name="afterEachMethod" finished-at="2021-06-03T20:46:11 IST" duration-ms="1776" status="PASS">
          <params>
            <param index="0">
              <value>
                <![CDATA[public void com.tetherfi.test.ExportSchedulerTest.AddExportSchedulerWeeklyRecord() throws java.lang.Exception]]>
              </value>
            </param>
          </params>
          <reporter-output>
          </reporter-output>
        </test-method> <!-- afterEachMethod -->
        <test-method is-config="true" signature="endTestCase(java.lang.reflect.Method)[pri:0, instance:com.tetherfi.test.ExportSchedulerTest@4a9b92c6]" started-at="2021-06-03T20:46:11 IST" name="endTestCase" finished-at="2021-06-03T20:46:11 IST" duration-ms="0" status="PASS">
          <params>
            <param index="0">
              <value>
                <![CDATA[public void com.tetherfi.test.ExportSchedulerTest.AddExportSchedulerWeeklyRecord() throws java.lang.Exception]]>
              </value>
            </param>
          </params>
          <reporter-output>
          </reporter-output>
        </test-method> <!-- endTestCase -->
        <test-method is-config="true" signature="startTestCase(java.lang.reflect.Method)[pri:0, instance:com.tetherfi.test.ExportSchedulerTest@4a9b92c6]" started-at="2021-06-03T20:46:11 IST" name="startTestCase" finished-at="2021-06-03T20:46:11 IST" duration-ms="0" status="PASS">
          <params>
            <param index="0">
              <value>
                <![CDATA[public void com.tetherfi.test.ExportSchedulerTest.VerifyAuditTrialReportForWeeklyCreate() throws java.lang.Exception]]>
              </value>
            </param>
          </params>
          <reporter-output>
          </reporter-output>
        </test-method> <!-- startTestCase -->
        <test-method is-config="true" signature="NavigateToExportSchedulerPage()[pri:0, instance:com.tetherfi.test.ExportSchedulerTest@4a9b92c6]" started-at="2021-06-03T20:46:11 IST" name="NavigateToExportSchedulerPage" finished-at="2021-06-03T20:46:16 IST" duration-ms="5379" status="PASS">
          <reporter-output>
          </reporter-output>
        </test-method> <!-- NavigateToExportSchedulerPage -->
        <test-method signature="VerifyAuditTrialReportForWeeklyCreate()[pri:9, instance:com.tetherfi.test.ExportSchedulerTest@4a9b92c6]" started-at="2021-06-03T20:46:16 IST" name="VerifyAuditTrialReportForWeeklyCreate" finished-at="2021-06-03T20:46:49 IST" duration-ms="32341" status="PASS">
          <reporter-output>
          </reporter-output>
        </test-method> <!-- VerifyAuditTrialReportForWeeklyCreate -->
        <test-method is-config="true" signature="afterEachMethod(java.lang.reflect.Method)[pri:0, instance:com.tetherfi.test.ExportSchedulerTest@4a9b92c6]" started-at="2021-06-03T20:46:49 IST" name="afterEachMethod" finished-at="2021-06-03T20:46:50 IST" duration-ms="1674" status="PASS">
          <params>
            <param index="0">
              <value>
                <![CDATA[public void com.tetherfi.test.ExportSchedulerTest.VerifyAuditTrialReportForWeeklyCreate() throws java.lang.Exception]]>
              </value>
            </param>
          </params>
          <reporter-output>
          </reporter-output>
        </test-method> <!-- afterEachMethod -->
        <test-method is-config="true" signature="endTestCase(java.lang.reflect.Method)[pri:0, instance:com.tetherfi.test.ExportSchedulerTest@4a9b92c6]" started-at="2021-06-03T20:46:50 IST" name="endTestCase" finished-at="2021-06-03T20:46:50 IST" duration-ms="1" status="PASS">
          <params>
            <param index="0">
              <value>
                <![CDATA[public void com.tetherfi.test.ExportSchedulerTest.VerifyAuditTrialReportForWeeklyCreate() throws java.lang.Exception]]>
              </value>
            </param>
          </params>
          <reporter-output>
          </reporter-output>
        </test-method> <!-- endTestCase -->
        <test-method is-config="true" signature="startTestCase(java.lang.reflect.Method)[pri:0, instance:com.tetherfi.test.ExportSchedulerTest@4a9b92c6]" started-at="2021-06-03T20:46:50 IST" name="startTestCase" finished-at="2021-06-03T20:46:50 IST" duration-ms="0" status="PASS">
          <params>
            <param index="0">
              <value>
                <![CDATA[public void com.tetherfi.test.ExportSchedulerTest.AddExportSchedulerMonthlyRecord() throws java.lang.Exception]]>
              </value>
            </param>
          </params>
          <reporter-output>
          </reporter-output>
        </test-method> <!-- startTestCase -->
        <test-method is-config="true" signature="NavigateToExportSchedulerPage()[pri:0, instance:com.tetherfi.test.ExportSchedulerTest@4a9b92c6]" started-at="2021-06-03T20:46:50 IST" name="NavigateToExportSchedulerPage" finished-at="2021-06-03T20:46:56 IST" duration-ms="5451" status="PASS">
          <reporter-output>
          </reporter-output>
        </test-method> <!-- NavigateToExportSchedulerPage -->
        <test-method signature="AddExportSchedulerMonthlyRecord()[pri:10, instance:com.tetherfi.test.ExportSchedulerTest@4a9b92c6]" started-at="2021-06-03T20:46:56 IST" name="AddExportSchedulerMonthlyRecord" finished-at="2021-06-03T20:47:08 IST" duration-ms="11858" status="PASS">
          <reporter-output>
          </reporter-output>
        </test-method> <!-- AddExportSchedulerMonthlyRecord -->
        <test-method is-config="true" signature="afterEachMethod(java.lang.reflect.Method)[pri:0, instance:com.tetherfi.test.ExportSchedulerTest@4a9b92c6]" started-at="2021-06-03T20:47:08 IST" name="afterEachMethod" finished-at="2021-06-03T20:47:09 IST" duration-ms="1618" status="PASS">
          <params>
            <param index="0">
              <value>
                <![CDATA[public void com.tetherfi.test.ExportSchedulerTest.AddExportSchedulerMonthlyRecord() throws java.lang.Exception]]>
              </value>
            </param>
          </params>
          <reporter-output>
          </reporter-output>
        </test-method> <!-- afterEachMethod -->
        <test-method is-config="true" signature="endTestCase(java.lang.reflect.Method)[pri:0, instance:com.tetherfi.test.ExportSchedulerTest@4a9b92c6]" started-at="2021-06-03T20:47:09 IST" name="endTestCase" finished-at="2021-06-03T20:47:09 IST" duration-ms="1" status="PASS">
          <params>
            <param index="0">
              <value>
                <![CDATA[public void com.tetherfi.test.ExportSchedulerTest.AddExportSchedulerMonthlyRecord() throws java.lang.Exception]]>
              </value>
            </param>
          </params>
          <reporter-output>
          </reporter-output>
        </test-method> <!-- endTestCase -->
        <test-method is-config="true" signature="startTestCase(java.lang.reflect.Method)[pri:0, instance:com.tetherfi.test.ExportSchedulerTest@4a9b92c6]" started-at="2021-06-03T20:47:09 IST" name="startTestCase" finished-at="2021-06-03T20:47:09 IST" duration-ms="0" status="PASS">
          <params>
            <param index="0">
              <value>
                <![CDATA[public void com.tetherfi.test.ExportSchedulerTest.VerifyAuditTrialReportForCreateMonthly() throws java.lang.Exception]]>
              </value>
            </param>
          </params>
          <reporter-output>
          </reporter-output>
        </test-method> <!-- startTestCase -->
        <test-method is-config="true" signature="NavigateToExportSchedulerPage()[pri:0, instance:com.tetherfi.test.ExportSchedulerTest@4a9b92c6]" started-at="2021-06-03T20:47:09 IST" name="NavigateToExportSchedulerPage" finished-at="2021-06-03T20:47:14 IST" duration-ms="4719" status="PASS">
          <reporter-output>
          </reporter-output>
        </test-method> <!-- NavigateToExportSchedulerPage -->
        <test-method signature="VerifyAuditTrialReportForCreateMonthly()[pri:11, instance:com.tetherfi.test.ExportSchedulerTest@4a9b92c6]" started-at="2021-06-03T20:47:14 IST" name="VerifyAuditTrialReportForCreateMonthly" finished-at="2021-06-03T20:47:48 IST" duration-ms="33959" status="FAIL">
          <exception class="java.lang.NullPointerException">
            <message>
              <![CDATA[Cannot invoke "String.equals(Object)" because the return value of "java.util.Map.get(Object)" is null]]>
            </message>
            <full-stacktrace>
              <![CDATA[java.lang.NullPointerException: Cannot invoke "String.equals(Object)" because the return value of "java.util.Map.get(Object)" is null
[...]
          </reporter-output>
        </test-method> <!-- NavigateToRoleBasedAccessManagementPage -->
        <test-method is-config="true" signature="startTestCase(java.lang.reflect.Method)[pri:0, instance:com.tetherfi.test.RoleBasedAccessManagementUITest@4d20616a]" started-at="2021-06-03T21:18:45 IST" name="startTestCase" finished-at="2021-06-03T21:18:45 IST" duration-ms="0" status="PASS">
          <params>
            <param index="0">
              <value>
                <![CDATA[public void com.tetherfi.test.RoleBasedAccessManagementUITest.VerifyDragAndDrop()]]>
              </value>
            </param>
          </params>
          <reporter-output>
          </reporter-output>
        </test-method> <!-- startTestCase -->
        <test-method signature="VerifyDragAndDrop()[pri:17, instance:com.tetherfi.test.RoleBasedAccessManagementUITest@4d20616a]" started-at="2021-06-03T21:18:53 IST" name="VerifyDragAndDrop" finished-at="2021-06-03T21:19:05 IST" duration-ms="11900" status="PASS">
          <reporter-output>
          </reporter-output>
        </test-method> <!-- VerifyDragAndDrop -->
        <test-method is-config="true" signature="afterEachMethod(java.lang.reflect.Method)[pri:0, instance:com.tetherfi.test.RoleBasedAccessManagementUITest@4d20616a]" started-at="2021-06-03T21:19:05 IST" name="afterEachMethod" finished-at="2021-06-03T21:19:07 IST" duration-ms="1719" status="PASS">
          <params>
            <param index="0">
              <value>
                <![CDATA[public void com.tetherfi.test.RoleBasedAccessManagementUITest.VerifyDragAndDrop()]]>
              </value>
            </param>
          </params>
          <reporter-output>
          </reporter-output>
        </test-method> <!-- afterEachMethod -->
        <test-method is-config="true" signature="endTestCase(java.lang.reflect.Method)[pri:0, instance:com.tetherfi.test.RoleBasedAccessManagementUITest@4d20616a]" started-at="2021-06-03T21:19:07 IST" name="endTestCase" finished-at="2021-06-03T21:19:07 IST" duration-ms="1" status="PASS">
          <params>
            <param index="0">
              <value>
                <![CDATA[public void com.tetherfi.test.RoleBasedAccessManagementUITest.VerifyDragAndDrop()]]>
              </value>
            </param>
          </params>
          <reporter-output>
          </reporter-output>
        </test-method> <!-- endTestCase -->
        <test-method is-config="true" signature="NavigateToRoleBasedAccessManagementPage()[pri:0, instance:com.tetherfi.test.RoleBasedAccessManagementUITest@4d20616a]" started-at="2021-06-03T21:19:07 IST" name="NavigateToRoleBasedAccessManagementPage" finished-at="2021-06-03T21:19:13 IST" duration-ms="6067" status="PASS">
          <reporter-output>
          </reporter-output>
        </test-method> <!-- NavigateToRoleBasedAccessManagementPage -->
        <test-method is-config="true" signature="startTestCase(java.lang.reflect.Method)[pri:0, instance:com.tetherfi.test.RoleBasedAccessManagementUITest@4d20616a]" started-at="2021-06-03T21:19:07 IST" name="startTestCase" finished-at="2021-06-03T21:19:07 IST" duration-ms="0" status="PASS">
          <params>
            <param index="0">
              <value>
                <![CDATA[public void com.tetherfi.test.RoleBasedAccessManagementUITest.VerifyDragAndDropofAlreadyGroupedHeader()]]>
              </value>
            </param>
          </params>
          <reporter-output>
          </reporter-output>
        </test-method> <!-- startTestCase -->
        <test-method signature="VerifyDragAndDropofAlreadyGroupedHeader()[pri:18, instance:com.tetherfi.test.RoleBasedAccessManagementUITest@4d20616a]" started-at="2021-06-03T21:19:13 IST" name="VerifyDragAndDropofAlreadyGroupedHeader" finished-at="2021-06-03T21:19:25 IST" duration-ms="12466" status="PASS">
          <reporter-output>
          </reporter-output>
        </test-method> <!-- VerifyDragAndDropofAlreadyGroupedHeader -->
        <test-method is-config="true" signature="afterEachMethod(java.lang.reflect.Method)[pri:0, instance:com.tetherfi.test.RoleBasedAccessManagementUITest@4d20616a]" started-at="2021-06-03T21:19:25 IST" name="afterEachMethod" finished-at="2021-06-03T21:19:27 IST" duration-ms="1972" status="PASS">
          <params>
            <param index="0">
              <value>
                <![CDATA[public void com.tetherfi.test.RoleBasedAccessManagementUITest.VerifyDragAndDropofAlreadyGroupedHeader()]]>
              </value>
            </param>
          </params>
          <reporter-output>
          </reporter-output>
        </test-method> <!-- afterEachMethod -->
        <test-method is-config="true" signature="endTestCase(java.lang.reflect.Method)[pri:0, instance:com.tetherfi.test.RoleBasedAccessManagementUITest@4d20616a]" started-at="2021-06-03T21:19:27 IST" name="endTestCase" finished-at="2021-06-03T21:19:27 IST" duration-ms="0" status="PASS">
          <params>
            <param index="0">
              <value>
                <![CDATA[public void com.tetherfi.test.RoleBasedAccessManagementUITest.VerifyDragAndDropofAlreadyGroupedHeader()]]>
              </value>
            </param>
          </params>
          <reporter-output>
          </reporter-output>
        </test-method> <!-- endTestCase -->
        <test-method is-config="true" signature="startTestCase(java.lang.reflect.Method)[pri:0, instance:com.tetherfi.test.RoleBasedAccessManagementUITest@4d20616a]" started-at="2021-06-03T21:19:27 IST" name="startTestCase" finished-at="2021-06-03T21:19:27 IST" duration-ms="0" status="PASS">
          <params>
            <param index="0">
              <value>
                <![CDATA[public void com.tetherfi.test.RoleBasedAccessManagementUITest.database() throws java.lang.Exception]]>
              </value>
            </param>
          </params>
          <reporter-output>
          </reporter-output>
        </test-method> <!-- startTestCase -->
        <test-method is-config="true" signature="NavigateToRoleBasedAccessManagementPage()[pri:0, instance:com.tetherfi.test.RoleBasedAccessManagementUITest@4d20616a]" started-at="2021-06-03T21:19:27 IST" name="NavigateToRoleBasedAccessManagementPage" finished-at="2021-06-03T21:19:36 IST" duration-ms="9036" status="PASS">
          <reporter-output>
          </reporter-output>
        </test-method> <!-- NavigateToRoleBasedAccessManagementPage -->
        <test-method signature="database()[pri:19, instance:com.tetherfi.test.RoleBasedAccessManagementUITest@4d20616a]" started-at="2021-06-03T21:19:36 IST" name="database" finished-at="2021-06-03T21:19:41 IST" duration-ms="4371" status="FAIL">
          <exception class="java.lang.AssertionError">
            <message>
              <![CDATA[did not expect to find [true] but found [false]]]>
            </message>
            <full-stacktrace>
              <![CDATA[java.lang.AssertionError: did not expect to find [true] but found [false]
at org.testng.Assert.fail(Assert.java:97)
at org.testng.Assert.failNotEquals(Assert.java:969)
at org.testng.Assert.assertTrue(Assert.java:43)
at org.testng.Assert.assertTrue(Assert.java:53)
at com.tetherfi.test.RoleBasedAccessManagementUITest.database(RoleBasedAccessManagementUITest.java:201)
at java.base/jdk.internal.reflect.NativeMethodAccessorImpl.invoke0(Native Method)
at java.base/jdk.internal.reflect.NativeMethodAccessorImpl.invoke(NativeMethodAccessorImpl.java:62)
at java.base/jdk.internal.reflect.DelegatingMethodAccessorImpl.invoke(DelegatingMethodAccessorImpl.java:43)
at java.base/java.lang.reflect.Method.invoke(Method.java:564)
at org.testng.internal.MethodInvocationHelper.invokeMethod(MethodInvocationHelper.java:133)
at org.testng.internal.TestInvoker.invokeMethod(TestInvoker.java:584)
at org.testng.internal.TestInvoker.invokeTestMethod(TestInvoker.java:172)
at org.testng.internal.MethodRunner.runInSequence(MethodRunner.java:46)
at org.testng.internal.TestInvoker$MethodInvocationAgent.invoke(TestInvoker.java:804)
at org.testng.internal.TestInvoker.invokeTestMethods(TestInvoker.java:145)
at org.testng.internal.TestMethodWorker.invokeTestMethods(TestMethodWorker.java:146)
at org.testng.internal.TestMethodWorker.run(TestMethodWorker.java:128)
at java.base/java.util.ArrayList.forEach(ArrayList.java:1511)
at org.testng.TestRunner.privateRun(TestRunner.java:770)
at org.testng.TestRunner.run(TestRunner.java:591)
at org.testng.SuiteRunner.runTest(SuiteRunner.java:402)
at org.testng.SuiteRunner.runSequentially(SuiteRunner.java:396)
at org.testng.SuiteRunner.privateRun(SuiteRunner.java:355)
at org.testng.SuiteRunner.run(SuiteRunner.java:304)
at org.testng.SuiteRunnerWorker.runSuite(SuiteRunnerWorker.java:53)
at org.testng.SuiteRunnerWorker.run(SuiteRunnerWorker.java:96)
at org.testng.TestNG.runSuitesSequentially(TestNG.java:1180)
at org.testng.TestNG.runSuitesLocally(TestNG.java:1102)
at org.testng.TestNG.runSuites(TestNG.java:1032)
at org.testng.TestNG.run(TestNG.java:1000)
at org.testng.remote.AbstractRemoteTestNG.run(AbstractRemoteTestNG.java:115)
at org.testng.remote.RemoteTestNG.initAndRun(RemoteTestNG.java:251)
at org.testng.remote.RemoteTestNG.main(RemoteTestNG.java:77)
]]>
            </full-stacktrace>
          </exception> <!-- java.lang.AssertionError -->
          <reporter-output>
          </reporter-output>
        </test-method> <!-- database -->
        <test-method is-config="true" signature="afterEachMethod(java.lang.reflect.Method)[pri:0, instance:com.tetherfi.test.RoleBasedAccessManagementUITest@4d20616a]" started-at="2021-06-03T21:19:41 IST" name="afterEachMethod" finished-at="2021-06-03T21:19:43 IST" duration-ms="1972" status="PASS">
          <params>
            <param index="0">
              <value>
                <![CDATA[public void com.tetherfi.test.RoleBasedAccessManagementUITest.database() throws java.lang.Exception]]>
              </value>
            </param>
          </params>
          <reporter-output>
          </reporter-output>
        </test-method> <!-- afterEachMethod -->
        <test-method is-config="true" signature="endTestCase(java.lang.reflect.Method)[pri:0, instance:com.tetherfi.test.RoleBasedAccessManagementUITest@4d20616a]" started-at="2021-06-03T21:19:43 IST" name="endTestCase" finished-at="2021-06-03T21:19:43 IST" duration-ms="1" status="PASS">
          <params>
            <param index="0">
              <value>
                <![CDATA[public void com.tetherfi.test.RoleBasedAccessManagementUITest.database() throws java.lang.Exception]]>
              </value>
            </param>
          </params>
          <reporter-output>
          </reporter-output>
        </test-method> <!-- endTestCase -->
        <test-method is-config="true" signature="NavigateToRoleBasedAccessManagementPage()[pri:0, instance:com.tetherfi.test.RoleBasedAccessManagementUITest@4d20616a]" started-at="2021-06-03T21:19:43 IST" name="NavigateToRoleBasedAccessManagementPage" finished-at="2021-06-03T21:19:49 IST" duration-ms="6166" status="PASS">
          <reporter-output>
          </reporter-output>
        </test-method> <!-- NavigateToRoleBasedAccessManagementPage -->
        <test-method is-config="true" signature="startTestCase(java.lang.reflect.Method)[pri:0, instance:com.tetherfi.test.RoleBasedAccessManagementUITest@4d20616a]" started-at="2021-06-03T21:19:43 IST" name="startTestCase" finished-at="2021-06-03T21:19:43 IST" duration-ms="0" status="PASS">
          <params>
            <param index="0">
              <value>
                <![CDATA[public void com.tetherfi.test.RoleBasedAccessManagementUITest.searchPage() throws java.lang.Exception]]>
              </value>
            </param>
          </params>
          <reporter-output>
          </reporter-output>
        </test-method> <!-- startTestCase -->
        <test-method signature="searchPage()[pri:20, instance:com.tetherfi.test.RoleBasedAccessManagementUITest@4d20616a]" started-at="2021-06-03T21:19:49 IST" name="searchPage" finished-at="2021-06-03T21:19:56 IST" duration-ms="6968" status="PASS">
          <reporter-output>
          </reporter-output>
        </test-method> <!-- searchPage -->
        <test-method is-config="true" signature="afterEachMethod(java.lang.reflect.Method)[pri:0, instance:com.tetherfi.test.RoleBasedAccessManagementUITest@4d20616a]" started-at="2021-06-03T21:19:56 IST" name="afterEachMethod" finished-at="2021-06-03T21:19:58 IST" duration-ms="2268" status="PASS">
          <params>
            <param index="0">
              <value>
                <![CDATA[public void com.tetherfi.test.RoleBasedAccessManagementUITest.searchPage() throws java.lang.Exception]]>
              </value>
            </param>
          </params>
          <reporter-output>
          </reporter-output>
        </test-method> <!-- afterEachMethod -->
        <test-method is-config="true" signature="endTestCase(java.lang.reflect.Method)[pri:0, instance:com.tetherfi.test.RoleBasedAccessManagementUITest@4d20616a]" started-at="2021-06-03T21:19:58 IST" name="endTestCase" finished-at="2021-06-03T21:19:58 IST" duration-ms="0" status="PASS">
          <params>
            <param index="0">
              <value>
                <![CDATA[public void com.tetherfi.test.RoleBasedAccessManagementUITest.searchPage() throws java.lang.Exception]]>
              </value>
            </param>
          </params>
          <reporter-output>
          </reporter-output>
        </test-method> <!-- endTestCase -->
        <test-method is-config="true" signature="startTestCase(java.lang.reflect.Method)[pri:0, instance:com.tetherfi.test.RoleBasedAccessManagementUITest@4d20616a]" started-at="2021-06-03T21:19:58 IST" name="startTestCase" finished-at="2021-06-03T21:19:58 IST" duration-ms="0" status="PASS">
          <params>
            <param index="0">
              <value>
                <![CDATA[public void com.tetherfi.test.RoleBasedAccessManagementUITest.searchwithoutSearchTextbox() throws java.lang.Exception]]>
              </value>
            </param>
          </params>
          <reporter-output>
          </reporter-output>
        </test-method> <!-- startTestCase -->
        <test-method is-config="true" signature="NavigateToRoleBasedAccessManagementPage()[pri:0, instance:com.tetherfi.test.RoleBasedAccessManagementUITest@4d20616a]" started-at="2021-06-03T21:19:58 IST" name="NavigateToRoleBasedAccessManagementPage" finished-at="2021-06-03T21:20:06 IST" duration-ms="7844" status="PASS">
          <reporter-output>
          </reporter-output>
        </test-method> <!-- NavigateToRoleBasedAccessManagementPage -->
        <test-method signature="searchwithoutSearchTextbox()[pri:21, instance:com.tetherfi.test.RoleBasedAccessManagementUITest@4d20616a]" started-at="2021-06-03T21:20:06 IST" name="searchwithoutSearchTextbox" finished-at="2021-06-03T21:20:12 IST" duration-ms="6328" status="PASS">
          <reporter-output>
          </reporter-output>
        </test-method> <!-- searchwithoutSearchTextbox -->
        <test-method is-config="true" signature="afterEachMethod(java.lang.reflect.Method)[pri:0, instance:com.tetherfi.test.RoleBasedAccessManagementUITest@4d20616a]" started-at="2021-06-03T21:20:12 IST" name="afterEachMethod" finished-at="2021-06-03T21:20:14 IST" duration-ms="1999" status="PASS">
          <params>
            <param index="0">
              <value>
                <![CDATA[public void com.tetherfi.test.RoleBasedAccessManagementUITest.searchwithoutSearchTextbox() throws java.lang.Exception]]>
              </value>
            </param>
          </params>
          <reporter-output>
          </reporter-output>
        </test-method> <!-- afterEachMethod -->
        <test-method is-config="true" signature="endTestCase(java.lang.reflect.Method)[pri:0, instance:com.tetherfi.test.RoleBasedAccessManagementUITest@4d20616a]" started-at="2021-06-03T21:20:14 IST" name="endTestCase" finished-at="2021-06-03T21:20:14 IST" duration-ms="0" status="PASS">
          <params>
            <param index="0">
              <value>
                <![CDATA[public void com.tetherfi.test.RoleBasedAccessManagementUITest.searchwithoutSearchTextbox() throws java.lang.Exception]]>
              </value>
            </param>
          </params>
          <reporter-output>
          </reporter-output>
        </test-method> <!-- endTestCase -->
        <test-method is-config="true" signature="NavigateToRoleBasedAccessManagementPage()[pri:0, instance:com.tetherfi.test.RoleBasedAccessManagementUITest@4d20616a]" started-at="2021-06-03T21:20:14 IST" name="NavigateToRoleBasedAccessManagementPage" finished-at="2021-06-03T21:20:23 IST" duration-ms="9243" status="PASS">
          <reporter-output>
          </reporter-output>
        </test-method> <!-- NavigateToRoleBasedAccessManagementPage -->
        <test-method is-config="true" signature="startTestCase(java.lang.reflect.Method)[pri:0, instance:com.tetherfi.test.RoleBasedAccessManagementUITest@4d20616a]" started-at="2021-06-03T21:20:14 IST" name="startTestCase" finished-at="2021-06-03T21:20:14 IST" duration-ms="0" status="PASS">
          <params>
            <param index="0">
              <value>
                <![CDATA[public void com.tetherfi.test.RoleBasedAccessManagementUITest.SearchClearSearch() throws java.lang.Exception]]>
              </value>
            </param>
          </params>
          <reporter-output>
          </reporter-output>
        </test-method> <!-- startTestCase -->
        <test-method signature="SearchClearSearch()[pri:22, instance:com.tetherfi.test.RoleBasedAccessManagementUITest@4d20616a]" started-at="2021-06-03T21:20:23 IST" name="SearchClearSearch" finished-at="2021-06-03T21:20:31 IST" duration-ms="7463" status="PASS">
          <reporter-output>
          </reporter-output>
        </test-method> <!-- SearchClearSearch -->
        <test-method is-config="true" signature="afterEachMethod(java.lang.reflect.Method)[pri:0, instance:com.tetherfi.test.RoleBasedAccessManagementUITest@4d20616a]" started-at="2021-06-03T21:20:31 IST" name="afterEachMethod" finished-at="2021-06-03T21:20:33 IST" duration-ms="1888" status="PASS">
          <params>
            <param index="0">
              <value>
                <![CDATA[public void com.tetherfi.test.RoleBasedAccessManagementUITest.SearchClearSearch() throws java.lang.Exception]]>
              </value>
            </param>
          </params>
          <reporter-output>
          </reporter-output>
        </test-method> <!-- afterEachMethod -->
        <test-method is-config="true" signature="endTestCase(java.lang.reflect.Method)[pri:0, instance:com.tetherfi.test.RoleBasedAccessManagementUITest@4d20616a]" started-at="2021-06-03T21:20:33 IST" name="endTestCase" finished-at="2021-06-03T21:20:33 IST" duration-ms="1" status="PASS">
          <params>
            <param index="0">
              <value>
                <![CDATA[public void com.tetherfi.test.RoleBasedAccessManagementUITest.SearchClearSearch() throws java.lang.Exception]]>
              </value>
            </param>
          </params>
          <reporter-output>
          </reporter-output>
        </test-method> <!-- endTestCase -->
        <test-method is-config="true" signature="tearDown()[pri:0, instance:com.tetherfi.test.RoleBasedAccessManagementUITest@4d20616a]" started-at="2021-06-03T21:20:33 IST" name="tearDown" finished-at="2021-06-03T21:20:35 IST" duration-ms="2326" status="PASS">
          <reporter-output>
          </reporter-output>
        </test-method> <!-- tearDown -->
      </class> <!-- com.tetherfi.test.RoleBasedAccessManagementUITest -->
    </test> <!-- Modules -->
  </suite> <!-- Tetherfi Test Automation -->
</testng-results>
