<?xml version="1.0" encoding="UTF-8"?>
<testng-results ignored="0" total="45" passed="32" failed="9" skipped="4">
  <reporter-output>
  </reporter-output>
  <suite started-at="2019-09-14T16:54:38 IST" name="Default suite" finished-at="2019-09-14T17:16:22 IST" duration-ms="1303212">
    <groups>
    </groups>
    <test started-at="2019-09-14T16:54:38 IST" name="Default test" finished-at="2019-09-14T17:16:22 IST" duration-ms="1303212">
      <class name="com.tetherfi.test.ivr.AdhocOptionEnhancementTest">
        <test-method is-config="true" signature="openApplication()[pri:0, instance:com.tetherfi.test.ivr.AdhocOptionEnhancementTest@2f10f633]" started-at="2019-09-14T16:54:38 IST" name="openApplication" finished-at="2019-09-14T16:55:39 IST" duration-ms="60844" status="PASS">
          <reporter-output>
          </reporter-output>
        </test-method> <!-- openApplication -->
        <test-method is-config="true" signature="startTestCase(java.lang.reflect.Method)[pri:0, instance:com.tetherfi.test.ivr.AdhocOptionEnhancementTest@2f10f633]" started-at="2019-09-14T16:55:39 IST" name="startTestCase" finished-at="2019-09-14T16:55:39 IST" duration-ms="5" status="PASS">
          <params>
            <param index="0">
              <value>
                <![CDATA[public void com.tetherfi.test.ivr.AdhocOptionEnhancementTest.AdhocOptionEnhancementPage()]]>
              </value>
            </param>
          </params>
          <reporter-output>
          </reporter-output>
        </test-method> <!-- startTestCase -->
        <test-method is-config="true" signature="NavigateToAdhocOptionEnhancementPage()[pri:0, instance:com.tetherfi.test.ivr.AdhocOptionEnhancementTest@2f10f633]" started-at="2019-09-14T16:55:39 IST" name="NavigateToAdhocOptionEnhancementPage" finished-at="2019-09-14T16:56:25 IST" duration-ms="45998" status="PASS">
          <reporter-output>
          </reporter-output>
        </test-method> <!-- NavigateToAdhocOptionEnhancementPage -->
        <test-method signature="AdhocOptionEnhancementPage()[pri:1, instance:com.tetherfi.test.ivr.AdhocOptionEnhancementTest@2f10f633]" started-at="2019-09-14T16:56:25 IST" name="AdhocOptionEnhancementPage" finished-at="2019-09-14T16:56:26 IST" duration-ms="696" status="PASS">
          <reporter-output>
          </reporter-output>
        </test-method> <!-- AdhocOptionEnhancementPage -->
        <test-method is-config="true" signature="afterEachMethod(java.lang.reflect.Method)[pri:0, instance:com.tetherfi.test.ivr.AdhocOptionEnhancementTest@2f10f633]" started-at="2019-09-14T16:56:26 IST" name="afterEachMethod" finished-at="2019-09-14T16:56:27 IST" duration-ms="1190" status="PASS">
          <params>
            <param index="0">
              <value>
                <![CDATA[public void com.tetherfi.test.ivr.AdhocOptionEnhancementTest.AdhocOptionEnhancementPage()]]>
              </value>
            </param>
          </params>
          <reporter-output>
          </reporter-output>
        </test-method> <!-- afterEachMethod -->
        <test-method is-config="true" signature="endTestCase(java.lang.reflect.Method)[pri:0, instance:com.tetherfi.test.ivr.AdhocOptionEnhancementTest@2f10f633]" started-at="2019-09-14T16:56:27 IST" name="endTestCase" finished-at="2019-09-14T16:56:27 IST" duration-ms="0" status="PASS">
          <params>
            <param index="0">
              <value>
                <![CDATA[public void com.tetherfi.test.ivr.AdhocOptionEnhancementTest.AdhocOptionEnhancementPage()]]>
              </value>
            </param>
          </params>
          <reporter-output>
          </reporter-output>
        </test-method> <!-- endTestCase -->
        <test-method is-config="true" signature="startTestCase(java.lang.reflect.Method)[pri:0, instance:com.tetherfi.test.ivr.AdhocOptionEnhancementTest@2f10f633]" started-at="2019-09-14T16:56:27 IST" name="startTestCase" finished-at="2019-09-14T16:56:27 IST" duration-ms="1" status="PASS">
          <params>
            <param index="0">
              <value>
                <![CDATA[public void com.tetherfi.test.ivr.AdhocOptionEnhancementTest.AddNewAdhocOptionEnhancementRecord() throws java.lang.Exception]]>
              </value>
            </param>
          </params>
          <reporter-output>
          </reporter-output>
        </test-method> <!-- startTestCase -->
        <test-method is-config="true" signature="NavigateToAdhocOptionEnhancementPage()[pri:0, instance:com.tetherfi.test.ivr.AdhocOptionEnhancementTest@2f10f633]" started-at="2019-09-14T16:56:27 IST" name="NavigateToAdhocOptionEnhancementPage" finished-at="2019-09-14T16:56:31 IST" duration-ms="4267" status="PASS">
          <reporter-output>
          </reporter-output>
        </test-method> <!-- NavigateToAdhocOptionEnhancementPage -->
        <test-method signature="AddNewAdhocOptionEnhancementRecord()[pri:2, instance:com.tetherfi.test.ivr.AdhocOptionEnhancementTest@2f10f633]" started-at="2019-09-14T16:56:31 IST" name="AddNewAdhocOptionEnhancementRecord" finished-at="2019-09-14T16:58:08 IST" duration-ms="96871" status="FAIL">
          <exception class="org.openqa.selenium.TimeoutException">
            <message>
              <![CDATA[Expected condition failed: waiting for visibility of Proxy element for: DefaultElementLocator 'By.cssSelector: #toast-container .toast-message' (tried for 30 second(s) with 500 milliseconds interval)]]>
            </message>
            <full-stacktrace>
              <![CDATA[org.openqa.selenium.TimeoutException: Expected condition failed: waiting for visibility of Proxy element for: DefaultElementLocator 'By.cssSelector: #toast-container .toast-message' (tried for 30 second(s) with 500 milliseconds interval)
at org.openqa.selenium.support.ui.WebDriverWait.timeoutException(WebDriverWait.java:95)
at org.openqa.selenium.support.ui.FluentWait.until(FluentWait.java:272)
at com.tetherfi.pages.BasePage.waitUntilWebElementIsVisible(BasePage.java:127)
at com.tetherfi.pages.AdhocOptionEnhancementPage.verifySuccessMessage(AdhocOptionEnhancementPage.java:459)
at com.tetherfi.test.ivr.AdhocOptionEnhancementTest.AddNewAdhocOptionEnhancementRecord(AdhocOptionEnhancementTest.java:62)
at java.base/jdk.internal.reflect.NativeMethodAccessorImpl.invoke0(Native Method)
at java.base/jdk.internal.reflect.NativeMethodAccessorImpl.invoke(Unknown Source)
at java.base/jdk.internal.reflect.DelegatingMethodAccessorImpl.invoke(Unknown Source)
at java.base/java.lang.reflect.Method.invoke(Unknown Source)
at org.testng.internal.MethodInvocationHelper.invokeMethod(MethodInvocationHelper.java:133)
at org.testng.internal.TestInvoker.invokeMethod(TestInvoker.java:584)
at org.testng.internal.TestInvoker.invokeTestMethod(TestInvoker.java:172)
at org.testng.internal.MethodRunner.runInSequence(MethodRunner.java:46)
at org.testng.internal.TestInvoker$MethodInvocationAgent.invoke(TestInvoker.java:804)
at org.testng.internal.TestInvoker.invokeTestMethods(TestInvoker.java:145)
at org.testng.internal.TestMethodWorker.invokeTestMethods(TestMethodWorker.java:146)
at org.testng.internal.TestMethodWorker.run(TestMethodWorker.java:128)
at java.base/java.util.ArrayList.forEach(Unknown Source)
at org.testng.TestRunner.privateRun(TestRunner.java:770)
at org.testng.TestRunner.run(TestRunner.java:591)
at org.testng.SuiteRunner.runTest(SuiteRunner.java:402)
at org.testng.SuiteRunner.runSequentially(SuiteRunner.java:396)
at org.testng.SuiteRunner.privateRun(SuiteRunner.java:355)
at org.testng.SuiteRunner.run(SuiteRunner.java:304)
at org.testng.SuiteRunnerWorker.runSuite(SuiteRunnerWorker.java:53)
at org.testng.SuiteRunnerWorker.run(SuiteRunnerWorker.java:96)
at org.testng.TestNG.runSuitesSequentially(TestNG.java:1180)
at org.testng.TestNG.runSuitesLocally(TestNG.java:1102)
at org.testng.TestNG.runSuites(TestNG.java:1032)
at org.testng.TestNG.run(TestNG.java:1000)
at org.testng.remote.AbstractRemoteTestNG.run(AbstractRemoteTestNG.java:115)
at org.testng.remote.RemoteTestNG.initAndRun(RemoteTestNG.java:251)
at org.testng.remote.RemoteTestNG.main(RemoteTestNG.java:77)
Caused by: org.openqa.selenium.NoSuchElementException: no such element: Unable to locate element: {"method":"css selector","selector":"#toast-container .toast-message"}
  (Session info: chrome=76.0.3809.132)
For documentation on this error, please visit: https://www.seleniumhq.org/exceptions/no_such_element.html
Build info: version: '3.141.59', revision: 'e82be7d358', time: '2018-11-14T08:17:03'
System info: host: 'ADMIN', ip: '192.168.0.103', os.name: 'Windows 8.1', os.arch: 'amd64', os.version: '6.3', java.version: '9.0.4'
Driver info: org.openqa.selenium.chrome.ChromeDriver
Capabilities {acceptInsecureCerts: false, browserName: chrome, browserVersion: 76.0.3809.132, chrome: {chromedriverVersion: 76.0.3809.68 (420c9498db8ce..., userDataDir: C:\Users\ADMINP~1\AppData\L...}, goog:chromeOptions: {debuggerAddress: localhost:51213}, javascriptEnabled: true, networkConnectionEnabled: false, pageLoadStrategy: normal, platform: XP, platformName: XP, proxy: Proxy(), setWindowRect: true, strictFileInteractability: false, timeouts: {implicit: 0, pageLoad: 300000, script: 30000}, unhandledPromptBehavior: dismiss and notify}
Session ID: fb8544767e0c81335c370c911d09af5a
*** Element info: {Using=css selector, value=#toast-container .toast-message}
at java.base/jdk.internal.reflect.NativeConstructorAccessorImpl.newInstance0(Native Method)
at java.base/jdk.internal.reflect.NativeConstructorAccessorImpl.newInstance(Unknown Source)
at java.base/jdk.internal.reflect.DelegatingConstructorAccessorImpl.newInstance(Unknown Source)
at java.base/java.lang.reflect.Constructor.newInstance(Unknown Source)
at org.openqa.selenium.remote.http.W3CHttpResponseCodec.createException(W3CHttpResponseCodec.java:187)
at org.openqa.selenium.remote.http.W3CHttpResponseCodec.decode(W3CHttpResponseCodec.java:122)
at org.openqa.selenium.remote.http.W3CHttpResponseCodec.decode(W3CHttpResponseCodec.java:49)
at org.openqa.selenium.remote.HttpCommandExecutor.execute(HttpCommandExecutor.java:158)
at org.openqa.selenium.remote.service.DriverCommandExecutor.execute(DriverCommandExecutor.java:83)
at org.openqa.selenium.remote.RemoteWebDriver.execute(RemoteWebDriver.java:552)
at org.openqa.selenium.remote.RemoteWebDriver.findElement(RemoteWebDriver.java:323)
at org.openqa.selenium.remote.RemoteWebDriver.findElementByCssSelector(RemoteWebDriver.java:420)
at org.openqa.selenium.By$ByCssSelector.findElement(By.java:431)
at org.openqa.selenium.remote.RemoteWebDriver.findElement(RemoteWebDriver.java:315)
at org.openqa.selenium.support.pagefactory.DefaultElementLocator.findElement(DefaultElementLocator.java:69)
at org.openqa.selenium.support.pagefactory.internal.LocatingElementHandler.invoke(LocatingElementHandler.java:38)
at com.sun.proxy.$Proxy14.isDisplayed(Unknown Source)
at org.openqa.selenium.support.ui.ExpectedConditions.elementIfVisible(ExpectedConditions.java:314)
at org.openqa.selenium.support.ui.ExpectedConditions.access$000(ExpectedConditions.java:43)
at org.openqa.selenium.support.ui.ExpectedConditions$10.apply(ExpectedConditions.java:300)
at org.openqa.selenium.support.ui.ExpectedConditions$10.apply(ExpectedConditions.java:297)
at org.openqa.selenium.support.ui.FluentWait.until(FluentWait.java:249)
... 31 more
]]>
            </full-stacktrace>
          </exception> <!-- org.openqa.selenium.TimeoutException -->
          <reporter-output>
          </reporter-output>
        </test-method> <!-- AddNewAdhocOptionEnhancementRecord -->
        <test-method is-config="true" signature="afterEachMethod(java.lang.reflect.Method)[pri:0, instance:com.tetherfi.test.ivr.AdhocOptionEnhancementTest@2f10f633]" started-at="2019-09-14T16:58:08 IST" name="afterEachMethod" finished-at="2019-09-14T16:58:10 IST" duration-ms="1442" status="PASS">
          <params>
            <param index="0">
              <value>
                <![CDATA[public void com.tetherfi.test.ivr.AdhocOptionEnhancementTest.AddNewAdhocOptionEnhancementRecord() throws java.lang.Exception]]>
              </value>
            </param>
          </params>
          <reporter-output>
          </reporter-output>
        </test-method> <!-- afterEachMethod -->
        <test-method is-config="true" signature="endTestCase(java.lang.reflect.Method)[pri:0, instance:com.tetherfi.test.ivr.AdhocOptionEnhancementTest@2f10f633]" started-at="2019-09-14T16:58:10 IST" name="endTestCase" finished-at="2019-09-14T16:58:10 IST" duration-ms="0" status="PASS">
          <params>
            <param index="0">
              <value>
                <![CDATA[public void com.tetherfi.test.ivr.AdhocOptionEnhancementTest.AddNewAdhocOptionEnhancementRecord() throws java.lang.Exception]]>
              </value>
            </param>
          </params>
          <reporter-output>
          </reporter-output>
        </test-method> <!-- endTestCase -->
        <test-method signature="VerifyAuditTrialReportForCreate()[pri:3, instance:com.tetherfi.test.ivr.AdhocOptionEnhancementTest@2f10f633]" started-at="2019-09-14T16:58:10 IST" name="VerifyAuditTrialReportForCreate" finished-at="2019-09-14T16:58:10 IST" depends-on-methods="com.tetherfi.test.ivr.AdhocOptionEnhancementTest.AddNewAdhocOptionEnhancementRecord" duration-ms="0" status="SKIP">
          <exception class="java.lang.Throwable">
            <message>
              <![CDATA[Method AdhocOptionEnhancementTest.VerifyAuditTrialReportForCreate()[pri:3, instance:com.tetherfi.test.ivr.AdhocOptionEnhancementTest@2f10f633] depends on not successfully finished methods]]>
            </message>
            <full-stacktrace>
              <![CDATA[java.lang.Throwable: Method AdhocOptionEnhancementTest.VerifyAuditTrialReportForCreate()[pri:3, instance:com.tetherfi.test.ivr.AdhocOptionEnhancementTest@2f10f633] depends on not successfully finished methods
at org.testng.internal.TestInvoker.invokeTestMethods(TestInvoker.java:99)
at org.testng.internal.TestMethodWorker.invokeTestMethods(TestMethodWorker.java:146)
at org.testng.internal.TestMethodWorker.run(TestMethodWorker.java:128)
at java.base/java.util.ArrayList.forEach(Unknown Source)
at org.testng.TestRunner.privateRun(TestRunner.java:770)
at org.testng.TestRunner.run(TestRunner.java:591)
at org.testng.SuiteRunner.runTest(SuiteRunner.java:402)
at org.testng.SuiteRunner.runSequentially(SuiteRunner.java:396)
at org.testng.SuiteRunner.privateRun(SuiteRunner.java:355)
at org.testng.SuiteRunner.run(SuiteRunner.java:304)
at org.testng.SuiteRunnerWorker.runSuite(SuiteRunnerWorker.java:53)
at org.testng.SuiteRunnerWorker.run(SuiteRunnerWorker.java:96)
at org.testng.TestNG.runSuitesSequentially(TestNG.java:1180)
at org.testng.TestNG.runSuitesLocally(TestNG.java:1102)
at org.testng.TestNG.runSuites(TestNG.java:1032)
at org.testng.TestNG.run(TestNG.java:1000)
at org.testng.remote.AbstractRemoteTestNG.run(AbstractRemoteTestNG.java:115)
at org.testng.remote.RemoteTestNG.initAndRun(RemoteTestNG.java:251)
at org.testng.remote.RemoteTestNG.main(RemoteTestNG.java:77)
]]>
            </full-stacktrace>
          </exception> <!-- java.lang.Throwable -->
          <reporter-output>
          </reporter-output>
        </test-method> <!-- VerifyAuditTrialReportForCreate -->
        <test-method signature="AddDuplicateAdhocOptionEnhancementRecord()[pri:4, instance:com.tetherfi.test.ivr.AdhocOptionEnhancementTest@2f10f633]" started-at="2019-09-14T16:58:10 IST" name="AddDuplicateAdhocOptionEnhancementRecord" finished-at="2019-09-14T16:58:10 IST" depends-on-methods="com.tetherfi.test.ivr.AdhocOptionEnhancementTest.AddNewAdhocOptionEnhancementRecord" duration-ms="0" status="SKIP">
          <exception class="java.lang.Throwable">
            <message>
              <![CDATA[Method AdhocOptionEnhancementTest.AddDuplicateAdhocOptionEnhancementRecord()[pri:4, instance:com.tetherfi.test.ivr.AdhocOptionEnhancementTest@2f10f633] depends on not successfully finished methods]]>
            </message>
            <full-stacktrace>
              <![CDATA[java.lang.Throwable: Method AdhocOptionEnhancementTest.AddDuplicateAdhocOptionEnhancementRecord()[pri:4, instance:com.tetherfi.test.ivr.AdhocOptionEnhancementTest@2f10f633] depends on not successfully finished methods
at org.testng.internal.TestInvoker.invokeTestMethods(TestInvoker.java:99)
at org.testng.internal.TestMethodWorker.invokeTestMethods(TestMethodWorker.java:146)
at org.testng.internal.TestMethodWorker.run(TestMethodWorker.java:128)
at java.base/java.util.ArrayList.forEach(Unknown Source)
at org.testng.TestRunner.privateRun(TestRunner.java:770)
at org.testng.TestRunner.run(TestRunner.java:591)
at org.testng.SuiteRunner.runTest(SuiteRunner.java:402)
at org.testng.SuiteRunner.runSequentially(SuiteRunner.java:396)
at org.testng.SuiteRunner.privateRun(SuiteRunner.java:355)
at org.testng.SuiteRunner.run(SuiteRunner.java:304)
at org.testng.SuiteRunnerWorker.runSuite(SuiteRunnerWorker.java:53)
at org.testng.SuiteRunnerWorker.run(SuiteRunnerWorker.java:96)
at org.testng.TestNG.runSuitesSequentially(TestNG.java:1180)
at org.testng.TestNG.runSuitesLocally(TestNG.java:1102)
at org.testng.TestNG.runSuites(TestNG.java:1032)
at org.testng.TestNG.run(TestNG.java:1000)
at org.testng.remote.AbstractRemoteTestNG.run(AbstractRemoteTestNG.java:115)
at org.testng.remote.RemoteTestNG.initAndRun(RemoteTestNG.java:251)
at org.testng.remote.RemoteTestNG.main(RemoteTestNG.java:77)
]]>
            </full-stacktrace>
          </exception> <!-- java.lang.Throwable -->
          <reporter-output>
          </reporter-output>
        </test-method> <!-- AddDuplicateAdhocOptionEnhancementRecord -->
        <test-method signature="AddNewAdhocOptionEnhancementwithdifferentLangvageRecord()[pri:5, instance:com.tetherfi.test.ivr.AdhocOptionEnhancementTest@2f10f633]" started-at="2019-09-14T16:58:10 IST" name="AddNewAdhocOptionEnhancementwithdifferentLangvageRecord" finished-at="2019-09-14T16:58:10 IST" depends-on-methods="com.tetherfi.test.ivr.AdhocOptionEnhancementTest.AddDuplicateAdhocOptionEnhancementRecord" duration-ms="0" status="SKIP">
          <exception class="java.lang.Throwable">
            <message>
              <![CDATA[Method AdhocOptionEnhancementTest.AddNewAdhocOptionEnhancementwithdifferentLangvageRecord()[pri:5, instance:com.tetherfi.test.ivr.AdhocOptionEnhancementTest@2f10f633] depends on not successfully finished methods]]>
            </message>
            <full-stacktrace>
              <![CDATA[java.lang.Throwable: Method AdhocOptionEnhancementTest.AddNewAdhocOptionEnhancementwithdifferentLangvageRecord()[pri:5, instance:com.tetherfi.test.ivr.AdhocOptionEnhancementTest@2f10f633] depends on not successfully finished methods
at org.testng.internal.TestInvoker.invokeTestMethods(TestInvoker.java:99)
at org.testng.internal.TestMethodWorker.invokeTestMethods(TestMethodWorker.java:146)
at org.testng.internal.TestMethodWorker.run(TestMethodWorker.java:128)
at java.base/java.util.ArrayList.forEach(Unknown Source)
at org.testng.TestRunner.privateRun(TestRunner.java:770)
at org.testng.TestRunner.run(TestRunner.java:591)
at org.testng.SuiteRunner.runTest(SuiteRunner.java:402)
at org.testng.SuiteRunner.runSequentially(SuiteRunner.java:396)
at org.testng.SuiteRunner.privateRun(SuiteRunner.java:355)
at org.testng.SuiteRunner.run(SuiteRunner.java:304)
at org.testng.SuiteRunnerWorker.runSuite(SuiteRunnerWorker.java:53)
at org.testng.SuiteRunnerWorker.run(SuiteRunnerWorker.java:96)
at org.testng.TestNG.runSuitesSequentially(TestNG.java:1180)
at org.testng.TestNG.runSuitesLocally(TestNG.java:1102)
at org.testng.TestNG.runSuites(TestNG.java:1032)
at org.testng.TestNG.run(TestNG.java:1000)
at org.testng.remote.AbstractRemoteTestNG.run(AbstractRemoteTestNG.java:115)
at org.testng.remote.RemoteTestNG.initAndRun(RemoteTestNG.java:251)
at org.testng.remote.RemoteTestNG.main(RemoteTestNG.java:77)
]]>
            </full-stacktrace>
          </exception> <!-- java.lang.Throwable -->
          <reporter-output>
          </reporter-output>
        </test-method> <!-- AddNewAdhocOptionEnhancementwithdifferentLangvageRecord -->
        <test-method is-config="true" signature="NavigateToAdhocOptionEnhancementPage()[pri:0, instance:com.tetherfi.test.ivr.AdhocOptionEnhancementTest@2f10f633]" started-at="2019-09-14T16:58:10 IST" name="NavigateToAdhocOptionEnhancementPage" finished-at="2019-09-14T16:58:14 IST" duration-ms="3958" status="PASS">
          <reporter-output>
          </reporter-output>
        </test-method> <!-- NavigateToAdhocOptionEnhancementPage -->
        <test-method is-config="true" signature="startTestCase(java.lang.reflect.Method)[pri:0, instance:com.tetherfi.test.ivr.AdhocOptionEnhancementTest@2f10f633]" started-at="2019-09-14T16:58:10 IST" name="startTestCase" finished-at="2019-09-14T16:58:10 IST" duration-ms="0" status="PASS">
          <params>
            <param index="0">
              <value>
                <![CDATA[public void com.tetherfi.test.ivr.AdhocOptionEnhancementTest.AddEmptyAdhocOptionEnhancementRecord() throws java.io.IOException,java.lang.Exception]]>
              </value>
            </param>
          </params>
          <reporter-output>
          </reporter-output>
        </test-method> <!-- startTestCase -->
        <test-method signature="AddEmptyAdhocOptionEnhancementRecord()[pri:6, instance:com.tetherfi.test.ivr.AdhocOptionEnhancementTest@2f10f633]" started-at="2019-09-14T16:58:14 IST" name="AddEmptyAdhocOptionEnhancementRecord" finished-at="2019-09-14T16:58:15 IST" duration-ms="1332" status="PASS">
          <reporter-output>
          </reporter-output>
        </test-method> <!-- AddEmptyAdhocOptionEnhancementRecord -->
        <test-method is-config="true" signature="afterEachMethod(java.lang.reflect.Method)[pri:0, instance:com.tetherfi.test.ivr.AdhocOptionEnhancementTest@2f10f633]" started-at="2019-09-14T16:58:15 IST" name="afterEachMethod" finished-at="2019-09-14T16:58:16 IST" duration-ms="1209" status="PASS">
          <params>
            <param index="0">
              <value>
                <![CDATA[public void com.tetherfi.test.ivr.AdhocOptionEnhancementTest.AddEmptyAdhocOptionEnhancementRecord() throws java.io.IOException,java.lang.Exception]]>
              </value>
            </param>
          </params>
          <reporter-output>
          </reporter-output>
        </test-method> <!-- afterEachMethod -->
        <test-method is-config="true" signature="endTestCase(java.lang.reflect.Method)[pri:0, instance:com.tetherfi.test.ivr.AdhocOptionEnhancementTest@2f10f633]" started-at="2019-09-14T16:58:16 IST" name="endTestCase" finished-at="2019-09-14T16:58:16 IST" duration-ms="1" status="PASS">
          <params>
            <param index="0">
              <value>
                <![CDATA[public void com.tetherfi.test.ivr.AdhocOptionEnhancementTest.AddEmptyAdhocOptionEnhancementRecord() throws java.io.IOException,java.lang.Exception]]>
              </value>
            </param>
          </params>
          <reporter-output>
          </reporter-output>
        </test-method> <!-- endTestCase -->
        <test-method is-config="true" signature="startTestCase(java.lang.reflect.Method)[pri:0, instance:com.tetherfi.test.ivr.AdhocOptionEnhancementTest@2f10f633]" started-at="2019-09-14T16:58:16 IST" name="startTestCase" finished-at="2019-09-14T16:58:16 IST" duration-ms="0" status="PASS">
          <params>
            <param index="0">
              <value>
                <![CDATA[public void com.tetherfi.test.ivr.AdhocOptionEnhancementTest.AddAdhocOptionEnhancementRecordWithoutPromotionalNumber() throws java.io.IOException,java.lang.Exception]]>
              </value>
            </param>
          </params>
          <reporter-output>
          </reporter-output>
        </test-method> <!-- startTestCase -->
        <test-method is-config="true" signature="NavigateToAdhocOptionEnhancementPage()[pri:0, instance:com.tetherfi.test.ivr.AdhocOptionEnhancementTest@2f10f633]" started-at="2019-09-14T16:58:16 IST" name="NavigateToAdhocOptionEnhancementPage" finished-at="2019-09-14T16:58:20 IST" duration-ms="4054" status="PASS">
          <reporter-output>
          </reporter-output>
        </test-method> <!-- NavigateToAdhocOptionEnhancementPage -->
        <test-method signature="AddAdhocOptionEnhancementRecordWithoutPromotionalNumber()[pri:7, instance:com.tetherfi.test.ivr.AdhocOptionEnhancementTest@2f10f633]" started-at="2019-09-14T16:58:20 IST" name="AddAdhocOptionEnhancementRecordWithoutPromotionalNumber" finished-at="2019-09-14T16:58:37 IST" duration-ms="17122" status="PASS">
          <reporter-output>
          </reporter-output>
        </test-method> <!-- AddAdhocOptionEnhancementRecordWithoutPromotionalNumber -->
        <test-method is-config="true" signature="afterEachMethod(java.lang.reflect.Method)[pri:0, instance:com.tetherfi.test.ivr.AdhocOptionEnhancementTest@2f10f633]" started-at="2019-09-14T16:58:37 IST" name="afterEachMethod" finished-at="2019-09-14T16:58:38 IST" duration-ms="464" status="PASS">
          <params>
            <param index="0">
              <value>
                <![CDATA[public void com.tetherfi.test.ivr.AdhocOptionEnhancementTest.AddAdhocOptionEnhancementRecordWithoutPromotionalNumber() throws java.io.IOException,java.lang.Exception]]>
              </value>
            </param>
          </params>
          <reporter-output>
          </reporter-output>
        </test-method> <!-- afterEachMethod -->
        <test-method is-config="true" signature="endTestCase(java.lang.reflect.Method)[pri:0, instance:com.tetherfi.test.ivr.AdhocOptionEnhancementTest@2f10f633]" started-at="2019-09-14T16:58:38 IST" name="endTestCase" finished-at="2019-09-14T16:58:38 IST" duration-ms="0" status="PASS">
          <params>
            <param index="0">
              <value>
                <![CDATA[public void com.tetherfi.test.ivr.AdhocOptionEnhancementTest.AddAdhocOptionEnhancementRecordWithoutPromotionalNumber() throws java.io.IOException,java.lang.Exception]]>
              </value>
            </param>
          </params>
          <reporter-output>
          </reporter-output>
        </test-method> <!-- endTestCase -->
        <test-method is-config="true" signature="startTestCase(java.lang.reflect.Method)[pri:0, instance:com.tetherfi.test.ivr.AdhocOptionEnhancementTest@2f10f633]" started-at="2019-09-14T16:58:38 IST" name="startTestCase" finished-at="2019-09-14T16:58:38 IST" duration-ms="0" status="PASS">
          <params>
            <param index="0">
              <value>
                <![CDATA[public void com.tetherfi.test.ivr.AdhocOptionEnhancementTest.AddAdhocOptionEnhancementRecordWithoutPromotionalDescription() throws java.io.IOException,java.lang.Exception]]>
              </value>
            </param>
          </params>
          <reporter-output>
          </reporter-output>
        </test-method> <!-- startTestCase -->
        <test-method is-config="true" signature="NavigateToAdhocOptionEnhancementPage()[pri:0, instance:com.tetherfi.test.ivr.AdhocOptionEnhancementTest@2f10f633]" started-at="2019-09-14T16:58:38 IST" name="NavigateToAdhocOptionEnhancementPage" finished-at="2019-09-14T16:58:43 IST" duration-ms="4744" status="PASS">
          <reporter-output>
          </reporter-output>
        </test-method> <!-- NavigateToAdhocOptionEnhancementPage -->
        <test-method signature="AddAdhocOptionEnhancementRecordWithoutPromotionalDescription()[pri:8, instance:com.tetherfi.test.ivr.AdhocOptionEnhancementTest@2f10f633]" started-at="2019-09-14T16:58:43 IST" name="AddAdhocOptionEnhancementRecordWithoutPromotionalDescription" finished-at="2019-09-14T16:59:00 IST" duration-ms="17197" status="PASS">
          <reporter-output>
          </reporter-output>
        </test-method> <!-- AddAdhocOptionEnhancementRecordWithoutPromotionalDescription -->
        <test-method is-config="true" signature="afterEachMethod(java.lang.reflect.Method)[pri:0, instance:com.tetherfi.test.ivr.AdhocOptionEnhancementTest@2f10f633]" started-at="2019-09-14T16:59:00 IST" name="afterEachMethod" finished-at="2019-09-14T16:59:01 IST" duration-ms="1425" status="PASS">
          <params>
            <param index="0">
              <value>
                <![CDATA[public void com.tetherfi.test.ivr.AdhocOptionEnhancementTest.AddAdhocOptionEnhancementRecordWithoutPromotionalDescription() throws java.io.IOException,java.lang.Exception]]>
              </value>
            </param>
          </params>
          <reporter-output>
          </reporter-output>
        </test-method> <!-- afterEachMethod -->
        <test-method is-config="true" signature="endTestCase(java.lang.reflect.Method)[pri:0, instance:com.tetherfi.test.ivr.AdhocOptionEnhancementTest@2f10f633]" started-at="2019-09-14T16:59:01 IST" name="endTestCase" finished-at="2019-09-14T16:59:01 IST" duration-ms="0" status="PASS">
          <params>
            <param index="0">
              <value>
                <![CDATA[public void com.tetherfi.test.ivr.AdhocOptionEnhancementTest.AddAdhocOptionEnhancementRecordWithoutPromotionalDescription() throws java.io.IOException,java.lang.Exception]]>
              </value>
            </param>
          </params>
          <reporter-output>
          </reporter-output>
        </test-method> <!-- endTestCase -->
        <test-method is-config="true" signature="startTestCase(java.lang.reflect.Method)[pri:0, instance:com.tetherfi.test.ivr.AdhocOptionEnhancementTest@2f10f633]" started-at="2019-09-14T16:59:01 IST" name="startTestCase" finished-at="2019-09-14T16:59:01 IST" duration-ms="1" status="PASS">
          <params>
            <param index="0">
              <value>
                <![CDATA[public void com.tetherfi.test.ivr.AdhocOptionEnhancementTest.AddAdhocOptionEnhancementRecordWithoutLanguage() throws java.io.IOException,java.lang.Exception]]>
              </value>
            </param>
          </params>
          <reporter-output>
          </reporter-output>
        </test-method> <!-- startTestCase -->
        <test-method is-config="true" signature="NavigateToAdhocOptionEnhancementPage()[pri:0, instance:com.tetherfi.test.ivr.AdhocOptionEnhancementTest@2f10f633]" started-at="2019-09-14T16:59:01 IST" name="NavigateToAdhocOptionEnhancementPage" finished-at="2019-09-14T16:59:05 IST" duration-ms="4135" status="PASS">
          <reporter-output>
          </reporter-output>
        </test-method> <!-- NavigateToAdhocOptionEnhancementPage -->
        <test-method signature="AddAdhocOptionEnhancementRecordWithoutLanguage()[pri:9, instance:com.tetherfi.test.ivr.AdhocOptionEnhancementTest@2f10f633]" started-at="2019-09-14T16:59:05 IST" name="AddAdhocOptionEnhancementRecordWithoutLanguage" finished-at="2019-09-14T16:59:22 IST" duration-ms="16527" status="PASS">
          <reporter-output>
          </reporter-output>
        </test-method> <!-- AddAdhocOptionEnhancementRecordWithoutLanguage -->
        <test-method is-config="true" signature="afterEachMethod(java.lang.reflect.Method)[pri:0, instance:com.tetherfi.test.ivr.AdhocOptionEnhancementTest@2f10f633]" started-at="2019-09-14T16:59:22 IST" name="afterEachMethod" finished-at="2019-09-14T16:59:23 IST" duration-ms="1286" status="PASS">
          <params>
            <param index="0">
              <value>
                <![CDATA[public void com.tetherfi.test.ivr.AdhocOptionEnhancementTest.AddAdhocOptionEnhancementRecordWithoutLanguage() throws java.io.IOException,java.lang.Exception]]>
              </value>
            </param>
          </params>
          <reporter-output>
          </reporter-output>
        </test-method> <!-- afterEachMethod -->
        <test-method is-config="true" signature="endTestCase(java.lang.reflect.Method)[pri:0, instance:com.tetherfi.test.ivr.AdhocOptionEnhancementTest@2f10f633]" started-at="2019-09-14T16:59:23 IST" name="endTestCase" finished-at="2019-09-14T16:59:23 IST" duration-ms="0" status="PASS">
          <params>
            <param index="0">
              <value>
                <![CDATA[public void com.tetherfi.test.ivr.AdhocOptionEnhancementTest.AddAdhocOptionEnhancementRecordWithoutLanguage() throws java.io.IOException,java.lang.Exception]]>
              </value>
            </param>
          </params>
          <reporter-output>
          </reporter-output>
        </test-method> <!-- endTestCase -->
        <test-method is-config="true" signature="startTestCase(java.lang.reflect.Method)[pri:0, instance:com.tetherfi.test.ivr.AdhocOptionEnhancementTest@2f10f633]" started-at="2019-09-14T16:59:23 IST" name="startTestCase" finished-at="2019-09-14T16:59:23 IST" duration-ms="1" status="PASS">
          <params>
            <param index="0">
              <value>
                <![CDATA[public void com.tetherfi.test.ivr.AdhocOptionEnhancementTest.AddAdhocOptionEnhancementRecordWithoutDirectTransfer() throws java.io.IOException,java.lang.Exception]]>
              </value>
            </param>
          </params>
          <reporter-output>
          </reporter-output>
        </test-method> <!-- startTestCase -->
        <test-method is-config="true" signature="NavigateToAdhocOptionEnhancementPage()[pri:0, instance:com.tetherfi.test.ivr.AdhocOptionEnhancementTest@2f10f633]" started-at="2019-09-14T16:59:23 IST" name="NavigateToAdhocOptionEnhancementPage" finished-at="2019-09-14T16:59:27 IST" duration-ms="4048" status="PASS">
          <reporter-output>
          </reporter-output>
        </test-method> <!-- NavigateToAdhocOptionEnhancementPage -->
        <test-method signature="AddAdhocOptionEnhancementRecordWithoutDirectTransfer()[pri:10, instance:com.tetherfi.test.ivr.AdhocOptionEnhancementTest@2f10f633]" started-at="2019-09-14T16:59:27 IST" name="AddAdhocOptionEnhancementRecordWithoutDirectTransfer" finished-at="2019-09-14T16:59:43 IST" duration-ms="16039" status="PASS">
          <reporter-output>
          </reporter-output>
        </test-method> <!-- AddAdhocOptionEnhancementRecordWithoutDirectTransfer -->
        <test-method is-config="true" signature="afterEachMethod(java.lang.reflect.Method)[pri:0, instance:com.tetherfi.test.ivr.AdhocOptionEnhancementTest@2f10f633]" started-at="2019-09-14T16:59:43 IST" name="afterEachMethod" finished-at="2019-09-14T16:59:45 IST" duration-ms="1234" status="PASS">
          <params>
            <param index="0">
              <value>
                <![CDATA[public void com.tetherfi.test.ivr.AdhocOptionEnhancementTest.AddAdhocOptionEnhancementRecordWithoutDirectTransfer() throws java.io.IOException,java.lang.Exception]]>
              </value>
            </param>
          </params>
          <reporter-output>
          </reporter-output>
        </test-method> <!-- afterEachMethod -->
        <test-method is-config="true" signature="endTestCase(java.lang.reflect.Method)[pri:0, instance:com.tetherfi.test.ivr.AdhocOptionEnhancementTest@2f10f633]" started-at="2019-09-14T16:59:45 IST" name="endTestCase" finished-at="2019-09-14T16:59:45 IST" duration-ms="0" status="PASS">
          <params>
            <param index="0">
              <value>
                <![CDATA[public void com.tetherfi.test.ivr.AdhocOptionEnhancementTest.AddAdhocOptionEnhancementRecordWithoutDirectTransfer() throws java.io.IOException,java.lang.Exception]]>
              </value>
            </param>
          </params>
          <reporter-output>
          </reporter-output>
        </test-method> <!-- endTestCase -->
        <test-method is-config="true" signature="startTestCase(java.lang.reflect.Method)[pri:0, instance:com.tetherfi.test.ivr.AdhocOptionEnhancementTest@2f10f633]" started-at="2019-09-14T16:59:45 IST" name="startTestCase" finished-at="2019-09-14T16:59:45 IST" duration-ms="1" status="PASS">
          <params>
            <param index="0">
              <value>
                <![CDATA[public void com.tetherfi.test.ivr.AdhocOptionEnhancementTest.AddAdhocOptionEnhancementRecordWithoutPromotionNameWavfile() throws java.io.IOException,java.lang.Exception]]>
              </value>
            </param>
          </params>
          <reporter-output>
          </reporter-output>
        </test-method> <!-- startTestCase -->
        <test-method is-config="true" signature="NavigateToAdhocOptionEnhancementPage()[pri:0, instance:com.tetherfi.test.ivr.AdhocOptionEnhancementTest@2f10f633]" started-at="2019-09-14T16:59:45 IST" name="NavigateToAdhocOptionEnhancementPage" finished-at="2019-09-14T16:59:49 IST" duration-ms="4023" status="PASS">
          <reporter-output>
          </reporter-output>
        </test-method> <!-- NavigateToAdhocOptionEnhancementPage -->
        <test-method signature="AddAdhocOptionEnhancementRecordWithoutPromotionNameWavfile()[pri:11, instance:com.tetherfi.test.ivr.AdhocOptionEnhancementTest@2f10f633]" started-at="2019-09-14T16:59:49 IST" name="AddAdhocOptionEnhancementRecordWithoutPromotionNameWavfile" finished-at="2019-09-14T17:01:22 IST" duration-ms="92991" status="FAIL">
          <exception class="java.lang.IndexOutOfBoundsException">
            <message>
              <![CDATA[Index 0 out-of-bounds for length 0]]>
            </message>
            <full-stacktrace>
              <![CDATA[java.lang.IndexOutOfBoundsException: Index 0 out-of-bounds for length 0
at java.base/jdk.internal.util.Preconditions.outOfBounds(Unknown Source)
at java.base/jdk.internal.util.Preconditions.outOfBoundsCheckIndex(Unknown Source)
at java.base/jdk.internal.util.Preconditions.checkIndex(Unknown Source)
at java.base/java.util.Objects.checkIndex(Unknown Source)
at java.base/java.util.ArrayList.get(Unknown Source)
at java.base/jdk.internal.reflect.GeneratedMethodAccessor7.invoke(Unknown Source)
at java.base/jdk.internal.reflect.DelegatingMethodAccessorImpl.invoke(Unknown Source)
at java.base/java.lang.reflect.Method.invoke(Unknown Source)
at org.openqa.selenium.support.pagefactory.internal.LocatingElementListHandler.invoke(LocatingElementListHandler.java:39)
at com.sun.proxy.$Proxy15.get(Unknown Source)
at com.tetherfi.pages.AdhocOptionEnhancementPage.verifyErrorMessage(AdhocOptionEnhancementPage.java:869)
at com.tetherfi.test.ivr.AdhocOptionEnhancementTest.AddAdhocOptionEnhancementRecordWithoutPromotionNameWavfile(AdhocOptionEnhancementTest.java:154)
at java.base/jdk.internal.reflect.NativeMethodAccessorImpl.invoke0(Native Method)
at java.base/jdk.internal.reflect.NativeMethodAccessorImpl.invoke(Unknown Source)
at java.base/jdk.internal.reflect.DelegatingMethodAccessorImpl.invoke(Unknown Source)
at java.base/java.lang.reflect.Method.invoke(Unknown Source)
at org.testng.internal.MethodInvocationHelper.invokeMethod(MethodInvocationHelper.java:133)
at org.testng.internal.TestInvoker.invokeMethod(TestInvoker.java:584)
at org.testng.internal.TestInvoker.invokeTestMethod(TestInvoker.java:172)
at org.testng.internal.MethodRunner.runInSequence(MethodRunner.java:46)
at org.testng.internal.TestInvoker$MethodInvocationAgent.invoke(TestInvoker.java:804)
at org.testng.internal.TestInvoker.invokeTestMethods(TestInvoker.java:145)
at org.testng.internal.TestMethodWorker.invokeTestMethods(TestMethodWorker.java:146)
at org.testng.internal.TestMethodWorker.run(TestMethodWorker.java:128)
at java.base/java.util.ArrayList.forEach(Unknown Source)
at org.testng.TestRunner.privateRun(TestRunner.java:770)
at org.testng.TestRunner.run(TestRunner.java:591)
at org.testng.SuiteRunner.runTest(SuiteRunner.java:402)
at org.testng.SuiteRunner.runSequentially(SuiteRunner.java:396)
at org.testng.SuiteRunner.privateRun(SuiteRunner.java:355)
at org.testng.SuiteRunner.run(SuiteRunner.java:304)
at org.testng.SuiteRunnerWorker.runSuite(SuiteRunnerWorker.java:53)
at org.testng.SuiteRunnerWorker.run(SuiteRunnerWorker.java:96)
at org.testng.TestNG.runSuitesSequentially(TestNG.java:1180)
at org.testng.TestNG.runSuitesLocally(TestNG.java:1102)
at org.testng.TestNG.runSuites(TestNG.java:1032)
at org.testng.TestNG.run(TestNG.java:1000)
at org.testng.remote.AbstractRemoteTestNG.run(AbstractRemoteTestNG.java:115)
at org.testng.remote.RemoteTestNG.initAndRun(RemoteTestNG.java:251)
at org.testng.remote.RemoteTestNG.main(RemoteTestNG.java:77)
]]>
            </full-stacktrace>
          </exception> <!-- java.lang.IndexOutOfBoundsException -->
          <reporter-output>
          </reporter-output>
        </test-method> <!-- AddAdhocOptionEnhancementRecordWithoutPromotionNameWavfile -->
        <test-method is-config="true" signature="afterEachMethod(java.lang.reflect.Method)[pri:0, instance:com.tetherfi.test.ivr.AdhocOptionEnhancementTest@2f10f633]" started-at="2019-09-14T17:01:22 IST" name="afterEachMethod" finished-at="2019-09-14T17:01:23 IST" duration-ms="1437" status="PASS">
          <params>
            <param index="0">
              <value>
                <![CDATA[public void com.tetherfi.test.ivr.AdhocOptionEnhancementTest.AddAdhocOptionEnhancementRecordWithoutPromotionNameWavfile() throws java.io.IOException,java.lang.Exception]]>
              </value>
            </param>
          </params>
          <reporter-output>
          </reporter-output>
        </test-method> <!-- afterEachMethod -->
        <test-method is-config="true" signature="endTestCase(java.lang.reflect.Method)[pri:0, instance:com.tetherfi.test.ivr.AdhocOptionEnhancementTest@2f10f633]" started-at="2019-09-14T17:01:23 IST" name="endTestCase" finished-at="2019-09-14T17:01:23 IST" duration-ms="1" status="PASS">
          <params>
            <param index="0">
              <value>
                <![CDATA[public void com.tetherfi.test.ivr.AdhocOptionEnhancementTest.AddAdhocOptionEnhancementRecordWithoutPromotionNameWavfile() throws java.io.IOException,java.lang.Exception]]>
              </value>
            </param>
          </params>
          <reporter-output>
          </reporter-output>
        </test-method> <!-- endTestCase -->
        <test-method is-config="true" signature="NavigateToAdhocOptionEnhancementPage()[pri:0, instance:com.tetherfi.test.ivr.AdhocOptionEnhancementTest@2f10f633]" started-at="2019-09-14T17:01:23 IST" name="NavigateToAdhocOptionEnhancementPage" finished-at="2019-09-14T17:01:27 IST" duration-ms="4460" status="PASS">
          <reporter-output>
          </reporter-output>
        </test-method> <!-- NavigateToAdhocOptionEnhancementPage -->
        <test-method is-config="true" signature="startTestCase(java.lang.reflect.Method)[pri:0, instance:com.tetherfi.test.ivr.AdhocOptionEnhancementTest@2f10f633]" started-at="2019-09-14T17:01:23 IST" name="startTestCase" finished-at="2019-09-14T17:01:23 IST" duration-ms="0" status="PASS">
          <params>
            <param index="0">
              <value>
                <![CDATA[public void com.tetherfi.test.ivr.AdhocOptionEnhancementTest.AddAdhocOptionEnhancementRecordWithoutPromotionDetailsWavfile() throws java.io.IOException,java.lang.Exception]]>
              </value>
            </param>
          </params>
          <reporter-output>
          </reporter-output>
        </test-method> <!-- startTestCase -->
        <test-method signature="AddAdhocOptionEnhancementRecordWithoutPromotionDetailsWavfile()[pri:12, instance:com.tetherfi.test.ivr.AdhocOptionEnhancementTest@2f10f633]" started-at="2019-09-14T17:01:27 IST" name="AddAdhocOptionEnhancementRecordWithoutPromotionDetailsWavfile" finished-at="2019-09-14T17:03:00 IST" duration-ms="92846" status="FAIL">
          <exception class="java.lang.IndexOutOfBoundsException">
            <message>
              <![CDATA[Index 0 out-of-bounds for length 0]]>
            </message>
            <full-stacktrace>
              <![CDATA[java.lang.IndexOutOfBoundsException: Index 0 out-of-bounds for length 0
at java.base/jdk.internal.util.Preconditions.outOfBounds(Unknown Source)
at java.base/jdk.internal.util.Preconditions.outOfBoundsCheckIndex(Unknown Source)
at java.base/jdk.internal.util.Preconditions.checkIndex(Unknown Source)
at java.base/java.util.Objects.checkIndex(Unknown Source)
at java.base/java.util.ArrayList.get(Unknown Source)
at java.base/jdk.internal.reflect.GeneratedMethodAccessor7.invoke(Unknown Source)
at java.base/jdk.internal.reflect.DelegatingMethodAccessorImpl.invoke(Unknown Source)
at java.base/java.lang.reflect.Method.invoke(Unknown Source)
at org.openqa.selenium.support.pagefactory.internal.LocatingElementListHandler.invoke(LocatingElementListHandler.java:39)
at com.sun.proxy.$Proxy15.get(Unknown Source)
at com.tetherfi.pages.AdhocOptionEnhancementPage.verifyErrorMessage(AdhocOptionEnhancementPage.java:869)
at com.tetherfi.test.ivr.AdhocOptionEnhancementTest.AddAdhocOptionEnhancementRecordWithoutPromotionDetailsWavfile(AdhocOptionEnhancementTest.java:163)
at java.base/jdk.internal.reflect.NativeMethodAccessorImpl.invoke0(Native Method)
at java.base/jdk.internal.reflect.NativeMethodAccessorImpl.invoke(Unknown Source)
at java.base/jdk.internal.reflect.DelegatingMethodAccessorImpl.invoke(Unknown Source)
at java.base/java.lang.reflect.Method.invoke(Unknown Source)
at org.testng.internal.MethodInvocationHelper.invokeMethod(MethodInvocationHelper.java:133)
at org.testng.internal.TestInvoker.invokeMethod(TestInvoker.java:584)
at org.testng.internal.TestInvoker.invokeTestMethod(TestInvoker.java:172)
at org.testng.internal.MethodRunner.runInSequence(MethodRunner.java:46)
at org.testng.internal.TestInvoker$MethodInvocationAgent.invoke(TestInvoker.java:804)
at org.testng.internal.TestInvoker.invokeTestMethods(TestInvoker.java:145)
at org.testng.internal.TestMethodWorker.invokeTestMethods(TestMethodWorker.java:146)
at org.testng.internal.TestMethodWorker.run(TestMethodWorker.java:128)
at java.base/java.util.ArrayList.forEach(Unknown Source)
at org.testng.TestRunner.privateRun(TestRunner.java:770)
at org.testng.TestRunner.run(TestRunner.java:591)
at org.testng.SuiteRunner.runTest(SuiteRunner.java:402)
at org.testng.SuiteRunner.runSequentially(SuiteRunner.java:396)
at org.testng.SuiteRunner.privateRun(SuiteRunner.java:355)
at org.testng.SuiteRunner.run(SuiteRunner.java:304)
at org.testng.SuiteRunnerWorker.runSuite(SuiteRunnerWorker.java:53)
at org.testng.SuiteRunnerWorker.run(SuiteRunnerWorker.java:96)
at org.testng.TestNG.runSuitesSequentially(TestNG.java:1180)
at org.testng.TestNG.runSuitesLocally(TestNG.java:1102)
at org.testng.TestNG.runSuites(TestNG.java:1032)
at org.testng.TestNG.run(TestNG.java:1000)
at org.testng.remote.AbstractRemoteTestNG.run(AbstractRemoteTestNG.java:115)
at org.testng.remote.RemoteTestNG.initAndRun(RemoteTestNG.java:251)
at org.testng.remote.RemoteTestNG.main(RemoteTestNG.java:77)
]]>
            </full-stacktrace>
          </exception> <!-- java.lang.IndexOutOfBoundsException -->
          <reporter-output>
          </reporter-output>
        </test-method> <!-- AddAdhocOptionEnhancementRecordWithoutPromotionDetailsWavfile -->
        <test-method is-config="true" signature="afterEachMethod(java.lang.reflect.Method)[pri:0, instance:com.tetherfi.test.ivr.AdhocOptionEnhancementTest@2f10f633]" started-at="2019-09-14T17:03:00 IST" name="afterEachMethod" finished-at="2019-09-14T17:03:02 IST" duration-ms="1443" status="PASS">
          <params>
            <param index="0">
              <value>
                <![CDATA[public void com.tetherfi.test.ivr.AdhocOptionEnhancementTest.AddAdhocOptionEnhancementRecordWithoutPromotionDetailsWavfile() throws java.io.IOException,java.lang.Exception]]>
              </value>
            </param>
          </params>
          <reporter-output>
          </reporter-output>
        </test-method> <!-- afterEachMethod -->
        <test-method is-config="true" signature="endTestCase(java.lang.reflect.Method)[pri:0, instance:com.tetherfi.test.ivr.AdhocOptionEnhancementTest@2f10f633]" started-at="2019-09-14T17:03:02 IST" name="endTestCase" finished-at="2019-09-14T17:03:02 IST" duration-ms="0" status="PASS">
          <params>
            <param index="0">
              <value>
                <![CDATA[public void com.tetherfi.test.ivr.AdhocOptionEnhancementTest.AddAdhocOptionEnhancementRecordWithoutPromotionDetailsWavfile() throws java.io.IOException,java.lang.Exception]]>
              </value>
            </param>
          </params>
          <reporter-output>
          </reporter-output>
        </test-method> <!-- endTestCase -->
        <test-method is-config="true" signature="startTestCase(java.lang.reflect.Method)[pri:0, instance:com.tetherfi.test.ivr.AdhocOptionEnhancementTest@2f10f633]" started-at="2019-09-14T17:03:02 IST" name="startTestCase" finished-at="2019-09-14T17:03:02 IST" duration-ms="0" status="PASS">
          <params>
            <param index="0">
              <value>
                <![CDATA[public void com.tetherfi.test.ivr.AdhocOptionEnhancementTest.AddEmptyAdhocOptionEnhancementRecordWithoutIntent() throws java.io.IOException,java.lang.Exception]]>
              </value>
            </param>
          </params>
          <reporter-output>
          </reporter-output>
        </test-method> <!-- startTestCase -->
        <test-method is-config="true" signature="NavigateToAdhocOptionEnhancementPage()[pri:0, instance:com.tetherfi.test.ivr.AdhocOptionEnhancementTest@2f10f633]" started-at="2019-09-14T17:03:02 IST" name="NavigateToAdhocOptionEnhancementPage" finished-at="2019-09-14T17:03:06 IST" duration-ms="4453" status="PASS">
          <reporter-output>
          </reporter-output>
        </test-method> <!-- NavigateToAdhocOptionEnhancementPage -->
        <test-method signature="AddEmptyAdhocOptionEnhancementRecordWithoutIntent()[pri:13, instance:com.tetherfi.test.ivr.AdhocOptionEnhancementTest@2f10f633]" started-at="2019-09-14T17:03:06 IST" name="AddEmptyAdhocOptionEnhancementRecordWithoutIntent" finished-at="2019-09-14T17:03:23 IST" duration-ms="17041" status="PASS">
          <reporter-output>
          </reporter-output>
        </test-method> <!-- AddEmptyAdhocOptionEnhancementRecordWithoutIntent -->
        <test-method is-config="true" signature="afterEachMethod(java.lang.reflect.Method)[pri:0, instance:com.tetherfi.test.ivr.AdhocOptionEnhancementTest@2f10f633]" started-at="2019-09-14T17:03:23 IST" name="afterEachMethod" finished-at="2019-09-14T17:03:24 IST" duration-ms="1180" status="PASS">
          <params>
            <param index="0">
              <value>
                <![CDATA[public void com.tetherfi.test.ivr.AdhocOptionEnhancementTest.AddEmptyAdhocOptionEnhancementRecordWithoutIntent() throws java.io.IOException,java.lang.Exception]]>
              </value>
            </param>
          </params>
          <reporter-output>
          </reporter-output>
        </test-method> <!-- afterEachMethod -->
        <test-method is-config="true" signature="endTestCase(java.lang.reflect.Method)[pri:0, instance:com.tetherfi.test.ivr.AdhocOptionEnhancementTest@2f10f633]" started-at="2019-09-14T17:03:24 IST" name="endTestCase" finished-at="2019-09-14T17:03:24 IST" duration-ms="1" status="PASS">
          <params>
            <param index="0">
              <value>
                <![CDATA[public void com.tetherfi.test.ivr.AdhocOptionEnhancementTest.AddEmptyAdhocOptionEnhancementRecordWithoutIntent() throws java.io.IOException,java.lang.Exception]]>
              </value>
            </param>
          </params>
          <reporter-output>
          </reporter-output>
        </test-method> <!-- endTestCase -->
        <test-method is-config="true" signature="startTestCase(java.lang.reflect.Method)[pri:0, instance:com.tetherfi.test.ivr.AdhocOptionEnhancementTest@2f10f633]" started-at="2019-09-14T17:03:24 IST" name="startTestCase" finished-at="2019-09-14T17:03:24 IST" duration-ms="1" status="PASS">
          <params>
            <param index="0">
              <value>
                <![CDATA[public void com.tetherfi.test.ivr.AdhocOptionEnhancementTest.AddAdhocOptionEnhancementRecordWithoutStatus() throws java.io.IOException,java.lang.Exception]]>
              </value>
            </param>
          </params>
          <reporter-output>
          </reporter-output>
        </test-method> <!-- startTestCase -->
        <test-method is-config="true" signature="NavigateToAdhocOptionEnhancementPage()[pri:0, instance:com.tetherfi.test.ivr.AdhocOptionEnhancementTest@2f10f633]" started-at="2019-09-14T17:03:24 IST" name="NavigateToAdhocOptionEnhancementPage" finished-at="2019-09-14T17:03:28 IST" duration-ms="4040" status="PASS">
          <reporter-output>
          </reporter-output>
        </test-method> <!-- NavigateToAdhocOptionEnhancementPage -->
        <test-method signature="AddAdhocOptionEnhancementRecordWithoutStatus()[pri:14, instance:com.tetherfi.test.ivr.AdhocOptionEnhancementTest@2f10f633]" started-at="2019-09-14T17:03:28 IST" name="AddAdhocOptionEnhancementRecordWithoutStatus" finished-at="2019-09-14T17:03:45 IST" duration-ms="16493" status="PASS">
          <reporter-output>
          </reporter-output>
        </test-method> <!-- AddAdhocOptionEnhancementRecordWithoutStatus -->
        <test-method is-config="true" signature="afterEachMethod(java.lang.reflect.Method)[pri:0, instance:com.tetherfi.test.ivr.AdhocOptionEnhancementTest@2f10f633]" started-at="2019-09-14T17:03:45 IST" name="afterEachMethod" finished-at="2019-09-14T17:03:45 IST" duration-ms="447" status="PASS">
          <params>
            <param index="0">
              <value>
                <![CDATA[public void com.tetherfi.test.ivr.AdhocOptionEnhancementTest.AddAdhocOptionEnhancementRecordWithoutStatus() throws java.io.IOException,java.lang.Exception]]>
              </value>
            </param>
          </params>
          <reporter-output>
          </reporter-output>
        </test-method> <!-- afterEachMethod -->
        <test-method is-config="true" signature="endTestCase(java.lang.reflect.Method)[pri:0, instance:com.tetherfi.test.ivr.AdhocOptionEnhancementTest@2f10f633]" started-at="2019-09-14T17:03:45 IST" name="endTestCase" finished-at="2019-09-14T17:03:45 IST" duration-ms="0" status="PASS">
          <params>
            <param index="0">
              <value>
                <![CDATA[public void com.tetherfi.test.ivr.AdhocOptionEnhancementTest.AddAdhocOptionEnhancementRecordWithoutStatus() throws java.io.IOException,java.lang.Exception]]>
              </value>
            </param>
          </params>
          <reporter-output>
          </reporter-output>
        </test-method> <!-- endTestCase -->
        <test-method is-config="true" signature="startTestCase(java.lang.reflect.Method)[pri:0, instance:com.tetherfi.test.ivr.AdhocOptionEnhancementTest@2f10f633]" started-at="2019-09-14T17:03:45 IST" name="startTestCase" finished-at="2019-09-14T17:03:45 IST" duration-ms="1" status="PASS">
          <params>
            <param index="0">
              <value>
                <![CDATA[public void com.tetherfi.test.ivr.AdhocOptionEnhancementTest.VerifyCancelButtonAtAddAdhocOptionEnhancementRecord() throws java.io.IOException]]>
              </value>
            </param>
          </params>
          <reporter-output>
          </reporter-output>
        </test-method> <!-- startTestCase -->
        <test-method is-config="true" signature="NavigateToAdhocOptionEnhancementPage()[pri:0, instance:com.tetherfi.test.ivr.AdhocOptionEnhancementTest@2f10f633]" started-at="2019-09-14T17:03:45 IST" name="NavigateToAdhocOptionEnhancementPage" finished-at="2019-09-14T17:03:50 IST" duration-ms="4381" status="PASS">
          <reporter-output>
          </reporter-output>
        </test-method> <!-- NavigateToAdhocOptionEnhancementPage -->
        <test-method signature="VerifyCancelButtonAtAddAdhocOptionEnhancementRecord()[pri:15, instance:com.tetherfi.test.ivr.AdhocOptionEnhancementTest@2f10f633]" started-at="2019-09-14T17:03:50 IST" name="VerifyCancelButtonAtAddAdhocOptionEnhancementRecord" finished-at="2019-09-14T17:04:34 IST" duration-ms="43875" status="PASS">
          <reporter-output>
          </reporter-output>
        </test-method> <!-- VerifyCancelButtonAtAddAdhocOptionEnhancementRecord -->
        <test-method is-config="true" signature="afterEachMethod(java.lang.reflect.Method)[pri:0, instance:com.tetherfi.test.ivr.AdhocOptionEnhancementTest@2f10f633]" started-at="2019-09-14T17:04:34 IST" name="afterEachMethod" finished-at="2019-09-14T17:04:35 IST" duration-ms="1414" status="PASS">
          <params>
            <param index="0">
              <value>
                <![CDATA[public void com.tetherfi.test.ivr.AdhocOptionEnhancementTest.VerifyCancelButtonAtAddAdhocOptionEnhancementRecord() throws java.io.IOException]]>
              </value>
            </param>
          </params>
          <reporter-output>
          </reporter-output>
        </test-method> <!-- afterEachMethod -->
        <test-method is-config="true" signature="endTestCase(java.lang.reflect.Method)[pri:0, instance:com.tetherfi.test.ivr.AdhocOptionEnhancementTest@2f10f633]" started-at="2019-09-14T17:04:35 IST" name="endTestCase" finished-at="2019-09-14T17:04:35 IST" duration-ms="1" status="PASS">
          <params>
            <param index="0">
              <value>
                <![CDATA[public void com.tetherfi.test.ivr.AdhocOptionEnhancementTest.VerifyCancelButtonAtAddAdhocOptionEnhancementRecord() throws java.io.IOException]]>
              </value>
            </param>
          </params>
          <reporter-output>
          </reporter-output>
        </test-method> <!-- endTestCase -->
        <test-method is-config="true" signature="NavigateToAdhocOptionEnhancementPage()[pri:0, instance:com.tetherfi.test.ivr.AdhocOptionEnhancementTest@2f10f633]" started-at="2019-09-14T17:04:35 IST" name="NavigateToAdhocOptionEnhancementPage" finished-at="2019-09-14T17:04:39 IST" duration-ms="3851" status="PASS">
          <reporter-output>
          </reporter-output>
        </test-method> <!-- NavigateToAdhocOptionEnhancementPage -->
        <test-method is-config="true" signature="startTestCase(java.lang.reflect.Method)[pri:0, instance:com.tetherfi.test.ivr.AdhocOptionEnhancementTest@2f10f633]" started-at="2019-09-14T17:04:35 IST" name="startTestCase" finished-at="2019-09-14T17:04:35 IST" duration-ms="0" status="PASS">
          <params>
            <param index="0">
              <value>
                <![CDATA[public void com.tetherfi.test.ivr.AdhocOptionEnhancementTest.EditAdhocOptionEnhancementRecord() throws java.lang.Exception]]>
              </value>
            </param>
          </params>
          <reporter-output>
          </reporter-output>
        </test-method> <!-- startTestCase -->
        <test-method signature="EditAdhocOptionEnhancementRecord()[pri:16, instance:com.tetherfi.test.ivr.AdhocOptionEnhancementTest@2f10f633]" started-at="2019-09-14T17:04:39 IST" name="EditAdhocOptionEnhancementRecord" finished-at="2019-09-14T17:05:07 IST" duration-ms="27859" status="PASS">
          <reporter-output>
          </reporter-output>
        </test-method> <!-- EditAdhocOptionEnhancementRecord -->
        <test-method is-config="true" signature="afterEachMethod(java.lang.reflect.Method)[pri:0, instance:com.tetherfi.test.ivr.AdhocOptionEnhancementTest@2f10f633]" started-at="2019-09-14T17:05:07 IST" name="afterEachMethod" finished-at="2019-09-14T17:05:08 IST" duration-ms="1302" status="PASS">
          <params>
            <param index="0">
              <value>
                <![CDATA[public void com.tetherfi.test.ivr.AdhocOptionEnhancementTest.EditAdhocOptionEnhancementRecord() throws java.lang.Exception]]>
              </value>
            </param>
          </params>
          <reporter-output>
          </reporter-output>
        </test-method> <!-- afterEachMethod -->
        <test-method is-config="true" signature="endTestCase(java.lang.reflect.Method)[pri:0, instance:com.tetherfi.test.ivr.AdhocOptionEnhancementTest@2f10f633]" started-at="2019-09-14T17:05:08 IST" name="endTestCase" finished-at="2019-09-14T17:05:08 IST" duration-ms="0" status="PASS">
          <params>
            <param index="0">
              <value>
                <![CDATA[public void com.tetherfi.test.ivr.AdhocOptionEnhancementTest.EditAdhocOptionEnhancementRecord() throws java.lang.Exception]]>
              </value>
            </param>
          </params>
          <reporter-output>
          </reporter-output>
        </test-method> <!-- endTestCase -->
        <test-method is-config="true" signature="NavigateToAdhocOptionEnhancementPage()[pri:0, instance:com.tetherfi.test.ivr.AdhocOptionEnhancementTest@2f10f633]" started-at="2019-09-14T17:05:08 IST" name="NavigateToAdhocOptionEnhancementPage" finished-at="2019-09-14T17:05:12 IST" duration-ms="3865" status="PASS">
          <reporter-output>
          </reporter-output>
        </test-method> <!-- NavigateToAdhocOptionEnhancementPage -->
        <test-method is-config="true" signature="startTestCase(java.lang.reflect.Method)[pri:0, instance:com.tetherfi.test.ivr.AdhocOptionEnhancementTest@2f10f633]" started-at="2019-09-14T17:05:08 IST" name="startTestCase" finished-at="2019-09-14T17:05:08 IST" duration-ms="0" status="PASS">
          <params>
            <param index="0">
              <value>
                <![CDATA[public void com.tetherfi.test.ivr.AdhocOptionEnhancementTest.VerifyAuditTrialReportForUpdate() throws java.lang.Exception]]>
              </value>
            </param>
          </params>
          <reporter-output>
          </reporter-output>
        </test-method> <!-- startTestCase -->
        <test-method signature="VerifyAuditTrialReportForUpdate()[pri:17, instance:com.tetherfi.test.ivr.AdhocOptionEnhancementTest@2f10f633]" started-at="2019-09-14T17:05:12 IST" name="VerifyAuditTrialReportForUpdate" finished-at="2019-09-14T17:05:35 IST" depends-on-methods="com.tetherfi.test.ivr.AdhocOptionEnhancementTest.EditAdhocOptionEnhancementRecord" duration-ms="22905" status="PASS">
          <reporter-output>
          </reporter-output>
        </test-method> <!-- VerifyAuditTrialReportForUpdate -->
        <test-method is-config="true" signature="afterEachMethod(java.lang.reflect.Method)[pri:0, instance:com.tetherfi.test.ivr.AdhocOptionEnhancementTest@2f10f633]" started-at="2019-09-14T17:05:35 IST" name="afterEachMethod" finished-at="2019-09-14T17:05:36 IST" duration-ms="1315" status="PASS">
          <params>
            <param index="0">
              <value>
                <![CDATA[public void com.tetherfi.test.ivr.AdhocOptionEnhancementTest.VerifyAuditTrialReportForUpdate() throws java.lang.Exception]]>
              </value>
            </param>
          </params>
          <reporter-output>
          </reporter-output>
        </test-method> <!-- afterEachMethod -->
        <test-method is-config="true" signature="endTestCase(java.lang.reflect.Method)[pri:0, instance:com.tetherfi.test.ivr.AdhocOptionEnhancementTest@2f10f633]" started-at="2019-09-14T17:05:36 IST" name="endTestCase" finished-at="2019-09-14T17:05:36 IST" duration-ms="0" status="PASS">
          <params>
            <param index="0">
              <value>
                <![CDATA[public void com.tetherfi.test.ivr.AdhocOptionEnhancementTest.VerifyAuditTrialReportForUpdate() throws java.lang.Exception]]>
              </value>
            </param>
          </params>
          <reporter-output>
          </reporter-output>
        </test-method> <!-- endTestCase -->
        <test-method is-config="true" signature="startTestCase(java.lang.reflect.Method)[pri:0, instance:com.tetherfi.test.ivr.AdhocOptionEnhancementTest@2f10f633]" started-at="2019-09-14T17:05:36 IST" name="startTestCase" finished-at="2019-09-14T17:05:36 IST" duration-ms="0" status="PASS">
          <params>
            <param index="0">
              <value>
                <![CDATA[public void com.tetherfi.test.ivr.AdhocOptionEnhancementTest.EditEmptyAdhocOptionEnhancementRecord() throws java.lang.Exception]]>
              </value>
            </param>
          </params>
          <reporter-output>
          </reporter-output>
        </test-method> <!-- startTestCase -->
        <test-method is-config="true" signature="NavigateToAdhocOptionEnhancementPage()[pri:0, instance:com.tetherfi.test.ivr.AdhocOptionEnhancementTest@2f10f633]" started-at="2019-09-14T17:05:36 IST" name="NavigateToAdhocOptionEnhancementPage" finished-at="2019-09-14T17:05:40 IST" duration-ms="4067" status="PASS">
          <reporter-output>
          </reporter-output>
        </test-method> <!-- NavigateToAdhocOptionEnhancementPage -->
        <test-method signature="EditEmptyAdhocOptionEnhancementRecord()[pri:18, instance:com.tetherfi.test.ivr.AdhocOptionEnhancementTest@2f10f633]" started-at="2019-09-14T17:05:40 IST" name="EditEmptyAdhocOptionEnhancementRecord" finished-at="2019-09-14T17:05:50 IST" duration-ms="9661" status="PASS">
          <reporter-output>
          </reporter-output>
        </test-method> <!-- EditEmptyAdhocOptionEnhancementRecord -->
        <test-method is-config="true" signature="afterEachMethod(java.lang.reflect.Method)[pri:0, instance:com.tetherfi.test.ivr.AdhocOptionEnhancementTest@2f10f633]" started-at="2019-09-14T17:05:50 IST" name="afterEachMethod" finished-at="2019-09-14T17:05:51 IST" duration-ms="1304" status="PASS">
          <params>
            <param index="0">
              <value>
                <![CDATA[public void com.tetherfi.test.ivr.AdhocOptionEnhancementTest.EditEmptyAdhocOptionEnhancementRecord() throws java.lang.Exception]]>
              </value>
            </param>
          </params>
          <reporter-output>
          </reporter-output>
        </test-method> <!-- afterEachMethod -->
        <test-method is-config="true" signature="endTestCase(java.lang.reflect.Method)[pri:0, instance:com.tetherfi.test.ivr.AdhocOptionEnhancementTest@2f10f633]" started-at="2019-09-14T17:05:51 IST" name="endTestCase" finished-at="2019-09-14T17:05:51 IST" duration-ms="0" status="PASS">
          <params>
            <param index="0">
              <value>
                <![CDATA[public void com.tetherfi.test.ivr.AdhocOptionEnhancementTest.EditEmptyAdhocOptionEnhancementRecord() throws java.lang.Exception]]>
              </value>
            </param>
          </params>
          <reporter-output>
          </reporter-output>
        </test-method> <!-- endTestCase -->
        <test-method is-config="true" signature="startTestCase(java.lang.reflect.Method)[pri:0, instance:com.tetherfi.test.ivr.AdhocOptionEnhancementTest@2f10f633]" started-at="2019-09-14T17:05:51 IST" name="startTestCase" finished-at="2019-09-14T17:05:51 IST" duration-ms="1" status="PASS">
          <params>
            <param index="0">
              <value>
                <![CDATA[public void com.tetherfi.test.ivr.AdhocOptionEnhancementTest.EditWithoutModifyReasonAdhocOptionEnhancementRecord() throws java.lang.Exception]]>
              </value>
            </param>
          </params>
          <reporter-output>
          </reporter-output>
        </test-method> <!-- startTestCase -->
        <test-method is-config="true" signature="NavigateToAdhocOptionEnhancementPage()[pri:0, instance:com.tetherfi.test.ivr.AdhocOptionEnhancementTest@2f10f633]" started-at="2019-09-14T17:05:51 IST" name="NavigateToAdhocOptionEnhancementPage" finished-at="2019-09-14T17:05:55 IST" duration-ms="3920" status="PASS">
          <reporter-output>
          </reporter-output>
        </test-method> <!-- NavigateToAdhocOptionEnhancementPage -->
        <test-method signature="EditWithoutModifyReasonAdhocOptionEnhancementRecord()[pri:19, instance:com.tetherfi.test.ivr.AdhocOptionEnhancementTest@2f10f633]" started-at="2019-09-14T17:05:55 IST" name="EditWithoutModifyReasonAdhocOptionEnhancementRecord" finished-at="2019-09-14T17:06:01 IST" duration-ms="5572" status="PASS">
          <reporter-output>
          </reporter-output>
        </test-method> <!-- EditWithoutModifyReasonAdhocOptionEnhancementRecord -->
        <test-method is-config="true" signature="afterEachMethod(java.lang.reflect.Method)[pri:0, instance:com.tetherfi.test.ivr.AdhocOptionEnhancementTest@2f10f633]" started-at="2019-09-14T17:06:01 IST" name="afterEachMethod" finished-at="2019-09-14T17:06:01 IST" duration-ms="374" status="PASS">
          <params>
            <param index="0">
              <value>
                <![CDATA[public void com.tetherfi.test.ivr.AdhocOptionEnhancementTest.EditWithoutModifyReasonAdhocOptionEnhancementRecord() throws java.lang.Exception]]>
              </value>
            </param>
          </params>
          <reporter-output>
          </reporter-output>
        </test-method> <!-- afterEachMethod -->
        <test-method is-config="true" signature="endTestCase(java.lang.reflect.Method)[pri:0, instance:com.tetherfi.test.ivr.AdhocOptionEnhancementTest@2f10f633]" started-at="2019-09-14T17:06:01 IST" name="endTestCase" finished-at="2019-09-14T17:06:01 IST" duration-ms="1" status="PASS">
          <params>
            <param index="0">
              <value>
                <![CDATA[public void com.tetherfi.test.ivr.AdhocOptionEnhancementTest.EditWithoutModifyReasonAdhocOptionEnhancementRecord() throws java.lang.Exception]]>
              </value>
            </param>
          </params>
          <reporter-output>
          </reporter-output>
        </test-method> <!-- endTestCase -->
        <test-method is-config="true" signature="startTestCase(java.lang.reflect.Method)[pri:0, instance:com.tetherfi.test.ivr.AdhocOptionEnhancementTest@2f10f633]" started-at="2019-09-14T17:06:01 IST" name="startTestCase" finished-at="2019-09-14T17:06:01 IST" duration-ms="1" status="PASS">
          <params>
            <param index="0">
              <value>
                <![CDATA[public void com.tetherfi.test.ivr.AdhocOptionEnhancementTest.VerifyCancelButtonAtEditAdhocOptionEnhancementRecord() throws java.io.IOException,java.lang.Exception]]>
              </value>
            </param>
          </params>
          <reporter-output>
          </reporter-output>
        </test-method> <!-- startTestCase -->
        <test-method is-config="true" signature="NavigateToAdhocOptionEnhancementPage()[pri:0, instance:com.tetherfi.test.ivr.AdhocOptionEnhancementTest@2f10f633]" started-at="2019-09-14T17:06:01 IST" name="NavigateToAdhocOptionEnhancementPage" finished-at="2019-09-14T17:06:06 IST" duration-ms="4627" status="PASS">
          <reporter-output>
          </reporter-output>
        </test-method> <!-- NavigateToAdhocOptionEnhancementPage -->
        <test-method signature="VerifyCancelButtonAtEditAdhocOptionEnhancementRecord()[pri:20, instance:com.tetherfi.test.ivr.AdhocOptionEnhancementTest@2f10f633]" started-at="2019-09-14T17:06:06 IST" name="VerifyCancelButtonAtEditAdhocOptionEnhancementRecord" finished-at="2019-09-14T17:06:56 IST" duration-ms="50123" status="PASS">
          <reporter-output>
          </reporter-output>
        </test-method> <!-- VerifyCancelButtonAtEditAdhocOptionEnhancementRecord -->
        <test-method is-config="true" signature="afterEachMethod(java.lang.reflect.Method)[pri:0, instance:com.tetherfi.test.ivr.AdhocOptionEnhancementTest@2f10f633]" started-at="2019-09-14T17:06:56 IST" name="afterEachMethod" finished-at="2019-09-14T17:06:57 IST" duration-ms="1417" status="PASS">
          <params>
            <param index="0">
              <value>
                <![CDATA[public void com.tetherfi.test.ivr.AdhocOptionEnhancementTest.VerifyCancelButtonAtEditAdhocOptionEnhancementRecord() throws java.io.IOException,java.lang.Exception]]>
              </value>
            </param>
          </params>
          <reporter-output>
          </reporter-output>
        </test-method> <!-- afterEachMethod -->
        <test-method is-config="true" signature="endTestCase(java.lang.reflect.Method)[pri:0, instance:com.tetherfi.test.ivr.AdhocOptionEnhancementTest@2f10f633]" started-at="2019-09-14T17:06:57 IST" name="endTestCase" finished-at="2019-09-14T17:06:57 IST" duration-ms="0" status="PASS">
          <params>
            <param index="0">
              <value>
                <![CDATA[public void com.tetherfi.test.ivr.AdhocOptionEnhancementTest.VerifyCancelButtonAtEditAdhocOptionEnhancementRecord() throws java.io.IOException,java.lang.Exception]]>
              </value>
            </param>
          </params>
          <reporter-output>
          </reporter-output>
        </test-method> <!-- endTestCase -->
        <test-method is-config="true" signature="NavigateToAdhocOptionEnhancementPage()[pri:0, instance:com.tetherfi.test.ivr.AdhocOptionEnhancementTest@2f10f633]" started-at="2019-09-14T17:06:57 IST" name="NavigateToAdhocOptionEnhancementPage" finished-at="2019-09-14T17:07:01 IST" duration-ms="3866" status="PASS">
          <reporter-output>
          </reporter-output>
        </test-method> <!-- NavigateToAdhocOptionEnhancementPage -->
        <test-method is-config="true" signature="startTestCase(java.lang.reflect.Method)[pri:0, instance:com.tetherfi.test.ivr.AdhocOptionEnhancementTest@2f10f633]" started-at="2019-09-14T17:06:57 IST" name="startTestCase" finished-at="2019-09-14T17:06:57 IST" duration-ms="0" status="PASS">
          <params>
            <param index="0">
              <value>
                <![CDATA[public void com.tetherfi.test.ivr.AdhocOptionEnhancementTest.ExportToExcel() throws java.lang.Exception]]>
              </value>
            </param>
          </params>
          <reporter-output>
          </reporter-output>
        </test-method> <!-- startTestCase -->
        <test-method signature="ExportToExcel()[pri:21, instance:com.tetherfi.test.ivr.AdhocOptionEnhancementTest@2f10f633]" started-at="2019-09-14T17:07:01 IST" name="ExportToExcel" finished-at="2019-09-14T17:07:04 IST" duration-ms="2409" status="PASS">
          <reporter-output>
          </reporter-output>
        </test-method> <!-- ExportToExcel -->
        <test-method is-config="true" signature="afterEachMethod(java.lang.reflect.Method)[pri:0, instance:com.tetherfi.test.ivr.AdhocOptionEnhancementTest@2f10f633]" started-at="2019-09-14T17:07:04 IST" name="afterEachMethod" finished-at="2019-09-14T17:07:05 IST" duration-ms="1161" status="PASS">
          <params>
            <param index="0">
              <value>
                <![CDATA[public void com.tetherfi.test.ivr.AdhocOptionEnhancementTest.ExportToExcel() throws java.lang.Exception]]>
              </value>
            </param>
          </params>
          <reporter-output>
          </reporter-output>
        </test-method> <!-- afterEachMethod -->
        <test-method is-config="true" signature="endTestCase(java.lang.reflect.Method)[pri:0, instance:com.tetherfi.test.ivr.AdhocOptionEnhancementTest@2f10f633]" started-at="2019-09-14T17:07:05 IST" name="endTestCase" finished-at="2019-09-14T17:07:05 IST" duration-ms="1" status="PASS">
          <params>
            <param index="0">
              <value>
                <![CDATA[public void com.tetherfi.test.ivr.AdhocOptionEnhancementTest.ExportToExcel() throws java.lang.Exception]]>
              </value>
            </param>
          </params>
          <reporter-output>
          </reporter-output>
        </test-method> <!-- endTestCase -->
        <test-method is-config="true" signature="startTestCase(java.lang.reflect.Method)[pri:0, instance:com.tetherfi.test.ivr.AdhocOptionEnhancementTest@2f10f633]" started-at="2019-09-14T17:07:05 IST" name="startTestCase" finished-at="2019-09-14T17:07:05 IST" duration-ms="1" status="PASS">
          <params>
            <param index="0">
              <value>
                <![CDATA[public void com.tetherfi.test.ivr.AdhocOptionEnhancementTest.ExportToExcelData() throws java.lang.Exception]]>
              </value>
            </param>
          </params>
          <reporter-output>
          </reporter-output>
        </test-method> <!-- startTestCase -->
        <test-method is-config="true" signature="NavigateToAdhocOptionEnhancementPage()[pri:0, instance:com.tetherfi.test.ivr.AdhocOptionEnhancementTest@2f10f633]" started-at="2019-09-14T17:07:05 IST" name="NavigateToAdhocOptionEnhancementPage" finished-at="2019-09-14T17:07:09 IST" duration-ms="3908" status="PASS">
          <reporter-output>
          </reporter-output>
        </test-method> <!-- NavigateToAdhocOptionEnhancementPage -->
        <test-method signature="ExportToExcelData()[pri:22, instance:com.tetherfi.test.ivr.AdhocOptionEnhancementTest@2f10f633]" started-at="2019-09-14T17:07:09 IST" name="ExportToExcelData" finished-at="2019-09-14T17:07:17 IST" duration-ms="8038" status="FAIL">
          <exception class="java.lang.AssertionError">
            <message>
              <![CDATA[did not expect to find [true] but found [false]]]>
            </message>
            <full-stacktrace>
              <![CDATA[java.lang.AssertionError: did not expect to find [true] but found [false]
at org.testng.Assert.fail(Assert.java:97)
at org.testng.Assert.failNotEquals(Assert.java:969)
at org.testng.Assert.assertTrue(Assert.java:43)
at org.testng.Assert.assertTrue(Assert.java:53)
at com.tetherfi.test.ivr.AdhocOptionEnhancementTest.ExportToExcelData(AdhocOptionEnhancementTest.java:259)
at java.base/jdk.internal.reflect.NativeMethodAccessorImpl.invoke0(Native Method)
at java.base/jdk.internal.reflect.NativeMethodAccessorImpl.invoke(Unknown Source)
at java.base/jdk.internal.reflect.DelegatingMethodAccessorImpl.invoke(Unknown Source)
at java.base/java.lang.reflect.Method.invoke(Unknown Source)
at org.testng.internal.MethodInvocationHelper.invokeMethod(MethodInvocationHelper.java:133)
at org.testng.internal.TestInvoker.invokeMethod(TestInvoker.java:584)
at org.testng.internal.TestInvoker.invokeTestMethod(TestInvoker.java:172)
at org.testng.internal.MethodRunner.runInSequence(MethodRunner.java:46)
at org.testng.internal.TestInvoker$MethodInvocationAgent.invoke(TestInvoker.java:804)
at org.testng.internal.TestInvoker.invokeTestMethods(TestInvoker.java:145)
at org.testng.internal.TestMethodWorker.invokeTestMethods(TestMethodWorker.java:146)
at org.testng.internal.TestMethodWorker.run(TestMethodWorker.java:128)
at java.base/java.util.ArrayList.forEach(Unknown Source)
at org.testng.TestRunner.privateRun(TestRunner.java:770)
at org.testng.TestRunner.run(TestRunner.java:591)
at org.testng.SuiteRunner.runTest(SuiteRunner.java:402)
at org.testng.SuiteRunner.runSequentially(SuiteRunner.java:396)
at org.testng.SuiteRunner.privateRun(SuiteRunner.java:355)
at org.testng.SuiteRunner.run(SuiteRunner.java:304)
at org.testng.SuiteRunnerWorker.runSuite(SuiteRunnerWorker.java:53)
at org.testng.SuiteRunnerWorker.run(SuiteRunnerWorker.java:96)
at org.testng.TestNG.runSuitesSequentially(TestNG.java:1180)
at org.testng.TestNG.runSuitesLocally(TestNG.java:1102)
at org.testng.TestNG.runSuites(TestNG.java:1032)
at org.testng.TestNG.run(TestNG.java:1000)
at org.testng.remote.AbstractRemoteTestNG.run(AbstractRemoteTestNG.java:115)
at org.testng.remote.RemoteTestNG.initAndRun(RemoteTestNG.java:251)
[...]
          <params>
            <param index="0">
              <value>
                <![CDATA[public void com.tetherfi.test.ivr.AdhocOptionEnhancementTest.ValiORBooleanSearch() throws java.lang.Exception]]>
              </value>
            </param>
          </params>
          <reporter-output>
          </reporter-output>
        </test-method> <!-- afterEachMethod -->
        <test-method is-config="true" signature="endTestCase(java.lang.reflect.Method)[pri:0, instance:com.tetherfi.test.ivr.AdhocOptionEnhancementTest@2f10f633]" started-at="2019-09-14T17:14:11 IST" name="endTestCase" finished-at="2019-09-14T17:14:11 IST" duration-ms="0" status="PASS">
          <params>
            <param index="0">
              <value>
                <![CDATA[public void com.tetherfi.test.ivr.AdhocOptionEnhancementTest.ValiORBooleanSearch() throws java.lang.Exception]]>
              </value>
            </param>
          </params>
          <reporter-output>
          </reporter-output>
        </test-method> <!-- endTestCase -->
        <test-method is-config="true" signature="startTestCase(java.lang.reflect.Method)[pri:0, instance:com.tetherfi.test.ivr.AdhocOptionEnhancementTest@2f10f633]" started-at="2019-09-14T17:14:11 IST" name="startTestCase" finished-at="2019-09-14T17:14:11 IST" duration-ms="0" status="PASS">
          <params>
            <param index="0">
              <value>
                <![CDATA[public void com.tetherfi.test.ivr.AdhocOptionEnhancementTest.InvalidBooleanSearchwithoutSearchTextbox() throws java.lang.Exception]]>
              </value>
            </param>
          </params>
          <reporter-output>
          </reporter-output>
        </test-method> <!-- startTestCase -->
        <test-method is-config="true" signature="NavigateToAdhocOptionEnhancementPage()[pri:0, instance:com.tetherfi.test.ivr.AdhocOptionEnhancementTest@2f10f633]" started-at="2019-09-14T17:14:11 IST" name="NavigateToAdhocOptionEnhancementPage" finished-at="2019-09-14T17:14:15 IST" duration-ms="4000" status="PASS">
          <reporter-output>
          </reporter-output>
        </test-method> <!-- NavigateToAdhocOptionEnhancementPage -->
        <test-method signature="InvalidBooleanSearchwithoutSearchTextbox()[pri:42, instance:com.tetherfi.test.ivr.AdhocOptionEnhancementTest@2f10f633]" started-at="2019-09-14T17:14:15 IST" name="InvalidBooleanSearchwithoutSearchTextbox" finished-at="2019-09-14T17:14:24 IST" duration-ms="9016" status="PASS">
          <reporter-output>
          </reporter-output>
        </test-method> <!-- InvalidBooleanSearchwithoutSearchTextbox -->
        <test-method is-config="true" signature="afterEachMethod(java.lang.reflect.Method)[pri:0, instance:com.tetherfi.test.ivr.AdhocOptionEnhancementTest@2f10f633]" started-at="2019-09-14T17:14:24 IST" name="afterEachMethod" finished-at="2019-09-14T17:14:25 IST" duration-ms="1164" status="PASS">
          <params>
            <param index="0">
              <value>
                <![CDATA[public void com.tetherfi.test.ivr.AdhocOptionEnhancementTest.InvalidBooleanSearchwithoutSearchTextbox() throws java.lang.Exception]]>
              </value>
            </param>
          </params>
          <reporter-output>
          </reporter-output>
        </test-method> <!-- afterEachMethod -->
        <test-method is-config="true" signature="endTestCase(java.lang.reflect.Method)[pri:0, instance:com.tetherfi.test.ivr.AdhocOptionEnhancementTest@2f10f633]" started-at="2019-09-14T17:14:25 IST" name="endTestCase" finished-at="2019-09-14T17:14:25 IST" duration-ms="0" status="PASS">
          <params>
            <param index="0">
              <value>
                <![CDATA[public void com.tetherfi.test.ivr.AdhocOptionEnhancementTest.InvalidBooleanSearchwithoutSearchTextbox() throws java.lang.Exception]]>
              </value>
            </param>
          </params>
          <reporter-output>
          </reporter-output>
        </test-method> <!-- endTestCase -->
        <test-method is-config="true" signature="startTestCase(java.lang.reflect.Method)[pri:0, instance:com.tetherfi.test.ivr.AdhocOptionEnhancementTest@2f10f633]" started-at="2019-09-14T17:14:25 IST" name="startTestCase" finished-at="2019-09-14T17:14:25 IST" duration-ms="1" status="PASS">
          <params>
            <param index="0">
              <value>
                <![CDATA[public void com.tetherfi.test.ivr.AdhocOptionEnhancementTest.InvalidBooleanSearchwithoutSearchTextbox1() throws java.lang.Exception]]>
              </value>
            </param>
          </params>
          <reporter-output>
          </reporter-output>
        </test-method> <!-- startTestCase -->
        <test-method is-config="true" signature="NavigateToAdhocOptionEnhancementPage()[pri:0, instance:com.tetherfi.test.ivr.AdhocOptionEnhancementTest@2f10f633]" started-at="2019-09-14T17:14:25 IST" name="NavigateToAdhocOptionEnhancementPage" finished-at="2019-09-14T17:14:29 IST" duration-ms="3852" status="PASS">
          <reporter-output>
          </reporter-output>
        </test-method> <!-- NavigateToAdhocOptionEnhancementPage -->
        <test-method signature="InvalidBooleanSearchwithoutSearchTextbox1()[pri:43, instance:com.tetherfi.test.ivr.AdhocOptionEnhancementTest@2f10f633]" started-at="2019-09-14T17:14:29 IST" name="InvalidBooleanSearchwithoutSearchTextbox1" finished-at="2019-09-14T17:14:38 IST" duration-ms="9192" status="PASS">
          <reporter-output>
          </reporter-output>
        </test-method> <!-- InvalidBooleanSearchwithoutSearchTextbox1 -->
        <test-method is-config="true" signature="afterEachMethod(java.lang.reflect.Method)[pri:0, instance:com.tetherfi.test.ivr.AdhocOptionEnhancementTest@2f10f633]" started-at="2019-09-14T17:14:38 IST" name="afterEachMethod" finished-at="2019-09-14T17:14:40 IST" duration-ms="1167" status="PASS">
          <params>
            <param index="0">
              <value>
                <![CDATA[public void com.tetherfi.test.ivr.AdhocOptionEnhancementTest.InvalidBooleanSearchwithoutSearchTextbox1() throws java.lang.Exception]]>
              </value>
            </param>
          </params>
          <reporter-output>
          </reporter-output>
        </test-method> <!-- afterEachMethod -->
        <test-method is-config="true" signature="endTestCase(java.lang.reflect.Method)[pri:0, instance:com.tetherfi.test.ivr.AdhocOptionEnhancementTest@2f10f633]" started-at="2019-09-14T17:14:40 IST" name="endTestCase" finished-at="2019-09-14T17:14:40 IST" duration-ms="0" status="PASS">
          <params>
            <param index="0">
              <value>
                <![CDATA[public void com.tetherfi.test.ivr.AdhocOptionEnhancementTest.InvalidBooleanSearchwithoutSearchTextbox1() throws java.lang.Exception]]>
              </value>
            </param>
          </params>
          <reporter-output>
          </reporter-output>
        </test-method> <!-- endTestCase -->
        <test-method is-config="true" signature="startTestCase(java.lang.reflect.Method)[pri:0, instance:com.tetherfi.test.ivr.AdhocOptionEnhancementTest@2f10f633]" started-at="2019-09-14T17:14:40 IST" name="startTestCase" finished-at="2019-09-14T17:14:40 IST" duration-ms="1" status="PASS">
          <params>
            <param index="0">
              <value>
                <![CDATA[public void com.tetherfi.test.ivr.AdhocOptionEnhancementTest.SearchClearSearch() throws java.lang.Exception]]>
              </value>
            </param>
          </params>
          <reporter-output>
          </reporter-output>
        </test-method> <!-- startTestCase -->
        <test-method is-config="true" signature="NavigateToAdhocOptionEnhancementPage()[pri:0, instance:com.tetherfi.test.ivr.AdhocOptionEnhancementTest@2f10f633]" started-at="2019-09-14T17:14:40 IST" name="NavigateToAdhocOptionEnhancementPage" finished-at="2019-09-14T17:14:44 IST" duration-ms="3926" status="PASS">
          <reporter-output>
          </reporter-output>
        </test-method> <!-- NavigateToAdhocOptionEnhancementPage -->
        <test-method signature="SearchClearSearch()[pri:44, instance:com.tetherfi.test.ivr.AdhocOptionEnhancementTest@2f10f633]" started-at="2019-09-14T17:14:44 IST" name="SearchClearSearch" finished-at="2019-09-14T17:16:08 IST" duration-ms="84344" status="FAIL">
          <exception class="org.openqa.selenium.TimeoutException">
            <message>
              <![CDATA[Expected condition failed: waiting for element to be clickable: Proxy element for: DefaultElementLocator 'By.cssSelector: .k-grid-CustomDelete' (tried for 20 second(s) with 500 milliseconds interval)]]>
            </message>
            <full-stacktrace>
              <![CDATA[org.openqa.selenium.TimeoutException: Expected condition failed: waiting for element to be clickable: Proxy element for: DefaultElementLocator 'By.cssSelector: .k-grid-CustomDelete' (tried for 20 second(s) with 500 milliseconds interval)
at org.openqa.selenium.support.ui.WebDriverWait.timeoutException(WebDriverWait.java:95)
at org.openqa.selenium.support.ui.FluentWait.until(FluentWait.java:272)
at com.tetherfi.pages.BasePage.waitUntilWebElementIsClickable(BasePage.java:252)
at com.tetherfi.pages.AdhocOptionEnhancementPage.deleteAdhocOptionEnhancementRecord(AdhocOptionEnhancementPage.java:447)
at com.tetherfi.test.ivr.AdhocOptionEnhancementTest.SearchClearSearch(AdhocOptionEnhancementTest.java:450)
at java.base/jdk.internal.reflect.NativeMethodAccessorImpl.invoke0(Native Method)
at java.base/jdk.internal.reflect.NativeMethodAccessorImpl.invoke(Unknown Source)
at java.base/jdk.internal.reflect.DelegatingMethodAccessorImpl.invoke(Unknown Source)
at java.base/java.lang.reflect.Method.invoke(Unknown Source)
at org.testng.internal.MethodInvocationHelper.invokeMethod(MethodInvocationHelper.java:133)
at org.testng.internal.TestInvoker.invokeMethod(TestInvoker.java:584)
at org.testng.internal.TestInvoker.invokeTestMethod(TestInvoker.java:172)
at org.testng.internal.MethodRunner.runInSequence(MethodRunner.java:46)
at org.testng.internal.TestInvoker$MethodInvocationAgent.invoke(TestInvoker.java:804)
at org.testng.internal.TestInvoker.invokeTestMethods(TestInvoker.java:145)
at org.testng.internal.TestMethodWorker.invokeTestMethods(TestMethodWorker.java:146)
at org.testng.internal.TestMethodWorker.run(TestMethodWorker.java:128)
at java.base/java.util.ArrayList.forEach(Unknown Source)
at org.testng.TestRunner.privateRun(TestRunner.java:770)
at org.testng.TestRunner.run(TestRunner.java:591)
at org.testng.SuiteRunner.runTest(SuiteRunner.java:402)
at org.testng.SuiteRunner.runSequentially(SuiteRunner.java:396)
at org.testng.SuiteRunner.privateRun(SuiteRunner.java:355)
at org.testng.SuiteRunner.run(SuiteRunner.java:304)
at org.testng.SuiteRunnerWorker.runSuite(SuiteRunnerWorker.java:53)
at org.testng.SuiteRunnerWorker.run(SuiteRunnerWorker.java:96)
at org.testng.TestNG.runSuitesSequentially(TestNG.java:1180)
at org.testng.TestNG.runSuitesLocally(TestNG.java:1102)
at org.testng.TestNG.runSuites(TestNG.java:1032)
at org.testng.TestNG.run(TestNG.java:1000)
at org.testng.remote.AbstractRemoteTestNG.run(AbstractRemoteTestNG.java:115)
at org.testng.remote.RemoteTestNG.initAndRun(RemoteTestNG.java:251)
at org.testng.remote.RemoteTestNG.main(RemoteTestNG.java:77)
Caused by: org.openqa.selenium.NoSuchElementException: no such element: Unable to locate element: {"method":"css selector","selector":".k-grid-CustomDelete"}
  (Session info: chrome=76.0.3809.132)
For documentation on this error, please visit: https://www.seleniumhq.org/exceptions/no_such_element.html
Build info: version: '3.141.59', revision: 'e82be7d358', time: '2018-11-14T08:17:03'
System info: host: 'ADMIN', ip: '192.168.0.103', os.name: 'Windows 8.1', os.arch: 'amd64', os.version: '6.3', java.version: '9.0.4'
Driver info: org.openqa.selenium.chrome.ChromeDriver
Capabilities {acceptInsecureCerts: false, browserName: chrome, browserVersion: 76.0.3809.132, chrome: {chromedriverVersion: 76.0.3809.68 (420c9498db8ce..., userDataDir: C:\Users\ADMINP~1\AppData\L...}, goog:chromeOptions: {debuggerAddress: localhost:51213}, javascriptEnabled: true, networkConnectionEnabled: false, pageLoadStrategy: normal, platform: XP, platformName: XP, proxy: Proxy(), setWindowRect: true, strictFileInteractability: false, timeouts: {implicit: 0, pageLoad: 300000, script: 30000}, unhandledPromptBehavior: dismiss and notify}
Session ID: fb8544767e0c81335c370c911d09af5a
*** Element info: {Using=css selector, value=.k-grid-CustomDelete}
at java.base/jdk.internal.reflect.NativeConstructorAccessorImpl.newInstance0(Native Method)
at java.base/jdk.internal.reflect.NativeConstructorAccessorImpl.newInstance(Unknown Source)
at java.base/jdk.internal.reflect.DelegatingConstructorAccessorImpl.newInstance(Unknown Source)
at java.base/java.lang.reflect.Constructor.newInstance(Unknown Source)
at org.openqa.selenium.remote.http.W3CHttpResponseCodec.createException(W3CHttpResponseCodec.java:187)
at org.openqa.selenium.remote.http.W3CHttpResponseCodec.decode(W3CHttpResponseCodec.java:122)
at org.openqa.selenium.remote.http.W3CHttpResponseCodec.decode(W3CHttpResponseCodec.java:49)
at org.openqa.selenium.remote.HttpCommandExecutor.execute(HttpCommandExecutor.java:158)
at org.openqa.selenium.remote.service.DriverCommandExecutor.execute(DriverCommandExecutor.java:83)
at org.openqa.selenium.remote.RemoteWebDriver.execute(RemoteWebDriver.java:552)
at org.openqa.selenium.remote.RemoteWebDriver.findElement(RemoteWebDriver.java:323)
at org.openqa.selenium.remote.RemoteWebDriver.findElementByCssSelector(RemoteWebDriver.java:420)
at org.openqa.selenium.By$ByCssSelector.findElement(By.java:431)
at org.openqa.selenium.remote.RemoteWebDriver.findElement(RemoteWebDriver.java:315)
at org.openqa.selenium.support.pagefactory.DefaultElementLocator.findElement(DefaultElementLocator.java:69)
at org.openqa.selenium.support.pagefactory.internal.LocatingElementHandler.invoke(LocatingElementHandler.java:38)
at com.sun.proxy.$Proxy14.isDisplayed(Unknown Source)
at org.openqa.selenium.support.ui.ExpectedConditions.elementIfVisible(ExpectedConditions.java:314)
at org.openqa.selenium.support.ui.ExpectedConditions.access$000(ExpectedConditions.java:43)
at org.openqa.selenium.support.ui.ExpectedConditions$10.apply(ExpectedConditions.java:300)
at org.openqa.selenium.support.ui.ExpectedConditions$10.apply(ExpectedConditions.java:297)
at org.openqa.selenium.support.ui.ExpectedConditions$23.apply(ExpectedConditions.java:670)
at org.openqa.selenium.support.ui.ExpectedConditions$23.apply(ExpectedConditions.java:666)
at org.openqa.selenium.support.ui.FluentWait.until(FluentWait.java:249)
... 31 more
]]>
            </full-stacktrace>
          </exception> <!-- org.openqa.selenium.TimeoutException -->
          <reporter-output>
          </reporter-output>
        </test-method> <!-- SearchClearSearch -->
        <test-method is-config="true" signature="afterEachMethod(java.lang.reflect.Method)[pri:0, instance:com.tetherfi.test.ivr.AdhocOptionEnhancementTest@2f10f633]" started-at="2019-09-14T17:16:08 IST" name="afterEachMethod" finished-at="2019-09-14T17:16:09 IST" duration-ms="1584" status="PASS">
          <params>
            <param index="0">
              <value>
                <![CDATA[public void com.tetherfi.test.ivr.AdhocOptionEnhancementTest.SearchClearSearch() throws java.lang.Exception]]>
              </value>
            </param>
          </params>
          <reporter-output>
          </reporter-output>
        </test-method> <!-- afterEachMethod -->
        <test-method is-config="true" signature="endTestCase(java.lang.reflect.Method)[pri:0, instance:com.tetherfi.test.ivr.AdhocOptionEnhancementTest@2f10f633]" started-at="2019-09-14T17:16:09 IST" name="endTestCase" finished-at="2019-09-14T17:16:09 IST" duration-ms="0" status="PASS">
          <params>
            <param index="0">
              <value>
                <![CDATA[public void com.tetherfi.test.ivr.AdhocOptionEnhancementTest.SearchClearSearch() throws java.lang.Exception]]>
              </value>
            </param>
          </params>
          <reporter-output>
          </reporter-output>
        </test-method> <!-- endTestCase -->
        <test-method is-config="true" signature="startTestCase(java.lang.reflect.Method)[pri:0, instance:com.tetherfi.test.ivr.AdhocOptionEnhancementTest@2f10f633]" started-at="2019-09-14T17:16:09 IST" name="startTestCase" finished-at="2019-09-14T17:16:09 IST" duration-ms="0" status="PASS">
          <params>
            <param index="0">
              <value>
                <![CDATA[public void com.tetherfi.test.ivr.AdhocOptionEnhancementTest.ExporttoExcelWithoutData() throws java.lang.Exception]]>
              </value>
            </param>
          </params>
          <reporter-output>
          </reporter-output>
        </test-method> <!-- startTestCase -->
        <test-method is-config="true" signature="NavigateToAdhocOptionEnhancementPage()[pri:0, instance:com.tetherfi.test.ivr.AdhocOptionEnhancementTest@2f10f633]" started-at="2019-09-14T17:16:09 IST" name="NavigateToAdhocOptionEnhancementPage" finished-at="2019-09-14T17:16:13 IST" duration-ms="3886" status="PASS">
          <reporter-output>
          </reporter-output>
        </test-method> <!-- NavigateToAdhocOptionEnhancementPage -->
        <test-method signature="ExporttoExcelWithoutData()[pri:45, instance:com.tetherfi.test.ivr.AdhocOptionEnhancementTest@2f10f633]" started-at="2019-09-14T17:16:13 IST" name="ExporttoExcelWithoutData" finished-at="2019-09-14T17:16:19 IST" duration-ms="5677" status="PASS">
          <reporter-output>
          </reporter-output>
        </test-method> <!-- ExporttoExcelWithoutData -->
        <test-method is-config="true" signature="afterEachMethod(java.lang.reflect.Method)[pri:0, instance:com.tetherfi.test.ivr.AdhocOptionEnhancementTest@2f10f633]" started-at="2019-09-14T17:16:19 IST" name="afterEachMethod" finished-at="2019-09-14T17:16:20 IST" duration-ms="1145" status="PASS">
          <params>
            <param index="0">
              <value>
                <![CDATA[public void com.tetherfi.test.ivr.AdhocOptionEnhancementTest.ExporttoExcelWithoutData() throws java.lang.Exception]]>
              </value>
            </param>
          </params>
          <reporter-output>
          </reporter-output>
        </test-method> <!-- afterEachMethod -->
        <test-method is-config="true" signature="endTestCase(java.lang.reflect.Method)[pri:0, instance:com.tetherfi.test.ivr.AdhocOptionEnhancementTest@2f10f633]" started-at="2019-09-14T17:16:20 IST" name="endTestCase" finished-at="2019-09-14T17:16:20 IST" duration-ms="0" status="PASS">
          <params>
            <param index="0">
              <value>
                <![CDATA[public void com.tetherfi.test.ivr.AdhocOptionEnhancementTest.ExporttoExcelWithoutData() throws java.lang.Exception]]>
              </value>
            </param>
          </params>
          <reporter-output>
          </reporter-output>
        </test-method> <!-- endTestCase -->
        <test-method is-config="true" signature="tearDown()[pri:0, instance:com.tetherfi.test.ivr.AdhocOptionEnhancementTest@2f10f633]" started-at="2019-09-14T17:16:20 IST" name="tearDown" finished-at="2019-09-14T17:16:22 IST" duration-ms="1308" status="PASS">
          <reporter-output>
          </reporter-output>
        </test-method> <!-- tearDown -->
      </class> <!-- com.tetherfi.test.ivr.AdhocOptionEnhancementTest -->
    </test> <!-- Default test -->
  </suite> <!-- Default suite -->
</testng-results>
