<?xml version="1.0" encoding="UTF-8"?>
<testng-results skipped="1" failed="2" ignored="0" total="34" passed="31">
  <reporter-output>
  </reporter-output>
  <suite name="Default suite" duration-ms="612850" started-at="2019-09-05T15:08:13 IST" finished-at="2019-09-05T15:18:26 IST">
    <groups>
    </groups>
    <test name="Default test" duration-ms="612850" started-at="2019-09-05T15:08:13 IST" finished-at="2019-09-05T15:18:26 IST">
      <class name="com.tetherfi.test.ivr.CallBackAnnouncementTest">
        <test-method status="PASS" signature="openApplication()[pri:0, instance:com.tetherfi.test.ivr.CallBackAnnouncementTest@50850539]" name="openApplication" is-config="true" duration-ms="16020" started-at="2019-09-05T15:08:14 IST" finished-at="2019-09-05T15:08:30 IST">
          <reporter-output>
          </reporter-output>
        </test-method> <!-- openApplication -->
        <test-method status="PASS" signature="startTestCase(java.lang.reflect.Method)[pri:0, instance:com.tetherfi.test.ivr.CallBackAnnouncementTest@50850539]" name="startTestCase" is-config="true" duration-ms="3" started-at="2019-09-05T15:08:30 IST" finished-at="2019-09-05T15:08:30 IST">
          <params>
            <param index="0">
              <value>
                <![CDATA[public void com.tetherfi.test.ivr.CallBackAnnouncementTest.CallbackAnnouncementPage()]]>
              </value>
            </param>
          </params>
          <reporter-output>
          </reporter-output>
        </test-method> <!-- startTestCase -->
        <test-method status="PASS" signature="NavigateToCallBackAnnouncementPage()[pri:0, instance:com.tetherfi.test.ivr.CallBackAnnouncementTest@50850539]" name="NavigateToCallBackAnnouncementPage" is-config="true" duration-ms="7562" started-at="2019-09-05T15:08:30 IST" finished-at="2019-09-05T15:08:37 IST">
          <reporter-output>
          </reporter-output>
        </test-method> <!-- NavigateToCallBackAnnouncementPage -->
        <test-method status="PASS" signature="CallbackAnnouncementPage()[pri:1, instance:com.tetherfi.test.ivr.CallBackAnnouncementTest@50850539]" name="CallbackAnnouncementPage" duration-ms="915" started-at="2019-09-05T15:08:37 IST" finished-at="2019-09-05T15:08:38 IST">
          <reporter-output>
          </reporter-output>
        </test-method> <!-- CallbackAnnouncementPage -->
        <test-method status="PASS" signature="afterEachMethod(java.lang.reflect.Method)[pri:0, instance:com.tetherfi.test.ivr.CallBackAnnouncementTest@50850539]" name="afterEachMethod" is-config="true" duration-ms="2144" started-at="2019-09-05T15:08:38 IST" finished-at="2019-09-05T15:08:40 IST">
          <params>
            <param index="0">
              <value>
                <![CDATA[public void com.tetherfi.test.ivr.CallBackAnnouncementTest.CallbackAnnouncementPage()]]>
              </value>
            </param>
          </params>
          <reporter-output>
          </reporter-output>
        </test-method> <!-- afterEachMethod -->
        <test-method status="PASS" signature="endTestCase(java.lang.reflect.Method)[pri:0, instance:com.tetherfi.test.ivr.CallBackAnnouncementTest@50850539]" name="endTestCase" is-config="true" duration-ms="1" started-at="2019-09-05T15:08:40 IST" finished-at="2019-09-05T15:08:40 IST">
          <params>
            <param index="0">
              <value>
                <![CDATA[public void com.tetherfi.test.ivr.CallBackAnnouncementTest.CallbackAnnouncementPage()]]>
              </value>
            </param>
          </params>
          <reporter-output>
          </reporter-output>
        </test-method> <!-- endTestCase -->
        <test-method status="PASS" signature="startTestCase(java.lang.reflect.Method)[pri:0, instance:com.tetherfi.test.ivr.CallBackAnnouncementTest@50850539]" name="startTestCase" is-config="true" duration-ms="0" started-at="2019-09-05T15:08:40 IST" finished-at="2019-09-05T15:08:40 IST">
          <params>
            <param index="0">
              <value>
                <![CDATA[public void com.tetherfi.test.ivr.CallBackAnnouncementTest.VerifyDropdownForAllTheColumns()]]>
              </value>
            </param>
          </params>
          <reporter-output>
          </reporter-output>
        </test-method> <!-- startTestCase -->
        <test-method status="PASS" signature="NavigateToCallBackAnnouncementPage()[pri:0, instance:com.tetherfi.test.ivr.CallBackAnnouncementTest@50850539]" name="NavigateToCallBackAnnouncementPage" is-config="true" duration-ms="5974" started-at="2019-09-05T15:08:40 IST" finished-at="2019-09-05T15:08:46 IST">
          <reporter-output>
          </reporter-output>
        </test-method> <!-- NavigateToCallBackAnnouncementPage -->
        <test-method status="PASS" signature="VerifyDropdownForAllTheColumns()[pri:2, instance:com.tetherfi.test.ivr.CallBackAnnouncementTest@50850539]" name="VerifyDropdownForAllTheColumns" duration-ms="9413" started-at="2019-09-05T15:08:46 IST" finished-at="2019-09-05T15:08:56 IST">
          <reporter-output>
          </reporter-output>
        </test-method> <!-- VerifyDropdownForAllTheColumns -->
        <test-method status="PASS" signature="afterEachMethod(java.lang.reflect.Method)[pri:0, instance:com.tetherfi.test.ivr.CallBackAnnouncementTest@50850539]" name="afterEachMethod" is-config="true" duration-ms="1897" started-at="2019-09-05T15:08:56 IST" finished-at="2019-09-05T15:08:58 IST">
          <params>
            <param index="0">
              <value>
                <![CDATA[public void com.tetherfi.test.ivr.CallBackAnnouncementTest.VerifyDropdownForAllTheColumns()]]>
              </value>
            </param>
          </params>
          <reporter-output>
          </reporter-output>
        </test-method> <!-- afterEachMethod -->
        <test-method status="PASS" signature="endTestCase(java.lang.reflect.Method)[pri:0, instance:com.tetherfi.test.ivr.CallBackAnnouncementTest@50850539]" name="endTestCase" is-config="true" duration-ms="1" started-at="2019-09-05T15:08:58 IST" finished-at="2019-09-05T15:08:58 IST">
          <params>
            <param index="0">
              <value>
                <![CDATA[public void com.tetherfi.test.ivr.CallBackAnnouncementTest.VerifyDropdownForAllTheColumns()]]>
              </value>
            </param>
          </params>
          <reporter-output>
          </reporter-output>
        </test-method> <!-- endTestCase -->
        <test-method status="PASS" signature="startTestCase(java.lang.reflect.Method)[pri:0, instance:com.tetherfi.test.ivr.CallBackAnnouncementTest@50850539]" name="startTestCase" is-config="true" duration-ms="1" started-at="2019-09-05T15:08:58 IST" finished-at="2019-09-05T15:08:58 IST">
          <params>
            <param index="0">
              <value>
                <![CDATA[public void com.tetherfi.test.ivr.CallBackAnnouncementTest.VerifyColumnsHeaderEnable()]]>
              </value>
            </param>
          </params>
          <reporter-output>
          </reporter-output>
        </test-method> <!-- startTestCase -->
        <test-method status="PASS" signature="NavigateToCallBackAnnouncementPage()[pri:0, instance:com.tetherfi.test.ivr.CallBackAnnouncementTest@50850539]" name="NavigateToCallBackAnnouncementPage" is-config="true" duration-ms="6449" started-at="2019-09-05T15:08:58 IST" finished-at="2019-09-05T15:09:04 IST">
          <reporter-output>
          </reporter-output>
        </test-method> <!-- NavigateToCallBackAnnouncementPage -->
        <test-method status="PASS" signature="VerifyColumnsHeaderEnable()[pri:3, instance:com.tetherfi.test.ivr.CallBackAnnouncementTest@50850539]" name="VerifyColumnsHeaderEnable" duration-ms="5556" started-at="2019-09-05T15:09:04 IST" finished-at="2019-09-05T15:09:10 IST">
          <reporter-output>
          </reporter-output>
        </test-method> <!-- VerifyColumnsHeaderEnable -->
        <test-method status="PASS" signature="afterEachMethod(java.lang.reflect.Method)[pri:0, instance:com.tetherfi.test.ivr.CallBackAnnouncementTest@50850539]" name="afterEachMethod" is-config="true" duration-ms="1792" started-at="2019-09-05T15:09:10 IST" finished-at="2019-09-05T15:09:11 IST">
          <params>
            <param index="0">
              <value>
                <![CDATA[public void com.tetherfi.test.ivr.CallBackAnnouncementTest.VerifyColumnsHeaderEnable()]]>
              </value>
            </param>
          </params>
          <reporter-output>
          </reporter-output>
        </test-method> <!-- afterEachMethod -->
        <test-method status="PASS" signature="endTestCase(java.lang.reflect.Method)[pri:0, instance:com.tetherfi.test.ivr.CallBackAnnouncementTest@50850539]" name="endTestCase" is-config="true" duration-ms="2" started-at="2019-09-05T15:09:11 IST" finished-at="2019-09-05T15:09:11 IST">
          <params>
            <param index="0">
              <value>
                <![CDATA[public void com.tetherfi.test.ivr.CallBackAnnouncementTest.VerifyColumnsHeaderEnable()]]>
              </value>
            </param>
          </params>
          <reporter-output>
          </reporter-output>
        </test-method> <!-- endTestCase -->
        <test-method status="PASS" signature="startTestCase(java.lang.reflect.Method)[pri:0, instance:com.tetherfi.test.ivr.CallBackAnnouncementTest@50850539]" name="startTestCase" is-config="true" duration-ms="1" started-at="2019-09-05T15:09:11 IST" finished-at="2019-09-05T15:09:11 IST">
          <params>
            <param index="0">
              <value>
                <![CDATA[public void com.tetherfi.test.ivr.CallBackAnnouncementTest.VerifyColumnsHeaderDisable()]]>
              </value>
            </param>
          </params>
          <reporter-output>
          </reporter-output>
        </test-method> <!-- startTestCase -->
        <test-method status="PASS" signature="NavigateToCallBackAnnouncementPage()[pri:0, instance:com.tetherfi.test.ivr.CallBackAnnouncementTest@50850539]" name="NavigateToCallBackAnnouncementPage" is-config="true" duration-ms="5962" started-at="2019-09-05T15:09:11 IST" finished-at="2019-09-05T15:09:17 IST">
          <reporter-output>
          </reporter-output>
        </test-method> <!-- NavigateToCallBackAnnouncementPage -->
        <test-method status="PASS" signature="VerifyColumnsHeaderDisable()[pri:4, instance:com.tetherfi.test.ivr.CallBackAnnouncementTest@50850539]" name="VerifyColumnsHeaderDisable" duration-ms="5981" started-at="2019-09-05T15:09:17 IST" finished-at="2019-09-05T15:09:23 IST">
          <reporter-output>
          </reporter-output>
        </test-method> <!-- VerifyColumnsHeaderDisable -->
        <test-method status="PASS" signature="afterEachMethod(java.lang.reflect.Method)[pri:0, instance:com.tetherfi.test.ivr.CallBackAnnouncementTest@50850539]" name="afterEachMethod" is-config="true" duration-ms="1825" started-at="2019-09-05T15:09:23 IST" finished-at="2019-09-05T15:09:25 IST">
          <params>
            <param index="0">
              <value>
                <![CDATA[public void com.tetherfi.test.ivr.CallBackAnnouncementTest.VerifyColumnsHeaderDisable()]]>
              </value>
            </param>
          </params>
          <reporter-output>
          </reporter-output>
        </test-method> <!-- afterEachMethod -->
        <test-method status="PASS" signature="endTestCase(java.lang.reflect.Method)[pri:0, instance:com.tetherfi.test.ivr.CallBackAnnouncementTest@50850539]" name="endTestCase" is-config="true" duration-ms="1" started-at="2019-09-05T15:09:25 IST" finished-at="2019-09-05T15:09:25 IST">
          <params>
            <param index="0">
              <value>
                <![CDATA[public void com.tetherfi.test.ivr.CallBackAnnouncementTest.VerifyColumnsHeaderDisable()]]>
              </value>
            </param>
          </params>
          <reporter-output>
          </reporter-output>
        </test-method> <!-- endTestCase -->
        <test-method status="PASS" signature="startTestCase(java.lang.reflect.Method)[pri:0, instance:com.tetherfi.test.ivr.CallBackAnnouncementTest@50850539]" name="startTestCase" is-config="true" duration-ms="0" started-at="2019-09-05T15:09:25 IST" finished-at="2019-09-05T15:09:25 IST">
          <params>
            <param index="0">
              <value>
                <![CDATA[public void com.tetherfi.test.ivr.CallBackAnnouncementTest.AddNewCallbackAnnouncementCancelRecord() throws java.lang.Exception]]>
              </value>
            </param>
          </params>
          <reporter-output>
          </reporter-output>
        </test-method> <!-- startTestCase -->
        <test-method status="PASS" signature="NavigateToCallBackAnnouncementPage()[pri:0, instance:com.tetherfi.test.ivr.CallBackAnnouncementTest@50850539]" name="NavigateToCallBackAnnouncementPage" is-config="true" duration-ms="5910" started-at="2019-09-05T15:09:25 IST" finished-at="2019-09-05T15:09:31 IST">
          <reporter-output>
          </reporter-output>
        </test-method> <!-- NavigateToCallBackAnnouncementPage -->
        <test-method status="PASS" signature="AddNewCallbackAnnouncementCancelRecord()[pri:5, instance:com.tetherfi.test.ivr.CallBackAnnouncementTest@50850539]" name="AddNewCallbackAnnouncementCancelRecord" duration-ms="10550" started-at="2019-09-05T15:09:31 IST" finished-at="2019-09-05T15:09:42 IST">
          <reporter-output>
          </reporter-output>
        </test-method> <!-- AddNewCallbackAnnouncementCancelRecord -->
        <test-method status="PASS" signature="afterEachMethod(java.lang.reflect.Method)[pri:0, instance:com.tetherfi.test.ivr.CallBackAnnouncementTest@50850539]" name="afterEachMethod" is-config="true" duration-ms="2255" started-at="2019-09-05T15:09:42 IST" finished-at="2019-09-05T15:09:44 IST">
          <params>
            <param index="0">
              <value>
                <![CDATA[public void com.tetherfi.test.ivr.CallBackAnnouncementTest.AddNewCallbackAnnouncementCancelRecord() throws java.lang.Exception]]>
              </value>
            </param>
          </params>
          <reporter-output>
          </reporter-output>
        </test-method> <!-- afterEachMethod -->
        <test-method status="PASS" signature="endTestCase(java.lang.reflect.Method)[pri:0, instance:com.tetherfi.test.ivr.CallBackAnnouncementTest@50850539]" name="endTestCase" is-config="true" duration-ms="0" started-at="2019-09-05T15:09:44 IST" finished-at="2019-09-05T15:09:44 IST">
          <params>
            <param index="0">
              <value>
                <![CDATA[public void com.tetherfi.test.ivr.CallBackAnnouncementTest.AddNewCallbackAnnouncementCancelRecord() throws java.lang.Exception]]>
              </value>
            </param>
          </params>
          <reporter-output>
          </reporter-output>
        </test-method> <!-- endTestCase -->
        <test-method status="PASS" signature="startTestCase(java.lang.reflect.Method)[pri:0, instance:com.tetherfi.test.ivr.CallBackAnnouncementTest@50850539]" name="startTestCase" is-config="true" duration-ms="1" started-at="2019-09-05T15:09:44 IST" finished-at="2019-09-05T15:09:44 IST">
          <params>
            <param index="0">
              <value>
                <![CDATA[public void com.tetherfi.test.ivr.CallBackAnnouncementTest.AddNewCallbackAnnouncementRecord() throws java.lang.Exception]]>
              </value>
            </param>
          </params>
          <reporter-output>
          </reporter-output>
        </test-method> <!-- startTestCase -->
        <test-method status="PASS" signature="NavigateToCallBackAnnouncementPage()[pri:0, instance:com.tetherfi.test.ivr.CallBackAnnouncementTest@50850539]" name="NavigateToCallBackAnnouncementPage" is-config="true" duration-ms="5976" started-at="2019-09-05T15:09:44 IST" finished-at="2019-09-05T15:09:50 IST">
          <reporter-output>
          </reporter-output>
        </test-method> <!-- NavigateToCallBackAnnouncementPage -->
        <test-method status="PASS" signature="AddNewCallbackAnnouncementRecord()[pri:6, instance:com.tetherfi.test.ivr.CallBackAnnouncementTest@50850539]" name="AddNewCallbackAnnouncementRecord" duration-ms="10788" started-at="2019-09-05T15:09:50 IST" finished-at="2019-09-05T15:10:01 IST">
          <reporter-output>
          </reporter-output>
        </test-method> <!-- AddNewCallbackAnnouncementRecord -->
        <test-method status="PASS" signature="afterEachMethod(java.lang.reflect.Method)[pri:0, instance:com.tetherfi.test.ivr.CallBackAnnouncementTest@50850539]" name="afterEachMethod" is-config="true" duration-ms="1883" started-at="2019-09-05T15:10:01 IST" finished-at="2019-09-05T15:10:02 IST">
          <params>
            <param index="0">
              <value>
                <![CDATA[public void com.tetherfi.test.ivr.CallBackAnnouncementTest.AddNewCallbackAnnouncementRecord() throws java.lang.Exception]]>
              </value>
            </param>
          </params>
          <reporter-output>
          </reporter-output>
        </test-method> <!-- afterEachMethod -->
        <test-method status="PASS" signature="endTestCase(java.lang.reflect.Method)[pri:0, instance:com.tetherfi.test.ivr.CallBackAnnouncementTest@50850539]" name="endTestCase" is-config="true" duration-ms="0" started-at="2019-09-05T15:10:02 IST" finished-at="2019-09-05T15:10:02 IST">
          <params>
            <param index="0">
              <value>
                <![CDATA[public void com.tetherfi.test.ivr.CallBackAnnouncementTest.AddNewCallbackAnnouncementRecord() throws java.lang.Exception]]>
              </value>
            </param>
          </params>
          <reporter-output>
          </reporter-output>
        </test-method> <!-- endTestCase -->
        <test-method status="PASS" signature="startTestCase(java.lang.reflect.Method)[pri:0, instance:com.tetherfi.test.ivr.CallBackAnnouncementTest@50850539]" name="startTestCase" is-config="true" duration-ms="1" started-at="2019-09-05T15:10:02 IST" finished-at="2019-09-05T15:10:02 IST">
          <params>
            <param index="0">
              <value>
                <![CDATA[public void com.tetherfi.test.ivr.CallBackAnnouncementTest.VerifyAuditTrialReportForCreate() throws java.lang.Exception]]>
              </value>
            </param>
          </params>
          <reporter-output>
          </reporter-output>
        </test-method> <!-- startTestCase -->
        <test-method status="PASS" signature="NavigateToCallBackAnnouncementPage()[pri:0, instance:com.tetherfi.test.ivr.CallBackAnnouncementTest@50850539]" name="NavigateToCallBackAnnouncementPage" is-config="true" duration-ms="6576" started-at="2019-09-05T15:10:02 IST" finished-at="2019-09-05T15:10:09 IST">
          <reporter-output>
          </reporter-output>
        </test-method> <!-- NavigateToCallBackAnnouncementPage -->
        <test-method status="PASS" signature="VerifyAuditTrialReportForCreate()[pri:7, instance:com.tetherfi.test.ivr.CallBackAnnouncementTest@50850539]" name="VerifyAuditTrialReportForCreate" duration-ms="24455" started-at="2019-09-05T15:10:09 IST" depends-on-methods="com.tetherfi.test.ivr.CallBackAnnouncementTest.AddNewCallbackAnnouncementRecord" finished-at="2019-09-05T15:10:34 IST">
          <reporter-output>
          </reporter-output>
        </test-method> <!-- VerifyAuditTrialReportForCreate -->
        <test-method status="PASS" signature="afterEachMethod(java.lang.reflect.Method)[pri:0, instance:com.tetherfi.test.ivr.CallBackAnnouncementTest@50850539]" name="afterEachMethod" is-config="true" duration-ms="2452" started-at="2019-09-05T15:10:34 IST" finished-at="2019-09-05T15:10:36 IST">
          <params>
            <param index="0">
              <value>
                <![CDATA[public void com.tetherfi.test.ivr.CallBackAnnouncementTest.VerifyAuditTrialReportForCreate() throws java.lang.Exception]]>
              </value>
            </param>
          </params>
          <reporter-output>
          </reporter-output>
        </test-method> <!-- afterEachMethod -->
        <test-method status="PASS" signature="endTestCase(java.lang.reflect.Method)[pri:0, instance:com.tetherfi.test.ivr.CallBackAnnouncementTest@50850539]" name="endTestCase" is-config="true" duration-ms="1" started-at="2019-09-05T15:10:36 IST" finished-at="2019-09-05T15:10:36 IST">
          <params>
            <param index="0">
              <value>
                <![CDATA[public void com.tetherfi.test.ivr.CallBackAnnouncementTest.VerifyAuditTrialReportForCreate() throws java.lang.Exception]]>
              </value>
            </param>
          </params>
          <reporter-output>
          </reporter-output>
        </test-method> <!-- endTestCase -->
        <test-method status="PASS" signature="startTestCase(java.lang.reflect.Method)[pri:0, instance:com.tetherfi.test.ivr.CallBackAnnouncementTest@50850539]" name="startTestCase" is-config="true" duration-ms="0" started-at="2019-09-05T15:10:36 IST" finished-at="2019-09-05T15:10:36 IST">
          <params>
            <param index="0">
              <value>
                <![CDATA[public void com.tetherfi.test.ivr.CallBackAnnouncementTest.AddDuplicateCallBackAnnouncementRecord() throws java.lang.Exception]]>
              </value>
            </param>
          </params>
          <reporter-output>
          </reporter-output>
        </test-method> <!-- startTestCase -->
        <test-method status="PASS" signature="NavigateToCallBackAnnouncementPage()[pri:0, instance:com.tetherfi.test.ivr.CallBackAnnouncementTest@50850539]" name="NavigateToCallBackAnnouncementPage" is-config="true" duration-ms="7988" started-at="2019-09-05T15:10:36 IST" finished-at="2019-09-05T15:10:44 IST">
          <reporter-output>
          </reporter-output>
        </test-method> <!-- NavigateToCallBackAnnouncementPage -->
        <test-method status="PASS" signature="AddDuplicateCallBackAnnouncementRecord()[pri:8, instance:com.tetherfi.test.ivr.CallBackAnnouncementTest@50850539]" name="AddDuplicateCallBackAnnouncementRecord" duration-ms="10546" started-at="2019-09-05T15:10:44 IST" depends-on-methods="com.tetherfi.test.ivr.CallBackAnnouncementTest.AddNewCallbackAnnouncementRecord" finished-at="2019-09-05T15:10:55 IST">
          <reporter-output>
          </reporter-output>
        </test-method> <!-- AddDuplicateCallBackAnnouncementRecord -->
        <test-method status="PASS" signature="afterEachMethod(java.lang.reflect.Method)[pri:0, instance:com.tetherfi.test.ivr.CallBackAnnouncementTest@50850539]" name="afterEachMethod" is-config="true" duration-ms="1860" started-at="2019-09-05T15:10:55 IST" finished-at="2019-09-05T15:10:56 IST">
          <params>
            <param index="0">
              <value>
                <![CDATA[public void com.tetherfi.test.ivr.CallBackAnnouncementTest.AddDuplicateCallBackAnnouncementRecord() throws java.lang.Exception]]>
              </value>
            </param>
          </params>
          <reporter-output>
          </reporter-output>
        </test-method> <!-- afterEachMethod -->
        <test-method status="PASS" signature="endTestCase(java.lang.reflect.Method)[pri:0, instance:com.tetherfi.test.ivr.CallBackAnnouncementTest@50850539]" name="endTestCase" is-config="true" duration-ms="1" started-at="2019-09-05T15:10:56 IST" finished-at="2019-09-05T15:10:56 IST">
          <params>
            <param index="0">
              <value>
                <![CDATA[public void com.tetherfi.test.ivr.CallBackAnnouncementTest.AddDuplicateCallBackAnnouncementRecord() throws java.lang.Exception]]>
              </value>
            </param>
          </params>
          <reporter-output>
          </reporter-output>
        </test-method> <!-- endTestCase -->
        <test-method status="PASS" signature="startTestCase(java.lang.reflect.Method)[pri:0, instance:com.tetherfi.test.ivr.CallBackAnnouncementTest@50850539]" name="startTestCase" is-config="true" duration-ms="0" started-at="2019-09-05T15:10:56 IST" finished-at="2019-09-05T15:10:56 IST">
          <params>
            <param index="0">
              <value>
                <![CDATA[public void com.tetherfi.test.ivr.CallBackAnnouncementTest.AddNewCallbackAnnouncementWithoutWavFile() throws java.lang.Exception]]>
              </value>
            </param>
          </params>
          <reporter-output>
          </reporter-output>
        </test-method> <!-- startTestCase -->
        <test-method status="PASS" signature="NavigateToCallBackAnnouncementPage()[pri:0, instance:com.tetherfi.test.ivr.CallBackAnnouncementTest@50850539]" name="NavigateToCallBackAnnouncementPage" is-config="true" duration-ms="6071" started-at="2019-09-05T15:10:56 IST" finished-at="2019-09-05T15:11:02 IST">
          <reporter-output>
          </reporter-output>
        </test-method> <!-- NavigateToCallBackAnnouncementPage -->
        <test-method status="PASS" signature="AddNewCallbackAnnouncementWithoutWavFile()[pri:9, instance:com.tetherfi.test.ivr.CallBackAnnouncementTest@50850539]" name="AddNewCallbackAnnouncementWithoutWavFile" duration-ms="6098" started-at="2019-09-05T15:11:02 IST" finished-at="2019-09-05T15:11:09 IST">
          <reporter-output>
          </reporter-output>
        </test-method> <!-- AddNewCallbackAnnouncementWithoutWavFile -->
        <test-method status="PASS" signature="afterEachMethod(java.lang.reflect.Method)[pri:0, instance:com.tetherfi.test.ivr.CallBackAnnouncementTest@50850539]" name="afterEachMethod" is-config="true" duration-ms="1867" started-at="2019-09-05T15:11:09 IST" finished-at="2019-09-05T15:11:10 IST">
          <params>
            <param index="0">
              <value>
                <![CDATA[public void com.tetherfi.test.ivr.CallBackAnnouncementTest.AddNewCallbackAnnouncementWithoutWavFile() throws java.lang.Exception]]>
              </value>
            </param>
          </params>
          <reporter-output>
          </reporter-output>
        </test-method> <!-- afterEachMethod -->
        <test-method status="PASS" signature="endTestCase(java.lang.reflect.Method)[pri:0, instance:com.tetherfi.test.ivr.CallBackAnnouncementTest@50850539]" name="endTestCase" is-config="true" duration-ms="0" started-at="2019-09-05T15:11:10 IST" finished-at="2019-09-05T15:11:10 IST">
          <params>
            <param index="0">
              <value>
                <![CDATA[public void com.tetherfi.test.ivr.CallBackAnnouncementTest.AddNewCallbackAnnouncementWithoutWavFile() throws java.lang.Exception]]>
              </value>
            </param>
          </params>
          <reporter-output>
          </reporter-output>
        </test-method> <!-- endTestCase -->
        <test-method status="PASS" signature="startTestCase(java.lang.reflect.Method)[pri:0, instance:com.tetherfi.test.ivr.CallBackAnnouncementTest@50850539]" name="startTestCase" is-config="true" duration-ms="1" started-at="2019-09-05T15:11:10 IST" finished-at="2019-09-05T15:11:10 IST">
          <params>
            <param index="0">
              <value>
                <![CDATA[public void com.tetherfi.test.ivr.CallBackAnnouncementTest.AddNewCallbackAnnouncementWithoutStartTime() throws java.lang.Exception]]>
              </value>
            </param>
          </params>
          <reporter-output>
          </reporter-output>
        </test-method> <!-- startTestCase -->
        <test-method status="PASS" signature="NavigateToCallBackAnnouncementPage()[pri:0, instance:com.tetherfi.test.ivr.CallBackAnnouncementTest@50850539]" name="NavigateToCallBackAnnouncementPage" is-config="true" duration-ms="6253" started-at="2019-09-05T15:11:10 IST" finished-at="2019-09-05T15:11:17 IST">
          <reporter-output>
          </reporter-output>
        </test-method> <!-- NavigateToCallBackAnnouncementPage -->
        <test-method status="PASS" signature="AddNewCallbackAnnouncementWithoutStartTime()[pri:10, instance:com.tetherfi.test.ivr.CallBackAnnouncementTest@50850539]" name="AddNewCallbackAnnouncementWithoutStartTime" duration-ms="10075" started-at="2019-09-05T15:11:17 IST" finished-at="2019-09-05T15:11:27 IST">
          <reporter-output>
          </reporter-output>
        </test-method> <!-- AddNewCallbackAnnouncementWithoutStartTime -->
        <test-method status="PASS" signature="afterEachMethod(java.lang.reflect.Method)[pri:0, instance:com.tetherfi.test.ivr.CallBackAnnouncementTest@50850539]" name="afterEachMethod" is-config="true" duration-ms="530" started-at="2019-09-05T15:11:27 IST" finished-at="2019-09-05T15:11:27 IST">
          <params>
            <param index="0">
              <value>
                <![CDATA[public void com.tetherfi.test.ivr.CallBackAnnouncementTest.AddNewCallbackAnnouncementWithoutStartTime() throws java.lang.Exception]]>
              </value>
            </param>
          </params>
          <reporter-output>
          </reporter-output>
        </test-method> <!-- afterEachMethod -->
        <test-method status="PASS" signature="endTestCase(java.lang.reflect.Method)[pri:0, instance:com.tetherfi.test.ivr.CallBackAnnouncementTest@50850539]" name="endTestCase" is-config="true" duration-ms="1" started-at="2019-09-05T15:11:27 IST" finished-at="2019-09-05T15:11:27 IST">
          <params>
            <param index="0">
              <value>
                <![CDATA[public void com.tetherfi.test.ivr.CallBackAnnouncementTest.AddNewCallbackAnnouncementWithoutStartTime() throws java.lang.Exception]]>
              </value>
            </param>
          </params>
          <reporter-output>
          </reporter-output>
        </test-method> <!-- endTestCase -->
        <test-method status="PASS" signature="startTestCase(java.lang.reflect.Method)[pri:0, instance:com.tetherfi.test.ivr.CallBackAnnouncementTest@50850539]" name="startTestCase" is-config="true" duration-ms="1" started-at="2019-09-05T15:11:27 IST" finished-at="2019-09-05T15:11:27 IST">
          <params>
            <param index="0">
              <value>
                <![CDATA[public void com.tetherfi.test.ivr.CallBackAnnouncementTest.AddNewCallbackAnnouncementWithoutEndTime() throws java.lang.Exception]]>
              </value>
            </param>
          </params>
          <reporter-output>
          </reporter-output>
        </test-method> <!-- startTestCase -->
        <test-method status="PASS" signature="NavigateToCallBackAnnouncementPage()[pri:0, instance:com.tetherfi.test.ivr.CallBackAnnouncementTest@50850539]" name="NavigateToCallBackAnnouncementPage" is-config="true" duration-ms="6609" started-at="2019-09-05T15:11:27 IST" finished-at="2019-09-05T15:11:34 IST">
          <reporter-output>
          </reporter-output>
        </test-method> <!-- NavigateToCallBackAnnouncementPage -->
        <test-method status="PASS" signature="AddNewCallbackAnnouncementWithoutEndTime()[pri:11, instance:com.tetherfi.test.ivr.CallBackAnnouncementTest@50850539]" name="AddNewCallbackAnnouncementWithoutEndTime" duration-ms="10329" started-at="2019-09-05T15:11:34 IST" finished-at="2019-09-05T15:11:44 IST">
          <reporter-output>
          </reporter-output>
        </test-method> <!-- AddNewCallbackAnnouncementWithoutEndTime -->
        <test-method status="PASS" signature="afterEachMethod(java.lang.reflect.Method)[pri:0, instance:com.tetherfi.test.ivr.CallBackAnnouncementTest@50850539]" name="afterEachMethod" is-config="true" duration-ms="1665" started-at="2019-09-05T15:11:44 IST" finished-at="2019-09-05T15:11:46 IST">
          <params>
            <param index="0">
              <value>
                <![CDATA[public void com.tetherfi.test.ivr.CallBackAnnouncementTest.AddNewCallbackAnnouncementWithoutEndTime() throws java.lang.Exception]]>
              </value>
            </param>
          </params>
          <reporter-output>
          </reporter-output>
        </test-method> <!-- afterEachMethod -->
        <test-method status="PASS" signature="endTestCase(java.lang.reflect.Method)[pri:0, instance:com.tetherfi.test.ivr.CallBackAnnouncementTest@50850539]" name="endTestCase" is-config="true" duration-ms="0" started-at="2019-09-05T15:11:46 IST" finished-at="2019-09-05T15:11:46 IST">
          <params>
            <param index="0">
              <value>
                <![CDATA[public void com.tetherfi.test.ivr.CallBackAnnouncementTest.AddNewCallbackAnnouncementWithoutEndTime() throws java.lang.Exception]]>
              </value>
            </param>
          </params>
          <reporter-output>
          </reporter-output>
        </test-method> <!-- endTestCase -->
        <test-method status="PASS" signature="NavigateToCallBackAnnouncementPage()[pri:0, instance:com.tetherfi.test.ivr.CallBackAnnouncementTest@50850539]" name="NavigateToCallBackAnnouncementPage" is-config="true" duration-ms="5876" started-at="2019-09-05T15:11:46 IST" finished-at="2019-09-05T15:11:52 IST">
          <reporter-output>
          </reporter-output>
        </test-method> <!-- NavigateToCallBackAnnouncementPage -->
        <test-method status="PASS" signature="startTestCase(java.lang.reflect.Method)[pri:0, instance:com.tetherfi.test.ivr.CallBackAnnouncementTest@50850539]" name="startTestCase" is-config="true" duration-ms="0" started-at="2019-09-05T15:11:46 IST" finished-at="2019-09-05T15:11:46 IST">
          <params>
            <param index="0">
              <value>
                <![CDATA[public void com.tetherfi.test.ivr.CallBackAnnouncementTest.AddNewCallbackAnnouncementWithoutLanguage() throws java.lang.Exception]]>
              </value>
            </param>
          </params>
          <reporter-output>
          </reporter-output>
        </test-method> <!-- startTestCase -->
        <test-method status="PASS" signature="AddNewCallbackAnnouncementWithoutLanguage()[pri:12, instance:com.tetherfi.test.ivr.CallBackAnnouncementTest@50850539]" name="AddNewCallbackAnnouncementWithoutLanguage" duration-ms="10172" started-at="2019-09-05T15:11:52 IST" finished-at="2019-09-05T15:12:02 IST">
          <reporter-output>
          </reporter-output>
        </test-method> <!-- AddNewCallbackAnnouncementWithoutLanguage -->
        <test-method status="PASS" signature="afterEachMethod(java.lang.reflect.Method)[pri:0, instance:com.tetherfi.test.ivr.CallBackAnnouncementTest@50850539]" name="afterEachMethod" is-config="true" duration-ms="1762" started-at="2019-09-05T15:12:02 IST" finished-at="2019-09-05T15:12:04 IST">
          <params>
            <param index="0">
              <value>
                <![CDATA[public void com.tetherfi.test.ivr.CallBackAnnouncementTest.AddNewCallbackAnnouncementWithoutLanguage() throws java.lang.Exception]]>
              </value>
            </param>
          </params>
          <reporter-output>
          </reporter-output>
        </test-method> <!-- afterEachMethod -->
        <test-method status="PASS" signature="endTestCase(java.lang.reflect.Method)[pri:0, instance:com.tetherfi.test.ivr.CallBackAnnouncementTest@50850539]" name="endTestCase" is-config="true" duration-ms="0" started-at="2019-09-05T15:12:04 IST" finished-at="2019-09-05T15:12:04 IST">
          <params>
            <param index="0">
              <value>
                <![CDATA[public void com.tetherfi.test.ivr.CallBackAnnouncementTest.AddNewCallbackAnnouncementWithoutLanguage() throws java.lang.Exception]]>
              </value>
            </param>
          </params>
          <reporter-output>
          </reporter-output>
        </test-method> <!-- endTestCase -->
        <test-method status="PASS" signature="startTestCase(java.lang.reflect.Method)[pri:0, instance:com.tetherfi.test.ivr.CallBackAnnouncementTest@50850539]" name="startTestCase" is-config="true" duration-ms="0" started-at="2019-09-05T15:12:04 IST" finished-at="2019-09-05T15:12:04 IST">
          <params>
            <param index="0">
              <value>
                <![CDATA[public void com.tetherfi.test.ivr.CallBackAnnouncementTest.EditCallBackAnnouncementRecord() throws java.lang.Exception]]>
              </value>
            </param>
          </params>
          <reporter-output>
          </reporter-output>
        </test-method> <!-- startTestCase -->
        <test-method status="PASS" signature="NavigateToCallBackAnnouncementPage()[pri:0, instance:com.tetherfi.test.ivr.CallBackAnnouncementTest@50850539]" name="NavigateToCallBackAnnouncementPage" is-config="true" duration-ms="6191" started-at="2019-09-05T15:12:04 IST" finished-at="2019-09-05T15:12:10 IST">
          <reporter-output>
          </reporter-output>
        </test-method> <!-- NavigateToCallBackAnnouncementPage -->
        <test-method status="PASS" signature="EditCallBackAnnouncementRecord()[pri:13, instance:com.tetherfi.test.ivr.CallBackAnnouncementTest@50850539]" name="EditCallBackAnnouncementRecord" duration-ms="8845" started-at="2019-09-05T15:12:10 IST" finished-at="2019-09-05T15:12:19 IST">
          <reporter-output>
          </reporter-output>
        </test-method> <!-- EditCallBackAnnouncementRecord -->
        <test-method status="PASS" signature="afterEachMethod(java.lang.reflect.Method)[pri:0, instance:com.tetherfi.test.ivr.CallBackAnnouncementTest@50850539]" name="afterEachMethod" is-config="true" duration-ms="2772" started-at="2019-09-05T15:12:19 IST" finished-at="2019-09-05T15:12:22 IST">
          <params>
            <param index="0">
              <value>
                <![CDATA[public void com.tetherfi.test.ivr.CallBackAnnouncementTest.EditCallBackAnnouncementRecord() throws java.lang.Exception]]>
              </value>
            </param>
          </params>
          <reporter-output>
          </reporter-output>
        </test-method> <!-- afterEachMethod -->
        <test-method status="PASS" signature="endTestCase(java.lang.reflect.Method)[pri:0, instance:com.tetherfi.test.ivr.CallBackAnnouncementTest@50850539]" name="endTestCase" is-config="true" duration-ms="1" started-at="2019-09-05T15:12:22 IST" finished-at="2019-09-05T15:12:22 IST">
          <params>
            <param index="0">
              <value>
                <![CDATA[public void com.tetherfi.test.ivr.CallBackAnnouncementTest.EditCallBackAnnouncementRecord() throws java.lang.Exception]]>
              </value>
            </param>
          </params>
          <reporter-output>
          </reporter-output>
        </test-method> <!-- endTestCase -->
        <test-method status="PASS" signature="NavigateToCallBackAnnouncementPage()[pri:0, instance:com.tetherfi.test.ivr.CallBackAnnouncementTest@50850539]" name="NavigateToCallBackAnnouncementPage" is-config="true" duration-ms="6001" started-at="2019-09-05T15:12:22 IST" finished-at="2019-09-05T15:12:28 IST">
          <reporter-output>
          </reporter-output>
        </test-method> <!-- NavigateToCallBackAnnouncementPage -->
        <test-method status="PASS" signature="startTestCase(java.lang.reflect.Method)[pri:0, instance:com.tetherfi.test.ivr.CallBackAnnouncementTest@50850539]" name="startTestCase" is-config="true" duration-ms="0" started-at="2019-09-05T15:12:22 IST" finished-at="2019-09-05T15:12:22 IST">
          <params>
            <param index="0">
              <value>
                <![CDATA[public void com.tetherfi.test.ivr.CallBackAnnouncementTest.VerifyAuditTrialReportForUpdate() throws java.lang.Exception]]>
              </value>
            </param>
          </params>
          <reporter-output>
          </reporter-output>
        </test-method> <!-- startTestCase -->
        <test-method status="PASS" signature="VerifyAuditTrialReportForUpdate()[pri:14, instance:com.tetherfi.test.ivr.CallBackAnnouncementTest@50850539]" name="VerifyAuditTrialReportForUpdate" duration-ms="24390" started-at="2019-09-05T15:12:28 IST" finished-at="2019-09-05T15:12:52 IST">
          <reporter-output>
          </reporter-output>
        </test-method> <!-- VerifyAuditTrialReportForUpdate -->
        <test-method status="PASS" signature="afterEachMethod(java.lang.reflect.Method)[pri:0, instance:com.tetherfi.test.ivr.CallBackAnnouncementTest@50850539]" name="afterEachMethod" is-config="true" duration-ms="2739" started-at="2019-09-05T15:12:52 IST" finished-at="2019-09-05T15:12:55 IST">
          <params>
            <param index="0">
              <value>
                <![CDATA[public void com.tetherfi.test.ivr.CallBackAnnouncementTest.VerifyAuditTrialReportForUpdate() throws java.lang.Exception]]>
              </value>
            </param>
          </params>
          <reporter-output>
          </reporter-output>
        </test-method> <!-- afterEachMethod -->
        <test-method status="PASS" signature="endTestCase(java.lang.reflect.Method)[pri:0, instance:com.tetherfi.test.ivr.CallBackAnnouncementTest@50850539]" name="endTestCase" is-config="true" duration-ms="0" started-at="2019-09-05T15:12:55 IST" finished-at="2019-09-05T15:12:55 IST">
          <params>
            <param index="0">
              <value>
                <![CDATA[public void com.tetherfi.test.ivr.CallBackAnnouncementTest.VerifyAuditTrialReportForUpdate() throws java.lang.Exception]]>
              </value>
            </param>
          </params>
          <reporter-output>
          </reporter-output>
        </test-method> <!-- endTestCase -->
        <test-method status="PASS" signature="startTestCase(java.lang.reflect.Method)[pri:0, instance:com.tetherfi.test.ivr.CallBackAnnouncementTest@50850539]" name="startTestCase" is-config="true" duration-ms="0" started-at="2019-09-05T15:12:55 IST" finished-at="2019-09-05T15:12:55 IST">
          <params>
            <param index="0">
              <value>
                <![CDATA[public void com.tetherfi.test.ivr.CallBackAnnouncementTest.EditWithoutModifyReasonCallbackannouncementRecord() throws java.lang.Exception]]>
              </value>
            </param>
          </params>
          <reporter-output>
          </reporter-output>
        </test-method> <!-- startTestCase -->
        <test-method status="PASS" signature="NavigateToCallBackAnnouncementPage()[pri:0, instance:com.tetherfi.test.ivr.CallBackAnnouncementTest@50850539]" name="NavigateToCallBackAnnouncementPage" is-config="true" duration-ms="7813" started-at="2019-09-05T15:12:55 IST" finished-at="2019-09-05T15:13:02 IST">
          <reporter-output>
          </reporter-output>
        </test-method> <!-- NavigateToCallBackAnnouncementPage -->
        <test-method status="PASS" signature="EditWithoutModifyReasonCallbackannouncementRecord()[pri:15, instance:com.tetherfi.test.ivr.CallBackAnnouncementTest@50850539]" name="EditWithoutModifyReasonCallbackannouncementRecord" duration-ms="8762" started-at="2019-09-05T15:13:02 IST" finished-at="2019-09-05T15:13:11 IST">
          <reporter-output>
          </reporter-output>
        </test-method> <!-- EditWithoutModifyReasonCallbackannouncementRecord -->
        <test-method status="PASS" signature="afterEachMethod(java.lang.reflect.Method)[pri:0, instance:com.tetherfi.test.ivr.CallBackAnnouncementTest@50850539]" name="afterEachMethod" is-config="true" duration-ms="1990" started-at="2019-09-05T15:13:11 IST" finished-at="2019-09-05T15:13:13 IST">
          <params>
            <param index="0">
              <value>
                <![CDATA[public void com.tetherfi.test.ivr.CallBackAnnouncementTest.EditWithoutModifyReasonCallbackannouncementRecord() throws java.lang.Exception]]>
              </value>
            </param>
          </params>
          <reporter-output>
          </reporter-output>
        </test-method> <!-- afterEachMethod -->
        <test-method status="PASS" signature="endTestCase(java.lang.reflect.Method)[pri:0, instance:com.tetherfi.test.ivr.CallBackAnnouncementTest@50850539]" name="endTestCase" is-config="true" duration-ms="0" started-at="2019-09-05T15:13:13 IST" finished-at="2019-09-05T15:13:13 IST">
          <params>
            <param index="0">
              <value>
                <![CDATA[public void com.tetherfi.test.ivr.CallBackAnnouncementTest.EditWithoutModifyReasonCallbackannouncementRecord() throws java.lang.Exception]]>
              </value>
            </param>
          </params>
          <reporter-output>
          </reporter-output>
        </test-method> <!-- endTestCase -->
        <test-method status="PASS" signature="startTestCase(java.lang.reflect.Method)[pri:0, instance:com.tetherfi.test.ivr.CallBackAnnouncementTest@50850539]" name="startTestCase" is-config="true" duration-ms="1" started-at="2019-09-05T15:13:13 IST" finished-at="2019-09-05T15:13:13 IST">
          <params>
            <param index="0">
              <value>
                <![CDATA[public void com.tetherfi.test.ivr.CallBackAnnouncementTest.VerifyCancelButtonAtEditCallbackAnnouncementRecord() throws java.lang.Exception]]>
              </value>
            </param>
          </params>
          <reporter-output>
          </reporter-output>
        </test-method> <!-- startTestCase -->
        <test-method status="PASS" signature="NavigateToCallBackAnnouncementPage()[pri:0, instance:com.tetherfi.test.ivr.CallBackAnnouncementTest@50850539]" name="NavigateToCallBackAnnouncementPage" is-config="true" duration-ms="6075" started-at="2019-09-05T15:13:13 IST" finished-at="2019-09-05T15:13:19 IST">
          <reporter-output>
          </reporter-output>
        </test-method> <!-- NavigateToCallBackAnnouncementPage -->
        <test-method status="PASS" signature="VerifyCancelButtonAtEditCallbackAnnouncementRecord()[pri:16, instance:com.tetherfi.test.ivr.CallBackAnnouncementTest@50850539]" name="VerifyCancelButtonAtEditCallbackAnnouncementRecord" duration-ms="9047" started-at="2019-09-05T15:13:19 IST" finished-at="2019-09-05T15:13:28 IST">
          <reporter-output>
          </reporter-output>
        </test-method> <!-- VerifyCancelButtonAtEditCallbackAnnouncementRecord -->
        <test-method status="PASS" signature="afterEachMethod(java.lang.reflect.Method)[pri:0, instance:com.tetherfi.test.ivr.CallBackAnnouncementTest@50850539]" name="afterEachMethod" is-config="true" duration-ms="1930" started-at="2019-09-05T15:13:28 IST" finished-at="2019-09-05T15:13:30 IST">
          <params>
            <param index="0">
              <value>
                <![CDATA[public void com.tetherfi.test.ivr.CallBackAnnouncementTest.VerifyCancelButtonAtEditCallbackAnnouncementRecord() throws java.lang.Exception]]>
              </value>
            </param>
          </params>
          <reporter-output>
          </reporter-output>
        </test-method> <!-- afterEachMethod -->
        <test-method status="PASS" signature="endTestCase(java.lang.reflect.Method)[pri:0, instance:com.tetherfi.test.ivr.CallBackAnnouncementTest@50850539]" name="endTestCase" is-config="true" duration-ms="1" started-at="2019-09-05T15:13:30 IST" finished-at="2019-09-05T15:13:30 IST">
          <params>
            <param index="0">
              <value>
                <![CDATA[public void com.tetherfi.test.ivr.CallBackAnnouncementTest.VerifyCancelButtonAtEditCallbackAnnouncementRecord() throws java.lang.Exception]]>
              </value>
            </param>
          </params>
          <reporter-output>
          </reporter-output>
        </test-method> <!-- endTestCase -->
        <test-method status="PASS" signature="NavigateToCallBackAnnouncementPage()[pri:0, instance:com.tetherfi.test.ivr.CallBackAnnouncementTest@50850539]" name="NavigateToCallBackAnnouncementPage" is-config="true" duration-ms="5783" started-at="2019-09-05T15:13:30 IST" finished-at="2019-09-05T15:13:36 IST">
          <reporter-output>
          </reporter-output>
        </test-method> <!-- NavigateToCallBackAnnouncementPage -->
        <test-method status="PASS" signature="startTestCase(java.lang.reflect.Method)[pri:0, instance:com.tetherfi.test.ivr.CallBackAnnouncementTest@50850539]" name="startTestCase" is-config="true" duration-ms="0" started-at="2019-09-05T15:13:30 IST" finished-at="2019-09-05T15:13:30 IST">
          <params>
            <param index="0">
              <value>
                <![CDATA[public void com.tetherfi.test.ivr.CallBackAnnouncementTest.searchPage() throws java.lang.Exception]]>
              </value>
            </param>
          </params>
          <reporter-output>
          </reporter-output>
        </test-method> <!-- startTestCase -->
        <test-method status="PASS" signature="searchPage()[pri:17, instance:com.tetherfi.test.ivr.CallBackAnnouncementTest@50850539]" name="searchPage" duration-ms="4459" started-at="2019-09-05T15:13:36 IST" finished-at="2019-09-05T15:13:41 IST">
          <reporter-output>
          </reporter-output>
        </test-method> <!-- searchPage -->
        <test-method status="PASS" signature="afterEachMethod(java.lang.reflect.Method)[pri:0, instance:com.tetherfi.test.ivr.CallBackAnnouncementTest@50850539]" name="afterEachMethod" is-config="true" duration-ms="2101" started-at="2019-09-05T15:13:41 IST" finished-at="2019-09-05T15:13:43 IST">
          <params>
            <param index="0">
              <value>
                <![CDATA[public void com.tetherfi.test.ivr.CallBackAnnouncementTest.searchPage() throws java.lang.Exception]]>
              </value>
            </param>
          </params>
          <reporter-output>
          </reporter-output>
        </test-method> <!-- afterEachMethod -->
        <test-method status="PASS" signature="endTestCase(java.lang.reflect.Method)[pri:0, instance:com.tetherfi.test.ivr.CallBackAnnouncementTest@50850539]" name="endTestCase" is-config="true" duration-ms="1" started-at="2019-09-05T15:13:43 IST" finished-at="2019-09-05T15:13:43 IST">
          <params>
            <param index="0">
              <value>
                <![CDATA[public void com.tetherfi.test.ivr.CallBackAnnouncementTest.searchPage() throws java.lang.Exception]]>
              </value>
            </param>
          </params>
          <reporter-output>
          </reporter-output>
        </test-method> <!-- endTestCase -->
        <test-method status="PASS" signature="startTestCase(java.lang.reflect.Method)[pri:0, instance:com.tetherfi.test.ivr.CallBackAnnouncementTest@50850539]" name="startTestCase" is-config="true" duration-ms="1" started-at="2019-09-05T15:13:43 IST" finished-at="2019-09-05T15:13:43 IST">
          <params>
            <param index="0">
              <value>
                <![CDATA[public void com.tetherfi.test.ivr.CallBackAnnouncementTest.searchwithoutSearchTextbox() throws java.io.IOException]]>
              </value>
            </param>
          </params>
          <reporter-output>
          </reporter-output>
        </test-method> <!-- startTestCase -->
        <test-method status="PASS" signature="NavigateToCallBackAnnouncementPage()[pri:0, instance:com.tetherfi.test.ivr.CallBackAnnouncementTest@50850539]" name="NavigateToCallBackAnnouncementPage" is-config="true" duration-ms="5879" started-at="2019-09-05T15:13:43 IST" finished-at="2019-09-05T15:13:48 IST">
          <reporter-output>
          </reporter-output>
        </test-method> <!-- NavigateToCallBackAnnouncementPage -->
        <test-method status="PASS" signature="searchwithoutSearchTextbox()[pri:18, instance:com.tetherfi.test.ivr.CallBackAnnouncementTest@50850539]" name="searchwithoutSearchTextbox" duration-ms="3927" started-at="2019-09-05T15:13:48 IST" finished-at="2019-09-05T15:13:52 IST">
          <reporter-output>
          </reporter-output>
        </test-method> <!-- searchwithoutSearchTextbox -->
        <test-method status="PASS" signature="afterEachMethod(java.lang.reflect.Method)[pri:0, instance:com.tetherfi.test.ivr.CallBackAnnouncementTest@50850539]" name="afterEachMethod" is-config="true" duration-ms="2398" started-at="2019-09-05T15:13:52 IST" finished-at="2019-09-05T15:13:55 IST">
          <params>
            <param index="0">
              <value>
                <![CDATA[public void com.tetherfi.test.ivr.CallBackAnnouncementTest.searchwithoutSearchTextbox() throws java.io.IOException]]>
              </value>
            </param>
          </params>
          <reporter-output>
          </reporter-output>
        </test-method> <!-- afterEachMethod -->
        <test-method status="PASS" signature="endTestCase(java.lang.reflect.Method)[pri:0, instance:com.tetherfi.test.ivr.CallBackAnnouncementTest@50850539]" name="endTestCase" is-config="true" duration-ms="1" started-at="2019-09-05T15:13:55 IST" finished-at="2019-09-05T15:13:55 IST">
          <params>
            <param index="0">
              <value>
                <![CDATA[public void com.tetherfi.test.ivr.CallBackAnnouncementTest.searchwithoutSearchTextbox() throws java.io.IOException]]>
              </value>
            </param>
          </params>
          <reporter-output>
          </reporter-output>
        </test-method> <!-- endTestCase -->
        <test-method status="PASS" signature="startTestCase(java.lang.reflect.Method)[pri:0, instance:com.tetherfi.test.ivr.CallBackAnnouncementTest@50850539]" name="startTestCase" is-config="true" duration-ms="1" started-at="2019-09-05T15:13:55 IST" finished-at="2019-09-05T15:13:55 IST">
          <params>
            <param index="0">
              <value>
                <![CDATA[public void com.tetherfi.test.ivr.CallBackAnnouncementTest.DeleteWithoutDeleteReasonRecord() throws java.lang.Exception]]>
              </value>
            </param>
          </params>
          <reporter-output>
          </reporter-output>
        </test-method> <!-- startTestCase -->
        <test-method status="PASS" signature="NavigateToCallBackAnnouncementPage()[pri:0, instance:com.tetherfi.test.ivr.CallBackAnnouncementTest@50850539]" name="NavigateToCallBackAnnouncementPage" is-config="true" duration-ms="5958" started-at="2019-09-05T15:13:55 IST" finished-at="2019-09-05T15:14:01 IST">
          <reporter-output>
          </reporter-output>
        </test-method> <!-- NavigateToCallBackAnnouncementPage -->
        <test-method status="PASS" signature="DeleteWithoutDeleteReasonRecord()[pri:19, instance:com.tetherfi.test.ivr.CallBackAnnouncementTest@50850539]" name="DeleteWithoutDeleteReasonRecord" duration-ms="5741" started-at="2019-09-05T15:14:01 IST" finished-at="2019-09-05T15:14:07 IST">
          <reporter-output>
          </reporter-output>
        </test-method> <!-- DeleteWithoutDeleteReasonRecord -->
        <test-method status="PASS" signature="afterEachMethod(java.lang.reflect.Method)[pri:0, instance:com.tetherfi.test.ivr.CallBackAnnouncementTest@50850539]" name="afterEachMethod" is-config="true" duration-ms="1932" started-at="2019-09-05T15:14:07 IST" finished-at="2019-09-05T15:14:08 IST">
          <params>
            <param index="0">
              <value>
                <![CDATA[public void com.tetherfi.test.ivr.CallBackAnnouncementTest.DeleteWithoutDeleteReasonRecord() throws java.lang.Exception]]>
              </value>
            </param>
          </params>
          <reporter-output>
          </reporter-output>
        </test-method> <!-- afterEachMethod -->
        <test-method status="PASS" signature="endTestCase(java.lang.reflect.Method)[pri:0, instance:com.tetherfi.test.ivr.CallBackAnnouncementTest@50850539]" name="endTestCase" is-config="true" duration-ms="0" started-at="2019-09-05T15:14:08 IST" finished-at="2019-09-05T15:14:08 IST">
          <params>
            <param index="0">
              <value>
                <![CDATA[public void com.tetherfi.test.ivr.CallBackAnnouncementTest.DeleteWithoutDeleteReasonRecord() throws java.lang.Exception]]>
              </value>
            </param>
          </params>
          <reporter-output>
          </reporter-output>
        </test-method> <!-- endTestCase -->
        <test-method status="PASS" signature="startTestCase(java.lang.reflect.Method)[pri:0, instance:com.tetherfi.test.ivr.CallBackAnnouncementTest@50850539]" name="startTestCase" is-config="true" duration-ms="0" started-at="2019-09-05T15:14:08 IST" finished-at="2019-09-05T15:14:08 IST">
          <params>
            <param index="0">
              <value>
                <![CDATA[public void com.tetherfi.test.ivr.CallBackAnnouncementTest.VerifyCancelButtonDeleteRecord() throws java.lang.Exception]]>
              </value>
            </param>
          </params>
          <reporter-output>
          </reporter-output>
        </test-method> <!-- startTestCase -->
        <test-method status="PASS" signature="NavigateToCallBackAnnouncementPage()[pri:0, instance:com.tetherfi.test.ivr.CallBackAnnouncementTest@50850539]" name="NavigateToCallBackAnnouncementPage" is-config="true" duration-ms="5642" started-at="2019-09-05T15:14:08 IST" finished-at="2019-09-05T15:14:14 IST">
          <reporter-output>
          </reporter-output>
        </test-method> <!-- NavigateToCallBackAnnouncementPage -->
        <test-method status="PASS" signature="VerifyCancelButtonDeleteRecord()[pri:20, instance:com.tetherfi.test.ivr.CallBackAnnouncementTest@50850539]" name="VerifyCancelButtonDeleteRecord" duration-ms="7595" started-at="2019-09-05T15:14:14 IST" depends-on-methods="com.tetherfi.test.ivr.CallBackAnnouncementTest.DeleteWithoutDeleteReasonRecord" finished-at="2019-09-05T15:14:22 IST">
          <reporter-output>
          </reporter-output>
        </test-method> <!-- VerifyCancelButtonDeleteRecord -->
        <test-method status="PASS" signature="afterEachMethod(java.lang.reflect.Method)[pri:0, instance:com.tetherfi.test.ivr.CallBackAnnouncementTest@50850539]" name="afterEachMethod" is-config="true" duration-ms="2095" started-at="2019-09-05T15:14:22 IST" finished-at="2019-09-05T15:14:24 IST">
          <params>
            <param index="0">
              <value>
                <![CDATA[public void com.tetherfi.test.ivr.CallBackAnnouncementTest.VerifyCancelButtonDeleteRecord() throws java.lang.Exception]]>
              </value>
            </param>
          </params>
          <reporter-output>
          </reporter-output>
        </test-method> <!-- afterEachMethod -->
        <test-method status="PASS" signature="endTestCase(java.lang.reflect.Method)[pri:0, instance:com.tetherfi.test.ivr.CallBackAnnouncementTest@50850539]" name="endTestCase" is-config="true" duration-ms="0" started-at="2019-09-05T15:14:24 IST" finished-at="2019-09-05T15:14:24 IST">
          <params>
            <param index="0">
              <value>
                <![CDATA[public void com.tetherfi.test.ivr.CallBackAnnouncementTest.VerifyCancelButtonDeleteRecord() throws java.lang.Exception]]>
              </value>
            </param>
          </params>
          <reporter-output>
          </reporter-output>
        </test-method> <!-- endTestCase -->
        <test-method status="PASS" signature="NavigateToCallBackAnnouncementPage()[pri:0, instance:com.tetherfi.test.ivr.CallBackAnnouncementTest@50850539]" name="NavigateToCallBackAnnouncementPage" is-config="true" duration-ms="6709" started-at="2019-09-05T15:14:24 IST" finished-at="2019-09-05T15:14:30 IST">
          <reporter-output>
          </reporter-output>
        </test-method> <!-- NavigateToCallBackAnnouncementPage -->
        <test-method status="PASS" signature="startTestCase(java.lang.reflect.Method)[pri:0, instance:com.tetherfi.test.ivr.CallBackAnnouncementTest@50850539]" name="startTestCase" is-config="true" duration-ms="0" started-at="2019-09-05T15:14:24 IST" finished-at="2019-09-05T15:14:24 IST">
          <params>
            <param index="0">
              <value>
                <![CDATA[public void com.tetherfi.test.ivr.CallBackAnnouncementTest.DeleteCallbackAnnouncementRecord() throws java.lang.Exception]]>
              </value>
            </param>
          </params>
          <reporter-output>
          </reporter-output>
        </test-method> <!-- startTestCase -->
        <test-method status="FAIL" signature="DeleteCallbackAnnouncementRecord()[pri:21, instance:com.tetherfi.test.ivr.CallBackAnnouncementTest@50850539]" name="DeleteCallbackAnnouncementRecord" duration-ms="117732" started-at="2019-09-05T15:14:30 IST" depends-on-methods="com.tetherfi.test.ivr.CallBackAnnouncementTest.VerifyCancelButtonDeleteRecord" finished-at="2019-09-05T15:16:28 IST">
          <exception class="org.openqa.selenium.TimeoutException">
            <message>
              <![CDATA[Expected condition failed: waiting for visibility of Proxy element for: DefaultElementLocator 'By.cssSelector: #toast-container .toast-message' (tried for 30 second(s) with 500 milliseconds interval)]]>
            </message>
            <full-stacktrace>
              <![CDATA[org.openqa.selenium.TimeoutException: Expected condition failed: waiting for visibility of Proxy element for: DefaultElementLocator 'By.cssSelector: #toast-container .toast-message' (tried for 30 second(s) with 500 milliseconds interval)
at org.openqa.selenium.support.ui.WebDriverWait.timeoutException(WebDriverWait.java:95)
at org.openqa.selenium.support.ui.FluentWait.until(FluentWait.java:272)
at com.tetherfi.pages.BasePage.waitUntilWebElementIsVisible(BasePage.java:127)
at com.tetherfi.pages.CallbackAnnouncementPage.verifySuccessMessage(CallbackAnnouncementPage.java:584)
at com.tetherfi.test.ivr.CallBackAnnouncementTest.DeleteCallbackAnnouncementRecord(CallBackAnnouncementTest.java:251)
at sun.reflect.NativeMethodAccessorImpl.invoke0(Native Method)
at sun.reflect.NativeMethodAccessorImpl.invoke(Unknown Source)
at sun.reflect.DelegatingMethodAccessorImpl.invoke(Unknown Source)
at java.lang.reflect.Method.invoke(Unknown Source)
at org.testng.internal.MethodInvocationHelper.invokeMethod(MethodInvocationHelper.java:133)
at org.testng.internal.TestInvoker.invokeMethod(TestInvoker.java:584)
at org.testng.internal.TestInvoker.invokeTestMethod(TestInvoker.java:172)
at org.testng.internal.MethodRunner.runInSequence(MethodRunner.java:46)
at org.testng.internal.TestInvoker$MethodInvocationAgent.invoke(TestInvoker.java:804)
at org.testng.internal.TestInvoker.invokeTestMethods(TestInvoker.java:145)
at org.testng.internal.TestMethodWorker.invokeTestMethods(TestMethodWorker.java:146)
at org.testng.internal.TestMethodWorker.run(TestMethodWorker.java:128)
at java.util.ArrayList.forEach(Unknown Source)
at org.testng.TestRunner.privateRun(TestRunner.java:770)
at org.testng.TestRunner.run(TestRunner.java:591)
at org.testng.SuiteRunner.runTest(SuiteRunner.java:402)
at org.testng.SuiteRunner.runSequentially(SuiteRunner.java:396)
at org.testng.SuiteRunner.privateRun(SuiteRunner.java:355)
at org.testng.SuiteRunner.run(SuiteRunner.java:304)
at org.testng.SuiteRunnerWorker.runSuite(SuiteRunnerWorker.java:53)
at org.testng.SuiteRunnerWorker.run(SuiteRunnerWorker.java:96)
at org.testng.TestNG.runSuitesSequentially(TestNG.java:1180)
at org.testng.TestNG.runSuitesLocally(TestNG.java:1102)
at org.testng.TestNG.runSuites(TestNG.java:1032)
at org.testng.TestNG.run(TestNG.java:1000)
at org.testng.remote.AbstractRemoteTestNG.run(AbstractRemoteTestNG.java:115)
at org.testng.remote.RemoteTestNG.initAndRun(RemoteTestNG.java:251)
at org.testng.remote.RemoteTestNG.main(RemoteTestNG.java:77)
Caused by: org.openqa.selenium.NoSuchElementException: no such element: Unable to locate element: {"method":"css selector","selector":"#toast-container .toast-message"}
  (Session info: chrome=76.0.3809.132)
For documentation on this error, please visit: https://www.seleniumhq.org/exceptions/no_such_element.html
Build info: version: '3.141.59', revision: 'e82be7d358', time: '2018-11-14T08:17:03'
System info: host: 'DESKTOP-SNCCD49', ip: '192.168.1.10', os.name: 'Windows 10', os.arch: 'amd64', os.version: '10.0', java.version: '1.8.0_181'
Driver info: org.openqa.selenium.chrome.ChromeDriver
Capabilities {acceptInsecureCerts: false, browserName: chrome, browserVersion: 76.0.3809.132, chrome: {chromedriverVersion: 76.0.3809.68 (420c9498db8ce..., userDataDir: C:\Users\admin\AppData\Loca...}, goog:chromeOptions: {debuggerAddress: localhost:52764}, javascriptEnabled: true, networkConnectionEnabled: false, pageLoadStrategy: normal, platform: XP, platformName: XP, proxy: Proxy(), setWindowRect: true, strictFileInteractability: false, timeouts: {implicit: 0, pageLoad: 300000, script: 30000}, unhandledPromptBehavior: dismiss and notify}
Session ID: b4c95e91ea2d250aff3950739b1bbd03
*** Element info: {Using=css selector, value=#toast-container .toast-message}
at sun.reflect.NativeConstructorAccessorImpl.newInstance0(Native Method)
at sun.reflect.NativeConstructorAccessorImpl.newInstance(Unknown Source)
at sun.reflect.DelegatingConstructorAccessorImpl.newInstance(Unknown Source)
at java.lang.reflect.Constructor.newInstance(Unknown Source)
at org.openqa.selenium.remote.http.W3CHttpResponseCodec.createException(W3CHttpResponseCodec.java:187)
at org.openqa.selenium.remote.http.W3CHttpResponseCodec.decode(W3CHttpResponseCodec.java:122)
at org.openqa.selenium.remote.http.W3CHttpResponseCodec.decode(W3CHttpResponseCodec.java:49)
at org.openqa.selenium.remote.HttpCommandExecutor.execute(HttpCommandExecutor.java:158)
at org.openqa.selenium.remote.service.DriverCommandExecutor.execute(DriverCommandExecutor.java:83)
at org.openqa.selenium.remote.RemoteWebDriver.execute(RemoteWebDriver.java:552)
at org.openqa.selenium.remote.RemoteWebDriver.findElement(RemoteWebDriver.java:323)
at org.openqa.selenium.remote.RemoteWebDriver.findElementByCssSelector(RemoteWebDriver.java:420)
at org.openqa.selenium.By$ByCssSelector.findElement(By.java:431)
at org.openqa.selenium.remote.RemoteWebDriver.findElement(RemoteWebDriver.java:315)
at org.openqa.selenium.support.pagefactory.DefaultElementLocator.findElement(DefaultElementLocator.java:69)
at org.openqa.selenium.support.pagefactory.internal.LocatingElementHandler.invoke(LocatingElementHandler.java:38)
at com.sun.proxy.$Proxy11.isDisplayed(Unknown Source)
at org.openqa.selenium.support.ui.ExpectedConditions.elementIfVisible(ExpectedConditions.java:314)
at org.openqa.selenium.support.ui.ExpectedConditions.access$000(ExpectedConditions.java:43)
at org.openqa.selenium.support.ui.ExpectedConditions$10.apply(ExpectedConditions.java:300)
at org.openqa.selenium.support.ui.ExpectedConditions$10.apply(ExpectedConditions.java:297)
at org.openqa.selenium.support.ui.FluentWait.until(FluentWait.java:249)
... 31 more
]]>
            </full-stacktrace>
          </exception> <!-- org.openqa.selenium.TimeoutException -->
          <reporter-output>
          </reporter-output>
        </test-method> <!-- DeleteCallbackAnnouncementRecord -->
        <test-method status="PASS" signature="afterEachMethod(java.lang.reflect.Method)[pri:0, instance:com.tetherfi.test.ivr.CallBackAnnouncementTest@50850539]" name="afterEachMethod" is-config="true" duration-ms="2138" started-at="2019-09-05T15:16:28 IST" finished-at="2019-09-05T15:16:30 IST">
          <params>
            <param index="0">
              <value>
                <![CDATA[public void com.tetherfi.test.ivr.CallBackAnnouncementTest.DeleteCallbackAnnouncementRecord() throws java.lang.Exception]]>
              </value>
            </param>
          </params>
          <reporter-output>
          </reporter-output>
        </test-method> <!-- afterEachMethod -->
        <test-method status="PASS" signature="endTestCase(java.lang.reflect.Method)[pri:0, instance:com.tetherfi.test.ivr.CallBackAnnouncementTest@50850539]" name="endTestCase" is-config="true" duration-ms="0" started-at="2019-09-05T15:16:30 IST" finished-at="2019-09-05T15:16:30 IST">
          <params>
            <param index="0">
              <value>
                <![CDATA[public void com.tetherfi.test.ivr.CallBackAnnouncementTest.DeleteCallbackAnnouncementRecord() throws java.lang.Exception]]>
              </value>
            </param>
          </params>
          <reporter-output>
          </reporter-output>
        </test-method> <!-- endTestCase -->
        <test-method status="SKIP" signature="VerifyAuditTrialReportForDelete()[pri:22, instance:com.tetherfi.test.ivr.CallBackAnnouncementTest@50850539]" name="VerifyAuditTrialReportForDelete" duration-ms="0" started-at="2019-09-05T15:16:30 IST" depends-on-methods="com.tetherfi.test.ivr.CallBackAnnouncementTest.DeleteCallbackAnnouncementRecord" finished-at="2019-09-05T15:16:30 IST">
          <exception class="java.lang.Throwable">
            <message>
              <![CDATA[Method CallBackAnnouncementTest.VerifyAuditTrialReportForDelete()[pri:22, instance:com.tetherfi.test.ivr.CallBackAnnouncementTest@50850539] depends on not successfully finished methods]]>
            </message>
            <full-stacktrace>
              <![CDATA[java.lang.Throwable: Method CallBackAnnouncementTest.VerifyAuditTrialReportForDelete()[pri:22, instance:com.tetherfi.test.ivr.CallBackAnnouncementTest@50850539] depends on not successfully finished methods
at org.testng.internal.TestInvoker.invokeTestMethods(TestInvoker.java:99)
at org.testng.internal.TestMethodWorker.invokeTestMethods(TestMethodWorker.java:146)
at org.testng.internal.TestMethodWorker.run(TestMethodWorker.java:128)
at java.util.ArrayList.forEach(Unknown Source)
at org.testng.TestRunner.privateRun(TestRunner.java:770)
at org.testng.TestRunner.run(TestRunner.java:591)
at org.testng.SuiteRunner.runTest(SuiteRunner.java:402)
at org.testng.SuiteRunner.runSequentially(SuiteRunner.java:396)
at org.testng.SuiteRunner.privateRun(SuiteRunner.java:355)
at org.testng.SuiteRunner.run(SuiteRunner.java:304)
at org.testng.SuiteRunnerWorker.runSuite(SuiteRunnerWorker.java:53)
at org.testng.SuiteRunnerWorker.run(SuiteRunnerWorker.java:96)
at org.testng.TestNG.runSuitesSequentially(TestNG.java:1180)
at org.testng.TestNG.runSuitesLocally(TestNG.java:1102)
at org.testng.TestNG.runSuites(TestNG.java:1032)
at org.testng.TestNG.run(TestNG.java:1000)
at org.testng.remote.AbstractRemoteTestNG.run(AbstractRemoteTestNG.java:115)
at org.testng.remote.RemoteTestNG.initAndRun(RemoteTestNG.java:251)
at org.testng.remote.RemoteTestNG.main(RemoteTestNG.java:77)
]]>
            </full-stacktrace>
          </exception> <!-- java.lang.Throwable -->
          <reporter-output>
          </reporter-output>
        </test-method> <!-- VerifyAuditTrialReportForDelete -->
        <test-method status="PASS" signature="NavigateToCallBackAnnouncementPage()[pri:0, instance:com.tetherfi.test.ivr.CallBackAnnouncementTest@50850539]" name="NavigateToCallBackAnnouncementPage" is-config="true" duration-ms="5522" started-at="2019-09-05T15:16:30 IST" finished-at="2019-09-05T15:16:36 IST">
          <reporter-output>
          </reporter-output>
        </test-method> <!-- NavigateToCallBackAnnouncementPage -->
        <test-method status="PASS" signature="startTestCase(java.lang.reflect.Method)[pri:0, instance:com.tetherfi.test.ivr.CallBackAnnouncementTest@50850539]" name="startTestCase" is-config="true" duration-ms="0" started-at="2019-09-05T15:16:30 IST" finished-at="2019-09-05T15:16:30 IST">
          <params>
            <param index="0">
              <value>
                <![CDATA[public void com.tetherfi.test.ivr.CallBackAnnouncementTest.ExportToExcel() throws java.lang.Exception]]>
              </value>
            </param>
          </params>
          <reporter-output>
          </reporter-output>
        </test-method> <!-- startTestCase -->
        <test-method status="PASS" signature="ExportToExcel()[pri:23, instance:com.tetherfi.test.ivr.CallBackAnnouncementTest@50850539]" name="ExportToExcel" duration-ms="2355" started-at="2019-09-05T15:16:36 IST" finished-at="2019-09-05T15:16:38 IST">
          <reporter-output>
          </reporter-output>
        </test-method> <!-- ExportToExcel -->
        <test-method status="PASS" signature="afterEachMethod(java.lang.reflect.Method)[pri:0, instance:com.tetherfi.test.ivr.CallBackAnnouncementTest@50850539]" name="afterEachMethod" is-config="true" duration-ms="1709" started-at="2019-09-05T15:16:38 IST" finished-at="2019-09-05T15:16:40 IST">
          <params>
            <param index="0">
              <value>
                <![CDATA[public void com.tetherfi.test.ivr.CallBackAnnouncementTest.ExportToExcel() throws java.lang.Exception]]>
              </value>
            </param>
          </params>
          <reporter-output>
          </reporter-output>
        </test-method> <!-- afterEachMethod -->
        <test-method status="PASS" signature="endTestCase(java.lang.reflect.Method)[pri:0, instance:com.tetherfi.test.ivr.CallBackAnnouncementTest@50850539]" name="endTestCase" is-config="true" duration-ms="0" started-at="2019-09-05T15:16:40 IST" finished-at="2019-09-05T15:16:40 IST">
          <params>
            <param index="0">
              <value>
                <![CDATA[public void com.tetherfi.test.ivr.CallBackAnnouncementTest.ExportToExcel() throws java.lang.Exception]]>
              </value>
            </param>
          </params>
          <reporter-output>
          </reporter-output>
        </test-method> <!-- endTestCase -->
        <test-method status="PASS" signature="startTestCase(java.lang.reflect.Method)[pri:0, instance:com.tetherfi.test.ivr.CallBackAnnouncementTest@50850539]" name="startTestCase" is-config="true" duration-ms="0" started-at="2019-09-05T15:16:40 IST" finished-at="2019-09-05T15:16:40 IST">
          <params>
            <param index="0">
              <value>
                <![CDATA[public void com.tetherfi.test.ivr.CallBackAnnouncementTest.ExportToExcelData() throws java.lang.Exception]]>
              </value>
            </param>
          </params>
          <reporter-output>
          </reporter-output>
        </test-method> <!-- startTestCase -->
        <test-method status="PASS" signature="NavigateToCallBackAnnouncementPage()[pri:0, instance:com.tetherfi.test.ivr.CallBackAnnouncementTest@50850539]" name="NavigateToCallBackAnnouncementPage" is-config="true" duration-ms="5354" started-at="2019-09-05T15:16:40 IST" finished-at="2019-09-05T15:16:45 IST">
          <reporter-output>
          </reporter-output>
        </test-method> <!-- NavigateToCallBackAnnouncementPage -->
        <test-method status="PASS" signature="ExportToExcelData()[pri:24, instance:com.tetherfi.test.ivr.CallBackAnnouncementTest@50850539]" name="ExportToExcelData" duration-ms="872" started-at="2019-09-05T15:16:45 IST" finished-at="2019-09-05T15:16:46 IST">
          <reporter-output>
          </reporter-output>
        </test-method> <!-- ExportToExcelData -->
        <test-method status="PASS" signature="afterEachMethod(java.lang.reflect.Method)[pri:0, instance:com.tetherfi.test.ivr.CallBackAnnouncementTest@50850539]" name="afterEachMethod" is-config="true" duration-ms="1648" started-at="2019-09-05T15:16:46 IST" finished-at="2019-09-05T15:16:48 IST">
          <params>
            <param index="0">
              <value>
                <![CDATA[public void com.tetherfi.test.ivr.CallBackAnnouncementTest.ExportToExcelData() throws java.lang.Exception]]>
              </value>
            </param>
          </params>
          <reporter-output>
          </reporter-output>
        </test-method> <!-- afterEachMethod -->
        <test-method status="PASS" signature="endTestCase(java.lang.reflect.Method)[pri:0, instance:com.tetherfi.test.ivr.CallBackAnnouncementTest@50850539]" name="endTestCase" is-config="true" duration-ms="0" started-at="2019-09-05T15:16:48 IST" finished-at="2019-09-05T15:16:48 IST">
          <params>
            <param index="0">
              <value>
                <![CDATA[public void com.tetherfi.test.ivr.CallBackAnnouncementTest.ExportToExcelData() throws java.lang.Exception]]>
              </value>
            </param>
          </params>
          <reporter-output>
          </reporter-output>
        </test-method> <!-- endTestCase -->
        <test-method status="PASS" signature="startTestCase(java.lang.reflect.Method)[pri:0, instance:com.tetherfi.test.ivr.CallBackAnnouncementTest@50850539]" name="startTestCase" is-config="true" duration-ms="2" started-at="2019-09-05T15:16:48 IST" finished-at="2019-09-05T15:16:48 IST">
          <params>
            <param index="0">
              <value>
                <![CDATA[public void com.tetherfi.test.ivr.CallBackAnnouncementTest.SearchClearSearch() throws java.lang.Exception]]>
              </value>
            </param>
          </params>
          <reporter-output>
          </reporter-output>
        </test-method> <!-- startTestCase -->
        <test-method status="PASS" signature="NavigateToCallBackAnnouncementPage()[pri:0, instance:com.tetherfi.test.ivr.CallBackAnnouncementTest@50850539]" name="NavigateToCallBackAnnouncementPage" is-config="true" duration-ms="5318" started-at="2019-09-05T15:16:48 IST" finished-at="2019-09-05T15:16:53 IST">
          <reporter-output>
          </reporter-output>
        </test-method> <!-- NavigateToCallBackAnnouncementPage -->
        <test-method status="PASS" signature="SearchClearSearch()[pri:25, instance:com.tetherfi.test.ivr.CallBackAnnouncementTest@50850539]" name="SearchClearSearch" duration-ms="4398" started-at="2019-09-05T15:16:53 IST" finished-at="2019-09-05T15:16:58 IST">
          <reporter-output>
          </reporter-output>
        </test-method> <!-- SearchClearSearch -->
        <test-method status="PASS" signature="afterEachMethod(java.lang.reflect.Method)[pri:0, instance:com.tetherfi.test.ivr.CallBackAnnouncementTest@50850539]" name="afterEachMethod" is-config="true" duration-ms="1627" started-at="2019-09-05T15:16:58 IST" finished-at="2019-09-05T15:16:59 IST">
          <params>
            <param index="0">
              <value>
                <![CDATA[public void com.tetherfi.test.ivr.CallBackAnnouncementTest.SearchClearSearch() throws java.lang.Exception]]>
              </value>
            </param>
          </params>
          <reporter-output>
          </reporter-output>
        </test-method> <!-- afterEachMethod -->
        <test-method status="PASS" signature="endTestCase(java.lang.reflect.Method)[pri:0, instance:com.tetherfi.test.ivr.CallBackAnnouncementTest@50850539]" name="endTestCase" is-config="true" duration-ms="0" started-at="2019-09-05T15:16:59 IST" finished-at="2019-09-05T15:16:59 IST">
          <params>
            <param index="0">
              <value>
                <![CDATA[public void com.tetherfi.test.ivr.CallBackAnnouncementTest.SearchClearSearch() throws java.lang.Exception]]>
              </value>
            </param>
          </params>
          <reporter-output>
          </reporter-output>
        </test-method> <!-- endTestCase -->
        <test-method status="PASS" signature="NavigateToCallBackAnnouncementPage()[pri:0, instance:com.tetherfi.test.ivr.CallBackAnnouncementTest@50850539]" name="NavigateToCallBackAnnouncementPage" is-config="true" duration-ms="5543" started-at="2019-09-05T15:16:59 IST" finished-at="2019-09-05T15:17:05 IST">
          <reporter-output>
          </reporter-output>
        </test-method> <!-- NavigateToCallBackAnnouncementPage -->
[...]
          <params>
            <param index="0">
              <value>
                <![CDATA[public void com.tetherfi.test.ivr.CallBackAnnouncementTest.GroupBy()]]>
              </value>
            </param>
          </params>
          <reporter-output>
          </reporter-output>
        </test-method> <!-- startTestCase -->
        <test-method status="PASS" signature="NavigateToCallBackAnnouncementPage()[pri:0, instance:com.tetherfi.test.ivr.CallBackAnnouncementTest@50850539]" name="NavigateToCallBackAnnouncementPage" is-config="true" duration-ms="5681" started-at="2019-09-05T15:17:35 IST" finished-at="2019-09-05T15:17:41 IST">
          <reporter-output>
          </reporter-output>
        </test-method> <!-- NavigateToCallBackAnnouncementPage -->
        <test-method status="PASS" signature="GroupBy()[pri:29, instance:com.tetherfi.test.ivr.CallBackAnnouncementTest@50850539]" name="GroupBy" duration-ms="2786" started-at="2019-09-05T15:17:41 IST" finished-at="2019-09-05T15:17:44 IST">
          <reporter-output>
          </reporter-output>
        </test-method> <!-- GroupBy -->
        <test-method status="PASS" signature="afterEachMethod(java.lang.reflect.Method)[pri:0, instance:com.tetherfi.test.ivr.CallBackAnnouncementTest@50850539]" name="afterEachMethod" is-config="true" duration-ms="1896" started-at="2019-09-05T15:17:44 IST" finished-at="2019-09-05T15:17:46 IST">
          <params>
            <param index="0">
              <value>
                <![CDATA[public void com.tetherfi.test.ivr.CallBackAnnouncementTest.GroupBy()]]>
              </value>
            </param>
          </params>
          <reporter-output>
          </reporter-output>
        </test-method> <!-- afterEachMethod -->
        <test-method status="PASS" signature="endTestCase(java.lang.reflect.Method)[pri:0, instance:com.tetherfi.test.ivr.CallBackAnnouncementTest@50850539]" name="endTestCase" is-config="true" duration-ms="1" started-at="2019-09-05T15:17:46 IST" finished-at="2019-09-05T15:17:46 IST">
          <params>
            <param index="0">
              <value>
                <![CDATA[public void com.tetherfi.test.ivr.CallBackAnnouncementTest.GroupBy()]]>
              </value>
            </param>
          </params>
          <reporter-output>
          </reporter-output>
        </test-method> <!-- endTestCase -->
        <test-method status="PASS" signature="startTestCase(java.lang.reflect.Method)[pri:0, instance:com.tetherfi.test.ivr.CallBackAnnouncementTest@50850539]" name="startTestCase" is-config="true" duration-ms="1" started-at="2019-09-05T15:17:46 IST" finished-at="2019-09-05T15:17:46 IST">
          <params>
            <param index="0">
              <value>
                <![CDATA[public void com.tetherfi.test.ivr.CallBackAnnouncementTest.VerifyArrowMoveForPreviousAndNextPage()]]>
              </value>
            </param>
          </params>
          <reporter-output>
          </reporter-output>
        </test-method> <!-- startTestCase -->
        <test-method status="PASS" signature="NavigateToCallBackAnnouncementPage()[pri:0, instance:com.tetherfi.test.ivr.CallBackAnnouncementTest@50850539]" name="NavigateToCallBackAnnouncementPage" is-config="true" duration-ms="6292" started-at="2019-09-05T15:17:46 IST" finished-at="2019-09-05T15:17:52 IST">
          <reporter-output>
          </reporter-output>
        </test-method> <!-- NavigateToCallBackAnnouncementPage -->
        <test-method status="PASS" signature="VerifyArrowMoveForPreviousAndNextPage()[pri:30, instance:com.tetherfi.test.ivr.CallBackAnnouncementTest@50850539]" name="VerifyArrowMoveForPreviousAndNextPage" duration-ms="27" started-at="2019-09-05T15:17:52 IST" finished-at="2019-09-05T15:17:52 IST">
          <reporter-output>
          </reporter-output>
        </test-method> <!-- VerifyArrowMoveForPreviousAndNextPage -->
        <test-method status="PASS" signature="afterEachMethod(java.lang.reflect.Method)[pri:0, instance:com.tetherfi.test.ivr.CallBackAnnouncementTest@50850539]" name="afterEachMethod" is-config="true" duration-ms="1800" started-at="2019-09-05T15:17:52 IST" finished-at="2019-09-05T15:17:54 IST">
          <params>
            <param index="0">
              <value>
                <![CDATA[public void com.tetherfi.test.ivr.CallBackAnnouncementTest.VerifyArrowMoveForPreviousAndNextPage()]]>
              </value>
            </param>
          </params>
          <reporter-output>
          </reporter-output>
        </test-method> <!-- afterEachMethod -->
        <test-method status="PASS" signature="endTestCase(java.lang.reflect.Method)[pri:0, instance:com.tetherfi.test.ivr.CallBackAnnouncementTest@50850539]" name="endTestCase" is-config="true" duration-ms="0" started-at="2019-09-05T15:17:54 IST" finished-at="2019-09-05T15:17:54 IST">
          <params>
            <param index="0">
              <value>
                <![CDATA[public void com.tetherfi.test.ivr.CallBackAnnouncementTest.VerifyArrowMoveForPreviousAndNextPage()]]>
              </value>
            </param>
          </params>
          <reporter-output>
          </reporter-output>
        </test-method> <!-- endTestCase -->
        <test-method status="PASS" signature="NavigateToCallBackAnnouncementPage()[pri:0, instance:com.tetherfi.test.ivr.CallBackAnnouncementTest@50850539]" name="NavigateToCallBackAnnouncementPage" is-config="true" duration-ms="5635" started-at="2019-09-05T15:17:54 IST" finished-at="2019-09-05T15:18:00 IST">
          <reporter-output>
          </reporter-output>
        </test-method> <!-- NavigateToCallBackAnnouncementPage -->
        <test-method status="PASS" signature="startTestCase(java.lang.reflect.Method)[pri:0, instance:com.tetherfi.test.ivr.CallBackAnnouncementTest@50850539]" name="startTestCase" is-config="true" duration-ms="0" started-at="2019-09-05T15:17:54 IST" finished-at="2019-09-05T15:17:54 IST">
          <params>
            <param index="0">
              <value>
                <![CDATA[public void com.tetherfi.test.ivr.CallBackAnnouncementTest.VerifyArrowMoveForFirstAndLastPage()]]>
              </value>
            </param>
          </params>
          <reporter-output>
          </reporter-output>
        </test-method> <!-- startTestCase -->
        <test-method status="PASS" signature="VerifyArrowMoveForFirstAndLastPage()[pri:31, instance:com.tetherfi.test.ivr.CallBackAnnouncementTest@50850539]" name="VerifyArrowMoveForFirstAndLastPage" duration-ms="30" started-at="2019-09-05T15:18:00 IST" finished-at="2019-09-05T15:18:00 IST">
          <reporter-output>
          </reporter-output>
        </test-method> <!-- VerifyArrowMoveForFirstAndLastPage -->
        <test-method status="PASS" signature="afterEachMethod(java.lang.reflect.Method)[pri:0, instance:com.tetherfi.test.ivr.CallBackAnnouncementTest@50850539]" name="afterEachMethod" is-config="true" duration-ms="1650" started-at="2019-09-05T15:18:00 IST" finished-at="2019-09-05T15:18:01 IST">
          <params>
            <param index="0">
              <value>
                <![CDATA[public void com.tetherfi.test.ivr.CallBackAnnouncementTest.VerifyArrowMoveForFirstAndLastPage()]]>
              </value>
            </param>
          </params>
          <reporter-output>
          </reporter-output>
        </test-method> <!-- afterEachMethod -->
        <test-method status="PASS" signature="endTestCase(java.lang.reflect.Method)[pri:0, instance:com.tetherfi.test.ivr.CallBackAnnouncementTest@50850539]" name="endTestCase" is-config="true" duration-ms="2" started-at="2019-09-05T15:18:01 IST" finished-at="2019-09-05T15:18:01 IST">
          <params>
            <param index="0">
              <value>
                <![CDATA[public void com.tetherfi.test.ivr.CallBackAnnouncementTest.VerifyArrowMoveForFirstAndLastPage()]]>
              </value>
            </param>
          </params>
          <reporter-output>
          </reporter-output>
        </test-method> <!-- endTestCase -->
        <test-method status="PASS" signature="NavigateToCallBackAnnouncementPage()[pri:0, instance:com.tetherfi.test.ivr.CallBackAnnouncementTest@50850539]" name="NavigateToCallBackAnnouncementPage" is-config="true" duration-ms="5560" started-at="2019-09-05T15:18:01 IST" finished-at="2019-09-05T15:18:07 IST">
          <reporter-output>
          </reporter-output>
        </test-method> <!-- NavigateToCallBackAnnouncementPage -->
        <test-method status="PASS" signature="startTestCase(java.lang.reflect.Method)[pri:0, instance:com.tetherfi.test.ivr.CallBackAnnouncementTest@50850539]" name="startTestCase" is-config="true" duration-ms="0" started-at="2019-09-05T15:18:01 IST" finished-at="2019-09-05T15:18:01 IST">
          <params>
            <param index="0">
              <value>
                <![CDATA[public void com.tetherfi.test.ivr.CallBackAnnouncementTest.VerifyTotalNumberOfItemsPerPageDetails()]]>
              </value>
            </param>
          </params>
          <reporter-output>
          </reporter-output>
        </test-method> <!-- startTestCase -->
        <test-method status="PASS" signature="VerifyTotalNumberOfItemsPerPageDetails()[pri:32, instance:com.tetherfi.test.ivr.CallBackAnnouncementTest@50850539]" name="VerifyTotalNumberOfItemsPerPageDetails" duration-ms="37" started-at="2019-09-05T15:18:07 IST" finished-at="2019-09-05T15:18:07 IST">
          <reporter-output>
          </reporter-output>
        </test-method> <!-- VerifyTotalNumberOfItemsPerPageDetails -->
        <test-method status="PASS" signature="afterEachMethod(java.lang.reflect.Method)[pri:0, instance:com.tetherfi.test.ivr.CallBackAnnouncementTest@50850539]" name="afterEachMethod" is-config="true" duration-ms="1827" started-at="2019-09-05T15:18:07 IST" finished-at="2019-09-05T15:18:09 IST">
          <params>
            <param index="0">
              <value>
                <![CDATA[public void com.tetherfi.test.ivr.CallBackAnnouncementTest.VerifyTotalNumberOfItemsPerPageDetails()]]>
              </value>
            </param>
          </params>
          <reporter-output>
          </reporter-output>
        </test-method> <!-- afterEachMethod -->
        <test-method status="PASS" signature="endTestCase(java.lang.reflect.Method)[pri:0, instance:com.tetherfi.test.ivr.CallBackAnnouncementTest@50850539]" name="endTestCase" is-config="true" duration-ms="0" started-at="2019-09-05T15:18:09 IST" finished-at="2019-09-05T15:18:09 IST">
          <params>
            <param index="0">
              <value>
                <![CDATA[public void com.tetherfi.test.ivr.CallBackAnnouncementTest.VerifyTotalNumberOfItemsPerPageDetails()]]>
              </value>
            </param>
          </params>
          <reporter-output>
          </reporter-output>
        </test-method> <!-- endTestCase -->
        <test-method status="PASS" signature="startTestCase(java.lang.reflect.Method)[pri:0, instance:com.tetherfi.test.ivr.CallBackAnnouncementTest@50850539]" name="startTestCase" is-config="true" duration-ms="1" started-at="2019-09-05T15:18:09 IST" finished-at="2019-09-05T15:18:09 IST">
          <params>
            <param index="0">
              <value>
                <![CDATA[public void com.tetherfi.test.ivr.CallBackAnnouncementTest.VerifyNumberOfItemsPerPageSelection()]]>
              </value>
            </param>
          </params>
          <reporter-output>
          </reporter-output>
        </test-method> <!-- startTestCase -->
        <test-method status="PASS" signature="NavigateToCallBackAnnouncementPage()[pri:0, instance:com.tetherfi.test.ivr.CallBackAnnouncementTest@50850539]" name="NavigateToCallBackAnnouncementPage" is-config="true" duration-ms="5413" started-at="2019-09-05T15:18:09 IST" finished-at="2019-09-05T15:18:14 IST">
          <reporter-output>
          </reporter-output>
        </test-method> <!-- NavigateToCallBackAnnouncementPage -->
        <test-method status="FAIL" signature="VerifyNumberOfItemsPerPageSelection()[pri:33, instance:com.tetherfi.test.ivr.CallBackAnnouncementTest@50850539]" name="VerifyNumberOfItemsPerPageSelection" duration-ms="252" started-at="2019-09-05T15:18:14 IST" finished-at="2019-09-05T15:18:14 IST">
          <exception class="java.lang.AssertionError">
            <message>
              <![CDATA[item per page assertion failed did not expect to find [true] but found [false]]]>
            </message>
            <full-stacktrace>
              <![CDATA[java.lang.AssertionError: item per page assertion failed did not expect to find [true] but found [false]
at org.testng.Assert.fail(Assert.java:97)
at org.testng.Assert.failNotEquals(Assert.java:969)
at org.testng.Assert.assertTrue(Assert.java:43)
at com.tetherfi.test.ivr.CallBackAnnouncementTest.VerifyNumberOfItemsPerPageSelection(CallBackAnnouncementTest.java:356)
at sun.reflect.NativeMethodAccessorImpl.invoke0(Native Method)
at sun.reflect.NativeMethodAccessorImpl.invoke(Unknown Source)
at sun.reflect.DelegatingMethodAccessorImpl.invoke(Unknown Source)
at java.lang.reflect.Method.invoke(Unknown Source)
at org.testng.internal.MethodInvocationHelper.invokeMethod(MethodInvocationHelper.java:133)
at org.testng.internal.TestInvoker.invokeMethod(TestInvoker.java:584)
at org.testng.internal.TestInvoker.invokeTestMethod(TestInvoker.java:172)
at org.testng.internal.MethodRunner.runInSequence(MethodRunner.java:46)
at org.testng.internal.TestInvoker$MethodInvocationAgent.invoke(TestInvoker.java:804)
at org.testng.internal.TestInvoker.invokeTestMethods(TestInvoker.java:145)
at org.testng.internal.TestMethodWorker.invokeTestMethods(TestMethodWorker.java:146)
at org.testng.internal.TestMethodWorker.run(TestMethodWorker.java:128)
at java.util.ArrayList.forEach(Unknown Source)
at org.testng.TestRunner.privateRun(TestRunner.java:770)
at org.testng.TestRunner.run(TestRunner.java:591)
at org.testng.SuiteRunner.runTest(SuiteRunner.java:402)
at org.testng.SuiteRunner.runSequentially(SuiteRunner.java:396)
at org.testng.SuiteRunner.privateRun(SuiteRunner.java:355)
at org.testng.SuiteRunner.run(SuiteRunner.java:304)
at org.testng.SuiteRunnerWorker.runSuite(SuiteRunnerWorker.java:53)
at org.testng.SuiteRunnerWorker.run(SuiteRunnerWorker.java:96)
at org.testng.TestNG.runSuitesSequentially(TestNG.java:1180)
at org.testng.TestNG.runSuitesLocally(TestNG.java:1102)
at org.testng.TestNG.runSuites(TestNG.java:1032)
at org.testng.TestNG.run(TestNG.java:1000)
at org.testng.remote.AbstractRemoteTestNG.run(AbstractRemoteTestNG.java:115)
at org.testng.remote.RemoteTestNG.initAndRun(RemoteTestNG.java:251)
at org.testng.remote.RemoteTestNG.main(RemoteTestNG.java:77)
]]>
            </full-stacktrace>
          </exception> <!-- java.lang.AssertionError -->
          <reporter-output>
          </reporter-output>
        </test-method> <!-- VerifyNumberOfItemsPerPageSelection -->
        <test-method status="PASS" signature="afterEachMethod(java.lang.reflect.Method)[pri:0, instance:com.tetherfi.test.ivr.CallBackAnnouncementTest@50850539]" name="afterEachMethod" is-config="true" duration-ms="1616" started-at="2019-09-05T15:18:14 IST" finished-at="2019-09-05T15:18:16 IST">
          <params>
            <param index="0">
              <value>
                <![CDATA[public void com.tetherfi.test.ivr.CallBackAnnouncementTest.VerifyNumberOfItemsPerPageSelection()]]>
              </value>
            </param>
          </params>
          <reporter-output>
          </reporter-output>
        </test-method> <!-- afterEachMethod -->
        <test-method status="PASS" signature="endTestCase(java.lang.reflect.Method)[pri:0, instance:com.tetherfi.test.ivr.CallBackAnnouncementTest@50850539]" name="endTestCase" is-config="true" duration-ms="0" started-at="2019-09-05T15:18:16 IST" finished-at="2019-09-05T15:18:16 IST">
          <params>
            <param index="0">
              <value>
                <![CDATA[public void com.tetherfi.test.ivr.CallBackAnnouncementTest.VerifyNumberOfItemsPerPageSelection()]]>
              </value>
            </param>
          </params>
          <reporter-output>
          </reporter-output>
        </test-method> <!-- endTestCase -->
        <test-method status="PASS" signature="startTestCase(java.lang.reflect.Method)[pri:0, instance:com.tetherfi.test.ivr.CallBackAnnouncementTest@50850539]" name="startTestCase" is-config="true" duration-ms="0" started-at="2019-09-05T15:18:16 IST" finished-at="2019-09-05T15:18:16 IST">
          <params>
            <param index="0">
              <value>
                <![CDATA[public void com.tetherfi.test.ivr.CallBackAnnouncementTest.database() throws java.lang.Exception]]>
              </value>
            </param>
          </params>
          <reporter-output>
          </reporter-output>
        </test-method> <!-- startTestCase -->
        <test-method status="PASS" signature="NavigateToCallBackAnnouncementPage()[pri:0, instance:com.tetherfi.test.ivr.CallBackAnnouncementTest@50850539]" name="NavigateToCallBackAnnouncementPage" is-config="true" duration-ms="5357" started-at="2019-09-05T15:18:16 IST" finished-at="2019-09-05T15:18:21 IST">
          <reporter-output>
          </reporter-output>
        </test-method> <!-- NavigateToCallBackAnnouncementPage -->
        <test-method status="PASS" signature="database()[pri:34, instance:com.tetherfi.test.ivr.CallBackAnnouncementTest@50850539]" name="database" duration-ms="1458" started-at="2019-09-05T15:18:21 IST" finished-at="2019-09-05T15:18:23 IST">
          <reporter-output>
          </reporter-output>
        </test-method> <!-- database -->
        <test-method status="PASS" signature="afterEachMethod(java.lang.reflect.Method)[pri:0, instance:com.tetherfi.test.ivr.CallBackAnnouncementTest@50850539]" name="afterEachMethod" is-config="true" duration-ms="1820" started-at="2019-09-05T15:18:23 IST" finished-at="2019-09-05T15:18:25 IST">
          <params>
            <param index="0">
              <value>
                <![CDATA[public void com.tetherfi.test.ivr.CallBackAnnouncementTest.database() throws java.lang.Exception]]>
              </value>
            </param>
          </params>
          <reporter-output>
          </reporter-output>
        </test-method> <!-- afterEachMethod -->
        <test-method status="PASS" signature="endTestCase(java.lang.reflect.Method)[pri:0, instance:com.tetherfi.test.ivr.CallBackAnnouncementTest@50850539]" name="endTestCase" is-config="true" duration-ms="0" started-at="2019-09-05T15:18:25 IST" finished-at="2019-09-05T15:18:25 IST">
          <params>
            <param index="0">
              <value>
                <![CDATA[public void com.tetherfi.test.ivr.CallBackAnnouncementTest.database() throws java.lang.Exception]]>
              </value>
            </param>
          </params>
          <reporter-output>
          </reporter-output>
        </test-method> <!-- endTestCase -->
        <test-method status="PASS" signature="tearDown()[pri:0, instance:com.tetherfi.test.ivr.CallBackAnnouncementTest@50850539]" name="tearDown" is-config="true" duration-ms="1813" started-at="2019-09-05T15:18:25 IST" finished-at="2019-09-05T15:18:26 IST">
          <reporter-output>
          </reporter-output>
        </test-method> <!-- tearDown -->
      </class> <!-- com.tetherfi.test.ivr.CallBackAnnouncementTest -->
    </test> <!-- Default test -->
  </suite> <!-- Default suite -->
</testng-results>
