<?xml version="1.0" encoding="UTF-8"?>
<testng-results ignored="0" total="22" passed="20" failed="2" skipped="0">
  <reporter-output>
  </reporter-output>
  <suite started-at="2019-12-20T18:00:20 IST" name="Default suite" finished-at="2019-12-20T18:08:23 IST" duration-ms="483028">
    <groups>
    </groups>
    <test started-at="2019-12-20T18:00:20 IST" name="Default test" finished-at="2019-12-20T18:08:23 IST" duration-ms="483028">
      <class name="com.tetherfi.test.tmac.AgentSettingsUITest">
        <test-method is-config="true" signature="openApplication()[pri:0, instance:com.tetherfi.test.tmac.AgentSettingsUITest@2dd8ff1d]" started-at="2019-12-20T18:00:20 IST" name="openApplication" finished-at="2019-12-20T18:00:45 IST" duration-ms="24692" status="PASS">
          <reporter-output>
          </reporter-output>
        </test-method> <!-- openApplication -->
        <test-method is-config="true" signature="startTestCase(java.lang.reflect.Method)[pri:0, instance:com.tetherfi.test.tmac.AgentSettingsUITest@2dd8ff1d]" started-at="2019-12-20T18:00:45 IST" name="startTestCase" finished-at="2019-12-20T18:00:45 IST" duration-ms="4" status="PASS">
          <params>
            <param index="0">
              <value>
                <![CDATA[public void com.tetherfi.test.tmac.AgentSettingsUITest.VerifyAgentSettingsModuleDisplay()]]>
              </value>
            </param>
          </params>
          <reporter-output>
          </reporter-output>
        </test-method> <!-- startTestCase -->
        <test-method is-config="true" signature="NavigateToAgentSettingsPage()[pri:0, instance:com.tetherfi.test.tmac.AgentSettingsUITest@2dd8ff1d]" started-at="2019-12-20T18:00:45 IST" name="NavigateToAgentSettingsPage" finished-at="2019-12-20T18:00:51 IST" duration-ms="5418" status="PASS">
          <reporter-output>
          </reporter-output>
        </test-method> <!-- NavigateToAgentSettingsPage -->
        <test-method signature="VerifyAgentSettingsModuleDisplay()[pri:1, instance:com.tetherfi.test.tmac.AgentSettingsUITest@2dd8ff1d]" started-at="2019-12-20T18:00:51 IST" name="VerifyAgentSettingsModuleDisplay" finished-at="2019-12-20T18:00:51 IST" duration-ms="337" status="PASS">
          <reporter-output>
          </reporter-output>
        </test-method> <!-- VerifyAgentSettingsModuleDisplay -->
        <test-method is-config="true" signature="afterEachMethod(java.lang.reflect.Method)[pri:0, instance:com.tetherfi.test.tmac.AgentSettingsUITest@2dd8ff1d]" started-at="2019-12-20T18:00:51 IST" name="afterEachMethod" finished-at="2019-12-20T18:00:53 IST" duration-ms="1742" status="PASS">
          <params>
            <param index="0">
              <value>
                <![CDATA[public void com.tetherfi.test.tmac.AgentSettingsUITest.VerifyAgentSettingsModuleDisplay()]]>
              </value>
            </param>
          </params>
          <reporter-output>
          </reporter-output>
        </test-method> <!-- afterEachMethod -->
        <test-method is-config="true" signature="endTestCase(java.lang.reflect.Method)[pri:0, instance:com.tetherfi.test.tmac.AgentSettingsUITest@2dd8ff1d]" started-at="2019-12-20T18:00:53 IST" name="endTestCase" finished-at="2019-12-20T18:00:53 IST" duration-ms="1" status="PASS">
          <params>
            <param index="0">
              <value>
                <![CDATA[public void com.tetherfi.test.tmac.AgentSettingsUITest.VerifyAgentSettingsModuleDisplay()]]>
              </value>
            </param>
          </params>
          <reporter-output>
          </reporter-output>
        </test-method> <!-- endTestCase -->
        <test-method is-config="true" signature="startTestCase(java.lang.reflect.Method)[pri:0, instance:com.tetherfi.test.tmac.AgentSettingsUITest@2dd8ff1d]" started-at="2019-12-20T18:00:53 IST" name="startTestCase" finished-at="2019-12-20T18:00:53 IST" duration-ms="1" status="PASS">
          <params>
            <param index="0">
              <value>
                <![CDATA[public void com.tetherfi.test.tmac.AgentSettingsUITest.VerifyAgentSettingsApprovedDataPage()]]>
              </value>
            </param>
          </params>
          <reporter-output>
          </reporter-output>
        </test-method> <!-- startTestCase -->
        <test-method is-config="true" signature="NavigateToAgentSettingsPage()[pri:0, instance:com.tetherfi.test.tmac.AgentSettingsUITest@2dd8ff1d]" started-at="2019-12-20T18:00:53 IST" name="NavigateToAgentSettingsPage" finished-at="2019-12-20T18:00:57 IST" duration-ms="4756" status="PASS">
          <reporter-output>
          </reporter-output>
        </test-method> <!-- NavigateToAgentSettingsPage -->
        <test-method signature="VerifyAgentSettingsApprovedDataPage()[pri:2, instance:com.tetherfi.test.tmac.AgentSettingsUITest@2dd8ff1d]" started-at="2019-12-20T18:00:57 IST" name="VerifyAgentSettingsApprovedDataPage" finished-at="2019-12-20T18:00:59 IST" duration-ms="1599" status="PASS">
          <reporter-output>
          </reporter-output>
        </test-method> <!-- VerifyAgentSettingsApprovedDataPage -->
        <test-method is-config="true" signature="afterEachMethod(java.lang.reflect.Method)[pri:0, instance:com.tetherfi.test.tmac.AgentSettingsUITest@2dd8ff1d]" started-at="2019-12-20T18:00:59 IST" name="afterEachMethod" finished-at="2019-12-20T18:01:00 IST" duration-ms="1415" status="PASS">
          <params>
            <param index="0">
              <value>
                <![CDATA[public void com.tetherfi.test.tmac.AgentSettingsUITest.VerifyAgentSettingsApprovedDataPage()]]>
              </value>
            </param>
          </params>
          <reporter-output>
          </reporter-output>
        </test-method> <!-- afterEachMethod -->
        <test-method is-config="true" signature="endTestCase(java.lang.reflect.Method)[pri:0, instance:com.tetherfi.test.tmac.AgentSettingsUITest@2dd8ff1d]" started-at="2019-12-20T18:01:00 IST" name="endTestCase" finished-at="2019-12-20T18:01:00 IST" duration-ms="1" status="PASS">
          <params>
            <param index="0">
              <value>
                <![CDATA[public void com.tetherfi.test.tmac.AgentSettingsUITest.VerifyAgentSettingsApprovedDataPage()]]>
              </value>
            </param>
          </params>
          <reporter-output>
          </reporter-output>
        </test-method> <!-- endTestCase -->
        <test-method is-config="true" signature="startTestCase(java.lang.reflect.Method)[pri:0, instance:com.tetherfi.test.tmac.AgentSettingsUITest@2dd8ff1d]" started-at="2019-12-20T18:01:00 IST" name="startTestCase" finished-at="2019-12-20T18:01:00 IST" duration-ms="2" status="PASS">
          <params>
            <param index="0">
              <value>
                <![CDATA[public void com.tetherfi.test.tmac.AgentSettingsUITest.VerifyAgentSettingsAuditTrailDataPage()]]>
              </value>
            </param>
          </params>
          <reporter-output>
          </reporter-output>
        </test-method> <!-- startTestCase -->
        <test-method is-config="true" signature="NavigateToAgentSettingsPage()[pri:0, instance:com.tetherfi.test.tmac.AgentSettingsUITest@2dd8ff1d]" started-at="2019-12-20T18:01:00 IST" name="NavigateToAgentSettingsPage" finished-at="2019-12-20T18:01:05 IST" duration-ms="4567" status="PASS">
          <reporter-output>
          </reporter-output>
        </test-method> <!-- NavigateToAgentSettingsPage -->
        <test-method signature="VerifyAgentSettingsAuditTrailDataPage()[pri:3, instance:com.tetherfi.test.tmac.AgentSettingsUITest@2dd8ff1d]" started-at="2019-12-20T18:01:05 IST" name="VerifyAgentSettingsAuditTrailDataPage" finished-at="2019-12-20T18:01:12 IST" duration-ms="7291" status="PASS">
          <reporter-output>
          </reporter-output>
        </test-method> <!-- VerifyAgentSettingsAuditTrailDataPage -->
        <test-method is-config="true" signature="afterEachMethod(java.lang.reflect.Method)[pri:0, instance:com.tetherfi.test.tmac.AgentSettingsUITest@2dd8ff1d]" started-at="2019-12-20T18:01:12 IST" name="afterEachMethod" finished-at="2019-12-20T18:01:14 IST" duration-ms="1559" status="PASS">
          <params>
            <param index="0">
              <value>
                <![CDATA[public void com.tetherfi.test.tmac.AgentSettingsUITest.VerifyAgentSettingsAuditTrailDataPage()]]>
              </value>
            </param>
          </params>
          <reporter-output>
          </reporter-output>
        </test-method> <!-- afterEachMethod -->
        <test-method is-config="true" signature="endTestCase(java.lang.reflect.Method)[pri:0, instance:com.tetherfi.test.tmac.AgentSettingsUITest@2dd8ff1d]" started-at="2019-12-20T18:01:14 IST" name="endTestCase" finished-at="2019-12-20T18:01:14 IST" duration-ms="1" status="PASS">
          <params>
            <param index="0">
              <value>
                <![CDATA[public void com.tetherfi.test.tmac.AgentSettingsUITest.VerifyAgentSettingsAuditTrailDataPage()]]>
              </value>
            </param>
          </params>
          <reporter-output>
          </reporter-output>
        </test-method> <!-- endTestCase -->
        <test-method is-config="true" signature="startTestCase(java.lang.reflect.Method)[pri:0, instance:com.tetherfi.test.tmac.AgentSettingsUITest@2dd8ff1d]" started-at="2019-12-20T18:01:14 IST" name="startTestCase" finished-at="2019-12-20T18:01:14 IST" duration-ms="1" status="PASS">
          <params>
            <param index="0">
              <value>
                <![CDATA[public void com.tetherfi.test.tmac.AgentSettingsUITest.VerifyMakeAgentSettingsChangeButton()]]>
              </value>
            </param>
          </params>
          <reporter-output>
          </reporter-output>
        </test-method> <!-- startTestCase -->
        <test-method is-config="true" signature="NavigateToAgentSettingsPage()[pri:0, instance:com.tetherfi.test.tmac.AgentSettingsUITest@2dd8ff1d]" started-at="2019-12-20T18:01:14 IST" name="NavigateToAgentSettingsPage" finished-at="2019-12-20T18:01:20 IST" duration-ms="6294" status="PASS">
          <reporter-output>
          </reporter-output>
        </test-method> <!-- NavigateToAgentSettingsPage -->
        <test-method signature="VerifyMakeAgentSettingsChangeButton()[pri:4, instance:com.tetherfi.test.tmac.AgentSettingsUITest@2dd8ff1d]" started-at="2019-12-20T18:01:20 IST" name="VerifyMakeAgentSettingsChangeButton" finished-at="2019-12-20T18:01:31 IST" duration-ms="10730" status="PASS">
          <reporter-output>
          </reporter-output>
        </test-method> <!-- VerifyMakeAgentSettingsChangeButton -->
        <test-method is-config="true" signature="afterEachMethod(java.lang.reflect.Method)[pri:0, instance:com.tetherfi.test.tmac.AgentSettingsUITest@2dd8ff1d]" started-at="2019-12-20T18:01:31 IST" name="afterEachMethod" finished-at="2019-12-20T18:01:33 IST" duration-ms="1750" status="PASS">
          <params>
            <param index="0">
              <value>
                <![CDATA[public void com.tetherfi.test.tmac.AgentSettingsUITest.VerifyMakeAgentSettingsChangeButton()]]>
              </value>
            </param>
          </params>
          <reporter-output>
          </reporter-output>
        </test-method> <!-- afterEachMethod -->
        <test-method is-config="true" signature="endTestCase(java.lang.reflect.Method)[pri:0, instance:com.tetherfi.test.tmac.AgentSettingsUITest@2dd8ff1d]" started-at="2019-12-20T18:01:33 IST" name="endTestCase" finished-at="2019-12-20T18:01:33 IST" duration-ms="2" status="PASS">
          <params>
            <param index="0">
              <value>
                <![CDATA[public void com.tetherfi.test.tmac.AgentSettingsUITest.VerifyMakeAgentSettingsChangeButton()]]>
              </value>
            </param>
          </params>
          <reporter-output>
          </reporter-output>
        </test-method> <!-- endTestCase -->
        <test-method is-config="true" signature="NavigateToAgentSettingsPage()[pri:0, instance:com.tetherfi.test.tmac.AgentSettingsUITest@2dd8ff1d]" started-at="2019-12-20T18:01:33 IST" name="NavigateToAgentSettingsPage" finished-at="2019-12-20T18:01:38 IST" duration-ms="4932" status="PASS">
          <reporter-output>
          </reporter-output>
        </test-method> <!-- NavigateToAgentSettingsPage -->
        <test-method is-config="true" signature="startTestCase(java.lang.reflect.Method)[pri:0, instance:com.tetherfi.test.tmac.AgentSettingsUITest@2dd8ff1d]" started-at="2019-12-20T18:01:33 IST" name="startTestCase" finished-at="2019-12-20T18:01:33 IST" duration-ms="0" status="PASS">
          <params>
            <param index="0">
              <value>
                <![CDATA[public void com.tetherfi.test.tmac.AgentSettingsUITest.VerifyAddNewAgentSettingsButton()]]>
              </value>
            </param>
          </params>
          <reporter-output>
          </reporter-output>
        </test-method> <!-- startTestCase -->
        <test-method signature="VerifyAddNewAgentSettingsButton()[pri:5, instance:com.tetherfi.test.tmac.AgentSettingsUITest@2dd8ff1d]" started-at="2019-12-20T18:01:38 IST" name="VerifyAddNewAgentSettingsButton" finished-at="2019-12-20T18:01:49 IST" duration-ms="11402" status="PASS">
          <reporter-output>
          </reporter-output>
        </test-method> <!-- VerifyAddNewAgentSettingsButton -->
        <test-method is-config="true" signature="afterEachMethod(java.lang.reflect.Method)[pri:0, instance:com.tetherfi.test.tmac.AgentSettingsUITest@2dd8ff1d]" started-at="2019-12-20T18:01:49 IST" name="afterEachMethod" finished-at="2019-12-20T18:01:51 IST" duration-ms="1863" status="PASS">
          <params>
            <param index="0">
              <value>
                <![CDATA[public void com.tetherfi.test.tmac.AgentSettingsUITest.VerifyAddNewAgentSettingsButton()]]>
              </value>
            </param>
          </params>
          <reporter-output>
          </reporter-output>
        </test-method> <!-- afterEachMethod -->
        <test-method is-config="true" signature="endTestCase(java.lang.reflect.Method)[pri:0, instance:com.tetherfi.test.tmac.AgentSettingsUITest@2dd8ff1d]" started-at="2019-12-20T18:01:51 IST" name="endTestCase" finished-at="2019-12-20T18:01:51 IST" duration-ms="1" status="PASS">
          <params>
            <param index="0">
              <value>
                <![CDATA[public void com.tetherfi.test.tmac.AgentSettingsUITest.VerifyAddNewAgentSettingsButton()]]>
              </value>
            </param>
          </params>
          <reporter-output>
          </reporter-output>
        </test-method> <!-- endTestCase -->
        <test-method is-config="true" signature="startTestCase(java.lang.reflect.Method)[pri:0, instance:com.tetherfi.test.tmac.AgentSettingsUITest@2dd8ff1d]" started-at="2019-12-20T18:01:51 IST" name="startTestCase" finished-at="2019-12-20T18:01:51 IST" duration-ms="0" status="PASS">
          <params>
            <param index="0">
              <value>
                <![CDATA[public void com.tetherfi.test.tmac.AgentSettingsUITest.VerifyClearAllAtSearchRecord() throws java.lang.Exception]]>
              </value>
            </param>
          </params>
          <reporter-output>
          </reporter-output>
        </test-method> <!-- startTestCase -->
        <test-method is-config="true" signature="NavigateToAgentSettingsPage()[pri:0, instance:com.tetherfi.test.tmac.AgentSettingsUITest@2dd8ff1d]" started-at="2019-12-20T18:01:51 IST" name="NavigateToAgentSettingsPage" finished-at="2019-12-20T18:01:56 IST" duration-ms="4869" status="PASS">
          <reporter-output>
          </reporter-output>
        </test-method> <!-- NavigateToAgentSettingsPage -->
        <test-method signature="VerifyClearAllAtSearchRecord()[pri:5, instance:com.tetherfi.test.tmac.AgentSettingsUITest@2dd8ff1d]" started-at="2019-12-20T18:01:56 IST" name="VerifyClearAllAtSearchRecord" finished-at="2019-12-20T18:02:10 IST" duration-ms="13918" status="PASS">
          <reporter-output>
          </reporter-output>
        </test-method> <!-- VerifyClearAllAtSearchRecord -->
        <test-method is-config="true" signature="afterEachMethod(java.lang.reflect.Method)[pri:0, instance:com.tetherfi.test.tmac.AgentSettingsUITest@2dd8ff1d]" started-at="2019-12-20T18:02:10 IST" name="afterEachMethod" finished-at="2019-12-20T18:02:11 IST" duration-ms="1599" status="PASS">
          <params>
            <param index="0">
              <value>
                <![CDATA[public void com.tetherfi.test.tmac.AgentSettingsUITest.VerifyClearAllAtSearchRecord() throws java.lang.Exception]]>
              </value>
            </param>
          </params>
          <reporter-output>
          </reporter-output>
        </test-method> <!-- afterEachMethod -->
        <test-method is-config="true" signature="endTestCase(java.lang.reflect.Method)[pri:0, instance:com.tetherfi.test.tmac.AgentSettingsUITest@2dd8ff1d]" started-at="2019-12-20T18:02:11 IST" name="endTestCase" finished-at="2019-12-20T18:02:11 IST" duration-ms="0" status="PASS">
          <params>
            <param index="0">
              <value>
                <![CDATA[public void com.tetherfi.test.tmac.AgentSettingsUITest.VerifyClearAllAtSearchRecord() throws java.lang.Exception]]>
              </value>
            </param>
          </params>
          <reporter-output>
          </reporter-output>
        </test-method> <!-- endTestCase -->
        <test-method is-config="true" signature="startTestCase(java.lang.reflect.Method)[pri:0, instance:com.tetherfi.test.tmac.AgentSettingsUITest@2dd8ff1d]" started-at="2019-12-20T18:02:11 IST" name="startTestCase" finished-at="2019-12-20T18:02:11 IST" duration-ms="1" status="PASS">
          <params>
            <param index="0">
              <value>
                <![CDATA[public void com.tetherfi.test.tmac.AgentSettingsUITest.VerifyFullScreenButton()]]>
              </value>
            </param>
          </params>
          <reporter-output>
          </reporter-output>
        </test-method> <!-- startTestCase -->
        <test-method is-config="true" signature="NavigateToAgentSettingsPage()[pri:0, instance:com.tetherfi.test.tmac.AgentSettingsUITest@2dd8ff1d]" started-at="2019-12-20T18:02:11 IST" name="NavigateToAgentSettingsPage" finished-at="2019-12-20T18:02:16 IST" duration-ms="4573" status="PASS">
          <reporter-output>
          </reporter-output>
        </test-method> <!-- NavigateToAgentSettingsPage -->
        <test-method signature="VerifyFullScreenButton()[pri:6, instance:com.tetherfi.test.tmac.AgentSettingsUITest@2dd8ff1d]" started-at="2019-12-20T18:02:16 IST" name="VerifyFullScreenButton" finished-at="2019-12-20T18:02:27 IST" duration-ms="11045" status="PASS">
          <reporter-output>
          </reporter-output>
        </test-method> <!-- VerifyFullScreenButton -->
        <test-method is-config="true" signature="afterEachMethod(java.lang.reflect.Method)[pri:0, instance:com.tetherfi.test.tmac.AgentSettingsUITest@2dd8ff1d]" started-at="2019-12-20T18:02:27 IST" name="afterEachMethod" finished-at="2019-12-20T18:02:28 IST" duration-ms="1444" status="PASS">
          <params>
            <param index="0">
              <value>
                <![CDATA[public void com.tetherfi.test.tmac.AgentSettingsUITest.VerifyFullScreenButton()]]>
              </value>
            </param>
          </params>
          <reporter-output>
          </reporter-output>
        </test-method> <!-- afterEachMethod -->
        <test-method is-config="true" signature="endTestCase(java.lang.reflect.Method)[pri:0, instance:com.tetherfi.test.tmac.AgentSettingsUITest@2dd8ff1d]" started-at="2019-12-20T18:02:28 IST" name="endTestCase" finished-at="2019-12-20T18:02:28 IST" duration-ms="0" status="PASS">
          <params>
            <param index="0">
              <value>
                <![CDATA[public void com.tetherfi.test.tmac.AgentSettingsUITest.VerifyFullScreenButton()]]>
              </value>
            </param>
          </params>
          <reporter-output>
          </reporter-output>
        </test-method> <!-- endTestCase -->
        <test-method is-config="true" signature="startTestCase(java.lang.reflect.Method)[pri:0, instance:com.tetherfi.test.tmac.AgentSettingsUITest@2dd8ff1d]" started-at="2019-12-20T18:02:28 IST" name="startTestCase" finished-at="2019-12-20T18:02:28 IST" duration-ms="0" status="PASS">
          <params>
            <param index="0">
              <value>
                <![CDATA[public void com.tetherfi.test.tmac.AgentSettingsUITest.VerifyExportToExcel()]]>
              </value>
            </param>
          </params>
          <reporter-output>
          </reporter-output>
        </test-method> <!-- startTestCase -->
        <test-method is-config="true" signature="NavigateToAgentSettingsPage()[pri:0, instance:com.tetherfi.test.tmac.AgentSettingsUITest@2dd8ff1d]" started-at="2019-12-20T18:02:28 IST" name="NavigateToAgentSettingsPage" finished-at="2019-12-20T18:02:33 IST" duration-ms="4922" status="PASS">
          <reporter-output>
          </reporter-output>
        </test-method> <!-- NavigateToAgentSettingsPage -->
        <test-method signature="VerifyExportToExcel()[pri:7, instance:com.tetherfi.test.tmac.AgentSettingsUITest@2dd8ff1d]" started-at="2019-12-20T18:02:33 IST" name="VerifyExportToExcel" finished-at="2019-12-20T18:02:51 IST" duration-ms="18223" status="FAIL">
          <exception class="java.lang.AssertionError">
            <message>
              <![CDATA[export to excel assertion failed did not expect to find [true] but found [false]]]>
            </message>
            <full-stacktrace>
              <![CDATA[java.lang.AssertionError: export to excel assertion failed did not expect to find [true] but found [false]
at org.testng.Assert.fail(Assert.java:97)
at org.testng.Assert.failNotEquals(Assert.java:969)
at org.testng.Assert.assertTrue(Assert.java:43)
at com.tetherfi.test.tmac.AgentSettingsUITest.VerifyExportToExcel(AgentSettingsUITest.java:98)
at java.base/jdk.internal.reflect.NativeMethodAccessorImpl.invoke0(Native Method)
at java.base/jdk.internal.reflect.NativeMethodAccessorImpl.invoke(Unknown Source)
at java.base/jdk.internal.reflect.DelegatingMethodAccessorImpl.invoke(Unknown Source)
at java.base/java.lang.reflect.Method.invoke(Unknown Source)
at org.testng.internal.MethodInvocationHelper.invokeMethod(MethodInvocationHelper.java:133)
at org.testng.internal.TestInvoker.invokeMethod(TestInvoker.java:584)
at org.testng.internal.TestInvoker.invokeTestMethod(TestInvoker.java:172)
at org.testng.internal.MethodRunner.runInSequence(MethodRunner.java:46)
at org.testng.internal.TestInvoker$MethodInvocationAgent.invoke(TestInvoker.java:804)
at org.testng.internal.TestInvoker.invokeTestMethods(TestInvoker.java:145)
at org.testng.internal.TestMethodWorker.invokeTestMethods(TestMethodWorker.java:146)
at org.testng.internal.TestMethodWorker.run(TestMethodWorker.java:128)
at java.base/java.util.ArrayList.forEach(Unknown Source)
at org.testng.TestRunner.privateRun(TestRunner.java:770)
at org.testng.TestRunner.run(TestRunner.java:591)
at org.testng.SuiteRunner.runTest(SuiteRunner.java:402)
at org.testng.SuiteRunner.runSequentially(SuiteRunner.java:396)
at org.testng.SuiteRunner.privateRun(SuiteRunner.java:355)
at org.testng.SuiteRunner.run(SuiteRunner.java:304)
at org.testng.SuiteRunnerWorker.runSuite(SuiteRunnerWorker.java:53)
at org.testng.SuiteRunnerWorker.run(SuiteRunnerWorker.java:96)
at org.testng.TestNG.runSuitesSequentially(TestNG.java:1180)
at org.testng.TestNG.runSuitesLocally(TestNG.java:1102)
at org.testng.TestNG.runSuites(TestNG.java:1032)
at org.testng.TestNG.run(TestNG.java:1000)
at org.testng.remote.AbstractRemoteTestNG.run(AbstractRemoteTestNG.java:115)
at org.testng.remote.RemoteTestNG.initAndRun(RemoteTestNG.java:251)
at org.testng.remote.RemoteTestNG.main(RemoteTestNG.java:77)
]]>
            </full-stacktrace>
          </exception> <!-- java.lang.AssertionError -->
          <reporter-output>
          </reporter-output>
        </test-method> <!-- VerifyExportToExcel -->
        <test-method is-config="true" signature="afterEachMethod(java.lang.reflect.Method)[pri:0, instance:com.tetherfi.test.tmac.AgentSettingsUITest@2dd8ff1d]" started-at="2019-12-20T18:02:51 IST" name="afterEachMethod" finished-at="2019-12-20T18:02:53 IST" duration-ms="1645" status="PASS">
          <params>
            <param index="0">
              <value>
                <![CDATA[public void com.tetherfi.test.tmac.AgentSettingsUITest.VerifyExportToExcel()]]>
              </value>
            </param>
          </params>
          <reporter-output>
          </reporter-output>
        </test-method> <!-- afterEachMethod -->
        <test-method is-config="true" signature="endTestCase(java.lang.reflect.Method)[pri:0, instance:com.tetherfi.test.tmac.AgentSettingsUITest@2dd8ff1d]" started-at="2019-12-20T18:02:53 IST" name="endTestCase" finished-at="2019-12-20T18:02:53 IST" duration-ms="0" status="PASS">
          <params>
            <param index="0">
              <value>
                <![CDATA[public void com.tetherfi.test.tmac.AgentSettingsUITest.VerifyExportToExcel()]]>
              </value>
            </param>
          </params>
          <reporter-output>
          </reporter-output>
        </test-method> <!-- endTestCase -->
        <test-method is-config="true" signature="startTestCase(java.lang.reflect.Method)[pri:0, instance:com.tetherfi.test.tmac.AgentSettingsUITest@2dd8ff1d]" started-at="2019-12-20T18:02:53 IST" name="startTestCase" finished-at="2019-12-20T18:02:53 IST" duration-ms="1" status="PASS">
          <params>
            <param index="0">
              <value>
                <![CDATA[public void com.tetherfi.test.tmac.AgentSettingsUITest.VerifyExportToExcelWithoutData() throws java.lang.Exception]]>
              </value>
            </param>
          </params>
          <reporter-output>
          </reporter-output>
        </test-method> <!-- startTestCase -->
        <test-method is-config="true" signature="NavigateToAgentSettingsPage()[pri:0, instance:com.tetherfi.test.tmac.AgentSettingsUITest@2dd8ff1d]" started-at="2019-12-20T18:02:53 IST" name="NavigateToAgentSettingsPage" finished-at="2019-12-20T18:02:58 IST" duration-ms="4698" status="PASS">
          <reporter-output>
          </reporter-output>
        </test-method> <!-- NavigateToAgentSettingsPage -->
        <test-method signature="VerifyExportToExcelWithoutData()[pri:8, instance:com.tetherfi.test.tmac.AgentSettingsUITest@2dd8ff1d]" started-at="2019-12-20T18:02:58 IST" name="VerifyExportToExcelWithoutData" finished-at="2019-12-20T18:03:17 IST" duration-ms="19376" status="PASS">
          <reporter-output>
          </reporter-output>
        </test-method> <!-- VerifyExportToExcelWithoutData -->
        <test-method is-config="true" signature="afterEachMethod(java.lang.reflect.Method)[pri:0, instance:com.tetherfi.test.tmac.AgentSettingsUITest@2dd8ff1d]" started-at="2019-12-20T18:03:17 IST" name="afterEachMethod" finished-at="2019-12-20T18:03:19 IST" duration-ms="1459" status="PASS">
          <params>
            <param index="0">
              <value>
                <![CDATA[public void com.tetherfi.test.tmac.AgentSettingsUITest.VerifyExportToExcelWithoutData() throws java.lang.Exception]]>
              </value>
            </param>
          </params>
          <reporter-output>
          </reporter-output>
        </test-method> <!-- afterEachMethod -->
        <test-method is-config="true" signature="endTestCase(java.lang.reflect.Method)[pri:0, instance:com.tetherfi.test.tmac.AgentSettingsUITest@2dd8ff1d]" started-at="2019-12-20T18:03:19 IST" name="endTestCase" finished-at="2019-12-20T18:03:19 IST" duration-ms="0" status="PASS">
          <params>
            <param index="0">
              <value>
                <![CDATA[public void com.tetherfi.test.tmac.AgentSettingsUITest.VerifyExportToExcelWithoutData() throws java.lang.Exception]]>
              </value>
            </param>
          </params>
          <reporter-output>
          </reporter-output>
        </test-method> <!-- endTestCase -->
        <test-method is-config="true" signature="startTestCase(java.lang.reflect.Method)[pri:0, instance:com.tetherfi.test.tmac.AgentSettingsUITest@2dd8ff1d]" started-at="2019-12-20T18:03:19 IST" name="startTestCase" finished-at="2019-12-20T18:03:19 IST" duration-ms="1" status="PASS">
          <params>
            <param index="0">
              <value>
                <![CDATA[public void com.tetherfi.test.tmac.AgentSettingsUITest.VerifyDragAndDrop()]]>
              </value>
            </param>
          </params>
          <reporter-output>
          </reporter-output>
        </test-method> <!-- startTestCase -->
        <test-method is-config="true" signature="NavigateToAgentSettingsPage()[pri:0, instance:com.tetherfi.test.tmac.AgentSettingsUITest@2dd8ff1d]" started-at="2019-12-20T18:03:19 IST" name="NavigateToAgentSettingsPage" finished-at="2019-12-20T18:03:24 IST" duration-ms="5754" status="PASS">
          <reporter-output>
          </reporter-output>
        </test-method> <!-- NavigateToAgentSettingsPage -->
        <test-method signature="VerifyDragAndDrop()[pri:9, instance:com.tetherfi.test.tmac.AgentSettingsUITest@2dd8ff1d]" started-at="2019-12-20T18:03:24 IST" name="VerifyDragAndDrop" finished-at="2019-12-20T18:03:36 IST" duration-ms="11623" status="PASS">
          <reporter-output>
          </reporter-output>
        </test-method> <!-- VerifyDragAndDrop -->
        <test-method is-config="true" signature="afterEachMethod(java.lang.reflect.Method)[pri:0, instance:com.tetherfi.test.tmac.AgentSettingsUITest@2dd8ff1d]" started-at="2019-12-20T18:03:36 IST" name="afterEachMethod" finished-at="2019-12-20T18:03:38 IST" duration-ms="1636" status="PASS">
          <params>
            <param index="0">
              <value>
                <![CDATA[public void com.tetherfi.test.tmac.AgentSettingsUITest.VerifyDragAndDrop()]]>
              </value>
            </param>
          </params>
          <reporter-output>
          </reporter-output>
        </test-method> <!-- afterEachMethod -->
        <test-method is-config="true" signature="endTestCase(java.lang.reflect.Method)[pri:0, instance:com.tetherfi.test.tmac.AgentSettingsUITest@2dd8ff1d]" started-at="2019-12-20T18:03:38 IST" name="endTestCase" finished-at="2019-12-20T18:03:38 IST" duration-ms="1" status="PASS">
          <params>
            <param index="0">
              <value>
                <![CDATA[public void com.tetherfi.test.tmac.AgentSettingsUITest.VerifyDragAndDrop()]]>
              </value>
            </param>
          </params>
          <reporter-output>
          </reporter-output>
        </test-method> <!-- endTestCase -->
        <test-method is-config="true" signature="startTestCase(java.lang.reflect.Method)[pri:0, instance:com.tetherfi.test.tmac.AgentSettingsUITest@2dd8ff1d]" started-at="2019-12-20T18:03:38 IST" name="startTestCase" finished-at="2019-12-20T18:03:38 IST" duration-ms="0" status="PASS">
          <params>
            <param index="0">
              <value>
                <![CDATA[public void com.tetherfi.test.tmac.AgentSettingsUITest.VerifyDragAndDropofAlreadyGroupedHeader()]]>
              </value>
            </param>
          </params>
          <reporter-output>
          </reporter-output>
        </test-method> <!-- startTestCase -->
        <test-method is-config="true" signature="NavigateToAgentSettingsPage()[pri:0, instance:com.tetherfi.test.tmac.AgentSettingsUITest@2dd8ff1d]" started-at="2019-12-20T18:03:38 IST" name="NavigateToAgentSettingsPage" finished-at="2019-12-20T18:03:43 IST" duration-ms="5782" status="PASS">
          <reporter-output>
          </reporter-output>
        </test-method> <!-- NavigateToAgentSettingsPage -->
        <test-method signature="VerifyDragAndDropofAlreadyGroupedHeader()[pri:10, instance:com.tetherfi.test.tmac.AgentSettingsUITest@2dd8ff1d]" started-at="2019-12-20T18:03:43 IST" name="VerifyDragAndDropofAlreadyGroupedHeader" finished-at="2019-12-20T18:03:56 IST" duration-ms="12237" status="PASS">
          <reporter-output>
          </reporter-output>
        </test-method> <!-- VerifyDragAndDropofAlreadyGroupedHeader -->
        <test-method is-config="true" signature="afterEachMethod(java.lang.reflect.Method)[pri:0, instance:com.tetherfi.test.tmac.AgentSettingsUITest@2dd8ff1d]" started-at="2019-12-20T18:03:56 IST" name="afterEachMethod" finished-at="2019-12-20T18:03:57 IST" duration-ms="1634" status="PASS">
          <params>
            <param index="0">
              <value>
                <![CDATA[public void com.tetherfi.test.tmac.AgentSettingsUITest.VerifyDragAndDropofAlreadyGroupedHeader()]]>
              </value>
            </param>
          </params>
          <reporter-output>
          </reporter-output>
        </test-method> <!-- afterEachMethod -->
        <test-method is-config="true" signature="endTestCase(java.lang.reflect.Method)[pri:0, instance:com.tetherfi.test.tmac.AgentSettingsUITest@2dd8ff1d]" started-at="2019-12-20T18:03:57 IST" name="endTestCase" finished-at="2019-12-20T18:03:57 IST" duration-ms="1" status="PASS">
          <params>
            <param index="0">
              <value>
                <![CDATA[public void com.tetherfi.test.tmac.AgentSettingsUITest.VerifyDragAndDropofAlreadyGroupedHeader()]]>
              </value>
            </param>
          </params>
          <reporter-output>
          </reporter-output>
        </test-method> <!-- endTestCase -->
        <test-method is-config="true" signature="startTestCase(java.lang.reflect.Method)[pri:0, instance:com.tetherfi.test.tmac.AgentSettingsUITest@2dd8ff1d]" started-at="2019-12-20T18:03:57 IST" name="startTestCase" finished-at="2019-12-20T18:03:57 IST" duration-ms="0" status="PASS">
          <params>
            <param index="0">
              <value>
                <![CDATA[public void com.tetherfi.test.tmac.AgentSettingsUITest.VerifyDropdownForAllTheColumns()]]>
              </value>
            </param>
          </params>
          <reporter-output>
          </reporter-output>
        </test-method> <!-- startTestCase -->
        <test-method is-config="true" signature="NavigateToAgentSettingsPage()[pri:0, instance:com.tetherfi.test.tmac.AgentSettingsUITest@2dd8ff1d]" started-at="2019-12-20T18:03:57 IST" name="NavigateToAgentSettingsPage" finished-at="2019-12-20T18:04:02 IST" duration-ms="4755" status="PASS">
          <reporter-output>
          </reporter-output>
        </test-method> <!-- NavigateToAgentSettingsPage -->
        <test-method signature="VerifyDropdownForAllTheColumns()[pri:11, instance:com.tetherfi.test.tmac.AgentSettingsUITest@2dd8ff1d]" started-at="2019-12-20T18:04:02 IST" name="VerifyDropdownForAllTheColumns" finished-at="2019-12-20T18:04:30 IST" duration-ms="28404" status="PASS">
          <reporter-output>
          </reporter-output>
        </test-method> <!-- VerifyDropdownForAllTheColumns -->
        <test-method is-config="true" signature="afterEachMethod(java.lang.reflect.Method)[pri:0, instance:com.tetherfi.test.tmac.AgentSettingsUITest@2dd8ff1d]" started-at="2019-12-20T18:04:30 IST" name="afterEachMethod" finished-at="2019-12-20T18:04:32 IST" duration-ms="1568" status="PASS">
          <params>
            <param index="0">
              <value>
                <![CDATA[public void com.tetherfi.test.tmac.AgentSettingsUITest.VerifyDropdownForAllTheColumns()]]>
              </value>
            </param>
          </params>
          <reporter-output>
          </reporter-output>
        </test-method> <!-- afterEachMethod -->
        <test-method is-config="true" signature="endTestCase(java.lang.reflect.Method)[pri:0, instance:com.tetherfi.test.tmac.AgentSettingsUITest@2dd8ff1d]" started-at="2019-12-20T18:04:32 IST" name="endTestCase" finished-at="2019-12-20T18:04:32 IST" duration-ms="1" status="PASS">
          <params>
            <param index="0">
              <value>
                <![CDATA[public void com.tetherfi.test.tmac.AgentSettingsUITest.VerifyDropdownForAllTheColumns()]]>
              </value>
            </param>
          </params>
          <reporter-output>
          </reporter-output>
        </test-method> <!-- endTestCase -->
        <test-method is-config="true" signature="startTestCase(java.lang.reflect.Method)[pri:0, instance:com.tetherfi.test.tmac.AgentSettingsUITest@2dd8ff1d]" started-at="2019-12-20T18:04:32 IST" name="startTestCase" finished-at="2019-12-20T18:04:32 IST" duration-ms="0" status="PASS">
          <params>
            <param index="0">
              <value>
                <![CDATA[public void com.tetherfi.test.tmac.AgentSettingsUITest.VerifyColumnsHeaderEnable()]]>
              </value>
            </param>
          </params>
          <reporter-output>
          </reporter-output>
        </test-method> <!-- startTestCase -->
        <test-method is-config="true" signature="NavigateToAgentSettingsPage()[pri:0, instance:com.tetherfi.test.tmac.AgentSettingsUITest@2dd8ff1d]" started-at="2019-12-20T18:04:32 IST" name="NavigateToAgentSettingsPage" finished-at="2019-12-20T18:04:37 IST" duration-ms="4585" status="PASS">
          <reporter-output>
          </reporter-output>
        </test-method> <!-- NavigateToAgentSettingsPage -->
        <test-method signature="VerifyColumnsHeaderEnable()[pri:12, instance:com.tetherfi.test.tmac.AgentSettingsUITest@2dd8ff1d]" started-at="2019-12-20T18:04:37 IST" name="VerifyColumnsHeaderEnable" finished-at="2019-12-20T18:04:57 IST" duration-ms="20861" status="PASS">
          <reporter-output>
          </reporter-output>
        </test-method> <!-- VerifyColumnsHeaderEnable -->
        <test-method is-config="true" signature="afterEachMethod(java.lang.reflect.Method)[pri:0, instance:com.tetherfi.test.tmac.AgentSettingsUITest@2dd8ff1d]" started-at="2019-12-20T18:04:57 IST" name="afterEachMethod" finished-at="2019-12-20T18:04:59 IST" duration-ms="1643" status="PASS">
          <params>
            <param index="0">
              <value>
                <![CDATA[public void com.tetherfi.test.tmac.AgentSettingsUITest.VerifyColumnsHeaderEnable()]]>
              </value>
            </param>
          </params>
          <reporter-output>
          </reporter-output>
        </test-method> <!-- afterEachMethod -->
        <test-method is-config="true" signature="endTestCase(java.lang.reflect.Method)[pri:0, instance:com.tetherfi.test.tmac.AgentSettingsUITest@2dd8ff1d]" started-at="2019-12-20T18:04:59 IST" name="endTestCase" finished-at="2019-12-20T18:04:59 IST" duration-ms="1" status="PASS">
          <params>
            <param index="0">
              <value>
                <![CDATA[public void com.tetherfi.test.tmac.AgentSettingsUITest.VerifyColumnsHeaderEnable()]]>
              </value>
            </param>
          </params>
          <reporter-output>
          </reporter-output>
        </test-method> <!-- endTestCase -->
        <test-method is-config="true" signature="startTestCase(java.lang.reflect.Method)[pri:0, instance:com.tetherfi.test.tmac.AgentSettingsUITest@2dd8ff1d]" started-at="2019-12-20T18:04:59 IST" name="startTestCase" finished-at="2019-12-20T18:04:59 IST" duration-ms="1" status="PASS">
          <params>
            <param index="0">
              <value>
                <![CDATA[public void com.tetherfi.test.tmac.AgentSettingsUITest.VerifyColumnsHeaderDisable()]]>
              </value>
            </param>
          </params>
          <reporter-output>
          </reporter-output>
        </test-method> <!-- startTestCase -->
        <test-method is-config="true" signature="NavigateToAgentSettingsPage()[pri:0, instance:com.tetherfi.test.tmac.AgentSettingsUITest@2dd8ff1d]" started-at="2019-12-20T18:04:59 IST" name="NavigateToAgentSettingsPage" finished-at="2019-12-20T18:05:05 IST" duration-ms="5607" status="PASS">
          <reporter-output>
          </reporter-output>
        </test-method> <!-- NavigateToAgentSettingsPage -->
        <test-method signature="VerifyColumnsHeaderDisable()[pri:13, instance:com.tetherfi.test.tmac.AgentSettingsUITest@2dd8ff1d]" started-at="2019-12-20T18:05:05 IST" name="VerifyColumnsHeaderDisable" finished-at="2019-12-20T18:05:21 IST" duration-ms="16590" status="FAIL">
          <exception class="java.lang.AssertionError">
            <message>
              <![CDATA[columns disabled assertion failed did not expect to find [false] but found [true]]]>
            </message>
            <full-stacktrace>
              <![CDATA[java.lang.AssertionError: columns disabled assertion failed did not expect to find [false] but found [true]
at org.testng.Assert.fail(Assert.java:97)
at org.testng.Assert.failNotEquals(Assert.java:969)
at org.testng.Assert.assertFalse(Assert.java:65)
at com.tetherfi.test.tmac.AgentSettingsUITest.VerifyColumnsHeaderDisable(AgentSettingsUITest.java:151)
at java.base/jdk.internal.reflect.NativeMethodAccessorImpl.invoke0(Native Method)
at java.base/jdk.internal.reflect.NativeMethodAccessorImpl.invoke(Unknown Source)
at java.base/jdk.internal.reflect.DelegatingMethodAccessorImpl.invoke(Unknown Source)
at java.base/java.lang.reflect.Method.invoke(Unknown Source)
at org.testng.internal.MethodInvocationHelper.invokeMethod(MethodInvocationHelper.java:133)
at org.testng.internal.TestInvoker.invokeMethod(TestInvoker.java:584)
at org.testng.internal.TestInvoker.invokeTestMethod(TestInvoker.java:172)
at org.testng.internal.MethodRunner.runInSequence(MethodRunner.java:46)
at org.testng.internal.TestInvoker$MethodInvocationAgent.invoke(TestInvoker.java:804)
at org.testng.internal.TestInvoker.invokeTestMethods(TestInvoker.java:145)
at org.testng.internal.TestMethodWorker.invokeTestMethods(TestMethodWorker.java:146)
at org.testng.internal.TestMethodWorker.run(TestMethodWorker.java:128)
at java.base/java.util.ArrayList.forEach(Unknown Source)
at org.testng.TestRunner.privateRun(TestRunner.java:770)
at org.testng.TestRunner.run(TestRunner.java:591)
at org.testng.SuiteRunner.runTest(SuiteRunner.java:402)
at org.testng.SuiteRunner.runSequentially(SuiteRunner.java:396)
at org.testng.SuiteRunner.privateRun(SuiteRunner.java:355)
at org.testng.SuiteRunner.run(SuiteRunner.java:304)
at org.testng.SuiteRunnerWorker.runSuite(SuiteRunnerWorker.java:53)
at org.testng.SuiteRunnerWorker.run(SuiteRunnerWorker.java:96)
at org.testng.TestNG.runSuitesSequentially(TestNG.java:1180)
at org.testng.TestNG.runSuitesLocally(TestNG.java:1102)
at org.testng.TestNG.runSuites(TestNG.java:1032)
at org.testng.TestNG.run(TestNG.java:1000)
at org.testng.remote.AbstractRemoteTestNG.run(AbstractRemoteTestNG.java:115)
at org.testng.remote.RemoteTestNG.initAndRun(RemoteTestNG.java:251)
at org.testng.remote.RemoteTestNG.main(RemoteTestNG.java:77)
]]>
            </full-stacktrace>
          </exception> <!-- java.lang.AssertionError -->
          <reporter-output>
          </reporter-output>
        </test-method> <!-- VerifyColumnsHeaderDisable -->
        <test-method is-config="true" signature="afterEachMethod(java.lang.reflect.Method)[pri:0, instance:com.tetherfi.test.tmac.AgentSettingsUITest@2dd8ff1d]" started-at="2019-12-20T18:05:21 IST" name="afterEachMethod" finished-at="2019-12-20T18:05:23 IST" duration-ms="1615" status="PASS">
          <params>
            <param index="0">
              <value>
                <![CDATA[public void com.tetherfi.test.tmac.AgentSettingsUITest.VerifyColumnsHeaderDisable()]]>
              </value>
            </param>
          </params>
          <reporter-output>
          </reporter-output>
        </test-method> <!-- afterEachMethod -->
        <test-method is-config="true" signature="endTestCase(java.lang.reflect.Method)[pri:0, instance:com.tetherfi.test.tmac.AgentSettingsUITest@2dd8ff1d]" started-at="2019-12-20T18:05:23 IST" name="endTestCase" finished-at="2019-12-20T18:05:23 IST" duration-ms="0" status="PASS">
          <params>
            <param index="0">
              <value>
                <![CDATA[public void com.tetherfi.test.tmac.AgentSettingsUITest.VerifyColumnsHeaderDisable()]]>
              </value>
            </param>
          </params>
          <reporter-output>
          </reporter-output>
        </test-method> <!-- endTestCase -->
        <test-method is-config="true" signature="startTestCase(java.lang.reflect.Method)[pri:0, instance:com.tetherfi.test.tmac.AgentSettingsUITest@2dd8ff1d]" started-at="2019-12-20T18:05:23 IST" name="startTestCase" finished-at="2019-12-20T18:05:23 IST" duration-ms="1" status="PASS">
          <params>
            <param index="0">
              <value>
                <![CDATA[public void com.tetherfi.test.tmac.AgentSettingsUITest.VerifyArrowMoveForPreviousAndNextPage()]]>
              </value>
            </param>
          </params>
          <reporter-output>
          </reporter-output>
        </test-method> <!-- startTestCase -->
        <test-method is-config="true" signature="NavigateToAgentSettingsPage()[pri:0, instance:com.tetherfi.test.tmac.AgentSettingsUITest@2dd8ff1d]" started-at="2019-12-20T18:05:23 IST" name="NavigateToAgentSettingsPage" finished-at="2019-12-20T18:05:28 IST" duration-ms="5538" status="PASS">
          <reporter-output>
          </reporter-output>
        </test-method> <!-- NavigateToAgentSettingsPage -->
        <test-method signature="VerifyArrowMoveForPreviousAndNextPage()[pri:14, instance:com.tetherfi.test.tmac.AgentSettingsUITest@2dd8ff1d]" started-at="2019-12-20T18:05:28 IST" name="VerifyArrowMoveForPreviousAndNextPage" finished-at="2019-12-20T18:05:39 IST" duration-ms="10703" status="PASS">
          <reporter-output>
          </reporter-output>
        </test-method> <!-- VerifyArrowMoveForPreviousAndNextPage -->
        <test-method is-config="true" signature="afterEachMethod(java.lang.reflect.Method)[pri:0, instance:com.tetherfi.test.tmac.AgentSettingsUITest@2dd8ff1d]" started-at="2019-12-20T18:05:39 IST" name="afterEachMethod" finished-at="2019-12-20T18:05:41 IST" duration-ms="1581" status="PASS">
          <params>
            <param index="0">
              <value>
                <![CDATA[public void com.tetherfi.test.tmac.AgentSettingsUITest.VerifyArrowMoveForPreviousAndNextPage()]]>
              </value>
            </param>
          </params>
          <reporter-output>
          </reporter-output>
        </test-method> <!-- afterEachMethod -->
        <test-method is-config="true" signature="endTestCase(java.lang.reflect.Method)[pri:0, instance:com.tetherfi.test.tmac.AgentSettingsUITest@2dd8ff1d]" started-at="2019-12-20T18:05:41 IST" name="endTestCase" finished-at="2019-12-20T18:05:41 IST" duration-ms="0" status="PASS">
          <params>
            <param index="0">
              <value>
                <![CDATA[public void com.tetherfi.test.tmac.AgentSettingsUITest.VerifyArrowMoveForPreviousAndNextPage()]]>
              </value>
            </param>
          </params>
          <reporter-output>
          </reporter-output>
        </test-method> <!-- endTestCase -->
        <test-method is-config="true" signature="startTestCase(java.lang.reflect.Method)[pri:0, instance:com.tetherfi.test.tmac.AgentSettingsUITest@2dd8ff1d]" started-at="2019-12-20T18:05:41 IST" name="startTestCase" finished-at="2019-12-20T18:05:41 IST" duration-ms="1" status="PASS">
          <params>
            <param index="0">
              <value>
                <![CDATA[public void com.tetherfi.test.tmac.AgentSettingsUITest.VerifyArrowMoveForFirstAndLastPage()]]>
              </value>
            </param>
          </params>
          <reporter-output>
          </reporter-output>
        </test-method> <!-- startTestCase -->
        <test-method is-config="true" signature="NavigateToAgentSettingsPage()[pri:0, instance:com.tetherfi.test.tmac.AgentSettingsUITest@2dd8ff1d]" started-at="2019-12-20T18:05:41 IST" name="NavigateToAgentSettingsPage" finished-at="2019-12-20T18:05:45 IST" duration-ms="3803" status="PASS">
          <reporter-output>
          </reporter-output>
        </test-method> <!-- NavigateToAgentSettingsPage -->
        <test-method signature="VerifyArrowMoveForFirstAndLastPage()[pri:15, instance:com.tetherfi.test.tmac.AgentSettingsUITest@2dd8ff1d]" started-at="2019-12-20T18:05:45 IST" name="VerifyArrowMoveForFirstAndLastPage" finished-at="2019-12-20T18:05:57 IST" duration-ms="12182" status="PASS">
          <reporter-output>
          </reporter-output>
        </test-method> <!-- VerifyArrowMoveForFirstAndLastPage -->
        <test-method is-config="true" signature="afterEachMethod(java.lang.reflect.Method)[pri:0, instance:com.tetherfi.test.tmac.AgentSettingsUITest@2dd8ff1d]" started-at="2019-12-20T18:05:57 IST" name="afterEachMethod" finished-at="2019-12-20T18:05:58 IST" duration-ms="1551" status="PASS">
          <params>
            <param index="0">
              <value>
                <![CDATA[public void com.tetherfi.test.tmac.AgentSettingsUITest.VerifyArrowMoveForFirstAndLastPage()]]>
              </value>
            </param>
          </params>
          <reporter-output>
          </reporter-output>
        </test-method> <!-- afterEachMethod -->
        <test-method is-config="true" signature="endTestCase(java.lang.reflect.Method)[pri:0, instance:com.tetherfi.test.tmac.AgentSettingsUITest@2dd8ff1d]" started-at="2019-12-20T18:05:58 IST" name="endTestCase" finished-at="2019-12-20T18:05:58 IST" duration-ms="1" status="PASS">
          <params>
            <param index="0">
              <value>
                <![CDATA[public void com.tetherfi.test.tmac.AgentSettingsUITest.VerifyArrowMoveForFirstAndLastPage()]]>
              </value>
            </param>
          </params>
          <reporter-output>
          </reporter-output>
        </test-method> <!-- endTestCase -->
        <test-method is-config="true" signature="startTestCase(java.lang.reflect.Method)[pri:0, instance:com.tetherfi.test.tmac.AgentSettingsUITest@2dd8ff1d]" started-at="2019-12-20T18:05:58 IST" name="startTestCase" finished-at="2019-12-20T18:05:58 IST" duration-ms="1" status="PASS">
          <params>
            <param index="0">
              <value>
                <![CDATA[public void com.tetherfi.test.tmac.AgentSettingsUITest.VerifyTotalNumberOfItemsPerPageDetails()]]>
              </value>
            </param>
          </params>
          <reporter-output>
          </reporter-output>
        </test-method> <!-- startTestCase -->
        <test-method is-config="true" signature="NavigateToAgentSettingsPage()[pri:0, instance:com.tetherfi.test.tmac.AgentSettingsUITest@2dd8ff1d]" started-at="2019-12-20T18:05:58 IST" name="NavigateToAgentSettingsPage" finished-at="2019-12-20T18:06:03 IST" duration-ms="4726" status="PASS">
          <reporter-output>
          </reporter-output>
        </test-method> <!-- NavigateToAgentSettingsPage -->
        <test-method signature="VerifyTotalNumberOfItemsPerPageDetails()[pri:16, instance:com.tetherfi.test.tmac.AgentSettingsUITest@2dd8ff1d]" started-at="2019-12-20T18:06:03 IST" name="VerifyTotalNumberOfItemsPerPageDetails" finished-at="2019-12-20T18:06:14 IST" duration-ms="10592" status="PASS">
          <reporter-output>
          </reporter-output>
        </test-method> <!-- VerifyTotalNumberOfItemsPerPageDetails -->
        <test-method is-config="true" signature="afterEachMethod(java.lang.reflect.Method)[pri:0, instance:com.tetherfi.test.tmac.AgentSettingsUITest@2dd8ff1d]" started-at="2019-12-20T18:06:14 IST" name="afterEachMethod" finished-at="2019-12-20T18:06:15 IST" duration-ms="1629" status="PASS">
          <params>
            <param index="0">
              <value>
                <![CDATA[public void com.tetherfi.test.tmac.AgentSettingsUITest.VerifyTotalNumberOfItemsPerPageDetails()]]>
              </value>
            </param>
          </params>
          <reporter-output>
          </reporter-output>
        </test-method> <!-- afterEachMethod -->
        <test-method is-config="true" signature="endTestCase(java.lang.reflect.Method)[pri:0, instance:com.tetherfi.test.tmac.AgentSettingsUITest@2dd8ff1d]" started-at="2019-12-20T18:06:15 IST" name="endTestCase" finished-at="2019-12-20T18:06:15 IST" duration-ms="1" status="PASS">
          <params>
            <param index="0">
              <value>
                <![CDATA[public void com.tetherfi.test.tmac.AgentSettingsUITest.VerifyTotalNumberOfItemsPerPageDetails()]]>
              </value>
            </param>
          </params>
          <reporter-output>
          </reporter-output>
        </test-method> <!-- endTestCase -->
        <test-method is-config="true" signature="startTestCase(java.lang.reflect.Method)[pri:0, instance:com.tetherfi.test.tmac.AgentSettingsUITest@2dd8ff1d]" started-at="2019-12-20T18:06:15 IST" name="startTestCase" finished-at="2019-12-20T18:06:15 IST" duration-ms="1" status="PASS">
          <params>
            <param index="0">
              <value>
                <![CDATA[public void com.tetherfi.test.tmac.AgentSettingsUITest.VerifyNumberOfItemsPerPageSelection()]]>
              </value>
            </param>
          </params>
          <reporter-output>
          </reporter-output>
        </test-method> <!-- startTestCase -->
        <test-method is-config="true" signature="NavigateToAgentSettingsPage()[pri:0, instance:com.tetherfi.test.tmac.AgentSettingsUITest@2dd8ff1d]" started-at="2019-12-20T18:06:15 IST" name="NavigateToAgentSettingsPage" finished-at="2019-12-20T18:06:21 IST" duration-ms="6007" status="PASS">
          <reporter-output>
          </reporter-output>
        </test-method> <!-- NavigateToAgentSettingsPage -->
        <test-method signature="VerifyNumberOfItemsPerPageSelection()[pri:17, instance:com.tetherfi.test.tmac.AgentSettingsUITest@2dd8ff1d]" started-at="2019-12-20T18:06:21 IST" name="VerifyNumberOfItemsPerPageSelection" finished-at="2019-12-20T18:06:39 IST" duration-ms="17931" status="PASS">
          <reporter-output>
          </reporter-output>
        </test-method> <!-- VerifyNumberOfItemsPerPageSelection -->
        <test-method is-config="true" signature="afterEachMethod(java.lang.reflect.Method)[pri:0, instance:com.tetherfi.test.tmac.AgentSettingsUITest@2dd8ff1d]" started-at="2019-12-20T18:06:39 IST" name="afterEachMethod" finished-at="2019-12-20T18:06:41 IST" duration-ms="1541" status="PASS">
          <params>
            <param index="0">
              <value>
                <![CDATA[public void com.tetherfi.test.tmac.AgentSettingsUITest.VerifyNumberOfItemsPerPageSelection()]]>
              </value>
            </param>
          </params>
          <reporter-output>
          </reporter-output>
        </test-method> <!-- afterEachMethod -->
        <test-method is-config="true" signature="endTestCase(java.lang.reflect.Method)[pri:0, instance:com.tetherfi.test.tmac.AgentSettingsUITest@2dd8ff1d]" started-at="2019-12-20T18:06:41 IST" name="endTestCase" finished-at="2019-12-20T18:06:41 IST" duration-ms="0" status="PASS">
          <params>
            <param index="0">
              <value>
                <![CDATA[public void com.tetherfi.test.tmac.AgentSettingsUITest.VerifyNumberOfItemsPerPageSelection()]]>
              </value>
            </param>
          </params>
          <reporter-output>
          </reporter-output>
        </test-method> <!-- endTestCase -->
        <test-method is-config="true" signature="startTestCase(java.lang.reflect.Method)[pri:0, instance:com.tetherfi.test.tmac.AgentSettingsUITest@2dd8ff1d]" started-at="2019-12-20T18:06:41 IST" name="startTestCase" finished-at="2019-12-20T18:06:41 IST" duration-ms="1" status="PASS">
          <params>
            <param index="0">
              <value>
                <![CDATA[public void com.tetherfi.test.tmac.AgentSettingsUITest.VerifyMandatoryFieldWarningMessage()]]>
              </value>
            </param>
          </params>
          <reporter-output>
          </reporter-output>
        </test-method> <!-- startTestCase -->
        <test-method is-config="true" signature="NavigateToAgentSettingsPage()[pri:0, instance:com.tetherfi.test.tmac.AgentSettingsUITest@2dd8ff1d]" started-at="2019-12-20T18:06:41 IST" name="NavigateToAgentSettingsPage" finished-at="2019-12-20T18:06:46 IST" duration-ms="5622" status="PASS">
          <reporter-output>
          </reporter-output>
        </test-method> <!-- NavigateToAgentSettingsPage -->
        <test-method signature="VerifyMandatoryFieldWarningMessage()[pri:18, instance:com.tetherfi.test.tmac.AgentSettingsUITest@2dd8ff1d]" started-at="2019-12-20T18:06:46 IST" name="VerifyMandatoryFieldWarningMessage" finished-at="2019-12-20T18:06:58 IST" duration-ms="11811" status="PASS">
          <reporter-output>
          </reporter-output>
        </test-method> <!-- VerifyMandatoryFieldWarningMessage -->
        <test-method is-config="true" signature="afterEachMethod(java.lang.reflect.Method)[pri:0, instance:com.tetherfi.test.tmac.AgentSettingsUITest@2dd8ff1d]" started-at="2019-12-20T18:06:58 IST" name="afterEachMethod" finished-at="2019-12-20T18:07:00 IST" duration-ms="1609" status="PASS">
          <params>
            <param index="0">
              <value>
                <![CDATA[public void com.tetherfi.test.tmac.AgentSettingsUITest.VerifyMandatoryFieldWarningMessage()]]>
              </value>
            </param>
          </params>
          <reporter-output>
          </reporter-output>
        </test-method> <!-- afterEachMethod -->
        <test-method is-config="true" signature="endTestCase(java.lang.reflect.Method)[pri:0, instance:com.tetherfi.test.tmac.AgentSettingsUITest@2dd8ff1d]" started-at="2019-12-20T18:07:00 IST" name="endTestCase" finished-at="2019-12-20T18:07:00 IST" duration-ms="1" status="PASS">
          <params>
            <param index="0">
              <value>
                <![CDATA[public void com.tetherfi.test.tmac.AgentSettingsUITest.VerifyMandatoryFieldWarningMessage()]]>
              </value>
            </param>
          </params>
          <reporter-output>
          </reporter-output>
        </test-method> <!-- endTestCase -->
        <test-method is-config="true" signature="startTestCase(java.lang.reflect.Method)[pri:0, instance:com.tetherfi.test.tmac.AgentSettingsUITest@2dd8ff1d]" started-at="2019-12-20T18:07:00 IST" name="startTestCase" finished-at="2019-12-20T18:07:00 IST" duration-ms="0" status="PASS">
          <params>
            <param index="0">
              <value>
                <![CDATA[public void com.tetherfi.test.tmac.AgentSettingsUITest.VerifyCancelButtonAtRecordCreation()]]>
              </value>
            </param>
          </params>
          <reporter-output>
          </reporter-output>
        </test-method> <!-- startTestCase -->
        <test-method is-config="true" signature="NavigateToAgentSettingsPage()[pri:0, instance:com.tetherfi.test.tmac.AgentSettingsUITest@2dd8ff1d]" started-at="2019-12-20T18:07:00 IST" name="NavigateToAgentSettingsPage" finished-at="2019-12-20T18:07:06 IST" duration-ms="5970" status="PASS">
          <reporter-output>
          </reporter-output>
        </test-method> <!-- NavigateToAgentSettingsPage -->
        <test-method signature="VerifyCancelButtonAtRecordCreation()[pri:19, instance:com.tetherfi.test.tmac.AgentSettingsUITest@2dd8ff1d]" started-at="2019-12-20T18:07:06 IST" name="VerifyCancelButtonAtRecordCreation" finished-at="2019-12-20T18:07:23 IST" duration-ms="16798" status="PASS">
          <reporter-output>
          </reporter-output>
        </test-method> <!-- VerifyCancelButtonAtRecordCreation -->
        <test-method is-config="true" signature="afterEachMethod(java.lang.reflect.Method)[pri:0, instance:com.tetherfi.test.tmac.AgentSettingsUITest@2dd8ff1d]" started-at="2019-12-20T18:07:23 IST" name="afterEachMethod" finished-at="2019-12-20T18:07:24 IST" duration-ms="1533" status="PASS">
          <params>
            <param index="0">
              <value>
                <![CDATA[public void com.tetherfi.test.tmac.AgentSettingsUITest.VerifyCancelButtonAtRecordCreation()]]>
              </value>
            </param>
          </params>
          <reporter-output>
          </reporter-output>
        </test-method> <!-- afterEachMethod -->
        <test-method is-config="true" signature="endTestCase(java.lang.reflect.Method)[pri:0, instance:com.tetherfi.test.tmac.AgentSettingsUITest@2dd8ff1d]" started-at="2019-12-20T18:07:24 IST" name="endTestCase" finished-at="2019-12-20T18:07:24 IST" duration-ms="0" status="PASS">
          <params>
            <param index="0">
              <value>
                <![CDATA[public void com.tetherfi.test.tmac.AgentSettingsUITest.VerifyCancelButtonAtRecordCreation()]]>
              </value>
            </param>
          </params>
          <reporter-output>
          </reporter-output>
        </test-method> <!-- endTestCase -->
        <test-method is-config="true" signature="NavigateToAgentSettingsPage()[pri:0, instance:com.tetherfi.test.tmac.AgentSettingsUITest@2dd8ff1d]" started-at="2019-12-20T18:07:24 IST" name="NavigateToAgentSettingsPage" finished-at="2019-12-20T18:07:30 IST" duration-ms="5735" status="PASS">
          <reporter-output>
          </reporter-output>
        </test-method> <!-- NavigateToAgentSettingsPage -->
        <test-method is-config="true" signature="startTestCase(java.lang.reflect.Method)[pri:0, instance:com.tetherfi.test.tmac.AgentSettingsUITest@2dd8ff1d]" started-at="2019-12-20T18:07:24 IST" name="startTestCase" finished-at="2019-12-20T18:07:24 IST" duration-ms="0" status="PASS">
          <params>
            <param index="0">
              <value>
                <![CDATA[public void com.tetherfi.test.tmac.AgentSettingsUITest.VerifyCancelButtonAtRecordEdit()]]>
              </value>
            </param>
          </params>
          <reporter-output>
          </reporter-output>
        </test-method> <!-- startTestCase -->
        <test-method signature="VerifyCancelButtonAtRecordEdit()[pri:20, instance:com.tetherfi.test.tmac.AgentSettingsUITest@2dd8ff1d]" started-at="2019-12-20T18:07:30 IST" name="VerifyCancelButtonAtRecordEdit" finished-at="2019-12-20T18:07:52 IST" duration-ms="21733" status="PASS">
          <reporter-output>
          </reporter-output>
        </test-method> <!-- VerifyCancelButtonAtRecordEdit -->
        <test-method is-config="true" signature="afterEachMethod(java.lang.reflect.Method)[pri:0, instance:com.tetherfi.test.tmac.AgentSettingsUITest@2dd8ff1d]" started-at="2019-12-20T18:07:52 IST" name="afterEachMethod" finished-at="2019-12-20T18:07:53 IST" duration-ms="1672" status="PASS">
          <params>
            <param index="0">
              <value>
                <![CDATA[public void com.tetherfi.test.tmac.AgentSettingsUITest.VerifyCancelButtonAtRecordEdit()]]>
              </value>
            </param>
          </params>
          <reporter-output>
          </reporter-output>
        </test-method> <!-- afterEachMethod -->
        <test-method is-config="true" signature="endTestCase(java.lang.reflect.Method)[pri:0, instance:com.tetherfi.test.tmac.AgentSettingsUITest@2dd8ff1d]" started-at="2019-12-20T18:07:53 IST" name="endTestCase" finished-at="2019-12-20T18:07:53 IST" duration-ms="1" status="PASS">
          <params>
            <param index="0">
              <value>
                <![CDATA[public void com.tetherfi.test.tmac.AgentSettingsUITest.VerifyCancelButtonAtRecordEdit()]]>
              </value>
            </param>
          </params>
          <reporter-output>
          </reporter-output>
        </test-method> <!-- endTestCase -->
        <test-method is-config="true" signature="NavigateToAgentSettingsPage()[pri:0, instance:com.tetherfi.test.tmac.AgentSettingsUITest@2dd8ff1d]" started-at="2019-12-20T18:07:53 IST" name="NavigateToAgentSettingsPage" finished-at="2019-12-20T18:07:58 IST" duration-ms="4704" status="PASS">
          <reporter-output>
          </reporter-output>
        </test-method> <!-- NavigateToAgentSettingsPage -->
        <test-method is-config="true" signature="startTestCase(java.lang.reflect.Method)[pri:0, instance:com.tetherfi.test.tmac.AgentSettingsUITest@2dd8ff1d]" started-at="2019-12-20T18:07:53 IST" name="startTestCase" finished-at="2019-12-20T18:07:53 IST" duration-ms="0" status="PASS">
          <params>
            <param index="0">
              <value>
                <![CDATA[public void com.tetherfi.test.tmac.AgentSettingsUITest.VerifyCancelButtonAtRecordDelete()]]>
              </value>
            </param>
          </params>
          <reporter-output>
          </reporter-output>
        </test-method> <!-- startTestCase -->
        <test-method signature="VerifyCancelButtonAtRecordDelete()[pri:21, instance:com.tetherfi.test.tmac.AgentSettingsUITest@2dd8ff1d]" started-at="2019-12-20T18:07:58 IST" name="VerifyCancelButtonAtRecordDelete" finished-at="2019-12-20T18:08:19 IST" duration-ms="21150" status="PASS">
          <reporter-output>
          </reporter-output>
        </test-method> <!-- VerifyCancelButtonAtRecordDelete -->
        <test-method is-config="true" signature="afterEachMethod(java.lang.reflect.Method)[pri:0, instance:com.tetherfi.test.tmac.AgentSettingsUITest@2dd8ff1d]" started-at="2019-12-20T18:08:19 IST" name="afterEachMethod" finished-at="2019-12-20T18:08:21 IST" duration-ms="1555" status="PASS">
          <params>
            <param index="0">
              <value>
                <![CDATA[public void com.tetherfi.test.tmac.AgentSettingsUITest.VerifyCancelButtonAtRecordDelete()]]>
              </value>
            </param>
          </params>
          <reporter-output>
          </reporter-output>
        </test-method> <!-- afterEachMethod -->
        <test-method is-config="true" signature="endTestCase(java.lang.reflect.Method)[pri:0, instance:com.tetherfi.test.tmac.AgentSettingsUITest@2dd8ff1d]" started-at="2019-12-20T18:08:21 IST" name="endTestCase" finished-at="2019-12-20T18:08:21 IST" duration-ms="0" status="PASS">
          <params>
            <param index="0">
              <value>
                <![CDATA[public void com.tetherfi.test.tmac.AgentSettingsUITest.VerifyCancelButtonAtRecordDelete()]]>
              </value>
            </param>
          </params>
          <reporter-output>
          </reporter-output>
        </test-method> <!-- endTestCase -->
        <test-method is-config="true" signature="tearDown()[pri:0, instance:com.tetherfi.test.tmac.AgentSettingsUITest@2dd8ff1d]" started-at="2019-12-20T18:08:21 IST" name="tearDown" finished-at="2019-12-20T18:08:23 IST" duration-ms="2751" status="PASS">
          <reporter-output>
          </reporter-output>
        </test-method> <!-- tearDown -->
      </class> <!-- com.tetherfi.test.tmac.AgentSettingsUITest -->
    </test> <!-- Default test -->
  </suite> <!-- Default suite -->
</testng-results>
