<?xml version="1.0" encoding="UTF-8"?>
<testng-results ignored="0" total="4" passed="4" failed="0" skipped="0">
  <reporter-output>
  </reporter-output>
  <suite started-at="2019-03-25T11:04:40Z" name="Default suite" finished-at="2019-03-25T11:05:16Z" duration-ms="36191">
    <groups>
    </groups>
    <test started-at="2019-03-25T11:04:40Z" name="Default test" finished-at="2019-03-25T11:05:16Z" duration-ms="36191">
      <class name="com.tetherfi.test.fax.FaxRoutingConfigurationTest">
        <test-method is-config="true" signature="openApplication()[pri:0, instance:com.tetherfi.test.fax.FaxRoutingConfigurationTest@2d760326]" started-at="2019-03-25T16:34:40Z" name="openApplication" finished-at="2019-03-25T16:34:50Z" duration-ms="9685" status="PASS">
          <reporter-output>
          </reporter-output>
        </test-method> <!-- openApplication -->
        <test-method is-config="true" signature="startTestCase(java.lang.reflect.Method)[pri:0, instance:com.tetherfi.test.fax.FaxRoutingConfigurationTest@2d760326]" started-at="2019-03-25T16:34:50Z" name="startTestCase" finished-at="2019-03-25T16:34:50Z" duration-ms="1" status="PASS">
          <params>
            <param index="0">
              <value>
                <![CDATA[public void com.tetherfi.test.fax.FaxRoutingConfigurationTest.ExportToExcel() throws java.lang.Exception]]>
              </value>
            </param>
          </params>
          <reporter-output>
          </reporter-output>
        </test-method> <!-- startTestCase -->
        <test-method is-config="true" signature="NavigateToFaxLineConfigPage()[pri:0, instance:com.tetherfi.test.fax.FaxRoutingConfigurationTest@2d760326]" started-at="2019-03-25T16:34:50Z" name="NavigateToFaxLineConfigPage" finished-at="2019-03-25T16:34:54Z" duration-ms="3944" status="PASS">
          <reporter-output>
          </reporter-output>
        </test-method> <!-- NavigateToFaxLineConfigPage -->
        <test-method signature="ExportToExcel()[pri:17, instance:com.tetherfi.test.fax.FaxRoutingConfigurationTest@2d760326]" started-at="2019-03-25T16:34:54Z" name="ExportToExcel" finished-at="2019-03-25T16:34:56Z" duration-ms="2806" status="PASS">
          <reporter-output>
          </reporter-output>
        </test-method> <!-- ExportToExcel -->
        <test-method is-config="true" signature="afterEachMethod(java.lang.reflect.Method)[pri:0, instance:com.tetherfi.test.fax.FaxRoutingConfigurationTest@2d760326]" started-at="2019-03-25T16:34:56Z" name="afterEachMethod" finished-at="2019-03-25T16:34:57Z" duration-ms="359" status="PASS">
          <params>
            <param index="0">
              <value>
                <![CDATA[public void com.tetherfi.test.fax.FaxRoutingConfigurationTest.ExportToExcel() throws java.lang.Exception]]>
              </value>
            </param>
          </params>
          <reporter-output>
          </reporter-output>
        </test-method> <!-- afterEachMethod -->
        <test-method is-config="true" signature="endTestCase(java.lang.reflect.Method)[pri:0, instance:com.tetherfi.test.fax.FaxRoutingConfigurationTest@2d760326]" started-at="2019-03-25T16:34:57Z" name="endTestCase" finished-at="2019-03-25T16:34:57Z" duration-ms="0" status="PASS">
          <params>
            <param index="0">
              <value>
                <![CDATA[public void com.tetherfi.test.fax.FaxRoutingConfigurationTest.ExportToExcel() throws java.lang.Exception]]>
              </value>
            </param>
          </params>
          <reporter-output>
          </reporter-output>
        </test-method> <!-- endTestCase -->
        <test-method is-config="true" signature="startTestCase(java.lang.reflect.Method)[pri:0, instance:com.tetherfi.test.fax.FaxRoutingConfigurationTest@2d760326]" started-at="2019-03-25T16:34:57Z" name="startTestCase" finished-at="2019-03-25T16:34:57Z" duration-ms="1" status="PASS">
          <params>
            <param index="0">
              <value>
                <![CDATA[public void com.tetherfi.test.fax.FaxRoutingConfigurationTest.ExportToExcelData() throws java.lang.Exception]]>
              </value>
            </param>
          </params>
          <reporter-output>
          </reporter-output>
        </test-method> <!-- startTestCase -->
        <test-method is-config="true" signature="NavigateToFaxLineConfigPage()[pri:0, instance:com.tetherfi.test.fax.FaxRoutingConfigurationTest@2d760326]" started-at="2019-03-25T16:34:57Z" name="NavigateToFaxLineConfigPage" finished-at="2019-03-25T16:35:00Z" duration-ms="3210" status="PASS">
          <reporter-output>
          </reporter-output>
        </test-method> <!-- NavigateToFaxLineConfigPage -->
        <test-method signature="ExportToExcelData()[pri:18, instance:com.tetherfi.test.fax.FaxRoutingConfigurationTest@2d760326]" started-at="2019-03-25T16:35:00Z" name="ExportToExcelData" finished-at="2019-03-25T16:35:01Z" duration-ms="1143" status="PASS">
          <reporter-output>
          </reporter-output>
        </test-method> <!-- ExportToExcelData -->
        <test-method is-config="true" signature="afterEachMethod(java.lang.reflect.Method)[pri:0, instance:com.tetherfi.test.fax.FaxRoutingConfigurationTest@2d760326]" started-at="2019-03-25T16:35:01Z" name="afterEachMethod" finished-at="2019-03-25T16:35:01Z" duration-ms="366" status="PASS">
          <params>
            <param index="0">
              <value>
                <![CDATA[public void com.tetherfi.test.fax.FaxRoutingConfigurationTest.ExportToExcelData() throws java.lang.Exception]]>
              </value>
            </param>
          </params>
          <reporter-output>
          </reporter-output>
        </test-method> <!-- afterEachMethod -->
        <test-method is-config="true" signature="endTestCase(java.lang.reflect.Method)[pri:0, instance:com.tetherfi.test.fax.FaxRoutingConfigurationTest@2d760326]" started-at="2019-03-25T16:35:01Z" name="endTestCase" finished-at="2019-03-25T16:35:01Z" duration-ms="1" status="PASS">
          <params>
            <param index="0">
              <value>
                <![CDATA[public void com.tetherfi.test.fax.FaxRoutingConfigurationTest.ExportToExcelData() throws java.lang.Exception]]>
              </value>
            </param>
          </params>
          <reporter-output>
          </reporter-output>
        </test-method> <!-- endTestCase -->
        <test-method is-config="true" signature="NavigateToFaxLineConfigPage()[pri:0, instance:com.tetherfi.test.fax.FaxRoutingConfigurationTest@2d760326]" started-at="2019-03-25T16:35:01Z" name="NavigateToFaxLineConfigPage" finished-at="2019-03-25T16:35:05Z" duration-ms="3234" status="PASS">
          <reporter-output>
          </reporter-output>
        </test-method> <!-- NavigateToFaxLineConfigPage -->
        <test-method is-config="true" signature="startTestCase(java.lang.reflect.Method)[pri:0, instance:com.tetherfi.test.fax.FaxRoutingConfigurationTest@2d760326]" started-at="2019-03-25T16:35:01Z" name="startTestCase" finished-at="2019-03-25T16:35:01Z" duration-ms="0" status="PASS">
          <params>
            <param index="0">
              <value>
                <![CDATA[public void com.tetherfi.test.fax.FaxRoutingConfigurationTest.SortingByAscending() throws java.io.IOException]]>
              </value>
            </param>
          </params>
          <reporter-output>
          </reporter-output>
        </test-method> <!-- startTestCase -->
        <test-method signature="SortingByAscending()[pri:27, instance:com.tetherfi.test.fax.FaxRoutingConfigurationTest@2d760326]" started-at="2019-03-25T16:35:05Z" name="SortingByAscending" finished-at="2019-03-25T16:35:08Z" duration-ms="3135" status="PASS">
          <reporter-output>
          </reporter-output>
        </test-method> <!-- SortingByAscending -->
        <test-method is-config="true" signature="afterEachMethod(java.lang.reflect.Method)[pri:0, instance:com.tetherfi.test.fax.FaxRoutingConfigurationTest@2d760326]" started-at="2019-03-25T16:35:08Z" name="afterEachMethod" finished-at="2019-03-25T16:35:08Z" duration-ms="360" status="PASS">
          <params>
            <param index="0">
              <value>
                <![CDATA[public void com.tetherfi.test.fax.FaxRoutingConfigurationTest.SortingByAscending() throws java.io.IOException]]>
              </value>
            </param>
          </params>
          <reporter-output>
          </reporter-output>
        </test-method> <!-- afterEachMethod -->
        <test-method is-config="true" signature="endTestCase(java.lang.reflect.Method)[pri:0, instance:com.tetherfi.test.fax.FaxRoutingConfigurationTest@2d760326]" started-at="2019-03-25T16:35:08Z" name="endTestCase" finished-at="2019-03-25T16:35:08Z" duration-ms="0" status="PASS">
          <params>
            <param index="0">
              <value>
                <![CDATA[public void com.tetherfi.test.fax.FaxRoutingConfigurationTest.SortingByAscending() throws java.io.IOException]]>
              </value>
            </param>
          </params>
          <reporter-output>
          </reporter-output>
        </test-method> <!-- endTestCase -->
        <test-method is-config="true" signature="startTestCase(java.lang.reflect.Method)[pri:0, instance:com.tetherfi.test.fax.FaxRoutingConfigurationTest@2d760326]" started-at="2019-03-25T16:35:08Z" name="startTestCase" finished-at="2019-03-25T16:35:08Z" duration-ms="1" status="PASS">
          <params>
            <param index="0">
              <value>
                <![CDATA[public void com.tetherfi.test.fax.FaxRoutingConfigurationTest.SortingByDescending() throws java.io.IOException]]>
              </value>
            </param>
          </params>
          <reporter-output>
          </reporter-output>
        </test-method> <!-- startTestCase -->
        <test-method is-config="true" signature="NavigateToFaxLineConfigPage()[pri:0, instance:com.tetherfi.test.fax.FaxRoutingConfigurationTest@2d760326]" started-at="2019-03-25T16:35:08Z" name="NavigateToFaxLineConfigPage" finished-at="2019-03-25T16:35:11Z" duration-ms="3159" status="PASS">
          <reporter-output>
          </reporter-output>
        </test-method> <!-- NavigateToFaxLineConfigPage -->
        <test-method signature="SortingByDescending()[pri:28, instance:com.tetherfi.test.fax.FaxRoutingConfigurationTest@2d760326]" started-at="2019-03-25T16:35:11Z" name="SortingByDescending" finished-at="2019-03-25T16:35:15Z" duration-ms="3376" status="PASS">
          <reporter-output>
          </reporter-output>
        </test-method> <!-- SortingByDescending -->
        <test-method is-config="true" signature="afterEachMethod(java.lang.reflect.Method)[pri:0, instance:com.tetherfi.test.fax.FaxRoutingConfigurationTest@2d760326]" started-at="2019-03-25T16:35:15Z" name="afterEachMethod" finished-at="2019-03-25T16:35:15Z" duration-ms="351" status="PASS">
          <params>
            <param index="0">
              <value>
                <![CDATA[public void com.tetherfi.test.fax.FaxRoutingConfigurationTest.SortingByDescending() throws java.io.IOException]]>
              </value>
            </param>
          </params>
          <reporter-output>
          </reporter-output>
        </test-method> <!-- afterEachMethod -->
        <test-method is-config="true" signature="endTestCase(java.lang.reflect.Method)[pri:0, instance:com.tetherfi.test.fax.FaxRoutingConfigurationTest@2d760326]" started-at="2019-03-25T16:35:15Z" name="endTestCase" finished-at="2019-03-25T16:35:15Z" duration-ms="1" status="PASS">
          <params>
            <param index="0">
              <value>
                <![CDATA[public void com.tetherfi.test.fax.FaxRoutingConfigurationTest.SortingByDescending() throws java.io.IOException]]>
              </value>
            </param>
          </params>
          <reporter-output>
          </reporter-output>
        </test-method> <!-- endTestCase -->
        <test-method is-config="true" signature="tearDown()[pri:0, instance:com.tetherfi.test.fax.FaxRoutingConfigurationTest@2d760326]" started-at="2019-03-25T16:35:15Z" name="tearDown" finished-at="2019-03-25T16:35:16Z" duration-ms="1000" status="PASS">
          <reporter-output>
          </reporter-output>
        </test-method> <!-- tearDown -->
      </class> <!-- com.tetherfi.test.fax.FaxRoutingConfigurationTest -->
    </test> <!-- Default test -->
  </suite> <!-- Default suite -->
</testng-results>
