<?xml version="1.0" encoding="UTF-8"?>
<testng-results skipped="0" failed="0" ignored="0" total="4" passed="4">
  <reporter-output>
  </reporter-output>
  <suite name="Default suite" duration-ms="181339" started-at="2020-05-06T16:14:19 IST" finished-at="2020-05-06T16:17:20 IST">
    <groups>
    </groups>
    <test name="Default test" duration-ms="181339" started-at="2020-05-06T16:14:19 IST" finished-at="2020-05-06T16:17:20 IST">
      <class name="com.tetherfi.test.ivr.OperatingHoursTest">
        <test-method status="PASS" signature="openApplication()[pri:0, instance:com.tetherfi.test.ivr.OperatingHoursTest@558756be]" name="openApplication" is-config="true" duration-ms="74905" started-at="2020-05-06T16:14:19 IST" finished-at="2020-05-06T16:15:34 IST">
          <reporter-output>
          </reporter-output>
        </test-method> <!-- openApplication -->
        <test-method status="PASS" signature="startTestCase(java.lang.reflect.Method)[pri:0, instance:com.tetherfi.test.ivr.OperatingHoursTest@558756be]" name="startTestCase" is-config="true" duration-ms="5" started-at="2020-05-06T16:15:34 IST" finished-at="2020-05-06T16:15:34 IST">
          <params>
            <param index="0">
              <value>
                <![CDATA[public void com.tetherfi.test.ivr.OperatingHoursTest.AddNewOperatingHoursRecord() throws java.lang.Exception]]>
              </value>
            </param>
          </params>
          <reporter-output>
          </reporter-output>
        </test-method> <!-- startTestCase -->
        <test-method status="PASS" signature="NavigateToOperatingHoursPage()[pri:0, instance:com.tetherfi.test.ivr.OperatingHoursTest@558756be]" name="NavigateToOperatingHoursPage" is-config="true" duration-ms="21669" started-at="2020-05-06T16:15:34 IST" finished-at="2020-05-06T16:15:56 IST">
          <reporter-output>
          </reporter-output>
        </test-method> <!-- NavigateToOperatingHoursPage -->
        <test-method status="PASS" signature="AddNewOperatingHoursRecord()[pri:2, instance:com.tetherfi.test.ivr.OperatingHoursTest@558756be]" name="AddNewOperatingHoursRecord" duration-ms="18114" started-at="2020-05-06T16:15:56 IST" finished-at="2020-05-06T16:16:14 IST">
          <reporter-output>
          </reporter-output>
        </test-method> <!-- AddNewOperatingHoursRecord -->
        <test-method status="PASS" signature="afterEachMethod(java.lang.reflect.Method)[pri:0, instance:com.tetherfi.test.ivr.OperatingHoursTest@558756be]" name="afterEachMethod" is-config="true" duration-ms="4336" started-at="2020-05-06T16:16:14 IST" finished-at="2020-05-06T16:16:18 IST">
          <params>
            <param index="0">
              <value>
                <![CDATA[public void com.tetherfi.test.ivr.OperatingHoursTest.AddNewOperatingHoursRecord() throws java.lang.Exception]]>
              </value>
            </param>
          </params>
          <reporter-output>
          </reporter-output>
        </test-method> <!-- afterEachMethod -->
        <test-method status="PASS" signature="endTestCase(java.lang.reflect.Method)[pri:0, instance:com.tetherfi.test.ivr.OperatingHoursTest@558756be]" name="endTestCase" is-config="true" duration-ms="1" started-at="2020-05-06T16:16:18 IST" finished-at="2020-05-06T16:16:18 IST">
          <params>
            <param index="0">
              <value>
                <![CDATA[public void com.tetherfi.test.ivr.OperatingHoursTest.AddNewOperatingHoursRecord() throws java.lang.Exception]]>
              </value>
            </param>
          </params>
          <reporter-output>
          </reporter-output>
        </test-method> <!-- endTestCase -->
        <test-method status="PASS" signature="startTestCase(java.lang.reflect.Method)[pri:0, instance:com.tetherfi.test.ivr.OperatingHoursTest@558756be]" name="startTestCase" is-config="true" duration-ms="0" started-at="2020-05-06T16:16:18 IST" finished-at="2020-05-06T16:16:18 IST">
          <params>
            <param index="0">
              <value>
                <![CDATA[public void com.tetherfi.test.ivr.OperatingHoursTest.AddAlldaysOperatingHoursRecord() throws java.lang.Exception]]>
              </value>
            </param>
          </params>
          <reporter-output>
          </reporter-output>
        </test-method> <!-- startTestCase -->
        <test-method status="PASS" signature="NavigateToOperatingHoursPage()[pri:0, instance:com.tetherfi.test.ivr.OperatingHoursTest@558756be]" name="NavigateToOperatingHoursPage" is-config="true" duration-ms="8191" started-at="2020-05-06T16:16:18 IST" finished-at="2020-05-06T16:16:26 IST">
          <reporter-output>
          </reporter-output>
        </test-method> <!-- NavigateToOperatingHoursPage -->
        <test-method status="PASS" signature="AddAlldaysOperatingHoursRecord()[pri:3, instance:com.tetherfi.test.ivr.OperatingHoursTest@558756be]" name="AddAlldaysOperatingHoursRecord" duration-ms="7149" started-at="2020-05-06T16:16:26 IST" finished-at="2020-05-06T16:16:33 IST">
          <reporter-output>
          </reporter-output>
        </test-method> <!-- AddAlldaysOperatingHoursRecord -->
        <test-method status="PASS" signature="afterEachMethod(java.lang.reflect.Method)[pri:0, instance:com.tetherfi.test.ivr.OperatingHoursTest@558756be]" name="afterEachMethod" is-config="true" duration-ms="2982" started-at="2020-05-06T16:16:33 IST" finished-at="2020-05-06T16:16:36 IST">
          <params>
            <param index="0">
              <value>
                <![CDATA[public void com.tetherfi.test.ivr.OperatingHoursTest.AddAlldaysOperatingHoursRecord() throws java.lang.Exception]]>
              </value>
            </param>
          </params>
          <reporter-output>
          </reporter-output>
        </test-method> <!-- afterEachMethod -->
        <test-method status="PASS" signature="endTestCase(java.lang.reflect.Method)[pri:0, instance:com.tetherfi.test.ivr.OperatingHoursTest@558756be]" name="endTestCase" is-config="true" duration-ms="0" started-at="2020-05-06T16:16:36 IST" finished-at="2020-05-06T16:16:36 IST">
          <params>
            <param index="0">
              <value>
                <![CDATA[public void com.tetherfi.test.ivr.OperatingHoursTest.AddAlldaysOperatingHoursRecord() throws java.lang.Exception]]>
              </value>
            </param>
          </params>
          <reporter-output>
          </reporter-output>
        </test-method> <!-- endTestCase -->
        <test-method status="PASS" signature="startTestCase(java.lang.reflect.Method)[pri:0, instance:com.tetherfi.test.ivr.OperatingHoursTest@558756be]" name="startTestCase" is-config="true" duration-ms="1" started-at="2020-05-06T16:16:36 IST" finished-at="2020-05-06T16:16:36 IST">
          <params>
            <param index="0">
              <value>
                <![CDATA[public void com.tetherfi.test.ivr.OperatingHoursTest.EditOperatingHoursRecord() throws java.lang.Exception]]>
              </value>
            </param>
          </params>
          <reporter-output>
          </reporter-output>
        </test-method> <!-- startTestCase -->
        <test-method status="PASS" signature="NavigateToOperatingHoursPage()[pri:0, instance:com.tetherfi.test.ivr.OperatingHoursTest@558756be]" name="NavigateToOperatingHoursPage" is-config="true" duration-ms="7368" started-at="2020-05-06T16:16:36 IST" finished-at="2020-05-06T16:16:44 IST">
          <reporter-output>
          </reporter-output>
        </test-method> <!-- NavigateToOperatingHoursPage -->
        <test-method status="PASS" signature="EditOperatingHoursRecord()[pri:15, instance:com.tetherfi.test.ivr.OperatingHoursTest@558756be]" name="EditOperatingHoursRecord" duration-ms="13686" started-at="2020-05-06T16:16:44 IST" finished-at="2020-05-06T16:16:58 IST">
          <reporter-output>
          </reporter-output>
        </test-method> <!-- EditOperatingHoursRecord -->
        <test-method status="PASS" signature="afterEachMethod(java.lang.reflect.Method)[pri:0, instance:com.tetherfi.test.ivr.OperatingHoursTest@558756be]" name="afterEachMethod" is-config="true" duration-ms="3837" started-at="2020-05-06T16:16:58 IST" finished-at="2020-05-06T16:17:01 IST">
          <params>
            <param index="0">
              <value>
                <![CDATA[public void com.tetherfi.test.ivr.OperatingHoursTest.EditOperatingHoursRecord() throws java.lang.Exception]]>
              </value>
            </param>
          </params>
          <reporter-output>
          </reporter-output>
        </test-method> <!-- afterEachMethod -->
        <test-method status="PASS" signature="endTestCase(java.lang.reflect.Method)[pri:0, instance:com.tetherfi.test.ivr.OperatingHoursTest@558756be]" name="endTestCase" is-config="true" duration-ms="1" started-at="2020-05-06T16:17:01 IST" finished-at="2020-05-06T16:17:01 IST">
          <params>
            <param index="0">
              <value>
                <![CDATA[public void com.tetherfi.test.ivr.OperatingHoursTest.EditOperatingHoursRecord() throws java.lang.Exception]]>
              </value>
            </param>
          </params>
          <reporter-output>
          </reporter-output>
        </test-method> <!-- endTestCase -->
        <test-method status="PASS" signature="startTestCase(java.lang.reflect.Method)[pri:0, instance:com.tetherfi.test.ivr.OperatingHoursTest@558756be]" name="startTestCase" is-config="true" duration-ms="1" started-at="2020-05-06T16:17:01 IST" finished-at="2020-05-06T16:17:01 IST">
          <params>
            <param index="0">
              <value>
                <![CDATA[public void com.tetherfi.test.ivr.OperatingHoursTest.DeleteOperatinghoursRecord() throws java.lang.Exception]]>
              </value>
            </param>
          </params>
          <reporter-output>
          </reporter-output>
        </test-method> <!-- startTestCase -->
        <test-method status="PASS" signature="NavigateToOperatingHoursPage()[pri:0, instance:com.tetherfi.test.ivr.OperatingHoursTest@558756be]" name="NavigateToOperatingHoursPage" is-config="true" duration-ms="5671" started-at="2020-05-06T16:17:01 IST" finished-at="2020-05-06T16:17:07 IST">
          <reporter-output>
          </reporter-output>
        </test-method> <!-- NavigateToOperatingHoursPage -->
        <test-method status="PASS" signature="DeleteOperatinghoursRecord()[pri:39, instance:com.tetherfi.test.ivr.OperatingHoursTest@558756be]" name="DeleteOperatinghoursRecord" duration-ms="8941" started-at="2020-05-06T16:17:07 IST" finished-at="2020-05-06T16:17:16 IST">
          <reporter-output>
          </reporter-output>
        </test-method> <!-- DeleteOperatinghoursRecord -->
        <test-method status="PASS" signature="afterEachMethod(java.lang.reflect.Method)[pri:0, instance:com.tetherfi.test.ivr.OperatingHoursTest@558756be]" name="afterEachMethod" is-config="true" duration-ms="2466" started-at="2020-05-06T16:17:16 IST" finished-at="2020-05-06T16:17:18 IST">
          <params>
            <param index="0">
              <value>
                <![CDATA[public void com.tetherfi.test.ivr.OperatingHoursTest.DeleteOperatinghoursRecord() throws java.lang.Exception]]>
              </value>
            </param>
          </params>
          <reporter-output>
          </reporter-output>
        </test-method> <!-- afterEachMethod -->
        <test-method status="PASS" signature="endTestCase(java.lang.reflect.Method)[pri:0, instance:com.tetherfi.test.ivr.OperatingHoursTest@558756be]" name="endTestCase" is-config="true" duration-ms="1" started-at="2020-05-06T16:17:18 IST" finished-at="2020-05-06T16:17:18 IST">
          <params>
            <param index="0">
              <value>
                <![CDATA[public void com.tetherfi.test.ivr.OperatingHoursTest.DeleteOperatinghoursRecord() throws java.lang.Exception]]>
              </value>
            </param>
          </params>
          <reporter-output>
          </reporter-output>
        </test-method> <!-- endTestCase -->
        <test-method status="PASS" signature="tearDown()[pri:0, instance:com.tetherfi.test.ivr.OperatingHoursTest@558756be]" name="tearDown" is-config="true" duration-ms="1921" started-at="2020-05-06T16:17:18 IST" finished-at="2020-05-06T16:17:20 IST">
          <reporter-output>
          </reporter-output>
        </test-method> <!-- tearDown -->
      </class> <!-- com.tetherfi.test.ivr.OperatingHoursTest -->
    </test> <!-- Default test -->
  </suite> <!-- Default suite -->
</testng-results>
