<?xml version="1.0" encoding="UTF-8"?>
<testng-results ignored="0" total="1" passed="1" failed="0" skipped="0">
  <reporter-output>
  </reporter-output>
  <suite started-at="2020-05-04T17:43:48 IST" name="Default suite" finished-at="2020-05-04T17:44:36 IST" duration-ms="47450">
    <groups>
    </groups>
    <test started-at="2020-05-04T17:43:48 IST" name="Default test" finished-at="2020-05-04T17:44:36 IST" duration-ms="47450">
      <class name="com.tetherfi.test.fax.FaxAddressBookTest">
        <test-method is-config="true" signature="openApplication()[pri:0, instance:com.tetherfi.test.fax.FaxAddressBookTest@708eb310]" started-at="2020-05-04T17:43:48 IST" name="openApplication" finished-at="2020-05-04T17:44:19 IST" duration-ms="30779" status="PASS">
          <reporter-output>
          </reporter-output>
        </test-method> <!-- openApplication -->
        <test-method is-config="true" signature="startTestCase(java.lang.reflect.Method)[pri:0, instance:com.tetherfi.test.fax.FaxAddressBookTest@708eb310]" started-at="2020-05-04T17:44:19 IST" name="startTestCase" finished-at="2020-05-04T17:44:19 IST" duration-ms="3" status="PASS">
          <params>
            <param index="0">
              <value>
                <![CDATA[public void com.tetherfi.test.fax.FaxAddressBookTest.VerifySearchIsEqualTo() throws java.lang.Exception]]>
              </value>
            </param>
          </params>
          <reporter-output>
          </reporter-output>
        </test-method> <!-- startTestCase -->
        <test-method is-config="true" signature="NavigatetoFaxAddressPage()[pri:0, instance:com.tetherfi.test.fax.FaxAddressBookTest@708eb310]" started-at="2020-05-04T17:44:19 IST" name="NavigatetoFaxAddressPage" finished-at="2020-05-04T17:44:24 IST" duration-ms="4890" status="PASS">
          <reporter-output>
          </reporter-output>
        </test-method> <!-- NavigatetoFaxAddressPage -->
        <test-method signature="VerifySearchIsEqualTo()[pri:17, instance:com.tetherfi.test.fax.FaxAddressBookTest@708eb310]" started-at="2020-05-04T17:44:24 IST" name="VerifySearchIsEqualTo" finished-at="2020-05-04T17:44:28 IST" duration-ms="4447" status="PASS">
          <reporter-output>
          </reporter-output>
        </test-method> <!-- VerifySearchIsEqualTo -->
        <test-method is-config="true" signature="afterEachMethod(java.lang.reflect.Method)[pri:0, instance:com.tetherfi.test.fax.FaxAddressBookTest@708eb310]" started-at="2020-05-04T17:44:28 IST" name="afterEachMethod" finished-at="2020-05-04T17:44:30 IST" duration-ms="1466" status="PASS">
          <params>
            <param index="0">
              <value>
                <![CDATA[public void com.tetherfi.test.fax.FaxAddressBookTest.VerifySearchIsEqualTo() throws java.lang.Exception]]>
              </value>
            </param>
          </params>
          <reporter-output>
          </reporter-output>
        </test-method> <!-- afterEachMethod -->
        <test-method is-config="true" signature="endTestCase(java.lang.reflect.Method)[pri:0, instance:com.tetherfi.test.fax.FaxAddressBookTest@708eb310]" started-at="2020-05-04T17:44:30 IST" name="endTestCase" finished-at="2020-05-04T17:44:30 IST" duration-ms="1" status="PASS">
          <params>
            <param index="0">
              <value>
                <![CDATA[public void com.tetherfi.test.fax.FaxAddressBookTest.VerifySearchIsEqualTo() throws java.lang.Exception]]>
              </value>
            </param>
          </params>
          <reporter-output>
          </reporter-output>
        </test-method> <!-- endTestCase -->
        <test-method is-config="true" signature="tearDown()[pri:0, instance:com.tetherfi.test.fax.FaxAddressBookTest@708eb310]" started-at="2020-05-04T17:44:30 IST" name="tearDown" finished-at="2020-05-04T17:44:36 IST" duration-ms="5768" status="PASS">
          <reporter-output>
          </reporter-output>
        </test-method> <!-- tearDown -->
      </class> <!-- com.tetherfi.test.fax.FaxAddressBookTest -->
    </test> <!-- Default test -->
  </suite> <!-- Default suite -->
</testng-results>
