<?xml version="1.0" encoding="UTF-8"?>
<testng-results ignored="27" total="32" passed="3" failed="2" skipped="0">
  <reporter-output>
  </reporter-output>
  <suite started-at="2020-01-09T14:51:50 IST" name="Failed suite [Failed suite [Default suite]]" finished-at="2020-01-09T14:53:39 IST" duration-ms="108722">
    <groups>
    </groups>
    <test started-at="2020-01-09T14:51:50 IST" name="Default test(failed)(failed)" finished-at="2020-01-09T14:53:39 IST" duration-ms="108722">
      <class name="com.tetherfi.test.tmac.TmacBroadCastMsgTest">
        <test-method is-config="true" signature="openApplication()[pri:0, instance:com.tetherfi.test.tmac.TmacBroadCastMsgTest@a09303]" started-at="2020-01-09T14:51:50 IST" name="openApplication" finished-at="2020-01-09T14:52:13 IST" duration-ms="23015" status="PASS">
          <reporter-output>
          </reporter-output>
        </test-method> <!-- openApplication -->
        <test-method is-config="true" signature="startTestCase(java.lang.reflect.Method)[pri:0, instance:com.tetherfi.test.tmac.TmacBroadCastMsgTest@a09303]" started-at="2020-01-09T14:52:13 IST" name="startTestCase" finished-at="2020-01-09T14:52:13 IST" duration-ms="2" status="PASS">
          <params>
            <param index="0">
              <value>
                <![CDATA[public void com.tetherfi.test.tmac.TmacBroadCastMsgTest.EditTmacBroadCastMsgCancel() throws java.lang.Exception]]>
              </value>
            </param>
          </params>
          <reporter-output>
          </reporter-output>
        </test-method> <!-- startTestCase -->
        <test-method is-config="true" signature="NavigateToTmacBroadcastMsgPage()[pri:0, instance:com.tetherfi.test.tmac.TmacBroadCastMsgTest@a09303]" started-at="2020-01-09T14:52:13 IST" name="NavigateToTmacBroadcastMsgPage" finished-at="2020-01-09T14:52:18 IST" duration-ms="4598" status="PASS">
          <reporter-output>
          </reporter-output>
        </test-method> <!-- NavigateToTmacBroadcastMsgPage -->
        <test-method signature="EditTmacBroadCastMsgCancel()[pri:9, instance:com.tetherfi.test.tmac.TmacBroadCastMsgTest@a09303]" started-at="2020-01-09T14:52:18 IST" name="EditTmacBroadCastMsgCancel" finished-at="2020-01-09T14:52:24 IST" duration-ms="6521" status="FAIL">
          <exception class="java.lang.AssertionError">
            <message>
              <![CDATA[Cancel assertion failed did not expect to find [true] but found [false]]]>
            </message>
            <full-stacktrace>
              <![CDATA[java.lang.AssertionError: Cancel assertion failed did not expect to find [true] but found [false]
at org.testng.Assert.fail(Assert.java:97)
at org.testng.Assert.failNotEquals(Assert.java:969)
at org.testng.Assert.assertTrue(Assert.java:43)
at com.tetherfi.test.tmac.TmacBroadCastMsgTest.EditTmacBroadCastMsgCancel(TmacBroadCastMsgTest.java:144)
at java.base/jdk.internal.reflect.NativeMethodAccessorImpl.invoke0(Native Method)
at java.base/jdk.internal.reflect.NativeMethodAccessorImpl.invoke(Unknown Source)
at java.base/jdk.internal.reflect.DelegatingMethodAccessorImpl.invoke(Unknown Source)
at java.base/java.lang.reflect.Method.invoke(Unknown Source)
at org.testng.internal.MethodInvocationHelper.invokeMethod(MethodInvocationHelper.java:133)
at org.testng.internal.TestInvoker.invokeMethod(TestInvoker.java:584)
at org.testng.internal.TestInvoker.invokeTestMethod(TestInvoker.java:172)
at org.testng.internal.MethodRunner.runInSequence(MethodRunner.java:46)
at org.testng.internal.TestInvoker$MethodInvocationAgent.invoke(TestInvoker.java:804)
at org.testng.internal.TestInvoker.invokeTestMethods(TestInvoker.java:145)
at org.testng.internal.TestMethodWorker.invokeTestMethods(TestMethodWorker.java:146)
at org.testng.internal.TestMethodWorker.run(TestMethodWorker.java:128)
at java.base/java.util.ArrayList.forEach(Unknown Source)
at org.testng.TestRunner.privateRun(TestRunner.java:770)
at org.testng.TestRunner.run(TestRunner.java:591)
at org.testng.SuiteRunner.runTest(SuiteRunner.java:402)
at org.testng.SuiteRunner.runSequentially(SuiteRunner.java:396)
at org.testng.SuiteRunner.privateRun(SuiteRunner.java:355)
at org.testng.SuiteRunner.run(SuiteRunner.java:304)
at org.testng.SuiteRunnerWorker.runSuite(SuiteRunnerWorker.java:53)
at org.testng.SuiteRunnerWorker.run(SuiteRunnerWorker.java:96)
at org.testng.TestNG.runSuitesSequentially(TestNG.java:1180)
at org.testng.TestNG.runSuitesLocally(TestNG.java:1102)
at org.testng.TestNG.runSuites(TestNG.java:1032)
at org.testng.TestNG.run(TestNG.java:1000)
at org.testng.remote.AbstractRemoteTestNG.run(AbstractRemoteTestNG.java:115)
at org.testng.remote.RemoteTestNG.initAndRun(RemoteTestNG.java:251)
at org.testng.remote.RemoteTestNG.main(RemoteTestNG.java:77)
]]>
            </full-stacktrace>
          </exception> <!-- java.lang.AssertionError -->
          <reporter-output>
          </reporter-output>
        </test-method> <!-- EditTmacBroadCastMsgCancel -->
        <test-method is-config="true" signature="afterEachMethod(java.lang.reflect.Method)[pri:0, instance:com.tetherfi.test.tmac.TmacBroadCastMsgTest@a09303]" started-at="2020-01-09T14:52:24 IST" name="afterEachMethod" finished-at="2020-01-09T14:52:25 IST" duration-ms="462" status="PASS">
          <params>
            <param index="0">
              <value>
                <![CDATA[public void com.tetherfi.test.tmac.TmacBroadCastMsgTest.EditTmacBroadCastMsgCancel() throws java.lang.Exception]]>
              </value>
            </param>
          </params>
          <reporter-output>
          </reporter-output>
        </test-method> <!-- afterEachMethod -->
        <test-method is-config="true" signature="endTestCase(java.lang.reflect.Method)[pri:0, instance:com.tetherfi.test.tmac.TmacBroadCastMsgTest@a09303]" started-at="2020-01-09T14:52:25 IST" name="endTestCase" finished-at="2020-01-09T14:52:25 IST" duration-ms="0" status="PASS">
          <params>
            <param index="0">
              <value>
                <![CDATA[public void com.tetherfi.test.tmac.TmacBroadCastMsgTest.EditTmacBroadCastMsgCancel() throws java.lang.Exception]]>
              </value>
            </param>
          </params>
          <reporter-output>
          </reporter-output>
        </test-method> <!-- endTestCase -->
        <test-method is-config="true" signature="startTestCase(java.lang.reflect.Method)[pri:0, instance:com.tetherfi.test.tmac.TmacBroadCastMsgTest@a09303]" started-at="2020-01-09T14:52:25 IST" name="startTestCase" finished-at="2020-01-09T14:52:25 IST" duration-ms="0" status="PASS">
          <params>
            <param index="0">
              <value>
                <![CDATA[public void com.tetherfi.test.tmac.TmacBroadCastMsgTest.EditTmacBroadCastMsg() throws java.lang.Exception]]>
              </value>
            </param>
          </params>
          <reporter-output>
          </reporter-output>
        </test-method> <!-- startTestCase -->
        <test-method is-config="true" signature="NavigateToTmacBroadcastMsgPage()[pri:0, instance:com.tetherfi.test.tmac.TmacBroadCastMsgTest@a09303]" started-at="2020-01-09T14:52:25 IST" name="NavigateToTmacBroadcastMsgPage" finished-at="2020-01-09T14:52:31 IST" duration-ms="5794" status="PASS">
          <reporter-output>
          </reporter-output>
        </test-method> <!-- NavigateToTmacBroadcastMsgPage -->
        <test-method signature="EditTmacBroadCastMsg()[pri:10, instance:com.tetherfi.test.tmac.TmacBroadCastMsgTest@a09303]" started-at="2020-01-09T14:52:31 IST" name="EditTmacBroadCastMsg" finished-at="2020-01-09T14:52:37 IST" duration-ms="6320" status="PASS">
          <reporter-output>
          </reporter-output>
        </test-method> <!-- EditTmacBroadCastMsg -->
        <test-method is-config="true" signature="afterEachMethod(java.lang.reflect.Method)[pri:0, instance:com.tetherfi.test.tmac.TmacBroadCastMsgTest@a09303]" started-at="2020-01-09T14:52:37 IST" name="afterEachMethod" finished-at="2020-01-09T14:52:38 IST" duration-ms="1545" status="PASS">
          <params>
            <param index="0">
              <value>
                <![CDATA[public void com.tetherfi.test.tmac.TmacBroadCastMsgTest.EditTmacBroadCastMsg() throws java.lang.Exception]]>
              </value>
            </param>
          </params>
          <reporter-output>
          </reporter-output>
        </test-method> <!-- afterEachMethod -->
        <test-method is-config="true" signature="endTestCase(java.lang.reflect.Method)[pri:0, instance:com.tetherfi.test.tmac.TmacBroadCastMsgTest@a09303]" started-at="2020-01-09T14:52:38 IST" name="endTestCase" finished-at="2020-01-09T14:52:38 IST" duration-ms="0" status="PASS">
          <params>
            <param index="0">
              <value>
                <![CDATA[public void com.tetherfi.test.tmac.TmacBroadCastMsgTest.EditTmacBroadCastMsg() throws java.lang.Exception]]>
              </value>
            </param>
          </params>
          <reporter-output>
          </reporter-output>
        </test-method> <!-- endTestCase -->
        <test-method is-config="true" signature="startTestCase(java.lang.reflect.Method)[pri:0, instance:com.tetherfi.test.tmac.TmacBroadCastMsgTest@a09303]" started-at="2020-01-09T14:52:38 IST" name="startTestCase" finished-at="2020-01-09T14:52:38 IST" duration-ms="1" status="PASS">
          <params>
            <param index="0">
              <value>
                <![CDATA[public void com.tetherfi.test.tmac.TmacBroadCastMsgTest.VerifyAuditTrailReportForUpdate() throws java.lang.Exception]]>
              </value>
            </param>
          </params>
          <reporter-output>
          </reporter-output>
        </test-method> <!-- startTestCase -->
        <test-method is-config="true" signature="NavigateToTmacBroadcastMsgPage()[pri:0, instance:com.tetherfi.test.tmac.TmacBroadCastMsgTest@a09303]" started-at="2020-01-09T14:52:38 IST" name="NavigateToTmacBroadcastMsgPage" finished-at="2020-01-09T14:52:43 IST" duration-ms="4557" status="PASS">
          <reporter-output>
          </reporter-output>
        </test-method> <!-- NavigateToTmacBroadcastMsgPage -->
        <test-method signature="VerifyAuditTrailReportForUpdate()[pri:11, instance:com.tetherfi.test.tmac.TmacBroadCastMsgTest@a09303]" started-at="2020-01-09T14:52:43 IST" name="VerifyAuditTrailReportForUpdate" finished-at="2020-01-09T14:53:07 IST" depends-on-methods="com.tetherfi.test.tmac.TmacBroadCastMsgTest.EditTmacBroadCastMsg" duration-ms="24446" status="FAIL">
          <exception class="java.lang.AssertionError">
            <message>
              <![CDATA[did not expect to find [true] but found [false]]]>
            </message>
            <full-stacktrace>
              <![CDATA[java.lang.AssertionError: did not expect to find [true] but found [false]
at org.testng.Assert.fail(Assert.java:97)
at org.testng.Assert.failNotEquals(Assert.java:969)
at org.testng.Assert.assertTrue(Assert.java:43)
at org.testng.Assert.assertTrue(Assert.java:53)
at com.tetherfi.test.tmac.TmacBroadCastMsgTest.VerifyAuditTrailReportForUpdate(TmacBroadCastMsgTest.java:168)
at java.base/jdk.internal.reflect.NativeMethodAccessorImpl.invoke0(Native Method)
at java.base/jdk.internal.reflect.NativeMethodAccessorImpl.invoke(Unknown Source)
at java.base/jdk.internal.reflect.DelegatingMethodAccessorImpl.invoke(Unknown Source)
at java.base/java.lang.reflect.Method.invoke(Unknown Source)
at org.testng.internal.MethodInvocationHelper.invokeMethod(MethodInvocationHelper.java:133)
at org.testng.internal.TestInvoker.invokeMethod(TestInvoker.java:584)
at org.testng.internal.TestInvoker.invokeTestMethod(TestInvoker.java:172)
at org.testng.internal.MethodRunner.runInSequence(MethodRunner.java:46)
at org.testng.internal.TestInvoker$MethodInvocationAgent.invoke(TestInvoker.java:804)
at org.testng.internal.TestInvoker.invokeTestMethods(TestInvoker.java:145)
at org.testng.internal.TestMethodWorker.invokeTestMethods(TestMethodWorker.java:146)
at org.testng.internal.TestMethodWorker.run(TestMethodWorker.java:128)
at java.base/java.util.ArrayList.forEach(Unknown Source)
at org.testng.TestRunner.privateRun(TestRunner.java:770)
at org.testng.TestRunner.run(TestRunner.java:591)
at org.testng.SuiteRunner.runTest(SuiteRunner.java:402)
at org.testng.SuiteRunner.runSequentially(SuiteRunner.java:396)
at org.testng.SuiteRunner.privateRun(SuiteRunner.java:355)
at org.testng.SuiteRunner.run(SuiteRunner.java:304)
at org.testng.SuiteRunnerWorker.runSuite(SuiteRunnerWorker.java:53)
at org.testng.SuiteRunnerWorker.run(SuiteRunnerWorker.java:96)
at org.testng.TestNG.runSuitesSequentially(TestNG.java:1180)
at org.testng.TestNG.runSuitesLocally(TestNG.java:1102)
at org.testng.TestNG.runSuites(TestNG.java:1032)
at org.testng.TestNG.run(TestNG.java:1000)
at org.testng.remote.AbstractRemoteTestNG.run(AbstractRemoteTestNG.java:115)
at org.testng.remote.RemoteTestNG.initAndRun(RemoteTestNG.java:251)
at org.testng.remote.RemoteTestNG.main(RemoteTestNG.java:77)
]]>
            </full-stacktrace>
          </exception> <!-- java.lang.AssertionError -->
          <reporter-output>
          </reporter-output>
        </test-method> <!-- VerifyAuditTrailReportForUpdate -->
        <test-method is-config="true" signature="afterEachMethod(java.lang.reflect.Method)[pri:0, instance:com.tetherfi.test.tmac.TmacBroadCastMsgTest@a09303]" started-at="2020-01-09T14:53:07 IST" name="afterEachMethod" finished-at="2020-01-09T14:53:09 IST" duration-ms="1216" status="PASS">
          <params>
            <param index="0">
              <value>
                <![CDATA[public void com.tetherfi.test.tmac.TmacBroadCastMsgTest.VerifyAuditTrailReportForUpdate() throws java.lang.Exception]]>
              </value>
            </param>
          </params>
          <reporter-output>
          </reporter-output>
        </test-method> <!-- afterEachMethod -->
        <test-method is-config="true" signature="endTestCase(java.lang.reflect.Method)[pri:0, instance:com.tetherfi.test.tmac.TmacBroadCastMsgTest@a09303]" started-at="2020-01-09T14:53:09 IST" name="endTestCase" finished-at="2020-01-09T14:53:09 IST" duration-ms="0" status="PASS">
          <params>
            <param index="0">
              <value>
                <![CDATA[public void com.tetherfi.test.tmac.TmacBroadCastMsgTest.VerifyAuditTrailReportForUpdate() throws java.lang.Exception]]>
              </value>
            </param>
          </params>
          <reporter-output>
          </reporter-output>
        </test-method> <!-- endTestCase -->
        <test-method is-config="true" signature="startTestCase(java.lang.reflect.Method)[pri:0, instance:com.tetherfi.test.tmac.TmacBroadCastMsgTest@a09303]" started-at="2020-01-09T14:53:09 IST" name="startTestCase" finished-at="2020-01-09T14:53:09 IST" duration-ms="1" status="PASS">
          <params>
            <param index="0">
              <value>
                <![CDATA[public void com.tetherfi.test.tmac.TmacBroadCastMsgTest.SortingByAscending() throws java.lang.Exception]]>
              </value>
            </param>
          </params>
          <reporter-output>
          </reporter-output>
        </test-method> <!-- startTestCase -->
        <test-method is-config="true" signature="NavigateToTmacBroadcastMsgPage()[pri:0, instance:com.tetherfi.test.tmac.TmacBroadCastMsgTest@a09303]" started-at="2020-01-09T14:53:09 IST" name="NavigateToTmacBroadcastMsgPage" finished-at="2020-01-09T14:53:13 IST" duration-ms="4364" status="PASS">
          <reporter-output>
          </reporter-output>
        </test-method> <!-- NavigateToTmacBroadcastMsgPage -->
        <test-method signature="SortingByAscending()[pri:30, instance:com.tetherfi.test.tmac.TmacBroadCastMsgTest@a09303]" started-at="2020-01-09T14:53:13 IST" name="SortingByAscending" finished-at="2020-01-09T14:53:19 IST" duration-ms="6318" status="PASS">
          <reporter-output>
          </reporter-output>
        </test-method> <!-- SortingByAscending -->
        <test-method is-config="true" signature="afterEachMethod(java.lang.reflect.Method)[pri:0, instance:com.tetherfi.test.tmac.TmacBroadCastMsgTest@a09303]" started-at="2020-01-09T14:53:19 IST" name="afterEachMethod" finished-at="2020-01-09T14:53:20 IST" duration-ms="410" status="PASS">
          <params>
            <param index="0">
              <value>
                <![CDATA[public void com.tetherfi.test.tmac.TmacBroadCastMsgTest.SortingByAscending() throws java.lang.Exception]]>
              </value>
            </param>
          </params>
          <reporter-output>
          </reporter-output>
        </test-method> <!-- afterEachMethod -->
        <test-method is-config="true" signature="endTestCase(java.lang.reflect.Method)[pri:0, instance:com.tetherfi.test.tmac.TmacBroadCastMsgTest@a09303]" started-at="2020-01-09T14:53:20 IST" name="endTestCase" finished-at="2020-01-09T14:53:20 IST" duration-ms="1" status="PASS">
          <params>
            <param index="0">
              <value>
                <![CDATA[public void com.tetherfi.test.tmac.TmacBroadCastMsgTest.SortingByAscending() throws java.lang.Exception]]>
              </value>
            </param>
          </params>
          <reporter-output>
          </reporter-output>
        </test-method> <!-- endTestCase -->
        <test-method is-config="true" signature="startTestCase(java.lang.reflect.Method)[pri:0, instance:com.tetherfi.test.tmac.TmacBroadCastMsgTest@a09303]" started-at="2020-01-09T14:53:20 IST" name="startTestCase" finished-at="2020-01-09T14:53:20 IST" duration-ms="0" status="PASS">
          <params>
            <param index="0">
              <value>
                <![CDATA[public void com.tetherfi.test.tmac.TmacBroadCastMsgTest.SortingByDescending() throws java.lang.Exception]]>
              </value>
            </param>
          </params>
          <reporter-output>
          </reporter-output>
        </test-method> <!-- startTestCase -->
        <test-method is-config="true" signature="NavigateToTmacBroadcastMsgPage()[pri:0, instance:com.tetherfi.test.tmac.TmacBroadCastMsgTest@a09303]" started-at="2020-01-09T14:53:20 IST" name="NavigateToTmacBroadcastMsgPage" finished-at="2020-01-09T14:53:26 IST" duration-ms="5849" status="PASS">
          <reporter-output>
          </reporter-output>
        </test-method> <!-- NavigateToTmacBroadcastMsgPage -->
        <test-method signature="SortingByDescending()[pri:31, instance:com.tetherfi.test.tmac.TmacBroadCastMsgTest@a09303]" started-at="2020-01-09T14:53:26 IST" name="SortingByDescending" finished-at="2020-01-09T14:53:32 IST" duration-ms="6280" status="PASS">
          <reporter-output>
          </reporter-output>
        </test-method> <!-- SortingByDescending -->
        <test-method is-config="true" signature="afterEachMethod(java.lang.reflect.Method)[pri:0, instance:com.tetherfi.test.tmac.TmacBroadCastMsgTest@a09303]" started-at="2020-01-09T14:53:32 IST" name="afterEachMethod" finished-at="2020-01-09T14:53:33 IST" duration-ms="1209" status="PASS">
          <params>
            <param index="0">
              <value>
                <![CDATA[public void com.tetherfi.test.tmac.TmacBroadCastMsgTest.SortingByDescending() throws java.lang.Exception]]>
              </value>
            </param>
          </params>
          <reporter-output>
          </reporter-output>
        </test-method> <!-- afterEachMethod -->
        <test-method is-config="true" signature="endTestCase(java.lang.reflect.Method)[pri:0, instance:com.tetherfi.test.tmac.TmacBroadCastMsgTest@a09303]" started-at="2020-01-09T14:53:33 IST" name="endTestCase" finished-at="2020-01-09T14:53:33 IST" duration-ms="1" status="PASS">
          <params>
            <param index="0">
              <value>
                <![CDATA[public void com.tetherfi.test.tmac.TmacBroadCastMsgTest.SortingByDescending() throws java.lang.Exception]]>
              </value>
            </param>
          </params>
          <reporter-output>
          </reporter-output>
        </test-method> <!-- endTestCase -->
        <test-method is-config="true" signature="tearDown()[pri:0, instance:com.tetherfi.test.tmac.TmacBroadCastMsgTest@a09303]" started-at="2020-01-09T14:53:33 IST" name="tearDown" finished-at="2020-01-09T14:53:39 IST" duration-ms="5701" status="PASS">
          <reporter-output>
          </reporter-output>
        </test-method> <!-- tearDown -->
      </class> <!-- com.tetherfi.test.tmac.TmacBroadCastMsgTest -->
    </test> <!-- Default test(failed)(failed) -->
  </suite> <!-- Failed suite [Failed suite [Default suite]] -->
</testng-results>
