<?xml version="1.0" encoding="UTF-8"?>
<testng-results skipped="0" failed="1" ignored="15" total="112" passed="96">
  <reporter-output>
  </reporter-output>
  <suite name="OCM Modules Test Automation" duration-ms="1400870" started-at="2021-08-09T18:06:59 IST" finished-at="2021-08-09T18:30:20 IST">
    <groups>
    </groups>
    <test name="OCMRegression" duration-ms="1400870" started-at="2021-08-09T18:06:59 IST" finished-at="2021-08-09T18:30:20 IST">
      <class name="com.tetherfi.test.tmac.AgentTemplateTest">
        <test-method status="PASS" signature="openApplication()[pri:0, instance:com.tetherfi.test.tmac.AgentTemplateTest@79afa369]" name="openApplication" is-config="true" duration-ms="19473" started-at="2021-08-09T18:06:59 IST" finished-at="2021-08-09T18:07:18 IST">
          <reporter-output>
          </reporter-output>
        </test-method> <!-- openApplication -->
        <test-method status="PASS" signature="startTestCase(java.lang.reflect.Method)[pri:0, instance:com.tetherfi.test.tmac.AgentTemplateTest@79afa369]" name="startTestCase" is-config="true" duration-ms="4" started-at="2021-08-09T18:07:18 IST" finished-at="2021-08-09T18:07:18 IST">
          <params>
            <param index="0">
              <value>
                <![CDATA[public void com.tetherfi.test.tmac.AgentTemplateTest.VerifyAgentTemplatePageTemplateTab()]]>
              </value>
            </param>
          </params>
          <reporter-output>
          </reporter-output>
        </test-method> <!-- startTestCase -->
        <test-method status="PASS" signature="NavigateToAgentTemplatePage()[pri:0, instance:com.tetherfi.test.tmac.AgentTemplateTest@79afa369]" name="NavigateToAgentTemplatePage" is-config="true" duration-ms="7096" started-at="2021-08-09T18:07:18 IST" finished-at="2021-08-09T18:07:25 IST">
          <reporter-output>
          </reporter-output>
        </test-method> <!-- NavigateToAgentTemplatePage -->
        <test-method status="PASS" signature="VerifyAgentTemplatePageTemplateTab()[pri:1, instance:com.tetherfi.test.tmac.AgentTemplateTest@79afa369]" name="VerifyAgentTemplatePageTemplateTab" duration-ms="3313" started-at="2021-08-09T18:07:25 IST" description="To Verify Agent Template Page" finished-at="2021-08-09T18:07:29 IST">
          <reporter-output>
          </reporter-output>
        </test-method> <!-- VerifyAgentTemplatePageTemplateTab -->
        <test-method status="PASS" signature="afterEachMethod(java.lang.reflect.Method)[pri:0, instance:com.tetherfi.test.tmac.AgentTemplateTest@79afa369]" name="afterEachMethod" is-config="true" duration-ms="2755" started-at="2021-08-09T18:07:29 IST" finished-at="2021-08-09T18:07:31 IST">
          <params>
            <param index="0">
              <value>
                <![CDATA[public void com.tetherfi.test.tmac.AgentTemplateTest.VerifyAgentTemplatePageTemplateTab()]]>
              </value>
            </param>
          </params>
          <reporter-output>
          </reporter-output>
        </test-method> <!-- afterEachMethod -->
        <test-method status="PASS" signature="endTestCase(java.lang.reflect.Method)[pri:0, instance:com.tetherfi.test.tmac.AgentTemplateTest@79afa369]" name="endTestCase" is-config="true" duration-ms="1" started-at="2021-08-09T18:07:31 IST" finished-at="2021-08-09T18:07:31 IST">
          <params>
            <param index="0">
              <value>
                <![CDATA[public void com.tetherfi.test.tmac.AgentTemplateTest.VerifyAgentTemplatePageTemplateTab()]]>
              </value>
            </param>
          </params>
          <reporter-output>
          </reporter-output>
        </test-method> <!-- endTestCase -->
        <test-method status="PASS" signature="NavigateToAgentTemplatePage()[pri:0, instance:com.tetherfi.test.tmac.AgentTemplateTest@79afa369]" name="NavigateToAgentTemplatePage" is-config="true" duration-ms="5644" started-at="2021-08-09T18:07:31 IST" finished-at="2021-08-09T18:07:37 IST">
          <reporter-output>
          </reporter-output>
        </test-method> <!-- NavigateToAgentTemplatePage -->
        <test-method status="PASS" signature="startTestCase(java.lang.reflect.Method)[pri:0, instance:com.tetherfi.test.tmac.AgentTemplateTest@79afa369]" name="startTestCase" is-config="true" duration-ms="0" started-at="2021-08-09T18:07:31 IST" finished-at="2021-08-09T18:07:31 IST">
          <params>
            <param index="0">
              <value>
                <![CDATA[public void com.tetherfi.test.tmac.AgentTemplateTest.ExportToExcelButton()]]>
              </value>
            </param>
          </params>
          <reporter-output>
          </reporter-output>
        </test-method> <!-- startTestCase -->
        <test-method status="PASS" signature="ExportToExcelButton()[pri:5, instance:com.tetherfi.test.tmac.AgentTemplateTest@79afa369]" name="ExportToExcelButton" duration-ms="4257" started-at="2021-08-09T18:07:37 IST" description="To Verify Export Excel Button" finished-at="2021-08-09T18:07:41 IST">
          <reporter-output>
          </reporter-output>
        </test-method> <!-- ExportToExcelButton -->
        <test-method status="PASS" signature="afterEachMethod(java.lang.reflect.Method)[pri:0, instance:com.tetherfi.test.tmac.AgentTemplateTest@79afa369]" name="afterEachMethod" is-config="true" duration-ms="2602" started-at="2021-08-09T18:07:41 IST" finished-at="2021-08-09T18:07:44 IST">
          <params>
            <param index="0">
              <value>
                <![CDATA[public void com.tetherfi.test.tmac.AgentTemplateTest.ExportToExcelButton()]]>
              </value>
            </param>
          </params>
          <reporter-output>
          </reporter-output>
        </test-method> <!-- afterEachMethod -->
        <test-method status="PASS" signature="endTestCase(java.lang.reflect.Method)[pri:0, instance:com.tetherfi.test.tmac.AgentTemplateTest@79afa369]" name="endTestCase" is-config="true" duration-ms="3" started-at="2021-08-09T18:07:44 IST" finished-at="2021-08-09T18:07:44 IST">
          <params>
            <param index="0">
              <value>
                <![CDATA[public void com.tetherfi.test.tmac.AgentTemplateTest.ExportToExcelButton()]]>
              </value>
            </param>
          </params>
          <reporter-output>
          </reporter-output>
        </test-method> <!-- endTestCase -->
        <test-method status="PASS" signature="startTestCase(java.lang.reflect.Method)[pri:0, instance:com.tetherfi.test.tmac.AgentTemplateTest@79afa369]" name="startTestCase" is-config="true" duration-ms="1" started-at="2021-08-09T18:07:44 IST" finished-at="2021-08-09T18:07:44 IST">
          <params>
            <param index="0">
              <value>
                <![CDATA[public void com.tetherfi.test.tmac.AgentTemplateTest.verifyExportToExcelWithoutData() throws java.lang.Exception]]>
              </value>
            </param>
          </params>
          <reporter-output>
          </reporter-output>
        </test-method> <!-- startTestCase -->
        <test-method status="PASS" signature="NavigateToAgentTemplatePage()[pri:0, instance:com.tetherfi.test.tmac.AgentTemplateTest@79afa369]" name="NavigateToAgentTemplatePage" is-config="true" duration-ms="5549" started-at="2021-08-09T18:07:44 IST" finished-at="2021-08-09T18:07:49 IST">
          <reporter-output>
          </reporter-output>
        </test-method> <!-- NavigateToAgentTemplatePage -->
        <test-method status="PASS" signature="verifyExportToExcelWithoutData()[pri:7, instance:com.tetherfi.test.tmac.AgentTemplateTest@79afa369]" name="verifyExportToExcelWithoutData" duration-ms="6017" started-at="2021-08-09T18:07:49 IST" description="To Verify Export Excel without Data" finished-at="2021-08-09T18:07:56 IST">
          <reporter-output>
          </reporter-output>
        </test-method> <!-- verifyExportToExcelWithoutData -->
        <test-method status="PASS" signature="afterEachMethod(java.lang.reflect.Method)[pri:0, instance:com.tetherfi.test.tmac.AgentTemplateTest@79afa369]" name="afterEachMethod" is-config="true" duration-ms="2981" started-at="2021-08-09T18:07:56 IST" finished-at="2021-08-09T18:07:58 IST">
          <params>
            <param index="0">
              <value>
                <![CDATA[public void com.tetherfi.test.tmac.AgentTemplateTest.verifyExportToExcelWithoutData() throws java.lang.Exception]]>
              </value>
            </param>
          </params>
          <reporter-output>
          </reporter-output>
        </test-method> <!-- afterEachMethod -->
        <test-method status="PASS" signature="endTestCase(java.lang.reflect.Method)[pri:0, instance:com.tetherfi.test.tmac.AgentTemplateTest@79afa369]" name="endTestCase" is-config="true" duration-ms="1" started-at="2021-08-09T18:07:58 IST" finished-at="2021-08-09T18:07:58 IST">
          <params>
            <param index="0">
              <value>
                <![CDATA[public void com.tetherfi.test.tmac.AgentTemplateTest.verifyExportToExcelWithoutData() throws java.lang.Exception]]>
              </value>
            </param>
          </params>
          <reporter-output>
          </reporter-output>
        </test-method> <!-- endTestCase -->
        <test-method status="PASS" signature="NavigateToAgentTemplatePage()[pri:0, instance:com.tetherfi.test.tmac.AgentTemplateTest@79afa369]" name="NavigateToAgentTemplatePage" is-config="true" duration-ms="5706" started-at="2021-08-09T18:07:58 IST" finished-at="2021-08-09T18:08:04 IST">
          <reporter-output>
          </reporter-output>
        </test-method> <!-- NavigateToAgentTemplatePage -->
        <test-method status="PASS" signature="startTestCase(java.lang.reflect.Method)[pri:0, instance:com.tetherfi.test.tmac.AgentTemplateTest@79afa369]" name="startTestCase" is-config="true" duration-ms="0" started-at="2021-08-09T18:07:58 IST" finished-at="2021-08-09T18:07:58 IST">
          <params>
            <param index="0">
              <value>
                <![CDATA[public void com.tetherfi.test.tmac.AgentTemplateTest.verifyGroupBy()]]>
              </value>
            </param>
          </params>
          <reporter-output>
          </reporter-output>
        </test-method> <!-- startTestCase -->
        <test-method status="FAIL" signature="verifyGroupBy()[pri:10, instance:com.tetherfi.test.tmac.AgentTemplateTest@79afa369]" name="verifyGroupBy" duration-ms="2546" started-at="2021-08-09T18:08:04 IST" description="To Verify Group By Coloumns " finished-at="2021-08-09T18:08:07 IST">
          <exception class="java.lang.AssertionError">
            <message>
              <![CDATA[Group By Assertion failed did not expect to find [true] but found [false]]]>
            </message>
            <full-stacktrace>
              <![CDATA[java.lang.AssertionError: Group By Assertion failed did not expect to find [true] but found [false]
at org.testng.Assert.fail(Assert.java:97)
at org.testng.Assert.failNotEquals(Assert.java:969)
at org.testng.Assert.assertTrue(Assert.java:43)
at com.tetherfi.test.tmac.AgentTemplateTest.verifyGroupBy(AgentTemplateTest.java:113)
at sun.reflect.NativeMethodAccessorImpl.invoke0(Native Method)
at sun.reflect.NativeMethodAccessorImpl.invoke(Unknown Source)
at sun.reflect.DelegatingMethodAccessorImpl.invoke(Unknown Source)
at java.lang.reflect.Method.invoke(Unknown Source)
at org.testng.internal.MethodInvocationHelper.invokeMethod(MethodInvocationHelper.java:133)
at org.testng.internal.TestInvoker.invokeMethod(TestInvoker.java:584)
at org.testng.internal.TestInvoker.invokeTestMethod(TestInvoker.java:172)
at org.testng.internal.MethodRunner.runInSequence(MethodRunner.java:46)
at org.testng.internal.TestInvoker$MethodInvocationAgent.invoke(TestInvoker.java:804)
at org.testng.internal.TestInvoker.invokeTestMethods(TestInvoker.java:145)
at org.testng.internal.TestMethodWorker.invokeTestMethods(TestMethodWorker.java:146)
at org.testng.internal.TestMethodWorker.run(TestMethodWorker.java:128)
at java.util.ArrayList.forEach(Unknown Source)
at org.testng.TestRunner.privateRun(TestRunner.java:770)
at org.testng.TestRunner.run(TestRunner.java:591)
at org.testng.SuiteRunner.runTest(SuiteRunner.java:402)
at org.testng.SuiteRunner.runSequentially(SuiteRunner.java:396)
at org.testng.SuiteRunner.privateRun(SuiteRunner.java:355)
at org.testng.SuiteRunner.run(SuiteRunner.java:304)
at org.testng.SuiteRunnerWorker.runSuite(SuiteRunnerWorker.java:53)
at org.testng.SuiteRunnerWorker.run(SuiteRunnerWorker.java:96)
at org.testng.TestNG.runSuitesSequentially(TestNG.java:1180)
at org.testng.TestNG.runSuitesLocally(TestNG.java:1102)
at org.testng.TestNG.runSuites(TestNG.java:1032)
at org.testng.TestNG.run(TestNG.java:1000)
at org.testng.remote.AbstractRemoteTestNG.run(AbstractRemoteTestNG.java:115)
at org.testng.remote.RemoteTestNG.initAndRun(RemoteTestNG.java:251)
at org.testng.remote.RemoteTestNG.main(RemoteTestNG.java:77)
]]>
            </full-stacktrace>
          </exception> <!-- java.lang.AssertionError -->
          <reporter-output>
          </reporter-output>
        </test-method> <!-- verifyGroupBy -->
        <test-method status="PASS" signature="afterEachMethod(java.lang.reflect.Method)[pri:0, instance:com.tetherfi.test.tmac.AgentTemplateTest@79afa369]" name="afterEachMethod" is-config="true" duration-ms="2501" started-at="2021-08-09T18:08:07 IST" finished-at="2021-08-09T18:08:09 IST">
          <params>
            <param index="0">
              <value>
                <![CDATA[public void com.tetherfi.test.tmac.AgentTemplateTest.verifyGroupBy()]]>
              </value>
            </param>
          </params>
          <reporter-output>
          </reporter-output>
        </test-method> <!-- afterEachMethod -->
        <test-method status="PASS" signature="endTestCase(java.lang.reflect.Method)[pri:0, instance:com.tetherfi.test.tmac.AgentTemplateTest@79afa369]" name="endTestCase" is-config="true" duration-ms="0" started-at="2021-08-09T18:08:09 IST" finished-at="2021-08-09T18:08:09 IST">
          <params>
            <param index="0">
              <value>
                <![CDATA[public void com.tetherfi.test.tmac.AgentTemplateTest.verifyGroupBy()]]>
              </value>
            </param>
          </params>
          <reporter-output>
          </reporter-output>
        </test-method> <!-- endTestCase -->
        <test-method status="PASS" signature="NavigateToAgentTemplatePage()[pri:0, instance:com.tetherfi.test.tmac.AgentTemplateTest@79afa369]" name="NavigateToAgentTemplatePage" is-config="true" duration-ms="5655" started-at="2021-08-09T18:08:09 IST" finished-at="2021-08-09T18:08:15 IST">
          <reporter-output>
          </reporter-output>
        </test-method> <!-- NavigateToAgentTemplatePage -->
        <test-method status="PASS" signature="startTestCase(java.lang.reflect.Method)[pri:0, instance:com.tetherfi.test.tmac.AgentTemplateTest@79afa369]" name="startTestCase" is-config="true" duration-ms="0" started-at="2021-08-09T18:08:09 IST" finished-at="2021-08-09T18:08:09 IST">
          <params>
            <param index="0">
              <value>
                <![CDATA[public void com.tetherfi.test.tmac.AgentTemplateTest.verifyArrowMoveForPreviousAndNextPage() throws java.lang.Exception]]>
              </value>
            </param>
          </params>
          <reporter-output>
          </reporter-output>
        </test-method> <!-- startTestCase -->
        <test-method status="PASS" signature="verifyArrowMoveForPreviousAndNextPage()[pri:11, instance:com.tetherfi.test.tmac.AgentTemplateTest@79afa369]" name="verifyArrowMoveForPreviousAndNextPage" duration-ms="2797" started-at="2021-08-09T18:08:15 IST" description="To Verify arrow Move previous and Next Page " finished-at="2021-08-09T18:08:18 IST">
          <reporter-output>
          </reporter-output>
        </test-method> <!-- verifyArrowMoveForPreviousAndNextPage -->
        <test-method status="PASS" signature="afterEachMethod(java.lang.reflect.Method)[pri:0, instance:com.tetherfi.test.tmac.AgentTemplateTest@79afa369]" name="afterEachMethod" is-config="true" duration-ms="2505" started-at="2021-08-09T18:08:18 IST" finished-at="2021-08-09T18:08:20 IST">
          <params>
            <param index="0">
              <value>
                <![CDATA[public void com.tetherfi.test.tmac.AgentTemplateTest.verifyArrowMoveForPreviousAndNextPage() throws java.lang.Exception]]>
              </value>
            </param>
          </params>
          <reporter-output>
          </reporter-output>
        </test-method> <!-- afterEachMethod -->
        <test-method status="PASS" signature="endTestCase(java.lang.reflect.Method)[pri:0, instance:com.tetherfi.test.tmac.AgentTemplateTest@79afa369]" name="endTestCase" is-config="true" duration-ms="1" started-at="2021-08-09T18:08:20 IST" finished-at="2021-08-09T18:08:20 IST">
          <params>
            <param index="0">
              <value>
                <![CDATA[public void com.tetherfi.test.tmac.AgentTemplateTest.verifyArrowMoveForPreviousAndNextPage() throws java.lang.Exception]]>
              </value>
            </param>
          </params>
          <reporter-output>
          </reporter-output>
        </test-method> <!-- endTestCase -->
        <test-method status="PASS" signature="startTestCase(java.lang.reflect.Method)[pri:0, instance:com.tetherfi.test.tmac.AgentTemplateTest@79afa369]" name="startTestCase" is-config="true" duration-ms="0" started-at="2021-08-09T18:08:20 IST" finished-at="2021-08-09T18:08:20 IST">
          <params>
            <param index="0">
              <value>
                <![CDATA[public void com.tetherfi.test.tmac.AgentTemplateTest.verifyArrowMoveForFirstAndLastPage() throws java.lang.Exception]]>
              </value>
            </param>
          </params>
          <reporter-output>
          </reporter-output>
        </test-method> <!-- startTestCase -->
        <test-method status="PASS" signature="NavigateToAgentTemplatePage()[pri:0, instance:com.tetherfi.test.tmac.AgentTemplateTest@79afa369]" name="NavigateToAgentTemplatePage" is-config="true" duration-ms="5665" started-at="2021-08-09T18:08:20 IST" finished-at="2021-08-09T18:08:26 IST">
          <reporter-output>
          </reporter-output>
        </test-method> <!-- NavigateToAgentTemplatePage -->
        <test-method status="PASS" signature="verifyArrowMoveForFirstAndLastPage()[pri:12, instance:com.tetherfi.test.tmac.AgentTemplateTest@79afa369]" name="verifyArrowMoveForFirstAndLastPage" duration-ms="2766" started-at="2021-08-09T18:08:26 IST" description=" To Verify Arrow Move for First and Last Page" finished-at="2021-08-09T18:08:29 IST">
          <reporter-output>
          </reporter-output>
        </test-method> <!-- verifyArrowMoveForFirstAndLastPage -->
        <test-method status="PASS" signature="afterEachMethod(java.lang.reflect.Method)[pri:0, instance:com.tetherfi.test.tmac.AgentTemplateTest@79afa369]" name="afterEachMethod" is-config="true" duration-ms="2623" started-at="2021-08-09T18:08:29 IST" finished-at="2021-08-09T18:08:31 IST">
          <params>
            <param index="0">
              <value>
                <![CDATA[public void com.tetherfi.test.tmac.AgentTemplateTest.verifyArrowMoveForFirstAndLastPage() throws java.lang.Exception]]>
              </value>
            </param>
          </params>
          <reporter-output>
          </reporter-output>
        </test-method> <!-- afterEachMethod -->
        <test-method status="PASS" signature="endTestCase(java.lang.reflect.Method)[pri:0, instance:com.tetherfi.test.tmac.AgentTemplateTest@79afa369]" name="endTestCase" is-config="true" duration-ms="1" started-at="2021-08-09T18:08:31 IST" finished-at="2021-08-09T18:08:31 IST">
          <params>
            <param index="0">
              <value>
                <![CDATA[public void com.tetherfi.test.tmac.AgentTemplateTest.verifyArrowMoveForFirstAndLastPage() throws java.lang.Exception]]>
              </value>
            </param>
          </params>
          <reporter-output>
          </reporter-output>
        </test-method> <!-- endTestCase -->
        <test-method status="PASS" signature="NavigateToAgentTemplatePage()[pri:0, instance:com.tetherfi.test.tmac.AgentTemplateTest@79afa369]" name="NavigateToAgentTemplatePage" is-config="true" duration-ms="5834" started-at="2021-08-09T18:08:31 IST" finished-at="2021-08-09T18:08:37 IST">
          <reporter-output>
          </reporter-output>
        </test-method> <!-- NavigateToAgentTemplatePage -->
        <test-method status="PASS" signature="startTestCase(java.lang.reflect.Method)[pri:0, instance:com.tetherfi.test.tmac.AgentTemplateTest@79afa369]" name="startTestCase" is-config="true" duration-ms="0" started-at="2021-08-09T18:08:31 IST" finished-at="2021-08-09T18:08:31 IST">
          <params>
            <param index="0">
              <value>
                <![CDATA[public void com.tetherfi.test.tmac.AgentTemplateTest.verifyTotalNumberOfItemsPerPageDetails()]]>
              </value>
            </param>
          </params>
          <reporter-output>
          </reporter-output>
        </test-method> <!-- startTestCase -->
        <test-method status="PASS" signature="verifyTotalNumberOfItemsPerPageDetails()[pri:13, instance:com.tetherfi.test.tmac.AgentTemplateTest@79afa369]" name="verifyTotalNumberOfItemsPerPageDetails" duration-ms="141" started-at="2021-08-09T18:08:37 IST" description="To Verify Total Number of Items Per Page Deatials " finished-at="2021-08-09T18:08:37 IST">
          <reporter-output>
          </reporter-output>
        </test-method> <!-- verifyTotalNumberOfItemsPerPageDetails -->
        <test-method status="PASS" signature="afterEachMethod(java.lang.reflect.Method)[pri:0, instance:com.tetherfi.test.tmac.AgentTemplateTest@79afa369]" name="afterEachMethod" is-config="true" duration-ms="2984" started-at="2021-08-09T18:08:37 IST" finished-at="2021-08-09T18:08:40 IST">
          <params>
            <param index="0">
              <value>
                <![CDATA[public void com.tetherfi.test.tmac.AgentTemplateTest.verifyTotalNumberOfItemsPerPageDetails()]]>
              </value>
            </param>
          </params>
          <reporter-output>
          </reporter-output>
        </test-method> <!-- afterEachMethod -->
        <test-method status="PASS" signature="endTestCase(java.lang.reflect.Method)[pri:0, instance:com.tetherfi.test.tmac.AgentTemplateTest@79afa369]" name="endTestCase" is-config="true" duration-ms="0" started-at="2021-08-09T18:08:40 IST" finished-at="2021-08-09T18:08:40 IST">
          <params>
            <param index="0">
              <value>
                <![CDATA[public void com.tetherfi.test.tmac.AgentTemplateTest.verifyTotalNumberOfItemsPerPageDetails()]]>
              </value>
            </param>
          </params>
          <reporter-output>
          </reporter-output>
        </test-method> <!-- endTestCase -->
        <test-method status="PASS" signature="startTestCase(java.lang.reflect.Method)[pri:0, instance:com.tetherfi.test.tmac.AgentTemplateTest@79afa369]" name="startTestCase" is-config="true" duration-ms="1" started-at="2021-08-09T18:08:40 IST" finished-at="2021-08-09T18:08:40 IST">
          <params>
            <param index="0">
              <value>
                <![CDATA[public void com.tetherfi.test.tmac.AgentTemplateTest.verifyNumberOfItemsPerPageSelection()]]>
              </value>
            </param>
          </params>
          <reporter-output>
          </reporter-output>
        </test-method> <!-- startTestCase -->
        <test-method status="PASS" signature="NavigateToAgentTemplatePage()[pri:0, instance:com.tetherfi.test.tmac.AgentTemplateTest@79afa369]" name="NavigateToAgentTemplatePage" is-config="true" duration-ms="5550" started-at="2021-08-09T18:08:40 IST" finished-at="2021-08-09T18:08:46 IST">
          <reporter-output>
          </reporter-output>
        </test-method> <!-- NavigateToAgentTemplatePage -->
        <test-method status="PASS" signature="verifyNumberOfItemsPerPageSelection()[pri:14, instance:com.tetherfi.test.tmac.AgentTemplateTest@79afa369]" name="verifyNumberOfItemsPerPageSelection" duration-ms="13227" started-at="2021-08-09T18:08:46 IST" description="To Verify Number of Items PerPage Selection " finished-at="2021-08-09T18:08:59 IST">
          <reporter-output>
          </reporter-output>
        </test-method> <!-- verifyNumberOfItemsPerPageSelection -->
        <test-method status="PASS" signature="afterEachMethod(java.lang.reflect.Method)[pri:0, instance:com.tetherfi.test.tmac.AgentTemplateTest@79afa369]" name="afterEachMethod" is-config="true" duration-ms="2390" started-at="2021-08-09T18:08:59 IST" finished-at="2021-08-09T18:09:01 IST">
          <params>
            <param index="0">
              <value>
                <![CDATA[public void com.tetherfi.test.tmac.AgentTemplateTest.verifyNumberOfItemsPerPageSelection()]]>
              </value>
            </param>
          </params>
          <reporter-output>
          </reporter-output>
        </test-method> <!-- afterEachMethod -->
        <test-method status="PASS" signature="endTestCase(java.lang.reflect.Method)[pri:0, instance:com.tetherfi.test.tmac.AgentTemplateTest@79afa369]" name="endTestCase" is-config="true" duration-ms="0" started-at="2021-08-09T18:09:01 IST" finished-at="2021-08-09T18:09:01 IST">
          <params>
            <param index="0">
              <value>
                <![CDATA[public void com.tetherfi.test.tmac.AgentTemplateTest.verifyNumberOfItemsPerPageSelection()]]>
              </value>
            </param>
          </params>
          <reporter-output>
          </reporter-output>
        </test-method> <!-- endTestCase -->
        <test-method status="PASS" signature="startTestCase(java.lang.reflect.Method)[pri:0, instance:com.tetherfi.test.tmac.AgentTemplateTest@79afa369]" name="startTestCase" is-config="true" duration-ms="1" started-at="2021-08-09T18:09:01 IST" finished-at="2021-08-09T18:09:01 IST">
          <params>
            <param index="0">
              <value>
                <![CDATA[public void com.tetherfi.test.tmac.AgentTemplateTest.searchPage() throws java.lang.Exception]]>
              </value>
            </param>
          </params>
          <reporter-output>
          </reporter-output>
        </test-method> <!-- startTestCase -->
        <test-method status="PASS" signature="NavigateToAgentTemplatePage()[pri:0, instance:com.tetherfi.test.tmac.AgentTemplateTest@79afa369]" name="NavigateToAgentTemplatePage" is-config="true" duration-ms="5617" started-at="2021-08-09T18:09:01 IST" finished-at="2021-08-09T18:09:07 IST">
          <reporter-output>
          </reporter-output>
        </test-method> <!-- NavigateToAgentTemplatePage -->
        <test-method status="PASS" signature="searchPage()[pri:15, instance:com.tetherfi.test.tmac.AgentTemplateTest@79afa369]" name="searchPage" duration-ms="7055" started-at="2021-08-09T18:09:07 IST" description="To Verify Search Page " finished-at="2021-08-09T18:09:14 IST">
          <reporter-output>
          </reporter-output>
        </test-method> <!-- searchPage -->
        <test-method status="PASS" signature="afterEachMethod(java.lang.reflect.Method)[pri:0, instance:com.tetherfi.test.tmac.AgentTemplateTest@79afa369]" name="afterEachMethod" is-config="true" duration-ms="2315" started-at="2021-08-09T18:09:14 IST" finished-at="2021-08-09T18:09:16 IST">
          <params>
            <param index="0">
              <value>
                <![CDATA[public void com.tetherfi.test.tmac.AgentTemplateTest.searchPage() throws java.lang.Exception]]>
              </value>
            </param>
          </params>
          <reporter-output>
          </reporter-output>
        </test-method> <!-- afterEachMethod -->
        <test-method status="PASS" signature="endTestCase(java.lang.reflect.Method)[pri:0, instance:com.tetherfi.test.tmac.AgentTemplateTest@79afa369]" name="endTestCase" is-config="true" duration-ms="0" started-at="2021-08-09T18:09:16 IST" finished-at="2021-08-09T18:09:16 IST">
          <params>
            <param index="0">
              <value>
                <![CDATA[public void com.tetherfi.test.tmac.AgentTemplateTest.searchPage() throws java.lang.Exception]]>
              </value>
            </param>
          </params>
          <reporter-output>
          </reporter-output>
        </test-method> <!-- endTestCase -->
        <test-method status="PASS" signature="startTestCase(java.lang.reflect.Method)[pri:0, instance:com.tetherfi.test.tmac.AgentTemplateTest@79afa369]" name="startTestCase" is-config="true" duration-ms="0" started-at="2021-08-09T18:09:16 IST" finished-at="2021-08-09T18:09:16 IST">
          <params>
            <param index="0">
              <value>
                <![CDATA[public void com.tetherfi.test.tmac.AgentTemplateTest.searchwithoutSearchTextbox() throws java.lang.Exception]]>
              </value>
            </param>
          </params>
          <reporter-output>
          </reporter-output>
        </test-method> <!-- startTestCase -->
        <test-method status="PASS" signature="NavigateToAgentTemplatePage()[pri:0, instance:com.tetherfi.test.tmac.AgentTemplateTest@79afa369]" name="NavigateToAgentTemplatePage" is-config="true" duration-ms="5309" started-at="2021-08-09T18:09:16 IST" finished-at="2021-08-09T18:09:22 IST">
          <reporter-output>
          </reporter-output>
        </test-method> <!-- NavigateToAgentTemplatePage -->
        <test-method status="PASS" signature="searchwithoutSearchTextbox()[pri:16, instance:com.tetherfi.test.tmac.AgentTemplateTest@79afa369]" name="searchwithoutSearchTextbox" duration-ms="4597" started-at="2021-08-09T18:09:22 IST" description="To Verify Search without Search Textbox Data " finished-at="2021-08-09T18:09:26 IST">
          <reporter-output>
          </reporter-output>
        </test-method> <!-- searchwithoutSearchTextbox -->
        <test-method status="PASS" signature="afterEachMethod(java.lang.reflect.Method)[pri:0, instance:com.tetherfi.test.tmac.AgentTemplateTest@79afa369]" name="afterEachMethod" is-config="true" duration-ms="6181" started-at="2021-08-09T18:09:26 IST" finished-at="2021-08-09T18:09:32 IST">
          <params>
            <param index="0">
              <value>
                <![CDATA[public void com.tetherfi.test.tmac.AgentTemplateTest.searchwithoutSearchTextbox() throws java.lang.Exception]]>
              </value>
            </param>
          </params>
          <reporter-output>
          </reporter-output>
        </test-method> <!-- afterEachMethod -->
        <test-method status="PASS" signature="endTestCase(java.lang.reflect.Method)[pri:0, instance:com.tetherfi.test.tmac.AgentTemplateTest@79afa369]" name="endTestCase" is-config="true" duration-ms="1" started-at="2021-08-09T18:09:32 IST" finished-at="2021-08-09T18:09:32 IST">
          <params>
            <param index="0">
              <value>
                <![CDATA[public void com.tetherfi.test.tmac.AgentTemplateTest.searchwithoutSearchTextbox() throws java.lang.Exception]]>
              </value>
            </param>
          </params>
          <reporter-output>
          </reporter-output>
        </test-method> <!-- endTestCase -->
        <test-method status="PASS" signature="startTestCase(java.lang.reflect.Method)[pri:0, instance:com.tetherfi.test.tmac.AgentTemplateTest@79afa369]" name="startTestCase" is-config="true" duration-ms="0" started-at="2021-08-09T18:09:32 IST" finished-at="2021-08-09T18:09:32 IST">
          <params>
            <param index="0">
              <value>
                <![CDATA[public void com.tetherfi.test.tmac.AgentTemplateTest.SearchClearSearch() throws java.lang.Exception]]>
              </value>
            </param>
          </params>
          <reporter-output>
          </reporter-output>
        </test-method> <!-- startTestCase -->
        <test-method status="PASS" signature="NavigateToAgentTemplatePage()[pri:0, instance:com.tetherfi.test.tmac.AgentTemplateTest@79afa369]" name="NavigateToAgentTemplatePage" is-config="true" duration-ms="7045" started-at="2021-08-09T18:09:32 IST" finished-at="2021-08-09T18:09:40 IST">
          <reporter-output>
          </reporter-output>
        </test-method> <!-- NavigateToAgentTemplatePage -->
        <test-method status="PASS" signature="SearchClearSearch()[pri:17, instance:com.tetherfi.test.tmac.AgentTemplateTest@79afa369]" name="SearchClearSearch" duration-ms="5936" started-at="2021-08-09T18:09:40 IST" description=" To Verify Search Clear Search Button" finished-at="2021-08-09T18:09:45 IST">
          <reporter-output>
          </reporter-output>
        </test-method> <!-- SearchClearSearch -->
        <test-method status="PASS" signature="afterEachMethod(java.lang.reflect.Method)[pri:0, instance:com.tetherfi.test.tmac.AgentTemplateTest@79afa369]" name="afterEachMethod" is-config="true" duration-ms="2535" started-at="2021-08-09T18:09:45 IST" finished-at="2021-08-09T18:09:48 IST">
          <params>
            <param index="0">
              <value>
                <![CDATA[public void com.tetherfi.test.tmac.AgentTemplateTest.SearchClearSearch() throws java.lang.Exception]]>
              </value>
            </param>
          </params>
          <reporter-output>
          </reporter-output>
        </test-method> <!-- afterEachMethod -->
        <test-method status="PASS" signature="endTestCase(java.lang.reflect.Method)[pri:0, instance:com.tetherfi.test.tmac.AgentTemplateTest@79afa369]" name="endTestCase" is-config="true" duration-ms="0" started-at="2021-08-09T18:09:48 IST" finished-at="2021-08-09T18:09:48 IST">
          <params>
            <param index="0">
              <value>
                <![CDATA[public void com.tetherfi.test.tmac.AgentTemplateTest.SearchClearSearch() throws java.lang.Exception]]>
              </value>
            </param>
          </params>
          <reporter-output>
          </reporter-output>
        </test-method> <!-- endTestCase -->
        <test-method status="PASS" signature="startTestCase(java.lang.reflect.Method)[pri:0, instance:com.tetherfi.test.tmac.AgentTemplateTest@79afa369]" name="startTestCase" is-config="true" duration-ms="1" started-at="2021-08-09T18:09:48 IST" finished-at="2021-08-09T18:09:48 IST">
          <params>
            <param index="0">
              <value>
                <![CDATA[public void com.tetherfi.test.tmac.AgentTemplateTest.SearchIsNotEqualTo() throws java.lang.Exception]]>
              </value>
            </param>
          </params>
          <reporter-output>
          </reporter-output>
        </test-method> <!-- startTestCase -->
        <test-method status="PASS" signature="NavigateToAgentTemplatePage()[pri:0, instance:com.tetherfi.test.tmac.AgentTemplateTest@79afa369]" name="NavigateToAgentTemplatePage" is-config="true" duration-ms="5472" started-at="2021-08-09T18:09:48 IST" finished-at="2021-08-09T18:09:53 IST">
          <reporter-output>
          </reporter-output>
        </test-method> <!-- NavigateToAgentTemplatePage -->
        <test-method status="PASS" signature="SearchIsNotEqualTo()[pri:18, instance:com.tetherfi.test.tmac.AgentTemplateTest@79afa369]" name="SearchIsNotEqualTo" duration-ms="14329" started-at="2021-08-09T18:09:53 IST" description="To Verify Search Data Is Not Equal to " finished-at="2021-08-09T18:10:08 IST">
          <reporter-output>
          </reporter-output>
        </test-method> <!-- SearchIsNotEqualTo -->
        <test-method status="PASS" signature="afterEachMethod(java.lang.reflect.Method)[pri:0, instance:com.tetherfi.test.tmac.AgentTemplateTest@79afa369]" name="afterEachMethod" is-config="true" duration-ms="2761" started-at="2021-08-09T18:10:08 IST" finished-at="2021-08-09T18:10:11 IST">
          <params>
            <param index="0">
              <value>
                <![CDATA[public void com.tetherfi.test.tmac.AgentTemplateTest.SearchIsNotEqualTo() throws java.lang.Exception]]>
              </value>
            </param>
          </params>
          <reporter-output>
          </reporter-output>
        </test-method> <!-- afterEachMethod -->
        <test-method status="PASS" signature="endTestCase(java.lang.reflect.Method)[pri:0, instance:com.tetherfi.test.tmac.AgentTemplateTest@79afa369]" name="endTestCase" is-config="true" duration-ms="1" started-at="2021-08-09T18:10:11 IST" finished-at="2021-08-09T18:10:11 IST">
          <params>
            <param index="0">
              <value>
                <![CDATA[public void com.tetherfi.test.tmac.AgentTemplateTest.SearchIsNotEqualTo() throws java.lang.Exception]]>
              </value>
            </param>
          </params>
          <reporter-output>
          </reporter-output>
        </test-method> <!-- endTestCase -->
        <test-method status="PASS" signature="startTestCase(java.lang.reflect.Method)[pri:0, instance:com.tetherfi.test.tmac.AgentTemplateTest@79afa369]" name="startTestCase" is-config="true" duration-ms="0" started-at="2021-08-09T18:10:11 IST" finished-at="2021-08-09T18:10:11 IST">
          <params>
            <param index="0">
              <value>
                <![CDATA[public void com.tetherfi.test.tmac.AgentTemplateTest.SearchContains() throws java.lang.Exception]]>
              </value>
            </param>
          </params>
          <reporter-output>
          </reporter-output>
        </test-method> <!-- startTestCase -->
        <test-method status="PASS" signature="NavigateToAgentTemplatePage()[pri:0, instance:com.tetherfi.test.tmac.AgentTemplateTest@79afa369]" name="NavigateToAgentTemplatePage" is-config="true" duration-ms="5480" started-at="2021-08-09T18:10:11 IST" finished-at="2021-08-09T18:10:16 IST">
          <reporter-output>
          </reporter-output>
        </test-method> <!-- NavigateToAgentTemplatePage -->
        <test-method status="PASS" signature="SearchContains()[pri:19, instance:com.tetherfi.test.tmac.AgentTemplateTest@79afa369]" name="SearchContains" duration-ms="7788" started-at="2021-08-09T18:10:16 IST" description="To Verify Search Data Contains " finished-at="2021-08-09T18:10:24 IST">
          <reporter-output>
          </reporter-output>
        </test-method> <!-- SearchContains -->
        <test-method status="PASS" signature="afterEachMethod(java.lang.reflect.Method)[pri:0, instance:com.tetherfi.test.tmac.AgentTemplateTest@79afa369]" name="afterEachMethod" is-config="true" duration-ms="2676" started-at="2021-08-09T18:10:24 IST" finished-at="2021-08-09T18:10:27 IST">
          <params>
            <param index="0">
              <value>
                <![CDATA[public void com.tetherfi.test.tmac.AgentTemplateTest.SearchContains() throws java.lang.Exception]]>
              </value>
            </param>
          </params>
          <reporter-output>
          </reporter-output>
        </test-method> <!-- afterEachMethod -->
        <test-method status="PASS" signature="endTestCase(java.lang.reflect.Method)[pri:0, instance:com.tetherfi.test.tmac.AgentTemplateTest@79afa369]" name="endTestCase" is-config="true" duration-ms="0" started-at="2021-08-09T18:10:27 IST" finished-at="2021-08-09T18:10:27 IST">
          <params>
            <param index="0">
              <value>
                <![CDATA[public void com.tetherfi.test.tmac.AgentTemplateTest.SearchContains() throws java.lang.Exception]]>
              </value>
            </param>
          </params>
          <reporter-output>
          </reporter-output>
        </test-method> <!-- endTestCase -->
        <test-method status="PASS" signature="NavigateToAgentTemplatePage()[pri:0, instance:com.tetherfi.test.tmac.AgentTemplateTest@79afa369]" name="NavigateToAgentTemplatePage" is-config="true" duration-ms="5464" started-at="2021-08-09T18:10:27 IST" finished-at="2021-08-09T18:10:32 IST">
          <reporter-output>
          </reporter-output>
        </test-method> <!-- NavigateToAgentTemplatePage -->
        <test-method status="PASS" signature="startTestCase(java.lang.reflect.Method)[pri:0, instance:com.tetherfi.test.tmac.AgentTemplateTest@79afa369]" name="startTestCase" is-config="true" duration-ms="0" started-at="2021-08-09T18:10:27 IST" finished-at="2021-08-09T18:10:27 IST">
          <params>
            <param index="0">
              <value>
                <![CDATA[public void com.tetherfi.test.tmac.AgentTemplateTest.SearchDoesNotContains() throws java.lang.Exception]]>
              </value>
            </param>
          </params>
          <reporter-output>
          </reporter-output>
        </test-method> <!-- startTestCase -->
        <test-method status="PASS" signature="SearchDoesNotContains()[pri:20, instance:com.tetherfi.test.tmac.AgentTemplateTest@79afa369]" name="SearchDoesNotContains" duration-ms="12016" started-at="2021-08-09T18:10:32 IST" description="To Verify Search Data Doesnot Contain " finished-at="2021-08-09T18:10:44 IST">
          <reporter-output>
          </reporter-output>
        </test-method> <!-- SearchDoesNotContains -->
        <test-method status="PASS" signature="afterEachMethod(java.lang.reflect.Method)[pri:0, instance:com.tetherfi.test.tmac.AgentTemplateTest@79afa369]" name="afterEachMethod" is-config="true" duration-ms="2917" started-at="2021-08-09T18:10:44 IST" finished-at="2021-08-09T18:10:47 IST">
          <params>
            <param index="0">
              <value>
                <![CDATA[public void com.tetherfi.test.tmac.AgentTemplateTest.SearchDoesNotContains() throws java.lang.Exception]]>
              </value>
            </param>
          </params>
          <reporter-output>
          </reporter-output>
        </test-method> <!-- afterEachMethod -->
        <test-method status="PASS" signature="endTestCase(java.lang.reflect.Method)[pri:0, instance:com.tetherfi.test.tmac.AgentTemplateTest@79afa369]" name="endTestCase" is-config="true" duration-ms="1" started-at="2021-08-09T18:10:47 IST" finished-at="2021-08-09T18:10:47 IST">
          <params>
            <param index="0">
              <value>
                <![CDATA[public void com.tetherfi.test.tmac.AgentTemplateTest.SearchDoesNotContains() throws java.lang.Exception]]>
              </value>
            </param>
          </params>
          <reporter-output>
          </reporter-output>
        </test-method> <!-- endTestCase -->
        <test-method status="PASS" signature="startTestCase(java.lang.reflect.Method)[pri:0, instance:com.tetherfi.test.tmac.AgentTemplateTest@79afa369]" name="startTestCase" is-config="true" duration-ms="0" started-at="2021-08-09T18:10:47 IST" finished-at="2021-08-09T18:10:47 IST">
          <params>
            <param index="0">
              <value>
                <![CDATA[public void com.tetherfi.test.tmac.AgentTemplateTest.SearchStartsWith() throws java.lang.Exception]]>
              </value>
            </param>
          </params>
          <reporter-output>
          </reporter-output>
        </test-method> <!-- startTestCase -->
        <test-method status="PASS" signature="NavigateToAgentTemplatePage()[pri:0, instance:com.tetherfi.test.tmac.AgentTemplateTest@79afa369]" name="NavigateToAgentTemplatePage" is-config="true" duration-ms="6191" started-at="2021-08-09T18:10:47 IST" finished-at="2021-08-09T18:10:53 IST">
          <reporter-output>
          </reporter-output>
        </test-method> <!-- NavigateToAgentTemplatePage -->
        <test-method status="PASS" signature="SearchStartsWith()[pri:21, instance:com.tetherfi.test.tmac.AgentTemplateTest@79afa369]" name="SearchStartsWith" duration-ms="6892" started-at="2021-08-09T18:10:53 IST" description="To Verify Search Data Starts with " finished-at="2021-08-09T18:11:00 IST">
          <reporter-output>
          </reporter-output>
        </test-method> <!-- SearchStartsWith -->
        <test-method status="PASS" signature="afterEachMethod(java.lang.reflect.Method)[pri:0, instance:com.tetherfi.test.tmac.AgentTemplateTest@79afa369]" name="afterEachMethod" is-config="true" duration-ms="3032" started-at="2021-08-09T18:11:00 IST" finished-at="2021-08-09T18:11:03 IST">
          <params>
            <param index="0">
              <value>
                <![CDATA[public void com.tetherfi.test.tmac.AgentTemplateTest.SearchStartsWith() throws java.lang.Exception]]>
              </value>
            </param>
          </params>
          <reporter-output>
          </reporter-output>
        </test-method> <!-- afterEachMethod -->
        <test-method status="PASS" signature="endTestCase(java.lang.reflect.Method)[pri:0, instance:com.tetherfi.test.tmac.AgentTemplateTest@79afa369]" name="endTestCase" is-config="true" duration-ms="0" started-at="2021-08-09T18:11:03 IST" finished-at="2021-08-09T18:11:03 IST">
          <params>
            <param index="0">
              <value>
                <![CDATA[public void com.tetherfi.test.tmac.AgentTemplateTest.SearchStartsWith() throws java.lang.Exception]]>
              </value>
            </param>
          </params>
          <reporter-output>
          </reporter-output>
        </test-method> <!-- endTestCase -->
        <test-method status="PASS" signature="startTestCase(java.lang.reflect.Method)[pri:0, instance:com.tetherfi.test.tmac.AgentTemplateTest@79afa369]" name="startTestCase" is-config="true" duration-ms="1" started-at="2021-08-09T18:11:03 IST" finished-at="2021-08-09T18:11:03 IST">
          <params>
            <param index="0">
              <value>
                <![CDATA[public void com.tetherfi.test.tmac.AgentTemplateTest.SearchEndsWith() throws java.lang.Exception]]>
              </value>
            </param>
          </params>
          <reporter-output>
          </reporter-output>
        </test-method> <!-- startTestCase -->
        <test-method status="PASS" signature="NavigateToAgentTemplatePage()[pri:0, instance:com.tetherfi.test.tmac.AgentTemplateTest@79afa369]" name="NavigateToAgentTemplatePage" is-config="true" duration-ms="5379" started-at="2021-08-09T18:11:03 IST" finished-at="2021-08-09T18:11:08 IST">
          <reporter-output>
          </reporter-output>
        </test-method> <!-- NavigateToAgentTemplatePage -->
        <test-method status="PASS" signature="SearchEndsWith()[pri:22, instance:com.tetherfi.test.tmac.AgentTemplateTest@79afa369]" name="SearchEndsWith" duration-ms="6078" started-at="2021-08-09T18:11:08 IST" description="To Verify search Data Ens with " finished-at="2021-08-09T18:11:15 IST">
          <reporter-output>
          </reporter-output>
        </test-method> <!-- SearchEndsWith -->
        <test-method status="PASS" signature="afterEachMethod(java.lang.reflect.Method)[pri:0, instance:com.tetherfi.test.tmac.AgentTemplateTest@79afa369]" name="afterEachMethod" is-config="true" duration-ms="2530" started-at="2021-08-09T18:11:15 IST" finished-at="2021-08-09T18:11:17 IST">
          <params>
            <param index="0">
              <value>
                <![CDATA[public void com.tetherfi.test.tmac.AgentTemplateTest.SearchEndsWith() throws java.lang.Exception]]>
              </value>
            </param>
          </params>
          <reporter-output>
          </reporter-output>
        </test-method> <!-- afterEachMethod -->
        <test-method status="PASS" signature="endTestCase(java.lang.reflect.Method)[pri:0, instance:com.tetherfi.test.tmac.AgentTemplateTest@79afa369]" name="endTestCase" is-config="true" duration-ms="0" started-at="2021-08-09T18:11:17 IST" finished-at="2021-08-09T18:11:17 IST">
          <params>
            <param index="0">
              <value>
                <![CDATA[public void com.tetherfi.test.tmac.AgentTemplateTest.SearchEndsWith() throws java.lang.Exception]]>
              </value>
            </param>
          </params>
          <reporter-output>
          </reporter-output>
        </test-method> <!-- endTestCase -->
        <test-method status="PASS" signature="startTestCase(java.lang.reflect.Method)[pri:0, instance:com.tetherfi.test.tmac.AgentTemplateTest@79afa369]" name="startTestCase" is-config="true" duration-ms="0" started-at="2021-08-09T18:11:17 IST" finished-at="2021-08-09T18:11:17 IST">
          <params>
            <param index="0">
              <value>
                <![CDATA[public void com.tetherfi.test.tmac.AgentTemplateTest.ExportToExcelButtonInTemplateScreenTab()]]>
              </value>
            </param>
          </params>
          <reporter-output>
          </reporter-output>
        </test-method> <!-- startTestCase -->
        <test-method status="PASS" signature="NavigateToAgentTemplatePage()[pri:0, instance:com.tetherfi.test.tmac.AgentTemplateTest@79afa369]" name="NavigateToAgentTemplatePage" is-config="true" duration-ms="5541" started-at="2021-08-09T18:11:17 IST" finished-at="2021-08-09T18:11:23 IST">
          <reporter-output>
          </reporter-output>
        </test-method> <!-- NavigateToAgentTemplatePage -->
        <test-method status="PASS" signature="ExportToExcelButtonInTemplateScreenTab()[pri:23, instance:com.tetherfi.test.tmac.AgentTemplateTest@79afa369]" name="ExportToExcelButtonInTemplateScreenTab" duration-ms="3978" started-at="2021-08-09T18:11:23 IST" description="To Verify Export Excel Button" finished-at="2021-08-09T18:11:27 IST">
          <reporter-output>
          </reporter-output>
        </test-method> <!-- ExportToExcelButtonInTemplateScreenTab -->
        <test-method status="PASS" signature="afterEachMethod(java.lang.reflect.Method)[pri:0, instance:com.tetherfi.test.tmac.AgentTemplateTest@79afa369]" name="afterEachMethod" is-config="true" duration-ms="2822" started-at="2021-08-09T18:11:27 IST" finished-at="2021-08-09T18:11:29 IST">
          <params>
            <param index="0">
              <value>
                <![CDATA[public void com.tetherfi.test.tmac.AgentTemplateTest.ExportToExcelButtonInTemplateScreenTab()]]>
              </value>
            </param>
          </params>
          <reporter-output>
          </reporter-output>
        </test-method> <!-- afterEachMethod -->
        <test-method status="PASS" signature="endTestCase(java.lang.reflect.Method)[pri:0, instance:com.tetherfi.test.tmac.AgentTemplateTest@79afa369]" name="endTestCase" is-config="true" duration-ms="1" started-at="2021-08-09T18:11:29 IST" finished-at="2021-08-09T18:11:29 IST">
          <params>
            <param index="0">
              <value>
                <![CDATA[public void com.tetherfi.test.tmac.AgentTemplateTest.ExportToExcelButtonInTemplateScreenTab()]]>
              </value>
            </param>
          </params>
          <reporter-output>
          </reporter-output>
        </test-method> <!-- endTestCase -->
        <test-method status="PASS" signature="startTestCase(java.lang.reflect.Method)[pri:0, instance:com.tetherfi.test.tmac.AgentTemplateTest@79afa369]" name="startTestCase" is-config="true" duration-ms="1" started-at="2021-08-09T18:11:29 IST" finished-at="2021-08-09T18:11:29 IST">
          <params>
            <param index="0">
              <value>
                <![CDATA[public void com.tetherfi.test.tmac.AgentTemplateTest.verifyExportedDataInTemplateScreenTab() throws java.lang.Exception]]>
              </value>
            </param>
          </params>
          <reporter-output>
          </reporter-output>
        </test-method> <!-- startTestCase -->
        <test-method status="PASS" signature="NavigateToAgentTemplatePage()[pri:0, instance:com.tetherfi.test.tmac.AgentTemplateTest@79afa369]" name="NavigateToAgentTemplatePage" is-config="true" duration-ms="5819" started-at="2021-08-09T18:11:29 IST" finished-at="2021-08-09T18:11:35 IST">
          <reporter-output>
          </reporter-output>
        </test-method> <!-- NavigateToAgentTemplatePage -->
        <test-method status="PASS" signature="verifyExportedDataInTemplateScreenTab()[pri:24, instance:com.tetherfi.test.tmac.AgentTemplateTest@79afa369]" name="verifyExportedDataInTemplateScreenTab" duration-ms="3381" started-at="2021-08-09T18:11:35 IST" description="To Verify Exported Data" depends-on-methods="com.tetherfi.test.tmac.AgentTemplateTest.ExportToExcelButtonInTemplateScreenTab" finished-at="2021-08-09T18:11:39 IST">
          <reporter-output>
          </reporter-output>
        </test-method> <!-- verifyExportedDataInTemplateScreenTab -->
        <test-method status="PASS" signature="afterEachMethod(java.lang.reflect.Method)[pri:0, instance:com.tetherfi.test.tmac.AgentTemplateTest@79afa369]" name="afterEachMethod" is-config="true" duration-ms="2486" started-at="2021-08-09T18:11:39 IST" finished-at="2021-08-09T18:11:41 IST">
          <params>
            <param index="0">
              <value>
                <![CDATA[public void com.tetherfi.test.tmac.AgentTemplateTest.verifyExportedDataInTemplateScreenTab() throws java.lang.Exception]]>
              </value>
            </param>
          </params>
          <reporter-output>
          </reporter-output>
        </test-method> <!-- afterEachMethod -->
        <test-method status="PASS" signature="endTestCase(java.lang.reflect.Method)[pri:0, instance:com.tetherfi.test.tmac.AgentTemplateTest@79afa369]" name="endTestCase" is-config="true" duration-ms="1" started-at="2021-08-09T18:11:41 IST" finished-at="2021-08-09T18:11:41 IST">
          <params>
            <param index="0">
              <value>
                <![CDATA[public void com.tetherfi.test.tmac.AgentTemplateTest.verifyExportedDataInTemplateScreenTab() throws java.lang.Exception]]>
              </value>
            </param>
          </params>
          <reporter-output>
          </reporter-output>
        </test-method> <!-- endTestCase -->
        <test-method status="PASS" signature="startTestCase(java.lang.reflect.Method)[pri:0, instance:com.tetherfi.test.tmac.AgentTemplateTest@79afa369]" name="startTestCase" is-config="true" duration-ms="0" started-at="2021-08-09T18:11:41 IST" finished-at="2021-08-09T18:11:41 IST">
          <params>
            <param index="0">
              <value>
                <![CDATA[public void com.tetherfi.test.tmac.AgentTemplateTest.verifyExportToExcelWithoutDataInTemplateScreenTab() throws java.lang.Exception]]>
              </value>
            </param>
          </params>
          <reporter-output>
          </reporter-output>
        </test-method> <!-- startTestCase -->
        <test-method status="PASS" signature="NavigateToAgentTemplatePage()[pri:0, instance:com.tetherfi.test.tmac.AgentTemplateTest@79afa369]" name="NavigateToAgentTemplatePage" is-config="true" duration-ms="5676" started-at="2021-08-09T18:11:41 IST" finished-at="2021-08-09T18:11:47 IST">
          <reporter-output>
          </reporter-output>
        </test-method> <!-- NavigateToAgentTemplatePage -->
        <test-method status="PASS" signature="verifyExportToExcelWithoutDataInTemplateScreenTab()[pri:25, instance:com.tetherfi.test.tmac.AgentTemplateTest@79afa369]" name="verifyExportToExcelWithoutDataInTemplateScreenTab" duration-ms="6863" started-at="2021-08-09T18:11:47 IST" description="To Verify Export Excel without Data" finished-at="2021-08-09T18:11:54 IST">
          <reporter-output>
          </reporter-output>
        </test-method> <!-- verifyExportToExcelWithoutDataInTemplateScreenTab -->
        <test-method status="PASS" signature="afterEachMethod(java.lang.reflect.Method)[pri:0, instance:com.tetherfi.test.tmac.AgentTemplateTest@79afa369]" name="afterEachMethod" is-config="true" duration-ms="2944" started-at="2021-08-09T18:11:54 IST" finished-at="2021-08-09T18:11:57 IST">
          <params>
            <param index="0">
              <value>
                <![CDATA[public void com.tetherfi.test.tmac.AgentTemplateTest.verifyExportToExcelWithoutDataInTemplateScreenTab() throws java.lang.Exception]]>
              </value>
            </param>
          </params>
          <reporter-output>
          </reporter-output>
        </test-method> <!-- afterEachMethod -->
        <test-method status="PASS" signature="endTestCase(java.lang.reflect.Method)[pri:0, instance:com.tetherfi.test.tmac.AgentTemplateTest@79afa369]" name="endTestCase" is-config="true" duration-ms="1" started-at="2021-08-09T18:11:57 IST" finished-at="2021-08-09T18:11:57 IST">
          <params>
            <param index="0">
              <value>
                <![CDATA[public void com.tetherfi.test.tmac.AgentTemplateTest.verifyExportToExcelWithoutDataInTemplateScreenTab() throws java.lang.Exception]]>
              </value>
            </param>
          </params>
          <reporter-output>
          </reporter-output>
        </test-method> <!-- endTestCase -->
        <test-method status="PASS" signature="startTestCase(java.lang.reflect.Method)[pri:0, instance:com.tetherfi.test.tmac.AgentTemplateTest@79afa369]" name="startTestCase" is-config="true" duration-ms="0" started-at="2021-08-09T18:11:57 IST" finished-at="2021-08-09T18:11:57 IST">
          <params>
            <param index="0">
              <value>
                <![CDATA[public void com.tetherfi.test.tmac.AgentTemplateTest.verifySortByAscendingInTemplateScreenTab() throws java.lang.Exception]]>
              </value>
            </param>
          </params>
          <reporter-output>
          </reporter-output>
        </test-method> <!-- startTestCase -->
        <test-method status="PASS" signature="NavigateToAgentTemplatePage()[pri:0, instance:com.tetherfi.test.tmac.AgentTemplateTest@79afa369]" name="NavigateToAgentTemplatePage" is-config="true" duration-ms="5378" started-at="2021-08-09T18:11:57 IST" finished-at="2021-08-09T18:12:02 IST">
          <reporter-output>
          </reporter-output>
        </test-method> <!-- NavigateToAgentTemplatePage -->
        <test-method status="PASS" signature="verifySortByAscendingInTemplateScreenTab()[pri:26, instance:com.tetherfi.test.tmac.AgentTemplateTest@79afa369]" name="verifySortByAscendingInTemplateScreenTab" duration-ms="7721" started-at="2021-08-09T18:12:02 IST" description="To Verify Coloumns Sort By Ascending " finished-at="2021-08-09T18:12:10 IST">
          <reporter-output>
          </reporter-output>
        </test-method> <!-- verifySortByAscendingInTemplateScreenTab -->
        <test-method status="PASS" signature="afterEachMethod(java.lang.reflect.Method)[pri:0, instance:com.tetherfi.test.tmac.AgentTemplateTest@79afa369]" name="afterEachMethod" is-config="true" duration-ms="2342" started-at="2021-08-09T18:12:10 IST" finished-at="2021-08-09T18:12:12 IST">
          <params>
            <param index="0">
              <value>
                <![CDATA[public void com.tetherfi.test.tmac.AgentTemplateTest.verifySortByAscendingInTemplateScreenTab() throws java.lang.Exception]]>
              </value>
            </param>
          </params>
          <reporter-output>
          </reporter-output>
        </test-method> <!-- afterEachMethod -->
        <test-method status="PASS" signature="endTestCase(java.lang.reflect.Method)[pri:0, instance:com.tetherfi.test.tmac.AgentTemplateTest@79afa369]" name="endTestCase" is-config="true" duration-ms="1" started-at="2021-08-09T18:12:12 IST" finished-at="2021-08-09T18:12:12 IST">
          <params>
            <param index="0">
              <value>
                <![CDATA[public void com.tetherfi.test.tmac.AgentTemplateTest.verifySortByAscendingInTemplateScreenTab() throws java.lang.Exception]]>
              </value>
            </param>
          </params>
          <reporter-output>
          </reporter-output>
        </test-method> <!-- endTestCase -->
        <test-method status="PASS" signature="startTestCase(java.lang.reflect.Method)[pri:0, instance:com.tetherfi.test.tmac.AgentTemplateTest@79afa369]" name="startTestCase" is-config="true" duration-ms="0" started-at="2021-08-09T18:12:12 IST" finished-at="2021-08-09T18:12:12 IST">
          <params>
            <param index="0">
              <value>
                <![CDATA[public void com.tetherfi.test.tmac.AgentTemplateTest.verifySortByDescendingInTemplateScreenTab() throws java.lang.Exception]]>
              </value>
            </param>
          </params>
          <reporter-output>
          </reporter-output>
        </test-method> <!-- startTestCase -->
        <test-method status="PASS" signature="NavigateToAgentTemplatePage()[pri:0, instance:com.tetherfi.test.tmac.AgentTemplateTest@79afa369]" name="NavigateToAgentTemplatePage" is-config="true" duration-ms="5436" started-at="2021-08-09T18:12:12 IST" finished-at="2021-08-09T18:12:17 IST">
          <reporter-output>
          </reporter-output>
        </test-method> <!-- NavigateToAgentTemplatePage -->
        <test-method status="PASS" signature="verifySortByDescendingInTemplateScreenTab()[pri:27, instance:com.tetherfi.test.tmac.AgentTemplateTest@79afa369]" name="verifySortByDescendingInTemplateScreenTab" duration-ms="8443" started-at="2021-08-09T18:12:17 IST" description="To Verify Coloumns Sort By Descending " finished-at="2021-08-09T18:12:26 IST">
          <reporter-output>
          </reporter-output>
        </test-method> <!-- verifySortByDescendingInTemplateScreenTab -->
        <test-method status="PASS" signature="afterEachMethod(java.lang.reflect.Method)[pri:0, instance:com.tetherfi.test.tmac.AgentTemplateTest@79afa369]" name="afterEachMethod" is-config="true" duration-ms="2559" started-at="2021-08-09T18:12:26 IST" finished-at="2021-08-09T18:12:28 IST">
          <params>
            <param index="0">
              <value>
                <![CDATA[public void com.tetherfi.test.tmac.AgentTemplateTest.verifySortByDescendingInTemplateScreenTab() throws java.lang.Exception]]>
              </value>
            </param>
          </params>
          <reporter-output>
          </reporter-output>
        </test-method> <!-- afterEachMethod -->
        <test-method status="PASS" signature="endTestCase(java.lang.reflect.Method)[pri:0, instance:com.tetherfi.test.tmac.AgentTemplateTest@79afa369]" name="endTestCase" is-config="true" duration-ms="0" started-at="2021-08-09T18:12:28 IST" finished-at="2021-08-09T18:12:28 IST">
          <params>
            <param index="0">
              <value>
                <![CDATA[public void com.tetherfi.test.tmac.AgentTemplateTest.verifySortByDescendingInTemplateScreenTab() throws java.lang.Exception]]>
              </value>
            </param>
          </params>
          <reporter-output>
          </reporter-output>
        </test-method> <!-- endTestCase -->
        <test-method status="PASS" signature="startTestCase(java.lang.reflect.Method)[pri:0, instance:com.tetherfi.test.tmac.AgentTemplateTest@79afa369]" name="startTestCase" is-config="true" duration-ms="1" started-at="2021-08-09T18:12:28 IST" finished-at="2021-08-09T18:12:28 IST">
          <params>
            <param index="0">
              <value>
                <![CDATA[public void com.tetherfi.test.tmac.AgentTemplateTest.verifyGroupByInTemplateScreenTab()]]>
              </value>
            </param>
          </params>
          <reporter-output>
          </reporter-output>
        </test-method> <!-- startTestCase -->
        <test-method status="PASS" signature="NavigateToAgentTemplatePage()[pri:0, instance:com.tetherfi.test.tmac.AgentTemplateTest@79afa369]" name="NavigateToAgentTemplatePage" is-config="true" duration-ms="5390" started-at="2021-08-09T18:12:28 IST" finished-at="2021-08-09T18:12:34 IST">
          <reporter-output>
          </reporter-output>
        </test-method> <!-- NavigateToAgentTemplatePage -->
        <test-method status="PASS" signature="verifyGroupByInTemplateScreenTab()[pri:28, instance:com.tetherfi.test.tmac.AgentTemplateTest@79afa369]" name="verifyGroupByInTemplateScreenTab" duration-ms="4049" started-at="2021-08-09T18:12:34 IST" description="To Verify Group By Coloumns " finished-at="2021-08-09T18:12:38 IST">
          <reporter-output>
          </reporter-output>
        </test-method> <!-- verifyGroupByInTemplateScreenTab -->
        <test-method status="PASS" signature="afterEachMethod(java.lang.reflect.Method)[pri:0, instance:com.tetherfi.test.tmac.AgentTemplateTest@79afa369]" name="afterEachMethod" is-config="true" duration-ms="2679" started-at="2021-08-09T18:12:38 IST" finished-at="2021-08-09T18:12:41 IST">
          <params>
            <param index="0">
              <value>
                <![CDATA[public void com.tetherfi.test.tmac.AgentTemplateTest.verifyGroupByInTemplateScreenTab()]]>
              </value>
            </param>
          </params>
          <reporter-output>
          </reporter-output>
        </test-method> <!-- afterEachMethod -->
        <test-method status="PASS" signature="endTestCase(java.lang.reflect.Method)[pri:0, instance:com.tetherfi.test.tmac.AgentTemplateTest@79afa369]" name="endTestCase" is-config="true" duration-ms="1" started-at="2021-08-09T18:12:41 IST" finished-at="2021-08-09T18:12:41 IST">
          <params>
            <param index="0">
              <value>
                <![CDATA[public void com.tetherfi.test.tmac.AgentTemplateTest.verifyGroupByInTemplateScreenTab()]]>
              </value>
            </param>
          </params>
          <reporter-output>
          </reporter-output>
        </test-method> <!-- endTestCase -->
        <test-method status="PASS" signature="NavigateToAgentTemplatePage()[pri:0, instance:com.tetherfi.test.tmac.AgentTemplateTest@79afa369]" name="NavigateToAgentTemplatePage" is-config="true" duration-ms="6124" started-at="2021-08-09T18:12:41 IST" finished-at="2021-08-09T18:12:47 IST">
          <reporter-output>
          </reporter-output>
        </test-method> <!-- NavigateToAgentTemplatePage -->
        <test-method status="PASS" signature="startTestCase(java.lang.reflect.Method)[pri:0, instance:com.tetherfi.test.tmac.AgentTemplateTest@79afa369]" name="startTestCase" is-config="true" duration-ms="0" started-at="2021-08-09T18:12:41 IST" finished-at="2021-08-09T18:12:41 IST">
          <params>
            <param index="0">
              <value>
                <![CDATA[public void com.tetherfi.test.tmac.AgentTemplateTest.verifyArrowMoveForPreviousAndNextPageInTemplateScreenTab() throws java.lang.Exception]]>
              </value>
            </param>
          </params>
          <reporter-output>
          </reporter-output>
        </test-method> <!-- startTestCase -->
        <test-method status="PASS" signature="verifyArrowMoveForPreviousAndNextPageInTemplateScreenTab()[pri:29, instance:com.tetherfi.test.tmac.AgentTemplateTest@79afa369]" name="verifyArrowMoveForPreviousAndNextPageInTemplateScreenTab" duration-ms="3922" started-at="2021-08-09T18:12:47 IST" description="To Verify arrow Move previous and Next Page " finished-at="2021-08-09T18:12:51 IST">
          <reporter-output>
          </reporter-output>
        </test-method> <!-- verifyArrowMoveForPreviousAndNextPageInTemplateScreenTab -->
        <test-method status="PASS" signature="afterEachMethod(java.lang.reflect.Method)[pri:0, instance:com.tetherfi.test.tmac.AgentTemplateTest@79afa369]" name="afterEachMethod" is-config="true" duration-ms="2521" started-at="2021-08-09T18:12:51 IST" finished-at="2021-08-09T18:12:53 IST">
          <params>
            <param index="0">
              <value>
                <![CDATA[public void com.tetherfi.test.tmac.AgentTemplateTest.verifyArrowMoveForPreviousAndNextPageInTemplateScreenTab() throws java.lang.Exception]]>
              </value>
            </param>
          </params>
          <reporter-output>
          </reporter-output>
        </test-method> <!-- afterEachMethod -->
        <test-method status="PASS" signature="endTestCase(java.lang.reflect.Method)[pri:0, instance:com.tetherfi.test.tmac.AgentTemplateTest@79afa369]" name="endTestCase" is-config="true" duration-ms="1" started-at="2021-08-09T18:12:53 IST" finished-at="2021-08-09T18:12:53 IST">
          <params>
            <param index="0">
              <value>
                <![CDATA[public void com.tetherfi.test.tmac.AgentTemplateTest.verifyArrowMoveForPreviousAndNextPageInTemplateScreenTab() throws java.lang.Exception]]>
              </value>
            </param>
          </params>
          <reporter-output>
          </reporter-output>
        </test-method> <!-- endTestCase -->
        <test-method status="PASS" signature="startTestCase(java.lang.reflect.Method)[pri:0, instance:com.tetherfi.test.tmac.AgentTemplateTest@79afa369]" name="startTestCase" is-config="true" duration-ms="0" started-at="2021-08-09T18:12:53 IST" finished-at="2021-08-09T18:12:53 IST">
          <params>
            <param index="0">
              <value>
                <![CDATA[public void com.tetherfi.test.tmac.AgentTemplateTest.verifyArrowMoveForFirstAndLastPageInTemplateScreenTab() throws java.lang.Exception]]>
              </value>
            </param>
          </params>
          <reporter-output>
          </reporter-output>
        </test-method> <!-- startTestCase -->
        <test-method status="PASS" signature="NavigateToAgentTemplatePage()[pri:0, instance:com.tetherfi.test.tmac.AgentTemplateTest@79afa369]" name="NavigateToAgentTemplatePage" is-config="true" duration-ms="5677" started-at="2021-08-09T18:12:53 IST" finished-at="2021-08-09T18:12:59 IST">
          <reporter-output>
          </reporter-output>
        </test-method> <!-- NavigateToAgentTemplatePage -->
        <test-method status="PASS" signature="verifyArrowMoveForFirstAndLastPageInTemplateScreenTab()[pri:30, instance:com.tetherfi.test.tmac.AgentTemplateTest@79afa369]" name="verifyArrowMoveForFirstAndLastPageInTemplateScreenTab" duration-ms="3918" started-at="2021-08-09T18:12:59 IST" description=" To Verify Arrow Move for First and Last Page" finished-at="2021-08-09T18:13:03 IST">
          <reporter-output>
          </reporter-output>
        </test-method> <!-- verifyArrowMoveForFirstAndLastPageInTemplateScreenTab -->
        <test-method status="PASS" signature="afterEachMethod(java.lang.reflect.Method)[pri:0, instance:com.tetherfi.test.tmac.AgentTemplateTest@79afa369]" name="afterEachMethod" is-config="true" duration-ms="2411" started-at="2021-08-09T18:13:03 IST" finished-at="2021-08-09T18:13:05 IST">
          <params>
            <param index="0">
              <value>
                <![CDATA[public void com.tetherfi.test.tmac.AgentTemplateTest.verifyArrowMoveForFirstAndLastPageInTemplateScreenTab() throws java.lang.Exception]]>
              </value>
            </param>
          </params>
          <reporter-output>
          </reporter-output>
        </test-method> <!-- afterEachMethod -->
        <test-method status="PASS" signature="endTestCase(java.lang.reflect.Method)[pri:0, instance:com.tetherfi.test.tmac.AgentTemplateTest@79afa369]" name="endTestCase" is-config="true" duration-ms="1" started-at="2021-08-09T18:13:05 IST" finished-at="2021-08-09T18:13:05 IST">
          <params>
            <param index="0">
              <value>
                <![CDATA[public void com.tetherfi.test.tmac.AgentTemplateTest.verifyArrowMoveForFirstAndLastPageInTemplateScreenTab() throws java.lang.Exception]]>
              </value>
            </param>
          </params>
          <reporter-output>
          </reporter-output>
        </test-method> <!-- endTestCase -->
        <test-method status="PASS" signature="startTestCase(java.lang.reflect.Method)[pri:0, instance:com.tetherfi.test.tmac.AgentTemplateTest@79afa369]" name="startTestCase" is-config="true" duration-ms="0" started-at="2021-08-09T18:13:05 IST" finished-at="2021-08-09T18:13:05 IST">
          <params>
            <param index="0">
              <value>
                <![CDATA[public void com.tetherfi.test.tmac.AgentTemplateTest.verifyTotalNumberOfItemsPerPageDetailsInTemplateScreenTab()]]>
              </value>
            </param>
          </params>
          <reporter-output>
          </reporter-output>
        </test-method> <!-- startTestCase -->
        <test-method status="PASS" signature="NavigateToAgentTemplatePage()[pri:0, instance:com.tetherfi.test.tmac.AgentTemplateTest@79afa369]" name="NavigateToAgentTemplatePage" is-config="true" duration-ms="5510" started-at="2021-08-09T18:13:05 IST" finished-at="2021-08-09T18:13:11 IST">
          <reporter-output>
          </reporter-output>
        </test-method> <!-- NavigateToAgentTemplatePage -->
        <test-method status="PASS" signature="verifyTotalNumberOfItemsPerPageDetailsInTemplateScreenTab()[pri:31, instance:com.tetherfi.test.tmac.AgentTemplateTest@79afa369]" name="verifyTotalNumberOfItemsPerPageDetailsInTemplateScreenTab" duration-ms="1266" started-at="2021-08-09T18:13:11 IST" description="To Verify Total Number of Items Per Page Deatials " finished-at="2021-08-09T18:13:12 IST">
          <reporter-output>
          </reporter-output>
        </test-method> <!-- verifyTotalNumberOfItemsPerPageDetailsInTemplateScreenTab -->
        <test-method status="PASS" signature="afterEachMethod(java.lang.reflect.Method)[pri:0, instance:com.tetherfi.test.tmac.AgentTemplateTest@79afa369]" name="afterEachMethod" is-config="true" duration-ms="2360" started-at="2021-08-09T18:13:12 IST" finished-at="2021-08-09T18:13:14 IST">
          <params>
            <param index="0">
              <value>
                <![CDATA[public void com.tetherfi.test.tmac.AgentTemplateTest.verifyTotalNumberOfItemsPerPageDetailsInTemplateScreenTab()]]>
              </value>
            </param>
          </params>
          <reporter-output>
          </reporter-output>
        </test-method> <!-- afterEachMethod -->
        <test-method status="PASS" signature="endTestCase(java.lang.reflect.Method)[pri:0, instance:com.tetherfi.test.tmac.AgentTemplateTest@79afa369]" name="endTestCase" is-config="true" duration-ms="0" started-at="2021-08-09T18:13:14 IST" finished-at="2021-08-09T18:13:14 IST">
          <params>
            <param index="0">
              <value>
                <![CDATA[public void com.tetherfi.test.tmac.AgentTemplateTest.verifyTotalNumberOfItemsPerPageDetailsInTemplateScreenTab()]]>
              </value>
            </param>
          </params>
          <reporter-output>
          </reporter-output>
        </test-method> <!-- endTestCase -->
        <test-method status="PASS" signature="startTestCase(java.lang.reflect.Method)[pri:0, instance:com.tetherfi.test.tmac.AgentTemplateTest@79afa369]" name="startTestCase" is-config="true" duration-ms="0" started-at="2021-08-09T18:13:14 IST" finished-at="2021-08-09T18:13:14 IST">
          <params>
            <param index="0">
              <value>
                <![CDATA[public void com.tetherfi.test.tmac.AgentTemplateTest.verifyNumberOfItemsPerPageSelectionInTemplateScreenTab()]]>
              </value>
            </param>
          </params>
          <reporter-output>
          </reporter-output>
        </test-method> <!-- startTestCase -->
        <test-method status="PASS" signature="NavigateToAgentTemplatePage()[pri:0, instance:com.tetherfi.test.tmac.AgentTemplateTest@79afa369]" name="NavigateToAgentTemplatePage" is-config="true" duration-ms="5648" started-at="2021-08-09T18:13:14 IST" finished-at="2021-08-09T18:13:20 IST">
          <reporter-output>
          </reporter-output>
        </test-method> <!-- NavigateToAgentTemplatePage -->
        <test-method status="PASS" signature="verifyNumberOfItemsPerPageSelectionInTemplateScreenTab()[pri:32, instance:com.tetherfi.test.tmac.AgentTemplateTest@79afa369]" name="verifyNumberOfItemsPerPageSelectionInTemplateScreenTab" duration-ms="10808" started-at="2021-08-09T18:13:20 IST" description="To Verify Number of Items PerPage Selection " finished-at="2021-08-09T18:13:31 IST">
          <reporter-output>
          </reporter-output>
        </test-method> <!-- verifyNumberOfItemsPerPageSelectionInTemplateScreenTab -->
        <test-method status="PASS" signature="afterEachMethod(java.lang.reflect.Method)[pri:0, instance:com.tetherfi.test.tmac.AgentTemplateTest@79afa369]" name="afterEachMethod" is-config="true" duration-ms="2789" started-at="2021-08-09T18:13:31 IST" finished-at="2021-08-09T18:13:34 IST">
          <params>
            <param index="0">
              <value>
                <![CDATA[public void com.tetherfi.test.tmac.AgentTemplateTest.verifyNumberOfItemsPerPageSelectionInTemplateScreenTab()]]>
              </value>
            </param>
          </params>
          <reporter-output>
          </reporter-output>
        </test-method> <!-- afterEachMethod -->
        <test-method status="PASS" signature="endTestCase(java.lang.reflect.Method)[pri:0, instance:com.tetherfi.test.tmac.AgentTemplateTest@79afa369]" name="endTestCase" is-config="true" duration-ms="0" started-at="2021-08-09T18:13:34 IST" finished-at="2021-08-09T18:13:34 IST">
          <params>
            <param index="0">
              <value>
                <![CDATA[public void com.tetherfi.test.tmac.AgentTemplateTest.verifyNumberOfItemsPerPageSelectionInTemplateScreenTab()]]>
              </value>
            </param>
          </params>
          <reporter-output>
          </reporter-output>
        </test-method> <!-- endTestCase -->
        <test-method status="PASS" signature="NavigateToAgentTemplatePage()[pri:0, instance:com.tetherfi.test.tmac.AgentTemplateTest@79afa369]" name="NavigateToAgentTemplatePage" is-config="true" duration-ms="5722" started-at="2021-08-09T18:13:34 IST" finished-at="2021-08-09T18:13:39 IST">
          <reporter-output>
          </reporter-output>
        </test-method> <!-- NavigateToAgentTemplatePage -->
        <test-method status="PASS" signature="startTestCase(java.lang.reflect.Method)[pri:0, instance:com.tetherfi.test.tmac.AgentTemplateTest@79afa369]" name="startTestCase" is-config="true" duration-ms="0" started-at="2021-08-09T18:13:34 IST" finished-at="2021-08-09T18:13:34 IST">
          <params>
            <param index="0">
              <value>
                <![CDATA[public void com.tetherfi.test.tmac.AgentTemplateTest.searchPageTemplateScreenTab() throws java.lang.Exception]]>
              </value>
            </param>
          </params>
          <reporter-output>
          </reporter-output>
        </test-method> <!-- startTestCase -->
        <test-method status="PASS" signature="searchPageTemplateScreenTab()[pri:33, instance:com.tetherfi.test.tmac.AgentTemplateTest@79afa369]" name="searchPageTemplateScreenTab" duration-ms="7955" started-at="2021-08-09T18:13:39 IST" description="To Verify Search Page " finished-at="2021-08-09T18:13:47 IST">
          <reporter-output>
          </reporter-output>
        </test-method> <!-- searchPageTemplateScreenTab -->
[...]
        <test-method status="PASS" signature="searchwithoutSearchTextboxTemplateFeaturesTab()[pri:106, instance:com.tetherfi.test.tmac.AgentTemplateTest@79afa369]" name="searchwithoutSearchTextboxTemplateFeaturesTab" duration-ms="5386" started-at="2021-08-09T18:28:38 IST" description="To Verify Search without Search Textbox Data " finished-at="2021-08-09T18:28:43 IST">
          <reporter-output>
          </reporter-output>
        </test-method> <!-- searchwithoutSearchTextboxTemplateFeaturesTab -->
        <test-method status="PASS" signature="afterEachMethod(java.lang.reflect.Method)[pri:0, instance:com.tetherfi.test.tmac.AgentTemplateTest@79afa369]" name="afterEachMethod" is-config="true" duration-ms="2444" started-at="2021-08-09T18:28:43 IST" finished-at="2021-08-09T18:28:46 IST">
          <params>
            <param index="0">
              <value>
                <![CDATA[public void com.tetherfi.test.tmac.AgentTemplateTest.searchwithoutSearchTextboxTemplateFeaturesTab() throws java.lang.Exception]]>
              </value>
            </param>
          </params>
          <reporter-output>
          </reporter-output>
        </test-method> <!-- afterEachMethod -->
        <test-method status="PASS" signature="endTestCase(java.lang.reflect.Method)[pri:0, instance:com.tetherfi.test.tmac.AgentTemplateTest@79afa369]" name="endTestCase" is-config="true" duration-ms="1" started-at="2021-08-09T18:28:46 IST" finished-at="2021-08-09T18:28:46 IST">
          <params>
            <param index="0">
              <value>
                <![CDATA[public void com.tetherfi.test.tmac.AgentTemplateTest.searchwithoutSearchTextboxTemplateFeaturesTab() throws java.lang.Exception]]>
              </value>
            </param>
          </params>
          <reporter-output>
          </reporter-output>
        </test-method> <!-- endTestCase -->
        <test-method status="PASS" signature="startTestCase(java.lang.reflect.Method)[pri:0, instance:com.tetherfi.test.tmac.AgentTemplateTest@79afa369]" name="startTestCase" is-config="true" duration-ms="1" started-at="2021-08-09T18:28:46 IST" finished-at="2021-08-09T18:28:46 IST">
          <params>
            <param index="0">
              <value>
                <![CDATA[public void com.tetherfi.test.tmac.AgentTemplateTest.SearchClearSearchTemplateFeaturesTab() throws java.lang.Exception]]>
              </value>
            </param>
          </params>
          <reporter-output>
          </reporter-output>
        </test-method> <!-- startTestCase -->
        <test-method status="PASS" signature="NavigateToAgentTemplatePage()[pri:0, instance:com.tetherfi.test.tmac.AgentTemplateTest@79afa369]" name="NavigateToAgentTemplatePage" is-config="true" duration-ms="6748" started-at="2021-08-09T18:28:46 IST" finished-at="2021-08-09T18:28:53 IST">
          <reporter-output>
          </reporter-output>
        </test-method> <!-- NavigateToAgentTemplatePage -->
        <test-method status="PASS" signature="SearchClearSearchTemplateFeaturesTab()[pri:107, instance:com.tetherfi.test.tmac.AgentTemplateTest@79afa369]" name="SearchClearSearchTemplateFeaturesTab" duration-ms="6533" started-at="2021-08-09T18:28:53 IST" description=" To Verify Search Clear Search Button" finished-at="2021-08-09T18:28:59 IST">
          <reporter-output>
          </reporter-output>
        </test-method> <!-- SearchClearSearchTemplateFeaturesTab -->
        <test-method status="PASS" signature="afterEachMethod(java.lang.reflect.Method)[pri:0, instance:com.tetherfi.test.tmac.AgentTemplateTest@79afa369]" name="afterEachMethod" is-config="true" duration-ms="2644" started-at="2021-08-09T18:28:59 IST" finished-at="2021-08-09T18:29:02 IST">
          <params>
            <param index="0">
              <value>
                <![CDATA[public void com.tetherfi.test.tmac.AgentTemplateTest.SearchClearSearchTemplateFeaturesTab() throws java.lang.Exception]]>
              </value>
            </param>
          </params>
          <reporter-output>
          </reporter-output>
        </test-method> <!-- afterEachMethod -->
        <test-method status="PASS" signature="startTestCase(java.lang.reflect.Method)[pri:0, instance:com.tetherfi.test.tmac.AgentTemplateTest@79afa369]" name="startTestCase" is-config="true" duration-ms="0" started-at="2021-08-09T18:29:02 IST" finished-at="2021-08-09T18:29:02 IST">
          <params>
            <param index="0">
              <value>
                <![CDATA[public void com.tetherfi.test.tmac.AgentTemplateTest.SearchIsNotEqualToTemplateFeaturesTab() throws java.lang.Exception]]>
              </value>
            </param>
          </params>
          <reporter-output>
          </reporter-output>
        </test-method> <!-- startTestCase -->
        <test-method status="PASS" signature="NavigateToAgentTemplatePage()[pri:0, instance:com.tetherfi.test.tmac.AgentTemplateTest@79afa369]" name="NavigateToAgentTemplatePage" is-config="true" duration-ms="5605" started-at="2021-08-09T18:29:02 IST" finished-at="2021-08-09T18:29:07 IST">
          <reporter-output>
          </reporter-output>
        </test-method> <!-- NavigateToAgentTemplatePage -->
        <test-method status="PASS" signature="endTestCase(java.lang.reflect.Method)[pri:0, instance:com.tetherfi.test.tmac.AgentTemplateTest@79afa369]" name="endTestCase" is-config="true" duration-ms="0" started-at="2021-08-09T18:29:02 IST" finished-at="2021-08-09T18:29:02 IST">
          <params>
            <param index="0">
              <value>
                <![CDATA[public void com.tetherfi.test.tmac.AgentTemplateTest.SearchClearSearchTemplateFeaturesTab() throws java.lang.Exception]]>
              </value>
            </param>
          </params>
          <reporter-output>
          </reporter-output>
        </test-method> <!-- endTestCase -->
        <test-method status="PASS" signature="SearchIsNotEqualToTemplateFeaturesTab()[pri:108, instance:com.tetherfi.test.tmac.AgentTemplateTest@79afa369]" name="SearchIsNotEqualToTemplateFeaturesTab" duration-ms="7305" started-at="2021-08-09T18:29:07 IST" description="To Verify Search Data Is Not Equal to " finished-at="2021-08-09T18:29:15 IST">
          <reporter-output>
          </reporter-output>
        </test-method> <!-- SearchIsNotEqualToTemplateFeaturesTab -->
        <test-method status="PASS" signature="afterEachMethod(java.lang.reflect.Method)[pri:0, instance:com.tetherfi.test.tmac.AgentTemplateTest@79afa369]" name="afterEachMethod" is-config="true" duration-ms="2758" started-at="2021-08-09T18:29:15 IST" finished-at="2021-08-09T18:29:18 IST">
          <params>
            <param index="0">
              <value>
                <![CDATA[public void com.tetherfi.test.tmac.AgentTemplateTest.SearchIsNotEqualToTemplateFeaturesTab() throws java.lang.Exception]]>
              </value>
            </param>
          </params>
          <reporter-output>
          </reporter-output>
        </test-method> <!-- afterEachMethod -->
        <test-method status="PASS" signature="endTestCase(java.lang.reflect.Method)[pri:0, instance:com.tetherfi.test.tmac.AgentTemplateTest@79afa369]" name="endTestCase" is-config="true" duration-ms="0" started-at="2021-08-09T18:29:18 IST" finished-at="2021-08-09T18:29:18 IST">
          <params>
            <param index="0">
              <value>
                <![CDATA[public void com.tetherfi.test.tmac.AgentTemplateTest.SearchIsNotEqualToTemplateFeaturesTab() throws java.lang.Exception]]>
              </value>
            </param>
          </params>
          <reporter-output>
          </reporter-output>
        </test-method> <!-- endTestCase -->
        <test-method status="PASS" signature="NavigateToAgentTemplatePage()[pri:0, instance:com.tetherfi.test.tmac.AgentTemplateTest@79afa369]" name="NavigateToAgentTemplatePage" is-config="true" duration-ms="5558" started-at="2021-08-09T18:29:18 IST" finished-at="2021-08-09T18:29:23 IST">
          <reporter-output>
          </reporter-output>
        </test-method> <!-- NavigateToAgentTemplatePage -->
        <test-method status="PASS" signature="startTestCase(java.lang.reflect.Method)[pri:0, instance:com.tetherfi.test.tmac.AgentTemplateTest@79afa369]" name="startTestCase" is-config="true" duration-ms="0" started-at="2021-08-09T18:29:18 IST" finished-at="2021-08-09T18:29:18 IST">
          <params>
            <param index="0">
              <value>
                <![CDATA[public void com.tetherfi.test.tmac.AgentTemplateTest.SearchContainsTemplateFeaturesTab() throws java.lang.Exception]]>
              </value>
            </param>
          </params>
          <reporter-output>
          </reporter-output>
        </test-method> <!-- startTestCase -->
        <test-method status="PASS" signature="SearchContainsTemplateFeaturesTab()[pri:109, instance:com.tetherfi.test.tmac.AgentTemplateTest@79afa369]" name="SearchContainsTemplateFeaturesTab" duration-ms="6901" started-at="2021-08-09T18:29:23 IST" description="To Verify Search Data Contains " finished-at="2021-08-09T18:29:30 IST">
          <reporter-output>
          </reporter-output>
        </test-method> <!-- SearchContainsTemplateFeaturesTab -->
        <test-method status="PASS" signature="afterEachMethod(java.lang.reflect.Method)[pri:0, instance:com.tetherfi.test.tmac.AgentTemplateTest@79afa369]" name="afterEachMethod" is-config="true" duration-ms="2808" started-at="2021-08-09T18:29:30 IST" finished-at="2021-08-09T18:29:33 IST">
          <params>
            <param index="0">
              <value>
                <![CDATA[public void com.tetherfi.test.tmac.AgentTemplateTest.SearchContainsTemplateFeaturesTab() throws java.lang.Exception]]>
              </value>
            </param>
          </params>
          <reporter-output>
          </reporter-output>
        </test-method> <!-- afterEachMethod -->
        <test-method status="PASS" signature="endTestCase(java.lang.reflect.Method)[pri:0, instance:com.tetherfi.test.tmac.AgentTemplateTest@79afa369]" name="endTestCase" is-config="true" duration-ms="0" started-at="2021-08-09T18:29:33 IST" finished-at="2021-08-09T18:29:33 IST">
          <params>
            <param index="0">
              <value>
                <![CDATA[public void com.tetherfi.test.tmac.AgentTemplateTest.SearchContainsTemplateFeaturesTab() throws java.lang.Exception]]>
              </value>
            </param>
          </params>
          <reporter-output>
          </reporter-output>
        </test-method> <!-- endTestCase -->
        <test-method status="PASS" signature="NavigateToAgentTemplatePage()[pri:0, instance:com.tetherfi.test.tmac.AgentTemplateTest@79afa369]" name="NavigateToAgentTemplatePage" is-config="true" duration-ms="5566" started-at="2021-08-09T18:29:33 IST" finished-at="2021-08-09T18:29:38 IST">
          <reporter-output>
          </reporter-output>
        </test-method> <!-- NavigateToAgentTemplatePage -->
        <test-method status="PASS" signature="startTestCase(java.lang.reflect.Method)[pri:0, instance:com.tetherfi.test.tmac.AgentTemplateTest@79afa369]" name="startTestCase" is-config="true" duration-ms="0" started-at="2021-08-09T18:29:33 IST" finished-at="2021-08-09T18:29:33 IST">
          <params>
            <param index="0">
              <value>
                <![CDATA[public void com.tetherfi.test.tmac.AgentTemplateTest.SearchDoesNotContainsTemplateFeaturesTab() throws java.lang.Exception]]>
              </value>
            </param>
          </params>
          <reporter-output>
          </reporter-output>
        </test-method> <!-- startTestCase -->
        <test-method status="PASS" signature="SearchDoesNotContainsTemplateFeaturesTab()[pri:110, instance:com.tetherfi.test.tmac.AgentTemplateTest@79afa369]" name="SearchDoesNotContainsTemplateFeaturesTab" duration-ms="7073" started-at="2021-08-09T18:29:38 IST" description="To Verify Search Data Doesnot Contain " finished-at="2021-08-09T18:29:45 IST">
          <reporter-output>
          </reporter-output>
        </test-method> <!-- SearchDoesNotContainsTemplateFeaturesTab -->
        <test-method status="PASS" signature="afterEachMethod(java.lang.reflect.Method)[pri:0, instance:com.tetherfi.test.tmac.AgentTemplateTest@79afa369]" name="afterEachMethod" is-config="true" duration-ms="2854" started-at="2021-08-09T18:29:45 IST" finished-at="2021-08-09T18:29:48 IST">
          <params>
            <param index="0">
              <value>
                <![CDATA[public void com.tetherfi.test.tmac.AgentTemplateTest.SearchDoesNotContainsTemplateFeaturesTab() throws java.lang.Exception]]>
              </value>
            </param>
          </params>
          <reporter-output>
          </reporter-output>
        </test-method> <!-- afterEachMethod -->
        <test-method status="PASS" signature="endTestCase(java.lang.reflect.Method)[pri:0, instance:com.tetherfi.test.tmac.AgentTemplateTest@79afa369]" name="endTestCase" is-config="true" duration-ms="0" started-at="2021-08-09T18:29:48 IST" finished-at="2021-08-09T18:29:48 IST">
          <params>
            <param index="0">
              <value>
                <![CDATA[public void com.tetherfi.test.tmac.AgentTemplateTest.SearchDoesNotContainsTemplateFeaturesTab() throws java.lang.Exception]]>
              </value>
            </param>
          </params>
          <reporter-output>
          </reporter-output>
        </test-method> <!-- endTestCase -->
        <test-method status="PASS" signature="startTestCase(java.lang.reflect.Method)[pri:0, instance:com.tetherfi.test.tmac.AgentTemplateTest@79afa369]" name="startTestCase" is-config="true" duration-ms="0" started-at="2021-08-09T18:29:48 IST" finished-at="2021-08-09T18:29:48 IST">
          <params>
            <param index="0">
              <value>
                <![CDATA[public void com.tetherfi.test.tmac.AgentTemplateTest.SearchStartsWithTemplateFeaturesTab() throws java.lang.Exception]]>
              </value>
            </param>
          </params>
          <reporter-output>
          </reporter-output>
        </test-method> <!-- startTestCase -->
        <test-method status="PASS" signature="NavigateToAgentTemplatePage()[pri:0, instance:com.tetherfi.test.tmac.AgentTemplateTest@79afa369]" name="NavigateToAgentTemplatePage" is-config="true" duration-ms="5485" started-at="2021-08-09T18:29:48 IST" finished-at="2021-08-09T18:29:54 IST">
          <reporter-output>
          </reporter-output>
        </test-method> <!-- NavigateToAgentTemplatePage -->
        <test-method status="PASS" signature="SearchStartsWithTemplateFeaturesTab()[pri:111, instance:com.tetherfi.test.tmac.AgentTemplateTest@79afa369]" name="SearchStartsWithTemplateFeaturesTab" duration-ms="6362" started-at="2021-08-09T18:29:54 IST" description="To Verify Search Data Starts with " finished-at="2021-08-09T18:30:00 IST">
          <reporter-output>
          </reporter-output>
        </test-method> <!-- SearchStartsWithTemplateFeaturesTab -->
        <test-method status="PASS" signature="afterEachMethod(java.lang.reflect.Method)[pri:0, instance:com.tetherfi.test.tmac.AgentTemplateTest@79afa369]" name="afterEachMethod" is-config="true" duration-ms="2671" started-at="2021-08-09T18:30:00 IST" finished-at="2021-08-09T18:30:03 IST">
          <params>
            <param index="0">
              <value>
                <![CDATA[public void com.tetherfi.test.tmac.AgentTemplateTest.SearchStartsWithTemplateFeaturesTab() throws java.lang.Exception]]>
              </value>
            </param>
          </params>
          <reporter-output>
          </reporter-output>
        </test-method> <!-- afterEachMethod -->
        <test-method status="PASS" signature="endTestCase(java.lang.reflect.Method)[pri:0, instance:com.tetherfi.test.tmac.AgentTemplateTest@79afa369]" name="endTestCase" is-config="true" duration-ms="1" started-at="2021-08-09T18:30:03 IST" finished-at="2021-08-09T18:30:03 IST">
          <params>
            <param index="0">
              <value>
                <![CDATA[public void com.tetherfi.test.tmac.AgentTemplateTest.SearchStartsWithTemplateFeaturesTab() throws java.lang.Exception]]>
              </value>
            </param>
          </params>
          <reporter-output>
          </reporter-output>
        </test-method> <!-- endTestCase -->
        <test-method status="PASS" signature="startTestCase(java.lang.reflect.Method)[pri:0, instance:com.tetherfi.test.tmac.AgentTemplateTest@79afa369]" name="startTestCase" is-config="true" duration-ms="0" started-at="2021-08-09T18:30:03 IST" finished-at="2021-08-09T18:30:03 IST">
          <params>
            <param index="0">
              <value>
                <![CDATA[public void com.tetherfi.test.tmac.AgentTemplateTest.SearchEndsWithTemplateFeaturesTab() throws java.lang.Exception]]>
              </value>
            </param>
          </params>
          <reporter-output>
          </reporter-output>
        </test-method> <!-- startTestCase -->
        <test-method status="PASS" signature="NavigateToAgentTemplatePage()[pri:0, instance:com.tetherfi.test.tmac.AgentTemplateTest@79afa369]" name="NavigateToAgentTemplatePage" is-config="true" duration-ms="5309" started-at="2021-08-09T18:30:03 IST" finished-at="2021-08-09T18:30:08 IST">
          <reporter-output>
          </reporter-output>
        </test-method> <!-- NavigateToAgentTemplatePage -->
        <test-method status="PASS" signature="SearchEndsWithTemplateFeaturesTab()[pri:112, instance:com.tetherfi.test.tmac.AgentTemplateTest@79afa369]" name="SearchEndsWithTemplateFeaturesTab" duration-ms="6370" started-at="2021-08-09T18:30:08 IST" description="To Verify search Data Ens with " finished-at="2021-08-09T18:30:15 IST">
          <reporter-output>
          </reporter-output>
        </test-method> <!-- SearchEndsWithTemplateFeaturesTab -->
        <test-method status="PASS" signature="afterEachMethod(java.lang.reflect.Method)[pri:0, instance:com.tetherfi.test.tmac.AgentTemplateTest@79afa369]" name="afterEachMethod" is-config="true" duration-ms="2609" started-at="2021-08-09T18:30:15 IST" finished-at="2021-08-09T18:30:17 IST">
          <params>
            <param index="0">
              <value>
                <![CDATA[public void com.tetherfi.test.tmac.AgentTemplateTest.SearchEndsWithTemplateFeaturesTab() throws java.lang.Exception]]>
              </value>
            </param>
          </params>
          <reporter-output>
          </reporter-output>
        </test-method> <!-- afterEachMethod -->
        <test-method status="PASS" signature="endTestCase(java.lang.reflect.Method)[pri:0, instance:com.tetherfi.test.tmac.AgentTemplateTest@79afa369]" name="endTestCase" is-config="true" duration-ms="1" started-at="2021-08-09T18:30:17 IST" finished-at="2021-08-09T18:30:17 IST">
          <params>
            <param index="0">
              <value>
                <![CDATA[public void com.tetherfi.test.tmac.AgentTemplateTest.SearchEndsWithTemplateFeaturesTab() throws java.lang.Exception]]>
              </value>
            </param>
          </params>
          <reporter-output>
          </reporter-output>
        </test-method> <!-- endTestCase -->
        <test-method status="PASS" signature="tearDown()[pri:0, instance:com.tetherfi.test.tmac.AgentTemplateTest@79afa369]" name="tearDown" is-config="true" duration-ms="2440" started-at="2021-08-09T18:30:17 IST" finished-at="2021-08-09T18:30:20 IST">
          <reporter-output>
          </reporter-output>
        </test-method> <!-- tearDown -->
      </class> <!-- com.tetherfi.test.tmac.AgentTemplateTest -->
    </test> <!-- OCMRegression -->
  </suite> <!-- OCM Modules Test Automation -->
</testng-results>
