<?xml version="1.0" encoding="UTF-8"?>
<testng-results ignored="0" total="3" passed="3" failed="0" skipped="0">
  <reporter-output>
  </reporter-output>
  <suite started-at="2019-09-13T18:01:54 IST" name="Default suite" finished-at="2019-09-13T18:03:28 IST" duration-ms="94184">
    <groups>
      <group name="Checker">
        <method signature="SmsResponseTemplateDeleteTest.ApproveforDeleteSmsResponseTemplateRecord()[pri:15, instance:com.tetherfi.test.sms.SmsResponseTemplateDeleteTest@6ebc9573]" name="ApproveforDeleteSmsResponseTemplateRecord" class="com.tetherfi.test.sms.SmsResponseTemplateDeleteTest"/>
        <method signature="SmsResponseTemplateDeleteTest.VerifyAuditTrailReportForApprove()[pri:16, instance:com.tetherfi.test.sms.SmsResponseTemplateDeleteTest@6ebc9573]" name="VerifyAuditTrailReportForApprove" class="com.tetherfi.test.sms.SmsResponseTemplateDeleteTest"/>
      </group> <!-- Checker -->
      <group name="Maker">
        <method signature="SmsResponseTemplateDeleteTest.VerifyAuditTrailReportForSendForApprove()[pri:14, instance:com.tetherfi.test.sms.SmsResponseTemplateDeleteTest@6ebc9573]" name="VerifyAuditTrailReportForSendForApprove" class="com.tetherfi.test.sms.SmsResponseTemplateDeleteTest"/>
      </group> <!-- Maker -->
    </groups>
    <test started-at="2019-09-13T18:01:54 IST" name="Default test" finished-at="2019-09-13T18:03:28 IST" duration-ms="94184">
      <class name="com.tetherfi.test.sms.SmsResponseTemplateDeleteTest">
        <test-method is-config="true" signature="NavigateToSmsResponseTemplatePage(java.lang.reflect.Method)[pri:0, instance:com.tetherfi.test.sms.SmsResponseTemplateDeleteTest@6ebc9573]" started-at="2019-09-13T18:01:54 IST" name="NavigateToSmsResponseTemplatePage" finished-at="2019-09-13T18:02:07 IST" duration-ms="12999" status="PASS">
          <params>
            <param index="0">
              <value>
                <![CDATA[public void com.tetherfi.test.sms.SmsResponseTemplateDeleteTest.VerifyAuditTrailReportForSendForApprove() throws java.lang.Exception]]>
              </value>
            </param>
          </params>
          <reporter-output>
          </reporter-output>
        </test-method> <!-- NavigateToSmsResponseTemplatePage -->
        <test-method signature="VerifyAuditTrailReportForSendForApprove()[pri:14, instance:com.tetherfi.test.sms.SmsResponseTemplateDeleteTest@6ebc9573]" started-at="2019-09-13T18:02:07 IST" name="VerifyAuditTrailReportForSendForApprove" finished-at="2019-09-13T18:02:28 IST" duration-ms="21043" status="PASS">
          <reporter-output>
          </reporter-output>
        </test-method> <!-- VerifyAuditTrailReportForSendForApprove -->
        <test-method is-config="true" signature="afterEachMethod(java.lang.reflect.Method)[pri:0, instance:com.tetherfi.test.sms.SmsResponseTemplateDeleteTest@6ebc9573]" started-at="2019-09-13T18:02:28 IST" name="afterEachMethod" finished-at="2019-09-13T18:02:30 IST" duration-ms="2724" status="PASS">
          <params>
            <param index="0">
              <value>
                <![CDATA[public void com.tetherfi.test.sms.SmsResponseTemplateDeleteTest.VerifyAuditTrailReportForSendForApprove() throws java.lang.Exception]]>
              </value>
            </param>
          </params>
          <reporter-output>
          </reporter-output>
        </test-method> <!-- afterEachMethod -->
        <test-method is-config="true" signature="NavigateToSmsResponseTemplatePage(java.lang.reflect.Method)[pri:0, instance:com.tetherfi.test.sms.SmsResponseTemplateDeleteTest@6ebc9573]" started-at="2019-09-13T18:02:31 IST" name="NavigateToSmsResponseTemplatePage" finished-at="2019-09-13T18:02:40 IST" duration-ms="9317" status="PASS">
          <params>
            <param index="0">
              <value>
                <![CDATA[public void com.tetherfi.test.sms.SmsResponseTemplateDeleteTest.ApproveforDeleteSmsResponseTemplateRecord() throws java.lang.Exception]]>
              </value>
            </param>
          </params>
          <reporter-output>
          </reporter-output>
        </test-method> <!-- NavigateToSmsResponseTemplatePage -->
        <test-method signature="ApproveforDeleteSmsResponseTemplateRecord()[pri:15, instance:com.tetherfi.test.sms.SmsResponseTemplateDeleteTest@6ebc9573]" started-at="2019-09-13T18:02:40 IST" name="ApproveforDeleteSmsResponseTemplateRecord" finished-at="2019-09-13T18:02:52 IST" depends-on-methods="com.tetherfi.test.sms.SmsResponseTemplateDeleteTest.VerifyAuditTrailReportForSendForApprove" duration-ms="12506" status="PASS">
          <reporter-output>
          </reporter-output>
        </test-method> <!-- ApproveforDeleteSmsResponseTemplateRecord -->
        <test-method is-config="true" signature="afterEachMethod(java.lang.reflect.Method)[pri:0, instance:com.tetherfi.test.sms.SmsResponseTemplateDeleteTest@6ebc9573]" started-at="2019-09-13T18:02:52 IST" name="afterEachMethod" finished-at="2019-09-13T18:02:55 IST" duration-ms="2711" status="PASS">
          <params>
            <param index="0">
              <value>
                <![CDATA[public void com.tetherfi.test.sms.SmsResponseTemplateDeleteTest.ApproveforDeleteSmsResponseTemplateRecord() throws java.lang.Exception]]>
              </value>
            </param>
          </params>
          <reporter-output>
          </reporter-output>
        </test-method> <!-- afterEachMethod -->
        <test-method is-config="true" signature="NavigateToSmsResponseTemplatePage(java.lang.reflect.Method)[pri:0, instance:com.tetherfi.test.sms.SmsResponseTemplateDeleteTest@6ebc9573]" started-at="2019-09-13T18:02:55 IST" name="NavigateToSmsResponseTemplatePage" finished-at="2019-09-13T18:03:05 IST" duration-ms="9514" status="PASS">
          <params>
            <param index="0">
              <value>
                <![CDATA[public void com.tetherfi.test.sms.SmsResponseTemplateDeleteTest.VerifyAuditTrailReportForApprove() throws java.lang.Exception]]>
              </value>
            </param>
          </params>
          <reporter-output>
          </reporter-output>
        </test-method> <!-- NavigateToSmsResponseTemplatePage -->
        <test-method signature="VerifyAuditTrailReportForApprove()[pri:16, instance:com.tetherfi.test.sms.SmsResponseTemplateDeleteTest@6ebc9573]" started-at="2019-09-13T18:03:05 IST" name="VerifyAuditTrailReportForApprove" finished-at="2019-09-13T18:03:25 IST" depends-on-methods="com.tetherfi.test.sms.SmsResponseTemplateDeleteTest.ApproveforDeleteSmsResponseTemplateRecord" duration-ms="20471" status="PASS">
          <reporter-output>
          </reporter-output>
        </test-method> <!-- VerifyAuditTrailReportForApprove -->
        <test-method is-config="true" signature="afterEachMethod(java.lang.reflect.Method)[pri:0, instance:com.tetherfi.test.sms.SmsResponseTemplateDeleteTest@6ebc9573]" started-at="2019-09-13T18:03:25 IST" name="afterEachMethod" finished-at="2019-09-13T18:03:28 IST" duration-ms="2806" status="PASS">
          <params>
            <param index="0">
              <value>
                <![CDATA[public void com.tetherfi.test.sms.SmsResponseTemplateDeleteTest.VerifyAuditTrailReportForApprove() throws java.lang.Exception]]>
              </value>
            </param>
          </params>
          <reporter-output>
          </reporter-output>
        </test-method> <!-- afterEachMethod -->
      </class> <!-- com.tetherfi.test.sms.SmsResponseTemplateDeleteTest -->
    </test> <!-- Default test -->
  </suite> <!-- Default suite -->
</testng-results>
