<?xml version="1.0" encoding="UTF-8"?>
<testng-results skipped="0" failed="1" ignored="0" total="1" passed="0">
  <reporter-output>
  </reporter-output>
  <suite name="Default suite" duration-ms="151215" started-at="2020-04-17T12:11:49 IST" finished-at="2020-04-17T12:14:20 IST">
    <groups>
    </groups>
    <test name="Default test" duration-ms="151215" started-at="2020-04-17T12:11:49 IST" finished-at="2020-04-17T12:14:20 IST">
      <class name="com.tetherfi.test.reports.OCMAgentSummaryReportTest">
        <test-method status="PASS" signature="openApplication()[pri:0, instance:com.tetherfi.test.reports.OCMAgentSummaryReportTest@1907874b]" name="openApplication" is-config="true" duration-ms="120571" started-at="2020-04-17T12:11:49 IST" finished-at="2020-04-17T12:13:50 IST">
          <reporter-output>
          </reporter-output>
        </test-method> <!-- openApplication -->
        <test-method status="PASS" signature="startTestCase(java.lang.reflect.Method)[pri:0, instance:com.tetherfi.test.reports.OCMAgentSummaryReportTest@1907874b]" name="startTestCase" is-config="true" duration-ms="4" started-at="2020-04-17T12:13:50 IST" finished-at="2020-04-17T12:13:50 IST">
          <params>
            <param index="0">
              <value>
                <![CDATA[public void com.tetherfi.test.reports.OCMAgentSummaryReportTest.database() throws java.lang.Exception]]>
              </value>
            </param>
          </params>
          <reporter-output>
          </reporter-output>
        </test-method> <!-- startTestCase -->
        <test-method status="PASS" signature="NavigateToOcmReportsPage()[pri:0, instance:com.tetherfi.test.reports.OCMAgentSummaryReportTest@1907874b]" name="NavigateToOcmReportsPage" is-config="true" duration-ms="9579" started-at="2020-04-17T12:13:50 IST" finished-at="2020-04-17T12:13:59 IST">
          <reporter-output>
          </reporter-output>
        </test-method> <!-- NavigateToOcmReportsPage -->
        <test-method status="FAIL" signature="database()[pri:38, instance:com.tetherfi.test.reports.OCMAgentSummaryReportTest@1907874b]" name="database" duration-ms="10716" started-at="2020-04-17T12:13:59 IST" description="To verify main page details of Agent Summary report" finished-at="2020-04-17T12:14:10 IST">
          <exception class="java.lang.NullPointerException">
            <full-stacktrace>
              <![CDATA[java.lang.NullPointerException
at java.util.Calendar.setTime(Unknown Source)
at java.text.SimpleDateFormat.format(Unknown Source)
at java.text.SimpleDateFormat.format(Unknown Source)
at java.text.DateFormat.format(Unknown Source)
at com.tetherfi.pages.OCMReportsPage.formatDate(OCMReportsPage.java:649)
at com.tetherfi.pages.OCMReportsPage.chooseReport(OCMReportsPage.java:635)
at com.tetherfi.pages.OCMReportsPage.showReport(OCMReportsPage.java:327)
at com.tetherfi.test.reports.OCMAgentSummaryReportTest.database(OCMAgentSummaryReportTest.java:472)
at sun.reflect.NativeMethodAccessorImpl.invoke0(Native Method)
at sun.reflect.NativeMethodAccessorImpl.invoke(Unknown Source)
at sun.reflect.DelegatingMethodAccessorImpl.invoke(Unknown Source)
at java.lang.reflect.Method.invoke(Unknown Source)
at org.testng.internal.MethodInvocationHelper.invokeMethod(MethodInvocationHelper.java:133)
at org.testng.internal.TestInvoker.invokeMethod(TestInvoker.java:584)
at org.testng.internal.TestInvoker.invokeTestMethod(TestInvoker.java:172)
at org.testng.internal.MethodRunner.runInSequence(MethodRunner.java:46)
at org.testng.internal.TestInvoker$MethodInvocationAgent.invoke(TestInvoker.java:804)
at org.testng.internal.TestInvoker.invokeTestMethods(TestInvoker.java:145)
at org.testng.internal.TestMethodWorker.invokeTestMethods(TestMethodWorker.java:146)
at org.testng.internal.TestMethodWorker.run(TestMethodWorker.java:128)
at java.util.ArrayList.forEach(Unknown Source)
at org.testng.TestRunner.privateRun(TestRunner.java:770)
at org.testng.TestRunner.run(TestRunner.java:591)
at org.testng.SuiteRunner.runTest(SuiteRunner.java:402)
at org.testng.SuiteRunner.runSequentially(SuiteRunner.java:396)
at org.testng.SuiteRunner.privateRun(SuiteRunner.java:355)
at org.testng.SuiteRunner.run(SuiteRunner.java:304)
at org.testng.SuiteRunnerWorker.runSuite(SuiteRunnerWorker.java:53)
at org.testng.SuiteRunnerWorker.run(SuiteRunnerWorker.java:96)
at org.testng.TestNG.runSuitesSequentially(TestNG.java:1180)
at org.testng.TestNG.runSuitesLocally(TestNG.java:1102)
at org.testng.TestNG.runSuites(TestNG.java:1032)
at org.testng.TestNG.run(TestNG.java:1000)
at org.testng.remote.AbstractRemoteTestNG.run(AbstractRemoteTestNG.java:115)
at org.testng.remote.RemoteTestNG.initAndRun(RemoteTestNG.java:251)
at org.testng.remote.RemoteTestNG.main(RemoteTestNG.java:77)
]]>
            </full-stacktrace>
          </exception> <!-- java.lang.NullPointerException -->
          <reporter-output>
          </reporter-output>
        </test-method> <!-- database -->
        <test-method status="PASS" signature="afterEachMethod(java.lang.reflect.Method)[pri:0, instance:com.tetherfi.test.reports.OCMAgentSummaryReportTest@1907874b]" name="afterEachMethod" is-config="true" duration-ms="7778" started-at="2020-04-17T12:14:10 IST" finished-at="2020-04-17T12:14:18 IST">
          <params>
            <param index="0">
              <value>
                <![CDATA[public void com.tetherfi.test.reports.OCMAgentSummaryReportTest.database() throws java.lang.Exception]]>
              </value>
            </param>
          </params>
          <reporter-output>
          </reporter-output>
        </test-method> <!-- afterEachMethod -->
        <test-method status="PASS" signature="endTestCase(java.lang.reflect.Method)[pri:0, instance:com.tetherfi.test.reports.OCMAgentSummaryReportTest@1907874b]" name="endTestCase" is-config="true" duration-ms="1" started-at="2020-04-17T12:14:18 IST" finished-at="2020-04-17T12:14:18 IST">
          <params>
            <param index="0">
              <value>
                <![CDATA[public void com.tetherfi.test.reports.OCMAgentSummaryReportTest.database() throws java.lang.Exception]]>
              </value>
            </param>
          </params>
          <reporter-output>
          </reporter-output>
        </test-method> <!-- endTestCase -->
        <test-method status="PASS" signature="tearDown()[pri:0, instance:com.tetherfi.test.reports.OCMAgentSummaryReportTest@1907874b]" name="tearDown" is-config="true" duration-ms="2453" started-at="2020-04-17T12:14:18 IST" finished-at="2020-04-17T12:14:20 IST">
          <reporter-output>
          </reporter-output>
        </test-method> <!-- tearDown -->
      </class> <!-- com.tetherfi.test.reports.OCMAgentSummaryReportTest -->
    </test> <!-- Default test -->
  </suite> <!-- Default suite -->
</testng-results>
