<?xml version="1.0" encoding="UTF-8"?>
<testng-results ignored="0" total="6" passed="5" failed="1" skipped="0">
  <reporter-output>
  </reporter-output>
  <suite started-at="2019-11-20T14:49:30 IST" name="Default suite" finished-at="2019-11-20T14:51:12 IST" duration-ms="102475">
    <groups>
    </groups>
    <test started-at="2019-11-20T14:49:30 IST" name="Default test" finished-at="2019-11-20T14:51:12 IST" duration-ms="102475">
      <class name="com.tetherfi.test.DashboardColorCodeConfigTest">
        <test-method is-config="true" signature="openApplication()[pri:0, instance:com.tetherfi.test.DashboardColorCodeConfigTest@7f4701b1]" started-at="2019-11-20T14:49:30 IST" name="openApplication" finished-at="2019-11-20T14:49:53 IST" duration-ms="23086" status="PASS">
          <reporter-output>
          </reporter-output>
        </test-method> <!-- openApplication -->
        <test-method is-config="true" signature="startTestCase(java.lang.reflect.Method)[pri:0, instance:com.tetherfi.test.DashboardColorCodeConfigTest@7f4701b1]" started-at="2019-11-20T14:49:53 IST" name="startTestCase" finished-at="2019-11-20T14:49:53 IST" duration-ms="5" status="PASS">
          <params>
            <param index="0">
              <value>
                <![CDATA[public void com.tetherfi.test.DashboardColorCodeConfigTest.DeleteCancelRecord() throws java.lang.Exception]]>
              </value>
            </param>
          </params>
          <reporter-output>
          </reporter-output>
        </test-method> <!-- startTestCase -->
        <test-method is-config="true" signature="NavigateToDashboardColorCodeConfigPage()[pri:0, instance:com.tetherfi.test.DashboardColorCodeConfigTest@7f4701b1]" started-at="2019-11-20T14:49:53 IST" name="NavigateToDashboardColorCodeConfigPage" finished-at="2019-11-20T14:49:56 IST" duration-ms="3334" status="PASS">
          <reporter-output>
          </reporter-output>
        </test-method> <!-- NavigateToDashboardColorCodeConfigPage -->
        <test-method signature="DeleteCancelRecord()[pri:32, instance:com.tetherfi.test.DashboardColorCodeConfigTest@7f4701b1]" started-at="2019-11-20T14:49:56 IST" name="DeleteCancelRecord" finished-at="2019-11-20T14:50:00 IST" duration-ms="4217" status="PASS">
          <reporter-output>
          </reporter-output>
        </test-method> <!-- DeleteCancelRecord -->
        <test-method is-config="true" signature="afterEachMethod(java.lang.reflect.Method)[pri:0, instance:com.tetherfi.test.DashboardColorCodeConfigTest@7f4701b1]" started-at="2019-11-20T14:50:00 IST" name="afterEachMethod" finished-at="2019-11-20T14:50:02 IST" duration-ms="1331" status="PASS">
          <params>
            <param index="0">
              <value>
                <![CDATA[public void com.tetherfi.test.DashboardColorCodeConfigTest.DeleteCancelRecord() throws java.lang.Exception]]>
              </value>
            </param>
          </params>
          <reporter-output>
          </reporter-output>
        </test-method> <!-- afterEachMethod -->
        <test-method is-config="true" signature="endTestCase(java.lang.reflect.Method)[pri:0, instance:com.tetherfi.test.DashboardColorCodeConfigTest@7f4701b1]" started-at="2019-11-20T14:50:02 IST" name="endTestCase" finished-at="2019-11-20T14:50:02 IST" duration-ms="0" status="PASS">
          <params>
            <param index="0">
              <value>
                <![CDATA[public void com.tetherfi.test.DashboardColorCodeConfigTest.DeleteCancelRecord() throws java.lang.Exception]]>
              </value>
            </param>
          </params>
          <reporter-output>
          </reporter-output>
        </test-method> <!-- endTestCase -->
        <test-method is-config="true" signature="startTestCase(java.lang.reflect.Method)[pri:0, instance:com.tetherfi.test.DashboardColorCodeConfigTest@7f4701b1]" started-at="2019-11-20T14:50:02 IST" name="startTestCase" finished-at="2019-11-20T14:50:02 IST" duration-ms="0" status="PASS">
          <params>
            <param index="0">
              <value>
                <![CDATA[public void com.tetherfi.test.DashboardColorCodeConfigTest.DeleteWithoutDeleteReasonRecord() throws java.lang.Exception]]>
              </value>
            </param>
          </params>
          <reporter-output>
          </reporter-output>
        </test-method> <!-- startTestCase -->
        <test-method is-config="true" signature="NavigateToDashboardColorCodeConfigPage()[pri:0, instance:com.tetherfi.test.DashboardColorCodeConfigTest@7f4701b1]" started-at="2019-11-20T14:50:02 IST" name="NavigateToDashboardColorCodeConfigPage" finished-at="2019-11-20T14:50:05 IST" duration-ms="2971" status="PASS">
          <reporter-output>
          </reporter-output>
        </test-method> <!-- NavigateToDashboardColorCodeConfigPage -->
        <test-method signature="DeleteWithoutDeleteReasonRecord()[pri:33, instance:com.tetherfi.test.DashboardColorCodeConfigTest@7f4701b1]" started-at="2019-11-20T14:50:05 IST" name="DeleteWithoutDeleteReasonRecord" finished-at="2019-11-20T14:50:13 IST" duration-ms="7868" status="PASS">
          <reporter-output>
          </reporter-output>
        </test-method> <!-- DeleteWithoutDeleteReasonRecord -->
        <test-method is-config="true" signature="afterEachMethod(java.lang.reflect.Method)[pri:0, instance:com.tetherfi.test.DashboardColorCodeConfigTest@7f4701b1]" started-at="2019-11-20T14:50:13 IST" name="afterEachMethod" finished-at="2019-11-20T14:50:13 IST" duration-ms="375" status="PASS">
          <params>
            <param index="0">
              <value>
                <![CDATA[public void com.tetherfi.test.DashboardColorCodeConfigTest.DeleteWithoutDeleteReasonRecord() throws java.lang.Exception]]>
              </value>
            </param>
          </params>
          <reporter-output>
          </reporter-output>
        </test-method> <!-- afterEachMethod -->
        <test-method is-config="true" signature="endTestCase(java.lang.reflect.Method)[pri:0, instance:com.tetherfi.test.DashboardColorCodeConfigTest@7f4701b1]" started-at="2019-11-20T14:50:13 IST" name="endTestCase" finished-at="2019-11-20T14:50:13 IST" duration-ms="0" status="PASS">
          <params>
            <param index="0">
              <value>
                <![CDATA[public void com.tetherfi.test.DashboardColorCodeConfigTest.DeleteWithoutDeleteReasonRecord() throws java.lang.Exception]]>
              </value>
            </param>
          </params>
          <reporter-output>
          </reporter-output>
        </test-method> <!-- endTestCase -->
        <test-method is-config="true" signature="NavigateToDashboardColorCodeConfigPage()[pri:0, instance:com.tetherfi.test.DashboardColorCodeConfigTest@7f4701b1]" started-at="2019-11-20T14:50:13 IST" name="NavigateToDashboardColorCodeConfigPage" finished-at="2019-11-20T14:50:17 IST" duration-ms="4017" status="PASS">
          <reporter-output>
          </reporter-output>
        </test-method> <!-- NavigateToDashboardColorCodeConfigPage -->
        <test-method is-config="true" signature="startTestCase(java.lang.reflect.Method)[pri:0, instance:com.tetherfi.test.DashboardColorCodeConfigTest@7f4701b1]" started-at="2019-11-20T14:50:13 IST" name="startTestCase" finished-at="2019-11-20T14:50:13 IST" duration-ms="0" status="PASS">
          <params>
            <param index="0">
              <value>
                <![CDATA[public void com.tetherfi.test.DashboardColorCodeConfigTest.DeleteRecord() throws java.lang.Exception]]>
              </value>
            </param>
          </params>
          <reporter-output>
          </reporter-output>
        </test-method> <!-- startTestCase -->
        <test-method signature="DeleteRecord()[pri:34, instance:com.tetherfi.test.DashboardColorCodeConfigTest@7f4701b1]" started-at="2019-11-20T14:50:17 IST" name="DeleteRecord" finished-at="2019-11-20T14:50:22 IST" duration-ms="5583" status="PASS">
          <reporter-output>
          </reporter-output>
        </test-method> <!-- DeleteRecord -->
        <test-method is-config="true" signature="afterEachMethod(java.lang.reflect.Method)[pri:0, instance:com.tetherfi.test.DashboardColorCodeConfigTest@7f4701b1]" started-at="2019-11-20T14:50:23 IST" name="afterEachMethod" finished-at="2019-11-20T14:50:24 IST" duration-ms="1433" status="PASS">
          <params>
            <param index="0">
              <value>
                <![CDATA[public void com.tetherfi.test.DashboardColorCodeConfigTest.DeleteRecord() throws java.lang.Exception]]>
              </value>
            </param>
          </params>
          <reporter-output>
          </reporter-output>
        </test-method> <!-- afterEachMethod -->
        <test-method is-config="true" signature="endTestCase(java.lang.reflect.Method)[pri:0, instance:com.tetherfi.test.DashboardColorCodeConfigTest@7f4701b1]" started-at="2019-11-20T14:50:24 IST" name="endTestCase" finished-at="2019-11-20T14:50:24 IST" duration-ms="1" status="PASS">
          <params>
            <param index="0">
              <value>
                <![CDATA[public void com.tetherfi.test.DashboardColorCodeConfigTest.DeleteRecord() throws java.lang.Exception]]>
              </value>
            </param>
          </params>
          <reporter-output>
          </reporter-output>
        </test-method> <!-- endTestCase -->
        <test-method is-config="true" signature="startTestCase(java.lang.reflect.Method)[pri:0, instance:com.tetherfi.test.DashboardColorCodeConfigTest@7f4701b1]" started-at="2019-11-20T14:50:24 IST" name="startTestCase" finished-at="2019-11-20T14:50:24 IST" duration-ms="1" status="PASS">
          <params>
            <param index="0">
              <value>
                <![CDATA[public void com.tetherfi.test.DashboardColorCodeConfigTest.VerifyAuditTrialReportForDelete() throws java.lang.Exception]]>
              </value>
            </param>
          </params>
          <reporter-output>
          </reporter-output>
        </test-method> <!-- startTestCase -->
        <test-method is-config="true" signature="NavigateToDashboardColorCodeConfigPage()[pri:0, instance:com.tetherfi.test.DashboardColorCodeConfigTest@7f4701b1]" started-at="2019-11-20T14:50:24 IST" name="NavigateToDashboardColorCodeConfigPage" finished-at="2019-11-20T14:50:27 IST" duration-ms="2962" status="PASS">
          <reporter-output>
          </reporter-output>
        </test-method> <!-- NavigateToDashboardColorCodeConfigPage -->
        <test-method signature="VerifyAuditTrialReportForDelete()[pri:35, instance:com.tetherfi.test.DashboardColorCodeConfigTest@7f4701b1]" started-at="2019-11-20T14:50:27 IST" name="VerifyAuditTrialReportForDelete" finished-at="2019-11-20T14:50:49 IST" duration-ms="22224" status="FAIL">
          <exception class="java.lang.NullPointerException">
            <full-stacktrace>
              <![CDATA[java.lang.NullPointerException
at com.tetherfi.pages.OCMReportsPage.verifyDashboardColorConfigdelete(OCMReportsPage.java:6025)
at com.tetherfi.test.DashboardColorCodeConfigTest.VerifyAuditTrialReportForDelete(DashboardColorCodeConfigTest.java:361)
at java.base/jdk.internal.reflect.NativeMethodAccessorImpl.invoke0(Native Method)
at java.base/jdk.internal.reflect.NativeMethodAccessorImpl.invoke(Unknown Source)
at java.base/jdk.internal.reflect.DelegatingMethodAccessorImpl.invoke(Unknown Source)
at java.base/java.lang.reflect.Method.invoke(Unknown Source)
at org.testng.internal.MethodInvocationHelper.invokeMethod(MethodInvocationHelper.java:133)
at org.testng.internal.TestInvoker.invokeMethod(TestInvoker.java:584)
at org.testng.internal.TestInvoker.invokeTestMethod(TestInvoker.java:172)
at org.testng.internal.MethodRunner.runInSequence(MethodRunner.java:46)
at org.testng.internal.TestInvoker$MethodInvocationAgent.invoke(TestInvoker.java:804)
at org.testng.internal.TestInvoker.invokeTestMethods(TestInvoker.java:145)
at org.testng.internal.TestMethodWorker.invokeTestMethods(TestMethodWorker.java:146)
at org.testng.internal.TestMethodWorker.run(TestMethodWorker.java:128)
at java.base/java.util.ArrayList.forEach(Unknown Source)
at org.testng.TestRunner.privateRun(TestRunner.java:770)
at org.testng.TestRunner.run(TestRunner.java:591)
at org.testng.SuiteRunner.runTest(SuiteRunner.java:402)
at org.testng.SuiteRunner.runSequentially(SuiteRunner.java:396)
at org.testng.SuiteRunner.privateRun(SuiteRunner.java:355)
at org.testng.SuiteRunner.run(SuiteRunner.java:304)
at org.testng.SuiteRunnerWorker.runSuite(SuiteRunnerWorker.java:53)
at org.testng.SuiteRunnerWorker.run(SuiteRunnerWorker.java:96)
at org.testng.TestNG.runSuitesSequentially(TestNG.java:1180)
at org.testng.TestNG.runSuitesLocally(TestNG.java:1102)
at org.testng.TestNG.runSuites(TestNG.java:1032)
at org.testng.TestNG.run(TestNG.java:1000)
at org.testng.remote.AbstractRemoteTestNG.run(AbstractRemoteTestNG.java:115)
at org.testng.remote.RemoteTestNG.initAndRun(RemoteTestNG.java:251)
at org.testng.remote.RemoteTestNG.main(RemoteTestNG.java:77)
]]>
            </full-stacktrace>
          </exception> <!-- java.lang.NullPointerException -->
          <reporter-output>
          </reporter-output>
        </test-method> <!-- VerifyAuditTrialReportForDelete -->
        <test-method is-config="true" signature="afterEachMethod(java.lang.reflect.Method)[pri:0, instance:com.tetherfi.test.DashboardColorCodeConfigTest@7f4701b1]" started-at="2019-11-20T14:50:49 IST" name="afterEachMethod" finished-at="2019-11-20T14:50:51 IST" duration-ms="1651" status="PASS">
          <params>
            <param index="0">
              <value>
                <![CDATA[public void com.tetherfi.test.DashboardColorCodeConfigTest.VerifyAuditTrialReportForDelete() throws java.lang.Exception]]>
              </value>
            </param>
          </params>
          <reporter-output>
          </reporter-output>
        </test-method> <!-- afterEachMethod -->
        <test-method is-config="true" signature="endTestCase(java.lang.reflect.Method)[pri:0, instance:com.tetherfi.test.DashboardColorCodeConfigTest@7f4701b1]" started-at="2019-11-20T14:50:51 IST" name="endTestCase" finished-at="2019-11-20T14:50:51 IST" duration-ms="0" status="PASS">
          <params>
            <param index="0">
              <value>
                <![CDATA[public void com.tetherfi.test.DashboardColorCodeConfigTest.VerifyAuditTrialReportForDelete() throws java.lang.Exception]]>
              </value>
            </param>
          </params>
          <reporter-output>
          </reporter-output>
        </test-method> <!-- endTestCase -->
        <test-method is-config="true" signature="startTestCase(java.lang.reflect.Method)[pri:0, instance:com.tetherfi.test.DashboardColorCodeConfigTest@7f4701b1]" started-at="2019-11-20T14:50:51 IST" name="startTestCase" finished-at="2019-11-20T14:50:51 IST" duration-ms="1" status="PASS">
          <params>
            <param index="0">
              <value>
                <![CDATA[public void com.tetherfi.test.DashboardColorCodeConfigTest.SearchClearSearch() throws java.lang.Exception]]>
              </value>
            </param>
          </params>
          <reporter-output>
          </reporter-output>
        </test-method> <!-- startTestCase -->
        <test-method is-config="true" signature="NavigateToDashboardColorCodeConfigPage()[pri:0, instance:com.tetherfi.test.DashboardColorCodeConfigTest@7f4701b1]" started-at="2019-11-20T14:50:51 IST" name="NavigateToDashboardColorCodeConfigPage" finished-at="2019-11-20T14:50:54 IST" duration-ms="2823" status="PASS">
          <reporter-output>
          </reporter-output>
        </test-method> <!-- NavigateToDashboardColorCodeConfigPage -->
        <test-method signature="SearchClearSearch()[pri:38, instance:com.tetherfi.test.DashboardColorCodeConfigTest@7f4701b1]" started-at="2019-11-20T14:50:54 IST" name="SearchClearSearch" finished-at="2019-11-20T14:50:58 IST" duration-ms="4219" status="PASS">
          <reporter-output>
          </reporter-output>
        </test-method> <!-- SearchClearSearch -->
        <test-method is-config="true" signature="afterEachMethod(java.lang.reflect.Method)[pri:0, instance:com.tetherfi.test.DashboardColorCodeConfigTest@7f4701b1]" started-at="2019-11-20T14:50:58 IST" name="afterEachMethod" finished-at="2019-11-20T14:50:59 IST" duration-ms="1309" status="PASS">
          <params>
            <param index="0">
              <value>
                <![CDATA[public void com.tetherfi.test.DashboardColorCodeConfigTest.SearchClearSearch() throws java.lang.Exception]]>
              </value>
            </param>
          </params>
          <reporter-output>
          </reporter-output>
        </test-method> <!-- afterEachMethod -->
        <test-method is-config="true" signature="endTestCase(java.lang.reflect.Method)[pri:0, instance:com.tetherfi.test.DashboardColorCodeConfigTest@7f4701b1]" started-at="2019-11-20T14:50:59 IST" name="endTestCase" finished-at="2019-11-20T14:50:59 IST" duration-ms="1" status="PASS">
          <params>
            <param index="0">
              <value>
                <![CDATA[public void com.tetherfi.test.DashboardColorCodeConfigTest.SearchClearSearch() throws java.lang.Exception]]>
              </value>
            </param>
          </params>
          <reporter-output>
          </reporter-output>
        </test-method> <!-- endTestCase -->
        <test-method is-config="true" signature="startTestCase(java.lang.reflect.Method)[pri:0, instance:com.tetherfi.test.DashboardColorCodeConfigTest@7f4701b1]" started-at="2019-11-20T14:50:59 IST" name="startTestCase" finished-at="2019-11-20T14:50:59 IST" duration-ms="0" status="PASS">
          <params>
            <param index="0">
              <value>
                <![CDATA[public void com.tetherfi.test.DashboardColorCodeConfigTest.searchwithoutSearchTextbox() throws java.io.IOException]]>
              </value>
            </param>
          </params>
          <reporter-output>
          </reporter-output>
        </test-method> <!-- startTestCase -->
        <test-method is-config="true" signature="NavigateToDashboardColorCodeConfigPage()[pri:0, instance:com.tetherfi.test.DashboardColorCodeConfigTest@7f4701b1]" started-at="2019-11-20T14:50:59 IST" name="NavigateToDashboardColorCodeConfigPage" finished-at="2019-11-20T14:51:02 IST" duration-ms="3050" status="PASS">
          <reporter-output>
          </reporter-output>
        </test-method> <!-- NavigateToDashboardColorCodeConfigPage -->
        <test-method signature="searchwithoutSearchTextbox()[pri:39, instance:com.tetherfi.test.DashboardColorCodeConfigTest@7f4701b1]" started-at="2019-11-20T14:51:02 IST" name="searchwithoutSearchTextbox" finished-at="2019-11-20T14:51:05 IST" duration-ms="3151" status="PASS">
          <reporter-output>
          </reporter-output>
        </test-method> <!-- searchwithoutSearchTextbox -->
        <test-method is-config="true" signature="afterEachMethod(java.lang.reflect.Method)[pri:0, instance:com.tetherfi.test.DashboardColorCodeConfigTest@7f4701b1]" started-at="2019-11-20T14:51:05 IST" name="afterEachMethod" finished-at="2019-11-20T14:51:07 IST" duration-ms="1274" status="PASS">
          <params>
            <param index="0">
              <value>
                <![CDATA[public void com.tetherfi.test.DashboardColorCodeConfigTest.searchwithoutSearchTextbox() throws java.io.IOException]]>
              </value>
            </param>
          </params>
          <reporter-output>
          </reporter-output>
        </test-method> <!-- afterEachMethod -->
        <test-method is-config="true" signature="endTestCase(java.lang.reflect.Method)[pri:0, instance:com.tetherfi.test.DashboardColorCodeConfigTest@7f4701b1]" started-at="2019-11-20T14:51:07 IST" name="endTestCase" finished-at="2019-11-20T14:51:07 IST" duration-ms="0" status="PASS">
          <params>
            <param index="0">
              <value>
                <![CDATA[public void com.tetherfi.test.DashboardColorCodeConfigTest.searchwithoutSearchTextbox() throws java.io.IOException]]>
              </value>
            </param>
          </params>
          <reporter-output>
          </reporter-output>
        </test-method> <!-- endTestCase -->
        <test-method is-config="true" signature="tearDown()[pri:0, instance:com.tetherfi.test.DashboardColorCodeConfigTest@7f4701b1]" started-at="2019-11-20T14:51:07 IST" name="tearDown" finished-at="2019-11-20T14:51:12 IST" duration-ms="5466" status="PASS">
          <reporter-output>
          </reporter-output>
        </test-method> <!-- tearDown -->
      </class> <!-- com.tetherfi.test.DashboardColorCodeConfigTest -->
    </test> <!-- Default test -->
  </suite> <!-- Default suite -->
</testng-results>
