<?xml version="1.0" encoding="UTF-8"?>
<testng-results ignored="0" total="82" passed="69" failed="9" skipped="4">
  <reporter-output>
    <line>
      <![CDATA[Test Case <b style="color:green;" "font-size:25px;">Passed</b>
]]>
    </line>
    <line>
      <![CDATA[<img src="Screenshot\BranchManagementPage.jpg" alt="Image Not Found"/><br />]]>
    </line>
    <line>
      <![CDATA[Test Case <b style="color:green;" "font-size:25px;">Passed</b>
]]>
    </line>
    <line>
      <![CDATA[<img src="Screenshot\VerifyBranchManagementApprovedDataPage.jpg" alt="Image Not Found"/><br />]]>
    </line>
    <line>
      <![CDATA[Test Case <b style="color:green;" "font-size:25px;">Passed</b>
]]>
    </line>
    <line>
      <![CDATA[<img src="Screenshot\VerifyBranchManagementAuditTrailDataPage.jpg" alt="Image Not Found"/><br />]]>
    </line>
    <line>
      <![CDATA[Test Case <b style="color:green;" "font-size:25px;">Passed</b>
]]>
    </line>
    <line>
      <![CDATA[<img src="Screenshot\VerifyMakeBranchManagementChangeButton.jpg" alt="Image Not Found"/><br />]]>
    </line>
    <line>
      <![CDATA[Test Case <b style="color:green;" "font-size:25px;">Passed</b>
]]>
    </line>
    <line>
      <![CDATA[<img src="Screenshot\VerifyDropdownForAllTheColumns.jpg" alt="Image Not Found"/><br />]]>
    </line>
    <line>
      <![CDATA[Test Case <b style="color:green;" "font-size:25px;">Passed</b>
]]>
    </line>
    <line>
      <![CDATA[<img src="Screenshot\VerifyColumnsHeaderEnable.jpg" alt="Image Not Found"/><br />]]>
    </line>
    <line>
      <![CDATA[Test Case <b style="color:green;" "font-size:25px;">Passed</b>
]]>
    </line>
    <line>
      <![CDATA[<img src="Screenshot\VerifyColumnsHeaderDisable.jpg" alt="Image Not Found"/><br />]]>
    </line>
    <line>
      <![CDATA[Test Case <b style="color:green;" "font-size:25px;">Passed</b>
]]>
    </line>
    <line>
      <![CDATA[<img src="Screenshot\VerifyArrowMoveForPreviousAndNextPage.jpg" alt="Image Not Found"/><br />]]>
    </line>
    <line>
      <![CDATA[Test Case <b style="color:green;" "font-size:25px;">Passed</b>
]]>
    </line>
    <line>
      <![CDATA[<img src="Screenshot\VerifyArrowMoveForFirstAndLastPage.jpg" alt="Image Not Found"/><br />]]>
    </line>
    <line>
      <![CDATA[Test Case <b style="color:green;" "font-size:25px;">Passed</b>
]]>
    </line>
    <line>
      <![CDATA[<img src="Screenshot\VerifyTotalNumberOfItemsPerPageDetails.jpg" alt="Image Not Found"/><br />]]>
    </line>
    <line>
      <![CDATA[Test Case <b style="color:red;" "font-size:25px;">FAILED</b>
]]>
    </line>
    <line>
      <![CDATA[<img src="Screenshot\VerifyNumberOfItemsPerPageSelection.jpg" alt="Image Not Found"/><br />]]>
    </line>
    <line>
      <![CDATA[Test Case <b style="color:green;" "font-size:25px;">Passed</b>
]]>
    </line>
    <line>
      <![CDATA[<img src="Screenshot\ExportToExcel.jpg" alt="Image Not Found"/><br />]]>
    </line>
    <line>
      <![CDATA[Test Case <b style="color:green;" "font-size:25px;">Passed</b>
]]>
    </line>
    <line>
      <![CDATA[<img src="Screenshot\ExportToExcelData.jpg" alt="Image Not Found"/><br />]]>
    </line>
    <line>
      <![CDATA[Test Case <b style="color:green;" "font-size:25px;">Passed</b>
]]>
    </line>
    <line>
      <![CDATA[<img src="Screenshot\VerifyExportToExcelWithoutData.jpg" alt="Image Not Found"/><br />]]>
    </line>
    <line>
      <![CDATA[Test Case <b style="color:green;" "font-size:25px;">Passed</b>
]]>
    </line>
    <line>
      <![CDATA[<img src="Screenshot\SortingByAscending.jpg" alt="Image Not Found"/><br />]]>
    </line>
    <line>
      <![CDATA[Test Case <b style="color:green;" "font-size:25px;">Passed</b>
]]>
    </line>
    <line>
      <![CDATA[<img src="Screenshot\SortingByDescending.jpg" alt="Image Not Found"/><br />]]>
    </line>
    <line>
      <![CDATA[Test Case <b style="color:green;" "font-size:25px;">Passed</b>
]]>
    </line>
    <line>
      <![CDATA[<img src="Screenshot\VerifyDragAndDrop.jpg" alt="Image Not Found"/><br />]]>
    </line>
    <line>
      <![CDATA[Test Case <b style="color:green;" "font-size:25px;">Passed</b>
]]>
    </line>
    <line>
      <![CDATA[<img src="Screenshot\VerifyDragAndDropofAlreadyGroupedHeader.jpg" alt="Image Not Found"/><br />]]>
    </line>
    <line>
      <![CDATA[Test Case <b style="color:green;" "font-size:25px;">Passed</b>
]]>
    </line>
    <line>
      <![CDATA[<img src="Screenshot\database.jpg" alt="Image Not Found"/><br />]]>
    </line>
    <line>
      <![CDATA[Test Case <b style="color:green;" "font-size:25px;">Passed</b>
]]>
    </line>
    <line>
      <![CDATA[<img src="Screenshot\searchPage.jpg" alt="Image Not Found"/><br />]]>
    </line>
    <line>
      <![CDATA[Test Case <b style="color:green;" "font-size:25px;">Passed</b>
]]>
    </line>
    <line>
      <![CDATA[<img src="Screenshot\searchwithoutSearchTextbox.jpg" alt="Image Not Found"/><br />]]>
    </line>
    <line>
      <![CDATA[Test Case <b style="color:green;" "font-size:25px;">Passed</b>
]]>
    </line>
    <line>
      <![CDATA[<img src="Screenshot\SearchClearSearch.jpg" alt="Image Not Found"/><br />]]>
    </line>
    <line>
      <![CDATA[Test Case <b style="color:green;" "font-size:25px;">Passed</b>
]]>
    </line>
    <line>
      <![CDATA[<img src="Screenshot\VerifyAddCancelButton.jpg" alt="Image Not Found"/><br />]]>
    </line>
    <line>
      <![CDATA[Test Case <b style="color:green;" "font-size:25px;">Passed</b>
]]>
    </line>
    <line>
      <![CDATA[<img src="Screenshot\VerifyAddRecordwithoutMainLines.jpg" alt="Image Not Found"/><br />]]>
    </line>
    <line>
      <![CDATA[Test Case <b style="color:green;" "font-size:25px;">Passed</b>
]]>
    </line>
    <line>
      <![CDATA[<img src="Screenshot\VerifyAddRecordWithoutSubLines.jpg" alt="Image Not Found"/><br />]]>
    </line>
    <line>
      <![CDATA[Test Case <b style="color:green;" "font-size:25px;">Passed</b>
]]>
    </line>
    <line>
      <![CDATA[<img src="Screenshot\VerifyAddRecordWithoutLocation.jpg" alt="Image Not Found"/><br />]]>
    </line>
    <line>
      <![CDATA[Test Case <b style="color:green;" "font-size:25px;">Passed</b>
]]>
    </line>
    <line>
      <![CDATA[<img src="Screenshot\VerifyAddRecordWithoutBranchType.jpg" alt="Image Not Found"/><br />]]>
    </line>
    <line>
      <![CDATA[Test Case <b style="color:green;" "font-size:25px;">Passed</b>
]]>
    </line>
    <line>
      <![CDATA[<img src="Screenshot\VerifyAddRecordWithoutBranchName.jpg" alt="Image Not Found"/><br />]]>
    </line>
    <line>
      <![CDATA[Test Case <b style="color:green;" "font-size:25px;">Passed</b>
]]>
    </line>
    <line>
      <![CDATA[<img src="Screenshot\VerifyAddRecordWithoutAddress.jpg" alt="Image Not Found"/><br />]]>
    </line>
    <line>
      <![CDATA[Test Case <b style="color:green;" "font-size:25px;">Passed</b>
]]>
    </line>
    <line>
      <![CDATA[<img src="Screenshot\VerifyAddRecordWithoutLineOrder.jpg" alt="Image Not Found"/><br />]]>
    </line>
    <line>
      <![CDATA[Test Case <b style="color:green;" "font-size:25px;">Passed</b>
]]>
    </line>
    <line>
      <![CDATA[<img src="Screenshot\VerifyAddRecordWithoutStatus.jpg" alt="Image Not Found"/><br />]]>
    </line>
    <line>
      <![CDATA[Test Case <b style="color:green;" "font-size:25px;">Passed</b>
]]>
    </line>
    <line>
      <![CDATA[<img src="Screenshot\VerifyAddRecordWithoutLanguage.jpg" alt="Image Not Found"/><br />]]>
    </line>
    <line>
      <![CDATA[Test Case <b style="color:green;" "font-size:25px;">Passed</b>
]]>
    </line>
    <line>
      <![CDATA[<img src="Screenshot\AddRevertRecord.jpg" alt="Image Not Found"/><br />]]>
    </line>
    <line>
      <![CDATA[Test Case <b style="color:green;" "font-size:25px;">Passed</b>
]]>
    </line>
    <line>
      <![CDATA[<img src="Screenshot\VerifyRevertForAddNewRecord.jpg" alt="Image Not Found"/><br />]]>
    </line>
    <line>
      <![CDATA[Test Case <b style="color:green;" "font-size:25px;">Passed</b>
]]>
    </line>
    <line>
      <![CDATA[<img src="Screenshot\VerifyApprovedDataSectionWithoutApproval.jpg" alt="Image Not Found"/><br />]]>
    </line>
    <line>
      <![CDATA[Test Case <b style="color:green;" "font-size:25px;">Passed</b>
]]>
    </line>
    <line>
      <![CDATA[<img src="Screenshot\VerifyAuditTrailReportForRevert.jpg" alt="Image Not Found"/><br />]]>
    </line>
    <line>
      <![CDATA[Test Case <b style="color:green;" "font-size:25px;">Passed</b>
]]>
    </line>
    <line>
      <![CDATA[<img src="Screenshot\AddRejectRecord.jpg" alt="Image Not Found"/><br />]]>
    </line>
    <line>
      <![CDATA[Test Case <b style="color:green;" "font-size:25px;">Passed</b>
]]>
    </line>
    <line>
      <![CDATA[<img src="Screenshot\VerifySendForApprovalForAddNewRecord.jpg" alt="Image Not Found"/><br />]]>
    </line>
    <line>
      <![CDATA[Test Case <b style="color:green;" "font-size:25px;">Passed</b>
]]>
    </line>
    <line>
      <![CDATA[<img src="Screenshot\RejectforAddNewBranchManagementRecord.jpg" alt="Image Not Found"/><br />]]>
    </line>
    <line>
      <![CDATA[Test Case <b style="color:green;" "font-size:25px;">Passed</b>
]]>
    </line>
    <line>
      <![CDATA[<img src="Screenshot\VerifyAuditTrailReportForReject.jpg" alt="Image Not Found"/><br />]]>
    </line>
    <line>
      <![CDATA[Test Case <b style="color:green;" "font-size:25px;">Passed</b>
]]>
    </line>
    <line>
      <![CDATA[<img src="Screenshot\VerifyRecordAfterRejection.jpg" alt="Image Not Found"/><br />]]>
    </line>
    <line>
      <![CDATA[Test Case <b style="color:green;" "font-size:25px;">Passed</b>
]]>
    </line>
    <line>
      <![CDATA[<img src="Screenshot\AddNewBranchManagementRecord.jpg" alt="Image Not Found"/><br />]]>
    </line>
    <line>
      <![CDATA[Test Case <b style="color:green;" "font-size:25px;">Passed</b>
]]>
    </line>
    <line>
      <![CDATA[<img src="Screenshot\VerifyAuditTrailReportForCreate.jpg" alt="Image Not Found"/><br />]]>
    </line>
    <line>
      <![CDATA[Test Case <b style="color:green;" "font-size:25px;">Passed</b>
]]>
    </line>
    <line>
      <![CDATA[<img src="Screenshot\VerifyAuditTrailDataForAddNewBranchManagementRecord.jpg" alt="Image Not Found"/><br />]]>
    </line>
    <line>
      <![CDATA[Test Case <b style="color:green;" "font-size:25px;">Passed</b>
]]>
    </line>
    <line>
      <![CDATA[<img src="Screenshot\VerifySendForApprovalForAddNewBranchManagementRecord.jpg" alt="Image Not Found"/><br />]]>
    </line>
    <line>
      <![CDATA[Test Case <b style="color:green;" "font-size:25px;">Passed</b>
]]>
    </line>
    <line>
      <![CDATA[<img src="Screenshot\VerifyAuditTrailReportForSendForApproval.jpg" alt="Image Not Found"/><br />]]>
    </line>
    <line>
      <![CDATA[Test Case <b style="color:green;" "font-size:25px;">Passed</b>
]]>
    </line>
    <line>
      <![CDATA[<img src="Screenshot\ApproveforAddNewBranchManagementRecord.jpg" alt="Image Not Found"/><br />]]>
    </line>
    <line>
      <![CDATA[Test Case <b style="color:green;" "font-size:25px;">Passed</b>
]]>
    </line>
    <line>
      <![CDATA[<img src="Screenshot\VerifyAuditTrailReportForApprove.jpg" alt="Image Not Found"/><br />]]>
    </line>
    <line>
      <![CDATA[Test Case <b style="color:green;" "font-size:25px;">Passed</b>
]]>
    </line>
    <line>
      <![CDATA[<img src="Screenshot\VerifyRecordApprovedDataSectionafterApproval.jpg" alt="Image Not Found"/><br />]]>
    </line>
    <line>
      <![CDATA[Test Case <b style="color:green;" "font-size:25px;">Passed</b>
]]>
    </line>
    <line>
      <![CDATA[<img src="Screenshot\AddDuplicateRecord.jpg" alt="Image Not Found"/><br />]]>
    </line>
    <line>
      <![CDATA[Test Case <b style="color:green;" "font-size:25px;">Passed</b>
]]>
    </line>
    <line>
      <![CDATA[<img src="Screenshot\EditCancelBranchManagementRecord.jpg" alt="Image Not Found"/><br />]]>
    </line>
    <line>
      <![CDATA[Test Case <b style="color:green;" "font-size:25px;">Passed</b>
]]>
    </line>
    <line>
      <![CDATA[<img src="Screenshot\EditRecordWithoutModifyReaosn.jpg" alt="Image Not Found"/><br />]]>
    </line>
    <line>
      <![CDATA[Test Case <b style="color:green;" "font-size:25px;">Passed</b>
]]>
    </line>
    <line>
      <![CDATA[<img src="Screenshot\EditRevertBranchManagementRecord.jpg" alt="Image Not Found"/><br />]]>
    </line>
    <line>
      <![CDATA[Test Case <b style="color:green;" "font-size:25px;">Passed</b>
]]>
    </line>
    <line>
      <![CDATA[<img src="Screenshot\VerifyRevertForEditRecord.jpg" alt="Image Not Found"/><br />]]>
    </line>
    <line>
      <![CDATA[Test Case <b style="color:red;" "font-size:25px;">FAILED</b>
]]>
    </line>
    <line>
      <![CDATA[<img src="Screenshot\VerifyAuditTrialReportForRevertUpdate.jpg" alt="Image Not Found"/><br />]]>
    </line>
    <line>
      <![CDATA[Test Case <b style="color:green;" "font-size:25px;">Passed</b>
]]>
    </line>
    <line>
      <![CDATA[<img src="Screenshot\EditRejectRecord.jpg" alt="Image Not Found"/><br />]]>
    </line>
    <line>
      <![CDATA[Test Case <b style="color:green;" "font-size:25px;">Passed</b>
]]>
    </line>
    <line>
      <![CDATA[<img src="Screenshot\VerifySendForApprovalForEditRejectRecord.jpg" alt="Image Not Found"/><br />]]>
    </line>
    <line>
      <![CDATA[Test Case <b style="color:green;" "font-size:25px;">Passed</b>
]]>
    </line>
    <line>
      <![CDATA[<img src="Screenshot\RejectforEditBranchManagementRecord.jpg" alt="Image Not Found"/><br />]]>
    </line>
    <line>
      <![CDATA[Test Case <b style="color:red;" "font-size:25px;">FAILED</b>
]]>
    </line>
    <line>
      <![CDATA[<img src="Screenshot\VerifyAuditTrailReportForReject.jpg" alt="Image Not Found"/><br />]]>
    </line>
    <line>
      <![CDATA[Test Case <b style="color:green;" "font-size:25px;">Passed</b>
]]>
    </line>
    <line>
      <![CDATA[<img src="Screenshot\EditBranchManagementRecord.jpg" alt="Image Not Found"/><br />]]>
    </line>
    <line>
      <![CDATA[Test Case <b style="color:green;" "font-size:25px;">Passed</b>
]]>
    </line>
    <line>
      <![CDATA[<img src="Screenshot\VerifyAuditTrailDataForEditBranchManagementRecord.jpg" alt="Image Not Found"/><br />]]>
    </line>
    <line>
      <![CDATA[Test Case <b style="color:green;" "font-size:25px;">Passed</b>
]]>
    </line>
    <line>
      <![CDATA[<img src="Screenshot\VerifyAuditTrialReportForUpdate.jpg" alt="Image Not Found"/><br />]]>
    </line>
    <line>
      <![CDATA[Test Case <b style="color:green;" "font-size:25px;">Passed</b>
]]>
    </line>
    <line>
      <![CDATA[<img src="Screenshot\VerifySendForApprovalForRejectRecord.jpg" alt="Image Not Found"/><br />]]>
    </line>
    <line>
      <![CDATA[Test Case <b style="color:red;" "font-size:25px;">FAILED</b>
]]>
    </line>
    <line>
      <![CDATA[<img src="Screenshot\VerifyAuditTrialReportForSendForApprovalUpdate.jpg" alt="Image Not Found"/><br />]]>
    </line>
    <line>
      <![CDATA[Test Case <b style="color:red;" "font-size:25px;">FAILED</b>
]]>
    </line>
    <line>
      <![CDATA[<img src="Screenshot\ApproveforEditBranchManagementRecord.jpg" alt="Image Not Found"/><br />]]>
    </line>
    <line>
      <![CDATA[Test Case <b style="color:green;" "font-size:25px;">Passed</b>
]]>
    </line>
    <line>
      <![CDATA[<img src="Screenshot\DeleteCancelBranchManagementRecord.jpg" alt="Image Not Found"/><br />]]>
    </line>
    <line>
      <![CDATA[Test Case <b style="color:green;" "font-size:25px;">Passed</b>
]]>
    </line>
    <line>
      <![CDATA[<img src="Screenshot\DeleteRecordWithoutDeleteReason.jpg" alt="Image Not Found"/><br />]]>
    </line>
    <line>
      <![CDATA[Test Case <b style="color:green;" "font-size:25px;">Passed</b>
]]>
    </line>
    <line>
      <![CDATA[<img src="Screenshot\DeleteRecord.jpg" alt="Image Not Found"/><br />]]>
    </line>
    <line>
      <![CDATA[Test Case <b style="color:red;" "font-size:25px;">FAILED</b>
]]>
    </line>
    <line>
      <![CDATA[<img src="Screenshot\VerifyRevertForDeleteRecord.jpg" alt="Image Not Found"/><br />]]>
    </line>
    <line>
      <![CDATA[Test Case <b style="color:green;" "font-size:25px;">Passed</b>
]]>
    </line>
    <line>
      <![CDATA[<img src="Screenshot\RejectDeleteRecord.jpg" alt="Image Not Found"/><br />]]>
    </line>
    <line>
      <![CDATA[Test Case <b style="color:green;" "font-size:25px;">Passed</b>
]]>
    </line>
    <line>
      <![CDATA[<img src="Screenshot\VerifySendForApprovalForDeleteNewRecord.jpg" alt="Image Not Found"/><br />]]>
    </line>
    <line>
      <![CDATA[Test Case <b style="color:red;" "font-size:25px;">FAILED</b>
]]>
    </line>
    <line>
      <![CDATA[<img src="Screenshot\RejectforDeleteBranchManagementRecord.jpg" alt="Image Not Found"/><br />]]>
    </line>
    <line>
      <![CDATA[Test Case <b style="color:green;" "font-size:25px;">Passed</b>
]]>
    </line>
    <line>
      <![CDATA[<img src="Screenshot\DeleteBranchManagementRecord.jpg" alt="Image Not Found"/><br />]]>
    </line>
    <line>
      <![CDATA[Test Case <b style="color:green;" "font-size:25px;">Passed</b>
]]>
    </line>
    <line>
      <![CDATA[<img src="Screenshot\VerifyAuditTrialReportForDelete.jpg" alt="Image Not Found"/><br />]]>
    </line>
    <line>
      <![CDATA[Test Case <b style="color:green;" "font-size:25px;">Passed</b>
]]>
    </line>
    <line>
      <![CDATA[<img src="Screenshot\VerifyAuditTrailDataForDeleteBranchManagementRecord.jpg" alt="Image Not Found"/><br />]]>
    </line>
    <line>
      <![CDATA[Test Case <b style="color:green;" "font-size:25px;">Passed</b>
]]>
    </line>
    <line>
      <![CDATA[<img src="Screenshot\VerifySendForApprovalForDeleteRecord.jpg" alt="Image Not Found"/><br />]]>
    </line>
    <line>
      <![CDATA[Test Case <b style="color:red;" "font-size:25px;">FAILED</b>
]]>
    </line>
    <line>
      <![CDATA[<img src="Screenshot\VerifyAuditTrailReportForSendForApprove.jpg" alt="Image Not Found"/><br />]]>
    </line>
    <line>
      <![CDATA[Test Case <b style="color:red;" "font-size:25px;">FAILED</b>
]]>
    </line>
    <line>
      <![CDATA[<img src="Screenshot\ApproveforDeleteBranchManagementRecord.jpg" alt="Image Not Found"/><br />]]>
    </line>
  </reporter-output>
  <suite started-at="2019-11-15T13:04:47 IST" name="Tetherfi Test Automation" finished-at="2019-11-15T13:54:22 IST" duration-ms="2974880">
    <groups>
      <group name="Checker">
        <method signature="BranchManagementCreateTest.ApproveforAddNewBranchManagementRecord()[pri:25, instance:com.tetherfi.test.ivr.BranchManagementCreateTest@2251b3bc]" name="ApproveforAddNewBranchManagementRecord" class="com.tetherfi.test.ivr.BranchManagementCreateTest"/>
        <method signature="BranchManagementCreateTest.VerifyAuditTrailReportForApprove()[pri:26, instance:com.tetherfi.test.ivr.BranchManagementCreateTest@2251b3bc]" name="VerifyAuditTrailReportForApprove" class="com.tetherfi.test.ivr.BranchManagementCreateTest"/>
        <method signature="BranchManagementCreateTest.VerifyRecordApprovedDataSectionafterApproval()[pri:27, instance:com.tetherfi.test.ivr.BranchManagementCreateTest@2251b3bc]" name="VerifyRecordApprovedDataSectionafterApproval" class="com.tetherfi.test.ivr.BranchManagementCreateTest"/>
        <method signature="BranchManagementCreateTest.RejectforAddNewBranchManagementRecord()[pri:17, instance:com.tetherfi.test.ivr.BranchManagementCreateTest@2251b3bc]" name="RejectforAddNewBranchManagementRecord" class="com.tetherfi.test.ivr.BranchManagementCreateTest"/>
        <method signature="BranchManagementCreateTest.VerifyAuditTrailReportForReject()[pri:18, instance:com.tetherfi.test.ivr.BranchManagementCreateTest@2251b3bc]" name="VerifyAuditTrailReportForReject" class="com.tetherfi.test.ivr.BranchManagementCreateTest"/>
        <method signature="BranchManagementEditTest.ApproveforEditBranchManagementRecord()[pri:15, instance:com.tetherfi.test.ivr.BranchManagementEditTest@3e214105]" name="ApproveforEditBranchManagementRecord" class="com.tetherfi.test.ivr.BranchManagementEditTest"/>
        <method signature="BranchManagementEditTest.RejectforEditBranchManagementRecord()[pri:8, instance:com.tetherfi.test.ivr.BranchManagementEditTest@3e214105]" name="RejectforEditBranchManagementRecord" class="com.tetherfi.test.ivr.BranchManagementEditTest"/>
        <method signature="BranchManagementEditTest.VerifyAuditTrailReportForApprove()[pri:16, instance:com.tetherfi.test.ivr.BranchManagementEditTest@3e214105]" name="VerifyAuditTrailReportForApprove" class="com.tetherfi.test.ivr.BranchManagementEditTest"/>
        <method signature="BranchManagementEditTest.VerifyAuditTrailReportForReject()[pri:9, instance:com.tetherfi.test.ivr.BranchManagementEditTest@3e214105]" name="VerifyAuditTrailReportForReject" class="com.tetherfi.test.ivr.BranchManagementEditTest"/>
        <method signature="BranchManagementDeleteTest.ApproveforDeleteBranchManagementRecord()[pri:15, instance:com.tetherfi.test.ivr.BranchManagementDeleteTest@43f03c23]" name="ApproveforDeleteBranchManagementRecord" class="com.tetherfi.test.ivr.BranchManagementDeleteTest"/>
        <method signature="BranchManagementDeleteTest.VerifyAuditTrailReportForApprove()[pri:16, instance:com.tetherfi.test.ivr.BranchManagementDeleteTest@43f03c23]" name="VerifyAuditTrailReportForApprove" class="com.tetherfi.test.ivr.BranchManagementDeleteTest"/>
        <method signature="BranchManagementDeleteTest.RejectforDeleteBranchManagementRecord()[pri:8, instance:com.tetherfi.test.ivr.BranchManagementDeleteTest@43f03c23]" name="RejectforDeleteBranchManagementRecord" class="com.tetherfi.test.ivr.BranchManagementDeleteTest"/>
        <method signature="BranchManagementDeleteTest.VerifyAuditTrailReportForReject()[pri:9, instance:com.tetherfi.test.ivr.BranchManagementDeleteTest@43f03c23]" name="VerifyAuditTrailReportForReject" class="com.tetherfi.test.ivr.BranchManagementDeleteTest"/>
      </group> <!-- Checker -->
      <group name="Maker">
        <method signature="BranchManagementCreateTest.AddNewBranchManagementRecord()[pri:20, instance:com.tetherfi.test.ivr.BranchManagementCreateTest@2251b3bc]" name="AddNewBranchManagementRecord" class="com.tetherfi.test.ivr.BranchManagementCreateTest"/>
        <method signature="BranchManagementCreateTest.AddDuplicateRecord()[pri:28, instance:com.tetherfi.test.ivr.BranchManagementCreateTest@2251b3bc]" name="AddDuplicateRecord" class="com.tetherfi.test.ivr.BranchManagementCreateTest"/>
        <method signature="BranchManagementCreateTest.AddRejectRecord()[pri:15, instance:com.tetherfi.test.ivr.BranchManagementCreateTest@2251b3bc]" name="AddRejectRecord" class="com.tetherfi.test.ivr.BranchManagementCreateTest"/>
        <method signature="BranchManagementCreateTest.AddRevertRecord()[pri:11, instance:com.tetherfi.test.ivr.BranchManagementCreateTest@2251b3bc]" name="AddRevertRecord" class="com.tetherfi.test.ivr.BranchManagementCreateTest"/>
        <method signature="BranchManagementCreateTest.VerifyAddCancelButton()[pri:1, instance:com.tetherfi.test.ivr.BranchManagementCreateTest@2251b3bc]" name="VerifyAddCancelButton" class="com.tetherfi.test.ivr.BranchManagementCreateTest"/>
        <method signature="BranchManagementCreateTest.VerifyAddRecordWithoutAddress()[pri:7, instance:com.tetherfi.test.ivr.BranchManagementCreateTest@2251b3bc]" name="VerifyAddRecordWithoutAddress" class="com.tetherfi.test.ivr.BranchManagementCreateTest"/>
        <method signature="BranchManagementCreateTest.VerifyAddRecordWithoutBranchName()[pri:6, instance:com.tetherfi.test.ivr.BranchManagementCreateTest@2251b3bc]" name="VerifyAddRecordWithoutBranchName" class="com.tetherfi.test.ivr.BranchManagementCreateTest"/>
        <method signature="BranchManagementCreateTest.VerifyAddRecordWithoutBranchType()[pri:5, instance:com.tetherfi.test.ivr.BranchManagementCreateTest@2251b3bc]" name="VerifyAddRecordWithoutBranchType" class="com.tetherfi.test.ivr.BranchManagementCreateTest"/>
        <method signature="BranchManagementCreateTest.VerifyAddRecordWithoutLanguage()[pri:10, instance:com.tetherfi.test.ivr.BranchManagementCreateTest@2251b3bc]" name="VerifyAddRecordWithoutLanguage" class="com.tetherfi.test.ivr.BranchManagementCreateTest"/>
        <method signature="BranchManagementCreateTest.VerifyAddRecordWithoutLineOrder()[pri:8, instance:com.tetherfi.test.ivr.BranchManagementCreateTest@2251b3bc]" name="VerifyAddRecordWithoutLineOrder" class="com.tetherfi.test.ivr.BranchManagementCreateTest"/>
        <method signature="BranchManagementCreateTest.VerifyAddRecordWithoutLocation()[pri:4, instance:com.tetherfi.test.ivr.BranchManagementCreateTest@2251b3bc]" name="VerifyAddRecordWithoutLocation" class="com.tetherfi.test.ivr.BranchManagementCreateTest"/>
        <method signature="BranchManagementCreateTest.VerifyAddRecordWithoutStatus()[pri:9, instance:com.tetherfi.test.ivr.BranchManagementCreateTest@2251b3bc]" name="VerifyAddRecordWithoutStatus" class="com.tetherfi.test.ivr.BranchManagementCreateTest"/>
        <method signature="BranchManagementCreateTest.VerifyAddRecordWithoutSubLines()[pri:3, instance:com.tetherfi.test.ivr.BranchManagementCreateTest@2251b3bc]" name="VerifyAddRecordWithoutSubLines" class="com.tetherfi.test.ivr.BranchManagementCreateTest"/>
        <method signature="BranchManagementCreateTest.VerifyAddRecordwithoutMainLines()[pri:2, instance:com.tetherfi.test.ivr.BranchManagementCreateTest@2251b3bc]" name="VerifyAddRecordwithoutMainLines" class="com.tetherfi.test.ivr.BranchManagementCreateTest"/>
        <method signature="BranchManagementCreateTest.VerifyAuditTrailDataForAddNewBranchManagementRecord()[pri:22, instance:com.tetherfi.test.ivr.BranchManagementCreateTest@2251b3bc]" name="VerifyAuditTrailDataForAddNewBranchManagementRecord" class="com.tetherfi.test.ivr.BranchManagementCreateTest"/>
        <method signature="BranchManagementCreateTest.VerifyAuditTrailReportForCreate()[pri:21, instance:com.tetherfi.test.ivr.BranchManagementCreateTest@2251b3bc]" name="VerifyAuditTrailReportForCreate" class="com.tetherfi.test.ivr.BranchManagementCreateTest"/>
        <method signature="BranchManagementCreateTest.VerifyRevertForAddNewRecord()[pri:12, instance:com.tetherfi.test.ivr.BranchManagementCreateTest@2251b3bc]" name="VerifyRevertForAddNewRecord" class="com.tetherfi.test.ivr.BranchManagementCreateTest"/>
        <method signature="BranchManagementCreateTest.VerifyApprovedDataSectionWithoutApproval()[pri:13, instance:com.tetherfi.test.ivr.BranchManagementCreateTest@2251b3bc]" name="VerifyApprovedDataSectionWithoutApproval" class="com.tetherfi.test.ivr.BranchManagementCreateTest"/>
        <method signature="BranchManagementCreateTest.VerifyAuditTrailReportForRevert()[pri:14, instance:com.tetherfi.test.ivr.BranchManagementCreateTest@2251b3bc]" name="VerifyAuditTrailReportForRevert" class="com.tetherfi.test.ivr.BranchManagementCreateTest"/>
        <method signature="BranchManagementCreateTest.VerifySendForApprovalForAddNewBranchManagementRecord()[pri:23, instance:com.tetherfi.test.ivr.BranchManagementCreateTest@2251b3bc]" name="VerifySendForApprovalForAddNewBranchManagementRecord" class="com.tetherfi.test.ivr.BranchManagementCreateTest"/>
        <method signature="BranchManagementCreateTest.VerifyAuditTrailReportForSendForApproval()[pri:24, instance:com.tetherfi.test.ivr.BranchManagementCreateTest@2251b3bc]" name="VerifyAuditTrailReportForSendForApproval" class="com.tetherfi.test.ivr.BranchManagementCreateTest"/>
        <method signature="BranchManagementCreateTest.VerifySendForApprovalForAddNewRecord()[pri:16, instance:com.tetherfi.test.ivr.BranchManagementCreateTest@2251b3bc]" name="VerifySendForApprovalForAddNewRecord" class="com.tetherfi.test.ivr.BranchManagementCreateTest"/>
        <method signature="BranchManagementCreateTest.VerifyRecordAfterRejection()[pri:19, instance:com.tetherfi.test.ivr.BranchManagementCreateTest@2251b3bc]" name="VerifyRecordAfterRejection" class="com.tetherfi.test.ivr.BranchManagementCreateTest"/>
        <method signature="BranchManagementEditTest.EditBranchManagementRecord()[pri:10, instance:com.tetherfi.test.ivr.BranchManagementEditTest@3e214105]" name="EditBranchManagementRecord" class="com.tetherfi.test.ivr.BranchManagementEditTest"/>
        <method signature="BranchManagementEditTest.EditCancelBranchManagementRecord()[pri:1, instance:com.tetherfi.test.ivr.BranchManagementEditTest@3e214105]" name="EditCancelBranchManagementRecord" class="com.tetherfi.test.ivr.BranchManagementEditTest"/>
        <method signature="BranchManagementEditTest.EditRejectRecord()[pri:6, instance:com.tetherfi.test.ivr.BranchManagementEditTest@3e214105]" name="EditRejectRecord" class="com.tetherfi.test.ivr.BranchManagementEditTest"/>
        <method signature="BranchManagementEditTest.EditRevertBranchManagementRecord()[pri:3, instance:com.tetherfi.test.ivr.BranchManagementEditTest@3e214105]" name="EditRevertBranchManagementRecord" class="com.tetherfi.test.ivr.BranchManagementEditTest"/>
        <method signature="BranchManagementEditTest.VerifyAuditTrailDataForEditBranchManagementRecord()[pri:11, instance:com.tetherfi.test.ivr.BranchManagementEditTest@3e214105]" name="VerifyAuditTrailDataForEditBranchManagementRecord" class="com.tetherfi.test.ivr.BranchManagementEditTest"/>
        <method signature="BranchManagementEditTest.VerifyAuditTrialReportForUpdate()[pri:12, instance:com.tetherfi.test.ivr.BranchManagementEditTest@3e214105]" name="VerifyAuditTrialReportForUpdate" class="com.tetherfi.test.ivr.BranchManagementEditTest"/>
        <method signature="BranchManagementEditTest.VerifyRevertForEditRecord()[pri:4, instance:com.tetherfi.test.ivr.BranchManagementEditTest@3e214105]" name="VerifyRevertForEditRecord" class="com.tetherfi.test.ivr.BranchManagementEditTest"/>
        <method signature="BranchManagementEditTest.VerifyAuditTrialReportForRevertUpdate()[pri:5, instance:com.tetherfi.test.ivr.BranchManagementEditTest@3e214105]" name="VerifyAuditTrialReportForRevertUpdate" class="com.tetherfi.test.ivr.BranchManagementEditTest"/>
        <method signature="BranchManagementEditTest.VerifySendForApprovalForEditRejectRecord()[pri:7, instance:com.tetherfi.test.ivr.BranchManagementEditTest@3e214105]" name="VerifySendForApprovalForEditRejectRecord" class="com.tetherfi.test.ivr.BranchManagementEditTest"/>
        <method signature="BranchManagementEditTest.VerifySendForApprovalForRejectRecord()[pri:13, instance:com.tetherfi.test.ivr.BranchManagementEditTest@3e214105]" name="VerifySendForApprovalForRejectRecord" class="com.tetherfi.test.ivr.BranchManagementEditTest"/>
        <method signature="BranchManagementEditTest.VerifyAuditTrialReportForSendForApprovalUpdate()[pri:14, instance:com.tetherfi.test.ivr.BranchManagementEditTest@3e214105]" name="VerifyAuditTrialReportForSendForApprovalUpdate" class="com.tetherfi.test.ivr.BranchManagementEditTest"/>
        <method signature="BranchManagementEditTest.EditRecordWithoutModifyReaosn()[pri:2, instance:com.tetherfi.test.ivr.BranchManagementEditTest@3e214105]" name="EditRecordWithoutModifyReaosn" class="com.tetherfi.test.ivr.BranchManagementEditTest"/>
        <method signature="BranchManagementDeleteTest.DeleteBranchManagementRecord()[pri:10, instance:com.tetherfi.test.ivr.BranchManagementDeleteTest@43f03c23]" name="DeleteBranchManagementRecord" class="com.tetherfi.test.ivr.BranchManagementDeleteTest"/>
        <method signature="BranchManagementDeleteTest.DeleteCancelBranchManagementRecord()[pri:1, instance:com.tetherfi.test.ivr.BranchManagementDeleteTest@43f03c23]" name="DeleteCancelBranchManagementRecord" class="com.tetherfi.test.ivr.BranchManagementDeleteTest"/>
        <method signature="BranchManagementDeleteTest.DeleteRecord()[pri:3, instance:com.tetherfi.test.ivr.BranchManagementDeleteTest@43f03c23]" name="DeleteRecord" class="com.tetherfi.test.ivr.BranchManagementDeleteTest"/>
        <method signature="BranchManagementDeleteTest.DeleteRecordWithoutDeleteReason()[pri:2, instance:com.tetherfi.test.ivr.BranchManagementDeleteTest@43f03c23]" name="DeleteRecordWithoutDeleteReason" class="com.tetherfi.test.ivr.BranchManagementDeleteTest"/>
        <method signature="BranchManagementDeleteTest.RejectDeleteRecord()[pri:6, instance:com.tetherfi.test.ivr.BranchManagementDeleteTest@43f03c23]" name="RejectDeleteRecord" class="com.tetherfi.test.ivr.BranchManagementDeleteTest"/>
        <method signature="BranchManagementDeleteTest.VerifyAuditTrailDataForDeleteBranchManagementRecord()[pri:12, instance:com.tetherfi.test.ivr.BranchManagementDeleteTest@43f03c23]" name="VerifyAuditTrailDataForDeleteBranchManagementRecord" class="com.tetherfi.test.ivr.BranchManagementDeleteTest"/>
        <method signature="BranchManagementDeleteTest.VerifyAuditTrialReportForDelete()[pri:11, instance:com.tetherfi.test.ivr.BranchManagementDeleteTest@43f03c23]" name="VerifyAuditTrialReportForDelete" class="com.tetherfi.test.ivr.BranchManagementDeleteTest"/>
        <method signature="BranchManagementDeleteTest.VerifyRevertForDeleteRecord()[pri:4, instance:com.tetherfi.test.ivr.BranchManagementDeleteTest@43f03c23]" name="VerifyRevertForDeleteRecord" class="com.tetherfi.test.ivr.BranchManagementDeleteTest"/>
        <method signature="BranchManagementDeleteTest.VerifyAuditTrialReportForRevertDelete()[pri:5, instance:com.tetherfi.test.ivr.BranchManagementDeleteTest@43f03c23]" name="VerifyAuditTrialReportForRevertDelete" class="com.tetherfi.test.ivr.BranchManagementDeleteTest"/>
        <method signature="BranchManagementDeleteTest.VerifySendForApprovalForDeleteNewRecord()[pri:7, instance:com.tetherfi.test.ivr.BranchManagementDeleteTest@43f03c23]" name="VerifySendForApprovalForDeleteNewRecord" class="com.tetherfi.test.ivr.BranchManagementDeleteTest"/>
        <method signature="BranchManagementDeleteTest.VerifySendForApprovalForDeleteRecord()[pri:13, instance:com.tetherfi.test.ivr.BranchManagementDeleteTest@43f03c23]" name="VerifySendForApprovalForDeleteRecord" class="com.tetherfi.test.ivr.BranchManagementDeleteTest"/>
        <method signature="BranchManagementDeleteTest.VerifyAuditTrailReportForSendForApprove()[pri:14, instance:com.tetherfi.test.ivr.BranchManagementDeleteTest@43f03c23]" name="VerifyAuditTrailReportForSendForApprove" class="com.tetherfi.test.ivr.BranchManagementDeleteTest"/>
      </group> <!-- Maker -->
    </groups>
    <test started-at="2019-11-15T13:04:47 IST" name="Branch Management UI" finished-at="2019-11-15T13:13:39 IST" duration-ms="532286">
      <class name="com.tetherfi.test.ivr.BranchManagementUITest">
        <test-method is-config="true" signature="openApplication()[pri:0, instance:com.tetherfi.test.ivr.BranchManagementUITest@66a53104]" started-at="2019-11-15T13:04:47 IST" name="openApplication" finished-at="2019-11-15T13:05:12 IST" duration-ms="25176" status="PASS">
          <reporter-output>
          </reporter-output>
        </test-method> <!-- openApplication -->
        <test-method is-config="true" signature="startTestCase(java.lang.reflect.Method)[pri:0, instance:com.tetherfi.test.ivr.BranchManagementUITest@66a53104]" started-at="2019-11-15T13:05:12 IST" name="startTestCase" finished-at="2019-11-15T13:05:12 IST" duration-ms="3" status="PASS">
          <params>
            <param index="0">
              <value>
                <![CDATA[public void com.tetherfi.test.ivr.BranchManagementUITest.BranchManagementPage()]]>
              </value>
            </param>
          </params>
          <reporter-output>
          </reporter-output>
        </test-method> <!-- startTestCase -->
        <test-method is-config="true" signature="NavigateToBranchManagementPage()[pri:0, instance:com.tetherfi.test.ivr.BranchManagementUITest@66a53104]" started-at="2019-11-15T13:05:12 IST" name="NavigateToBranchManagementPage" finished-at="2019-11-15T13:05:22 IST" duration-ms="10012" status="PASS">
          <reporter-output>
          </reporter-output>
        </test-method> <!-- NavigateToBranchManagementPage -->
        <test-method signature="BranchManagementPage()[pri:1, instance:com.tetherfi.test.ivr.BranchManagementUITest@66a53104]" started-at="2019-11-15T13:05:22 IST" name="BranchManagementPage" finished-at="2019-11-15T13:05:23 IST" duration-ms="1345" status="PASS">
          <reporter-output>
            <line>
              <![CDATA[Test Case <b style="color:green;" "font-size:25px;">Passed</b>
]]>
            </line>
            <line>
              <![CDATA[<img src="Screenshot\BranchManagementPage.jpg" alt="Image Not Found"/><br />]]>
            </line>
          </reporter-output>
        </test-method> <!-- BranchManagementPage -->
        <test-method is-config="true" signature="afterEachMethod(org.testng.ITestResult, java.lang.reflect.Method)[pri:0, instance:com.tetherfi.test.ivr.BranchManagementUITest@66a53104]" started-at="2019-11-15T13:05:23 IST" name="afterEachMethod" finished-at="2019-11-15T13:05:23 IST" duration-ms="0" status="PASS">
          <params>
            <param index="0">
              <value>
                <![CDATA[[TestResult name=BranchManagementPage status=SUCCESS method=BranchManagementUITest.BranchManagementPage()[pri:1, instance:com.tetherfi.test.ivr.BranchManagementUITest@66a53104] output=Test Case <b style="color:green;" "font-size:25px;">Passed</b>
]]]>
              </value>
            </param>
            <param index="1">
              <value>
                <![CDATA[public void com.tetherfi.test.ivr.BranchManagementUITest.BranchManagementPage()]]>
              </value>
            </param>
          </params>
          <reporter-output>
          </reporter-output>
        </test-method> <!-- afterEachMethod -->
        <test-method is-config="true" signature="endTestCase(java.lang.reflect.Method)[pri:0, instance:com.tetherfi.test.ivr.BranchManagementUITest@66a53104]" started-at="2019-11-15T13:05:23 IST" name="endTestCase" finished-at="2019-11-15T13:05:23 IST" duration-ms="0" status="PASS">
          <params>
            <param index="0">
              <value>
                <![CDATA[public void com.tetherfi.test.ivr.BranchManagementUITest.BranchManagementPage()]]>
              </value>
            </param>
          </params>
          <reporter-output>
          </reporter-output>
        </test-method> <!-- endTestCase -->
        <test-method is-config="true" signature="startTestCase(java.lang.reflect.Method)[pri:0, instance:com.tetherfi.test.ivr.BranchManagementUITest@66a53104]" started-at="2019-11-15T13:05:23 IST" name="startTestCase" finished-at="2019-11-15T13:05:23 IST" duration-ms="1" status="PASS">
          <params>
            <param index="0">
              <value>
                <![CDATA[public void com.tetherfi.test.ivr.BranchManagementUITest.VerifyBranchManagementApprovedDataPage()]]>
              </value>
            </param>
          </params>
          <reporter-output>
          </reporter-output>
        </test-method> <!-- startTestCase -->
        <test-method is-config="true" signature="NavigateToBranchManagementPage()[pri:0, instance:com.tetherfi.test.ivr.BranchManagementUITest@66a53104]" started-at="2019-11-15T13:05:23 IST" name="NavigateToBranchManagementPage" finished-at="2019-11-15T13:05:26 IST" duration-ms="2755" status="PASS">
          <reporter-output>
          </reporter-output>
        </test-method> <!-- NavigateToBranchManagementPage -->
        <test-method signature="VerifyBranchManagementApprovedDataPage()[pri:2, instance:com.tetherfi.test.ivr.BranchManagementUITest@66a53104]" started-at="2019-11-15T13:05:26 IST" name="VerifyBranchManagementApprovedDataPage" finished-at="2019-11-15T13:05:27 IST" duration-ms="1199" status="PASS">
          <reporter-output>
            <line>
              <![CDATA[Test Case <b style="color:green;" "font-size:25px;">Passed</b>
]]>
            </line>
            <line>
              <![CDATA[<img src="Screenshot\VerifyBranchManagementApprovedDataPage.jpg" alt="Image Not Found"/><br />]]>
            </line>
          </reporter-output>
        </test-method> <!-- VerifyBranchManagementApprovedDataPage -->
        <test-method is-config="true" signature="afterEachMethod(org.testng.ITestResult, java.lang.reflect.Method)[pri:0, instance:com.tetherfi.test.ivr.BranchManagementUITest@66a53104]" started-at="2019-11-15T13:05:27 IST" name="afterEachMethod" finished-at="2019-11-15T13:05:27 IST" duration-ms="0" status="PASS">
          <params>
            <param index="0">
              <value>
                <![CDATA[[TestResult name=VerifyBranchManagementApprovedDataPage status=SUCCESS method=BranchManagementUITest.VerifyBranchManagementApprovedDataPage()[pri:2, instance:com.tetherfi.test.ivr.BranchManagementUITest@66a53104] output=Test Case <b style="color:green;" "font-size:25px;">Passed</b>
]]]>
              </value>
            </param>
            <param index="1">
              <value>
                <![CDATA[public void com.tetherfi.test.ivr.BranchManagementUITest.VerifyBranchManagementApprovedDataPage()]]>
              </value>
            </param>
          </params>
          <reporter-output>
          </reporter-output>
        </test-method> <!-- afterEachMethod -->
        <test-method is-config="true" signature="endTestCase(java.lang.reflect.Method)[pri:0, instance:com.tetherfi.test.ivr.BranchManagementUITest@66a53104]" started-at="2019-11-15T13:05:27 IST" name="endTestCase" finished-at="2019-11-15T13:05:27 IST" duration-ms="1" status="PASS">
          <params>
            <param index="0">
              <value>
                <![CDATA[public void com.tetherfi.test.ivr.BranchManagementUITest.VerifyBranchManagementApprovedDataPage()]]>
              </value>
            </param>
          </params>
          <reporter-output>
          </reporter-output>
        </test-method> <!-- endTestCase -->
        <test-method is-config="true" signature="NavigateToBranchManagementPage()[pri:0, instance:com.tetherfi.test.ivr.BranchManagementUITest@66a53104]" started-at="2019-11-15T13:05:27 IST" name="NavigateToBranchManagementPage" finished-at="2019-11-15T13:05:31 IST" duration-ms="3794" status="PASS">
          <reporter-output>
          </reporter-output>
        </test-method> <!-- NavigateToBranchManagementPage -->
        <test-method is-config="true" signature="startTestCase(java.lang.reflect.Method)[pri:0, instance:com.tetherfi.test.ivr.BranchManagementUITest@66a53104]" started-at="2019-11-15T13:05:27 IST" name="startTestCase" finished-at="2019-11-15T13:05:27 IST" duration-ms="0" status="PASS">
          <params>
            <param index="0">
              <value>
                <![CDATA[public void com.tetherfi.test.ivr.BranchManagementUITest.VerifyBranchManagementAuditTrailDataPage()]]>
              </value>
            </param>
          </params>
          <reporter-output>
          </reporter-output>
        </test-method> <!-- startTestCase -->
        <test-method signature="VerifyBranchManagementAuditTrailDataPage()[pri:3, instance:com.tetherfi.test.ivr.BranchManagementUITest@66a53104]" started-at="2019-11-15T13:05:31 IST" name="VerifyBranchManagementAuditTrailDataPage" finished-at="2019-11-15T13:05:38 IST" duration-ms="7186" status="PASS">
          <reporter-output>
            <line>
              <![CDATA[Test Case <b style="color:green;" "font-size:25px;">Passed</b>
]]>
            </line>
            <line>
              <![CDATA[<img src="Screenshot\VerifyBranchManagementAuditTrailDataPage.jpg" alt="Image Not Found"/><br />]]>
            </line>
          </reporter-output>
        </test-method> <!-- VerifyBranchManagementAuditTrailDataPage -->
        <test-method is-config="true" signature="afterEachMethod(org.testng.ITestResult, java.lang.reflect.Method)[pri:0, instance:com.tetherfi.test.ivr.BranchManagementUITest@66a53104]" started-at="2019-11-15T13:05:38 IST" name="afterEachMethod" finished-at="2019-11-15T13:05:38 IST" duration-ms="0" status="PASS">
          <params>
            <param index="0">
              <value>
                <![CDATA[[TestResult name=VerifyBranchManagementAuditTrailDataPage status=SUCCESS method=BranchManagementUITest.VerifyBranchManagementAuditTrailDataPage()[pri:3, instance:com.tetherfi.test.ivr.BranchManagementUITest@66a53104] output=Test Case <b style="color:green;" "font-size:25px;">Passed</b>
]]]>
              </value>
            </param>
            <param index="1">
              <value>
                <![CDATA[public void com.tetherfi.test.ivr.BranchManagementUITest.VerifyBranchManagementAuditTrailDataPage()]]>
              </value>
            </param>
          </params>
          <reporter-output>
          </reporter-output>
        </test-method> <!-- afterEachMethod -->
        <test-method is-config="true" signature="endTestCase(java.lang.reflect.Method)[pri:0, instance:com.tetherfi.test.ivr.BranchManagementUITest@66a53104]" started-at="2019-11-15T13:05:38 IST" name="endTestCase" finished-at="2019-11-15T13:05:38 IST" duration-ms="0" status="PASS">
          <params>
            <param index="0">
              <value>
                <![CDATA[public void com.tetherfi.test.ivr.BranchManagementUITest.VerifyBranchManagementAuditTrailDataPage()]]>
              </value>
            </param>
          </params>
          <reporter-output>
          </reporter-output>
        </test-method> <!-- endTestCase -->
        <test-method is-config="true" signature="startTestCase(java.lang.reflect.Method)[pri:0, instance:com.tetherfi.test.ivr.BranchManagementUITest@66a53104]" started-at="2019-11-15T13:05:38 IST" name="startTestCase" finished-at="2019-11-15T13:05:38 IST" duration-ms="0" status="PASS">
          <params>
            <param index="0">
              <value>
                <![CDATA[public void com.tetherfi.test.ivr.BranchManagementUITest.VerifyMakeBranchManagementChangeButton()]]>
              </value>
            </param>
          </params>
          <reporter-output>
          </reporter-output>
        </test-method> <!-- startTestCase -->
        <test-method is-config="true" signature="NavigateToBranchManagementPage()[pri:0, instance:com.tetherfi.test.ivr.BranchManagementUITest@66a53104]" started-at="2019-11-15T13:05:38 IST" name="NavigateToBranchManagementPage" finished-at="2019-11-15T13:05:42 IST" duration-ms="3719" status="PASS">
          <reporter-output>
          </reporter-output>
        </test-method> <!-- NavigateToBranchManagementPage -->
        <test-method signature="VerifyMakeBranchManagementChangeButton()[pri:4, instance:com.tetherfi.test.ivr.BranchManagementUITest@66a53104]" started-at="2019-11-15T13:05:42 IST" name="VerifyMakeBranchManagementChangeButton" finished-at="2019-11-15T13:05:54 IST" duration-ms="11686" status="PASS">
          <reporter-output>
            <line>
              <![CDATA[Test Case <b style="color:green;" "font-size:25px;">Passed</b>
]]>
            </line>
            <line>
              <![CDATA[<img src="Screenshot\VerifyMakeBranchManagementChangeButton.jpg" alt="Image Not Found"/><br />]]>
            </line>
          </reporter-output>
        </test-method> <!-- VerifyMakeBranchManagementChangeButton -->
        <test-method is-config="true" signature="afterEachMethod(org.testng.ITestResult, java.lang.reflect.Method)[pri:0, instance:com.tetherfi.test.ivr.BranchManagementUITest@66a53104]" started-at="2019-11-15T13:05:54 IST" name="afterEachMethod" finished-at="2019-11-15T13:05:54 IST" duration-ms="1" status="PASS">
          <params>
            <param index="0">
              <value>
                <![CDATA[[TestResult name=VerifyMakeBranchManagementChangeButton status=SUCCESS method=BranchManagementUITest.VerifyMakeBranchManagementChangeButton()[pri:4, instance:com.tetherfi.test.ivr.BranchManagementUITest@66a53104] output=Test Case <b style="color:green;" "font-size:25px;">Passed</b>
]]]>
              </value>
            </param>
            <param index="1">
              <value>
                <![CDATA[public void com.tetherfi.test.ivr.BranchManagementUITest.VerifyMakeBranchManagementChangeButton()]]>
              </value>
            </param>
          </params>
          <reporter-output>
          </reporter-output>
        </test-method> <!-- afterEachMethod -->
        <test-method is-config="true" signature="endTestCase(java.lang.reflect.Method)[pri:0, instance:com.tetherfi.test.ivr.BranchManagementUITest@66a53104]" started-at="2019-11-15T13:05:54 IST" name="endTestCase" finished-at="2019-11-15T13:05:54 IST" duration-ms="0" status="PASS">
          <params>
            <param index="0">
              <value>
                <![CDATA[public void com.tetherfi.test.ivr.BranchManagementUITest.VerifyMakeBranchManagementChangeButton()]]>
              </value>
            </param>
          </params>
          <reporter-output>
          </reporter-output>
        </test-method> <!-- endTestCase -->
        <test-method is-config="true" signature="startTestCase(java.lang.reflect.Method)[pri:0, instance:com.tetherfi.test.ivr.BranchManagementUITest@66a53104]" started-at="2019-11-15T13:05:54 IST" name="startTestCase" finished-at="2019-11-15T13:05:54 IST" duration-ms="1" status="PASS">
          <params>
            <param index="0">
              <value>
                <![CDATA[public void com.tetherfi.test.ivr.BranchManagementUITest.VerifyDropdownForAllTheColumns()]]>
              </value>
            </param>
          </params>
          <reporter-output>
          </reporter-output>
        </test-method> <!-- startTestCase -->
        <test-method is-config="true" signature="NavigateToBranchManagementPage()[pri:0, instance:com.tetherfi.test.ivr.BranchManagementUITest@66a53104]" started-at="2019-11-15T13:05:54 IST" name="NavigateToBranchManagementPage" finished-at="2019-11-15T13:05:57 IST" duration-ms="3722" status="PASS">
          <reporter-output>
          </reporter-output>
        </test-method> <!-- NavigateToBranchManagementPage -->
        <test-method signature="VerifyDropdownForAllTheColumns()[pri:5, instance:com.tetherfi.test.ivr.BranchManagementUITest@66a53104]" started-at="2019-11-15T13:05:57 IST" name="VerifyDropdownForAllTheColumns" finished-at="2019-11-15T13:06:28 IST" duration-ms="30827" status="PASS">
          <reporter-output>
            <line>
              <![CDATA[Test Case <b style="color:green;" "font-size:25px;">Passed</b>
]]>
            </line>
            <line>
              <![CDATA[<img src="Screenshot\VerifyDropdownForAllTheColumns.jpg" alt="Image Not Found"/><br />]]>
            </line>
          </reporter-output>
        </test-method> <!-- VerifyDropdownForAllTheColumns -->
        <test-method is-config="true" signature="endTestCase(java.lang.reflect.Method)[pri:0, instance:com.tetherfi.test.ivr.BranchManagementUITest@66a53104]" started-at="2019-11-15T13:06:28 IST" name="endTestCase" finished-at="2019-11-15T13:06:28 IST" duration-ms="0" status="PASS">
          <params>
            <param index="0">
              <value>
                <![CDATA[public void com.tetherfi.test.ivr.BranchManagementUITest.VerifyDropdownForAllTheColumns()]]>
              </value>
            </param>
          </params>
          <reporter-output>
          </reporter-output>
        </test-method> <!-- endTestCase -->
        <test-method is-config="true" signature="afterEachMethod(org.testng.ITestResult, java.lang.reflect.Method)[pri:0, instance:com.tetherfi.test.ivr.BranchManagementUITest@66a53104]" started-at="2019-11-15T13:06:28 IST" name="afterEachMethod" finished-at="2019-11-15T13:06:28 IST" duration-ms="0" status="PASS">
          <params>
            <param index="0">
              <value>
                <![CDATA[[TestResult name=VerifyDropdownForAllTheColumns status=SUCCESS method=BranchManagementUITest.VerifyDropdownForAllTheColumns()[pri:5, instance:com.tetherfi.test.ivr.BranchManagementUITest@66a53104] output=Test Case <b style="color:green;" "font-size:25px;">Passed</b>
]]]>
              </value>
            </param>
            <param index="1">
              <value>
                <![CDATA[public void com.tetherfi.test.ivr.BranchManagementUITest.VerifyDropdownForAllTheColumns()]]>
              </value>
            </param>
          </params>
          <reporter-output>
          </reporter-output>
        </test-method> <!-- afterEachMethod -->
        <test-method is-config="true" signature="startTestCase(java.lang.reflect.Method)[pri:0, instance:com.tetherfi.test.ivr.BranchManagementUITest@66a53104]" started-at="2019-11-15T13:06:28 IST" name="startTestCase" finished-at="2019-11-15T13:06:28 IST" duration-ms="1" status="PASS">
          <params>
            <param index="0">
              <value>
                <![CDATA[public void com.tetherfi.test.ivr.BranchManagementUITest.VerifyColumnsHeaderEnable() throws java.lang.InterruptedException]]>
              </value>
            </param>
          </params>
          <reporter-output>
          </reporter-output>
        </test-method> <!-- startTestCase -->
        <test-method is-config="true" signature="NavigateToBranchManagementPage()[pri:0, instance:com.tetherfi.test.ivr.BranchManagementUITest@66a53104]" started-at="2019-11-15T13:06:28 IST" name="NavigateToBranchManagementPage" finished-at="2019-11-15T13:06:32 IST" duration-ms="4061" status="PASS">
          <reporter-output>
          </reporter-output>
        </test-method> <!-- NavigateToBranchManagementPage -->
        <test-method signature="VerifyColumnsHeaderEnable()[pri:6, instance:com.tetherfi.test.ivr.BranchManagementUITest@66a53104]" started-at="2019-11-15T13:06:32 IST" name="VerifyColumnsHeaderEnable" finished-at="2019-11-15T13:07:02 IST" duration-ms="29614" status="PASS">
          <reporter-output>
            <line>
              <![CDATA[Test Case <b style="color:green;" "font-size:25px;">Passed</b>
]]>
            </line>
            <line>
              <![CDATA[<img src="Screenshot\VerifyColumnsHeaderEnable.jpg" alt="Image Not Found"/><br />]]>
            </line>
          </reporter-output>
        </test-method> <!-- VerifyColumnsHeaderEnable -->
        <test-method is-config="true" signature="afterEachMethod(org.testng.ITestResult, java.lang.reflect.Method)[pri:0, instance:com.tetherfi.test.ivr.BranchManagementUITest@66a53104]" started-at="2019-11-15T13:07:02 IST" name="afterEachMethod" finished-at="2019-11-15T13:07:02 IST" duration-ms="0" status="PASS">
          <params>
            <param index="0">
              <value>
                <![CDATA[[TestResult name=VerifyColumnsHeaderEnable status=SUCCESS method=BranchManagementUITest.VerifyColumnsHeaderEnable()[pri:6, instance:com.tetherfi.test.ivr.BranchManagementUITest@66a53104] output=Test Case <b style="color:green;" "font-size:25px;">Passed</b>
]]]>
              </value>
            </param>
            <param index="1">
              <value>
                <![CDATA[public void com.tetherfi.test.ivr.BranchManagementUITest.VerifyColumnsHeaderEnable() throws java.lang.InterruptedException]]>
              </value>
            </param>
          </params>
          <reporter-output>
          </reporter-output>
        </test-method> <!-- afterEachMethod -->
        <test-method is-config="true" signature="endTestCase(java.lang.reflect.Method)[pri:0, instance:com.tetherfi.test.ivr.BranchManagementUITest@66a53104]" started-at="2019-11-15T13:07:02 IST" name="endTestCase" finished-at="2019-11-15T13:07:02 IST" duration-ms="1" status="PASS">
          <params>
            <param index="0">
              <value>
                <![CDATA[public void com.tetherfi.test.ivr.BranchManagementUITest.VerifyColumnsHeaderEnable() throws java.lang.InterruptedException]]>
              </value>
            </param>
          </params>
          <reporter-output>
          </reporter-output>
        </test-method> <!-- endTestCase -->
        <test-method is-config="true" signature="startTestCase(java.lang.reflect.Method)[pri:0, instance:com.tetherfi.test.ivr.BranchManagementUITest@66a53104]" started-at="2019-11-15T13:07:02 IST" name="startTestCase" finished-at="2019-11-15T13:07:02 IST" duration-ms="0" status="PASS">
          <params>
            <param index="0">
              <value>
                <![CDATA[public void com.tetherfi.test.ivr.BranchManagementUITest.VerifyColumnsHeaderDisable()]]>
              </value>
            </param>
          </params>
          <reporter-output>
          </reporter-output>
        </test-method> <!-- startTestCase -->
        <test-method is-config="true" signature="NavigateToBranchManagementPage()[pri:0, instance:com.tetherfi.test.ivr.BranchManagementUITest@66a53104]" started-at="2019-11-15T13:07:02 IST" name="NavigateToBranchManagementPage" finished-at="2019-11-15T13:07:06 IST" duration-ms="3866" status="PASS">
          <reporter-output>
          </reporter-output>
        </test-method> <!-- NavigateToBranchManagementPage -->
        <test-method signature="VerifyColumnsHeaderDisable()[pri:7, instance:com.tetherfi.test.ivr.BranchManagementUITest@66a53104]" started-at="2019-11-15T13:07:06 IST" name="VerifyColumnsHeaderDisable" finished-at="2019-11-15T13:07:16 IST" duration-ms="10615" status="PASS">
          <reporter-output>
            <line>
              <![CDATA[Test Case <b style="color:green;" "font-size:25px;">Passed</b>
]]>
            </line>
            <line>
              <![CDATA[<img src="Screenshot\VerifyColumnsHeaderDisable.jpg" alt="Image Not Found"/><br />]]>
            </line>
          </reporter-output>
        </test-method> <!-- VerifyColumnsHeaderDisable -->
        <test-method is-config="true" signature="afterEachMethod(org.testng.ITestResult, java.lang.reflect.Method)[pri:0, instance:com.tetherfi.test.ivr.BranchManagementUITest@66a53104]" started-at="2019-11-15T13:07:16 IST" name="afterEachMethod" finished-at="2019-11-15T13:07:16 IST" duration-ms="0" status="PASS">
          <params>
            <param index="0">
              <value>
                <![CDATA[[TestResult name=VerifyColumnsHeaderDisable status=SUCCESS method=BranchManagementUITest.VerifyColumnsHeaderDisable()[pri:7, instance:com.tetherfi.test.ivr.BranchManagementUITest@66a53104] output=Test Case <b style="color:green;" "font-size:25px;">Passed</b>
]]]>
              </value>
            </param>
            <param index="1">
              <value>
                <![CDATA[public void com.tetherfi.test.ivr.BranchManagementUITest.VerifyColumnsHeaderDisable()]]>
              </value>
            </param>
          </params>
          <reporter-output>
          </reporter-output>
        </test-method> <!-- afterEachMethod -->
        <test-method is-config="true" signature="endTestCase(java.lang.reflect.Method)[pri:0, instance:com.tetherfi.test.ivr.BranchManagementUITest@66a53104]" started-at="2019-11-15T13:07:16 IST" name="endTestCase" finished-at="2019-11-15T13:07:16 IST" duration-ms="0" status="PASS">
          <params>
            <param index="0">
              <value>
                <![CDATA[public void com.tetherfi.test.ivr.BranchManagementUITest.VerifyColumnsHeaderDisable()]]>
              </value>
            </param>
          </params>
          <reporter-output>
          </reporter-output>
        </test-method> <!-- endTestCase -->
        <test-method is-config="true" signature="NavigateToBranchManagementPage()[pri:0, instance:com.tetherfi.test.ivr.BranchManagementUITest@66a53104]" started-at="2019-11-15T13:07:16 IST" name="NavigateToBranchManagementPage" finished-at="2019-11-15T13:07:21 IST" duration-ms="4278" status="PASS">
          <reporter-output>
          </reporter-output>
        </test-method> <!-- NavigateToBranchManagementPage -->
        <test-method is-config="true" signature="startTestCase(java.lang.reflect.Method)[pri:0, instance:com.tetherfi.test.ivr.BranchManagementUITest@66a53104]" started-at="2019-11-15T13:07:16 IST" name="startTestCase" finished-at="2019-11-15T13:07:16 IST" duration-ms="0" status="PASS">
          <params>
            <param index="0">
              <value>
                <![CDATA[public void com.tetherfi.test.ivr.BranchManagementUITest.VerifyArrowMoveForPreviousAndNextPage()]]>
              </value>
            </param>
          </params>
          <reporter-output>
          </reporter-output>
        </test-method> <!-- startTestCase -->
        <test-method signature="VerifyArrowMoveForPreviousAndNextPage()[pri:8, instance:com.tetherfi.test.ivr.BranchManagementUITest@66a53104]" started-at="2019-11-15T13:07:21 IST" name="VerifyArrowMoveForPreviousAndNextPage" finished-at="2019-11-15T13:07:31 IST" duration-ms="10532" status="PASS">
          <reporter-output>
            <line>
              <![CDATA[Test Case <b style="color:green;" "font-size:25px;">Passed</b>
]]>
            </line>
            <line>
              <![CDATA[<img src="Screenshot\VerifyArrowMoveForPreviousAndNextPage.jpg" alt="Image Not Found"/><br />]]>
            </line>
          </reporter-output>
        </test-method> <!-- VerifyArrowMoveForPreviousAndNextPage -->
        <test-method is-config="true" signature="afterEachMethod(org.testng.ITestResult, java.lang.reflect.Method)[pri:0, instance:com.tetherfi.test.ivr.BranchManagementUITest@66a53104]" started-at="2019-11-15T13:07:31 IST" name="afterEachMethod" finished-at="2019-11-15T13:07:31 IST" duration-ms="1" status="PASS">
          <params>
            <param index="0">
              <value>
                <![CDATA[[TestResult name=VerifyArrowMoveForPreviousAndNextPage status=SUCCESS method=BranchManagementUITest.VerifyArrowMoveForPreviousAndNextPage()[pri:8, instance:com.tetherfi.test.ivr.BranchManagementUITest@66a53104] output=Test Case <b style="color:green;" "font-size:25px;">Passed</b>
]]]>
              </value>
            </param>
            <param index="1">
              <value>
                <![CDATA[public void com.tetherfi.test.ivr.BranchManagementUITest.VerifyArrowMoveForPreviousAndNextPage()]]>
              </value>
            </param>
          </params>
          <reporter-output>
          </reporter-output>
        </test-method> <!-- afterEachMethod -->
        <test-method is-config="true" signature="endTestCase(java.lang.reflect.Method)[pri:0, instance:com.tetherfi.test.ivr.BranchManagementUITest@66a53104]" started-at="2019-11-15T13:07:31 IST" name="endTestCase" finished-at="2019-11-15T13:07:31 IST" duration-ms="1" status="PASS">
          <params>
            <param index="0">
              <value>
                <![CDATA[public void com.tetherfi.test.ivr.BranchManagementUITest.VerifyArrowMoveForPreviousAndNextPage()]]>
              </value>
            </param>
          </params>
          <reporter-output>
          </reporter-output>
        </test-method> <!-- endTestCase -->
        <test-method is-config="true" signature="startTestCase(java.lang.reflect.Method)[pri:0, instance:com.tetherfi.test.ivr.BranchManagementUITest@66a53104]" started-at="2019-11-15T13:07:31 IST" name="startTestCase" finished-at="2019-11-15T13:07:31 IST" duration-ms="1" status="PASS">
          <params>
            <param index="0">
              <value>
                <![CDATA[public void com.tetherfi.test.ivr.BranchManagementUITest.VerifyArrowMoveForFirstAndLastPage()]]>
              </value>
            </param>
          </params>
          <reporter-output>
          </reporter-output>
        </test-method> <!-- startTestCase -->
        <test-method is-config="true" signature="NavigateToBranchManagementPage()[pri:0, instance:com.tetherfi.test.ivr.BranchManagementUITest@66a53104]" started-at="2019-11-15T13:07:31 IST" name="NavigateToBranchManagementPage" finished-at="2019-11-15T13:07:35 IST" duration-ms="3765" status="PASS">
          <reporter-output>
          </reporter-output>
        </test-method> <!-- NavigateToBranchManagementPage -->
        <test-method signature="VerifyArrowMoveForFirstAndLastPage()[pri:9, instance:com.tetherfi.test.ivr.BranchManagementUITest@66a53104]" started-at="2019-11-15T13:07:35 IST" name="VerifyArrowMoveForFirstAndLastPage" finished-at="2019-11-15T13:07:46 IST" duration-ms="10676" status="PASS">
          <reporter-output>
            <line>
              <![CDATA[Test Case <b style="color:green;" "font-size:25px;">Passed</b>
]]>
            </line>
            <line>
              <![CDATA[<img src="Screenshot\VerifyArrowMoveForFirstAndLastPage.jpg" alt="Image Not Found"/><br />]]>
            </line>
          </reporter-output>
        </test-method> <!-- VerifyArrowMoveForFirstAndLastPage -->
        <test-method is-config="true" signature="endTestCase(java.lang.reflect.Method)[pri:0, instance:com.tetherfi.test.ivr.BranchManagementUITest@66a53104]" started-at="2019-11-15T13:07:46 IST" name="endTestCase" finished-at="2019-11-15T13:07:46 IST" duration-ms="1" status="PASS">
          <params>
            <param index="0">
              <value>
                <![CDATA[public void com.tetherfi.test.ivr.BranchManagementUITest.VerifyArrowMoveForFirstAndLastPage()]]>
              </value>
            </param>
          </params>
          <reporter-output>
          </reporter-output>
        </test-method> <!-- endTestCase -->
        <test-method is-config="true" signature="afterEachMethod(org.testng.ITestResult, java.lang.reflect.Method)[pri:0, instance:com.tetherfi.test.ivr.BranchManagementUITest@66a53104]" started-at="2019-11-15T13:07:46 IST" name="afterEachMethod" finished-at="2019-11-15T13:07:46 IST" duration-ms="0" status="PASS">
          <params>
            <param index="0">
              <value>
                <![CDATA[[TestResult name=VerifyArrowMoveForFirstAndLastPage status=SUCCESS method=BranchManagementUITest.VerifyArrowMoveForFirstAndLastPage()[pri:9, instance:com.tetherfi.test.ivr.BranchManagementUITest@66a53104] output=Test Case <b style="color:green;" "font-size:25px;">Passed</b>
]]]>
              </value>
            </param>
            <param index="1">
              <value>
                <![CDATA[public void com.tetherfi.test.ivr.BranchManagementUITest.VerifyArrowMoveForFirstAndLastPage()]]>
              </value>
            </param>
          </params>
          <reporter-output>
          </reporter-output>
        </test-method> <!-- afterEachMethod -->
        <test-method is-config="true" signature="startTestCase(java.lang.reflect.Method)[pri:0, instance:com.tetherfi.test.ivr.BranchManagementUITest@66a53104]" started-at="2019-11-15T13:07:46 IST" name="startTestCase" finished-at="2019-11-15T13:07:46 IST" duration-ms="0" status="PASS">
          <params>
            <param index="0">
              <value>
                <![CDATA[public void com.tetherfi.test.ivr.BranchManagementUITest.VerifyTotalNumberOfItemsPerPageDetails()]]>
              </value>
            </param>
          </params>
          <reporter-output>
          </reporter-output>
        </test-method> <!-- startTestCase -->
        <test-method is-config="true" signature="NavigateToBranchManagementPage()[pri:0, instance:com.tetherfi.test.ivr.BranchManagementUITest@66a53104]" started-at="2019-11-15T13:07:46 IST" name="NavigateToBranchManagementPage" finished-at="2019-11-15T13:07:50 IST" duration-ms="3867" status="PASS">
          <reporter-output>
          </reporter-output>
        </test-method> <!-- NavigateToBranchManagementPage -->
        <test-method signature="VerifyTotalNumberOfItemsPerPageDetails()[pri:10, instance:com.tetherfi.test.ivr.BranchManagementUITest@66a53104]" started-at="2019-11-15T13:07:50 IST" name="VerifyTotalNumberOfItemsPerPageDetails" finished-at="2019-11-15T13:08:00 IST" duration-ms="10585" status="PASS">
          <reporter-output>
            <line>
              <![CDATA[Test Case <b style="color:green;" "font-size:25px;">Passed</b>
]]>
            </line>
            <line>
              <![CDATA[<img src="Screenshot\VerifyTotalNumberOfItemsPerPageDetails.jpg" alt="Image Not Found"/><br />]]>
            </line>
          </reporter-output>
        </test-method> <!-- VerifyTotalNumberOfItemsPerPageDetails -->
        <test-method is-config="true" signature="endTestCase(java.lang.reflect.Method)[pri:0, instance:com.tetherfi.test.ivr.BranchManagementUITest@66a53104]" started-at="2019-11-15T13:08:00 IST" name="endTestCase" finished-at="2019-11-15T13:08:00 IST" duration-ms="1" status="PASS">
          <params>
            <param index="0">
              <value>
                <![CDATA[public void com.tetherfi.test.ivr.BranchManagementUITest.VerifyTotalNumberOfItemsPerPageDetails()]]>
              </value>
            </param>
          </params>
          <reporter-output>
          </reporter-output>
        </test-method> <!-- endTestCase -->
        <test-method is-config="true" signature="afterEachMethod(org.testng.ITestResult, java.lang.reflect.Method)[pri:0, instance:com.tetherfi.test.ivr.BranchManagementUITest@66a53104]" started-at="2019-11-15T13:08:00 IST" name="afterEachMethod" finished-at="2019-11-15T13:08:00 IST" duration-ms="0" status="PASS">
          <params>
            <param index="0">
              <value>
                <![CDATA[[TestResult name=VerifyTotalNumberOfItemsPerPageDetails status=SUCCESS method=BranchManagementUITest.VerifyTotalNumberOfItemsPerPageDetails()[pri:10, instance:com.tetherfi.test.ivr.BranchManagementUITest@66a53104] output=Test Case <b style="color:green;" "font-size:25px;">Passed</b>
]]]>
              </value>
            </param>
            <param index="1">
              <value>
                <![CDATA[public void com.tetherfi.test.ivr.BranchManagementUITest.VerifyTotalNumberOfItemsPerPageDetails()]]>
              </value>
            </param>
          </params>
          <reporter-output>
          </reporter-output>
        </test-method> <!-- afterEachMethod -->
        <test-method is-config="true" signature="startTestCase(java.lang.reflect.Method)[pri:0, instance:com.tetherfi.test.ivr.BranchManagementUITest@66a53104]" started-at="2019-11-15T13:08:00 IST" name="startTestCase" finished-at="2019-11-15T13:08:00 IST" duration-ms="0" status="PASS">
          <params>
            <param index="0">
              <value>
                <![CDATA[public void com.tetherfi.test.ivr.BranchManagementUITest.VerifyNumberOfItemsPerPageSelection()]]>
              </value>
            </param>
          </params>
          <reporter-output>
          </reporter-output>
        </test-method> <!-- startTestCase -->
        <test-method is-config="true" signature="NavigateToBranchManagementPage()[pri:0, instance:com.tetherfi.test.ivr.BranchManagementUITest@66a53104]" started-at="2019-11-15T13:08:00 IST" name="NavigateToBranchManagementPage" finished-at="2019-11-15T13:08:04 IST" duration-ms="3768" status="PASS">
          <reporter-output>
          </reporter-output>
        </test-method> <!-- NavigateToBranchManagementPage -->
        <test-method signature="VerifyNumberOfItemsPerPageSelection()[pri:11, instance:com.tetherfi.test.ivr.BranchManagementUITest@66a53104]" started-at="2019-11-15T13:08:04 IST" name="VerifyNumberOfItemsPerPageSelection" finished-at="2019-11-15T13:08:17 IST" duration-ms="12673" status="FAIL">
          <exception class="java.lang.AssertionError">
            <message>
              <![CDATA[item per page assertion failed did not expect to find [true] but found [false]]]>
            </message>
            <full-stacktrace>
              <![CDATA[java.lang.AssertionError: item per page assertion failed did not expect to find [true] but found [false]
at org.testng.Assert.fail(Assert.java:97)
at org.testng.Assert.failNotEquals(Assert.java:969)
at org.testng.Assert.assertTrue(Assert.java:43)
at com.tetherfi.test.ivr.BranchManagementUITest.VerifyNumberOfItemsPerPageSelection(BranchManagementUITest.java:128)
at java.base/jdk.internal.reflect.NativeMethodAccessorImpl.invoke0(Native Method)
at java.base/jdk.internal.reflect.NativeMethodAccessorImpl.invoke(Unknown Source)
at java.base/jdk.internal.reflect.DelegatingMethodAccessorImpl.invoke(Unknown Source)
at java.base/java.lang.reflect.Method.invoke(Unknown Source)
at org.testng.internal.MethodInvocationHelper.invokeMethod(MethodInvocationHelper.java:133)
at org.testng.internal.TestInvoker.invokeMethod(TestInvoker.java:584)
at org.testng.internal.TestInvoker.invokeTestMethod(TestInvoker.java:172)
at org.testng.internal.MethodRunner.runInSequence(MethodRunner.java:46)
at org.testng.internal.TestInvoker$MethodInvocationAgent.invoke(TestInvoker.java:804)
at org.testng.internal.TestInvoker.invokeTestMethods(TestInvoker.java:145)
at org.testng.internal.TestMethodWorker.invokeTestMethods(TestMethodWorker.java:146)
at org.testng.internal.TestMethodWorker.run(TestMethodWorker.java:128)
at java.base/java.util.ArrayList.forEach(Unknown Source)
at org.testng.TestRunner.privateRun(TestRunner.java:770)
at org.testng.TestRunner.run(TestRunner.java:591)
at org.testng.SuiteRunner.runTest(SuiteRunner.java:402)
at org.testng.SuiteRunner.runSequentially(SuiteRunner.java:396)
at org.testng.SuiteRunner.privateRun(SuiteRunner.java:355)
at org.testng.SuiteRunner.run(SuiteRunner.java:304)
at org.testng.SuiteRunnerWorker.runSuite(SuiteRunnerWorker.java:53)
at org.testng.SuiteRunnerWorker.run(SuiteRunnerWorker.java:96)
at org.testng.TestNG.runSuitesSequentially(TestNG.java:1180)
at org.testng.TestNG.runSuitesLocally(TestNG.java:1102)
at org.testng.TestNG.runSuites(TestNG.java:1032)
at org.testng.TestNG.run(TestNG.java:1000)
at org.testng.remote.AbstractRemoteTestNG.run(AbstractRemoteTestNG.java:115)
at org.testng.remote.RemoteTestNG.initAndRun(RemoteTestNG.java:251)
at org.testng.remote.RemoteTestNG.main(RemoteTestNG.java:77)
]]>
            </full-stacktrace>
          </exception> <!-- java.lang.AssertionError -->
          <reporter-output>
            <line>
              <![CDATA[Test Case <b style="color:red;" "font-size:25px;">FAILED</b>
]]>
            </line>
            <line>
              <![CDATA[<img src="Screenshot\VerifyNumberOfItemsPerPageSelection.jpg" alt="Image Not Found"/><br />]]>
            </line>
          </reporter-output>
        </test-method> <!-- VerifyNumberOfItemsPerPageSelection -->
        <test-method is-config="true" signature="afterEachMethod(org.testng.ITestResult, java.lang.reflect.Method)[pri:0, instance:com.tetherfi.test.ivr.BranchManagementUITest@66a53104]" started-at="2019-11-15T13:08:17 IST" name="afterEachMethod" finished-at="2019-11-15T13:08:18 IST" duration-ms="1000" status="PASS">
          <params>
            <param index="0">
              <value>
                <![CDATA[[TestResult name=VerifyNumberOfItemsPerPageSelection status=FAILURE method=BranchManagementUITest.VerifyNumberOfItemsPerPageSelection()[pri:11, instance:com.tetherfi.test.ivr.BranchManagementUITest@66a53104] output=Test Case <b style="color:red;" "font-size:25px;">FAILED</b>
]]]>
              </value>
            </param>
            <param index="1">
              <value>
                <![CDATA[public void com.tetherfi.test.ivr.BranchManagementUITest.VerifyNumberOfItemsPerPageSelection()]]>
              </value>
            </param>
          </params>
          <reporter-output>
          </reporter-output>
        </test-method> <!-- afterEachMethod -->
        <test-method is-config="true" signature="endTestCase(java.lang.reflect.Method)[pri:0, instance:com.tetherfi.test.ivr.BranchManagementUITest@66a53104]" started-at="2019-11-15T13:08:18 IST" name="endTestCase" finished-at="2019-11-15T13:08:18 IST" duration-ms="1" status="PASS">
          <params>
            <param index="0">
              <value>
                <![CDATA[public void com.tetherfi.test.ivr.BranchManagementUITest.VerifyNumberOfItemsPerPageSelection()]]>
              </value>
            </param>
          </params>
          <reporter-output>
          </reporter-output>
        </test-method> <!-- endTestCase -->
        <test-method is-config="true" signature="startTestCase(java.lang.reflect.Method)[pri:0, instance:com.tetherfi.test.ivr.BranchManagementUITest@66a53104]" started-at="2019-11-15T13:08:18 IST" name="startTestCase" finished-at="2019-11-15T13:08:18 IST" duration-ms="0" status="PASS">
          <params>
            <param index="0">
              <value>
                <![CDATA[public void com.tetherfi.test.ivr.BranchManagementUITest.ExportToExcel() throws java.lang.Exception]]>
              </value>
            </param>
          </params>
          <reporter-output>
          </reporter-output>
        </test-method> <!-- startTestCase -->
        <test-method is-config="true" signature="NavigateToBranchManagementPage()[pri:0, instance:com.tetherfi.test.ivr.BranchManagementUITest@66a53104]" started-at="2019-11-15T13:08:18 IST" name="NavigateToBranchManagementPage" finished-at="2019-11-15T13:08:22 IST" duration-ms="4621" status="PASS">
          <reporter-output>
          </reporter-output>
        </test-method> <!-- NavigateToBranchManagementPage -->
        <test-method signature="ExportToExcel()[pri:12, instance:com.tetherfi.test.ivr.BranchManagementUITest@66a53104]" started-at="2019-11-15T13:08:22 IST" name="ExportToExcel" finished-at="2019-11-15T13:08:35 IST" duration-ms="12950" status="PASS">
          <reporter-output>
            <line>
              <![CDATA[Test Case <b style="color:green;" "font-size:25px;">Passed</b>
]]>
            </line>
            <line>
              <![CDATA[<img src="Screenshot\ExportToExcel.jpg" alt="Image Not Found"/><br />]]>
            </line>
          </reporter-output>
        </test-method> <!-- ExportToExcel -->
        <test-method is-config="true" signature="afterEachMethod(org.testng.ITestResult, java.lang.reflect.Method)[pri:0, instance:com.tetherfi.test.ivr.BranchManagementUITest@66a53104]" started-at="2019-11-15T13:08:35 IST" name="afterEachMethod" finished-at="2019-11-15T13:08:35 IST" duration-ms="0" status="PASS">
          <params>
            <param index="0">
              <value>
                <![CDATA[[TestResult name=ExportToExcel status=SUCCESS method=BranchManagementUITest.ExportToExcel()[pri:12, instance:com.tetherfi.test.ivr.BranchManagementUITest@66a53104] output=Test Case <b style="color:green;" "font-size:25px;">Passed</b>
]]]>
              </value>
            </param>
            <param index="1">
              <value>
                <![CDATA[public void com.tetherfi.test.ivr.BranchManagementUITest.ExportToExcel() throws java.lang.Exception]]>
              </value>
            </param>
          </params>
          <reporter-output>
          </reporter-output>
        </test-method> <!-- afterEachMethod -->
[...]
            </line>
          </reporter-output>
        </test-method> <!-- DeleteBranchManagementRecord -->
        <test-method is-config="true" signature="afterEachMethod(java.lang.reflect.Method)[pri:0, instance:com.tetherfi.test.ivr.BranchManagementDeleteTest@43f03c23]" started-at="2019-11-15T13:50:34 IST" name="afterEachMethod" finished-at="2019-11-15T13:50:41 IST" duration-ms="6935" status="PASS">
          <params>
            <param index="0">
              <value>
                <![CDATA[public void com.tetherfi.test.ivr.BranchManagementDeleteTest.DeleteBranchManagementRecord() throws java.lang.Exception]]>
              </value>
            </param>
          </params>
          <reporter-output>
          </reporter-output>
        </test-method> <!-- afterEachMethod -->
        <test-method is-config="true" signature="NavigateToBranchManagementPage(java.lang.reflect.Method)[pri:0, instance:com.tetherfi.test.ivr.BranchManagementDeleteTest@43f03c23]" started-at="2019-11-15T13:50:41 IST" name="NavigateToBranchManagementPage" finished-at="2019-11-15T13:51:04 IST" duration-ms="22575" status="PASS">
          <params>
            <param index="0">
              <value>
                <![CDATA[public void com.tetherfi.test.ivr.BranchManagementDeleteTest.VerifyAuditTrialReportForDelete() throws java.lang.Exception]]>
              </value>
            </param>
          </params>
          <reporter-output>
          </reporter-output>
        </test-method> <!-- NavigateToBranchManagementPage -->
        <test-method signature="VerifyAuditTrialReportForDelete()[pri:11, instance:com.tetherfi.test.ivr.BranchManagementDeleteTest@43f03c23]" started-at="2019-11-15T13:51:04 IST" name="VerifyAuditTrialReportForDelete" finished-at="2019-11-15T13:51:25 IST" depends-on-methods="com.tetherfi.test.ivr.BranchManagementDeleteTest.DeleteBranchManagementRecord" duration-ms="21773" status="PASS">
          <reporter-output>
            <line>
              <![CDATA[Test Case <b style="color:green;" "font-size:25px;">Passed</b>
]]>
            </line>
            <line>
              <![CDATA[<img src="Screenshot\VerifyAuditTrialReportForDelete.jpg" alt="Image Not Found"/><br />]]>
            </line>
          </reporter-output>
        </test-method> <!-- VerifyAuditTrialReportForDelete -->
        <test-method is-config="true" signature="afterEachMethod(java.lang.reflect.Method)[pri:0, instance:com.tetherfi.test.ivr.BranchManagementDeleteTest@43f03c23]" started-at="2019-11-15T13:51:25 IST" name="afterEachMethod" finished-at="2019-11-15T13:51:32 IST" duration-ms="7038" status="PASS">
          <params>
            <param index="0">
              <value>
                <![CDATA[public void com.tetherfi.test.ivr.BranchManagementDeleteTest.VerifyAuditTrialReportForDelete() throws java.lang.Exception]]>
              </value>
            </param>
          </params>
          <reporter-output>
          </reporter-output>
        </test-method> <!-- afterEachMethod -->
        <test-method is-config="true" signature="NavigateToBranchManagementPage(java.lang.reflect.Method)[pri:0, instance:com.tetherfi.test.ivr.BranchManagementDeleteTest@43f03c23]" started-at="2019-11-15T13:51:32 IST" name="NavigateToBranchManagementPage" finished-at="2019-11-15T13:51:55 IST" duration-ms="22469" status="PASS">
          <params>
            <param index="0">
              <value>
                <![CDATA[public void com.tetherfi.test.ivr.BranchManagementDeleteTest.VerifyAuditTrailDataForDeleteBranchManagementRecord() throws java.lang.Exception]]>
              </value>
            </param>
          </params>
          <reporter-output>
          </reporter-output>
        </test-method> <!-- NavigateToBranchManagementPage -->
        <test-method signature="VerifyAuditTrailDataForDeleteBranchManagementRecord()[pri:12, instance:com.tetherfi.test.ivr.BranchManagementDeleteTest@43f03c23]" started-at="2019-11-15T13:51:55 IST" name="VerifyAuditTrailDataForDeleteBranchManagementRecord" finished-at="2019-11-15T13:52:01 IST" duration-ms="5966" status="PASS">
          <reporter-output>
            <line>
              <![CDATA[Test Case <b style="color:green;" "font-size:25px;">Passed</b>
]]>
            </line>
            <line>
              <![CDATA[<img src="Screenshot\VerifyAuditTrailDataForDeleteBranchManagementRecord.jpg" alt="Image Not Found"/><br />]]>
            </line>
          </reporter-output>
        </test-method> <!-- VerifyAuditTrailDataForDeleteBranchManagementRecord -->
        <test-method is-config="true" signature="afterEachMethod(java.lang.reflect.Method)[pri:0, instance:com.tetherfi.test.ivr.BranchManagementDeleteTest@43f03c23]" started-at="2019-11-15T13:52:01 IST" name="afterEachMethod" finished-at="2019-11-15T13:52:08 IST" duration-ms="6838" status="PASS">
          <params>
            <param index="0">
              <value>
                <![CDATA[public void com.tetherfi.test.ivr.BranchManagementDeleteTest.VerifyAuditTrailDataForDeleteBranchManagementRecord() throws java.lang.Exception]]>
              </value>
            </param>
          </params>
          <reporter-output>
          </reporter-output>
        </test-method> <!-- afterEachMethod -->
        <test-method is-config="true" signature="NavigateToBranchManagementPage(java.lang.reflect.Method)[pri:0, instance:com.tetherfi.test.ivr.BranchManagementDeleteTest@43f03c23]" started-at="2019-11-15T13:52:08 IST" name="NavigateToBranchManagementPage" finished-at="2019-11-15T13:52:33 IST" duration-ms="25088" status="PASS">
          <params>
            <param index="0">
              <value>
                <![CDATA[public void com.tetherfi.test.ivr.BranchManagementDeleteTest.VerifySendForApprovalForDeleteRecord() throws java.lang.Exception]]>
              </value>
            </param>
          </params>
          <reporter-output>
          </reporter-output>
        </test-method> <!-- NavigateToBranchManagementPage -->
        <test-method signature="VerifySendForApprovalForDeleteRecord()[pri:13, instance:com.tetherfi.test.ivr.BranchManagementDeleteTest@43f03c23]" started-at="2019-11-15T13:52:33 IST" name="VerifySendForApprovalForDeleteRecord" finished-at="2019-11-15T13:52:43 IST" depends-on-methods="com.tetherfi.test.ivr.BranchManagementDeleteTest.VerifyAuditTrailDataForDeleteBranchManagementRecord" duration-ms="9909" status="PASS">
          <reporter-output>
            <line>
              <![CDATA[Test Case <b style="color:green;" "font-size:25px;">Passed</b>
]]>
            </line>
            <line>
              <![CDATA[<img src="Screenshot\VerifySendForApprovalForDeleteRecord.jpg" alt="Image Not Found"/><br />]]>
            </line>
          </reporter-output>
        </test-method> <!-- VerifySendForApprovalForDeleteRecord -->
        <test-method is-config="true" signature="afterEachMethod(java.lang.reflect.Method)[pri:0, instance:com.tetherfi.test.ivr.BranchManagementDeleteTest@43f03c23]" started-at="2019-11-15T13:52:43 IST" name="afterEachMethod" finished-at="2019-11-15T13:52:50 IST" duration-ms="6810" status="PASS">
          <params>
            <param index="0">
              <value>
                <![CDATA[public void com.tetherfi.test.ivr.BranchManagementDeleteTest.VerifySendForApprovalForDeleteRecord() throws java.lang.Exception]]>
              </value>
            </param>
          </params>
          <reporter-output>
          </reporter-output>
        </test-method> <!-- afterEachMethod -->
        <test-method is-config="true" signature="NavigateToBranchManagementPage(java.lang.reflect.Method)[pri:0, instance:com.tetherfi.test.ivr.BranchManagementDeleteTest@43f03c23]" started-at="2019-11-15T13:52:50 IST" name="NavigateToBranchManagementPage" finished-at="2019-11-15T13:53:13 IST" duration-ms="23116" status="PASS">
          <params>
            <param index="0">
              <value>
                <![CDATA[public void com.tetherfi.test.ivr.BranchManagementDeleteTest.VerifyAuditTrailReportForSendForApprove() throws java.lang.Exception]]>
              </value>
            </param>
          </params>
          <reporter-output>
          </reporter-output>
        </test-method> <!-- NavigateToBranchManagementPage -->
        <test-method signature="VerifyAuditTrailReportForSendForApprove()[pri:14, instance:com.tetherfi.test.ivr.BranchManagementDeleteTest@43f03c23]" started-at="2019-11-15T13:53:13 IST" name="VerifyAuditTrailReportForSendForApprove" finished-at="2019-11-15T13:53:34 IST" depends-on-methods="com.tetherfi.test.ivr.BranchManagementDeleteTest.VerifySendForApprovalForDeleteRecord" duration-ms="21820" status="FAIL">
          <exception class="java.lang.AssertionError">
            <message>
              <![CDATA[Audit Trail report assertion failed did not expect to find [true] but found [false]]]>
            </message>
            <full-stacktrace>
              <![CDATA[java.lang.AssertionError: Audit Trail report assertion failed did not expect to find [true] but found [false]
at org.testng.Assert.fail(Assert.java:97)
at org.testng.Assert.failNotEquals(Assert.java:969)
at org.testng.Assert.assertTrue(Assert.java:43)
at com.tetherfi.test.ivr.BranchManagementDeleteTest.VerifyAuditTrailReportForSendForApprove(BranchManagementDeleteTest.java:219)
at java.base/jdk.internal.reflect.NativeMethodAccessorImpl.invoke0(Native Method)
at java.base/jdk.internal.reflect.NativeMethodAccessorImpl.invoke(Unknown Source)
at java.base/jdk.internal.reflect.DelegatingMethodAccessorImpl.invoke(Unknown Source)
at java.base/java.lang.reflect.Method.invoke(Unknown Source)
at org.testng.internal.MethodInvocationHelper.invokeMethod(MethodInvocationHelper.java:133)
at org.testng.internal.TestInvoker.invokeMethod(TestInvoker.java:584)
at org.testng.internal.TestInvoker.invokeTestMethod(TestInvoker.java:172)
at org.testng.internal.MethodRunner.runInSequence(MethodRunner.java:46)
at org.testng.internal.TestInvoker$MethodInvocationAgent.invoke(TestInvoker.java:804)
at org.testng.internal.TestInvoker.invokeTestMethods(TestInvoker.java:145)
at org.testng.internal.TestMethodWorker.invokeTestMethods(TestMethodWorker.java:146)
at org.testng.internal.TestMethodWorker.run(TestMethodWorker.java:128)
at java.base/java.util.ArrayList.forEach(Unknown Source)
at org.testng.TestRunner.privateRun(TestRunner.java:770)
at org.testng.TestRunner.run(TestRunner.java:591)
at org.testng.SuiteRunner.runTest(SuiteRunner.java:402)
at org.testng.SuiteRunner.runSequentially(SuiteRunner.java:396)
at org.testng.SuiteRunner.privateRun(SuiteRunner.java:355)
at org.testng.SuiteRunner.run(SuiteRunner.java:304)
at org.testng.SuiteRunnerWorker.runSuite(SuiteRunnerWorker.java:53)
at org.testng.SuiteRunnerWorker.run(SuiteRunnerWorker.java:96)
at org.testng.TestNG.runSuitesSequentially(TestNG.java:1180)
at org.testng.TestNG.runSuitesLocally(TestNG.java:1102)
at org.testng.TestNG.runSuites(TestNG.java:1032)
at org.testng.TestNG.run(TestNG.java:1000)
at org.testng.remote.AbstractRemoteTestNG.run(AbstractRemoteTestNG.java:115)
at org.testng.remote.RemoteTestNG.initAndRun(RemoteTestNG.java:251)
at org.testng.remote.RemoteTestNG.main(RemoteTestNG.java:77)
]]>
            </full-stacktrace>
          </exception> <!-- java.lang.AssertionError -->
          <reporter-output>
            <line>
              <![CDATA[Test Case <b style="color:red;" "font-size:25px;">FAILED</b>
]]>
            </line>
            <line>
              <![CDATA[<img src="Screenshot\VerifyAuditTrailReportForSendForApprove.jpg" alt="Image Not Found"/><br />]]>
            </line>
          </reporter-output>
        </test-method> <!-- VerifyAuditTrailReportForSendForApprove -->
        <test-method is-config="true" signature="afterEachMethod(java.lang.reflect.Method)[pri:0, instance:com.tetherfi.test.ivr.BranchManagementDeleteTest@43f03c23]" started-at="2019-11-15T13:53:34 IST" name="afterEachMethod" finished-at="2019-11-15T13:53:42 IST" duration-ms="7084" status="PASS">
          <params>
            <param index="0">
              <value>
                <![CDATA[public void com.tetherfi.test.ivr.BranchManagementDeleteTest.VerifyAuditTrailReportForSendForApprove() throws java.lang.Exception]]>
              </value>
            </param>
          </params>
          <reporter-output>
          </reporter-output>
        </test-method> <!-- afterEachMethod -->
        <test-method is-config="true" signature="NavigateToBranchManagementPage(java.lang.reflect.Method)[pri:0, instance:com.tetherfi.test.ivr.BranchManagementDeleteTest@43f03c23]" started-at="2019-11-15T13:53:42 IST" name="NavigateToBranchManagementPage" finished-at="2019-11-15T13:54:04 IST" duration-ms="21966" status="PASS">
          <params>
            <param index="0">
              <value>
                <![CDATA[public void com.tetherfi.test.ivr.BranchManagementDeleteTest.ApproveforDeleteBranchManagementRecord() throws java.lang.Exception]]>
              </value>
            </param>
          </params>
          <reporter-output>
          </reporter-output>
        </test-method> <!-- NavigateToBranchManagementPage -->
        <test-method signature="ApproveforDeleteBranchManagementRecord()[pri:15, instance:com.tetherfi.test.ivr.BranchManagementDeleteTest@43f03c23]" started-at="2019-11-15T13:54:04 IST" name="ApproveforDeleteBranchManagementRecord" finished-at="2019-11-15T13:54:15 IST" duration-ms="11328" status="FAIL">
          <exception class="java.lang.AssertionError">
            <message>
              <![CDATA[did not expect to find [true] but found [false]]]>
            </message>
            <full-stacktrace>
              <![CDATA[java.lang.AssertionError: did not expect to find [true] but found [false]
at org.testng.Assert.fail(Assert.java:97)
at org.testng.Assert.failNotEquals(Assert.java:969)
at org.testng.Assert.assertTrue(Assert.java:43)
at org.testng.Assert.assertTrue(Assert.java:53)
at com.tetherfi.test.ivr.BranchManagementDeleteTest.ApproveforDeleteBranchManagementRecord(BranchManagementDeleteTest.java:227)
at java.base/jdk.internal.reflect.NativeMethodAccessorImpl.invoke0(Native Method)
at java.base/jdk.internal.reflect.NativeMethodAccessorImpl.invoke(Unknown Source)
at java.base/jdk.internal.reflect.DelegatingMethodAccessorImpl.invoke(Unknown Source)
at java.base/java.lang.reflect.Method.invoke(Unknown Source)
at org.testng.internal.MethodInvocationHelper.invokeMethod(MethodInvocationHelper.java:133)
at org.testng.internal.TestInvoker.invokeMethod(TestInvoker.java:584)
at org.testng.internal.TestInvoker.invokeTestMethod(TestInvoker.java:172)
at org.testng.internal.MethodRunner.runInSequence(MethodRunner.java:46)
at org.testng.internal.TestInvoker$MethodInvocationAgent.invoke(TestInvoker.java:804)
at org.testng.internal.TestInvoker.invokeTestMethods(TestInvoker.java:145)
at org.testng.internal.TestMethodWorker.invokeTestMethods(TestMethodWorker.java:146)
at org.testng.internal.TestMethodWorker.run(TestMethodWorker.java:128)
at java.base/java.util.ArrayList.forEach(Unknown Source)
at org.testng.TestRunner.privateRun(TestRunner.java:770)
at org.testng.TestRunner.run(TestRunner.java:591)
at org.testng.SuiteRunner.runTest(SuiteRunner.java:402)
at org.testng.SuiteRunner.runSequentially(SuiteRunner.java:396)
at org.testng.SuiteRunner.privateRun(SuiteRunner.java:355)
at org.testng.SuiteRunner.run(SuiteRunner.java:304)
at org.testng.SuiteRunnerWorker.runSuite(SuiteRunnerWorker.java:53)
at org.testng.SuiteRunnerWorker.run(SuiteRunnerWorker.java:96)
at org.testng.TestNG.runSuitesSequentially(TestNG.java:1180)
at org.testng.TestNG.runSuitesLocally(TestNG.java:1102)
at org.testng.TestNG.runSuites(TestNG.java:1032)
at org.testng.TestNG.run(TestNG.java:1000)
at org.testng.remote.AbstractRemoteTestNG.run(AbstractRemoteTestNG.java:115)
at org.testng.remote.RemoteTestNG.initAndRun(RemoteTestNG.java:251)
at org.testng.remote.RemoteTestNG.main(RemoteTestNG.java:77)
]]>
            </full-stacktrace>
          </exception> <!-- java.lang.AssertionError -->
          <reporter-output>
            <line>
              <![CDATA[Test Case <b style="color:red;" "font-size:25px;">FAILED</b>
]]>
            </line>
            <line>
              <![CDATA[<img src="Screenshot\ApproveforDeleteBranchManagementRecord.jpg" alt="Image Not Found"/><br />]]>
            </line>
          </reporter-output>
        </test-method> <!-- ApproveforDeleteBranchManagementRecord -->
        <test-method is-config="true" signature="afterEachMethod(java.lang.reflect.Method)[pri:0, instance:com.tetherfi.test.ivr.BranchManagementDeleteTest@43f03c23]" started-at="2019-11-15T13:54:15 IST" name="afterEachMethod" finished-at="2019-11-15T13:54:22 IST" duration-ms="6785" status="PASS">
          <params>
            <param index="0">
              <value>
                <![CDATA[public void com.tetherfi.test.ivr.BranchManagementDeleteTest.ApproveforDeleteBranchManagementRecord() throws java.lang.Exception]]>
              </value>
            </param>
          </params>
          <reporter-output>
          </reporter-output>
        </test-method> <!-- afterEachMethod -->
        <test-method signature="VerifyAuditTrailReportForApprove()[pri:16, instance:com.tetherfi.test.ivr.BranchManagementDeleteTest@43f03c23]" started-at="2019-11-15T13:54:22 IST" name="VerifyAuditTrailReportForApprove" finished-at="2019-11-15T13:54:22 IST" depends-on-methods="com.tetherfi.test.ivr.BranchManagementDeleteTest.ApproveforDeleteBranchManagementRecord" duration-ms="0" status="SKIP">
          <exception class="java.lang.Throwable">
            <message>
              <![CDATA[Method BranchManagementDeleteTest.VerifyAuditTrailReportForApprove()[pri:16, instance:com.tetherfi.test.ivr.BranchManagementDeleteTest@43f03c23] depends on not successfully finished methods]]>
            </message>
            <full-stacktrace>
              <![CDATA[java.lang.Throwable: Method BranchManagementDeleteTest.VerifyAuditTrailReportForApprove()[pri:16, instance:com.tetherfi.test.ivr.BranchManagementDeleteTest@43f03c23] depends on not successfully finished methods
at org.testng.internal.TestInvoker.invokeTestMethods(TestInvoker.java:99)
at org.testng.internal.TestMethodWorker.invokeTestMethods(TestMethodWorker.java:146)
at org.testng.internal.TestMethodWorker.run(TestMethodWorker.java:128)
at java.base/java.util.ArrayList.forEach(Unknown Source)
at org.testng.TestRunner.privateRun(TestRunner.java:770)
at org.testng.TestRunner.run(TestRunner.java:591)
at org.testng.SuiteRunner.runTest(SuiteRunner.java:402)
at org.testng.SuiteRunner.runSequentially(SuiteRunner.java:396)
at org.testng.SuiteRunner.privateRun(SuiteRunner.java:355)
at org.testng.SuiteRunner.run(SuiteRunner.java:304)
at org.testng.SuiteRunnerWorker.runSuite(SuiteRunnerWorker.java:53)
at org.testng.SuiteRunnerWorker.run(SuiteRunnerWorker.java:96)
at org.testng.TestNG.runSuitesSequentially(TestNG.java:1180)
at org.testng.TestNG.runSuitesLocally(TestNG.java:1102)
at org.testng.TestNG.runSuites(TestNG.java:1032)
at org.testng.TestNG.run(TestNG.java:1000)
at org.testng.remote.AbstractRemoteTestNG.run(AbstractRemoteTestNG.java:115)
at org.testng.remote.RemoteTestNG.initAndRun(RemoteTestNG.java:251)
at org.testng.remote.RemoteTestNG.main(RemoteTestNG.java:77)
]]>
            </full-stacktrace>
          </exception> <!-- java.lang.Throwable -->
          <reporter-output>
          </reporter-output>
        </test-method> <!-- VerifyAuditTrailReportForApprove -->
      </class> <!-- com.tetherfi.test.ivr.BranchManagementDeleteTest -->
    </test> <!-- Branch ManagementDelete -->
  </suite> <!-- Tetherfi Test Automation -->
</testng-results>
