<?xml version="1.0" encoding="UTF-8"?>
<testng-results skipped="32" failed="22" ignored="0" total="106" passed="52">
  <reporter-output>
  </reporter-output>
  <suite name="Tetherfi Test Automation" duration-ms="1347896" started-at="2021-05-14T18:20:47 IST" finished-at="2021-05-14T18:43:15 IST">
    <groups>
    </groups>
    <test name="TMAC" duration-ms="1347896" started-at="2021-05-14T18:20:47 IST" finished-at="2021-05-14T18:43:15 IST">
      <class name="com.tetherfi.test.tmac.TmacBroadCastMsgTest">
        <test-method status="PASS" signature="openApplication()[pri:0, instance:com.tetherfi.test.tmac.TmacBroadCastMsgTest@4b0f2299]" name="openApplication" is-config="true" duration-ms="11938" started-at="2021-05-14T18:42:46 IST" finished-at="2021-05-14T18:42:58 IST">
          <reporter-output>
          </reporter-output>
        </test-method> <!-- openApplication -->
        <test-method status="FAIL" signature="AddNewAgentTeamManagementRecord()[pri:0, instance:com.tetherfi.test.tmac.TmacBroadCastMsgTest@4b0f2299]" name="AddNewAgentTeamManagementRecord" is-config="true" duration-ms="16640" started-at="2021-05-14T18:42:58 IST" finished-at="2021-05-14T18:43:15 IST">
          <exception class="java.lang.AssertionError">
            <message>
              <![CDATA[Add New record assertion failed did not expect to find [true] but found [false]]]>
            </message>
            <full-stacktrace>
              <![CDATA[java.lang.AssertionError: Add New record assertion failed did not expect to find [true] but found [false]
at org.testng.Assert.fail(Assert.java:97)
at org.testng.Assert.failNotEquals(Assert.java:969)
at org.testng.Assert.assertTrue(Assert.java:43)
at com.tetherfi.test.tmac.TmacBroadCastMsgTest.AddNewAgentTeamManagementRecord(TmacBroadCastMsgTest.java:37)
at sun.reflect.NativeMethodAccessorImpl.invoke0(Native Method)
at sun.reflect.NativeMethodAccessorImpl.invoke(Unknown Source)
at sun.reflect.DelegatingMethodAccessorImpl.invoke(Unknown Source)
at java.lang.reflect.Method.invoke(Unknown Source)
at org.testng.internal.MethodInvocationHelper.invokeMethod(MethodInvocationHelper.java:133)
at org.testng.internal.MethodInvocationHelper.invokeMethodConsideringTimeout(MethodInvocationHelper.java:62)
at org.testng.internal.ConfigInvoker.invokeConfigurationMethod(ConfigInvoker.java:340)
at org.testng.internal.ConfigInvoker.invokeConfigurations(ConfigInvoker.java:294)
at org.testng.internal.TestMethodWorker.invokeBeforeClassMethods(TestMethodWorker.java:176)
at org.testng.internal.TestMethodWorker.run(TestMethodWorker.java:122)
at java.util.ArrayList.forEach(Unknown Source)
at org.testng.TestRunner.privateRun(TestRunner.java:770)
at org.testng.TestRunner.run(TestRunner.java:591)
at org.testng.SuiteRunner.runTest(SuiteRunner.java:402)
at org.testng.SuiteRunner.runSequentially(SuiteRunner.java:396)
at org.testng.SuiteRunner.privateRun(SuiteRunner.java:355)
at org.testng.SuiteRunner.run(SuiteRunner.java:304)
at org.testng.SuiteRunnerWorker.runSuite(SuiteRunnerWorker.java:53)
at org.testng.SuiteRunnerWorker.run(SuiteRunnerWorker.java:96)
at org.testng.TestNG.runSuitesSequentially(TestNG.java:1180)
at org.testng.TestNG.runSuitesLocally(TestNG.java:1102)
at org.testng.TestNG.runSuites(TestNG.java:1032)
at org.testng.TestNG.run(TestNG.java:1000)
at org.testng.remote.AbstractRemoteTestNG.run(AbstractRemoteTestNG.java:115)
at org.testng.remote.RemoteTestNG.initAndRun(RemoteTestNG.java:251)
at org.testng.remote.RemoteTestNG.main(RemoteTestNG.java:77)
]]>
            </full-stacktrace>
          </exception> <!-- java.lang.AssertionError -->
          <reporter-output>
          </reporter-output>
        </test-method> <!-- AddNewAgentTeamManagementRecord -->
        <test-method status="SKIP" signature="startTestCase(java.lang.reflect.Method)[pri:0, instance:com.tetherfi.test.tmac.TmacBroadCastMsgTest@4b0f2299]" name="startTestCase" is-config="true" duration-ms="-1620997995360" started-at="2021-05-14T18:43:15 IST" finished-at="1970-01-01T05:30:00 IST">
          <reporter-output>
          </reporter-output>
        </test-method> <!-- startTestCase -->
        <test-method status="SKIP" signature="NavigateToTmacBroadcastMsgPage()[pri:0, instance:com.tetherfi.test.tmac.TmacBroadCastMsgTest@4b0f2299]" name="NavigateToTmacBroadcastMsgPage" is-config="true" duration-ms="-1620997995360" started-at="2021-05-14T18:43:15 IST" finished-at="1970-01-01T05:30:00 IST">
          <reporter-output>
          </reporter-output>
        </test-method> <!-- NavigateToTmacBroadcastMsgPage -->
        <test-method status="SKIP" signature="TmacBroadCastMsgPage()[pri:1, instance:com.tetherfi.test.tmac.TmacBroadCastMsgTest@4b0f2299]" name="TmacBroadCastMsgPage" duration-ms="0" started-at="2021-05-14T18:43:15 IST" finished-at="2021-05-14T18:43:15 IST">
          <exception class="java.lang.AssertionError">
            <message>
              <![CDATA[Add New record assertion failed did not expect to find [true] but found [false]]]>
            </message>
            <full-stacktrace>
              <![CDATA[java.lang.AssertionError: Add New record assertion failed did not expect to find [true] but found [false]
at org.testng.Assert.fail(Assert.java:97)
at org.testng.Assert.failNotEquals(Assert.java:969)
at org.testng.Assert.assertTrue(Assert.java:43)
at com.tetherfi.test.tmac.TmacBroadCastMsgTest.AddNewAgentTeamManagementRecord(TmacBroadCastMsgTest.java:37)
at sun.reflect.NativeMethodAccessorImpl.invoke0(Native Method)
at sun.reflect.NativeMethodAccessorImpl.invoke(Unknown Source)
at sun.reflect.DelegatingMethodAccessorImpl.invoke(Unknown Source)
at java.lang.reflect.Method.invoke(Unknown Source)
at org.testng.internal.MethodInvocationHelper.invokeMethod(MethodInvocationHelper.java:133)
at org.testng.internal.MethodInvocationHelper.invokeMethodConsideringTimeout(MethodInvocationHelper.java:62)
at org.testng.internal.ConfigInvoker.invokeConfigurationMethod(ConfigInvoker.java:340)
at org.testng.internal.ConfigInvoker.invokeConfigurations(ConfigInvoker.java:294)
at org.testng.internal.TestMethodWorker.invokeBeforeClassMethods(TestMethodWorker.java:176)
at org.testng.internal.TestMethodWorker.run(TestMethodWorker.java:122)
at java.util.ArrayList.forEach(Unknown Source)
at org.testng.TestRunner.privateRun(TestRunner.java:770)
at org.testng.TestRunner.run(TestRunner.java:591)
at org.testng.SuiteRunner.runTest(SuiteRunner.java:402)
at org.testng.SuiteRunner.runSequentially(SuiteRunner.java:396)
at org.testng.SuiteRunner.privateRun(SuiteRunner.java:355)
at org.testng.SuiteRunner.run(SuiteRunner.java:304)
at org.testng.SuiteRunnerWorker.runSuite(SuiteRunnerWorker.java:53)
at org.testng.SuiteRunnerWorker.run(SuiteRunnerWorker.java:96)
at org.testng.TestNG.runSuitesSequentially(TestNG.java:1180)
at org.testng.TestNG.runSuitesLocally(TestNG.java:1102)
at org.testng.TestNG.runSuites(TestNG.java:1032)
at org.testng.TestNG.run(TestNG.java:1000)
at org.testng.remote.AbstractRemoteTestNG.run(AbstractRemoteTestNG.java:115)
at org.testng.remote.RemoteTestNG.initAndRun(RemoteTestNG.java:251)
at org.testng.remote.RemoteTestNG.main(RemoteTestNG.java:77)
]]>
            </full-stacktrace>
          </exception> <!-- java.lang.AssertionError -->
          <reporter-output>
          </reporter-output>
        </test-method> <!-- TmacBroadCastMsgPage -->
        <test-method status="SKIP" signature="afterEachMethod(java.lang.reflect.Method)[pri:0, instance:com.tetherfi.test.tmac.TmacBroadCastMsgTest@4b0f2299]" name="afterEachMethod" is-config="true" duration-ms="-1620997995362" started-at="2021-05-14T18:43:15 IST" finished-at="1970-01-01T05:30:00 IST">
          <reporter-output>
          </reporter-output>
        </test-method> <!-- afterEachMethod -->
        <test-method status="SKIP" signature="startTestCase(java.lang.reflect.Method)[pri:0, instance:com.tetherfi.test.tmac.TmacBroadCastMsgTest@4b0f2299]" name="startTestCase" is-config="true" duration-ms="-1620997995363" started-at="2021-05-14T18:43:15 IST" finished-at="1970-01-01T05:30:00 IST">
          <reporter-output>
          </reporter-output>
        </test-method> <!-- startTestCase -->
        <test-method status="SKIP" signature="endTestCase(java.lang.reflect.Method)[pri:0, instance:com.tetherfi.test.tmac.TmacBroadCastMsgTest@4b0f2299]" name="endTestCase" is-config="true" duration-ms="-1620997995363" started-at="2021-05-14T18:43:15 IST" finished-at="1970-01-01T05:30:00 IST">
          <reporter-output>
          </reporter-output>
        </test-method> <!-- endTestCase -->
        <test-method status="SKIP" signature="NavigateToTmacBroadcastMsgPage()[pri:0, instance:com.tetherfi.test.tmac.TmacBroadCastMsgTest@4b0f2299]" name="NavigateToTmacBroadcastMsgPage" is-config="true" duration-ms="-1620997995364" started-at="2021-05-14T18:43:15 IST" finished-at="1970-01-01T05:30:00 IST">
          <reporter-output>
          </reporter-output>
        </test-method> <!-- NavigateToTmacBroadcastMsgPage -->
        <test-method status="SKIP" signature="AddNewTmacBroadCastMsgCancel()[pri:2, instance:com.tetherfi.test.tmac.TmacBroadCastMsgTest@4b0f2299]" name="AddNewTmacBroadCastMsgCancel" duration-ms="0" started-at="2021-05-14T18:43:15 IST" finished-at="2021-05-14T18:43:15 IST">
          <exception class="java.lang.AssertionError">
            <message>
              <![CDATA[Add New record assertion failed did not expect to find [true] but found [false]]]>
            </message>
            <full-stacktrace>
              <![CDATA[java.lang.AssertionError: Add New record assertion failed did not expect to find [true] but found [false]
at org.testng.Assert.fail(Assert.java:97)
at org.testng.Assert.failNotEquals(Assert.java:969)
at org.testng.Assert.assertTrue(Assert.java:43)
at com.tetherfi.test.tmac.TmacBroadCastMsgTest.AddNewAgentTeamManagementRecord(TmacBroadCastMsgTest.java:37)
at sun.reflect.NativeMethodAccessorImpl.invoke0(Native Method)
at sun.reflect.NativeMethodAccessorImpl.invoke(Unknown Source)
at sun.reflect.DelegatingMethodAccessorImpl.invoke(Unknown Source)
at java.lang.reflect.Method.invoke(Unknown Source)
at org.testng.internal.MethodInvocationHelper.invokeMethod(MethodInvocationHelper.java:133)
at org.testng.internal.MethodInvocationHelper.invokeMethodConsideringTimeout(MethodInvocationHelper.java:62)
at org.testng.internal.ConfigInvoker.invokeConfigurationMethod(ConfigInvoker.java:340)
at org.testng.internal.ConfigInvoker.invokeConfigurations(ConfigInvoker.java:294)
at org.testng.internal.TestMethodWorker.invokeBeforeClassMethods(TestMethodWorker.java:176)
at org.testng.internal.TestMethodWorker.run(TestMethodWorker.java:122)
at java.util.ArrayList.forEach(Unknown Source)
at org.testng.TestRunner.privateRun(TestRunner.java:770)
at org.testng.TestRunner.run(TestRunner.java:591)
at org.testng.SuiteRunner.runTest(SuiteRunner.java:402)
at org.testng.SuiteRunner.runSequentially(SuiteRunner.java:396)
at org.testng.SuiteRunner.privateRun(SuiteRunner.java:355)
at org.testng.SuiteRunner.run(SuiteRunner.java:304)
at org.testng.SuiteRunnerWorker.runSuite(SuiteRunnerWorker.java:53)
at org.testng.SuiteRunnerWorker.run(SuiteRunnerWorker.java:96)
at org.testng.TestNG.runSuitesSequentially(TestNG.java:1180)
at org.testng.TestNG.runSuitesLocally(TestNG.java:1102)
at org.testng.TestNG.runSuites(TestNG.java:1032)
at org.testng.TestNG.run(TestNG.java:1000)
at org.testng.remote.AbstractRemoteTestNG.run(AbstractRemoteTestNG.java:115)
at org.testng.remote.RemoteTestNG.initAndRun(RemoteTestNG.java:251)
at org.testng.remote.RemoteTestNG.main(RemoteTestNG.java:77)
]]>
            </full-stacktrace>
          </exception> <!-- java.lang.AssertionError -->
          <reporter-output>
          </reporter-output>
        </test-method> <!-- AddNewTmacBroadCastMsgCancel -->
        <test-method status="SKIP" signature="afterEachMethod(java.lang.reflect.Method)[pri:0, instance:com.tetherfi.test.tmac.TmacBroadCastMsgTest@4b0f2299]" name="afterEachMethod" is-config="true" duration-ms="-1620997995365" started-at="2021-05-14T18:43:15 IST" finished-at="1970-01-01T05:30:00 IST">
          <reporter-output>
          </reporter-output>
        </test-method> <!-- afterEachMethod -->
        <test-method status="SKIP" signature="endTestCase(java.lang.reflect.Method)[pri:0, instance:com.tetherfi.test.tmac.TmacBroadCastMsgTest@4b0f2299]" name="endTestCase" is-config="true" duration-ms="-1620997995365" started-at="2021-05-14T18:43:15 IST" finished-at="1970-01-01T05:30:00 IST">
          <reporter-output>
          </reporter-output>
        </test-method> <!-- endTestCase -->
        <test-method status="SKIP" signature="NavigateToTmacBroadcastMsgPage()[pri:0, instance:com.tetherfi.test.tmac.TmacBroadCastMsgTest@4b0f2299]" name="NavigateToTmacBroadcastMsgPage" is-config="true" duration-ms="-1620997995366" started-at="2021-05-14T18:43:15 IST" finished-at="1970-01-01T05:30:00 IST">
          <reporter-output>
          </reporter-output>
        </test-method> <!-- NavigateToTmacBroadcastMsgPage -->
        <test-method status="SKIP" signature="startTestCase(java.lang.reflect.Method)[pri:0, instance:com.tetherfi.test.tmac.TmacBroadCastMsgTest@4b0f2299]" name="startTestCase" is-config="true" duration-ms="-1620997995366" started-at="2021-05-14T18:43:15 IST" finished-at="1970-01-01T05:30:00 IST">
          <reporter-output>
          </reporter-output>
        </test-method> <!-- startTestCase -->
        <test-method status="SKIP" signature="AddNewTmacBroadCastMsg()[pri:3, instance:com.tetherfi.test.tmac.TmacBroadCastMsgTest@4b0f2299]" name="AddNewTmacBroadCastMsg" duration-ms="0" started-at="2021-05-14T18:43:15 IST" finished-at="2021-05-14T18:43:15 IST">
          <exception class="java.lang.AssertionError">
            <message>
              <![CDATA[Add New record assertion failed did not expect to find [true] but found [false]]]>
            </message>
            <full-stacktrace>
              <![CDATA[java.lang.AssertionError: Add New record assertion failed did not expect to find [true] but found [false]
at org.testng.Assert.fail(Assert.java:97)
at org.testng.Assert.failNotEquals(Assert.java:969)
at org.testng.Assert.assertTrue(Assert.java:43)
at com.tetherfi.test.tmac.TmacBroadCastMsgTest.AddNewAgentTeamManagementRecord(TmacBroadCastMsgTest.java:37)
at sun.reflect.NativeMethodAccessorImpl.invoke0(Native Method)
at sun.reflect.NativeMethodAccessorImpl.invoke(Unknown Source)
at sun.reflect.DelegatingMethodAccessorImpl.invoke(Unknown Source)
at java.lang.reflect.Method.invoke(Unknown Source)
at org.testng.internal.MethodInvocationHelper.invokeMethod(MethodInvocationHelper.java:133)
at org.testng.internal.MethodInvocationHelper.invokeMethodConsideringTimeout(MethodInvocationHelper.java:62)
at org.testng.internal.ConfigInvoker.invokeConfigurationMethod(ConfigInvoker.java:340)
at org.testng.internal.ConfigInvoker.invokeConfigurations(ConfigInvoker.java:294)
at org.testng.internal.TestMethodWorker.invokeBeforeClassMethods(TestMethodWorker.java:176)
at org.testng.internal.TestMethodWorker.run(TestMethodWorker.java:122)
at java.util.ArrayList.forEach(Unknown Source)
at org.testng.TestRunner.privateRun(TestRunner.java:770)
at org.testng.TestRunner.run(TestRunner.java:591)
at org.testng.SuiteRunner.runTest(SuiteRunner.java:402)
at org.testng.SuiteRunner.runSequentially(SuiteRunner.java:396)
at org.testng.SuiteRunner.privateRun(SuiteRunner.java:355)
at org.testng.SuiteRunner.run(SuiteRunner.java:304)
at org.testng.SuiteRunnerWorker.runSuite(SuiteRunnerWorker.java:53)
at org.testng.SuiteRunnerWorker.run(SuiteRunnerWorker.java:96)
at org.testng.TestNG.runSuitesSequentially(TestNG.java:1180)
at org.testng.TestNG.runSuitesLocally(TestNG.java:1102)
at org.testng.TestNG.runSuites(TestNG.java:1032)
at org.testng.TestNG.run(TestNG.java:1000)
at org.testng.remote.AbstractRemoteTestNG.run(AbstractRemoteTestNG.java:115)
at org.testng.remote.RemoteTestNG.initAndRun(RemoteTestNG.java:251)
at org.testng.remote.RemoteTestNG.main(RemoteTestNG.java:77)
]]>
            </full-stacktrace>
          </exception> <!-- java.lang.AssertionError -->
          <reporter-output>
          </reporter-output>
        </test-method> <!-- AddNewTmacBroadCastMsg -->
        <test-method status="SKIP" signature="endTestCase(java.lang.reflect.Method)[pri:0, instance:com.tetherfi.test.tmac.TmacBroadCastMsgTest@4b0f2299]" name="endTestCase" is-config="true" duration-ms="-1620997995368" started-at="2021-05-14T18:43:15 IST" finished-at="1970-01-01T05:30:00 IST">
          <reporter-output>
          </reporter-output>
        </test-method> <!-- endTestCase -->
        <test-method status="SKIP" signature="afterEachMethod(java.lang.reflect.Method)[pri:0, instance:com.tetherfi.test.tmac.TmacBroadCastMsgTest@4b0f2299]" name="afterEachMethod" is-config="true" duration-ms="-1620997995368" started-at="2021-05-14T18:43:15 IST" finished-at="1970-01-01T05:30:00 IST">
          <reporter-output>
          </reporter-output>
        </test-method> <!-- afterEachMethod -->
        <test-method status="SKIP" signature="VerifyAuditTrialReportForCreate()[pri:4, instance:com.tetherfi.test.tmac.TmacBroadCastMsgTest@4b0f2299]" name="VerifyAuditTrialReportForCreate" duration-ms="0" started-at="2021-05-14T18:43:15 IST" depends-on-methods="com.tetherfi.test.tmac.TmacBroadCastMsgTest.AddNewTmacBroadCastMsg" finished-at="2021-05-14T18:43:15 IST">
          <exception class="java.lang.Throwable">
            <message>
              <![CDATA[Method TmacBroadCastMsgTest.VerifyAuditTrialReportForCreate()[pri:4, instance:com.tetherfi.test.tmac.TmacBroadCastMsgTest@4b0f2299] depends on not successfully finished methods]]>
            </message>
            <full-stacktrace>
              <![CDATA[java.lang.Throwable: Method TmacBroadCastMsgTest.VerifyAuditTrialReportForCreate()[pri:4, instance:com.tetherfi.test.tmac.TmacBroadCastMsgTest@4b0f2299] depends on not successfully finished methods
at org.testng.internal.TestInvoker.invokeTestMethods(TestInvoker.java:99)
at org.testng.internal.TestMethodWorker.invokeTestMethods(TestMethodWorker.java:146)
at org.testng.internal.TestMethodWorker.run(TestMethodWorker.java:128)
at java.util.ArrayList.forEach(Unknown Source)
at org.testng.TestRunner.privateRun(TestRunner.java:770)
at org.testng.TestRunner.run(TestRunner.java:591)
at org.testng.SuiteRunner.runTest(SuiteRunner.java:402)
at org.testng.SuiteRunner.runSequentially(SuiteRunner.java:396)
at org.testng.SuiteRunner.privateRun(SuiteRunner.java:355)
at org.testng.SuiteRunner.run(SuiteRunner.java:304)
at org.testng.SuiteRunnerWorker.runSuite(SuiteRunnerWorker.java:53)
at org.testng.SuiteRunnerWorker.run(SuiteRunnerWorker.java:96)
at org.testng.TestNG.runSuitesSequentially(TestNG.java:1180)
at org.testng.TestNG.runSuitesLocally(TestNG.java:1102)
at org.testng.TestNG.runSuites(TestNG.java:1032)
at org.testng.TestNG.run(TestNG.java:1000)
at org.testng.remote.AbstractRemoteTestNG.run(AbstractRemoteTestNG.java:115)
at org.testng.remote.RemoteTestNG.initAndRun(RemoteTestNG.java:251)
at org.testng.remote.RemoteTestNG.main(RemoteTestNG.java:77)
]]>
            </full-stacktrace>
          </exception> <!-- java.lang.Throwable -->
          <reporter-output>
          </reporter-output>
        </test-method> <!-- VerifyAuditTrialReportForCreate -->
        <test-method status="SKIP" signature="startTestCase(java.lang.reflect.Method)[pri:0, instance:com.tetherfi.test.tmac.TmacBroadCastMsgTest@4b0f2299]" name="startTestCase" is-config="true" duration-ms="-1620997995371" started-at="2021-05-14T18:43:15 IST" finished-at="1970-01-01T05:30:00 IST">
          <reporter-output>
          </reporter-output>
        </test-method> <!-- startTestCase -->
        <test-method status="SKIP" signature="AddDuplicateRecord()[pri:5, instance:com.tetherfi.test.tmac.TmacBroadCastMsgTest@4b0f2299]" name="AddDuplicateRecord" duration-ms="0" started-at="2021-05-14T18:43:15 IST" finished-at="2021-05-14T18:43:15 IST">
          <exception class="java.lang.AssertionError">
            <message>
              <![CDATA[Add New record assertion failed did not expect to find [true] but found [false]]]>
            </message>
            <full-stacktrace>
              <![CDATA[java.lang.AssertionError: Add New record assertion failed did not expect to find [true] but found [false]
at org.testng.Assert.fail(Assert.java:97)
at org.testng.Assert.failNotEquals(Assert.java:969)
at org.testng.Assert.assertTrue(Assert.java:43)
at com.tetherfi.test.tmac.TmacBroadCastMsgTest.AddNewAgentTeamManagementRecord(TmacBroadCastMsgTest.java:37)
at sun.reflect.NativeMethodAccessorImpl.invoke0(Native Method)
at sun.reflect.NativeMethodAccessorImpl.invoke(Unknown Source)
at sun.reflect.DelegatingMethodAccessorImpl.invoke(Unknown Source)
at java.lang.reflect.Method.invoke(Unknown Source)
at org.testng.internal.MethodInvocationHelper.invokeMethod(MethodInvocationHelper.java:133)
at org.testng.internal.MethodInvocationHelper.invokeMethodConsideringTimeout(MethodInvocationHelper.java:62)
at org.testng.internal.ConfigInvoker.invokeConfigurationMethod(ConfigInvoker.java:340)
at org.testng.internal.ConfigInvoker.invokeConfigurations(ConfigInvoker.java:294)
at org.testng.internal.TestMethodWorker.invokeBeforeClassMethods(TestMethodWorker.java:176)
at org.testng.internal.TestMethodWorker.run(TestMethodWorker.java:122)
at java.util.ArrayList.forEach(Unknown Source)
at org.testng.TestRunner.privateRun(TestRunner.java:770)
at org.testng.TestRunner.run(TestRunner.java:591)
at org.testng.SuiteRunner.runTest(SuiteRunner.java:402)
at org.testng.SuiteRunner.runSequentially(SuiteRunner.java:396)
at org.testng.SuiteRunner.privateRun(SuiteRunner.java:355)
at org.testng.SuiteRunner.run(SuiteRunner.java:304)
at org.testng.SuiteRunnerWorker.runSuite(SuiteRunnerWorker.java:53)
at org.testng.SuiteRunnerWorker.run(SuiteRunnerWorker.java:96)
at org.testng.TestNG.runSuitesSequentially(TestNG.java:1180)
at org.testng.TestNG.runSuitesLocally(TestNG.java:1102)
at org.testng.TestNG.runSuites(TestNG.java:1032)
at org.testng.TestNG.run(TestNG.java:1000)
at org.testng.remote.AbstractRemoteTestNG.run(AbstractRemoteTestNG.java:115)
at org.testng.remote.RemoteTestNG.initAndRun(RemoteTestNG.java:251)
at org.testng.remote.RemoteTestNG.main(RemoteTestNG.java:77)
]]>
            </full-stacktrace>
          </exception> <!-- java.lang.AssertionError -->
          <reporter-output>
          </reporter-output>
        </test-method> <!-- AddDuplicateRecord -->
        <test-method status="SKIP" signature="NavigateToTmacBroadcastMsgPage()[pri:0, instance:com.tetherfi.test.tmac.TmacBroadCastMsgTest@4b0f2299]" name="NavigateToTmacBroadcastMsgPage" is-config="true" duration-ms="-1620997995372" started-at="2021-05-14T18:43:15 IST" finished-at="1970-01-01T05:30:00 IST">
          <reporter-output>
          </reporter-output>
        </test-method> <!-- NavigateToTmacBroadcastMsgPage -->
        <test-method status="SKIP" signature="afterEachMethod(java.lang.reflect.Method)[pri:0, instance:com.tetherfi.test.tmac.TmacBroadCastMsgTest@4b0f2299]" name="afterEachMethod" is-config="true" duration-ms="-1620997995373" started-at="2021-05-14T18:43:15 IST" finished-at="1970-01-01T05:30:00 IST">
          <reporter-output>
          </reporter-output>
        </test-method> <!-- afterEachMethod -->
        <test-method status="SKIP" signature="startTestCase(java.lang.reflect.Method)[pri:0, instance:com.tetherfi.test.tmac.TmacBroadCastMsgTest@4b0f2299]" name="startTestCase" is-config="true" duration-ms="-1620997995374" started-at="2021-05-14T18:43:15 IST" finished-at="1970-01-01T05:30:00 IST">
          <reporter-output>
          </reporter-output>
        </test-method> <!-- startTestCase -->
        <test-method status="SKIP" signature="endTestCase(java.lang.reflect.Method)[pri:0, instance:com.tetherfi.test.tmac.TmacBroadCastMsgTest@4b0f2299]" name="endTestCase" is-config="true" duration-ms="-1620997995374" started-at="2021-05-14T18:43:15 IST" finished-at="1970-01-01T05:30:00 IST">
          <reporter-output>
          </reporter-output>
        </test-method> <!-- endTestCase -->
        <test-method status="SKIP" signature="NavigateToTmacBroadcastMsgPage()[pri:0, instance:com.tetherfi.test.tmac.TmacBroadCastMsgTest@4b0f2299]" name="NavigateToTmacBroadcastMsgPage" is-config="true" duration-ms="-1620997995375" started-at="2021-05-14T18:43:15 IST" finished-at="1970-01-01T05:30:00 IST">
          <reporter-output>
          </reporter-output>
        </test-method> <!-- NavigateToTmacBroadcastMsgPage -->
        <test-method status="SKIP" signature="AddRecordWithoutMesage()[pri:6, instance:com.tetherfi.test.tmac.TmacBroadCastMsgTest@4b0f2299]" name="AddRecordWithoutMesage" duration-ms="0" started-at="2021-05-14T18:43:15 IST" finished-at="2021-05-14T18:43:15 IST">
          <exception class="java.lang.AssertionError">
            <message>
              <![CDATA[Add New record assertion failed did not expect to find [true] but found [false]]]>
            </message>
            <full-stacktrace>
              <![CDATA[java.lang.AssertionError: Add New record assertion failed did not expect to find [true] but found [false]
at org.testng.Assert.fail(Assert.java:97)
at org.testng.Assert.failNotEquals(Assert.java:969)
at org.testng.Assert.assertTrue(Assert.java:43)
at com.tetherfi.test.tmac.TmacBroadCastMsgTest.AddNewAgentTeamManagementRecord(TmacBroadCastMsgTest.java:37)
at sun.reflect.NativeMethodAccessorImpl.invoke0(Native Method)
at sun.reflect.NativeMethodAccessorImpl.invoke(Unknown Source)
at sun.reflect.DelegatingMethodAccessorImpl.invoke(Unknown Source)
at java.lang.reflect.Method.invoke(Unknown Source)
at org.testng.internal.MethodInvocationHelper.invokeMethod(MethodInvocationHelper.java:133)
at org.testng.internal.MethodInvocationHelper.invokeMethodConsideringTimeout(MethodInvocationHelper.java:62)
at org.testng.internal.ConfigInvoker.invokeConfigurationMethod(ConfigInvoker.java:340)
at org.testng.internal.ConfigInvoker.invokeConfigurations(ConfigInvoker.java:294)
at org.testng.internal.TestMethodWorker.invokeBeforeClassMethods(TestMethodWorker.java:176)
at org.testng.internal.TestMethodWorker.run(TestMethodWorker.java:122)
at java.util.ArrayList.forEach(Unknown Source)
at org.testng.TestRunner.privateRun(TestRunner.java:770)
at org.testng.TestRunner.run(TestRunner.java:591)
at org.testng.SuiteRunner.runTest(SuiteRunner.java:402)
at org.testng.SuiteRunner.runSequentially(SuiteRunner.java:396)
at org.testng.SuiteRunner.privateRun(SuiteRunner.java:355)
at org.testng.SuiteRunner.run(SuiteRunner.java:304)
at org.testng.SuiteRunnerWorker.runSuite(SuiteRunnerWorker.java:53)
at org.testng.SuiteRunnerWorker.run(SuiteRunnerWorker.java:96)
at org.testng.TestNG.runSuitesSequentially(TestNG.java:1180)
at org.testng.TestNG.runSuitesLocally(TestNG.java:1102)
at org.testng.TestNG.runSuites(TestNG.java:1032)
at org.testng.TestNG.run(TestNG.java:1000)
at org.testng.remote.AbstractRemoteTestNG.run(AbstractRemoteTestNG.java:115)
at org.testng.remote.RemoteTestNG.initAndRun(RemoteTestNG.java:251)
at org.testng.remote.RemoteTestNG.main(RemoteTestNG.java:77)
]]>
            </full-stacktrace>
          </exception> <!-- java.lang.AssertionError -->
          <reporter-output>
          </reporter-output>
        </test-method> <!-- AddRecordWithoutMesage -->
        <test-method status="SKIP" signature="afterEachMethod(java.lang.reflect.Method)[pri:0, instance:com.tetherfi.test.tmac.TmacBroadCastMsgTest@4b0f2299]" name="afterEachMethod" is-config="true" duration-ms="-1620997995379" started-at="2021-05-14T18:43:15 IST" finished-at="1970-01-01T05:30:00 IST">
          <reporter-output>
          </reporter-output>
        </test-method> <!-- afterEachMethod -->
        <test-method status="SKIP" signature="endTestCase(java.lang.reflect.Method)[pri:0, instance:com.tetherfi.test.tmac.TmacBroadCastMsgTest@4b0f2299]" name="endTestCase" is-config="true" duration-ms="-1620997995379" started-at="2021-05-14T18:43:15 IST" finished-at="1970-01-01T05:30:00 IST">
          <reporter-output>
          </reporter-output>
        </test-method> <!-- endTestCase -->
        <test-method status="SKIP" signature="startTestCase(java.lang.reflect.Method)[pri:0, instance:com.tetherfi.test.tmac.TmacBroadCastMsgTest@4b0f2299]" name="startTestCase" is-config="true" duration-ms="-1620997995380" started-at="2021-05-14T18:43:15 IST" finished-at="1970-01-01T05:30:00 IST">
          <reporter-output>
          </reporter-output>
        </test-method> <!-- startTestCase -->
        <test-method status="SKIP" signature="NavigateToTmacBroadcastMsgPage()[pri:0, instance:com.tetherfi.test.tmac.TmacBroadCastMsgTest@4b0f2299]" name="NavigateToTmacBroadcastMsgPage" is-config="true" duration-ms="-1620997995381" started-at="2021-05-14T18:43:15 IST" finished-at="1970-01-01T05:30:00 IST">
          <reporter-output>
          </reporter-output>
        </test-method> <!-- NavigateToTmacBroadcastMsgPage -->
        <test-method status="SKIP" signature="AddRecordwithoutStatus()[pri:7, instance:com.tetherfi.test.tmac.TmacBroadCastMsgTest@4b0f2299]" name="AddRecordwithoutStatus" duration-ms="0" started-at="2021-05-14T18:43:15 IST" finished-at="2021-05-14T18:43:15 IST">
          <exception class="java.lang.AssertionError">
            <message>
              <![CDATA[Add New record assertion failed did not expect to find [true] but found [false]]]>
            </message>
            <full-stacktrace>
              <![CDATA[java.lang.AssertionError: Add New record assertion failed did not expect to find [true] but found [false]
at org.testng.Assert.fail(Assert.java:97)
at org.testng.Assert.failNotEquals(Assert.java:969)
at org.testng.Assert.assertTrue(Assert.java:43)
at com.tetherfi.test.tmac.TmacBroadCastMsgTest.AddNewAgentTeamManagementRecord(TmacBroadCastMsgTest.java:37)
at sun.reflect.NativeMethodAccessorImpl.invoke0(Native Method)
at sun.reflect.NativeMethodAccessorImpl.invoke(Unknown Source)
at sun.reflect.DelegatingMethodAccessorImpl.invoke(Unknown Source)
at java.lang.reflect.Method.invoke(Unknown Source)
at org.testng.internal.MethodInvocationHelper.invokeMethod(MethodInvocationHelper.java:133)
at org.testng.internal.MethodInvocationHelper.invokeMethodConsideringTimeout(MethodInvocationHelper.java:62)
at org.testng.internal.ConfigInvoker.invokeConfigurationMethod(ConfigInvoker.java:340)
at org.testng.internal.ConfigInvoker.invokeConfigurations(ConfigInvoker.java:294)
at org.testng.internal.TestMethodWorker.invokeBeforeClassMethods(TestMethodWorker.java:176)
at org.testng.internal.TestMethodWorker.run(TestMethodWorker.java:122)
at java.util.ArrayList.forEach(Unknown Source)
at org.testng.TestRunner.privateRun(TestRunner.java:770)
at org.testng.TestRunner.run(TestRunner.java:591)
at org.testng.SuiteRunner.runTest(SuiteRunner.java:402)
at org.testng.SuiteRunner.runSequentially(SuiteRunner.java:396)
at org.testng.SuiteRunner.privateRun(SuiteRunner.java:355)
at org.testng.SuiteRunner.run(SuiteRunner.java:304)
at org.testng.SuiteRunnerWorker.runSuite(SuiteRunnerWorker.java:53)
at org.testng.SuiteRunnerWorker.run(SuiteRunnerWorker.java:96)
at org.testng.TestNG.runSuitesSequentially(TestNG.java:1180)
at org.testng.TestNG.runSuitesLocally(TestNG.java:1102)
at org.testng.TestNG.runSuites(TestNG.java:1032)
at org.testng.TestNG.run(TestNG.java:1000)
at org.testng.remote.AbstractRemoteTestNG.run(AbstractRemoteTestNG.java:115)
at org.testng.remote.RemoteTestNG.initAndRun(RemoteTestNG.java:251)
at org.testng.remote.RemoteTestNG.main(RemoteTestNG.java:77)
]]>
            </full-stacktrace>
          </exception> <!-- java.lang.AssertionError -->
          <reporter-output>
          </reporter-output>
        </test-method> <!-- AddRecordwithoutStatus -->
        <test-method status="SKIP" signature="afterEachMethod(java.lang.reflect.Method)[pri:0, instance:com.tetherfi.test.tmac.TmacBroadCastMsgTest@4b0f2299]" name="afterEachMethod" is-config="true" duration-ms="-1620997995382" started-at="2021-05-14T18:43:15 IST" finished-at="1970-01-01T05:30:00 IST">
          <reporter-output>
          </reporter-output>
        </test-method> <!-- afterEachMethod -->
        <test-method status="SKIP" signature="endTestCase(java.lang.reflect.Method)[pri:0, instance:com.tetherfi.test.tmac.TmacBroadCastMsgTest@4b0f2299]" name="endTestCase" is-config="true" duration-ms="-1620997995383" started-at="2021-05-14T18:43:15 IST" finished-at="1970-01-01T05:30:00 IST">
          <reporter-output>
          </reporter-output>
        </test-method> <!-- endTestCase -->
        <test-method status="SKIP" signature="startTestCase(java.lang.reflect.Method)[pri:0, instance:com.tetherfi.test.tmac.TmacBroadCastMsgTest@4b0f2299]" name="startTestCase" is-config="true" duration-ms="-1620997995384" started-at="2021-05-14T18:43:15 IST" finished-at="1970-01-01T05:30:00 IST">
          <reporter-output>
          </reporter-output>
        </test-method> <!-- startTestCase -->
        <test-method status="SKIP" signature="NavigateToTmacBroadcastMsgPage()[pri:0, instance:com.tetherfi.test.tmac.TmacBroadCastMsgTest@4b0f2299]" name="NavigateToTmacBroadcastMsgPage" is-config="true" duration-ms="-1620997995384" started-at="2021-05-14T18:43:15 IST" finished-at="1970-01-01T05:30:00 IST">
          <reporter-output>
          </reporter-output>
        </test-method> <!-- NavigateToTmacBroadcastMsgPage -->
        <test-method status="SKIP" signature="AddRecordWithoutTeamName()[pri:8, instance:com.tetherfi.test.tmac.TmacBroadCastMsgTest@4b0f2299]" name="AddRecordWithoutTeamName" duration-ms="0" started-at="2021-05-14T18:43:15 IST" finished-at="2021-05-14T18:43:15 IST">
          <exception class="java.lang.AssertionError">
            <message>
              <![CDATA[Add New record assertion failed did not expect to find [true] but found [false]]]>
            </message>
            <full-stacktrace>
              <![CDATA[java.lang.AssertionError: Add New record assertion failed did not expect to find [true] but found [false]
at org.testng.Assert.fail(Assert.java:97)
at org.testng.Assert.failNotEquals(Assert.java:969)
at org.testng.Assert.assertTrue(Assert.java:43)
at com.tetherfi.test.tmac.TmacBroadCastMsgTest.AddNewAgentTeamManagementRecord(TmacBroadCastMsgTest.java:37)
at sun.reflect.NativeMethodAccessorImpl.invoke0(Native Method)
at sun.reflect.NativeMethodAccessorImpl.invoke(Unknown Source)
at sun.reflect.DelegatingMethodAccessorImpl.invoke(Unknown Source)
at java.lang.reflect.Method.invoke(Unknown Source)
at org.testng.internal.MethodInvocationHelper.invokeMethod(MethodInvocationHelper.java:133)
at org.testng.internal.MethodInvocationHelper.invokeMethodConsideringTimeout(MethodInvocationHelper.java:62)
at org.testng.internal.ConfigInvoker.invokeConfigurationMethod(ConfigInvoker.java:340)
at org.testng.internal.ConfigInvoker.invokeConfigurations(ConfigInvoker.java:294)
at org.testng.internal.TestMethodWorker.invokeBeforeClassMethods(TestMethodWorker.java:176)
at org.testng.internal.TestMethodWorker.run(TestMethodWorker.java:122)
at java.util.ArrayList.forEach(Unknown Source)
at org.testng.TestRunner.privateRun(TestRunner.java:770)
at org.testng.TestRunner.run(TestRunner.java:591)
at org.testng.SuiteRunner.runTest(SuiteRunner.java:402)
at org.testng.SuiteRunner.runSequentially(SuiteRunner.java:396)
at org.testng.SuiteRunner.privateRun(SuiteRunner.java:355)
at org.testng.SuiteRunner.run(SuiteRunner.java:304)
at org.testng.SuiteRunnerWorker.runSuite(SuiteRunnerWorker.java:53)
at org.testng.SuiteRunnerWorker.run(SuiteRunnerWorker.java:96)
at org.testng.TestNG.runSuitesSequentially(TestNG.java:1180)
at org.testng.TestNG.runSuitesLocally(TestNG.java:1102)
at org.testng.TestNG.runSuites(TestNG.java:1032)
at org.testng.TestNG.run(TestNG.java:1000)
at org.testng.remote.AbstractRemoteTestNG.run(AbstractRemoteTestNG.java:115)
at org.testng.remote.RemoteTestNG.initAndRun(RemoteTestNG.java:251)
at org.testng.remote.RemoteTestNG.main(RemoteTestNG.java:77)
]]>
            </full-stacktrace>
          </exception> <!-- java.lang.AssertionError -->
          <reporter-output>
          </reporter-output>
        </test-method> <!-- AddRecordWithoutTeamName -->
        <test-method status="SKIP" signature="endTestCase(java.lang.reflect.Method)[pri:0, instance:com.tetherfi.test.tmac.TmacBroadCastMsgTest@4b0f2299]" name="endTestCase" is-config="true" duration-ms="-1620997995386" started-at="2021-05-14T18:43:15 IST" finished-at="1970-01-01T05:30:00 IST">
          <reporter-output>
          </reporter-output>
        </test-method> <!-- endTestCase -->
        <test-method status="SKIP" signature="afterEachMethod(java.lang.reflect.Method)[pri:0, instance:com.tetherfi.test.tmac.TmacBroadCastMsgTest@4b0f2299]" name="afterEachMethod" is-config="true" duration-ms="-1620997995386" started-at="2021-05-14T18:43:15 IST" finished-at="1970-01-01T05:30:00 IST">
          <reporter-output>
          </reporter-output>
        </test-method> <!-- afterEachMethod -->
        <test-method status="SKIP" signature="startTestCase(java.lang.reflect.Method)[pri:0, instance:com.tetherfi.test.tmac.TmacBroadCastMsgTest@4b0f2299]" name="startTestCase" is-config="true" duration-ms="-1620997995387" started-at="2021-05-14T18:43:15 IST" finished-at="1970-01-01T05:30:00 IST">
          <reporter-output>
          </reporter-output>
        </test-method> <!-- startTestCase -->
        <test-method status="SKIP" signature="NavigateToTmacBroadcastMsgPage()[pri:0, instance:com.tetherfi.test.tmac.TmacBroadCastMsgTest@4b0f2299]" name="NavigateToTmacBroadcastMsgPage" is-config="true" duration-ms="-1620997995388" started-at="2021-05-14T18:43:15 IST" finished-at="1970-01-01T05:30:00 IST">
          <reporter-output>
          </reporter-output>
        </test-method> <!-- NavigateToTmacBroadcastMsgPage -->
        <test-method status="SKIP" signature="EditTmacBroadCastMsgCancel()[pri:9, instance:com.tetherfi.test.tmac.TmacBroadCastMsgTest@4b0f2299]" name="EditTmacBroadCastMsgCancel" duration-ms="0" started-at="2021-05-14T18:43:15 IST" finished-at="2021-05-14T18:43:15 IST">
          <exception class="java.lang.AssertionError">
            <message>
              <![CDATA[Add New record assertion failed did not expect to find [true] but found [false]]]>
            </message>
            <full-stacktrace>
              <![CDATA[java.lang.AssertionError: Add New record assertion failed did not expect to find [true] but found [false]
at org.testng.Assert.fail(Assert.java:97)
at org.testng.Assert.failNotEquals(Assert.java:969)
at org.testng.Assert.assertTrue(Assert.java:43)
at com.tetherfi.test.tmac.TmacBroadCastMsgTest.AddNewAgentTeamManagementRecord(TmacBroadCastMsgTest.java:37)
at sun.reflect.NativeMethodAccessorImpl.invoke0(Native Method)
at sun.reflect.NativeMethodAccessorImpl.invoke(Unknown Source)
at sun.reflect.DelegatingMethodAccessorImpl.invoke(Unknown Source)
at java.lang.reflect.Method.invoke(Unknown Source)
at org.testng.internal.MethodInvocationHelper.invokeMethod(MethodInvocationHelper.java:133)
at org.testng.internal.MethodInvocationHelper.invokeMethodConsideringTimeout(MethodInvocationHelper.java:62)
at org.testng.internal.ConfigInvoker.invokeConfigurationMethod(ConfigInvoker.java:340)
at org.testng.internal.ConfigInvoker.invokeConfigurations(ConfigInvoker.java:294)
at org.testng.internal.TestMethodWorker.invokeBeforeClassMethods(TestMethodWorker.java:176)
at org.testng.internal.TestMethodWorker.run(TestMethodWorker.java:122)
at java.util.ArrayList.forEach(Unknown Source)
at org.testng.TestRunner.privateRun(TestRunner.java:770)
at org.testng.TestRunner.run(TestRunner.java:591)
at org.testng.SuiteRunner.runTest(SuiteRunner.java:402)
at org.testng.SuiteRunner.runSequentially(SuiteRunner.java:396)
at org.testng.SuiteRunner.privateRun(SuiteRunner.java:355)
at org.testng.SuiteRunner.run(SuiteRunner.java:304)
at org.testng.SuiteRunnerWorker.runSuite(SuiteRunnerWorker.java:53)
at org.testng.SuiteRunnerWorker.run(SuiteRunnerWorker.java:96)
at org.testng.TestNG.runSuitesSequentially(TestNG.java:1180)
at org.testng.TestNG.runSuitesLocally(TestNG.java:1102)
at org.testng.TestNG.runSuites(TestNG.java:1032)
at org.testng.TestNG.run(TestNG.java:1000)
at org.testng.remote.AbstractRemoteTestNG.run(AbstractRemoteTestNG.java:115)
at org.testng.remote.RemoteTestNG.initAndRun(RemoteTestNG.java:251)
at org.testng.remote.RemoteTestNG.main(RemoteTestNG.java:77)
]]>
            </full-stacktrace>
          </exception> <!-- java.lang.AssertionError -->
          <reporter-output>
          </reporter-output>
        </test-method> <!-- EditTmacBroadCastMsgCancel -->
        <test-method status="SKIP" signature="afterEachMethod(java.lang.reflect.Method)[pri:0, instance:com.tetherfi.test.tmac.TmacBroadCastMsgTest@4b0f2299]" name="afterEachMethod" is-config="true" duration-ms="-1620997995389" started-at="2021-05-14T18:43:15 IST" finished-at="1970-01-01T05:30:00 IST">
          <reporter-output>
          </reporter-output>
        </test-method> <!-- afterEachMethod -->
        <test-method status="SKIP" signature="endTestCase(java.lang.reflect.Method)[pri:0, instance:com.tetherfi.test.tmac.TmacBroadCastMsgTest@4b0f2299]" name="endTestCase" is-config="true" duration-ms="-1620997995390" started-at="2021-05-14T18:43:15 IST" finished-at="1970-01-01T05:30:00 IST">
          <reporter-output>
          </reporter-output>
        </test-method> <!-- endTestCase -->
        <test-method status="SKIP" signature="startTestCase(java.lang.reflect.Method)[pri:0, instance:com.tetherfi.test.tmac.TmacBroadCastMsgTest@4b0f2299]" name="startTestCase" is-config="true" duration-ms="-1620997995390" started-at="2021-05-14T18:43:15 IST" finished-at="1970-01-01T05:30:00 IST">
          <reporter-output>
          </reporter-output>
        </test-method> <!-- startTestCase -->
        <test-method status="SKIP" signature="NavigateToTmacBroadcastMsgPage()[pri:0, instance:com.tetherfi.test.tmac.TmacBroadCastMsgTest@4b0f2299]" name="NavigateToTmacBroadcastMsgPage" is-config="true" duration-ms="-1620997995391" started-at="2021-05-14T18:43:15 IST" finished-at="1970-01-01T05:30:00 IST">
          <reporter-output>
          </reporter-output>
        </test-method> <!-- NavigateToTmacBroadcastMsgPage -->
        <test-method status="SKIP" signature="EditTmacBroadCastMsg()[pri:10, instance:com.tetherfi.test.tmac.TmacBroadCastMsgTest@4b0f2299]" name="EditTmacBroadCastMsg" duration-ms="0" started-at="2021-05-14T18:43:15 IST" finished-at="2021-05-14T18:43:15 IST">
          <exception class="java.lang.AssertionError">
            <message>
              <![CDATA[Add New record assertion failed did not expect to find [true] but found [false]]]>
            </message>
            <full-stacktrace>
              <![CDATA[java.lang.AssertionError: Add New record assertion failed did not expect to find [true] but found [false]
at org.testng.Assert.fail(Assert.java:97)
at org.testng.Assert.failNotEquals(Assert.java:969)
at org.testng.Assert.assertTrue(Assert.java:43)
at com.tetherfi.test.tmac.TmacBroadCastMsgTest.AddNewAgentTeamManagementRecord(TmacBroadCastMsgTest.java:37)
at sun.reflect.NativeMethodAccessorImpl.invoke0(Native Method)
at sun.reflect.NativeMethodAccessorImpl.invoke(Unknown Source)
at sun.reflect.DelegatingMethodAccessorImpl.invoke(Unknown Source)
at java.lang.reflect.Method.invoke(Unknown Source)
at org.testng.internal.MethodInvocationHelper.invokeMethod(MethodInvocationHelper.java:133)
at org.testng.internal.MethodInvocationHelper.invokeMethodConsideringTimeout(MethodInvocationHelper.java:62)
at org.testng.internal.ConfigInvoker.invokeConfigurationMethod(ConfigInvoker.java:340)
at org.testng.internal.ConfigInvoker.invokeConfigurations(ConfigInvoker.java:294)
at org.testng.internal.TestMethodWorker.invokeBeforeClassMethods(TestMethodWorker.java:176)
at org.testng.internal.TestMethodWorker.run(TestMethodWorker.java:122)
at java.util.ArrayList.forEach(Unknown Source)
at org.testng.TestRunner.privateRun(TestRunner.java:770)
at org.testng.TestRunner.run(TestRunner.java:591)
at org.testng.SuiteRunner.runTest(SuiteRunner.java:402)
at org.testng.SuiteRunner.runSequentially(SuiteRunner.java:396)
at org.testng.SuiteRunner.privateRun(SuiteRunner.java:355)
at org.testng.SuiteRunner.run(SuiteRunner.java:304)
at org.testng.SuiteRunnerWorker.runSuite(SuiteRunnerWorker.java:53)
at org.testng.SuiteRunnerWorker.run(SuiteRunnerWorker.java:96)
at org.testng.TestNG.runSuitesSequentially(TestNG.java:1180)
at org.testng.TestNG.runSuitesLocally(TestNG.java:1102)
at org.testng.TestNG.runSuites(TestNG.java:1032)
at org.testng.TestNG.run(TestNG.java:1000)
at org.testng.remote.AbstractRemoteTestNG.run(AbstractRemoteTestNG.java:115)
at org.testng.remote.RemoteTestNG.initAndRun(RemoteTestNG.java:251)
at org.testng.remote.RemoteTestNG.main(RemoteTestNG.java:77)
]]>
            </full-stacktrace>
          </exception> <!-- java.lang.AssertionError -->
          <reporter-output>
          </reporter-output>
        </test-method> <!-- EditTmacBroadCastMsg -->
        <test-method status="SKIP" signature="afterEachMethod(java.lang.reflect.Method)[pri:0, instance:com.tetherfi.test.tmac.TmacBroadCastMsgTest@4b0f2299]" name="afterEachMethod" is-config="true" duration-ms="-1620997995393" started-at="2021-05-14T18:43:15 IST" finished-at="1970-01-01T05:30:00 IST">
          <reporter-output>
          </reporter-output>
        </test-method> <!-- afterEachMethod -->
        <test-method status="SKIP" signature="endTestCase(java.lang.reflect.Method)[pri:0, instance:com.tetherfi.test.tmac.TmacBroadCastMsgTest@4b0f2299]" name="endTestCase" is-config="true" duration-ms="-1620997995394" started-at="2021-05-14T18:43:15 IST" finished-at="1970-01-01T05:30:00 IST">
          <reporter-output>
          </reporter-output>
        </test-method> <!-- endTestCase -->
        <test-method status="SKIP" signature="VerifyAuditTrailReportForUpdate()[pri:11, instance:com.tetherfi.test.tmac.TmacBroadCastMsgTest@4b0f2299]" name="VerifyAuditTrailReportForUpdate" duration-ms="0" started-at="2021-05-14T18:43:15 IST" depends-on-methods="com.tetherfi.test.tmac.TmacBroadCastMsgTest.EditTmacBroadCastMsg" finished-at="2021-05-14T18:43:15 IST">
          <exception class="java.lang.Throwable">
            <message>
              <![CDATA[Method TmacBroadCastMsgTest.VerifyAuditTrailReportForUpdate()[pri:11, instance:com.tetherfi.test.tmac.TmacBroadCastMsgTest@4b0f2299] depends on not successfully finished methods]]>
            </message>
            <full-stacktrace>
              <![CDATA[java.lang.Throwable: Method TmacBroadCastMsgTest.VerifyAuditTrailReportForUpdate()[pri:11, instance:com.tetherfi.test.tmac.TmacBroadCastMsgTest@4b0f2299] depends on not successfully finished methods
at org.testng.internal.TestInvoker.invokeTestMethods(TestInvoker.java:99)
at org.testng.internal.TestMethodWorker.invokeTestMethods(TestMethodWorker.java:146)
at org.testng.internal.TestMethodWorker.run(TestMethodWorker.java:128)
at java.util.ArrayList.forEach(Unknown Source)
at org.testng.TestRunner.privateRun(TestRunner.java:770)
at org.testng.TestRunner.run(TestRunner.java:591)
at org.testng.SuiteRunner.runTest(SuiteRunner.java:402)
at org.testng.SuiteRunner.runSequentially(SuiteRunner.java:396)
at org.testng.SuiteRunner.privateRun(SuiteRunner.java:355)
at org.testng.SuiteRunner.run(SuiteRunner.java:304)
at org.testng.SuiteRunnerWorker.runSuite(SuiteRunnerWorker.java:53)
at org.testng.SuiteRunnerWorker.run(SuiteRunnerWorker.java:96)
at org.testng.TestNG.runSuitesSequentially(TestNG.java:1180)
at org.testng.TestNG.runSuitesLocally(TestNG.java:1102)
at org.testng.TestNG.runSuites(TestNG.java:1032)
at org.testng.TestNG.run(TestNG.java:1000)
at org.testng.remote.AbstractRemoteTestNG.run(AbstractRemoteTestNG.java:115)
at org.testng.remote.RemoteTestNG.initAndRun(RemoteTestNG.java:251)
at org.testng.remote.RemoteTestNG.main(RemoteTestNG.java:77)
]]>
            </full-stacktrace>
          </exception> <!-- java.lang.Throwable -->
          <reporter-output>
          </reporter-output>
        </test-method> <!-- VerifyAuditTrailReportForUpdate -->
        <test-method status="SKIP" signature="startTestCase(java.lang.reflect.Method)[pri:0, instance:com.tetherfi.test.tmac.TmacBroadCastMsgTest@4b0f2299]" name="startTestCase" is-config="true" duration-ms="-1620997995398" started-at="2021-05-14T18:43:15 IST" finished-at="1970-01-01T05:30:00 IST">
          <reporter-output>
          </reporter-output>
        </test-method> <!-- startTestCase -->
        <test-method status="SKIP" signature="NavigateToTmacBroadcastMsgPage()[pri:0, instance:com.tetherfi.test.tmac.TmacBroadCastMsgTest@4b0f2299]" name="NavigateToTmacBroadcastMsgPage" is-config="true" duration-ms="-1620997995399" started-at="2021-05-14T18:43:15 IST" finished-at="1970-01-01T05:30:00 IST">
          <reporter-output>
          </reporter-output>
        </test-method> <!-- NavigateToTmacBroadcastMsgPage -->
        <test-method status="SKIP" signature="VerifySearchIsNotEqualTo()[pri:12, instance:com.tetherfi.test.tmac.TmacBroadCastMsgTest@4b0f2299]" name="VerifySearchIsNotEqualTo" duration-ms="0" started-at="2021-05-14T18:43:15 IST" finished-at="2021-05-14T18:43:15 IST">
          <exception class="java.lang.AssertionError">
            <message>
              <![CDATA[Add New record assertion failed did not expect to find [true] but found [false]]]>
            </message>
            <full-stacktrace>
              <![CDATA[java.lang.AssertionError: Add New record assertion failed did not expect to find [true] but found [false]
at org.testng.Assert.fail(Assert.java:97)
at org.testng.Assert.failNotEquals(Assert.java:969)
at org.testng.Assert.assertTrue(Assert.java:43)
at com.tetherfi.test.tmac.TmacBroadCastMsgTest.AddNewAgentTeamManagementRecord(TmacBroadCastMsgTest.java:37)
at sun.reflect.NativeMethodAccessorImpl.invoke0(Native Method)
at sun.reflect.NativeMethodAccessorImpl.invoke(Unknown Source)
at sun.reflect.DelegatingMethodAccessorImpl.invoke(Unknown Source)
at java.lang.reflect.Method.invoke(Unknown Source)
at org.testng.internal.MethodInvocationHelper.invokeMethod(MethodInvocationHelper.java:133)
at org.testng.internal.MethodInvocationHelper.invokeMethodConsideringTimeout(MethodInvocationHelper.java:62)
at org.testng.internal.ConfigInvoker.invokeConfigurationMethod(ConfigInvoker.java:340)
at org.testng.internal.ConfigInvoker.invokeConfigurations(ConfigInvoker.java:294)
at org.testng.internal.TestMethodWorker.invokeBeforeClassMethods(TestMethodWorker.java:176)
at org.testng.internal.TestMethodWorker.run(TestMethodWorker.java:122)
at java.util.ArrayList.forEach(Unknown Source)
at org.testng.TestRunner.privateRun(TestRunner.java:770)
at org.testng.TestRunner.run(TestRunner.java:591)
at org.testng.SuiteRunner.runTest(SuiteRunner.java:402)
at org.testng.SuiteRunner.runSequentially(SuiteRunner.java:396)
at org.testng.SuiteRunner.privateRun(SuiteRunner.java:355)
at org.testng.SuiteRunner.run(SuiteRunner.java:304)
at org.testng.SuiteRunnerWorker.runSuite(SuiteRunnerWorker.java:53)
at org.testng.SuiteRunnerWorker.run(SuiteRunnerWorker.java:96)
at org.testng.TestNG.runSuitesSequentially(TestNG.java:1180)
at org.testng.TestNG.runSuitesLocally(TestNG.java:1102)
at org.testng.TestNG.runSuites(TestNG.java:1032)
at org.testng.TestNG.run(TestNG.java:1000)
at org.testng.remote.AbstractRemoteTestNG.run(AbstractRemoteTestNG.java:115)
at org.testng.remote.RemoteTestNG.initAndRun(RemoteTestNG.java:251)
at org.testng.remote.RemoteTestNG.main(RemoteTestNG.java:77)
]]>
            </full-stacktrace>
          </exception> <!-- java.lang.AssertionError -->
          <reporter-output>
          </reporter-output>
        </test-method> <!-- VerifySearchIsNotEqualTo -->
        <test-method status="SKIP" signature="afterEachMethod(java.lang.reflect.Method)[pri:0, instance:com.tetherfi.test.tmac.TmacBroadCastMsgTest@4b0f2299]" name="afterEachMethod" is-config="true" duration-ms="-1620997995402" started-at="2021-05-14T18:43:15 IST" finished-at="1970-01-01T05:30:00 IST">
          <reporter-output>
          </reporter-output>
        </test-method> <!-- afterEachMethod -->
        <test-method status="SKIP" signature="endTestCase(java.lang.reflect.Method)[pri:0, instance:com.tetherfi.test.tmac.TmacBroadCastMsgTest@4b0f2299]" name="endTestCase" is-config="true" duration-ms="-1620997995403" started-at="2021-05-14T18:43:15 IST" finished-at="1970-01-01T05:30:00 IST">
          <reporter-output>
          </reporter-output>
        </test-method> <!-- endTestCase -->
        <test-method status="SKIP" signature="startTestCase(java.lang.reflect.Method)[pri:0, instance:com.tetherfi.test.tmac.TmacBroadCastMsgTest@4b0f2299]" name="startTestCase" is-config="true" duration-ms="-1620997995404" started-at="2021-05-14T18:43:15 IST" finished-at="1970-01-01T05:30:00 IST">
          <reporter-output>
          </reporter-output>
        </test-method> <!-- startTestCase -->
        <test-method status="SKIP" signature="VerifySearchContains()[pri:13, instance:com.tetherfi.test.tmac.TmacBroadCastMsgTest@4b0f2299]" name="VerifySearchContains" duration-ms="0" started-at="2021-05-14T18:43:15 IST" finished-at="2021-05-14T18:43:15 IST">
          <exception class="java.lang.AssertionError">
            <message>
              <![CDATA[Add New record assertion failed did not expect to find [true] but found [false]]]>
            </message>
            <full-stacktrace>
              <![CDATA[java.lang.AssertionError: Add New record assertion failed did not expect to find [true] but found [false]
at org.testng.Assert.fail(Assert.java:97)
at org.testng.Assert.failNotEquals(Assert.java:969)
at org.testng.Assert.assertTrue(Assert.java:43)
at com.tetherfi.test.tmac.TmacBroadCastMsgTest.AddNewAgentTeamManagementRecord(TmacBroadCastMsgTest.java:37)
at sun.reflect.NativeMethodAccessorImpl.invoke0(Native Method)
at sun.reflect.NativeMethodAccessorImpl.invoke(Unknown Source)
at sun.reflect.DelegatingMethodAccessorImpl.invoke(Unknown Source)
at java.lang.reflect.Method.invoke(Unknown Source)
at org.testng.internal.MethodInvocationHelper.invokeMethod(MethodInvocationHelper.java:133)
at org.testng.internal.MethodInvocationHelper.invokeMethodConsideringTimeout(MethodInvocationHelper.java:62)
at org.testng.internal.ConfigInvoker.invokeConfigurationMethod(ConfigInvoker.java:340)
at org.testng.internal.ConfigInvoker.invokeConfigurations(ConfigInvoker.java:294)
at org.testng.internal.TestMethodWorker.invokeBeforeClassMethods(TestMethodWorker.java:176)
at org.testng.internal.TestMethodWorker.run(TestMethodWorker.java:122)
at java.util.ArrayList.forEach(Unknown Source)
at org.testng.TestRunner.privateRun(TestRunner.java:770)
at org.testng.TestRunner.run(TestRunner.java:591)
at org.testng.SuiteRunner.runTest(SuiteRunner.java:402)
at org.testng.SuiteRunner.runSequentially(SuiteRunner.java:396)
at org.testng.SuiteRunner.privateRun(SuiteRunner.java:355)
at org.testng.SuiteRunner.run(SuiteRunner.java:304)
at org.testng.SuiteRunnerWorker.runSuite(SuiteRunnerWorker.java:53)
at org.testng.SuiteRunnerWorker.run(SuiteRunnerWorker.java:96)
at org.testng.TestNG.runSuitesSequentially(TestNG.java:1180)
at org.testng.TestNG.runSuitesLocally(TestNG.java:1102)
at org.testng.TestNG.runSuites(TestNG.java:1032)
at org.testng.TestNG.run(TestNG.java:1000)
at org.testng.remote.AbstractRemoteTestNG.run(AbstractRemoteTestNG.java:115)
at org.testng.remote.RemoteTestNG.initAndRun(RemoteTestNG.java:251)
at org.testng.remote.RemoteTestNG.main(RemoteTestNG.java:77)
]]>
            </full-stacktrace>
          </exception> <!-- java.lang.AssertionError -->
          <reporter-output>
          </reporter-output>
        </test-method> <!-- VerifySearchContains -->
        <test-method status="SKIP" signature="NavigateToTmacBroadcastMsgPage()[pri:0, instance:com.tetherfi.test.tmac.TmacBroadCastMsgTest@4b0f2299]" name="NavigateToTmacBroadcastMsgPage" is-config="true" duration-ms="-1620997995405" started-at="2021-05-14T18:43:15 IST" finished-at="1970-01-01T05:30:00 IST">
          <reporter-output>
          </reporter-output>
        </test-method> <!-- NavigateToTmacBroadcastMsgPage -->
        <test-method status="SKIP" signature="afterEachMethod(java.lang.reflect.Method)[pri:0, instance:com.tetherfi.test.tmac.TmacBroadCastMsgTest@4b0f2299]" name="afterEachMethod" is-config="true" duration-ms="-1620997995407" started-at="2021-05-14T18:43:15 IST" finished-at="1970-01-01T05:30:00 IST">
          <reporter-output>
          </reporter-output>
        </test-method> <!-- afterEachMethod -->
        <test-method status="SKIP" signature="endTestCase(java.lang.reflect.Method)[pri:0, instance:com.tetherfi.test.tmac.TmacBroadCastMsgTest@4b0f2299]" name="endTestCase" is-config="true" duration-ms="-1620997995408" started-at="2021-05-14T18:43:15 IST" finished-at="1970-01-01T05:30:00 IST">
          <reporter-output>
          </reporter-output>
        </test-method> <!-- endTestCase -->
        <test-method status="SKIP" signature="startTestCase(java.lang.reflect.Method)[pri:0, instance:com.tetherfi.test.tmac.TmacBroadCastMsgTest@4b0f2299]" name="startTestCase" is-config="true" duration-ms="-1620997995409" started-at="2021-05-14T18:43:15 IST" finished-at="1970-01-01T05:30:00 IST">
          <reporter-output>
          </reporter-output>
        </test-method> <!-- startTestCase -->
        <test-method status="SKIP" signature="NavigateToTmacBroadcastMsgPage()[pri:0, instance:com.tetherfi.test.tmac.TmacBroadCastMsgTest@4b0f2299]" name="NavigateToTmacBroadcastMsgPage" is-config="true" duration-ms="-1620997995410" started-at="2021-05-14T18:43:15 IST" finished-at="1970-01-01T05:30:00 IST">
          <reporter-output>
          </reporter-output>
        </test-method> <!-- NavigateToTmacBroadcastMsgPage -->
        <test-method status="SKIP" signature="VerifySearchDoesNotContains()[pri:14, instance:com.tetherfi.test.tmac.TmacBroadCastMsgTest@4b0f2299]" name="VerifySearchDoesNotContains" duration-ms="0" started-at="2021-05-14T18:43:15 IST" finished-at="2021-05-14T18:43:15 IST">
          <exception class="java.lang.AssertionError">
            <message>
              <![CDATA[Add New record assertion failed did not expect to find [true] but found [false]]]>
            </message>
            <full-stacktrace>
              <![CDATA[java.lang.AssertionError: Add New record assertion failed did not expect to find [true] but found [false]
at org.testng.Assert.fail(Assert.java:97)
at org.testng.Assert.failNotEquals(Assert.java:969)
at org.testng.Assert.assertTrue(Assert.java:43)
at com.tetherfi.test.tmac.TmacBroadCastMsgTest.AddNewAgentTeamManagementRecord(TmacBroadCastMsgTest.java:37)
at sun.reflect.NativeMethodAccessorImpl.invoke0(Native Method)
at sun.reflect.NativeMethodAccessorImpl.invoke(Unknown Source)
at sun.reflect.DelegatingMethodAccessorImpl.invoke(Unknown Source)
at java.lang.reflect.Method.invoke(Unknown Source)
at org.testng.internal.MethodInvocationHelper.invokeMethod(MethodInvocationHelper.java:133)
at org.testng.internal.MethodInvocationHelper.invokeMethodConsideringTimeout(MethodInvocationHelper.java:62)
at org.testng.internal.ConfigInvoker.invokeConfigurationMethod(ConfigInvoker.java:340)
at org.testng.internal.ConfigInvoker.invokeConfigurations(ConfigInvoker.java:294)
at org.testng.internal.TestMethodWorker.invokeBeforeClassMethods(TestMethodWorker.java:176)
at org.testng.internal.TestMethodWorker.run(TestMethodWorker.java:122)
at java.util.ArrayList.forEach(Unknown Source)
at org.testng.TestRunner.privateRun(TestRunner.java:770)
at org.testng.TestRunner.run(TestRunner.java:591)
at org.testng.SuiteRunner.runTest(SuiteRunner.java:402)
at org.testng.SuiteRunner.runSequentially(SuiteRunner.java:396)
at org.testng.SuiteRunner.privateRun(SuiteRunner.java:355)
at org.testng.SuiteRunner.run(SuiteRunner.java:304)
at org.testng.SuiteRunnerWorker.runSuite(SuiteRunnerWorker.java:53)
at org.testng.SuiteRunnerWorker.run(SuiteRunnerWorker.java:96)
at org.testng.TestNG.runSuitesSequentially(TestNG.java:1180)
at org.testng.TestNG.runSuitesLocally(TestNG.java:1102)
at org.testng.TestNG.runSuites(TestNG.java:1032)
at org.testng.TestNG.run(TestNG.java:1000)
at org.testng.remote.AbstractRemoteTestNG.run(AbstractRemoteTestNG.java:115)
at org.testng.remote.RemoteTestNG.initAndRun(RemoteTestNG.java:251)
at org.testng.remote.RemoteTestNG.main(RemoteTestNG.java:77)
]]>
            </full-stacktrace>
          </exception> <!-- java.lang.AssertionError -->
          <reporter-output>
          </reporter-output>
        </test-method> <!-- VerifySearchDoesNotContains -->
        <test-method status="SKIP" signature="afterEachMethod(java.lang.reflect.Method)[pri:0, instance:com.tetherfi.test.tmac.TmacBroadCastMsgTest@4b0f2299]" name="afterEachMethod" is-config="true" duration-ms="-1620997995412" started-at="2021-05-14T18:43:15 IST" finished-at="1970-01-01T05:30:00 IST">
          <reporter-output>
          </reporter-output>
        </test-method> <!-- afterEachMethod -->
        <test-method status="SKIP" signature="endTestCase(java.lang.reflect.Method)[pri:0, instance:com.tetherfi.test.tmac.TmacBroadCastMsgTest@4b0f2299]" name="endTestCase" is-config="true" duration-ms="-1620997995412" started-at="2021-05-14T18:43:15 IST" finished-at="1970-01-01T05:30:00 IST">
          <reporter-output>
          </reporter-output>
        </test-method> <!-- endTestCase -->
        <test-method status="SKIP" signature="startTestCase(java.lang.reflect.Method)[pri:0, instance:com.tetherfi.test.tmac.TmacBroadCastMsgTest@4b0f2299]" name="startTestCase" is-config="true" duration-ms="-1620997995413" started-at="2021-05-14T18:43:15 IST" finished-at="1970-01-01T05:30:00 IST">
          <reporter-output>
          </reporter-output>
        </test-method> <!-- startTestCase -->
        <test-method status="SKIP" signature="NavigateToTmacBroadcastMsgPage()[pri:0, instance:com.tetherfi.test.tmac.TmacBroadCastMsgTest@4b0f2299]" name="NavigateToTmacBroadcastMsgPage" is-config="true" duration-ms="-1620997995414" started-at="2021-05-14T18:43:15 IST" finished-at="1970-01-01T05:30:00 IST">
          <reporter-output>
          </reporter-output>
        </test-method> <!-- NavigateToTmacBroadcastMsgPage -->
        <test-method status="SKIP" signature="VerifySearchStartsWith()[pri:15, instance:com.tetherfi.test.tmac.TmacBroadCastMsgTest@4b0f2299]" name="VerifySearchStartsWith" duration-ms="0" started-at="2021-05-14T18:43:15 IST" finished-at="2021-05-14T18:43:15 IST">
          <exception class="java.lang.AssertionError">
            <message>
              <![CDATA[Add New record assertion failed did not expect to find [true] but found [false]]]>
            </message>
            <full-stacktrace>
              <![CDATA[java.lang.AssertionError: Add New record assertion failed did not expect to find [true] but found [false]
at org.testng.Assert.fail(Assert.java:97)
at org.testng.Assert.failNotEquals(Assert.java:969)
at org.testng.Assert.assertTrue(Assert.java:43)
at com.tetherfi.test.tmac.TmacBroadCastMsgTest.AddNewAgentTeamManagementRecord(TmacBroadCastMsgTest.java:37)
at sun.reflect.NativeMethodAccessorImpl.invoke0(Native Method)
at sun.reflect.NativeMethodAccessorImpl.invoke(Unknown Source)
at sun.reflect.DelegatingMethodAccessorImpl.invoke(Unknown Source)
at java.lang.reflect.Method.invoke(Unknown Source)
at org.testng.internal.MethodInvocationHelper.invokeMethod(MethodInvocationHelper.java:133)
at org.testng.internal.MethodInvocationHelper.invokeMethodConsideringTimeout(MethodInvocationHelper.java:62)
at org.testng.internal.ConfigInvoker.invokeConfigurationMethod(ConfigInvoker.java:340)
at org.testng.internal.ConfigInvoker.invokeConfigurations(ConfigInvoker.java:294)
at org.testng.internal.TestMethodWorker.invokeBeforeClassMethods(TestMethodWorker.java:176)
at org.testng.internal.TestMethodWorker.run(TestMethodWorker.java:122)
at java.util.ArrayList.forEach(Unknown Source)
at org.testng.TestRunner.privateRun(TestRunner.java:770)
at org.testng.TestRunner.run(TestRunner.java:591)
at org.testng.SuiteRunner.runTest(SuiteRunner.java:402)
at org.testng.SuiteRunner.runSequentially(SuiteRunner.java:396)
at org.testng.SuiteRunner.privateRun(SuiteRunner.java:355)
at org.testng.SuiteRunner.run(SuiteRunner.java:304)
at org.testng.SuiteRunnerWorker.runSuite(SuiteRunnerWorker.java:53)
at org.testng.SuiteRunnerWorker.run(SuiteRunnerWorker.java:96)
at org.testng.TestNG.runSuitesSequentially(TestNG.java:1180)
at org.testng.TestNG.runSuitesLocally(TestNG.java:1102)
at org.testng.TestNG.runSuites(TestNG.java:1032)
at org.testng.TestNG.run(TestNG.java:1000)
at org.testng.remote.AbstractRemoteTestNG.run(AbstractRemoteTestNG.java:115)
at org.testng.remote.RemoteTestNG.initAndRun(RemoteTestNG.java:251)
at org.testng.remote.RemoteTestNG.main(RemoteTestNG.java:77)
]]>
            </full-stacktrace>
          </exception> <!-- java.lang.AssertionError -->
          <reporter-output>
          </reporter-output>
        </test-method> <!-- VerifySearchStartsWith -->
        <test-method status="SKIP" signature="endTestCase(java.lang.reflect.Method)[pri:0, instance:com.tetherfi.test.tmac.TmacBroadCastMsgTest@4b0f2299]" name="endTestCase" is-config="true" duration-ms="-1620997995416" started-at="2021-05-14T18:43:15 IST" finished-at="1970-01-01T05:30:00 IST">
          <reporter-output>
          </reporter-output>
        </test-method> <!-- endTestCase -->
        <test-method status="SKIP" signature="afterEachMethod(java.lang.reflect.Method)[pri:0, instance:com.tetherfi.test.tmac.TmacBroadCastMsgTest@4b0f2299]" name="afterEachMethod" is-config="true" duration-ms="-1620997995416" started-at="2021-05-14T18:43:15 IST" finished-at="1970-01-01T05:30:00 IST">
          <reporter-output>
          </reporter-output>
        </test-method> <!-- afterEachMethod -->
        <test-method status="SKIP" signature="startTestCase(java.lang.reflect.Method)[pri:0, instance:com.tetherfi.test.tmac.TmacBroadCastMsgTest@4b0f2299]" name="startTestCase" is-config="true" duration-ms="-1620997995417" started-at="2021-05-14T18:43:15 IST" finished-at="1970-01-01T05:30:00 IST">
          <reporter-output>
          </reporter-output>
        </test-method> <!-- startTestCase -->
        <test-method status="SKIP" signature="VerifySearchEndsWith()[pri:16, instance:com.tetherfi.test.tmac.TmacBroadCastMsgTest@4b0f2299]" name="VerifySearchEndsWith" duration-ms="0" started-at="2021-05-14T18:43:15 IST" finished-at="2021-05-14T18:43:15 IST">
          <exception class="java.lang.AssertionError">
            <message>
              <![CDATA[Add New record assertion failed did not expect to find [true] but found [false]]]>
            </message>
            <full-stacktrace>
              <![CDATA[java.lang.AssertionError: Add New record assertion failed did not expect to find [true] but found [false]
at org.testng.Assert.fail(Assert.java:97)
at org.testng.Assert.failNotEquals(Assert.java:969)
at org.testng.Assert.assertTrue(Assert.java:43)
at com.tetherfi.test.tmac.TmacBroadCastMsgTest.AddNewAgentTeamManagementRecord(TmacBroadCastMsgTest.java:37)
at sun.reflect.NativeMethodAccessorImpl.invoke0(Native Method)
at sun.reflect.NativeMethodAccessorImpl.invoke(Unknown Source)
at sun.reflect.DelegatingMethodAccessorImpl.invoke(Unknown Source)
at java.lang.reflect.Method.invoke(Unknown Source)
at org.testng.internal.MethodInvocationHelper.invokeMethod(MethodInvocationHelper.java:133)
at org.testng.internal.MethodInvocationHelper.invokeMethodConsideringTimeout(MethodInvocationHelper.java:62)
at org.testng.internal.ConfigInvoker.invokeConfigurationMethod(ConfigInvoker.java:340)
at org.testng.internal.ConfigInvoker.invokeConfigurations(ConfigInvoker.java:294)
at org.testng.internal.TestMethodWorker.invokeBeforeClassMethods(TestMethodWorker.java:176)
at org.testng.internal.TestMethodWorker.run(TestMethodWorker.java:122)
at java.util.ArrayList.forEach(Unknown Source)
at org.testng.TestRunner.privateRun(TestRunner.java:770)
at org.testng.TestRunner.run(TestRunner.java:591)
at org.testng.SuiteRunner.runTest(SuiteRunner.java:402)
at org.testng.SuiteRunner.runSequentially(SuiteRunner.java:396)
at org.testng.SuiteRunner.privateRun(SuiteRunner.java:355)
at org.testng.SuiteRunner.run(SuiteRunner.java:304)
at org.testng.SuiteRunnerWorker.runSuite(SuiteRunnerWorker.java:53)
at org.testng.SuiteRunnerWorker.run(SuiteRunnerWorker.java:96)
at org.testng.TestNG.runSuitesSequentially(TestNG.java:1180)
at org.testng.TestNG.runSuitesLocally(TestNG.java:1102)
at org.testng.TestNG.runSuites(TestNG.java:1032)
at org.testng.TestNG.run(TestNG.java:1000)
at org.testng.remote.AbstractRemoteTestNG.run(AbstractRemoteTestNG.java:115)
at org.testng.remote.RemoteTestNG.initAndRun(RemoteTestNG.java:251)
at org.testng.remote.RemoteTestNG.main(RemoteTestNG.java:77)
]]>
            </full-stacktrace>
          </exception> <!-- java.lang.AssertionError -->
          <reporter-output>
          </reporter-output>
        </test-method> <!-- VerifySearchEndsWith -->
        <test-method status="SKIP" signature="NavigateToTmacBroadcastMsgPage()[pri:0, instance:com.tetherfi.test.tmac.TmacBroadCastMsgTest@4b0f2299]" name="NavigateToTmacBroadcastMsgPage" is-config="true" duration-ms="-1620997995418" started-at="2021-05-14T18:43:15 IST" finished-at="1970-01-01T05:30:00 IST">
          <reporter-output>
          </reporter-output>
        </test-method> <!-- NavigateToTmacBroadcastMsgPage -->
        <test-method status="SKIP" signature="afterEachMethod(java.lang.reflect.Method)[pri:0, instance:com.tetherfi.test.tmac.TmacBroadCastMsgTest@4b0f2299]" name="afterEachMethod" is-config="true" duration-ms="-1620997995419" started-at="2021-05-14T18:43:15 IST" finished-at="1970-01-01T05:30:00 IST">
          <reporter-output>
          </reporter-output>
        </test-method> <!-- afterEachMethod -->
        <test-method status="SKIP" signature="endTestCase(java.lang.reflect.Method)[pri:0, instance:com.tetherfi.test.tmac.TmacBroadCastMsgTest@4b0f2299]" name="endTestCase" is-config="true" duration-ms="-1620997995420" started-at="2021-05-14T18:43:15 IST" finished-at="1970-01-01T05:30:00 IST">
          <reporter-output>
          </reporter-output>
        </test-method> <!-- endTestCase -->
        <test-method status="SKIP" signature="startTestCase(java.lang.reflect.Method)[pri:0, instance:com.tetherfi.test.tmac.TmacBroadCastMsgTest@4b0f2299]" name="startTestCase" is-config="true" duration-ms="-1620997995420" started-at="2021-05-14T18:43:15 IST" finished-at="1970-01-01T05:30:00 IST">
          <reporter-output>
          </reporter-output>
        </test-method> <!-- startTestCase -->
        <test-method status="SKIP" signature="searchPage()[pri:17, instance:com.tetherfi.test.tmac.TmacBroadCastMsgTest@4b0f2299]" name="searchPage" duration-ms="0" started-at="2021-05-14T18:43:15 IST" finished-at="2021-05-14T18:43:15 IST">
          <exception class="java.lang.AssertionError">
            <message>
              <![CDATA[Add New record assertion failed did not expect to find [true] but found [false]]]>
            </message>
            <full-stacktrace>
              <![CDATA[java.lang.AssertionError: Add New record assertion failed did not expect to find [true] but found [false]
at org.testng.Assert.fail(Assert.java:97)
at org.testng.Assert.failNotEquals(Assert.java:969)
at org.testng.Assert.assertTrue(Assert.java:43)
at com.tetherfi.test.tmac.TmacBroadCastMsgTest.AddNewAgentTeamManagementRecord(TmacBroadCastMsgTest.java:37)
at sun.reflect.NativeMethodAccessorImpl.invoke0(Native Method)
at sun.reflect.NativeMethodAccessorImpl.invoke(Unknown Source)
at sun.reflect.DelegatingMethodAccessorImpl.invoke(Unknown Source)
at java.lang.reflect.Method.invoke(Unknown Source)
at org.testng.internal.MethodInvocationHelper.invokeMethod(MethodInvocationHelper.java:133)
at org.testng.internal.MethodInvocationHelper.invokeMethodConsideringTimeout(MethodInvocationHelper.java:62)
at org.testng.internal.ConfigInvoker.invokeConfigurationMethod(ConfigInvoker.java:340)
at org.testng.internal.ConfigInvoker.invokeConfigurations(ConfigInvoker.java:294)
at org.testng.internal.TestMethodWorker.invokeBeforeClassMethods(TestMethodWorker.java:176)
at org.testng.internal.TestMethodWorker.run(TestMethodWorker.java:122)
at java.util.ArrayList.forEach(Unknown Source)
at org.testng.TestRunner.privateRun(TestRunner.java:770)
at org.testng.TestRunner.run(TestRunner.java:591)
at org.testng.SuiteRunner.runTest(SuiteRunner.java:402)
at org.testng.SuiteRunner.runSequentially(SuiteRunner.java:396)
at org.testng.SuiteRunner.privateRun(SuiteRunner.java:355)
at org.testng.SuiteRunner.run(SuiteRunner.java:304)
at org.testng.SuiteRunnerWorker.runSuite(SuiteRunnerWorker.java:53)
at org.testng.SuiteRunnerWorker.run(SuiteRunnerWorker.java:96)
at org.testng.TestNG.runSuitesSequentially(TestNG.java:1180)
at org.testng.TestNG.runSuitesLocally(TestNG.java:1102)
at org.testng.TestNG.runSuites(TestNG.java:1032)
at org.testng.TestNG.run(TestNG.java:1000)
at org.testng.remote.AbstractRemoteTestNG.run(AbstractRemoteTestNG.java:115)
at org.testng.remote.RemoteTestNG.initAndRun(RemoteTestNG.java:251)
at org.testng.remote.RemoteTestNG.main(RemoteTestNG.java:77)
]]>
            </full-stacktrace>
          </exception> <!-- java.lang.AssertionError -->
          <reporter-output>
          </reporter-output>
        </test-method> <!-- searchPage -->
        <test-method status="SKIP" signature="NavigateToTmacBroadcastMsgPage()[pri:0, instance:com.tetherfi.test.tmac.TmacBroadCastMsgTest@4b0f2299]" name="NavigateToTmacBroadcastMsgPage" is-config="true" duration-ms="-1620997995421" started-at="2021-05-14T18:43:15 IST" finished-at="1970-01-01T05:30:00 IST">
          <reporter-output>
          </reporter-output>
        </test-method> <!-- NavigateToTmacBroadcastMsgPage -->
        <test-method status="SKIP" signature="afterEachMethod(java.lang.reflect.Method)[pri:0, instance:com.tetherfi.test.tmac.TmacBroadCastMsgTest@4b0f2299]" name="afterEachMethod" is-config="true" duration-ms="-1620997995422" started-at="2021-05-14T18:43:15 IST" finished-at="1970-01-01T05:30:00 IST">
          <reporter-output>
          </reporter-output>
        </test-method> <!-- afterEachMethod -->
        <test-method status="SKIP" signature="endTestCase(java.lang.reflect.Method)[pri:0, instance:com.tetherfi.test.tmac.TmacBroadCastMsgTest@4b0f2299]" name="endTestCase" is-config="true" duration-ms="-1620997995423" started-at="2021-05-14T18:43:15 IST" finished-at="1970-01-01T05:30:00 IST">
          <reporter-output>
          </reporter-output>
        </test-method> <!-- endTestCase -->
        <test-method status="SKIP" signature="startTestCase(java.lang.reflect.Method)[pri:0, instance:com.tetherfi.test.tmac.TmacBroadCastMsgTest@4b0f2299]" name="startTestCase" is-config="true" duration-ms="-1620997995424" started-at="2021-05-14T18:43:15 IST" finished-at="1970-01-01T05:30:00 IST">
          <reporter-output>
          </reporter-output>
        </test-method> <!-- startTestCase -->
        <test-method status="SKIP" signature="NavigateToTmacBroadcastMsgPage()[pri:0, instance:com.tetherfi.test.tmac.TmacBroadCastMsgTest@4b0f2299]" name="NavigateToTmacBroadcastMsgPage" is-config="true" duration-ms="-1620997995425" started-at="2021-05-14T18:43:15 IST" finished-at="1970-01-01T05:30:00 IST">
          <reporter-output>
          </reporter-output>
        </test-method> <!-- NavigateToTmacBroadcastMsgPage -->
        <test-method status="SKIP" signature="SearchClearSearch()[pri:18, instance:com.tetherfi.test.tmac.TmacBroadCastMsgTest@4b0f2299]" name="SearchClearSearch" duration-ms="0" started-at="2021-05-14T18:43:15 IST" finished-at="2021-05-14T18:43:15 IST">
          <exception class="java.lang.AssertionError">
            <message>
              <![CDATA[Add New record assertion failed did not expect to find [true] but found [false]]]>
            </message>
            <full-stacktrace>
              <![CDATA[java.lang.AssertionError: Add New record assertion failed did not expect to find [true] but found [false]
at org.testng.Assert.fail(Assert.java:97)
at org.testng.Assert.failNotEquals(Assert.java:969)
at org.testng.Assert.assertTrue(Assert.java:43)
at com.tetherfi.test.tmac.TmacBroadCastMsgTest.AddNewAgentTeamManagementRecord(TmacBroadCastMsgTest.java:37)
at sun.reflect.NativeMethodAccessorImpl.invoke0(Native Method)
at sun.reflect.NativeMethodAccessorImpl.invoke(Unknown Source)
at sun.reflect.DelegatingMethodAccessorImpl.invoke(Unknown Source)
at java.lang.reflect.Method.invoke(Unknown Source)
at org.testng.internal.MethodInvocationHelper.invokeMethod(MethodInvocationHelper.java:133)
at org.testng.internal.MethodInvocationHelper.invokeMethodConsideringTimeout(MethodInvocationHelper.java:62)
at org.testng.internal.ConfigInvoker.invokeConfigurationMethod(ConfigInvoker.java:340)
at org.testng.internal.ConfigInvoker.invokeConfigurations(ConfigInvoker.java:294)
at org.testng.internal.TestMethodWorker.invokeBeforeClassMethods(TestMethodWorker.java:176)
at org.testng.internal.TestMethodWorker.run(TestMethodWorker.java:122)
at java.util.ArrayList.forEach(Unknown Source)
at org.testng.TestRunner.privateRun(TestRunner.java:770)
at org.testng.TestRunner.run(TestRunner.java:591)
at org.testng.SuiteRunner.runTest(SuiteRunner.java:402)
at org.testng.SuiteRunner.runSequentially(SuiteRunner.java:396)
at org.testng.SuiteRunner.privateRun(SuiteRunner.java:355)
at org.testng.SuiteRunner.run(SuiteRunner.java:304)
at org.testng.SuiteRunnerWorker.runSuite(SuiteRunnerWorker.java:53)
at org.testng.SuiteRunnerWorker.run(SuiteRunnerWorker.java:96)
at org.testng.TestNG.runSuitesSequentially(TestNG.java:1180)
at org.testng.TestNG.runSuitesLocally(TestNG.java:1102)
at org.testng.TestNG.runSuites(TestNG.java:1032)
at org.testng.TestNG.run(TestNG.java:1000)
at org.testng.remote.AbstractRemoteTestNG.run(AbstractRemoteTestNG.java:115)
at org.testng.remote.RemoteTestNG.initAndRun(RemoteTestNG.java:251)
at org.testng.remote.RemoteTestNG.main(RemoteTestNG.java:77)
]]>
            </full-stacktrace>
          </exception> <!-- java.lang.AssertionError -->
          <reporter-output>
          </reporter-output>
        </test-method> <!-- SearchClearSearch -->
        <test-method status="SKIP" signature="afterEachMethod(java.lang.reflect.Method)[pri:0, instance:com.tetherfi.test.tmac.TmacBroadCastMsgTest@4b0f2299]" name="afterEachMethod" is-config="true" duration-ms="-1620997995428" started-at="2021-05-14T18:43:15 IST" finished-at="1970-01-01T05:30:00 IST">
          <reporter-output>
          </reporter-output>
        </test-method> <!-- afterEachMethod -->
[...]
              </value>
            </param>
          </params>
          <reporter-output>
          </reporter-output>
        </test-method> <!-- AfterEachMethod -->
        <test-method status="PASS" signature="endTestCase(java.lang.reflect.Method)[pri:0, instance:com.tetherfi.test.tmac.TmacAuxCodesTest@7e0bc8a3]" name="endTestCase" is-config="true" duration-ms="1" started-at="2021-05-14T18:41:29 IST" finished-at="2021-05-14T18:41:29 IST">
          <params>
            <param index="0">
              <value>
                <![CDATA[public void com.tetherfi.test.tmac.TmacAuxCodesTest.verifyAuditTrailReportForDelete() throws java.lang.Exception]]>
              </value>
            </param>
          </params>
          <reporter-output>
          </reporter-output>
        </test-method> <!-- endTestCase -->
        <test-method status="PASS" signature="startTestCase(java.lang.reflect.Method)[pri:0, instance:com.tetherfi.test.tmac.TmacAuxCodesTest@7e0bc8a3]" name="startTestCase" is-config="true" duration-ms="1" started-at="2021-05-14T18:41:29 IST" finished-at="2021-05-14T18:41:29 IST">
          <params>
            <param index="0">
              <value>
                <![CDATA[public void com.tetherfi.test.tmac.TmacAuxCodesTest.SearchIsNotEqualTo() throws java.lang.Exception]]>
              </value>
            </param>
          </params>
          <reporter-output>
          </reporter-output>
        </test-method> <!-- startTestCase -->
        <test-method status="PASS" signature="NavigateToTmaxAuxCodesPage()[pri:0, instance:com.tetherfi.test.tmac.TmacAuxCodesTest@7e0bc8a3]" name="NavigateToTmaxAuxCodesPage" is-config="true" duration-ms="7205" started-at="2021-05-14T18:41:29 IST" finished-at="2021-05-14T18:41:37 IST">
          <reporter-output>
          </reporter-output>
        </test-method> <!-- NavigateToTmaxAuxCodesPage -->
        <test-method status="PASS" signature="SearchIsNotEqualTo()[pri:31, instance:com.tetherfi.test.tmac.TmacAuxCodesTest@7e0bc8a3]" name="SearchIsNotEqualTo" duration-ms="7711" started-at="2021-05-14T18:41:37 IST" finished-at="2021-05-14T18:41:44 IST">
          <reporter-output>
          </reporter-output>
        </test-method> <!-- SearchIsNotEqualTo -->
        <test-method status="PASS" signature="AfterEachMethod(java.lang.reflect.Method)[pri:0, instance:com.tetherfi.test.tmac.TmacAuxCodesTest@7e0bc8a3]" name="AfterEachMethod" is-config="true" duration-ms="1245" started-at="2021-05-14T18:41:44 IST" finished-at="2021-05-14T18:41:46 IST">
          <params>
            <param index="0">
              <value>
                <![CDATA[public void com.tetherfi.test.tmac.TmacAuxCodesTest.SearchIsNotEqualTo() throws java.lang.Exception]]>
              </value>
            </param>
          </params>
          <reporter-output>
          </reporter-output>
        </test-method> <!-- AfterEachMethod -->
        <test-method status="PASS" signature="endTestCase(java.lang.reflect.Method)[pri:0, instance:com.tetherfi.test.tmac.TmacAuxCodesTest@7e0bc8a3]" name="endTestCase" is-config="true" duration-ms="1" started-at="2021-05-14T18:41:46 IST" finished-at="2021-05-14T18:41:46 IST">
          <params>
            <param index="0">
              <value>
                <![CDATA[public void com.tetherfi.test.tmac.TmacAuxCodesTest.SearchIsNotEqualTo() throws java.lang.Exception]]>
              </value>
            </param>
          </params>
          <reporter-output>
          </reporter-output>
        </test-method> <!-- endTestCase -->
        <test-method status="PASS" signature="NavigateToTmaxAuxCodesPage()[pri:0, instance:com.tetherfi.test.tmac.TmacAuxCodesTest@7e0bc8a3]" name="NavigateToTmaxAuxCodesPage" is-config="true" duration-ms="6502" started-at="2021-05-14T18:41:46 IST" finished-at="2021-05-14T18:41:52 IST">
          <reporter-output>
          </reporter-output>
        </test-method> <!-- NavigateToTmaxAuxCodesPage -->
        <test-method status="PASS" signature="startTestCase(java.lang.reflect.Method)[pri:0, instance:com.tetherfi.test.tmac.TmacAuxCodesTest@7e0bc8a3]" name="startTestCase" is-config="true" duration-ms="0" started-at="2021-05-14T18:41:46 IST" finished-at="2021-05-14T18:41:46 IST">
          <params>
            <param index="0">
              <value>
                <![CDATA[public void com.tetherfi.test.tmac.TmacAuxCodesTest.SearchContains() throws java.lang.Exception]]>
              </value>
            </param>
          </params>
          <reporter-output>
          </reporter-output>
        </test-method> <!-- startTestCase -->
        <test-method status="PASS" signature="SearchContains()[pri:32, instance:com.tetherfi.test.tmac.TmacAuxCodesTest@7e0bc8a3]" name="SearchContains" duration-ms="7745" started-at="2021-05-14T18:41:52 IST" finished-at="2021-05-14T18:42:00 IST">
          <reporter-output>
          </reporter-output>
        </test-method> <!-- SearchContains -->
        <test-method status="PASS" signature="AfterEachMethod(java.lang.reflect.Method)[pri:0, instance:com.tetherfi.test.tmac.TmacAuxCodesTest@7e0bc8a3]" name="AfterEachMethod" is-config="true" duration-ms="1270" started-at="2021-05-14T18:42:00 IST" finished-at="2021-05-14T18:42:01 IST">
          <params>
            <param index="0">
              <value>
                <![CDATA[public void com.tetherfi.test.tmac.TmacAuxCodesTest.SearchContains() throws java.lang.Exception]]>
              </value>
            </param>
          </params>
          <reporter-output>
          </reporter-output>
        </test-method> <!-- AfterEachMethod -->
        <test-method status="PASS" signature="endTestCase(java.lang.reflect.Method)[pri:0, instance:com.tetherfi.test.tmac.TmacAuxCodesTest@7e0bc8a3]" name="endTestCase" is-config="true" duration-ms="0" started-at="2021-05-14T18:42:01 IST" finished-at="2021-05-14T18:42:01 IST">
          <params>
            <param index="0">
              <value>
                <![CDATA[public void com.tetherfi.test.tmac.TmacAuxCodesTest.SearchContains() throws java.lang.Exception]]>
              </value>
            </param>
          </params>
          <reporter-output>
          </reporter-output>
        </test-method> <!-- endTestCase -->
        <test-method status="PASS" signature="NavigateToTmaxAuxCodesPage()[pri:0, instance:com.tetherfi.test.tmac.TmacAuxCodesTest@7e0bc8a3]" name="NavigateToTmaxAuxCodesPage" is-config="true" duration-ms="5123" started-at="2021-05-14T18:42:01 IST" finished-at="2021-05-14T18:42:06 IST">
          <reporter-output>
          </reporter-output>
        </test-method> <!-- NavigateToTmaxAuxCodesPage -->
        <test-method status="PASS" signature="startTestCase(java.lang.reflect.Method)[pri:0, instance:com.tetherfi.test.tmac.TmacAuxCodesTest@7e0bc8a3]" name="startTestCase" is-config="true" duration-ms="0" started-at="2021-05-14T18:42:01 IST" finished-at="2021-05-14T18:42:01 IST">
          <params>
            <param index="0">
              <value>
                <![CDATA[public void com.tetherfi.test.tmac.TmacAuxCodesTest.SearchDoesNotContains() throws java.lang.Exception]]>
              </value>
            </param>
          </params>
          <reporter-output>
          </reporter-output>
        </test-method> <!-- startTestCase -->
        <test-method status="FAIL" signature="SearchDoesNotContains()[pri:33, instance:com.tetherfi.test.tmac.TmacAuxCodesTest@7e0bc8a3]" name="SearchDoesNotContains" duration-ms="7620" started-at="2021-05-14T18:42:06 IST" finished-at="2021-05-14T18:42:14 IST">
          <exception class="java.lang.ArrayIndexOutOfBoundsException">
            <message>
              <![CDATA[1]]>
            </message>
            <full-stacktrace>
              <![CDATA[java.lang.ArrayIndexOutOfBoundsException: 1
at com.tetherfi.pages.TmacAuxCodesPage.gettable(TmacAuxCodesPage.java:857)
at com.tetherfi.pages.TmacAuxCodesPage.verifySearchDoesNotContains(TmacAuxCodesPage.java:794)
at com.tetherfi.test.tmac.TmacAuxCodesTest.SearchDoesNotContains(TmacAuxCodesTest.java:343)
at sun.reflect.NativeMethodAccessorImpl.invoke0(Native Method)
at sun.reflect.NativeMethodAccessorImpl.invoke(Unknown Source)
at sun.reflect.DelegatingMethodAccessorImpl.invoke(Unknown Source)
at java.lang.reflect.Method.invoke(Unknown Source)
at org.testng.internal.MethodInvocationHelper.invokeMethod(MethodInvocationHelper.java:133)
at org.testng.internal.TestInvoker.invokeMethod(TestInvoker.java:584)
at org.testng.internal.TestInvoker.invokeTestMethod(TestInvoker.java:172)
at org.testng.internal.MethodRunner.runInSequence(MethodRunner.java:46)
at org.testng.internal.TestInvoker$MethodInvocationAgent.invoke(TestInvoker.java:804)
at org.testng.internal.TestInvoker.invokeTestMethods(TestInvoker.java:145)
at org.testng.internal.TestMethodWorker.invokeTestMethods(TestMethodWorker.java:146)
at org.testng.internal.TestMethodWorker.run(TestMethodWorker.java:128)
at java.util.ArrayList.forEach(Unknown Source)
at org.testng.TestRunner.privateRun(TestRunner.java:770)
at org.testng.TestRunner.run(TestRunner.java:591)
at org.testng.SuiteRunner.runTest(SuiteRunner.java:402)
at org.testng.SuiteRunner.runSequentially(SuiteRunner.java:396)
at org.testng.SuiteRunner.privateRun(SuiteRunner.java:355)
at org.testng.SuiteRunner.run(SuiteRunner.java:304)
at org.testng.SuiteRunnerWorker.runSuite(SuiteRunnerWorker.java:53)
at org.testng.SuiteRunnerWorker.run(SuiteRunnerWorker.java:96)
at org.testng.TestNG.runSuitesSequentially(TestNG.java:1180)
at org.testng.TestNG.runSuitesLocally(TestNG.java:1102)
at org.testng.TestNG.runSuites(TestNG.java:1032)
at org.testng.TestNG.run(TestNG.java:1000)
at org.testng.remote.AbstractRemoteTestNG.run(AbstractRemoteTestNG.java:115)
at org.testng.remote.RemoteTestNG.initAndRun(RemoteTestNG.java:251)
at org.testng.remote.RemoteTestNG.main(RemoteTestNG.java:77)
]]>
            </full-stacktrace>
          </exception> <!-- java.lang.ArrayIndexOutOfBoundsException -->
          <reporter-output>
          </reporter-output>
        </test-method> <!-- SearchDoesNotContains -->
        <test-method status="PASS" signature="AfterEachMethod(java.lang.reflect.Method)[pri:0, instance:com.tetherfi.test.tmac.TmacAuxCodesTest@7e0bc8a3]" name="AfterEachMethod" is-config="true" duration-ms="1283" started-at="2021-05-14T18:42:14 IST" finished-at="2021-05-14T18:42:15 IST">
          <params>
            <param index="0">
              <value>
                <![CDATA[public void com.tetherfi.test.tmac.TmacAuxCodesTest.SearchDoesNotContains() throws java.lang.Exception]]>
              </value>
            </param>
          </params>
          <reporter-output>
          </reporter-output>
        </test-method> <!-- AfterEachMethod -->
        <test-method status="PASS" signature="endTestCase(java.lang.reflect.Method)[pri:0, instance:com.tetherfi.test.tmac.TmacAuxCodesTest@7e0bc8a3]" name="endTestCase" is-config="true" duration-ms="0" started-at="2021-05-14T18:42:15 IST" finished-at="2021-05-14T18:42:15 IST">
          <params>
            <param index="0">
              <value>
                <![CDATA[public void com.tetherfi.test.tmac.TmacAuxCodesTest.SearchDoesNotContains() throws java.lang.Exception]]>
              </value>
            </param>
          </params>
          <reporter-output>
          </reporter-output>
        </test-method> <!-- endTestCase -->
        <test-method status="PASS" signature="startTestCase(java.lang.reflect.Method)[pri:0, instance:com.tetherfi.test.tmac.TmacAuxCodesTest@7e0bc8a3]" name="startTestCase" is-config="true" duration-ms="1" started-at="2021-05-14T18:42:15 IST" finished-at="2021-05-14T18:42:15 IST">
          <params>
            <param index="0">
              <value>
                <![CDATA[public void com.tetherfi.test.tmac.TmacAuxCodesTest.SearchStartsWith() throws java.lang.Exception]]>
              </value>
            </param>
          </params>
          <reporter-output>
          </reporter-output>
        </test-method> <!-- startTestCase -->
        <test-method status="PASS" signature="NavigateToTmaxAuxCodesPage()[pri:0, instance:com.tetherfi.test.tmac.TmacAuxCodesTest@7e0bc8a3]" name="NavigateToTmaxAuxCodesPage" is-config="true" duration-ms="5074" started-at="2021-05-14T18:42:15 IST" finished-at="2021-05-14T18:42:20 IST">
          <reporter-output>
          </reporter-output>
        </test-method> <!-- NavigateToTmaxAuxCodesPage -->
        <test-method status="PASS" signature="SearchStartsWith()[pri:34, instance:com.tetherfi.test.tmac.TmacAuxCodesTest@7e0bc8a3]" name="SearchStartsWith" duration-ms="7924" started-at="2021-05-14T18:42:20 IST" finished-at="2021-05-14T18:42:28 IST">
          <reporter-output>
          </reporter-output>
        </test-method> <!-- SearchStartsWith -->
        <test-method status="PASS" signature="AfterEachMethod(java.lang.reflect.Method)[pri:0, instance:com.tetherfi.test.tmac.TmacAuxCodesTest@7e0bc8a3]" name="AfterEachMethod" is-config="true" duration-ms="1379" started-at="2021-05-14T18:42:28 IST" finished-at="2021-05-14T18:42:30 IST">
          <params>
            <param index="0">
              <value>
                <![CDATA[public void com.tetherfi.test.tmac.TmacAuxCodesTest.SearchStartsWith() throws java.lang.Exception]]>
              </value>
            </param>
          </params>
          <reporter-output>
          </reporter-output>
        </test-method> <!-- AfterEachMethod -->
        <test-method status="PASS" signature="endTestCase(java.lang.reflect.Method)[pri:0, instance:com.tetherfi.test.tmac.TmacAuxCodesTest@7e0bc8a3]" name="endTestCase" is-config="true" duration-ms="0" started-at="2021-05-14T18:42:30 IST" finished-at="2021-05-14T18:42:30 IST">
          <params>
            <param index="0">
              <value>
                <![CDATA[public void com.tetherfi.test.tmac.TmacAuxCodesTest.SearchStartsWith() throws java.lang.Exception]]>
              </value>
            </param>
          </params>
          <reporter-output>
          </reporter-output>
        </test-method> <!-- endTestCase -->
        <test-method status="PASS" signature="NavigateToTmaxAuxCodesPage()[pri:0, instance:com.tetherfi.test.tmac.TmacAuxCodesTest@7e0bc8a3]" name="NavigateToTmaxAuxCodesPage" is-config="true" duration-ms="5563" started-at="2021-05-14T18:42:30 IST" finished-at="2021-05-14T18:42:35 IST">
          <reporter-output>
          </reporter-output>
        </test-method> <!-- NavigateToTmaxAuxCodesPage -->
        <test-method status="PASS" signature="startTestCase(java.lang.reflect.Method)[pri:0, instance:com.tetherfi.test.tmac.TmacAuxCodesTest@7e0bc8a3]" name="startTestCase" is-config="true" duration-ms="0" started-at="2021-05-14T18:42:30 IST" finished-at="2021-05-14T18:42:30 IST">
          <params>
            <param index="0">
              <value>
                <![CDATA[public void com.tetherfi.test.tmac.TmacAuxCodesTest.SearchEndsWith() throws java.lang.Exception]]>
              </value>
            </param>
          </params>
          <reporter-output>
          </reporter-output>
        </test-method> <!-- startTestCase -->
        <test-method status="FAIL" signature="SearchEndsWith()[pri:35, instance:com.tetherfi.test.tmac.TmacAuxCodesTest@7e0bc8a3]" name="SearchEndsWith" duration-ms="7680" started-at="2021-05-14T18:42:35 IST" finished-at="2021-05-14T18:42:43 IST">
          <exception class="java.lang.ArrayIndexOutOfBoundsException">
            <message>
              <![CDATA[1]]>
            </message>
            <full-stacktrace>
              <![CDATA[java.lang.ArrayIndexOutOfBoundsException: 1
at com.tetherfi.pages.TmacAuxCodesPage.gettable(TmacAuxCodesPage.java:857)
at com.tetherfi.pages.TmacAuxCodesPage.verifySearchEndsWith(TmacAuxCodesPage.java:844)
at com.tetherfi.test.tmac.TmacAuxCodesTest.SearchEndsWith(TmacAuxCodesTest.java:361)
at sun.reflect.NativeMethodAccessorImpl.invoke0(Native Method)
at sun.reflect.NativeMethodAccessorImpl.invoke(Unknown Source)
at sun.reflect.DelegatingMethodAccessorImpl.invoke(Unknown Source)
at java.lang.reflect.Method.invoke(Unknown Source)
at org.testng.internal.MethodInvocationHelper.invokeMethod(MethodInvocationHelper.java:133)
at org.testng.internal.TestInvoker.invokeMethod(TestInvoker.java:584)
at org.testng.internal.TestInvoker.invokeTestMethod(TestInvoker.java:172)
at org.testng.internal.MethodRunner.runInSequence(MethodRunner.java:46)
at org.testng.internal.TestInvoker$MethodInvocationAgent.invoke(TestInvoker.java:804)
at org.testng.internal.TestInvoker.invokeTestMethods(TestInvoker.java:145)
at org.testng.internal.TestMethodWorker.invokeTestMethods(TestMethodWorker.java:146)
at org.testng.internal.TestMethodWorker.run(TestMethodWorker.java:128)
at java.util.ArrayList.forEach(Unknown Source)
at org.testng.TestRunner.privateRun(TestRunner.java:770)
at org.testng.TestRunner.run(TestRunner.java:591)
at org.testng.SuiteRunner.runTest(SuiteRunner.java:402)
at org.testng.SuiteRunner.runSequentially(SuiteRunner.java:396)
at org.testng.SuiteRunner.privateRun(SuiteRunner.java:355)
at org.testng.SuiteRunner.run(SuiteRunner.java:304)
at org.testng.SuiteRunnerWorker.runSuite(SuiteRunnerWorker.java:53)
at org.testng.SuiteRunnerWorker.run(SuiteRunnerWorker.java:96)
at org.testng.TestNG.runSuitesSequentially(TestNG.java:1180)
at org.testng.TestNG.runSuitesLocally(TestNG.java:1102)
at org.testng.TestNG.runSuites(TestNG.java:1032)
at org.testng.TestNG.run(TestNG.java:1000)
at org.testng.remote.AbstractRemoteTestNG.run(AbstractRemoteTestNG.java:115)
at org.testng.remote.RemoteTestNG.initAndRun(RemoteTestNG.java:251)
at org.testng.remote.RemoteTestNG.main(RemoteTestNG.java:77)
]]>
            </full-stacktrace>
          </exception> <!-- java.lang.ArrayIndexOutOfBoundsException -->
          <reporter-output>
          </reporter-output>
        </test-method> <!-- SearchEndsWith -->
        <test-method status="PASS" signature="AfterEachMethod(java.lang.reflect.Method)[pri:0, instance:com.tetherfi.test.tmac.TmacAuxCodesTest@7e0bc8a3]" name="AfterEachMethod" is-config="true" duration-ms="1247" started-at="2021-05-14T18:42:43 IST" finished-at="2021-05-14T18:42:44 IST">
          <params>
            <param index="0">
              <value>
                <![CDATA[public void com.tetherfi.test.tmac.TmacAuxCodesTest.SearchEndsWith() throws java.lang.Exception]]>
              </value>
            </param>
          </params>
          <reporter-output>
          </reporter-output>
        </test-method> <!-- AfterEachMethod -->
        <test-method status="PASS" signature="endTestCase(java.lang.reflect.Method)[pri:0, instance:com.tetherfi.test.tmac.TmacAuxCodesTest@7e0bc8a3]" name="endTestCase" is-config="true" duration-ms="1" started-at="2021-05-14T18:42:44 IST" finished-at="2021-05-14T18:42:44 IST">
          <params>
            <param index="0">
              <value>
                <![CDATA[public void com.tetherfi.test.tmac.TmacAuxCodesTest.SearchEndsWith() throws java.lang.Exception]]>
              </value>
            </param>
          </params>
          <reporter-output>
          </reporter-output>
        </test-method> <!-- endTestCase -->
        <test-method status="PASS" signature="tearDown()[pri:0, instance:com.tetherfi.test.tmac.TmacAuxCodesTest@7e0bc8a3]" name="tearDown" is-config="true" duration-ms="2271" started-at="2021-05-14T18:42:44 IST" finished-at="2021-05-14T18:42:46 IST">
          <reporter-output>
          </reporter-output>
        </test-method> <!-- tearDown -->
      </class> <!-- com.tetherfi.test.tmac.TmacAuxCodesTest -->
    </test> <!-- TMAC -->
  </suite> <!-- Tetherfi Test Automation -->
</testng-results>
