<?xml version="1.0" encoding="UTF-8"?>
<testng-results ignored="0" total="1" passed="1" failed="0" skipped="0">
  <reporter-output>
  </reporter-output>
  <suite started-at="2020-06-21T15:44:42 IST" name="Default suite" finished-at="2020-06-21T15:45:28 IST" duration-ms="46477">
    <groups>
    </groups>
    <test started-at="2020-06-21T15:44:42 IST" name="Default test" finished-at="2020-06-21T15:45:28 IST" duration-ms="46477">
      <class name="com.tetherfi.test.reports.FaxSLAReportTest">
        <test-method is-config="true" signature="openApplication()[pri:0, instance:com.tetherfi.test.reports.FaxSLAReportTest@5c7dfc05]" started-at="2020-06-21T15:44:42 IST" name="openApplication" finished-at="2020-06-21T15:44:57 IST" duration-ms="15809" status="PASS">
          <reporter-output>
          </reporter-output>
        </test-method> <!-- openApplication -->
        <test-method is-config="true" signature="startTestCase(java.lang.reflect.Method)[pri:0, instance:com.tetherfi.test.reports.FaxSLAReportTest@5c7dfc05]" started-at="2020-06-21T15:44:57 IST" name="startTestCase" finished-at="2020-06-21T15:44:57 IST" duration-ms="2" status="PASS">
          <params>
            <param index="0">
              <value>
                <![CDATA[public void com.tetherfi.test.reports.FaxSLAReportTest.database() throws java.lang.Exception]]>
              </value>
            </param>
          </params>
          <reporter-output>
          </reporter-output>
        </test-method> <!-- startTestCase -->
        <test-method is-config="true" signature="NavigateToOcmReportsPage()[pri:0, instance:com.tetherfi.test.reports.FaxSLAReportTest@5c7dfc05]" started-at="2020-06-21T15:44:57 IST" name="NavigateToOcmReportsPage" finished-at="2020-06-21T15:45:00 IST" duration-ms="2799" status="PASS">
          <reporter-output>
          </reporter-output>
        </test-method> <!-- NavigateToOcmReportsPage -->
        <test-method signature="database()[pri:44, instance:com.tetherfi.test.reports.FaxSLAReportTest@5c7dfc05]" started-at="2020-06-21T15:45:00 IST" name="database" description="To verify fax SLA Report details UI data against DB" finished-at="2020-06-21T15:45:23 IST" duration-ms="22246" status="PASS">
          <reporter-output>
          </reporter-output>
        </test-method> <!-- database -->
        <test-method is-config="true" signature="afterEachMethod(java.lang.reflect.Method)[pri:0, instance:com.tetherfi.test.reports.FaxSLAReportTest@5c7dfc05]" started-at="2020-06-21T15:45:23 IST" name="afterEachMethod" finished-at="2020-06-21T15:45:24 IST" duration-ms="1470" status="PASS">
          <params>
            <param index="0">
              <value>
                <![CDATA[public void com.tetherfi.test.reports.FaxSLAReportTest.database() throws java.lang.Exception]]>
              </value>
            </param>
          </params>
          <reporter-output>
          </reporter-output>
        </test-method> <!-- afterEachMethod -->
        <test-method is-config="true" signature="endTestCase(java.lang.reflect.Method)[pri:0, instance:com.tetherfi.test.reports.FaxSLAReportTest@5c7dfc05]" started-at="2020-06-21T15:45:24 IST" name="endTestCase" finished-at="2020-06-21T15:45:24 IST" duration-ms="0" status="PASS">
          <params>
            <param index="0">
              <value>
                <![CDATA[public void com.tetherfi.test.reports.FaxSLAReportTest.database() throws java.lang.Exception]]>
              </value>
            </param>
          </params>
          <reporter-output>
          </reporter-output>
        </test-method> <!-- endTestCase -->
        <test-method is-config="true" signature="tearDown()[pri:0, instance:com.tetherfi.test.reports.FaxSLAReportTest@5c7dfc05]" started-at="2020-06-21T15:45:24 IST" name="tearDown" finished-at="2020-06-21T15:45:28 IST" duration-ms="4062" status="PASS">
          <reporter-output>
          </reporter-output>
        </test-method> <!-- tearDown -->
      </class> <!-- com.tetherfi.test.reports.FaxSLAReportTest -->
    </test> <!-- Default test -->
  </suite> <!-- Default suite -->
</testng-results>
