<?xml version="1.0" encoding="UTF-8"?>
<testng-results ignored="0" total="37" passed="27" failed="7" skipped="3">
  <reporter-output>
  </reporter-output>
  <suite started-at="2020-05-13T20:29:15 IST" name="Default suite" finished-at="2020-05-13T20:58:21 IST" duration-ms="1745972">
    <groups>
    </groups>
    <test started-at="2020-05-13T20:29:15 IST" name="Default test" finished-at="2020-05-13T20:58:21 IST" duration-ms="1745972">
      <class name="com.tetherfi.test.reports.AgentInteractionReportTest">
        <test-method is-config="true" signature="openApplication()[pri:0, instance:com.tetherfi.test.reports.AgentInteractionReportTest@1faf386c]" started-at="2020-05-13T20:29:15 IST" name="openApplication" finished-at="2020-05-13T20:29:43 IST" duration-ms="27711" status="PASS">
          <reporter-output>
          </reporter-output>
        </test-method> <!-- openApplication -->
        <test-method is-config="true" signature="startTestCase(java.lang.reflect.Method)[pri:0, instance:com.tetherfi.test.reports.AgentInteractionReportTest@1faf386c]" started-at="2020-05-13T20:29:43 IST" name="startTestCase" finished-at="2020-05-13T20:29:43 IST" duration-ms="3" status="PASS">
          <params>
            <param index="0">
              <value>
                <![CDATA[public void com.tetherfi.test.reports.AgentInteractionReportTest.ShowOCMAgentinteractionReport() throws java.lang.Exception]]>
              </value>
            </param>
          </params>
          <reporter-output>
          </reporter-output>
        </test-method> <!-- startTestCase -->
        <test-method is-config="true" signature="NavigateToOcmReportsPage()[pri:0, instance:com.tetherfi.test.reports.AgentInteractionReportTest@1faf386c]" started-at="2020-05-13T20:29:43 IST" name="NavigateToOcmReportsPage" finished-at="2020-05-13T20:29:48 IST" duration-ms="5398" status="PASS">
          <reporter-output>
          </reporter-output>
        </test-method> <!-- NavigateToOcmReportsPage -->
        <test-method signature="ShowOCMAgentinteractionReport()[pri:1, instance:com.tetherfi.test.reports.AgentInteractionReportTest@1faf386c]" started-at="2020-05-13T20:29:48 IST" name="ShowOCMAgentinteractionReport" finished-at="2020-05-13T20:30:17 IST" duration-ms="28748" status="PASS">
          <reporter-output>
          </reporter-output>
        </test-method> <!-- ShowOCMAgentinteractionReport -->
        <test-method is-config="true" signature="afterEachMethod(java.lang.reflect.Method)[pri:0, instance:com.tetherfi.test.reports.AgentInteractionReportTest@1faf386c]" started-at="2020-05-13T20:30:17 IST" name="afterEachMethod" finished-at="2020-05-13T20:30:17 IST" duration-ms="398" status="PASS">
          <params>
            <param index="0">
              <value>
                <![CDATA[public void com.tetherfi.test.reports.AgentInteractionReportTest.ShowOCMAgentinteractionReport() throws java.lang.Exception]]>
              </value>
            </param>
          </params>
          <reporter-output>
          </reporter-output>
        </test-method> <!-- afterEachMethod -->
        <test-method is-config="true" signature="endTestCase(java.lang.reflect.Method)[pri:0, instance:com.tetherfi.test.reports.AgentInteractionReportTest@1faf386c]" started-at="2020-05-13T20:30:17 IST" name="endTestCase" finished-at="2020-05-13T20:30:17 IST" duration-ms="1" status="PASS">
          <params>
            <param index="0">
              <value>
                <![CDATA[public void com.tetherfi.test.reports.AgentInteractionReportTest.ShowOCMAgentinteractionReport() throws java.lang.Exception]]>
              </value>
            </param>
          </params>
          <reporter-output>
          </reporter-output>
        </test-method> <!-- endTestCase -->
        <test-method is-config="true" signature="startTestCase(java.lang.reflect.Method)[pri:0, instance:com.tetherfi.test.reports.AgentInteractionReportTest@1faf386c]" started-at="2020-05-13T20:30:17 IST" name="startTestCase" finished-at="2020-05-13T20:30:17 IST" duration-ms="1" status="PASS">
          <params>
            <param index="0">
              <value>
                <![CDATA[public void com.tetherfi.test.reports.AgentInteractionReportTest.ShowOcmAgentinteractionReportInNewTab() throws java.lang.Exception]]>
              </value>
            </param>
          </params>
          <reporter-output>
          </reporter-output>
        </test-method> <!-- startTestCase -->
        <test-method is-config="true" signature="NavigateToOcmReportsPage()[pri:0, instance:com.tetherfi.test.reports.AgentInteractionReportTest@1faf386c]" started-at="2020-05-13T20:30:17 IST" name="NavigateToOcmReportsPage" finished-at="2020-05-13T20:30:22 IST" duration-ms="4807" status="PASS">
          <reporter-output>
          </reporter-output>
        </test-method> <!-- NavigateToOcmReportsPage -->
        <test-method signature="ShowOcmAgentinteractionReportInNewTab()[pri:2, instance:com.tetherfi.test.reports.AgentInteractionReportTest@1faf386c]" started-at="2020-05-13T20:30:22 IST" name="ShowOcmAgentinteractionReportInNewTab" finished-at="2020-05-13T20:30:50 IST" depends-on-methods="com.tetherfi.test.reports.AgentInteractionReportTest.ShowOCMAgentinteractionReport" duration-ms="27732" status="PASS">
          <reporter-output>
          </reporter-output>
        </test-method> <!-- ShowOcmAgentinteractionReportInNewTab -->
        <test-method is-config="true" signature="afterEachMethod(java.lang.reflect.Method)[pri:0, instance:com.tetherfi.test.reports.AgentInteractionReportTest@1faf386c]" started-at="2020-05-13T20:30:50 IST" name="afterEachMethod" finished-at="2020-05-13T20:30:50 IST" duration-ms="442" status="PASS">
          <params>
            <param index="0">
              <value>
                <![CDATA[public void com.tetherfi.test.reports.AgentInteractionReportTest.ShowOcmAgentinteractionReportInNewTab() throws java.lang.Exception]]>
              </value>
            </param>
          </params>
          <reporter-output>
          </reporter-output>
        </test-method> <!-- afterEachMethod -->
        <test-method is-config="true" signature="endTestCase(java.lang.reflect.Method)[pri:0, instance:com.tetherfi.test.reports.AgentInteractionReportTest@1faf386c]" started-at="2020-05-13T20:30:50 IST" name="endTestCase" finished-at="2020-05-13T20:30:50 IST" duration-ms="1" status="PASS">
          <params>
            <param index="0">
              <value>
                <![CDATA[public void com.tetherfi.test.reports.AgentInteractionReportTest.ShowOcmAgentinteractionReportInNewTab() throws java.lang.Exception]]>
              </value>
            </param>
          </params>
          <reporter-output>
          </reporter-output>
        </test-method> <!-- endTestCase -->
        <test-method is-config="true" signature="startTestCase(java.lang.reflect.Method)[pri:0, instance:com.tetherfi.test.reports.AgentInteractionReportTest@1faf386c]" started-at="2020-05-13T20:30:50 IST" name="startTestCase" finished-at="2020-05-13T20:30:50 IST" duration-ms="0" status="PASS">
          <params>
            <param index="0">
              <value>
                <![CDATA[public void com.tetherfi.test.reports.AgentInteractionReportTest.ScheduleOCMAgentinteractionReport() throws java.lang.Exception]]>
              </value>
            </param>
          </params>
          <reporter-output>
          </reporter-output>
        </test-method> <!-- startTestCase -->
        <test-method is-config="true" signature="NavigateToOcmReportsPage()[pri:0, instance:com.tetherfi.test.reports.AgentInteractionReportTest@1faf386c]" started-at="2020-05-13T20:30:50 IST" name="NavigateToOcmReportsPage" finished-at="2020-05-13T20:30:54 IST" duration-ms="3912" status="PASS">
          <reporter-output>
          </reporter-output>
        </test-method> <!-- NavigateToOcmReportsPage -->
        <test-method signature="ScheduleOCMAgentinteractionReport()[pri:3, instance:com.tetherfi.test.reports.AgentInteractionReportTest@1faf386c]" started-at="2020-05-13T20:30:54 IST" name="ScheduleOCMAgentinteractionReport" finished-at="2020-05-13T20:31:06 IST" duration-ms="11762" status="PASS">
          <reporter-output>
          </reporter-output>
        </test-method> <!-- ScheduleOCMAgentinteractionReport -->
        <test-method is-config="true" signature="afterEachMethod(java.lang.reflect.Method)[pri:0, instance:com.tetherfi.test.reports.AgentInteractionReportTest@1faf386c]" started-at="2020-05-13T20:31:06 IST" name="afterEachMethod" finished-at="2020-05-13T20:31:06 IST" duration-ms="390" status="PASS">
          <params>
            <param index="0">
              <value>
                <![CDATA[public void com.tetherfi.test.reports.AgentInteractionReportTest.ScheduleOCMAgentinteractionReport() throws java.lang.Exception]]>
              </value>
            </param>
          </params>
          <reporter-output>
          </reporter-output>
        </test-method> <!-- afterEachMethod -->
        <test-method is-config="true" signature="endTestCase(java.lang.reflect.Method)[pri:0, instance:com.tetherfi.test.reports.AgentInteractionReportTest@1faf386c]" started-at="2020-05-13T20:31:06 IST" name="endTestCase" finished-at="2020-05-13T20:31:06 IST" duration-ms="1" status="PASS">
          <params>
            <param index="0">
              <value>
                <![CDATA[public void com.tetherfi.test.reports.AgentInteractionReportTest.ScheduleOCMAgentinteractionReport() throws java.lang.Exception]]>
              </value>
            </param>
          </params>
          <reporter-output>
          </reporter-output>
        </test-method> <!-- endTestCase -->
        <test-method is-config="true" signature="NavigateToOcmReportsPage()[pri:0, instance:com.tetherfi.test.reports.AgentInteractionReportTest@1faf386c]" started-at="2020-05-13T20:31:06 IST" name="NavigateToOcmReportsPage" finished-at="2020-05-13T20:31:11 IST" duration-ms="4630" status="PASS">
          <reporter-output>
          </reporter-output>
        </test-method> <!-- NavigateToOcmReportsPage -->
        <test-method is-config="true" signature="startTestCase(java.lang.reflect.Method)[pri:0, instance:com.tetherfi.test.reports.AgentInteractionReportTest@1faf386c]" started-at="2020-05-13T20:31:06 IST" name="startTestCase" finished-at="2020-05-13T20:31:06 IST" duration-ms="0" status="PASS">
          <params>
            <param index="0">
              <value>
                <![CDATA[public void com.tetherfi.test.reports.AgentInteractionReportTest.ExportOcmAgentinteractionReport() throws java.lang.Exception]]>
              </value>
            </param>
          </params>
          <reporter-output>
          </reporter-output>
        </test-method> <!-- startTestCase -->
        <test-method signature="ExportOcmAgentinteractionReport()[pri:4, instance:com.tetherfi.test.reports.AgentInteractionReportTest@1faf386c]" started-at="2020-05-13T20:31:11 IST" name="ExportOcmAgentinteractionReport" finished-at="2020-05-13T20:31:37 IST" depends-on-methods="com.tetherfi.test.reports.AgentInteractionReportTest.ShowOcmAgentinteractionReportInNewTab" duration-ms="26338" status="PASS">
          <reporter-output>
          </reporter-output>
        </test-method> <!-- ExportOcmAgentinteractionReport -->
        <test-method is-config="true" signature="afterEachMethod(java.lang.reflect.Method)[pri:0, instance:com.tetherfi.test.reports.AgentInteractionReportTest@1faf386c]" started-at="2020-05-13T20:31:37 IST" name="afterEachMethod" finished-at="2020-05-13T20:31:38 IST" duration-ms="347" status="PASS">
          <params>
            <param index="0">
              <value>
                <![CDATA[public void com.tetherfi.test.reports.AgentInteractionReportTest.ExportOcmAgentinteractionReport() throws java.lang.Exception]]>
              </value>
            </param>
          </params>
          <reporter-output>
          </reporter-output>
        </test-method> <!-- afterEachMethod -->
        <test-method is-config="true" signature="endTestCase(java.lang.reflect.Method)[pri:0, instance:com.tetherfi.test.reports.AgentInteractionReportTest@1faf386c]" started-at="2020-05-13T20:31:38 IST" name="endTestCase" finished-at="2020-05-13T20:31:38 IST" duration-ms="0" status="PASS">
          <params>
            <param index="0">
              <value>
                <![CDATA[public void com.tetherfi.test.reports.AgentInteractionReportTest.ExportOcmAgentinteractionReport() throws java.lang.Exception]]>
              </value>
            </param>
          </params>
          <reporter-output>
          </reporter-output>
        </test-method> <!-- endTestCase -->
        <test-method is-config="true" signature="startTestCase(java.lang.reflect.Method)[pri:0, instance:com.tetherfi.test.reports.AgentInteractionReportTest@1faf386c]" started-at="2020-05-13T20:31:38 IST" name="startTestCase" finished-at="2020-05-13T20:31:38 IST" duration-ms="0" status="PASS">
          <params>
            <param index="0">
              <value>
                <![CDATA[public void com.tetherfi.test.reports.AgentInteractionReportTest.ViewDownloadedOcmAgentinteractionReportInReportsDownloadPage() throws java.io.IOException]]>
              </value>
            </param>
          </params>
          <reporter-output>
          </reporter-output>
        </test-method> <!-- startTestCase -->
        <test-method is-config="true" signature="NavigateToOcmReportsPage()[pri:0, instance:com.tetherfi.test.reports.AgentInteractionReportTest@1faf386c]" started-at="2020-05-13T20:31:38 IST" name="NavigateToOcmReportsPage" finished-at="2020-05-13T20:31:42 IST" duration-ms="4792" status="PASS">
          <reporter-output>
          </reporter-output>
        </test-method> <!-- NavigateToOcmReportsPage -->
        <test-method signature="ViewDownloadedOcmAgentinteractionReportInReportsDownloadPage()[pri:5, instance:com.tetherfi.test.reports.AgentInteractionReportTest@1faf386c]" started-at="2020-05-13T20:31:42 IST" name="ViewDownloadedOcmAgentinteractionReportInReportsDownloadPage" finished-at="2020-05-13T20:31:47 IST" depends-on-methods="com.tetherfi.test.reports.AgentInteractionReportTest.ExportOcmAgentinteractionReport" duration-ms="4286" status="PASS">
          <reporter-output>
          </reporter-output>
        </test-method> <!-- ViewDownloadedOcmAgentinteractionReportInReportsDownloadPage -->
        <test-method is-config="true" signature="afterEachMethod(java.lang.reflect.Method)[pri:0, instance:com.tetherfi.test.reports.AgentInteractionReportTest@1faf386c]" started-at="2020-05-13T20:31:47 IST" name="afterEachMethod" finished-at="2020-05-13T20:31:47 IST" duration-ms="383" status="PASS">
          <params>
            <param index="0">
              <value>
                <![CDATA[public void com.tetherfi.test.reports.AgentInteractionReportTest.ViewDownloadedOcmAgentinteractionReportInReportsDownloadPage() throws java.io.IOException]]>
              </value>
            </param>
          </params>
          <reporter-output>
          </reporter-output>
        </test-method> <!-- afterEachMethod -->
        <test-method is-config="true" signature="endTestCase(java.lang.reflect.Method)[pri:0, instance:com.tetherfi.test.reports.AgentInteractionReportTest@1faf386c]" started-at="2020-05-13T20:31:47 IST" name="endTestCase" finished-at="2020-05-13T20:31:47 IST" duration-ms="1" status="PASS">
          <params>
            <param index="0">
              <value>
                <![CDATA[public void com.tetherfi.test.reports.AgentInteractionReportTest.ViewDownloadedOcmAgentinteractionReportInReportsDownloadPage() throws java.io.IOException]]>
              </value>
            </param>
          </params>
          <reporter-output>
          </reporter-output>
        </test-method> <!-- endTestCase -->
        <test-method is-config="true" signature="NavigateToOcmReportsPage()[pri:0, instance:com.tetherfi.test.reports.AgentInteractionReportTest@1faf386c]" started-at="2020-05-13T20:31:47 IST" name="NavigateToOcmReportsPage" finished-at="2020-05-13T20:31:50 IST" duration-ms="3286" status="PASS">
          <reporter-output>
          </reporter-output>
        </test-method> <!-- NavigateToOcmReportsPage -->
        <test-method is-config="true" signature="startTestCase(java.lang.reflect.Method)[pri:0, instance:com.tetherfi.test.reports.AgentInteractionReportTest@1faf386c]" started-at="2020-05-13T20:31:47 IST" name="startTestCase" finished-at="2020-05-13T20:31:47 IST" duration-ms="0" status="PASS">
          <params>
            <param index="0">
              <value>
                <![CDATA[public void com.tetherfi.test.reports.AgentInteractionReportTest.ShowOcmAgentinteractionReportForDateRange() throws java.lang.Exception]]>
              </value>
            </param>
          </params>
          <reporter-output>
          </reporter-output>
        </test-method> <!-- startTestCase -->
        <test-method signature="ShowOcmAgentinteractionReportForDateRange()[pri:6, instance:com.tetherfi.test.reports.AgentInteractionReportTest@1faf386c]" started-at="2020-05-13T20:31:50 IST" name="ShowOcmAgentinteractionReportForDateRange" finished-at="2020-05-13T20:32:22 IST" duration-ms="31093" status="PASS">
          <reporter-output>
          </reporter-output>
        </test-method> <!-- ShowOcmAgentinteractionReportForDateRange -->
        <test-method is-config="true" signature="afterEachMethod(java.lang.reflect.Method)[pri:0, instance:com.tetherfi.test.reports.AgentInteractionReportTest@1faf386c]" started-at="2020-05-13T20:32:22 IST" name="afterEachMethod" finished-at="2020-05-13T20:32:22 IST" duration-ms="387" status="PASS">
          <params>
            <param index="0">
              <value>
                <![CDATA[public void com.tetherfi.test.reports.AgentInteractionReportTest.ShowOcmAgentinteractionReportForDateRange() throws java.lang.Exception]]>
              </value>
            </param>
          </params>
          <reporter-output>
          </reporter-output>
        </test-method> <!-- afterEachMethod -->
        <test-method is-config="true" signature="endTestCase(java.lang.reflect.Method)[pri:0, instance:com.tetherfi.test.reports.AgentInteractionReportTest@1faf386c]" started-at="2020-05-13T20:32:22 IST" name="endTestCase" finished-at="2020-05-13T20:32:22 IST" duration-ms="1" status="PASS">
          <params>
            <param index="0">
              <value>
                <![CDATA[public void com.tetherfi.test.reports.AgentInteractionReportTest.ShowOcmAgentinteractionReportForDateRange() throws java.lang.Exception]]>
              </value>
            </param>
          </params>
          <reporter-output>
          </reporter-output>
        </test-method> <!-- endTestCase -->
        <test-method is-config="true" signature="startTestCase(java.lang.reflect.Method)[pri:0, instance:com.tetherfi.test.reports.AgentInteractionReportTest@1faf386c]" started-at="2020-05-13T20:32:22 IST" name="startTestCase" finished-at="2020-05-13T20:32:22 IST" duration-ms="0" status="PASS">
          <params>
            <param index="0">
              <value>
                <![CDATA[public void com.tetherfi.test.reports.AgentInteractionReportTest.ShowOcmAgentinteractionReportInNewTabDateRange() throws java.lang.Exception]]>
              </value>
            </param>
          </params>
          <reporter-output>
          </reporter-output>
        </test-method> <!-- startTestCase -->
        <test-method is-config="true" signature="NavigateToOcmReportsPage()[pri:0, instance:com.tetherfi.test.reports.AgentInteractionReportTest@1faf386c]" started-at="2020-05-13T20:32:22 IST" name="NavigateToOcmReportsPage" finished-at="2020-05-13T20:32:28 IST" duration-ms="5604" status="PASS">
          <reporter-output>
          </reporter-output>
        </test-method> <!-- NavigateToOcmReportsPage -->
        <test-method signature="ShowOcmAgentinteractionReportInNewTabDateRange()[pri:7, instance:com.tetherfi.test.reports.AgentInteractionReportTest@1faf386c]" started-at="2020-05-13T20:32:28 IST" name="ShowOcmAgentinteractionReportInNewTabDateRange" finished-at="2020-05-13T20:32:55 IST" depends-on-methods="com.tetherfi.test.reports.AgentInteractionReportTest.ShowOcmAgentinteractionReportForDateRange" duration-ms="27699" status="PASS">
          <reporter-output>
          </reporter-output>
        </test-method> <!-- ShowOcmAgentinteractionReportInNewTabDateRange -->
        <test-method is-config="true" signature="afterEachMethod(java.lang.reflect.Method)[pri:0, instance:com.tetherfi.test.reports.AgentInteractionReportTest@1faf386c]" started-at="2020-05-13T20:32:55 IST" name="afterEachMethod" finished-at="2020-05-13T20:32:56 IST" duration-ms="443" status="PASS">
          <params>
            <param index="0">
              <value>
                <![CDATA[public void com.tetherfi.test.reports.AgentInteractionReportTest.ShowOcmAgentinteractionReportInNewTabDateRange() throws java.lang.Exception]]>
              </value>
            </param>
          </params>
          <reporter-output>
          </reporter-output>
        </test-method> <!-- afterEachMethod -->
        <test-method is-config="true" signature="endTestCase(java.lang.reflect.Method)[pri:0, instance:com.tetherfi.test.reports.AgentInteractionReportTest@1faf386c]" started-at="2020-05-13T20:32:56 IST" name="endTestCase" finished-at="2020-05-13T20:32:56 IST" duration-ms="1" status="PASS">
          <params>
            <param index="0">
              <value>
                <![CDATA[public void com.tetherfi.test.reports.AgentInteractionReportTest.ShowOcmAgentinteractionReportInNewTabDateRange() throws java.lang.Exception]]>
              </value>
            </param>
          </params>
          <reporter-output>
          </reporter-output>
        </test-method> <!-- endTestCase -->
        <test-method is-config="true" signature="startTestCase(java.lang.reflect.Method)[pri:0, instance:com.tetherfi.test.reports.AgentInteractionReportTest@1faf386c]" started-at="2020-05-13T20:32:56 IST" name="startTestCase" finished-at="2020-05-13T20:32:56 IST" duration-ms="0" status="PASS">
          <params>
            <param index="0">
              <value>
                <![CDATA[public void com.tetherfi.test.reports.AgentInteractionReportTest.ExportOcmAgentinteractionReportDateRange() throws java.lang.Exception]]>
              </value>
            </param>
          </params>
          <reporter-output>
          </reporter-output>
        </test-method> <!-- startTestCase -->
        <test-method is-config="true" signature="NavigateToOcmReportsPage()[pri:0, instance:com.tetherfi.test.reports.AgentInteractionReportTest@1faf386c]" started-at="2020-05-13T20:32:56 IST" name="NavigateToOcmReportsPage" finished-at="2020-05-13T20:33:00 IST" duration-ms="3991" status="PASS">
          <reporter-output>
          </reporter-output>
        </test-method> <!-- NavigateToOcmReportsPage -->
        <test-method signature="ExportOcmAgentinteractionReportDateRange()[pri:8, instance:com.tetherfi.test.reports.AgentInteractionReportTest@1faf386c]" started-at="2020-05-13T20:33:00 IST" name="ExportOcmAgentinteractionReportDateRange" finished-at="2020-05-13T20:33:26 IST" depends-on-methods="com.tetherfi.test.reports.AgentInteractionReportTest.ShowOcmAgentinteractionReportInNewTabDateRange" duration-ms="25902" status="PASS">
          <reporter-output>
          </reporter-output>
        </test-method> <!-- ExportOcmAgentinteractionReportDateRange -->
        <test-method is-config="true" signature="afterEachMethod(java.lang.reflect.Method)[pri:0, instance:com.tetherfi.test.reports.AgentInteractionReportTest@1faf386c]" started-at="2020-05-13T20:33:26 IST" name="afterEachMethod" finished-at="2020-05-13T20:33:26 IST" duration-ms="387" status="PASS">
          <params>
            <param index="0">
              <value>
                <![CDATA[public void com.tetherfi.test.reports.AgentInteractionReportTest.ExportOcmAgentinteractionReportDateRange() throws java.lang.Exception]]>
              </value>
            </param>
          </params>
          <reporter-output>
          </reporter-output>
        </test-method> <!-- afterEachMethod -->
        <test-method is-config="true" signature="endTestCase(java.lang.reflect.Method)[pri:0, instance:com.tetherfi.test.reports.AgentInteractionReportTest@1faf386c]" started-at="2020-05-13T20:33:26 IST" name="endTestCase" finished-at="2020-05-13T20:33:26 IST" duration-ms="0" status="PASS">
          <params>
            <param index="0">
              <value>
                <![CDATA[public void com.tetherfi.test.reports.AgentInteractionReportTest.ExportOcmAgentinteractionReportDateRange() throws java.lang.Exception]]>
              </value>
            </param>
          </params>
          <reporter-output>
          </reporter-output>
        </test-method> <!-- endTestCase -->
        <test-method is-config="true" signature="startTestCase(java.lang.reflect.Method)[pri:0, instance:com.tetherfi.test.reports.AgentInteractionReportTest@1faf386c]" started-at="2020-05-13T20:33:26 IST" name="startTestCase" finished-at="2020-05-13T20:33:26 IST" duration-ms="0" status="PASS">
          <params>
            <param index="0">
              <value>
                <![CDATA[public void com.tetherfi.test.reports.AgentInteractionReportTest.ViewDownloadedOcmAgentinteractionReportInReportsDownloadPageDateRange() throws java.io.IOException]]>
              </value>
            </param>
          </params>
          <reporter-output>
          </reporter-output>
        </test-method> <!-- startTestCase -->
        <test-method is-config="true" signature="NavigateToOcmReportsPage()[pri:0, instance:com.tetherfi.test.reports.AgentInteractionReportTest@1faf386c]" started-at="2020-05-13T20:33:26 IST" name="NavigateToOcmReportsPage" finished-at="2020-05-13T20:33:31 IST" duration-ms="5217" status="PASS">
          <reporter-output>
          </reporter-output>
        </test-method> <!-- NavigateToOcmReportsPage -->
        <test-method signature="ViewDownloadedOcmAgentinteractionReportInReportsDownloadPageDateRange()[pri:9, instance:com.tetherfi.test.reports.AgentInteractionReportTest@1faf386c]" started-at="2020-05-13T20:33:31 IST" name="ViewDownloadedOcmAgentinteractionReportInReportsDownloadPageDateRange" finished-at="2020-05-13T20:33:35 IST" depends-on-methods="com.tetherfi.test.reports.AgentInteractionReportTest.ExportOcmAgentinteractionReportDateRange" duration-ms="4060" status="PASS">
          <reporter-output>
          </reporter-output>
        </test-method> <!-- ViewDownloadedOcmAgentinteractionReportInReportsDownloadPageDateRange -->
        <test-method is-config="true" signature="afterEachMethod(java.lang.reflect.Method)[pri:0, instance:com.tetherfi.test.reports.AgentInteractionReportTest@1faf386c]" started-at="2020-05-13T20:33:35 IST" name="afterEachMethod" finished-at="2020-05-13T20:33:36 IST" duration-ms="386" status="PASS">
          <params>
            <param index="0">
              <value>
                <![CDATA[public void com.tetherfi.test.reports.AgentInteractionReportTest.ViewDownloadedOcmAgentinteractionReportInReportsDownloadPageDateRange() throws java.io.IOException]]>
              </value>
            </param>
          </params>
          <reporter-output>
          </reporter-output>
        </test-method> <!-- afterEachMethod -->
        <test-method is-config="true" signature="endTestCase(java.lang.reflect.Method)[pri:0, instance:com.tetherfi.test.reports.AgentInteractionReportTest@1faf386c]" started-at="2020-05-13T20:33:36 IST" name="endTestCase" finished-at="2020-05-13T20:33:36 IST" duration-ms="0" status="PASS">
          <params>
            <param index="0">
              <value>
                <![CDATA[public void com.tetherfi.test.reports.AgentInteractionReportTest.ViewDownloadedOcmAgentinteractionReportInReportsDownloadPageDateRange() throws java.io.IOException]]>
              </value>
            </param>
          </params>
          <reporter-output>
          </reporter-output>
        </test-method> <!-- endTestCase -->
        <test-method is-config="true" signature="NavigateToOcmReportsPage()[pri:0, instance:com.tetherfi.test.reports.AgentInteractionReportTest@1faf386c]" started-at="2020-05-13T20:33:36 IST" name="NavigateToOcmReportsPage" finished-at="2020-05-13T20:33:38 IST" duration-ms="2849" status="PASS">
          <reporter-output>
          </reporter-output>
        </test-method> <!-- NavigateToOcmReportsPage -->
        <test-method is-config="true" signature="startTestCase(java.lang.reflect.Method)[pri:0, instance:com.tetherfi.test.reports.AgentInteractionReportTest@1faf386c]" started-at="2020-05-13T20:33:36 IST" name="startTestCase" finished-at="2020-05-13T20:33:36 IST" duration-ms="0" status="PASS">
          <params>
            <param index="0">
              <value>
                <![CDATA[public void com.tetherfi.test.reports.AgentInteractionReportTest.ScheduleOcmAgentinteractionReportforDateRange() throws java.lang.Exception]]>
              </value>
            </param>
          </params>
          <reporter-output>
          </reporter-output>
        </test-method> <!-- startTestCase -->
        <test-method signature="ScheduleOcmAgentinteractionReportforDateRange()[pri:10, instance:com.tetherfi.test.reports.AgentInteractionReportTest@1faf386c]" started-at="2020-05-13T20:33:38 IST" name="ScheduleOcmAgentinteractionReportforDateRange" finished-at="2020-05-13T20:33:51 IST" duration-ms="12065" status="PASS">
          <reporter-output>
          </reporter-output>
        </test-method> <!-- ScheduleOcmAgentinteractionReportforDateRange -->
        <test-method is-config="true" signature="afterEachMethod(java.lang.reflect.Method)[pri:0, instance:com.tetherfi.test.reports.AgentInteractionReportTest@1faf386c]" started-at="2020-05-13T20:33:51 IST" name="afterEachMethod" finished-at="2020-05-13T20:33:51 IST" duration-ms="382" status="PASS">
          <params>
            <param index="0">
              <value>
                <![CDATA[public void com.tetherfi.test.reports.AgentInteractionReportTest.ScheduleOcmAgentinteractionReportforDateRange() throws java.lang.Exception]]>
              </value>
            </param>
          </params>
          <reporter-output>
          </reporter-output>
        </test-method> <!-- afterEachMethod -->
        <test-method is-config="true" signature="endTestCase(java.lang.reflect.Method)[pri:0, instance:com.tetherfi.test.reports.AgentInteractionReportTest@1faf386c]" started-at="2020-05-13T20:33:51 IST" name="endTestCase" finished-at="2020-05-13T20:33:51 IST" duration-ms="1" status="PASS">
          <params>
            <param index="0">
              <value>
                <![CDATA[public void com.tetherfi.test.reports.AgentInteractionReportTest.ScheduleOcmAgentinteractionReportforDateRange() throws java.lang.Exception]]>
              </value>
            </param>
          </params>
          <reporter-output>
          </reporter-output>
        </test-method> <!-- endTestCase -->
        <test-method is-config="true" signature="NavigateToOcmReportsPage()[pri:0, instance:com.tetherfi.test.reports.AgentInteractionReportTest@1faf386c]" started-at="2020-05-13T20:33:51 IST" name="NavigateToOcmReportsPage" finished-at="2020-05-13T20:33:56 IST" duration-ms="5378" status="PASS">
          <reporter-output>
          </reporter-output>
        </test-method> <!-- NavigateToOcmReportsPage -->
        <test-method is-config="true" signature="startTestCase(java.lang.reflect.Method)[pri:0, instance:com.tetherfi.test.reports.AgentInteractionReportTest@1faf386c]" started-at="2020-05-13T20:33:51 IST" name="startTestCase" finished-at="2020-05-13T20:33:51 IST" duration-ms="0" status="PASS">
          <params>
            <param index="0">
              <value>
                <![CDATA[public void com.tetherfi.test.reports.AgentInteractionReportTest.ClearAll() throws java.lang.Exception]]>
              </value>
            </param>
          </params>
          <reporter-output>
          </reporter-output>
        </test-method> <!-- startTestCase -->
        <test-method signature="ClearAll()[pri:11, instance:com.tetherfi.test.reports.AgentInteractionReportTest@1faf386c]" started-at="2020-05-13T20:33:56 IST" name="ClearAll" finished-at="2020-05-13T20:34:07 IST" duration-ms="10717" status="PASS">
          <reporter-output>
          </reporter-output>
        </test-method> <!-- ClearAll -->
        <test-method is-config="true" signature="afterEachMethod(java.lang.reflect.Method)[pri:0, instance:com.tetherfi.test.reports.AgentInteractionReportTest@1faf386c]" started-at="2020-05-13T20:34:07 IST" name="afterEachMethod" finished-at="2020-05-13T20:34:07 IST" duration-ms="378" status="PASS">
          <params>
            <param index="0">
              <value>
                <![CDATA[public void com.tetherfi.test.reports.AgentInteractionReportTest.ClearAll() throws java.lang.Exception]]>
              </value>
            </param>
          </params>
          <reporter-output>
          </reporter-output>
        </test-method> <!-- afterEachMethod -->
        <test-method is-config="true" signature="endTestCase(java.lang.reflect.Method)[pri:0, instance:com.tetherfi.test.reports.AgentInteractionReportTest@1faf386c]" started-at="2020-05-13T20:34:07 IST" name="endTestCase" finished-at="2020-05-13T20:34:07 IST" duration-ms="1" status="PASS">
          <params>
            <param index="0">
              <value>
                <![CDATA[public void com.tetherfi.test.reports.AgentInteractionReportTest.ClearAll() throws java.lang.Exception]]>
              </value>
            </param>
          </params>
          <reporter-output>
          </reporter-output>
        </test-method> <!-- endTestCase -->
        <test-method is-config="true" signature="NavigateToOcmReportsPage()[pri:0, instance:com.tetherfi.test.reports.AgentInteractionReportTest@1faf386c]" started-at="2020-05-13T20:34:07 IST" name="NavigateToOcmReportsPage" finished-at="2020-05-13T20:34:12 IST" duration-ms="4527" status="PASS">
          <reporter-output>
          </reporter-output>
        </test-method> <!-- NavigateToOcmReportsPage -->
        <test-method is-config="true" signature="startTestCase(java.lang.reflect.Method)[pri:0, instance:com.tetherfi.test.reports.AgentInteractionReportTest@1faf386c]" started-at="2020-05-13T20:34:07 IST" name="startTestCase" finished-at="2020-05-13T20:34:07 IST" duration-ms="0" status="PASS">
          <params>
            <param index="0">
              <value>
                <![CDATA[public void com.tetherfi.test.reports.AgentInteractionReportTest.OCMWindow() throws java.lang.Exception]]>
              </value>
            </param>
          </params>
          <reporter-output>
          </reporter-output>
        </test-method> <!-- startTestCase -->
        <test-method signature="OCMWindow()[pri:12, instance:com.tetherfi.test.reports.AgentInteractionReportTest@1faf386c]" started-at="2020-05-13T20:34:12 IST" name="OCMWindow" finished-at="2020-05-13T20:34:43 IST" duration-ms="31150" status="PASS">
          <reporter-output>
          </reporter-output>
        </test-method> <!-- OCMWindow -->
        <test-method is-config="true" signature="afterEachMethod(java.lang.reflect.Method)[pri:0, instance:com.tetherfi.test.reports.AgentInteractionReportTest@1faf386c]" started-at="2020-05-13T20:34:43 IST" name="afterEachMethod" finished-at="2020-05-13T20:34:43 IST" duration-ms="352" status="PASS">
          <params>
            <param index="0">
              <value>
                <![CDATA[public void com.tetherfi.test.reports.AgentInteractionReportTest.OCMWindow() throws java.lang.Exception]]>
              </value>
            </param>
          </params>
          <reporter-output>
          </reporter-output>
        </test-method> <!-- afterEachMethod -->
        <test-method is-config="true" signature="endTestCase(java.lang.reflect.Method)[pri:0, instance:com.tetherfi.test.reports.AgentInteractionReportTest@1faf386c]" started-at="2020-05-13T20:34:43 IST" name="endTestCase" finished-at="2020-05-13T20:34:43 IST" duration-ms="0" status="PASS">
          <params>
            <param index="0">
              <value>
                <![CDATA[public void com.tetherfi.test.reports.AgentInteractionReportTest.OCMWindow() throws java.lang.Exception]]>
              </value>
            </param>
          </params>
          <reporter-output>
          </reporter-output>
        </test-method> <!-- endTestCase -->
        <test-method is-config="true" signature="startTestCase(java.lang.reflect.Method)[pri:0, instance:com.tetherfi.test.reports.AgentInteractionReportTest@1faf386c]" started-at="2020-05-13T20:34:43 IST" name="startTestCase" finished-at="2020-05-13T20:34:43 IST" duration-ms="0" status="PASS">
          <params>
            <param index="0">
              <value>
                <![CDATA[public void com.tetherfi.test.reports.AgentInteractionReportTest.VerifyDropdownForAllTheColumns() throws java.lang.Exception]]>
              </value>
            </param>
          </params>
          <reporter-output>
          </reporter-output>
        </test-method> <!-- startTestCase -->
        <test-method is-config="true" signature="NavigateToOcmReportsPage()[pri:0, instance:com.tetherfi.test.reports.AgentInteractionReportTest@1faf386c]" started-at="2020-05-13T20:34:43 IST" name="NavigateToOcmReportsPage" finished-at="2020-05-13T20:34:47 IST" duration-ms="4052" status="PASS">
          <reporter-output>
          </reporter-output>
        </test-method> <!-- NavigateToOcmReportsPage -->
        <test-method signature="VerifyDropdownForAllTheColumns()[pri:13, instance:com.tetherfi.test.reports.AgentInteractionReportTest@1faf386c]" started-at="2020-05-13T20:34:47 IST" name="VerifyDropdownForAllTheColumns" finished-at="2020-05-13T20:36:11 IST" duration-ms="83989" status="PASS">
          <reporter-output>
          </reporter-output>
        </test-method> <!-- VerifyDropdownForAllTheColumns -->
        <test-method is-config="true" signature="afterEachMethod(java.lang.reflect.Method)[pri:0, instance:com.tetherfi.test.reports.AgentInteractionReportTest@1faf386c]" started-at="2020-05-13T20:36:11 IST" name="afterEachMethod" finished-at="2020-05-13T20:36:12 IST" duration-ms="351" status="PASS">
          <params>
            <param index="0">
              <value>
                <![CDATA[public void com.tetherfi.test.reports.AgentInteractionReportTest.VerifyDropdownForAllTheColumns() throws java.lang.Exception]]>
              </value>
            </param>
          </params>
          <reporter-output>
          </reporter-output>
        </test-method> <!-- afterEachMethod -->
        <test-method is-config="true" signature="endTestCase(java.lang.reflect.Method)[pri:0, instance:com.tetherfi.test.reports.AgentInteractionReportTest@1faf386c]" started-at="2020-05-13T20:36:12 IST" name="endTestCase" finished-at="2020-05-13T20:36:12 IST" duration-ms="1" status="PASS">
          <params>
            <param index="0">
              <value>
                <![CDATA[public void com.tetherfi.test.reports.AgentInteractionReportTest.VerifyDropdownForAllTheColumns() throws java.lang.Exception]]>
              </value>
            </param>
          </params>
          <reporter-output>
          </reporter-output>
        </test-method> <!-- endTestCase -->
        <test-method is-config="true" signature="startTestCase(java.lang.reflect.Method)[pri:0, instance:com.tetherfi.test.reports.AgentInteractionReportTest@1faf386c]" started-at="2020-05-13T20:36:12 IST" name="startTestCase" finished-at="2020-05-13T20:36:12 IST" duration-ms="1" status="PASS">
          <params>
            <param index="0">
              <value>
                <![CDATA[public void com.tetherfi.test.reports.AgentInteractionReportTest.VerifyColumnsHeaderEnable() throws java.lang.Exception]]>
              </value>
            </param>
          </params>
          <reporter-output>
          </reporter-output>
        </test-method> <!-- startTestCase -->
        <test-method is-config="true" signature="NavigateToOcmReportsPage()[pri:0, instance:com.tetherfi.test.reports.AgentInteractionReportTest@1faf386c]" started-at="2020-05-13T20:36:12 IST" name="NavigateToOcmReportsPage" finished-at="2020-05-13T20:36:16 IST" duration-ms="3906" status="PASS">
          <reporter-output>
          </reporter-output>
        </test-method> <!-- NavigateToOcmReportsPage -->
        <test-method signature="VerifyColumnsHeaderEnable()[pri:14, instance:com.tetherfi.test.reports.AgentInteractionReportTest@1faf386c]" started-at="2020-05-13T20:36:16 IST" name="VerifyColumnsHeaderEnable" finished-at="2020-05-13T20:38:08 IST" duration-ms="112448" status="PASS">
          <reporter-output>
          </reporter-output>
        </test-method> <!-- VerifyColumnsHeaderEnable -->
        <test-method is-config="true" signature="afterEachMethod(java.lang.reflect.Method)[pri:0, instance:com.tetherfi.test.reports.AgentInteractionReportTest@1faf386c]" started-at="2020-05-13T20:38:08 IST" name="afterEachMethod" finished-at="2020-05-13T20:38:09 IST" duration-ms="371" status="PASS">
          <params>
            <param index="0">
              <value>
                <![CDATA[public void com.tetherfi.test.reports.AgentInteractionReportTest.VerifyColumnsHeaderEnable() throws java.lang.Exception]]>
              </value>
            </param>
          </params>
          <reporter-output>
          </reporter-output>
        </test-method> <!-- afterEachMethod -->
        <test-method is-config="true" signature="endTestCase(java.lang.reflect.Method)[pri:0, instance:com.tetherfi.test.reports.AgentInteractionReportTest@1faf386c]" started-at="2020-05-13T20:38:09 IST" name="endTestCase" finished-at="2020-05-13T20:38:09 IST" duration-ms="0" status="PASS">
          <params>
            <param index="0">
              <value>
                <![CDATA[public void com.tetherfi.test.reports.AgentInteractionReportTest.VerifyColumnsHeaderEnable() throws java.lang.Exception]]>
              </value>
            </param>
          </params>
          <reporter-output>
          </reporter-output>
        </test-method> <!-- endTestCase -->
        <test-method is-config="true" signature="startTestCase(java.lang.reflect.Method)[pri:0, instance:com.tetherfi.test.reports.AgentInteractionReportTest@1faf386c]" started-at="2020-05-13T20:38:09 IST" name="startTestCase" finished-at="2020-05-13T20:38:09 IST" duration-ms="0" status="PASS">
          <params>
            <param index="0">
              <value>
                <![CDATA[public void com.tetherfi.test.reports.AgentInteractionReportTest.VerifyColumnsHeaderDisable() throws java.lang.Exception]]>
              </value>
            </param>
          </params>
          <reporter-output>
          </reporter-output>
        </test-method> <!-- startTestCase -->
        <test-method is-config="true" signature="NavigateToOcmReportsPage()[pri:0, instance:com.tetherfi.test.reports.AgentInteractionReportTest@1faf386c]" started-at="2020-05-13T20:38:09 IST" name="NavigateToOcmReportsPage" finished-at="2020-05-13T20:38:13 IST" duration-ms="4523" status="PASS">
          <reporter-output>
          </reporter-output>
        </test-method> <!-- NavigateToOcmReportsPage -->
        <test-method signature="VerifyColumnsHeaderDisable()[pri:15, instance:com.tetherfi.test.reports.AgentInteractionReportTest@1faf386c]" started-at="2020-05-13T20:38:13 IST" name="VerifyColumnsHeaderDisable" finished-at="2020-05-13T20:40:12 IST" duration-ms="118920" status="PASS">
          <reporter-output>
          </reporter-output>
        </test-method> <!-- VerifyColumnsHeaderDisable -->
        <test-method is-config="true" signature="afterEachMethod(java.lang.reflect.Method)[pri:0, instance:com.tetherfi.test.reports.AgentInteractionReportTest@1faf386c]" started-at="2020-05-13T20:40:12 IST" name="afterEachMethod" finished-at="2020-05-13T20:40:12 IST" duration-ms="381" status="PASS">
          <params>
            <param index="0">
              <value>
                <![CDATA[public void com.tetherfi.test.reports.AgentInteractionReportTest.VerifyColumnsHeaderDisable() throws java.lang.Exception]]>
              </value>
            </param>
          </params>
          <reporter-output>
          </reporter-output>
        </test-method> <!-- afterEachMethod -->
        <test-method is-config="true" signature="endTestCase(java.lang.reflect.Method)[pri:0, instance:com.tetherfi.test.reports.AgentInteractionReportTest@1faf386c]" started-at="2020-05-13T20:40:12 IST" name="endTestCase" finished-at="2020-05-13T20:40:12 IST" duration-ms="0" status="PASS">
          <params>
            <param index="0">
              <value>
                <![CDATA[public void com.tetherfi.test.reports.AgentInteractionReportTest.VerifyColumnsHeaderDisable() throws java.lang.Exception]]>
              </value>
            </param>
          </params>
          <reporter-output>
          </reporter-output>
        </test-method> <!-- endTestCase -->
        <test-method is-config="true" signature="startTestCase(java.lang.reflect.Method)[pri:0, instance:com.tetherfi.test.reports.AgentInteractionReportTest@1faf386c]" started-at="2020-05-13T20:40:12 IST" name="startTestCase" finished-at="2020-05-13T20:40:12 IST" duration-ms="1" status="PASS">
          <params>
            <param index="0">
              <value>
                <![CDATA[public void com.tetherfi.test.reports.AgentInteractionReportTest.VerifyArrowMoveForPreviousAndNextPage() throws java.lang.Exception]]>
              </value>
            </param>
          </params>
          <reporter-output>
          </reporter-output>
        </test-method> <!-- startTestCase -->
        <test-method is-config="true" signature="NavigateToOcmReportsPage()[pri:0, instance:com.tetherfi.test.reports.AgentInteractionReportTest@1faf386c]" started-at="2020-05-13T20:40:12 IST" name="NavigateToOcmReportsPage" finished-at="2020-05-13T20:40:18 IST" duration-ms="5142" status="PASS">
          <reporter-output>
          </reporter-output>
        </test-method> <!-- NavigateToOcmReportsPage -->
        <test-method signature="VerifyArrowMoveForPreviousAndNextPage()[pri:16, instance:com.tetherfi.test.reports.AgentInteractionReportTest@1faf386c]" started-at="2020-05-13T20:40:18 IST" name="VerifyArrowMoveForPreviousAndNextPage" finished-at="2020-05-13T20:40:48 IST" duration-ms="30159" status="PASS">
          <reporter-output>
          </reporter-output>
        </test-method> <!-- VerifyArrowMoveForPreviousAndNextPage -->
        <test-method is-config="true" signature="afterEachMethod(java.lang.reflect.Method)[pri:0, instance:com.tetherfi.test.reports.AgentInteractionReportTest@1faf386c]" started-at="2020-05-13T20:40:48 IST" name="afterEachMethod" finished-at="2020-05-13T20:40:48 IST" duration-ms="376" status="PASS">
          <params>
            <param index="0">
              <value>
                <![CDATA[public void com.tetherfi.test.reports.AgentInteractionReportTest.VerifyArrowMoveForPreviousAndNextPage() throws java.lang.Exception]]>
              </value>
            </param>
          </params>
          <reporter-output>
          </reporter-output>
        </test-method> <!-- afterEachMethod -->
        <test-method is-config="true" signature="endTestCase(java.lang.reflect.Method)[pri:0, instance:com.tetherfi.test.reports.AgentInteractionReportTest@1faf386c]" started-at="2020-05-13T20:40:48 IST" name="endTestCase" finished-at="2020-05-13T20:40:48 IST" duration-ms="1" status="PASS">
          <params>
            <param index="0">
              <value>
                <![CDATA[public void com.tetherfi.test.reports.AgentInteractionReportTest.VerifyArrowMoveForPreviousAndNextPage() throws java.lang.Exception]]>
              </value>
            </param>
          </params>
          <reporter-output>
          </reporter-output>
        </test-method> <!-- endTestCase -->
        <test-method is-config="true" signature="NavigateToOcmReportsPage()[pri:0, instance:com.tetherfi.test.reports.AgentInteractionReportTest@1faf386c]" started-at="2020-05-13T20:40:48 IST" name="NavigateToOcmReportsPage" finished-at="2020-05-13T20:40:52 IST" duration-ms="3531" status="PASS">
          <reporter-output>
          </reporter-output>
        </test-method> <!-- NavigateToOcmReportsPage -->
        <test-method is-config="true" signature="startTestCase(java.lang.reflect.Method)[pri:0, instance:com.tetherfi.test.reports.AgentInteractionReportTest@1faf386c]" started-at="2020-05-13T20:40:48 IST" name="startTestCase" finished-at="2020-05-13T20:40:48 IST" duration-ms="0" status="PASS">
          <params>
            <param index="0">
              <value>
                <![CDATA[public void com.tetherfi.test.reports.AgentInteractionReportTest.VerifyArrowMoveForFirstAndLastPage() throws java.lang.Exception]]>
              </value>
            </param>
          </params>
          <reporter-output>
          </reporter-output>
        </test-method> <!-- startTestCase -->
        <test-method signature="VerifyArrowMoveForFirstAndLastPage()[pri:17, instance:com.tetherfi.test.reports.AgentInteractionReportTest@1faf386c]" started-at="2020-05-13T20:40:52 IST" name="VerifyArrowMoveForFirstAndLastPage" finished-at="2020-05-13T20:41:23 IST" duration-ms="31144" status="PASS">
          <reporter-output>
          </reporter-output>
        </test-method> <!-- VerifyArrowMoveForFirstAndLastPage -->
        <test-method is-config="true" signature="afterEachMethod(java.lang.reflect.Method)[pri:0, instance:com.tetherfi.test.reports.AgentInteractionReportTest@1faf386c]" started-at="2020-05-13T20:41:23 IST" name="afterEachMethod" finished-at="2020-05-13T20:41:23 IST" duration-ms="377" status="PASS">
          <params>
            <param index="0">
              <value>
                <![CDATA[public void com.tetherfi.test.reports.AgentInteractionReportTest.VerifyArrowMoveForFirstAndLastPage() throws java.lang.Exception]]>
              </value>
            </param>
          </params>
          <reporter-output>
          </reporter-output>
        </test-method> <!-- afterEachMethod -->
        <test-method is-config="true" signature="endTestCase(java.lang.reflect.Method)[pri:0, instance:com.tetherfi.test.reports.AgentInteractionReportTest@1faf386c]" started-at="2020-05-13T20:41:23 IST" name="endTestCase" finished-at="2020-05-13T20:41:23 IST" duration-ms="0" status="PASS">
          <params>
            <param index="0">
              <value>
                <![CDATA[public void com.tetherfi.test.reports.AgentInteractionReportTest.VerifyArrowMoveForFirstAndLastPage() throws java.lang.Exception]]>
              </value>
            </param>
          </params>
          <reporter-output>
          </reporter-output>
        </test-method> <!-- endTestCase -->
        <test-method is-config="true" signature="NavigateToOcmReportsPage()[pri:0, instance:com.tetherfi.test.reports.AgentInteractionReportTest@1faf386c]" started-at="2020-05-13T20:41:23 IST" name="NavigateToOcmReportsPage" finished-at="2020-05-13T20:41:28 IST" duration-ms="4873" status="PASS">
          <reporter-output>
          </reporter-output>
        </test-method> <!-- NavigateToOcmReportsPage -->
        <test-method is-config="true" signature="startTestCase(java.lang.reflect.Method)[pri:0, instance:com.tetherfi.test.reports.AgentInteractionReportTest@1faf386c]" started-at="2020-05-13T20:41:23 IST" name="startTestCase" finished-at="2020-05-13T20:41:23 IST" duration-ms="0" status="PASS">
          <params>
            <param index="0">
              <value>
                <![CDATA[public void com.tetherfi.test.reports.AgentInteractionReportTest.VerifyTotalNumberOfItemsPerPageDetails() throws java.lang.Exception]]>
              </value>
            </param>
          </params>
          <reporter-output>
          </reporter-output>
        </test-method> <!-- startTestCase -->
        <test-method signature="VerifyTotalNumberOfItemsPerPageDetails()[pri:18, instance:com.tetherfi.test.reports.AgentInteractionReportTest@1faf386c]" started-at="2020-05-13T20:41:28 IST" name="VerifyTotalNumberOfItemsPerPageDetails" finished-at="2020-05-13T20:42:00 IST" duration-ms="31643" status="FAIL">
          <exception class="java.lang.AssertionError">
            <message>
              <![CDATA[item per page assertion failed did not expect to find [true] but found [false]]]>
            </message>
            <full-stacktrace>
              <![CDATA[java.lang.AssertionError: item per page assertion failed did not expect to find [true] but found [false]
at org.testng.Assert.fail(Assert.java:97)
at org.testng.Assert.failNotEquals(Assert.java:969)
at org.testng.Assert.assertTrue(Assert.java:43)
at com.tetherfi.test.reports.AgentInteractionReportTest.VerifyTotalNumberOfItemsPerPageDetails(AgentInteractionReportTest.java:205)
at java.base/jdk.internal.reflect.NativeMethodAccessorImpl.invoke0(Native Method)
at java.base/jdk.internal.reflect.NativeMethodAccessorImpl.invoke(Unknown Source)
at java.base/jdk.internal.reflect.DelegatingMethodAccessorImpl.invoke(Unknown Source)
at java.base/java.lang.reflect.Method.invoke(Unknown Source)
at org.testng.internal.MethodInvocationHelper.invokeMethod(MethodInvocationHelper.java:133)
at org.testng.internal.TestInvoker.invokeMethod(TestInvoker.java:584)
at org.testng.internal.TestInvoker.invokeTestMethod(TestInvoker.java:172)
at org.testng.internal.MethodRunner.runInSequence(MethodRunner.java:46)
at org.testng.internal.TestInvoker$MethodInvocationAgent.invoke(TestInvoker.java:804)
at org.testng.internal.TestInvoker.invokeTestMethods(TestInvoker.java:145)
at org.testng.internal.TestMethodWorker.invokeTestMethods(TestMethodWorker.java:146)
at org.testng.internal.TestMethodWorker.run(TestMethodWorker.java:128)
at java.base/java.util.ArrayList.forEach(Unknown Source)
at org.testng.TestRunner.privateRun(TestRunner.java:770)
at org.testng.TestRunner.run(TestRunner.java:591)
at org.testng.SuiteRunner.runTest(SuiteRunner.java:402)
at org.testng.SuiteRunner.runSequentially(SuiteRunner.java:396)
at org.testng.SuiteRunner.privateRun(SuiteRunner.java:355)
at org.testng.SuiteRunner.run(SuiteRunner.java:304)
at org.testng.SuiteRunnerWorker.runSuite(SuiteRunnerWorker.java:53)
at org.testng.SuiteRunnerWorker.run(SuiteRunnerWorker.java:96)
at org.testng.TestNG.runSuitesSequentially(TestNG.java:1180)
at org.testng.TestNG.runSuitesLocally(TestNG.java:1102)
at org.testng.TestNG.runSuites(TestNG.java:1032)
at org.testng.TestNG.run(TestNG.java:1000)
at org.testng.remote.AbstractRemoteTestNG.run(AbstractRemoteTestNG.java:115)
at org.testng.remote.RemoteTestNG.initAndRun(RemoteTestNG.java:251)
at org.testng.remote.RemoteTestNG.main(RemoteTestNG.java:77)
]]>
            </full-stacktrace>
          </exception> <!-- java.lang.AssertionError -->
          <reporter-output>
          </reporter-output>
        </test-method> <!-- VerifyTotalNumberOfItemsPerPageDetails -->
        <test-method is-config="true" signature="afterEachMethod(java.lang.reflect.Method)[pri:0, instance:com.tetherfi.test.reports.AgentInteractionReportTest@1faf386c]" started-at="2020-05-13T20:42:00 IST" name="afterEachMethod" finished-at="2020-05-13T20:42:00 IST" duration-ms="373" status="PASS">
          <params>
            <param index="0">
              <value>
                <![CDATA[public void com.tetherfi.test.reports.AgentInteractionReportTest.VerifyTotalNumberOfItemsPerPageDetails() throws java.lang.Exception]]>
              </value>
            </param>
          </params>
          <reporter-output>
          </reporter-output>
        </test-method> <!-- afterEachMethod -->
        <test-method is-config="true" signature="endTestCase(java.lang.reflect.Method)[pri:0, instance:com.tetherfi.test.reports.AgentInteractionReportTest@1faf386c]" started-at="2020-05-13T20:42:00 IST" name="endTestCase" finished-at="2020-05-13T20:42:00 IST" duration-ms="1" status="PASS">
          <params>
            <param index="0">
              <value>
                <![CDATA[public void com.tetherfi.test.reports.AgentInteractionReportTest.VerifyTotalNumberOfItemsPerPageDetails() throws java.lang.Exception]]>
              </value>
            </param>
          </params>
          <reporter-output>
          </reporter-output>
        </test-method> <!-- endTestCase -->
        <test-method is-config="true" signature="startTestCase(java.lang.reflect.Method)[pri:0, instance:com.tetherfi.test.reports.AgentInteractionReportTest@1faf386c]" started-at="2020-05-13T20:42:00 IST" name="startTestCase" finished-at="2020-05-13T20:42:00 IST" duration-ms="1" status="PASS">
          <params>
            <param index="0">
              <value>
                <![CDATA[public void com.tetherfi.test.reports.AgentInteractionReportTest.VerifyNumberOfItemsPerPageSelection() throws java.lang.Exception]]>
              </value>
            </param>
          </params>
          <reporter-output>
          </reporter-output>
        </test-method> <!-- startTestCase -->
        <test-method is-config="true" signature="NavigateToOcmReportsPage()[pri:0, instance:com.tetherfi.test.reports.AgentInteractionReportTest@1faf386c]" started-at="2020-05-13T20:42:00 IST" name="NavigateToOcmReportsPage" finished-at="2020-05-13T20:42:08 IST" duration-ms="7623" status="PASS">
          <reporter-output>
          </reporter-output>
        </test-method> <!-- NavigateToOcmReportsPage -->
        <test-method signature="VerifyNumberOfItemsPerPageSelection()[pri:19, instance:com.tetherfi.test.reports.AgentInteractionReportTest@1faf386c]" started-at="2020-05-13T20:42:08 IST" name="VerifyNumberOfItemsPerPageSelection" finished-at="2020-05-13T20:43:18 IST" duration-ms="70763" status="FAIL">
          <exception class="java.lang.AssertionError">
            <message>
              <![CDATA[item per page assertion failed did not expect to find [true] but found [false]]]>
            </message>
            <full-stacktrace>
              <![CDATA[java.lang.AssertionError: item per page assertion failed did not expect to find [true] but found [false]
at org.testng.Assert.fail(Assert.java:97)
at org.testng.Assert.failNotEquals(Assert.java:969)
at org.testng.Assert.assertTrue(Assert.java:43)
at com.tetherfi.test.reports.AgentInteractionReportTest.VerifyNumberOfItemsPerPageSelection(AgentInteractionReportTest.java:215)
at java.base/jdk.internal.reflect.NativeMethodAccessorImpl.invoke0(Native Method)
at java.base/jdk.internal.reflect.NativeMethodAccessorImpl.invoke(Unknown Source)
at java.base/jdk.internal.reflect.DelegatingMethodAccessorImpl.invoke(Unknown Source)
at java.base/java.lang.reflect.Method.invoke(Unknown Source)
at org.testng.internal.MethodInvocationHelper.invokeMethod(MethodInvocationHelper.java:133)
at org.testng.internal.TestInvoker.invokeMethod(TestInvoker.java:584)
at org.testng.internal.TestInvoker.invokeTestMethod(TestInvoker.java:172)
at org.testng.internal.MethodRunner.runInSequence(MethodRunner.java:46)
at org.testng.internal.TestInvoker$MethodInvocationAgent.invoke(TestInvoker.java:804)
at org.testng.internal.TestInvoker.invokeTestMethods(TestInvoker.java:145)
at org.testng.internal.TestMethodWorker.invokeTestMethods(TestMethodWorker.java:146)
at org.testng.internal.TestMethodWorker.run(TestMethodWorker.java:128)
at java.base/java.util.ArrayList.forEach(Unknown Source)
at org.testng.TestRunner.privateRun(TestRunner.java:770)
at org.testng.TestRunner.run(TestRunner.java:591)
at org.testng.SuiteRunner.runTest(SuiteRunner.java:402)
at org.testng.SuiteRunner.runSequentially(SuiteRunner.java:396)
at org.testng.SuiteRunner.privateRun(SuiteRunner.java:355)
at org.testng.SuiteRunner.run(SuiteRunner.java:304)
at org.testng.SuiteRunnerWorker.runSuite(SuiteRunnerWorker.java:53)
at org.testng.SuiteRunnerWorker.run(SuiteRunnerWorker.java:96)
at org.testng.TestNG.runSuitesSequentially(TestNG.java:1180)
at org.testng.TestNG.runSuitesLocally(TestNG.java:1102)
at org.testng.TestNG.runSuites(TestNG.java:1032)
at org.testng.TestNG.run(TestNG.java:1000)
at org.testng.remote.AbstractRemoteTestNG.run(AbstractRemoteTestNG.java:115)
at org.testng.remote.RemoteTestNG.initAndRun(RemoteTestNG.java:251)
at org.testng.remote.RemoteTestNG.main(RemoteTestNG.java:77)
]]>
            </full-stacktrace>
          </exception> <!-- java.lang.AssertionError -->
          <reporter-output>
          </reporter-output>
        </test-method> <!-- VerifyNumberOfItemsPerPageSelection -->
        <test-method is-config="true" signature="afterEachMethod(java.lang.reflect.Method)[pri:0, instance:com.tetherfi.test.reports.AgentInteractionReportTest@1faf386c]" started-at="2020-05-13T20:43:18 IST" name="afterEachMethod" finished-at="2020-05-13T20:43:19 IST" duration-ms="383" status="PASS">
          <params>
            <param index="0">
              <value>
                <![CDATA[public void com.tetherfi.test.reports.AgentInteractionReportTest.VerifyNumberOfItemsPerPageSelection() throws java.lang.Exception]]>
              </value>
            </param>
          </params>
          <reporter-output>
          </reporter-output>
        </test-method> <!-- afterEachMethod -->
        <test-method is-config="true" signature="endTestCase(java.lang.reflect.Method)[pri:0, instance:com.tetherfi.test.reports.AgentInteractionReportTest@1faf386c]" started-at="2020-05-13T20:43:19 IST" name="endTestCase" finished-at="2020-05-13T20:43:19 IST" duration-ms="1" status="PASS">
          <params>
            <param index="0">
              <value>
                <![CDATA[public void com.tetherfi.test.reports.AgentInteractionReportTest.VerifyNumberOfItemsPerPageSelection() throws java.lang.Exception]]>
              </value>
            </param>
          </params>
          <reporter-output>
          </reporter-output>
        </test-method> <!-- endTestCase -->
        <test-method is-config="true" signature="NavigateToOcmReportsPage()[pri:0, instance:com.tetherfi.test.reports.AgentInteractionReportTest@1faf386c]" started-at="2020-05-13T20:43:19 IST" name="NavigateToOcmReportsPage" finished-at="2020-05-13T20:43:22 IST" duration-ms="3468" status="PASS">
          <reporter-output>
          </reporter-output>
        </test-method> <!-- NavigateToOcmReportsPage -->
        <test-method is-config="true" signature="startTestCase(java.lang.reflect.Method)[pri:0, instance:com.tetherfi.test.reports.AgentInteractionReportTest@1faf386c]" started-at="2020-05-13T20:43:19 IST" name="startTestCase" finished-at="2020-05-13T20:43:19 IST" duration-ms="0" status="PASS">
          <params>
            <param index="0">
              <value>
                <![CDATA[public void com.tetherfi.test.reports.AgentInteractionReportTest.ExportPage() throws java.lang.Exception]]>
              </value>
            </param>
          </params>
          <reporter-output>
          </reporter-output>
        </test-method> <!-- startTestCase -->
        <test-method signature="ExportPage()[pri:20, instance:com.tetherfi.test.reports.AgentInteractionReportTest@1faf386c]" started-at="2020-05-13T20:43:22 IST" name="ExportPage" finished-at="2020-05-13T20:44:17 IST" duration-ms="54482" status="PASS">
          <reporter-output>
          </reporter-output>
        </test-method> <!-- ExportPage -->
        <test-method is-config="true" signature="afterEachMethod(java.lang.reflect.Method)[pri:0, instance:com.tetherfi.test.reports.AgentInteractionReportTest@1faf386c]" started-at="2020-05-13T20:44:17 IST" name="afterEachMethod" finished-at="2020-05-13T20:44:17 IST" duration-ms="365" status="PASS">
          <params>
            <param index="0">
              <value>
                <![CDATA[public void com.tetherfi.test.reports.AgentInteractionReportTest.ExportPage() throws java.lang.Exception]]>
              </value>
            </param>
          </params>
          <reporter-output>
          </reporter-output>
        </test-method> <!-- afterEachMethod -->
        <test-method is-config="true" signature="endTestCase(java.lang.reflect.Method)[pri:0, instance:com.tetherfi.test.reports.AgentInteractionReportTest@1faf386c]" started-at="2020-05-13T20:44:17 IST" name="endTestCase" finished-at="2020-05-13T20:44:17 IST" duration-ms="1" status="PASS">
          <params>
            <param index="0">
              <value>
                <![CDATA[public void com.tetherfi.test.reports.AgentInteractionReportTest.ExportPage() throws java.lang.Exception]]>
              </value>
            </param>
          </params>
          <reporter-output>
          </reporter-output>
        </test-method> <!-- endTestCase -->
        <test-method is-config="true" signature="startTestCase(java.lang.reflect.Method)[pri:0, instance:com.tetherfi.test.reports.AgentInteractionReportTest@1faf386c]" started-at="2020-05-13T20:44:17 IST" name="startTestCase" finished-at="2020-05-13T20:44:17 IST" duration-ms="1" status="PASS">
          <params>
            <param index="0">
              <value>
                <![CDATA[public void com.tetherfi.test.reports.AgentInteractionReportTest.SortingByAscending() throws java.lang.Exception]]>
              </value>
            </param>
          </params>
          <reporter-output>
          </reporter-output>
        </test-method> <!-- startTestCase -->
        <test-method is-config="true" signature="NavigateToOcmReportsPage()[pri:0, instance:com.tetherfi.test.reports.AgentInteractionReportTest@1faf386c]" started-at="2020-05-13T20:44:17 IST" name="NavigateToOcmReportsPage" finished-at="2020-05-13T20:44:23 IST" duration-ms="5607" status="PASS">
          <reporter-output>
          </reporter-output>
        </test-method> <!-- NavigateToOcmReportsPage -->
        <test-method signature="SortingByAscending()[pri:21, instance:com.tetherfi.test.reports.AgentInteractionReportTest@1faf386c]" started-at="2020-05-13T20:44:23 IST" name="SortingByAscending" finished-at="2020-05-13T20:44:57 IST" duration-ms="34189" status="FAIL">
          <exception class="java.lang.NullPointerException">
            <full-stacktrace>
              <![CDATA[java.lang.NullPointerException
at com.tetherfi.utility.ExcelReader.getTestData(ExcelReader.java:99)
at com.tetherfi.test.reports.AgentInteractionReportTest.SortingByAscending(AgentInteractionReportTest.java:239)
at java.base/jdk.internal.reflect.NativeMethodAccessorImpl.invoke0(Native Method)
at java.base/jdk.internal.reflect.NativeMethodAccessorImpl.invoke(Unknown Source)
at java.base/jdk.internal.reflect.DelegatingMethodAccessorImpl.invoke(Unknown Source)
at java.base/java.lang.reflect.Method.invoke(Unknown Source)
at org.testng.internal.MethodInvocationHelper.invokeMethod(MethodInvocationHelper.java:133)
at org.testng.internal.TestInvoker.invokeMethod(TestInvoker.java:584)
at org.testng.internal.TestInvoker.invokeTestMethod(TestInvoker.java:172)
at org.testng.internal.MethodRunner.runInSequence(MethodRunner.java:46)
at org.testng.internal.TestInvoker$MethodInvocationAgent.invoke(TestInvoker.java:804)
at org.testng.internal.TestInvoker.invokeTestMethods(TestInvoker.java:145)
at org.testng.internal.TestMethodWorker.invokeTestMethods(TestMethodWorker.java:146)
at org.testng.internal.TestMethodWorker.run(TestMethodWorker.java:128)
at java.base/java.util.ArrayList.forEach(Unknown Source)
at org.testng.TestRunner.privateRun(TestRunner.java:770)
at org.testng.TestRunner.run(TestRunner.java:591)
at org.testng.SuiteRunner.runTest(SuiteRunner.java:402)
at org.testng.SuiteRunner.runSequentially(SuiteRunner.java:396)
at org.testng.SuiteRunner.privateRun(SuiteRunner.java:355)
at org.testng.SuiteRunner.run(SuiteRunner.java:304)
at org.testng.SuiteRunnerWorker.runSuite(SuiteRunnerWorker.java:53)
at org.testng.SuiteRunnerWorker.run(SuiteRunnerWorker.java:96)
at org.testng.TestNG.runSuitesSequentially(TestNG.java:1180)
at org.testng.TestNG.runSuitesLocally(TestNG.java:1102)
at org.testng.TestNG.runSuites(TestNG.java:1032)
at org.testng.TestNG.run(TestNG.java:1000)
at org.testng.remote.AbstractRemoteTestNG.run(AbstractRemoteTestNG.java:115)
at org.testng.remote.RemoteTestNG.initAndRun(RemoteTestNG.java:251)
at org.testng.remote.RemoteTestNG.main(RemoteTestNG.java:77)
]]>
            </full-stacktrace>
          </exception> <!-- java.lang.NullPointerException -->
          <reporter-output>
          </reporter-output>
        </test-method> <!-- SortingByAscending -->
        <test-method is-config="true" signature="afterEachMethod(java.lang.reflect.Method)[pri:0, instance:com.tetherfi.test.reports.AgentInteractionReportTest@1faf386c]" started-at="2020-05-13T20:44:57 IST" name="afterEachMethod" finished-at="2020-05-13T20:44:58 IST" duration-ms="1010" status="PASS">
          <params>
            <param index="0">
              <value>
                <![CDATA[public void com.tetherfi.test.reports.AgentInteractionReportTest.SortingByAscending() throws java.lang.Exception]]>
              </value>
            </param>
          </params>
          <reporter-output>
          </reporter-output>
        </test-method> <!-- afterEachMethod -->
        <test-method is-config="true" signature="endTestCase(java.lang.reflect.Method)[pri:0, instance:com.tetherfi.test.reports.AgentInteractionReportTest@1faf386c]" started-at="2020-05-13T20:44:58 IST" name="endTestCase" finished-at="2020-05-13T20:44:58 IST" duration-ms="0" status="PASS">
          <params>
            <param index="0">
              <value>
                <![CDATA[public void com.tetherfi.test.reports.AgentInteractionReportTest.SortingByAscending() throws java.lang.Exception]]>
              </value>
            </param>
          </params>
          <reporter-output>
          </reporter-output>
        </test-method> <!-- endTestCase -->
        <test-method is-config="true" signature="startTestCase(java.lang.reflect.Method)[pri:0, instance:com.tetherfi.test.reports.AgentInteractionReportTest@1faf386c]" started-at="2020-05-13T20:44:58 IST" name="startTestCase" finished-at="2020-05-13T20:44:58 IST" duration-ms="0" status="PASS">
          <params>
            <param index="0">
              <value>
                <![CDATA[public void com.tetherfi.test.reports.AgentInteractionReportTest.SortingByDescending() throws java.lang.Exception]]>
              </value>
            </param>
          </params>
          <reporter-output>
          </reporter-output>
        </test-method> <!-- startTestCase -->
        <test-method is-config="true" signature="NavigateToOcmReportsPage()[pri:0, instance:com.tetherfi.test.reports.AgentInteractionReportTest@1faf386c]" started-at="2020-05-13T20:44:58 IST" name="NavigateToOcmReportsPage" finished-at="2020-05-13T20:45:24 IST" duration-ms="25921" status="PASS">
          <reporter-output>
          </reporter-output>
        </test-method> <!-- NavigateToOcmReportsPage -->
        <test-method signature="SortingByDescending()[pri:22, instance:com.tetherfi.test.reports.AgentInteractionReportTest@1faf386c]" started-at="2020-05-13T20:45:24 IST" name="SortingByDescending" finished-at="2020-05-13T20:45:59 IST" duration-ms="35061" status="FAIL">
          <exception class="java.lang.NullPointerException">
            <full-stacktrace>
              <![CDATA[java.lang.NullPointerException
at com.tetherfi.utility.ExcelReader.getTestData(ExcelReader.java:99)
at com.tetherfi.test.reports.AgentInteractionReportTest.SortingByDescending(AgentInteractionReportTest.java:252)
at java.base/jdk.internal.reflect.NativeMethodAccessorImpl.invoke0(Native Method)
at java.base/jdk.internal.reflect.NativeMethodAccessorImpl.invoke(Unknown Source)
at java.base/jdk.internal.reflect.DelegatingMethodAccessorImpl.invoke(Unknown Source)
at java.base/java.lang.reflect.Method.invoke(Unknown Source)
at org.testng.internal.MethodInvocationHelper.invokeMethod(MethodInvocationHelper.java:133)
at org.testng.internal.TestInvoker.invokeMethod(TestInvoker.java:584)
at org.testng.internal.TestInvoker.invokeTestMethod(TestInvoker.java:172)
at org.testng.internal.MethodRunner.runInSequence(MethodRunner.java:46)
at org.testng.internal.TestInvoker$MethodInvocationAgent.invoke(TestInvoker.java:804)
at org.testng.internal.TestInvoker.invokeTestMethods(TestInvoker.java:145)
at org.testng.internal.TestMethodWorker.invokeTestMethods(TestMethodWorker.java:146)
at org.testng.internal.TestMethodWorker.run(TestMethodWorker.java:128)
at java.base/java.util.ArrayList.forEach(Unknown Source)
at org.testng.TestRunner.privateRun(TestRunner.java:770)
at org.testng.TestRunner.run(TestRunner.java:591)
at org.testng.SuiteRunner.runTest(SuiteRunner.java:402)
at org.testng.SuiteRunner.runSequentially(SuiteRunner.java:396)
at org.testng.SuiteRunner.privateRun(SuiteRunner.java:355)
at org.testng.SuiteRunner.run(SuiteRunner.java:304)
at org.testng.SuiteRunnerWorker.runSuite(SuiteRunnerWorker.java:53)
at org.testng.SuiteRunnerWorker.run(SuiteRunnerWorker.java:96)
at org.testng.TestNG.runSuitesSequentially(TestNG.java:1180)
at org.testng.TestNG.runSuitesLocally(TestNG.java:1102)
at org.testng.TestNG.runSuites(TestNG.java:1032)
at org.testng.TestNG.run(TestNG.java:1000)
at org.testng.remote.AbstractRemoteTestNG.run(AbstractRemoteTestNG.java:115)
at org.testng.remote.RemoteTestNG.initAndRun(RemoteTestNG.java:251)
at org.testng.remote.RemoteTestNG.main(RemoteTestNG.java:77)
]]>
            </full-stacktrace>
          </exception> <!-- java.lang.NullPointerException -->
          <reporter-output>
          </reporter-output>
        </test-method> <!-- SortingByDescending -->
        <test-method is-config="true" signature="afterEachMethod(java.lang.reflect.Method)[pri:0, instance:com.tetherfi.test.reports.AgentInteractionReportTest@1faf386c]" started-at="2020-05-13T20:45:59 IST" name="afterEachMethod" finished-at="2020-05-13T20:45:59 IST" duration-ms="519" status="PASS">
          <params>
            <param index="0">
              <value>
                <![CDATA[public void com.tetherfi.test.reports.AgentInteractionReportTest.SortingByDescending() throws java.lang.Exception]]>
              </value>
            </param>
          </params>
          <reporter-output>
          </reporter-output>
        </test-method> <!-- afterEachMethod -->
        <test-method is-config="true" signature="endTestCase(java.lang.reflect.Method)[pri:0, instance:com.tetherfi.test.reports.AgentInteractionReportTest@1faf386c]" started-at="2020-05-13T20:45:59 IST" name="endTestCase" finished-at="2020-05-13T20:45:59 IST" duration-ms="0" status="PASS">
          <params>
            <param index="0">
              <value>
                <![CDATA[public void com.tetherfi.test.reports.AgentInteractionReportTest.SortingByDescending() throws java.lang.Exception]]>
              </value>
            </param>
          </params>
          <reporter-output>
          </reporter-output>
        </test-method> <!-- endTestCase -->
        <test-method is-config="true" signature="NavigateToOcmReportsPage()[pri:0, instance:com.tetherfi.test.reports.AgentInteractionReportTest@1faf386c]" started-at="2020-05-13T20:45:59 IST" name="NavigateToOcmReportsPage" finished-at="2020-05-13T20:46:18 IST" duration-ms="18371" status="PASS">
          <reporter-output>
          </reporter-output>
        </test-method> <!-- NavigateToOcmReportsPage -->
        <test-method is-config="true" signature="startTestCase(java.lang.reflect.Method)[pri:0, instance:com.tetherfi.test.reports.AgentInteractionReportTest@1faf386c]" started-at="2020-05-13T20:45:59 IST" name="startTestCase" finished-at="2020-05-13T20:45:59 IST" duration-ms="0" status="PASS">
          <params>
            <param index="0">
              <value>
                <![CDATA[public void com.tetherfi.test.reports.AgentInteractionReportTest.SchedulereportinAgentintactnpage() throws java.lang.Exception]]>
              </value>
            </param>
          </params>
          <reporter-output>
          </reporter-output>
        </test-method> <!-- startTestCase -->
        <test-method signature="SchedulereportinAgentintactnpage()[pri:23, instance:com.tetherfi.test.reports.AgentInteractionReportTest@1faf386c]" started-at="2020-05-13T20:46:18 IST" name="SchedulereportinAgentintactnpage" finished-at="2020-05-13T20:46:43 IST" duration-ms="25440" status="PASS">
          <reporter-output>
          </reporter-output>
        </test-method> <!-- SchedulereportinAgentintactnpage -->
        <test-method is-config="true" signature="afterEachMethod(java.lang.reflect.Method)[pri:0, instance:com.tetherfi.test.reports.AgentInteractionReportTest@1faf386c]" started-at="2020-05-13T20:46:43 IST" name="afterEachMethod" finished-at="2020-05-13T20:46:44 IST" duration-ms="387" status="PASS">
          <params>
            <param index="0">
              <value>
                <![CDATA[public void com.tetherfi.test.reports.AgentInteractionReportTest.SchedulereportinAgentintactnpage() throws java.lang.Exception]]>
              </value>
            </param>
          </params>
          <reporter-output>
          </reporter-output>
        </test-method> <!-- afterEachMethod -->
        <test-method is-config="true" signature="endTestCase(java.lang.reflect.Method)[pri:0, instance:com.tetherfi.test.reports.AgentInteractionReportTest@1faf386c]" started-at="2020-05-13T20:46:44 IST" name="endTestCase" finished-at="2020-05-13T20:46:44 IST" duration-ms="0" status="PASS">
          <params>
            <param index="0">
              <value>
                <![CDATA[public void com.tetherfi.test.reports.AgentInteractionReportTest.SchedulereportinAgentintactnpage() throws java.lang.Exception]]>
              </value>
            </param>
          </params>
          <reporter-output>
          </reporter-output>
        </test-method> <!-- endTestCase -->
        <test-method is-config="true" signature="startTestCase(java.lang.reflect.Method)[pri:0, instance:com.tetherfi.test.reports.AgentInteractionReportTest@1faf386c]" started-at="2020-05-13T20:46:44 IST" name="startTestCase" finished-at="2020-05-13T20:46:44 IST" duration-ms="0" status="PASS">
          <params>
            <param index="0">
              <value>
                <![CDATA[public void com.tetherfi.test.reports.AgentInteractionReportTest.ExportToExcelForAgentinteractionReport() throws java.lang.Exception]]>
              </value>
            </param>
          </params>
          <reporter-output>
          </reporter-output>
        </test-method> <!-- startTestCase -->
[...]
at org.testng.SuiteRunner.run(SuiteRunner.java:304)
at org.testng.SuiteRunnerWorker.runSuite(SuiteRunnerWorker.java:53)
at org.testng.SuiteRunnerWorker.run(SuiteRunnerWorker.java:96)
at org.testng.TestNG.runSuitesSequentially(TestNG.java:1180)
at org.testng.TestNG.runSuitesLocally(TestNG.java:1102)
at org.testng.TestNG.runSuites(TestNG.java:1032)
at org.testng.TestNG.run(TestNG.java:1000)
at org.testng.remote.AbstractRemoteTestNG.run(AbstractRemoteTestNG.java:115)
at org.testng.remote.RemoteTestNG.initAndRun(RemoteTestNG.java:251)
at org.testng.remote.RemoteTestNG.main(RemoteTestNG.java:77)
]]>
            </full-stacktrace>
          </exception> <!-- org.openqa.selenium.ElementClickInterceptedException -->
          <reporter-output>
          </reporter-output>
        </test-method> <!-- verifyAdvancedSearchinreportpage -->
        <test-method is-config="true" signature="afterEachMethod(java.lang.reflect.Method)[pri:0, instance:com.tetherfi.test.reports.AgentInteractionReportTest@1faf386c]" started-at="2020-05-13T20:58:21 IST" name="afterEachMethod" finished-at="1970-01-01T05:30:00 IST" duration-ms="-1589383701354" status="SKIP">
          <reporter-output>
          </reporter-output>
        </test-method> <!-- afterEachMethod -->
        <test-method is-config="true" signature="endTestCase(java.lang.reflect.Method)[pri:0, instance:com.tetherfi.test.reports.AgentInteractionReportTest@1faf386c]" started-at="2020-05-13T20:58:21 IST" name="endTestCase" finished-at="1970-01-01T05:30:00 IST" duration-ms="-1589383701357" status="SKIP">
          <reporter-output>
          </reporter-output>
        </test-method> <!-- endTestCase -->
        <test-method is-config="true" signature="startTestCase(java.lang.reflect.Method)[pri:0, instance:com.tetherfi.test.reports.AgentInteractionReportTest@1faf386c]" started-at="2020-05-13T20:58:21 IST" name="startTestCase" finished-at="1970-01-01T05:30:00 IST" duration-ms="-1589383701360" status="SKIP">
          <reporter-output>
          </reporter-output>
        </test-method> <!-- startTestCase -->
        <test-method is-config="true" signature="NavigateToOcmReportsPage()[pri:0, instance:com.tetherfi.test.reports.AgentInteractionReportTest@1faf386c]" started-at="2020-05-13T20:58:21 IST" name="NavigateToOcmReportsPage" finished-at="1970-01-01T05:30:00 IST" duration-ms="-1589383701361" status="SKIP">
          <reporter-output>
          </reporter-output>
        </test-method> <!-- NavigateToOcmReportsPage -->
        <test-method signature="ClearfiltersAdvSrch()[pri:36, instance:com.tetherfi.test.reports.AgentInteractionReportTest@1faf386c]" started-at="2020-05-13T20:58:21 IST" name="ClearfiltersAdvSrch" finished-at="2020-05-13T20:58:21 IST" duration-ms="0" status="SKIP">
          <exception class="org.openqa.selenium.ElementClickInterceptedException">
            <message>
              <![CDATA[element click intercepted: Element <span class="white-color" style="font-size:xx-large;font-weight:bold;cursor: pointer;padding-left:10px">...</span> is not clickable at point (54, 31). Other element would receive the click: <div class="modal inmodal show" id="searchModel" tabindex="-1" role="dialog" aria-modal="true" style="display: block;">...</div>
  (Session info: chrome=80.0.3987.116)
Build info: version: '3.141.59', revision: 'e82be7d358', time: '2018-11-14T08:17:03'
System info: host: 'DESKTOP-O6A5C2O', ip: '10.0.75.1', os.name: 'Windows 10', os.arch: 'amd64', os.version: '10.0', java.version: '9.0.4'
Driver info: org.openqa.selenium.chrome.ChromeDriver
Capabilities {acceptInsecureCerts: false, browserName: chrome, browserVersion: 80.0.3987.116, chrome: {chromedriverVersion: 80.0.3987.106 (f68069574609..., userDataDir: C:\Users\admin\AppData\Loca...}, goog:chromeOptions: {debuggerAddress: localhost:62038}, javascriptEnabled: true, networkConnectionEnabled: false, pageLoadStrategy: normal, platform: WINDOWS, platformName: WINDOWS, proxy: Proxy(), setWindowRect: true, strictFileInteractability: false, timeouts: {implicit: 0, pageLoad: 300000, script: 30000}, unhandledPromptBehavior: dismiss and notify}
Session ID: b05b1401152030759418c8e570f8c53d]]>
            </message>
            <full-stacktrace>
              <![CDATA[org.openqa.selenium.ElementClickInterceptedException: element click intercepted: Element <span class="white-color" style="font-size:xx-large;font-weight:bold;cursor: pointer;padding-left:10px">...</span> is not clickable at point (54, 31). Other element would receive the click: <div class="modal inmodal show" id="searchModel" tabindex="-1" role="dialog" aria-modal="true" style="display: block;">...</div>
  (Session info: chrome=80.0.3987.116)
Build info: version: '3.141.59', revision: 'e82be7d358', time: '2018-11-14T08:17:03'
System info: host: 'DESKTOP-O6A5C2O', ip: '10.0.75.1', os.name: 'Windows 10', os.arch: 'amd64', os.version: '10.0', java.version: '9.0.4'
Driver info: org.openqa.selenium.chrome.ChromeDriver
Capabilities {acceptInsecureCerts: false, browserName: chrome, browserVersion: 80.0.3987.116, chrome: {chromedriverVersion: 80.0.3987.106 (f68069574609..., userDataDir: C:\Users\admin\AppData\Loca...}, goog:chromeOptions: {debuggerAddress: localhost:62038}, javascriptEnabled: true, networkConnectionEnabled: false, pageLoadStrategy: normal, platform: WINDOWS, platformName: WINDOWS, proxy: Proxy(), setWindowRect: true, strictFileInteractability: false, timeouts: {implicit: 0, pageLoad: 300000, script: 30000}, unhandledPromptBehavior: dismiss and notify}
Session ID: b05b1401152030759418c8e570f8c53d
at java.base/jdk.internal.reflect.NativeConstructorAccessorImpl.newInstance0(Native Method)
at java.base/jdk.internal.reflect.NativeConstructorAccessorImpl.newInstance(Unknown Source)
at java.base/jdk.internal.reflect.DelegatingConstructorAccessorImpl.newInstance(Unknown Source)
at java.base/java.lang.reflect.Constructor.newInstance(Unknown Source)
at org.openqa.selenium.remote.http.W3CHttpResponseCodec.createException(W3CHttpResponseCodec.java:187)
at org.openqa.selenium.remote.http.W3CHttpResponseCodec.decode(W3CHttpResponseCodec.java:122)
at org.openqa.selenium.remote.http.W3CHttpResponseCodec.decode(W3CHttpResponseCodec.java:49)
at org.openqa.selenium.remote.HttpCommandExecutor.execute(HttpCommandExecutor.java:158)
at org.openqa.selenium.remote.service.DriverCommandExecutor.execute(DriverCommandExecutor.java:83)
at org.openqa.selenium.remote.RemoteWebDriver.execute(RemoteWebDriver.java:552)
at org.openqa.selenium.remote.RemoteWebElement.execute(RemoteWebElement.java:285)
at org.openqa.selenium.remote.RemoteWebElement.click(RemoteWebElement.java:84)
at jdk.internal.reflect.GeneratedMethodAccessor4.invoke(Unknown Source)
at java.base/jdk.internal.reflect.DelegatingMethodAccessorImpl.invoke(Unknown Source)
at java.base/java.lang.reflect.Method.invoke(Unknown Source)
at org.openqa.selenium.support.pagefactory.internal.LocatingElementHandler.invoke(LocatingElementHandler.java:51)
at com.sun.proxy.$Proxy16.click(Unknown Source)
at com.tetherfi.pages.BasePage.selectWebElement(BasePage.java:202)
at com.tetherfi.pages.HomePage.navigateToOcmIconImg(HomePage.java:68)
at com.tetherfi.test.reports.AgentInteractionReportTest.NavigateToOcmReportsPage(AgentInteractionReportTest.java:28)
at jdk.internal.reflect.GeneratedMethodAccessor10.invoke(Unknown Source)
at java.base/jdk.internal.reflect.DelegatingMethodAccessorImpl.invoke(Unknown Source)
at java.base/java.lang.reflect.Method.invoke(Unknown Source)
at org.testng.internal.MethodInvocationHelper.invokeMethod(MethodInvocationHelper.java:133)
at org.testng.internal.MethodInvocationHelper.invokeMethodConsideringTimeout(MethodInvocationHelper.java:62)
at org.testng.internal.ConfigInvoker.invokeConfigurationMethod(ConfigInvoker.java:340)
at org.testng.internal.ConfigInvoker.invokeConfigurations(ConfigInvoker.java:294)
at org.testng.internal.TestInvoker.runConfigMethods(TestInvoker.java:683)
at org.testng.internal.TestInvoker.invokeMethod(TestInvoker.java:510)
at org.testng.internal.TestInvoker.invokeTestMethod(TestInvoker.java:172)
at org.testng.internal.MethodRunner.runInSequence(MethodRunner.java:46)
at org.testng.internal.TestInvoker$MethodInvocationAgent.invoke(TestInvoker.java:804)
at org.testng.internal.TestInvoker.invokeTestMethods(TestInvoker.java:145)
at org.testng.internal.TestMethodWorker.invokeTestMethods(TestMethodWorker.java:146)
at org.testng.internal.TestMethodWorker.run(TestMethodWorker.java:128)
at java.base/java.util.ArrayList.forEach(Unknown Source)
at org.testng.TestRunner.privateRun(TestRunner.java:770)
at org.testng.TestRunner.run(TestRunner.java:591)
at org.testng.SuiteRunner.runTest(SuiteRunner.java:402)
at org.testng.SuiteRunner.runSequentially(SuiteRunner.java:396)
at org.testng.SuiteRunner.privateRun(SuiteRunner.java:355)
at org.testng.SuiteRunner.run(SuiteRunner.java:304)
at org.testng.SuiteRunnerWorker.runSuite(SuiteRunnerWorker.java:53)
at org.testng.SuiteRunnerWorker.run(SuiteRunnerWorker.java:96)
at org.testng.TestNG.runSuitesSequentially(TestNG.java:1180)
at org.testng.TestNG.runSuitesLocally(TestNG.java:1102)
at org.testng.TestNG.runSuites(TestNG.java:1032)
at org.testng.TestNG.run(TestNG.java:1000)
at org.testng.remote.AbstractRemoteTestNG.run(AbstractRemoteTestNG.java:115)
at org.testng.remote.RemoteTestNG.initAndRun(RemoteTestNG.java:251)
at org.testng.remote.RemoteTestNG.main(RemoteTestNG.java:77)
]]>
            </full-stacktrace>
          </exception> <!-- org.openqa.selenium.ElementClickInterceptedException -->
          <reporter-output>
          </reporter-output>
        </test-method> <!-- ClearfiltersAdvSrch -->
        <test-method is-config="true" signature="afterEachMethod(java.lang.reflect.Method)[pri:0, instance:com.tetherfi.test.reports.AgentInteractionReportTest@1faf386c]" started-at="2020-05-13T20:58:21 IST" name="afterEachMethod" finished-at="1970-01-01T05:30:00 IST" duration-ms="-1589383701373" status="SKIP">
          <reporter-output>
          </reporter-output>
        </test-method> <!-- afterEachMethod -->
        <test-method is-config="true" signature="endTestCase(java.lang.reflect.Method)[pri:0, instance:com.tetherfi.test.reports.AgentInteractionReportTest@1faf386c]" started-at="2020-05-13T20:58:21 IST" name="endTestCase" finished-at="1970-01-01T05:30:00 IST" duration-ms="-1589383701375" status="SKIP">
          <reporter-output>
          </reporter-output>
        </test-method> <!-- endTestCase -->
        <test-method is-config="true" signature="startTestCase(java.lang.reflect.Method)[pri:0, instance:com.tetherfi.test.reports.AgentInteractionReportTest@1faf386c]" started-at="2020-05-13T20:58:21 IST" name="startTestCase" finished-at="1970-01-01T05:30:00 IST" duration-ms="-1589383701378" status="SKIP">
          <reporter-output>
          </reporter-output>
        </test-method> <!-- startTestCase -->
        <test-method is-config="true" signature="NavigateToOcmReportsPage()[pri:0, instance:com.tetherfi.test.reports.AgentInteractionReportTest@1faf386c]" started-at="2020-05-13T20:58:21 IST" name="NavigateToOcmReportsPage" finished-at="1970-01-01T05:30:00 IST" duration-ms="-1589383701379" status="SKIP">
          <reporter-output>
          </reporter-output>
        </test-method> <!-- NavigateToOcmReportsPage -->
        <test-method signature="GroupBy()[pri:37, instance:com.tetherfi.test.reports.AgentInteractionReportTest@1faf386c]" started-at="2020-05-13T20:58:21 IST" name="GroupBy" finished-at="2020-05-13T20:58:21 IST" duration-ms="0" status="SKIP">
          <exception class="org.openqa.selenium.ElementClickInterceptedException">
            <message>
              <![CDATA[element click intercepted: Element <span class="white-color" style="font-size:xx-large;font-weight:bold;cursor: pointer;padding-left:10px">...</span> is not clickable at point (54, 31). Other element would receive the click: <div class="modal inmodal show" id="searchModel" tabindex="-1" role="dialog" aria-modal="true" style="display: block;">...</div>
  (Session info: chrome=80.0.3987.116)
Build info: version: '3.141.59', revision: 'e82be7d358', time: '2018-11-14T08:17:03'
System info: host: 'DESKTOP-O6A5C2O', ip: '10.0.75.1', os.name: 'Windows 10', os.arch: 'amd64', os.version: '10.0', java.version: '9.0.4'
Driver info: org.openqa.selenium.chrome.ChromeDriver
Capabilities {acceptInsecureCerts: false, browserName: chrome, browserVersion: 80.0.3987.116, chrome: {chromedriverVersion: 80.0.3987.106 (f68069574609..., userDataDir: C:\Users\admin\AppData\Loca...}, goog:chromeOptions: {debuggerAddress: localhost:62038}, javascriptEnabled: true, networkConnectionEnabled: false, pageLoadStrategy: normal, platform: WINDOWS, platformName: WINDOWS, proxy: Proxy(), setWindowRect: true, strictFileInteractability: false, timeouts: {implicit: 0, pageLoad: 300000, script: 30000}, unhandledPromptBehavior: dismiss and notify}
Session ID: b05b1401152030759418c8e570f8c53d]]>
            </message>
            <full-stacktrace>
              <![CDATA[org.openqa.selenium.ElementClickInterceptedException: element click intercepted: Element <span class="white-color" style="font-size:xx-large;font-weight:bold;cursor: pointer;padding-left:10px">...</span> is not clickable at point (54, 31). Other element would receive the click: <div class="modal inmodal show" id="searchModel" tabindex="-1" role="dialog" aria-modal="true" style="display: block;">...</div>
  (Session info: chrome=80.0.3987.116)
Build info: version: '3.141.59', revision: 'e82be7d358', time: '2018-11-14T08:17:03'
System info: host: 'DESKTOP-O6A5C2O', ip: '10.0.75.1', os.name: 'Windows 10', os.arch: 'amd64', os.version: '10.0', java.version: '9.0.4'
Driver info: org.openqa.selenium.chrome.ChromeDriver
Capabilities {acceptInsecureCerts: false, browserName: chrome, browserVersion: 80.0.3987.116, chrome: {chromedriverVersion: 80.0.3987.106 (f68069574609..., userDataDir: C:\Users\admin\AppData\Loca...}, goog:chromeOptions: {debuggerAddress: localhost:62038}, javascriptEnabled: true, networkConnectionEnabled: false, pageLoadStrategy: normal, platform: WINDOWS, platformName: WINDOWS, proxy: Proxy(), setWindowRect: true, strictFileInteractability: false, timeouts: {implicit: 0, pageLoad: 300000, script: 30000}, unhandledPromptBehavior: dismiss and notify}
Session ID: b05b1401152030759418c8e570f8c53d
at java.base/jdk.internal.reflect.NativeConstructorAccessorImpl.newInstance0(Native Method)
at java.base/jdk.internal.reflect.NativeConstructorAccessorImpl.newInstance(Unknown Source)
at java.base/jdk.internal.reflect.DelegatingConstructorAccessorImpl.newInstance(Unknown Source)
at java.base/java.lang.reflect.Constructor.newInstance(Unknown Source)
at org.openqa.selenium.remote.http.W3CHttpResponseCodec.createException(W3CHttpResponseCodec.java:187)
at org.openqa.selenium.remote.http.W3CHttpResponseCodec.decode(W3CHttpResponseCodec.java:122)
at org.openqa.selenium.remote.http.W3CHttpResponseCodec.decode(W3CHttpResponseCodec.java:49)
at org.openqa.selenium.remote.HttpCommandExecutor.execute(HttpCommandExecutor.java:158)
at org.openqa.selenium.remote.service.DriverCommandExecutor.execute(DriverCommandExecutor.java:83)
at org.openqa.selenium.remote.RemoteWebDriver.execute(RemoteWebDriver.java:552)
at org.openqa.selenium.remote.RemoteWebElement.execute(RemoteWebElement.java:285)
at org.openqa.selenium.remote.RemoteWebElement.click(RemoteWebElement.java:84)
at jdk.internal.reflect.GeneratedMethodAccessor4.invoke(Unknown Source)
at java.base/jdk.internal.reflect.DelegatingMethodAccessorImpl.invoke(Unknown Source)
at java.base/java.lang.reflect.Method.invoke(Unknown Source)
at org.openqa.selenium.support.pagefactory.internal.LocatingElementHandler.invoke(LocatingElementHandler.java:51)
at com.sun.proxy.$Proxy16.click(Unknown Source)
at com.tetherfi.pages.BasePage.selectWebElement(BasePage.java:202)
at com.tetherfi.pages.HomePage.navigateToOcmIconImg(HomePage.java:68)
at com.tetherfi.test.reports.AgentInteractionReportTest.NavigateToOcmReportsPage(AgentInteractionReportTest.java:28)
at jdk.internal.reflect.GeneratedMethodAccessor10.invoke(Unknown Source)
at java.base/jdk.internal.reflect.DelegatingMethodAccessorImpl.invoke(Unknown Source)
at java.base/java.lang.reflect.Method.invoke(Unknown Source)
at org.testng.internal.MethodInvocationHelper.invokeMethod(MethodInvocationHelper.java:133)
at org.testng.internal.MethodInvocationHelper.invokeMethodConsideringTimeout(MethodInvocationHelper.java:62)
at org.testng.internal.ConfigInvoker.invokeConfigurationMethod(ConfigInvoker.java:340)
at org.testng.internal.ConfigInvoker.invokeConfigurations(ConfigInvoker.java:294)
at org.testng.internal.TestInvoker.runConfigMethods(TestInvoker.java:683)
at org.testng.internal.TestInvoker.invokeMethod(TestInvoker.java:510)
at org.testng.internal.TestInvoker.invokeTestMethod(TestInvoker.java:172)
at org.testng.internal.MethodRunner.runInSequence(MethodRunner.java:46)
at org.testng.internal.TestInvoker$MethodInvocationAgent.invoke(TestInvoker.java:804)
at org.testng.internal.TestInvoker.invokeTestMethods(TestInvoker.java:145)
at org.testng.internal.TestMethodWorker.invokeTestMethods(TestMethodWorker.java:146)
at org.testng.internal.TestMethodWorker.run(TestMethodWorker.java:128)
at java.base/java.util.ArrayList.forEach(Unknown Source)
at org.testng.TestRunner.privateRun(TestRunner.java:770)
at org.testng.TestRunner.run(TestRunner.java:591)
at org.testng.SuiteRunner.runTest(SuiteRunner.java:402)
at org.testng.SuiteRunner.runSequentially(SuiteRunner.java:396)
at org.testng.SuiteRunner.privateRun(SuiteRunner.java:355)
at org.testng.SuiteRunner.run(SuiteRunner.java:304)
at org.testng.SuiteRunnerWorker.runSuite(SuiteRunnerWorker.java:53)
at org.testng.SuiteRunnerWorker.run(SuiteRunnerWorker.java:96)
at org.testng.TestNG.runSuitesSequentially(TestNG.java:1180)
at org.testng.TestNG.runSuitesLocally(TestNG.java:1102)
at org.testng.TestNG.runSuites(TestNG.java:1032)
at org.testng.TestNG.run(TestNG.java:1000)
at org.testng.remote.AbstractRemoteTestNG.run(AbstractRemoteTestNG.java:115)
at org.testng.remote.RemoteTestNG.initAndRun(RemoteTestNG.java:251)
at org.testng.remote.RemoteTestNG.main(RemoteTestNG.java:77)
]]>
            </full-stacktrace>
          </exception> <!-- org.openqa.selenium.ElementClickInterceptedException -->
          <reporter-output>
          </reporter-output>
        </test-method> <!-- GroupBy -->
        <test-method is-config="true" signature="afterEachMethod(java.lang.reflect.Method)[pri:0, instance:com.tetherfi.test.reports.AgentInteractionReportTest@1faf386c]" started-at="2020-05-13T20:58:21 IST" name="afterEachMethod" finished-at="1970-01-01T05:30:00 IST" duration-ms="-1589383701386" status="SKIP">
          <reporter-output>
          </reporter-output>
        </test-method> <!-- afterEachMethod -->
        <test-method is-config="true" signature="endTestCase(java.lang.reflect.Method)[pri:0, instance:com.tetherfi.test.reports.AgentInteractionReportTest@1faf386c]" started-at="2020-05-13T20:58:21 IST" name="endTestCase" finished-at="1970-01-01T05:30:00 IST" duration-ms="-1589383701387" status="SKIP">
          <reporter-output>
          </reporter-output>
        </test-method> <!-- endTestCase -->
        <test-method is-config="true" signature="tearDown()[pri:0, instance:com.tetherfi.test.reports.AgentInteractionReportTest@1faf386c]" started-at="2020-05-13T20:58:21 IST" name="tearDown" finished-at="1970-01-01T05:30:00 IST" duration-ms="-1589383701389" status="SKIP">
          <reporter-output>
          </reporter-output>
        </test-method> <!-- tearDown -->
      </class> <!-- com.tetherfi.test.reports.AgentInteractionReportTest -->
    </test> <!-- Default test -->
  </suite> <!-- Default suite -->
</testng-results>
