<?xml version="1.0" encoding="UTF-8"?>
<testng-results ignored="0" total="6" passed="3" failed="3" skipped="0">
  <reporter-output>
  </reporter-output>
  <suite started-at="2019-10-30T18:28:00 IST" name="Default suite" finished-at="2019-10-30T18:33:23 IST" duration-ms="322949">
    <groups>
      <group name="OCM">
        <method signature="ChatTemplatesTest.DeleteChatTemplatesRecord()[pri:94, instance:com.tetherfi.test.chat.ChatTemplatesTest@65a9ea3c]" name="DeleteChatTemplatesRecord" class="com.tetherfi.test.chat.ChatTemplatesTest"/>
        <method signature="ChatTemplatesTest.DeleteGroupWithoutDeleteReasonRecord()[pri:96, instance:com.tetherfi.test.chat.ChatTemplatesTest@65a9ea3c]" name="DeleteGroupWithoutDeleteReasonRecord" class="com.tetherfi.test.chat.ChatTemplatesTest"/>
        <method signature="ChatTemplatesTest.DeleteWithoutDeleteReasonRecord()[pri:92, instance:com.tetherfi.test.chat.ChatTemplatesTest@65a9ea3c]" name="DeleteWithoutDeleteReasonRecord" class="com.tetherfi.test.chat.ChatTemplatesTest"/>
        <method signature="ChatTemplatesTest.VerifyAuditTrialReportForDelete()[pri:95, instance:com.tetherfi.test.chat.ChatTemplatesTest@65a9ea3c]" name="VerifyAuditTrialReportForDelete" class="com.tetherfi.test.chat.ChatTemplatesTest"/>
        <method signature="ChatTemplatesTest.VerifyCancelBtnAtDeleteChatTemplateRecord()[pri:93, instance:com.tetherfi.test.chat.ChatTemplatesTest@65a9ea3c]" name="VerifyCancelBtnAtDeleteChatTemplateRecord" class="com.tetherfi.test.chat.ChatTemplatesTest"/>
        <method signature="ChatTemplatesTest.VerifyCancelBtnAtDeleteGroupRecord()[pri:97, instance:com.tetherfi.test.chat.ChatTemplatesTest@65a9ea3c]" name="VerifyCancelBtnAtDeleteGroupRecord" class="com.tetherfi.test.chat.ChatTemplatesTest"/>
      </group> <!-- OCM -->
    </groups>
    <test started-at="2019-10-30T18:28:00 IST" name="Default test" finished-at="2019-10-30T18:33:23 IST" duration-ms="322949">
      <class name="com.tetherfi.test.chat.ChatTemplatesTest">
        <test-method is-config="true" signature="NavigateToChatTemplatesPage(java.lang.reflect.Method)[pri:0, instance:com.tetherfi.test.chat.ChatTemplatesTest@65a9ea3c]" started-at="2019-10-30T18:28:01 IST" name="NavigateToChatTemplatesPage" finished-at="2019-10-30T18:28:27 IST" duration-ms="26395" status="PASS">
          <params>
            <param index="0">
              <value>
                <![CDATA[public void com.tetherfi.test.chat.ChatTemplatesTest.DeleteWithoutDeleteReasonRecord() throws java.lang.Exception]]>
              </value>
            </param>
          </params>
          <reporter-output>
          </reporter-output>
        </test-method> <!-- NavigateToChatTemplatesPage -->
        <test-method signature="DeleteWithoutDeleteReasonRecord()[pri:92, instance:com.tetherfi.test.chat.ChatTemplatesTest@65a9ea3c]" started-at="2019-10-30T18:28:27 IST" name="DeleteWithoutDeleteReasonRecord" finished-at="2019-10-30T18:28:31 IST" duration-ms="4021" status="PASS">
          <reporter-output>
          </reporter-output>
        </test-method> <!-- DeleteWithoutDeleteReasonRecord -->
        <test-method is-config="true" signature="close(java.lang.reflect.Method)[pri:0, instance:com.tetherfi.test.chat.ChatTemplatesTest@65a9ea3c]" started-at="2019-10-30T18:28:31 IST" name="close" finished-at="2019-10-30T18:28:31 IST" duration-ms="386" status="PASS">
          <params>
            <param index="0">
              <value>
                <![CDATA[public void com.tetherfi.test.chat.ChatTemplatesTest.DeleteWithoutDeleteReasonRecord() throws java.lang.Exception]]>
              </value>
            </param>
          </params>
          <reporter-output>
          </reporter-output>
        </test-method> <!-- close -->
        <test-method is-config="true" signature="NavigateToChatTemplatesPage(java.lang.reflect.Method)[pri:0, instance:com.tetherfi.test.chat.ChatTemplatesTest@65a9ea3c]" started-at="2019-10-30T18:28:31 IST" name="NavigateToChatTemplatesPage" finished-at="2019-10-30T18:28:53 IST" duration-ms="21706" status="PASS">
          <params>
            <param index="0">
              <value>
                <![CDATA[public void com.tetherfi.test.chat.ChatTemplatesTest.VerifyCancelBtnAtDeleteChatTemplateRecord() throws java.lang.Exception]]>
              </value>
            </param>
          </params>
          <reporter-output>
          </reporter-output>
        </test-method> <!-- NavigateToChatTemplatesPage -->
        <test-method signature="VerifyCancelBtnAtDeleteChatTemplateRecord()[pri:93, instance:com.tetherfi.test.chat.ChatTemplatesTest@65a9ea3c]" started-at="2019-10-30T18:28:53 IST" name="VerifyCancelBtnAtDeleteChatTemplateRecord" finished-at="2019-10-30T18:29:21 IST" duration-ms="27701" status="PASS">
          <reporter-output>
          </reporter-output>
        </test-method> <!-- VerifyCancelBtnAtDeleteChatTemplateRecord -->
        <test-method is-config="true" signature="close(java.lang.reflect.Method)[pri:0, instance:com.tetherfi.test.chat.ChatTemplatesTest@65a9ea3c]" started-at="2019-10-30T18:29:21 IST" name="close" finished-at="2019-10-30T18:29:22 IST" duration-ms="1190" status="PASS">
          <params>
            <param index="0">
              <value>
                <![CDATA[public void com.tetherfi.test.chat.ChatTemplatesTest.VerifyCancelBtnAtDeleteChatTemplateRecord() throws java.lang.Exception]]>
              </value>
            </param>
          </params>
          <reporter-output>
          </reporter-output>
        </test-method> <!-- close -->
        <test-method is-config="true" signature="NavigateToChatTemplatesPage(java.lang.reflect.Method)[pri:0, instance:com.tetherfi.test.chat.ChatTemplatesTest@65a9ea3c]" started-at="2019-10-30T18:29:22 IST" name="NavigateToChatTemplatesPage" finished-at="2019-10-30T18:29:43 IST" duration-ms="20958" status="PASS">
          <params>
            <param index="0">
              <value>
                <![CDATA[public void com.tetherfi.test.chat.ChatTemplatesTest.DeleteChatTemplatesRecord() throws java.lang.Exception]]>
              </value>
            </param>
          </params>
          <reporter-output>
          </reporter-output>
        </test-method> <!-- NavigateToChatTemplatesPage -->
        <test-method signature="DeleteChatTemplatesRecord()[pri:94, instance:com.tetherfi.test.chat.ChatTemplatesTest@65a9ea3c]" started-at="2019-10-30T18:29:43 IST" name="DeleteChatTemplatesRecord" finished-at="2019-10-30T18:29:51 IST" duration-ms="7758" status="PASS">
          <reporter-output>
          </reporter-output>
        </test-method> <!-- DeleteChatTemplatesRecord -->
        <test-method is-config="true" signature="close(java.lang.reflect.Method)[pri:0, instance:com.tetherfi.test.chat.ChatTemplatesTest@65a9ea3c]" started-at="2019-10-30T18:29:51 IST" name="close" finished-at="2019-10-30T18:29:56 IST" duration-ms="5129" status="PASS">
          <params>
            <param index="0">
              <value>
                <![CDATA[public void com.tetherfi.test.chat.ChatTemplatesTest.DeleteChatTemplatesRecord() throws java.lang.Exception]]>
              </value>
            </param>
          </params>
          <reporter-output>
          </reporter-output>
        </test-method> <!-- close -->
        <test-method is-config="true" signature="NavigateToChatTemplatesPage(java.lang.reflect.Method)[pri:0, instance:com.tetherfi.test.chat.ChatTemplatesTest@65a9ea3c]" started-at="2019-10-30T18:29:56 IST" name="NavigateToChatTemplatesPage" finished-at="2019-10-30T18:30:17 IST" duration-ms="21169" status="PASS">
          <params>
            <param index="0">
              <value>
                <![CDATA[public void com.tetherfi.test.chat.ChatTemplatesTest.VerifyAuditTrialReportForDelete() throws java.lang.Exception]]>
              </value>
            </param>
          </params>
          <reporter-output>
          </reporter-output>
        </test-method> <!-- NavigateToChatTemplatesPage -->
        <test-method signature="VerifyAuditTrialReportForDelete()[pri:95, instance:com.tetherfi.test.chat.ChatTemplatesTest@65a9ea3c]" started-at="2019-10-30T18:30:17 IST" name="VerifyAuditTrialReportForDelete" finished-at="2019-10-30T18:30:38 IST" duration-ms="21407" status="FAIL">
          <exception class="java.lang.AssertionError">
            <message>
              <![CDATA[did not expect to find [true] but found [false]]]>
            </message>
            <full-stacktrace>
              <![CDATA[java.lang.AssertionError: did not expect to find [true] but found [false]
at org.testng.Assert.fail(Assert.java:97)
at org.testng.Assert.failNotEquals(Assert.java:969)
at org.testng.Assert.assertTrue(Assert.java:43)
at org.testng.Assert.assertTrue(Assert.java:53)
at com.tetherfi.test.chat.ChatTemplatesTest.VerifyAuditTrialReportForDelete(ChatTemplatesTest.java:1004)
at java.base/jdk.internal.reflect.NativeMethodAccessorImpl.invoke0(Native Method)
at java.base/jdk.internal.reflect.NativeMethodAccessorImpl.invoke(Unknown Source)
at java.base/jdk.internal.reflect.DelegatingMethodAccessorImpl.invoke(Unknown Source)
at java.base/java.lang.reflect.Method.invoke(Unknown Source)
at org.testng.internal.MethodInvocationHelper.invokeMethod(MethodInvocationHelper.java:133)
at org.testng.internal.TestInvoker.invokeMethod(TestInvoker.java:584)
at org.testng.internal.TestInvoker.invokeTestMethod(TestInvoker.java:172)
at org.testng.internal.MethodRunner.runInSequence(MethodRunner.java:46)
at org.testng.internal.TestInvoker$MethodInvocationAgent.invoke(TestInvoker.java:804)
at org.testng.internal.TestInvoker.invokeTestMethods(TestInvoker.java:145)
at org.testng.internal.TestMethodWorker.invokeTestMethods(TestMethodWorker.java:146)
at org.testng.internal.TestMethodWorker.run(TestMethodWorker.java:128)
at java.base/java.util.ArrayList.forEach(Unknown Source)
at org.testng.TestRunner.privateRun(TestRunner.java:770)
at org.testng.TestRunner.run(TestRunner.java:591)
at org.testng.SuiteRunner.runTest(SuiteRunner.java:402)
at org.testng.SuiteRunner.runSequentially(SuiteRunner.java:396)
at org.testng.SuiteRunner.privateRun(SuiteRunner.java:355)
at org.testng.SuiteRunner.run(SuiteRunner.java:304)
at org.testng.SuiteRunnerWorker.runSuite(SuiteRunnerWorker.java:53)
at org.testng.SuiteRunnerWorker.run(SuiteRunnerWorker.java:96)
at org.testng.TestNG.runSuitesSequentially(TestNG.java:1180)
at org.testng.TestNG.runSuitesLocally(TestNG.java:1102)
at org.testng.TestNG.runSuites(TestNG.java:1032)
at org.testng.TestNG.run(TestNG.java:1000)
at org.testng.remote.AbstractRemoteTestNG.run(AbstractRemoteTestNG.java:115)
at org.testng.remote.RemoteTestNG.initAndRun(RemoteTestNG.java:251)
at org.testng.remote.RemoteTestNG.main(RemoteTestNG.java:77)
]]>
            </full-stacktrace>
          </exception> <!-- java.lang.AssertionError -->
          <reporter-output>
          </reporter-output>
        </test-method> <!-- VerifyAuditTrialReportForDelete -->
        <test-method is-config="true" signature="close(java.lang.reflect.Method)[pri:0, instance:com.tetherfi.test.chat.ChatTemplatesTest@65a9ea3c]" started-at="2019-10-30T18:30:38 IST" name="close" finished-at="2019-10-30T18:30:39 IST" duration-ms="1130" status="PASS">
          <params>
            <param index="0">
              <value>
                <![CDATA[public void com.tetherfi.test.chat.ChatTemplatesTest.VerifyAuditTrialReportForDelete() throws java.lang.Exception]]>
              </value>
            </param>
          </params>
          <reporter-output>
          </reporter-output>
        </test-method> <!-- close -->
        <test-method is-config="true" signature="NavigateToChatTemplatesPage(java.lang.reflect.Method)[pri:0, instance:com.tetherfi.test.chat.ChatTemplatesTest@65a9ea3c]" started-at="2019-10-30T18:30:39 IST" name="NavigateToChatTemplatesPage" finished-at="2019-10-30T18:31:01 IST" duration-ms="21390" status="PASS">
          <params>
            <param index="0">
              <value>
                <![CDATA[public void com.tetherfi.test.chat.ChatTemplatesTest.DeleteGroupWithoutDeleteReasonRecord() throws java.lang.Exception]]>
              </value>
            </param>
          </params>
          <reporter-output>
          </reporter-output>
        </test-method> <!-- NavigateToChatTemplatesPage -->
        <test-method signature="DeleteGroupWithoutDeleteReasonRecord()[pri:96, instance:com.tetherfi.test.chat.ChatTemplatesTest@65a9ea3c]" started-at="2019-10-30T18:31:01 IST" name="DeleteGroupWithoutDeleteReasonRecord" finished-at="2019-10-30T18:31:44 IST" duration-ms="43395" status="FAIL">
          <exception class="org.openqa.selenium.NoSuchElementException">
            <message>
              <![CDATA[no such element: Unable to locate element: {"method":"css selector","selector":".k-grid-CustomDelete"}
  (Session info: chrome=78.0.3904.70)
For documentation on this error, please visit: https://www.seleniumhq.org/exceptions/no_such_element.html
Build info: version: '3.141.59', revision: 'e82be7d358', time: '2018-11-14T08:17:03'
System info: host: 'DESKTOP-O6A5C2O', ip: '10.0.75.1', os.name: 'Windows 10', os.arch: 'amd64', os.version: '10.0', java.version: '9.0.4'
Driver info: org.openqa.selenium.chrome.ChromeDriver
Capabilities {acceptInsecureCerts: false, browserName: chrome, browserVersion: 78.0.3904.70, chrome: {chromedriverVersion: 78.0.3904.70 (edb9c9f3de024..., userDataDir: C:\Users\admin\AppData\Loca...}, goog:chromeOptions: {debuggerAddress: localhost:58224}, javascriptEnabled: true, networkConnectionEnabled: false, pageLoadStrategy: normal, platform: XP, platformName: XP, proxy: Proxy(), setWindowRect: true, strictFileInteractability: false, timeouts: {implicit: 0, pageLoad: 300000, script: 30000}, unhandledPromptBehavior: dismiss and notify}
Session ID: 28ae28346da399049e1df7ce32ffeeea
*** Element info: {Using=css selector, value=.k-grid-CustomDelete}]]>
            </message>
            <full-stacktrace>
              <![CDATA[org.openqa.selenium.NoSuchElementException: no such element: Unable to locate element: {"method":"css selector","selector":".k-grid-CustomDelete"}
  (Session info: chrome=78.0.3904.70)
For documentation on this error, please visit: https://www.seleniumhq.org/exceptions/no_such_element.html
Build info: version: '3.141.59', revision: 'e82be7d358', time: '2018-11-14T08:17:03'
System info: host: 'DESKTOP-O6A5C2O', ip: '10.0.75.1', os.name: 'Windows 10', os.arch: 'amd64', os.version: '10.0', java.version: '9.0.4'
Driver info: org.openqa.selenium.chrome.ChromeDriver
Capabilities {acceptInsecureCerts: false, browserName: chrome, browserVersion: 78.0.3904.70, chrome: {chromedriverVersion: 78.0.3904.70 (edb9c9f3de024..., userDataDir: C:\Users\admin\AppData\Loca...}, goog:chromeOptions: {debuggerAddress: localhost:58224}, javascriptEnabled: true, networkConnectionEnabled: false, pageLoadStrategy: normal, platform: XP, platformName: XP, proxy: Proxy(), setWindowRect: true, strictFileInteractability: false, timeouts: {implicit: 0, pageLoad: 300000, script: 30000}, unhandledPromptBehavior: dismiss and notify}
Session ID: 28ae28346da399049e1df7ce32ffeeea
*** Element info: {Using=css selector, value=.k-grid-CustomDelete}
at java.base/jdk.internal.reflect.NativeConstructorAccessorImpl.newInstance0(Native Method)
at java.base/jdk.internal.reflect.NativeConstructorAccessorImpl.newInstance(Unknown Source)
at java.base/jdk.internal.reflect.DelegatingConstructorAccessorImpl.newInstance(Unknown Source)
at java.base/java.lang.reflect.Constructor.newInstance(Unknown Source)
at org.openqa.selenium.remote.http.W3CHttpResponseCodec.createException(W3CHttpResponseCodec.java:187)
at org.openqa.selenium.remote.http.W3CHttpResponseCodec.decode(W3CHttpResponseCodec.java:122)
at org.openqa.selenium.remote.http.W3CHttpResponseCodec.decode(W3CHttpResponseCodec.java:49)
at org.openqa.selenium.remote.HttpCommandExecutor.execute(HttpCommandExecutor.java:158)
at org.openqa.selenium.remote.service.DriverCommandExecutor.execute(DriverCommandExecutor.java:83)
at org.openqa.selenium.remote.RemoteWebDriver.execute(RemoteWebDriver.java:552)
at org.openqa.selenium.remote.RemoteWebDriver.findElement(RemoteWebDriver.java:323)
at org.openqa.selenium.remote.RemoteWebDriver.findElementByCssSelector(RemoteWebDriver.java:420)
at org.openqa.selenium.By$ByCssSelector.findElement(By.java:431)
at org.openqa.selenium.remote.RemoteWebDriver.findElement(RemoteWebDriver.java:315)
at org.openqa.selenium.support.pagefactory.DefaultElementLocator.findElement(DefaultElementLocator.java:69)
at org.openqa.selenium.support.pagefactory.internal.LocatingElementHandler.invoke(LocatingElementHandler.java:38)
at com.sun.proxy.$Proxy14.click(Unknown Source)
at com.tetherfi.pages.BasePage.btnClick(BasePage.java:220)
at com.tetherfi.pages.ChatTemplatesPage.deleteGroupsWithoutDeleteReasonRecord(ChatTemplatesPage.java:1505)
at com.tetherfi.test.chat.ChatTemplatesTest.DeleteGroupWithoutDeleteReasonRecord(ChatTemplatesTest.java:1014)
at java.base/jdk.internal.reflect.NativeMethodAccessorImpl.invoke0(Native Method)
at java.base/jdk.internal.reflect.NativeMethodAccessorImpl.invoke(Unknown Source)
at java.base/jdk.internal.reflect.DelegatingMethodAccessorImpl.invoke(Unknown Source)
at java.base/java.lang.reflect.Method.invoke(Unknown Source)
at org.testng.internal.MethodInvocationHelper.invokeMethod(MethodInvocationHelper.java:133)
at org.testng.internal.TestInvoker.invokeMethod(TestInvoker.java:584)
at org.testng.internal.TestInvoker.invokeTestMethod(TestInvoker.java:172)
at org.testng.internal.MethodRunner.runInSequence(MethodRunner.java:46)
at org.testng.internal.TestInvoker$MethodInvocationAgent.invoke(TestInvoker.java:804)
at org.testng.internal.TestInvoker.invokeTestMethods(TestInvoker.java:145)
at org.testng.internal.TestMethodWorker.invokeTestMethods(TestMethodWorker.java:146)
at org.testng.internal.TestMethodWorker.run(TestMethodWorker.java:128)
at java.base/java.util.ArrayList.forEach(Unknown Source)
at org.testng.TestRunner.privateRun(TestRunner.java:770)
at org.testng.TestRunner.run(TestRunner.java:591)
at org.testng.SuiteRunner.runTest(SuiteRunner.java:402)
at org.testng.SuiteRunner.runSequentially(SuiteRunner.java:396)
at org.testng.SuiteRunner.privateRun(SuiteRunner.java:355)
at org.testng.SuiteRunner.run(SuiteRunner.java:304)
at org.testng.SuiteRunnerWorker.runSuite(SuiteRunnerWorker.java:53)
at org.testng.SuiteRunnerWorker.run(SuiteRunnerWorker.java:96)
at org.testng.TestNG.runSuitesSequentially(TestNG.java:1180)
at org.testng.TestNG.runSuitesLocally(TestNG.java:1102)
at org.testng.TestNG.runSuites(TestNG.java:1032)
at org.testng.TestNG.run(TestNG.java:1000)
at org.testng.remote.AbstractRemoteTestNG.run(AbstractRemoteTestNG.java:115)
at org.testng.remote.RemoteTestNG.initAndRun(RemoteTestNG.java:251)
at org.testng.remote.RemoteTestNG.main(RemoteTestNG.java:77)
]]>
            </full-stacktrace>
          </exception> <!-- org.openqa.selenium.NoSuchElementException -->
          <reporter-output>
          </reporter-output>
        </test-method> <!-- DeleteGroupWithoutDeleteReasonRecord -->
        <test-method is-config="true" signature="close(java.lang.reflect.Method)[pri:0, instance:com.tetherfi.test.chat.ChatTemplatesTest@65a9ea3c]" started-at="2019-10-30T18:31:44 IST" name="close" finished-at="2019-10-30T18:31:56 IST" duration-ms="11556" status="PASS">
          <params>
            <param index="0">
              <value>
                <![CDATA[public void com.tetherfi.test.chat.ChatTemplatesTest.DeleteGroupWithoutDeleteReasonRecord() throws java.lang.Exception]]>
              </value>
            </param>
          </params>
          <reporter-output>
          </reporter-output>
        </test-method> <!-- close -->
        <test-method is-config="true" signature="NavigateToChatTemplatesPage(java.lang.reflect.Method)[pri:0, instance:com.tetherfi.test.chat.ChatTemplatesTest@65a9ea3c]" started-at="2019-10-30T18:31:56 IST" name="NavigateToChatTemplatesPage" finished-at="2019-10-30T18:32:17 IST" duration-ms="21018" status="PASS">
          <params>
            <param index="0">
              <value>
                <![CDATA[public void com.tetherfi.test.chat.ChatTemplatesTest.VerifyCancelBtnAtDeleteGroupRecord() throws java.lang.Exception]]>
              </value>
            </param>
          </params>
          <reporter-output>
          </reporter-output>
        </test-method> <!-- NavigateToChatTemplatesPage -->
        <test-method signature="VerifyCancelBtnAtDeleteGroupRecord()[pri:97, instance:com.tetherfi.test.chat.ChatTemplatesTest@65a9ea3c]" started-at="2019-10-30T18:32:17 IST" name="VerifyCancelBtnAtDeleteGroupRecord" finished-at="2019-10-30T18:33:22 IST" duration-ms="65283" status="FAIL">
          <exception class="org.openqa.selenium.TimeoutException">
            <message>
              <![CDATA[Expected condition failed: waiting for visibility of Proxy element for: DefaultElementLocator 'By.cssSelector: .k-grid-CustomDelete' (tried for 30 second(s) with 500 milliseconds interval)]]>
            </message>
            <full-stacktrace>
              <![CDATA[org.openqa.selenium.TimeoutException: Expected condition failed: waiting for visibility of Proxy element for: DefaultElementLocator 'By.cssSelector: .k-grid-CustomDelete' (tried for 30 second(s) with 500 milliseconds interval)
at org.openqa.selenium.support.ui.WebDriverWait.timeoutException(WebDriverWait.java:95)
at org.openqa.selenium.support.ui.FluentWait.until(FluentWait.java:272)
at com.tetherfi.pages.BasePage.waitUntilWebElementIsVisible(BasePage.java:127)
at com.tetherfi.pages.BasePage.selectWebElement(BasePage.java:198)
at com.tetherfi.pages.ChatTemplatesPage.clickOnDeleteButton(ChatTemplatesPage.java:1484)
at com.tetherfi.test.chat.ChatTemplatesTest.VerifyCancelBtnAtDeleteGroupRecord(ChatTemplatesTest.java:1023)
at java.base/jdk.internal.reflect.NativeMethodAccessorImpl.invoke0(Native Method)
at java.base/jdk.internal.reflect.NativeMethodAccessorImpl.invoke(Unknown Source)
at java.base/jdk.internal.reflect.DelegatingMethodAccessorImpl.invoke(Unknown Source)
at java.base/java.lang.reflect.Method.invoke(Unknown Source)
at org.testng.internal.MethodInvocationHelper.invokeMethod(MethodInvocationHelper.java:133)
at org.testng.internal.TestInvoker.invokeMethod(TestInvoker.java:584)
at org.testng.internal.TestInvoker.invokeTestMethod(TestInvoker.java:172)
at org.testng.internal.MethodRunner.runInSequence(MethodRunner.java:46)
at org.testng.internal.TestInvoker$MethodInvocationAgent.invoke(TestInvoker.java:804)
at org.testng.internal.TestInvoker.invokeTestMethods(TestInvoker.java:145)
at org.testng.internal.TestMethodWorker.invokeTestMethods(TestMethodWorker.java:146)
at org.testng.internal.TestMethodWorker.run(TestMethodWorker.java:128)
at java.base/java.util.ArrayList.forEach(Unknown Source)
at org.testng.TestRunner.privateRun(TestRunner.java:770)
at org.testng.TestRunner.run(TestRunner.java:591)
at org.testng.SuiteRunner.runTest(SuiteRunner.java:402)
at org.testng.SuiteRunner.runSequentially(SuiteRunner.java:396)
at org.testng.SuiteRunner.privateRun(SuiteRunner.java:355)
at org.testng.SuiteRunner.run(SuiteRunner.java:304)
at org.testng.SuiteRunnerWorker.runSuite(SuiteRunnerWorker.java:53)
at org.testng.SuiteRunnerWorker.run(SuiteRunnerWorker.java:96)
at org.testng.TestNG.runSuitesSequentially(TestNG.java:1180)
at org.testng.TestNG.runSuitesLocally(TestNG.java:1102)
at org.testng.TestNG.runSuites(TestNG.java:1032)
at org.testng.TestNG.run(TestNG.java:1000)
at org.testng.remote.AbstractRemoteTestNG.run(AbstractRemoteTestNG.java:115)
at org.testng.remote.RemoteTestNG.initAndRun(RemoteTestNG.java:251)
at org.testng.remote.RemoteTestNG.main(RemoteTestNG.java:77)
Caused by: org.openqa.selenium.NoSuchElementException: no such element: Unable to locate element: {"method":"css selector","selector":".k-grid-CustomDelete"}
  (Session info: chrome=78.0.3904.70)
For documentation on this error, please visit: https://www.seleniumhq.org/exceptions/no_such_element.html
Build info: version: '3.141.59', revision: 'e82be7d358', time: '2018-11-14T08:17:03'
System info: host: 'DESKTOP-O6A5C2O', ip: '10.0.75.1', os.name: 'Windows 10', os.arch: 'amd64', os.version: '10.0', java.version: '9.0.4'
Driver info: org.openqa.selenium.chrome.ChromeDriver
Capabilities {acceptInsecureCerts: false, browserName: chrome, browserVersion: 78.0.3904.70, chrome: {chromedriverVersion: 78.0.3904.70 (edb9c9f3de024..., userDataDir: C:\Users\admin\AppData\Loca...}, goog:chromeOptions: {debuggerAddress: localhost:58248}, javascriptEnabled: true, networkConnectionEnabled: false, pageLoadStrategy: normal, platform: XP, platformName: XP, proxy: Proxy(), setWindowRect: true, strictFileInteractability: false, timeouts: {implicit: 0, pageLoad: 300000, script: 30000}, unhandledPromptBehavior: dismiss and notify}
Session ID: df73c5fd213ba7ee85f88020897542a4
*** Element info: {Using=css selector, value=.k-grid-CustomDelete}
at java.base/jdk.internal.reflect.NativeConstructorAccessorImpl.newInstance0(Native Method)
at java.base/jdk.internal.reflect.NativeConstructorAccessorImpl.newInstance(Unknown Source)
at java.base/jdk.internal.reflect.DelegatingConstructorAccessorImpl.newInstance(Unknown Source)
at java.base/java.lang.reflect.Constructor.newInstance(Unknown Source)
at org.openqa.selenium.remote.http.W3CHttpResponseCodec.createException(W3CHttpResponseCodec.java:187)
at org.openqa.selenium.remote.http.W3CHttpResponseCodec.decode(W3CHttpResponseCodec.java:122)
at org.openqa.selenium.remote.http.W3CHttpResponseCodec.decode(W3CHttpResponseCodec.java:49)
at org.openqa.selenium.remote.HttpCommandExecutor.execute(HttpCommandExecutor.java:158)
at org.openqa.selenium.remote.service.DriverCommandExecutor.execute(DriverCommandExecutor.java:83)
at org.openqa.selenium.remote.RemoteWebDriver.execute(RemoteWebDriver.java:552)
at org.openqa.selenium.remote.RemoteWebDriver.findElement(RemoteWebDriver.java:323)
at org.openqa.selenium.remote.RemoteWebDriver.findElementByCssSelector(RemoteWebDriver.java:420)
at org.openqa.selenium.By$ByCssSelector.findElement(By.java:431)
at org.openqa.selenium.remote.RemoteWebDriver.findElement(RemoteWebDriver.java:315)
at org.openqa.selenium.support.pagefactory.DefaultElementLocator.findElement(DefaultElementLocator.java:69)
at org.openqa.selenium.support.pagefactory.internal.LocatingElementHandler.invoke(LocatingElementHandler.java:38)
at com.sun.proxy.$Proxy14.isDisplayed(Unknown Source)
at org.openqa.selenium.support.ui.ExpectedConditions.elementIfVisible(ExpectedConditions.java:314)
at org.openqa.selenium.support.ui.ExpectedConditions.access$000(ExpectedConditions.java:43)
at org.openqa.selenium.support.ui.ExpectedConditions$10.apply(ExpectedConditions.java:300)
at org.openqa.selenium.support.ui.ExpectedConditions$10.apply(ExpectedConditions.java:297)
at org.openqa.selenium.support.ui.FluentWait.until(FluentWait.java:249)
... 32 more
]]>
            </full-stacktrace>
          </exception> <!-- org.openqa.selenium.TimeoutException -->
          <reporter-output>
          </reporter-output>
        </test-method> <!-- VerifyCancelBtnAtDeleteGroupRecord -->
        <test-method is-config="true" signature="close(java.lang.reflect.Method)[pri:0, instance:com.tetherfi.test.chat.ChatTemplatesTest@65a9ea3c]" started-at="2019-10-30T18:33:22 IST" name="close" finished-at="2019-10-30T18:33:23 IST" duration-ms="1241" status="PASS">
          <params>
            <param index="0">
              <value>
                <![CDATA[public void com.tetherfi.test.chat.ChatTemplatesTest.VerifyCancelBtnAtDeleteGroupRecord() throws java.lang.Exception]]>
              </value>
            </param>
          </params>
          <reporter-output>
          </reporter-output>
        </test-method> <!-- close -->
      </class> <!-- com.tetherfi.test.chat.ChatTemplatesTest -->
    </test> <!-- Default test -->
  </suite> <!-- Default suite -->
</testng-results>
