<?xml version="1.0" encoding="UTF-8"?>
<testng-results skipped="3" failed="8" ignored="0" total="34" passed="23">
  <reporter-output>
  </reporter-output>
  <suite name="Default suite" duration-ms="516911" started-at="2019-09-04T17:20:47 IST" finished-at="2019-09-04T17:29:24 IST">
    <groups>
    </groups>
    <test name="Default test" duration-ms="516911" started-at="2019-09-04T17:20:47 IST" finished-at="2019-09-04T17:29:24 IST">
      <class name="com.tetherfi.test.ivr.CallBackAnnouncementTest">
        <test-method status="PASS" signature="openApplication()[pri:0, instance:com.tetherfi.test.ivr.CallBackAnnouncementTest@50850539]" name="openApplication" is-config="true" duration-ms="12875" started-at="2019-09-04T17:20:47 IST" finished-at="2019-09-04T17:21:00 IST">
          <reporter-output>
          </reporter-output>
        </test-method> <!-- openApplication -->
        <test-method status="PASS" signature="startTestCase(java.lang.reflect.Method)[pri:0, instance:com.tetherfi.test.ivr.CallBackAnnouncementTest@50850539]" name="startTestCase" is-config="true" duration-ms="4" started-at="2019-09-04T17:21:00 IST" finished-at="2019-09-04T17:21:00 IST">
          <params>
            <param index="0">
              <value>
                <![CDATA[public void com.tetherfi.test.ivr.CallBackAnnouncementTest.CallbackAnnouncementPage()]]>
              </value>
            </param>
          </params>
          <reporter-output>
          </reporter-output>
        </test-method> <!-- startTestCase -->
        <test-method status="PASS" signature="NavigateToCallBackAnnouncementPage()[pri:0, instance:com.tetherfi.test.ivr.CallBackAnnouncementTest@50850539]" name="NavigateToCallBackAnnouncementPage" is-config="true" duration-ms="7396" started-at="2019-09-04T17:21:00 IST" finished-at="2019-09-04T17:21:07 IST">
          <reporter-output>
          </reporter-output>
        </test-method> <!-- NavigateToCallBackAnnouncementPage -->
        <test-method status="PASS" signature="CallbackAnnouncementPage()[pri:1, instance:com.tetherfi.test.ivr.CallBackAnnouncementTest@50850539]" name="CallbackAnnouncementPage" duration-ms="873" started-at="2019-09-04T17:21:07 IST" finished-at="2019-09-04T17:21:08 IST">
          <reporter-output>
          </reporter-output>
        </test-method> <!-- CallbackAnnouncementPage -->
        <test-method status="PASS" signature="afterEachMethod(java.lang.reflect.Method)[pri:0, instance:com.tetherfi.test.ivr.CallBackAnnouncementTest@50850539]" name="afterEachMethod" is-config="true" duration-ms="2033" started-at="2019-09-04T17:21:08 IST" finished-at="2019-09-04T17:21:10 IST">
          <params>
            <param index="0">
              <value>
                <![CDATA[public void com.tetherfi.test.ivr.CallBackAnnouncementTest.CallbackAnnouncementPage()]]>
              </value>
            </param>
          </params>
          <reporter-output>
          </reporter-output>
        </test-method> <!-- afterEachMethod -->
        <test-method status="PASS" signature="endTestCase(java.lang.reflect.Method)[pri:0, instance:com.tetherfi.test.ivr.CallBackAnnouncementTest@50850539]" name="endTestCase" is-config="true" duration-ms="1" started-at="2019-09-04T17:21:10 IST" finished-at="2019-09-04T17:21:10 IST">
          <params>
            <param index="0">
              <value>
                <![CDATA[public void com.tetherfi.test.ivr.CallBackAnnouncementTest.CallbackAnnouncementPage()]]>
              </value>
            </param>
          </params>
          <reporter-output>
          </reporter-output>
        </test-method> <!-- endTestCase -->
        <test-method status="PASS" signature="startTestCase(java.lang.reflect.Method)[pri:0, instance:com.tetherfi.test.ivr.CallBackAnnouncementTest@50850539]" name="startTestCase" is-config="true" duration-ms="2" started-at="2019-09-04T17:21:10 IST" finished-at="2019-09-04T17:21:10 IST">
          <params>
            <param index="0">
              <value>
                <![CDATA[public void com.tetherfi.test.ivr.CallBackAnnouncementTest.VerifyDropdownForAllTheColumns()]]>
              </value>
            </param>
          </params>
          <reporter-output>
          </reporter-output>
        </test-method> <!-- startTestCase -->
        <test-method status="PASS" signature="NavigateToCallBackAnnouncementPage()[pri:0, instance:com.tetherfi.test.ivr.CallBackAnnouncementTest@50850539]" name="NavigateToCallBackAnnouncementPage" is-config="true" duration-ms="6752" started-at="2019-09-04T17:21:10 IST" finished-at="2019-09-04T17:21:17 IST">
          <reporter-output>
          </reporter-output>
        </test-method> <!-- NavigateToCallBackAnnouncementPage -->
        <test-method status="PASS" signature="VerifyDropdownForAllTheColumns()[pri:2, instance:com.tetherfi.test.ivr.CallBackAnnouncementTest@50850539]" name="VerifyDropdownForAllTheColumns" duration-ms="9330" started-at="2019-09-04T17:21:17 IST" finished-at="2019-09-04T17:21:26 IST">
          <reporter-output>
          </reporter-output>
        </test-method> <!-- VerifyDropdownForAllTheColumns -->
        <test-method status="PASS" signature="afterEachMethod(java.lang.reflect.Method)[pri:0, instance:com.tetherfi.test.ivr.CallBackAnnouncementTest@50850539]" name="afterEachMethod" is-config="true" duration-ms="1741" started-at="2019-09-04T17:21:26 IST" finished-at="2019-09-04T17:21:28 IST">
          <params>
            <param index="0">
              <value>
                <![CDATA[public void com.tetherfi.test.ivr.CallBackAnnouncementTest.VerifyDropdownForAllTheColumns()]]>
              </value>
            </param>
          </params>
          <reporter-output>
          </reporter-output>
        </test-method> <!-- afterEachMethod -->
        <test-method status="PASS" signature="endTestCase(java.lang.reflect.Method)[pri:0, instance:com.tetherfi.test.ivr.CallBackAnnouncementTest@50850539]" name="endTestCase" is-config="true" duration-ms="0" started-at="2019-09-04T17:21:28 IST" finished-at="2019-09-04T17:21:28 IST">
          <params>
            <param index="0">
              <value>
                <![CDATA[public void com.tetherfi.test.ivr.CallBackAnnouncementTest.VerifyDropdownForAllTheColumns()]]>
              </value>
            </param>
          </params>
          <reporter-output>
          </reporter-output>
        </test-method> <!-- endTestCase -->
        <test-method status="PASS" signature="startTestCase(java.lang.reflect.Method)[pri:0, instance:com.tetherfi.test.ivr.CallBackAnnouncementTest@50850539]" name="startTestCase" is-config="true" duration-ms="0" started-at="2019-09-04T17:21:28 IST" finished-at="2019-09-04T17:21:28 IST">
          <params>
            <param index="0">
              <value>
                <![CDATA[public void com.tetherfi.test.ivr.CallBackAnnouncementTest.VerifyColumnsHeaderEnable()]]>
              </value>
            </param>
          </params>
          <reporter-output>
          </reporter-output>
        </test-method> <!-- startTestCase -->
        <test-method status="PASS" signature="NavigateToCallBackAnnouncementPage()[pri:0, instance:com.tetherfi.test.ivr.CallBackAnnouncementTest@50850539]" name="NavigateToCallBackAnnouncementPage" is-config="true" duration-ms="6223" started-at="2019-09-04T17:21:28 IST" finished-at="2019-09-04T17:21:34 IST">
          <reporter-output>
          </reporter-output>
        </test-method> <!-- NavigateToCallBackAnnouncementPage -->
        <test-method status="PASS" signature="VerifyColumnsHeaderEnable()[pri:3, instance:com.tetherfi.test.ivr.CallBackAnnouncementTest@50850539]" name="VerifyColumnsHeaderEnable" duration-ms="5316" started-at="2019-09-04T17:21:34 IST" finished-at="2019-09-04T17:21:40 IST">
          <reporter-output>
          </reporter-output>
        </test-method> <!-- VerifyColumnsHeaderEnable -->
        <test-method status="PASS" signature="afterEachMethod(java.lang.reflect.Method)[pri:0, instance:com.tetherfi.test.ivr.CallBackAnnouncementTest@50850539]" name="afterEachMethod" is-config="true" duration-ms="1745" started-at="2019-09-04T17:21:40 IST" finished-at="2019-09-04T17:21:41 IST">
          <params>
            <param index="0">
              <value>
                <![CDATA[public void com.tetherfi.test.ivr.CallBackAnnouncementTest.VerifyColumnsHeaderEnable()]]>
              </value>
            </param>
          </params>
          <reporter-output>
          </reporter-output>
        </test-method> <!-- afterEachMethod -->
        <test-method status="PASS" signature="endTestCase(java.lang.reflect.Method)[pri:0, instance:com.tetherfi.test.ivr.CallBackAnnouncementTest@50850539]" name="endTestCase" is-config="true" duration-ms="1" started-at="2019-09-04T17:21:41 IST" finished-at="2019-09-04T17:21:41 IST">
          <params>
            <param index="0">
              <value>
                <![CDATA[public void com.tetherfi.test.ivr.CallBackAnnouncementTest.VerifyColumnsHeaderEnable()]]>
              </value>
            </param>
          </params>
          <reporter-output>
          </reporter-output>
        </test-method> <!-- endTestCase -->
        <test-method status="PASS" signature="startTestCase(java.lang.reflect.Method)[pri:0, instance:com.tetherfi.test.ivr.CallBackAnnouncementTest@50850539]" name="startTestCase" is-config="true" duration-ms="0" started-at="2019-09-04T17:21:41 IST" finished-at="2019-09-04T17:21:41 IST">
          <params>
            <param index="0">
              <value>
                <![CDATA[public void com.tetherfi.test.ivr.CallBackAnnouncementTest.VerifyColumnsHeaderDisable()]]>
              </value>
            </param>
          </params>
          <reporter-output>
          </reporter-output>
        </test-method> <!-- startTestCase -->
        <test-method status="PASS" signature="NavigateToCallBackAnnouncementPage()[pri:0, instance:com.tetherfi.test.ivr.CallBackAnnouncementTest@50850539]" name="NavigateToCallBackAnnouncementPage" is-config="true" duration-ms="6592" started-at="2019-09-04T17:21:41 IST" finished-at="2019-09-04T17:21:48 IST">
          <reporter-output>
          </reporter-output>
        </test-method> <!-- NavigateToCallBackAnnouncementPage -->
        <test-method status="PASS" signature="VerifyColumnsHeaderDisable()[pri:4, instance:com.tetherfi.test.ivr.CallBackAnnouncementTest@50850539]" name="VerifyColumnsHeaderDisable" duration-ms="5997" started-at="2019-09-04T17:21:48 IST" finished-at="2019-09-04T17:21:54 IST">
          <reporter-output>
          </reporter-output>
        </test-method> <!-- VerifyColumnsHeaderDisable -->
        <test-method status="PASS" signature="afterEachMethod(java.lang.reflect.Method)[pri:0, instance:com.tetherfi.test.ivr.CallBackAnnouncementTest@50850539]" name="afterEachMethod" is-config="true" duration-ms="1899" started-at="2019-09-04T17:21:54 IST" finished-at="2019-09-04T17:21:56 IST">
          <params>
            <param index="0">
              <value>
                <![CDATA[public void com.tetherfi.test.ivr.CallBackAnnouncementTest.VerifyColumnsHeaderDisable()]]>
              </value>
            </param>
          </params>
          <reporter-output>
          </reporter-output>
        </test-method> <!-- afterEachMethod -->
        <test-method status="PASS" signature="endTestCase(java.lang.reflect.Method)[pri:0, instance:com.tetherfi.test.ivr.CallBackAnnouncementTest@50850539]" name="endTestCase" is-config="true" duration-ms="1" started-at="2019-09-04T17:21:56 IST" finished-at="2019-09-04T17:21:56 IST">
          <params>
            <param index="0">
              <value>
                <![CDATA[public void com.tetherfi.test.ivr.CallBackAnnouncementTest.VerifyColumnsHeaderDisable()]]>
              </value>
            </param>
          </params>
          <reporter-output>
          </reporter-output>
        </test-method> <!-- endTestCase -->
        <test-method status="PASS" signature="NavigateToCallBackAnnouncementPage()[pri:0, instance:com.tetherfi.test.ivr.CallBackAnnouncementTest@50850539]" name="NavigateToCallBackAnnouncementPage" is-config="true" duration-ms="5715" started-at="2019-09-04T17:21:56 IST" finished-at="2019-09-04T17:22:02 IST">
          <reporter-output>
          </reporter-output>
        </test-method> <!-- NavigateToCallBackAnnouncementPage -->
        <test-method status="PASS" signature="startTestCase(java.lang.reflect.Method)[pri:0, instance:com.tetherfi.test.ivr.CallBackAnnouncementTest@50850539]" name="startTestCase" is-config="true" duration-ms="0" started-at="2019-09-04T17:21:56 IST" finished-at="2019-09-04T17:21:56 IST">
          <params>
            <param index="0">
              <value>
                <![CDATA[public void com.tetherfi.test.ivr.CallBackAnnouncementTest.AddNewCallbackAnnouncementCancelRecord() throws java.lang.Exception]]>
              </value>
            </param>
          </params>
          <reporter-output>
          </reporter-output>
        </test-method> <!-- startTestCase -->
        <test-method status="PASS" signature="AddNewCallbackAnnouncementCancelRecord()[pri:5, instance:com.tetherfi.test.ivr.CallBackAnnouncementTest@50850539]" name="AddNewCallbackAnnouncementCancelRecord" duration-ms="10475" started-at="2019-09-04T17:22:02 IST" finished-at="2019-09-04T17:22:12 IST">
          <reporter-output>
          </reporter-output>
        </test-method> <!-- AddNewCallbackAnnouncementCancelRecord -->
        <test-method status="PASS" signature="afterEachMethod(java.lang.reflect.Method)[pri:0, instance:com.tetherfi.test.ivr.CallBackAnnouncementTest@50850539]" name="afterEachMethod" is-config="true" duration-ms="1915" started-at="2019-09-04T17:22:12 IST" finished-at="2019-09-04T17:22:14 IST">
          <params>
            <param index="0">
              <value>
                <![CDATA[public void com.tetherfi.test.ivr.CallBackAnnouncementTest.AddNewCallbackAnnouncementCancelRecord() throws java.lang.Exception]]>
              </value>
            </param>
          </params>
          <reporter-output>
          </reporter-output>
        </test-method> <!-- afterEachMethod -->
        <test-method status="PASS" signature="endTestCase(java.lang.reflect.Method)[pri:0, instance:com.tetherfi.test.ivr.CallBackAnnouncementTest@50850539]" name="endTestCase" is-config="true" duration-ms="3" started-at="2019-09-04T17:22:14 IST" finished-at="2019-09-04T17:22:14 IST">
          <params>
            <param index="0">
              <value>
                <![CDATA[public void com.tetherfi.test.ivr.CallBackAnnouncementTest.AddNewCallbackAnnouncementCancelRecord() throws java.lang.Exception]]>
              </value>
            </param>
          </params>
          <reporter-output>
          </reporter-output>
        </test-method> <!-- endTestCase -->
        <test-method status="PASS" signature="startTestCase(java.lang.reflect.Method)[pri:0, instance:com.tetherfi.test.ivr.CallBackAnnouncementTest@50850539]" name="startTestCase" is-config="true" duration-ms="1" started-at="2019-09-04T17:22:14 IST" finished-at="2019-09-04T17:22:14 IST">
          <params>
            <param index="0">
              <value>
                <![CDATA[public void com.tetherfi.test.ivr.CallBackAnnouncementTest.AddNewCallbackAnnouncementRecord() throws java.lang.Exception]]>
              </value>
            </param>
          </params>
          <reporter-output>
          </reporter-output>
        </test-method> <!-- startTestCase -->
        <test-method status="PASS" signature="NavigateToCallBackAnnouncementPage()[pri:0, instance:com.tetherfi.test.ivr.CallBackAnnouncementTest@50850539]" name="NavigateToCallBackAnnouncementPage" is-config="true" duration-ms="6170" started-at="2019-09-04T17:22:14 IST" finished-at="2019-09-04T17:22:20 IST">
          <reporter-output>
          </reporter-output>
        </test-method> <!-- NavigateToCallBackAnnouncementPage -->
        <test-method status="FAIL" signature="AddNewCallbackAnnouncementRecord()[pri:6, instance:com.tetherfi.test.ivr.CallBackAnnouncementTest@50850539]" name="AddNewCallbackAnnouncementRecord" duration-ms="10601" started-at="2019-09-04T17:22:20 IST" finished-at="2019-09-04T17:22:31 IST">
          <exception class="java.lang.AssertionError">
            <message>
              <![CDATA[Add New record assertion failed expected [Record Created Successfully] but found [Record Creation Failed, Already Exist]]]>
            </message>
            <full-stacktrace>
              <![CDATA[java.lang.AssertionError: Add New record assertion failed expected [Record Created Successfully] but found [Record Creation Failed, Already Exist]
at org.testng.Assert.fail(Assert.java:97)
at org.testng.Assert.assertEqualsImpl(Assert.java:136)
at org.testng.Assert.assertEquals(Assert.java:118)
at org.testng.Assert.assertEquals(Assert.java:575)
at com.tetherfi.test.ivr.CallBackAnnouncementTest.AddNewCallbackAnnouncementRecord(CallBackAnnouncementTest.java:91)
at sun.reflect.NativeMethodAccessorImpl.invoke0(Native Method)
at sun.reflect.NativeMethodAccessorImpl.invoke(Unknown Source)
at sun.reflect.DelegatingMethodAccessorImpl.invoke(Unknown Source)
at java.lang.reflect.Method.invoke(Unknown Source)
at org.testng.internal.MethodInvocationHelper.invokeMethod(MethodInvocationHelper.java:133)
at org.testng.internal.TestInvoker.invokeMethod(TestInvoker.java:584)
at org.testng.internal.TestInvoker.invokeTestMethod(TestInvoker.java:172)
at org.testng.internal.MethodRunner.runInSequence(MethodRunner.java:46)
at org.testng.internal.TestInvoker$MethodInvocationAgent.invoke(TestInvoker.java:804)
at org.testng.internal.TestInvoker.invokeTestMethods(TestInvoker.java:145)
at org.testng.internal.TestMethodWorker.invokeTestMethods(TestMethodWorker.java:146)
at org.testng.internal.TestMethodWorker.run(TestMethodWorker.java:128)
at java.util.ArrayList.forEach(Unknown Source)
at org.testng.TestRunner.privateRun(TestRunner.java:770)
at org.testng.TestRunner.run(TestRunner.java:591)
at org.testng.SuiteRunner.runTest(SuiteRunner.java:402)
at org.testng.SuiteRunner.runSequentially(SuiteRunner.java:396)
at org.testng.SuiteRunner.privateRun(SuiteRunner.java:355)
at org.testng.SuiteRunner.run(SuiteRunner.java:304)
at org.testng.SuiteRunnerWorker.runSuite(SuiteRunnerWorker.java:53)
at org.testng.SuiteRunnerWorker.run(SuiteRunnerWorker.java:96)
at org.testng.TestNG.runSuitesSequentially(TestNG.java:1180)
at org.testng.TestNG.runSuitesLocally(TestNG.java:1102)
at org.testng.TestNG.runSuites(TestNG.java:1032)
at org.testng.TestNG.run(TestNG.java:1000)
at org.testng.remote.AbstractRemoteTestNG.run(AbstractRemoteTestNG.java:115)
at org.testng.remote.RemoteTestNG.initAndRun(RemoteTestNG.java:251)
at org.testng.remote.RemoteTestNG.main(RemoteTestNG.java:77)
]]>
            </full-stacktrace>
          </exception> <!-- java.lang.AssertionError -->
          <reporter-output>
          </reporter-output>
        </test-method> <!-- AddNewCallbackAnnouncementRecord -->
        <test-method status="PASS" signature="afterEachMethod(java.lang.reflect.Method)[pri:0, instance:com.tetherfi.test.ivr.CallBackAnnouncementTest@50850539]" name="afterEachMethod" is-config="true" duration-ms="1832" started-at="2019-09-04T17:22:31 IST" finished-at="2019-09-04T17:22:33 IST">
          <params>
            <param index="0">
              <value>
                <![CDATA[public void com.tetherfi.test.ivr.CallBackAnnouncementTest.AddNewCallbackAnnouncementRecord() throws java.lang.Exception]]>
              </value>
            </param>
          </params>
          <reporter-output>
          </reporter-output>
        </test-method> <!-- afterEachMethod -->
        <test-method status="PASS" signature="endTestCase(java.lang.reflect.Method)[pri:0, instance:com.tetherfi.test.ivr.CallBackAnnouncementTest@50850539]" name="endTestCase" is-config="true" duration-ms="1" started-at="2019-09-04T17:22:33 IST" finished-at="2019-09-04T17:22:33 IST">
          <params>
            <param index="0">
              <value>
                <![CDATA[public void com.tetherfi.test.ivr.CallBackAnnouncementTest.AddNewCallbackAnnouncementRecord() throws java.lang.Exception]]>
              </value>
            </param>
          </params>
          <reporter-output>
          </reporter-output>
        </test-method> <!-- endTestCase -->
        <test-method status="SKIP" signature="VerifyAuditTrialReportForCreate()[pri:7, instance:com.tetherfi.test.ivr.CallBackAnnouncementTest@50850539]" name="VerifyAuditTrialReportForCreate" duration-ms="0" started-at="2019-09-04T17:22:33 IST" depends-on-methods="com.tetherfi.test.ivr.CallBackAnnouncementTest.AddNewCallbackAnnouncementRecord" finished-at="2019-09-04T17:22:33 IST">
          <exception class="java.lang.Throwable">
            <message>
              <![CDATA[Method CallBackAnnouncementTest.VerifyAuditTrialReportForCreate()[pri:7, instance:com.tetherfi.test.ivr.CallBackAnnouncementTest@50850539] depends on not successfully finished methods]]>
            </message>
            <full-stacktrace>
              <![CDATA[java.lang.Throwable: Method CallBackAnnouncementTest.VerifyAuditTrialReportForCreate()[pri:7, instance:com.tetherfi.test.ivr.CallBackAnnouncementTest@50850539] depends on not successfully finished methods
at org.testng.internal.TestInvoker.invokeTestMethods(TestInvoker.java:99)
at org.testng.internal.TestMethodWorker.invokeTestMethods(TestMethodWorker.java:146)
at org.testng.internal.TestMethodWorker.run(TestMethodWorker.java:128)
at java.util.ArrayList.forEach(Unknown Source)
at org.testng.TestRunner.privateRun(TestRunner.java:770)
at org.testng.TestRunner.run(TestRunner.java:591)
at org.testng.SuiteRunner.runTest(SuiteRunner.java:402)
at org.testng.SuiteRunner.runSequentially(SuiteRunner.java:396)
at org.testng.SuiteRunner.privateRun(SuiteRunner.java:355)
at org.testng.SuiteRunner.run(SuiteRunner.java:304)
at org.testng.SuiteRunnerWorker.runSuite(SuiteRunnerWorker.java:53)
at org.testng.SuiteRunnerWorker.run(SuiteRunnerWorker.java:96)
at org.testng.TestNG.runSuitesSequentially(TestNG.java:1180)
at org.testng.TestNG.runSuitesLocally(TestNG.java:1102)
at org.testng.TestNG.runSuites(TestNG.java:1032)
at org.testng.TestNG.run(TestNG.java:1000)
at org.testng.remote.AbstractRemoteTestNG.run(AbstractRemoteTestNG.java:115)
at org.testng.remote.RemoteTestNG.initAndRun(RemoteTestNG.java:251)
at org.testng.remote.RemoteTestNG.main(RemoteTestNG.java:77)
]]>
            </full-stacktrace>
          </exception> <!-- java.lang.Throwable -->
          <reporter-output>
          </reporter-output>
        </test-method> <!-- VerifyAuditTrialReportForCreate -->
        <test-method status="SKIP" signature="AddDuplicateCallBackAnnouncementRecord()[pri:8, instance:com.tetherfi.test.ivr.CallBackAnnouncementTest@50850539]" name="AddDuplicateCallBackAnnouncementRecord" duration-ms="0" started-at="2019-09-04T17:22:33 IST" depends-on-methods="com.tetherfi.test.ivr.CallBackAnnouncementTest.AddNewCallbackAnnouncementRecord" finished-at="2019-09-04T17:22:33 IST">
          <exception class="java.lang.Throwable">
            <message>
              <![CDATA[Method CallBackAnnouncementTest.AddDuplicateCallBackAnnouncementRecord()[pri:8, instance:com.tetherfi.test.ivr.CallBackAnnouncementTest@50850539] depends on not successfully finished methods]]>
            </message>
            <full-stacktrace>
              <![CDATA[java.lang.Throwable: Method CallBackAnnouncementTest.AddDuplicateCallBackAnnouncementRecord()[pri:8, instance:com.tetherfi.test.ivr.CallBackAnnouncementTest@50850539] depends on not successfully finished methods
at org.testng.internal.TestInvoker.invokeTestMethods(TestInvoker.java:99)
at org.testng.internal.TestMethodWorker.invokeTestMethods(TestMethodWorker.java:146)
at org.testng.internal.TestMethodWorker.run(TestMethodWorker.java:128)
at java.util.ArrayList.forEach(Unknown Source)
at org.testng.TestRunner.privateRun(TestRunner.java:770)
at org.testng.TestRunner.run(TestRunner.java:591)
at org.testng.SuiteRunner.runTest(SuiteRunner.java:402)
at org.testng.SuiteRunner.runSequentially(SuiteRunner.java:396)
at org.testng.SuiteRunner.privateRun(SuiteRunner.java:355)
at org.testng.SuiteRunner.run(SuiteRunner.java:304)
at org.testng.SuiteRunnerWorker.runSuite(SuiteRunnerWorker.java:53)
at org.testng.SuiteRunnerWorker.run(SuiteRunnerWorker.java:96)
at org.testng.TestNG.runSuitesSequentially(TestNG.java:1180)
at org.testng.TestNG.runSuitesLocally(TestNG.java:1102)
at org.testng.TestNG.runSuites(TestNG.java:1032)
at org.testng.TestNG.run(TestNG.java:1000)
at org.testng.remote.AbstractRemoteTestNG.run(AbstractRemoteTestNG.java:115)
at org.testng.remote.RemoteTestNG.initAndRun(RemoteTestNG.java:251)
at org.testng.remote.RemoteTestNG.main(RemoteTestNG.java:77)
]]>
            </full-stacktrace>
          </exception> <!-- java.lang.Throwable -->
          <reporter-output>
          </reporter-output>
        </test-method> <!-- AddDuplicateCallBackAnnouncementRecord -->
        <test-method status="PASS" signature="startTestCase(java.lang.reflect.Method)[pri:0, instance:com.tetherfi.test.ivr.CallBackAnnouncementTest@50850539]" name="startTestCase" is-config="true" duration-ms="0" started-at="2019-09-04T17:22:33 IST" finished-at="2019-09-04T17:22:33 IST">
          <params>
            <param index="0">
              <value>
                <![CDATA[public void com.tetherfi.test.ivr.CallBackAnnouncementTest.AddNewCallbackAnnouncementWithoutWavFile() throws java.lang.Exception]]>
              </value>
            </param>
          </params>
          <reporter-output>
          </reporter-output>
        </test-method> <!-- startTestCase -->
        <test-method status="PASS" signature="NavigateToCallBackAnnouncementPage()[pri:0, instance:com.tetherfi.test.ivr.CallBackAnnouncementTest@50850539]" name="NavigateToCallBackAnnouncementPage" is-config="true" duration-ms="5943" started-at="2019-09-04T17:22:33 IST" finished-at="2019-09-04T17:22:39 IST">
          <reporter-output>
          </reporter-output>
        </test-method> <!-- NavigateToCallBackAnnouncementPage -->
        <test-method status="PASS" signature="AddNewCallbackAnnouncementWithoutWavFile()[pri:9, instance:com.tetherfi.test.ivr.CallBackAnnouncementTest@50850539]" name="AddNewCallbackAnnouncementWithoutWavFile" duration-ms="5793" started-at="2019-09-04T17:22:39 IST" finished-at="2019-09-04T17:22:44 IST">
          <reporter-output>
          </reporter-output>
        </test-method> <!-- AddNewCallbackAnnouncementWithoutWavFile -->
        <test-method status="PASS" signature="afterEachMethod(java.lang.reflect.Method)[pri:0, instance:com.tetherfi.test.ivr.CallBackAnnouncementTest@50850539]" name="afterEachMethod" is-config="true" duration-ms="1967" started-at="2019-09-04T17:22:44 IST" finished-at="2019-09-04T17:22:46 IST">
          <params>
            <param index="0">
              <value>
                <![CDATA[public void com.tetherfi.test.ivr.CallBackAnnouncementTest.AddNewCallbackAnnouncementWithoutWavFile() throws java.lang.Exception]]>
              </value>
            </param>
          </params>
          <reporter-output>
          </reporter-output>
        </test-method> <!-- afterEachMethod -->
        <test-method status="PASS" signature="endTestCase(java.lang.reflect.Method)[pri:0, instance:com.tetherfi.test.ivr.CallBackAnnouncementTest@50850539]" name="endTestCase" is-config="true" duration-ms="1" started-at="2019-09-04T17:22:46 IST" finished-at="2019-09-04T17:22:46 IST">
          <params>
            <param index="0">
              <value>
                <![CDATA[public void com.tetherfi.test.ivr.CallBackAnnouncementTest.AddNewCallbackAnnouncementWithoutWavFile() throws java.lang.Exception]]>
              </value>
            </param>
          </params>
          <reporter-output>
          </reporter-output>
        </test-method> <!-- endTestCase -->
        <test-method status="PASS" signature="startTestCase(java.lang.reflect.Method)[pri:0, instance:com.tetherfi.test.ivr.CallBackAnnouncementTest@50850539]" name="startTestCase" is-config="true" duration-ms="3" started-at="2019-09-04T17:22:46 IST" finished-at="2019-09-04T17:22:46 IST">
          <params>
            <param index="0">
              <value>
                <![CDATA[public void com.tetherfi.test.ivr.CallBackAnnouncementTest.AddNewCallbackAnnouncementWithoutStartTime() throws java.lang.Exception]]>
              </value>
            </param>
          </params>
          <reporter-output>
          </reporter-output>
        </test-method> <!-- startTestCase -->
        <test-method status="PASS" signature="NavigateToCallBackAnnouncementPage()[pri:0, instance:com.tetherfi.test.ivr.CallBackAnnouncementTest@50850539]" name="NavigateToCallBackAnnouncementPage" is-config="true" duration-ms="6102" started-at="2019-09-04T17:22:46 IST" finished-at="2019-09-04T17:22:52 IST">
          <reporter-output>
          </reporter-output>
        </test-method> <!-- NavigateToCallBackAnnouncementPage -->
        <test-method status="PASS" signature="AddNewCallbackAnnouncementWithoutStartTime()[pri:10, instance:com.tetherfi.test.ivr.CallBackAnnouncementTest@50850539]" name="AddNewCallbackAnnouncementWithoutStartTime" duration-ms="9956" started-at="2019-09-04T17:22:52 IST" finished-at="2019-09-04T17:23:02 IST">
          <reporter-output>
          </reporter-output>
        </test-method> <!-- AddNewCallbackAnnouncementWithoutStartTime -->
        <test-method status="PASS" signature="afterEachMethod(java.lang.reflect.Method)[pri:0, instance:com.tetherfi.test.ivr.CallBackAnnouncementTest@50850539]" name="afterEachMethod" is-config="true" duration-ms="1783" started-at="2019-09-04T17:23:02 IST" finished-at="2019-09-04T17:23:04 IST">
          <params>
            <param index="0">
              <value>
                <![CDATA[public void com.tetherfi.test.ivr.CallBackAnnouncementTest.AddNewCallbackAnnouncementWithoutStartTime() throws java.lang.Exception]]>
              </value>
            </param>
          </params>
          <reporter-output>
          </reporter-output>
        </test-method> <!-- afterEachMethod -->
        <test-method status="PASS" signature="endTestCase(java.lang.reflect.Method)[pri:0, instance:com.tetherfi.test.ivr.CallBackAnnouncementTest@50850539]" name="endTestCase" is-config="true" duration-ms="2" started-at="2019-09-04T17:23:04 IST" finished-at="2019-09-04T17:23:04 IST">
          <params>
            <param index="0">
              <value>
                <![CDATA[public void com.tetherfi.test.ivr.CallBackAnnouncementTest.AddNewCallbackAnnouncementWithoutStartTime() throws java.lang.Exception]]>
              </value>
            </param>
          </params>
          <reporter-output>
          </reporter-output>
        </test-method> <!-- endTestCase -->
        <test-method status="PASS" signature="NavigateToCallBackAnnouncementPage()[pri:0, instance:com.tetherfi.test.ivr.CallBackAnnouncementTest@50850539]" name="NavigateToCallBackAnnouncementPage" is-config="true" duration-ms="6047" started-at="2019-09-04T17:23:04 IST" finished-at="2019-09-04T17:23:10 IST">
          <reporter-output>
          </reporter-output>
        </test-method> <!-- NavigateToCallBackAnnouncementPage -->
        <test-method status="PASS" signature="startTestCase(java.lang.reflect.Method)[pri:0, instance:com.tetherfi.test.ivr.CallBackAnnouncementTest@50850539]" name="startTestCase" is-config="true" duration-ms="0" started-at="2019-09-04T17:23:04 IST" finished-at="2019-09-04T17:23:04 IST">
          <params>
            <param index="0">
              <value>
                <![CDATA[public void com.tetherfi.test.ivr.CallBackAnnouncementTest.AddNewCallbackAnnouncementWithoutEndTime() throws java.lang.Exception]]>
              </value>
            </param>
          </params>
          <reporter-output>
          </reporter-output>
        </test-method> <!-- startTestCase -->
        <test-method status="PASS" signature="AddNewCallbackAnnouncementWithoutEndTime()[pri:11, instance:com.tetherfi.test.ivr.CallBackAnnouncementTest@50850539]" name="AddNewCallbackAnnouncementWithoutEndTime" duration-ms="9843" started-at="2019-09-04T17:23:10 IST" finished-at="2019-09-04T17:23:20 IST">
          <reporter-output>
          </reporter-output>
        </test-method> <!-- AddNewCallbackAnnouncementWithoutEndTime -->
        <test-method status="PASS" signature="afterEachMethod(java.lang.reflect.Method)[pri:0, instance:com.tetherfi.test.ivr.CallBackAnnouncementTest@50850539]" name="afterEachMethod" is-config="true" duration-ms="1826" started-at="2019-09-04T17:23:20 IST" finished-at="2019-09-04T17:23:22 IST">
          <params>
            <param index="0">
              <value>
                <![CDATA[public void com.tetherfi.test.ivr.CallBackAnnouncementTest.AddNewCallbackAnnouncementWithoutEndTime() throws java.lang.Exception]]>
              </value>
            </param>
          </params>
          <reporter-output>
          </reporter-output>
        </test-method> <!-- afterEachMethod -->
        <test-method status="PASS" signature="endTestCase(java.lang.reflect.Method)[pri:0, instance:com.tetherfi.test.ivr.CallBackAnnouncementTest@50850539]" name="endTestCase" is-config="true" duration-ms="1" started-at="2019-09-04T17:23:22 IST" finished-at="2019-09-04T17:23:22 IST">
          <params>
            <param index="0">
              <value>
                <![CDATA[public void com.tetherfi.test.ivr.CallBackAnnouncementTest.AddNewCallbackAnnouncementWithoutEndTime() throws java.lang.Exception]]>
              </value>
            </param>
          </params>
          <reporter-output>
          </reporter-output>
        </test-method> <!-- endTestCase -->
        <test-method status="PASS" signature="startTestCase(java.lang.reflect.Method)[pri:0, instance:com.tetherfi.test.ivr.CallBackAnnouncementTest@50850539]" name="startTestCase" is-config="true" duration-ms="1" started-at="2019-09-04T17:23:22 IST" finished-at="2019-09-04T17:23:22 IST">
          <params>
            <param index="0">
              <value>
                <![CDATA[public void com.tetherfi.test.ivr.CallBackAnnouncementTest.AddNewCallbackAnnouncementWithoutLanguage() throws java.lang.Exception]]>
              </value>
            </param>
          </params>
          <reporter-output>
          </reporter-output>
        </test-method> <!-- startTestCase -->
        <test-method status="PASS" signature="NavigateToCallBackAnnouncementPage()[pri:0, instance:com.tetherfi.test.ivr.CallBackAnnouncementTest@50850539]" name="NavigateToCallBackAnnouncementPage" is-config="true" duration-ms="6331" started-at="2019-09-04T17:23:22 IST" finished-at="2019-09-04T17:23:28 IST">
          <reporter-output>
          </reporter-output>
        </test-method> <!-- NavigateToCallBackAnnouncementPage -->
        <test-method status="PASS" signature="AddNewCallbackAnnouncementWithoutLanguage()[pri:12, instance:com.tetherfi.test.ivr.CallBackAnnouncementTest@50850539]" name="AddNewCallbackAnnouncementWithoutLanguage" duration-ms="9822" started-at="2019-09-04T17:23:28 IST" finished-at="2019-09-04T17:23:38 IST">
          <reporter-output>
          </reporter-output>
        </test-method> <!-- AddNewCallbackAnnouncementWithoutLanguage -->
        <test-method status="PASS" signature="afterEachMethod(java.lang.reflect.Method)[pri:0, instance:com.tetherfi.test.ivr.CallBackAnnouncementTest@50850539]" name="afterEachMethod" is-config="true" duration-ms="1847" started-at="2019-09-04T17:23:38 IST" finished-at="2019-09-04T17:23:40 IST">
          <params>
            <param index="0">
              <value>
                <![CDATA[public void com.tetherfi.test.ivr.CallBackAnnouncementTest.AddNewCallbackAnnouncementWithoutLanguage() throws java.lang.Exception]]>
              </value>
            </param>
          </params>
          <reporter-output>
          </reporter-output>
        </test-method> <!-- afterEachMethod -->
        <test-method status="PASS" signature="endTestCase(java.lang.reflect.Method)[pri:0, instance:com.tetherfi.test.ivr.CallBackAnnouncementTest@50850539]" name="endTestCase" is-config="true" duration-ms="1" started-at="2019-09-04T17:23:40 IST" finished-at="2019-09-04T17:23:40 IST">
          <params>
            <param index="0">
              <value>
                <![CDATA[public void com.tetherfi.test.ivr.CallBackAnnouncementTest.AddNewCallbackAnnouncementWithoutLanguage() throws java.lang.Exception]]>
              </value>
            </param>
          </params>
          <reporter-output>
          </reporter-output>
        </test-method> <!-- endTestCase -->
        <test-method status="PASS" signature="startTestCase(java.lang.reflect.Method)[pri:0, instance:com.tetherfi.test.ivr.CallBackAnnouncementTest@50850539]" name="startTestCase" is-config="true" duration-ms="1" started-at="2019-09-04T17:23:40 IST" finished-at="2019-09-04T17:23:40 IST">
          <params>
            <param index="0">
              <value>
                <![CDATA[public void com.tetherfi.test.ivr.CallBackAnnouncementTest.EditCallBackAnnouncementRecord() throws java.lang.Exception]]>
              </value>
            </param>
          </params>
          <reporter-output>
          </reporter-output>
        </test-method> <!-- startTestCase -->
        <test-method status="PASS" signature="NavigateToCallBackAnnouncementPage()[pri:0, instance:com.tetherfi.test.ivr.CallBackAnnouncementTest@50850539]" name="NavigateToCallBackAnnouncementPage" is-config="true" duration-ms="5954" started-at="2019-09-04T17:23:40 IST" finished-at="2019-09-04T17:23:46 IST">
          <reporter-output>
          </reporter-output>
        </test-method> <!-- NavigateToCallBackAnnouncementPage -->
        <test-method status="PASS" signature="EditCallBackAnnouncementRecord()[pri:13, instance:com.tetherfi.test.ivr.CallBackAnnouncementTest@50850539]" name="EditCallBackAnnouncementRecord" duration-ms="8992" started-at="2019-09-04T17:23:46 IST" finished-at="2019-09-04T17:23:55 IST">
          <reporter-output>
          </reporter-output>
        </test-method> <!-- EditCallBackAnnouncementRecord -->
        <test-method status="PASS" signature="afterEachMethod(java.lang.reflect.Method)[pri:0, instance:com.tetherfi.test.ivr.CallBackAnnouncementTest@50850539]" name="afterEachMethod" is-config="true" duration-ms="2082" started-at="2019-09-04T17:23:55 IST" finished-at="2019-09-04T17:23:57 IST">
          <params>
            <param index="0">
              <value>
                <![CDATA[public void com.tetherfi.test.ivr.CallBackAnnouncementTest.EditCallBackAnnouncementRecord() throws java.lang.Exception]]>
              </value>
            </param>
          </params>
          <reporter-output>
          </reporter-output>
        </test-method> <!-- afterEachMethod -->
        <test-method status="PASS" signature="endTestCase(java.lang.reflect.Method)[pri:0, instance:com.tetherfi.test.ivr.CallBackAnnouncementTest@50850539]" name="endTestCase" is-config="true" duration-ms="1" started-at="2019-09-04T17:23:57 IST" finished-at="2019-09-04T17:23:57 IST">
          <params>
            <param index="0">
              <value>
                <![CDATA[public void com.tetherfi.test.ivr.CallBackAnnouncementTest.EditCallBackAnnouncementRecord() throws java.lang.Exception]]>
              </value>
            </param>
          </params>
          <reporter-output>
          </reporter-output>
        </test-method> <!-- endTestCase -->
        <test-method status="PASS" signature="startTestCase(java.lang.reflect.Method)[pri:0, instance:com.tetherfi.test.ivr.CallBackAnnouncementTest@50850539]" name="startTestCase" is-config="true" duration-ms="1" started-at="2019-09-04T17:23:57 IST" finished-at="2019-09-04T17:23:57 IST">
          <params>
            <param index="0">
              <value>
                <![CDATA[public void com.tetherfi.test.ivr.CallBackAnnouncementTest.VerifyAuditTrialReportForUpdate() throws java.lang.Exception]]>
              </value>
            </param>
          </params>
          <reporter-output>
          </reporter-output>
        </test-method> <!-- startTestCase -->
        <test-method status="PASS" signature="NavigateToCallBackAnnouncementPage()[pri:0, instance:com.tetherfi.test.ivr.CallBackAnnouncementTest@50850539]" name="NavigateToCallBackAnnouncementPage" is-config="true" duration-ms="6159" started-at="2019-09-04T17:23:57 IST" finished-at="2019-09-04T17:24:03 IST">
          <reporter-output>
          </reporter-output>
        </test-method> <!-- NavigateToCallBackAnnouncementPage -->
        <test-method status="PASS" signature="VerifyAuditTrialReportForUpdate()[pri:14, instance:com.tetherfi.test.ivr.CallBackAnnouncementTest@50850539]" name="VerifyAuditTrialReportForUpdate" duration-ms="23636" started-at="2019-09-04T17:24:03 IST" finished-at="2019-09-04T17:24:27 IST">
          <reporter-output>
          </reporter-output>
        </test-method> <!-- VerifyAuditTrialReportForUpdate -->
        <test-method status="PASS" signature="afterEachMethod(java.lang.reflect.Method)[pri:0, instance:com.tetherfi.test.ivr.CallBackAnnouncementTest@50850539]" name="afterEachMethod" is-config="true" duration-ms="2107" started-at="2019-09-04T17:24:27 IST" finished-at="2019-09-04T17:24:29 IST">
          <params>
            <param index="0">
              <value>
                <![CDATA[public void com.tetherfi.test.ivr.CallBackAnnouncementTest.VerifyAuditTrialReportForUpdate() throws java.lang.Exception]]>
              </value>
            </param>
          </params>
          <reporter-output>
          </reporter-output>
        </test-method> <!-- afterEachMethod -->
        <test-method status="PASS" signature="endTestCase(java.lang.reflect.Method)[pri:0, instance:com.tetherfi.test.ivr.CallBackAnnouncementTest@50850539]" name="endTestCase" is-config="true" duration-ms="1" started-at="2019-09-04T17:24:29 IST" finished-at="2019-09-04T17:24:29 IST">
          <params>
            <param index="0">
              <value>
                <![CDATA[public void com.tetherfi.test.ivr.CallBackAnnouncementTest.VerifyAuditTrialReportForUpdate() throws java.lang.Exception]]>
              </value>
            </param>
          </params>
          <reporter-output>
          </reporter-output>
        </test-method> <!-- endTestCase -->
        <test-method status="PASS" signature="startTestCase(java.lang.reflect.Method)[pri:0, instance:com.tetherfi.test.ivr.CallBackAnnouncementTest@50850539]" name="startTestCase" is-config="true" duration-ms="1" started-at="2019-09-04T17:24:29 IST" finished-at="2019-09-04T17:24:29 IST">
          <params>
            <param index="0">
              <value>
                <![CDATA[public void com.tetherfi.test.ivr.CallBackAnnouncementTest.EditWithoutModifyReasonCallbackannouncementRecord() throws java.lang.Exception]]>
              </value>
            </param>
          </params>
          <reporter-output>
          </reporter-output>
        </test-method> <!-- startTestCase -->
        <test-method status="PASS" signature="NavigateToCallBackAnnouncementPage()[pri:0, instance:com.tetherfi.test.ivr.CallBackAnnouncementTest@50850539]" name="NavigateToCallBackAnnouncementPage" is-config="true" duration-ms="8037" started-at="2019-09-04T17:24:29 IST" finished-at="2019-09-04T17:24:37 IST">
          <reporter-output>
          </reporter-output>
        </test-method> <!-- NavigateToCallBackAnnouncementPage -->
        <test-method status="PASS" signature="EditWithoutModifyReasonCallbackannouncementRecord()[pri:15, instance:com.tetherfi.test.ivr.CallBackAnnouncementTest@50850539]" name="EditWithoutModifyReasonCallbackannouncementRecord" duration-ms="8674" started-at="2019-09-04T17:24:37 IST" finished-at="2019-09-04T17:24:46 IST">
          <reporter-output>
          </reporter-output>
        </test-method> <!-- EditWithoutModifyReasonCallbackannouncementRecord -->
        <test-method status="PASS" signature="afterEachMethod(java.lang.reflect.Method)[pri:0, instance:com.tetherfi.test.ivr.CallBackAnnouncementTest@50850539]" name="afterEachMethod" is-config="true" duration-ms="561" started-at="2019-09-04T17:24:46 IST" finished-at="2019-09-04T17:24:46 IST">
          <params>
            <param index="0">
              <value>
                <![CDATA[public void com.tetherfi.test.ivr.CallBackAnnouncementTest.EditWithoutModifyReasonCallbackannouncementRecord() throws java.lang.Exception]]>
              </value>
            </param>
          </params>
          <reporter-output>
          </reporter-output>
        </test-method> <!-- afterEachMethod -->
        <test-method status="PASS" signature="endTestCase(java.lang.reflect.Method)[pri:0, instance:com.tetherfi.test.ivr.CallBackAnnouncementTest@50850539]" name="endTestCase" is-config="true" duration-ms="0" started-at="2019-09-04T17:24:46 IST" finished-at="2019-09-04T17:24:46 IST">
          <params>
            <param index="0">
              <value>
                <![CDATA[public void com.tetherfi.test.ivr.CallBackAnnouncementTest.EditWithoutModifyReasonCallbackannouncementRecord() throws java.lang.Exception]]>
              </value>
            </param>
          </params>
          <reporter-output>
          </reporter-output>
        </test-method> <!-- endTestCase -->
        <test-method status="PASS" signature="startTestCase(java.lang.reflect.Method)[pri:0, instance:com.tetherfi.test.ivr.CallBackAnnouncementTest@50850539]" name="startTestCase" is-config="true" duration-ms="1" started-at="2019-09-04T17:24:46 IST" finished-at="2019-09-04T17:24:46 IST">
          <params>
            <param index="0">
              <value>
                <![CDATA[public void com.tetherfi.test.ivr.CallBackAnnouncementTest.VerifyCancelButtonAtEditCallbackAnnouncementRecord() throws java.lang.Exception]]>
              </value>
            </param>
          </params>
          <reporter-output>
          </reporter-output>
        </test-method> <!-- startTestCase -->
        <test-method status="PASS" signature="NavigateToCallBackAnnouncementPage()[pri:0, instance:com.tetherfi.test.ivr.CallBackAnnouncementTest@50850539]" name="NavigateToCallBackAnnouncementPage" is-config="true" duration-ms="6727" started-at="2019-09-04T17:24:46 IST" finished-at="2019-09-04T17:24:53 IST">
          <reporter-output>
          </reporter-output>
        </test-method> <!-- NavigateToCallBackAnnouncementPage -->
        <test-method status="PASS" signature="VerifyCancelButtonAtEditCallbackAnnouncementRecord()[pri:16, instance:com.tetherfi.test.ivr.CallBackAnnouncementTest@50850539]" name="VerifyCancelButtonAtEditCallbackAnnouncementRecord" duration-ms="8876" started-at="2019-09-04T17:24:53 IST" finished-at="2019-09-04T17:25:02 IST">
          <reporter-output>
          </reporter-output>
        </test-method> <!-- VerifyCancelButtonAtEditCallbackAnnouncementRecord -->
        <test-method status="PASS" signature="afterEachMethod(java.lang.reflect.Method)[pri:0, instance:com.tetherfi.test.ivr.CallBackAnnouncementTest@50850539]" name="afterEachMethod" is-config="true" duration-ms="1931" started-at="2019-09-04T17:25:02 IST" finished-at="2019-09-04T17:25:04 IST">
          <params>
            <param index="0">
              <value>
                <![CDATA[public void com.tetherfi.test.ivr.CallBackAnnouncementTest.VerifyCancelButtonAtEditCallbackAnnouncementRecord() throws java.lang.Exception]]>
              </value>
            </param>
          </params>
          <reporter-output>
          </reporter-output>
        </test-method> <!-- afterEachMethod -->
        <test-method status="PASS" signature="endTestCase(java.lang.reflect.Method)[pri:0, instance:com.tetherfi.test.ivr.CallBackAnnouncementTest@50850539]" name="endTestCase" is-config="true" duration-ms="0" started-at="2019-09-04T17:25:04 IST" finished-at="2019-09-04T17:25:04 IST">
          <params>
            <param index="0">
              <value>
                <![CDATA[public void com.tetherfi.test.ivr.CallBackAnnouncementTest.VerifyCancelButtonAtEditCallbackAnnouncementRecord() throws java.lang.Exception]]>
              </value>
            </param>
          </params>
          <reporter-output>
          </reporter-output>
        </test-method> <!-- endTestCase -->
        <test-method status="PASS" signature="startTestCase(java.lang.reflect.Method)[pri:0, instance:com.tetherfi.test.ivr.CallBackAnnouncementTest@50850539]" name="startTestCase" is-config="true" duration-ms="1" started-at="2019-09-04T17:25:04 IST" finished-at="2019-09-04T17:25:04 IST">
          <params>
            <param index="0">
              <value>
                <![CDATA[public void com.tetherfi.test.ivr.CallBackAnnouncementTest.searchPage() throws java.lang.Exception]]>
              </value>
            </param>
          </params>
          <reporter-output>
          </reporter-output>
        </test-method> <!-- startTestCase -->
        <test-method status="PASS" signature="NavigateToCallBackAnnouncementPage()[pri:0, instance:com.tetherfi.test.ivr.CallBackAnnouncementTest@50850539]" name="NavigateToCallBackAnnouncementPage" is-config="true" duration-ms="6472" started-at="2019-09-04T17:25:04 IST" finished-at="2019-09-04T17:25:10 IST">
          <reporter-output>
          </reporter-output>
        </test-method> <!-- NavigateToCallBackAnnouncementPage -->
        <test-method status="PASS" signature="searchPage()[pri:17, instance:com.tetherfi.test.ivr.CallBackAnnouncementTest@50850539]" name="searchPage" duration-ms="4307" started-at="2019-09-04T17:25:10 IST" finished-at="2019-09-04T17:25:14 IST">
          <reporter-output>
          </reporter-output>
        </test-method> <!-- searchPage -->
        <test-method status="PASS" signature="afterEachMethod(java.lang.reflect.Method)[pri:0, instance:com.tetherfi.test.ivr.CallBackAnnouncementTest@50850539]" name="afterEachMethod" is-config="true" duration-ms="1901" started-at="2019-09-04T17:25:14 IST" finished-at="2019-09-04T17:25:16 IST">
          <params>
            <param index="0">
              <value>
                <![CDATA[public void com.tetherfi.test.ivr.CallBackAnnouncementTest.searchPage() throws java.lang.Exception]]>
              </value>
            </param>
          </params>
          <reporter-output>
          </reporter-output>
        </test-method> <!-- afterEachMethod -->
        <test-method status="PASS" signature="endTestCase(java.lang.reflect.Method)[pri:0, instance:com.tetherfi.test.ivr.CallBackAnnouncementTest@50850539]" name="endTestCase" is-config="true" duration-ms="0" started-at="2019-09-04T17:25:16 IST" finished-at="2019-09-04T17:25:16 IST">
          <params>
            <param index="0">
              <value>
                <![CDATA[public void com.tetherfi.test.ivr.CallBackAnnouncementTest.searchPage() throws java.lang.Exception]]>
              </value>
            </param>
          </params>
          <reporter-output>
          </reporter-output>
        </test-method> <!-- endTestCase -->
        <test-method status="PASS" signature="startTestCase(java.lang.reflect.Method)[pri:0, instance:com.tetherfi.test.ivr.CallBackAnnouncementTest@50850539]" name="startTestCase" is-config="true" duration-ms="1" started-at="2019-09-04T17:25:16 IST" finished-at="2019-09-04T17:25:16 IST">
          <params>
            <param index="0">
              <value>
                <![CDATA[public void com.tetherfi.test.ivr.CallBackAnnouncementTest.searchwithoutSearchTextbox() throws java.io.IOException]]>
              </value>
            </param>
          </params>
          <reporter-output>
          </reporter-output>
        </test-method> <!-- startTestCase -->
        <test-method status="PASS" signature="NavigateToCallBackAnnouncementPage()[pri:0, instance:com.tetherfi.test.ivr.CallBackAnnouncementTest@50850539]" name="NavigateToCallBackAnnouncementPage" is-config="true" duration-ms="6228" started-at="2019-09-04T17:25:16 IST" finished-at="2019-09-04T17:25:23 IST">
          <reporter-output>
          </reporter-output>
        </test-method> <!-- NavigateToCallBackAnnouncementPage -->
        <test-method status="PASS" signature="searchwithoutSearchTextbox()[pri:18, instance:com.tetherfi.test.ivr.CallBackAnnouncementTest@50850539]" name="searchwithoutSearchTextbox" duration-ms="3677" started-at="2019-09-04T17:25:23 IST" finished-at="2019-09-04T17:25:26 IST">
          <reporter-output>
          </reporter-output>
        </test-method> <!-- searchwithoutSearchTextbox -->
        <test-method status="PASS" signature="afterEachMethod(java.lang.reflect.Method)[pri:0, instance:com.tetherfi.test.ivr.CallBackAnnouncementTest@50850539]" name="afterEachMethod" is-config="true" duration-ms="2248" started-at="2019-09-04T17:25:26 IST" finished-at="2019-09-04T17:25:29 IST">
          <params>
            <param index="0">
              <value>
                <![CDATA[public void com.tetherfi.test.ivr.CallBackAnnouncementTest.searchwithoutSearchTextbox() throws java.io.IOException]]>
              </value>
            </param>
          </params>
          <reporter-output>
          </reporter-output>
        </test-method> <!-- afterEachMethod -->
        <test-method status="PASS" signature="endTestCase(java.lang.reflect.Method)[pri:0, instance:com.tetherfi.test.ivr.CallBackAnnouncementTest@50850539]" name="endTestCase" is-config="true" duration-ms="3" started-at="2019-09-04T17:25:29 IST" finished-at="2019-09-04T17:25:29 IST">
          <params>
            <param index="0">
              <value>
                <![CDATA[public void com.tetherfi.test.ivr.CallBackAnnouncementTest.searchwithoutSearchTextbox() throws java.io.IOException]]>
              </value>
            </param>
          </params>
          <reporter-output>
          </reporter-output>
        </test-method> <!-- endTestCase -->
        <test-method status="PASS" signature="startTestCase(java.lang.reflect.Method)[pri:0, instance:com.tetherfi.test.ivr.CallBackAnnouncementTest@50850539]" name="startTestCase" is-config="true" duration-ms="0" started-at="2019-09-04T17:25:29 IST" finished-at="2019-09-04T17:25:29 IST">
          <params>
            <param index="0">
              <value>
                <![CDATA[public void com.tetherfi.test.ivr.CallBackAnnouncementTest.DeleteWithoutDeleteReasonRecord() throws java.lang.Exception]]>
              </value>
            </param>
          </params>
          <reporter-output>
          </reporter-output>
        </test-method> <!-- startTestCase -->
        <test-method status="PASS" signature="NavigateToCallBackAnnouncementPage()[pri:0, instance:com.tetherfi.test.ivr.CallBackAnnouncementTest@50850539]" name="NavigateToCallBackAnnouncementPage" is-config="true" duration-ms="5903" started-at="2019-09-04T17:25:29 IST" finished-at="2019-09-04T17:25:34 IST">
          <reporter-output>
          </reporter-output>
        </test-method> <!-- NavigateToCallBackAnnouncementPage -->
        <test-method status="PASS" signature="DeleteWithoutDeleteReasonRecord()[pri:19, instance:com.tetherfi.test.ivr.CallBackAnnouncementTest@50850539]" name="DeleteWithoutDeleteReasonRecord" duration-ms="5946" started-at="2019-09-04T17:25:34 IST" finished-at="2019-09-04T17:25:40 IST">
          <reporter-output>
          </reporter-output>
        </test-method> <!-- DeleteWithoutDeleteReasonRecord -->
        <test-method status="PASS" signature="afterEachMethod(java.lang.reflect.Method)[pri:0, instance:com.tetherfi.test.ivr.CallBackAnnouncementTest@50850539]" name="afterEachMethod" is-config="true" duration-ms="552" started-at="2019-09-04T17:25:40 IST" finished-at="2019-09-04T17:25:41 IST">
          <params>
            <param index="0">
              <value>
                <![CDATA[public void com.tetherfi.test.ivr.CallBackAnnouncementTest.DeleteWithoutDeleteReasonRecord() throws java.lang.Exception]]>
              </value>
            </param>
          </params>
          <reporter-output>
          </reporter-output>
        </test-method> <!-- afterEachMethod -->
        <test-method status="PASS" signature="endTestCase(java.lang.reflect.Method)[pri:0, instance:com.tetherfi.test.ivr.CallBackAnnouncementTest@50850539]" name="endTestCase" is-config="true" duration-ms="1" started-at="2019-09-04T17:25:41 IST" finished-at="2019-09-04T17:25:41 IST">
          <params>
            <param index="0">
              <value>
                <![CDATA[public void com.tetherfi.test.ivr.CallBackAnnouncementTest.DeleteWithoutDeleteReasonRecord() throws java.lang.Exception]]>
              </value>
            </param>
          </params>
          <reporter-output>
          </reporter-output>
        </test-method> <!-- endTestCase -->
        <test-method status="PASS" signature="startTestCase(java.lang.reflect.Method)[pri:0, instance:com.tetherfi.test.ivr.CallBackAnnouncementTest@50850539]" name="startTestCase" is-config="true" duration-ms="0" started-at="2019-09-04T17:25:41 IST" finished-at="2019-09-04T17:25:41 IST">
          <params>
            <param index="0">
              <value>
                <![CDATA[public void com.tetherfi.test.ivr.CallBackAnnouncementTest.VerifyCancelButtonDeleteRecord() throws java.lang.Exception]]>
              </value>
            </param>
          </params>
          <reporter-output>
          </reporter-output>
        </test-method> <!-- startTestCase -->
        <test-method status="PASS" signature="NavigateToCallBackAnnouncementPage()[pri:0, instance:com.tetherfi.test.ivr.CallBackAnnouncementTest@50850539]" name="NavigateToCallBackAnnouncementPage" is-config="true" duration-ms="8135" started-at="2019-09-04T17:25:41 IST" finished-at="2019-09-04T17:25:49 IST">
          <reporter-output>
          </reporter-output>
        </test-method> <!-- NavigateToCallBackAnnouncementPage -->
        <test-method status="PASS" signature="VerifyCancelButtonDeleteRecord()[pri:20, instance:com.tetherfi.test.ivr.CallBackAnnouncementTest@50850539]" name="VerifyCancelButtonDeleteRecord" duration-ms="7311" started-at="2019-09-04T17:25:49 IST" depends-on-methods="com.tetherfi.test.ivr.CallBackAnnouncementTest.DeleteWithoutDeleteReasonRecord" finished-at="2019-09-04T17:25:56 IST">
          <reporter-output>
          </reporter-output>
        </test-method> <!-- VerifyCancelButtonDeleteRecord -->
        <test-method status="PASS" signature="afterEachMethod(java.lang.reflect.Method)[pri:0, instance:com.tetherfi.test.ivr.CallBackAnnouncementTest@50850539]" name="afterEachMethod" is-config="true" duration-ms="1833" started-at="2019-09-04T17:25:56 IST" finished-at="2019-09-04T17:25:58 IST">
          <params>
            <param index="0">
              <value>
                <![CDATA[public void com.tetherfi.test.ivr.CallBackAnnouncementTest.VerifyCancelButtonDeleteRecord() throws java.lang.Exception]]>
              </value>
            </param>
          </params>
          <reporter-output>
          </reporter-output>
        </test-method> <!-- afterEachMethod -->
        <test-method status="PASS" signature="endTestCase(java.lang.reflect.Method)[pri:0, instance:com.tetherfi.test.ivr.CallBackAnnouncementTest@50850539]" name="endTestCase" is-config="true" duration-ms="1" started-at="2019-09-04T17:25:58 IST" finished-at="2019-09-04T17:25:58 IST">
          <params>
            <param index="0">
              <value>
                <![CDATA[public void com.tetherfi.test.ivr.CallBackAnnouncementTest.VerifyCancelButtonDeleteRecord() throws java.lang.Exception]]>
              </value>
            </param>
          </params>
          <reporter-output>
          </reporter-output>
        </test-method> <!-- endTestCase -->
        <test-method status="PASS" signature="startTestCase(java.lang.reflect.Method)[pri:0, instance:com.tetherfi.test.ivr.CallBackAnnouncementTest@50850539]" name="startTestCase" is-config="true" duration-ms="0" started-at="2019-09-04T17:25:58 IST" finished-at="2019-09-04T17:25:58 IST">
          <params>
            <param index="0">
              <value>
                <![CDATA[public void com.tetherfi.test.ivr.CallBackAnnouncementTest.DeleteCallbackAnnouncementRecord() throws java.lang.Exception]]>
              </value>
            </param>
          </params>
          <reporter-output>
          </reporter-output>
        </test-method> <!-- startTestCase -->
        <test-method status="PASS" signature="NavigateToCallBackAnnouncementPage()[pri:0, instance:com.tetherfi.test.ivr.CallBackAnnouncementTest@50850539]" name="NavigateToCallBackAnnouncementPage" is-config="true" duration-ms="5777" started-at="2019-09-04T17:25:58 IST" finished-at="2019-09-04T17:26:04 IST">
          <reporter-output>
          </reporter-output>
        </test-method> <!-- NavigateToCallBackAnnouncementPage -->
        <test-method status="FAIL" signature="DeleteCallbackAnnouncementRecord()[pri:21, instance:com.tetherfi.test.ivr.CallBackAnnouncementTest@50850539]" name="DeleteCallbackAnnouncementRecord" duration-ms="23633" started-at="2019-09-04T17:26:04 IST" depends-on-methods="com.tetherfi.test.ivr.CallBackAnnouncementTest.VerifyCancelButtonDeleteRecord" finished-at="2019-09-04T17:26:28 IST">
          <exception class="org.openqa.selenium.TimeoutException">
            <message>
              <![CDATA[Expected condition failed: waiting for element to be clickable: [[ChromeDriver: chrome on XP (f88068e80f2e05541de52d9ab93278bb)] -> css selector: ul[id='1001sCriteria_listbox'] li] (tried for 20 second(s) with 500 milliseconds interval)
Build info: version: '3.141.59', revision: 'e82be7d358', time: '2018-11-14T08:17:03'
System info: host: 'DESKTOP-SNCCD49', ip: '192.168.1.10', os.name: 'Windows 10', os.arch: 'amd64', os.version: '10.0', java.version: '1.8.0_181'
Driver info: org.openqa.selenium.chrome.ChromeDriver
Capabilities {acceptInsecureCerts: false, browserName: chrome, browserVersion: 76.0.3809.132, chrome: {chromedriverVersion: 76.0.3809.68 (420c9498db8ce..., userDataDir: C:\Users\admin\AppData\Loca...}, goog:chromeOptions: {debuggerAddress: localhost:53654}, javascriptEnabled: true, networkConnectionEnabled: false, pageLoadStrategy: normal, platform: XP, platformName: XP, proxy: Proxy(), setWindowRect: true, strictFileInteractability: false, timeouts: {implicit: 0, pageLoad: 300000, script: 30000}, unhandledPromptBehavior: dismiss and notify}
Session ID: f88068e80f2e05541de52d9ab93278bb]]>
            </message>
            <full-stacktrace>
              <![CDATA[org.openqa.selenium.TimeoutException: Expected condition failed: waiting for element to be clickable: [[ChromeDriver: chrome on XP (f88068e80f2e05541de52d9ab93278bb)] -> css selector: ul[id='1001sCriteria_listbox'] li] (tried for 20 second(s) with 500 milliseconds interval)
Build info: version: '3.141.59', revision: 'e82be7d358', time: '2018-11-14T08:17:03'
System info: host: 'DESKTOP-SNCCD49', ip: '192.168.1.10', os.name: 'Windows 10', os.arch: 'amd64', os.version: '10.0', java.version: '1.8.0_181'
Driver info: org.openqa.selenium.chrome.ChromeDriver
Capabilities {acceptInsecureCerts: false, browserName: chrome, browserVersion: 76.0.3809.132, chrome: {chromedriverVersion: 76.0.3809.68 (420c9498db8ce..., userDataDir: C:\Users\admin\AppData\Loca...}, goog:chromeOptions: {debuggerAddress: localhost:53654}, javascriptEnabled: true, networkConnectionEnabled: false, pageLoadStrategy: normal, platform: XP, platformName: XP, proxy: Proxy(), setWindowRect: true, strictFileInteractability: false, timeouts: {implicit: 0, pageLoad: 300000, script: 30000}, unhandledPromptBehavior: dismiss and notify}
Session ID: f88068e80f2e05541de52d9ab93278bb
at org.openqa.selenium.support.ui.WebDriverWait.timeoutException(WebDriverWait.java:95)
at org.openqa.selenium.support.ui.FluentWait.until(FluentWait.java:272)
at com.tetherfi.pages.BasePage.waitUntilWebElementListIsClickable(BasePage.java:259)
at com.tetherfi.pages.BasePage.selectDropdownFromVisibleText(BasePage.java:329)
at com.tetherfi.pages.CallbackAnnouncementPage.searchCallbackAnnouncementRecord(CallbackAnnouncementPage.java:390)
at com.tetherfi.pages.CallbackAnnouncementPage.deleteCallbackAnnouncementRecord(CallbackAnnouncementPage.java:821)
at com.tetherfi.test.ivr.CallBackAnnouncementTest.DeleteCallbackAnnouncementRecord(CallBackAnnouncementTest.java:249)
at sun.reflect.NativeMethodAccessorImpl.invoke0(Native Method)
at sun.reflect.NativeMethodAccessorImpl.invoke(Unknown Source)
at sun.reflect.DelegatingMethodAccessorImpl.invoke(Unknown Source)
at java.lang.reflect.Method.invoke(Unknown Source)
at org.testng.internal.MethodInvocationHelper.invokeMethod(MethodInvocationHelper.java:133)
at org.testng.internal.TestInvoker.invokeMethod(TestInvoker.java:584)
at org.testng.internal.TestInvoker.invokeTestMethod(TestInvoker.java:172)
at org.testng.internal.MethodRunner.runInSequence(MethodRunner.java:46)
at org.testng.internal.TestInvoker$MethodInvocationAgent.invoke(TestInvoker.java:804)
at org.testng.internal.TestInvoker.invokeTestMethods(TestInvoker.java:145)
at org.testng.internal.TestMethodWorker.invokeTestMethods(TestMethodWorker.java:146)
at org.testng.internal.TestMethodWorker.run(TestMethodWorker.java:128)
at java.util.ArrayList.forEach(Unknown Source)
at org.testng.TestRunner.privateRun(TestRunner.java:770)
at org.testng.TestRunner.run(TestRunner.java:591)
at org.testng.SuiteRunner.runTest(SuiteRunner.java:402)
at org.testng.SuiteRunner.runSequentially(SuiteRunner.java:396)
at org.testng.SuiteRunner.privateRun(SuiteRunner.java:355)
at org.testng.SuiteRunner.run(SuiteRunner.java:304)
at org.testng.SuiteRunnerWorker.runSuite(SuiteRunnerWorker.java:53)
at org.testng.SuiteRunnerWorker.run(SuiteRunnerWorker.java:96)
at org.testng.TestNG.runSuitesSequentially(TestNG.java:1180)
at org.testng.TestNG.runSuitesLocally(TestNG.java:1102)
at org.testng.TestNG.runSuites(TestNG.java:1032)
at org.testng.TestNG.run(TestNG.java:1000)
at org.testng.remote.AbstractRemoteTestNG.run(AbstractRemoteTestNG.java:115)
at org.testng.remote.RemoteTestNG.initAndRun(RemoteTestNG.java:251)
at org.testng.remote.RemoteTestNG.main(RemoteTestNG.java:77)
]]>
            </full-stacktrace>
          </exception> <!-- org.openqa.selenium.TimeoutException -->
          <reporter-output>
          </reporter-output>
        </test-method> <!-- DeleteCallbackAnnouncementRecord -->
        <test-method status="PASS" signature="afterEachMethod(java.lang.reflect.Method)[pri:0, instance:com.tetherfi.test.ivr.CallBackAnnouncementTest@50850539]" name="afterEachMethod" is-config="true" duration-ms="2700" started-at="2019-09-04T17:26:28 IST" finished-at="2019-09-04T17:26:30 IST">
          <params>
            <param index="0">
              <value>
                <![CDATA[public void com.tetherfi.test.ivr.CallBackAnnouncementTest.DeleteCallbackAnnouncementRecord() throws java.lang.Exception]]>
              </value>
            </param>
          </params>
          <reporter-output>
          </reporter-output>
        </test-method> <!-- afterEachMethod -->
        <test-method status="PASS" signature="endTestCase(java.lang.reflect.Method)[pri:0, instance:com.tetherfi.test.ivr.CallBackAnnouncementTest@50850539]" name="endTestCase" is-config="true" duration-ms="0" started-at="2019-09-04T17:26:30 IST" finished-at="2019-09-04T17:26:30 IST">
          <params>
            <param index="0">
              <value>
                <![CDATA[public void com.tetherfi.test.ivr.CallBackAnnouncementTest.DeleteCallbackAnnouncementRecord() throws java.lang.Exception]]>
              </value>
            </param>
          </params>
          <reporter-output>
          </reporter-output>
        </test-method> <!-- endTestCase -->
        <test-method status="SKIP" signature="VerifyAuditTrialReportForDelete()[pri:22, instance:com.tetherfi.test.ivr.CallBackAnnouncementTest@50850539]" name="VerifyAuditTrialReportForDelete" duration-ms="0" started-at="2019-09-04T17:26:30 IST" depends-on-methods="com.tetherfi.test.ivr.CallBackAnnouncementTest.DeleteCallbackAnnouncementRecord" finished-at="2019-09-04T17:26:30 IST">
          <exception class="java.lang.Throwable">
            <message>
              <![CDATA[Method CallBackAnnouncementTest.VerifyAuditTrialReportForDelete()[pri:22, instance:com.tetherfi.test.ivr.CallBackAnnouncementTest@50850539] depends on not successfully finished methods]]>
            </message>
            <full-stacktrace>
              <![CDATA[java.lang.Throwable: Method CallBackAnnouncementTest.VerifyAuditTrialReportForDelete()[pri:22, instance:com.tetherfi.test.ivr.CallBackAnnouncementTest@50850539] depends on not successfully finished methods
at org.testng.internal.TestInvoker.invokeTestMethods(TestInvoker.java:99)
at org.testng.internal.TestMethodWorker.invokeTestMethods(TestMethodWorker.java:146)
at org.testng.internal.TestMethodWorker.run(TestMethodWorker.java:128)
at java.util.ArrayList.forEach(Unknown Source)
at org.testng.TestRunner.privateRun(TestRunner.java:770)
at org.testng.TestRunner.run(TestRunner.java:591)
at org.testng.SuiteRunner.runTest(SuiteRunner.java:402)
at org.testng.SuiteRunner.runSequentially(SuiteRunner.java:396)
at org.testng.SuiteRunner.privateRun(SuiteRunner.java:355)
at org.testng.SuiteRunner.run(SuiteRunner.java:304)
at org.testng.SuiteRunnerWorker.runSuite(SuiteRunnerWorker.java:53)
at org.testng.SuiteRunnerWorker.run(SuiteRunnerWorker.java:96)
at org.testng.TestNG.runSuitesSequentially(TestNG.java:1180)
at org.testng.TestNG.runSuitesLocally(TestNG.java:1102)
at org.testng.TestNG.runSuites(TestNG.java:1032)
at org.testng.TestNG.run(TestNG.java:1000)
at org.testng.remote.AbstractRemoteTestNG.run(AbstractRemoteTestNG.java:115)
at org.testng.remote.RemoteTestNG.initAndRun(RemoteTestNG.java:251)
at org.testng.remote.RemoteTestNG.main(RemoteTestNG.java:77)
]]>
            </full-stacktrace>
          </exception> <!-- java.lang.Throwable -->
          <reporter-output>
          </reporter-output>
        </test-method> <!-- VerifyAuditTrialReportForDelete -->
        <test-method status="PASS" signature="NavigateToCallBackAnnouncementPage()[pri:0, instance:com.tetherfi.test.ivr.CallBackAnnouncementTest@50850539]" name="NavigateToCallBackAnnouncementPage" is-config="true" duration-ms="5759" started-at="2019-09-04T17:26:30 IST" finished-at="2019-09-04T17:26:36 IST">
          <reporter-output>
          </reporter-output>
        </test-method> <!-- NavigateToCallBackAnnouncementPage -->
        <test-method status="PASS" signature="startTestCase(java.lang.reflect.Method)[pri:0, instance:com.tetherfi.test.ivr.CallBackAnnouncementTest@50850539]" name="startTestCase" is-config="true" duration-ms="0" started-at="2019-09-04T17:26:30 IST" finished-at="2019-09-04T17:26:30 IST">
          <params>
            <param index="0">
              <value>
                <![CDATA[public void com.tetherfi.test.ivr.CallBackAnnouncementTest.ExportToExcel() throws java.lang.Exception]]>
              </value>
            </param>
          </params>
          <reporter-output>
          </reporter-output>
        </test-method> <!-- startTestCase -->
        <test-method status="PASS" signature="ExportToExcel()[pri:23, instance:com.tetherfi.test.ivr.CallBackAnnouncementTest@50850539]" name="ExportToExcel" duration-ms="2400" started-at="2019-09-04T17:26:36 IST" finished-at="2019-09-04T17:26:39 IST">
          <reporter-output>
          </reporter-output>
        </test-method> <!-- ExportToExcel -->
        <test-method status="PASS" signature="afterEachMethod(java.lang.reflect.Method)[pri:0, instance:com.tetherfi.test.ivr.CallBackAnnouncementTest@50850539]" name="afterEachMethod" is-config="true" duration-ms="1795" started-at="2019-09-04T17:26:39 IST" finished-at="2019-09-04T17:26:40 IST">
          <params>
            <param index="0">
              <value>
                <![CDATA[public void com.tetherfi.test.ivr.CallBackAnnouncementTest.ExportToExcel() throws java.lang.Exception]]>
              </value>
            </param>
          </params>
          <reporter-output>
          </reporter-output>
        </test-method> <!-- afterEachMethod -->
        <test-method status="PASS" signature="endTestCase(java.lang.reflect.Method)[pri:0, instance:com.tetherfi.test.ivr.CallBackAnnouncementTest@50850539]" name="endTestCase" is-config="true" duration-ms="0" started-at="2019-09-04T17:26:40 IST" finished-at="2019-09-04T17:26:40 IST">
          <params>
            <param index="0">
              <value>
                <![CDATA[public void com.tetherfi.test.ivr.CallBackAnnouncementTest.ExportToExcel() throws java.lang.Exception]]>
              </value>
            </param>
          </params>
          <reporter-output>
          </reporter-output>
        </test-method> <!-- endTestCase -->
        <test-method status="PASS" signature="NavigateToCallBackAnnouncementPage()[pri:0, instance:com.tetherfi.test.ivr.CallBackAnnouncementTest@50850539]" name="NavigateToCallBackAnnouncementPage" is-config="true" duration-ms="5545" started-at="2019-09-04T17:26:40 IST" finished-at="2019-09-04T17:26:46 IST">
          <reporter-output>
          </reporter-output>
        </test-method> <!-- NavigateToCallBackAnnouncementPage -->
        <test-method status="PASS" signature="startTestCase(java.lang.reflect.Method)[pri:0, instance:com.tetherfi.test.ivr.CallBackAnnouncementTest@50850539]" name="startTestCase" is-config="true" duration-ms="0" started-at="2019-09-04T17:26:40 IST" finished-at="2019-09-04T17:26:40 IST">
          <params>
            <param index="0">
              <value>
                <![CDATA[public void com.tetherfi.test.ivr.CallBackAnnouncementTest.ExportToExcelData() throws java.lang.Exception]]>
              </value>
            </param>
          </params>
          <reporter-output>
          </reporter-output>
        </test-method> <!-- startTestCase -->
        <test-method status="FAIL" signature="ExportToExcelData()[pri:24, instance:com.tetherfi.test.ivr.CallBackAnnouncementTest@50850539]" name="ExportToExcelData" duration-ms="2080" started-at="2019-09-04T17:26:46 IST" finished-at="2019-09-04T17:26:48 IST">
          <exception class="java.lang.AssertionError">
            <message>
              <![CDATA[did not expect to find [true] but found [false]]]>
            </message>
            <full-stacktrace>
              <![CDATA[java.lang.AssertionError: did not expect to find [true] but found [false]
at org.testng.Assert.fail(Assert.java:97)
at org.testng.Assert.failNotEquals(Assert.java:969)
at org.testng.Assert.assertTrue(Assert.java:43)
at org.testng.Assert.assertTrue(Assert.java:53)
at com.tetherfi.test.ivr.CallBackAnnouncementTest.ExportToExcelData(CallBackAnnouncementTest.java:281)
at sun.reflect.NativeMethodAccessorImpl.invoke0(Native Method)
at sun.reflect.NativeMethodAccessorImpl.invoke(Unknown Source)
at sun.reflect.DelegatingMethodAccessorImpl.invoke(Unknown Source)
at java.lang.reflect.Method.invoke(Unknown Source)
at org.testng.internal.MethodInvocationHelper.invokeMethod(MethodInvocationHelper.java:133)
at org.testng.internal.TestInvoker.invokeMethod(TestInvoker.java:584)
at org.testng.internal.TestInvoker.invokeTestMethod(TestInvoker.java:172)
at org.testng.internal.MethodRunner.runInSequence(MethodRunner.java:46)
at org.testng.internal.TestInvoker$MethodInvocationAgent.invoke(TestInvoker.java:804)
at org.testng.internal.TestInvoker.invokeTestMethods(TestInvoker.java:145)
at org.testng.internal.TestMethodWorker.invokeTestMethods(TestMethodWorker.java:146)
at org.testng.internal.TestMethodWorker.run(TestMethodWorker.java:128)
at java.util.ArrayList.forEach(Unknown Source)
at org.testng.TestRunner.privateRun(TestRunner.java:770)
at org.testng.TestRunner.run(TestRunner.java:591)
at org.testng.SuiteRunner.runTest(SuiteRunner.java:402)
at org.testng.SuiteRunner.runSequentially(SuiteRunner.java:396)
at org.testng.SuiteRunner.privateRun(SuiteRunner.java:355)
at org.testng.SuiteRunner.run(SuiteRunner.java:304)
at org.testng.SuiteRunnerWorker.runSuite(SuiteRunnerWorker.java:53)
at org.testng.SuiteRunnerWorker.run(SuiteRunnerWorker.java:96)
at org.testng.TestNG.runSuitesSequentially(TestNG.java:1180)
at org.testng.TestNG.runSuitesLocally(TestNG.java:1102)
at org.testng.TestNG.runSuites(TestNG.java:1032)
at org.testng.TestNG.run(TestNG.java:1000)
at org.testng.remote.AbstractRemoteTestNG.run(AbstractRemoteTestNG.java:115)
at org.testng.remote.RemoteTestNG.initAndRun(RemoteTestNG.java:251)
at org.testng.remote.RemoteTestNG.main(RemoteTestNG.java:77)
]]>
            </full-stacktrace>
          </exception> <!-- java.lang.AssertionError -->
          <reporter-output>
          </reporter-output>
        </test-method> <!-- ExportToExcelData -->
        <test-method status="PASS" signature="afterEachMethod(java.lang.reflect.Method)[pri:0, instance:com.tetherfi.test.ivr.CallBackAnnouncementTest@50850539]" name="afterEachMethod" is-config="true" duration-ms="1742" started-at="2019-09-04T17:26:48 IST" finished-at="2019-09-04T17:26:50 IST">
          <params>
            <param index="0">
              <value>
                <![CDATA[public void com.tetherfi.test.ivr.CallBackAnnouncementTest.ExportToExcelData() throws java.lang.Exception]]>
              </value>
            </param>
          </params>
          <reporter-output>
          </reporter-output>
        </test-method> <!-- afterEachMethod -->
        <test-method status="PASS" signature="endTestCase(java.lang.reflect.Method)[pri:0, instance:com.tetherfi.test.ivr.CallBackAnnouncementTest@50850539]" name="endTestCase" is-config="true" duration-ms="1" started-at="2019-09-04T17:26:50 IST" finished-at="2019-09-04T17:26:50 IST">
          <params>
            <param index="0">
              <value>
                <![CDATA[public void com.tetherfi.test.ivr.CallBackAnnouncementTest.ExportToExcelData() throws java.lang.Exception]]>
              </value>
            </param>
          </params>
          <reporter-output>
          </reporter-output>
        </test-method> <!-- endTestCase -->
        <test-method status="PASS" signature="NavigateToCallBackAnnouncementPage()[pri:0, instance:com.tetherfi.test.ivr.CallBackAnnouncementTest@50850539]" name="NavigateToCallBackAnnouncementPage" is-config="true" duration-ms="5611" started-at="2019-09-04T17:26:50 IST" finished-at="2019-09-04T17:26:55 IST">
          <reporter-output>
          </reporter-output>
        </test-method> <!-- NavigateToCallBackAnnouncementPage -->
[...]
          <params>
            <param index="0">
              <value>
                <![CDATA[public void com.tetherfi.test.ivr.CallBackAnnouncementTest.GroupBy()]]>
              </value>
            </param>
          </params>
          <reporter-output>
          </reporter-output>
        </test-method> <!-- startTestCase -->
        <test-method status="PASS" signature="NavigateToCallBackAnnouncementPage()[pri:0, instance:com.tetherfi.test.ivr.CallBackAnnouncementTest@50850539]" name="NavigateToCallBackAnnouncementPage" is-config="true" duration-ms="6244" started-at="2019-09-04T17:28:22 IST" finished-at="2019-09-04T17:28:29 IST">
          <reporter-output>
          </reporter-output>
        </test-method> <!-- NavigateToCallBackAnnouncementPage -->
        <test-method status="PASS" signature="GroupBy()[pri:29, instance:com.tetherfi.test.ivr.CallBackAnnouncementTest@50850539]" name="GroupBy" duration-ms="3134" started-at="2019-09-04T17:28:29 IST" finished-at="2019-09-04T17:28:32 IST">
          <reporter-output>
          </reporter-output>
        </test-method> <!-- GroupBy -->
        <test-method status="PASS" signature="afterEachMethod(java.lang.reflect.Method)[pri:0, instance:com.tetherfi.test.ivr.CallBackAnnouncementTest@50850539]" name="afterEachMethod" is-config="true" duration-ms="2043" started-at="2019-09-04T17:28:32 IST" finished-at="2019-09-04T17:28:34 IST">
          <params>
            <param index="0">
              <value>
                <![CDATA[public void com.tetherfi.test.ivr.CallBackAnnouncementTest.GroupBy()]]>
              </value>
            </param>
          </params>
          <reporter-output>
          </reporter-output>
        </test-method> <!-- afterEachMethod -->
        <test-method status="PASS" signature="endTestCase(java.lang.reflect.Method)[pri:0, instance:com.tetherfi.test.ivr.CallBackAnnouncementTest@50850539]" name="endTestCase" is-config="true" duration-ms="0" started-at="2019-09-04T17:28:34 IST" finished-at="2019-09-04T17:28:34 IST">
          <params>
            <param index="0">
              <value>
                <![CDATA[public void com.tetherfi.test.ivr.CallBackAnnouncementTest.GroupBy()]]>
              </value>
            </param>
          </params>
          <reporter-output>
          </reporter-output>
        </test-method> <!-- endTestCase -->
        <test-method status="PASS" signature="startTestCase(java.lang.reflect.Method)[pri:0, instance:com.tetherfi.test.ivr.CallBackAnnouncementTest@50850539]" name="startTestCase" is-config="true" duration-ms="0" started-at="2019-09-04T17:28:34 IST" finished-at="2019-09-04T17:28:34 IST">
          <params>
            <param index="0">
              <value>
                <![CDATA[public void com.tetherfi.test.ivr.CallBackAnnouncementTest.VerifyArrowMoveForPreviousAndNextPage()]]>
              </value>
            </param>
          </params>
          <reporter-output>
          </reporter-output>
        </test-method> <!-- startTestCase -->
        <test-method status="PASS" signature="NavigateToCallBackAnnouncementPage()[pri:0, instance:com.tetherfi.test.ivr.CallBackAnnouncementTest@50850539]" name="NavigateToCallBackAnnouncementPage" is-config="true" duration-ms="7169" started-at="2019-09-04T17:28:34 IST" finished-at="2019-09-04T17:28:41 IST">
          <reporter-output>
          </reporter-output>
        </test-method> <!-- NavigateToCallBackAnnouncementPage -->
        <test-method status="PASS" signature="VerifyArrowMoveForPreviousAndNextPage()[pri:30, instance:com.tetherfi.test.ivr.CallBackAnnouncementTest@50850539]" name="VerifyArrowMoveForPreviousAndNextPage" duration-ms="36" started-at="2019-09-04T17:28:41 IST" finished-at="2019-09-04T17:28:41 IST">
          <reporter-output>
          </reporter-output>
        </test-method> <!-- VerifyArrowMoveForPreviousAndNextPage -->
        <test-method status="PASS" signature="afterEachMethod(java.lang.reflect.Method)[pri:0, instance:com.tetherfi.test.ivr.CallBackAnnouncementTest@50850539]" name="afterEachMethod" is-config="true" duration-ms="1800" started-at="2019-09-04T17:28:41 IST" finished-at="2019-09-04T17:28:43 IST">
          <params>
            <param index="0">
              <value>
                <![CDATA[public void com.tetherfi.test.ivr.CallBackAnnouncementTest.VerifyArrowMoveForPreviousAndNextPage()]]>
              </value>
            </param>
          </params>
          <reporter-output>
          </reporter-output>
        </test-method> <!-- afterEachMethod -->
        <test-method status="PASS" signature="endTestCase(java.lang.reflect.Method)[pri:0, instance:com.tetherfi.test.ivr.CallBackAnnouncementTest@50850539]" name="endTestCase" is-config="true" duration-ms="1" started-at="2019-09-04T17:28:43 IST" finished-at="2019-09-04T17:28:43 IST">
          <params>
            <param index="0">
              <value>
                <![CDATA[public void com.tetherfi.test.ivr.CallBackAnnouncementTest.VerifyArrowMoveForPreviousAndNextPage()]]>
              </value>
            </param>
          </params>
          <reporter-output>
          </reporter-output>
        </test-method> <!-- endTestCase -->
        <test-method status="PASS" signature="NavigateToCallBackAnnouncementPage()[pri:0, instance:com.tetherfi.test.ivr.CallBackAnnouncementTest@50850539]" name="NavigateToCallBackAnnouncementPage" is-config="true" duration-ms="6480" started-at="2019-09-04T17:28:43 IST" finished-at="2019-09-04T17:28:49 IST">
          <reporter-output>
          </reporter-output>
        </test-method> <!-- NavigateToCallBackAnnouncementPage -->
        <test-method status="PASS" signature="startTestCase(java.lang.reflect.Method)[pri:0, instance:com.tetherfi.test.ivr.CallBackAnnouncementTest@50850539]" name="startTestCase" is-config="true" duration-ms="0" started-at="2019-09-04T17:28:43 IST" finished-at="2019-09-04T17:28:43 IST">
          <params>
            <param index="0">
              <value>
                <![CDATA[public void com.tetherfi.test.ivr.CallBackAnnouncementTest.VerifyArrowMoveForFirstAndLastPage()]]>
              </value>
            </param>
          </params>
          <reporter-output>
          </reporter-output>
        </test-method> <!-- startTestCase -->
        <test-method status="PASS" signature="VerifyArrowMoveForFirstAndLastPage()[pri:31, instance:com.tetherfi.test.ivr.CallBackAnnouncementTest@50850539]" name="VerifyArrowMoveForFirstAndLastPage" duration-ms="28" started-at="2019-09-04T17:28:49 IST" finished-at="2019-09-04T17:28:49 IST">
          <reporter-output>
          </reporter-output>
        </test-method> <!-- VerifyArrowMoveForFirstAndLastPage -->
        <test-method status="PASS" signature="afterEachMethod(java.lang.reflect.Method)[pri:0, instance:com.tetherfi.test.ivr.CallBackAnnouncementTest@50850539]" name="afterEachMethod" is-config="true" duration-ms="2062" started-at="2019-09-04T17:28:49 IST" finished-at="2019-09-04T17:28:51 IST">
          <params>
            <param index="0">
              <value>
                <![CDATA[public void com.tetherfi.test.ivr.CallBackAnnouncementTest.VerifyArrowMoveForFirstAndLastPage()]]>
              </value>
            </param>
          </params>
          <reporter-output>
          </reporter-output>
        </test-method> <!-- afterEachMethod -->
        <test-method status="PASS" signature="endTestCase(java.lang.reflect.Method)[pri:0, instance:com.tetherfi.test.ivr.CallBackAnnouncementTest@50850539]" name="endTestCase" is-config="true" duration-ms="1" started-at="2019-09-04T17:28:51 IST" finished-at="2019-09-04T17:28:51 IST">
          <params>
            <param index="0">
              <value>
                <![CDATA[public void com.tetherfi.test.ivr.CallBackAnnouncementTest.VerifyArrowMoveForFirstAndLastPage()]]>
              </value>
            </param>
          </params>
          <reporter-output>
          </reporter-output>
        </test-method> <!-- endTestCase -->
        <test-method status="PASS" signature="startTestCase(java.lang.reflect.Method)[pri:0, instance:com.tetherfi.test.ivr.CallBackAnnouncementTest@50850539]" name="startTestCase" is-config="true" duration-ms="1" started-at="2019-09-04T17:28:51 IST" finished-at="2019-09-04T17:28:51 IST">
          <params>
            <param index="0">
              <value>
                <![CDATA[public void com.tetherfi.test.ivr.CallBackAnnouncementTest.VerifyTotalNumberOfItemsPerPageDetails()]]>
              </value>
            </param>
          </params>
          <reporter-output>
          </reporter-output>
        </test-method> <!-- startTestCase -->
        <test-method status="PASS" signature="NavigateToCallBackAnnouncementPage()[pri:0, instance:com.tetherfi.test.ivr.CallBackAnnouncementTest@50850539]" name="NavigateToCallBackAnnouncementPage" is-config="true" duration-ms="6969" started-at="2019-09-04T17:28:51 IST" finished-at="2019-09-04T17:28:58 IST">
          <reporter-output>
          </reporter-output>
        </test-method> <!-- NavigateToCallBackAnnouncementPage -->
        <test-method status="PASS" signature="VerifyTotalNumberOfItemsPerPageDetails()[pri:32, instance:com.tetherfi.test.ivr.CallBackAnnouncementTest@50850539]" name="VerifyTotalNumberOfItemsPerPageDetails" duration-ms="38" started-at="2019-09-04T17:28:58 IST" finished-at="2019-09-04T17:28:58 IST">
          <reporter-output>
          </reporter-output>
        </test-method> <!-- VerifyTotalNumberOfItemsPerPageDetails -->
        <test-method status="PASS" signature="afterEachMethod(java.lang.reflect.Method)[pri:0, instance:com.tetherfi.test.ivr.CallBackAnnouncementTest@50850539]" name="afterEachMethod" is-config="true" duration-ms="2168" started-at="2019-09-04T17:28:58 IST" finished-at="2019-09-04T17:29:00 IST">
          <params>
            <param index="0">
              <value>
                <![CDATA[public void com.tetherfi.test.ivr.CallBackAnnouncementTest.VerifyTotalNumberOfItemsPerPageDetails()]]>
              </value>
            </param>
          </params>
          <reporter-output>
          </reporter-output>
        </test-method> <!-- afterEachMethod -->
        <test-method status="PASS" signature="endTestCase(java.lang.reflect.Method)[pri:0, instance:com.tetherfi.test.ivr.CallBackAnnouncementTest@50850539]" name="endTestCase" is-config="true" duration-ms="0" started-at="2019-09-04T17:29:00 IST" finished-at="2019-09-04T17:29:00 IST">
          <params>
            <param index="0">
              <value>
                <![CDATA[public void com.tetherfi.test.ivr.CallBackAnnouncementTest.VerifyTotalNumberOfItemsPerPageDetails()]]>
              </value>
            </param>
          </params>
          <reporter-output>
          </reporter-output>
        </test-method> <!-- endTestCase -->
        <test-method status="PASS" signature="NavigateToCallBackAnnouncementPage()[pri:0, instance:com.tetherfi.test.ivr.CallBackAnnouncementTest@50850539]" name="NavigateToCallBackAnnouncementPage" is-config="true" duration-ms="6855" started-at="2019-09-04T17:29:00 IST" finished-at="2019-09-04T17:29:07 IST">
          <reporter-output>
          </reporter-output>
        </test-method> <!-- NavigateToCallBackAnnouncementPage -->
        <test-method status="PASS" signature="startTestCase(java.lang.reflect.Method)[pri:0, instance:com.tetherfi.test.ivr.CallBackAnnouncementTest@50850539]" name="startTestCase" is-config="true" duration-ms="0" started-at="2019-09-04T17:29:00 IST" finished-at="2019-09-04T17:29:00 IST">
          <params>
            <param index="0">
              <value>
                <![CDATA[public void com.tetherfi.test.ivr.CallBackAnnouncementTest.VerifyNumberOfItemsPerPageSelection()]]>
              </value>
            </param>
          </params>
          <reporter-output>
          </reporter-output>
        </test-method> <!-- startTestCase -->
        <test-method status="FAIL" signature="VerifyNumberOfItemsPerPageSelection()[pri:33, instance:com.tetherfi.test.ivr.CallBackAnnouncementTest@50850539]" name="VerifyNumberOfItemsPerPageSelection" duration-ms="283" started-at="2019-09-04T17:29:07 IST" finished-at="2019-09-04T17:29:08 IST">
          <exception class="java.lang.AssertionError">
            <message>
              <![CDATA[item per page assertion failed did not expect to find [true] but found [false]]]>
            </message>
            <full-stacktrace>
              <![CDATA[java.lang.AssertionError: item per page assertion failed did not expect to find [true] but found [false]
at org.testng.Assert.fail(Assert.java:97)
at org.testng.Assert.failNotEquals(Assert.java:969)
at org.testng.Assert.assertTrue(Assert.java:43)
at com.tetherfi.test.ivr.CallBackAnnouncementTest.VerifyNumberOfItemsPerPageSelection(CallBackAnnouncementTest.java:355)
at sun.reflect.NativeMethodAccessorImpl.invoke0(Native Method)
at sun.reflect.NativeMethodAccessorImpl.invoke(Unknown Source)
at sun.reflect.DelegatingMethodAccessorImpl.invoke(Unknown Source)
at java.lang.reflect.Method.invoke(Unknown Source)
at org.testng.internal.MethodInvocationHelper.invokeMethod(MethodInvocationHelper.java:133)
at org.testng.internal.TestInvoker.invokeMethod(TestInvoker.java:584)
at org.testng.internal.TestInvoker.invokeTestMethod(TestInvoker.java:172)
at org.testng.internal.MethodRunner.runInSequence(MethodRunner.java:46)
at org.testng.internal.TestInvoker$MethodInvocationAgent.invoke(TestInvoker.java:804)
at org.testng.internal.TestInvoker.invokeTestMethods(TestInvoker.java:145)
at org.testng.internal.TestMethodWorker.invokeTestMethods(TestMethodWorker.java:146)
at org.testng.internal.TestMethodWorker.run(TestMethodWorker.java:128)
at java.util.ArrayList.forEach(Unknown Source)
at org.testng.TestRunner.privateRun(TestRunner.java:770)
at org.testng.TestRunner.run(TestRunner.java:591)
at org.testng.SuiteRunner.runTest(SuiteRunner.java:402)
at org.testng.SuiteRunner.runSequentially(SuiteRunner.java:396)
at org.testng.SuiteRunner.privateRun(SuiteRunner.java:355)
at org.testng.SuiteRunner.run(SuiteRunner.java:304)
at org.testng.SuiteRunnerWorker.runSuite(SuiteRunnerWorker.java:53)
at org.testng.SuiteRunnerWorker.run(SuiteRunnerWorker.java:96)
at org.testng.TestNG.runSuitesSequentially(TestNG.java:1180)
at org.testng.TestNG.runSuitesLocally(TestNG.java:1102)
at org.testng.TestNG.runSuites(TestNG.java:1032)
at org.testng.TestNG.run(TestNG.java:1000)
at org.testng.remote.AbstractRemoteTestNG.run(AbstractRemoteTestNG.java:115)
at org.testng.remote.RemoteTestNG.initAndRun(RemoteTestNG.java:251)
at org.testng.remote.RemoteTestNG.main(RemoteTestNG.java:77)
]]>
            </full-stacktrace>
          </exception> <!-- java.lang.AssertionError -->
          <reporter-output>
          </reporter-output>
        </test-method> <!-- VerifyNumberOfItemsPerPageSelection -->
        <test-method status="PASS" signature="afterEachMethod(java.lang.reflect.Method)[pri:0, instance:com.tetherfi.test.ivr.CallBackAnnouncementTest@50850539]" name="afterEachMethod" is-config="true" duration-ms="2112" started-at="2019-09-04T17:29:08 IST" finished-at="2019-09-04T17:29:10 IST">
          <params>
            <param index="0">
              <value>
                <![CDATA[public void com.tetherfi.test.ivr.CallBackAnnouncementTest.VerifyNumberOfItemsPerPageSelection()]]>
              </value>
            </param>
          </params>
          <reporter-output>
          </reporter-output>
        </test-method> <!-- afterEachMethod -->
        <test-method status="PASS" signature="startTestCase(java.lang.reflect.Method)[pri:0, instance:com.tetherfi.test.ivr.CallBackAnnouncementTest@50850539]" name="startTestCase" is-config="true" duration-ms="0" started-at="2019-09-04T17:29:10 IST" finished-at="2019-09-04T17:29:10 IST">
          <params>
            <param index="0">
              <value>
                <![CDATA[public void com.tetherfi.test.ivr.CallBackAnnouncementTest.database() throws java.lang.Exception]]>
              </value>
            </param>
          </params>
          <reporter-output>
          </reporter-output>
        </test-method> <!-- startTestCase -->
        <test-method status="PASS" signature="endTestCase(java.lang.reflect.Method)[pri:0, instance:com.tetherfi.test.ivr.CallBackAnnouncementTest@50850539]" name="endTestCase" is-config="true" duration-ms="0" started-at="2019-09-04T17:29:10 IST" finished-at="2019-09-04T17:29:10 IST">
          <params>
            <param index="0">
              <value>
                <![CDATA[public void com.tetherfi.test.ivr.CallBackAnnouncementTest.VerifyNumberOfItemsPerPageSelection()]]>
              </value>
            </param>
          </params>
          <reporter-output>
          </reporter-output>
        </test-method> <!-- endTestCase -->
        <test-method status="PASS" signature="NavigateToCallBackAnnouncementPage()[pri:0, instance:com.tetherfi.test.ivr.CallBackAnnouncementTest@50850539]" name="NavigateToCallBackAnnouncementPage" is-config="true" duration-ms="5997" started-at="2019-09-04T17:29:10 IST" finished-at="2019-09-04T17:29:16 IST">
          <reporter-output>
          </reporter-output>
        </test-method> <!-- NavigateToCallBackAnnouncementPage -->
        <test-method status="PASS" signature="database()[pri:34, instance:com.tetherfi.test.ivr.CallBackAnnouncementTest@50850539]" name="database" duration-ms="2384" started-at="2019-09-04T17:29:16 IST" finished-at="2019-09-04T17:29:18 IST">
          <reporter-output>
          </reporter-output>
        </test-method> <!-- database -->
        <test-method status="PASS" signature="afterEachMethod(java.lang.reflect.Method)[pri:0, instance:com.tetherfi.test.ivr.CallBackAnnouncementTest@50850539]" name="afterEachMethod" is-config="true" duration-ms="1845" started-at="2019-09-04T17:29:18 IST" finished-at="2019-09-04T17:29:20 IST">
          <params>
            <param index="0">
              <value>
                <![CDATA[public void com.tetherfi.test.ivr.CallBackAnnouncementTest.database() throws java.lang.Exception]]>
              </value>
            </param>
          </params>
          <reporter-output>
          </reporter-output>
        </test-method> <!-- afterEachMethod -->
        <test-method status="PASS" signature="endTestCase(java.lang.reflect.Method)[pri:0, instance:com.tetherfi.test.ivr.CallBackAnnouncementTest@50850539]" name="endTestCase" is-config="true" duration-ms="1" started-at="2019-09-04T17:29:20 IST" finished-at="2019-09-04T17:29:20 IST">
          <params>
            <param index="0">
              <value>
                <![CDATA[public void com.tetherfi.test.ivr.CallBackAnnouncementTest.database() throws java.lang.Exception]]>
              </value>
            </param>
          </params>
          <reporter-output>
          </reporter-output>
        </test-method> <!-- endTestCase -->
        <test-method status="PASS" signature="tearDown()[pri:0, instance:com.tetherfi.test.ivr.CallBackAnnouncementTest@50850539]" name="tearDown" is-config="true" duration-ms="4005" started-at="2019-09-04T17:29:20 IST" finished-at="2019-09-04T17:29:24 IST">
          <reporter-output>
          </reporter-output>
        </test-method> <!-- tearDown -->
      </class> <!-- com.tetherfi.test.ivr.CallBackAnnouncementTest -->
    </test> <!-- Default test -->
  </suite> <!-- Default suite -->
</testng-results>
