<?xml version="1.0" encoding="UTF-8"?>
<testng-results skipped="0" failed="10" ignored="0" total="34" passed="24">
  <reporter-output>
  </reporter-output>
  <suite name="Default suite" duration-ms="680608" started-at="2020-04-23T16:15:30 IST" finished-at="2020-04-23T16:26:51 IST">
    <groups>
    </groups>
    <test name="Default test" duration-ms="680608" started-at="2020-04-23T16:15:30 IST" finished-at="2020-04-23T16:26:51 IST">
      <class name="com.tetherfi.test.sms.SmsResponseTemplateTest">
        <test-method status="PASS" signature="openApplication()[pri:0, instance:com.tetherfi.test.sms.SmsResponseTemplateTest@50850539]" name="openApplication" is-config="true" duration-ms="51713" started-at="2020-04-23T16:15:30 IST" finished-at="2020-04-23T16:16:22 IST">
          <reporter-output>
          </reporter-output>
        </test-method> <!-- openApplication -->
        <test-method status="PASS" signature="startTestCase(java.lang.reflect.Method)[pri:0, instance:com.tetherfi.test.sms.SmsResponseTemplateTest@50850539]" name="startTestCase" is-config="true" duration-ms="4" started-at="2020-04-23T16:16:22 IST" finished-at="2020-04-23T16:16:22 IST">
          <params>
            <param index="0">
              <value>
                <![CDATA[public void com.tetherfi.test.sms.SmsResponseTemplateTest.SmsResponseTemplatePage()]]>
              </value>
            </param>
          </params>
          <reporter-output>
          </reporter-output>
        </test-method> <!-- startTestCase -->
        <test-method status="PASS" signature="NavigateToSmsResponseTemplatePage()[pri:0, instance:com.tetherfi.test.sms.SmsResponseTemplateTest@50850539]" name="NavigateToSmsResponseTemplatePage" is-config="true" duration-ms="8807" started-at="2020-04-23T16:16:22 IST" finished-at="2020-04-23T16:16:31 IST">
          <reporter-output>
          </reporter-output>
        </test-method> <!-- NavigateToSmsResponseTemplatePage -->
        <test-method status="PASS" signature="SmsResponseTemplatePage()[pri:1, instance:com.tetherfi.test.sms.SmsResponseTemplateTest@50850539]" name="SmsResponseTemplatePage" duration-ms="669" started-at="2020-04-23T16:16:31 IST" finished-at="2020-04-23T16:16:31 IST">
          <reporter-output>
          </reporter-output>
        </test-method> <!-- SmsResponseTemplatePage -->
        <test-method status="PASS" signature="afterEachMethod(java.lang.reflect.Method)[pri:0, instance:com.tetherfi.test.sms.SmsResponseTemplateTest@50850539]" name="afterEachMethod" is-config="true" duration-ms="1775" started-at="2020-04-23T16:16:31 IST" finished-at="2020-04-23T16:16:33 IST">
          <params>
            <param index="0">
              <value>
                <![CDATA[public void com.tetherfi.test.sms.SmsResponseTemplateTest.SmsResponseTemplatePage()]]>
              </value>
            </param>
          </params>
          <reporter-output>
          </reporter-output>
        </test-method> <!-- afterEachMethod -->
        <test-method status="PASS" signature="endTestCase(java.lang.reflect.Method)[pri:0, instance:com.tetherfi.test.sms.SmsResponseTemplateTest@50850539]" name="endTestCase" is-config="true" duration-ms="1" started-at="2020-04-23T16:16:33 IST" finished-at="2020-04-23T16:16:33 IST">
          <params>
            <param index="0">
              <value>
                <![CDATA[public void com.tetherfi.test.sms.SmsResponseTemplateTest.SmsResponseTemplatePage()]]>
              </value>
            </param>
          </params>
          <reporter-output>
          </reporter-output>
        </test-method> <!-- endTestCase -->
        <test-method status="PASS" signature="startTestCase(java.lang.reflect.Method)[pri:0, instance:com.tetherfi.test.sms.SmsResponseTemplateTest@50850539]" name="startTestCase" is-config="true" duration-ms="0" started-at="2020-04-23T16:16:33 IST" finished-at="2020-04-23T16:16:33 IST">
          <params>
            <param index="0">
              <value>
                <![CDATA[public void com.tetherfi.test.sms.SmsResponseTemplateTest.VerifyDropDownForAllColumns()]]>
              </value>
            </param>
          </params>
          <reporter-output>
          </reporter-output>
        </test-method> <!-- startTestCase -->
        <test-method status="PASS" signature="NavigateToSmsResponseTemplatePage()[pri:0, instance:com.tetherfi.test.sms.SmsResponseTemplateTest@50850539]" name="NavigateToSmsResponseTemplatePage" is-config="true" duration-ms="4902" started-at="2020-04-23T16:16:33 IST" finished-at="2020-04-23T16:16:38 IST">
          <reporter-output>
          </reporter-output>
        </test-method> <!-- NavigateToSmsResponseTemplatePage -->
        <test-method status="PASS" signature="VerifyDropDownForAllColumns()[pri:2, instance:com.tetherfi.test.sms.SmsResponseTemplateTest@50850539]" name="VerifyDropDownForAllColumns" duration-ms="15253" started-at="2020-04-23T16:16:38 IST" finished-at="2020-04-23T16:16:53 IST">
          <reporter-output>
          </reporter-output>
        </test-method> <!-- VerifyDropDownForAllColumns -->
        <test-method status="PASS" signature="afterEachMethod(java.lang.reflect.Method)[pri:0, instance:com.tetherfi.test.sms.SmsResponseTemplateTest@50850539]" name="afterEachMethod" is-config="true" duration-ms="3354" started-at="2020-04-23T16:16:53 IST" finished-at="2020-04-23T16:16:56 IST">
          <params>
            <param index="0">
              <value>
                <![CDATA[public void com.tetherfi.test.sms.SmsResponseTemplateTest.VerifyDropDownForAllColumns()]]>
              </value>
            </param>
          </params>
          <reporter-output>
          </reporter-output>
        </test-method> <!-- afterEachMethod -->
        <test-method status="PASS" signature="endTestCase(java.lang.reflect.Method)[pri:0, instance:com.tetherfi.test.sms.SmsResponseTemplateTest@50850539]" name="endTestCase" is-config="true" duration-ms="0" started-at="2020-04-23T16:16:56 IST" finished-at="2020-04-23T16:16:56 IST">
          <params>
            <param index="0">
              <value>
                <![CDATA[public void com.tetherfi.test.sms.SmsResponseTemplateTest.VerifyDropDownForAllColumns()]]>
              </value>
            </param>
          </params>
          <reporter-output>
          </reporter-output>
        </test-method> <!-- endTestCase -->
        <test-method status="PASS" signature="startTestCase(java.lang.reflect.Method)[pri:0, instance:com.tetherfi.test.sms.SmsResponseTemplateTest@50850539]" name="startTestCase" is-config="true" duration-ms="1" started-at="2020-04-23T16:16:56 IST" finished-at="2020-04-23T16:16:56 IST">
          <params>
            <param index="0">
              <value>
                <![CDATA[public void com.tetherfi.test.sms.SmsResponseTemplateTest.VerifyColumnsHeaderEnable()]]>
              </value>
            </param>
          </params>
          <reporter-output>
          </reporter-output>
        </test-method> <!-- startTestCase -->
        <test-method status="PASS" signature="NavigateToSmsResponseTemplatePage()[pri:0, instance:com.tetherfi.test.sms.SmsResponseTemplateTest@50850539]" name="NavigateToSmsResponseTemplatePage" is-config="true" duration-ms="5586" started-at="2020-04-23T16:16:56 IST" finished-at="2020-04-23T16:17:02 IST">
          <reporter-output>
          </reporter-output>
        </test-method> <!-- NavigateToSmsResponseTemplatePage -->
        <test-method status="PASS" signature="VerifyColumnsHeaderEnable()[pri:3, instance:com.tetherfi.test.sms.SmsResponseTemplateTest@50850539]" name="VerifyColumnsHeaderEnable" duration-ms="7139" started-at="2020-04-23T16:17:02 IST" finished-at="2020-04-23T16:17:09 IST">
          <reporter-output>
          </reporter-output>
        </test-method> <!-- VerifyColumnsHeaderEnable -->
        <test-method status="PASS" signature="afterEachMethod(java.lang.reflect.Method)[pri:0, instance:com.tetherfi.test.sms.SmsResponseTemplateTest@50850539]" name="afterEachMethod" is-config="true" duration-ms="3298" started-at="2020-04-23T16:17:09 IST" finished-at="2020-04-23T16:17:12 IST">
          <params>
            <param index="0">
              <value>
                <![CDATA[public void com.tetherfi.test.sms.SmsResponseTemplateTest.VerifyColumnsHeaderEnable()]]>
              </value>
            </param>
          </params>
          <reporter-output>
          </reporter-output>
        </test-method> <!-- afterEachMethod -->
        <test-method status="PASS" signature="endTestCase(java.lang.reflect.Method)[pri:0, instance:com.tetherfi.test.sms.SmsResponseTemplateTest@50850539]" name="endTestCase" is-config="true" duration-ms="1" started-at="2020-04-23T16:17:12 IST" finished-at="2020-04-23T16:17:12 IST">
          <params>
            <param index="0">
              <value>
                <![CDATA[public void com.tetherfi.test.sms.SmsResponseTemplateTest.VerifyColumnsHeaderEnable()]]>
              </value>
            </param>
          </params>
          <reporter-output>
          </reporter-output>
        </test-method> <!-- endTestCase -->
        <test-method status="PASS" signature="NavigateToSmsResponseTemplatePage()[pri:0, instance:com.tetherfi.test.sms.SmsResponseTemplateTest@50850539]" name="NavigateToSmsResponseTemplatePage" is-config="true" duration-ms="4839" started-at="2020-04-23T16:17:13 IST" finished-at="2020-04-23T16:17:17 IST">
          <reporter-output>
          </reporter-output>
        </test-method> <!-- NavigateToSmsResponseTemplatePage -->
        <test-method status="PASS" signature="startTestCase(java.lang.reflect.Method)[pri:0, instance:com.tetherfi.test.sms.SmsResponseTemplateTest@50850539]" name="startTestCase" is-config="true" duration-ms="0" started-at="2020-04-23T16:17:13 IST" finished-at="2020-04-23T16:17:13 IST">
          <params>
            <param index="0">
              <value>
                <![CDATA[public void com.tetherfi.test.sms.SmsResponseTemplateTest.VerifyColumnsHeaderDisable()]]>
              </value>
            </param>
          </params>
          <reporter-output>
          </reporter-output>
        </test-method> <!-- startTestCase -->
        <test-method status="PASS" signature="VerifyColumnsHeaderDisable()[pri:4, instance:com.tetherfi.test.sms.SmsResponseTemplateTest@50850539]" name="VerifyColumnsHeaderDisable" duration-ms="8460" started-at="2020-04-23T16:17:17 IST" finished-at="2020-04-23T16:17:26 IST">
          <reporter-output>
          </reporter-output>
        </test-method> <!-- VerifyColumnsHeaderDisable -->
        <test-method status="PASS" signature="afterEachMethod(java.lang.reflect.Method)[pri:0, instance:com.tetherfi.test.sms.SmsResponseTemplateTest@50850539]" name="afterEachMethod" is-config="true" duration-ms="4660" started-at="2020-04-23T16:17:26 IST" finished-at="2020-04-23T16:17:30 IST">
          <params>
            <param index="0">
              <value>
                <![CDATA[public void com.tetherfi.test.sms.SmsResponseTemplateTest.VerifyColumnsHeaderDisable()]]>
              </value>
            </param>
          </params>
          <reporter-output>
          </reporter-output>
        </test-method> <!-- afterEachMethod -->
        <test-method status="PASS" signature="endTestCase(java.lang.reflect.Method)[pri:0, instance:com.tetherfi.test.sms.SmsResponseTemplateTest@50850539]" name="endTestCase" is-config="true" duration-ms="1" started-at="2020-04-23T16:17:30 IST" finished-at="2020-04-23T16:17:30 IST">
          <params>
            <param index="0">
              <value>
                <![CDATA[public void com.tetherfi.test.sms.SmsResponseTemplateTest.VerifyColumnsHeaderDisable()]]>
              </value>
            </param>
          </params>
          <reporter-output>
          </reporter-output>
        </test-method> <!-- endTestCase -->
        <test-method status="PASS" signature="startTestCase(java.lang.reflect.Method)[pri:0, instance:com.tetherfi.test.sms.SmsResponseTemplateTest@50850539]" name="startTestCase" is-config="true" duration-ms="1" started-at="2020-04-23T16:17:30 IST" finished-at="2020-04-23T16:17:30 IST">
          <params>
            <param index="0">
              <value>
                <![CDATA[public void com.tetherfi.test.sms.SmsResponseTemplateTest.AddNewSMSRecord() throws java.lang.Exception]]>
              </value>
            </param>
          </params>
          <reporter-output>
          </reporter-output>
        </test-method> <!-- startTestCase -->
        <test-method status="PASS" signature="NavigateToSmsResponseTemplatePage()[pri:0, instance:com.tetherfi.test.sms.SmsResponseTemplateTest@50850539]" name="NavigateToSmsResponseTemplatePage" is-config="true" duration-ms="5272" started-at="2020-04-23T16:17:30 IST" finished-at="2020-04-23T16:17:36 IST">
          <reporter-output>
          </reporter-output>
        </test-method> <!-- NavigateToSmsResponseTemplatePage -->
        <test-method status="PASS" signature="AddNewSMSRecord()[pri:5, instance:com.tetherfi.test.sms.SmsResponseTemplateTest@50850539]" name="AddNewSMSRecord" duration-ms="4737" started-at="2020-04-23T16:17:36 IST" finished-at="2020-04-23T16:17:40 IST">
          <reporter-output>
          </reporter-output>
        </test-method> <!-- AddNewSMSRecord -->
        <test-method status="PASS" signature="afterEachMethod(java.lang.reflect.Method)[pri:0, instance:com.tetherfi.test.sms.SmsResponseTemplateTest@50850539]" name="afterEachMethod" is-config="true" duration-ms="2217" started-at="2020-04-23T16:17:40 IST" finished-at="2020-04-23T16:17:43 IST">
          <params>
            <param index="0">
              <value>
                <![CDATA[public void com.tetherfi.test.sms.SmsResponseTemplateTest.AddNewSMSRecord() throws java.lang.Exception]]>
              </value>
            </param>
          </params>
          <reporter-output>
          </reporter-output>
        </test-method> <!-- afterEachMethod -->
        <test-method status="PASS" signature="endTestCase(java.lang.reflect.Method)[pri:0, instance:com.tetherfi.test.sms.SmsResponseTemplateTest@50850539]" name="endTestCase" is-config="true" duration-ms="1" started-at="2020-04-23T16:17:43 IST" finished-at="2020-04-23T16:17:43 IST">
          <params>
            <param index="0">
              <value>
                <![CDATA[public void com.tetherfi.test.sms.SmsResponseTemplateTest.AddNewSMSRecord() throws java.lang.Exception]]>
              </value>
            </param>
          </params>
          <reporter-output>
          </reporter-output>
        </test-method> <!-- endTestCase -->
        <test-method status="PASS" signature="startTestCase(java.lang.reflect.Method)[pri:0, instance:com.tetherfi.test.sms.SmsResponseTemplateTest@50850539]" name="startTestCase" is-config="true" duration-ms="1" started-at="2020-04-23T16:17:43 IST" finished-at="2020-04-23T16:17:43 IST">
          <params>
            <param index="0">
              <value>
                <![CDATA[public void com.tetherfi.test.sms.SmsResponseTemplateTest.AddDuplicateSMSRecord() throws java.lang.Exception]]>
              </value>
            </param>
          </params>
          <reporter-output>
          </reporter-output>
        </test-method> <!-- startTestCase -->
        <test-method status="PASS" signature="NavigateToSmsResponseTemplatePage()[pri:0, instance:com.tetherfi.test.sms.SmsResponseTemplateTest@50850539]" name="NavigateToSmsResponseTemplatePage" is-config="true" duration-ms="6062" started-at="2020-04-23T16:17:43 IST" finished-at="2020-04-23T16:17:49 IST">
          <reporter-output>
          </reporter-output>
        </test-method> <!-- NavigateToSmsResponseTemplatePage -->
        <test-method status="PASS" signature="AddDuplicateSMSRecord()[pri:6, instance:com.tetherfi.test.sms.SmsResponseTemplateTest@50850539]" name="AddDuplicateSMSRecord" duration-ms="4008" started-at="2020-04-23T16:17:49 IST" finished-at="2020-04-23T16:17:53 IST">
          <reporter-output>
          </reporter-output>
        </test-method> <!-- AddDuplicateSMSRecord -->
        <test-method status="PASS" signature="afterEachMethod(java.lang.reflect.Method)[pri:0, instance:com.tetherfi.test.sms.SmsResponseTemplateTest@50850539]" name="afterEachMethod" is-config="true" duration-ms="2194" started-at="2020-04-23T16:17:53 IST" finished-at="2020-04-23T16:17:55 IST">
          <params>
            <param index="0">
              <value>
                <![CDATA[public void com.tetherfi.test.sms.SmsResponseTemplateTest.AddDuplicateSMSRecord() throws java.lang.Exception]]>
              </value>
            </param>
          </params>
          <reporter-output>
          </reporter-output>
        </test-method> <!-- afterEachMethod -->
        <test-method status="PASS" signature="endTestCase(java.lang.reflect.Method)[pri:0, instance:com.tetherfi.test.sms.SmsResponseTemplateTest@50850539]" name="endTestCase" is-config="true" duration-ms="1" started-at="2020-04-23T16:17:55 IST" finished-at="2020-04-23T16:17:55 IST">
          <params>
            <param index="0">
              <value>
                <![CDATA[public void com.tetherfi.test.sms.SmsResponseTemplateTest.AddDuplicateSMSRecord() throws java.lang.Exception]]>
              </value>
            </param>
          </params>
          <reporter-output>
          </reporter-output>
        </test-method> <!-- endTestCase -->
        <test-method status="PASS" signature="startTestCase(java.lang.reflect.Method)[pri:0, instance:com.tetherfi.test.sms.SmsResponseTemplateTest@50850539]" name="startTestCase" is-config="true" duration-ms="1" started-at="2020-04-23T16:17:55 IST" finished-at="2020-04-23T16:17:55 IST">
          <params>
            <param index="0">
              <value>
                <![CDATA[public void com.tetherfi.test.sms.SmsResponseTemplateTest.VerifyAuditTrialReportForCreate() throws java.lang.Exception]]>
              </value>
            </param>
          </params>
          <reporter-output>
          </reporter-output>
        </test-method> <!-- startTestCase -->
        <test-method status="PASS" signature="NavigateToSmsResponseTemplatePage()[pri:0, instance:com.tetherfi.test.sms.SmsResponseTemplateTest@50850539]" name="NavigateToSmsResponseTemplatePage" is-config="true" duration-ms="4994" started-at="2020-04-23T16:17:55 IST" finished-at="2020-04-23T16:18:00 IST">
          <reporter-output>
          </reporter-output>
        </test-method> <!-- NavigateToSmsResponseTemplatePage -->
        <test-method status="PASS" signature="VerifyAuditTrialReportForCreate()[pri:7, instance:com.tetherfi.test.sms.SmsResponseTemplateTest@50850539]" name="VerifyAuditTrialReportForCreate" duration-ms="24880" started-at="2020-04-23T16:18:00 IST" finished-at="2020-04-23T16:18:25 IST">
          <reporter-output>
          </reporter-output>
        </test-method> <!-- VerifyAuditTrialReportForCreate -->
        <test-method status="PASS" signature="afterEachMethod(java.lang.reflect.Method)[pri:0, instance:com.tetherfi.test.sms.SmsResponseTemplateTest@50850539]" name="afterEachMethod" is-config="true" duration-ms="1912" started-at="2020-04-23T16:18:25 IST" finished-at="2020-04-23T16:18:27 IST">
          <params>
            <param index="0">
              <value>
                <![CDATA[public void com.tetherfi.test.sms.SmsResponseTemplateTest.VerifyAuditTrialReportForCreate() throws java.lang.Exception]]>
              </value>
            </param>
          </params>
          <reporter-output>
          </reporter-output>
        </test-method> <!-- afterEachMethod -->
        <test-method status="PASS" signature="endTestCase(java.lang.reflect.Method)[pri:0, instance:com.tetherfi.test.sms.SmsResponseTemplateTest@50850539]" name="endTestCase" is-config="true" duration-ms="0" started-at="2020-04-23T16:18:27 IST" finished-at="2020-04-23T16:18:27 IST">
          <params>
            <param index="0">
              <value>
                <![CDATA[public void com.tetherfi.test.sms.SmsResponseTemplateTest.VerifyAuditTrialReportForCreate() throws java.lang.Exception]]>
              </value>
            </param>
          </params>
          <reporter-output>
          </reporter-output>
        </test-method> <!-- endTestCase -->
        <test-method status="PASS" signature="startTestCase(java.lang.reflect.Method)[pri:0, instance:com.tetherfi.test.sms.SmsResponseTemplateTest@50850539]" name="startTestCase" is-config="true" duration-ms="1" started-at="2020-04-23T16:18:27 IST" finished-at="2020-04-23T16:18:27 IST">
          <params>
            <param index="0">
              <value>
                <![CDATA[public void com.tetherfi.test.sms.SmsResponseTemplateTest.VerifyAddEmptyRecord() throws java.lang.Exception]]>
              </value>
            </param>
          </params>
          <reporter-output>
          </reporter-output>
        </test-method> <!-- startTestCase -->
        <test-method status="PASS" signature="NavigateToSmsResponseTemplatePage()[pri:0, instance:com.tetherfi.test.sms.SmsResponseTemplateTest@50850539]" name="NavigateToSmsResponseTemplatePage" is-config="true" duration-ms="4654" started-at="2020-04-23T16:18:27 IST" finished-at="2020-04-23T16:18:31 IST">
          <reporter-output>
          </reporter-output>
        </test-method> <!-- NavigateToSmsResponseTemplatePage -->
        <test-method status="PASS" signature="VerifyAddEmptyRecord()[pri:8, instance:com.tetherfi.test.sms.SmsResponseTemplateTest@50850539]" name="VerifyAddEmptyRecord" duration-ms="4338" started-at="2020-04-23T16:18:31 IST" finished-at="2020-04-23T16:18:36 IST">
          <reporter-output>
          </reporter-output>
        </test-method> <!-- VerifyAddEmptyRecord -->
        <test-method status="PASS" signature="afterEachMethod(java.lang.reflect.Method)[pri:0, instance:com.tetherfi.test.sms.SmsResponseTemplateTest@50850539]" name="afterEachMethod" is-config="true" duration-ms="2842" started-at="2020-04-23T16:18:36 IST" finished-at="2020-04-23T16:18:39 IST">
          <params>
            <param index="0">
              <value>
                <![CDATA[public void com.tetherfi.test.sms.SmsResponseTemplateTest.VerifyAddEmptyRecord() throws java.lang.Exception]]>
              </value>
            </param>
          </params>
          <reporter-output>
          </reporter-output>
        </test-method> <!-- afterEachMethod -->
        <test-method status="PASS" signature="endTestCase(java.lang.reflect.Method)[pri:0, instance:com.tetherfi.test.sms.SmsResponseTemplateTest@50850539]" name="endTestCase" is-config="true" duration-ms="1" started-at="2020-04-23T16:18:39 IST" finished-at="2020-04-23T16:18:39 IST">
          <params>
            <param index="0">
              <value>
                <![CDATA[public void com.tetherfi.test.sms.SmsResponseTemplateTest.VerifyAddEmptyRecord() throws java.lang.Exception]]>
              </value>
            </param>
          </params>
          <reporter-output>
          </reporter-output>
        </test-method> <!-- endTestCase -->
        <test-method status="PASS" signature="startTestCase(java.lang.reflect.Method)[pri:0, instance:com.tetherfi.test.sms.SmsResponseTemplateTest@50850539]" name="startTestCase" is-config="true" duration-ms="0" started-at="2020-04-23T16:18:39 IST" finished-at="2020-04-23T16:18:39 IST">
          <params>
            <param index="0">
              <value>
                <![CDATA[public void com.tetherfi.test.sms.SmsResponseTemplateTest.AddNewRecordWithoutText() throws java.lang.Exception]]>
              </value>
            </param>
          </params>
          <reporter-output>
          </reporter-output>
        </test-method> <!-- startTestCase -->
        <test-method status="PASS" signature="NavigateToSmsResponseTemplatePage()[pri:0, instance:com.tetherfi.test.sms.SmsResponseTemplateTest@50850539]" name="NavigateToSmsResponseTemplatePage" is-config="true" duration-ms="7236" started-at="2020-04-23T16:18:39 IST" finished-at="2020-04-23T16:18:46 IST">
          <reporter-output>
          </reporter-output>
        </test-method> <!-- NavigateToSmsResponseTemplatePage -->
        <test-method status="PASS" signature="AddNewRecordWithoutText()[pri:9, instance:com.tetherfi.test.sms.SmsResponseTemplateTest@50850539]" name="AddNewRecordWithoutText" duration-ms="3482" started-at="2020-04-23T16:18:46 IST" finished-at="2020-04-23T16:18:49 IST">
          <reporter-output>
          </reporter-output>
        </test-method> <!-- AddNewRecordWithoutText -->
        <test-method status="PASS" signature="afterEachMethod(java.lang.reflect.Method)[pri:0, instance:com.tetherfi.test.sms.SmsResponseTemplateTest@50850539]" name="afterEachMethod" is-config="true" duration-ms="3667" started-at="2020-04-23T16:18:49 IST" finished-at="2020-04-23T16:18:53 IST">
          <params>
            <param index="0">
              <value>
                <![CDATA[public void com.tetherfi.test.sms.SmsResponseTemplateTest.AddNewRecordWithoutText() throws java.lang.Exception]]>
              </value>
            </param>
          </params>
          <reporter-output>
          </reporter-output>
        </test-method> <!-- afterEachMethod -->
        <test-method status="PASS" signature="endTestCase(java.lang.reflect.Method)[pri:0, instance:com.tetherfi.test.sms.SmsResponseTemplateTest@50850539]" name="endTestCase" is-config="true" duration-ms="0" started-at="2020-04-23T16:18:53 IST" finished-at="2020-04-23T16:18:53 IST">
          <params>
            <param index="0">
              <value>
                <![CDATA[public void com.tetherfi.test.sms.SmsResponseTemplateTest.AddNewRecordWithoutText() throws java.lang.Exception]]>
              </value>
            </param>
          </params>
          <reporter-output>
          </reporter-output>
        </test-method> <!-- endTestCase -->
        <test-method status="PASS" signature="startTestCase(java.lang.reflect.Method)[pri:0, instance:com.tetherfi.test.sms.SmsResponseTemplateTest@50850539]" name="startTestCase" is-config="true" duration-ms="1" started-at="2020-04-23T16:18:53 IST" finished-at="2020-04-23T16:18:53 IST">
          <params>
            <param index="0">
              <value>
                <![CDATA[public void com.tetherfi.test.sms.SmsResponseTemplateTest.AddNewRecordWithoutIntent() throws java.lang.Exception]]>
              </value>
            </param>
          </params>
          <reporter-output>
          </reporter-output>
        </test-method> <!-- startTestCase -->
        <test-method status="PASS" signature="NavigateToSmsResponseTemplatePage()[pri:0, instance:com.tetherfi.test.sms.SmsResponseTemplateTest@50850539]" name="NavigateToSmsResponseTemplatePage" is-config="true" duration-ms="8018" started-at="2020-04-23T16:18:53 IST" finished-at="2020-04-23T16:19:01 IST">
          <reporter-output>
          </reporter-output>
        </test-method> <!-- NavigateToSmsResponseTemplatePage -->
        <test-method status="PASS" signature="AddNewRecordWithoutIntent()[pri:10, instance:com.tetherfi.test.sms.SmsResponseTemplateTest@50850539]" name="AddNewRecordWithoutIntent" duration-ms="3807" started-at="2020-04-23T16:19:01 IST" finished-at="2020-04-23T16:19:05 IST">
          <reporter-output>
          </reporter-output>
        </test-method> <!-- AddNewRecordWithoutIntent -->
        <test-method status="PASS" signature="afterEachMethod(java.lang.reflect.Method)[pri:0, instance:com.tetherfi.test.sms.SmsResponseTemplateTest@50850539]" name="afterEachMethod" is-config="true" duration-ms="3509" started-at="2020-04-23T16:19:05 IST" finished-at="2020-04-23T16:19:08 IST">
          <params>
            <param index="0">
              <value>
                <![CDATA[public void com.tetherfi.test.sms.SmsResponseTemplateTest.AddNewRecordWithoutIntent() throws java.lang.Exception]]>
              </value>
            </param>
          </params>
          <reporter-output>
          </reporter-output>
        </test-method> <!-- afterEachMethod -->
        <test-method status="PASS" signature="endTestCase(java.lang.reflect.Method)[pri:0, instance:com.tetherfi.test.sms.SmsResponseTemplateTest@50850539]" name="endTestCase" is-config="true" duration-ms="0" started-at="2020-04-23T16:19:08 IST" finished-at="2020-04-23T16:19:08 IST">
          <params>
            <param index="0">
              <value>
                <![CDATA[public void com.tetherfi.test.sms.SmsResponseTemplateTest.AddNewRecordWithoutIntent() throws java.lang.Exception]]>
              </value>
            </param>
          </params>
          <reporter-output>
          </reporter-output>
        </test-method> <!-- endTestCase -->
        <test-method status="PASS" signature="startTestCase(java.lang.reflect.Method)[pri:0, instance:com.tetherfi.test.sms.SmsResponseTemplateTest@50850539]" name="startTestCase" is-config="true" duration-ms="1" started-at="2020-04-23T16:19:08 IST" finished-at="2020-04-23T16:19:08 IST">
          <params>
            <param index="0">
              <value>
                <![CDATA[public void com.tetherfi.test.sms.SmsResponseTemplateTest.AddNewRecordWithoutEnable() throws java.lang.Exception]]>
              </value>
            </param>
          </params>
          <reporter-output>
          </reporter-output>
        </test-method> <!-- startTestCase -->
        <test-method status="PASS" signature="NavigateToSmsResponseTemplatePage()[pri:0, instance:com.tetherfi.test.sms.SmsResponseTemplateTest@50850539]" name="NavigateToSmsResponseTemplatePage" is-config="true" duration-ms="4687" started-at="2020-04-23T16:19:08 IST" finished-at="2020-04-23T16:19:13 IST">
          <reporter-output>
          </reporter-output>
        </test-method> <!-- NavigateToSmsResponseTemplatePage -->
        <test-method status="PASS" signature="AddNewRecordWithoutEnable()[pri:11, instance:com.tetherfi.test.sms.SmsResponseTemplateTest@50850539]" name="AddNewRecordWithoutEnable" duration-ms="3075" started-at="2020-04-23T16:19:13 IST" finished-at="2020-04-23T16:19:16 IST">
          <reporter-output>
          </reporter-output>
        </test-method> <!-- AddNewRecordWithoutEnable -->
        <test-method status="PASS" signature="afterEachMethod(java.lang.reflect.Method)[pri:0, instance:com.tetherfi.test.sms.SmsResponseTemplateTest@50850539]" name="afterEachMethod" is-config="true" duration-ms="1868" started-at="2020-04-23T16:19:16 IST" finished-at="2020-04-23T16:19:18 IST">
          <params>
            <param index="0">
              <value>
                <![CDATA[public void com.tetherfi.test.sms.SmsResponseTemplateTest.AddNewRecordWithoutEnable() throws java.lang.Exception]]>
              </value>
            </param>
          </params>
          <reporter-output>
          </reporter-output>
        </test-method> <!-- afterEachMethod -->
        <test-method status="PASS" signature="endTestCase(java.lang.reflect.Method)[pri:0, instance:com.tetherfi.test.sms.SmsResponseTemplateTest@50850539]" name="endTestCase" is-config="true" duration-ms="1" started-at="2020-04-23T16:19:18 IST" finished-at="2020-04-23T16:19:18 IST">
          <params>
            <param index="0">
              <value>
                <![CDATA[public void com.tetherfi.test.sms.SmsResponseTemplateTest.AddNewRecordWithoutEnable() throws java.lang.Exception]]>
              </value>
            </param>
          </params>
          <reporter-output>
          </reporter-output>
        </test-method> <!-- endTestCase -->
        <test-method status="PASS" signature="startTestCase(java.lang.reflect.Method)[pri:0, instance:com.tetherfi.test.sms.SmsResponseTemplateTest@50850539]" name="startTestCase" is-config="true" duration-ms="0" started-at="2020-04-23T16:19:18 IST" finished-at="2020-04-23T16:19:18 IST">
          <params>
            <param index="0">
              <value>
                <![CDATA[public void com.tetherfi.test.sms.SmsResponseTemplateTest.AddNewRecordWithoutICOMTemplateID() throws java.lang.Exception]]>
              </value>
            </param>
          </params>
          <reporter-output>
          </reporter-output>
        </test-method> <!-- startTestCase -->
        <test-method status="PASS" signature="NavigateToSmsResponseTemplatePage()[pri:0, instance:com.tetherfi.test.sms.SmsResponseTemplateTest@50850539]" name="NavigateToSmsResponseTemplatePage" is-config="true" duration-ms="4461" started-at="2020-04-23T16:19:18 IST" finished-at="2020-04-23T16:19:22 IST">
          <reporter-output>
          </reporter-output>
        </test-method> <!-- NavigateToSmsResponseTemplatePage -->
        <test-method status="PASS" signature="AddNewRecordWithoutICOMTemplateID()[pri:12, instance:com.tetherfi.test.sms.SmsResponseTemplateTest@50850539]" name="AddNewRecordWithoutICOMTemplateID" duration-ms="3818" started-at="2020-04-23T16:19:22 IST" finished-at="2020-04-23T16:19:26 IST">
          <reporter-output>
          </reporter-output>
        </test-method> <!-- AddNewRecordWithoutICOMTemplateID -->
        <test-method status="PASS" signature="afterEachMethod(java.lang.reflect.Method)[pri:0, instance:com.tetherfi.test.sms.SmsResponseTemplateTest@50850539]" name="afterEachMethod" is-config="true" duration-ms="1861" started-at="2020-04-23T16:19:26 IST" finished-at="2020-04-23T16:19:28 IST">
          <params>
            <param index="0">
              <value>
                <![CDATA[public void com.tetherfi.test.sms.SmsResponseTemplateTest.AddNewRecordWithoutICOMTemplateID() throws java.lang.Exception]]>
              </value>
            </param>
          </params>
          <reporter-output>
          </reporter-output>
        </test-method> <!-- afterEachMethod -->
        <test-method status="PASS" signature="endTestCase(java.lang.reflect.Method)[pri:0, instance:com.tetherfi.test.sms.SmsResponseTemplateTest@50850539]" name="endTestCase" is-config="true" duration-ms="2" started-at="2020-04-23T16:19:28 IST" finished-at="2020-04-23T16:19:28 IST">
          <params>
            <param index="0">
              <value>
                <![CDATA[public void com.tetherfi.test.sms.SmsResponseTemplateTest.AddNewRecordWithoutICOMTemplateID() throws java.lang.Exception]]>
              </value>
            </param>
          </params>
          <reporter-output>
          </reporter-output>
        </test-method> <!-- endTestCase -->
        <test-method status="PASS" signature="startTestCase(java.lang.reflect.Method)[pri:0, instance:com.tetherfi.test.sms.SmsResponseTemplateTest@50850539]" name="startTestCase" is-config="true" duration-ms="1" started-at="2020-04-23T16:19:28 IST" finished-at="2020-04-23T16:19:28 IST">
          <params>
            <param index="0">
              <value>
                <![CDATA[public void com.tetherfi.test.sms.SmsResponseTemplateTest.VerifyCancelBtnAtAddnewRecord() throws java.lang.Exception]]>
              </value>
            </param>
          </params>
          <reporter-output>
          </reporter-output>
        </test-method> <!-- startTestCase -->
        <test-method status="PASS" signature="NavigateToSmsResponseTemplatePage()[pri:0, instance:com.tetherfi.test.sms.SmsResponseTemplateTest@50850539]" name="NavigateToSmsResponseTemplatePage" is-config="true" duration-ms="4175" started-at="2020-04-23T16:19:28 IST" finished-at="2020-04-23T16:19:32 IST">
          <reporter-output>
          </reporter-output>
        </test-method> <!-- NavigateToSmsResponseTemplatePage -->
        <test-method status="PASS" signature="VerifyCancelBtnAtAddnewRecord()[pri:13, instance:com.tetherfi.test.sms.SmsResponseTemplateTest@50850539]" name="VerifyCancelBtnAtAddnewRecord" duration-ms="45529" started-at="2020-04-23T16:19:32 IST" finished-at="2020-04-23T16:20:18 IST">
          <reporter-output>
          </reporter-output>
        </test-method> <!-- VerifyCancelBtnAtAddnewRecord -->
        <test-method status="PASS" signature="afterEachMethod(java.lang.reflect.Method)[pri:0, instance:com.tetherfi.test.sms.SmsResponseTemplateTest@50850539]" name="afterEachMethod" is-config="true" duration-ms="1783" started-at="2020-04-23T16:20:18 IST" finished-at="2020-04-23T16:20:20 IST">
          <params>
            <param index="0">
              <value>
                <![CDATA[public void com.tetherfi.test.sms.SmsResponseTemplateTest.VerifyCancelBtnAtAddnewRecord() throws java.lang.Exception]]>
              </value>
            </param>
          </params>
          <reporter-output>
          </reporter-output>
        </test-method> <!-- afterEachMethod -->
        <test-method status="PASS" signature="endTestCase(java.lang.reflect.Method)[pri:0, instance:com.tetherfi.test.sms.SmsResponseTemplateTest@50850539]" name="endTestCase" is-config="true" duration-ms="1" started-at="2020-04-23T16:20:20 IST" finished-at="2020-04-23T16:20:20 IST">
          <params>
            <param index="0">
              <value>
                <![CDATA[public void com.tetherfi.test.sms.SmsResponseTemplateTest.VerifyCancelBtnAtAddnewRecord() throws java.lang.Exception]]>
              </value>
            </param>
          </params>
          <reporter-output>
          </reporter-output>
        </test-method> <!-- endTestCase -->
        <test-method status="PASS" signature="startTestCase(java.lang.reflect.Method)[pri:0, instance:com.tetherfi.test.sms.SmsResponseTemplateTest@50850539]" name="startTestCase" is-config="true" duration-ms="0" started-at="2020-04-23T16:20:20 IST" finished-at="2020-04-23T16:20:20 IST">
          <params>
            <param index="0">
              <value>
                <![CDATA[public void com.tetherfi.test.sms.SmsResponseTemplateTest.EditSmsResponseTemplateRecord() throws java.lang.Exception]]>
              </value>
            </param>
          </params>
          <reporter-output>
          </reporter-output>
        </test-method> <!-- startTestCase -->
        <test-method status="PASS" signature="NavigateToSmsResponseTemplatePage()[pri:0, instance:com.tetherfi.test.sms.SmsResponseTemplateTest@50850539]" name="NavigateToSmsResponseTemplatePage" is-config="true" duration-ms="4975" started-at="2020-04-23T16:20:20 IST" finished-at="2020-04-23T16:20:25 IST">
          <reporter-output>
          </reporter-output>
        </test-method> <!-- NavigateToSmsResponseTemplatePage -->
        <test-method status="PASS" signature="EditSmsResponseTemplateRecord()[pri:14, instance:com.tetherfi.test.sms.SmsResponseTemplateTest@50850539]" name="EditSmsResponseTemplateRecord" duration-ms="7662" started-at="2020-04-23T16:20:25 IST" finished-at="2020-04-23T16:20:32 IST">
          <reporter-output>
          </reporter-output>
        </test-method> <!-- EditSmsResponseTemplateRecord -->
        <test-method status="PASS" signature="afterEachMethod(java.lang.reflect.Method)[pri:0, instance:com.tetherfi.test.sms.SmsResponseTemplateTest@50850539]" name="afterEachMethod" is-config="true" duration-ms="2014" started-at="2020-04-23T16:20:32 IST" finished-at="2020-04-23T16:20:34 IST">
          <params>
            <param index="0">
              <value>
                <![CDATA[public void com.tetherfi.test.sms.SmsResponseTemplateTest.EditSmsResponseTemplateRecord() throws java.lang.Exception]]>
              </value>
            </param>
          </params>
          <reporter-output>
          </reporter-output>
        </test-method> <!-- afterEachMethod -->
        <test-method status="PASS" signature="endTestCase(java.lang.reflect.Method)[pri:0, instance:com.tetherfi.test.sms.SmsResponseTemplateTest@50850539]" name="endTestCase" is-config="true" duration-ms="0" started-at="2020-04-23T16:20:34 IST" finished-at="2020-04-23T16:20:34 IST">
          <params>
            <param index="0">
              <value>
                <![CDATA[public void com.tetherfi.test.sms.SmsResponseTemplateTest.EditSmsResponseTemplateRecord() throws java.lang.Exception]]>
              </value>
            </param>
          </params>
          <reporter-output>
          </reporter-output>
        </test-method> <!-- endTestCase -->
        <test-method status="PASS" signature="startTestCase(java.lang.reflect.Method)[pri:0, instance:com.tetherfi.test.sms.SmsResponseTemplateTest@50850539]" name="startTestCase" is-config="true" duration-ms="1" started-at="2020-04-23T16:20:34 IST" finished-at="2020-04-23T16:20:34 IST">
          <params>
            <param index="0">
              <value>
                <![CDATA[public void com.tetherfi.test.sms.SmsResponseTemplateTest.VerifyAuditTrialReportForUpdate() throws java.lang.Exception]]>
              </value>
            </param>
          </params>
          <reporter-output>
          </reporter-output>
        </test-method> <!-- startTestCase -->
        <test-method status="PASS" signature="NavigateToSmsResponseTemplatePage()[pri:0, instance:com.tetherfi.test.sms.SmsResponseTemplateTest@50850539]" name="NavigateToSmsResponseTemplatePage" is-config="true" duration-ms="5283" started-at="2020-04-23T16:20:34 IST" finished-at="2020-04-23T16:20:40 IST">
          <reporter-output>
          </reporter-output>
        </test-method> <!-- NavigateToSmsResponseTemplatePage -->
        <test-method status="PASS" signature="VerifyAuditTrialReportForUpdate()[pri:15, instance:com.tetherfi.test.sms.SmsResponseTemplateTest@50850539]" name="VerifyAuditTrialReportForUpdate" duration-ms="24351" started-at="2020-04-23T16:20:40 IST" finished-at="2020-04-23T16:21:04 IST">
          <reporter-output>
          </reporter-output>
        </test-method> <!-- VerifyAuditTrialReportForUpdate -->
        <test-method status="PASS" signature="afterEachMethod(java.lang.reflect.Method)[pri:0, instance:com.tetherfi.test.sms.SmsResponseTemplateTest@50850539]" name="afterEachMethod" is-config="true" duration-ms="1544" started-at="2020-04-23T16:21:04 IST" finished-at="2020-04-23T16:21:05 IST">
          <params>
            <param index="0">
              <value>
                <![CDATA[public void com.tetherfi.test.sms.SmsResponseTemplateTest.VerifyAuditTrialReportForUpdate() throws java.lang.Exception]]>
              </value>
            </param>
          </params>
          <reporter-output>
          </reporter-output>
        </test-method> <!-- afterEachMethod -->
        <test-method status="PASS" signature="endTestCase(java.lang.reflect.Method)[pri:0, instance:com.tetherfi.test.sms.SmsResponseTemplateTest@50850539]" name="endTestCase" is-config="true" duration-ms="1" started-at="2020-04-23T16:21:05 IST" finished-at="2020-04-23T16:21:05 IST">
          <params>
            <param index="0">
              <value>
                <![CDATA[public void com.tetherfi.test.sms.SmsResponseTemplateTest.VerifyAuditTrialReportForUpdate() throws java.lang.Exception]]>
              </value>
            </param>
          </params>
          <reporter-output>
          </reporter-output>
        </test-method> <!-- endTestCase -->
        <test-method status="PASS" signature="startTestCase(java.lang.reflect.Method)[pri:0, instance:com.tetherfi.test.sms.SmsResponseTemplateTest@50850539]" name="startTestCase" is-config="true" duration-ms="1" started-at="2020-04-23T16:21:05 IST" finished-at="2020-04-23T16:21:05 IST">
          <params>
            <param index="0">
              <value>
                <![CDATA[public void com.tetherfi.test.sms.SmsResponseTemplateTest.EditSmsTemplateRecordWithoutModifyReason() throws java.lang.Exception]]>
              </value>
            </param>
          </params>
          <reporter-output>
          </reporter-output>
        </test-method> <!-- startTestCase -->
        <test-method status="PASS" signature="NavigateToSmsResponseTemplatePage()[pri:0, instance:com.tetherfi.test.sms.SmsResponseTemplateTest@50850539]" name="NavigateToSmsResponseTemplatePage" is-config="true" duration-ms="4596" started-at="2020-04-23T16:21:05 IST" finished-at="2020-04-23T16:21:10 IST">
          <reporter-output>
          </reporter-output>
        </test-method> <!-- NavigateToSmsResponseTemplatePage -->
        <test-method status="PASS" signature="EditSmsTemplateRecordWithoutModifyReason()[pri:16, instance:com.tetherfi.test.sms.SmsResponseTemplateTest@50850539]" name="EditSmsTemplateRecordWithoutModifyReason" duration-ms="7330" started-at="2020-04-23T16:21:10 IST" depends-on-methods="com.tetherfi.test.sms.SmsResponseTemplateTest.EditSmsResponseTemplateRecord" finished-at="2020-04-23T16:21:17 IST">
          <reporter-output>
          </reporter-output>
        </test-method> <!-- EditSmsTemplateRecordWithoutModifyReason -->
        <test-method status="PASS" signature="afterEachMethod(java.lang.reflect.Method)[pri:0, instance:com.tetherfi.test.sms.SmsResponseTemplateTest@50850539]" name="afterEachMethod" is-config="true" duration-ms="1510" started-at="2020-04-23T16:21:17 IST" finished-at="2020-04-23T16:21:19 IST">
          <params>
            <param index="0">
              <value>
                <![CDATA[public void com.tetherfi.test.sms.SmsResponseTemplateTest.EditSmsTemplateRecordWithoutModifyReason() throws java.lang.Exception]]>
              </value>
            </param>
          </params>
          <reporter-output>
          </reporter-output>
        </test-method> <!-- afterEachMethod -->
        <test-method status="PASS" signature="endTestCase(java.lang.reflect.Method)[pri:0, instance:com.tetherfi.test.sms.SmsResponseTemplateTest@50850539]" name="endTestCase" is-config="true" duration-ms="2" started-at="2020-04-23T16:21:19 IST" finished-at="2020-04-23T16:21:19 IST">
          <params>
            <param index="0">
              <value>
                <![CDATA[public void com.tetherfi.test.sms.SmsResponseTemplateTest.EditSmsTemplateRecordWithoutModifyReason() throws java.lang.Exception]]>
              </value>
            </param>
          </params>
          <reporter-output>
          </reporter-output>
        </test-method> <!-- endTestCase -->
        <test-method status="PASS" signature="NavigateToSmsResponseTemplatePage()[pri:0, instance:com.tetherfi.test.sms.SmsResponseTemplateTest@50850539]" name="NavigateToSmsResponseTemplatePage" is-config="true" duration-ms="5041" started-at="2020-04-23T16:21:19 IST" finished-at="2020-04-23T16:21:24 IST">
          <reporter-output>
          </reporter-output>
        </test-method> <!-- NavigateToSmsResponseTemplatePage -->
        <test-method status="PASS" signature="startTestCase(java.lang.reflect.Method)[pri:0, instance:com.tetherfi.test.sms.SmsResponseTemplateTest@50850539]" name="startTestCase" is-config="true" duration-ms="0" started-at="2020-04-23T16:21:19 IST" finished-at="2020-04-23T16:21:19 IST">
          <params>
            <param index="0">
              <value>
                <![CDATA[public void com.tetherfi.test.sms.SmsResponseTemplateTest.VerifyCancelBtnAtEditSmsResponseTemplateRecord() throws java.lang.Exception]]>
              </value>
            </param>
          </params>
          <reporter-output>
          </reporter-output>
        </test-method> <!-- startTestCase -->
        <test-method status="PASS" signature="VerifyCancelBtnAtEditSmsResponseTemplateRecord()[pri:17, instance:com.tetherfi.test.sms.SmsResponseTemplateTest@50850539]" name="VerifyCancelBtnAtEditSmsResponseTemplateRecord" duration-ms="48702" started-at="2020-04-23T16:21:24 IST" finished-at="2020-04-23T16:22:13 IST">
          <reporter-output>
          </reporter-output>
        </test-method> <!-- VerifyCancelBtnAtEditSmsResponseTemplateRecord -->
        <test-method status="PASS" signature="afterEachMethod(java.lang.reflect.Method)[pri:0, instance:com.tetherfi.test.sms.SmsResponseTemplateTest@50850539]" name="afterEachMethod" is-config="true" duration-ms="1774" started-at="2020-04-23T16:22:13 IST" finished-at="2020-04-23T16:22:14 IST">
          <params>
            <param index="0">
              <value>
                <![CDATA[public void com.tetherfi.test.sms.SmsResponseTemplateTest.VerifyCancelBtnAtEditSmsResponseTemplateRecord() throws java.lang.Exception]]>
              </value>
            </param>
          </params>
          <reporter-output>
          </reporter-output>
        </test-method> <!-- afterEachMethod -->
        <test-method status="PASS" signature="endTestCase(java.lang.reflect.Method)[pri:0, instance:com.tetherfi.test.sms.SmsResponseTemplateTest@50850539]" name="endTestCase" is-config="true" duration-ms="1" started-at="2020-04-23T16:22:14 IST" finished-at="2020-04-23T16:22:14 IST">
          <params>
            <param index="0">
              <value>
                <![CDATA[public void com.tetherfi.test.sms.SmsResponseTemplateTest.VerifyCancelBtnAtEditSmsResponseTemplateRecord() throws java.lang.Exception]]>
              </value>
            </param>
          </params>
          <reporter-output>
          </reporter-output>
        </test-method> <!-- endTestCase -->
        <test-method status="PASS" signature="startTestCase(java.lang.reflect.Method)[pri:0, instance:com.tetherfi.test.sms.SmsResponseTemplateTest@50850539]" name="startTestCase" is-config="true" duration-ms="1" started-at="2020-04-23T16:22:14 IST" finished-at="2020-04-23T16:22:14 IST">
          <params>
            <param index="0">
              <value>
                <![CDATA[public void com.tetherfi.test.sms.SmsResponseTemplateTest.searchPage() throws java.lang.Exception]]>
              </value>
            </param>
          </params>
          <reporter-output>
          </reporter-output>
        </test-method> <!-- startTestCase -->
        <test-method status="PASS" signature="NavigateToSmsResponseTemplatePage()[pri:0, instance:com.tetherfi.test.sms.SmsResponseTemplateTest@50850539]" name="NavigateToSmsResponseTemplatePage" is-config="true" duration-ms="4567" started-at="2020-04-23T16:22:14 IST" finished-at="2020-04-23T16:22:19 IST">
          <reporter-output>
          </reporter-output>
        </test-method> <!-- NavigateToSmsResponseTemplatePage -->
        <test-method status="FAIL" signature="searchPage()[pri:18, instance:com.tetherfi.test.sms.SmsResponseTemplateTest@50850539]" name="searchPage" duration-ms="3203" started-at="2020-04-23T16:22:19 IST" finished-at="2020-04-23T16:22:22 IST">
          <exception class="org.openqa.selenium.StaleElementReferenceException">
            <message>
              <![CDATA[stale element reference: element is not attached to the page document
  (Session info: chrome=81.0.4044.122)
For documentation on this error, please visit: https://www.seleniumhq.org/exceptions/stale_element_reference.html
Build info: version: '3.141.59', revision: 'e82be7d358', time: '2018-11-14T08:17:03'
System info: host: 'DESKTOP-NJVBPFB', ip: '192.168.225.65', os.name: 'Windows 10', os.arch: 'amd64', os.version: '10.0', java.version: '1.8.0_181'
Driver info: org.openqa.selenium.chrome.ChromeDriver
Capabilities {acceptInsecureCerts: false, browserName: chrome, browserVersion: 81.0.4044.122, chrome: {chromedriverVersion: 80.0.3987.106 (f68069574609..., userDataDir: C:\Users\admin\AppData\Loca...}, goog:chromeOptions: {debuggerAddress: localhost:64982}, javascriptEnabled: true, networkConnectionEnabled: false, pageLoadStrategy: normal, platform: WINDOWS, platformName: WINDOWS, proxy: Proxy(), setWindowRect: true, strictFileInteractability: false, timeouts: {implicit: 0, pageLoad: 300000, script: 30000}, unhandledPromptBehavior: dismiss and notify}
Session ID: 4f56adcd4aa1588be87c243a2ee63d85]]>
            </message>
            <full-stacktrace>
              <![CDATA[org.openqa.selenium.StaleElementReferenceException: stale element reference: element is not attached to the page document
  (Session info: chrome=81.0.4044.122)
For documentation on this error, please visit: https://www.seleniumhq.org/exceptions/stale_element_reference.html
Build info: version: '3.141.59', revision: 'e82be7d358', time: '2018-11-14T08:17:03'
System info: host: 'DESKTOP-NJVBPFB', ip: '192.168.225.65', os.name: 'Windows 10', os.arch: 'amd64', os.version: '10.0', java.version: '1.8.0_181'
Driver info: org.openqa.selenium.chrome.ChromeDriver
Capabilities {acceptInsecureCerts: false, browserName: chrome, browserVersion: 81.0.4044.122, chrome: {chromedriverVersion: 80.0.3987.106 (f68069574609..., userDataDir: C:\Users\admin\AppData\Loca...}, goog:chromeOptions: {debuggerAddress: localhost:64982}, javascriptEnabled: true, networkConnectionEnabled: false, pageLoadStrategy: normal, platform: WINDOWS, platformName: WINDOWS, proxy: Proxy(), setWindowRect: true, strictFileInteractability: false, timeouts: {implicit: 0, pageLoad: 300000, script: 30000}, unhandledPromptBehavior: dismiss and notify}
Session ID: 4f56adcd4aa1588be87c243a2ee63d85
at sun.reflect.NativeConstructorAccessorImpl.newInstance0(Native Method)
at sun.reflect.NativeConstructorAccessorImpl.newInstance(Unknown Source)
at sun.reflect.DelegatingConstructorAccessorImpl.newInstance(Unknown Source)
at java.lang.reflect.Constructor.newInstance(Unknown Source)
at org.openqa.selenium.remote.http.W3CHttpResponseCodec.createException(W3CHttpResponseCodec.java:187)
at org.openqa.selenium.remote.http.W3CHttpResponseCodec.decode(W3CHttpResponseCodec.java:122)
at org.openqa.selenium.remote.http.W3CHttpResponseCodec.decode(W3CHttpResponseCodec.java:49)
at org.openqa.selenium.remote.HttpCommandExecutor.execute(HttpCommandExecutor.java:158)
at org.openqa.selenium.remote.service.DriverCommandExecutor.execute(DriverCommandExecutor.java:83)
at org.openqa.selenium.remote.RemoteWebDriver.execute(RemoteWebDriver.java:552)
at org.openqa.selenium.remote.RemoteWebElement.execute(RemoteWebElement.java:285)
at org.openqa.selenium.remote.RemoteWebElement.isDisplayed(RemoteWebElement.java:326)
at org.openqa.selenium.support.ui.ExpectedConditions.elementIfVisible(ExpectedConditions.java:314)
at org.openqa.selenium.support.ui.ExpectedConditions.access$000(ExpectedConditions.java:43)
at org.openqa.selenium.support.ui.ExpectedConditions$10.apply(ExpectedConditions.java:300)
at org.openqa.selenium.support.ui.ExpectedConditions$10.apply(ExpectedConditions.java:297)
at org.openqa.selenium.support.ui.FluentWait.until(FluentWait.java:249)
at com.tetherfi.pages.BasePage.waitUntilWebElementListIsVisible(BasePage.java:135)
at com.tetherfi.pages.BasePage.selectDropdownFromVisibleText(BasePage.java:333)
at com.tetherfi.pages.SmsResponseTemplatePageWMC.clearAll(SmsResponseTemplatePageWMC.java:780)
at com.tetherfi.test.sms.SmsResponseTemplateTest.searchPage(SmsResponseTemplateTest.java:215)
at sun.reflect.NativeMethodAccessorImpl.invoke0(Native Method)
at sun.reflect.NativeMethodAccessorImpl.invoke(Unknown Source)
at sun.reflect.DelegatingMethodAccessorImpl.invoke(Unknown Source)
at java.lang.reflect.Method.invoke(Unknown Source)
at org.testng.internal.MethodInvocationHelper.invokeMethod(MethodInvocationHelper.java:133)
at org.testng.internal.TestInvoker.invokeMethod(TestInvoker.java:584)
at org.testng.internal.TestInvoker.invokeTestMethod(TestInvoker.java:172)
at org.testng.internal.MethodRunner.runInSequence(MethodRunner.java:46)
at org.testng.internal.TestInvoker$MethodInvocationAgent.invoke(TestInvoker.java:804)
at org.testng.internal.TestInvoker.invokeTestMethods(TestInvoker.java:145)
at org.testng.internal.TestMethodWorker.invokeTestMethods(TestMethodWorker.java:146)
at org.testng.internal.TestMethodWorker.run(TestMethodWorker.java:128)
at java.util.ArrayList.forEach(Unknown Source)
at org.testng.TestRunner.privateRun(TestRunner.java:770)
at org.testng.TestRunner.run(TestRunner.java:591)
at org.testng.SuiteRunner.runTest(SuiteRunner.java:402)
at org.testng.SuiteRunner.runSequentially(SuiteRunner.java:396)
at org.testng.SuiteRunner.privateRun(SuiteRunner.java:355)
at org.testng.SuiteRunner.run(SuiteRunner.java:304)
at org.testng.SuiteRunnerWorker.runSuite(SuiteRunnerWorker.java:53)
at org.testng.SuiteRunnerWorker.run(SuiteRunnerWorker.java:96)
at org.testng.TestNG.runSuitesSequentially(TestNG.java:1180)
at org.testng.TestNG.runSuitesLocally(TestNG.java:1102)
at org.testng.TestNG.runSuites(TestNG.java:1032)
at org.testng.TestNG.run(TestNG.java:1000)
at org.testng.remote.AbstractRemoteTestNG.run(AbstractRemoteTestNG.java:115)
at org.testng.remote.RemoteTestNG.initAndRun(RemoteTestNG.java:251)
at org.testng.remote.RemoteTestNG.main(RemoteTestNG.java:77)
]]>
            </full-stacktrace>
          </exception> <!-- org.openqa.selenium.StaleElementReferenceException -->
          <reporter-output>
          </reporter-output>
        </test-method> <!-- searchPage -->
        <test-method status="PASS" signature="afterEachMethod(java.lang.reflect.Method)[pri:0, instance:com.tetherfi.test.sms.SmsResponseTemplateTest@50850539]" name="afterEachMethod" is-config="true" duration-ms="1688" started-at="2020-04-23T16:22:22 IST" finished-at="2020-04-23T16:22:24 IST">
          <params>
            <param index="0">
              <value>
                <![CDATA[public void com.tetherfi.test.sms.SmsResponseTemplateTest.searchPage() throws java.lang.Exception]]>
              </value>
            </param>
          </params>
          <reporter-output>
          </reporter-output>
        </test-method> <!-- afterEachMethod -->
        <test-method status="PASS" signature="endTestCase(java.lang.reflect.Method)[pri:0, instance:com.tetherfi.test.sms.SmsResponseTemplateTest@50850539]" name="endTestCase" is-config="true" duration-ms="0" started-at="2020-04-23T16:22:24 IST" finished-at="2020-04-23T16:22:24 IST">
          <params>
            <param index="0">
              <value>
                <![CDATA[public void com.tetherfi.test.sms.SmsResponseTemplateTest.searchPage() throws java.lang.Exception]]>
              </value>
            </param>
          </params>
          <reporter-output>
          </reporter-output>
        </test-method> <!-- endTestCase -->
        <test-method status="PASS" signature="startTestCase(java.lang.reflect.Method)[pri:0, instance:com.tetherfi.test.sms.SmsResponseTemplateTest@50850539]" name="startTestCase" is-config="true" duration-ms="0" started-at="2020-04-23T16:22:24 IST" finished-at="2020-04-23T16:22:24 IST">
          <params>
            <param index="0">
              <value>
                <![CDATA[public void com.tetherfi.test.sms.SmsResponseTemplateTest.searchwithoutSearchTextbox()]]>
              </value>
            </param>
          </params>
          <reporter-output>
          </reporter-output>
        </test-method> <!-- startTestCase -->
        <test-method status="PASS" signature="NavigateToSmsResponseTemplatePage()[pri:0, instance:com.tetherfi.test.sms.SmsResponseTemplateTest@50850539]" name="NavigateToSmsResponseTemplatePage" is-config="true" duration-ms="4988" started-at="2020-04-23T16:22:24 IST" finished-at="2020-04-23T16:22:29 IST">
          <reporter-output>
          </reporter-output>
        </test-method> <!-- NavigateToSmsResponseTemplatePage -->
        <test-method status="PASS" signature="searchwithoutSearchTextbox()[pri:19, instance:com.tetherfi.test.sms.SmsResponseTemplateTest@50850539]" name="searchwithoutSearchTextbox" duration-ms="3293" started-at="2020-04-23T16:22:29 IST" finished-at="2020-04-23T16:22:32 IST">
          <reporter-output>
          </reporter-output>
        </test-method> <!-- searchwithoutSearchTextbox -->
        <test-method status="PASS" signature="afterEachMethod(java.lang.reflect.Method)[pri:0, instance:com.tetherfi.test.sms.SmsResponseTemplateTest@50850539]" name="afterEachMethod" is-config="true" duration-ms="1693" started-at="2020-04-23T16:22:32 IST" finished-at="2020-04-23T16:22:34 IST">
          <params>
            <param index="0">
              <value>
                <![CDATA[public void com.tetherfi.test.sms.SmsResponseTemplateTest.searchwithoutSearchTextbox()]]>
              </value>
            </param>
          </params>
          <reporter-output>
          </reporter-output>
        </test-method> <!-- afterEachMethod -->
        <test-method status="PASS" signature="endTestCase(java.lang.reflect.Method)[pri:0, instance:com.tetherfi.test.sms.SmsResponseTemplateTest@50850539]" name="endTestCase" is-config="true" duration-ms="1" started-at="2020-04-23T16:22:34 IST" finished-at="2020-04-23T16:22:34 IST">
          <params>
            <param index="0">
              <value>
                <![CDATA[public void com.tetherfi.test.sms.SmsResponseTemplateTest.searchwithoutSearchTextbox()]]>
              </value>
            </param>
          </params>
          <reporter-output>
          </reporter-output>
        </test-method> <!-- endTestCase -->
        <test-method status="PASS" signature="startTestCase(java.lang.reflect.Method)[pri:0, instance:com.tetherfi.test.sms.SmsResponseTemplateTest@50850539]" name="startTestCase" is-config="true" duration-ms="0" started-at="2020-04-23T16:22:34 IST" finished-at="2020-04-23T16:22:34 IST">
          <params>
            <param index="0">
              <value>
                <![CDATA[public void com.tetherfi.test.sms.SmsResponseTemplateTest.ExportToExcel()]]>
              </value>
            </param>
          </params>
          <reporter-output>
          </reporter-output>
        </test-method> <!-- startTestCase -->
        <test-method status="PASS" signature="NavigateToSmsResponseTemplatePage()[pri:0, instance:com.tetherfi.test.sms.SmsResponseTemplateTest@50850539]" name="NavigateToSmsResponseTemplatePage" is-config="true" duration-ms="4683" started-at="2020-04-23T16:22:34 IST" finished-at="2020-04-23T16:22:39 IST">
          <reporter-output>
          </reporter-output>
        </test-method> <!-- NavigateToSmsResponseTemplatePage -->
        <test-method status="PASS" signature="ExportToExcel()[pri:20, instance:com.tetherfi.test.sms.SmsResponseTemplateTest@50850539]" name="ExportToExcel" duration-ms="2348" started-at="2020-04-23T16:22:39 IST" finished-at="2020-04-23T16:22:41 IST">
          <reporter-output>
          </reporter-output>
        </test-method> <!-- ExportToExcel -->
        <test-method status="PASS" signature="afterEachMethod(java.lang.reflect.Method)[pri:0, instance:com.tetherfi.test.sms.SmsResponseTemplateTest@50850539]" name="afterEachMethod" is-config="true" duration-ms="1571" started-at="2020-04-23T16:22:41 IST" finished-at="2020-04-23T16:22:42 IST">
          <params>
            <param index="0">
              <value>
                <![CDATA[public void com.tetherfi.test.sms.SmsResponseTemplateTest.ExportToExcel()]]>
              </value>
            </param>
          </params>
          <reporter-output>
          </reporter-output>
        </test-method> <!-- afterEachMethod -->
        <test-method status="PASS" signature="endTestCase(java.lang.reflect.Method)[pri:0, instance:com.tetherfi.test.sms.SmsResponseTemplateTest@50850539]" name="endTestCase" is-config="true" duration-ms="1" started-at="2020-04-23T16:22:42 IST" finished-at="2020-04-23T16:22:42 IST">
          <params>
            <param index="0">
              <value>
                <![CDATA[public void com.tetherfi.test.sms.SmsResponseTemplateTest.ExportToExcel()]]>
              </value>
            </param>
          </params>
          <reporter-output>
          </reporter-output>
        </test-method> <!-- endTestCase -->
        <test-method status="PASS" signature="startTestCase(java.lang.reflect.Method)[pri:0, instance:com.tetherfi.test.sms.SmsResponseTemplateTest@50850539]" name="startTestCase" is-config="true" duration-ms="1" started-at="2020-04-23T16:22:42 IST" finished-at="2020-04-23T16:22:42 IST">
          <params>
            <param index="0">
              <value>
                <![CDATA[public void com.tetherfi.test.sms.SmsResponseTemplateTest.ExportToExcelData() throws java.lang.Exception]]>
              </value>
            </param>
          </params>
          <reporter-output>
          </reporter-output>
        </test-method> <!-- startTestCase -->
        <test-method status="PASS" signature="NavigateToSmsResponseTemplatePage()[pri:0, instance:com.tetherfi.test.sms.SmsResponseTemplateTest@50850539]" name="NavigateToSmsResponseTemplatePage" is-config="true" duration-ms="4585" started-at="2020-04-23T16:22:42 IST" finished-at="2020-04-23T16:22:47 IST">
          <reporter-output>
          </reporter-output>
        </test-method> <!-- NavigateToSmsResponseTemplatePage -->
        <test-method status="FAIL" signature="ExportToExcelData()[pri:21, instance:com.tetherfi.test.sms.SmsResponseTemplateTest@50850539]" name="ExportToExcelData" duration-ms="111" started-at="2020-04-23T16:22:47 IST" finished-at="2020-04-23T16:22:47 IST">
          <exception class="java.lang.ArrayIndexOutOfBoundsException">
            <message>
              <![CDATA[1]]>
            </message>
            <full-stacktrace>
              <![CDATA[java.lang.ArrayIndexOutOfBoundsException: 1
at com.tetherfi.pages.SmsResponseTemplatePageWMC.getdata(SmsResponseTemplatePageWMC.java:694)
at com.tetherfi.pages.SmsResponseTemplatePageWMC.verifyexportToExcelSheet(SmsResponseTemplatePageWMC.java:650)
at com.tetherfi.test.sms.SmsResponseTemplateTest.ExportToExcelData(SmsResponseTemplateTest.java:238)
at sun.reflect.NativeMethodAccessorImpl.invoke0(Native Method)
at sun.reflect.NativeMethodAccessorImpl.invoke(Unknown Source)
at sun.reflect.DelegatingMethodAccessorImpl.invoke(Unknown Source)
at java.lang.reflect.Method.invoke(Unknown Source)
at org.testng.internal.MethodInvocationHelper.invokeMethod(MethodInvocationHelper.java:133)
at org.testng.internal.TestInvoker.invokeMethod(TestInvoker.java:584)
at org.testng.internal.TestInvoker.invokeTestMethod(TestInvoker.java:172)
at org.testng.internal.MethodRunner.runInSequence(MethodRunner.java:46)
at org.testng.internal.TestInvoker$MethodInvocationAgent.invoke(TestInvoker.java:804)
at org.testng.internal.TestInvoker.invokeTestMethods(TestInvoker.java:145)
at org.testng.internal.TestMethodWorker.invokeTestMethods(TestMethodWorker.java:146)
at org.testng.internal.TestMethodWorker.run(TestMethodWorker.java:128)
at java.util.ArrayList.forEach(Unknown Source)
at org.testng.TestRunner.privateRun(TestRunner.java:770)
at org.testng.TestRunner.run(TestRunner.java:591)
at org.testng.SuiteRunner.runTest(SuiteRunner.java:402)
at org.testng.SuiteRunner.runSequentially(SuiteRunner.java:396)
at org.testng.SuiteRunner.privateRun(SuiteRunner.java:355)
at org.testng.SuiteRunner.run(SuiteRunner.java:304)
at org.testng.SuiteRunnerWorker.runSuite(SuiteRunnerWorker.java:53)
at org.testng.SuiteRunnerWorker.run(SuiteRunnerWorker.java:96)
at org.testng.TestNG.runSuitesSequentially(TestNG.java:1180)
at org.testng.TestNG.runSuitesLocally(TestNG.java:1102)
at org.testng.TestNG.runSuites(TestNG.java:1032)
at org.testng.TestNG.run(TestNG.java:1000)
at org.testng.remote.AbstractRemoteTestNG.run(AbstractRemoteTestNG.java:115)
at org.testng.remote.RemoteTestNG.initAndRun(RemoteTestNG.java:251)
at org.testng.remote.RemoteTestNG.main(RemoteTestNG.java:77)
]]>
            </full-stacktrace>
          </exception> <!-- java.lang.ArrayIndexOutOfBoundsException -->
          <reporter-output>
          </reporter-output>
        </test-method> <!-- ExportToExcelData -->
        <test-method status="PASS" signature="afterEachMethod(java.lang.reflect.Method)[pri:0, instance:com.tetherfi.test.sms.SmsResponseTemplateTest@50850539]" name="afterEachMethod" is-config="true" duration-ms="2110" started-at="2020-04-23T16:22:47 IST" finished-at="2020-04-23T16:22:49 IST">
          <params>
            <param index="0">
              <value>
                <![CDATA[public void com.tetherfi.test.sms.SmsResponseTemplateTest.ExportToExcelData() throws java.lang.Exception]]>
              </value>
            </param>
          </params>
          <reporter-output>
          </reporter-output>
        </test-method> <!-- afterEachMethod -->
        <test-method status="PASS" signature="endTestCase(java.lang.reflect.Method)[pri:0, instance:com.tetherfi.test.sms.SmsResponseTemplateTest@50850539]" name="endTestCase" is-config="true" duration-ms="1" started-at="2020-04-23T16:22:49 IST" finished-at="2020-04-23T16:22:49 IST">
          <params>
            <param index="0">
              <value>
                <![CDATA[public void com.tetherfi.test.sms.SmsResponseTemplateTest.ExportToExcelData() throws java.lang.Exception]]>
              </value>
            </param>
          </params>
          <reporter-output>
          </reporter-output>
        </test-method> <!-- endTestCase -->
        <test-method status="PASS" signature="startTestCase(java.lang.reflect.Method)[pri:0, instance:com.tetherfi.test.sms.SmsResponseTemplateTest@50850539]" name="startTestCase" is-config="true" duration-ms="1" started-at="2020-04-23T16:22:49 IST" finished-at="2020-04-23T16:22:49 IST">
          <params>
            <param index="0">
              <value>
                <![CDATA[public void com.tetherfi.test.sms.SmsResponseTemplateTest.DeleteRecordWithoutDeleteReason() throws java.lang.Exception]]>
              </value>
            </param>
          </params>
          <reporter-output>
          </reporter-output>
        </test-method> <!-- startTestCase -->
        <test-method status="PASS" signature="NavigateToSmsResponseTemplatePage()[pri:0, instance:com.tetherfi.test.sms.SmsResponseTemplateTest@50850539]" name="NavigateToSmsResponseTemplatePage" is-config="true" duration-ms="5034" started-at="2020-04-23T16:22:49 IST" finished-at="2020-04-23T16:22:54 IST">
          <reporter-output>
          </reporter-output>
        </test-method> <!-- NavigateToSmsResponseTemplatePage -->
        <test-method status="FAIL" signature="DeleteRecordWithoutDeleteReason()[pri:22, instance:com.tetherfi.test.sms.SmsResponseTemplateTest@50850539]" name="DeleteRecordWithoutDeleteReason" duration-ms="85005" started-at="2020-04-23T16:22:54 IST" finished-at="2020-04-23T16:24:19 IST">
          <exception class="org.openqa.selenium.TimeoutException">
            <message>
              <![CDATA[Expected condition failed: waiting for visibility of Proxy element for: DefaultElementLocator 'By.cssSelector: .k-grid-CustomDelete' (tried for 30 second(s) with 500 milliseconds interval)]]>
            </message>
            <full-stacktrace>
              <![CDATA[org.openqa.selenium.TimeoutException: Expected condition failed: waiting for visibility of Proxy element for: DefaultElementLocator 'By.cssSelector: .k-grid-CustomDelete' (tried for 30 second(s) with 500 milliseconds interval)
at org.openqa.selenium.support.ui.WebDriverWait.timeoutException(WebDriverWait.java:95)
at org.openqa.selenium.support.ui.FluentWait.until(FluentWait.java:272)
at com.tetherfi.pages.BasePage.waitUntilWebElementIsVisible(BasePage.java:128)
at com.tetherfi.pages.BasePage.selectWebElement(BasePage.java:194)
at com.tetherfi.pages.SmsResponseTemplatePageWMC.DeleteSmsResponseTemplateRecordWithoutDeleteReason(SmsResponseTemplatePageWMC.java:1401)
at com.tetherfi.test.sms.SmsResponseTemplateTest.DeleteRecordWithoutDeleteReason(SmsResponseTemplateTest.java:247)
at sun.reflect.NativeMethodAccessorImpl.invoke0(Native Method)
at sun.reflect.NativeMethodAccessorImpl.invoke(Unknown Source)
at sun.reflect.DelegatingMethodAccessorImpl.invoke(Unknown Source)
at java.lang.reflect.Method.invoke(Unknown Source)
at org.testng.internal.MethodInvocationHelper.invokeMethod(MethodInvocationHelper.java:133)
at org.testng.internal.TestInvoker.invokeMethod(TestInvoker.java:584)
at org.testng.internal.TestInvoker.invokeTestMethod(TestInvoker.java:172)
at org.testng.internal.MethodRunner.runInSequence(MethodRunner.java:46)
at org.testng.internal.TestInvoker$MethodInvocationAgent.invoke(TestInvoker.java:804)
at org.testng.internal.TestInvoker.invokeTestMethods(TestInvoker.java:145)
at org.testng.internal.TestMethodWorker.invokeTestMethods(TestMethodWorker.java:146)
at org.testng.internal.TestMethodWorker.run(TestMethodWorker.java:128)
at java.util.ArrayList.forEach(Unknown Source)
at org.testng.TestRunner.privateRun(TestRunner.java:770)
at org.testng.TestRunner.run(TestRunner.java:591)
at org.testng.SuiteRunner.runTest(SuiteRunner.java:402)
at org.testng.SuiteRunner.runSequentially(SuiteRunner.java:396)
at org.testng.SuiteRunner.privateRun(SuiteRunner.java:355)
at org.testng.SuiteRunner.run(SuiteRunner.java:304)
at org.testng.SuiteRunnerWorker.runSuite(SuiteRunnerWorker.java:53)
at org.testng.SuiteRunnerWorker.run(SuiteRunnerWorker.java:96)
at org.testng.TestNG.runSuitesSequentially(TestNG.java:1180)
at org.testng.TestNG.runSuitesLocally(TestNG.java:1102)
at org.testng.TestNG.runSuites(TestNG.java:1032)
at org.testng.TestNG.run(TestNG.java:1000)
at org.testng.remote.AbstractRemoteTestNG.run(AbstractRemoteTestNG.java:115)
at org.testng.remote.RemoteTestNG.initAndRun(RemoteTestNG.java:251)
at org.testng.remote.RemoteTestNG.main(RemoteTestNG.java:77)
Caused by: org.openqa.selenium.NoSuchElementException: no such element: Unable to locate element: {"method":"css selector","selector":".k-grid-CustomDelete"}
  (Session info: chrome=81.0.4044.122)
For documentation on this error, please visit: https://www.seleniumhq.org/exceptions/no_such_element.html
Build info: version: '3.141.59', revision: 'e82be7d358', time: '2018-11-14T08:17:03'
System info: host: 'DESKTOP-NJVBPFB', ip: '192.168.225.65', os.name: 'Windows 10', os.arch: 'amd64', os.version: '10.0', java.version: '1.8.0_181'
Driver info: org.openqa.selenium.chrome.ChromeDriver
Capabilities {acceptInsecureCerts: false, browserName: chrome, browserVersion: 81.0.4044.122, chrome: {chromedriverVersion: 80.0.3987.106 (f68069574609..., userDataDir: C:\Users\admin\AppData\Loca...}, goog:chromeOptions: {debuggerAddress: localhost:64982}, javascriptEnabled: true, networkConnectionEnabled: false, pageLoadStrategy: normal, platform: WINDOWS, platformName: WINDOWS, proxy: Proxy(), setWindowRect: true, strictFileInteractability: false, timeouts: {implicit: 0, pageLoad: 300000, script: 30000}, unhandledPromptBehavior: dismiss and notify}
Session ID: 4f56adcd4aa1588be87c243a2ee63d85
*** Element info: {Using=css selector, value=.k-grid-CustomDelete}
at sun.reflect.NativeConstructorAccessorImpl.newInstance0(Native Method)
at sun.reflect.NativeConstructorAccessorImpl.newInstance(Unknown Source)
at sun.reflect.DelegatingConstructorAccessorImpl.newInstance(Unknown Source)
at java.lang.reflect.Constructor.newInstance(Unknown Source)
at org.openqa.selenium.remote.http.W3CHttpResponseCodec.createException(W3CHttpResponseCodec.java:187)
at org.openqa.selenium.remote.http.W3CHttpResponseCodec.decode(W3CHttpResponseCodec.java:122)
at org.openqa.selenium.remote.http.W3CHttpResponseCodec.decode(W3CHttpResponseCodec.java:49)
at org.openqa.selenium.remote.HttpCommandExecutor.execute(HttpCommandExecutor.java:158)
at org.openqa.selenium.remote.service.DriverCommandExecutor.execute(DriverCommandExecutor.java:83)
at org.openqa.selenium.remote.RemoteWebDriver.execute(RemoteWebDriver.java:552)
at org.openqa.selenium.remote.RemoteWebDriver.findElement(RemoteWebDriver.java:323)
at org.openqa.selenium.remote.RemoteWebDriver.findElementByCssSelector(RemoteWebDriver.java:420)
at org.openqa.selenium.By$ByCssSelector.findElement(By.java:431)
at org.openqa.selenium.remote.RemoteWebDriver.findElement(RemoteWebDriver.java:315)
at org.openqa.selenium.support.pagefactory.DefaultElementLocator.findElement(DefaultElementLocator.java:69)
at org.openqa.selenium.support.pagefactory.internal.LocatingElementHandler.invoke(LocatingElementHandler.java:38)
at com.sun.proxy.$Proxy11.isDisplayed(Unknown Source)
at org.openqa.selenium.support.ui.ExpectedConditions.elementIfVisible(ExpectedConditions.java:314)
at org.openqa.selenium.support.ui.ExpectedConditions.access$000(ExpectedConditions.java:43)
at org.openqa.selenium.support.ui.ExpectedConditions$10.apply(ExpectedConditions.java:300)
at org.openqa.selenium.support.ui.ExpectedConditions$10.apply(ExpectedConditions.java:297)
at org.openqa.selenium.support.ui.FluentWait.until(FluentWait.java:249)
... 32 more
]]>
            </full-stacktrace>
          </exception> <!-- org.openqa.selenium.TimeoutException -->
          <reporter-output>
          </reporter-output>
        </test-method> <!-- DeleteRecordWithoutDeleteReason -->
        <test-method status="PASS" signature="afterEachMethod(java.lang.reflect.Method)[pri:0, instance:com.tetherfi.test.sms.SmsResponseTemplateTest@50850539]" name="afterEachMethod" is-config="true" duration-ms="1631" started-at="2020-04-23T16:24:19 IST" finished-at="2020-04-23T16:24:21 IST">
          <params>
            <param index="0">
              <value>
                <![CDATA[public void com.tetherfi.test.sms.SmsResponseTemplateTest.DeleteRecordWithoutDeleteReason() throws java.lang.Exception]]>
              </value>
            </param>
          </params>
          <reporter-output>
          </reporter-output>
        </test-method> <!-- afterEachMethod -->
        <test-method status="PASS" signature="endTestCase(java.lang.reflect.Method)[pri:0, instance:com.tetherfi.test.sms.SmsResponseTemplateTest@50850539]" name="endTestCase" is-config="true" duration-ms="0" started-at="2020-04-23T16:24:21 IST" finished-at="2020-04-23T16:24:21 IST">
          <params>
            <param index="0">
              <value>
                <![CDATA[public void com.tetherfi.test.sms.SmsResponseTemplateTest.DeleteRecordWithoutDeleteReason() throws java.lang.Exception]]>
              </value>
            </param>
          </params>
          <reporter-output>
          </reporter-output>
        </test-method> <!-- endTestCase -->
        <test-method status="PASS" signature="startTestCase(java.lang.reflect.Method)[pri:0, instance:com.tetherfi.test.sms.SmsResponseTemplateTest@50850539]" name="startTestCase" is-config="true" duration-ms="0" started-at="2020-04-23T16:24:21 IST" finished-at="2020-04-23T16:24:21 IST">
          <params>
            <param index="0">
              <value>
                <![CDATA[public void com.tetherfi.test.sms.SmsResponseTemplateTest.VerifyCancelBtnAtDeleteConfigRecord() throws java.lang.Exception]]>
              </value>
            </param>
          </params>
          <reporter-output>
          </reporter-output>
        </test-method> <!-- startTestCase -->
        <test-method status="PASS" signature="NavigateToSmsResponseTemplatePage()[pri:0, instance:com.tetherfi.test.sms.SmsResponseTemplateTest@50850539]" name="NavigateToSmsResponseTemplatePage" is-config="true" duration-ms="4783" started-at="2020-04-23T16:24:21 IST" finished-at="2020-04-23T16:24:26 IST">
          <reporter-output>
          </reporter-output>
        </test-method> <!-- NavigateToSmsResponseTemplatePage -->
[...]
at org.testng.TestNG.runSuitesSequentially(TestNG.java:1180)
at org.testng.TestNG.runSuitesLocally(TestNG.java:1102)
at org.testng.TestNG.runSuites(TestNG.java:1032)
at org.testng.TestNG.run(TestNG.java:1000)
at org.testng.remote.AbstractRemoteTestNG.run(AbstractRemoteTestNG.java:115)
at org.testng.remote.RemoteTestNG.initAndRun(RemoteTestNG.java:251)
at org.testng.remote.RemoteTestNG.main(RemoteTestNG.java:77)
]]>
            </full-stacktrace>
          </exception> <!-- org.openqa.selenium.ElementClickInterceptedException -->
          <reporter-output>
          </reporter-output>
        </test-method> <!-- VerifyArrowMoveForPreviousAndNextPage -->
        <test-method status="PASS" signature="afterEachMethod(java.lang.reflect.Method)[pri:0, instance:com.tetherfi.test.sms.SmsResponseTemplateTest@50850539]" name="afterEachMethod" is-config="true" duration-ms="1500" started-at="2020-04-23T16:26:22 IST" finished-at="2020-04-23T16:26:23 IST">
          <params>
            <param index="0">
              <value>
                <![CDATA[public void com.tetherfi.test.sms.SmsResponseTemplateTest.VerifyArrowMoveForPreviousAndNextPage()]]>
              </value>
            </param>
          </params>
          <reporter-output>
          </reporter-output>
        </test-method> <!-- afterEachMethod -->
        <test-method status="PASS" signature="endTestCase(java.lang.reflect.Method)[pri:0, instance:com.tetherfi.test.sms.SmsResponseTemplateTest@50850539]" name="endTestCase" is-config="true" duration-ms="1" started-at="2020-04-23T16:26:23 IST" finished-at="2020-04-23T16:26:23 IST">
          <params>
            <param index="0">
              <value>
                <![CDATA[public void com.tetherfi.test.sms.SmsResponseTemplateTest.VerifyArrowMoveForPreviousAndNextPage()]]>
              </value>
            </param>
          </params>
          <reporter-output>
          </reporter-output>
        </test-method> <!-- endTestCase -->
        <test-method status="PASS" signature="startTestCase(java.lang.reflect.Method)[pri:0, instance:com.tetherfi.test.sms.SmsResponseTemplateTest@50850539]" name="startTestCase" is-config="true" duration-ms="0" started-at="2020-04-23T16:26:23 IST" finished-at="2020-04-23T16:26:23 IST">
          <params>
            <param index="0">
              <value>
                <![CDATA[public void com.tetherfi.test.sms.SmsResponseTemplateTest.VerifyArrowMoveForFirstAndLastPage()]]>
              </value>
            </param>
          </params>
          <reporter-output>
          </reporter-output>
        </test-method> <!-- startTestCase -->
        <test-method status="PASS" signature="NavigateToSmsResponseTemplatePage()[pri:0, instance:com.tetherfi.test.sms.SmsResponseTemplateTest@50850539]" name="NavigateToSmsResponseTemplatePage" is-config="true" duration-ms="4758" started-at="2020-04-23T16:26:23 IST" finished-at="2020-04-23T16:26:28 IST">
          <reporter-output>
          </reporter-output>
        </test-method> <!-- NavigateToSmsResponseTemplatePage -->
        <test-method status="FAIL" signature="VerifyArrowMoveForFirstAndLastPage()[pri:32, instance:com.tetherfi.test.sms.SmsResponseTemplateTest@50850539]" name="VerifyArrowMoveForFirstAndLastPage" duration-ms="1282" started-at="2020-04-23T16:26:28 IST" finished-at="2020-04-23T16:26:29 IST">
          <exception class="org.openqa.selenium.ElementClickInterceptedException">
            <message>
              <![CDATA[element click intercepted: Element <a aria-label="Go to the last page" class="k-link k-pager-nav k-pager-last" data-page="2" href="#" title="Go to the last page" tabindex="-1">...</a> is not clickable at point (210, 514). Other element would receive the click: <div class="theme-color">...</div>
  (Session info: chrome=81.0.4044.122)
Build info: version: '3.141.59', revision: 'e82be7d358', time: '2018-11-14T08:17:03'
System info: host: 'DESKTOP-NJVBPFB', ip: '192.168.225.65', os.name: 'Windows 10', os.arch: 'amd64', os.version: '10.0', java.version: '1.8.0_181'
Driver info: org.openqa.selenium.chrome.ChromeDriver
Capabilities {acceptInsecureCerts: false, browserName: chrome, browserVersion: 81.0.4044.122, chrome: {chromedriverVersion: 80.0.3987.106 (f68069574609..., userDataDir: C:\Users\admin\AppData\Loca...}, goog:chromeOptions: {debuggerAddress: localhost:64982}, javascriptEnabled: true, networkConnectionEnabled: false, pageLoadStrategy: normal, platform: WINDOWS, platformName: WINDOWS, proxy: Proxy(), setWindowRect: true, strictFileInteractability: false, timeouts: {implicit: 0, pageLoad: 300000, script: 30000}, unhandledPromptBehavior: dismiss and notify}
Session ID: 4f56adcd4aa1588be87c243a2ee63d85]]>
            </message>
            <full-stacktrace>
              <![CDATA[org.openqa.selenium.ElementClickInterceptedException: element click intercepted: Element <a aria-label="Go to the last page" class="k-link k-pager-nav k-pager-last" data-page="2" href="#" title="Go to the last page" tabindex="-1">...</a> is not clickable at point (210, 514). Other element would receive the click: <div class="theme-color">...</div>
  (Session info: chrome=81.0.4044.122)
Build info: version: '3.141.59', revision: 'e82be7d358', time: '2018-11-14T08:17:03'
System info: host: 'DESKTOP-NJVBPFB', ip: '192.168.225.65', os.name: 'Windows 10', os.arch: 'amd64', os.version: '10.0', java.version: '1.8.0_181'
Driver info: org.openqa.selenium.chrome.ChromeDriver
Capabilities {acceptInsecureCerts: false, browserName: chrome, browserVersion: 81.0.4044.122, chrome: {chromedriverVersion: 80.0.3987.106 (f68069574609..., userDataDir: C:\Users\admin\AppData\Loca...}, goog:chromeOptions: {debuggerAddress: localhost:64982}, javascriptEnabled: true, networkConnectionEnabled: false, pageLoadStrategy: normal, platform: WINDOWS, platformName: WINDOWS, proxy: Proxy(), setWindowRect: true, strictFileInteractability: false, timeouts: {implicit: 0, pageLoad: 300000, script: 30000}, unhandledPromptBehavior: dismiss and notify}
Session ID: 4f56adcd4aa1588be87c243a2ee63d85
at sun.reflect.NativeConstructorAccessorImpl.newInstance0(Native Method)
at sun.reflect.NativeConstructorAccessorImpl.newInstance(Unknown Source)
at sun.reflect.DelegatingConstructorAccessorImpl.newInstance(Unknown Source)
at java.lang.reflect.Constructor.newInstance(Unknown Source)
at org.openqa.selenium.remote.http.W3CHttpResponseCodec.createException(W3CHttpResponseCodec.java:187)
at org.openqa.selenium.remote.http.W3CHttpResponseCodec.decode(W3CHttpResponseCodec.java:122)
at org.openqa.selenium.remote.http.W3CHttpResponseCodec.decode(W3CHttpResponseCodec.java:49)
at org.openqa.selenium.remote.HttpCommandExecutor.execute(HttpCommandExecutor.java:158)
at org.openqa.selenium.remote.service.DriverCommandExecutor.execute(DriverCommandExecutor.java:83)
at org.openqa.selenium.remote.RemoteWebDriver.execute(RemoteWebDriver.java:552)
at org.openqa.selenium.remote.RemoteWebElement.execute(RemoteWebElement.java:285)
at org.openqa.selenium.remote.RemoteWebElement.click(RemoteWebElement.java:84)
at sun.reflect.GeneratedMethodAccessor6.invoke(Unknown Source)
at sun.reflect.DelegatingMethodAccessorImpl.invoke(Unknown Source)
at java.lang.reflect.Method.invoke(Unknown Source)
at org.openqa.selenium.support.pagefactory.internal.LocatingElementHandler.invoke(LocatingElementHandler.java:51)
at com.sun.proxy.$Proxy11.click(Unknown Source)
at com.tetherfi.pages.BasePage.selectWebElement(BasePage.java:198)
at com.tetherfi.pages.SmsResponseTemplatePageWMC.verifyArrowMoveForFirstAndLastPage(SmsResponseTemplatePageWMC.java:589)
at com.tetherfi.test.sms.SmsResponseTemplateTest.VerifyArrowMoveForFirstAndLastPage(SmsResponseTemplateTest.java:338)
at sun.reflect.NativeMethodAccessorImpl.invoke0(Native Method)
at sun.reflect.NativeMethodAccessorImpl.invoke(Unknown Source)
at sun.reflect.DelegatingMethodAccessorImpl.invoke(Unknown Source)
at java.lang.reflect.Method.invoke(Unknown Source)
at org.testng.internal.MethodInvocationHelper.invokeMethod(MethodInvocationHelper.java:133)
at org.testng.internal.TestInvoker.invokeMethod(TestInvoker.java:584)
at org.testng.internal.TestInvoker.invokeTestMethod(TestInvoker.java:172)
at org.testng.internal.MethodRunner.runInSequence(MethodRunner.java:46)
at org.testng.internal.TestInvoker$MethodInvocationAgent.invoke(TestInvoker.java:804)
at org.testng.internal.TestInvoker.invokeTestMethods(TestInvoker.java:145)
at org.testng.internal.TestMethodWorker.invokeTestMethods(TestMethodWorker.java:146)
at org.testng.internal.TestMethodWorker.run(TestMethodWorker.java:128)
at java.util.ArrayList.forEach(Unknown Source)
at org.testng.TestRunner.privateRun(TestRunner.java:770)
at org.testng.TestRunner.run(TestRunner.java:591)
at org.testng.SuiteRunner.runTest(SuiteRunner.java:402)
at org.testng.SuiteRunner.runSequentially(SuiteRunner.java:396)
at org.testng.SuiteRunner.privateRun(SuiteRunner.java:355)
at org.testng.SuiteRunner.run(SuiteRunner.java:304)
at org.testng.SuiteRunnerWorker.runSuite(SuiteRunnerWorker.java:53)
at org.testng.SuiteRunnerWorker.run(SuiteRunnerWorker.java:96)
at org.testng.TestNG.runSuitesSequentially(TestNG.java:1180)
at org.testng.TestNG.runSuitesLocally(TestNG.java:1102)
at org.testng.TestNG.runSuites(TestNG.java:1032)
at org.testng.TestNG.run(TestNG.java:1000)
at org.testng.remote.AbstractRemoteTestNG.run(AbstractRemoteTestNG.java:115)
at org.testng.remote.RemoteTestNG.initAndRun(RemoteTestNG.java:251)
at org.testng.remote.RemoteTestNG.main(RemoteTestNG.java:77)
]]>
            </full-stacktrace>
          </exception> <!-- org.openqa.selenium.ElementClickInterceptedException -->
          <reporter-output>
          </reporter-output>
        </test-method> <!-- VerifyArrowMoveForFirstAndLastPage -->
        <test-method status="PASS" signature="afterEachMethod(java.lang.reflect.Method)[pri:0, instance:com.tetherfi.test.sms.SmsResponseTemplateTest@50850539]" name="afterEachMethod" is-config="true" duration-ms="1553" started-at="2020-04-23T16:26:29 IST" finished-at="2020-04-23T16:26:31 IST">
          <params>
            <param index="0">
              <value>
                <![CDATA[public void com.tetherfi.test.sms.SmsResponseTemplateTest.VerifyArrowMoveForFirstAndLastPage()]]>
              </value>
            </param>
          </params>
          <reporter-output>
          </reporter-output>
        </test-method> <!-- afterEachMethod -->
        <test-method status="PASS" signature="endTestCase(java.lang.reflect.Method)[pri:0, instance:com.tetherfi.test.sms.SmsResponseTemplateTest@50850539]" name="endTestCase" is-config="true" duration-ms="2" started-at="2020-04-23T16:26:31 IST" finished-at="2020-04-23T16:26:31 IST">
          <params>
            <param index="0">
              <value>
                <![CDATA[public void com.tetherfi.test.sms.SmsResponseTemplateTest.VerifyArrowMoveForFirstAndLastPage()]]>
              </value>
            </param>
          </params>
          <reporter-output>
          </reporter-output>
        </test-method> <!-- endTestCase -->
        <test-method status="PASS" signature="startTestCase(java.lang.reflect.Method)[pri:0, instance:com.tetherfi.test.sms.SmsResponseTemplateTest@50850539]" name="startTestCase" is-config="true" duration-ms="1" started-at="2020-04-23T16:26:31 IST" finished-at="2020-04-23T16:26:31 IST">
          <params>
            <param index="0">
              <value>
                <![CDATA[public void com.tetherfi.test.sms.SmsResponseTemplateTest.VerifyTotalNumberOfItemsPerPageDetails()]]>
              </value>
            </param>
          </params>
          <reporter-output>
          </reporter-output>
        </test-method> <!-- startTestCase -->
        <test-method status="PASS" signature="NavigateToSmsResponseTemplatePage()[pri:0, instance:com.tetherfi.test.sms.SmsResponseTemplateTest@50850539]" name="NavigateToSmsResponseTemplatePage" is-config="true" duration-ms="4633" started-at="2020-04-23T16:26:31 IST" finished-at="2020-04-23T16:26:36 IST">
          <reporter-output>
          </reporter-output>
        </test-method> <!-- NavigateToSmsResponseTemplatePage -->
        <test-method status="PASS" signature="VerifyTotalNumberOfItemsPerPageDetails()[pri:33, instance:com.tetherfi.test.sms.SmsResponseTemplateTest@50850539]" name="VerifyTotalNumberOfItemsPerPageDetails" duration-ms="43" started-at="2020-04-23T16:26:36 IST" finished-at="2020-04-23T16:26:36 IST">
          <reporter-output>
          </reporter-output>
        </test-method> <!-- VerifyTotalNumberOfItemsPerPageDetails -->
        <test-method status="PASS" signature="afterEachMethod(java.lang.reflect.Method)[pri:0, instance:com.tetherfi.test.sms.SmsResponseTemplateTest@50850539]" name="afterEachMethod" is-config="true" duration-ms="1639" started-at="2020-04-23T16:26:36 IST" finished-at="2020-04-23T16:26:37 IST">
          <params>
            <param index="0">
              <value>
                <![CDATA[public void com.tetherfi.test.sms.SmsResponseTemplateTest.VerifyTotalNumberOfItemsPerPageDetails()]]>
              </value>
            </param>
          </params>
          <reporter-output>
          </reporter-output>
        </test-method> <!-- afterEachMethod -->
        <test-method status="PASS" signature="endTestCase(java.lang.reflect.Method)[pri:0, instance:com.tetherfi.test.sms.SmsResponseTemplateTest@50850539]" name="endTestCase" is-config="true" duration-ms="1" started-at="2020-04-23T16:26:37 IST" finished-at="2020-04-23T16:26:37 IST">
          <params>
            <param index="0">
              <value>
                <![CDATA[public void com.tetherfi.test.sms.SmsResponseTemplateTest.VerifyTotalNumberOfItemsPerPageDetails()]]>
              </value>
            </param>
          </params>
          <reporter-output>
          </reporter-output>
        </test-method> <!-- endTestCase -->
        <test-method status="PASS" signature="startTestCase(java.lang.reflect.Method)[pri:0, instance:com.tetherfi.test.sms.SmsResponseTemplateTest@50850539]" name="startTestCase" is-config="true" duration-ms="1" started-at="2020-04-23T16:26:37 IST" finished-at="2020-04-23T16:26:37 IST">
          <params>
            <param index="0">
              <value>
                <![CDATA[public void com.tetherfi.test.sms.SmsResponseTemplateTest.VerifyNumberOfItemsPerPageSelection()]]>
              </value>
            </param>
          </params>
          <reporter-output>
          </reporter-output>
        </test-method> <!-- startTestCase -->
        <test-method status="PASS" signature="NavigateToSmsResponseTemplatePage()[pri:0, instance:com.tetherfi.test.sms.SmsResponseTemplateTest@50850539]" name="NavigateToSmsResponseTemplatePage" is-config="true" duration-ms="4512" started-at="2020-04-23T16:26:37 IST" finished-at="2020-04-23T16:26:42 IST">
          <reporter-output>
          </reporter-output>
        </test-method> <!-- NavigateToSmsResponseTemplatePage -->
        <test-method status="FAIL" signature="VerifyNumberOfItemsPerPageSelection()[pri:34, instance:com.tetherfi.test.sms.SmsResponseTemplateTest@50850539]" name="VerifyNumberOfItemsPerPageSelection" duration-ms="1322" started-at="2020-04-23T16:26:42 IST" finished-at="2020-04-23T16:26:43 IST">
          <exception class="java.lang.AssertionError">
            <message>
              <![CDATA[Number of items per page assertion failed did not expect to find [true] but found [false]]]>
            </message>
            <full-stacktrace>
              <![CDATA[java.lang.AssertionError: Number of items per page assertion failed did not expect to find [true] but found [false]
at org.testng.Assert.fail(Assert.java:97)
at org.testng.Assert.failNotEquals(Assert.java:969)
at org.testng.Assert.assertTrue(Assert.java:43)
at com.tetherfi.test.sms.SmsResponseTemplateTest.VerifyNumberOfItemsPerPageSelection(SmsResponseTemplateTest.java:350)
at sun.reflect.NativeMethodAccessorImpl.invoke0(Native Method)
at sun.reflect.NativeMethodAccessorImpl.invoke(Unknown Source)
at sun.reflect.DelegatingMethodAccessorImpl.invoke(Unknown Source)
at java.lang.reflect.Method.invoke(Unknown Source)
at org.testng.internal.MethodInvocationHelper.invokeMethod(MethodInvocationHelper.java:133)
at org.testng.internal.TestInvoker.invokeMethod(TestInvoker.java:584)
at org.testng.internal.TestInvoker.invokeTestMethod(TestInvoker.java:172)
at org.testng.internal.MethodRunner.runInSequence(MethodRunner.java:46)
at org.testng.internal.TestInvoker$MethodInvocationAgent.invoke(TestInvoker.java:804)
at org.testng.internal.TestInvoker.invokeTestMethods(TestInvoker.java:145)
at org.testng.internal.TestMethodWorker.invokeTestMethods(TestMethodWorker.java:146)
at org.testng.internal.TestMethodWorker.run(TestMethodWorker.java:128)
at java.util.ArrayList.forEach(Unknown Source)
at org.testng.TestRunner.privateRun(TestRunner.java:770)
at org.testng.TestRunner.run(TestRunner.java:591)
at org.testng.SuiteRunner.runTest(SuiteRunner.java:402)
at org.testng.SuiteRunner.runSequentially(SuiteRunner.java:396)
at org.testng.SuiteRunner.privateRun(SuiteRunner.java:355)
at org.testng.SuiteRunner.run(SuiteRunner.java:304)
at org.testng.SuiteRunnerWorker.runSuite(SuiteRunnerWorker.java:53)
at org.testng.SuiteRunnerWorker.run(SuiteRunnerWorker.java:96)
at org.testng.TestNG.runSuitesSequentially(TestNG.java:1180)
at org.testng.TestNG.runSuitesLocally(TestNG.java:1102)
at org.testng.TestNG.runSuites(TestNG.java:1032)
at org.testng.TestNG.run(TestNG.java:1000)
at org.testng.remote.AbstractRemoteTestNG.run(AbstractRemoteTestNG.java:115)
at org.testng.remote.RemoteTestNG.initAndRun(RemoteTestNG.java:251)
at org.testng.remote.RemoteTestNG.main(RemoteTestNG.java:77)
]]>
            </full-stacktrace>
          </exception> <!-- java.lang.AssertionError -->
          <reporter-output>
          </reporter-output>
        </test-method> <!-- VerifyNumberOfItemsPerPageSelection -->
        <test-method status="PASS" signature="afterEachMethod(java.lang.reflect.Method)[pri:0, instance:com.tetherfi.test.sms.SmsResponseTemplateTest@50850539]" name="afterEachMethod" is-config="true" duration-ms="1584" started-at="2020-04-23T16:26:43 IST" finished-at="2020-04-23T16:26:45 IST">
          <params>
            <param index="0">
              <value>
                <![CDATA[public void com.tetherfi.test.sms.SmsResponseTemplateTest.VerifyNumberOfItemsPerPageSelection()]]>
              </value>
            </param>
          </params>
          <reporter-output>
          </reporter-output>
        </test-method> <!-- afterEachMethod -->
        <test-method status="PASS" signature="endTestCase(java.lang.reflect.Method)[pri:0, instance:com.tetherfi.test.sms.SmsResponseTemplateTest@50850539]" name="endTestCase" is-config="true" duration-ms="0" started-at="2020-04-23T16:26:45 IST" finished-at="2020-04-23T16:26:45 IST">
          <params>
            <param index="0">
              <value>
                <![CDATA[public void com.tetherfi.test.sms.SmsResponseTemplateTest.VerifyNumberOfItemsPerPageSelection()]]>
              </value>
            </param>
          </params>
          <reporter-output>
          </reporter-output>
        </test-method> <!-- endTestCase -->
        <test-method status="PASS" signature="tearDown()[pri:0, instance:com.tetherfi.test.sms.SmsResponseTemplateTest@50850539]" name="tearDown" is-config="true" duration-ms="5810" started-at="2020-04-23T16:26:45 IST" finished-at="2020-04-23T16:26:51 IST">
          <reporter-output>
          </reporter-output>
        </test-method> <!-- tearDown -->
      </class> <!-- com.tetherfi.test.sms.SmsResponseTemplateTest -->
    </test> <!-- Default test -->
  </suite> <!-- Default suite -->
</testng-results>
