<?xml version="1.0" encoding="UTF-8"?>
<testng-results skipped="0" failed="1" ignored="0" total="1" passed="0">
  <reporter-output>
  </reporter-output>
  <suite name="Default suite" duration-ms="281360" started-at="2019-02-21T15:43:03Z" finished-at="2019-02-21T15:47:44Z">
    <groups>
    </groups>
    <test name="Default test" duration-ms="281360" started-at="2019-02-21T15:43:03Z" finished-at="2019-02-21T15:47:44Z">
      <class name="com.tetherfi.test.UserManagementE2ETest">
        <test-method status="PASS" signature="openApplication()[pri:0, instance:com.tetherfi.test.UserManagementE2ETest@5700d6b1]" name="openApplication" is-config="true" duration-ms="60641" started-at="2019-02-21T21:13:03Z" finished-at="2019-02-21T21:14:03Z">
          <reporter-output>
          </reporter-output>
        </test-method> <!-- openApplication -->
        <test-method status="PASS" signature="startTestCase(java.lang.reflect.Method)[pri:0, instance:com.tetherfi.test.UserManagementE2ETest@5700d6b1]" name="startTestCase" is-config="true" duration-ms="1" started-at="2019-02-21T21:14:03Z" finished-at="2019-02-21T21:14:03Z">
          <params>
            <param index="0">
              <value>
                <![CDATA[public void com.tetherfi.test.UserManagementE2ETest.VerifyEditAccessOfIWRoleBasedAccessMatrix() throws java.lang.Exception]]>
              </value>
            </param>
          </params>
          <reporter-output>
          </reporter-output>
        </test-method> <!-- startTestCase -->
        <test-method status="PASS" signature="OCMPage()[pri:0, instance:com.tetherfi.test.UserManagementE2ETest@5700d6b1]" name="OCMPage" is-config="true" duration-ms="26288" started-at="2019-02-21T21:14:03Z" finished-at="2019-02-21T21:14:30Z">
          <reporter-output>
          </reporter-output>
        </test-method> <!-- OCMPage -->
        <test-method status="FAIL" signature="VerifyEditAccessOfIWRoleBasedAccessMatrix()[pri:0, instance:com.tetherfi.test.UserManagementE2ETest@5700d6b1]" name="VerifyEditAccessOfIWRoleBasedAccessMatrix" duration-ms="127831" started-at="2019-02-21T21:14:30Z" finished-at="2019-02-21T21:16:37Z">
          <exception class="org.openqa.selenium.TimeoutException">
            <message>
              <![CDATA[Expected condition failed: waiting for visibility of [[ChromeDriver: chrome on WIN8_1 (33be6e4f4eacff418f6f35c11b5856ba)] -> css selector: #create] (tried for 20 second(s) with 500 MILLISECONDS interval)
Build info: version: '3.5.3', revision: 'a88d25fe6b', time: '2017-08-29T12:42:44.417Z'
System info: host: 'ADMIN', ip: '192.168.0.5', os.name: 'Windows 8.1', os.arch: 'amd64', os.version: '6.3', java.version: '1.8.0_191'
Driver info: org.openqa.selenium.chrome.ChromeDriver
Capabilities [{mobileEmulationEnabled=false, timeouts={implicit=0, pageLoad=300000, script=30000}, hasTouchScreen=false, platform=WIN8_1, acceptSslCerts=false, goog:chromeOptions={debuggerAddress=localhost:51923}, acceptInsecureCerts=false, webStorageEnabled=true, browserName=chrome, takesScreenshot=true, javascriptEnabled=true, platformName=WIN8_1, setWindowRect=true, unexpectedAlertBehaviour=ignore, applicationCacheEnabled=false, rotatable=false, networkConnectionEnabled=false, chrome={chromedriverVersion=2.45.615291 (ec3682e3c9061c10f26ea9e5cdcf3c53f3f74387), userDataDir=C:\Users\admin-pc\AppData\Local\Temp\scoped_dir17412_25828}, takesHeapSnapshot=true, unhandledPromptBehavior=ignore, pageLoadStrategy=normal, strictFileInteractability=false, databaseEnabled=false, handlesAlerts=true, version=72.0.3626.109, browserConnectionEnabled=false, proxy=Proxy(), nativeEvents=true, locationContextEnabled=true, cssSelectorsEnabled=true}]
Session ID: 33be6e4f4eacff418f6f35c11b5856ba]]>
            </message>
            <full-stacktrace>
              <![CDATA[org.openqa.selenium.TimeoutException: Expected condition failed: waiting for visibility of [[ChromeDriver: chrome on WIN8_1 (33be6e4f4eacff418f6f35c11b5856ba)] -> css selector: #create] (tried for 20 second(s) with 500 MILLISECONDS interval)
Build info: version: '3.5.3', revision: 'a88d25fe6b', time: '2017-08-29T12:42:44.417Z'
System info: host: 'ADMIN', ip: '192.168.0.5', os.name: 'Windows 8.1', os.arch: 'amd64', os.version: '6.3', java.version: '1.8.0_191'
Driver info: org.openqa.selenium.chrome.ChromeDriver
Capabilities [{mobileEmulationEnabled=false, timeouts={implicit=0, pageLoad=300000, script=30000}, hasTouchScreen=false, platform=WIN8_1, acceptSslCerts=false, goog:chromeOptions={debuggerAddress=localhost:51923}, acceptInsecureCerts=false, webStorageEnabled=true, browserName=chrome, takesScreenshot=true, javascriptEnabled=true, platformName=WIN8_1, setWindowRect=true, unexpectedAlertBehaviour=ignore, applicationCacheEnabled=false, rotatable=false, networkConnectionEnabled=false, chrome={chromedriverVersion=2.45.615291 (ec3682e3c9061c10f26ea9e5cdcf3c53f3f74387), userDataDir=C:\Users\admin-pc\AppData\Local\Temp\scoped_dir17412_25828}, takesHeapSnapshot=true, unhandledPromptBehavior=ignore, pageLoadStrategy=normal, strictFileInteractability=false, databaseEnabled=false, handlesAlerts=true, version=72.0.3626.109, browserConnectionEnabled=false, proxy=Proxy(), nativeEvents=true, locationContextEnabled=true, cssSelectorsEnabled=true}]
Session ID: 33be6e4f4eacff418f6f35c11b5856ba
	at org.openqa.selenium.support.ui.WebDriverWait.timeoutException(WebDriverWait.java:80)
	at org.openqa.selenium.support.ui.FluentWait.until(FluentWait.java:232)
	at com.tetherfi.pages.BasePage.waitUntilWebElementIsVisible(BasePage.java:121)
	at com.tetherfi.pages.BasePage.selectWebElement(BasePage.java:166)
	at com.tetherfi.pages.IWRoleBasedAccessMatrixPage.clickOnAddRecdBtn(IWRoleBasedAccessMatrixPage.java:56)
	at com.tetherfi.test.UserManagementE2ETest.VerifyEditAccessOfIWRoleBasedAccessMatrix(UserManagementE2ETest.java:9541)
	at sun.reflect.NativeMethodAccessorImpl.invoke0(Native Method)
	at sun.reflect.NativeMethodAccessorImpl.invoke(Unknown Source)
	at sun.reflect.DelegatingMethodAccessorImpl.invoke(Unknown Source)
	at java.lang.reflect.Method.invoke(Unknown Source)
	at org.testng.internal.MethodInvocationHelper.invokeMethod(MethodInvocationHelper.java:108)
	at org.testng.internal.Invoker.invokeMethod(Invoker.java:661)
	at org.testng.internal.Invoker.invokeTestMethod(Invoker.java:869)
	at org.testng.internal.Invoker.invokeTestMethods(Invoker.java:1193)
	at org.testng.internal.TestMethodWorker.invokeTestMethods(TestMethodWorker.java:126)
	at org.testng.internal.TestMethodWorker.run(TestMethodWorker.java:109)
	at org.testng.TestRunner.privateRun(TestRunner.java:744)
	at org.testng.TestRunner.run(TestRunner.java:602)
	at org.testng.SuiteRunner.runTest(SuiteRunner.java:380)
	at org.testng.SuiteRunner.runSequentially(SuiteRunner.java:375)
	at org.testng.SuiteRunner.privateRun(SuiteRunner.java:340)
	at org.testng.SuiteRunner.run(SuiteRunner.java:289)
	at org.testng.SuiteRunnerWorker.runSuite(SuiteRunnerWorker.java:52)
	at org.testng.SuiteRunnerWorker.run(SuiteRunnerWorker.java:86)
	at org.testng.TestNG.runSuitesSequentially(TestNG.java:1301)
	at org.testng.TestNG.runSuitesLocally(TestNG.java:1226)
	at org.testng.TestNG.runSuites(TestNG.java:1144)
	at org.testng.TestNG.run(TestNG.java:1115)
	at org.testng.remote.AbstractRemoteTestNG.run(AbstractRemoteTestNG.java:114)
	at org.testng.remote.RemoteTestNG.initAndRun(RemoteTestNG.java:251)
	at org.testng.remote.RemoteTestNG.main(RemoteTestNG.java:77)
]]>
            </full-stacktrace>
          </exception> <!-- org.openqa.selenium.TimeoutException -->
          <reporter-output>
          </reporter-output>
        </test-method> <!-- VerifyEditAccessOfIWRoleBasedAccessMatrix -->
        <test-method status="PASS" signature="afterEachMethod(org.testng.ITestResult)[pri:0, instance:com.tetherfi.test.UserManagementE2ETest@5700d6b1]" name="afterEachMethod" is-config="true" duration-ms="64113" started-at="2019-02-21T21:16:38Z" finished-at="2019-02-21T21:17:42Z">
          <params>
            <param index="0">
              <value>
                <![CDATA[[TestResult name=VerifyEditAccessOfIWRoleBasedAccessMatrix status=FAILURE method=UserManagementE2ETest.VerifyEditAccessOfIWRoleBasedAccessMatrix()[pri:0, instance:com.tetherfi.test.UserManagementE2ETest@5700d6b1] output={null}]]]>
              </value>
            </param>
          </params>
          <reporter-output>
          </reporter-output>
        </test-method> <!-- afterEachMethod -->
        <test-method status="PASS" signature="endTestCase(java.lang.reflect.Method)[pri:0, instance:com.tetherfi.test.UserManagementE2ETest@5700d6b1]" name="endTestCase" is-config="true" duration-ms="1" started-at="2019-02-21T21:17:42Z" finished-at="2019-02-21T21:17:42Z">
          <params>
            <param index="0">
              <value>
                <![CDATA[public void com.tetherfi.test.UserManagementE2ETest.VerifyEditAccessOfIWRoleBasedAccessMatrix() throws java.lang.Exception]]>
              </value>
            </param>
          </params>
          <reporter-output>
          </reporter-output>
        </test-method> <!-- endTestCase -->
        <test-method status="PASS" signature="tearDown()[pri:0, instance:com.tetherfi.test.UserManagementE2ETest@5700d6b1]" name="tearDown" is-config="true" duration-ms="2430" started-at="2019-02-21T21:17:42Z" finished-at="2019-02-21T21:17:44Z">
          <reporter-output>
          </reporter-output>
        </test-method> <!-- tearDown -->
      </class> <!-- com.tetherfi.test.UserManagementE2ETest -->
    </test> <!-- Default test -->
  </suite> <!-- Default suite -->
</testng-results>
