<?xml version="1.0" encoding="UTF-8"?>
<testng-results skipped="0" failed="2" ignored="0" total="32" passed="30">
  <reporter-output>
  </reporter-output>
  <suite name="OCM Modules Test Automation" duration-ms="1021398" started-at="2021-08-09T16:02:59 IST" finished-at="2021-08-09T16:20:00 IST">
    <groups>
    </groups>
    <test name="OCMRegression" duration-ms="1021398" started-at="2021-08-09T16:02:59 IST" finished-at="2021-08-09T16:20:00 IST">
      <class name="com.tetherfi.test.tmac.TmacBroadCastMsgTest">
        <test-method status="PASS" signature="openApplication()[pri:0, instance:com.tetherfi.test.tmac.TmacBroadCastMsgTest@45292ec1]" name="openApplication" is-config="true" duration-ms="20924" started-at="2021-08-09T16:02:59 IST" finished-at="2021-08-09T16:03:20 IST">
          <reporter-output>
          </reporter-output>
        </test-method> <!-- openApplication -->
        <test-method status="PASS" signature="AddNewAgentTeamManagementRecord()[pri:0, instance:com.tetherfi.test.tmac.TmacBroadCastMsgTest@45292ec1]" name="AddNewAgentTeamManagementRecord" is-config="true" duration-ms="26149" started-at="2021-08-09T16:03:20 IST" finished-at="2021-08-09T16:03:46 IST">
          <reporter-output>
          </reporter-output>
        </test-method> <!-- AddNewAgentTeamManagementRecord -->
        <test-method status="PASS" signature="startTestCase(java.lang.reflect.Method)[pri:0, instance:com.tetherfi.test.tmac.TmacBroadCastMsgTest@45292ec1]" name="startTestCase" is-config="true" duration-ms="9" started-at="2021-08-09T16:03:46 IST" finished-at="2021-08-09T16:03:46 IST">
          <params>
            <param index="0">
              <value>
                <![CDATA[public void com.tetherfi.test.tmac.TmacBroadCastMsgTest.TmacBroadCastMsgPage()]]>
              </value>
            </param>
          </params>
          <reporter-output>
          </reporter-output>
        </test-method> <!-- startTestCase -->
        <test-method status="PASS" signature="NavigateToTmacBroadcastMsgPage()[pri:0, instance:com.tetherfi.test.tmac.TmacBroadCastMsgTest@45292ec1]" name="NavigateToTmacBroadcastMsgPage" is-config="true" duration-ms="5309" started-at="2021-08-09T16:03:46 IST" finished-at="2021-08-09T16:03:51 IST">
          <reporter-output>
          </reporter-output>
        </test-method> <!-- NavigateToTmacBroadcastMsgPage -->
        <test-method status="PASS" signature="TmacBroadCastMsgPage()[pri:1, instance:com.tetherfi.test.tmac.TmacBroadCastMsgTest@45292ec1]" name="TmacBroadCastMsgPage" duration-ms="905" started-at="2021-08-09T16:03:51 IST" finished-at="2021-08-09T16:03:52 IST">
          <reporter-output>
          </reporter-output>
        </test-method> <!-- TmacBroadCastMsgPage -->
        <test-method status="PASS" signature="afterEachMethod(java.lang.reflect.Method)[pri:0, instance:com.tetherfi.test.tmac.TmacBroadCastMsgTest@45292ec1]" name="afterEachMethod" is-config="true" duration-ms="1554" started-at="2021-08-09T16:03:52 IST" finished-at="2021-08-09T16:03:54 IST">
          <params>
            <param index="0">
              <value>
                <![CDATA[public void com.tetherfi.test.tmac.TmacBroadCastMsgTest.TmacBroadCastMsgPage()]]>
              </value>
            </param>
          </params>
          <reporter-output>
          </reporter-output>
        </test-method> <!-- afterEachMethod -->
        <test-method status="PASS" signature="endTestCase(java.lang.reflect.Method)[pri:0, instance:com.tetherfi.test.tmac.TmacBroadCastMsgTest@45292ec1]" name="endTestCase" is-config="true" duration-ms="1" started-at="2021-08-09T16:03:54 IST" finished-at="2021-08-09T16:03:54 IST">
          <params>
            <param index="0">
              <value>
                <![CDATA[public void com.tetherfi.test.tmac.TmacBroadCastMsgTest.TmacBroadCastMsgPage()]]>
              </value>
            </param>
          </params>
          <reporter-output>
          </reporter-output>
        </test-method> <!-- endTestCase -->
        <test-method status="PASS" signature="startTestCase(java.lang.reflect.Method)[pri:0, instance:com.tetherfi.test.tmac.TmacBroadCastMsgTest@45292ec1]" name="startTestCase" is-config="true" duration-ms="1" started-at="2021-08-09T16:03:54 IST" finished-at="2021-08-09T16:03:54 IST">
          <params>
            <param index="0">
              <value>
                <![CDATA[public void com.tetherfi.test.tmac.TmacBroadCastMsgTest.AddNewTmacBroadCastMsgCancel() throws java.lang.Exception]]>
              </value>
            </param>
          </params>
          <reporter-output>
          </reporter-output>
        </test-method> <!-- startTestCase -->
        <test-method status="PASS" signature="NavigateToTmacBroadcastMsgPage()[pri:0, instance:com.tetherfi.test.tmac.TmacBroadCastMsgTest@45292ec1]" name="NavigateToTmacBroadcastMsgPage" is-config="true" duration-ms="5026" started-at="2021-08-09T16:03:54 IST" finished-at="2021-08-09T16:03:59 IST">
          <reporter-output>
          </reporter-output>
        </test-method> <!-- NavigateToTmacBroadcastMsgPage -->
        <test-method status="PASS" signature="AddNewTmacBroadCastMsgCancel()[pri:2, instance:com.tetherfi.test.tmac.TmacBroadCastMsgTest@45292ec1]" name="AddNewTmacBroadCastMsgCancel" duration-ms="37680" started-at="2021-08-09T16:03:59 IST" finished-at="2021-08-09T16:04:36 IST">
          <reporter-output>
          </reporter-output>
        </test-method> <!-- AddNewTmacBroadCastMsgCancel -->
        <test-method status="PASS" signature="afterEachMethod(java.lang.reflect.Method)[pri:0, instance:com.tetherfi.test.tmac.TmacBroadCastMsgTest@45292ec1]" name="afterEachMethod" is-config="true" duration-ms="1480" started-at="2021-08-09T16:04:36 IST" finished-at="2021-08-09T16:04:38 IST">
          <params>
            <param index="0">
              <value>
                <![CDATA[public void com.tetherfi.test.tmac.TmacBroadCastMsgTest.AddNewTmacBroadCastMsgCancel() throws java.lang.Exception]]>
              </value>
            </param>
          </params>
          <reporter-output>
          </reporter-output>
        </test-method> <!-- afterEachMethod -->
        <test-method status="PASS" signature="endTestCase(java.lang.reflect.Method)[pri:0, instance:com.tetherfi.test.tmac.TmacBroadCastMsgTest@45292ec1]" name="endTestCase" is-config="true" duration-ms="0" started-at="2021-08-09T16:04:38 IST" finished-at="2021-08-09T16:04:38 IST">
          <params>
            <param index="0">
              <value>
                <![CDATA[public void com.tetherfi.test.tmac.TmacBroadCastMsgTest.AddNewTmacBroadCastMsgCancel() throws java.lang.Exception]]>
              </value>
            </param>
          </params>
          <reporter-output>
          </reporter-output>
        </test-method> <!-- endTestCase -->
        <test-method status="PASS" signature="startTestCase(java.lang.reflect.Method)[pri:0, instance:com.tetherfi.test.tmac.TmacBroadCastMsgTest@45292ec1]" name="startTestCase" is-config="true" duration-ms="1" started-at="2021-08-09T16:04:38 IST" finished-at="2021-08-09T16:04:38 IST">
          <params>
            <param index="0">
              <value>
                <![CDATA[public void com.tetherfi.test.tmac.TmacBroadCastMsgTest.AddNewTmacBroadCastMsg() throws java.lang.Exception]]>
              </value>
            </param>
          </params>
          <reporter-output>
          </reporter-output>
        </test-method> <!-- startTestCase -->
        <test-method status="PASS" signature="NavigateToTmacBroadcastMsgPage()[pri:0, instance:com.tetherfi.test.tmac.TmacBroadCastMsgTest@45292ec1]" name="NavigateToTmacBroadcastMsgPage" is-config="true" duration-ms="4976" started-at="2021-08-09T16:04:38 IST" finished-at="2021-08-09T16:04:43 IST">
          <reporter-output>
          </reporter-output>
        </test-method> <!-- NavigateToTmacBroadcastMsgPage -->
        <test-method status="PASS" signature="AddNewTmacBroadCastMsg()[pri:3, instance:com.tetherfi.test.tmac.TmacBroadCastMsgTest@45292ec1]" name="AddNewTmacBroadCastMsg" duration-ms="38180" started-at="2021-08-09T16:04:43 IST" finished-at="2021-08-09T16:05:21 IST">
          <reporter-output>
          </reporter-output>
        </test-method> <!-- AddNewTmacBroadCastMsg -->
        <test-method status="PASS" signature="afterEachMethod(java.lang.reflect.Method)[pri:0, instance:com.tetherfi.test.tmac.TmacBroadCastMsgTest@45292ec1]" name="afterEachMethod" is-config="true" duration-ms="1444" started-at="2021-08-09T16:05:21 IST" finished-at="2021-08-09T16:05:22 IST">
          <params>
            <param index="0">
              <value>
                <![CDATA[public void com.tetherfi.test.tmac.TmacBroadCastMsgTest.AddNewTmacBroadCastMsg() throws java.lang.Exception]]>
              </value>
            </param>
          </params>
          <reporter-output>
          </reporter-output>
        </test-method> <!-- afterEachMethod -->
        <test-method status="PASS" signature="endTestCase(java.lang.reflect.Method)[pri:0, instance:com.tetherfi.test.tmac.TmacBroadCastMsgTest@45292ec1]" name="endTestCase" is-config="true" duration-ms="0" started-at="2021-08-09T16:05:22 IST" finished-at="2021-08-09T16:05:22 IST">
          <params>
            <param index="0">
              <value>
                <![CDATA[public void com.tetherfi.test.tmac.TmacBroadCastMsgTest.AddNewTmacBroadCastMsg() throws java.lang.Exception]]>
              </value>
            </param>
          </params>
          <reporter-output>
          </reporter-output>
        </test-method> <!-- endTestCase -->
        <test-method status="PASS" signature="startTestCase(java.lang.reflect.Method)[pri:0, instance:com.tetherfi.test.tmac.TmacBroadCastMsgTest@45292ec1]" name="startTestCase" is-config="true" duration-ms="1" started-at="2021-08-09T16:05:22 IST" finished-at="2021-08-09T16:05:22 IST">
          <params>
            <param index="0">
              <value>
                <![CDATA[public void com.tetherfi.test.tmac.TmacBroadCastMsgTest.VerifyAuditTrialReportForCreate() throws java.lang.Exception]]>
              </value>
            </param>
          </params>
          <reporter-output>
          </reporter-output>
        </test-method> <!-- startTestCase -->
        <test-method status="PASS" signature="NavigateToTmacBroadcastMsgPage()[pri:0, instance:com.tetherfi.test.tmac.TmacBroadCastMsgTest@45292ec1]" name="NavigateToTmacBroadcastMsgPage" is-config="true" duration-ms="5045" started-at="2021-08-09T16:05:22 IST" finished-at="2021-08-09T16:05:27 IST">
          <reporter-output>
          </reporter-output>
        </test-method> <!-- NavigateToTmacBroadcastMsgPage -->
        <test-method status="PASS" signature="VerifyAuditTrialReportForCreate()[pri:4, instance:com.tetherfi.test.tmac.TmacBroadCastMsgTest@45292ec1]" name="VerifyAuditTrialReportForCreate" duration-ms="32254" started-at="2021-08-09T16:05:27 IST" depends-on-methods="com.tetherfi.test.tmac.TmacBroadCastMsgTest.AddNewTmacBroadCastMsg" finished-at="2021-08-09T16:06:00 IST">
          <reporter-output>
          </reporter-output>
        </test-method> <!-- VerifyAuditTrialReportForCreate -->
        <test-method status="PASS" signature="afterEachMethod(java.lang.reflect.Method)[pri:0, instance:com.tetherfi.test.tmac.TmacBroadCastMsgTest@45292ec1]" name="afterEachMethod" is-config="true" duration-ms="1777" started-at="2021-08-09T16:06:00 IST" finished-at="2021-08-09T16:06:01 IST">
          <params>
            <param index="0">
              <value>
                <![CDATA[public void com.tetherfi.test.tmac.TmacBroadCastMsgTest.VerifyAuditTrialReportForCreate() throws java.lang.Exception]]>
              </value>
            </param>
          </params>
          <reporter-output>
          </reporter-output>
        </test-method> <!-- afterEachMethod -->
        <test-method status="PASS" signature="endTestCase(java.lang.reflect.Method)[pri:0, instance:com.tetherfi.test.tmac.TmacBroadCastMsgTest@45292ec1]" name="endTestCase" is-config="true" duration-ms="0" started-at="2021-08-09T16:06:01 IST" finished-at="2021-08-09T16:06:01 IST">
          <params>
            <param index="0">
              <value>
                <![CDATA[public void com.tetherfi.test.tmac.TmacBroadCastMsgTest.VerifyAuditTrialReportForCreate() throws java.lang.Exception]]>
              </value>
            </param>
          </params>
          <reporter-output>
          </reporter-output>
        </test-method> <!-- endTestCase -->
        <test-method status="PASS" signature="startTestCase(java.lang.reflect.Method)[pri:0, instance:com.tetherfi.test.tmac.TmacBroadCastMsgTest@45292ec1]" name="startTestCase" is-config="true" duration-ms="2" started-at="2021-08-09T16:06:01 IST" finished-at="2021-08-09T16:06:01 IST">
          <params>
            <param index="0">
              <value>
                <![CDATA[public void com.tetherfi.test.tmac.TmacBroadCastMsgTest.AddDuplicateRecord() throws java.lang.Exception]]>
              </value>
            </param>
          </params>
          <reporter-output>
          </reporter-output>
        </test-method> <!-- startTestCase -->
        <test-method status="PASS" signature="NavigateToTmacBroadcastMsgPage()[pri:0, instance:com.tetherfi.test.tmac.TmacBroadCastMsgTest@45292ec1]" name="NavigateToTmacBroadcastMsgPage" is-config="true" duration-ms="4956" started-at="2021-08-09T16:06:01 IST" finished-at="2021-08-09T16:06:06 IST">
          <reporter-output>
          </reporter-output>
        </test-method> <!-- NavigateToTmacBroadcastMsgPage -->
        <test-method status="FAIL" signature="AddDuplicateRecord()[pri:5, instance:com.tetherfi.test.tmac.TmacBroadCastMsgTest@45292ec1]" name="AddDuplicateRecord" duration-ms="116927" started-at="2021-08-09T16:06:06 IST" finished-at="2021-08-09T16:08:03 IST">
          <exception class="java.lang.AssertionError">
            <message>
              <![CDATA[Duplicate Assertion failed did not expect to find [true] but found [false]]]>
            </message>
            <full-stacktrace>
              <![CDATA[java.lang.AssertionError: Duplicate Assertion failed did not expect to find [true] but found [false]
at org.testng.Assert.fail(Assert.java:97)
at org.testng.Assert.failNotEquals(Assert.java:969)
at org.testng.Assert.assertTrue(Assert.java:43)
at com.tetherfi.test.tmac.TmacBroadCastMsgTest.AddDuplicateRecord(TmacBroadCastMsgTest.java:105)
at sun.reflect.NativeMethodAccessorImpl.invoke0(Native Method)
at sun.reflect.NativeMethodAccessorImpl.invoke(Unknown Source)
at sun.reflect.DelegatingMethodAccessorImpl.invoke(Unknown Source)
at java.lang.reflect.Method.invoke(Unknown Source)
at org.testng.internal.MethodInvocationHelper.invokeMethod(MethodInvocationHelper.java:133)
at org.testng.internal.TestInvoker.invokeMethod(TestInvoker.java:584)
at org.testng.internal.TestInvoker.invokeTestMethod(TestInvoker.java:172)
at org.testng.internal.MethodRunner.runInSequence(MethodRunner.java:46)
at org.testng.internal.TestInvoker$MethodInvocationAgent.invoke(TestInvoker.java:804)
at org.testng.internal.TestInvoker.invokeTestMethods(TestInvoker.java:145)
at org.testng.internal.TestMethodWorker.invokeTestMethods(TestMethodWorker.java:146)
at org.testng.internal.TestMethodWorker.run(TestMethodWorker.java:128)
at java.util.ArrayList.forEach(Unknown Source)
at org.testng.TestRunner.privateRun(TestRunner.java:770)
at org.testng.TestRunner.run(TestRunner.java:591)
at org.testng.SuiteRunner.runTest(SuiteRunner.java:402)
at org.testng.SuiteRunner.runSequentially(SuiteRunner.java:396)
at org.testng.SuiteRunner.privateRun(SuiteRunner.java:355)
at org.testng.SuiteRunner.run(SuiteRunner.java:304)
at org.testng.SuiteRunnerWorker.runSuite(SuiteRunnerWorker.java:53)
at org.testng.SuiteRunnerWorker.run(SuiteRunnerWorker.java:96)
at org.testng.TestNG.runSuitesSequentially(TestNG.java:1180)
at org.testng.TestNG.runSuitesLocally(TestNG.java:1102)
at org.testng.TestNG.runSuites(TestNG.java:1032)
at org.testng.TestNG.run(TestNG.java:1000)
at org.testng.remote.AbstractRemoteTestNG.run(AbstractRemoteTestNG.java:115)
at org.testng.remote.RemoteTestNG.initAndRun(RemoteTestNG.java:251)
at org.testng.remote.RemoteTestNG.main(RemoteTestNG.java:77)
]]>
            </full-stacktrace>
          </exception> <!-- java.lang.AssertionError -->
          <reporter-output>
          </reporter-output>
        </test-method> <!-- AddDuplicateRecord -->
        <test-method status="PASS" signature="afterEachMethod(java.lang.reflect.Method)[pri:0, instance:com.tetherfi.test.tmac.TmacBroadCastMsgTest@45292ec1]" name="afterEachMethod" is-config="true" duration-ms="1531" started-at="2021-08-09T16:08:03 IST" finished-at="2021-08-09T16:08:05 IST">
          <params>
            <param index="0">
              <value>
                <![CDATA[public void com.tetherfi.test.tmac.TmacBroadCastMsgTest.AddDuplicateRecord() throws java.lang.Exception]]>
              </value>
            </param>
          </params>
          <reporter-output>
          </reporter-output>
        </test-method> <!-- afterEachMethod -->
        <test-method status="PASS" signature="endTestCase(java.lang.reflect.Method)[pri:0, instance:com.tetherfi.test.tmac.TmacBroadCastMsgTest@45292ec1]" name="endTestCase" is-config="true" duration-ms="0" started-at="2021-08-09T16:08:05 IST" finished-at="2021-08-09T16:08:05 IST">
          <params>
            <param index="0">
              <value>
                <![CDATA[public void com.tetherfi.test.tmac.TmacBroadCastMsgTest.AddDuplicateRecord() throws java.lang.Exception]]>
              </value>
            </param>
          </params>
          <reporter-output>
          </reporter-output>
        </test-method> <!-- endTestCase -->
        <test-method status="PASS" signature="startTestCase(java.lang.reflect.Method)[pri:0, instance:com.tetherfi.test.tmac.TmacBroadCastMsgTest@45292ec1]" name="startTestCase" is-config="true" duration-ms="0" started-at="2021-08-09T16:08:05 IST" finished-at="2021-08-09T16:08:05 IST">
          <params>
            <param index="0">
              <value>
                <![CDATA[public void com.tetherfi.test.tmac.TmacBroadCastMsgTest.AddRecordWithoutMesage() throws java.lang.Exception]]>
              </value>
            </param>
          </params>
          <reporter-output>
          </reporter-output>
        </test-method> <!-- startTestCase -->
        <test-method status="PASS" signature="NavigateToTmacBroadcastMsgPage()[pri:0, instance:com.tetherfi.test.tmac.TmacBroadCastMsgTest@45292ec1]" name="NavigateToTmacBroadcastMsgPage" is-config="true" duration-ms="4877" started-at="2021-08-09T16:08:05 IST" finished-at="2021-08-09T16:08:10 IST">
          <reporter-output>
          </reporter-output>
        </test-method> <!-- NavigateToTmacBroadcastMsgPage -->
        <test-method status="PASS" signature="AddRecordWithoutMesage()[pri:6, instance:com.tetherfi.test.tmac.TmacBroadCastMsgTest@45292ec1]" name="AddRecordWithoutMesage" duration-ms="32691" started-at="2021-08-09T16:08:10 IST" finished-at="2021-08-09T16:08:43 IST">
          <reporter-output>
          </reporter-output>
        </test-method> <!-- AddRecordWithoutMesage -->
        <test-method status="PASS" signature="afterEachMethod(java.lang.reflect.Method)[pri:0, instance:com.tetherfi.test.tmac.TmacBroadCastMsgTest@45292ec1]" name="afterEachMethod" is-config="true" duration-ms="1457" started-at="2021-08-09T16:08:43 IST" finished-at="2021-08-09T16:08:44 IST">
          <params>
            <param index="0">
              <value>
                <![CDATA[public void com.tetherfi.test.tmac.TmacBroadCastMsgTest.AddRecordWithoutMesage() throws java.lang.Exception]]>
              </value>
            </param>
          </params>
          <reporter-output>
          </reporter-output>
        </test-method> <!-- afterEachMethod -->
        <test-method status="PASS" signature="endTestCase(java.lang.reflect.Method)[pri:0, instance:com.tetherfi.test.tmac.TmacBroadCastMsgTest@45292ec1]" name="endTestCase" is-config="true" duration-ms="1" started-at="2021-08-09T16:08:44 IST" finished-at="2021-08-09T16:08:44 IST">
          <params>
            <param index="0">
              <value>
                <![CDATA[public void com.tetherfi.test.tmac.TmacBroadCastMsgTest.AddRecordWithoutMesage() throws java.lang.Exception]]>
              </value>
            </param>
          </params>
          <reporter-output>
          </reporter-output>
        </test-method> <!-- endTestCase -->
        <test-method status="PASS" signature="startTestCase(java.lang.reflect.Method)[pri:0, instance:com.tetherfi.test.tmac.TmacBroadCastMsgTest@45292ec1]" name="startTestCase" is-config="true" duration-ms="0" started-at="2021-08-09T16:08:44 IST" finished-at="2021-08-09T16:08:44 IST">
          <params>
            <param index="0">
              <value>
                <![CDATA[public void com.tetherfi.test.tmac.TmacBroadCastMsgTest.AddRecordwithoutStatus() throws java.lang.Exception]]>
              </value>
            </param>
          </params>
          <reporter-output>
          </reporter-output>
        </test-method> <!-- startTestCase -->
        <test-method status="PASS" signature="NavigateToTmacBroadcastMsgPage()[pri:0, instance:com.tetherfi.test.tmac.TmacBroadCastMsgTest@45292ec1]" name="NavigateToTmacBroadcastMsgPage" is-config="true" duration-ms="5360" started-at="2021-08-09T16:08:44 IST" finished-at="2021-08-09T16:08:49 IST">
          <reporter-output>
          </reporter-output>
        </test-method> <!-- NavigateToTmacBroadcastMsgPage -->
        <test-method status="PASS" signature="AddRecordwithoutStatus()[pri:7, instance:com.tetherfi.test.tmac.TmacBroadCastMsgTest@45292ec1]" name="AddRecordwithoutStatus" duration-ms="32854" started-at="2021-08-09T16:08:49 IST" finished-at="2021-08-09T16:09:22 IST">
          <reporter-output>
          </reporter-output>
        </test-method> <!-- AddRecordwithoutStatus -->
        <test-method status="PASS" signature="afterEachMethod(java.lang.reflect.Method)[pri:0, instance:com.tetherfi.test.tmac.TmacBroadCastMsgTest@45292ec1]" name="afterEachMethod" is-config="true" duration-ms="1741" started-at="2021-08-09T16:09:22 IST" finished-at="2021-08-09T16:09:24 IST">
          <params>
            <param index="0">
              <value>
                <![CDATA[public void com.tetherfi.test.tmac.TmacBroadCastMsgTest.AddRecordwithoutStatus() throws java.lang.Exception]]>
              </value>
            </param>
          </params>
          <reporter-output>
          </reporter-output>
        </test-method> <!-- afterEachMethod -->
        <test-method status="PASS" signature="endTestCase(java.lang.reflect.Method)[pri:0, instance:com.tetherfi.test.tmac.TmacBroadCastMsgTest@45292ec1]" name="endTestCase" is-config="true" duration-ms="0" started-at="2021-08-09T16:09:24 IST" finished-at="2021-08-09T16:09:24 IST">
          <params>
            <param index="0">
              <value>
                <![CDATA[public void com.tetherfi.test.tmac.TmacBroadCastMsgTest.AddRecordwithoutStatus() throws java.lang.Exception]]>
              </value>
            </param>
          </params>
          <reporter-output>
          </reporter-output>
        </test-method> <!-- endTestCase -->
        <test-method status="PASS" signature="startTestCase(java.lang.reflect.Method)[pri:0, instance:com.tetherfi.test.tmac.TmacBroadCastMsgTest@45292ec1]" name="startTestCase" is-config="true" duration-ms="2" started-at="2021-08-09T16:09:24 IST" finished-at="2021-08-09T16:09:24 IST">
          <params>
            <param index="0">
              <value>
                <![CDATA[public void com.tetherfi.test.tmac.TmacBroadCastMsgTest.AddRecordWithoutTeamName() throws java.lang.Exception]]>
              </value>
            </param>
          </params>
          <reporter-output>
          </reporter-output>
        </test-method> <!-- startTestCase -->
        <test-method status="PASS" signature="NavigateToTmacBroadcastMsgPage()[pri:0, instance:com.tetherfi.test.tmac.TmacBroadCastMsgTest@45292ec1]" name="NavigateToTmacBroadcastMsgPage" is-config="true" duration-ms="4684" started-at="2021-08-09T16:09:24 IST" finished-at="2021-08-09T16:09:29 IST">
          <reporter-output>
          </reporter-output>
        </test-method> <!-- NavigateToTmacBroadcastMsgPage -->
        <test-method status="PASS" signature="AddRecordWithoutTeamName()[pri:8, instance:com.tetherfi.test.tmac.TmacBroadCastMsgTest@45292ec1]" name="AddRecordWithoutTeamName" duration-ms="2411" started-at="2021-08-09T16:09:29 IST" finished-at="2021-08-09T16:09:31 IST">
          <reporter-output>
          </reporter-output>
        </test-method> <!-- AddRecordWithoutTeamName -->
        <test-method status="PASS" signature="afterEachMethod(java.lang.reflect.Method)[pri:0, instance:com.tetherfi.test.tmac.TmacBroadCastMsgTest@45292ec1]" name="afterEachMethod" is-config="true" duration-ms="1665" started-at="2021-08-09T16:09:31 IST" finished-at="2021-08-09T16:09:33 IST">
          <params>
            <param index="0">
              <value>
                <![CDATA[public void com.tetherfi.test.tmac.TmacBroadCastMsgTest.AddRecordWithoutTeamName() throws java.lang.Exception]]>
              </value>
            </param>
          </params>
          <reporter-output>
          </reporter-output>
        </test-method> <!-- afterEachMethod -->
        <test-method status="PASS" signature="endTestCase(java.lang.reflect.Method)[pri:0, instance:com.tetherfi.test.tmac.TmacBroadCastMsgTest@45292ec1]" name="endTestCase" is-config="true" duration-ms="1" started-at="2021-08-09T16:09:33 IST" finished-at="2021-08-09T16:09:33 IST">
          <params>
            <param index="0">
              <value>
                <![CDATA[public void com.tetherfi.test.tmac.TmacBroadCastMsgTest.AddRecordWithoutTeamName() throws java.lang.Exception]]>
              </value>
            </param>
          </params>
          <reporter-output>
          </reporter-output>
        </test-method> <!-- endTestCase -->
        <test-method status="PASS" signature="NavigateToTmacBroadcastMsgPage()[pri:0, instance:com.tetherfi.test.tmac.TmacBroadCastMsgTest@45292ec1]" name="NavigateToTmacBroadcastMsgPage" is-config="true" duration-ms="5310" started-at="2021-08-09T16:09:33 IST" finished-at="2021-08-09T16:09:38 IST">
          <reporter-output>
          </reporter-output>
        </test-method> <!-- NavigateToTmacBroadcastMsgPage -->
        <test-method status="PASS" signature="startTestCase(java.lang.reflect.Method)[pri:0, instance:com.tetherfi.test.tmac.TmacBroadCastMsgTest@45292ec1]" name="startTestCase" is-config="true" duration-ms="0" started-at="2021-08-09T16:09:33 IST" finished-at="2021-08-09T16:09:33 IST">
          <params>
            <param index="0">
              <value>
                <![CDATA[public void com.tetherfi.test.tmac.TmacBroadCastMsgTest.EditTmacBroadCastMsgCancel() throws java.lang.Exception]]>
              </value>
            </param>
          </params>
          <reporter-output>
          </reporter-output>
        </test-method> <!-- startTestCase -->
        <test-method status="PASS" signature="EditTmacBroadCastMsgCancel()[pri:9, instance:com.tetherfi.test.tmac.TmacBroadCastMsgTest@45292ec1]" name="EditTmacBroadCastMsgCancel" duration-ms="9324" started-at="2021-08-09T16:09:38 IST" finished-at="2021-08-09T16:09:47 IST">
          <reporter-output>
          </reporter-output>
        </test-method> <!-- EditTmacBroadCastMsgCancel -->
        <test-method status="PASS" signature="afterEachMethod(java.lang.reflect.Method)[pri:0, instance:com.tetherfi.test.tmac.TmacBroadCastMsgTest@45292ec1]" name="afterEachMethod" is-config="true" duration-ms="1748" started-at="2021-08-09T16:09:47 IST" finished-at="2021-08-09T16:09:49 IST">
          <params>
            <param index="0">
              <value>
                <![CDATA[public void com.tetherfi.test.tmac.TmacBroadCastMsgTest.EditTmacBroadCastMsgCancel() throws java.lang.Exception]]>
              </value>
            </param>
          </params>
          <reporter-output>
          </reporter-output>
        </test-method> <!-- afterEachMethod -->
        <test-method status="PASS" signature="startTestCase(java.lang.reflect.Method)[pri:0, instance:com.tetherfi.test.tmac.TmacBroadCastMsgTest@45292ec1]" name="startTestCase" is-config="true" duration-ms="6" started-at="2021-08-09T16:09:49 IST" finished-at="2021-08-09T16:09:49 IST">
          <params>
            <param index="0">
              <value>
                <![CDATA[public void com.tetherfi.test.tmac.TmacBroadCastMsgTest.EditTmacBroadCastMsg() throws java.lang.Exception]]>
              </value>
            </param>
          </params>
          <reporter-output>
          </reporter-output>
        </test-method> <!-- startTestCase -->
        <test-method status="PASS" signature="endTestCase(java.lang.reflect.Method)[pri:0, instance:com.tetherfi.test.tmac.TmacBroadCastMsgTest@45292ec1]" name="endTestCase" is-config="true" duration-ms="0" started-at="2021-08-09T16:09:49 IST" finished-at="2021-08-09T16:09:49 IST">
          <params>
            <param index="0">
              <value>
                <![CDATA[public void com.tetherfi.test.tmac.TmacBroadCastMsgTest.EditTmacBroadCastMsgCancel() throws java.lang.Exception]]>
              </value>
            </param>
          </params>
          <reporter-output>
          </reporter-output>
        </test-method> <!-- endTestCase -->
        <test-method status="PASS" signature="NavigateToTmacBroadcastMsgPage()[pri:0, instance:com.tetherfi.test.tmac.TmacBroadCastMsgTest@45292ec1]" name="NavigateToTmacBroadcastMsgPage" is-config="true" duration-ms="5139" started-at="2021-08-09T16:09:49 IST" finished-at="2021-08-09T16:09:54 IST">
          <reporter-output>
          </reporter-output>
        </test-method> <!-- NavigateToTmacBroadcastMsgPage -->
        <test-method status="PASS" signature="EditTmacBroadCastMsg()[pri:10, instance:com.tetherfi.test.tmac.TmacBroadCastMsgTest@45292ec1]" name="EditTmacBroadCastMsg" duration-ms="9174" started-at="2021-08-09T16:09:54 IST" finished-at="2021-08-09T16:10:03 IST">
          <reporter-output>
          </reporter-output>
        </test-method> <!-- EditTmacBroadCastMsg -->
        <test-method status="PASS" signature="afterEachMethod(java.lang.reflect.Method)[pri:0, instance:com.tetherfi.test.tmac.TmacBroadCastMsgTest@45292ec1]" name="afterEachMethod" is-config="true" duration-ms="2069" started-at="2021-08-09T16:10:03 IST" finished-at="2021-08-09T16:10:05 IST">
          <params>
            <param index="0">
              <value>
                <![CDATA[public void com.tetherfi.test.tmac.TmacBroadCastMsgTest.EditTmacBroadCastMsg() throws java.lang.Exception]]>
              </value>
            </param>
          </params>
          <reporter-output>
          </reporter-output>
        </test-method> <!-- afterEachMethod -->
        <test-method status="PASS" signature="endTestCase(java.lang.reflect.Method)[pri:0, instance:com.tetherfi.test.tmac.TmacBroadCastMsgTest@45292ec1]" name="endTestCase" is-config="true" duration-ms="1" started-at="2021-08-09T16:10:05 IST" finished-at="2021-08-09T16:10:05 IST">
          <params>
            <param index="0">
              <value>
                <![CDATA[public void com.tetherfi.test.tmac.TmacBroadCastMsgTest.EditTmacBroadCastMsg() throws java.lang.Exception]]>
              </value>
            </param>
          </params>
          <reporter-output>
          </reporter-output>
        </test-method> <!-- endTestCase -->
        <test-method status="PASS" signature="NavigateToTmacBroadcastMsgPage()[pri:0, instance:com.tetherfi.test.tmac.TmacBroadCastMsgTest@45292ec1]" name="NavigateToTmacBroadcastMsgPage" is-config="true" duration-ms="4674" started-at="2021-08-09T16:10:05 IST" finished-at="2021-08-09T16:10:10 IST">
          <reporter-output>
          </reporter-output>
        </test-method> <!-- NavigateToTmacBroadcastMsgPage -->
        <test-method status="PASS" signature="startTestCase(java.lang.reflect.Method)[pri:0, instance:com.tetherfi.test.tmac.TmacBroadCastMsgTest@45292ec1]" name="startTestCase" is-config="true" duration-ms="0" started-at="2021-08-09T16:10:05 IST" finished-at="2021-08-09T16:10:05 IST">
          <params>
            <param index="0">
              <value>
                <![CDATA[public void com.tetherfi.test.tmac.TmacBroadCastMsgTest.VerifyAuditTrailReportForUpdate() throws java.lang.Exception]]>
              </value>
            </param>
          </params>
          <reporter-output>
          </reporter-output>
        </test-method> <!-- startTestCase -->
        <test-method status="PASS" signature="VerifyAuditTrailReportForUpdate()[pri:11, instance:com.tetherfi.test.tmac.TmacBroadCastMsgTest@45292ec1]" name="VerifyAuditTrailReportForUpdate" duration-ms="32807" started-at="2021-08-09T16:10:10 IST" depends-on-methods="com.tetherfi.test.tmac.TmacBroadCastMsgTest.EditTmacBroadCastMsg" finished-at="2021-08-09T16:10:43 IST">
          <reporter-output>
          </reporter-output>
        </test-method> <!-- VerifyAuditTrailReportForUpdate -->
        <test-method status="PASS" signature="afterEachMethod(java.lang.reflect.Method)[pri:0, instance:com.tetherfi.test.tmac.TmacBroadCastMsgTest@45292ec1]" name="afterEachMethod" is-config="true" duration-ms="1828" started-at="2021-08-09T16:10:43 IST" finished-at="2021-08-09T16:10:45 IST">
          <params>
            <param index="0">
              <value>
                <![CDATA[public void com.tetherfi.test.tmac.TmacBroadCastMsgTest.VerifyAuditTrailReportForUpdate() throws java.lang.Exception]]>
              </value>
            </param>
          </params>
          <reporter-output>
          </reporter-output>
        </test-method> <!-- afterEachMethod -->
        <test-method status="PASS" signature="endTestCase(java.lang.reflect.Method)[pri:0, instance:com.tetherfi.test.tmac.TmacBroadCastMsgTest@45292ec1]" name="endTestCase" is-config="true" duration-ms="0" started-at="2021-08-09T16:10:45 IST" finished-at="2021-08-09T16:10:45 IST">
          <params>
            <param index="0">
              <value>
                <![CDATA[public void com.tetherfi.test.tmac.TmacBroadCastMsgTest.VerifyAuditTrailReportForUpdate() throws java.lang.Exception]]>
              </value>
            </param>
          </params>
          <reporter-output>
          </reporter-output>
        </test-method> <!-- endTestCase -->
        <test-method status="PASS" signature="startTestCase(java.lang.reflect.Method)[pri:0, instance:com.tetherfi.test.tmac.TmacBroadCastMsgTest@45292ec1]" name="startTestCase" is-config="true" duration-ms="1" started-at="2021-08-09T16:10:45 IST" finished-at="2021-08-09T16:10:45 IST">
          <params>
            <param index="0">
              <value>
                <![CDATA[public void com.tetherfi.test.tmac.TmacBroadCastMsgTest.VerifySearchIsNotEqualTo() throws java.lang.Exception]]>
              </value>
            </param>
          </params>
          <reporter-output>
          </reporter-output>
        </test-method> <!-- startTestCase -->
        <test-method status="PASS" signature="NavigateToTmacBroadcastMsgPage()[pri:0, instance:com.tetherfi.test.tmac.TmacBroadCastMsgTest@45292ec1]" name="NavigateToTmacBroadcastMsgPage" is-config="true" duration-ms="5375" started-at="2021-08-09T16:10:45 IST" finished-at="2021-08-09T16:10:50 IST">
          <reporter-output>
          </reporter-output>
        </test-method> <!-- NavigateToTmacBroadcastMsgPage -->
        <test-method status="PASS" signature="VerifySearchIsNotEqualTo()[pri:12, instance:com.tetherfi.test.tmac.TmacBroadCastMsgTest@45292ec1]" name="VerifySearchIsNotEqualTo" duration-ms="22038" started-at="2021-08-09T16:10:50 IST" finished-at="2021-08-09T16:11:12 IST">
          <reporter-output>
          </reporter-output>
        </test-method> <!-- VerifySearchIsNotEqualTo -->
        <test-method status="PASS" signature="afterEachMethod(java.lang.reflect.Method)[pri:0, instance:com.tetherfi.test.tmac.TmacBroadCastMsgTest@45292ec1]" name="afterEachMethod" is-config="true" duration-ms="1701" started-at="2021-08-09T16:11:12 IST" finished-at="2021-08-09T16:11:14 IST">
          <params>
            <param index="0">
              <value>
                <![CDATA[public void com.tetherfi.test.tmac.TmacBroadCastMsgTest.VerifySearchIsNotEqualTo() throws java.lang.Exception]]>
              </value>
            </param>
          </params>
          <reporter-output>
          </reporter-output>
        </test-method> <!-- afterEachMethod -->
        <test-method status="PASS" signature="endTestCase(java.lang.reflect.Method)[pri:0, instance:com.tetherfi.test.tmac.TmacBroadCastMsgTest@45292ec1]" name="endTestCase" is-config="true" duration-ms="0" started-at="2021-08-09T16:11:14 IST" finished-at="2021-08-09T16:11:14 IST">
          <params>
            <param index="0">
              <value>
                <![CDATA[public void com.tetherfi.test.tmac.TmacBroadCastMsgTest.VerifySearchIsNotEqualTo() throws java.lang.Exception]]>
              </value>
            </param>
          </params>
          <reporter-output>
          </reporter-output>
        </test-method> <!-- endTestCase -->
        <test-method status="PASS" signature="startTestCase(java.lang.reflect.Method)[pri:0, instance:com.tetherfi.test.tmac.TmacBroadCastMsgTest@45292ec1]" name="startTestCase" is-config="true" duration-ms="1" started-at="2021-08-09T16:11:14 IST" finished-at="2021-08-09T16:11:14 IST">
          <params>
            <param index="0">
              <value>
                <![CDATA[public void com.tetherfi.test.tmac.TmacBroadCastMsgTest.VerifySearchContains() throws java.lang.Exception]]>
              </value>
            </param>
          </params>
          <reporter-output>
          </reporter-output>
        </test-method> <!-- startTestCase -->
        <test-method status="PASS" signature="NavigateToTmacBroadcastMsgPage()[pri:0, instance:com.tetherfi.test.tmac.TmacBroadCastMsgTest@45292ec1]" name="NavigateToTmacBroadcastMsgPage" is-config="true" duration-ms="4797" started-at="2021-08-09T16:11:14 IST" finished-at="2021-08-09T16:11:19 IST">
          <reporter-output>
          </reporter-output>
        </test-method> <!-- NavigateToTmacBroadcastMsgPage -->
        <test-method status="PASS" signature="VerifySearchContains()[pri:13, instance:com.tetherfi.test.tmac.TmacBroadCastMsgTest@45292ec1]" name="VerifySearchContains" duration-ms="14790" started-at="2021-08-09T16:11:19 IST" finished-at="2021-08-09T16:11:34 IST">
          <reporter-output>
          </reporter-output>
        </test-method> <!-- VerifySearchContains -->
        <test-method status="PASS" signature="afterEachMethod(java.lang.reflect.Method)[pri:0, instance:com.tetherfi.test.tmac.TmacBroadCastMsgTest@45292ec1]" name="afterEachMethod" is-config="true" duration-ms="1631" started-at="2021-08-09T16:11:34 IST" finished-at="2021-08-09T16:11:35 IST">
          <params>
            <param index="0">
              <value>
                <![CDATA[public void com.tetherfi.test.tmac.TmacBroadCastMsgTest.VerifySearchContains() throws java.lang.Exception]]>
              </value>
            </param>
          </params>
          <reporter-output>
          </reporter-output>
        </test-method> <!-- afterEachMethod -->
        <test-method status="PASS" signature="endTestCase(java.lang.reflect.Method)[pri:0, instance:com.tetherfi.test.tmac.TmacBroadCastMsgTest@45292ec1]" name="endTestCase" is-config="true" duration-ms="0" started-at="2021-08-09T16:11:35 IST" finished-at="2021-08-09T16:11:35 IST">
          <params>
            <param index="0">
              <value>
                <![CDATA[public void com.tetherfi.test.tmac.TmacBroadCastMsgTest.VerifySearchContains() throws java.lang.Exception]]>
              </value>
            </param>
          </params>
          <reporter-output>
          </reporter-output>
        </test-method> <!-- endTestCase -->
        <test-method status="PASS" signature="startTestCase(java.lang.reflect.Method)[pri:0, instance:com.tetherfi.test.tmac.TmacBroadCastMsgTest@45292ec1]" name="startTestCase" is-config="true" duration-ms="1" started-at="2021-08-09T16:11:35 IST" finished-at="2021-08-09T16:11:35 IST">
          <params>
            <param index="0">
              <value>
                <![CDATA[public void com.tetherfi.test.tmac.TmacBroadCastMsgTest.VerifySearchDoesNotContains() throws java.lang.Exception]]>
              </value>
            </param>
          </params>
          <reporter-output>
          </reporter-output>
        </test-method> <!-- startTestCase -->
        <test-method status="PASS" signature="NavigateToTmacBroadcastMsgPage()[pri:0, instance:com.tetherfi.test.tmac.TmacBroadCastMsgTest@45292ec1]" name="NavigateToTmacBroadcastMsgPage" is-config="true" duration-ms="4984" started-at="2021-08-09T16:11:35 IST" finished-at="2021-08-09T16:11:40 IST">
          <reporter-output>
          </reporter-output>
        </test-method> <!-- NavigateToTmacBroadcastMsgPage -->
        <test-method status="PASS" signature="VerifySearchDoesNotContains()[pri:14, instance:com.tetherfi.test.tmac.TmacBroadCastMsgTest@45292ec1]" name="VerifySearchDoesNotContains" duration-ms="16890" started-at="2021-08-09T16:11:40 IST" finished-at="2021-08-09T16:11:57 IST">
          <reporter-output>
          </reporter-output>
        </test-method> <!-- VerifySearchDoesNotContains -->
        <test-method status="PASS" signature="afterEachMethod(java.lang.reflect.Method)[pri:0, instance:com.tetherfi.test.tmac.TmacBroadCastMsgTest@45292ec1]" name="afterEachMethod" is-config="true" duration-ms="1617" started-at="2021-08-09T16:11:57 IST" finished-at="2021-08-09T16:11:59 IST">
          <params>
            <param index="0">
              <value>
                <![CDATA[public void com.tetherfi.test.tmac.TmacBroadCastMsgTest.VerifySearchDoesNotContains() throws java.lang.Exception]]>
              </value>
            </param>
          </params>
          <reporter-output>
          </reporter-output>
        </test-method> <!-- afterEachMethod -->
        <test-method status="PASS" signature="endTestCase(java.lang.reflect.Method)[pri:0, instance:com.tetherfi.test.tmac.TmacBroadCastMsgTest@45292ec1]" name="endTestCase" is-config="true" duration-ms="1" started-at="2021-08-09T16:11:59 IST" finished-at="2021-08-09T16:11:59 IST">
          <params>
            <param index="0">
              <value>
                <![CDATA[public void com.tetherfi.test.tmac.TmacBroadCastMsgTest.VerifySearchDoesNotContains() throws java.lang.Exception]]>
              </value>
            </param>
          </params>
          <reporter-output>
          </reporter-output>
        </test-method> <!-- endTestCase -->
        <test-method status="PASS" signature="startTestCase(java.lang.reflect.Method)[pri:0, instance:com.tetherfi.test.tmac.TmacBroadCastMsgTest@45292ec1]" name="startTestCase" is-config="true" duration-ms="0" started-at="2021-08-09T16:11:59 IST" finished-at="2021-08-09T16:11:59 IST">
          <params>
            <param index="0">
              <value>
                <![CDATA[public void com.tetherfi.test.tmac.TmacBroadCastMsgTest.VerifySearchStartsWith() throws java.lang.Exception]]>
              </value>
            </param>
          </params>
          <reporter-output>
          </reporter-output>
        </test-method> <!-- startTestCase -->
        <test-method status="PASS" signature="NavigateToTmacBroadcastMsgPage()[pri:0, instance:com.tetherfi.test.tmac.TmacBroadCastMsgTest@45292ec1]" name="NavigateToTmacBroadcastMsgPage" is-config="true" duration-ms="4810" started-at="2021-08-09T16:11:59 IST" finished-at="2021-08-09T16:12:03 IST">
          <reporter-output>
          </reporter-output>
        </test-method> <!-- NavigateToTmacBroadcastMsgPage -->
        <test-method status="PASS" signature="VerifySearchStartsWith()[pri:15, instance:com.tetherfi.test.tmac.TmacBroadCastMsgTest@45292ec1]" name="VerifySearchStartsWith" duration-ms="12244" started-at="2021-08-09T16:12:03 IST" finished-at="2021-08-09T16:12:16 IST">
          <reporter-output>
          </reporter-output>
        </test-method> <!-- VerifySearchStartsWith -->
        <test-method status="PASS" signature="afterEachMethod(java.lang.reflect.Method)[pri:0, instance:com.tetherfi.test.tmac.TmacBroadCastMsgTest@45292ec1]" name="afterEachMethod" is-config="true" duration-ms="1557" started-at="2021-08-09T16:12:16 IST" finished-at="2021-08-09T16:12:17 IST">
          <params>
            <param index="0">
              <value>
                <![CDATA[public void com.tetherfi.test.tmac.TmacBroadCastMsgTest.VerifySearchStartsWith() throws java.lang.Exception]]>
              </value>
            </param>
          </params>
          <reporter-output>
          </reporter-output>
        </test-method> <!-- afterEachMethod -->
        <test-method status="PASS" signature="endTestCase(java.lang.reflect.Method)[pri:0, instance:com.tetherfi.test.tmac.TmacBroadCastMsgTest@45292ec1]" name="endTestCase" is-config="true" duration-ms="0" started-at="2021-08-09T16:12:17 IST" finished-at="2021-08-09T16:12:17 IST">
          <params>
            <param index="0">
              <value>
                <![CDATA[public void com.tetherfi.test.tmac.TmacBroadCastMsgTest.VerifySearchStartsWith() throws java.lang.Exception]]>
              </value>
            </param>
          </params>
          <reporter-output>
          </reporter-output>
        </test-method> <!-- endTestCase -->
        <test-method status="PASS" signature="startTestCase(java.lang.reflect.Method)[pri:0, instance:com.tetherfi.test.tmac.TmacBroadCastMsgTest@45292ec1]" name="startTestCase" is-config="true" duration-ms="0" started-at="2021-08-09T16:12:17 IST" finished-at="2021-08-09T16:12:17 IST">
          <params>
            <param index="0">
              <value>
                <![CDATA[public void com.tetherfi.test.tmac.TmacBroadCastMsgTest.VerifySearchEndsWith() throws java.lang.Exception]]>
              </value>
            </param>
          </params>
          <reporter-output>
          </reporter-output>
        </test-method> <!-- startTestCase -->
        <test-method status="PASS" signature="NavigateToTmacBroadcastMsgPage()[pri:0, instance:com.tetherfi.test.tmac.TmacBroadCastMsgTest@45292ec1]" name="NavigateToTmacBroadcastMsgPage" is-config="true" duration-ms="5180" started-at="2021-08-09T16:12:17 IST" finished-at="2021-08-09T16:12:22 IST">
          <reporter-output>
          </reporter-output>
        </test-method> <!-- NavigateToTmacBroadcastMsgPage -->
        <test-method status="PASS" signature="VerifySearchEndsWith()[pri:16, instance:com.tetherfi.test.tmac.TmacBroadCastMsgTest@45292ec1]" name="VerifySearchEndsWith" duration-ms="14745" started-at="2021-08-09T16:12:22 IST" finished-at="2021-08-09T16:12:37 IST">
          <reporter-output>
          </reporter-output>
        </test-method> <!-- VerifySearchEndsWith -->
        <test-method status="PASS" signature="afterEachMethod(java.lang.reflect.Method)[pri:0, instance:com.tetherfi.test.tmac.TmacBroadCastMsgTest@45292ec1]" name="afterEachMethod" is-config="true" duration-ms="1679" started-at="2021-08-09T16:12:37 IST" finished-at="2021-08-09T16:12:39 IST">
          <params>
            <param index="0">
              <value>
                <![CDATA[public void com.tetherfi.test.tmac.TmacBroadCastMsgTest.VerifySearchEndsWith() throws java.lang.Exception]]>
              </value>
            </param>
          </params>
          <reporter-output>
          </reporter-output>
        </test-method> <!-- afterEachMethod -->
        <test-method status="PASS" signature="endTestCase(java.lang.reflect.Method)[pri:0, instance:com.tetherfi.test.tmac.TmacBroadCastMsgTest@45292ec1]" name="endTestCase" is-config="true" duration-ms="1" started-at="2021-08-09T16:12:39 IST" finished-at="2021-08-09T16:12:39 IST">
          <params>
            <param index="0">
              <value>
                <![CDATA[public void com.tetherfi.test.tmac.TmacBroadCastMsgTest.VerifySearchEndsWith() throws java.lang.Exception]]>
              </value>
            </param>
          </params>
          <reporter-output>
          </reporter-output>
        </test-method> <!-- endTestCase -->
        <test-method status="PASS" signature="startTestCase(java.lang.reflect.Method)[pri:0, instance:com.tetherfi.test.tmac.TmacBroadCastMsgTest@45292ec1]" name="startTestCase" is-config="true" duration-ms="1" started-at="2021-08-09T16:12:39 IST" finished-at="2021-08-09T16:12:39 IST">
          <params>
            <param index="0">
              <value>
                <![CDATA[public void com.tetherfi.test.tmac.TmacBroadCastMsgTest.searchPage() throws java.lang.Exception]]>
              </value>
            </param>
          </params>
          <reporter-output>
          </reporter-output>
        </test-method> <!-- startTestCase -->
        <test-method status="PASS" signature="NavigateToTmacBroadcastMsgPage()[pri:0, instance:com.tetherfi.test.tmac.TmacBroadCastMsgTest@45292ec1]" name="NavigateToTmacBroadcastMsgPage" is-config="true" duration-ms="4797" started-at="2021-08-09T16:12:39 IST" finished-at="2021-08-09T16:12:44 IST">
          <reporter-output>
          </reporter-output>
        </test-method> <!-- NavigateToTmacBroadcastMsgPage -->
        <test-method status="PASS" signature="searchPage()[pri:17, instance:com.tetherfi.test.tmac.TmacBroadCastMsgTest@45292ec1]" name="searchPage" duration-ms="5331" started-at="2021-08-09T16:12:44 IST" finished-at="2021-08-09T16:12:49 IST">
          <reporter-output>
          </reporter-output>
        </test-method> <!-- searchPage -->
        <test-method status="PASS" signature="afterEachMethod(java.lang.reflect.Method)[pri:0, instance:com.tetherfi.test.tmac.TmacBroadCastMsgTest@45292ec1]" name="afterEachMethod" is-config="true" duration-ms="1423" started-at="2021-08-09T16:12:49 IST" finished-at="2021-08-09T16:12:50 IST">
          <params>
            <param index="0">
              <value>
                <![CDATA[public void com.tetherfi.test.tmac.TmacBroadCastMsgTest.searchPage() throws java.lang.Exception]]>
              </value>
            </param>
          </params>
          <reporter-output>
          </reporter-output>
        </test-method> <!-- afterEachMethod -->
        <test-method status="PASS" signature="endTestCase(java.lang.reflect.Method)[pri:0, instance:com.tetherfi.test.tmac.TmacBroadCastMsgTest@45292ec1]" name="endTestCase" is-config="true" duration-ms="1" started-at="2021-08-09T16:12:50 IST" finished-at="2021-08-09T16:12:50 IST">
          <params>
            <param index="0">
              <value>
                <![CDATA[public void com.tetherfi.test.tmac.TmacBroadCastMsgTest.searchPage() throws java.lang.Exception]]>
              </value>
            </param>
          </params>
          <reporter-output>
          </reporter-output>
        </test-method> <!-- endTestCase -->
        <test-method status="PASS" signature="startTestCase(java.lang.reflect.Method)[pri:0, instance:com.tetherfi.test.tmac.TmacBroadCastMsgTest@45292ec1]" name="startTestCase" is-config="true" duration-ms="2" started-at="2021-08-09T16:12:50 IST" finished-at="2021-08-09T16:12:50 IST">
          <params>
            <param index="0">
              <value>
                <![CDATA[public void com.tetherfi.test.tmac.TmacBroadCastMsgTest.SearchClearSearch() throws java.lang.Exception]]>
              </value>
            </param>
          </params>
          <reporter-output>
          </reporter-output>
        </test-method> <!-- startTestCase -->
        <test-method status="PASS" signature="NavigateToTmacBroadcastMsgPage()[pri:0, instance:com.tetherfi.test.tmac.TmacBroadCastMsgTest@45292ec1]" name="NavigateToTmacBroadcastMsgPage" is-config="true" duration-ms="4765" started-at="2021-08-09T16:12:50 IST" finished-at="2021-08-09T16:12:55 IST">
          <reporter-output>
          </reporter-output>
        </test-method> <!-- NavigateToTmacBroadcastMsgPage -->
        <test-method status="FAIL" signature="SearchClearSearch()[pri:18, instance:com.tetherfi.test.tmac.TmacBroadCastMsgTest@45292ec1]" name="SearchClearSearch" duration-ms="25413" started-at="2021-08-09T16:12:55 IST" finished-at="2021-08-09T16:13:21 IST">
          <exception class="org.openqa.selenium.NoSuchElementException">
            <message>
              <![CDATA[no such element: Unable to locate element: {"method":"xpath","selector":"//div[text()='No records to display']"}
  (Session info: chrome=92.0.4515.131)
For documentation on this error, please visit: https://www.seleniumhq.org/exceptions/no_such_element.html
Build info: version: '3.141.59', revision: 'e82be7d358', time: '2018-11-14T08:17:03'
System info: host: 'TTF-BLR-SANTOSH', ip: '192.168.50.12', os.name: 'Windows 10', os.arch: 'amd64', os.version: '10.0', java.version: '1.8.0_181'
Driver info: org.openqa.selenium.chrome.ChromeDriver
Capabilities {acceptInsecureCerts: false, browserName: chrome, browserVersion: 92.0.4515.131, chrome: {chromedriverVersion: 91.0.4472.19 (1bf021f248676..., userDataDir: C:\Users\admin\AppData\Loca...}, goog:chromeOptions: {debuggerAddress: localhost:51048}, javascriptEnabled: true, networkConnectionEnabled: false, pageLoadStrategy: normal, platform: WINDOWS, platformName: WINDOWS, proxy: Proxy(), setWindowRect: true, strictFileInteractability: false, timeouts: {implicit: 0, pageLoad: 300000, script: 30000}, unhandledPromptBehavior: dismiss and notify, webauthn:extension:largeBlob: true, webauthn:virtualAuthenticators: true}
Session ID: 78924a1c1430667eab0c204955f666de
*** Element info: {Using=xpath, value=//div[text()='No records to display']}]]>
            </message>
            <full-stacktrace>
              <![CDATA[org.openqa.selenium.NoSuchElementException: no such element: Unable to locate element: {"method":"xpath","selector":"//div[text()='No records to display']"}
  (Session info: chrome=92.0.4515.131)
For documentation on this error, please visit: https://www.seleniumhq.org/exceptions/no_such_element.html
Build info: version: '3.141.59', revision: 'e82be7d358', time: '2018-11-14T08:17:03'
System info: host: 'TTF-BLR-SANTOSH', ip: '192.168.50.12', os.name: 'Windows 10', os.arch: 'amd64', os.version: '10.0', java.version: '1.8.0_181'
Driver info: org.openqa.selenium.chrome.ChromeDriver
Capabilities {acceptInsecureCerts: false, browserName: chrome, browserVersion: 92.0.4515.131, chrome: {chromedriverVersion: 91.0.4472.19 (1bf021f248676..., userDataDir: C:\Users\admin\AppData\Loca...}, goog:chromeOptions: {debuggerAddress: localhost:51048}, javascriptEnabled: true, networkConnectionEnabled: false, pageLoadStrategy: normal, platform: WINDOWS, platformName: WINDOWS, proxy: Proxy(), setWindowRect: true, strictFileInteractability: false, timeouts: {implicit: 0, pageLoad: 300000, script: 30000}, unhandledPromptBehavior: dismiss and notify, webauthn:extension:largeBlob: true, webauthn:virtualAuthenticators: true}
Session ID: 78924a1c1430667eab0c204955f666de
*** Element info: {Using=xpath, value=//div[text()='No records to display']}
at sun.reflect.NativeConstructorAccessorImpl.newInstance0(Native Method)
at sun.reflect.NativeConstructorAccessorImpl.newInstance(Unknown Source)
at sun.reflect.DelegatingConstructorAccessorImpl.newInstance(Unknown Source)
at java.lang.reflect.Constructor.newInstance(Unknown Source)
at org.openqa.selenium.remote.http.W3CHttpResponseCodec.createException(W3CHttpResponseCodec.java:187)
at org.openqa.selenium.remote.http.W3CHttpResponseCodec.decode(W3CHttpResponseCodec.java:122)
at org.openqa.selenium.remote.http.W3CHttpResponseCodec.decode(W3CHttpResponseCodec.java:49)
at org.openqa.selenium.remote.HttpCommandExecutor.execute(HttpCommandExecutor.java:158)
at org.openqa.selenium.remote.service.DriverCommandExecutor.execute(DriverCommandExecutor.java:83)
at org.openqa.selenium.remote.RemoteWebDriver.execute(RemoteWebDriver.java:552)
at org.openqa.selenium.remote.RemoteWebDriver.findElement(RemoteWebDriver.java:323)
at org.openqa.selenium.remote.RemoteWebDriver.findElementByXPath(RemoteWebDriver.java:428)
at org.openqa.selenium.By$ByXPath.findElement(By.java:353)
at org.openqa.selenium.remote.RemoteWebDriver.findElement(RemoteWebDriver.java:315)
at org.openqa.selenium.support.pagefactory.DefaultElementLocator.findElement(DefaultElementLocator.java:69)
at org.openqa.selenium.support.pagefactory.internal.LocatingElementHandler.invoke(LocatingElementHandler.java:38)
at com.sun.proxy.$Proxy11.isDisplayed(Unknown Source)
at com.tetherfi.pages.TmacBroadCastMsgPage.verifyinvalidsearch(TmacBroadCastMsgPage.java:579)
at com.tetherfi.test.tmac.TmacBroadCastMsgTest.SearchClearSearch(TmacBroadCastMsgTest.java:233)
at sun.reflect.NativeMethodAccessorImpl.invoke0(Native Method)
at sun.reflect.NativeMethodAccessorImpl.invoke(Unknown Source)
at sun.reflect.DelegatingMethodAccessorImpl.invoke(Unknown Source)
at java.lang.reflect.Method.invoke(Unknown Source)
at org.testng.internal.MethodInvocationHelper.invokeMethod(MethodInvocationHelper.java:133)
at org.testng.internal.TestInvoker.invokeMethod(TestInvoker.java:584)
at org.testng.internal.TestInvoker.invokeTestMethod(TestInvoker.java:172)
at org.testng.internal.MethodRunner.runInSequence(MethodRunner.java:46)
at org.testng.internal.TestInvoker$MethodInvocationAgent.invoke(TestInvoker.java:804)
at org.testng.internal.TestInvoker.invokeTestMethods(TestInvoker.java:145)
at org.testng.internal.TestMethodWorker.invokeTestMethods(TestMethodWorker.java:146)
at org.testng.internal.TestMethodWorker.run(TestMethodWorker.java:128)
at java.util.ArrayList.forEach(Unknown Source)
at org.testng.TestRunner.privateRun(TestRunner.java:770)
at org.testng.TestRunner.run(TestRunner.java:591)
at org.testng.SuiteRunner.runTest(SuiteRunner.java:402)
at org.testng.SuiteRunner.runSequentially(SuiteRunner.java:396)
at org.testng.SuiteRunner.privateRun(SuiteRunner.java:355)
at org.testng.SuiteRunner.run(SuiteRunner.java:304)
at org.testng.SuiteRunnerWorker.runSuite(SuiteRunnerWorker.java:53)
at org.testng.SuiteRunnerWorker.run(SuiteRunnerWorker.java:96)
at org.testng.TestNG.runSuitesSequentially(TestNG.java:1180)
at org.testng.TestNG.runSuitesLocally(TestNG.java:1102)
at org.testng.TestNG.runSuites(TestNG.java:1032)
at org.testng.TestNG.run(TestNG.java:1000)
at org.testng.remote.AbstractRemoteTestNG.run(AbstractRemoteTestNG.java:115)
at org.testng.remote.RemoteTestNG.initAndRun(RemoteTestNG.java:251)
at org.testng.remote.RemoteTestNG.main(RemoteTestNG.java:77)
]]>
            </full-stacktrace>
          </exception> <!-- org.openqa.selenium.NoSuchElementException -->
          <reporter-output>
          </reporter-output>
        </test-method> <!-- SearchClearSearch -->
        <test-method status="PASS" signature="afterEachMethod(java.lang.reflect.Method)[pri:0, instance:com.tetherfi.test.tmac.TmacBroadCastMsgTest@45292ec1]" name="afterEachMethod" is-config="true" duration-ms="1856" started-at="2021-08-09T16:13:21 IST" finished-at="2021-08-09T16:13:22 IST">
          <params>
            <param index="0">
              <value>
                <![CDATA[public void com.tetherfi.test.tmac.TmacBroadCastMsgTest.SearchClearSearch() throws java.lang.Exception]]>
              </value>
            </param>
          </params>
          <reporter-output>
          </reporter-output>
        </test-method> <!-- afterEachMethod -->
        <test-method status="PASS" signature="endTestCase(java.lang.reflect.Method)[pri:0, instance:com.tetherfi.test.tmac.TmacBroadCastMsgTest@45292ec1]" name="endTestCase" is-config="true" duration-ms="0" started-at="2021-08-09T16:13:22 IST" finished-at="2021-08-09T16:13:22 IST">
          <params>
            <param index="0">
              <value>
                <![CDATA[public void com.tetherfi.test.tmac.TmacBroadCastMsgTest.SearchClearSearch() throws java.lang.Exception]]>
              </value>
            </param>
          </params>
          <reporter-output>
          </reporter-output>
        </test-method> <!-- endTestCase -->
        <test-method status="PASS" signature="NavigateToTmacBroadcastMsgPage()[pri:0, instance:com.tetherfi.test.tmac.TmacBroadCastMsgTest@45292ec1]" name="NavigateToTmacBroadcastMsgPage" is-config="true" duration-ms="5261" started-at="2021-08-09T16:13:22 IST" finished-at="2021-08-09T16:13:28 IST">
          <reporter-output>
          </reporter-output>
        </test-method> <!-- NavigateToTmacBroadcastMsgPage -->
        <test-method status="PASS" signature="startTestCase(java.lang.reflect.Method)[pri:0, instance:com.tetherfi.test.tmac.TmacBroadCastMsgTest@45292ec1]" name="startTestCase" is-config="true" duration-ms="0" started-at="2021-08-09T16:13:22 IST" finished-at="2021-08-09T16:13:22 IST">
          <params>
            <param index="0">
              <value>
                <![CDATA[public void com.tetherfi.test.tmac.TmacBroadCastMsgTest.ExportToExcel() throws java.lang.Exception]]>
              </value>
            </param>
          </params>
          <reporter-output>
          </reporter-output>
        </test-method> <!-- startTestCase -->
        <test-method status="PASS" signature="ExportToExcel()[pri:19, instance:com.tetherfi.test.tmac.TmacBroadCastMsgTest@45292ec1]" name="ExportToExcel" duration-ms="1393" started-at="2021-08-09T16:13:28 IST" finished-at="2021-08-09T16:13:29 IST">
          <reporter-output>
          </reporter-output>
        </test-method> <!-- ExportToExcel -->
        <test-method status="PASS" signature="afterEachMethod(java.lang.reflect.Method)[pri:0, instance:com.tetherfi.test.tmac.TmacBroadCastMsgTest@45292ec1]" name="afterEachMethod" is-config="true" duration-ms="1825" started-at="2021-08-09T16:13:29 IST" finished-at="2021-08-09T16:13:31 IST">
          <params>
            <param index="0">
              <value>
                <![CDATA[public void com.tetherfi.test.tmac.TmacBroadCastMsgTest.ExportToExcel() throws java.lang.Exception]]>
              </value>
            </param>
          </params>
          <reporter-output>
          </reporter-output>
        </test-method> <!-- afterEachMethod -->
        <test-method status="PASS" signature="endTestCase(java.lang.reflect.Method)[pri:0, instance:com.tetherfi.test.tmac.TmacBroadCastMsgTest@45292ec1]" name="endTestCase" is-config="true" duration-ms="0" started-at="2021-08-09T16:13:31 IST" finished-at="2021-08-09T16:13:31 IST">
          <params>
            <param index="0">
              <value>
                <![CDATA[public void com.tetherfi.test.tmac.TmacBroadCastMsgTest.ExportToExcel() throws java.lang.Exception]]>
              </value>
            </param>
          </params>
          <reporter-output>
          </reporter-output>
        </test-method> <!-- endTestCase -->
        <test-method status="PASS" signature="startTestCase(java.lang.reflect.Method)[pri:0, instance:com.tetherfi.test.tmac.TmacBroadCastMsgTest@45292ec1]" name="startTestCase" is-config="true" duration-ms="1" started-at="2021-08-09T16:13:31 IST" finished-at="2021-08-09T16:13:31 IST">
          <params>
            <param index="0">
              <value>
                <![CDATA[public void com.tetherfi.test.tmac.TmacBroadCastMsgTest.ExportToExcelData() throws java.lang.Exception]]>
              </value>
            </param>
          </params>
          <reporter-output>
          </reporter-output>
        </test-method> <!-- startTestCase -->
        <test-method status="PASS" signature="NavigateToTmacBroadcastMsgPage()[pri:0, instance:com.tetherfi.test.tmac.TmacBroadCastMsgTest@45292ec1]" name="NavigateToTmacBroadcastMsgPage" is-config="true" duration-ms="5516" started-at="2021-08-09T16:13:31 IST" finished-at="2021-08-09T16:13:36 IST">
          <reporter-output>
          </reporter-output>
        </test-method> <!-- NavigateToTmacBroadcastMsgPage -->
        <test-method status="PASS" signature="ExportToExcelData()[pri:20, instance:com.tetherfi.test.tmac.TmacBroadCastMsgTest@45292ec1]" name="ExportToExcelData" duration-ms="8787" started-at="2021-08-09T16:13:36 IST" finished-at="2021-08-09T16:13:45 IST">
          <reporter-output>
          </reporter-output>
        </test-method> <!-- ExportToExcelData -->
        <test-method status="PASS" signature="afterEachMethod(java.lang.reflect.Method)[pri:0, instance:com.tetherfi.test.tmac.TmacBroadCastMsgTest@45292ec1]" name="afterEachMethod" is-config="true" duration-ms="1396" started-at="2021-08-09T16:13:45 IST" finished-at="2021-08-09T16:13:47 IST">
          <params>
            <param index="0">
              <value>
                <![CDATA[public void com.tetherfi.test.tmac.TmacBroadCastMsgTest.ExportToExcelData() throws java.lang.Exception]]>
              </value>
            </param>
          </params>
          <reporter-output>
          </reporter-output>
        </test-method> <!-- afterEachMethod -->
        <test-method status="PASS" signature="endTestCase(java.lang.reflect.Method)[pri:0, instance:com.tetherfi.test.tmac.TmacBroadCastMsgTest@45292ec1]" name="endTestCase" is-config="true" duration-ms="0" started-at="2021-08-09T16:13:47 IST" finished-at="2021-08-09T16:13:47 IST">
          <params>
            <param index="0">
              <value>
                <![CDATA[public void com.tetherfi.test.tmac.TmacBroadCastMsgTest.ExportToExcelData() throws java.lang.Exception]]>
              </value>
            </param>
          </params>
          <reporter-output>
          </reporter-output>
        </test-method> <!-- endTestCase -->
        <test-method status="PASS" signature="NavigateToTmacBroadcastMsgPage()[pri:0, instance:com.tetherfi.test.tmac.TmacBroadCastMsgTest@45292ec1]" name="NavigateToTmacBroadcastMsgPage" is-config="true" duration-ms="4677" started-at="2021-08-09T16:13:47 IST" finished-at="2021-08-09T16:13:51 IST">
          <reporter-output>
          </reporter-output>
        </test-method> <!-- NavigateToTmacBroadcastMsgPage -->
        <test-method status="PASS" signature="startTestCase(java.lang.reflect.Method)[pri:0, instance:com.tetherfi.test.tmac.TmacBroadCastMsgTest@45292ec1]" name="startTestCase" is-config="true" duration-ms="0" started-at="2021-08-09T16:13:47 IST" finished-at="2021-08-09T16:13:47 IST">
          <params>
            <param index="0">
              <value>
                <![CDATA[public void com.tetherfi.test.tmac.TmacBroadCastMsgTest.database() throws java.lang.Exception]]>
              </value>
            </param>
          </params>
          <reporter-output>
          </reporter-output>
        </test-method> <!-- startTestCase -->
        <test-method status="PASS" signature="database()[pri:21, instance:com.tetherfi.test.tmac.TmacBroadCastMsgTest@45292ec1]" name="database" duration-ms="43951" started-at="2021-08-09T16:13:51 IST" finished-at="2021-08-09T16:14:35 IST">
          <reporter-output>
          </reporter-output>
        </test-method> <!-- database -->
        <test-method status="PASS" signature="afterEachMethod(java.lang.reflect.Method)[pri:0, instance:com.tetherfi.test.tmac.TmacBroadCastMsgTest@45292ec1]" name="afterEachMethod" is-config="true" duration-ms="1685" started-at="2021-08-09T16:14:35 IST" finished-at="2021-08-09T16:14:37 IST">
          <params>
            <param index="0">
              <value>
                <![CDATA[public void com.tetherfi.test.tmac.TmacBroadCastMsgTest.database() throws java.lang.Exception]]>
              </value>
            </param>
          </params>
          <reporter-output>
          </reporter-output>
        </test-method> <!-- afterEachMethod -->
        <test-method status="PASS" signature="endTestCase(java.lang.reflect.Method)[pri:0, instance:com.tetherfi.test.tmac.TmacBroadCastMsgTest@45292ec1]" name="endTestCase" is-config="true" duration-ms="0" started-at="2021-08-09T16:14:37 IST" finished-at="2021-08-09T16:14:37 IST">
          <params>
            <param index="0">
              <value>
                <![CDATA[public void com.tetherfi.test.tmac.TmacBroadCastMsgTest.database() throws java.lang.Exception]]>
              </value>
            </param>
          </params>
          <reporter-output>
          </reporter-output>
        </test-method> <!-- endTestCase -->
        <test-method status="PASS" signature="startTestCase(java.lang.reflect.Method)[pri:0, instance:com.tetherfi.test.tmac.TmacBroadCastMsgTest@45292ec1]" name="startTestCase" is-config="true" duration-ms="1" started-at="2021-08-09T16:14:37 IST" finished-at="2021-08-09T16:14:37 IST">
          <params>
            <param index="0">
              <value>
                <![CDATA[public void com.tetherfi.test.tmac.TmacBroadCastMsgTest.GroupBy()]]>
              </value>
            </param>
          </params>
          <reporter-output>
          </reporter-output>
        </test-method> <!-- startTestCase -->
        <test-method status="PASS" signature="NavigateToTmacBroadcastMsgPage()[pri:0, instance:com.tetherfi.test.tmac.TmacBroadCastMsgTest@45292ec1]" name="NavigateToTmacBroadcastMsgPage" is-config="true" duration-ms="6324" started-at="2021-08-09T16:14:37 IST" finished-at="2021-08-09T16:14:43 IST">
          <reporter-output>
          </reporter-output>
        </test-method> <!-- NavigateToTmacBroadcastMsgPage -->
        <test-method status="PASS" signature="GroupBy()[pri:22, instance:com.tetherfi.test.tmac.TmacBroadCastMsgTest@45292ec1]" name="GroupBy" duration-ms="5340" started-at="2021-08-09T16:14:43 IST" finished-at="2021-08-09T16:14:49 IST">
          <reporter-output>
          </reporter-output>
        </test-method> <!-- GroupBy -->
        <test-method status="PASS" signature="afterEachMethod(java.lang.reflect.Method)[pri:0, instance:com.tetherfi.test.tmac.TmacBroadCastMsgTest@45292ec1]" name="afterEachMethod" is-config="true" duration-ms="1613" started-at="2021-08-09T16:14:49 IST" finished-at="2021-08-09T16:14:50 IST">
          <params>
            <param index="0">
              <value>
                <![CDATA[public void com.tetherfi.test.tmac.TmacBroadCastMsgTest.GroupBy()]]>
              </value>
            </param>
          </params>
          <reporter-output>
          </reporter-output>
        </test-method> <!-- afterEachMethod -->
        <test-method status="PASS" signature="endTestCase(java.lang.reflect.Method)[pri:0, instance:com.tetherfi.test.tmac.TmacBroadCastMsgTest@45292ec1]" name="endTestCase" is-config="true" duration-ms="8" started-at="2021-08-09T16:14:50 IST" finished-at="2021-08-09T16:14:50 IST">
          <params>
            <param index="0">
              <value>
                <![CDATA[public void com.tetherfi.test.tmac.TmacBroadCastMsgTest.GroupBy()]]>
              </value>
            </param>
          </params>
          <reporter-output>
          </reporter-output>
        </test-method> <!-- endTestCase -->
        <test-method status="PASS" signature="NavigateToTmacBroadcastMsgPage()[pri:0, instance:com.tetherfi.test.tmac.TmacBroadCastMsgTest@45292ec1]" name="NavigateToTmacBroadcastMsgPage" is-config="true" duration-ms="7333" started-at="2021-08-09T16:14:50 IST" finished-at="2021-08-09T16:14:58 IST">
          <reporter-output>
          </reporter-output>
        </test-method> <!-- NavigateToTmacBroadcastMsgPage -->
        <test-method status="PASS" signature="startTestCase(java.lang.reflect.Method)[pri:0, instance:com.tetherfi.test.tmac.TmacBroadCastMsgTest@45292ec1]" name="startTestCase" is-config="true" duration-ms="0" started-at="2021-08-09T16:14:50 IST" finished-at="2021-08-09T16:14:50 IST">
          <params>
            <param index="0">
              <value>
                <![CDATA[public void com.tetherfi.test.tmac.TmacBroadCastMsgTest.VerifyArrowMoveForPreviousAndNextPage() throws java.lang.Exception]]>
              </value>
            </param>
          </params>
          <reporter-output>
          </reporter-output>
        </test-method> <!-- startTestCase -->
        <test-method status="PASS" signature="VerifyArrowMoveForPreviousAndNextPage()[pri:23, instance:com.tetherfi.test.tmac.TmacBroadCastMsgTest@45292ec1]" name="VerifyArrowMoveForPreviousAndNextPage" duration-ms="6789" started-at="2021-08-09T16:14:58 IST" finished-at="2021-08-09T16:15:04 IST">
          <reporter-output>
          </reporter-output>
        </test-method> <!-- VerifyArrowMoveForPreviousAndNextPage -->
        <test-method status="PASS" signature="afterEachMethod(java.lang.reflect.Method)[pri:0, instance:com.tetherfi.test.tmac.TmacBroadCastMsgTest@45292ec1]" name="afterEachMethod" is-config="true" duration-ms="1225" started-at="2021-08-09T16:15:04 IST" finished-at="2021-08-09T16:15:06 IST">
          <params>
            <param index="0">
              <value>
                <![CDATA[public void com.tetherfi.test.tmac.TmacBroadCastMsgTest.VerifyArrowMoveForPreviousAndNextPage() throws java.lang.Exception]]>
              </value>
            </param>
          </params>
          <reporter-output>
          </reporter-output>
        </test-method> <!-- afterEachMethod -->
        <test-method status="PASS" signature="endTestCase(java.lang.reflect.Method)[pri:0, instance:com.tetherfi.test.tmac.TmacBroadCastMsgTest@45292ec1]" name="endTestCase" is-config="true" duration-ms="0" started-at="2021-08-09T16:15:06 IST" finished-at="2021-08-09T16:15:06 IST">
          <params>
            <param index="0">
              <value>
                <![CDATA[public void com.tetherfi.test.tmac.TmacBroadCastMsgTest.VerifyArrowMoveForPreviousAndNextPage() throws java.lang.Exception]]>
              </value>
            </param>
          </params>
          <reporter-output>
          </reporter-output>
        </test-method> <!-- endTestCase -->
        <test-method status="PASS" signature="startTestCase(java.lang.reflect.Method)[pri:0, instance:com.tetherfi.test.tmac.TmacBroadCastMsgTest@45292ec1]" name="startTestCase" is-config="true" duration-ms="0" started-at="2021-08-09T16:15:06 IST" finished-at="2021-08-09T16:15:06 IST">
          <params>
            <param index="0">
              <value>
                <![CDATA[public void com.tetherfi.test.tmac.TmacBroadCastMsgTest.VerifyArrowMoveForFirstAndLastPage() throws java.lang.Exception]]>
              </value>
            </param>
          </params>
          <reporter-output>
          </reporter-output>
        </test-method> <!-- startTestCase -->
        <test-method status="PASS" signature="NavigateToTmacBroadcastMsgPage()[pri:0, instance:com.tetherfi.test.tmac.TmacBroadCastMsgTest@45292ec1]" name="NavigateToTmacBroadcastMsgPage" is-config="true" duration-ms="9904" started-at="2021-08-09T16:15:06 IST" finished-at="2021-08-09T16:15:16 IST">
          <reporter-output>
          </reporter-output>
        </test-method> <!-- NavigateToTmacBroadcastMsgPage -->
        <test-method status="PASS" signature="VerifyArrowMoveForFirstAndLastPage()[pri:24, instance:com.tetherfi.test.tmac.TmacBroadCastMsgTest@45292ec1]" name="VerifyArrowMoveForFirstAndLastPage" duration-ms="6729" started-at="2021-08-09T16:15:16 IST" finished-at="2021-08-09T16:15:22 IST">
          <reporter-output>
          </reporter-output>
        </test-method> <!-- VerifyArrowMoveForFirstAndLastPage -->
        <test-method status="PASS" signature="afterEachMethod(java.lang.reflect.Method)[pri:0, instance:com.tetherfi.test.tmac.TmacBroadCastMsgTest@45292ec1]" name="afterEachMethod" is-config="true" duration-ms="4495" started-at="2021-08-09T16:15:22 IST" finished-at="2021-08-09T16:15:27 IST">
          <params>
            <param index="0">
              <value>
                <![CDATA[public void com.tetherfi.test.tmac.TmacBroadCastMsgTest.VerifyArrowMoveForFirstAndLastPage() throws java.lang.Exception]]>
              </value>
            </param>
          </params>
          <reporter-output>
          </reporter-output>
        </test-method> <!-- afterEachMethod -->
        <test-method status="PASS" signature="startTestCase(java.lang.reflect.Method)[pri:0, instance:com.tetherfi.test.tmac.TmacBroadCastMsgTest@45292ec1]" name="startTestCase" is-config="true" duration-ms="0" started-at="2021-08-09T16:15:27 IST" finished-at="2021-08-09T16:15:27 IST">
          <params>
            <param index="0">
              <value>
                <![CDATA[public void com.tetherfi.test.tmac.TmacBroadCastMsgTest.VerifyTotalNumberOfItemsPerPageDetails()]]>
              </value>
            </param>
          </params>
          <reporter-output>
          </reporter-output>
        </test-method> <!-- startTestCase -->
        <test-method status="PASS" signature="NavigateToTmacBroadcastMsgPage()[pri:0, instance:com.tetherfi.test.tmac.TmacBroadCastMsgTest@45292ec1]" name="NavigateToTmacBroadcastMsgPage" is-config="true" duration-ms="6312" started-at="2021-08-09T16:15:27 IST" finished-at="2021-08-09T16:15:33 IST">
          <reporter-output>
          </reporter-output>
        </test-method> <!-- NavigateToTmacBroadcastMsgPage -->
        <test-method status="PASS" signature="endTestCase(java.lang.reflect.Method)[pri:0, instance:com.tetherfi.test.tmac.TmacBroadCastMsgTest@45292ec1]" name="endTestCase" is-config="true" duration-ms="0" started-at="2021-08-09T16:15:27 IST" finished-at="2021-08-09T16:15:27 IST">
          <params>
            <param index="0">
              <value>
                <![CDATA[public void com.tetherfi.test.tmac.TmacBroadCastMsgTest.VerifyArrowMoveForFirstAndLastPage() throws java.lang.Exception]]>
              </value>
            </param>
          </params>
          <reporter-output>
          </reporter-output>
        </test-method> <!-- endTestCase -->
        <test-method status="PASS" signature="VerifyTotalNumberOfItemsPerPageDetails()[pri:25, instance:com.tetherfi.test.tmac.TmacBroadCastMsgTest@45292ec1]" name="VerifyTotalNumberOfItemsPerPageDetails" duration-ms="57" started-at="2021-08-09T16:15:33 IST" finished-at="2021-08-09T16:15:33 IST">
          <reporter-output>
          </reporter-output>
        </test-method> <!-- VerifyTotalNumberOfItemsPerPageDetails -->
        <test-method status="PASS" signature="afterEachMethod(java.lang.reflect.Method)[pri:0, instance:com.tetherfi.test.tmac.TmacBroadCastMsgTest@45292ec1]" name="afterEachMethod" is-config="true" duration-ms="1635" started-at="2021-08-09T16:15:33 IST" finished-at="2021-08-09T16:15:35 IST">
          <params>
            <param index="0">
              <value>
[...]
              </value>
            </param>
          </params>
          <reporter-output>
          </reporter-output>
        </test-method> <!-- startTestCase -->
        <test-method status="PASS" signature="endTestCase(java.lang.reflect.Method)[pri:0, instance:com.tetherfi.test.tmac.TmacBroadCastMsgTest@45292ec1]" name="endTestCase" is-config="true" duration-ms="0" started-at="2021-08-09T16:15:35 IST" finished-at="2021-08-09T16:15:35 IST">
          <params>
            <param index="0">
              <value>
                <![CDATA[public void com.tetherfi.test.tmac.TmacBroadCastMsgTest.VerifyTotalNumberOfItemsPerPageDetails()]]>
              </value>
            </param>
          </params>
          <reporter-output>
          </reporter-output>
        </test-method> <!-- endTestCase -->
        <test-method status="PASS" signature="VerifyNumberOfItemsPerPageSelection()[pri:26, instance:com.tetherfi.test.tmac.TmacBroadCastMsgTest@45292ec1]" name="VerifyNumberOfItemsPerPageSelection" duration-ms="18056" started-at="2021-08-09T16:15:42 IST" finished-at="2021-08-09T16:16:00 IST">
          <reporter-output>
          </reporter-output>
        </test-method> <!-- VerifyNumberOfItemsPerPageSelection -->
        <test-method status="PASS" signature="afterEachMethod(java.lang.reflect.Method)[pri:0, instance:com.tetherfi.test.tmac.TmacBroadCastMsgTest@45292ec1]" name="afterEachMethod" is-config="true" duration-ms="1348" started-at="2021-08-09T16:16:00 IST" finished-at="2021-08-09T16:16:01 IST">
          <params>
            <param index="0">
              <value>
                <![CDATA[public void com.tetherfi.test.tmac.TmacBroadCastMsgTest.VerifyNumberOfItemsPerPageSelection()]]>
              </value>
            </param>
          </params>
          <reporter-output>
          </reporter-output>
        </test-method> <!-- afterEachMethod -->
        <test-method status="PASS" signature="endTestCase(java.lang.reflect.Method)[pri:0, instance:com.tetherfi.test.tmac.TmacBroadCastMsgTest@45292ec1]" name="endTestCase" is-config="true" duration-ms="0" started-at="2021-08-09T16:16:01 IST" finished-at="2021-08-09T16:16:01 IST">
          <params>
            <param index="0">
              <value>
                <![CDATA[public void com.tetherfi.test.tmac.TmacBroadCastMsgTest.VerifyNumberOfItemsPerPageSelection()]]>
              </value>
            </param>
          </params>
          <reporter-output>
          </reporter-output>
        </test-method> <!-- endTestCase -->
        <test-method status="PASS" signature="startTestCase(java.lang.reflect.Method)[pri:0, instance:com.tetherfi.test.tmac.TmacBroadCastMsgTest@45292ec1]" name="startTestCase" is-config="true" duration-ms="0" started-at="2021-08-09T16:16:01 IST" finished-at="2021-08-09T16:16:01 IST">
          <params>
            <param index="0">
              <value>
                <![CDATA[public void com.tetherfi.test.tmac.TmacBroadCastMsgTest.VerifyDropdownForAllTheColumns()]]>
              </value>
            </param>
          </params>
          <reporter-output>
          </reporter-output>
        </test-method> <!-- startTestCase -->
        <test-method status="PASS" signature="NavigateToTmacBroadcastMsgPage()[pri:0, instance:com.tetherfi.test.tmac.TmacBroadCastMsgTest@45292ec1]" name="NavigateToTmacBroadcastMsgPage" is-config="true" duration-ms="26990" started-at="2021-08-09T16:16:01 IST" finished-at="2021-08-09T16:16:28 IST">
          <reporter-output>
          </reporter-output>
        </test-method> <!-- NavigateToTmacBroadcastMsgPage -->
        <test-method status="PASS" signature="VerifyDropdownForAllTheColumns()[pri:27, instance:com.tetherfi.test.tmac.TmacBroadCastMsgTest@45292ec1]" name="VerifyDropdownForAllTheColumns" duration-ms="9254" started-at="2021-08-09T16:16:28 IST" finished-at="2021-08-09T16:16:37 IST">
          <reporter-output>
          </reporter-output>
        </test-method> <!-- VerifyDropdownForAllTheColumns -->
        <test-method status="PASS" signature="afterEachMethod(java.lang.reflect.Method)[pri:0, instance:com.tetherfi.test.tmac.TmacBroadCastMsgTest@45292ec1]" name="afterEachMethod" is-config="true" duration-ms="1511" started-at="2021-08-09T16:16:37 IST" finished-at="2021-08-09T16:16:39 IST">
          <params>
            <param index="0">
              <value>
                <![CDATA[public void com.tetherfi.test.tmac.TmacBroadCastMsgTest.VerifyDropdownForAllTheColumns()]]>
              </value>
            </param>
          </params>
          <reporter-output>
          </reporter-output>
        </test-method> <!-- afterEachMethod -->
        <test-method status="PASS" signature="endTestCase(java.lang.reflect.Method)[pri:0, instance:com.tetherfi.test.tmac.TmacBroadCastMsgTest@45292ec1]" name="endTestCase" is-config="true" duration-ms="0" started-at="2021-08-09T16:16:39 IST" finished-at="2021-08-09T16:16:39 IST">
          <params>
            <param index="0">
              <value>
                <![CDATA[public void com.tetherfi.test.tmac.TmacBroadCastMsgTest.VerifyDropdownForAllTheColumns()]]>
              </value>
            </param>
          </params>
          <reporter-output>
          </reporter-output>
        </test-method> <!-- endTestCase -->
        <test-method status="PASS" signature="startTestCase(java.lang.reflect.Method)[pri:0, instance:com.tetherfi.test.tmac.TmacBroadCastMsgTest@45292ec1]" name="startTestCase" is-config="true" duration-ms="8" started-at="2021-08-09T16:16:39 IST" finished-at="2021-08-09T16:16:39 IST">
          <params>
            <param index="0">
              <value>
                <![CDATA[public void com.tetherfi.test.tmac.TmacBroadCastMsgTest.VerifyColumnsHeaderEnable()]]>
              </value>
            </param>
          </params>
          <reporter-output>
          </reporter-output>
        </test-method> <!-- startTestCase -->
        <test-method status="PASS" signature="NavigateToTmacBroadcastMsgPage()[pri:0, instance:com.tetherfi.test.tmac.TmacBroadCastMsgTest@45292ec1]" name="NavigateToTmacBroadcastMsgPage" is-config="true" duration-ms="19469" started-at="2021-08-09T16:16:39 IST" finished-at="2021-08-09T16:16:58 IST">
          <reporter-output>
          </reporter-output>
        </test-method> <!-- NavigateToTmacBroadcastMsgPage -->
        <test-method status="PASS" signature="VerifyColumnsHeaderEnable()[pri:28, instance:com.tetherfi.test.tmac.TmacBroadCastMsgTest@45292ec1]" name="VerifyColumnsHeaderEnable" duration-ms="8524" started-at="2021-08-09T16:16:58 IST" finished-at="2021-08-09T16:17:07 IST">
          <reporter-output>
          </reporter-output>
        </test-method> <!-- VerifyColumnsHeaderEnable -->
        <test-method status="PASS" signature="afterEachMethod(java.lang.reflect.Method)[pri:0, instance:com.tetherfi.test.tmac.TmacBroadCastMsgTest@45292ec1]" name="afterEachMethod" is-config="true" duration-ms="18247" started-at="2021-08-09T16:17:07 IST" finished-at="2021-08-09T16:17:25 IST">
          <params>
            <param index="0">
              <value>
                <![CDATA[public void com.tetherfi.test.tmac.TmacBroadCastMsgTest.VerifyColumnsHeaderEnable()]]>
              </value>
            </param>
          </params>
          <reporter-output>
          </reporter-output>
        </test-method> <!-- afterEachMethod -->
        <test-method status="PASS" signature="endTestCase(java.lang.reflect.Method)[pri:0, instance:com.tetherfi.test.tmac.TmacBroadCastMsgTest@45292ec1]" name="endTestCase" is-config="true" duration-ms="0" started-at="2021-08-09T16:17:25 IST" finished-at="2021-08-09T16:17:25 IST">
          <params>
            <param index="0">
              <value>
                <![CDATA[public void com.tetherfi.test.tmac.TmacBroadCastMsgTest.VerifyColumnsHeaderEnable()]]>
              </value>
            </param>
          </params>
          <reporter-output>
          </reporter-output>
        </test-method> <!-- endTestCase -->
        <test-method status="PASS" signature="NavigateToTmacBroadcastMsgPage()[pri:0, instance:com.tetherfi.test.tmac.TmacBroadCastMsgTest@45292ec1]" name="NavigateToTmacBroadcastMsgPage" is-config="true" duration-ms="15202" started-at="2021-08-09T16:17:25 IST" finished-at="2021-08-09T16:17:40 IST">
          <reporter-output>
          </reporter-output>
        </test-method> <!-- NavigateToTmacBroadcastMsgPage -->
        <test-method status="PASS" signature="startTestCase(java.lang.reflect.Method)[pri:0, instance:com.tetherfi.test.tmac.TmacBroadCastMsgTest@45292ec1]" name="startTestCase" is-config="true" duration-ms="0" started-at="2021-08-09T16:17:25 IST" finished-at="2021-08-09T16:17:25 IST">
          <params>
            <param index="0">
              <value>
                <![CDATA[public void com.tetherfi.test.tmac.TmacBroadCastMsgTest.VerifyColumnsHeaderDisable()]]>
              </value>
            </param>
          </params>
          <reporter-output>
          </reporter-output>
        </test-method> <!-- startTestCase -->
        <test-method status="PASS" signature="VerifyColumnsHeaderDisable()[pri:29, instance:com.tetherfi.test.tmac.TmacBroadCastMsgTest@45292ec1]" name="VerifyColumnsHeaderDisable" duration-ms="5286" started-at="2021-08-09T16:17:40 IST" finished-at="2021-08-09T16:17:45 IST">
          <reporter-output>
          </reporter-output>
        </test-method> <!-- VerifyColumnsHeaderDisable -->
        <test-method status="PASS" signature="afterEachMethod(java.lang.reflect.Method)[pri:0, instance:com.tetherfi.test.tmac.TmacBroadCastMsgTest@45292ec1]" name="afterEachMethod" is-config="true" duration-ms="56444" started-at="2021-08-09T16:17:45 IST" finished-at="2021-08-09T16:18:42 IST">
          <params>
            <param index="0">
              <value>
                <![CDATA[public void com.tetherfi.test.tmac.TmacBroadCastMsgTest.VerifyColumnsHeaderDisable()]]>
              </value>
            </param>
          </params>
          <reporter-output>
          </reporter-output>
        </test-method> <!-- afterEachMethod -->
        <test-method status="PASS" signature="endTestCase(java.lang.reflect.Method)[pri:0, instance:com.tetherfi.test.tmac.TmacBroadCastMsgTest@45292ec1]" name="endTestCase" is-config="true" duration-ms="0" started-at="2021-08-09T16:18:42 IST" finished-at="2021-08-09T16:18:42 IST">
          <params>
            <param index="0">
              <value>
                <![CDATA[public void com.tetherfi.test.tmac.TmacBroadCastMsgTest.VerifyColumnsHeaderDisable()]]>
              </value>
            </param>
          </params>
          <reporter-output>
          </reporter-output>
        </test-method> <!-- endTestCase -->
        <test-method status="PASS" signature="startTestCase(java.lang.reflect.Method)[pri:0, instance:com.tetherfi.test.tmac.TmacBroadCastMsgTest@45292ec1]" name="startTestCase" is-config="true" duration-ms="0" started-at="2021-08-09T16:18:42 IST" finished-at="2021-08-09T16:18:42 IST">
          <params>
            <param index="0">
              <value>
                <![CDATA[public void com.tetherfi.test.tmac.TmacBroadCastMsgTest.SortingByAscending() throws java.lang.Exception]]>
              </value>
            </param>
          </params>
          <reporter-output>
          </reporter-output>
        </test-method> <!-- startTestCase -->
        <test-method status="PASS" signature="NavigateToTmacBroadcastMsgPage()[pri:0, instance:com.tetherfi.test.tmac.TmacBroadCastMsgTest@45292ec1]" name="NavigateToTmacBroadcastMsgPage" is-config="true" duration-ms="11968" started-at="2021-08-09T16:18:42 IST" finished-at="2021-08-09T16:18:54 IST">
          <reporter-output>
          </reporter-output>
        </test-method> <!-- NavigateToTmacBroadcastMsgPage -->
        <test-method status="PASS" signature="SortingByAscending()[pri:30, instance:com.tetherfi.test.tmac.TmacBroadCastMsgTest@45292ec1]" name="SortingByAscending" duration-ms="17182" started-at="2021-08-09T16:18:54 IST" finished-at="2021-08-09T16:19:11 IST">
          <reporter-output>
          </reporter-output>
        </test-method> <!-- SortingByAscending -->
        <test-method status="PASS" signature="afterEachMethod(java.lang.reflect.Method)[pri:0, instance:com.tetherfi.test.tmac.TmacBroadCastMsgTest@45292ec1]" name="afterEachMethod" is-config="true" duration-ms="1741" started-at="2021-08-09T16:19:11 IST" finished-at="2021-08-09T16:19:13 IST">
          <params>
            <param index="0">
              <value>
                <![CDATA[public void com.tetherfi.test.tmac.TmacBroadCastMsgTest.SortingByAscending() throws java.lang.Exception]]>
              </value>
            </param>
          </params>
          <reporter-output>
          </reporter-output>
        </test-method> <!-- afterEachMethod -->
        <test-method status="PASS" signature="endTestCase(java.lang.reflect.Method)[pri:0, instance:com.tetherfi.test.tmac.TmacBroadCastMsgTest@45292ec1]" name="endTestCase" is-config="true" duration-ms="0" started-at="2021-08-09T16:19:13 IST" finished-at="2021-08-09T16:19:13 IST">
          <params>
            <param index="0">
              <value>
                <![CDATA[public void com.tetherfi.test.tmac.TmacBroadCastMsgTest.SortingByAscending() throws java.lang.Exception]]>
              </value>
            </param>
          </params>
          <reporter-output>
          </reporter-output>
        </test-method> <!-- endTestCase -->
        <test-method status="PASS" signature="NavigateToTmacBroadcastMsgPage()[pri:0, instance:com.tetherfi.test.tmac.TmacBroadCastMsgTest@45292ec1]" name="NavigateToTmacBroadcastMsgPage" is-config="true" duration-ms="5371" started-at="2021-08-09T16:19:13 IST" finished-at="2021-08-09T16:19:18 IST">
          <reporter-output>
          </reporter-output>
        </test-method> <!-- NavigateToTmacBroadcastMsgPage -->
        <test-method status="PASS" signature="startTestCase(java.lang.reflect.Method)[pri:0, instance:com.tetherfi.test.tmac.TmacBroadCastMsgTest@45292ec1]" name="startTestCase" is-config="true" duration-ms="0" started-at="2021-08-09T16:19:13 IST" finished-at="2021-08-09T16:19:13 IST">
          <params>
            <param index="0">
              <value>
                <![CDATA[public void com.tetherfi.test.tmac.TmacBroadCastMsgTest.SortingByDescending() throws java.lang.Exception]]>
              </value>
            </param>
          </params>
          <reporter-output>
          </reporter-output>
        </test-method> <!-- startTestCase -->
        <test-method status="PASS" signature="SortingByDescending()[pri:31, instance:com.tetherfi.test.tmac.TmacBroadCastMsgTest@45292ec1]" name="SortingByDescending" duration-ms="17369" started-at="2021-08-09T16:19:18 IST" finished-at="2021-08-09T16:19:36 IST">
          <reporter-output>
          </reporter-output>
        </test-method> <!-- SortingByDescending -->
        <test-method status="PASS" signature="afterEachMethod(java.lang.reflect.Method)[pri:0, instance:com.tetherfi.test.tmac.TmacBroadCastMsgTest@45292ec1]" name="afterEachMethod" is-config="true" duration-ms="1313" started-at="2021-08-09T16:19:36 IST" finished-at="2021-08-09T16:19:37 IST">
          <params>
            <param index="0">
              <value>
                <![CDATA[public void com.tetherfi.test.tmac.TmacBroadCastMsgTest.SortingByDescending() throws java.lang.Exception]]>
              </value>
            </param>
          </params>
          <reporter-output>
          </reporter-output>
        </test-method> <!-- afterEachMethod -->
        <test-method status="PASS" signature="endTestCase(java.lang.reflect.Method)[pri:0, instance:com.tetherfi.test.tmac.TmacBroadCastMsgTest@45292ec1]" name="endTestCase" is-config="true" duration-ms="0" started-at="2021-08-09T16:19:37 IST" finished-at="2021-08-09T16:19:37 IST">
          <params>
            <param index="0">
              <value>
                <![CDATA[public void com.tetherfi.test.tmac.TmacBroadCastMsgTest.SortingByDescending() throws java.lang.Exception]]>
              </value>
            </param>
          </params>
          <reporter-output>
          </reporter-output>
        </test-method> <!-- endTestCase -->
        <test-method status="PASS" signature="NavigateToTmacBroadcastMsgPage()[pri:0, instance:com.tetherfi.test.tmac.TmacBroadCastMsgTest@45292ec1]" name="NavigateToTmacBroadcastMsgPage" is-config="true" duration-ms="8340" started-at="2021-08-09T16:19:37 IST" finished-at="2021-08-09T16:19:45 IST">
          <reporter-output>
          </reporter-output>
        </test-method> <!-- NavigateToTmacBroadcastMsgPage -->
        <test-method status="PASS" signature="startTestCase(java.lang.reflect.Method)[pri:0, instance:com.tetherfi.test.tmac.TmacBroadCastMsgTest@45292ec1]" name="startTestCase" is-config="true" duration-ms="0" started-at="2021-08-09T16:19:37 IST" finished-at="2021-08-09T16:19:37 IST">
          <params>
            <param index="0">
              <value>
                <![CDATA[public void com.tetherfi.test.tmac.TmacBroadCastMsgTest.ExporttoExcelWithoutData() throws java.lang.Exception]]>
              </value>
            </param>
          </params>
          <reporter-output>
          </reporter-output>
        </test-method> <!-- startTestCase -->
        <test-method status="PASS" signature="ExporttoExcelWithoutData()[pri:32, instance:com.tetherfi.test.tmac.TmacBroadCastMsgTest@45292ec1]" name="ExporttoExcelWithoutData" duration-ms="9021" started-at="2021-08-09T16:19:45 IST" finished-at="2021-08-09T16:19:54 IST">
          <reporter-output>
          </reporter-output>
        </test-method> <!-- ExporttoExcelWithoutData -->
        <test-method status="PASS" signature="afterEachMethod(java.lang.reflect.Method)[pri:0, instance:com.tetherfi.test.tmac.TmacBroadCastMsgTest@45292ec1]" name="afterEachMethod" is-config="true" duration-ms="314" started-at="2021-08-09T16:19:54 IST" finished-at="2021-08-09T16:19:55 IST">
          <params>
            <param index="0">
              <value>
                <![CDATA[public void com.tetherfi.test.tmac.TmacBroadCastMsgTest.ExporttoExcelWithoutData() throws java.lang.Exception]]>
              </value>
            </param>
          </params>
          <reporter-output>
          </reporter-output>
        </test-method> <!-- afterEachMethod -->
        <test-method status="PASS" signature="tearDown()[pri:0, instance:com.tetherfi.test.tmac.TmacBroadCastMsgTest@45292ec1]" name="tearDown" is-config="true" duration-ms="5440" started-at="2021-08-09T16:19:55 IST" finished-at="2021-08-09T16:20:00 IST">
          <reporter-output>
          </reporter-output>
        </test-method> <!-- tearDown -->
        <test-method status="PASS" signature="endTestCase(java.lang.reflect.Method)[pri:0, instance:com.tetherfi.test.tmac.TmacBroadCastMsgTest@45292ec1]" name="endTestCase" is-config="true" duration-ms="0" started-at="2021-08-09T16:19:55 IST" finished-at="2021-08-09T16:19:55 IST">
          <params>
            <param index="0">
              <value>
                <![CDATA[public void com.tetherfi.test.tmac.TmacBroadCastMsgTest.ExporttoExcelWithoutData() throws java.lang.Exception]]>
              </value>
            </param>
          </params>
          <reporter-output>
          </reporter-output>
        </test-method> <!-- endTestCase -->
      </class> <!-- com.tetherfi.test.tmac.TmacBroadCastMsgTest -->
    </test> <!-- OCMRegression -->
  </suite> <!-- OCM Modules Test Automation -->
</testng-results>
