<?xml version="1.0" encoding="UTF-8"?>
<testng-results ignored="0" total="3" passed="3" failed="0" skipped="0">
  <reporter-output>
  </reporter-output>
  <suite started-at="2020-05-21T18:39:59 IST" name="Default suite" finished-at="2020-05-21T18:42:14 IST" duration-ms="135652">
    <groups>
    </groups>
    <test started-at="2020-05-21T18:39:59 IST" name="Default test" finished-at="2020-05-21T18:42:14 IST" duration-ms="135652">
      <class name="com.tetherfi.test.reports.SkillHistoricalReportTest">
        <test-method is-config="true" signature="openApplication()[pri:0, instance:com.tetherfi.test.reports.SkillHistoricalReportTest@695c938d]" started-at="2020-05-21T18:39:59 IST" name="openApplication" finished-at="2020-05-21T18:40:41 IST" duration-ms="42004" status="PASS">
          <reporter-output>
          </reporter-output>
        </test-method> <!-- openApplication -->
        <test-method is-config="true" signature="startTestCase(java.lang.reflect.Method)[pri:0, instance:com.tetherfi.test.reports.SkillHistoricalReportTest@695c938d]" started-at="2020-05-21T18:40:41 IST" name="startTestCase" finished-at="2020-05-21T18:40:41 IST" duration-ms="3" status="PASS">
          <params>
            <param index="0">
              <value>
                <![CDATA[public void com.tetherfi.test.reports.SkillHistoricalReportTest.VerifyArrowMoveForPreviousAndNextPageForDrillDownOne() throws java.lang.Exception]]>
              </value>
            </param>
          </params>
          <reporter-output>
          </reporter-output>
        </test-method> <!-- startTestCase -->
        <test-method is-config="true" signature="NavigateToOcmReportsPage()[pri:0, instance:com.tetherfi.test.reports.SkillHistoricalReportTest@695c938d]" started-at="2020-05-21T18:40:41 IST" name="NavigateToOcmReportsPage" finished-at="2020-05-21T18:40:47 IST" duration-ms="5724" status="PASS">
          <reporter-output>
          </reporter-output>
        </test-method> <!-- NavigateToOcmReportsPage -->
        <test-method signature="VerifyArrowMoveForPreviousAndNextPageForDrillDownOne()[pri:51, instance:com.tetherfi.test.reports.SkillHistoricalReportTest@695c938d]" started-at="2020-05-21T18:40:47 IST" name="VerifyArrowMoveForPreviousAndNextPageForDrillDownOne" description="To Verify Arrow move for Previous and Next page for Drill Down One" finished-at="2020-05-21T18:41:14 IST" duration-ms="27463" status="PASS">
          <reporter-output>
          </reporter-output>
        </test-method> <!-- VerifyArrowMoveForPreviousAndNextPageForDrillDownOne -->
        <test-method is-config="true" signature="afterEachMethod(java.lang.reflect.Method)[pri:0, instance:com.tetherfi.test.reports.SkillHistoricalReportTest@695c938d]" started-at="2020-05-21T18:41:14 IST" name="afterEachMethod" finished-at="2020-05-21T18:41:17 IST" duration-ms="3031" status="PASS">
          <params>
            <param index="0">
              <value>
                <![CDATA[public void com.tetherfi.test.reports.SkillHistoricalReportTest.VerifyArrowMoveForPreviousAndNextPageForDrillDownOne() throws java.lang.Exception]]>
              </value>
            </param>
          </params>
          <reporter-output>
          </reporter-output>
        </test-method> <!-- afterEachMethod -->
        <test-method is-config="true" signature="endTestCase(java.lang.reflect.Method)[pri:0, instance:com.tetherfi.test.reports.SkillHistoricalReportTest@695c938d]" started-at="2020-05-21T18:41:17 IST" name="endTestCase" finished-at="2020-05-21T18:41:17 IST" duration-ms="1" status="PASS">
          <params>
            <param index="0">
              <value>
                <![CDATA[public void com.tetherfi.test.reports.SkillHistoricalReportTest.VerifyArrowMoveForPreviousAndNextPageForDrillDownOne() throws java.lang.Exception]]>
              </value>
            </param>
          </params>
          <reporter-output>
          </reporter-output>
        </test-method> <!-- endTestCase -->
        <test-method is-config="true" signature="startTestCase(java.lang.reflect.Method)[pri:0, instance:com.tetherfi.test.reports.SkillHistoricalReportTest@695c938d]" started-at="2020-05-21T18:41:17 IST" name="startTestCase" finished-at="2020-05-21T18:41:17 IST" duration-ms="0" status="PASS">
          <params>
            <param index="0">
              <value>
                <![CDATA[public void com.tetherfi.test.reports.SkillHistoricalReportTest.VerifyArrowMoveForFirstAndLastPageFoDrillDownOne() throws java.lang.Exception]]>
              </value>
            </param>
          </params>
          <reporter-output>
          </reporter-output>
        </test-method> <!-- startTestCase -->
        <test-method is-config="true" signature="NavigateToOcmReportsPage()[pri:0, instance:com.tetherfi.test.reports.SkillHistoricalReportTest@695c938d]" started-at="2020-05-21T18:41:17 IST" name="NavigateToOcmReportsPage" finished-at="2020-05-21T18:41:23 IST" duration-ms="5814" status="PASS">
          <reporter-output>
          </reporter-output>
        </test-method> <!-- NavigateToOcmReportsPage -->
        <test-method signature="VerifyArrowMoveForFirstAndLastPageFoDrillDownOne()[pri:52, instance:com.tetherfi.test.reports.SkillHistoricalReportTest@695c938d]" started-at="2020-05-21T18:41:23 IST" name="VerifyArrowMoveForFirstAndLastPageFoDrillDownOne" description="To Verify Arrow move for first and last page for Drill Down One" finished-at="2020-05-21T18:41:44 IST" duration-ms="20939" status="PASS">
          <reporter-output>
          </reporter-output>
        </test-method> <!-- VerifyArrowMoveForFirstAndLastPageFoDrillDownOne -->
        <test-method is-config="true" signature="afterEachMethod(java.lang.reflect.Method)[pri:0, instance:com.tetherfi.test.reports.SkillHistoricalReportTest@695c938d]" started-at="2020-05-21T18:41:44 IST" name="afterEachMethod" finished-at="2020-05-21T18:41:46 IST" duration-ms="1893" status="PASS">
          <params>
            <param index="0">
              <value>
                <![CDATA[public void com.tetherfi.test.reports.SkillHistoricalReportTest.VerifyArrowMoveForFirstAndLastPageFoDrillDownOne() throws java.lang.Exception]]>
              </value>
            </param>
          </params>
          <reporter-output>
          </reporter-output>
        </test-method> <!-- afterEachMethod -->
        <test-method is-config="true" signature="endTestCase(java.lang.reflect.Method)[pri:0, instance:com.tetherfi.test.reports.SkillHistoricalReportTest@695c938d]" started-at="2020-05-21T18:41:46 IST" name="endTestCase" finished-at="2020-05-21T18:41:46 IST" duration-ms="1" status="PASS">
          <params>
            <param index="0">
              <value>
                <![CDATA[public void com.tetherfi.test.reports.SkillHistoricalReportTest.VerifyArrowMoveForFirstAndLastPageFoDrillDownOne() throws java.lang.Exception]]>
              </value>
            </param>
          </params>
          <reporter-output>
          </reporter-output>
        </test-method> <!-- endTestCase -->
        <test-method is-config="true" signature="startTestCase(java.lang.reflect.Method)[pri:0, instance:com.tetherfi.test.reports.SkillHistoricalReportTest@695c938d]" started-at="2020-05-21T18:41:46 IST" name="startTestCase" finished-at="2020-05-21T18:41:46 IST" duration-ms="1" status="PASS">
          <params>
            <param index="0">
              <value>
                <![CDATA[public void com.tetherfi.test.reports.SkillHistoricalReportTest.VerifyTotalNumberOfItemsPerPageDetailsFoDrillDownOne() throws java.lang.Exception]]>
              </value>
            </param>
          </params>
          <reporter-output>
          </reporter-output>
        </test-method> <!-- startTestCase -->
        <test-method is-config="true" signature="NavigateToOcmReportsPage()[pri:0, instance:com.tetherfi.test.reports.SkillHistoricalReportTest@695c938d]" started-at="2020-05-21T18:41:46 IST" name="NavigateToOcmReportsPage" finished-at="2020-05-21T18:41:51 IST" duration-ms="5588" status="PASS">
          <reporter-output>
          </reporter-output>
        </test-method> <!-- NavigateToOcmReportsPage -->
        <test-method signature="VerifyTotalNumberOfItemsPerPageDetailsFoDrillDownOne()[pri:53, instance:com.tetherfi.test.reports.SkillHistoricalReportTest@695c938d]" started-at="2020-05-21T18:41:51 IST" name="VerifyTotalNumberOfItemsPerPageDetailsFoDrillDownOne" description="To Verify Total Number of Items Per Page Details for Drill Down One" finished-at="2020-05-21T18:42:09 IST" duration-ms="17277" status="PASS">
          <reporter-output>
          </reporter-output>
        </test-method> <!-- VerifyTotalNumberOfItemsPerPageDetailsFoDrillDownOne -->
        <test-method is-config="true" signature="afterEachMethod(java.lang.reflect.Method)[pri:0, instance:com.tetherfi.test.reports.SkillHistoricalReportTest@695c938d]" started-at="2020-05-21T18:42:09 IST" name="afterEachMethod" finished-at="2020-05-21T18:42:11 IST" duration-ms="2550" status="PASS">
          <params>
            <param index="0">
              <value>
                <![CDATA[public void com.tetherfi.test.reports.SkillHistoricalReportTest.VerifyTotalNumberOfItemsPerPageDetailsFoDrillDownOne() throws java.lang.Exception]]>
              </value>
            </param>
          </params>
          <reporter-output>
          </reporter-output>
        </test-method> <!-- afterEachMethod -->
        <test-method is-config="true" signature="endTestCase(java.lang.reflect.Method)[pri:0, instance:com.tetherfi.test.reports.SkillHistoricalReportTest@695c938d]" started-at="2020-05-21T18:42:11 IST" name="endTestCase" finished-at="2020-05-21T18:42:11 IST" duration-ms="1" status="PASS">
          <params>
            <param index="0">
              <value>
                <![CDATA[public void com.tetherfi.test.reports.SkillHistoricalReportTest.VerifyTotalNumberOfItemsPerPageDetailsFoDrillDownOne() throws java.lang.Exception]]>
              </value>
            </param>
          </params>
          <reporter-output>
          </reporter-output>
        </test-method> <!-- endTestCase -->
        <test-method is-config="true" signature="tearDown()[pri:0, instance:com.tetherfi.test.reports.SkillHistoricalReportTest@695c938d]" started-at="2020-05-21T18:42:11 IST" name="tearDown" finished-at="2020-05-21T18:42:14 IST" duration-ms="3270" status="PASS">
          <reporter-output>
          </reporter-output>
        </test-method> <!-- tearDown -->
      </class> <!-- com.tetherfi.test.reports.SkillHistoricalReportTest -->
    </test> <!-- Default test -->
  </suite> <!-- Default suite -->
</testng-results>
