<?xml version="1.0" encoding="UTF-8"?>
<testng-results skipped="11" failed="2" ignored="0" total="22" passed="9">
  <reporter-output>
  </reporter-output>
  <suite name="Tetherfi Test Automation" duration-ms="866175" started-at="2021-05-12T18:00:06 IST" finished-at="2021-05-12T18:14:33 IST">
    <groups>
      <group name="Checker">
        <method signature="UserOnBoardingCreateTest.ApproveforAddNewUserOnBoardingRecord()[pri:21, instance:com.tetherfi.test.UserOnBoardingCreateTest@1981d861]" name="ApproveforAddNewUserOnBoardingRecord" class="com.tetherfi.test.UserOnBoardingCreateTest"/>
        <method signature="UserOnBoardingCreateTest.VerifyAuditTrailReportForApprove()[pri:22, instance:com.tetherfi.test.UserOnBoardingCreateTest@1981d861]" name="VerifyAuditTrailReportForApprove" class="com.tetherfi.test.UserOnBoardingCreateTest"/>
        <method signature="UserOnBoardingCreateTest.RejectForAddNewUserOnBoardingRecord()[pri:14, instance:com.tetherfi.test.UserOnBoardingCreateTest@1981d861]" name="RejectForAddNewUserOnBoardingRecord" class="com.tetherfi.test.UserOnBoardingCreateTest"/>
        <method signature="UserOnBoardingCreateTest.VerifyAuditTrailReportForReject()[pri:15, instance:com.tetherfi.test.UserOnBoardingCreateTest@1981d861]" name="VerifyAuditTrailReportForReject" class="com.tetherfi.test.UserOnBoardingCreateTest"/>
      </group> <!-- Checker -->
      <group name="Maker">
        <method signature="UserOnBoardingCreateTest.AddNewUserOnBoardingRecord()[pri:16, instance:com.tetherfi.test.UserOnBoardingCreateTest@1981d861]" name="AddNewUserOnBoardingRecord" class="com.tetherfi.test.UserOnBoardingCreateTest"/>
        <method signature="UserOnBoardingCreateTest.AddRejectRecord()[pri:12, instance:com.tetherfi.test.UserOnBoardingCreateTest@1981d861]" name="AddRejectRecord" class="com.tetherfi.test.UserOnBoardingCreateTest"/>
        <method signature="UserOnBoardingCreateTest.VerifyAddCancelButton()[pri:1, instance:com.tetherfi.test.UserOnBoardingCreateTest@1981d861]" name="VerifyAddCancelButton" class="com.tetherfi.test.UserOnBoardingCreateTest"/>
        <method signature="UserOnBoardingCreateTest.VerifyAddRecordWithoutAvayaLoginID()[pri:6, instance:com.tetherfi.test.UserOnBoardingCreateTest@1981d861]" name="VerifyAddRecordWithoutAvayaLoginID" class="com.tetherfi.test.UserOnBoardingCreateTest"/>
        <method signature="UserOnBoardingCreateTest.VerifyAddRecordWithoutFirstName()[pri:3, instance:com.tetherfi.test.UserOnBoardingCreateTest@1981d861]" name="VerifyAddRecordWithoutFirstName" class="com.tetherfi.test.UserOnBoardingCreateTest"/>
        <method signature="UserOnBoardingCreateTest.VerifyAddRecordWithoutLanID()[pri:5, instance:com.tetherfi.test.UserOnBoardingCreateTest@1981d861]" name="VerifyAddRecordWithoutLanID" class="com.tetherfi.test.UserOnBoardingCreateTest"/>
        <method signature="UserOnBoardingCreateTest.VerifyAddRecordWithoutOrgUnit()[pri:7, instance:com.tetherfi.test.UserOnBoardingCreateTest@1981d861]" name="VerifyAddRecordWithoutOrgUnit" class="com.tetherfi.test.UserOnBoardingCreateTest"/>
        <method signature="UserOnBoardingCreateTest.VerifyAddRecordWithoutProfile()[pri:8, instance:com.tetherfi.test.UserOnBoardingCreateTest@1981d861]" name="VerifyAddRecordWithoutProfile" class="com.tetherfi.test.UserOnBoardingCreateTest"/>
        <method signature="UserOnBoardingCreateTest.VerifyAddRevertRecord()[pri:9, instance:com.tetherfi.test.UserOnBoardingCreateTest@1981d861]" name="VerifyAddRevertRecord" class="com.tetherfi.test.UserOnBoardingCreateTest"/>
        <method signature="UserOnBoardingCreateTest.VerifyAuditTrailDataForAddNewUserOnBoardingRecord()[pri:18, instance:com.tetherfi.test.UserOnBoardingCreateTest@1981d861]" name="VerifyAuditTrailDataForAddNewUserOnBoardingRecord" class="com.tetherfi.test.UserOnBoardingCreateTest"/>
        <method signature="UserOnBoardingCreateTest.VerifyAuditTrailReportForCreate()[pri:17, instance:com.tetherfi.test.UserOnBoardingCreateTest@1981d861]" name="VerifyAuditTrailReportForCreate" class="com.tetherfi.test.UserOnBoardingCreateTest"/>
        <method signature="UserOnBoardingCreateTest.VerifyRevertForAddNewRecord()[pri:10, instance:com.tetherfi.test.UserOnBoardingCreateTest@1981d861]" name="VerifyRevertForAddNewRecord" class="com.tetherfi.test.UserOnBoardingCreateTest"/>
        <method signature="UserOnBoardingCreateTest.VerifyAuditTrailReportForRevert()[pri:11, instance:com.tetherfi.test.UserOnBoardingCreateTest@1981d861]" name="VerifyAuditTrailReportForRevert" class="com.tetherfi.test.UserOnBoardingCreateTest"/>
        <method signature="UserOnBoardingCreateTest.VerifySendForApprovalForAddNewUserOnBoarding()[pri:19, instance:com.tetherfi.test.UserOnBoardingCreateTest@1981d861]" name="VerifySendForApprovalForAddNewUserOnBoarding" class="com.tetherfi.test.UserOnBoardingCreateTest"/>
        <method signature="UserOnBoardingCreateTest.VerifyAuditTrailReportForSendForApproval()[pri:20, instance:com.tetherfi.test.UserOnBoardingCreateTest@1981d861]" name="VerifyAuditTrailReportForSendForApproval" class="com.tetherfi.test.UserOnBoardingCreateTest"/>
        <method signature="UserOnBoardingCreateTest.VerifySendForApprovalForAddNewUserOnBoardingRecord()[pri:13, instance:com.tetherfi.test.UserOnBoardingCreateTest@1981d861]" name="VerifySendForApprovalForAddNewUserOnBoardingRecord" class="com.tetherfi.test.UserOnBoardingCreateTest"/>
        <method signature="UserOnBoardingCreateTest.VerifyStepIconPresenceandAddRecordWithAlltheFiledsBlank()[pri:2, instance:com.tetherfi.test.UserOnBoardingCreateTest@1981d861]" name="VerifyStepIconPresenceandAddRecordWithAlltheFiledsBlank" class="com.tetherfi.test.UserOnBoardingCreateTest"/>
        <method signature="UserOnBoardingCreateTest.VerifyAddRecordWithoutLastName()[pri:4, instance:com.tetherfi.test.UserOnBoardingCreateTest@1981d861]" name="VerifyAddRecordWithoutLastName" class="com.tetherfi.test.UserOnBoardingCreateTest"/>
      </group> <!-- Maker -->
    </groups>
    <test name="Home" duration-ms="866175" started-at="2021-05-12T18:00:06 IST" finished-at="2021-05-12T18:14:33 IST">
      <class name="com.tetherfi.test.UserOnBoardingCreateTest">
        <test-method status="PASS" signature="NavigateToUserOnBoardingPage(java.lang.reflect.Method)[pri:0, instance:com.tetherfi.test.UserOnBoardingCreateTest@1981d861]" name="NavigateToUserOnBoardingPage" is-config="true" duration-ms="25179" started-at="2021-05-12T18:00:06 IST" finished-at="2021-05-12T18:00:32 IST">
          <params>
            <param index="0">
              <value>
                <![CDATA[public void com.tetherfi.test.UserOnBoardingCreateTest.VerifyAddCancelButton() throws java.lang.Exception]]>
              </value>
            </param>
          </params>
          <reporter-output>
          </reporter-output>
        </test-method> <!-- NavigateToUserOnBoardingPage -->
        <test-method status="PASS" signature="VerifyAddCancelButton()[pri:1, instance:com.tetherfi.test.UserOnBoardingCreateTest@1981d861]" name="VerifyAddCancelButton" duration-ms="6136" started-at="2021-05-12T18:00:32 IST" description="To Verify Add Record Cancel Button " finished-at="2021-05-12T18:00:38 IST">
          <reporter-output>
          </reporter-output>
        </test-method> <!-- VerifyAddCancelButton -->
        <test-method status="PASS" signature="afterEachMethod(java.lang.reflect.Method)[pri:0, instance:com.tetherfi.test.UserOnBoardingCreateTest@1981d861]" name="afterEachMethod" is-config="true" duration-ms="5457" started-at="2021-05-12T18:00:38 IST" finished-at="2021-05-12T18:00:43 IST">
          <params>
            <param index="0">
              <value>
                <![CDATA[public void com.tetherfi.test.UserOnBoardingCreateTest.VerifyAddCancelButton() throws java.lang.Exception]]>
              </value>
            </param>
          </params>
          <reporter-output>
          </reporter-output>
        </test-method> <!-- afterEachMethod -->
        <test-method status="PASS" signature="NavigateToUserOnBoardingPage(java.lang.reflect.Method)[pri:0, instance:com.tetherfi.test.UserOnBoardingCreateTest@1981d861]" name="NavigateToUserOnBoardingPage" is-config="true" duration-ms="14576" started-at="2021-05-12T18:00:43 IST" finished-at="2021-05-12T18:00:58 IST">
          <params>
            <param index="0">
              <value>
                <![CDATA[public void com.tetherfi.test.UserOnBoardingCreateTest.VerifyStepIconPresenceandAddRecordWithAlltheFiledsBlank() throws java.lang.Exception]]>
              </value>
            </param>
          </params>
          <reporter-output>
          </reporter-output>
        </test-method> <!-- NavigateToUserOnBoardingPage -->
        <test-method status="PASS" signature="VerifyStepIconPresenceandAddRecordWithAlltheFiledsBlank()[pri:2, instance:com.tetherfi.test.UserOnBoardingCreateTest@1981d861]" name="VerifyStepIconPresenceandAddRecordWithAlltheFiledsBlank" duration-ms="5250" started-at="2021-05-12T18:00:58 IST" description="To Verify the Step Icons and Add Record with all the Fields Blank  " finished-at="2021-05-12T18:01:03 IST">
          <reporter-output>
          </reporter-output>
        </test-method> <!-- VerifyStepIconPresenceandAddRecordWithAlltheFiledsBlank -->
        <test-method status="PASS" signature="afterEachMethod(java.lang.reflect.Method)[pri:0, instance:com.tetherfi.test.UserOnBoardingCreateTest@1981d861]" name="afterEachMethod" is-config="true" duration-ms="7667" started-at="2021-05-12T18:01:03 IST" finished-at="2021-05-12T18:01:11 IST">
          <params>
            <param index="0">
              <value>
                <![CDATA[public void com.tetherfi.test.UserOnBoardingCreateTest.VerifyStepIconPresenceandAddRecordWithAlltheFiledsBlank() throws java.lang.Exception]]>
              </value>
            </param>
          </params>
          <reporter-output>
          </reporter-output>
        </test-method> <!-- afterEachMethod -->
        <test-method status="PASS" signature="NavigateToUserOnBoardingPage(java.lang.reflect.Method)[pri:0, instance:com.tetherfi.test.UserOnBoardingCreateTest@1981d861]" name="NavigateToUserOnBoardingPage" is-config="true" duration-ms="19068" started-at="2021-05-12T18:01:11 IST" finished-at="2021-05-12T18:01:30 IST">
          <params>
            <param index="0">
              <value>
                <![CDATA[public void com.tetherfi.test.UserOnBoardingCreateTest.VerifyAddRecordWithoutFirstName() throws java.lang.Exception]]>
              </value>
            </param>
          </params>
          <reporter-output>
          </reporter-output>
        </test-method> <!-- NavigateToUserOnBoardingPage -->
        <test-method status="PASS" signature="VerifyAddRecordWithoutFirstName()[pri:3, instance:com.tetherfi.test.UserOnBoardingCreateTest@1981d861]" name="VerifyAddRecordWithoutFirstName" duration-ms="72174" started-at="2021-05-12T18:01:30 IST" description="To Verify Add Record without FirstName " finished-at="2021-05-12T18:02:42 IST">
          <reporter-output>
          </reporter-output>
        </test-method> <!-- VerifyAddRecordWithoutFirstName -->
        <test-method status="PASS" signature="afterEachMethod(java.lang.reflect.Method)[pri:0, instance:com.tetherfi.test.UserOnBoardingCreateTest@1981d861]" name="afterEachMethod" is-config="true" duration-ms="3850" started-at="2021-05-12T18:02:42 IST" finished-at="2021-05-12T18:02:46 IST">
          <params>
            <param index="0">
              <value>
                <![CDATA[public void com.tetherfi.test.UserOnBoardingCreateTest.VerifyAddRecordWithoutFirstName() throws java.lang.Exception]]>
              </value>
            </param>
          </params>
          <reporter-output>
          </reporter-output>
        </test-method> <!-- afterEachMethod -->
        <test-method status="PASS" signature="NavigateToUserOnBoardingPage(java.lang.reflect.Method)[pri:0, instance:com.tetherfi.test.UserOnBoardingCreateTest@1981d861]" name="NavigateToUserOnBoardingPage" is-config="true" duration-ms="20821" started-at="2021-05-12T18:02:46 IST" finished-at="2021-05-12T18:03:07 IST">
          <params>
            <param index="0">
              <value>
                <![CDATA[public void com.tetherfi.test.UserOnBoardingCreateTest.VerifyAddRecordWithoutLastName() throws java.lang.Exception]]>
              </value>
            </param>
          </params>
          <reporter-output>
          </reporter-output>
        </test-method> <!-- NavigateToUserOnBoardingPage -->
        <test-method status="PASS" signature="VerifyAddRecordWithoutLastName()[pri:4, instance:com.tetherfi.test.UserOnBoardingCreateTest@1981d861]" name="VerifyAddRecordWithoutLastName" duration-ms="70818" started-at="2021-05-12T18:03:07 IST" description="To Verify Add Record without Last Name " finished-at="2021-05-12T18:04:17 IST">
          <reporter-output>
          </reporter-output>
        </test-method> <!-- VerifyAddRecordWithoutLastName -->
        <test-method status="PASS" signature="afterEachMethod(java.lang.reflect.Method)[pri:0, instance:com.tetherfi.test.UserOnBoardingCreateTest@1981d861]" name="afterEachMethod" is-config="true" duration-ms="5148" started-at="2021-05-12T18:04:17 IST" finished-at="2021-05-12T18:04:23 IST">
          <params>
            <param index="0">
              <value>
                <![CDATA[public void com.tetherfi.test.UserOnBoardingCreateTest.VerifyAddRecordWithoutLastName() throws java.lang.Exception]]>
              </value>
            </param>
          </params>
          <reporter-output>
          </reporter-output>
        </test-method> <!-- afterEachMethod -->
        <test-method status="PASS" signature="NavigateToUserOnBoardingPage(java.lang.reflect.Method)[pri:0, instance:com.tetherfi.test.UserOnBoardingCreateTest@1981d861]" name="NavigateToUserOnBoardingPage" is-config="true" duration-ms="17152" started-at="2021-05-12T18:04:23 IST" finished-at="2021-05-12T18:04:40 IST">
          <params>
            <param index="0">
              <value>
                <![CDATA[public void com.tetherfi.test.UserOnBoardingCreateTest.VerifyAddRecordWithoutLanID() throws java.lang.Exception]]>
              </value>
            </param>
          </params>
          <reporter-output>
          </reporter-output>
        </test-method> <!-- NavigateToUserOnBoardingPage -->
        <test-method status="PASS" signature="VerifyAddRecordWithoutLanID()[pri:5, instance:com.tetherfi.test.UserOnBoardingCreateTest@1981d861]" name="VerifyAddRecordWithoutLanID" duration-ms="72469" started-at="2021-05-12T18:04:40 IST" description="To Verify Add Record without Lan ID " finished-at="2021-05-12T18:05:52 IST">
          <reporter-output>
          </reporter-output>
        </test-method> <!-- VerifyAddRecordWithoutLanID -->
        <test-method status="PASS" signature="afterEachMethod(java.lang.reflect.Method)[pri:0, instance:com.tetherfi.test.UserOnBoardingCreateTest@1981d861]" name="afterEachMethod" is-config="true" duration-ms="4915" started-at="2021-05-12T18:05:52 IST" finished-at="2021-05-12T18:05:57 IST">
          <params>
            <param index="0">
              <value>
                <![CDATA[public void com.tetherfi.test.UserOnBoardingCreateTest.VerifyAddRecordWithoutLanID() throws java.lang.Exception]]>
              </value>
            </param>
          </params>
          <reporter-output>
          </reporter-output>
        </test-method> <!-- afterEachMethod -->
        <test-method status="PASS" signature="NavigateToUserOnBoardingPage(java.lang.reflect.Method)[pri:0, instance:com.tetherfi.test.UserOnBoardingCreateTest@1981d861]" name="NavigateToUserOnBoardingPage" is-config="true" duration-ms="22221" started-at="2021-05-12T18:05:57 IST" finished-at="2021-05-12T18:06:19 IST">
          <params>
            <param index="0">
              <value>
                <![CDATA[public void com.tetherfi.test.UserOnBoardingCreateTest.VerifyAddRecordWithoutAvayaLoginID() throws java.lang.Exception]]>
              </value>
            </param>
          </params>
          <reporter-output>
          </reporter-output>
        </test-method> <!-- NavigateToUserOnBoardingPage -->
        <test-method status="PASS" signature="VerifyAddRecordWithoutAvayaLoginID()[pri:6, instance:com.tetherfi.test.UserOnBoardingCreateTest@1981d861]" name="VerifyAddRecordWithoutAvayaLoginID" duration-ms="71477" started-at="2021-05-12T18:06:19 IST" description="To Verify Add Record without Avaya Login ID " finished-at="2021-05-12T18:07:31 IST">
          <reporter-output>
          </reporter-output>
        </test-method> <!-- VerifyAddRecordWithoutAvayaLoginID -->
        <test-method status="PASS" signature="afterEachMethod(java.lang.reflect.Method)[pri:0, instance:com.tetherfi.test.UserOnBoardingCreateTest@1981d861]" name="afterEachMethod" is-config="true" duration-ms="4534" started-at="2021-05-12T18:07:31 IST" finished-at="2021-05-12T18:07:35 IST">
          <params>
            <param index="0">
              <value>
                <![CDATA[public void com.tetherfi.test.UserOnBoardingCreateTest.VerifyAddRecordWithoutAvayaLoginID() throws java.lang.Exception]]>
              </value>
            </param>
          </params>
          <reporter-output>
          </reporter-output>
        </test-method> <!-- afterEachMethod -->
        <test-method status="PASS" signature="NavigateToUserOnBoardingPage(java.lang.reflect.Method)[pri:0, instance:com.tetherfi.test.UserOnBoardingCreateTest@1981d861]" name="NavigateToUserOnBoardingPage" is-config="true" duration-ms="22815" started-at="2021-05-12T18:07:35 IST" finished-at="2021-05-12T18:07:58 IST">
          <params>
            <param index="0">
              <value>
                <![CDATA[public void com.tetherfi.test.UserOnBoardingCreateTest.VerifyAddRecordWithoutOrgUnit() throws java.lang.Exception]]>
              </value>
            </param>
          </params>
          <reporter-output>
          </reporter-output>
        </test-method> <!-- NavigateToUserOnBoardingPage -->
        <test-method status="PASS" signature="VerifyAddRecordWithoutOrgUnit()[pri:7, instance:com.tetherfi.test.UserOnBoardingCreateTest@1981d861]" name="VerifyAddRecordWithoutOrgUnit" duration-ms="29807" started-at="2021-05-12T18:07:58 IST" description="To Verify Add Record without Org.Unit " finished-at="2021-05-12T18:08:28 IST">
          <reporter-output>
          </reporter-output>
        </test-method> <!-- VerifyAddRecordWithoutOrgUnit -->
        <test-method status="PASS" signature="afterEachMethod(java.lang.reflect.Method)[pri:0, instance:com.tetherfi.test.UserOnBoardingCreateTest@1981d861]" name="afterEachMethod" is-config="true" duration-ms="4360" started-at="2021-05-12T18:08:28 IST" finished-at="2021-05-12T18:08:32 IST">
          <params>
            <param index="0">
              <value>
                <![CDATA[public void com.tetherfi.test.UserOnBoardingCreateTest.VerifyAddRecordWithoutOrgUnit() throws java.lang.Exception]]>
              </value>
            </param>
          </params>
          <reporter-output>
          </reporter-output>
        </test-method> <!-- afterEachMethod -->
        <test-method status="PASS" signature="NavigateToUserOnBoardingPage(java.lang.reflect.Method)[pri:0, instance:com.tetherfi.test.UserOnBoardingCreateTest@1981d861]" name="NavigateToUserOnBoardingPage" is-config="true" duration-ms="20588" started-at="2021-05-12T18:08:32 IST" finished-at="2021-05-12T18:08:53 IST">
          <params>
            <param index="0">
              <value>
                <![CDATA[public void com.tetherfi.test.UserOnBoardingCreateTest.VerifyAddRecordWithoutProfile() throws java.lang.Exception]]>
              </value>
            </param>
          </params>
          <reporter-output>
          </reporter-output>
        </test-method> <!-- NavigateToUserOnBoardingPage -->
        <test-method status="PASS" signature="VerifyAddRecordWithoutProfile()[pri:8, instance:com.tetherfi.test.UserOnBoardingCreateTest@1981d861]" name="VerifyAddRecordWithoutProfile" duration-ms="67337" started-at="2021-05-12T18:08:53 IST" description="To Verify Add Record without Profile " finished-at="2021-05-12T18:10:00 IST">
          <reporter-output>
          </reporter-output>
        </test-method> <!-- VerifyAddRecordWithoutProfile -->
        <test-method status="PASS" signature="afterEachMethod(java.lang.reflect.Method)[pri:0, instance:com.tetherfi.test.UserOnBoardingCreateTest@1981d861]" name="afterEachMethod" is-config="true" duration-ms="4005" started-at="2021-05-12T18:10:00 IST" finished-at="2021-05-12T18:10:04 IST">
          <params>
            <param index="0">
              <value>
                <![CDATA[public void com.tetherfi.test.UserOnBoardingCreateTest.VerifyAddRecordWithoutProfile() throws java.lang.Exception]]>
              </value>
            </param>
          </params>
          <reporter-output>
          </reporter-output>
        </test-method> <!-- afterEachMethod -->
        <test-method status="PASS" signature="NavigateToUserOnBoardingPage(java.lang.reflect.Method)[pri:0, instance:com.tetherfi.test.UserOnBoardingCreateTest@1981d861]" name="NavigateToUserOnBoardingPage" is-config="true" duration-ms="19442" started-at="2021-05-12T18:10:04 IST" finished-at="2021-05-12T18:10:24 IST">
          <params>
            <param index="0">
              <value>
                <![CDATA[public void com.tetherfi.test.UserOnBoardingCreateTest.VerifyAddRevertRecord() throws java.lang.Exception]]>
              </value>
            </param>
          </params>
          <reporter-output>
          </reporter-output>
        </test-method> <!-- NavigateToUserOnBoardingPage -->
        <test-method status="FAIL" signature="VerifyAddRevertRecord()[pri:9, instance:com.tetherfi.test.UserOnBoardingCreateTest@1981d861]" name="VerifyAddRevertRecord" duration-ms="53210" started-at="2021-05-12T18:10:24 IST" description="Add Record to Verify Revert " finished-at="2021-05-12T18:11:17 IST">
          <exception class="org.openqa.selenium.WebDriverException">
            <message>
              <![CDATA[disconnected: not connected to DevTools
  (Session info: chrome=90.0.4430.93)
Build info: version: '3.141.59', revision: 'e82be7d358', time: '2018-11-14T08:17:03'
System info: host: 'LAPTOP-NKH1C2HF', ip: '192.168.50.18', os.name: 'Windows 10', os.arch: 'amd64', os.version: '10.0', java.version: '1.8.0_181'
Driver info: org.openqa.selenium.chrome.ChromeDriver
Capabilities {acceptInsecureCerts: false, browserName: chrome, browserVersion: 90.0.4430.93, chrome: {chromedriverVersion: 90.0.4430.24 (4c6d850f087da..., userDataDir: C:\Users\AMITHA~1\AppData\L...}, goog:chromeOptions: {debuggerAddress: localhost:56085}, javascriptEnabled: true, networkConnectionEnabled: false, pageLoadStrategy: normal, platform: WINDOWS, platformName: WINDOWS, proxy: Proxy(), setWindowRect: true, strictFileInteractability: false, timeouts: {implicit: 0, pageLoad: 300000, script: 30000}, unhandledPromptBehavior: dismiss and notify, webauthn:extension:largeBlob: true, webauthn:virtualAuthenticators: true}
Session ID: 3b6f40acc320cee34b5808be54c5b653
*** Element info: {Using=class name, value=k-icon}]]>
            </message>
            <full-stacktrace>
              <![CDATA[org.openqa.selenium.WebDriverException: disconnected: not connected to DevTools
  (Session info: chrome=90.0.4430.93)
Build info: version: '3.141.59', revision: 'e82be7d358', time: '2018-11-14T08:17:03'
System info: host: 'LAPTOP-NKH1C2HF', ip: '192.168.50.18', os.name: 'Windows 10', os.arch: 'amd64', os.version: '10.0', java.version: '1.8.0_181'
Driver info: org.openqa.selenium.chrome.ChromeDriver
Capabilities {acceptInsecureCerts: false, browserName: chrome, browserVersion: 90.0.4430.93, chrome: {chromedriverVersion: 90.0.4430.24 (4c6d850f087da..., userDataDir: C:\Users\AMITHA~1\AppData\L...}, goog:chromeOptions: {debuggerAddress: localhost:56085}, javascriptEnabled: true, networkConnectionEnabled: false, pageLoadStrategy: normal, platform: WINDOWS, platformName: WINDOWS, proxy: Proxy(), setWindowRect: true, strictFileInteractability: false, timeouts: {implicit: 0, pageLoad: 300000, script: 30000}, unhandledPromptBehavior: dismiss and notify, webauthn:extension:largeBlob: true, webauthn:virtualAuthenticators: true}
Session ID: 3b6f40acc320cee34b5808be54c5b653
*** Element info: {Using=class name, value=k-icon}
at sun.reflect.NativeConstructorAccessorImpl.newInstance0(Native Method)
at sun.reflect.NativeConstructorAccessorImpl.newInstance(Unknown Source)
at sun.reflect.DelegatingConstructorAccessorImpl.newInstance(Unknown Source)
at java.lang.reflect.Constructor.newInstance(Unknown Source)
at org.openqa.selenium.remote.http.W3CHttpResponseCodec.createException(W3CHttpResponseCodec.java:187)
at org.openqa.selenium.remote.http.W3CHttpResponseCodec.decode(W3CHttpResponseCodec.java:122)
at org.openqa.selenium.remote.http.W3CHttpResponseCodec.decode(W3CHttpResponseCodec.java:49)
at org.openqa.selenium.remote.HttpCommandExecutor.execute(HttpCommandExecutor.java:158)
at org.openqa.selenium.remote.service.DriverCommandExecutor.execute(DriverCommandExecutor.java:83)
at org.openqa.selenium.remote.RemoteWebDriver.execute(RemoteWebDriver.java:552)
at org.openqa.selenium.remote.RemoteWebElement.execute(RemoteWebElement.java:285)
at org.openqa.selenium.remote.RemoteWebElement.findElements(RemoteWebElement.java:204)
at org.openqa.selenium.remote.RemoteWebElement.findElementsByClassName(RemoteWebElement.java:249)
at org.openqa.selenium.By$ByClassName.findElements(By.java:380)
at org.openqa.selenium.remote.RemoteWebElement.findElements(RemoteWebElement.java:177)
at com.tetherfi.pages.UserOnBoardingPage.ChooseTeamHeirarchy(UserOnBoardingPage.java:1246)
at com.tetherfi.pages.UserOnBoardingPage.addNewUserOnBoardingRecordWithAllValidData(UserOnBoardingPage.java:1592)
at com.tetherfi.test.UserOnBoardingCreateTest.VerifyAddRevertRecord(UserOnBoardingCreateTest.java:152)
at sun.reflect.NativeMethodAccessorImpl.invoke0(Native Method)
at sun.reflect.NativeMethodAccessorImpl.invoke(Unknown Source)
at sun.reflect.DelegatingMethodAccessorImpl.invoke(Unknown Source)
at java.lang.reflect.Method.invoke(Unknown Source)
at org.testng.internal.MethodInvocationHelper.invokeMethod(MethodInvocationHelper.java:133)
at org.testng.internal.TestInvoker.invokeMethod(TestInvoker.java:584)
at org.testng.internal.TestInvoker.invokeTestMethod(TestInvoker.java:172)
at org.testng.internal.MethodRunner.runInSequence(MethodRunner.java:46)
at org.testng.internal.TestInvoker$MethodInvocationAgent.invoke(TestInvoker.java:804)
at org.testng.internal.TestInvoker.invokeTestMethods(TestInvoker.java:145)
at org.testng.internal.TestMethodWorker.invokeTestMethods(TestMethodWorker.java:146)
at org.testng.internal.TestMethodWorker.run(TestMethodWorker.java:128)
at java.util.ArrayList.forEach(Unknown Source)
at org.testng.TestRunner.privateRun(TestRunner.java:770)
at org.testng.TestRunner.run(TestRunner.java:591)
at org.testng.SuiteRunner.runTest(SuiteRunner.java:402)
at org.testng.SuiteRunner.runSequentially(SuiteRunner.java:396)
at org.testng.SuiteRunner.privateRun(SuiteRunner.java:355)
at org.testng.SuiteRunner.run(SuiteRunner.java:304)
at org.testng.SuiteRunnerWorker.runSuite(SuiteRunnerWorker.java:53)
at org.testng.SuiteRunnerWorker.run(SuiteRunnerWorker.java:96)
at org.testng.TestNG.runSuitesSequentially(TestNG.java:1180)
at org.testng.TestNG.runSuitesLocally(TestNG.java:1102)
at org.testng.TestNG.runSuites(TestNG.java:1032)
at org.testng.TestNG.run(TestNG.java:1000)
at org.testng.remote.AbstractRemoteTestNG.run(AbstractRemoteTestNG.java:115)
at org.testng.remote.RemoteTestNG.initAndRun(RemoteTestNG.java:251)
at org.testng.remote.RemoteTestNG.main(RemoteTestNG.java:77)
]]>
            </full-stacktrace>
          </exception> <!-- org.openqa.selenium.WebDriverException -->
          <reporter-output>
          </reporter-output>
        </test-method> <!-- VerifyAddRevertRecord -->
        <test-method status="PASS" signature="afterEachMethod(java.lang.reflect.Method)[pri:0, instance:com.tetherfi.test.UserOnBoardingCreateTest@1981d861]" name="afterEachMethod" is-config="true" duration-ms="19612" started-at="2021-05-12T18:11:17 IST" finished-at="2021-05-12T18:11:37 IST">
          <params>
            <param index="0">
              <value>
                <![CDATA[public void com.tetherfi.test.UserOnBoardingCreateTest.VerifyAddRevertRecord() throws java.lang.Exception]]>
              </value>
            </param>
          </params>
          <reporter-output>
          </reporter-output>
        </test-method> <!-- afterEachMethod -->
        <test-method status="SKIP" signature="VerifyRevertForAddNewRecord()[pri:10, instance:com.tetherfi.test.UserOnBoardingCreateTest@1981d861]" name="VerifyRevertForAddNewRecord" duration-ms="0" started-at="2021-05-12T18:11:37 IST" description="To Verify Revert Functionality   " depends-on-methods="com.tetherfi.test.UserOnBoardingCreateTest.VerifyAddRevertRecord" finished-at="2021-05-12T18:11:37 IST">
          <exception class="java.lang.Throwable">
            <message>
              <![CDATA[Method UserOnBoardingCreateTest.VerifyRevertForAddNewRecord()[pri:10, instance:com.tetherfi.test.UserOnBoardingCreateTest@1981d861] depends on not successfully finished methods]]>
            </message>
            <full-stacktrace>
              <![CDATA[java.lang.Throwable: Method UserOnBoardingCreateTest.VerifyRevertForAddNewRecord()[pri:10, instance:com.tetherfi.test.UserOnBoardingCreateTest@1981d861] depends on not successfully finished methods
at org.testng.internal.TestInvoker.invokeTestMethods(TestInvoker.java:99)
at org.testng.internal.TestMethodWorker.invokeTestMethods(TestMethodWorker.java:146)
at org.testng.internal.TestMethodWorker.run(TestMethodWorker.java:128)
at java.util.ArrayList.forEach(Unknown Source)
at org.testng.TestRunner.privateRun(TestRunner.java:770)
at org.testng.TestRunner.run(TestRunner.java:591)
at org.testng.SuiteRunner.runTest(SuiteRunner.java:402)
at org.testng.SuiteRunner.runSequentially(SuiteRunner.java:396)
at org.testng.SuiteRunner.privateRun(SuiteRunner.java:355)
at org.testng.SuiteRunner.run(SuiteRunner.java:304)
at org.testng.SuiteRunnerWorker.runSuite(SuiteRunnerWorker.java:53)
at org.testng.SuiteRunnerWorker.run(SuiteRunnerWorker.java:96)
at org.testng.TestNG.runSuitesSequentially(TestNG.java:1180)
at org.testng.TestNG.runSuitesLocally(TestNG.java:1102)
at org.testng.TestNG.runSuites(TestNG.java:1032)
at org.testng.TestNG.run(TestNG.java:1000)
at org.testng.remote.AbstractRemoteTestNG.run(AbstractRemoteTestNG.java:115)
at org.testng.remote.RemoteTestNG.initAndRun(RemoteTestNG.java:251)
at org.testng.remote.RemoteTestNG.main(RemoteTestNG.java:77)
]]>
            </full-stacktrace>
          </exception> <!-- java.lang.Throwable -->
          <reporter-output>
          </reporter-output>
        </test-method> <!-- VerifyRevertForAddNewRecord -->
        <test-method status="SKIP" signature="VerifyAuditTrailReportForRevert()[pri:11, instance:com.tetherfi.test.UserOnBoardingCreateTest@1981d861]" name="VerifyAuditTrailReportForRevert" duration-ms="0" started-at="2021-05-12T18:11:37 IST" description="To Verify AuditTrailReport for Revert Transaction " depends-on-methods="com.tetherfi.test.UserOnBoardingCreateTest.VerifyRevertForAddNewRecord" finished-at="2021-05-12T18:11:37 IST">
          <exception class="java.lang.Throwable">
            <message>
              <![CDATA[Method UserOnBoardingCreateTest.VerifyAuditTrailReportForRevert()[pri:11, instance:com.tetherfi.test.UserOnBoardingCreateTest@1981d861] depends on not successfully finished methods]]>
            </message>
            <full-stacktrace>
              <![CDATA[java.lang.Throwable: Method UserOnBoardingCreateTest.VerifyAuditTrailReportForRevert()[pri:11, instance:com.tetherfi.test.UserOnBoardingCreateTest@1981d861] depends on not successfully finished methods
at org.testng.internal.TestInvoker.invokeTestMethods(TestInvoker.java:99)
at org.testng.internal.TestMethodWorker.invokeTestMethods(TestMethodWorker.java:146)
at org.testng.internal.TestMethodWorker.run(TestMethodWorker.java:128)
at java.util.ArrayList.forEach(Unknown Source)
at org.testng.TestRunner.privateRun(TestRunner.java:770)
at org.testng.TestRunner.run(TestRunner.java:591)
at org.testng.SuiteRunner.runTest(SuiteRunner.java:402)
at org.testng.SuiteRunner.runSequentially(SuiteRunner.java:396)
at org.testng.SuiteRunner.privateRun(SuiteRunner.java:355)
at org.testng.SuiteRunner.run(SuiteRunner.java:304)
at org.testng.SuiteRunnerWorker.runSuite(SuiteRunnerWorker.java:53)
at org.testng.SuiteRunnerWorker.run(SuiteRunnerWorker.java:96)
at org.testng.TestNG.runSuitesSequentially(TestNG.java:1180)
at org.testng.TestNG.runSuitesLocally(TestNG.java:1102)
at org.testng.TestNG.runSuites(TestNG.java:1032)
at org.testng.TestNG.run(TestNG.java:1000)
at org.testng.remote.AbstractRemoteTestNG.run(AbstractRemoteTestNG.java:115)
at org.testng.remote.RemoteTestNG.initAndRun(RemoteTestNG.java:251)
at org.testng.remote.RemoteTestNG.main(RemoteTestNG.java:77)
]]>
            </full-stacktrace>
          </exception> <!-- java.lang.Throwable -->
          <reporter-output>
          </reporter-output>
        </test-method> <!-- VerifyAuditTrailReportForRevert -->
        <test-method status="PASS" signature="NavigateToUserOnBoardingPage(java.lang.reflect.Method)[pri:0, instance:com.tetherfi.test.UserOnBoardingCreateTest@1981d861]" name="NavigateToUserOnBoardingPage" is-config="true" duration-ms="17985" started-at="2021-05-12T18:11:37 IST" finished-at="2021-05-12T18:11:55 IST">
          <params>
            <param index="0">
              <value>
                <![CDATA[public void com.tetherfi.test.UserOnBoardingCreateTest.AddRejectRecord() throws java.lang.Exception]]>
              </value>
            </param>
          </params>
          <reporter-output>
          </reporter-output>
        </test-method> <!-- NavigateToUserOnBoardingPage -->
        <test-method status="FAIL" signature="AddRejectRecord()[pri:12, instance:com.tetherfi.test.UserOnBoardingCreateTest@1981d861]" name="AddRejectRecord" duration-ms="18175" started-at="2021-05-12T18:11:55 IST" description="Add Record to Verify Reject " finished-at="2021-05-12T18:12:13 IST">
          <exception class="org.openqa.selenium.ElementClickInterceptedException">
            <message>
              <![CDATA[element click intercepted: Element <span title="" class="k-widget k-dropdown" unselectable="on" role="listbox" aria-haspopup="true" aria-expanded="false" tabindex="0" aria-owns="Profile_listbox" aria-live="polite" aria-disabled="false" aria-readonly="false" style="width: 100%;" aria-busy="false" aria-activedescendant="fae99dcf-1ee0-470b-a4db-e408e56b4b38">...</span> is not clickable at point (880, 370). Other element would receive the click: <div class="k-top k-top">...</div>
  (Session info: chrome=90.0.4430.93)
Build info: version: '3.141.59', revision: 'e82be7d358', time: '2018-11-14T08:17:03'
System info: host: 'LAPTOP-NKH1C2HF', ip: '192.168.50.18', os.name: 'Windows 10', os.arch: 'amd64', os.version: '10.0', java.version: '1.8.0_181'
Driver info: org.openqa.selenium.chrome.ChromeDriver
Capabilities {acceptInsecureCerts: false, browserName: chrome, browserVersion: 90.0.4430.93, chrome: {chromedriverVersion: 90.0.4430.24 (4c6d850f087da..., userDataDir: C:\Users\AMITHA~1\AppData\L...}, goog:chromeOptions: {debuggerAddress: localhost:56130}, javascriptEnabled: true, networkConnectionEnabled: false, pageLoadStrategy: normal, platform: WINDOWS, platformName: WINDOWS, proxy: Proxy(), setWindowRect: true, strictFileInteractability: false, timeouts: {implicit: 0, pageLoad: 300000, script: 30000}, unhandledPromptBehavior: dismiss and notify, webauthn:extension:largeBlob: true, webauthn:virtualAuthenticators: true}
Session ID: cdb9851c20c2031497aa43590b6309e2]]>
            </message>
            <full-stacktrace>
              <![CDATA[org.openqa.selenium.ElementClickInterceptedException: element click intercepted: Element <span title="" class="k-widget k-dropdown" unselectable="on" role="listbox" aria-haspopup="true" aria-expanded="false" tabindex="0" aria-owns="Profile_listbox" aria-live="polite" aria-disabled="false" aria-readonly="false" style="width: 100%;" aria-busy="false" aria-activedescendant="fae99dcf-1ee0-470b-a4db-e408e56b4b38">...</span> is not clickable at point (880, 370). Other element would receive the click: <div class="k-top k-top">...</div>
  (Session info: chrome=90.0.4430.93)
Build info: version: '3.141.59', revision: 'e82be7d358', time: '2018-11-14T08:17:03'
System info: host: 'LAPTOP-NKH1C2HF', ip: '192.168.50.18', os.name: 'Windows 10', os.arch: 'amd64', os.version: '10.0', java.version: '1.8.0_181'
Driver info: org.openqa.selenium.chrome.ChromeDriver
Capabilities {acceptInsecureCerts: false, browserName: chrome, browserVersion: 90.0.4430.93, chrome: {chromedriverVersion: 90.0.4430.24 (4c6d850f087da..., userDataDir: C:\Users\AMITHA~1\AppData\L...}, goog:chromeOptions: {debuggerAddress: localhost:56130}, javascriptEnabled: true, networkConnectionEnabled: false, pageLoadStrategy: normal, platform: WINDOWS, platformName: WINDOWS, proxy: Proxy(), setWindowRect: true, strictFileInteractability: false, timeouts: {implicit: 0, pageLoad: 300000, script: 30000}, unhandledPromptBehavior: dismiss and notify, webauthn:extension:largeBlob: true, webauthn:virtualAuthenticators: true}
Session ID: cdb9851c20c2031497aa43590b6309e2
at sun.reflect.NativeConstructorAccessorImpl.newInstance0(Native Method)
at sun.reflect.NativeConstructorAccessorImpl.newInstance(Unknown Source)
at sun.reflect.DelegatingConstructorAccessorImpl.newInstance(Unknown Source)
at java.lang.reflect.Constructor.newInstance(Unknown Source)
at org.openqa.selenium.remote.http.W3CHttpResponseCodec.createException(W3CHttpResponseCodec.java:187)
at org.openqa.selenium.remote.http.W3CHttpResponseCodec.decode(W3CHttpResponseCodec.java:122)
at org.openqa.selenium.remote.http.W3CHttpResponseCodec.decode(W3CHttpResponseCodec.java:49)
at org.openqa.selenium.remote.HttpCommandExecutor.execute(HttpCommandExecutor.java:158)
at org.openqa.selenium.remote.service.DriverCommandExecutor.execute(DriverCommandExecutor.java:83)
at org.openqa.selenium.remote.RemoteWebDriver.execute(RemoteWebDriver.java:552)
at org.openqa.selenium.remote.RemoteWebElement.execute(RemoteWebElement.java:285)
at org.openqa.selenium.remote.RemoteWebElement.click(RemoteWebElement.java:84)
at sun.reflect.GeneratedMethodAccessor3.invoke(Unknown Source)
at sun.reflect.DelegatingMethodAccessorImpl.invoke(Unknown Source)
at java.lang.reflect.Method.invoke(Unknown Source)
at org.openqa.selenium.support.pagefactory.internal.LocatingElementHandler.invoke(LocatingElementHandler.java:51)
at com.sun.proxy.$Proxy9.click(Unknown Source)
at com.tetherfi.pages.BasePage.selectWebElement(BasePage.java:200)
at com.tetherfi.pages.UserOnBoardingPage.selectProfile(UserOnBoardingPage.java:1281)
at com.tetherfi.pages.UserOnBoardingPage.addNewUserOnBoardingRecordWithAllValidData(UserOnBoardingPage.java:1593)
at com.tetherfi.test.UserOnBoardingCreateTest.AddRejectRecord(UserOnBoardingCreateTest.java:186)
at sun.reflect.NativeMethodAccessorImpl.invoke0(Native Method)
at sun.reflect.NativeMethodAccessorImpl.invoke(Unknown Source)
at sun.reflect.DelegatingMethodAccessorImpl.invoke(Unknown Source)
at java.lang.reflect.Method.invoke(Unknown Source)
at org.testng.internal.MethodInvocationHelper.invokeMethod(MethodInvocationHelper.java:133)
at org.testng.internal.TestInvoker.invokeMethod(TestInvoker.java:584)
at org.testng.internal.TestInvoker.invokeTestMethod(TestInvoker.java:172)
at org.testng.internal.MethodRunner.runInSequence(MethodRunner.java:46)
at org.testng.internal.TestInvoker$MethodInvocationAgent.invoke(TestInvoker.java:804)
at org.testng.internal.TestInvoker.invokeTestMethods(TestInvoker.java:145)
at org.testng.internal.TestMethodWorker.invokeTestMethods(TestMethodWorker.java:146)
at org.testng.internal.TestMethodWorker.run(TestMethodWorker.java:128)
at java.util.ArrayList.forEach(Unknown Source)
at org.testng.TestRunner.privateRun(TestRunner.java:770)
at org.testng.TestRunner.run(TestRunner.java:591)
at org.testng.SuiteRunner.runTest(SuiteRunner.java:402)
at org.testng.SuiteRunner.runSequentially(SuiteRunner.java:396)
at org.testng.SuiteRunner.privateRun(SuiteRunner.java:355)
at org.testng.SuiteRunner.run(SuiteRunner.java:304)
at org.testng.SuiteRunnerWorker.runSuite(SuiteRunnerWorker.java:53)
at org.testng.SuiteRunnerWorker.run(SuiteRunnerWorker.java:96)
at org.testng.TestNG.runSuitesSequentially(TestNG.java:1180)
at org.testng.TestNG.runSuitesLocally(TestNG.java:1102)
at org.testng.TestNG.runSuites(TestNG.java:1032)
at org.testng.TestNG.run(TestNG.java:1000)
at org.testng.remote.AbstractRemoteTestNG.run(AbstractRemoteTestNG.java:115)
at org.testng.remote.RemoteTestNG.initAndRun(RemoteTestNG.java:251)
at org.testng.remote.RemoteTestNG.main(RemoteTestNG.java:77)
]]>
            </full-stacktrace>
          </exception> <!-- org.openqa.selenium.ElementClickInterceptedException -->
          <reporter-output>
          </reporter-output>
        </test-method> <!-- AddRejectRecord -->
        <test-method status="PASS" signature="afterEachMethod(java.lang.reflect.Method)[pri:0, instance:com.tetherfi.test.UserOnBoardingCreateTest@1981d861]" name="afterEachMethod" is-config="true" duration-ms="4121" started-at="2021-05-12T18:12:13 IST" finished-at="2021-05-12T18:12:17 IST">
          <params>
            <param index="0">
              <value>
                <![CDATA[public void com.tetherfi.test.UserOnBoardingCreateTest.AddRejectRecord() throws java.lang.Exception]]>
              </value>
            </param>
          </params>
          <reporter-output>
          </reporter-output>
        </test-method> <!-- afterEachMethod -->
        <test-method status="SKIP" signature="VerifySendForApprovalForAddNewUserOnBoardingRecord()[pri:13, instance:com.tetherfi.test.UserOnBoardingCreateTest@1981d861]" name="VerifySendForApprovalForAddNewUserOnBoardingRecord" duration-ms="0" started-at="2021-05-12T18:12:17 IST" description="To Verify Send Record for Approval" depends-on-methods="com.tetherfi.test.UserOnBoardingCreateTest.AddRejectRecord" finished-at="2021-05-12T18:12:17 IST">
          <exception class="java.lang.Throwable">
            <message>
              <![CDATA[Method UserOnBoardingCreateTest.VerifySendForApprovalForAddNewUserOnBoardingRecord()[pri:13, instance:com.tetherfi.test.UserOnBoardingCreateTest@1981d861] depends on not successfully finished methods]]>
            </message>
            <full-stacktrace>
              <![CDATA[java.lang.Throwable: Method UserOnBoardingCreateTest.VerifySendForApprovalForAddNewUserOnBoardingRecord()[pri:13, instance:com.tetherfi.test.UserOnBoardingCreateTest@1981d861] depends on not successfully finished methods
at org.testng.internal.TestInvoker.invokeTestMethods(TestInvoker.java:99)
at org.testng.internal.TestMethodWorker.invokeTestMethods(TestMethodWorker.java:146)
at org.testng.internal.TestMethodWorker.run(TestMethodWorker.java:128)
at java.util.ArrayList.forEach(Unknown Source)
at org.testng.TestRunner.privateRun(TestRunner.java:770)
at org.testng.TestRunner.run(TestRunner.java:591)
at org.testng.SuiteRunner.runTest(SuiteRunner.java:402)
at org.testng.SuiteRunner.runSequentially(SuiteRunner.java:396)
at org.testng.SuiteRunner.privateRun(SuiteRunner.java:355)
at org.testng.SuiteRunner.run(SuiteRunner.java:304)
at org.testng.SuiteRunnerWorker.runSuite(SuiteRunnerWorker.java:53)
at org.testng.SuiteRunnerWorker.run(SuiteRunnerWorker.java:96)
at org.testng.TestNG.runSuitesSequentially(TestNG.java:1180)
at org.testng.TestNG.runSuitesLocally(TestNG.java:1102)
at org.testng.TestNG.runSuites(TestNG.java:1032)
at org.testng.TestNG.run(TestNG.java:1000)
at org.testng.remote.AbstractRemoteTestNG.run(AbstractRemoteTestNG.java:115)
at org.testng.remote.RemoteTestNG.initAndRun(RemoteTestNG.java:251)
at org.testng.remote.RemoteTestNG.main(RemoteTestNG.java:77)
]]>
            </full-stacktrace>
          </exception> <!-- java.lang.Throwable -->
          <reporter-output>
          </reporter-output>
        </test-method> <!-- VerifySendForApprovalForAddNewUserOnBoardingRecord -->
        <test-method status="SKIP" signature="RejectForAddNewUserOnBoardingRecord()[pri:14, instance:com.tetherfi.test.UserOnBoardingCreateTest@1981d861]" name="RejectForAddNewUserOnBoardingRecord" duration-ms="0" started-at="2021-05-12T18:12:17 IST" description="To Verify Checker Reject Functionality" depends-on-methods="com.tetherfi.test.UserOnBoardingCreateTest.VerifySendForApprovalForAddNewUserOnBoardingRecord" finished-at="2021-05-12T18:12:17 IST">
          <exception class="java.lang.Throwable">
            <message>
              <![CDATA[Method UserOnBoardingCreateTest.RejectForAddNewUserOnBoardingRecord()[pri:14, instance:com.tetherfi.test.UserOnBoardingCreateTest@1981d861] depends on not successfully finished methods]]>
            </message>
            <full-stacktrace>
              <![CDATA[java.lang.Throwable: Method UserOnBoardingCreateTest.RejectForAddNewUserOnBoardingRecord()[pri:14, instance:com.tetherfi.test.UserOnBoardingCreateTest@1981d861] depends on not successfully finished methods
at org.testng.internal.TestInvoker.invokeTestMethods(TestInvoker.java:99)
at org.testng.internal.TestMethodWorker.invokeTestMethods(TestMethodWorker.java:146)
at org.testng.internal.TestMethodWorker.run(TestMethodWorker.java:128)
at java.util.ArrayList.forEach(Unknown Source)
at org.testng.TestRunner.privateRun(TestRunner.java:770)
at org.testng.TestRunner.run(TestRunner.java:591)
at org.testng.SuiteRunner.runTest(SuiteRunner.java:402)
at org.testng.SuiteRunner.runSequentially(SuiteRunner.java:396)
at org.testng.SuiteRunner.privateRun(SuiteRunner.java:355)
at org.testng.SuiteRunner.run(SuiteRunner.java:304)
at org.testng.SuiteRunnerWorker.runSuite(SuiteRunnerWorker.java:53)
at org.testng.SuiteRunnerWorker.run(SuiteRunnerWorker.java:96)
at org.testng.TestNG.runSuitesSequentially(TestNG.java:1180)
at org.testng.TestNG.runSuitesLocally(TestNG.java:1102)
at org.testng.TestNG.runSuites(TestNG.java:1032)
at org.testng.TestNG.run(TestNG.java:1000)
at org.testng.remote.AbstractRemoteTestNG.run(AbstractRemoteTestNG.java:115)
at org.testng.remote.RemoteTestNG.initAndRun(RemoteTestNG.java:251)
at org.testng.remote.RemoteTestNG.main(RemoteTestNG.java:77)
]]>
            </full-stacktrace>
          </exception> <!-- java.lang.Throwable -->
          <reporter-output>
          </reporter-output>
        </test-method> <!-- RejectForAddNewUserOnBoardingRecord -->
        <test-method status="SKIP" signature="VerifyAuditTrailReportForReject()[pri:15, instance:com.tetherfi.test.UserOnBoardingCreateTest@1981d861]" name="VerifyAuditTrailReportForReject" duration-ms="0" started-at="2021-05-12T18:12:17 IST" description="To Verify Audit Trail Report for Reject" depends-on-methods="com.tetherfi.test.UserOnBoardingCreateTest.RejectForAddNewUserOnBoardingRecord" finished-at="2021-05-12T18:12:17 IST">
          <exception class="java.lang.Throwable">
            <message>
              <![CDATA[Method UserOnBoardingCreateTest.VerifyAuditTrailReportForReject()[pri:15, instance:com.tetherfi.test.UserOnBoardingCreateTest@1981d861] depends on not successfully finished methods]]>
            </message>
            <full-stacktrace>
              <![CDATA[java.lang.Throwable: Method UserOnBoardingCreateTest.VerifyAuditTrailReportForReject()[pri:15, instance:com.tetherfi.test.UserOnBoardingCreateTest@1981d861] depends on not successfully finished methods
at org.testng.internal.TestInvoker.invokeTestMethods(TestInvoker.java:99)
at org.testng.internal.TestMethodWorker.invokeTestMethods(TestMethodWorker.java:146)
at org.testng.internal.TestMethodWorker.run(TestMethodWorker.java:128)
at java.util.ArrayList.forEach(Unknown Source)
at org.testng.TestRunner.privateRun(TestRunner.java:770)
at org.testng.TestRunner.run(TestRunner.java:591)
at org.testng.SuiteRunner.runTest(SuiteRunner.java:402)
at org.testng.SuiteRunner.runSequentially(SuiteRunner.java:396)
at org.testng.SuiteRunner.privateRun(SuiteRunner.java:355)
at org.testng.SuiteRunner.run(SuiteRunner.java:304)
at org.testng.SuiteRunnerWorker.runSuite(SuiteRunnerWorker.java:53)
at org.testng.SuiteRunnerWorker.run(SuiteRunnerWorker.java:96)
at org.testng.TestNG.runSuitesSequentially(TestNG.java:1180)
at org.testng.TestNG.runSuitesLocally(TestNG.java:1102)
at org.testng.TestNG.runSuites(TestNG.java:1032)
at org.testng.TestNG.run(TestNG.java:1000)
at org.testng.remote.AbstractRemoteTestNG.run(AbstractRemoteTestNG.java:115)
at org.testng.remote.RemoteTestNG.initAndRun(RemoteTestNG.java:251)
at org.testng.remote.RemoteTestNG.main(RemoteTestNG.java:77)
]]>
            </full-stacktrace>
          </exception> <!-- java.lang.Throwable -->
          <reporter-output>
          </reporter-output>
        </test-method> <!-- VerifyAuditTrailReportForReject -->
        <test-method status="PASS" signature="NavigateToUserOnBoardingPage(java.lang.reflect.Method)[pri:0, instance:com.tetherfi.test.UserOnBoardingCreateTest@1981d861]" name="NavigateToUserOnBoardingPage" is-config="true" duration-ms="19260" started-at="2021-05-12T18:12:17 IST" finished-at="2021-05-12T18:12:36 IST">
          <params>
            <param index="0">
              <value>
                <![CDATA[public void com.tetherfi.test.UserOnBoardingCreateTest.AddNewUserOnBoardingRecord() throws java.lang.Exception]]>
              </value>
            </param>
          </params>
          <reporter-output>
          </reporter-output>
        </test-method> <!-- NavigateToUserOnBoardingPage -->
        <test-method status="PASS" signature="AddNewUserOnBoardingRecord()[pri:16, instance:com.tetherfi.test.UserOnBoardingCreateTest@1981d861]" name="AddNewUserOnBoardingRecord" duration-ms="75284" started-at="2021-05-12T18:12:36 IST" description="To Verify Add Reord to Approve " finished-at="2021-05-12T18:13:51 IST">
          <reporter-output>
          </reporter-output>
        </test-method> <!-- AddNewUserOnBoardingRecord -->
        <test-method status="PASS" signature="afterEachMethod(java.lang.reflect.Method)[pri:0, instance:com.tetherfi.test.UserOnBoardingCreateTest@1981d861]" name="afterEachMethod" is-config="true" duration-ms="4853" started-at="2021-05-12T18:13:51 IST" finished-at="2021-05-12T18:13:56 IST">
          <params>
            <param index="0">
              <value>
                <![CDATA[public void com.tetherfi.test.UserOnBoardingCreateTest.AddNewUserOnBoardingRecord() throws java.lang.Exception]]>
              </value>
            </param>
          </params>
          <reporter-output>
          </reporter-output>
        </test-method> <!-- afterEachMethod -->
        <test-method status="FAIL" signature="NavigateToUserOnBoardingPage(java.lang.reflect.Method)[pri:0, instance:com.tetherfi.test.UserOnBoardingCreateTest@1981d861]" name="NavigateToUserOnBoardingPage" is-config="true" duration-ms="36278" started-at="2021-05-12T18:13:56 IST" finished-at="2021-05-12T18:14:33 IST">
          <params>
            <param index="0">
              <value>
                <![CDATA[public void com.tetherfi.test.UserOnBoardingCreateTest.VerifyAuditTrailReportForCreate() throws java.lang.Exception]]>
              </value>
            </param>
          </params>
          <exception class="org.openqa.selenium.NoSuchWindowException">
            <message>
              <![CDATA[no such window: target window already closed
from unknown error: web view not found
  (Session info: chrome=90.0.4430.93)
Build info: version: '3.141.59', revision: 'e82be7d358', time: '2018-11-14T08:17:03'
System info: host: 'LAPTOP-NKH1C2HF', ip: '192.168.50.18', os.name: 'Windows 10', os.arch: 'amd64', os.version: '10.0', java.version: '1.8.0_181'
Driver info: org.openqa.selenium.chrome.ChromeDriver
Capabilities {acceptInsecureCerts: false, browserName: chrome, browserVersion: 90.0.4430.93, chrome: {chromedriverVersion: 90.0.4430.24 (4c6d850f087da..., userDataDir: C:\Users\AMITHA~1\AppData\L...}, goog:chromeOptions: {debuggerAddress: localhost:56170}, javascriptEnabled: true, networkConnectionEnabled: false, pageLoadStrategy: normal, platform: WINDOWS, platformName: WINDOWS, proxy: Proxy(), setWindowRect: true, strictFileInteractability: false, timeouts: {implicit: 0, pageLoad: 300000, script: 30000}, unhandledPromptBehavior: dismiss and notify, webauthn:extension:largeBlob: true, webauthn:virtualAuthenticators: true}
Session ID: 1bca9df9475f003075e0a5ad6b0fd21e
*** Element info: {Using=xpath, value=//i[@class='navbar-icons fal fa-desktop']}]]>
            </message>
            <full-stacktrace>
              <![CDATA[org.openqa.selenium.NoSuchWindowException: no such window: target window already closed
from unknown error: web view not found
  (Session info: chrome=90.0.4430.93)
Build info: version: '3.141.59', revision: 'e82be7d358', time: '2018-11-14T08:17:03'
System info: host: 'LAPTOP-NKH1C2HF', ip: '192.168.50.18', os.name: 'Windows 10', os.arch: 'amd64', os.version: '10.0', java.version: '1.8.0_181'
Driver info: org.openqa.selenium.chrome.ChromeDriver
Capabilities {acceptInsecureCerts: false, browserName: chrome, browserVersion: 90.0.4430.93, chrome: {chromedriverVersion: 90.0.4430.24 (4c6d850f087da..., userDataDir: C:\Users\AMITHA~1\AppData\L...}, goog:chromeOptions: {debuggerAddress: localhost:56170}, javascriptEnabled: true, networkConnectionEnabled: false, pageLoadStrategy: normal, platform: WINDOWS, platformName: WINDOWS, proxy: Proxy(), setWindowRect: true, strictFileInteractability: false, timeouts: {implicit: 0, pageLoad: 300000, script: 30000}, unhandledPromptBehavior: dismiss and notify, webauthn:extension:largeBlob: true, webauthn:virtualAuthenticators: true}
Session ID: 1bca9df9475f003075e0a5ad6b0fd21e
*** Element info: {Using=xpath, value=//i[@class='navbar-icons fal fa-desktop']}
at sun.reflect.GeneratedConstructorAccessor61.newInstance(Unknown Source)
at sun.reflect.DelegatingConstructorAccessorImpl.newInstance(Unknown Source)
at java.lang.reflect.Constructor.newInstance(Unknown Source)
at org.openqa.selenium.remote.http.W3CHttpResponseCodec.createException(W3CHttpResponseCodec.java:187)
at org.openqa.selenium.remote.http.W3CHttpResponseCodec.decode(W3CHttpResponseCodec.java:122)
at org.openqa.selenium.remote.http.W3CHttpResponseCodec.decode(W3CHttpResponseCodec.java:49)
at org.openqa.selenium.remote.HttpCommandExecutor.execute(HttpCommandExecutor.java:158)
at org.openqa.selenium.remote.service.DriverCommandExecutor.execute(DriverCommandExecutor.java:83)
at org.openqa.selenium.remote.RemoteWebDriver.execute(RemoteWebDriver.java:552)
at org.openqa.selenium.remote.RemoteWebDriver.findElement(RemoteWebDriver.java:323)
at org.openqa.selenium.remote.RemoteWebDriver.findElementByXPath(RemoteWebDriver.java:428)
at org.openqa.selenium.By$ByXPath.findElement(By.java:353)
at org.openqa.selenium.remote.RemoteWebDriver.findElement(RemoteWebDriver.java:315)
at org.openqa.selenium.support.pagefactory.DefaultElementLocator.findElement(DefaultElementLocator.java:69)
at org.openqa.selenium.support.pagefactory.internal.LocatingElementHandler.invoke(LocatingElementHandler.java:38)
at com.sun.proxy.$Proxy9.toString(Unknown Source)
at java.lang.String.valueOf(Unknown Source)
at java.lang.StringBuilder.append(Unknown Source)
at org.openqa.selenium.support.ui.ExpectedConditions$10.toString(ExpectedConditions.java:305)
at java.lang.String.valueOf(Unknown Source)
at java.lang.StringBuilder.append(Unknown Source)
at org.openqa.selenium.support.ui.FluentWait.until(FluentWait.java:268)
at com.tetherfi.pages.BasePage.waitUntilWebElementIsVisible(BasePage.java:129)
at com.tetherfi.pages.BasePage.selectWebElement(BasePage.java:196)
at com.tetherfi.pages.HomePage.navigateToOCMPage(HomePage.java:61)
at com.tetherfi.test.UserOnBoardingCreateTest.NavigateToUserOnBoardingPage(UserOnBoardingCreateTest.java:61)
at sun.reflect.NativeMethodAccessorImpl.invoke0(Native Method)
at sun.reflect.NativeMethodAccessorImpl.invoke(Unknown Source)
at sun.reflect.DelegatingMethodAccessorImpl.invoke(Unknown Source)
at java.lang.reflect.Method.invoke(Unknown Source)
at org.testng.internal.MethodInvocationHelper.invokeMethod(MethodInvocationHelper.java:133)
at org.testng.internal.MethodInvocationHelper.invokeMethodConsideringTimeout(MethodInvocationHelper.java:62)
at org.testng.internal.ConfigInvoker.invokeConfigurationMethod(ConfigInvoker.java:340)
at org.testng.internal.ConfigInvoker.invokeConfigurations(ConfigInvoker.java:294)
at org.testng.internal.TestInvoker.runConfigMethods(TestInvoker.java:683)
at org.testng.internal.TestInvoker.invokeMethod(TestInvoker.java:510)
at org.testng.internal.TestInvoker.invokeTestMethod(TestInvoker.java:172)
at org.testng.internal.MethodRunner.runInSequence(MethodRunner.java:46)
at org.testng.internal.TestInvoker$MethodInvocationAgent.invoke(TestInvoker.java:804)
at org.testng.internal.TestInvoker.invokeTestMethods(TestInvoker.java:145)
at org.testng.internal.TestMethodWorker.invokeTestMethods(TestMethodWorker.java:146)
at org.testng.internal.TestMethodWorker.run(TestMethodWorker.java:128)
at java.util.ArrayList.forEach(Unknown Source)
at org.testng.TestRunner.privateRun(TestRunner.java:770)
at org.testng.TestRunner.run(TestRunner.java:591)
at org.testng.SuiteRunner.runTest(SuiteRunner.java:402)
at org.testng.SuiteRunner.runSequentially(SuiteRunner.java:396)
at org.testng.SuiteRunner.privateRun(SuiteRunner.java:355)
at org.testng.SuiteRunner.run(SuiteRunner.java:304)
at org.testng.SuiteRunnerWorker.runSuite(SuiteRunnerWorker.java:53)
at org.testng.SuiteRunnerWorker.run(SuiteRunnerWorker.java:96)
at org.testng.TestNG.runSuitesSequentially(TestNG.java:1180)
at org.testng.TestNG.runSuitesLocally(TestNG.java:1102)
at org.testng.TestNG.runSuites(TestNG.java:1032)
at org.testng.TestNG.run(TestNG.java:1000)
at org.testng.remote.AbstractRemoteTestNG.run(AbstractRemoteTestNG.java:115)
at org.testng.remote.RemoteTestNG.initAndRun(RemoteTestNG.java:251)
at org.testng.remote.RemoteTestNG.main(RemoteTestNG.java:77)
]]>
            </full-stacktrace>
          </exception> <!-- org.openqa.selenium.NoSuchWindowException -->
          <reporter-output>
          </reporter-output>
        </test-method> <!-- NavigateToUserOnBoardingPage -->
        <test-method status="SKIP" signature="VerifyAuditTrailReportForCreate()[pri:17, instance:com.tetherfi.test.UserOnBoardingCreateTest@1981d861]" name="VerifyAuditTrailReportForCreate" duration-ms="0" started-at="2021-05-12T18:14:33 IST" description="To Verify AuditTrail Report for Record Create" depends-on-methods="com.tetherfi.test.UserOnBoardingCreateTest.AddNewUserOnBoardingRecord" finished-at="2021-05-12T18:14:33 IST">
          <exception class="org.openqa.selenium.NoSuchWindowException">
            <message>
              <![CDATA[no such window: target window already closed
from unknown error: web view not found
  (Session info: chrome=90.0.4430.93)
Build info: version: '3.141.59', revision: 'e82be7d358', time: '2018-11-14T08:17:03'
System info: host: 'LAPTOP-NKH1C2HF', ip: '192.168.50.18', os.name: 'Windows 10', os.arch: 'amd64', os.version: '10.0', java.version: '1.8.0_181'
Driver info: org.openqa.selenium.chrome.ChromeDriver
Capabilities {acceptInsecureCerts: false, browserName: chrome, browserVersion: 90.0.4430.93, chrome: {chromedriverVersion: 90.0.4430.24 (4c6d850f087da..., userDataDir: C:\Users\AMITHA~1\AppData\L...}, goog:chromeOptions: {debuggerAddress: localhost:56170}, javascriptEnabled: true, networkConnectionEnabled: false, pageLoadStrategy: normal, platform: WINDOWS, platformName: WINDOWS, proxy: Proxy(), setWindowRect: true, strictFileInteractability: false, timeouts: {implicit: 0, pageLoad: 300000, script: 30000}, unhandledPromptBehavior: dismiss and notify, webauthn:extension:largeBlob: true, webauthn:virtualAuthenticators: true}
Session ID: 1bca9df9475f003075e0a5ad6b0fd21e
*** Element info: {Using=xpath, value=//i[@class='navbar-icons fal fa-desktop']}]]>
            </message>
            <full-stacktrace>
              <![CDATA[org.openqa.selenium.NoSuchWindowException: no such window: target window already closed
from unknown error: web view not found
  (Session info: chrome=90.0.4430.93)
Build info: version: '3.141.59', revision: 'e82be7d358', time: '2018-11-14T08:17:03'
System info: host: 'LAPTOP-NKH1C2HF', ip: '192.168.50.18', os.name: 'Windows 10', os.arch: 'amd64', os.version: '10.0', java.version: '1.8.0_181'
Driver info: org.openqa.selenium.chrome.ChromeDriver
Capabilities {acceptInsecureCerts: false, browserName: chrome, browserVersion: 90.0.4430.93, chrome: {chromedriverVersion: 90.0.4430.24 (4c6d850f087da..., userDataDir: C:\Users\AMITHA~1\AppData\L...}, goog:chromeOptions: {debuggerAddress: localhost:56170}, javascriptEnabled: true, networkConnectionEnabled: false, pageLoadStrategy: normal, platform: WINDOWS, platformName: WINDOWS, proxy: Proxy(), setWindowRect: true, strictFileInteractability: false, timeouts: {implicit: 0, pageLoad: 300000, script: 30000}, unhandledPromptBehavior: dismiss and notify, webauthn:extension:largeBlob: true, webauthn:virtualAuthenticators: true}
Session ID: 1bca9df9475f003075e0a5ad6b0fd21e
*** Element info: {Using=xpath, value=//i[@class='navbar-icons fal fa-desktop']}
at sun.reflect.GeneratedConstructorAccessor61.newInstance(Unknown Source)
at sun.reflect.DelegatingConstructorAccessorImpl.newInstance(Unknown Source)
at java.lang.reflect.Constructor.newInstance(Unknown Source)
at org.openqa.selenium.remote.http.W3CHttpResponseCodec.createException(W3CHttpResponseCodec.java:187)
at org.openqa.selenium.remote.http.W3CHttpResponseCodec.decode(W3CHttpResponseCodec.java:122)
at org.openqa.selenium.remote.http.W3CHttpResponseCodec.decode(W3CHttpResponseCodec.java:49)
at org.openqa.selenium.remote.HttpCommandExecutor.execute(HttpCommandExecutor.java:158)
at org.openqa.selenium.remote.service.DriverCommandExecutor.execute(DriverCommandExecutor.java:83)
at org.openqa.selenium.remote.RemoteWebDriver.execute(RemoteWebDriver.java:552)
at org.openqa.selenium.remote.RemoteWebDriver.findElement(RemoteWebDriver.java:323)
at org.openqa.selenium.remote.RemoteWebDriver.findElementByXPath(RemoteWebDriver.java:428)
at org.openqa.selenium.By$ByXPath.findElement(By.java:353)
at org.openqa.selenium.remote.RemoteWebDriver.findElement(RemoteWebDriver.java:315)
at org.openqa.selenium.support.pagefactory.DefaultElementLocator.findElement(DefaultElementLocator.java:69)
at org.openqa.selenium.support.pagefactory.internal.LocatingElementHandler.invoke(LocatingElementHandler.java:38)
at com.sun.proxy.$Proxy9.toString(Unknown Source)
at java.lang.String.valueOf(Unknown Source)
at java.lang.StringBuilder.append(Unknown Source)
at org.openqa.selenium.support.ui.ExpectedConditions$10.toString(ExpectedConditions.java:305)
at java.lang.String.valueOf(Unknown Source)
at java.lang.StringBuilder.append(Unknown Source)
at org.openqa.selenium.support.ui.FluentWait.until(FluentWait.java:268)
at com.tetherfi.pages.BasePage.waitUntilWebElementIsVisible(BasePage.java:129)
at com.tetherfi.pages.BasePage.selectWebElement(BasePage.java:196)
at com.tetherfi.pages.HomePage.navigateToOCMPage(HomePage.java:61)
at com.tetherfi.test.UserOnBoardingCreateTest.NavigateToUserOnBoardingPage(UserOnBoardingCreateTest.java:61)
at sun.reflect.NativeMethodAccessorImpl.invoke0(Native Method)
at sun.reflect.NativeMethodAccessorImpl.invoke(Unknown Source)
at sun.reflect.DelegatingMethodAccessorImpl.invoke(Unknown Source)
at java.lang.reflect.Method.invoke(Unknown Source)
at org.testng.internal.MethodInvocationHelper.invokeMethod(MethodInvocationHelper.java:133)
at org.testng.internal.MethodInvocationHelper.invokeMethodConsideringTimeout(MethodInvocationHelper.java:62)
at org.testng.internal.ConfigInvoker.invokeConfigurationMethod(ConfigInvoker.java:340)
at org.testng.internal.ConfigInvoker.invokeConfigurations(ConfigInvoker.java:294)
at org.testng.internal.TestInvoker.runConfigMethods(TestInvoker.java:683)
at org.testng.internal.TestInvoker.invokeMethod(TestInvoker.java:510)
at org.testng.internal.TestInvoker.invokeTestMethod(TestInvoker.java:172)
at org.testng.internal.MethodRunner.runInSequence(MethodRunner.java:46)
at org.testng.internal.TestInvoker$MethodInvocationAgent.invoke(TestInvoker.java:804)
at org.testng.internal.TestInvoker.invokeTestMethods(TestInvoker.java:145)
at org.testng.internal.TestMethodWorker.invokeTestMethods(TestMethodWorker.java:146)
at org.testng.internal.TestMethodWorker.run(TestMethodWorker.java:128)
at java.util.ArrayList.forEach(Unknown Source)
at org.testng.TestRunner.privateRun(TestRunner.java:770)
at org.testng.TestRunner.run(TestRunner.java:591)
at org.testng.SuiteRunner.runTest(SuiteRunner.java:402)
at org.testng.SuiteRunner.runSequentially(SuiteRunner.java:396)
at org.testng.SuiteRunner.privateRun(SuiteRunner.java:355)
at org.testng.SuiteRunner.run(SuiteRunner.java:304)
at org.testng.SuiteRunnerWorker.runSuite(SuiteRunnerWorker.java:53)
at org.testng.SuiteRunnerWorker.run(SuiteRunnerWorker.java:96)
at org.testng.TestNG.runSuitesSequentially(TestNG.java:1180)
at org.testng.TestNG.runSuitesLocally(TestNG.java:1102)
at org.testng.TestNG.runSuites(TestNG.java:1032)
at org.testng.TestNG.run(TestNG.java:1000)
at org.testng.remote.AbstractRemoteTestNG.run(AbstractRemoteTestNG.java:115)
at org.testng.remote.RemoteTestNG.initAndRun(RemoteTestNG.java:251)
at org.testng.remote.RemoteTestNG.main(RemoteTestNG.java:77)
]]>
            </full-stacktrace>
          </exception> <!-- org.openqa.selenium.NoSuchWindowException -->
          <reporter-output>
          </reporter-output>
        </test-method> <!-- VerifyAuditTrailReportForCreate -->
        <test-method status="SKIP" signature="afterEachMethod(java.lang.reflect.Method)[pri:0, instance:com.tetherfi.test.UserOnBoardingCreateTest@1981d861]" name="afterEachMethod" is-config="true" duration-ms="-1620823473071" started-at="2021-05-12T18:14:33 IST" finished-at="1970-01-01T05:30:00 IST">
          <reporter-output>
          </reporter-output>
        </test-method> <!-- afterEachMethod -->
        <test-method status="SKIP" signature="NavigateToUserOnBoardingPage(java.lang.reflect.Method)[pri:0, instance:com.tetherfi.test.UserOnBoardingCreateTest@1981d861]" name="NavigateToUserOnBoardingPage" is-config="true" duration-ms="-1620823473073" started-at="2021-05-12T18:14:33 IST" finished-at="1970-01-01T05:30:00 IST">
          <reporter-output>
          </reporter-output>
        </test-method> <!-- NavigateToUserOnBoardingPage -->
        <test-method status="SKIP" signature="VerifyAuditTrailDataForAddNewUserOnBoardingRecord()[pri:18, instance:com.tetherfi.test.UserOnBoardingCreateTest@1981d861]" name="VerifyAuditTrailDataForAddNewUserOnBoardingRecord" duration-ms="0" started-at="2021-05-12T18:14:33 IST" description="To Verify AuditTrail Data for AddNewUserOnBoardingRecord " depends-on-methods="com.tetherfi.test.UserOnBoardingCreateTest.AddNewUserOnBoardingRecord" finished-at="2021-05-12T18:14:33 IST">
          <exception class="org.openqa.selenium.NoSuchWindowException">
            <message>
              <![CDATA[no such window: target window already closed
from unknown error: web view not found
  (Session info: chrome=90.0.4430.93)
Build info: version: '3.141.59', revision: 'e82be7d358', time: '2018-11-14T08:17:03'
System info: host: 'LAPTOP-NKH1C2HF', ip: '192.168.50.18', os.name: 'Windows 10', os.arch: 'amd64', os.version: '10.0', java.version: '1.8.0_181'
Driver info: org.openqa.selenium.chrome.ChromeDriver
Capabilities {acceptInsecureCerts: false, browserName: chrome, browserVersion: 90.0.4430.93, chrome: {chromedriverVersion: 90.0.4430.24 (4c6d850f087da..., userDataDir: C:\Users\AMITHA~1\AppData\L...}, goog:chromeOptions: {debuggerAddress: localhost:56170}, javascriptEnabled: true, networkConnectionEnabled: false, pageLoadStrategy: normal, platform: WINDOWS, platformName: WINDOWS, proxy: Proxy(), setWindowRect: true, strictFileInteractability: false, timeouts: {implicit: 0, pageLoad: 300000, script: 30000}, unhandledPromptBehavior: dismiss and notify, webauthn:extension:largeBlob: true, webauthn:virtualAuthenticators: true}
Session ID: 1bca9df9475f003075e0a5ad6b0fd21e
*** Element info: {Using=xpath, value=//i[@class='navbar-icons fal fa-desktop']}]]>
            </message>
            <full-stacktrace>
              <![CDATA[org.openqa.selenium.NoSuchWindowException: no such window: target window already closed
from unknown error: web view not found
  (Session info: chrome=90.0.4430.93)
Build info: version: '3.141.59', revision: 'e82be7d358', time: '2018-11-14T08:17:03'
System info: host: 'LAPTOP-NKH1C2HF', ip: '192.168.50.18', os.name: 'Windows 10', os.arch: 'amd64', os.version: '10.0', java.version: '1.8.0_181'
Driver info: org.openqa.selenium.chrome.ChromeDriver
Capabilities {acceptInsecureCerts: false, browserName: chrome, browserVersion: 90.0.4430.93, chrome: {chromedriverVersion: 90.0.4430.24 (4c6d850f087da..., userDataDir: C:\Users\AMITHA~1\AppData\L...}, goog:chromeOptions: {debuggerAddress: localhost:56170}, javascriptEnabled: true, networkConnectionEnabled: false, pageLoadStrategy: normal, platform: WINDOWS, platformName: WINDOWS, proxy: Proxy(), setWindowRect: true, strictFileInteractability: false, timeouts: {implicit: 0, pageLoad: 300000, script: 30000}, unhandledPromptBehavior: dismiss and notify, webauthn:extension:largeBlob: true, webauthn:virtualAuthenticators: true}
Session ID: 1bca9df9475f003075e0a5ad6b0fd21e
*** Element info: {Using=xpath, value=//i[@class='navbar-icons fal fa-desktop']}
at sun.reflect.GeneratedConstructorAccessor61.newInstance(Unknown Source)
at sun.reflect.DelegatingConstructorAccessorImpl.newInstance(Unknown Source)
at java.lang.reflect.Constructor.newInstance(Unknown Source)
at org.openqa.selenium.remote.http.W3CHttpResponseCodec.createException(W3CHttpResponseCodec.java:187)
at org.openqa.selenium.remote.http.W3CHttpResponseCodec.decode(W3CHttpResponseCodec.java:122)
at org.openqa.selenium.remote.http.W3CHttpResponseCodec.decode(W3CHttpResponseCodec.java:49)
at org.openqa.selenium.remote.HttpCommandExecutor.execute(HttpCommandExecutor.java:158)
at org.openqa.selenium.remote.service.DriverCommandExecutor.execute(DriverCommandExecutor.java:83)
at org.openqa.selenium.remote.RemoteWebDriver.execute(RemoteWebDriver.java:552)
at org.openqa.selenium.remote.RemoteWebDriver.findElement(RemoteWebDriver.java:323)
at org.openqa.selenium.remote.RemoteWebDriver.findElementByXPath(RemoteWebDriver.java:428)
at org.openqa.selenium.By$ByXPath.findElement(By.java:353)
at org.openqa.selenium.remote.RemoteWebDriver.findElement(RemoteWebDriver.java:315)
at org.openqa.selenium.support.pagefactory.DefaultElementLocator.findElement(DefaultElementLocator.java:69)
at org.openqa.selenium.support.pagefactory.internal.LocatingElementHandler.invoke(LocatingElementHandler.java:38)
at com.sun.proxy.$Proxy9.toString(Unknown Source)
at java.lang.String.valueOf(Unknown Source)
at java.lang.StringBuilder.append(Unknown Source)
at org.openqa.selenium.support.ui.ExpectedConditions$10.toString(ExpectedConditions.java:305)
at java.lang.String.valueOf(Unknown Source)
at java.lang.StringBuilder.append(Unknown Source)
at org.openqa.selenium.support.ui.FluentWait.until(FluentWait.java:268)
at com.tetherfi.pages.BasePage.waitUntilWebElementIsVisible(BasePage.java:129)
at com.tetherfi.pages.BasePage.selectWebElement(BasePage.java:196)
at com.tetherfi.pages.HomePage.navigateToOCMPage(HomePage.java:61)
at com.tetherfi.test.UserOnBoardingCreateTest.NavigateToUserOnBoardingPage(UserOnBoardingCreateTest.java:61)
at sun.reflect.NativeMethodAccessorImpl.invoke0(Native Method)
at sun.reflect.NativeMethodAccessorImpl.invoke(Unknown Source)
at sun.reflect.DelegatingMethodAccessorImpl.invoke(Unknown Source)
at java.lang.reflect.Method.invoke(Unknown Source)
at org.testng.internal.MethodInvocationHelper.invokeMethod(MethodInvocationHelper.java:133)
at org.testng.internal.MethodInvocationHelper.invokeMethodConsideringTimeout(MethodInvocationHelper.java:62)
at org.testng.internal.ConfigInvoker.invokeConfigurationMethod(ConfigInvoker.java:340)
at org.testng.internal.ConfigInvoker.invokeConfigurations(ConfigInvoker.java:294)
at org.testng.internal.TestInvoker.runConfigMethods(TestInvoker.java:683)
at org.testng.internal.TestInvoker.invokeMethod(TestInvoker.java:510)
at org.testng.internal.TestInvoker.invokeTestMethod(TestInvoker.java:172)
at org.testng.internal.MethodRunner.runInSequence(MethodRunner.java:46)
at org.testng.internal.TestInvoker$MethodInvocationAgent.invoke(TestInvoker.java:804)
at org.testng.internal.TestInvoker.invokeTestMethods(TestInvoker.java:145)
at org.testng.internal.TestMethodWorker.invokeTestMethods(TestMethodWorker.java:146)
at org.testng.internal.TestMethodWorker.run(TestMethodWorker.java:128)
at java.util.ArrayList.forEach(Unknown Source)
at org.testng.TestRunner.privateRun(TestRunner.java:770)
at org.testng.TestRunner.run(TestRunner.java:591)
at org.testng.SuiteRunner.runTest(SuiteRunner.java:402)
at org.testng.SuiteRunner.runSequentially(SuiteRunner.java:396)
at org.testng.SuiteRunner.privateRun(SuiteRunner.java:355)
at org.testng.SuiteRunner.run(SuiteRunner.java:304)
at org.testng.SuiteRunnerWorker.runSuite(SuiteRunnerWorker.java:53)
at org.testng.SuiteRunnerWorker.run(SuiteRunnerWorker.java:96)
at org.testng.TestNG.runSuitesSequentially(TestNG.java:1180)
at org.testng.TestNG.runSuitesLocally(TestNG.java:1102)
at org.testng.TestNG.runSuites(TestNG.java:1032)
at org.testng.TestNG.run(TestNG.java:1000)
at org.testng.remote.AbstractRemoteTestNG.run(AbstractRemoteTestNG.java:115)
at org.testng.remote.RemoteTestNG.initAndRun(RemoteTestNG.java:251)
at org.testng.remote.RemoteTestNG.main(RemoteTestNG.java:77)
]]>
            </full-stacktrace>
          </exception> <!-- org.openqa.selenium.NoSuchWindowException -->
          <reporter-output>
          </reporter-output>
        </test-method> <!-- VerifyAuditTrailDataForAddNewUserOnBoardingRecord -->
        <test-method status="SKIP" signature="afterEachMethod(java.lang.reflect.Method)[pri:0, instance:com.tetherfi.test.UserOnBoardingCreateTest@1981d861]" name="afterEachMethod" is-config="true" duration-ms="-1620823473076" started-at="2021-05-12T18:14:33 IST" finished-at="1970-01-01T05:30:00 IST">
          <reporter-output>
          </reporter-output>
        </test-method> <!-- afterEachMethod -->
        <test-method status="SKIP" signature="NavigateToUserOnBoardingPage(java.lang.reflect.Method)[pri:0, instance:com.tetherfi.test.UserOnBoardingCreateTest@1981d861]" name="NavigateToUserOnBoardingPage" is-config="true" duration-ms="-1620823473078" started-at="2021-05-12T18:14:33 IST" finished-at="1970-01-01T05:30:00 IST">
          <reporter-output>
          </reporter-output>
        </test-method> <!-- NavigateToUserOnBoardingPage -->
        <test-method status="SKIP" signature="VerifySendForApprovalForAddNewUserOnBoarding()[pri:19, instance:com.tetherfi.test.UserOnBoardingCreateTest@1981d861]" name="VerifySendForApprovalForAddNewUserOnBoarding" duration-ms="0" started-at="2021-05-12T18:14:33 IST" description="To Verify SendForApproval for AddNewUserOnBoarding " finished-at="2021-05-12T18:14:33 IST">
          <exception class="org.openqa.selenium.NoSuchWindowException">
            <message>
              <![CDATA[no such window: target window already closed
from unknown error: web view not found
  (Session info: chrome=90.0.4430.93)
Build info: version: '3.141.59', revision: 'e82be7d358', time: '2018-11-14T08:17:03'
System info: host: 'LAPTOP-NKH1C2HF', ip: '192.168.50.18', os.name: 'Windows 10', os.arch: 'amd64', os.version: '10.0', java.version: '1.8.0_181'
Driver info: org.openqa.selenium.chrome.ChromeDriver
Capabilities {acceptInsecureCerts: false, browserName: chrome, browserVersion: 90.0.4430.93, chrome: {chromedriverVersion: 90.0.4430.24 (4c6d850f087da..., userDataDir: C:\Users\AMITHA~1\AppData\L...}, goog:chromeOptions: {debuggerAddress: localhost:56170}, javascriptEnabled: true, networkConnectionEnabled: false, pageLoadStrategy: normal, platform: WINDOWS, platformName: WINDOWS, proxy: Proxy(), setWindowRect: true, strictFileInteractability: false, timeouts: {implicit: 0, pageLoad: 300000, script: 30000}, unhandledPromptBehavior: dismiss and notify, webauthn:extension:largeBlob: true, webauthn:virtualAuthenticators: true}
Session ID: 1bca9df9475f003075e0a5ad6b0fd21e
*** Element info: {Using=xpath, value=//i[@class='navbar-icons fal fa-desktop']}]]>
            </message>
            <full-stacktrace>
              <![CDATA[org.openqa.selenium.NoSuchWindowException: no such window: target window already closed
from unknown error: web view not found
  (Session info: chrome=90.0.4430.93)
Build info: version: '3.141.59', revision: 'e82be7d358', time: '2018-11-14T08:17:03'
System info: host: 'LAPTOP-NKH1C2HF', ip: '192.168.50.18', os.name: 'Windows 10', os.arch: 'amd64', os.version: '10.0', java.version: '1.8.0_181'
Driver info: org.openqa.selenium.chrome.ChromeDriver
Capabilities {acceptInsecureCerts: false, browserName: chrome, browserVersion: 90.0.4430.93, chrome: {chromedriverVersion: 90.0.4430.24 (4c6d850f087da..., userDataDir: C:\Users\AMITHA~1\AppData\L...}, goog:chromeOptions: {debuggerAddress: localhost:56170}, javascriptEnabled: true, networkConnectionEnabled: false, pageLoadStrategy: normal, platform: WINDOWS, platformName: WINDOWS, proxy: Proxy(), setWindowRect: true, strictFileInteractability: false, timeouts: {implicit: 0, pageLoad: 300000, script: 30000}, unhandledPromptBehavior: dismiss and notify, webauthn:extension:largeBlob: true, webauthn:virtualAuthenticators: true}
Session ID: 1bca9df9475f003075e0a5ad6b0fd21e
*** Element info: {Using=xpath, value=//i[@class='navbar-icons fal fa-desktop']}
at sun.reflect.GeneratedConstructorAccessor61.newInstance(Unknown Source)
at sun.reflect.DelegatingConstructorAccessorImpl.newInstance(Unknown Source)
at java.lang.reflect.Constructor.newInstance(Unknown Source)
at org.openqa.selenium.remote.http.W3CHttpResponseCodec.createException(W3CHttpResponseCodec.java:187)
at org.openqa.selenium.remote.http.W3CHttpResponseCodec.decode(W3CHttpResponseCodec.java:122)
at org.openqa.selenium.remote.http.W3CHttpResponseCodec.decode(W3CHttpResponseCodec.java:49)
at org.openqa.selenium.remote.HttpCommandExecutor.execute(HttpCommandExecutor.java:158)
at org.openqa.selenium.remote.service.DriverCommandExecutor.execute(DriverCommandExecutor.java:83)
at org.openqa.selenium.remote.RemoteWebDriver.execute(RemoteWebDriver.java:552)
at org.openqa.selenium.remote.RemoteWebDriver.findElement(RemoteWebDriver.java:323)
at org.openqa.selenium.remote.RemoteWebDriver.findElementByXPath(RemoteWebDriver.java:428)
at org.openqa.selenium.By$ByXPath.findElement(By.java:353)
at org.openqa.selenium.remote.RemoteWebDriver.findElement(RemoteWebDriver.java:315)
at org.openqa.selenium.support.pagefactory.DefaultElementLocator.findElement(DefaultElementLocator.java:69)
at org.openqa.selenium.support.pagefactory.internal.LocatingElementHandler.invoke(LocatingElementHandler.java:38)
at com.sun.proxy.$Proxy9.toString(Unknown Source)
at java.lang.String.valueOf(Unknown Source)
at java.lang.StringBuilder.append(Unknown Source)
at org.openqa.selenium.support.ui.ExpectedConditions$10.toString(ExpectedConditions.java:305)
at java.lang.String.valueOf(Unknown Source)
at java.lang.StringBuilder.append(Unknown Source)
at org.openqa.selenium.support.ui.FluentWait.until(FluentWait.java:268)
at com.tetherfi.pages.BasePage.waitUntilWebElementIsVisible(BasePage.java:129)
at com.tetherfi.pages.BasePage.selectWebElement(BasePage.java:196)
at com.tetherfi.pages.HomePage.navigateToOCMPage(HomePage.java:61)
at com.tetherfi.test.UserOnBoardingCreateTest.NavigateToUserOnBoardingPage(UserOnBoardingCreateTest.java:61)
at sun.reflect.NativeMethodAccessorImpl.invoke0(Native Method)
at sun.reflect.NativeMethodAccessorImpl.invoke(Unknown Source)
at sun.reflect.DelegatingMethodAccessorImpl.invoke(Unknown Source)
at java.lang.reflect.Method.invoke(Unknown Source)
at org.testng.internal.MethodInvocationHelper.invokeMethod(MethodInvocationHelper.java:133)
at org.testng.internal.MethodInvocationHelper.invokeMethodConsideringTimeout(MethodInvocationHelper.java:62)
at org.testng.internal.ConfigInvoker.invokeConfigurationMethod(ConfigInvoker.java:340)
at org.testng.internal.ConfigInvoker.invokeConfigurations(ConfigInvoker.java:294)
at org.testng.internal.TestInvoker.runConfigMethods(TestInvoker.java:683)
at org.testng.internal.TestInvoker.invokeMethod(TestInvoker.java:510)
at org.testng.internal.TestInvoker.invokeTestMethod(TestInvoker.java:172)
at org.testng.internal.MethodRunner.runInSequence(MethodRunner.java:46)
at org.testng.internal.TestInvoker$MethodInvocationAgent.invoke(TestInvoker.java:804)
at org.testng.internal.TestInvoker.invokeTestMethods(TestInvoker.java:145)
at org.testng.internal.TestMethodWorker.invokeTestMethods(TestMethodWorker.java:146)
at org.testng.internal.TestMethodWorker.run(TestMethodWorker.java:128)
at java.util.ArrayList.forEach(Unknown Source)
at org.testng.TestRunner.privateRun(TestRunner.java:770)
at org.testng.TestRunner.run(TestRunner.java:591)
at org.testng.SuiteRunner.runTest(SuiteRunner.java:402)
at org.testng.SuiteRunner.runSequentially(SuiteRunner.java:396)
at org.testng.SuiteRunner.privateRun(SuiteRunner.java:355)
at org.testng.SuiteRunner.run(SuiteRunner.java:304)
at org.testng.SuiteRunnerWorker.runSuite(SuiteRunnerWorker.java:53)
at org.testng.SuiteRunnerWorker.run(SuiteRunnerWorker.java:96)
at org.testng.TestNG.runSuitesSequentially(TestNG.java:1180)
at org.testng.TestNG.runSuitesLocally(TestNG.java:1102)
at org.testng.TestNG.runSuites(TestNG.java:1032)
at org.testng.TestNG.run(TestNG.java:1000)
at org.testng.remote.AbstractRemoteTestNG.run(AbstractRemoteTestNG.java:115)
at org.testng.remote.RemoteTestNG.initAndRun(RemoteTestNG.java:251)
at org.testng.remote.RemoteTestNG.main(RemoteTestNG.java:77)
]]>
            </full-stacktrace>
          </exception> <!-- org.openqa.selenium.NoSuchWindowException -->
          <reporter-output>
          </reporter-output>
        </test-method> <!-- VerifySendForApprovalForAddNewUserOnBoarding -->
        <test-method status="SKIP" signature="afterEachMethod(java.lang.reflect.Method)[pri:0, instance:com.tetherfi.test.UserOnBoardingCreateTest@1981d861]" name="afterEachMethod" is-config="true" duration-ms="-1620823473081" started-at="2021-05-12T18:14:33 IST" finished-at="1970-01-01T05:30:00 IST">
          <reporter-output>
          </reporter-output>
        </test-method> <!-- afterEachMethod -->
        <test-method status="SKIP" signature="VerifyAuditTrailReportForSendForApproval()[pri:20, instance:com.tetherfi.test.UserOnBoardingCreateTest@1981d861]" name="VerifyAuditTrailReportForSendForApproval" duration-ms="0" started-at="2021-05-12T18:14:33 IST" description="VerifyAuditTrail Report for SendForApproval " depends-on-methods="com.tetherfi.test.UserOnBoardingCreateTest.VerifySendForApprovalForAddNewUserOnBoarding" finished-at="2021-05-12T18:14:33 IST">
          <exception class="java.lang.Throwable">
            <message>
              <![CDATA[Method UserOnBoardingCreateTest.VerifyAuditTrailReportForSendForApproval()[pri:20, instance:com.tetherfi.test.UserOnBoardingCreateTest@1981d861] depends on not successfully finished methods]]>
            </message>
            <full-stacktrace>
              <![CDATA[java.lang.Throwable: Method UserOnBoardingCreateTest.VerifyAuditTrailReportForSendForApproval()[pri:20, instance:com.tetherfi.test.UserOnBoardingCreateTest@1981d861] depends on not successfully finished methods
at org.testng.internal.TestInvoker.invokeTestMethods(TestInvoker.java:99)
at org.testng.internal.TestMethodWorker.invokeTestMethods(TestMethodWorker.java:146)
at org.testng.internal.TestMethodWorker.run(TestMethodWorker.java:128)
at java.util.ArrayList.forEach(Unknown Source)
at org.testng.TestRunner.privateRun(TestRunner.java:770)
at org.testng.TestRunner.run(TestRunner.java:591)
at org.testng.SuiteRunner.runTest(SuiteRunner.java:402)
at org.testng.SuiteRunner.runSequentially(SuiteRunner.java:396)
at org.testng.SuiteRunner.privateRun(SuiteRunner.java:355)
at org.testng.SuiteRunner.run(SuiteRunner.java:304)
at org.testng.SuiteRunnerWorker.runSuite(SuiteRunnerWorker.java:53)
at org.testng.SuiteRunnerWorker.run(SuiteRunnerWorker.java:96)
at org.testng.TestNG.runSuitesSequentially(TestNG.java:1180)
at org.testng.TestNG.runSuitesLocally(TestNG.java:1102)
at org.testng.TestNG.runSuites(TestNG.java:1032)
at org.testng.TestNG.run(TestNG.java:1000)
at org.testng.remote.AbstractRemoteTestNG.run(AbstractRemoteTestNG.java:115)
at org.testng.remote.RemoteTestNG.initAndRun(RemoteTestNG.java:251)
at org.testng.remote.RemoteTestNG.main(RemoteTestNG.java:77)
]]>
            </full-stacktrace>
          </exception> <!-- java.lang.Throwable -->
          <reporter-output>
          </reporter-output>
        </test-method> <!-- VerifyAuditTrailReportForSendForApproval -->
        <test-method status="SKIP" signature="ApproveforAddNewUserOnBoardingRecord()[pri:21, instance:com.tetherfi.test.UserOnBoardingCreateTest@1981d861]" name="ApproveforAddNewUserOnBoardingRecord" duration-ms="0" started-at="2021-05-12T18:14:33 IST" description="To Verify Checker ApproveforAddNewUserOnBoardingRecord" depends-on-methods="com.tetherfi.test.UserOnBoardingCreateTest.VerifySendForApprovalForAddNewUserOnBoarding" finished-at="2021-05-12T18:14:33 IST">
          <exception class="java.lang.Throwable">
            <message>
              <![CDATA[Method UserOnBoardingCreateTest.ApproveforAddNewUserOnBoardingRecord()[pri:21, instance:com.tetherfi.test.UserOnBoardingCreateTest@1981d861] depends on not successfully finished methods]]>
            </message>
            <full-stacktrace>
              <![CDATA[java.lang.Throwable: Method UserOnBoardingCreateTest.ApproveforAddNewUserOnBoardingRecord()[pri:21, instance:com.tetherfi.test.UserOnBoardingCreateTest@1981d861] depends on not successfully finished methods
at org.testng.internal.TestInvoker.invokeTestMethods(TestInvoker.java:99)
at org.testng.internal.TestMethodWorker.invokeTestMethods(TestMethodWorker.java:146)
at org.testng.internal.TestMethodWorker.run(TestMethodWorker.java:128)
at java.util.ArrayList.forEach(Unknown Source)
at org.testng.TestRunner.privateRun(TestRunner.java:770)
at org.testng.TestRunner.run(TestRunner.java:591)
at org.testng.SuiteRunner.runTest(SuiteRunner.java:402)
at org.testng.SuiteRunner.runSequentially(SuiteRunner.java:396)
at org.testng.SuiteRunner.privateRun(SuiteRunner.java:355)
at org.testng.SuiteRunner.run(SuiteRunner.java:304)
at org.testng.SuiteRunnerWorker.runSuite(SuiteRunnerWorker.java:53)
at org.testng.SuiteRunnerWorker.run(SuiteRunnerWorker.java:96)
at org.testng.TestNG.runSuitesSequentially(TestNG.java:1180)
at org.testng.TestNG.runSuitesLocally(TestNG.java:1102)
at org.testng.TestNG.runSuites(TestNG.java:1032)
at org.testng.TestNG.run(TestNG.java:1000)
at org.testng.remote.AbstractRemoteTestNG.run(AbstractRemoteTestNG.java:115)
at org.testng.remote.RemoteTestNG.initAndRun(RemoteTestNG.java:251)
at org.testng.remote.RemoteTestNG.main(RemoteTestNG.java:77)
]]>
            </full-stacktrace>
          </exception> <!-- java.lang.Throwable -->
          <reporter-output>
          </reporter-output>
        </test-method> <!-- ApproveforAddNewUserOnBoardingRecord -->
        <test-method status="SKIP" signature="VerifyAuditTrailReportForApprove()[pri:22, instance:com.tetherfi.test.UserOnBoardingCreateTest@1981d861]" name="VerifyAuditTrailReportForApprove" duration-ms="0" started-at="2021-05-12T18:14:33 IST" description="To VerifyAuditTrailReportForApproved Record" depends-on-methods="com.tetherfi.test.UserOnBoardingCreateTest.ApproveforAddNewUserOnBoardingRecord" finished-at="2021-05-12T18:14:33 IST">
          <exception class="java.lang.Throwable">
            <message>
              <![CDATA[Method UserOnBoardingCreateTest.VerifyAuditTrailReportForApprove()[pri:22, instance:com.tetherfi.test.UserOnBoardingCreateTest@1981d861] depends on not successfully finished methods]]>
            </message>
            <full-stacktrace>
              <![CDATA[java.lang.Throwable: Method UserOnBoardingCreateTest.VerifyAuditTrailReportForApprove()[pri:22, instance:com.tetherfi.test.UserOnBoardingCreateTest@1981d861] depends on not successfully finished methods
at org.testng.internal.TestInvoker.invokeTestMethods(TestInvoker.java:99)
at org.testng.internal.TestMethodWorker.invokeTestMethods(TestMethodWorker.java:146)
at org.testng.internal.TestMethodWorker.run(TestMethodWorker.java:128)
at java.util.ArrayList.forEach(Unknown Source)
at org.testng.TestRunner.privateRun(TestRunner.java:770)
at org.testng.TestRunner.run(TestRunner.java:591)
at org.testng.SuiteRunner.runTest(SuiteRunner.java:402)
at org.testng.SuiteRunner.runSequentially(SuiteRunner.java:396)
at org.testng.SuiteRunner.privateRun(SuiteRunner.java:355)
at org.testng.SuiteRunner.run(SuiteRunner.java:304)
at org.testng.SuiteRunnerWorker.runSuite(SuiteRunnerWorker.java:53)
at org.testng.SuiteRunnerWorker.run(SuiteRunnerWorker.java:96)
at org.testng.TestNG.runSuitesSequentially(TestNG.java:1180)
at org.testng.TestNG.runSuitesLocally(TestNG.java:1102)
at org.testng.TestNG.runSuites(TestNG.java:1032)
at org.testng.TestNG.run(TestNG.java:1000)
at org.testng.remote.AbstractRemoteTestNG.run(AbstractRemoteTestNG.java:115)
at org.testng.remote.RemoteTestNG.initAndRun(RemoteTestNG.java:251)
at org.testng.remote.RemoteTestNG.main(RemoteTestNG.java:77)
]]>
            </full-stacktrace>
          </exception> <!-- java.lang.Throwable -->
          <reporter-output>
          </reporter-output>
        </test-method> <!-- VerifyAuditTrailReportForApprove -->
      </class> <!-- com.tetherfi.test.UserOnBoardingCreateTest -->
    </test> <!-- Home -->
  </suite> <!-- Tetherfi Test Automation -->
</testng-results>
