<?xml version="1.0" encoding="UTF-8"?>
<testng-results ignored="0" total="25" passed="17" failed="8" skipped="0">
  <reporter-output>
    <line>
      <![CDATA[Test Case <b style="color:red;" "font-size:25px;">FAILED</b>
]]>
    </line>
    <line>
      <![CDATA[<img src="Screenshot\EditCancelIntroMessageAnnouncementRecord.jpg" alt="Image Not Found"/><br />]]>
    </line>
    <line>
      <![CDATA[Test Case <b style="color:green;" "font-size:25px;">Passed</b>
]]>
    </line>
    <line>
      <![CDATA[<img src="Screenshot\EditRecordWithoutModifyReason.jpg" alt="Image Not Found"/><br />]]>
    </line>
    <line>
      <![CDATA[Test Case <b style="color:green;" "font-size:25px;">Passed</b>
]]>
    </line>
    <line>
      <![CDATA[<img src="Screenshot\EditRevertIntroMessageAnnouncementRecord.jpg" alt="Image Not Found"/><br />]]>
    </line>
    <line>
      <![CDATA[Test Case <b style="color:green;" "font-size:25px;">Passed</b>
]]>
    </line>
    <line>
      <![CDATA[<img src="Screenshot\VerifyRevertForEditRecord.jpg" alt="Image Not Found"/><br />]]>
    </line>
    <line>
      <![CDATA[Test Case <b style="color:red;" "font-size:25px;">FAILED</b>
]]>
    </line>
    <line>
      <![CDATA[<img src="Screenshot\VerifyAuditTrialReportForRevertUpdate.jpg" alt="Image Not Found"/><br />]]>
    </line>
    <line>
      <![CDATA[Test Case <b style="color:green;" "font-size:25px;">Passed</b>
]]>
    </line>
    <line>
      <![CDATA[<img src="Screenshot\EditRejectRecord.jpg" alt="Image Not Found"/><br />]]>
    </line>
    <line>
      <![CDATA[Test Case <b style="color:green;" "font-size:25px;">Passed</b>
]]>
    </line>
    <line>
      <![CDATA[<img src="Screenshot\VerifySendForApprovalForEditRejectRecord.jpg" alt="Image Not Found"/><br />]]>
    </line>
    <line>
      <![CDATA[Test Case <b style="color:green;" "font-size:25px;">Passed</b>
]]>
    </line>
    <line>
      <![CDATA[<img src="Screenshot\RejectforEditIntroMessageAnnouncementRecord.jpg" alt="Image Not Found"/><br />]]>
    </line>
    <line>
      <![CDATA[Test Case <b style="color:red;" "font-size:25px;">FAILED</b>
]]>
    </line>
    <line>
      <![CDATA[<img src="Screenshot\VerifyAuditTrailReportForReject.jpg" alt="Image Not Found"/><br />]]>
    </line>
    <line>
      <![CDATA[Test Case <b style="color:green;" "font-size:25px;">Passed</b>
]]>
    </line>
    <line>
      <![CDATA[<img src="Screenshot\DeleteCancelIntroMessageAnnouncementRecord.jpg" alt="Image Not Found"/><br />]]>
    </line>
    <line>
      <![CDATA[Test Case <b style="color:green;" "font-size:25px;">Passed</b>
]]>
    </line>
    <line>
      <![CDATA[<img src="Screenshot\DeleteWithoutModifyReasonRecord.jpg" alt="Image Not Found"/><br />]]>
    </line>
    <line>
      <![CDATA[Test Case <b style="color:green;" "font-size:25px;">Passed</b>
]]>
    </line>
    <line>
      <![CDATA[<img src="Screenshot\DeleteRecord.jpg" alt="Image Not Found"/><br />]]>
    </line>
    <line>
      <![CDATA[Test Case <b style="color:green;" "font-size:25px;">Passed</b>
]]>
    </line>
    <line>
      <![CDATA[<img src="Screenshot\VerifyRevertForDeleteRecord.jpg" alt="Image Not Found"/><br />]]>
    </line>
    <line>
      <![CDATA[Test Case <b style="color:red;" "font-size:25px;">FAILED</b>
]]>
    </line>
    <line>
      <![CDATA[<img src="Screenshot\VerifyAuditTrialReportForRevertDelete.jpg" alt="Image Not Found"/><br />]]>
    </line>
    <line>
      <![CDATA[Test Case <b style="color:green;" "font-size:25px;">Passed</b>
]]>
    </line>
    <line>
      <![CDATA[<img src="Screenshot\RejectDeleteRecord.jpg" alt="Image Not Found"/><br />]]>
    </line>
    <line>
      <![CDATA[Test Case <b style="color:green;" "font-size:25px;">Passed</b>
]]>
    </line>
    <line>
      <![CDATA[<img src="Screenshot\VerifySendForApprovalForDeleteNewRecord.jpg" alt="Image Not Found"/><br />]]>
    </line>
    <line>
      <![CDATA[Test Case <b style="color:green;" "font-size:25px;">Passed</b>
]]>
    </line>
    <line>
      <![CDATA[<img src="Screenshot\RejectforDeleteIntroMessageAnnouncementRecord.jpg" alt="Image Not Found"/><br />]]>
    </line>
    <line>
      <![CDATA[Test Case <b style="color:red;" "font-size:25px;">FAILED</b>
]]>
    </line>
    <line>
      <![CDATA[<img src="Screenshot\VerifyAuditTrailReportForReject.jpg" alt="Image Not Found"/><br />]]>
    </line>
    <line>
      <![CDATA[Test Case <b style="color:green;" "font-size:25px;">Passed</b>
]]>
    </line>
    <line>
      <![CDATA[<img src="Screenshot\DeleteIntroMessageAnnouncementRecord.jpg" alt="Image Not Found"/><br />]]>
    </line>
    <line>
      <![CDATA[Test Case <b style="color:red;" "font-size:25px;">FAILED</b>
]]>
    </line>
    <line>
      <![CDATA[<img src="Screenshot\VerifyAuditTrialReportForDelete.jpg" alt="Image Not Found"/><br />]]>
    </line>
    <line>
      <![CDATA[Test Case <b style="color:green;" "font-size:25px;">Passed</b>
]]>
    </line>
    <line>
      <![CDATA[<img src="Screenshot\VerifyAuditTrailDataForDeleteIntroMessageAnnouncementRecord.jpg" alt="Image Not Found"/><br />]]>
    </line>
    <line>
      <![CDATA[Test Case <b style="color:green;" "font-size:25px;">Passed</b>
]]>
    </line>
    <line>
      <![CDATA[<img src="Screenshot\VerifySendForApprovalForDeleteRecord.jpg" alt="Image Not Found"/><br />]]>
    </line>
    <line>
      <![CDATA[Test Case <b style="color:red;" "font-size:25px;">FAILED</b>
]]>
    </line>
    <line>
      <![CDATA[<img src="Screenshot\VerifyAuditTrailReportForSendForApprove.jpg" alt="Image Not Found"/><br />]]>
    </line>
    <line>
      <![CDATA[Test Case <b style="color:green;" "font-size:25px;">Passed</b>
]]>
    </line>
    <line>
      <![CDATA[<img src="Screenshot\ApproveforDeleteIntroMessageAnnouncementRecord.jpg" alt="Image Not Found"/><br />]]>
    </line>
    <line>
      <![CDATA[Test Case <b style="color:red;" "font-size:25px;">FAILED</b>
]]>
    </line>
    <line>
      <![CDATA[<img src="Screenshot\VerifyAuditTrailReportForApprove.jpg" alt="Image Not Found"/><br />]]>
    </line>
  </reporter-output>
  <suite started-at="2019-11-15T16:01:32 IST" name="Tetherfi Test Automation" finished-at="2019-11-15T16:19:53 IST" duration-ms="1100472">
    <groups>
      <group name="Checker">
        <method signature="IntroMessageAnnouncementUpdateTest.RejectforEditIntroMessageAnnouncementRecord()[pri:8, instance:com.tetherfi.test.ivr.IntroMessageAnnouncementUpdateTest@6af90849]" name="RejectforEditIntroMessageAnnouncementRecord" class="com.tetherfi.test.ivr.IntroMessageAnnouncementUpdateTest"/>
        <method signature="IntroMessageAnnouncementUpdateTest.VerifyAuditTrailReportForReject()[pri:9, instance:com.tetherfi.test.ivr.IntroMessageAnnouncementUpdateTest@6af90849]" name="VerifyAuditTrailReportForReject" class="com.tetherfi.test.ivr.IntroMessageAnnouncementUpdateTest"/>
        <method signature="IntroMessageAnnouncementDeleteTest.ApproveforDeleteIntroMessageAnnouncementRecord()[pri:15, instance:com.tetherfi.test.ivr.IntroMessageAnnouncementDeleteTest@e829999]" name="ApproveforDeleteIntroMessageAnnouncementRecord" class="com.tetherfi.test.ivr.IntroMessageAnnouncementDeleteTest"/>
        <method signature="IntroMessageAnnouncementDeleteTest.VerifyAuditTrailReportForApprove()[pri:16, instance:com.tetherfi.test.ivr.IntroMessageAnnouncementDeleteTest@e829999]" name="VerifyAuditTrailReportForApprove" class="com.tetherfi.test.ivr.IntroMessageAnnouncementDeleteTest"/>
        <method signature="IntroMessageAnnouncementDeleteTest.RejectforDeleteIntroMessageAnnouncementRecord()[pri:8, instance:com.tetherfi.test.ivr.IntroMessageAnnouncementDeleteTest@e829999]" name="RejectforDeleteIntroMessageAnnouncementRecord" class="com.tetherfi.test.ivr.IntroMessageAnnouncementDeleteTest"/>
        <method signature="IntroMessageAnnouncementDeleteTest.VerifyAuditTrailReportForReject()[pri:9, instance:com.tetherfi.test.ivr.IntroMessageAnnouncementDeleteTest@e829999]" name="VerifyAuditTrailReportForReject" class="com.tetherfi.test.ivr.IntroMessageAnnouncementDeleteTest"/>
      </group> <!-- Checker -->
      <group name="Maker">
        <method signature="IntroMessageAnnouncementUpdateTest.EditCancelIntroMessageAnnouncementRecord()[pri:1, instance:com.tetherfi.test.ivr.IntroMessageAnnouncementUpdateTest@6af90849]" name="EditCancelIntroMessageAnnouncementRecord" class="com.tetherfi.test.ivr.IntroMessageAnnouncementUpdateTest"/>
        <method signature="IntroMessageAnnouncementUpdateTest.EditRecordWithoutModifyReason()[pri:2, instance:com.tetherfi.test.ivr.IntroMessageAnnouncementUpdateTest@6af90849]" name="EditRecordWithoutModifyReason" class="com.tetherfi.test.ivr.IntroMessageAnnouncementUpdateTest"/>
        <method signature="IntroMessageAnnouncementUpdateTest.EditRejectRecord()[pri:6, instance:com.tetherfi.test.ivr.IntroMessageAnnouncementUpdateTest@6af90849]" name="EditRejectRecord" class="com.tetherfi.test.ivr.IntroMessageAnnouncementUpdateTest"/>
        <method signature="IntroMessageAnnouncementUpdateTest.EditRevertIntroMessageAnnouncementRecord()[pri:3, instance:com.tetherfi.test.ivr.IntroMessageAnnouncementUpdateTest@6af90849]" name="EditRevertIntroMessageAnnouncementRecord" class="com.tetherfi.test.ivr.IntroMessageAnnouncementUpdateTest"/>
        <method signature="IntroMessageAnnouncementUpdateTest.VerifyRevertForEditRecord()[pri:4, instance:com.tetherfi.test.ivr.IntroMessageAnnouncementUpdateTest@6af90849]" name="VerifyRevertForEditRecord" class="com.tetherfi.test.ivr.IntroMessageAnnouncementUpdateTest"/>
        <method signature="IntroMessageAnnouncementUpdateTest.VerifyAuditTrialReportForRevertUpdate()[pri:5, instance:com.tetherfi.test.ivr.IntroMessageAnnouncementUpdateTest@6af90849]" name="VerifyAuditTrialReportForRevertUpdate" class="com.tetherfi.test.ivr.IntroMessageAnnouncementUpdateTest"/>
        <method signature="IntroMessageAnnouncementUpdateTest.VerifySendForApprovalForEditRejectRecord()[pri:7, instance:com.tetherfi.test.ivr.IntroMessageAnnouncementUpdateTest@6af90849]" name="VerifySendForApprovalForEditRejectRecord" class="com.tetherfi.test.ivr.IntroMessageAnnouncementUpdateTest"/>
        <method signature="IntroMessageAnnouncementDeleteTest.DeleteCancelIntroMessageAnnouncementRecord()[pri:1, instance:com.tetherfi.test.ivr.IntroMessageAnnouncementDeleteTest@e829999]" name="DeleteCancelIntroMessageAnnouncementRecord" class="com.tetherfi.test.ivr.IntroMessageAnnouncementDeleteTest"/>
        <method signature="IntroMessageAnnouncementDeleteTest.DeleteIntroMessageAnnouncementRecord()[pri:10, instance:com.tetherfi.test.ivr.IntroMessageAnnouncementDeleteTest@e829999]" name="DeleteIntroMessageAnnouncementRecord" class="com.tetherfi.test.ivr.IntroMessageAnnouncementDeleteTest"/>
        <method signature="IntroMessageAnnouncementDeleteTest.DeleteRecord()[pri:3, instance:com.tetherfi.test.ivr.IntroMessageAnnouncementDeleteTest@e829999]" name="DeleteRecord" class="com.tetherfi.test.ivr.IntroMessageAnnouncementDeleteTest"/>
        <method signature="IntroMessageAnnouncementDeleteTest.DeleteWithoutModifyReasonRecord()[pri:2, instance:com.tetherfi.test.ivr.IntroMessageAnnouncementDeleteTest@e829999]" name="DeleteWithoutModifyReasonRecord" class="com.tetherfi.test.ivr.IntroMessageAnnouncementDeleteTest"/>
        <method signature="IntroMessageAnnouncementDeleteTest.RejectDeleteRecord()[pri:6, instance:com.tetherfi.test.ivr.IntroMessageAnnouncementDeleteTest@e829999]" name="RejectDeleteRecord" class="com.tetherfi.test.ivr.IntroMessageAnnouncementDeleteTest"/>
        <method signature="IntroMessageAnnouncementDeleteTest.VerifyAuditTrailDataForDeleteIntroMessageAnnouncementRecord()[pri:12, instance:com.tetherfi.test.ivr.IntroMessageAnnouncementDeleteTest@e829999]" name="VerifyAuditTrailDataForDeleteIntroMessageAnnouncementRecord" class="com.tetherfi.test.ivr.IntroMessageAnnouncementDeleteTest"/>
        <method signature="IntroMessageAnnouncementDeleteTest.VerifyAuditTrialReportForDelete()[pri:11, instance:com.tetherfi.test.ivr.IntroMessageAnnouncementDeleteTest@e829999]" name="VerifyAuditTrialReportForDelete" class="com.tetherfi.test.ivr.IntroMessageAnnouncementDeleteTest"/>
        <method signature="IntroMessageAnnouncementDeleteTest.VerifyRevertForDeleteRecord()[pri:4, instance:com.tetherfi.test.ivr.IntroMessageAnnouncementDeleteTest@e829999]" name="VerifyRevertForDeleteRecord" class="com.tetherfi.test.ivr.IntroMessageAnnouncementDeleteTest"/>
        <method signature="IntroMessageAnnouncementDeleteTest.VerifyAuditTrialReportForRevertDelete()[pri:5, instance:com.tetherfi.test.ivr.IntroMessageAnnouncementDeleteTest@e829999]" name="VerifyAuditTrialReportForRevertDelete" class="com.tetherfi.test.ivr.IntroMessageAnnouncementDeleteTest"/>
        <method signature="IntroMessageAnnouncementDeleteTest.VerifySendForApprovalForDeleteNewRecord()[pri:7, instance:com.tetherfi.test.ivr.IntroMessageAnnouncementDeleteTest@e829999]" name="VerifySendForApprovalForDeleteNewRecord" class="com.tetherfi.test.ivr.IntroMessageAnnouncementDeleteTest"/>
        <method signature="IntroMessageAnnouncementDeleteTest.VerifySendForApprovalForDeleteRecord()[pri:13, instance:com.tetherfi.test.ivr.IntroMessageAnnouncementDeleteTest@e829999]" name="VerifySendForApprovalForDeleteRecord" class="com.tetherfi.test.ivr.IntroMessageAnnouncementDeleteTest"/>
        <method signature="IntroMessageAnnouncementDeleteTest.VerifyAuditTrailReportForSendForApprove()[pri:14, instance:com.tetherfi.test.ivr.IntroMessageAnnouncementDeleteTest@e829999]" name="VerifyAuditTrailReportForSendForApprove" class="com.tetherfi.test.ivr.IntroMessageAnnouncementDeleteTest"/>
      </group> <!-- Maker -->
    </groups>
    <test started-at="2019-11-15T16:01:32 IST" name="IntroMessage Announcement Update" finished-at="2019-11-15T16:08:03 IST" duration-ms="390701">
      <class name="com.tetherfi.test.ivr.IntroMessageAnnouncementUpdateTest">
        <test-method is-config="true" signature="NavigateIntroMessageAnnouncementPage(java.lang.reflect.Method)[pri:0, instance:com.tetherfi.test.ivr.IntroMessageAnnouncementUpdateTest@6af90849]" started-at="2019-11-15T16:01:32 IST" name="NavigateIntroMessageAnnouncementPage" finished-at="2019-11-15T16:02:00 IST" duration-ms="27847" status="PASS">
          <params>
            <param index="0">
              <value>
                <![CDATA[public void com.tetherfi.test.ivr.IntroMessageAnnouncementUpdateTest.EditCancelIntroMessageAnnouncementRecord() throws java.lang.Exception]]>
              </value>
            </param>
          </params>
          <reporter-output>
          </reporter-output>
        </test-method> <!-- NavigateIntroMessageAnnouncementPage -->
        <test-method signature="EditCancelIntroMessageAnnouncementRecord()[pri:1, instance:com.tetherfi.test.ivr.IntroMessageAnnouncementUpdateTest@6af90849]" started-at="2019-11-15T16:02:00 IST" name="EditCancelIntroMessageAnnouncementRecord" finished-at="2019-11-15T16:02:09 IST" duration-ms="8246" status="FAIL">
          <exception class="java.lang.AssertionError">
            <message>
              <![CDATA[Edit Cancel assertion Failed did not expect to find [true] but found [false]]]>
            </message>
            <full-stacktrace>
              <![CDATA[java.lang.AssertionError: Edit Cancel assertion Failed did not expect to find [true] but found [false]
at org.testng.Assert.fail(Assert.java:97)
at org.testng.Assert.failNotEquals(Assert.java:969)
at org.testng.Assert.assertTrue(Assert.java:43)
at com.tetherfi.test.ivr.IntroMessageAnnouncementUpdateTest.EditCancelIntroMessageAnnouncementRecord(IntroMessageAnnouncementUpdateTest.java:75)
at java.base/jdk.internal.reflect.NativeMethodAccessorImpl.invoke0(Native Method)
at java.base/jdk.internal.reflect.NativeMethodAccessorImpl.invoke(Unknown Source)
at java.base/jdk.internal.reflect.DelegatingMethodAccessorImpl.invoke(Unknown Source)
at java.base/java.lang.reflect.Method.invoke(Unknown Source)
at org.testng.internal.MethodInvocationHelper.invokeMethod(MethodInvocationHelper.java:133)
at org.testng.internal.TestInvoker.invokeMethod(TestInvoker.java:584)
at org.testng.internal.TestInvoker.invokeTestMethod(TestInvoker.java:172)
at org.testng.internal.MethodRunner.runInSequence(MethodRunner.java:46)
at org.testng.internal.TestInvoker$MethodInvocationAgent.invoke(TestInvoker.java:804)
at org.testng.internal.TestInvoker.invokeTestMethods(TestInvoker.java:145)
at org.testng.internal.TestMethodWorker.invokeTestMethods(TestMethodWorker.java:146)
at org.testng.internal.TestMethodWorker.run(TestMethodWorker.java:128)
at java.base/java.util.ArrayList.forEach(Unknown Source)
at org.testng.TestRunner.privateRun(TestRunner.java:770)
at org.testng.TestRunner.run(TestRunner.java:591)
at org.testng.SuiteRunner.runTest(SuiteRunner.java:402)
at org.testng.SuiteRunner.runSequentially(SuiteRunner.java:396)
at org.testng.SuiteRunner.privateRun(SuiteRunner.java:355)
at org.testng.SuiteRunner.run(SuiteRunner.java:304)
at org.testng.SuiteRunnerWorker.runSuite(SuiteRunnerWorker.java:53)
at org.testng.SuiteRunnerWorker.run(SuiteRunnerWorker.java:96)
at org.testng.TestNG.runSuitesSequentially(TestNG.java:1180)
at org.testng.TestNG.runSuitesLocally(TestNG.java:1102)
at org.testng.TestNG.runSuites(TestNG.java:1032)
at org.testng.TestNG.run(TestNG.java:1000)
at org.testng.remote.AbstractRemoteTestNG.run(AbstractRemoteTestNG.java:115)
at org.testng.remote.RemoteTestNG.initAndRun(RemoteTestNG.java:251)
at org.testng.remote.RemoteTestNG.main(RemoteTestNG.java:77)
]]>
            </full-stacktrace>
          </exception> <!-- java.lang.AssertionError -->
          <reporter-output>
            <line>
              <![CDATA[Test Case <b style="color:red;" "font-size:25px;">FAILED</b>
]]>
            </line>
            <line>
              <![CDATA[<img src="Screenshot\EditCancelIntroMessageAnnouncementRecord.jpg" alt="Image Not Found"/><br />]]>
            </line>
          </reporter-output>
        </test-method> <!-- EditCancelIntroMessageAnnouncementRecord -->
        <test-method is-config="true" signature="afterEachMethod(java.lang.reflect.Method)[pri:0, instance:com.tetherfi.test.ivr.IntroMessageAnnouncementUpdateTest@6af90849]" started-at="2019-11-15T16:02:09 IST" name="afterEachMethod" finished-at="2019-11-15T16:02:16 IST" duration-ms="7011" status="PASS">
          <params>
            <param index="0">
              <value>
                <![CDATA[public void com.tetherfi.test.ivr.IntroMessageAnnouncementUpdateTest.EditCancelIntroMessageAnnouncementRecord() throws java.lang.Exception]]>
              </value>
            </param>
          </params>
          <reporter-output>
          </reporter-output>
        </test-method> <!-- afterEachMethod -->
        <test-method is-config="true" signature="NavigateIntroMessageAnnouncementPage(java.lang.reflect.Method)[pri:0, instance:com.tetherfi.test.ivr.IntroMessageAnnouncementUpdateTest@6af90849]" started-at="2019-11-15T16:02:16 IST" name="NavigateIntroMessageAnnouncementPage" finished-at="2019-11-15T16:02:40 IST" duration-ms="24101" status="PASS">
          <params>
            <param index="0">
              <value>
                <![CDATA[public void com.tetherfi.test.ivr.IntroMessageAnnouncementUpdateTest.EditRecordWithoutModifyReason() throws java.lang.Exception]]>
              </value>
            </param>
          </params>
          <reporter-output>
          </reporter-output>
        </test-method> <!-- NavigateIntroMessageAnnouncementPage -->
        <test-method signature="EditRecordWithoutModifyReason()[pri:2, instance:com.tetherfi.test.ivr.IntroMessageAnnouncementUpdateTest@6af90849]" started-at="2019-11-15T16:02:40 IST" name="EditRecordWithoutModifyReason" finished-at="2019-11-15T16:02:50 IST" duration-ms="9977" status="PASS">
          <reporter-output>
            <line>
              <![CDATA[Test Case <b style="color:green;" "font-size:25px;">Passed</b>
]]>
            </line>
            <line>
              <![CDATA[<img src="Screenshot\EditRecordWithoutModifyReason.jpg" alt="Image Not Found"/><br />]]>
            </line>
          </reporter-output>
        </test-method> <!-- EditRecordWithoutModifyReason -->
        <test-method is-config="true" signature="afterEachMethod(java.lang.reflect.Method)[pri:0, instance:com.tetherfi.test.ivr.IntroMessageAnnouncementUpdateTest@6af90849]" started-at="2019-11-15T16:02:50 IST" name="afterEachMethod" finished-at="2019-11-15T16:02:57 IST" duration-ms="6940" status="PASS">
          <params>
            <param index="0">
              <value>
                <![CDATA[public void com.tetherfi.test.ivr.IntroMessageAnnouncementUpdateTest.EditRecordWithoutModifyReason() throws java.lang.Exception]]>
              </value>
            </param>
          </params>
          <reporter-output>
          </reporter-output>
        </test-method> <!-- afterEachMethod -->
        <test-method is-config="true" signature="NavigateIntroMessageAnnouncementPage(java.lang.reflect.Method)[pri:0, instance:com.tetherfi.test.ivr.IntroMessageAnnouncementUpdateTest@6af90849]" started-at="2019-11-15T16:02:57 IST" name="NavigateIntroMessageAnnouncementPage" finished-at="2019-11-15T16:03:21 IST" duration-ms="24148" status="PASS">
          <params>
            <param index="0">
              <value>
                <![CDATA[public void com.tetherfi.test.ivr.IntroMessageAnnouncementUpdateTest.EditRevertIntroMessageAnnouncementRecord() throws java.lang.Exception]]>
              </value>
            </param>
          </params>
          <reporter-output>
          </reporter-output>
        </test-method> <!-- NavigateIntroMessageAnnouncementPage -->
        <test-method signature="EditRevertIntroMessageAnnouncementRecord()[pri:3, instance:com.tetherfi.test.ivr.IntroMessageAnnouncementUpdateTest@6af90849]" started-at="2019-11-15T16:03:21 IST" name="EditRevertIntroMessageAnnouncementRecord" finished-at="2019-11-15T16:03:31 IST" duration-ms="9780" status="PASS">
          <reporter-output>
            <line>
              <![CDATA[Test Case <b style="color:green;" "font-size:25px;">Passed</b>
]]>
            </line>
            <line>
              <![CDATA[<img src="Screenshot\EditRevertIntroMessageAnnouncementRecord.jpg" alt="Image Not Found"/><br />]]>
            </line>
          </reporter-output>
        </test-method> <!-- EditRevertIntroMessageAnnouncementRecord -->
        <test-method is-config="true" signature="afterEachMethod(java.lang.reflect.Method)[pri:0, instance:com.tetherfi.test.ivr.IntroMessageAnnouncementUpdateTest@6af90849]" started-at="2019-11-15T16:03:31 IST" name="afterEachMethod" finished-at="2019-11-15T16:03:37 IST" duration-ms="6880" status="PASS">
          <params>
            <param index="0">
              <value>
                <![CDATA[public void com.tetherfi.test.ivr.IntroMessageAnnouncementUpdateTest.EditRevertIntroMessageAnnouncementRecord() throws java.lang.Exception]]>
              </value>
            </param>
          </params>
          <reporter-output>
          </reporter-output>
        </test-method> <!-- afterEachMethod -->
        <test-method is-config="true" signature="NavigateIntroMessageAnnouncementPage(java.lang.reflect.Method)[pri:0, instance:com.tetherfi.test.ivr.IntroMessageAnnouncementUpdateTest@6af90849]" started-at="2019-11-15T16:03:37 IST" name="NavigateIntroMessageAnnouncementPage" finished-at="2019-11-15T16:04:01 IST" duration-ms="23874" status="PASS">
          <params>
            <param index="0">
              <value>
                <![CDATA[public void com.tetherfi.test.ivr.IntroMessageAnnouncementUpdateTest.VerifyRevertForEditRecord() throws java.lang.Exception]]>
              </value>
            </param>
          </params>
          <reporter-output>
          </reporter-output>
        </test-method> <!-- NavigateIntroMessageAnnouncementPage -->
        <test-method signature="VerifyRevertForEditRecord()[pri:4, instance:com.tetherfi.test.ivr.IntroMessageAnnouncementUpdateTest@6af90849]" started-at="2019-11-15T16:04:01 IST" name="VerifyRevertForEditRecord" finished-at="2019-11-15T16:04:11 IST" depends-on-methods="com.tetherfi.test.ivr.IntroMessageAnnouncementUpdateTest.EditRevertIntroMessageAnnouncementRecord" duration-ms="10081" status="PASS">
          <reporter-output>
            <line>
              <![CDATA[Test Case <b style="color:green;" "font-size:25px;">Passed</b>
]]>
            </line>
            <line>
              <![CDATA[<img src="Screenshot\VerifyRevertForEditRecord.jpg" alt="Image Not Found"/><br />]]>
            </line>
          </reporter-output>
        </test-method> <!-- VerifyRevertForEditRecord -->
        <test-method is-config="true" signature="afterEachMethod(java.lang.reflect.Method)[pri:0, instance:com.tetherfi.test.ivr.IntroMessageAnnouncementUpdateTest@6af90849]" started-at="2019-11-15T16:04:11 IST" name="afterEachMethod" finished-at="2019-11-15T16:04:18 IST" duration-ms="6924" status="PASS">
          <params>
            <param index="0">
              <value>
                <![CDATA[public void com.tetherfi.test.ivr.IntroMessageAnnouncementUpdateTest.VerifyRevertForEditRecord() throws java.lang.Exception]]>
              </value>
            </param>
          </params>
          <reporter-output>
          </reporter-output>
        </test-method> <!-- afterEachMethod -->
        <test-method is-config="true" signature="NavigateIntroMessageAnnouncementPage(java.lang.reflect.Method)[pri:0, instance:com.tetherfi.test.ivr.IntroMessageAnnouncementUpdateTest@6af90849]" started-at="2019-11-15T16:04:18 IST" name="NavigateIntroMessageAnnouncementPage" finished-at="2019-11-15T16:04:41 IST" duration-ms="22819" status="PASS">
          <params>
            <param index="0">
              <value>
                <![CDATA[public void com.tetherfi.test.ivr.IntroMessageAnnouncementUpdateTest.VerifyAuditTrialReportForRevertUpdate() throws java.lang.Exception]]>
              </value>
            </param>
          </params>
          <reporter-output>
          </reporter-output>
        </test-method> <!-- NavigateIntroMessageAnnouncementPage -->
        <test-method signature="VerifyAuditTrialReportForRevertUpdate()[pri:5, instance:com.tetherfi.test.ivr.IntroMessageAnnouncementUpdateTest@6af90849]" started-at="2019-11-15T16:04:41 IST" name="VerifyAuditTrialReportForRevertUpdate" finished-at="2019-11-15T16:05:02 IST" depends-on-methods="com.tetherfi.test.ivr.IntroMessageAnnouncementUpdateTest.VerifyRevertForEditRecord" duration-ms="21100" status="FAIL">
          <exception class="java.lang.AssertionError">
            <message>
              <![CDATA[did not expect to find [true] but found [false]]]>
            </message>
            <full-stacktrace>
              <![CDATA[java.lang.AssertionError: did not expect to find [true] but found [false]
at org.testng.Assert.fail(Assert.java:97)
at org.testng.Assert.failNotEquals(Assert.java:969)
at org.testng.Assert.assertTrue(Assert.java:43)
at org.testng.Assert.assertTrue(Assert.java:53)
at com.tetherfi.test.ivr.IntroMessageAnnouncementUpdateTest.VerifyAuditTrialReportForRevertUpdate(IntroMessageAnnouncementUpdateTest.java:120)
at java.base/jdk.internal.reflect.NativeMethodAccessorImpl.invoke0(Native Method)
at java.base/jdk.internal.reflect.NativeMethodAccessorImpl.invoke(Unknown Source)
at java.base/jdk.internal.reflect.DelegatingMethodAccessorImpl.invoke(Unknown Source)
at java.base/java.lang.reflect.Method.invoke(Unknown Source)
at org.testng.internal.MethodInvocationHelper.invokeMethod(MethodInvocationHelper.java:133)
at org.testng.internal.TestInvoker.invokeMethod(TestInvoker.java:584)
at org.testng.internal.TestInvoker.invokeTestMethod(TestInvoker.java:172)
at org.testng.internal.MethodRunner.runInSequence(MethodRunner.java:46)
at org.testng.internal.TestInvoker$MethodInvocationAgent.invoke(TestInvoker.java:804)
at org.testng.internal.TestInvoker.invokeTestMethods(TestInvoker.java:145)
at org.testng.internal.TestMethodWorker.invokeTestMethods(TestMethodWorker.java:146)
at org.testng.internal.TestMethodWorker.run(TestMethodWorker.java:128)
at java.base/java.util.ArrayList.forEach(Unknown Source)
at org.testng.TestRunner.privateRun(TestRunner.java:770)
at org.testng.TestRunner.run(TestRunner.java:591)
at org.testng.SuiteRunner.runTest(SuiteRunner.java:402)
at org.testng.SuiteRunner.runSequentially(SuiteRunner.java:396)
at org.testng.SuiteRunner.privateRun(SuiteRunner.java:355)
at org.testng.SuiteRunner.run(SuiteRunner.java:304)
at org.testng.SuiteRunnerWorker.runSuite(SuiteRunnerWorker.java:53)
at org.testng.SuiteRunnerWorker.run(SuiteRunnerWorker.java:96)
at org.testng.TestNG.runSuitesSequentially(TestNG.java:1180)
at org.testng.TestNG.runSuitesLocally(TestNG.java:1102)
at org.testng.TestNG.runSuites(TestNG.java:1032)
at org.testng.TestNG.run(TestNG.java:1000)
at org.testng.remote.AbstractRemoteTestNG.run(AbstractRemoteTestNG.java:115)
at org.testng.remote.RemoteTestNG.initAndRun(RemoteTestNG.java:251)
at org.testng.remote.RemoteTestNG.main(RemoteTestNG.java:77)
]]>
            </full-stacktrace>
          </exception> <!-- java.lang.AssertionError -->
          <reporter-output>
            <line>
              <![CDATA[Test Case <b style="color:red;" "font-size:25px;">FAILED</b>
]]>
            </line>
            <line>
              <![CDATA[<img src="Screenshot\VerifyAuditTrialReportForRevertUpdate.jpg" alt="Image Not Found"/><br />]]>
            </line>
          </reporter-output>
        </test-method> <!-- VerifyAuditTrialReportForRevertUpdate -->
        <test-method is-config="true" signature="afterEachMethod(java.lang.reflect.Method)[pri:0, instance:com.tetherfi.test.ivr.IntroMessageAnnouncementUpdateTest@6af90849]" started-at="2019-11-15T16:05:02 IST" name="afterEachMethod" finished-at="2019-11-15T16:05:09 IST" duration-ms="7180" status="PASS">
          <params>
            <param index="0">
              <value>
                <![CDATA[public void com.tetherfi.test.ivr.IntroMessageAnnouncementUpdateTest.VerifyAuditTrialReportForRevertUpdate() throws java.lang.Exception]]>
              </value>
            </param>
          </params>
          <reporter-output>
          </reporter-output>
        </test-method> <!-- afterEachMethod -->
        <test-method is-config="true" signature="NavigateIntroMessageAnnouncementPage(java.lang.reflect.Method)[pri:0, instance:com.tetherfi.test.ivr.IntroMessageAnnouncementUpdateTest@6af90849]" started-at="2019-11-15T16:05:09 IST" name="NavigateIntroMessageAnnouncementPage" finished-at="2019-11-15T16:05:34 IST" duration-ms="24445" status="PASS">
          <params>
            <param index="0">
              <value>
                <![CDATA[public void com.tetherfi.test.ivr.IntroMessageAnnouncementUpdateTest.EditRejectRecord() throws java.lang.Exception]]>
              </value>
            </param>
          </params>
          <reporter-output>
          </reporter-output>
        </test-method> <!-- NavigateIntroMessageAnnouncementPage -->
        <test-method signature="EditRejectRecord()[pri:6, instance:com.tetherfi.test.ivr.IntroMessageAnnouncementUpdateTest@6af90849]" started-at="2019-11-15T16:05:34 IST" name="EditRejectRecord" finished-at="2019-11-15T16:05:43 IST" duration-ms="9569" status="PASS">
          <reporter-output>
            <line>
              <![CDATA[Test Case <b style="color:green;" "font-size:25px;">Passed</b>
]]>
            </line>
            <line>
              <![CDATA[<img src="Screenshot\EditRejectRecord.jpg" alt="Image Not Found"/><br />]]>
            </line>
          </reporter-output>
        </test-method> <!-- EditRejectRecord -->
        <test-method is-config="true" signature="afterEachMethod(java.lang.reflect.Method)[pri:0, instance:com.tetherfi.test.ivr.IntroMessageAnnouncementUpdateTest@6af90849]" started-at="2019-11-15T16:05:43 IST" name="afterEachMethod" finished-at="2019-11-15T16:05:50 IST" duration-ms="6957" status="PASS">
          <params>
            <param index="0">
              <value>
                <![CDATA[public void com.tetherfi.test.ivr.IntroMessageAnnouncementUpdateTest.EditRejectRecord() throws java.lang.Exception]]>
              </value>
            </param>
          </params>
          <reporter-output>
          </reporter-output>
        </test-method> <!-- afterEachMethod -->
        <test-method is-config="true" signature="NavigateIntroMessageAnnouncementPage(java.lang.reflect.Method)[pri:0, instance:com.tetherfi.test.ivr.IntroMessageAnnouncementUpdateTest@6af90849]" started-at="2019-11-15T16:05:50 IST" name="NavigateIntroMessageAnnouncementPage" finished-at="2019-11-15T16:06:14 IST" duration-ms="23609" status="PASS">
          <params>
            <param index="0">
              <value>
                <![CDATA[public void com.tetherfi.test.ivr.IntroMessageAnnouncementUpdateTest.VerifySendForApprovalForEditRejectRecord() throws java.lang.Exception]]>
              </value>
            </param>
          </params>
          <reporter-output>
          </reporter-output>
        </test-method> <!-- NavigateIntroMessageAnnouncementPage -->
        <test-method signature="VerifySendForApprovalForEditRejectRecord()[pri:7, instance:com.tetherfi.test.ivr.IntroMessageAnnouncementUpdateTest@6af90849]" started-at="2019-11-15T16:06:14 IST" name="VerifySendForApprovalForEditRejectRecord" finished-at="2019-11-15T16:06:24 IST" depends-on-methods="com.tetherfi.test.ivr.IntroMessageAnnouncementUpdateTest.EditRejectRecord" duration-ms="9933" status="PASS">
          <reporter-output>
            <line>
              <![CDATA[Test Case <b style="color:green;" "font-size:25px;">Passed</b>
]]>
            </line>
            <line>
              <![CDATA[<img src="Screenshot\VerifySendForApprovalForEditRejectRecord.jpg" alt="Image Not Found"/><br />]]>
            </line>
          </reporter-output>
        </test-method> <!-- VerifySendForApprovalForEditRejectRecord -->
        <test-method is-config="true" signature="afterEachMethod(java.lang.reflect.Method)[pri:0, instance:com.tetherfi.test.ivr.IntroMessageAnnouncementUpdateTest@6af90849]" started-at="2019-11-15T16:06:24 IST" name="afterEachMethod" finished-at="2019-11-15T16:06:31 IST" duration-ms="7049" status="PASS">
          <params>
            <param index="0">
              <value>
                <![CDATA[public void com.tetherfi.test.ivr.IntroMessageAnnouncementUpdateTest.VerifySendForApprovalForEditRejectRecord() throws java.lang.Exception]]>
              </value>
            </param>
          </params>
          <reporter-output>
          </reporter-output>
        </test-method> <!-- afterEachMethod -->
        <test-method is-config="true" signature="NavigateIntroMessageAnnouncementPage(java.lang.reflect.Method)[pri:0, instance:com.tetherfi.test.ivr.IntroMessageAnnouncementUpdateTest@6af90849]" started-at="2019-11-15T16:06:31 IST" name="NavigateIntroMessageAnnouncementPage" finished-at="2019-11-15T16:06:54 IST" duration-ms="23216" status="PASS">
          <params>
            <param index="0">
              <value>
                <![CDATA[public void com.tetherfi.test.ivr.IntroMessageAnnouncementUpdateTest.RejectforEditIntroMessageAnnouncementRecord() throws java.lang.Exception]]>
              </value>
            </param>
          </params>
          <reporter-output>
          </reporter-output>
        </test-method> <!-- NavigateIntroMessageAnnouncementPage -->
        <test-method signature="RejectforEditIntroMessageAnnouncementRecord()[pri:8, instance:com.tetherfi.test.ivr.IntroMessageAnnouncementUpdateTest@6af90849]" started-at="2019-11-15T16:06:54 IST" name="RejectforEditIntroMessageAnnouncementRecord" finished-at="2019-11-15T16:07:03 IST" depends-on-methods="com.tetherfi.test.ivr.IntroMessageAnnouncementUpdateTest.VerifySendForApprovalForEditRejectRecord" duration-ms="8487" status="PASS">
          <reporter-output>
            <line>
              <![CDATA[Test Case <b style="color:green;" "font-size:25px;">Passed</b>
]]>
            </line>
            <line>
              <![CDATA[<img src="Screenshot\RejectforEditIntroMessageAnnouncementRecord.jpg" alt="Image Not Found"/><br />]]>
            </line>
          </reporter-output>
        </test-method> <!-- RejectforEditIntroMessageAnnouncementRecord -->
        <test-method is-config="true" signature="afterEachMethod(java.lang.reflect.Method)[pri:0, instance:com.tetherfi.test.ivr.IntroMessageAnnouncementUpdateTest@6af90849]" started-at="2019-11-15T16:07:03 IST" name="afterEachMethod" finished-at="2019-11-15T16:07:10 IST" duration-ms="6890" status="PASS">
          <params>
            <param index="0">
              <value>
                <![CDATA[public void com.tetherfi.test.ivr.IntroMessageAnnouncementUpdateTest.RejectforEditIntroMessageAnnouncementRecord() throws java.lang.Exception]]>
              </value>
            </param>
          </params>
          <reporter-output>
          </reporter-output>
        </test-method> <!-- afterEachMethod -->
        <test-method is-config="true" signature="NavigateIntroMessageAnnouncementPage(java.lang.reflect.Method)[pri:0, instance:com.tetherfi.test.ivr.IntroMessageAnnouncementUpdateTest@6af90849]" started-at="2019-11-15T16:07:10 IST" name="NavigateIntroMessageAnnouncementPage" finished-at="2019-11-15T16:07:33 IST" duration-ms="23630" status="PASS">
          <params>
            <param index="0">
              <value>
                <![CDATA[public void com.tetherfi.test.ivr.IntroMessageAnnouncementUpdateTest.VerifyAuditTrailReportForReject() throws java.lang.Exception]]>
              </value>
            </param>
          </params>
          <reporter-output>
          </reporter-output>
        </test-method> <!-- NavigateIntroMessageAnnouncementPage -->
        <test-method signature="VerifyAuditTrailReportForReject()[pri:9, instance:com.tetherfi.test.ivr.IntroMessageAnnouncementUpdateTest@6af90849]" started-at="2019-11-15T16:07:33 IST" name="VerifyAuditTrailReportForReject" finished-at="2019-11-15T16:07:56 IST" depends-on-methods="com.tetherfi.test.ivr.IntroMessageAnnouncementUpdateTest.RejectforEditIntroMessageAnnouncementRecord" duration-ms="22933" status="FAIL">
          <exception class="java.lang.AssertionError">
            <message>
              <![CDATA[Audit Trail report assertion failed did not expect to find [true] but found [false]]]>
            </message>
            <full-stacktrace>
              <![CDATA[java.lang.AssertionError: Audit Trail report assertion failed did not expect to find [true] but found [false]
at org.testng.Assert.fail(Assert.java:97)
at org.testng.Assert.failNotEquals(Assert.java:969)
at org.testng.Assert.assertTrue(Assert.java:43)
at com.tetherfi.test.ivr.IntroMessageAnnouncementUpdateTest.VerifyAuditTrailReportForReject(IntroMessageAnnouncementUpdateTest.java:162)
at java.base/jdk.internal.reflect.NativeMethodAccessorImpl.invoke0(Native Method)
at java.base/jdk.internal.reflect.NativeMethodAccessorImpl.invoke(Unknown Source)
at java.base/jdk.internal.reflect.DelegatingMethodAccessorImpl.invoke(Unknown Source)
at java.base/java.lang.reflect.Method.invoke(Unknown Source)
at org.testng.internal.MethodInvocationHelper.invokeMethod(MethodInvocationHelper.java:133)
at org.testng.internal.TestInvoker.invokeMethod(TestInvoker.java:584)
at org.testng.internal.TestInvoker.invokeTestMethod(TestInvoker.java:172)
at org.testng.internal.MethodRunner.runInSequence(MethodRunner.java:46)
at org.testng.internal.TestInvoker$MethodInvocationAgent.invoke(TestInvoker.java:804)
at org.testng.internal.TestInvoker.invokeTestMethods(TestInvoker.java:145)
at org.testng.internal.TestMethodWorker.invokeTestMethods(TestMethodWorker.java:146)
at org.testng.internal.TestMethodWorker.run(TestMethodWorker.java:128)
at java.base/java.util.ArrayList.forEach(Unknown Source)
at org.testng.TestRunner.privateRun(TestRunner.java:770)
at org.testng.TestRunner.run(TestRunner.java:591)
at org.testng.SuiteRunner.runTest(SuiteRunner.java:402)
at org.testng.SuiteRunner.runSequentially(SuiteRunner.java:396)
at org.testng.SuiteRunner.privateRun(SuiteRunner.java:355)
at org.testng.SuiteRunner.run(SuiteRunner.java:304)
at org.testng.SuiteRunnerWorker.runSuite(SuiteRunnerWorker.java:53)
at org.testng.SuiteRunnerWorker.run(SuiteRunnerWorker.java:96)
at org.testng.TestNG.runSuitesSequentially(TestNG.java:1180)
at org.testng.TestNG.runSuitesLocally(TestNG.java:1102)
at org.testng.TestNG.runSuites(TestNG.java:1032)
at org.testng.TestNG.run(TestNG.java:1000)
at org.testng.remote.AbstractRemoteTestNG.run(AbstractRemoteTestNG.java:115)
at org.testng.remote.RemoteTestNG.initAndRun(RemoteTestNG.java:251)
at org.testng.remote.RemoteTestNG.main(RemoteTestNG.java:77)
]]>
            </full-stacktrace>
          </exception> <!-- java.lang.AssertionError -->
          <reporter-output>
            <line>
              <![CDATA[Test Case <b style="color:red;" "font-size:25px;">FAILED</b>
]]>
            </line>
            <line>
              <![CDATA[<img src="Screenshot\VerifyAuditTrailReportForReject.jpg" alt="Image Not Found"/><br />]]>
            </line>
          </reporter-output>
        </test-method> <!-- VerifyAuditTrailReportForReject -->
        <test-method is-config="true" signature="afterEachMethod(java.lang.reflect.Method)[pri:0, instance:com.tetherfi.test.ivr.IntroMessageAnnouncementUpdateTest@6af90849]" started-at="2019-11-15T16:07:56 IST" name="afterEachMethod" finished-at="2019-11-15T16:08:03 IST" duration-ms="6902" status="PASS">
          <params>
            <param index="0">
              <value>
                <![CDATA[public void com.tetherfi.test.ivr.IntroMessageAnnouncementUpdateTest.VerifyAuditTrailReportForReject() throws java.lang.Exception]]>
              </value>
            </param>
          </params>
          <reporter-output>
          </reporter-output>
        </test-method> <!-- afterEachMethod -->
      </class> <!-- com.tetherfi.test.ivr.IntroMessageAnnouncementUpdateTest -->
    </test> <!-- IntroMessage Announcement Update -->
    <test started-at="2019-11-15T16:08:03 IST" name="IntroMessage Announcement Delete" finished-at="2019-11-15T16:19:53 IST" duration-ms="709631">
      <class name="com.tetherfi.test.ivr.IntroMessageAnnouncementDeleteTest">
        <test-method is-config="true" signature="NavigateToIntroMessageAnnouncementPage(java.lang.reflect.Method)[pri:0, instance:com.tetherfi.test.ivr.IntroMessageAnnouncementDeleteTest@e829999]" started-at="2019-11-15T16:08:03 IST" name="NavigateToIntroMessageAnnouncementPage" finished-at="2019-11-15T16:08:29 IST" duration-ms="26238" status="PASS">
          <params>
            <param index="0">
              <value>
                <![CDATA[public void com.tetherfi.test.ivr.IntroMessageAnnouncementDeleteTest.DeleteCancelIntroMessageAnnouncementRecord() throws java.lang.Exception]]>
              </value>
            </param>
          </params>
          <reporter-output>
          </reporter-output>
        </test-method> <!-- NavigateToIntroMessageAnnouncementPage -->
        <test-method signature="DeleteCancelIntroMessageAnnouncementRecord()[pri:1, instance:com.tetherfi.test.ivr.IntroMessageAnnouncementDeleteTest@e829999]" started-at="2019-11-15T16:08:29 IST" name="DeleteCancelIntroMessageAnnouncementRecord" finished-at="2019-11-15T16:08:37 IST" duration-ms="7705" status="PASS">
          <reporter-output>
            <line>
              <![CDATA[Test Case <b style="color:green;" "font-size:25px;">Passed</b>
]]>
            </line>
            <line>
              <![CDATA[<img src="Screenshot\DeleteCancelIntroMessageAnnouncementRecord.jpg" alt="Image Not Found"/><br />]]>
            </line>
          </reporter-output>
        </test-method> <!-- DeleteCancelIntroMessageAnnouncementRecord -->
        <test-method is-config="true" signature="afterEachMethod(java.lang.reflect.Method)[pri:0, instance:com.tetherfi.test.ivr.IntroMessageAnnouncementDeleteTest@e829999]" started-at="2019-11-15T16:08:37 IST" name="afterEachMethod" finished-at="2019-11-15T16:08:44 IST" duration-ms="6760" status="PASS">
          <params>
            <param index="0">
              <value>
                <![CDATA[public void com.tetherfi.test.ivr.IntroMessageAnnouncementDeleteTest.DeleteCancelIntroMessageAnnouncementRecord() throws java.lang.Exception]]>
              </value>
            </param>
          </params>
          <reporter-output>
          </reporter-output>
        </test-method> <!-- afterEachMethod -->
        <test-method is-config="true" signature="NavigateToIntroMessageAnnouncementPage(java.lang.reflect.Method)[pri:0, instance:com.tetherfi.test.ivr.IntroMessageAnnouncementDeleteTest@e829999]" started-at="2019-11-15T16:08:44 IST" name="NavigateToIntroMessageAnnouncementPage" finished-at="2019-11-15T16:09:10 IST" duration-ms="26145" status="PASS">
          <params>
            <param index="0">
              <value>
                <![CDATA[public void com.tetherfi.test.ivr.IntroMessageAnnouncementDeleteTest.DeleteWithoutModifyReasonRecord() throws java.lang.Exception]]>
              </value>
            </param>
          </params>
          <reporter-output>
          </reporter-output>
        </test-method> <!-- NavigateToIntroMessageAnnouncementPage -->
        <test-method signature="DeleteWithoutModifyReasonRecord()[pri:2, instance:com.tetherfi.test.ivr.IntroMessageAnnouncementDeleteTest@e829999]" started-at="2019-11-15T16:09:10 IST" name="DeleteWithoutModifyReasonRecord" finished-at="2019-11-15T16:09:18 IST" duration-ms="8095" status="PASS">
          <reporter-output>
            <line>
              <![CDATA[Test Case <b style="color:green;" "font-size:25px;">Passed</b>
]]>
            </line>
            <line>
              <![CDATA[<img src="Screenshot\DeleteWithoutModifyReasonRecord.jpg" alt="Image Not Found"/><br />]]>
            </line>
          </reporter-output>
        </test-method> <!-- DeleteWithoutModifyReasonRecord -->
        <test-method is-config="true" signature="afterEachMethod(java.lang.reflect.Method)[pri:0, instance:com.tetherfi.test.ivr.IntroMessageAnnouncementDeleteTest@e829999]" started-at="2019-11-15T16:09:18 IST" name="afterEachMethod" finished-at="2019-11-15T16:09:26 IST" duration-ms="7478" status="PASS">
          <params>
            <param index="0">
              <value>
                <![CDATA[public void com.tetherfi.test.ivr.IntroMessageAnnouncementDeleteTest.DeleteWithoutModifyReasonRecord() throws java.lang.Exception]]>
              </value>
            </param>
          </params>
          <reporter-output>
          </reporter-output>
        </test-method> <!-- afterEachMethod -->
        <test-method is-config="true" signature="NavigateToIntroMessageAnnouncementPage(java.lang.reflect.Method)[pri:0, instance:com.tetherfi.test.ivr.IntroMessageAnnouncementDeleteTest@e829999]" started-at="2019-11-15T16:09:26 IST" name="NavigateToIntroMessageAnnouncementPage" finished-at="2019-11-15T16:09:49 IST" duration-ms="23214" status="PASS">
          <params>
            <param index="0">
              <value>
                <![CDATA[public void com.tetherfi.test.ivr.IntroMessageAnnouncementDeleteTest.DeleteRecord() throws java.lang.Exception]]>
              </value>
            </param>
          </params>
          <reporter-output>
          </reporter-output>
        </test-method> <!-- NavigateToIntroMessageAnnouncementPage -->
        <test-method signature="DeleteRecord()[pri:3, instance:com.tetherfi.test.ivr.IntroMessageAnnouncementDeleteTest@e829999]" started-at="2019-11-15T16:09:49 IST" name="DeleteRecord" finished-at="2019-11-15T16:09:57 IST" duration-ms="8468" status="PASS">
          <reporter-output>
            <line>
              <![CDATA[Test Case <b style="color:green;" "font-size:25px;">Passed</b>
]]>
            </line>
            <line>
              <![CDATA[<img src="Screenshot\DeleteRecord.jpg" alt="Image Not Found"/><br />]]>
            </line>
          </reporter-output>
        </test-method> <!-- DeleteRecord -->
        <test-method is-config="true" signature="afterEachMethod(java.lang.reflect.Method)[pri:0, instance:com.tetherfi.test.ivr.IntroMessageAnnouncementDeleteTest@e829999]" started-at="2019-11-15T16:09:57 IST" name="afterEachMethod" finished-at="2019-11-15T16:10:04 IST" duration-ms="6852" status="PASS">
          <params>
            <param index="0">
              <value>
                <![CDATA[public void com.tetherfi.test.ivr.IntroMessageAnnouncementDeleteTest.DeleteRecord() throws java.lang.Exception]]>
              </value>
            </param>
          </params>
          <reporter-output>
          </reporter-output>
        </test-method> <!-- afterEachMethod -->
        <test-method is-config="true" signature="NavigateToIntroMessageAnnouncementPage(java.lang.reflect.Method)[pri:0, instance:com.tetherfi.test.ivr.IntroMessageAnnouncementDeleteTest@e829999]" started-at="2019-11-15T16:10:04 IST" name="NavigateToIntroMessageAnnouncementPage" finished-at="2019-11-15T16:10:29 IST" duration-ms="24644" status="PASS">
          <params>
            <param index="0">
              <value>
                <![CDATA[public void com.tetherfi.test.ivr.IntroMessageAnnouncementDeleteTest.VerifyRevertForDeleteRecord() throws java.lang.Exception]]>
              </value>
            </param>
          </params>
          <reporter-output>
          </reporter-output>
        </test-method> <!-- NavigateToIntroMessageAnnouncementPage -->
        <test-method signature="VerifyRevertForDeleteRecord()[pri:4, instance:com.tetherfi.test.ivr.IntroMessageAnnouncementDeleteTest@e829999]" started-at="2019-11-15T16:10:29 IST" name="VerifyRevertForDeleteRecord" finished-at="2019-11-15T16:10:39 IST" depends-on-methods="com.tetherfi.test.ivr.IntroMessageAnnouncementDeleteTest.DeleteRecord" duration-ms="9923" status="PASS">
          <reporter-output>
            <line>
              <![CDATA[Test Case <b style="color:green;" "font-size:25px;">Passed</b>
]]>
            </line>
            <line>
              <![CDATA[<img src="Screenshot\VerifyRevertForDeleteRecord.jpg" alt="Image Not Found"/><br />]]>
            </line>
          </reporter-output>
        </test-method> <!-- VerifyRevertForDeleteRecord -->
        <test-method is-config="true" signature="afterEachMethod(java.lang.reflect.Method)[pri:0, instance:com.tetherfi.test.ivr.IntroMessageAnnouncementDeleteTest@e829999]" started-at="2019-11-15T16:10:39 IST" name="afterEachMethod" finished-at="2019-11-15T16:10:46 IST" duration-ms="7117" status="PASS">
          <params>
            <param index="0">
              <value>
                <![CDATA[public void com.tetherfi.test.ivr.IntroMessageAnnouncementDeleteTest.VerifyRevertForDeleteRecord() throws java.lang.Exception]]>
              </value>
            </param>
          </params>
          <reporter-output>
          </reporter-output>
        </test-method> <!-- afterEachMethod -->
        <test-method is-config="true" signature="NavigateToIntroMessageAnnouncementPage(java.lang.reflect.Method)[pri:0, instance:com.tetherfi.test.ivr.IntroMessageAnnouncementDeleteTest@e829999]" started-at="2019-11-15T16:10:46 IST" name="NavigateToIntroMessageAnnouncementPage" finished-at="2019-11-15T16:11:11 IST" duration-ms="24925" status="PASS">
          <params>
            <param index="0">
              <value>
                <![CDATA[public void com.tetherfi.test.ivr.IntroMessageAnnouncementDeleteTest.VerifyAuditTrialReportForRevertDelete() throws java.lang.Exception]]>
              </value>
            </param>
          </params>
          <reporter-output>
          </reporter-output>
        </test-method> <!-- NavigateToIntroMessageAnnouncementPage -->
        <test-method signature="VerifyAuditTrialReportForRevertDelete()[pri:5, instance:com.tetherfi.test.ivr.IntroMessageAnnouncementDeleteTest@e829999]" started-at="2019-11-15T16:11:11 IST" name="VerifyAuditTrialReportForRevertDelete" finished-at="2019-11-15T16:11:32 IST" depends-on-methods="com.tetherfi.test.ivr.IntroMessageAnnouncementDeleteTest.VerifyRevertForDeleteRecord" duration-ms="21604" status="FAIL">
          <exception class="java.lang.AssertionError">
            <message>
              <![CDATA[did not expect to find [true] but found [false]]]>
            </message>
            <full-stacktrace>
              <![CDATA[java.lang.AssertionError: did not expect to find [true] but found [false]
at org.testng.Assert.fail(Assert.java:97)
at org.testng.Assert.failNotEquals(Assert.java:969)
at org.testng.Assert.assertTrue(Assert.java:43)
at org.testng.Assert.assertTrue(Assert.java:53)
at com.tetherfi.test.ivr.IntroMessageAnnouncementDeleteTest.VerifyAuditTrialReportForRevertDelete(IntroMessageAnnouncementDeleteTest.java:118)
at java.base/jdk.internal.reflect.NativeMethodAccessorImpl.invoke0(Native Method)
at java.base/jdk.internal.reflect.NativeMethodAccessorImpl.invoke(Unknown Source)
at java.base/jdk.internal.reflect.DelegatingMethodAccessorImpl.invoke(Unknown Source)
at java.base/java.lang.reflect.Method.invoke(Unknown Source)
at org.testng.internal.MethodInvocationHelper.invokeMethod(MethodInvocationHelper.java:133)
at org.testng.internal.TestInvoker.invokeMethod(TestInvoker.java:584)
at org.testng.internal.TestInvoker.invokeTestMethod(TestInvoker.java:172)
at org.testng.internal.MethodRunner.runInSequence(MethodRunner.java:46)
at org.testng.internal.TestInvoker$MethodInvocationAgent.invoke(TestInvoker.java:804)
at org.testng.internal.TestInvoker.invokeTestMethods(TestInvoker.java:145)
at org.testng.internal.TestMethodWorker.invokeTestMethods(TestMethodWorker.java:146)
at org.testng.internal.TestMethodWorker.run(TestMethodWorker.java:128)
at java.base/java.util.ArrayList.forEach(Unknown Source)
at org.testng.TestRunner.privateRun(TestRunner.java:770)
at org.testng.TestRunner.run(TestRunner.java:591)
at org.testng.SuiteRunner.runTest(SuiteRunner.java:402)
at org.testng.SuiteRunner.runSequentially(SuiteRunner.java:396)
at org.testng.SuiteRunner.privateRun(SuiteRunner.java:355)
at org.testng.SuiteRunner.run(SuiteRunner.java:304)
at org.testng.SuiteRunnerWorker.runSuite(SuiteRunnerWorker.java:53)
at org.testng.SuiteRunnerWorker.run(SuiteRunnerWorker.java:96)
at org.testng.TestNG.runSuitesSequentially(TestNG.java:1180)
at org.testng.TestNG.runSuitesLocally(TestNG.java:1102)
at org.testng.TestNG.runSuites(TestNG.java:1032)
at org.testng.TestNG.run(TestNG.java:1000)
at org.testng.remote.AbstractRemoteTestNG.run(AbstractRemoteTestNG.java:115)
at org.testng.remote.RemoteTestNG.initAndRun(RemoteTestNG.java:251)
at org.testng.remote.RemoteTestNG.main(RemoteTestNG.java:77)
]]>
            </full-stacktrace>
          </exception> <!-- java.lang.AssertionError -->
          <reporter-output>
            <line>
              <![CDATA[Test Case <b style="color:red;" "font-size:25px;">FAILED</b>
]]>
            </line>
            <line>
              <![CDATA[<img src="Screenshot\VerifyAuditTrialReportForRevertDelete.jpg" alt="Image Not Found"/><br />]]>
            </line>
          </reporter-output>
        </test-method> <!-- VerifyAuditTrialReportForRevertDelete -->
        <test-method is-config="true" signature="afterEachMethod(java.lang.reflect.Method)[pri:0, instance:com.tetherfi.test.ivr.IntroMessageAnnouncementDeleteTest@e829999]" started-at="2019-11-15T16:11:32 IST" name="afterEachMethod" finished-at="2019-11-15T16:11:39 IST" duration-ms="6966" status="PASS">
          <params>
            <param index="0">
              <value>
                <![CDATA[public void com.tetherfi.test.ivr.IntroMessageAnnouncementDeleteTest.VerifyAuditTrialReportForRevertDelete() throws java.lang.Exception]]>
              </value>
            </param>
          </params>
          <reporter-output>
          </reporter-output>
        </test-method> <!-- afterEachMethod -->
        <test-method is-config="true" signature="NavigateToIntroMessageAnnouncementPage(java.lang.reflect.Method)[pri:0, instance:com.tetherfi.test.ivr.IntroMessageAnnouncementDeleteTest@e829999]" started-at="2019-11-15T16:11:39 IST" name="NavigateToIntroMessageAnnouncementPage" finished-at="2019-11-15T16:12:03 IST" duration-ms="23943" status="PASS">
          <params>
            <param index="0">
              <value>
                <![CDATA[public void com.tetherfi.test.ivr.IntroMessageAnnouncementDeleteTest.RejectDeleteRecord() throws java.lang.Exception]]>
              </value>
            </param>
          </params>
          <reporter-output>
          </reporter-output>
        </test-method> <!-- NavigateToIntroMessageAnnouncementPage -->
        <test-method signature="RejectDeleteRecord()[pri:6, instance:com.tetherfi.test.ivr.IntroMessageAnnouncementDeleteTest@e829999]" started-at="2019-11-15T16:12:03 IST" name="RejectDeleteRecord" finished-at="2019-11-15T16:12:12 IST" duration-ms="8524" status="PASS">
          <reporter-output>
            <line>
              <![CDATA[Test Case <b style="color:green;" "font-size:25px;">Passed</b>
]]>
            </line>
            <line>
              <![CDATA[<img src="Screenshot\RejectDeleteRecord.jpg" alt="Image Not Found"/><br />]]>
            </line>
          </reporter-output>
        </test-method> <!-- RejectDeleteRecord -->
        <test-method is-config="true" signature="afterEachMethod(java.lang.reflect.Method)[pri:0, instance:com.tetherfi.test.ivr.IntroMessageAnnouncementDeleteTest@e829999]" started-at="2019-11-15T16:12:12 IST" name="afterEachMethod" finished-at="2019-11-15T16:12:19 IST" duration-ms="6931" status="PASS">
          <params>
            <param index="0">
              <value>
                <![CDATA[public void com.tetherfi.test.ivr.IntroMessageAnnouncementDeleteTest.RejectDeleteRecord() throws java.lang.Exception]]>
              </value>
            </param>
          </params>
          <reporter-output>
          </reporter-output>
        </test-method> <!-- afterEachMethod -->
        <test-method is-config="true" signature="NavigateToIntroMessageAnnouncementPage(java.lang.reflect.Method)[pri:0, instance:com.tetherfi.test.ivr.IntroMessageAnnouncementDeleteTest@e829999]" started-at="2019-11-15T16:12:19 IST" name="NavigateToIntroMessageAnnouncementPage" finished-at="2019-11-15T16:12:43 IST" duration-ms="24183" status="PASS">
          <params>
            <param index="0">
              <value>
                <![CDATA[public void com.tetherfi.test.ivr.IntroMessageAnnouncementDeleteTest.VerifySendForApprovalForDeleteNewRecord() throws java.lang.Exception]]>
              </value>
            </param>
          </params>
          <reporter-output>
          </reporter-output>
        </test-method> <!-- NavigateToIntroMessageAnnouncementPage -->
        <test-method signature="VerifySendForApprovalForDeleteNewRecord()[pri:7, instance:com.tetherfi.test.ivr.IntroMessageAnnouncementDeleteTest@e829999]" started-at="2019-11-15T16:12:43 IST" name="VerifySendForApprovalForDeleteNewRecord" finished-at="2019-11-15T16:12:53 IST" depends-on-methods="com.tetherfi.test.ivr.IntroMessageAnnouncementDeleteTest.RejectDeleteRecord" duration-ms="10068" status="PASS">
          <reporter-output>
            <line>
              <![CDATA[Test Case <b style="color:green;" "font-size:25px;">Passed</b>
]]>
            </line>
            <line>
              <![CDATA[<img src="Screenshot\VerifySendForApprovalForDeleteNewRecord.jpg" alt="Image Not Found"/><br />]]>
            </line>
          </reporter-output>
        </test-method> <!-- VerifySendForApprovalForDeleteNewRecord -->
        <test-method is-config="true" signature="afterEachMethod(java.lang.reflect.Method)[pri:0, instance:com.tetherfi.test.ivr.IntroMessageAnnouncementDeleteTest@e829999]" started-at="2019-11-15T16:12:53 IST" name="afterEachMethod" finished-at="2019-11-15T16:13:00 IST" duration-ms="6921" status="PASS">
          <params>
            <param index="0">
              <value>
                <![CDATA[public void com.tetherfi.test.ivr.IntroMessageAnnouncementDeleteTest.VerifySendForApprovalForDeleteNewRecord() throws java.lang.Exception]]>
              </value>
            </param>
          </params>
          <reporter-output>
          </reporter-output>
        </test-method> <!-- afterEachMethod -->
        <test-method is-config="true" signature="NavigateToIntroMessageAnnouncementPage(java.lang.reflect.Method)[pri:0, instance:com.tetherfi.test.ivr.IntroMessageAnnouncementDeleteTest@e829999]" started-at="2019-11-15T16:13:00 IST" name="NavigateToIntroMessageAnnouncementPage" finished-at="2019-11-15T16:13:23 IST" duration-ms="23467" status="PASS">
          <params>
            <param index="0">
              <value>
                <![CDATA[public void com.tetherfi.test.ivr.IntroMessageAnnouncementDeleteTest.RejectforDeleteIntroMessageAnnouncementRecord() throws java.lang.Exception]]>
              </value>
            </param>
          </params>
          <reporter-output>
          </reporter-output>
        </test-method> <!-- NavigateToIntroMessageAnnouncementPage -->
        <test-method signature="RejectforDeleteIntroMessageAnnouncementRecord()[pri:8, instance:com.tetherfi.test.ivr.IntroMessageAnnouncementDeleteTest@e829999]" started-at="2019-11-15T16:13:23 IST" name="RejectforDeleteIntroMessageAnnouncementRecord" finished-at="2019-11-15T16:13:32 IST" depends-on-methods="com.tetherfi.test.ivr.IntroMessageAnnouncementDeleteTest.VerifySendForApprovalForDeleteNewRecord" duration-ms="8287" status="PASS">
          <reporter-output>
            <line>
              <![CDATA[Test Case <b style="color:green;" "font-size:25px;">Passed</b>
]]>
            </line>
            <line>
              <![CDATA[<img src="Screenshot\RejectforDeleteIntroMessageAnnouncementRecord.jpg" alt="Image Not Found"/><br />]]>
            </line>
          </reporter-output>
        </test-method> <!-- RejectforDeleteIntroMessageAnnouncementRecord -->
        <test-method is-config="true" signature="afterEachMethod(java.lang.reflect.Method)[pri:0, instance:com.tetherfi.test.ivr.IntroMessageAnnouncementDeleteTest@e829999]" started-at="2019-11-15T16:13:32 IST" name="afterEachMethod" finished-at="2019-11-15T16:13:39 IST" duration-ms="6909" status="PASS">
          <params>
            <param index="0">
              <value>
                <![CDATA[public void com.tetherfi.test.ivr.IntroMessageAnnouncementDeleteTest.RejectforDeleteIntroMessageAnnouncementRecord() throws java.lang.Exception]]>
              </value>
            </param>
          </params>
          <reporter-output>
          </reporter-output>
        </test-method> <!-- afterEachMethod -->
        <test-method is-config="true" signature="NavigateToIntroMessageAnnouncementPage(java.lang.reflect.Method)[pri:0, instance:com.tetherfi.test.ivr.IntroMessageAnnouncementDeleteTest@e829999]" started-at="2019-11-15T16:13:39 IST" name="NavigateToIntroMessageAnnouncementPage" finished-at="2019-11-15T16:14:04 IST" duration-ms="24893" status="PASS">
          <params>
            <param index="0">
              <value>
                <![CDATA[public void com.tetherfi.test.ivr.IntroMessageAnnouncementDeleteTest.VerifyAuditTrailReportForReject() throws java.lang.Exception]]>
              </value>
            </param>
          </params>
          <reporter-output>
          </reporter-output>
        </test-method> <!-- NavigateToIntroMessageAnnouncementPage -->
        <test-method signature="VerifyAuditTrailReportForReject()[pri:9, instance:com.tetherfi.test.ivr.IntroMessageAnnouncementDeleteTest@e829999]" started-at="2019-11-15T16:14:04 IST" name="VerifyAuditTrailReportForReject" finished-at="2019-11-15T16:14:26 IST" depends-on-methods="com.tetherfi.test.ivr.IntroMessageAnnouncementDeleteTest.RejectforDeleteIntroMessageAnnouncementRecord" duration-ms="22820" status="FAIL">
          <exception class="java.lang.AssertionError">
            <message>
              <![CDATA[Audit Trail report assertion failed did not expect to find [true] but found [false]]]>
            </message>
            <full-stacktrace>
              <![CDATA[java.lang.AssertionError: Audit Trail report assertion failed did not expect to find [true] but found [false]
at org.testng.Assert.fail(Assert.java:97)
at org.testng.Assert.failNotEquals(Assert.java:969)
at org.testng.Assert.assertTrue(Assert.java:43)
at com.tetherfi.test.ivr.IntroMessageAnnouncementDeleteTest.VerifyAuditTrailReportForReject(IntroMessageAnnouncementDeleteTest.java:160)
at java.base/jdk.internal.reflect.NativeMethodAccessorImpl.invoke0(Native Method)
at java.base/jdk.internal.reflect.NativeMethodAccessorImpl.invoke(Unknown Source)
at java.base/jdk.internal.reflect.DelegatingMethodAccessorImpl.invoke(Unknown Source)
at java.base/java.lang.reflect.Method.invoke(Unknown Source)
at org.testng.internal.MethodInvocationHelper.invokeMethod(MethodInvocationHelper.java:133)
at org.testng.internal.TestInvoker.invokeMethod(TestInvoker.java:584)
at org.testng.internal.TestInvoker.invokeTestMethod(TestInvoker.java:172)
at org.testng.internal.MethodRunner.runInSequence(MethodRunner.java:46)
at org.testng.internal.TestInvoker$MethodInvocationAgent.invoke(TestInvoker.java:804)
at org.testng.internal.TestInvoker.invokeTestMethods(TestInvoker.java:145)
at org.testng.internal.TestMethodWorker.invokeTestMethods(TestMethodWorker.java:146)
at org.testng.internal.TestMethodWorker.run(TestMethodWorker.java:128)
at java.base/java.util.ArrayList.forEach(Unknown Source)
at org.testng.TestRunner.privateRun(TestRunner.java:770)
at org.testng.TestRunner.run(TestRunner.java:591)
at org.testng.SuiteRunner.runTest(SuiteRunner.java:402)
at org.testng.SuiteRunner.runSequentially(SuiteRunner.java:396)
at org.testng.SuiteRunner.privateRun(SuiteRunner.java:355)
at org.testng.SuiteRunner.run(SuiteRunner.java:304)
at org.testng.SuiteRunnerWorker.runSuite(SuiteRunnerWorker.java:53)
at org.testng.SuiteRunnerWorker.run(SuiteRunnerWorker.java:96)
at org.testng.TestNG.runSuitesSequentially(TestNG.java:1180)
at org.testng.TestNG.runSuitesLocally(TestNG.java:1102)
at org.testng.TestNG.runSuites(TestNG.java:1032)
at org.testng.TestNG.run(TestNG.java:1000)
at org.testng.remote.AbstractRemoteTestNG.run(AbstractRemoteTestNG.java:115)
at org.testng.remote.RemoteTestNG.initAndRun(RemoteTestNG.java:251)
at org.testng.remote.RemoteTestNG.main(RemoteTestNG.java:77)
]]>
            </full-stacktrace>
          </exception> <!-- java.lang.AssertionError -->
          <reporter-output>
            <line>
              <![CDATA[Test Case <b style="color:red;" "font-size:25px;">FAILED</b>
]]>
            </line>
            <line>
              <![CDATA[<img src="Screenshot\VerifyAuditTrailReportForReject.jpg" alt="Image Not Found"/><br />]]>
            </line>
          </reporter-output>
        </test-method> <!-- VerifyAuditTrailReportForReject -->
        <test-method is-config="true" signature="afterEachMethod(java.lang.reflect.Method)[pri:0, instance:com.tetherfi.test.ivr.IntroMessageAnnouncementDeleteTest@e829999]" started-at="2019-11-15T16:14:26 IST" name="afterEachMethod" finished-at="2019-11-15T16:14:33 IST" duration-ms="6909" status="PASS">
          <params>
            <param index="0">
              <value>
                <![CDATA[public void com.tetherfi.test.ivr.IntroMessageAnnouncementDeleteTest.VerifyAuditTrailReportForReject() throws java.lang.Exception]]>
              </value>
            </param>
          </params>
          <reporter-output>
          </reporter-output>
        </test-method> <!-- afterEachMethod -->
        <test-method is-config="true" signature="NavigateToIntroMessageAnnouncementPage(java.lang.reflect.Method)[pri:0, instance:com.tetherfi.test.ivr.IntroMessageAnnouncementDeleteTest@e829999]" started-at="2019-11-15T16:14:33 IST" name="NavigateToIntroMessageAnnouncementPage" finished-at="2019-11-15T16:14:58 IST" duration-ms="24691" status="PASS">
          <params>
            <param index="0">
              <value>
                <![CDATA[public void com.tetherfi.test.ivr.IntroMessageAnnouncementDeleteTest.DeleteIntroMessageAnnouncementRecord() throws java.lang.Exception]]>
              </value>
            </param>
          </params>
          <reporter-output>
          </reporter-output>
        </test-method> <!-- NavigateToIntroMessageAnnouncementPage -->
        <test-method signature="DeleteIntroMessageAnnouncementRecord()[pri:10, instance:com.tetherfi.test.ivr.IntroMessageAnnouncementDeleteTest@e829999]" started-at="2019-11-15T16:14:58 IST" name="DeleteIntroMessageAnnouncementRecord" finished-at="2019-11-15T16:15:07 IST" duration-ms="9293" status="PASS">
          <reporter-output>
            <line>
              <![CDATA[Test Case <b style="color:green;" "font-size:25px;">Passed</b>
]]>
            </line>
            <line>
              <![CDATA[<img src="Screenshot\DeleteIntroMessageAnnouncementRecord.jpg" alt="Image Not Found"/><br />]]>
            </line>
          </reporter-output>
        </test-method> <!-- DeleteIntroMessageAnnouncementRecord -->
        <test-method is-config="true" signature="afterEachMethod(java.lang.reflect.Method)[pri:0, instance:com.tetherfi.test.ivr.IntroMessageAnnouncementDeleteTest@e829999]" started-at="2019-11-15T16:15:07 IST" name="afterEachMethod" finished-at="2019-11-15T16:15:14 IST" duration-ms="6981" status="PASS">
          <params>
            <param index="0">
              <value>
                <![CDATA[public void com.tetherfi.test.ivr.IntroMessageAnnouncementDeleteTest.DeleteIntroMessageAnnouncementRecord() throws java.lang.Exception]]>
              </value>
            </param>
          </params>
          <reporter-output>
          </reporter-output>
        </test-method> <!-- afterEachMethod -->
        <test-method is-config="true" signature="NavigateToIntroMessageAnnouncementPage(java.lang.reflect.Method)[pri:0, instance:com.tetherfi.test.ivr.IntroMessageAnnouncementDeleteTest@e829999]" started-at="2019-11-15T16:15:14 IST" name="NavigateToIntroMessageAnnouncementPage" finished-at="2019-11-15T16:15:38 IST" duration-ms="23513" status="PASS">
          <params>
            <param index="0">
              <value>
                <![CDATA[public void com.tetherfi.test.ivr.IntroMessageAnnouncementDeleteTest.VerifyAuditTrialReportForDelete() throws java.lang.Exception]]>
              </value>
            </param>
          </params>
          <reporter-output>
          </reporter-output>
        </test-method> <!-- NavigateToIntroMessageAnnouncementPage -->
        <test-method signature="VerifyAuditTrialReportForDelete()[pri:11, instance:com.tetherfi.test.ivr.IntroMessageAnnouncementDeleteTest@e829999]" started-at="2019-11-15T16:15:38 IST" name="VerifyAuditTrialReportForDelete" finished-at="2019-11-15T16:15:59 IST" depends-on-methods="com.tetherfi.test.ivr.IntroMessageAnnouncementDeleteTest.DeleteIntroMessageAnnouncementRecord" duration-ms="21258" status="FAIL">
          <exception class="java.lang.AssertionError">
            <message>
              <![CDATA[did not expect to find [true] but found [false]]]>
            </message>
            <full-stacktrace>
              <![CDATA[java.lang.AssertionError: did not expect to find [true] but found [false]
at org.testng.Assert.fail(Assert.java:97)
at org.testng.Assert.failNotEquals(Assert.java:969)
at org.testng.Assert.assertTrue(Assert.java:43)
at org.testng.Assert.assertTrue(Assert.java:53)
at com.tetherfi.test.ivr.IntroMessageAnnouncementDeleteTest.VerifyAuditTrialReportForDelete(IntroMessageAnnouncementDeleteTest.java:185)
at java.base/jdk.internal.reflect.NativeMethodAccessorImpl.invoke0(Native Method)
at java.base/jdk.internal.reflect.NativeMethodAccessorImpl.invoke(Unknown Source)
at java.base/jdk.internal.reflect.DelegatingMethodAccessorImpl.invoke(Unknown Source)
at java.base/java.lang.reflect.Method.invoke(Unknown Source)
at org.testng.internal.MethodInvocationHelper.invokeMethod(MethodInvocationHelper.java:133)
at org.testng.internal.TestInvoker.invokeMethod(TestInvoker.java:584)
at org.testng.internal.TestInvoker.invokeTestMethod(TestInvoker.java:172)
at org.testng.internal.MethodRunner.runInSequence(MethodRunner.java:46)
at org.testng.internal.TestInvoker$MethodInvocationAgent.invoke(TestInvoker.java:804)
at org.testng.internal.TestInvoker.invokeTestMethods(TestInvoker.java:145)
at org.testng.internal.TestMethodWorker.invokeTestMethods(TestMethodWorker.java:146)
at org.testng.internal.TestMethodWorker.run(TestMethodWorker.java:128)
at java.base/java.util.ArrayList.forEach(Unknown Source)
at org.testng.TestRunner.privateRun(TestRunner.java:770)
at org.testng.TestRunner.run(TestRunner.java:591)
at org.testng.SuiteRunner.runTest(SuiteRunner.java:402)
at org.testng.SuiteRunner.runSequentially(SuiteRunner.java:396)
at org.testng.SuiteRunner.privateRun(SuiteRunner.java:355)
at org.testng.SuiteRunner.run(SuiteRunner.java:304)
at org.testng.SuiteRunnerWorker.runSuite(SuiteRunnerWorker.java:53)
at org.testng.SuiteRunnerWorker.run(SuiteRunnerWorker.java:96)
at org.testng.TestNG.runSuitesSequentially(TestNG.java:1180)
at org.testng.TestNG.runSuitesLocally(TestNG.java:1102)
at org.testng.TestNG.runSuites(TestNG.java:1032)
at org.testng.TestNG.run(TestNG.java:1000)
at org.testng.remote.AbstractRemoteTestNG.run(AbstractRemoteTestNG.java:115)
at org.testng.remote.RemoteTestNG.initAndRun(RemoteTestNG.java:251)
at org.testng.remote.RemoteTestNG.main(RemoteTestNG.java:77)
]]>
            </full-stacktrace>
          </exception> <!-- java.lang.AssertionError -->
          <reporter-output>
            <line>
              <![CDATA[Test Case <b style="color:red;" "font-size:25px;">FAILED</b>
]]>
            </line>
            <line>
              <![CDATA[<img src="Screenshot\VerifyAuditTrialReportForDelete.jpg" alt="Image Not Found"/><br />]]>
            </line>
          </reporter-output>
        </test-method> <!-- VerifyAuditTrialReportForDelete -->
        <test-method is-config="true" signature="afterEachMethod(java.lang.reflect.Method)[pri:0, instance:com.tetherfi.test.ivr.IntroMessageAnnouncementDeleteTest@e829999]" started-at="2019-11-15T16:15:59 IST" name="afterEachMethod" finished-at="2019-11-15T16:16:06 IST" duration-ms="7288" status="PASS">
          <params>
            <param index="0">
              <value>
                <![CDATA[public void com.tetherfi.test.ivr.IntroMessageAnnouncementDeleteTest.VerifyAuditTrialReportForDelete() throws java.lang.Exception]]>
              </value>
            </param>
          </params>
          <reporter-output>
          </reporter-output>
        </test-method> <!-- afterEachMethod -->
        <test-method is-config="true" signature="NavigateToIntroMessageAnnouncementPage(java.lang.reflect.Method)[pri:0, instance:com.tetherfi.test.ivr.IntroMessageAnnouncementDeleteTest@e829999]" started-at="2019-11-15T16:16:06 IST" name="NavigateToIntroMessageAnnouncementPage" finished-at="2019-11-15T16:16:32 IST" duration-ms="25832" status="PASS">
          <params>
            <param index="0">
              <value>
                <![CDATA[public void com.tetherfi.test.ivr.IntroMessageAnnouncementDeleteTest.VerifyAuditTrailDataForDeleteIntroMessageAnnouncementRecord() throws java.lang.Exception]]>
              </value>
            </param>
          </params>
          <reporter-output>
          </reporter-output>
        </test-method> <!-- NavigateToIntroMessageAnnouncementPage -->
        <test-method signature="VerifyAuditTrailDataForDeleteIntroMessageAnnouncementRecord()[pri:12, instance:com.tetherfi.test.ivr.IntroMessageAnnouncementDeleteTest@e829999]" started-at="2019-11-15T16:16:32 IST" name="VerifyAuditTrailDataForDeleteIntroMessageAnnouncementRecord" finished-at="2019-11-15T16:16:38 IST" depends-on-methods="com.tetherfi.test.ivr.IntroMessageAnnouncementDeleteTest.DeleteIntroMessageAnnouncementRecord" duration-ms="5911" status="PASS">
          <reporter-output>
            <line>
              <![CDATA[Test Case <b style="color:green;" "font-size:25px;">Passed</b>
]]>
            </line>
            <line>
              <![CDATA[<img src="Screenshot\VerifyAuditTrailDataForDeleteIntroMessageAnnouncementRecord.jpg" alt="Image Not Found"/><br />]]>
            </line>
          </reporter-output>
        </test-method> <!-- VerifyAuditTrailDataForDeleteIntroMessageAnnouncementRecord -->
        <test-method is-config="true" signature="afterEachMethod(java.lang.reflect.Method)[pri:0, instance:com.tetherfi.test.ivr.IntroMessageAnnouncementDeleteTest@e829999]" started-at="2019-11-15T16:16:38 IST" name="afterEachMethod" finished-at="2019-11-15T16:16:45 IST" duration-ms="6843" status="PASS">
          <params>
            <param index="0">
              <value>
                <![CDATA[public void com.tetherfi.test.ivr.IntroMessageAnnouncementDeleteTest.VerifyAuditTrailDataForDeleteIntroMessageAnnouncementRecord() throws java.lang.Exception]]>
              </value>
            </param>
          </params>
          <reporter-output>
          </reporter-output>
        </test-method> <!-- afterEachMethod -->
        <test-method is-config="true" signature="NavigateToIntroMessageAnnouncementPage(java.lang.reflect.Method)[pri:0, instance:com.tetherfi.test.ivr.IntroMessageAnnouncementDeleteTest@e829999]" started-at="2019-11-15T16:16:45 IST" name="NavigateToIntroMessageAnnouncementPage" finished-at="2019-11-15T16:17:10 IST" duration-ms="25544" status="PASS">
          <params>
            <param index="0">
              <value>
                <![CDATA[public void com.tetherfi.test.ivr.IntroMessageAnnouncementDeleteTest.VerifySendForApprovalForDeleteRecord() throws java.lang.Exception]]>
              </value>
            </param>
          </params>
          <reporter-output>
          </reporter-output>
        </test-method> <!-- NavigateToIntroMessageAnnouncementPage -->
        <test-method signature="VerifySendForApprovalForDeleteRecord()[pri:13, instance:com.tetherfi.test.ivr.IntroMessageAnnouncementDeleteTest@e829999]" started-at="2019-11-15T16:17:10 IST" name="VerifySendForApprovalForDeleteRecord" finished-at="2019-11-15T16:17:21 IST" depends-on-methods="com.tetherfi.test.ivr.IntroMessageAnnouncementDeleteTest.VerifyAuditTrailDataForDeleteIntroMessageAnnouncementRecord" duration-ms="10086" status="PASS">
          <reporter-output>
            <line>
              <![CDATA[Test Case <b style="color:green;" "font-size:25px;">Passed</b>
]]>
            </line>
            <line>
              <![CDATA[<img src="Screenshot\VerifySendForApprovalForDeleteRecord.jpg" alt="Image Not Found"/><br />]]>
            </line>
          </reporter-output>
        </test-method> <!-- VerifySendForApprovalForDeleteRecord -->
        <test-method is-config="true" signature="afterEachMethod(java.lang.reflect.Method)[pri:0, instance:com.tetherfi.test.ivr.IntroMessageAnnouncementDeleteTest@e829999]" started-at="2019-11-15T16:17:21 IST" name="afterEachMethod" finished-at="2019-11-15T16:17:27 IST" duration-ms="6843" status="PASS">
          <params>
            <param index="0">
              <value>
                <![CDATA[public void com.tetherfi.test.ivr.IntroMessageAnnouncementDeleteTest.VerifySendForApprovalForDeleteRecord() throws java.lang.Exception]]>
              </value>
            </param>
          </params>
          <reporter-output>
          </reporter-output>
        </test-method> <!-- afterEachMethod -->
        <test-method is-config="true" signature="NavigateToIntroMessageAnnouncementPage(java.lang.reflect.Method)[pri:0, instance:com.tetherfi.test.ivr.IntroMessageAnnouncementDeleteTest@e829999]" started-at="2019-11-15T16:17:27 IST" name="NavigateToIntroMessageAnnouncementPage" finished-at="2019-11-15T16:17:53 IST" duration-ms="25854" status="PASS">
          <params>
            <param index="0">
              <value>
                <![CDATA[public void com.tetherfi.test.ivr.IntroMessageAnnouncementDeleteTest.VerifyAuditTrailReportForSendForApprove() throws java.lang.Exception]]>
              </value>
            </param>
          </params>
          <reporter-output>
          </reporter-output>
        </test-method> <!-- NavigateToIntroMessageAnnouncementPage -->
        <test-method signature="VerifyAuditTrailReportForSendForApprove()[pri:14, instance:com.tetherfi.test.ivr.IntroMessageAnnouncementDeleteTest@e829999]" started-at="2019-11-15T16:17:53 IST" name="VerifyAuditTrailReportForSendForApprove" finished-at="2019-11-15T16:18:15 IST" depends-on-methods="com.tetherfi.test.ivr.IntroMessageAnnouncementDeleteTest.VerifySendForApprovalForDeleteRecord" duration-ms="21864" status="FAIL">
          <exception class="java.lang.AssertionError">
            <message>
              <![CDATA[Audit Trail report assertion failed did not expect to find [true] but found [false]]]>
            </message>
            <full-stacktrace>
              <![CDATA[java.lang.AssertionError: Audit Trail report assertion failed did not expect to find [true] but found [false]
at org.testng.Assert.fail(Assert.java:97)
at org.testng.Assert.failNotEquals(Assert.java:969)
at org.testng.Assert.assertTrue(Assert.java:43)
at com.tetherfi.test.ivr.IntroMessageAnnouncementDeleteTest.VerifyAuditTrailReportForSendForApprove(IntroMessageAnnouncementDeleteTest.java:219)
at java.base/jdk.internal.reflect.NativeMethodAccessorImpl.invoke0(Native Method)
at java.base/jdk.internal.reflect.NativeMethodAccessorImpl.invoke(Unknown Source)
at java.base/jdk.internal.reflect.DelegatingMethodAccessorImpl.invoke(Unknown Source)
at java.base/java.lang.reflect.Method.invoke(Unknown Source)
at org.testng.internal.MethodInvocationHelper.invokeMethod(MethodInvocationHelper.java:133)
at org.testng.internal.TestInvoker.invokeMethod(TestInvoker.java:584)
at org.testng.internal.TestInvoker.invokeTestMethod(TestInvoker.java:172)
at org.testng.internal.MethodRunner.runInSequence(MethodRunner.java:46)
at org.testng.internal.TestInvoker$MethodInvocationAgent.invoke(TestInvoker.java:804)
at org.testng.internal.TestInvoker.invokeTestMethods(TestInvoker.java:145)
at org.testng.internal.TestMethodWorker.invokeTestMethods(TestMethodWorker.java:146)
at org.testng.internal.TestMethodWorker.run(TestMethodWorker.java:128)
at java.base/java.util.ArrayList.forEach(Unknown Source)
at org.testng.TestRunner.privateRun(TestRunner.java:770)
at org.testng.TestRunner.run(TestRunner.java:591)
at org.testng.SuiteRunner.runTest(SuiteRunner.java:402)
at org.testng.SuiteRunner.runSequentially(SuiteRunner.java:396)
at org.testng.SuiteRunner.privateRun(SuiteRunner.java:355)
at org.testng.SuiteRunner.run(SuiteRunner.java:304)
at org.testng.SuiteRunnerWorker.runSuite(SuiteRunnerWorker.java:53)
at org.testng.SuiteRunnerWorker.run(SuiteRunnerWorker.java:96)
at org.testng.TestNG.runSuitesSequentially(TestNG.java:1180)
at org.testng.TestNG.runSuitesLocally(TestNG.java:1102)
at org.testng.TestNG.runSuites(TestNG.java:1032)
at org.testng.TestNG.run(TestNG.java:1000)
at org.testng.remote.AbstractRemoteTestNG.run(AbstractRemoteTestNG.java:115)
at org.testng.remote.RemoteTestNG.initAndRun(RemoteTestNG.java:251)
at org.testng.remote.RemoteTestNG.main(RemoteTestNG.java:77)
]]>
            </full-stacktrace>
          </exception> <!-- java.lang.AssertionError -->
          <reporter-output>
            <line>
              <![CDATA[Test Case <b style="color:red;" "font-size:25px;">FAILED</b>
]]>
            </line>
            <line>
              <![CDATA[<img src="Screenshot\VerifyAuditTrailReportForSendForApprove.jpg" alt="Image Not Found"/><br />]]>
            </line>
          </reporter-output>
        </test-method> <!-- VerifyAuditTrailReportForSendForApprove -->
        <test-method is-config="true" signature="afterEachMethod(java.lang.reflect.Method)[pri:0, instance:com.tetherfi.test.ivr.IntroMessageAnnouncementDeleteTest@e829999]" started-at="2019-11-15T16:18:15 IST" name="afterEachMethod" finished-at="2019-11-15T16:18:22 IST" duration-ms="6957" status="PASS">
          <params>
            <param index="0">
              <value>
                <![CDATA[public void com.tetherfi.test.ivr.IntroMessageAnnouncementDeleteTest.VerifyAuditTrailReportForSendForApprove() throws java.lang.Exception]]>
              </value>
            </param>
          </params>
          <reporter-output>
          </reporter-output>
        </test-method> <!-- afterEachMethod -->
        <test-method is-config="true" signature="NavigateToIntroMessageAnnouncementPage(java.lang.reflect.Method)[pri:0, instance:com.tetherfi.test.ivr.IntroMessageAnnouncementDeleteTest@e829999]" started-at="2019-11-15T16:18:22 IST" name="NavigateToIntroMessageAnnouncementPage" finished-at="2019-11-15T16:18:47 IST" duration-ms="24841" status="PASS">
          <params>
            <param index="0">
              <value>
                <![CDATA[public void com.tetherfi.test.ivr.IntroMessageAnnouncementDeleteTest.ApproveforDeleteIntroMessageAnnouncementRecord() throws java.lang.Exception]]>
              </value>
            </param>
          </params>
          <reporter-output>
          </reporter-output>
        </test-method> <!-- NavigateToIntroMessageAnnouncementPage -->
        <test-method signature="ApproveforDeleteIntroMessageAnnouncementRecord()[pri:15, instance:com.tetherfi.test.ivr.IntroMessageAnnouncementDeleteTest@e829999]" started-at="2019-11-15T16:18:47 IST" name="ApproveforDeleteIntroMessageAnnouncementRecord" finished-at="2019-11-15T16:18:50 IST" duration-ms="3402" status="PASS">
          <reporter-output>
            <line>
              <![CDATA[Test Case <b style="color:green;" "font-size:25px;">Passed</b>
]]>
            </line>
            <line>
              <![CDATA[<img src="Screenshot\ApproveforDeleteIntroMessageAnnouncementRecord.jpg" alt="Image Not Found"/><br />]]>
            </line>
          </reporter-output>
        </test-method> <!-- ApproveforDeleteIntroMessageAnnouncementRecord -->
        <test-method is-config="true" signature="afterEachMethod(java.lang.reflect.Method)[pri:0, instance:com.tetherfi.test.ivr.IntroMessageAnnouncementDeleteTest@e829999]" started-at="2019-11-15T16:18:50 IST" name="afterEachMethod" finished-at="2019-11-15T16:18:57 IST" duration-ms="6900" status="PASS">
          <params>
            <param index="0">
              <value>
                <![CDATA[public void com.tetherfi.test.ivr.IntroMessageAnnouncementDeleteTest.ApproveforDeleteIntroMessageAnnouncementRecord() throws java.lang.Exception]]>
              </value>
            </param>
          </params>
          <reporter-output>
          </reporter-output>
        </test-method> <!-- afterEachMethod -->
        <test-method is-config="true" signature="NavigateToIntroMessageAnnouncementPage(java.lang.reflect.Method)[pri:0, instance:com.tetherfi.test.ivr.IntroMessageAnnouncementDeleteTest@e829999]" started-at="2019-11-15T16:18:57 IST" name="NavigateToIntroMessageAnnouncementPage" finished-at="2019-11-15T16:19:24 IST" duration-ms="26439" status="PASS">
          <params>
            <param index="0">
              <value>
                <![CDATA[public void com.tetherfi.test.ivr.IntroMessageAnnouncementDeleteTest.VerifyAuditTrailReportForApprove() throws java.lang.Exception]]>
              </value>
            </param>
          </params>
          <reporter-output>
          </reporter-output>
        </test-method> <!-- NavigateToIntroMessageAnnouncementPage -->
        <test-method signature="VerifyAuditTrailReportForApprove()[pri:16, instance:com.tetherfi.test.ivr.IntroMessageAnnouncementDeleteTest@e829999]" started-at="2019-11-15T16:19:24 IST" name="VerifyAuditTrailReportForApprove" finished-at="2019-11-15T16:19:46 IST" depends-on-methods="com.tetherfi.test.ivr.IntroMessageAnnouncementDeleteTest.ApproveforDeleteIntroMessageAnnouncementRecord" duration-ms="22247" status="FAIL">
          <exception class="java.lang.AssertionError">
            <message>
              <![CDATA[Audit Trail report assertion failed did not expect to find [true] but found [false]]]>
            </message>
            <full-stacktrace>
              <![CDATA[java.lang.AssertionError: Audit Trail report assertion failed did not expect to find [true] but found [false]
at org.testng.Assert.fail(Assert.java:97)
at org.testng.Assert.failNotEquals(Assert.java:969)
at org.testng.Assert.assertTrue(Assert.java:43)
at com.tetherfi.test.ivr.IntroMessageAnnouncementDeleteTest.VerifyAuditTrailReportForApprove(IntroMessageAnnouncementDeleteTest.java:242)
at java.base/jdk.internal.reflect.NativeMethodAccessorImpl.invoke0(Native Method)
at java.base/jdk.internal.reflect.NativeMethodAccessorImpl.invoke(Unknown Source)
at java.base/jdk.internal.reflect.DelegatingMethodAccessorImpl.invoke(Unknown Source)
at java.base/java.lang.reflect.Method.invoke(Unknown Source)
at org.testng.internal.MethodInvocationHelper.invokeMethod(MethodInvocationHelper.java:133)
at org.testng.internal.TestInvoker.invokeMethod(TestInvoker.java:584)
at org.testng.internal.TestInvoker.invokeTestMethod(TestInvoker.java:172)
at org.testng.internal.MethodRunner.runInSequence(MethodRunner.java:46)
at org.testng.internal.TestInvoker$MethodInvocationAgent.invoke(TestInvoker.java:804)
at org.testng.internal.TestInvoker.invokeTestMethods(TestInvoker.java:145)
at org.testng.internal.TestMethodWorker.invokeTestMethods(TestMethodWorker.java:146)
at org.testng.internal.TestMethodWorker.run(TestMethodWorker.java:128)
at java.base/java.util.ArrayList.forEach(Unknown Source)
at org.testng.TestRunner.privateRun(TestRunner.java:770)
at org.testng.TestRunner.run(TestRunner.java:591)
at org.testng.SuiteRunner.runTest(SuiteRunner.java:402)
at org.testng.SuiteRunner.runSequentially(SuiteRunner.java:396)
at org.testng.SuiteRunner.privateRun(SuiteRunner.java:355)
at org.testng.SuiteRunner.run(SuiteRunner.java:304)
at org.testng.SuiteRunnerWorker.runSuite(SuiteRunnerWorker.java:53)
at org.testng.SuiteRunnerWorker.run(SuiteRunnerWorker.java:96)
at org.testng.TestNG.runSuitesSequentially(TestNG.java:1180)
at org.testng.TestNG.runSuitesLocally(TestNG.java:1102)
at org.testng.TestNG.runSuites(TestNG.java:1032)
at org.testng.TestNG.run(TestNG.java:1000)
at org.testng.remote.AbstractRemoteTestNG.run(AbstractRemoteTestNG.java:115)
at org.testng.remote.RemoteTestNG.initAndRun(RemoteTestNG.java:251)
at org.testng.remote.RemoteTestNG.main(RemoteTestNG.java:77)
]]>
            </full-stacktrace>
          </exception> <!-- java.lang.AssertionError -->
          <reporter-output>
            <line>
              <![CDATA[Test Case <b style="color:red;" "font-size:25px;">FAILED</b>
]]>
            </line>
            <line>
              <![CDATA[<img src="Screenshot\VerifyAuditTrailReportForApprove.jpg" alt="Image Not Found"/><br />]]>
            </line>
          </reporter-output>
        </test-method> <!-- VerifyAuditTrailReportForApprove -->
        <test-method is-config="true" signature="afterEachMethod(java.lang.reflect.Method)[pri:0, instance:com.tetherfi.test.ivr.IntroMessageAnnouncementDeleteTest@e829999]" started-at="2019-11-15T16:19:46 IST" name="afterEachMethod" finished-at="2019-11-15T16:19:53 IST" duration-ms="6945" status="PASS">
          <params>
            <param index="0">
              <value>
                <![CDATA[public void com.tetherfi.test.ivr.IntroMessageAnnouncementDeleteTest.VerifyAuditTrailReportForApprove() throws java.lang.Exception]]>
              </value>
            </param>
          </params>
          <reporter-output>
          </reporter-output>
        </test-method> <!-- afterEachMethod -->
      </class> <!-- com.tetherfi.test.ivr.IntroMessageAnnouncementDeleteTest -->
    </test> <!-- IntroMessage Announcement Delete -->
  </suite> <!-- Tetherfi Test Automation -->
</testng-results>
