<?xml version="1.0" encoding="UTF-8"?>
<testng-results skipped="0" failed="0" ignored="0" total="1" passed="1">
  <reporter-output>
  </reporter-output>
  <suite name="Default suite" duration-ms="71944" started-at="2020-03-24T18:03:28 IST" finished-at="2020-03-24T18:04:40 IST">
    <groups>
    </groups>
    <test name="Default test" duration-ms="71944" started-at="2020-03-24T18:03:28 IST" finished-at="2020-03-24T18:04:40 IST">
      <class name="com.tetherfi.test.reports.AgentAuxReportTest">
        <test-method status="PASS" signature="openApplication()[pri:0, instance:com.tetherfi.test.reports.AgentAuxReportTest@76f2b07d]" name="openApplication" is-config="true" duration-ms="32248" started-at="2020-03-24T18:03:28 IST" finished-at="2020-03-24T18:04:00 IST">
          <reporter-output>
          </reporter-output>
        </test-method> <!-- openApplication -->
        <test-method status="PASS" signature="startTestCase(java.lang.reflect.Method)[pri:0, instance:com.tetherfi.test.reports.AgentAuxReportTest@76f2b07d]" name="startTestCase" is-config="true" duration-ms="6" started-at="2020-03-24T18:04:00 IST" finished-at="2020-03-24T18:04:00 IST">
          <params>
            <param index="0">
              <value>
                <![CDATA[public void com.tetherfi.test.reports.AgentAuxReportTest.ShowAgentAuxReport() throws java.lang.Exception]]>
              </value>
            </param>
          </params>
          <reporter-output>
          </reporter-output>
        </test-method> <!-- startTestCase -->
        <test-method status="PASS" signature="NavigateToOcmReportsPage()[pri:0, instance:com.tetherfi.test.reports.AgentAuxReportTest@76f2b07d]" name="NavigateToOcmReportsPage" is-config="true" duration-ms="8530" started-at="2020-03-24T18:04:00 IST" finished-at="2020-03-24T18:04:08 IST">
          <reporter-output>
          </reporter-output>
        </test-method> <!-- NavigateToOcmReportsPage -->
        <test-method status="PASS" signature="ShowAgentAuxReport()[pri:1, instance:com.tetherfi.test.reports.AgentAuxReportTest@76f2b07d]" name="ShowAgentAuxReport" duration-ms="21320" started-at="2020-03-24T18:04:08 IST" finished-at="2020-03-24T18:04:30 IST">
          <reporter-output>
          </reporter-output>
        </test-method> <!-- ShowAgentAuxReport -->
        <test-method status="PASS" signature="afterEachMethod(java.lang.reflect.Method)[pri:0, instance:com.tetherfi.test.reports.AgentAuxReportTest@76f2b07d]" name="afterEachMethod" is-config="true" duration-ms="2326" started-at="2020-03-24T18:04:30 IST" finished-at="2020-03-24T18:04:32 IST">
          <params>
            <param index="0">
              <value>
                <![CDATA[public void com.tetherfi.test.reports.AgentAuxReportTest.ShowAgentAuxReport() throws java.lang.Exception]]>
              </value>
            </param>
          </params>
          <reporter-output>
          </reporter-output>
        </test-method> <!-- afterEachMethod -->
        <test-method status="PASS" signature="endTestCase(java.lang.reflect.Method)[pri:0, instance:com.tetherfi.test.reports.AgentAuxReportTest@76f2b07d]" name="endTestCase" is-config="true" duration-ms="1" started-at="2020-03-24T18:04:32 IST" finished-at="2020-03-24T18:04:32 IST">
          <params>
            <param index="0">
              <value>
                <![CDATA[public void com.tetherfi.test.reports.AgentAuxReportTest.ShowAgentAuxReport() throws java.lang.Exception]]>
              </value>
            </param>
          </params>
          <reporter-output>
          </reporter-output>
        </test-method> <!-- endTestCase -->
        <test-method status="PASS" signature="tearDown()[pri:0, instance:com.tetherfi.test.reports.AgentAuxReportTest@76f2b07d]" name="tearDown" is-config="true" duration-ms="7458" started-at="2020-03-24T18:04:32 IST" finished-at="2020-03-24T18:04:40 IST">
          <reporter-output>
          </reporter-output>
        </test-method> <!-- tearDown -->
      </class> <!-- com.tetherfi.test.reports.AgentAuxReportTest -->
    </test> <!-- Default test -->
  </suite> <!-- Default suite -->
</testng-results>
