<?xml version="1.0" encoding="UTF-8"?>
<testng-results skipped="0" failed="1" ignored="0" total="1" passed="0">
  <reporter-output>
  </reporter-output>
  <suite name="Default suite" duration-ms="49130" started-at="2021-06-24T15:32:49 IST" finished-at="2021-06-24T15:33:38 IST">
    <groups>
    </groups>
    <test name="Default test" duration-ms="49130" started-at="2021-06-24T15:32:49 IST" finished-at="2021-06-24T15:33:38 IST">
      <class name="com.tetherfi.test.reports.OCMPendingEmailAgeingReportTest">
        <test-method status="PASS" signature="openApplication()[pri:0, instance:com.tetherfi.test.reports.OCMPendingEmailAgeingReportTest@6b2e46af]" name="openApplication" is-config="true" duration-ms="23361" started-at="2021-06-24T15:32:49 IST" finished-at="2021-06-24T15:33:12 IST">
          <reporter-output>
          </reporter-output>
        </test-method> <!-- openApplication -->
        <test-method status="PASS" signature="startTestCase(java.lang.reflect.Method)[pri:0, instance:com.tetherfi.test.reports.OCMPendingEmailAgeingReportTest@6b2e46af]" name="startTestCase" is-config="true" duration-ms="10" started-at="2021-06-24T15:33:12 IST" finished-at="2021-06-24T15:33:12 IST">
          <params>
            <param index="0">
              <value>
                <![CDATA[public void com.tetherfi.test.reports.OCMPendingEmailAgeingReportTest.database() throws java.lang.Exception]]>
              </value>
            </param>
          </params>
          <reporter-output>
          </reporter-output>
        </test-method> <!-- startTestCase -->
        <test-method status="PASS" signature="NavigateToOcmReportsPage()[pri:0, instance:com.tetherfi.test.reports.OCMPendingEmailAgeingReportTest@6b2e46af]" name="NavigateToOcmReportsPage" is-config="true" duration-ms="2369" started-at="2021-06-24T15:33:12 IST" finished-at="2021-06-24T15:33:15 IST">
          <reporter-output>
          </reporter-output>
        </test-method> <!-- NavigateToOcmReportsPage -->
        <test-method status="FAIL" signature="database()[pri:3, instance:com.tetherfi.test.reports.OCMPendingEmailAgeingReportTest@6b2e46af]" name="database" duration-ms="20899" started-at="2021-06-24T15:33:15 IST" description="To verify pending email ageing report UI data against DB" finished-at="2021-06-24T15:33:35 IST">
          <exception class="java.lang.AssertionError">
            <message>
              <![CDATA[UI and Database data mismatch did not expect to find [true] but found [false]]]>
            </message>
            <full-stacktrace>
              <![CDATA[java.lang.AssertionError: UI and Database data mismatch did not expect to find [true] but found [false]
at org.testng.Assert.fail(Assert.java:97)
at org.testng.Assert.failNotEquals(Assert.java:969)
at org.testng.Assert.assertTrue(Assert.java:43)
at com.tetherfi.test.reports.OCMPendingEmailAgeingReportTest.database(OCMPendingEmailAgeingReportTest.java:61)
at sun.reflect.NativeMethodAccessorImpl.invoke0(Native Method)
at sun.reflect.NativeMethodAccessorImpl.invoke(Unknown Source)
at sun.reflect.DelegatingMethodAccessorImpl.invoke(Unknown Source)
at java.lang.reflect.Method.invoke(Unknown Source)
at org.testng.internal.MethodInvocationHelper.invokeMethod(MethodInvocationHelper.java:133)
at org.testng.internal.TestInvoker.invokeMethod(TestInvoker.java:584)
at org.testng.internal.TestInvoker.invokeTestMethod(TestInvoker.java:172)
at org.testng.internal.MethodRunner.runInSequence(MethodRunner.java:46)
at org.testng.internal.TestInvoker$MethodInvocationAgent.invoke(TestInvoker.java:804)
at org.testng.internal.TestInvoker.invokeTestMethods(TestInvoker.java:145)
at org.testng.internal.TestMethodWorker.invokeTestMethods(TestMethodWorker.java:146)
at org.testng.internal.TestMethodWorker.run(TestMethodWorker.java:128)
at java.util.ArrayList.forEach(Unknown Source)
at org.testng.TestRunner.privateRun(TestRunner.java:770)
at org.testng.TestRunner.run(TestRunner.java:591)
at org.testng.SuiteRunner.runTest(SuiteRunner.java:402)
at org.testng.SuiteRunner.runSequentially(SuiteRunner.java:396)
at org.testng.SuiteRunner.privateRun(SuiteRunner.java:355)
at org.testng.SuiteRunner.run(SuiteRunner.java:304)
at org.testng.SuiteRunnerWorker.runSuite(SuiteRunnerWorker.java:53)
at org.testng.SuiteRunnerWorker.run(SuiteRunnerWorker.java:96)
at org.testng.TestNG.runSuitesSequentially(TestNG.java:1180)
at org.testng.TestNG.runSuitesLocally(TestNG.java:1102)
at org.testng.TestNG.runSuites(TestNG.java:1032)
at org.testng.TestNG.run(TestNG.java:1000)
at org.testng.remote.AbstractRemoteTestNG.run(AbstractRemoteTestNG.java:115)
at org.testng.remote.RemoteTestNG.initAndRun(RemoteTestNG.java:251)
at org.testng.remote.RemoteTestNG.main(RemoteTestNG.java:77)
]]>
            </full-stacktrace>
          </exception> <!-- java.lang.AssertionError -->
          <reporter-output>
          </reporter-output>
        </test-method> <!-- database -->
        <test-method status="PASS" signature="endTestCase(java.lang.reflect.Method)[pri:0, instance:com.tetherfi.test.reports.OCMPendingEmailAgeingReportTest@6b2e46af]" name="endTestCase" is-config="true" duration-ms="2" started-at="2021-06-24T15:33:35 IST" finished-at="2021-06-24T15:33:35 IST">
          <params>
            <param index="0">
              <value>
                <![CDATA[public void com.tetherfi.test.reports.OCMPendingEmailAgeingReportTest.database() throws java.lang.Exception]]>
              </value>
            </param>
          </params>
          <reporter-output>
          </reporter-output>
        </test-method> <!-- endTestCase -->
        <test-method status="PASS" signature="tearDown()[pri:0, instance:com.tetherfi.test.reports.OCMPendingEmailAgeingReportTest@6b2e46af]" name="tearDown" is-config="true" duration-ms="2420" started-at="2021-06-24T15:33:35 IST" finished-at="2021-06-24T15:33:38 IST">
          <reporter-output>
          </reporter-output>
        </test-method> <!-- tearDown -->
      </class> <!-- com.tetherfi.test.reports.OCMPendingEmailAgeingReportTest -->
    </test> <!-- Default test -->
  </suite> <!-- Default suite -->
</testng-results>
