<?xml version="1.0" encoding="UTF-8"?>
<testng-results ignored="0" total="1" passed="1" failed="0" skipped="0">
  <reporter-output>
  </reporter-output>
  <suite started-at="2019-03-22T10:41:53Z" name="Default suite" finished-at="2019-03-22T10:42:17Z" duration-ms="24481">
    <groups>
    </groups>
    <test started-at="2019-03-22T10:41:53Z" name="Default test" finished-at="2019-03-22T10:42:17Z" duration-ms="24481">
      <class name="com.tetherfi.test.ivr.AdhocOptionEnhancementTest">
        <test-method is-config="true" signature="openApplication()[pri:0, instance:com.tetherfi.test.ivr.AdhocOptionEnhancementTest@3238e2aa]" started-at="2019-03-22T16:11:53Z" name="openApplication" finished-at="2019-03-22T16:12:08Z" duration-ms="15284" status="PASS">
          <reporter-output>
          </reporter-output>
        </test-method> <!-- openApplication -->
        <test-method is-config="true" signature="startTestCase(java.lang.reflect.Method)[pri:0, instance:com.tetherfi.test.ivr.AdhocOptionEnhancementTest@3238e2aa]" started-at="2019-03-22T16:12:08Z" name="startTestCase" finished-at="2019-03-22T16:12:08Z" duration-ms="1" status="PASS">
          <params>
            <param index="0">
              <value>
                <![CDATA[public void com.tetherfi.test.ivr.AdhocOptionEnhancementTest.searchwithoutSearchTextbox() throws java.io.IOException]]>
              </value>
            </param>
          </params>
          <reporter-output>
          </reporter-output>
        </test-method> <!-- startTestCase -->
        <test-method is-config="true" signature="NavigateToAdhocOptionEnhancementPage()[pri:0, instance:com.tetherfi.test.ivr.AdhocOptionEnhancementTest@3238e2aa]" started-at="2019-03-22T16:12:08Z" name="NavigateToAdhocOptionEnhancementPage" finished-at="2019-03-22T16:12:13Z" duration-ms="5142" status="PASS">
          <reporter-output>
          </reporter-output>
        </test-method> <!-- NavigateToAdhocOptionEnhancementPage -->
        <test-method signature="searchwithoutSearchTextbox()[pri:19, instance:com.tetherfi.test.ivr.AdhocOptionEnhancementTest@3238e2aa]" started-at="2019-03-22T16:12:13Z" name="searchwithoutSearchTextbox" finished-at="2019-03-22T16:12:17Z" duration-ms="3604" status="PASS">
          <reporter-output>
          </reporter-output>
        </test-method> <!-- searchwithoutSearchTextbox -->
        <test-method is-config="true" signature="afterEachMethod(org.testng.ITestResult, java.lang.reflect.Method)[pri:0, instance:com.tetherfi.test.ivr.AdhocOptionEnhancementTest@3238e2aa]" started-at="2019-03-22T16:12:17Z" name="afterEachMethod" finished-at="2019-03-22T16:12:17Z" duration-ms="0" status="PASS">
          <params>
            <param index="0">
              <value>
                <![CDATA[[TestResult name=searchwithoutSearchTextbox status=SUCCESS method=AdhocOptionEnhancementTest.searchwithoutSearchTextbox()[pri:19, instance:com.tetherfi.test.ivr.AdhocOptionEnhancementTest@3238e2aa] output={null}]]]>
              </value>
            </param>
            <param index="1">
              <value>
                <![CDATA[public void com.tetherfi.test.ivr.AdhocOptionEnhancementTest.searchwithoutSearchTextbox() throws java.io.IOException]]>
              </value>
            </param>
          </params>
          <reporter-output>
          </reporter-output>
        </test-method> <!-- afterEachMethod -->
        <test-method is-config="true" signature="endTestCase(java.lang.reflect.Method)[pri:0, instance:com.tetherfi.test.ivr.AdhocOptionEnhancementTest@3238e2aa]" started-at="2019-03-22T16:12:17Z" name="endTestCase" finished-at="2019-03-22T16:12:17Z" duration-ms="0" status="PASS">
          <params>
            <param index="0">
              <value>
                <![CDATA[public void com.tetherfi.test.ivr.AdhocOptionEnhancementTest.searchwithoutSearchTextbox() throws java.io.IOException]]>
              </value>
            </param>
          </params>
          <reporter-output>
          </reporter-output>
        </test-method> <!-- endTestCase -->
        <test-method is-config="true" signature="tearDown()[pri:0, instance:com.tetherfi.test.ivr.AdhocOptionEnhancementTest@3238e2aa]" started-at="2019-03-22T16:12:17Z" name="tearDown" finished-at="2019-03-22T16:12:17Z" duration-ms="403" status="PASS">
          <reporter-output>
          </reporter-output>
        </test-method> <!-- tearDown -->
      </class> <!-- com.tetherfi.test.ivr.AdhocOptionEnhancementTest -->
    </test> <!-- Default test -->
  </suite> <!-- Default suite -->
</testng-results>
