<?xml version="1.0" encoding="UTF-8"?>
<testng-results ignored="0" total="22" passed="18" failed="4" skipped="0">
  <reporter-output>
  </reporter-output>
  <suite started-at="2019-09-18T17:45:29 IST" name="Default suite" finished-at="2019-09-18T17:51:52 IST" duration-ms="383120">
    <groups>
    </groups>
    <test started-at="2019-09-18T17:45:29 IST" name="Default test" finished-at="2019-09-18T17:51:52 IST" duration-ms="383120">
      <class name="com.tetherfi.test.ivr.HostValueMappingUITest">
        <test-method is-config="true" signature="openApplication()[pri:0, instance:com.tetherfi.test.ivr.HostValueMappingUITest@786ff1cb]" started-at="2019-09-18T17:45:29 IST" name="openApplication" finished-at="2019-09-18T17:45:47 IST" duration-ms="18545" status="PASS">
          <reporter-output>
          </reporter-output>
        </test-method> <!-- openApplication -->
        <test-method is-config="true" signature="startTestCase(java.lang.reflect.Method)[pri:0, instance:com.tetherfi.test.ivr.HostValueMappingUITest@786ff1cb]" started-at="2019-09-18T17:45:47 IST" name="startTestCase" finished-at="2019-09-18T17:45:47 IST" duration-ms="4" status="PASS">
          <params>
            <param index="0">
              <value>
                <![CDATA[public void com.tetherfi.test.ivr.HostValueMappingUITest.HostValueMappingPage()]]>
              </value>
            </param>
          </params>
          <reporter-output>
          </reporter-output>
        </test-method> <!-- startTestCase -->
        <test-method is-config="true" signature="NavigateToHostValueMappingPage()[pri:0, instance:com.tetherfi.test.ivr.HostValueMappingUITest@786ff1cb]" started-at="2019-09-18T17:45:47 IST" name="NavigateToHostValueMappingPage" finished-at="2019-09-18T17:45:53 IST" duration-ms="5460" status="PASS">
          <reporter-output>
          </reporter-output>
        </test-method> <!-- NavigateToHostValueMappingPage -->
        <test-method signature="HostValueMappingPage()[pri:1, instance:com.tetherfi.test.ivr.HostValueMappingUITest@786ff1cb]" started-at="2019-09-18T17:45:53 IST" name="HostValueMappingPage" finished-at="2019-09-18T17:45:53 IST" duration-ms="728" status="PASS">
          <reporter-output>
          </reporter-output>
        </test-method> <!-- HostValueMappingPage -->
        <test-method is-config="true" signature="afterEachMethod(java.lang.reflect.Method)[pri:0, instance:com.tetherfi.test.ivr.HostValueMappingUITest@786ff1cb]" started-at="2019-09-18T17:45:53 IST" name="afterEachMethod" finished-at="2019-09-18T17:45:55 IST" duration-ms="1407" status="PASS">
          <params>
            <param index="0">
              <value>
                <![CDATA[public void com.tetherfi.test.ivr.HostValueMappingUITest.HostValueMappingPage()]]>
              </value>
            </param>
          </params>
          <reporter-output>
          </reporter-output>
        </test-method> <!-- afterEachMethod -->
        <test-method is-config="true" signature="endTestCase(java.lang.reflect.Method)[pri:0, instance:com.tetherfi.test.ivr.HostValueMappingUITest@786ff1cb]" started-at="2019-09-18T17:45:55 IST" name="endTestCase" finished-at="2019-09-18T17:45:55 IST" duration-ms="0" status="PASS">
          <params>
            <param index="0">
              <value>
                <![CDATA[public void com.tetherfi.test.ivr.HostValueMappingUITest.HostValueMappingPage()]]>
              </value>
            </param>
          </params>
          <reporter-output>
          </reporter-output>
        </test-method> <!-- endTestCase -->
        <test-method is-config="true" signature="NavigateToHostValueMappingPage()[pri:0, instance:com.tetherfi.test.ivr.HostValueMappingUITest@786ff1cb]" started-at="2019-09-18T17:45:55 IST" name="NavigateToHostValueMappingPage" finished-at="2019-09-18T17:45:59 IST" duration-ms="4543" status="PASS">
          <reporter-output>
          </reporter-output>
        </test-method> <!-- NavigateToHostValueMappingPage -->
        <test-method is-config="true" signature="startTestCase(java.lang.reflect.Method)[pri:0, instance:com.tetherfi.test.ivr.HostValueMappingUITest@786ff1cb]" started-at="2019-09-18T17:45:55 IST" name="startTestCase" finished-at="2019-09-18T17:45:55 IST" duration-ms="0" status="PASS">
          <params>
            <param index="0">
              <value>
                <![CDATA[public void com.tetherfi.test.ivr.HostValueMappingUITest.VerifyHostValueMappingApprovedDataPage()]]>
              </value>
            </param>
          </params>
          <reporter-output>
          </reporter-output>
        </test-method> <!-- startTestCase -->
        <test-method signature="VerifyHostValueMappingApprovedDataPage()[pri:2, instance:com.tetherfi.test.ivr.HostValueMappingUITest@786ff1cb]" started-at="2019-09-18T17:45:59 IST" name="VerifyHostValueMappingApprovedDataPage" finished-at="2019-09-18T17:46:00 IST" duration-ms="832" status="PASS">
          <reporter-output>
          </reporter-output>
        </test-method> <!-- VerifyHostValueMappingApprovedDataPage -->
        <test-method is-config="true" signature="afterEachMethod(java.lang.reflect.Method)[pri:0, instance:com.tetherfi.test.ivr.HostValueMappingUITest@786ff1cb]" started-at="2019-09-18T17:46:00 IST" name="afterEachMethod" finished-at="2019-09-18T17:46:01 IST" duration-ms="1288" status="PASS">
          <params>
            <param index="0">
              <value>
                <![CDATA[public void com.tetherfi.test.ivr.HostValueMappingUITest.VerifyHostValueMappingApprovedDataPage()]]>
              </value>
            </param>
          </params>
          <reporter-output>
          </reporter-output>
        </test-method> <!-- afterEachMethod -->
        <test-method is-config="true" signature="endTestCase(java.lang.reflect.Method)[pri:0, instance:com.tetherfi.test.ivr.HostValueMappingUITest@786ff1cb]" started-at="2019-09-18T17:46:01 IST" name="endTestCase" finished-at="2019-09-18T17:46:01 IST" duration-ms="0" status="PASS">
          <params>
            <param index="0">
              <value>
                <![CDATA[public void com.tetherfi.test.ivr.HostValueMappingUITest.VerifyHostValueMappingApprovedDataPage()]]>
              </value>
            </param>
          </params>
          <reporter-output>
          </reporter-output>
        </test-method> <!-- endTestCase -->
        <test-method is-config="true" signature="startTestCase(java.lang.reflect.Method)[pri:0, instance:com.tetherfi.test.ivr.HostValueMappingUITest@786ff1cb]" started-at="2019-09-18T17:46:01 IST" name="startTestCase" finished-at="2019-09-18T17:46:01 IST" duration-ms="0" status="PASS">
          <params>
            <param index="0">
              <value>
                <![CDATA[public void com.tetherfi.test.ivr.HostValueMappingUITest.VerifyHostValueMappingAuditTrailDataPage()]]>
              </value>
            </param>
          </params>
          <reporter-output>
          </reporter-output>
        </test-method> <!-- startTestCase -->
        <test-method is-config="true" signature="NavigateToHostValueMappingPage()[pri:0, instance:com.tetherfi.test.ivr.HostValueMappingUITest@786ff1cb]" started-at="2019-09-18T17:46:01 IST" name="NavigateToHostValueMappingPage" finished-at="2019-09-18T17:46:05 IST" duration-ms="3746" status="PASS">
          <reporter-output>
          </reporter-output>
        </test-method> <!-- NavigateToHostValueMappingPage -->
        <test-method signature="VerifyHostValueMappingAuditTrailDataPage()[pri:3, instance:com.tetherfi.test.ivr.HostValueMappingUITest@786ff1cb]" started-at="2019-09-18T17:46:05 IST" name="VerifyHostValueMappingAuditTrailDataPage" finished-at="2019-09-18T17:46:12 IST" duration-ms="6962" status="PASS">
          <reporter-output>
          </reporter-output>
        </test-method> <!-- VerifyHostValueMappingAuditTrailDataPage -->
        <test-method is-config="true" signature="afterEachMethod(java.lang.reflect.Method)[pri:0, instance:com.tetherfi.test.ivr.HostValueMappingUITest@786ff1cb]" started-at="2019-09-18T17:46:12 IST" name="afterEachMethod" finished-at="2019-09-18T17:46:14 IST" duration-ms="1423" status="PASS">
          <params>
            <param index="0">
              <value>
                <![CDATA[public void com.tetherfi.test.ivr.HostValueMappingUITest.VerifyHostValueMappingAuditTrailDataPage()]]>
              </value>
            </param>
          </params>
          <reporter-output>
          </reporter-output>
        </test-method> <!-- afterEachMethod -->
        <test-method is-config="true" signature="endTestCase(java.lang.reflect.Method)[pri:0, instance:com.tetherfi.test.ivr.HostValueMappingUITest@786ff1cb]" started-at="2019-09-18T17:46:14 IST" name="endTestCase" finished-at="2019-09-18T17:46:14 IST" duration-ms="1" status="PASS">
          <params>
            <param index="0">
              <value>
                <![CDATA[public void com.tetherfi.test.ivr.HostValueMappingUITest.VerifyHostValueMappingAuditTrailDataPage()]]>
              </value>
            </param>
          </params>
          <reporter-output>
          </reporter-output>
        </test-method> <!-- endTestCase -->
        <test-method is-config="true" signature="startTestCase(java.lang.reflect.Method)[pri:0, instance:com.tetherfi.test.ivr.HostValueMappingUITest@786ff1cb]" started-at="2019-09-18T17:46:14 IST" name="startTestCase" finished-at="2019-09-18T17:46:14 IST" duration-ms="1" status="PASS">
          <params>
            <param index="0">
              <value>
                <![CDATA[public void com.tetherfi.test.ivr.HostValueMappingUITest.VerifyMakeHostValueMappingChangeButton()]]>
              </value>
            </param>
          </params>
          <reporter-output>
          </reporter-output>
        </test-method> <!-- startTestCase -->
        <test-method is-config="true" signature="NavigateToHostValueMappingPage()[pri:0, instance:com.tetherfi.test.ivr.HostValueMappingUITest@786ff1cb]" started-at="2019-09-18T17:46:14 IST" name="NavigateToHostValueMappingPage" finished-at="2019-09-18T17:46:17 IST" duration-ms="3796" status="PASS">
          <reporter-output>
          </reporter-output>
        </test-method> <!-- NavigateToHostValueMappingPage -->
        <test-method signature="VerifyMakeHostValueMappingChangeButton()[pri:4, instance:com.tetherfi.test.ivr.HostValueMappingUITest@786ff1cb]" started-at="2019-09-18T17:46:17 IST" name="VerifyMakeHostValueMappingChangeButton" finished-at="2019-09-18T17:46:29 IST" duration-ms="11420" status="PASS">
          <reporter-output>
          </reporter-output>
        </test-method> <!-- VerifyMakeHostValueMappingChangeButton -->
        <test-method is-config="true" signature="afterEachMethod(java.lang.reflect.Method)[pri:0, instance:com.tetherfi.test.ivr.HostValueMappingUITest@786ff1cb]" started-at="2019-09-18T17:46:29 IST" name="afterEachMethod" finished-at="2019-09-18T17:46:30 IST" duration-ms="1359" status="PASS">
          <params>
            <param index="0">
              <value>
                <![CDATA[public void com.tetherfi.test.ivr.HostValueMappingUITest.VerifyMakeHostValueMappingChangeButton()]]>
              </value>
            </param>
          </params>
          <reporter-output>
          </reporter-output>
        </test-method> <!-- afterEachMethod -->
        <test-method is-config="true" signature="endTestCase(java.lang.reflect.Method)[pri:0, instance:com.tetherfi.test.ivr.HostValueMappingUITest@786ff1cb]" started-at="2019-09-18T17:46:30 IST" name="endTestCase" finished-at="2019-09-18T17:46:30 IST" duration-ms="0" status="PASS">
          <params>
            <param index="0">
              <value>
                <![CDATA[public void com.tetherfi.test.ivr.HostValueMappingUITest.VerifyMakeHostValueMappingChangeButton()]]>
              </value>
            </param>
          </params>
          <reporter-output>
          </reporter-output>
        </test-method> <!-- endTestCase -->
        <test-method is-config="true" signature="startTestCase(java.lang.reflect.Method)[pri:0, instance:com.tetherfi.test.ivr.HostValueMappingUITest@786ff1cb]" started-at="2019-09-18T17:46:30 IST" name="startTestCase" finished-at="2019-09-18T17:46:30 IST" duration-ms="1" status="PASS">
          <params>
            <param index="0">
              <value>
                <![CDATA[public void com.tetherfi.test.ivr.HostValueMappingUITest.VerifyDropdownForAllTheColumns()]]>
              </value>
            </param>
          </params>
          <reporter-output>
          </reporter-output>
        </test-method> <!-- startTestCase -->
        <test-method is-config="true" signature="NavigateToHostValueMappingPage()[pri:0, instance:com.tetherfi.test.ivr.HostValueMappingUITest@786ff1cb]" started-at="2019-09-18T17:46:30 IST" name="NavigateToHostValueMappingPage" finished-at="2019-09-18T17:46:34 IST" duration-ms="3874" status="PASS">
          <reporter-output>
          </reporter-output>
        </test-method> <!-- NavigateToHostValueMappingPage -->
        <test-method signature="VerifyDropdownForAllTheColumns()[pri:5, instance:com.tetherfi.test.ivr.HostValueMappingUITest@786ff1cb]" started-at="2019-09-18T17:46:34 IST" name="VerifyDropdownForAllTheColumns" finished-at="2019-09-18T17:46:55 IST" duration-ms="21389" status="PASS">
          <reporter-output>
          </reporter-output>
        </test-method> <!-- VerifyDropdownForAllTheColumns -->
        <test-method is-config="true" signature="afterEachMethod(java.lang.reflect.Method)[pri:0, instance:com.tetherfi.test.ivr.HostValueMappingUITest@786ff1cb]" started-at="2019-09-18T17:46:55 IST" name="afterEachMethod" finished-at="2019-09-18T17:46:57 IST" duration-ms="1374" status="PASS">
          <params>
            <param index="0">
              <value>
                <![CDATA[public void com.tetherfi.test.ivr.HostValueMappingUITest.VerifyDropdownForAllTheColumns()]]>
              </value>
            </param>
          </params>
          <reporter-output>
          </reporter-output>
        </test-method> <!-- afterEachMethod -->
        <test-method is-config="true" signature="endTestCase(java.lang.reflect.Method)[pri:0, instance:com.tetherfi.test.ivr.HostValueMappingUITest@786ff1cb]" started-at="2019-09-18T17:46:57 IST" name="endTestCase" finished-at="2019-09-18T17:46:57 IST" duration-ms="0" status="PASS">
          <params>
            <param index="0">
              <value>
                <![CDATA[public void com.tetherfi.test.ivr.HostValueMappingUITest.VerifyDropdownForAllTheColumns()]]>
              </value>
            </param>
          </params>
          <reporter-output>
          </reporter-output>
        </test-method> <!-- endTestCase -->
        <test-method is-config="true" signature="NavigateToHostValueMappingPage()[pri:0, instance:com.tetherfi.test.ivr.HostValueMappingUITest@786ff1cb]" started-at="2019-09-18T17:46:57 IST" name="NavigateToHostValueMappingPage" finished-at="2019-09-18T17:47:01 IST" duration-ms="3934" status="PASS">
          <reporter-output>
          </reporter-output>
        </test-method> <!-- NavigateToHostValueMappingPage -->
        <test-method is-config="true" signature="startTestCase(java.lang.reflect.Method)[pri:0, instance:com.tetherfi.test.ivr.HostValueMappingUITest@786ff1cb]" started-at="2019-09-18T17:46:57 IST" name="startTestCase" finished-at="2019-09-18T17:46:57 IST" duration-ms="0" status="PASS">
          <params>
            <param index="0">
              <value>
                <![CDATA[public void com.tetherfi.test.ivr.HostValueMappingUITest.VerifyColumnsHeaderEnable()]]>
              </value>
            </param>
          </params>
          <reporter-output>
          </reporter-output>
        </test-method> <!-- startTestCase -->
        <test-method signature="VerifyColumnsHeaderEnable()[pri:6, instance:com.tetherfi.test.ivr.HostValueMappingUITest@786ff1cb]" started-at="2019-09-18T17:47:01 IST" name="VerifyColumnsHeaderEnable" finished-at="2019-09-18T17:47:17 IST" duration-ms="16591" status="PASS">
          <reporter-output>
          </reporter-output>
        </test-method> <!-- VerifyColumnsHeaderEnable -->
        <test-method is-config="true" signature="afterEachMethod(java.lang.reflect.Method)[pri:0, instance:com.tetherfi.test.ivr.HostValueMappingUITest@786ff1cb]" started-at="2019-09-18T17:47:17 IST" name="afterEachMethod" finished-at="2019-09-18T17:47:19 IST" duration-ms="1490" status="PASS">
          <params>
            <param index="0">
              <value>
                <![CDATA[public void com.tetherfi.test.ivr.HostValueMappingUITest.VerifyColumnsHeaderEnable()]]>
              </value>
            </param>
          </params>
          <reporter-output>
          </reporter-output>
        </test-method> <!-- afterEachMethod -->
        <test-method is-config="true" signature="endTestCase(java.lang.reflect.Method)[pri:0, instance:com.tetherfi.test.ivr.HostValueMappingUITest@786ff1cb]" started-at="2019-09-18T17:47:19 IST" name="endTestCase" finished-at="2019-09-18T17:47:19 IST" duration-ms="0" status="PASS">
          <params>
            <param index="0">
              <value>
                <![CDATA[public void com.tetherfi.test.ivr.HostValueMappingUITest.VerifyColumnsHeaderEnable()]]>
              </value>
            </param>
          </params>
          <reporter-output>
          </reporter-output>
        </test-method> <!-- endTestCase -->
        <test-method is-config="true" signature="startTestCase(java.lang.reflect.Method)[pri:0, instance:com.tetherfi.test.ivr.HostValueMappingUITest@786ff1cb]" started-at="2019-09-18T17:47:19 IST" name="startTestCase" finished-at="2019-09-18T17:47:19 IST" duration-ms="1" status="PASS">
          <params>
            <param index="0">
              <value>
                <![CDATA[public void com.tetherfi.test.ivr.HostValueMappingUITest.VerifyColumnsHeaderDisable()]]>
              </value>
            </param>
          </params>
          <reporter-output>
          </reporter-output>
        </test-method> <!-- startTestCase -->
        <test-method is-config="true" signature="NavigateToHostValueMappingPage()[pri:0, instance:com.tetherfi.test.ivr.HostValueMappingUITest@786ff1cb]" started-at="2019-09-18T17:47:19 IST" name="NavigateToHostValueMappingPage" finished-at="2019-09-18T17:47:22 IST" duration-ms="3344" status="PASS">
          <reporter-output>
          </reporter-output>
        </test-method> <!-- NavigateToHostValueMappingPage -->
        <test-method signature="VerifyColumnsHeaderDisable()[pri:7, instance:com.tetherfi.test.ivr.HostValueMappingUITest@786ff1cb]" started-at="2019-09-18T17:47:22 IST" name="VerifyColumnsHeaderDisable" finished-at="2019-09-18T17:47:39 IST" duration-ms="17330" status="PASS">
          <reporter-output>
          </reporter-output>
        </test-method> <!-- VerifyColumnsHeaderDisable -->
        <test-method is-config="true" signature="afterEachMethod(java.lang.reflect.Method)[pri:0, instance:com.tetherfi.test.ivr.HostValueMappingUITest@786ff1cb]" started-at="2019-09-18T17:47:39 IST" name="afterEachMethod" finished-at="2019-09-18T17:47:41 IST" duration-ms="1494" status="PASS">
          <params>
            <param index="0">
              <value>
                <![CDATA[public void com.tetherfi.test.ivr.HostValueMappingUITest.VerifyColumnsHeaderDisable()]]>
              </value>
            </param>
          </params>
          <reporter-output>
          </reporter-output>
        </test-method> <!-- afterEachMethod -->
        <test-method is-config="true" signature="endTestCase(java.lang.reflect.Method)[pri:0, instance:com.tetherfi.test.ivr.HostValueMappingUITest@786ff1cb]" started-at="2019-09-18T17:47:41 IST" name="endTestCase" finished-at="2019-09-18T17:47:41 IST" duration-ms="1" status="PASS">
          <params>
            <param index="0">
              <value>
                <![CDATA[public void com.tetherfi.test.ivr.HostValueMappingUITest.VerifyColumnsHeaderDisable()]]>
              </value>
            </param>
          </params>
          <reporter-output>
          </reporter-output>
        </test-method> <!-- endTestCase -->
        <test-method is-config="true" signature="NavigateToHostValueMappingPage()[pri:0, instance:com.tetherfi.test.ivr.HostValueMappingUITest@786ff1cb]" started-at="2019-09-18T17:47:41 IST" name="NavigateToHostValueMappingPage" finished-at="2019-09-18T17:47:45 IST" duration-ms="3874" status="PASS">
          <reporter-output>
          </reporter-output>
        </test-method> <!-- NavigateToHostValueMappingPage -->
        <test-method is-config="true" signature="startTestCase(java.lang.reflect.Method)[pri:0, instance:com.tetherfi.test.ivr.HostValueMappingUITest@786ff1cb]" started-at="2019-09-18T17:47:41 IST" name="startTestCase" finished-at="2019-09-18T17:47:41 IST" duration-ms="0" status="PASS">
          <params>
            <param index="0">
              <value>
                <![CDATA[public void com.tetherfi.test.ivr.HostValueMappingUITest.VerifyArrowMoveForPreviousAndNextPage()]]>
              </value>
            </param>
          </params>
          <reporter-output>
          </reporter-output>
        </test-method> <!-- startTestCase -->
        <test-method signature="VerifyArrowMoveForPreviousAndNextPage()[pri:8, instance:com.tetherfi.test.ivr.HostValueMappingUITest@786ff1cb]" started-at="2019-09-18T17:47:45 IST" name="VerifyArrowMoveForPreviousAndNextPage" finished-at="2019-09-18T17:47:56 IST" duration-ms="11267" status="PASS">
          <reporter-output>
          </reporter-output>
        </test-method> <!-- VerifyArrowMoveForPreviousAndNextPage -->
        <test-method is-config="true" signature="afterEachMethod(java.lang.reflect.Method)[pri:0, instance:com.tetherfi.test.ivr.HostValueMappingUITest@786ff1cb]" started-at="2019-09-18T17:47:56 IST" name="afterEachMethod" finished-at="2019-09-18T17:47:57 IST" duration-ms="1316" status="PASS">
          <params>
            <param index="0">
              <value>
                <![CDATA[public void com.tetherfi.test.ivr.HostValueMappingUITest.VerifyArrowMoveForPreviousAndNextPage()]]>
              </value>
            </param>
          </params>
          <reporter-output>
          </reporter-output>
        </test-method> <!-- afterEachMethod -->
        <test-method is-config="true" signature="endTestCase(java.lang.reflect.Method)[pri:0, instance:com.tetherfi.test.ivr.HostValueMappingUITest@786ff1cb]" started-at="2019-09-18T17:47:57 IST" name="endTestCase" finished-at="2019-09-18T17:47:57 IST" duration-ms="0" status="PASS">
          <params>
            <param index="0">
              <value>
                <![CDATA[public void com.tetherfi.test.ivr.HostValueMappingUITest.VerifyArrowMoveForPreviousAndNextPage()]]>
              </value>
            </param>
          </params>
          <reporter-output>
          </reporter-output>
        </test-method> <!-- endTestCase -->
        <test-method is-config="true" signature="NavigateToHostValueMappingPage()[pri:0, instance:com.tetherfi.test.ivr.HostValueMappingUITest@786ff1cb]" started-at="2019-09-18T17:47:57 IST" name="NavigateToHostValueMappingPage" finished-at="2019-09-18T17:48:02 IST" duration-ms="4410" status="PASS">
          <reporter-output>
          </reporter-output>
        </test-method> <!-- NavigateToHostValueMappingPage -->
        <test-method is-config="true" signature="startTestCase(java.lang.reflect.Method)[pri:0, instance:com.tetherfi.test.ivr.HostValueMappingUITest@786ff1cb]" started-at="2019-09-18T17:47:57 IST" name="startTestCase" finished-at="2019-09-18T17:47:57 IST" duration-ms="0" status="PASS">
          <params>
            <param index="0">
              <value>
                <![CDATA[public void com.tetherfi.test.ivr.HostValueMappingUITest.VerifyArrowMoveForFirstAndLastPage()]]>
              </value>
            </param>
          </params>
          <reporter-output>
          </reporter-output>
        </test-method> <!-- startTestCase -->
        <test-method signature="VerifyArrowMoveForFirstAndLastPage()[pri:9, instance:com.tetherfi.test.ivr.HostValueMappingUITest@786ff1cb]" started-at="2019-09-18T17:48:02 IST" name="VerifyArrowMoveForFirstAndLastPage" finished-at="2019-09-18T17:48:13 IST" duration-ms="11335" status="PASS">
          <reporter-output>
          </reporter-output>
        </test-method> <!-- VerifyArrowMoveForFirstAndLastPage -->
        <test-method is-config="true" signature="afterEachMethod(java.lang.reflect.Method)[pri:0, instance:com.tetherfi.test.ivr.HostValueMappingUITest@786ff1cb]" started-at="2019-09-18T17:48:13 IST" name="afterEachMethod" finished-at="2019-09-18T17:48:15 IST" duration-ms="1440" status="PASS">
          <params>
            <param index="0">
              <value>
                <![CDATA[public void com.tetherfi.test.ivr.HostValueMappingUITest.VerifyArrowMoveForFirstAndLastPage()]]>
              </value>
            </param>
          </params>
          <reporter-output>
          </reporter-output>
        </test-method> <!-- afterEachMethod -->
        <test-method is-config="true" signature="endTestCase(java.lang.reflect.Method)[pri:0, instance:com.tetherfi.test.ivr.HostValueMappingUITest@786ff1cb]" started-at="2019-09-18T17:48:15 IST" name="endTestCase" finished-at="2019-09-18T17:48:15 IST" duration-ms="1" status="PASS">
          <params>
            <param index="0">
              <value>
                <![CDATA[public void com.tetherfi.test.ivr.HostValueMappingUITest.VerifyArrowMoveForFirstAndLastPage()]]>
              </value>
            </param>
          </params>
          <reporter-output>
          </reporter-output>
        </test-method> <!-- endTestCase -->
        <test-method is-config="true" signature="startTestCase(java.lang.reflect.Method)[pri:0, instance:com.tetherfi.test.ivr.HostValueMappingUITest@786ff1cb]" started-at="2019-09-18T17:48:15 IST" name="startTestCase" finished-at="2019-09-18T17:48:15 IST" duration-ms="1" status="PASS">
          <params>
            <param index="0">
              <value>
                <![CDATA[public void com.tetherfi.test.ivr.HostValueMappingUITest.VerifyTotalNumberOfItemsPerPageDetails()]]>
              </value>
            </param>
          </params>
          <reporter-output>
          </reporter-output>
        </test-method> <!-- startTestCase -->
        <test-method is-config="true" signature="NavigateToHostValueMappingPage()[pri:0, instance:com.tetherfi.test.ivr.HostValueMappingUITest@786ff1cb]" started-at="2019-09-18T17:48:15 IST" name="NavigateToHostValueMappingPage" finished-at="2019-09-18T17:48:18 IST" duration-ms="3861" status="PASS">
          <reporter-output>
          </reporter-output>
        </test-method> <!-- NavigateToHostValueMappingPage -->
        <test-method signature="VerifyTotalNumberOfItemsPerPageDetails()[pri:10, instance:com.tetherfi.test.ivr.HostValueMappingUITest@786ff1cb]" started-at="2019-09-18T17:48:18 IST" name="VerifyTotalNumberOfItemsPerPageDetails" finished-at="2019-09-18T17:48:29 IST" duration-ms="10745" status="PASS">
          <reporter-output>
          </reporter-output>
        </test-method> <!-- VerifyTotalNumberOfItemsPerPageDetails -->
        <test-method is-config="true" signature="afterEachMethod(java.lang.reflect.Method)[pri:0, instance:com.tetherfi.test.ivr.HostValueMappingUITest@786ff1cb]" started-at="2019-09-18T17:48:29 IST" name="afterEachMethod" finished-at="2019-09-18T17:48:31 IST" duration-ms="1395" status="PASS">
          <params>
            <param index="0">
              <value>
                <![CDATA[public void com.tetherfi.test.ivr.HostValueMappingUITest.VerifyTotalNumberOfItemsPerPageDetails()]]>
              </value>
            </param>
          </params>
          <reporter-output>
          </reporter-output>
        </test-method> <!-- afterEachMethod -->
        <test-method is-config="true" signature="endTestCase(java.lang.reflect.Method)[pri:0, instance:com.tetherfi.test.ivr.HostValueMappingUITest@786ff1cb]" started-at="2019-09-18T17:48:31 IST" name="endTestCase" finished-at="2019-09-18T17:48:31 IST" duration-ms="0" status="PASS">
          <params>
            <param index="0">
              <value>
                <![CDATA[public void com.tetherfi.test.ivr.HostValueMappingUITest.VerifyTotalNumberOfItemsPerPageDetails()]]>
              </value>
            </param>
          </params>
          <reporter-output>
          </reporter-output>
        </test-method> <!-- endTestCase -->
        <test-method is-config="true" signature="NavigateToHostValueMappingPage()[pri:0, instance:com.tetherfi.test.ivr.HostValueMappingUITest@786ff1cb]" started-at="2019-09-18T17:48:31 IST" name="NavigateToHostValueMappingPage" finished-at="2019-09-18T17:48:34 IST" duration-ms="3746" status="PASS">
          <reporter-output>
          </reporter-output>
        </test-method> <!-- NavigateToHostValueMappingPage -->
        <test-method is-config="true" signature="startTestCase(java.lang.reflect.Method)[pri:0, instance:com.tetherfi.test.ivr.HostValueMappingUITest@786ff1cb]" started-at="2019-09-18T17:48:31 IST" name="startTestCase" finished-at="2019-09-18T17:48:31 IST" duration-ms="0" status="PASS">
          <params>
            <param index="0">
              <value>
                <![CDATA[public void com.tetherfi.test.ivr.HostValueMappingUITest.VerifyNumberOfItemsPerPageSelection()]]>
              </value>
            </param>
          </params>
          <reporter-output>
          </reporter-output>
        </test-method> <!-- startTestCase -->
        <test-method signature="VerifyNumberOfItemsPerPageSelection()[pri:11, instance:com.tetherfi.test.ivr.HostValueMappingUITest@786ff1cb]" started-at="2019-09-18T17:48:34 IST" name="VerifyNumberOfItemsPerPageSelection" finished-at="2019-09-18T17:48:52 IST" duration-ms="17933" status="PASS">
          <reporter-output>
          </reporter-output>
        </test-method> <!-- VerifyNumberOfItemsPerPageSelection -->
        <test-method is-config="true" signature="afterEachMethod(java.lang.reflect.Method)[pri:0, instance:com.tetherfi.test.ivr.HostValueMappingUITest@786ff1cb]" started-at="2019-09-18T17:48:52 IST" name="afterEachMethod" finished-at="2019-09-18T17:48:54 IST" duration-ms="1410" status="PASS">
          <params>
            <param index="0">
              <value>
                <![CDATA[public void com.tetherfi.test.ivr.HostValueMappingUITest.VerifyNumberOfItemsPerPageSelection()]]>
              </value>
            </param>
          </params>
          <reporter-output>
          </reporter-output>
        </test-method> <!-- afterEachMethod -->
        <test-method is-config="true" signature="endTestCase(java.lang.reflect.Method)[pri:0, instance:com.tetherfi.test.ivr.HostValueMappingUITest@786ff1cb]" started-at="2019-09-18T17:48:54 IST" name="endTestCase" finished-at="2019-09-18T17:48:54 IST" duration-ms="0" status="PASS">
          <params>
            <param index="0">
              <value>
                <![CDATA[public void com.tetherfi.test.ivr.HostValueMappingUITest.VerifyNumberOfItemsPerPageSelection()]]>
              </value>
            </param>
          </params>
          <reporter-output>
          </reporter-output>
        </test-method> <!-- endTestCase -->
        <test-method is-config="true" signature="startTestCase(java.lang.reflect.Method)[pri:0, instance:com.tetherfi.test.ivr.HostValueMappingUITest@786ff1cb]" started-at="2019-09-18T17:48:54 IST" name="startTestCase" finished-at="2019-09-18T17:48:54 IST" duration-ms="2" status="PASS">
          <params>
            <param index="0">
              <value>
                <![CDATA[public void com.tetherfi.test.ivr.HostValueMappingUITest.ExportToExcel() throws java.lang.Exception]]>
              </value>
            </param>
          </params>
          <reporter-output>
          </reporter-output>
        </test-method> <!-- startTestCase -->
        <test-method is-config="true" signature="NavigateToHostValueMappingPage()[pri:0, instance:com.tetherfi.test.ivr.HostValueMappingUITest@786ff1cb]" started-at="2019-09-18T17:48:54 IST" name="NavigateToHostValueMappingPage" finished-at="2019-09-18T17:48:57 IST" duration-ms="3767" status="PASS">
          <reporter-output>
          </reporter-output>
        </test-method> <!-- NavigateToHostValueMappingPage -->
        <test-method signature="ExportToExcel()[pri:12, instance:com.tetherfi.test.ivr.HostValueMappingUITest@786ff1cb]" started-at="2019-09-18T17:48:57 IST" name="ExportToExcel" finished-at="2019-09-18T17:49:11 IST" duration-ms="13057" status="PASS">
          <reporter-output>
          </reporter-output>
        </test-method> <!-- ExportToExcel -->
        <test-method is-config="true" signature="afterEachMethod(java.lang.reflect.Method)[pri:0, instance:com.tetherfi.test.ivr.HostValueMappingUITest@786ff1cb]" started-at="2019-09-18T17:49:11 IST" name="afterEachMethod" finished-at="2019-09-18T17:49:12 IST" duration-ms="1347" status="PASS">
          <params>
            <param index="0">
              <value>
                <![CDATA[public void com.tetherfi.test.ivr.HostValueMappingUITest.ExportToExcel() throws java.lang.Exception]]>
              </value>
            </param>
          </params>
          <reporter-output>
          </reporter-output>
        </test-method> <!-- afterEachMethod -->
        <test-method is-config="true" signature="endTestCase(java.lang.reflect.Method)[pri:0, instance:com.tetherfi.test.ivr.HostValueMappingUITest@786ff1cb]" started-at="2019-09-18T17:49:12 IST" name="endTestCase" finished-at="2019-09-18T17:49:12 IST" duration-ms="1" status="PASS">
          <params>
            <param index="0">
              <value>
                <![CDATA[public void com.tetherfi.test.ivr.HostValueMappingUITest.ExportToExcel() throws java.lang.Exception]]>
              </value>
            </param>
          </params>
          <reporter-output>
          </reporter-output>
        </test-method> <!-- endTestCase -->
        <test-method is-config="true" signature="startTestCase(java.lang.reflect.Method)[pri:0, instance:com.tetherfi.test.ivr.HostValueMappingUITest@786ff1cb]" started-at="2019-09-18T17:49:12 IST" name="startTestCase" finished-at="2019-09-18T17:49:12 IST" duration-ms="1" status="PASS">
          <params>
            <param index="0">
              <value>
                <![CDATA[public void com.tetherfi.test.ivr.HostValueMappingUITest.ExportToExcelData() throws java.lang.Exception]]>
              </value>
            </param>
          </params>
          <reporter-output>
          </reporter-output>
        </test-method> <!-- startTestCase -->
        <test-method is-config="true" signature="NavigateToHostValueMappingPage()[pri:0, instance:com.tetherfi.test.ivr.HostValueMappingUITest@786ff1cb]" started-at="2019-09-18T17:49:12 IST" name="NavigateToHostValueMappingPage" finished-at="2019-09-18T17:49:16 IST" duration-ms="3777" status="PASS">
          <reporter-output>
          </reporter-output>
        </test-method> <!-- NavigateToHostValueMappingPage -->
        <test-method signature="ExportToExcelData()[pri:13, instance:com.tetherfi.test.ivr.HostValueMappingUITest@786ff1cb]" started-at="2019-09-18T17:49:16 IST" name="ExportToExcelData" finished-at="2019-09-18T17:49:29 IST" duration-ms="13668" status="FAIL">
          <exception class="org.openqa.selenium.ElementClickInterceptedException">
            <message>
              <![CDATA[element click intercepted: Element <a aria-label="Go to the next page" class="k-link k-pager-nav" data-page="2" href="#" title="Go to the next page" tabindex="-1">...</a> is not clickable at point (136, 551). Other element would receive the click: <div class="col-lg-6 theme-color" style="float:left;">...</div>
  (Session info: chrome=77.0.3865.75)
Build info: version: '3.141.59', revision: 'e82be7d358', time: '2018-11-14T08:17:03'
System info: host: 'ADMIN', ip: '192.168.1.4', os.name: 'Windows 8.1', os.arch: 'amd64', os.version: '6.3', java.version: '9.0.4'
Driver info: org.openqa.selenium.chrome.ChromeDriver
Capabilities {acceptInsecureCerts: false, browserName: chrome, browserVersion: 77.0.3865.75, chrome: {chromedriverVersion: 76.0.3809.68 (420c9498db8ce..., userDataDir: C:\Users\ADMINP~1\AppData\L...}, goog:chromeOptions: {debuggerAddress: localhost:52889}, javascriptEnabled: true, networkConnectionEnabled: false, pageLoadStrategy: normal, platform: XP, platformName: XP, proxy: Proxy(), setWindowRect: true, strictFileInteractability: false, timeouts: {implicit: 0, pageLoad: 300000, script: 30000}, unhandledPromptBehavior: dismiss and notify}
Session ID: d292c530dc4416885f3cdd9ba78ed18a]]>
            </message>
            <full-stacktrace>
              <![CDATA[org.openqa.selenium.ElementClickInterceptedException: element click intercepted: Element <a aria-label="Go to the next page" class="k-link k-pager-nav" data-page="2" href="#" title="Go to the next page" tabindex="-1">...</a> is not clickable at point (136, 551). Other element would receive the click: <div class="col-lg-6 theme-color" style="float:left;">...</div>
  (Session info: chrome=77.0.3865.75)
Build info: version: '3.141.59', revision: 'e82be7d358', time: '2018-11-14T08:17:03'
System info: host: 'ADMIN', ip: '192.168.1.4', os.name: 'Windows 8.1', os.arch: 'amd64', os.version: '6.3', java.version: '9.0.4'
Driver info: org.openqa.selenium.chrome.ChromeDriver
Capabilities {acceptInsecureCerts: false, browserName: chrome, browserVersion: 77.0.3865.75, chrome: {chromedriverVersion: 76.0.3809.68 (420c9498db8ce..., userDataDir: C:\Users\ADMINP~1\AppData\L...}, goog:chromeOptions: {debuggerAddress: localhost:52889}, javascriptEnabled: true, networkConnectionEnabled: false, pageLoadStrategy: normal, platform: XP, platformName: XP, proxy: Proxy(), setWindowRect: true, strictFileInteractability: false, timeouts: {implicit: 0, pageLoad: 300000, script: 30000}, unhandledPromptBehavior: dismiss and notify}
Session ID: d292c530dc4416885f3cdd9ba78ed18a
at java.base/jdk.internal.reflect.NativeConstructorAccessorImpl.newInstance0(Native Method)
at java.base/jdk.internal.reflect.NativeConstructorAccessorImpl.newInstance(Unknown Source)
at java.base/jdk.internal.reflect.DelegatingConstructorAccessorImpl.newInstance(Unknown Source)
at java.base/java.lang.reflect.Constructor.newInstance(Unknown Source)
at org.openqa.selenium.remote.http.W3CHttpResponseCodec.createException(W3CHttpResponseCodec.java:187)
at org.openqa.selenium.remote.http.W3CHttpResponseCodec.decode(W3CHttpResponseCodec.java:122)
at org.openqa.selenium.remote.http.W3CHttpResponseCodec.decode(W3CHttpResponseCodec.java:49)
at org.openqa.selenium.remote.HttpCommandExecutor.execute(HttpCommandExecutor.java:158)
at org.openqa.selenium.remote.service.DriverCommandExecutor.execute(DriverCommandExecutor.java:83)
at org.openqa.selenium.remote.RemoteWebDriver.execute(RemoteWebDriver.java:552)
at org.openqa.selenium.remote.RemoteWebElement.execute(RemoteWebElement.java:285)
at org.openqa.selenium.remote.RemoteWebElement.click(RemoteWebElement.java:84)
at com.tetherfi.pages.HostValueMappingPage.getdata(HostValueMappingPage.java:648)
at com.tetherfi.pages.HostValueMappingPage.verifyexportToExcelSheet(HostValueMappingPage.java:617)
at com.tetherfi.test.ivr.HostValueMappingUITest.ExportToExcelData(HostValueMappingUITest.java:144)
at java.base/jdk.internal.reflect.NativeMethodAccessorImpl.invoke0(Native Method)
at java.base/jdk.internal.reflect.NativeMethodAccessorImpl.invoke(Unknown Source)
at java.base/jdk.internal.reflect.DelegatingMethodAccessorImpl.invoke(Unknown Source)
at java.base/java.lang.reflect.Method.invoke(Unknown Source)
at org.testng.internal.MethodInvocationHelper.invokeMethod(MethodInvocationHelper.java:133)
at org.testng.internal.TestInvoker.invokeMethod(TestInvoker.java:584)
at org.testng.internal.TestInvoker.invokeTestMethod(TestInvoker.java:172)
at org.testng.internal.MethodRunner.runInSequence(MethodRunner.java:46)
at org.testng.internal.TestInvoker$MethodInvocationAgent.invoke(TestInvoker.java:804)
at org.testng.internal.TestInvoker.invokeTestMethods(TestInvoker.java:145)
at org.testng.internal.TestMethodWorker.invokeTestMethods(TestMethodWorker.java:146)
at org.testng.internal.TestMethodWorker.run(TestMethodWorker.java:128)
at java.base/java.util.ArrayList.forEach(Unknown Source)
at org.testng.TestRunner.privateRun(TestRunner.java:770)
at org.testng.TestRunner.run(TestRunner.java:591)
at org.testng.SuiteRunner.runTest(SuiteRunner.java:402)
at org.testng.SuiteRunner.runSequentially(SuiteRunner.java:396)
at org.testng.SuiteRunner.privateRun(SuiteRunner.java:355)
at org.testng.SuiteRunner.run(SuiteRunner.java:304)
at org.testng.SuiteRunnerWorker.runSuite(SuiteRunnerWorker.java:53)
at org.testng.SuiteRunnerWorker.run(SuiteRunnerWorker.java:96)
at org.testng.TestNG.runSuitesSequentially(TestNG.java:1180)
at org.testng.TestNG.runSuitesLocally(TestNG.java:1102)
at org.testng.TestNG.runSuites(TestNG.java:1032)
at org.testng.TestNG.run(TestNG.java:1000)
at org.testng.remote.AbstractRemoteTestNG.run(AbstractRemoteTestNG.java:115)
at org.testng.remote.RemoteTestNG.initAndRun(RemoteTestNG.java:251)
at org.testng.remote.RemoteTestNG.main(RemoteTestNG.java:77)
]]>
            </full-stacktrace>
          </exception> <!-- org.openqa.selenium.ElementClickInterceptedException -->
          <reporter-output>
          </reporter-output>
        </test-method> <!-- ExportToExcelData -->
        <test-method is-config="true" signature="afterEachMethod(java.lang.reflect.Method)[pri:0, instance:com.tetherfi.test.ivr.HostValueMappingUITest@786ff1cb]" started-at="2019-09-18T17:49:29 IST" name="afterEachMethod" finished-at="2019-09-18T17:49:31 IST" duration-ms="1496" status="PASS">
          <params>
            <param index="0">
              <value>
                <![CDATA[public void com.tetherfi.test.ivr.HostValueMappingUITest.ExportToExcelData() throws java.lang.Exception]]>
              </value>
            </param>
          </params>
          <reporter-output>
          </reporter-output>
        </test-method> <!-- afterEachMethod -->
        <test-method is-config="true" signature="endTestCase(java.lang.reflect.Method)[pri:0, instance:com.tetherfi.test.ivr.HostValueMappingUITest@786ff1cb]" started-at="2019-09-18T17:49:31 IST" name="endTestCase" finished-at="2019-09-18T17:49:31 IST" duration-ms="1" status="PASS">
          <params>
            <param index="0">
              <value>
                <![CDATA[public void com.tetherfi.test.ivr.HostValueMappingUITest.ExportToExcelData() throws java.lang.Exception]]>
              </value>
            </param>
          </params>
          <reporter-output>
          </reporter-output>
        </test-method> <!-- endTestCase -->
        <test-method is-config="true" signature="startTestCase(java.lang.reflect.Method)[pri:0, instance:com.tetherfi.test.ivr.HostValueMappingUITest@786ff1cb]" started-at="2019-09-18T17:49:31 IST" name="startTestCase" finished-at="2019-09-18T17:49:31 IST" duration-ms="0" status="PASS">
          <params>
            <param index="0">
              <value>
                <![CDATA[public void com.tetherfi.test.ivr.HostValueMappingUITest.VerifyExportToExcelWithoutData() throws java.lang.Exception]]>
              </value>
            </param>
          </params>
          <reporter-output>
          </reporter-output>
        </test-method> <!-- startTestCase -->
        <test-method is-config="true" signature="NavigateToHostValueMappingPage()[pri:0, instance:com.tetherfi.test.ivr.HostValueMappingUITest@786ff1cb]" started-at="2019-09-18T17:49:31 IST" name="NavigateToHostValueMappingPage" finished-at="2019-09-18T17:49:35 IST" duration-ms="4276" status="PASS">
          <reporter-output>
          </reporter-output>
        </test-method> <!-- NavigateToHostValueMappingPage -->
        <test-method signature="VerifyExportToExcelWithoutData()[pri:14, instance:com.tetherfi.test.ivr.HostValueMappingUITest@786ff1cb]" started-at="2019-09-18T17:49:35 IST" name="VerifyExportToExcelWithoutData" finished-at="2019-09-18T17:49:51 IST" duration-ms="16298" status="PASS">
          <reporter-output>
          </reporter-output>
        </test-method> <!-- VerifyExportToExcelWithoutData -->
        <test-method is-config="true" signature="afterEachMethod(java.lang.reflect.Method)[pri:0, instance:com.tetherfi.test.ivr.HostValueMappingUITest@786ff1cb]" started-at="2019-09-18T17:49:51 IST" name="afterEachMethod" finished-at="2019-09-18T17:49:53 IST" duration-ms="1391" status="PASS">
          <params>
            <param index="0">
              <value>
                <![CDATA[public void com.tetherfi.test.ivr.HostValueMappingUITest.VerifyExportToExcelWithoutData() throws java.lang.Exception]]>
              </value>
            </param>
          </params>
          <reporter-output>
          </reporter-output>
        </test-method> <!-- afterEachMethod -->
        <test-method is-config="true" signature="endTestCase(java.lang.reflect.Method)[pri:0, instance:com.tetherfi.test.ivr.HostValueMappingUITest@786ff1cb]" started-at="2019-09-18T17:49:53 IST" name="endTestCase" finished-at="2019-09-18T17:49:53 IST" duration-ms="1" status="PASS">
          <params>
            <param index="0">
              <value>
                <![CDATA[public void com.tetherfi.test.ivr.HostValueMappingUITest.VerifyExportToExcelWithoutData() throws java.lang.Exception]]>
              </value>
            </param>
          </params>
          <reporter-output>
          </reporter-output>
        </test-method> <!-- endTestCase -->
        <test-method is-config="true" signature="startTestCase(java.lang.reflect.Method)[pri:0, instance:com.tetherfi.test.ivr.HostValueMappingUITest@786ff1cb]" started-at="2019-09-18T17:49:53 IST" name="startTestCase" finished-at="2019-09-18T17:49:53 IST" duration-ms="1" status="PASS">
          <params>
            <param index="0">
              <value>
                <![CDATA[public void com.tetherfi.test.ivr.HostValueMappingUITest.SortingByAscending() throws java.io.IOException]]>
              </value>
            </param>
          </params>
          <reporter-output>
          </reporter-output>
        </test-method> <!-- startTestCase -->
        <test-method is-config="true" signature="NavigateToHostValueMappingPage()[pri:0, instance:com.tetherfi.test.ivr.HostValueMappingUITest@786ff1cb]" started-at="2019-09-18T17:49:53 IST" name="NavigateToHostValueMappingPage" finished-at="2019-09-18T17:49:56 IST" duration-ms="3673" status="PASS">
          <reporter-output>
          </reporter-output>
        </test-method> <!-- NavigateToHostValueMappingPage -->
        <test-method signature="SortingByAscending()[pri:15, instance:com.tetherfi.test.ivr.HostValueMappingUITest@786ff1cb]" started-at="2019-09-18T17:49:56 IST" name="SortingByAscending" finished-at="2019-09-18T17:50:13 IST" duration-ms="16265" status="FAIL">
          <exception class="org.openqa.selenium.ElementClickInterceptedException">
            <message>
              <![CDATA[element click intercepted: Element <a aria-label="Go to the next page" class="k-link k-pager-nav" data-page="2" href="#" title="Go to the next page" tabindex="-1">...</a> is not clickable at point (136, 551). Other element would receive the click: <div class="col-lg-6 theme-color" style="float:left;">...</div>
  (Session info: chrome=77.0.3865.75)
Build info: version: '3.141.59', revision: 'e82be7d358', time: '2018-11-14T08:17:03'
System info: host: 'ADMIN', ip: '192.168.1.4', os.name: 'Windows 8.1', os.arch: 'amd64', os.version: '6.3', java.version: '9.0.4'
Driver info: org.openqa.selenium.chrome.ChromeDriver
Capabilities {acceptInsecureCerts: false, browserName: chrome, browserVersion: 77.0.3865.75, chrome: {chromedriverVersion: 76.0.3809.68 (420c9498db8ce..., userDataDir: C:\Users\ADMINP~1\AppData\L...}, goog:chromeOptions: {debuggerAddress: localhost:52889}, javascriptEnabled: true, networkConnectionEnabled: false, pageLoadStrategy: normal, platform: XP, platformName: XP, proxy: Proxy(), setWindowRect: true, strictFileInteractability: false, timeouts: {implicit: 0, pageLoad: 300000, script: 30000}, unhandledPromptBehavior: dismiss and notify}
Session ID: d292c530dc4416885f3cdd9ba78ed18a]]>
            </message>
            <full-stacktrace>
              <![CDATA[org.openqa.selenium.ElementClickInterceptedException: element click intercepted: Element <a aria-label="Go to the next page" class="k-link k-pager-nav" data-page="2" href="#" title="Go to the next page" tabindex="-1">...</a> is not clickable at point (136, 551). Other element would receive the click: <div class="col-lg-6 theme-color" style="float:left;">...</div>
  (Session info: chrome=77.0.3865.75)
Build info: version: '3.141.59', revision: 'e82be7d358', time: '2018-11-14T08:17:03'
System info: host: 'ADMIN', ip: '192.168.1.4', os.name: 'Windows 8.1', os.arch: 'amd64', os.version: '6.3', java.version: '9.0.4'
Driver info: org.openqa.selenium.chrome.ChromeDriver
Capabilities {acceptInsecureCerts: false, browserName: chrome, browserVersion: 77.0.3865.75, chrome: {chromedriverVersion: 76.0.3809.68 (420c9498db8ce..., userDataDir: C:\Users\ADMINP~1\AppData\L...}, goog:chromeOptions: {debuggerAddress: localhost:52889}, javascriptEnabled: true, networkConnectionEnabled: false, pageLoadStrategy: normal, platform: XP, platformName: XP, proxy: Proxy(), setWindowRect: true, strictFileInteractability: false, timeouts: {implicit: 0, pageLoad: 300000, script: 30000}, unhandledPromptBehavior: dismiss and notify}
Session ID: d292c530dc4416885f3cdd9ba78ed18a
at java.base/jdk.internal.reflect.NativeConstructorAccessorImpl.newInstance0(Native Method)
at java.base/jdk.internal.reflect.NativeConstructorAccessorImpl.newInstance(Unknown Source)
at java.base/jdk.internal.reflect.DelegatingConstructorAccessorImpl.newInstance(Unknown Source)
at java.base/java.lang.reflect.Constructor.newInstance(Unknown Source)
at org.openqa.selenium.remote.http.W3CHttpResponseCodec.createException(W3CHttpResponseCodec.java:187)
at org.openqa.selenium.remote.http.W3CHttpResponseCodec.decode(W3CHttpResponseCodec.java:122)
at org.openqa.selenium.remote.http.W3CHttpResponseCodec.decode(W3CHttpResponseCodec.java:49)
at org.openqa.selenium.remote.HttpCommandExecutor.execute(HttpCommandExecutor.java:158)
at org.openqa.selenium.remote.service.DriverCommandExecutor.execute(DriverCommandExecutor.java:83)
at org.openqa.selenium.remote.RemoteWebDriver.execute(RemoteWebDriver.java:552)
at org.openqa.selenium.remote.RemoteWebElement.execute(RemoteWebElement.java:285)
at org.openqa.selenium.remote.RemoteWebElement.click(RemoteWebElement.java:84)
at com.tetherfi.pages.HostValueMappingPage.getdata(HostValueMappingPage.java:648)
at com.tetherfi.pages.HostValueMappingPage.verifyexportToExcelSheet(HostValueMappingPage.java:617)
at com.tetherfi.test.ivr.HostValueMappingUITest.SortingByAscending(HostValueMappingUITest.java:166)
at java.base/jdk.internal.reflect.NativeMethodAccessorImpl.invoke0(Native Method)
at java.base/jdk.internal.reflect.NativeMethodAccessorImpl.invoke(Unknown Source)
at java.base/jdk.internal.reflect.DelegatingMethodAccessorImpl.invoke(Unknown Source)
at java.base/java.lang.reflect.Method.invoke(Unknown Source)
at org.testng.internal.MethodInvocationHelper.invokeMethod(MethodInvocationHelper.java:133)
at org.testng.internal.TestInvoker.invokeMethod(TestInvoker.java:584)
at org.testng.internal.TestInvoker.invokeTestMethod(TestInvoker.java:172)
at org.testng.internal.MethodRunner.runInSequence(MethodRunner.java:46)
at org.testng.internal.TestInvoker$MethodInvocationAgent.invoke(TestInvoker.java:804)
at org.testng.internal.TestInvoker.invokeTestMethods(TestInvoker.java:145)
at org.testng.internal.TestMethodWorker.invokeTestMethods(TestMethodWorker.java:146)
at org.testng.internal.TestMethodWorker.run(TestMethodWorker.java:128)
at java.base/java.util.ArrayList.forEach(Unknown Source)
at org.testng.TestRunner.privateRun(TestRunner.java:770)
at org.testng.TestRunner.run(TestRunner.java:591)
at org.testng.SuiteRunner.runTest(SuiteRunner.java:402)
at org.testng.SuiteRunner.runSequentially(SuiteRunner.java:396)
at org.testng.SuiteRunner.privateRun(SuiteRunner.java:355)
at org.testng.SuiteRunner.run(SuiteRunner.java:304)
at org.testng.SuiteRunnerWorker.runSuite(SuiteRunnerWorker.java:53)
at org.testng.SuiteRunnerWorker.run(SuiteRunnerWorker.java:96)
at org.testng.TestNG.runSuitesSequentially(TestNG.java:1180)
at org.testng.TestNG.runSuitesLocally(TestNG.java:1102)
at org.testng.TestNG.runSuites(TestNG.java:1032)
at org.testng.TestNG.run(TestNG.java:1000)
at org.testng.remote.AbstractRemoteTestNG.run(AbstractRemoteTestNG.java:115)
at org.testng.remote.RemoteTestNG.initAndRun(RemoteTestNG.java:251)
at org.testng.remote.RemoteTestNG.main(RemoteTestNG.java:77)
]]>
            </full-stacktrace>
          </exception> <!-- org.openqa.selenium.ElementClickInterceptedException -->
          <reporter-output>
          </reporter-output>
        </test-method> <!-- SortingByAscending -->
        <test-method is-config="true" signature="afterEachMethod(java.lang.reflect.Method)[pri:0, instance:com.tetherfi.test.ivr.HostValueMappingUITest@786ff1cb]" started-at="2019-09-18T17:50:13 IST" name="afterEachMethod" finished-at="2019-09-18T17:50:14 IST" duration-ms="1447" status="PASS">
          <params>
            <param index="0">
              <value>
                <![CDATA[public void com.tetherfi.test.ivr.HostValueMappingUITest.SortingByAscending() throws java.io.IOException]]>
              </value>
            </param>
          </params>
          <reporter-output>
          </reporter-output>
        </test-method> <!-- afterEachMethod -->
        <test-method is-config="true" signature="endTestCase(java.lang.reflect.Method)[pri:0, instance:com.tetherfi.test.ivr.HostValueMappingUITest@786ff1cb]" started-at="2019-09-18T17:50:14 IST" name="endTestCase" finished-at="2019-09-18T17:50:14 IST" duration-ms="1" status="PASS">
          <params>
            <param index="0">
              <value>
                <![CDATA[public void com.tetherfi.test.ivr.HostValueMappingUITest.SortingByAscending() throws java.io.IOException]]>
              </value>
            </param>
          </params>
          <reporter-output>
          </reporter-output>
        </test-method> <!-- endTestCase -->
        <test-method is-config="true" signature="startTestCase(java.lang.reflect.Method)[pri:0, instance:com.tetherfi.test.ivr.HostValueMappingUITest@786ff1cb]" started-at="2019-09-18T17:50:14 IST" name="startTestCase" finished-at="2019-09-18T17:50:14 IST" duration-ms="1" status="PASS">
          <params>
            <param index="0">
              <value>
                <![CDATA[public void com.tetherfi.test.ivr.HostValueMappingUITest.SortingByDescending() throws java.io.IOException]]>
              </value>
            </param>
          </params>
          <reporter-output>
          </reporter-output>
        </test-method> <!-- startTestCase -->
        <test-method is-config="true" signature="NavigateToHostValueMappingPage()[pri:0, instance:com.tetherfi.test.ivr.HostValueMappingUITest@786ff1cb]" started-at="2019-09-18T17:50:14 IST" name="NavigateToHostValueMappingPage" finished-at="2019-09-18T17:50:18 IST" duration-ms="3956" status="PASS">
          <reporter-output>
          </reporter-output>
        </test-method> <!-- NavigateToHostValueMappingPage -->
        <test-method signature="SortingByDescending()[pri:16, instance:com.tetherfi.test.ivr.HostValueMappingUITest@786ff1cb]" started-at="2019-09-18T17:50:18 IST" name="SortingByDescending" finished-at="2019-09-18T17:50:35 IST" duration-ms="16413" status="FAIL">
          <exception class="org.openqa.selenium.ElementClickInterceptedException">
            <message>
              <![CDATA[element click intercepted: Element <a aria-label="Go to the next page" class="k-link k-pager-nav" data-page="2" href="#" title="Go to the next page" tabindex="-1">...</a> is not clickable at point (136, 551). Other element would receive the click: <div class="col-lg-6 theme-color" style="float:left;">...</div>
  (Session info: chrome=77.0.3865.75)
Build info: version: '3.141.59', revision: 'e82be7d358', time: '2018-11-14T08:17:03'
System info: host: 'ADMIN', ip: '192.168.1.4', os.name: 'Windows 8.1', os.arch: 'amd64', os.version: '6.3', java.version: '9.0.4'
Driver info: org.openqa.selenium.chrome.ChromeDriver
Capabilities {acceptInsecureCerts: false, browserName: chrome, browserVersion: 77.0.3865.75, chrome: {chromedriverVersion: 76.0.3809.68 (420c9498db8ce..., userDataDir: C:\Users\ADMINP~1\AppData\L...}, goog:chromeOptions: {debuggerAddress: localhost:52889}, javascriptEnabled: true, networkConnectionEnabled: false, pageLoadStrategy: normal, platform: XP, platformName: XP, proxy: Proxy(), setWindowRect: true, strictFileInteractability: false, timeouts: {implicit: 0, pageLoad: 300000, script: 30000}, unhandledPromptBehavior: dismiss and notify}
Session ID: d292c530dc4416885f3cdd9ba78ed18a]]>
            </message>
            <full-stacktrace>
              <![CDATA[org.openqa.selenium.ElementClickInterceptedException: element click intercepted: Element <a aria-label="Go to the next page" class="k-link k-pager-nav" data-page="2" href="#" title="Go to the next page" tabindex="-1">...</a> is not clickable at point (136, 551). Other element would receive the click: <div class="col-lg-6 theme-color" style="float:left;">...</div>
  (Session info: chrome=77.0.3865.75)
Build info: version: '3.141.59', revision: 'e82be7d358', time: '2018-11-14T08:17:03'
System info: host: 'ADMIN', ip: '192.168.1.4', os.name: 'Windows 8.1', os.arch: 'amd64', os.version: '6.3', java.version: '9.0.4'
Driver info: org.openqa.selenium.chrome.ChromeDriver
Capabilities {acceptInsecureCerts: false, browserName: chrome, browserVersion: 77.0.3865.75, chrome: {chromedriverVersion: 76.0.3809.68 (420c9498db8ce..., userDataDir: C:\Users\ADMINP~1\AppData\L...}, goog:chromeOptions: {debuggerAddress: localhost:52889}, javascriptEnabled: true, networkConnectionEnabled: false, pageLoadStrategy: normal, platform: XP, platformName: XP, proxy: Proxy(), setWindowRect: true, strictFileInteractability: false, timeouts: {implicit: 0, pageLoad: 300000, script: 30000}, unhandledPromptBehavior: dismiss and notify}
Session ID: d292c530dc4416885f3cdd9ba78ed18a
at java.base/jdk.internal.reflect.NativeConstructorAccessorImpl.newInstance0(Native Method)
at java.base/jdk.internal.reflect.NativeConstructorAccessorImpl.newInstance(Unknown Source)
at java.base/jdk.internal.reflect.DelegatingConstructorAccessorImpl.newInstance(Unknown Source)
at java.base/java.lang.reflect.Constructor.newInstance(Unknown Source)
at org.openqa.selenium.remote.http.W3CHttpResponseCodec.createException(W3CHttpResponseCodec.java:187)
at org.openqa.selenium.remote.http.W3CHttpResponseCodec.decode(W3CHttpResponseCodec.java:122)
at org.openqa.selenium.remote.http.W3CHttpResponseCodec.decode(W3CHttpResponseCodec.java:49)
at org.openqa.selenium.remote.HttpCommandExecutor.execute(HttpCommandExecutor.java:158)
at org.openqa.selenium.remote.service.DriverCommandExecutor.execute(DriverCommandExecutor.java:83)
at org.openqa.selenium.remote.RemoteWebDriver.execute(RemoteWebDriver.java:552)
at org.openqa.selenium.remote.RemoteWebElement.execute(RemoteWebElement.java:285)
at org.openqa.selenium.remote.RemoteWebElement.click(RemoteWebElement.java:84)
at com.tetherfi.pages.HostValueMappingPage.getdata(HostValueMappingPage.java:648)
at com.tetherfi.pages.HostValueMappingPage.verifyexportToExcelSheet(HostValueMappingPage.java:617)
at com.tetherfi.test.ivr.HostValueMappingUITest.SortingByDescending(HostValueMappingUITest.java:177)
at java.base/jdk.internal.reflect.NativeMethodAccessorImpl.invoke0(Native Method)
at java.base/jdk.internal.reflect.NativeMethodAccessorImpl.invoke(Unknown Source)
at java.base/jdk.internal.reflect.DelegatingMethodAccessorImpl.invoke(Unknown Source)
at java.base/java.lang.reflect.Method.invoke(Unknown Source)
at org.testng.internal.MethodInvocationHelper.invokeMethod(MethodInvocationHelper.java:133)
at org.testng.internal.TestInvoker.invokeMethod(TestInvoker.java:584)
at org.testng.internal.TestInvoker.invokeTestMethod(TestInvoker.java:172)
at org.testng.internal.MethodRunner.runInSequence(MethodRunner.java:46)
at org.testng.internal.TestInvoker$MethodInvocationAgent.invoke(TestInvoker.java:804)
at org.testng.internal.TestInvoker.invokeTestMethods(TestInvoker.java:145)
at org.testng.internal.TestMethodWorker.invokeTestMethods(TestMethodWorker.java:146)
at org.testng.internal.TestMethodWorker.run(TestMethodWorker.java:128)
at java.base/java.util.ArrayList.forEach(Unknown Source)
at org.testng.TestRunner.privateRun(TestRunner.java:770)
at org.testng.TestRunner.run(TestRunner.java:591)
at org.testng.SuiteRunner.runTest(SuiteRunner.java:402)
at org.testng.SuiteRunner.runSequentially(SuiteRunner.java:396)
at org.testng.SuiteRunner.privateRun(SuiteRunner.java:355)
at org.testng.SuiteRunner.run(SuiteRunner.java:304)
at org.testng.SuiteRunnerWorker.runSuite(SuiteRunnerWorker.java:53)
at org.testng.SuiteRunnerWorker.run(SuiteRunnerWorker.java:96)
at org.testng.TestNG.runSuitesSequentially(TestNG.java:1180)
at org.testng.TestNG.runSuitesLocally(TestNG.java:1102)
at org.testng.TestNG.runSuites(TestNG.java:1032)
at org.testng.TestNG.run(TestNG.java:1000)
at org.testng.remote.AbstractRemoteTestNG.run(AbstractRemoteTestNG.java:115)
at org.testng.remote.RemoteTestNG.initAndRun(RemoteTestNG.java:251)
at org.testng.remote.RemoteTestNG.main(RemoteTestNG.java:77)
]]>
            </full-stacktrace>
          </exception> <!-- org.openqa.selenium.ElementClickInterceptedException -->
          <reporter-output>
          </reporter-output>
        </test-method> <!-- SortingByDescending -->
        <test-method is-config="true" signature="afterEachMethod(java.lang.reflect.Method)[pri:0, instance:com.tetherfi.test.ivr.HostValueMappingUITest@786ff1cb]" started-at="2019-09-18T17:50:35 IST" name="afterEachMethod" finished-at="2019-09-18T17:50:36 IST" duration-ms="1478" status="PASS">
          <params>
            <param index="0">
              <value>
                <![CDATA[public void com.tetherfi.test.ivr.HostValueMappingUITest.SortingByDescending() throws java.io.IOException]]>
              </value>
            </param>
          </params>
          <reporter-output>
          </reporter-output>
        </test-method> <!-- afterEachMethod -->
        <test-method is-config="true" signature="endTestCase(java.lang.reflect.Method)[pri:0, instance:com.tetherfi.test.ivr.HostValueMappingUITest@786ff1cb]" started-at="2019-09-18T17:50:36 IST" name="endTestCase" finished-at="2019-09-18T17:50:36 IST" duration-ms="0" status="PASS">
          <params>
            <param index="0">
              <value>
                <![CDATA[public void com.tetherfi.test.ivr.HostValueMappingUITest.SortingByDescending() throws java.io.IOException]]>
              </value>
            </param>
          </params>
          <reporter-output>
          </reporter-output>
        </test-method> <!-- endTestCase -->
        <test-method is-config="true" signature="startTestCase(java.lang.reflect.Method)[pri:0, instance:com.tetherfi.test.ivr.HostValueMappingUITest@786ff1cb]" started-at="2019-09-18T17:50:36 IST" name="startTestCase" finished-at="2019-09-18T17:50:36 IST" duration-ms="1" status="PASS">
          <params>
            <param index="0">
              <value>
                <![CDATA[public void com.tetherfi.test.ivr.HostValueMappingUITest.VerifyDragAndDrop()]]>
              </value>
            </param>
          </params>
          <reporter-output>
          </reporter-output>
        </test-method> <!-- startTestCase -->
        <test-method is-config="true" signature="NavigateToHostValueMappingPage()[pri:0, instance:com.tetherfi.test.ivr.HostValueMappingUITest@786ff1cb]" started-at="2019-09-18T17:50:36 IST" name="NavigateToHostValueMappingPage" finished-at="2019-09-18T17:50:40 IST" duration-ms="3725" status="PASS">
          <reporter-output>
          </reporter-output>
        </test-method> <!-- NavigateToHostValueMappingPage -->
        <test-method signature="VerifyDragAndDrop()[pri:17, instance:com.tetherfi.test.ivr.HostValueMappingUITest@786ff1cb]" started-at="2019-09-18T17:50:40 IST" name="VerifyDragAndDrop" finished-at="2019-09-18T17:50:51 IST" duration-ms="11489" status="PASS">
          <reporter-output>
          </reporter-output>
        </test-method> <!-- VerifyDragAndDrop -->
        <test-method is-config="true" signature="afterEachMethod(java.lang.reflect.Method)[pri:0, instance:com.tetherfi.test.ivr.HostValueMappingUITest@786ff1cb]" started-at="2019-09-18T17:50:51 IST" name="afterEachMethod" finished-at="2019-09-18T17:50:53 IST" duration-ms="1874" status="PASS">
          <params>
            <param index="0">
              <value>
                <![CDATA[public void com.tetherfi.test.ivr.HostValueMappingUITest.VerifyDragAndDrop()]]>
              </value>
            </param>
          </params>
          <reporter-output>
          </reporter-output>
        </test-method> <!-- afterEachMethod -->
        <test-method is-config="true" signature="endTestCase(java.lang.reflect.Method)[pri:0, instance:com.tetherfi.test.ivr.HostValueMappingUITest@786ff1cb]" started-at="2019-09-18T17:50:53 IST" name="endTestCase" finished-at="2019-09-18T17:50:53 IST" duration-ms="0" status="PASS">
          <params>
            <param index="0">
              <value>
                <![CDATA[public void com.tetherfi.test.ivr.HostValueMappingUITest.VerifyDragAndDrop()]]>
              </value>
            </param>
          </params>
          <reporter-output>
          </reporter-output>
        </test-method> <!-- endTestCase -->
        <test-method is-config="true" signature="startTestCase(java.lang.reflect.Method)[pri:0, instance:com.tetherfi.test.ivr.HostValueMappingUITest@786ff1cb]" started-at="2019-09-18T17:50:53 IST" name="startTestCase" finished-at="2019-09-18T17:50:53 IST" duration-ms="1" status="PASS">
          <params>
            <param index="0">
              <value>
                <![CDATA[public void com.tetherfi.test.ivr.HostValueMappingUITest.VerifyDragAndDropofAlreadyGroupedHeader()]]>
              </value>
            </param>
          </params>
          <reporter-output>
          </reporter-output>
        </test-method> <!-- startTestCase -->
        <test-method is-config="true" signature="NavigateToHostValueMappingPage()[pri:0, instance:com.tetherfi.test.ivr.HostValueMappingUITest@786ff1cb]" started-at="2019-09-18T17:50:53 IST" name="NavigateToHostValueMappingPage" finished-at="2019-09-18T17:50:57 IST" duration-ms="4202" status="PASS">
          <reporter-output>
          </reporter-output>
        </test-method> <!-- NavigateToHostValueMappingPage -->
        <test-method signature="VerifyDragAndDropofAlreadyGroupedHeader()[pri:18, instance:com.tetherfi.test.ivr.HostValueMappingUITest@786ff1cb]" started-at="2019-09-18T17:50:57 IST" name="VerifyDragAndDropofAlreadyGroupedHeader" finished-at="2019-09-18T17:51:09 IST" duration-ms="11985" status="PASS">
          <reporter-output>
          </reporter-output>
        </test-method> <!-- VerifyDragAndDropofAlreadyGroupedHeader -->
        <test-method is-config="true" signature="afterEachMethod(java.lang.reflect.Method)[pri:0, instance:com.tetherfi.test.ivr.HostValueMappingUITest@786ff1cb]" started-at="2019-09-18T17:51:09 IST" name="afterEachMethod" finished-at="2019-09-18T17:51:11 IST" duration-ms="1565" status="PASS">
          <params>
            <param index="0">
              <value>
                <![CDATA[public void com.tetherfi.test.ivr.HostValueMappingUITest.VerifyDragAndDropofAlreadyGroupedHeader()]]>
              </value>
            </param>
          </params>
          <reporter-output>
          </reporter-output>
        </test-method> <!-- afterEachMethod -->
        <test-method is-config="true" signature="endTestCase(java.lang.reflect.Method)[pri:0, instance:com.tetherfi.test.ivr.HostValueMappingUITest@786ff1cb]" started-at="2019-09-18T17:51:11 IST" name="endTestCase" finished-at="2019-09-18T17:51:11 IST" duration-ms="1" status="PASS">
          <params>
            <param index="0">
              <value>
                <![CDATA[public void com.tetherfi.test.ivr.HostValueMappingUITest.VerifyDragAndDropofAlreadyGroupedHeader()]]>
              </value>
            </param>
          </params>
          <reporter-output>
          </reporter-output>
        </test-method> <!-- endTestCase -->
        <test-method is-config="true" signature="NavigateToHostValueMappingPage()[pri:0, instance:com.tetherfi.test.ivr.HostValueMappingUITest@786ff1cb]" started-at="2019-09-18T17:51:11 IST" name="NavigateToHostValueMappingPage" finished-at="2019-09-18T17:51:15 IST" duration-ms="3701" status="PASS">
          <reporter-output>
          </reporter-output>
        </test-method> <!-- NavigateToHostValueMappingPage -->
        <test-method is-config="true" signature="startTestCase(java.lang.reflect.Method)[pri:0, instance:com.tetherfi.test.ivr.HostValueMappingUITest@786ff1cb]" started-at="2019-09-18T17:51:11 IST" name="startTestCase" finished-at="2019-09-18T17:51:11 IST" duration-ms="0" status="PASS">
          <params>
            <param index="0">
              <value>
                <![CDATA[public void com.tetherfi.test.ivr.HostValueMappingUITest.database() throws java.lang.Exception]]>
              </value>
            </param>
          </params>
          <reporter-output>
          </reporter-output>
        </test-method> <!-- startTestCase -->
        <test-method signature="database()[pri:19, instance:com.tetherfi.test.ivr.HostValueMappingUITest@786ff1cb]" started-at="2019-09-18T17:51:15 IST" name="database" finished-at="2019-09-18T17:51:21 IST" duration-ms="6351" status="FAIL">
          <exception class="java.lang.AssertionError">
            <message>
              <![CDATA[did not expect to find [true] but found [false]]]>
            </message>
            <full-stacktrace>
              <![CDATA[java.lang.AssertionError: did not expect to find [true] but found [false]
at org.testng.Assert.fail(Assert.java:97)
at org.testng.Assert.failNotEquals(Assert.java:969)
at org.testng.Assert.assertTrue(Assert.java:43)
at org.testng.Assert.assertTrue(Assert.java:53)
at com.tetherfi.test.ivr.HostValueMappingUITest.database(HostValueMappingUITest.java:204)
at java.base/jdk.internal.reflect.NativeMethodAccessorImpl.invoke0(Native Method)
at java.base/jdk.internal.reflect.NativeMethodAccessorImpl.invoke(Unknown Source)
at java.base/jdk.internal.reflect.DelegatingMethodAccessorImpl.invoke(Unknown Source)
at java.base/java.lang.reflect.Method.invoke(Unknown Source)
at org.testng.internal.MethodInvocationHelper.invokeMethod(MethodInvocationHelper.java:133)
at org.testng.internal.TestInvoker.invokeMethod(TestInvoker.java:584)
at org.testng.internal.TestInvoker.invokeTestMethod(TestInvoker.java:172)
at org.testng.internal.MethodRunner.runInSequence(MethodRunner.java:46)
at org.testng.internal.TestInvoker$MethodInvocationAgent.invoke(TestInvoker.java:804)
at org.testng.internal.TestInvoker.invokeTestMethods(TestInvoker.java:145)
at org.testng.internal.TestMethodWorker.invokeTestMethods(TestMethodWorker.java:146)
at org.testng.internal.TestMethodWorker.run(TestMethodWorker.java:128)
at java.base/java.util.ArrayList.forEach(Unknown Source)
at org.testng.TestRunner.privateRun(TestRunner.java:770)
at org.testng.TestRunner.run(TestRunner.java:591)
at org.testng.SuiteRunner.runTest(SuiteRunner.java:402)
at org.testng.SuiteRunner.runSequentially(SuiteRunner.java:396)
at org.testng.SuiteRunner.privateRun(SuiteRunner.java:355)
at org.testng.SuiteRunner.run(SuiteRunner.java:304)
at org.testng.SuiteRunnerWorker.runSuite(SuiteRunnerWorker.java:53)
at org.testng.SuiteRunnerWorker.run(SuiteRunnerWorker.java:96)
at org.testng.TestNG.runSuitesSequentially(TestNG.java:1180)
at org.testng.TestNG.runSuitesLocally(TestNG.java:1102)
at org.testng.TestNG.runSuites(TestNG.java:1032)
at org.testng.TestNG.run(TestNG.java:1000)
at org.testng.remote.AbstractRemoteTestNG.run(AbstractRemoteTestNG.java:115)
at org.testng.remote.RemoteTestNG.initAndRun(RemoteTestNG.java:251)
at org.testng.remote.RemoteTestNG.main(RemoteTestNG.java:77)
]]>
            </full-stacktrace>
          </exception> <!-- java.lang.AssertionError -->
          <reporter-output>
          </reporter-output>
        </test-method> <!-- database -->
        <test-method is-config="true" signature="afterEachMethod(java.lang.reflect.Method)[pri:0, instance:com.tetherfi.test.ivr.HostValueMappingUITest@786ff1cb]" started-at="2019-09-18T17:51:21 IST" name="afterEachMethod" finished-at="2019-09-18T17:51:22 IST" duration-ms="1322" status="PASS">
          <params>
            <param index="0">
              <value>
                <![CDATA[public void com.tetherfi.test.ivr.HostValueMappingUITest.database() throws java.lang.Exception]]>
              </value>
            </param>
          </params>
          <reporter-output>
          </reporter-output>
        </test-method> <!-- afterEachMethod -->
        <test-method is-config="true" signature="endTestCase(java.lang.reflect.Method)[pri:0, instance:com.tetherfi.test.ivr.HostValueMappingUITest@786ff1cb]" started-at="2019-09-18T17:51:22 IST" name="endTestCase" finished-at="2019-09-18T17:51:22 IST" duration-ms="1" status="PASS">
          <params>
            <param index="0">
              <value>
                <![CDATA[public void com.tetherfi.test.ivr.HostValueMappingUITest.database() throws java.lang.Exception]]>
              </value>
            </param>
          </params>
          <reporter-output>
          </reporter-output>
        </test-method> <!-- endTestCase -->
        <test-method is-config="true" signature="startTestCase(java.lang.reflect.Method)[pri:0, instance:com.tetherfi.test.ivr.HostValueMappingUITest@786ff1cb]" started-at="2019-09-18T17:51:22 IST" name="startTestCase" finished-at="2019-09-18T17:51:22 IST" duration-ms="1" status="PASS">
          <params>
            <param index="0">
              <value>
                <![CDATA[public void com.tetherfi.test.ivr.HostValueMappingUITest.searchPage() throws java.lang.Exception]]>
              </value>
            </param>
          </params>
          <reporter-output>
          </reporter-output>
        </test-method> <!-- startTestCase -->
        <test-method is-config="true" signature="NavigateToHostValueMappingPage()[pri:0, instance:com.tetherfi.test.ivr.HostValueMappingUITest@786ff1cb]" started-at="2019-09-18T17:51:22 IST" name="NavigateToHostValueMappingPage" finished-at="2019-09-18T17:51:26 IST" duration-ms="3824" status="PASS">
          <reporter-output>
          </reporter-output>
        </test-method> <!-- NavigateToHostValueMappingPage -->
        <test-method signature="searchPage()[pri:20, instance:com.tetherfi.test.ivr.HostValueMappingUITest@786ff1cb]" started-at="2019-09-18T17:51:26 IST" name="searchPage" finished-at="2019-09-18T17:51:30 IST" duration-ms="4059" status="PASS">
          <reporter-output>
          </reporter-output>
        </test-method> <!-- searchPage -->
        <test-method is-config="true" signature="afterEachMethod(java.lang.reflect.Method)[pri:0, instance:com.tetherfi.test.ivr.HostValueMappingUITest@786ff1cb]" started-at="2019-09-18T17:51:30 IST" name="afterEachMethod" finished-at="2019-09-18T17:51:32 IST" duration-ms="1322" status="PASS">
          <params>
            <param index="0">
              <value>
                <![CDATA[public void com.tetherfi.test.ivr.HostValueMappingUITest.searchPage() throws java.lang.Exception]]>
              </value>
            </param>
          </params>
          <reporter-output>
          </reporter-output>
        </test-method> <!-- afterEachMethod -->
        <test-method is-config="true" signature="endTestCase(java.lang.reflect.Method)[pri:0, instance:com.tetherfi.test.ivr.HostValueMappingUITest@786ff1cb]" started-at="2019-09-18T17:51:32 IST" name="endTestCase" finished-at="2019-09-18T17:51:32 IST" duration-ms="0" status="PASS">
          <params>
            <param index="0">
              <value>
                <![CDATA[public void com.tetherfi.test.ivr.HostValueMappingUITest.searchPage() throws java.lang.Exception]]>
              </value>
            </param>
          </params>
          <reporter-output>
          </reporter-output>
        </test-method> <!-- endTestCase -->
        <test-method is-config="true" signature="NavigateToHostValueMappingPage()[pri:0, instance:com.tetherfi.test.ivr.HostValueMappingUITest@786ff1cb]" started-at="2019-09-18T17:51:32 IST" name="NavigateToHostValueMappingPage" finished-at="2019-09-18T17:51:35 IST" duration-ms="3886" status="PASS">
          <reporter-output>
          </reporter-output>
        </test-method> <!-- NavigateToHostValueMappingPage -->
        <test-method is-config="true" signature="startTestCase(java.lang.reflect.Method)[pri:0, instance:com.tetherfi.test.ivr.HostValueMappingUITest@786ff1cb]" started-at="2019-09-18T17:51:32 IST" name="startTestCase" finished-at="2019-09-18T17:51:32 IST" duration-ms="0" status="PASS">
          <params>
            <param index="0">
              <value>
                <![CDATA[public void com.tetherfi.test.ivr.HostValueMappingUITest.searchwithoutSearchTextbox() throws java.io.IOException]]>
              </value>
            </param>
          </params>
          <reporter-output>
          </reporter-output>
        </test-method> <!-- startTestCase -->
        <test-method signature="searchwithoutSearchTextbox()[pri:21, instance:com.tetherfi.test.ivr.HostValueMappingUITest@786ff1cb]" started-at="2019-09-18T17:51:35 IST" name="searchwithoutSearchTextbox" finished-at="2019-09-18T17:51:39 IST" duration-ms="3642" status="PASS">
          <reporter-output>
          </reporter-output>
        </test-method> <!-- searchwithoutSearchTextbox -->
        <test-method is-config="true" signature="afterEachMethod(java.lang.reflect.Method)[pri:0, instance:com.tetherfi.test.ivr.HostValueMappingUITest@786ff1cb]" started-at="2019-09-18T17:51:39 IST" name="afterEachMethod" finished-at="2019-09-18T17:51:40 IST" duration-ms="1330" status="PASS">
          <params>
            <param index="0">
              <value>
                <![CDATA[public void com.tetherfi.test.ivr.HostValueMappingUITest.searchwithoutSearchTextbox() throws java.io.IOException]]>
              </value>
            </param>
          </params>
          <reporter-output>
          </reporter-output>
        </test-method> <!-- afterEachMethod -->
        <test-method is-config="true" signature="endTestCase(java.lang.reflect.Method)[pri:0, instance:com.tetherfi.test.ivr.HostValueMappingUITest@786ff1cb]" started-at="2019-09-18T17:51:40 IST" name="endTestCase" finished-at="2019-09-18T17:51:40 IST" duration-ms="0" status="PASS">
          <params>
            <param index="0">
              <value>
                <![CDATA[public void com.tetherfi.test.ivr.HostValueMappingUITest.searchwithoutSearchTextbox() throws java.io.IOException]]>
              </value>
            </param>
          </params>
          <reporter-output>
          </reporter-output>
        </test-method> <!-- endTestCase -->
        <test-method is-config="true" signature="startTestCase(java.lang.reflect.Method)[pri:0, instance:com.tetherfi.test.ivr.HostValueMappingUITest@786ff1cb]" started-at="2019-09-18T17:51:40 IST" name="startTestCase" finished-at="2019-09-18T17:51:40 IST" duration-ms="1" status="PASS">
          <params>
            <param index="0">
              <value>
                <![CDATA[public void com.tetherfi.test.ivr.HostValueMappingUITest.SearchClearSearch() throws java.lang.Exception]]>
              </value>
            </param>
          </params>
          <reporter-output>
          </reporter-output>
        </test-method> <!-- startTestCase -->
        <test-method is-config="true" signature="NavigateToHostValueMappingPage()[pri:0, instance:com.tetherfi.test.ivr.HostValueMappingUITest@786ff1cb]" started-at="2019-09-18T17:51:40 IST" name="NavigateToHostValueMappingPage" finished-at="2019-09-18T17:51:44 IST" duration-ms="3682" status="PASS">
          <reporter-output>
          </reporter-output>
        </test-method> <!-- NavigateToHostValueMappingPage -->
        <test-method signature="SearchClearSearch()[pri:22, instance:com.tetherfi.test.ivr.HostValueMappingUITest@786ff1cb]" started-at="2019-09-18T17:51:44 IST" name="SearchClearSearch" finished-at="2019-09-18T17:51:48 IST" duration-ms="4091" status="PASS">
          <reporter-output>
          </reporter-output>
        </test-method> <!-- SearchClearSearch -->
        <test-method is-config="true" signature="afterEachMethod(java.lang.reflect.Method)[pri:0, instance:com.tetherfi.test.ivr.HostValueMappingUITest@786ff1cb]" started-at="2019-09-18T17:51:48 IST" name="afterEachMethod" finished-at="2019-09-18T17:51:50 IST" duration-ms="1525" status="PASS">
          <params>
            <param index="0">
              <value>
                <![CDATA[public void com.tetherfi.test.ivr.HostValueMappingUITest.SearchClearSearch() throws java.lang.Exception]]>
              </value>
            </param>
          </params>
          <reporter-output>
          </reporter-output>
        </test-method> <!-- afterEachMethod -->
        <test-method is-config="true" signature="endTestCase(java.lang.reflect.Method)[pri:0, instance:com.tetherfi.test.ivr.HostValueMappingUITest@786ff1cb]" started-at="2019-09-18T17:51:50 IST" name="endTestCase" finished-at="2019-09-18T17:51:50 IST" duration-ms="0" status="PASS">
          <params>
            <param index="0">
              <value>
                <![CDATA[public void com.tetherfi.test.ivr.HostValueMappingUITest.SearchClearSearch() throws java.lang.Exception]]>
              </value>
            </param>
          </params>
          <reporter-output>
          </reporter-output>
        </test-method> <!-- endTestCase -->
        <test-method is-config="true" signature="tearDown()[pri:0, instance:com.tetherfi.test.ivr.HostValueMappingUITest@786ff1cb]" started-at="2019-09-18T17:51:50 IST" name="tearDown" finished-at="2019-09-18T17:51:52 IST" duration-ms="1957" status="PASS">
          <reporter-output>
          </reporter-output>
        </test-method> <!-- tearDown -->
      </class> <!-- com.tetherfi.test.ivr.HostValueMappingUITest -->
    </test> <!-- Default test -->
  </suite> <!-- Default suite -->
</testng-results>
