<?xml version="1.0" encoding="UTF-8"?>
<testng-results ignored="0" total="1" passed="1" failed="0" skipped="0">
  <reporter-output>
  </reporter-output>
  <suite started-at="2020-05-18T08:38:56 IST" name="Default suite" finished-at="2020-05-18T08:39:55 IST" duration-ms="58786">
    <groups>
    </groups>
    <test started-at="2020-05-18T08:38:56 IST" name="Default test" finished-at="2020-05-18T08:39:55 IST" duration-ms="58786">
      <class name="com.tetherfi.test.reports.OCMAgentSummaryReportTest">
        <test-method is-config="true" signature="openApplication()[pri:0, instance:com.tetherfi.test.reports.OCMAgentSummaryReportTest@5b20706]" started-at="2020-05-18T08:38:56 IST" name="openApplication" finished-at="2020-05-18T08:39:30 IST" duration-ms="33926" status="PASS">
          <reporter-output>
          </reporter-output>
        </test-method> <!-- openApplication -->
        <test-method is-config="true" signature="startTestCase(java.lang.reflect.Method)[pri:0, instance:com.tetherfi.test.reports.OCMAgentSummaryReportTest@5b20706]" started-at="2020-05-18T08:39:30 IST" name="startTestCase" finished-at="2020-05-18T08:39:30 IST" duration-ms="4" status="PASS">
          <params>
            <param index="0">
              <value>
                <![CDATA[public void com.tetherfi.test.reports.OCMAgentSummaryReportTest.quickInputMonth() throws java.lang.Exception]]>
              </value>
            </param>
          </params>
          <reporter-output>
          </reporter-output>
        </test-method> <!-- startTestCase -->
        <test-method is-config="true" signature="NavigateToOcmReportsPage()[pri:0, instance:com.tetherfi.test.reports.OCMAgentSummaryReportTest@5b20706]" started-at="2020-05-18T08:39:30 IST" name="NavigateToOcmReportsPage" finished-at="2020-05-18T08:39:35 IST" duration-ms="5159" status="PASS">
          <reporter-output>
          </reporter-output>
        </test-method> <!-- NavigateToOcmReportsPage -->
        <test-method signature="quickInputMonth()[pri:59, instance:com.tetherfi.test.reports.OCMAgentSummaryReportTest@5b20706]" started-at="2020-05-18T08:39:35 IST" name="quickInputMonth" finished-at="2020-05-18T08:39:49 IST" duration-ms="13883" status="PASS">
          <reporter-output>
          </reporter-output>
        </test-method> <!-- quickInputMonth -->
        <test-method is-config="true" signature="endTestCase(java.lang.reflect.Method)[pri:0, instance:com.tetherfi.test.reports.OCMAgentSummaryReportTest@5b20706]" started-at="2020-05-18T08:39:49 IST" name="endTestCase" finished-at="2020-05-18T08:39:49 IST" duration-ms="1" status="PASS">
          <params>
            <param index="0">
              <value>
                <![CDATA[public void com.tetherfi.test.reports.OCMAgentSummaryReportTest.quickInputMonth() throws java.lang.Exception]]>
              </value>
            </param>
          </params>
          <reporter-output>
          </reporter-output>
        </test-method> <!-- endTestCase -->
        <test-method is-config="true" signature="tearDown()[pri:0, instance:com.tetherfi.test.reports.OCMAgentSummaryReportTest@5b20706]" started-at="2020-05-18T08:39:49 IST" name="tearDown" finished-at="2020-05-18T08:39:55 IST" duration-ms="5683" status="PASS">
          <reporter-output>
          </reporter-output>
        </test-method> <!-- tearDown -->
      </class> <!-- com.tetherfi.test.reports.OCMAgentSummaryReportTest -->
    </test> <!-- Default test -->
  </suite> <!-- Default suite -->
</testng-results>
