<?xml version="1.0" encoding="UTF-8"?>
<testng-results skipped="0" failed="9" ignored="25" total="34" passed="0">
  <reporter-output>
  </reporter-output>
  <suite name="Failed suite [Failed suite [Failed suite [Failed suite [Tetherfi Test Automation]]]]" duration-ms="273626" started-at="2020-04-28T10:58:03 IST" finished-at="2020-04-28T11:02:37 IST">
    <groups>
    </groups>
    <test name="SMSResponseTemplateWMC(failed)(failed)(failed)(failed)" duration-ms="273626" started-at="2020-04-28T10:58:03 IST" finished-at="2020-04-28T11:02:37 IST">
      <class name="com.tetherfi.test.tmac.WaitTimeColorConfigTest">
        <test-method status="PASS" signature="openApplication()[pri:0, instance:com.tetherfi.test.tmac.WaitTimeColorConfigTest@4232c52b]" name="openApplication" is-config="true" duration-ms="31789" started-at="2020-04-28T10:58:03 IST" finished-at="2020-04-28T10:58:35 IST">
          <reporter-output>
          </reporter-output>
        </test-method> <!-- openApplication -->
        <test-method status="PASS" signature="startTestCase(java.lang.reflect.Method)[pri:0, instance:com.tetherfi.test.tmac.WaitTimeColorConfigTest@4232c52b]" name="startTestCase" is-config="true" duration-ms="3" started-at="2020-04-28T10:58:35 IST" finished-at="2020-04-28T10:58:35 IST">
          <params>
            <param index="0">
              <value>
                <![CDATA[public void com.tetherfi.test.tmac.WaitTimeColorConfigTest.VerifySearchIsNotEqualTo() throws java.lang.Exception]]>
              </value>
            </param>
          </params>
          <reporter-output>
          </reporter-output>
        </test-method> <!-- startTestCase -->
        <test-method status="PASS" signature="NavigateToWaitTimeColorConfigPage()[pri:0, instance:com.tetherfi.test.tmac.WaitTimeColorConfigTest@4232c52b]" name="NavigateToWaitTimeColorConfigPage" is-config="true" duration-ms="60240" started-at="2020-04-28T10:58:35 IST" finished-at="2020-04-28T10:59:35 IST">
          <reporter-output>
          </reporter-output>
        </test-method> <!-- NavigateToWaitTimeColorConfigPage -->
        <test-method status="FAIL" signature="VerifySearchIsNotEqualTo()[pri:8, instance:com.tetherfi.test.tmac.WaitTimeColorConfigTest@4232c52b]" name="VerifySearchIsNotEqualTo" duration-ms="2459" started-at="2020-04-28T10:59:35 IST" finished-at="2020-04-28T10:59:38 IST">
          <exception class="org.openqa.selenium.StaleElementReferenceException">
            <message>
              <![CDATA[stale element reference: element is not attached to the page document
  (Session info: chrome=81.0.4044.122)
For documentation on this error, please visit: https://www.seleniumhq.org/exceptions/stale_element_reference.html
Build info: version: '3.141.59', revision: 'e82be7d358', time: '2018-11-14T08:17:03'
System info: host: 'DESKTOP-NJVBPFB', ip: '192.168.225.65', os.name: 'Windows 10', os.arch: 'amd64', os.version: '10.0', java.version: '1.8.0_181'
Driver info: org.openqa.selenium.chrome.ChromeDriver
Capabilities {acceptInsecureCerts: false, browserName: chrome, browserVersion: 81.0.4044.122, chrome: {chromedriverVersion: 80.0.3987.106 (f68069574609..., userDataDir: C:\Users\admin\AppData\Loca...}, goog:chromeOptions: {debuggerAddress: localhost:61744}, javascriptEnabled: true, networkConnectionEnabled: false, pageLoadStrategy: normal, platform: WINDOWS, platformName: WINDOWS, proxy: Proxy(), setWindowRect: true, strictFileInteractability: false, timeouts: {implicit: 0, pageLoad: 300000, script: 30000}, unhandledPromptBehavior: dismiss and notify}
Session ID: 3f40c6a6a261364c79691171185ca85f]]>
            </message>
            <full-stacktrace>
              <![CDATA[org.openqa.selenium.StaleElementReferenceException: stale element reference: element is not attached to the page document
  (Session info: chrome=81.0.4044.122)
For documentation on this error, please visit: https://www.seleniumhq.org/exceptions/stale_element_reference.html
Build info: version: '3.141.59', revision: 'e82be7d358', time: '2018-11-14T08:17:03'
System info: host: 'DESKTOP-NJVBPFB', ip: '192.168.225.65', os.name: 'Windows 10', os.arch: 'amd64', os.version: '10.0', java.version: '1.8.0_181'
Driver info: org.openqa.selenium.chrome.ChromeDriver
Capabilities {acceptInsecureCerts: false, browserName: chrome, browserVersion: 81.0.4044.122, chrome: {chromedriverVersion: 80.0.3987.106 (f68069574609..., userDataDir: C:\Users\admin\AppData\Loca...}, goog:chromeOptions: {debuggerAddress: localhost:61744}, javascriptEnabled: true, networkConnectionEnabled: false, pageLoadStrategy: normal, platform: WINDOWS, platformName: WINDOWS, proxy: Proxy(), setWindowRect: true, strictFileInteractability: false, timeouts: {implicit: 0, pageLoad: 300000, script: 30000}, unhandledPromptBehavior: dismiss and notify}
Session ID: 3f40c6a6a261364c79691171185ca85f
at sun.reflect.NativeConstructorAccessorImpl.newInstance0(Native Method)
at sun.reflect.NativeConstructorAccessorImpl.newInstance(Unknown Source)
at sun.reflect.DelegatingConstructorAccessorImpl.newInstance(Unknown Source)
at java.lang.reflect.Constructor.newInstance(Unknown Source)
at org.openqa.selenium.remote.http.W3CHttpResponseCodec.createException(W3CHttpResponseCodec.java:187)
at org.openqa.selenium.remote.http.W3CHttpResponseCodec.decode(W3CHttpResponseCodec.java:122)
at org.openqa.selenium.remote.http.W3CHttpResponseCodec.decode(W3CHttpResponseCodec.java:49)
at org.openqa.selenium.remote.HttpCommandExecutor.execute(HttpCommandExecutor.java:158)
at org.openqa.selenium.remote.service.DriverCommandExecutor.execute(DriverCommandExecutor.java:83)
at org.openqa.selenium.remote.RemoteWebDriver.execute(RemoteWebDriver.java:552)
at org.openqa.selenium.remote.RemoteWebElement.execute(RemoteWebElement.java:285)
at org.openqa.selenium.remote.RemoteWebElement.isDisplayed(RemoteWebElement.java:326)
at org.openqa.selenium.support.ui.ExpectedConditions.elementIfVisible(ExpectedConditions.java:314)
at org.openqa.selenium.support.ui.ExpectedConditions.access$000(ExpectedConditions.java:43)
at org.openqa.selenium.support.ui.ExpectedConditions$10.apply(ExpectedConditions.java:300)
at org.openqa.selenium.support.ui.ExpectedConditions$10.apply(ExpectedConditions.java:297)
at org.openqa.selenium.support.ui.FluentWait.until(FluentWait.java:249)
at com.tetherfi.pages.BasePage.waitUntilWebElementListIsVisible(BasePage.java:135)
at com.tetherfi.pages.BasePage.selectDropdownFromVisibleText(BasePage.java:334)
at com.tetherfi.pages.WaitTimeColorConfigPage.verifySearchIsNotEqualTo(WaitTimeColorConfigPage.java:277)
at com.tetherfi.test.tmac.WaitTimeColorConfigTest.VerifySearchIsNotEqualTo(WaitTimeColorConfigTest.java:123)
at sun.reflect.NativeMethodAccessorImpl.invoke0(Native Method)
at sun.reflect.NativeMethodAccessorImpl.invoke(Unknown Source)
at sun.reflect.DelegatingMethodAccessorImpl.invoke(Unknown Source)
at java.lang.reflect.Method.invoke(Unknown Source)
at org.testng.internal.MethodInvocationHelper.invokeMethod(MethodInvocationHelper.java:133)
at org.testng.internal.TestInvoker.invokeMethod(TestInvoker.java:584)
at org.testng.internal.TestInvoker.invokeTestMethod(TestInvoker.java:172)
at org.testng.internal.MethodRunner.runInSequence(MethodRunner.java:46)
at org.testng.internal.TestInvoker$MethodInvocationAgent.invoke(TestInvoker.java:804)
at org.testng.internal.TestInvoker.invokeTestMethods(TestInvoker.java:145)
at org.testng.internal.TestMethodWorker.invokeTestMethods(TestMethodWorker.java:146)
at org.testng.internal.TestMethodWorker.run(TestMethodWorker.java:128)
at java.util.ArrayList.forEach(Unknown Source)
at org.testng.TestRunner.privateRun(TestRunner.java:770)
at org.testng.TestRunner.run(TestRunner.java:591)
at org.testng.SuiteRunner.runTest(SuiteRunner.java:402)
at org.testng.SuiteRunner.runSequentially(SuiteRunner.java:396)
at org.testng.SuiteRunner.privateRun(SuiteRunner.java:355)
at org.testng.SuiteRunner.run(SuiteRunner.java:304)
at org.testng.SuiteRunnerWorker.runSuite(SuiteRunnerWorker.java:53)
at org.testng.SuiteRunnerWorker.run(SuiteRunnerWorker.java:96)
at org.testng.TestNG.runSuitesSequentially(TestNG.java:1180)
at org.testng.TestNG.runSuitesLocally(TestNG.java:1102)
at org.testng.TestNG.runSuites(TestNG.java:1032)
at org.testng.TestNG.run(TestNG.java:1000)
at org.testng.remote.AbstractRemoteTestNG.run(AbstractRemoteTestNG.java:115)
at org.testng.remote.RemoteTestNG.initAndRun(RemoteTestNG.java:251)
at org.testng.remote.RemoteTestNG.main(RemoteTestNG.java:77)
]]>
            </full-stacktrace>
          </exception> <!-- org.openqa.selenium.StaleElementReferenceException -->
          <reporter-output>
          </reporter-output>
        </test-method> <!-- VerifySearchIsNotEqualTo -->
        <test-method status="PASS" signature="afterEachMethod(java.lang.reflect.Method)[pri:0, instance:com.tetherfi.test.tmac.WaitTimeColorConfigTest@4232c52b]" name="afterEachMethod" is-config="true" duration-ms="1511" started-at="2020-04-28T10:59:38 IST" finished-at="2020-04-28T10:59:39 IST">
          <params>
            <param index="0">
              <value>
                <![CDATA[public void com.tetherfi.test.tmac.WaitTimeColorConfigTest.VerifySearchIsNotEqualTo() throws java.lang.Exception]]>
              </value>
            </param>
          </params>
          <reporter-output>
          </reporter-output>
        </test-method> <!-- afterEachMethod -->
        <test-method status="PASS" signature="endTestCase(java.lang.reflect.Method)[pri:0, instance:com.tetherfi.test.tmac.WaitTimeColorConfigTest@4232c52b]" name="endTestCase" is-config="true" duration-ms="0" started-at="2020-04-28T10:59:39 IST" finished-at="2020-04-28T10:59:39 IST">
          <params>
            <param index="0">
              <value>
                <![CDATA[public void com.tetherfi.test.tmac.WaitTimeColorConfigTest.VerifySearchIsNotEqualTo() throws java.lang.Exception]]>
              </value>
            </param>
          </params>
          <reporter-output>
          </reporter-output>
        </test-method> <!-- endTestCase -->
        <test-method status="PASS" signature="NavigateToWaitTimeColorConfigPage()[pri:0, instance:com.tetherfi.test.tmac.WaitTimeColorConfigTest@4232c52b]" name="NavigateToWaitTimeColorConfigPage" is-config="true" duration-ms="5405" started-at="2020-04-28T10:59:39 IST" finished-at="2020-04-28T10:59:45 IST">
          <reporter-output>
          </reporter-output>
        </test-method> <!-- NavigateToWaitTimeColorConfigPage -->
        <test-method status="PASS" signature="startTestCase(java.lang.reflect.Method)[pri:0, instance:com.tetherfi.test.tmac.WaitTimeColorConfigTest@4232c52b]" name="startTestCase" is-config="true" duration-ms="0" started-at="2020-04-28T10:59:39 IST" finished-at="2020-04-28T10:59:39 IST">
          <params>
            <param index="0">
              <value>
                <![CDATA[public void com.tetherfi.test.tmac.WaitTimeColorConfigTest.VerifySearchContains() throws java.lang.Exception]]>
              </value>
            </param>
          </params>
          <reporter-output>
          </reporter-output>
        </test-method> <!-- startTestCase -->
        <test-method status="FAIL" signature="VerifySearchContains()[pri:9, instance:com.tetherfi.test.tmac.WaitTimeColorConfigTest@4232c52b]" name="VerifySearchContains" duration-ms="2289" started-at="2020-04-28T10:59:45 IST" finished-at="2020-04-28T10:59:47 IST">
          <exception class="org.openqa.selenium.StaleElementReferenceException">
            <message>
              <![CDATA[stale element reference: element is not attached to the page document
  (Session info: chrome=81.0.4044.122)
For documentation on this error, please visit: https://www.seleniumhq.org/exceptions/stale_element_reference.html
Build info: version: '3.141.59', revision: 'e82be7d358', time: '2018-11-14T08:17:03'
System info: host: 'DESKTOP-NJVBPFB', ip: '192.168.225.65', os.name: 'Windows 10', os.arch: 'amd64', os.version: '10.0', java.version: '1.8.0_181'
Driver info: org.openqa.selenium.chrome.ChromeDriver
Capabilities {acceptInsecureCerts: false, browserName: chrome, browserVersion: 81.0.4044.122, chrome: {chromedriverVersion: 80.0.3987.106 (f68069574609..., userDataDir: C:\Users\admin\AppData\Loca...}, goog:chromeOptions: {debuggerAddress: localhost:61744}, javascriptEnabled: true, networkConnectionEnabled: false, pageLoadStrategy: normal, platform: WINDOWS, platformName: WINDOWS, proxy: Proxy(), setWindowRect: true, strictFileInteractability: false, timeouts: {implicit: 0, pageLoad: 300000, script: 30000}, unhandledPromptBehavior: dismiss and notify}
Session ID: 3f40c6a6a261364c79691171185ca85f]]>
            </message>
            <full-stacktrace>
              <![CDATA[org.openqa.selenium.StaleElementReferenceException: stale element reference: element is not attached to the page document
  (Session info: chrome=81.0.4044.122)
For documentation on this error, please visit: https://www.seleniumhq.org/exceptions/stale_element_reference.html
Build info: version: '3.141.59', revision: 'e82be7d358', time: '2018-11-14T08:17:03'
System info: host: 'DESKTOP-NJVBPFB', ip: '192.168.225.65', os.name: 'Windows 10', os.arch: 'amd64', os.version: '10.0', java.version: '1.8.0_181'
Driver info: org.openqa.selenium.chrome.ChromeDriver
Capabilities {acceptInsecureCerts: false, browserName: chrome, browserVersion: 81.0.4044.122, chrome: {chromedriverVersion: 80.0.3987.106 (f68069574609..., userDataDir: C:\Users\admin\AppData\Loca...}, goog:chromeOptions: {debuggerAddress: localhost:61744}, javascriptEnabled: true, networkConnectionEnabled: false, pageLoadStrategy: normal, platform: WINDOWS, platformName: WINDOWS, proxy: Proxy(), setWindowRect: true, strictFileInteractability: false, timeouts: {implicit: 0, pageLoad: 300000, script: 30000}, unhandledPromptBehavior: dismiss and notify}
Session ID: 3f40c6a6a261364c79691171185ca85f
at sun.reflect.NativeConstructorAccessorImpl.newInstance0(Native Method)
at sun.reflect.NativeConstructorAccessorImpl.newInstance(Unknown Source)
at sun.reflect.DelegatingConstructorAccessorImpl.newInstance(Unknown Source)
at java.lang.reflect.Constructor.newInstance(Unknown Source)
at org.openqa.selenium.remote.http.W3CHttpResponseCodec.createException(W3CHttpResponseCodec.java:187)
at org.openqa.selenium.remote.http.W3CHttpResponseCodec.decode(W3CHttpResponseCodec.java:122)
at org.openqa.selenium.remote.http.W3CHttpResponseCodec.decode(W3CHttpResponseCodec.java:49)
at org.openqa.selenium.remote.HttpCommandExecutor.execute(HttpCommandExecutor.java:158)
at org.openqa.selenium.remote.service.DriverCommandExecutor.execute(DriverCommandExecutor.java:83)
at org.openqa.selenium.remote.RemoteWebDriver.execute(RemoteWebDriver.java:552)
at org.openqa.selenium.remote.RemoteWebElement.execute(RemoteWebElement.java:285)
at org.openqa.selenium.remote.RemoteWebElement.isDisplayed(RemoteWebElement.java:326)
at org.openqa.selenium.support.ui.ExpectedConditions.elementIfVisible(ExpectedConditions.java:314)
at org.openqa.selenium.support.ui.ExpectedConditions.access$000(ExpectedConditions.java:43)
at org.openqa.selenium.support.ui.ExpectedConditions$10.apply(ExpectedConditions.java:300)
at org.openqa.selenium.support.ui.ExpectedConditions$10.apply(ExpectedConditions.java:297)
at org.openqa.selenium.support.ui.FluentWait.until(FluentWait.java:249)
at com.tetherfi.pages.BasePage.waitUntilWebElementListIsVisible(BasePage.java:135)
at com.tetherfi.pages.BasePage.selectDropdownFromVisibleText(BasePage.java:334)
at com.tetherfi.pages.WaitTimeColorConfigPage.verifySearchContains(WaitTimeColorConfigPage.java:300)
at com.tetherfi.test.tmac.WaitTimeColorConfigTest.VerifySearchContains(WaitTimeColorConfigTest.java:132)
at sun.reflect.NativeMethodAccessorImpl.invoke0(Native Method)
at sun.reflect.NativeMethodAccessorImpl.invoke(Unknown Source)
at sun.reflect.DelegatingMethodAccessorImpl.invoke(Unknown Source)
at java.lang.reflect.Method.invoke(Unknown Source)
at org.testng.internal.MethodInvocationHelper.invokeMethod(MethodInvocationHelper.java:133)
at org.testng.internal.TestInvoker.invokeMethod(TestInvoker.java:584)
at org.testng.internal.TestInvoker.invokeTestMethod(TestInvoker.java:172)
at org.testng.internal.MethodRunner.runInSequence(MethodRunner.java:46)
at org.testng.internal.TestInvoker$MethodInvocationAgent.invoke(TestInvoker.java:804)
at org.testng.internal.TestInvoker.invokeTestMethods(TestInvoker.java:145)
at org.testng.internal.TestMethodWorker.invokeTestMethods(TestMethodWorker.java:146)
at org.testng.internal.TestMethodWorker.run(TestMethodWorker.java:128)
at java.util.ArrayList.forEach(Unknown Source)
at org.testng.TestRunner.privateRun(TestRunner.java:770)
at org.testng.TestRunner.run(TestRunner.java:591)
at org.testng.SuiteRunner.runTest(SuiteRunner.java:402)
at org.testng.SuiteRunner.runSequentially(SuiteRunner.java:396)
at org.testng.SuiteRunner.privateRun(SuiteRunner.java:355)
at org.testng.SuiteRunner.run(SuiteRunner.java:304)
at org.testng.SuiteRunnerWorker.runSuite(SuiteRunnerWorker.java:53)
at org.testng.SuiteRunnerWorker.run(SuiteRunnerWorker.java:96)
at org.testng.TestNG.runSuitesSequentially(TestNG.java:1180)
at org.testng.TestNG.runSuitesLocally(TestNG.java:1102)
at org.testng.TestNG.runSuites(TestNG.java:1032)
at org.testng.TestNG.run(TestNG.java:1000)
at org.testng.remote.AbstractRemoteTestNG.run(AbstractRemoteTestNG.java:115)
at org.testng.remote.RemoteTestNG.initAndRun(RemoteTestNG.java:251)
at org.testng.remote.RemoteTestNG.main(RemoteTestNG.java:77)
]]>
            </full-stacktrace>
          </exception> <!-- org.openqa.selenium.StaleElementReferenceException -->
          <reporter-output>
          </reporter-output>
        </test-method> <!-- VerifySearchContains -->
        <test-method status="PASS" signature="afterEachMethod(java.lang.reflect.Method)[pri:0, instance:com.tetherfi.test.tmac.WaitTimeColorConfigTest@4232c52b]" name="afterEachMethod" is-config="true" duration-ms="1559" started-at="2020-04-28T10:59:47 IST" finished-at="2020-04-28T10:59:49 IST">
          <params>
            <param index="0">
              <value>
                <![CDATA[public void com.tetherfi.test.tmac.WaitTimeColorConfigTest.VerifySearchContains() throws java.lang.Exception]]>
              </value>
            </param>
          </params>
          <reporter-output>
          </reporter-output>
        </test-method> <!-- afterEachMethod -->
        <test-method status="PASS" signature="endTestCase(java.lang.reflect.Method)[pri:0, instance:com.tetherfi.test.tmac.WaitTimeColorConfigTest@4232c52b]" name="endTestCase" is-config="true" duration-ms="0" started-at="2020-04-28T10:59:49 IST" finished-at="2020-04-28T10:59:49 IST">
          <params>
            <param index="0">
              <value>
                <![CDATA[public void com.tetherfi.test.tmac.WaitTimeColorConfigTest.VerifySearchContains() throws java.lang.Exception]]>
              </value>
            </param>
          </params>
          <reporter-output>
          </reporter-output>
        </test-method> <!-- endTestCase -->
        <test-method status="PASS" signature="NavigateToWaitTimeColorConfigPage()[pri:0, instance:com.tetherfi.test.tmac.WaitTimeColorConfigTest@4232c52b]" name="NavigateToWaitTimeColorConfigPage" is-config="true" duration-ms="6967" started-at="2020-04-28T10:59:49 IST" finished-at="2020-04-28T10:59:56 IST">
          <reporter-output>
          </reporter-output>
        </test-method> <!-- NavigateToWaitTimeColorConfigPage -->
        <test-method status="PASS" signature="startTestCase(java.lang.reflect.Method)[pri:0, instance:com.tetherfi.test.tmac.WaitTimeColorConfigTest@4232c52b]" name="startTestCase" is-config="true" duration-ms="0" started-at="2020-04-28T10:59:49 IST" finished-at="2020-04-28T10:59:49 IST">
          <params>
            <param index="0">
              <value>
                <![CDATA[public void com.tetherfi.test.tmac.WaitTimeColorConfigTest.VerifySearchDoesNotContains() throws java.lang.Exception]]>
              </value>
            </param>
          </params>
          <reporter-output>
          </reporter-output>
        </test-method> <!-- startTestCase -->
        <test-method status="FAIL" signature="VerifySearchDoesNotContains()[pri:10, instance:com.tetherfi.test.tmac.WaitTimeColorConfigTest@4232c52b]" name="VerifySearchDoesNotContains" duration-ms="2316" started-at="2020-04-28T10:59:56 IST" finished-at="2020-04-28T10:59:58 IST">
          <exception class="org.openqa.selenium.StaleElementReferenceException">
            <message>
              <![CDATA[stale element reference: element is not attached to the page document
  (Session info: chrome=81.0.4044.122)
For documentation on this error, please visit: https://www.seleniumhq.org/exceptions/stale_element_reference.html
Build info: version: '3.141.59', revision: 'e82be7d358', time: '2018-11-14T08:17:03'
System info: host: 'DESKTOP-NJVBPFB', ip: '192.168.225.65', os.name: 'Windows 10', os.arch: 'amd64', os.version: '10.0', java.version: '1.8.0_181'
Driver info: org.openqa.selenium.chrome.ChromeDriver
Capabilities {acceptInsecureCerts: false, browserName: chrome, browserVersion: 81.0.4044.122, chrome: {chromedriverVersion: 80.0.3987.106 (f68069574609..., userDataDir: C:\Users\admin\AppData\Loca...}, goog:chromeOptions: {debuggerAddress: localhost:61744}, javascriptEnabled: true, networkConnectionEnabled: false, pageLoadStrategy: normal, platform: WINDOWS, platformName: WINDOWS, proxy: Proxy(), setWindowRect: true, strictFileInteractability: false, timeouts: {implicit: 0, pageLoad: 300000, script: 30000}, unhandledPromptBehavior: dismiss and notify}
Session ID: 3f40c6a6a261364c79691171185ca85f]]>
            </message>
            <full-stacktrace>
              <![CDATA[org.openqa.selenium.StaleElementReferenceException: stale element reference: element is not attached to the page document
  (Session info: chrome=81.0.4044.122)
For documentation on this error, please visit: https://www.seleniumhq.org/exceptions/stale_element_reference.html
Build info: version: '3.141.59', revision: 'e82be7d358', time: '2018-11-14T08:17:03'
System info: host: 'DESKTOP-NJVBPFB', ip: '192.168.225.65', os.name: 'Windows 10', os.arch: 'amd64', os.version: '10.0', java.version: '1.8.0_181'
Driver info: org.openqa.selenium.chrome.ChromeDriver
Capabilities {acceptInsecureCerts: false, browserName: chrome, browserVersion: 81.0.4044.122, chrome: {chromedriverVersion: 80.0.3987.106 (f68069574609..., userDataDir: C:\Users\admin\AppData\Loca...}, goog:chromeOptions: {debuggerAddress: localhost:61744}, javascriptEnabled: true, networkConnectionEnabled: false, pageLoadStrategy: normal, platform: WINDOWS, platformName: WINDOWS, proxy: Proxy(), setWindowRect: true, strictFileInteractability: false, timeouts: {implicit: 0, pageLoad: 300000, script: 30000}, unhandledPromptBehavior: dismiss and notify}
Session ID: 3f40c6a6a261364c79691171185ca85f
at sun.reflect.NativeConstructorAccessorImpl.newInstance0(Native Method)
at sun.reflect.NativeConstructorAccessorImpl.newInstance(Unknown Source)
at sun.reflect.DelegatingConstructorAccessorImpl.newInstance(Unknown Source)
at java.lang.reflect.Constructor.newInstance(Unknown Source)
at org.openqa.selenium.remote.http.W3CHttpResponseCodec.createException(W3CHttpResponseCodec.java:187)
at org.openqa.selenium.remote.http.W3CHttpResponseCodec.decode(W3CHttpResponseCodec.java:122)
at org.openqa.selenium.remote.http.W3CHttpResponseCodec.decode(W3CHttpResponseCodec.java:49)
at org.openqa.selenium.remote.HttpCommandExecutor.execute(HttpCommandExecutor.java:158)
at org.openqa.selenium.remote.service.DriverCommandExecutor.execute(DriverCommandExecutor.java:83)
at org.openqa.selenium.remote.RemoteWebDriver.execute(RemoteWebDriver.java:552)
at org.openqa.selenium.remote.RemoteWebElement.execute(RemoteWebElement.java:285)
at org.openqa.selenium.remote.RemoteWebElement.isDisplayed(RemoteWebElement.java:326)
at org.openqa.selenium.support.ui.ExpectedConditions.elementIfVisible(ExpectedConditions.java:314)
at org.openqa.selenium.support.ui.ExpectedConditions.access$000(ExpectedConditions.java:43)
at org.openqa.selenium.support.ui.ExpectedConditions$10.apply(ExpectedConditions.java:300)
at org.openqa.selenium.support.ui.ExpectedConditions$10.apply(ExpectedConditions.java:297)
at org.openqa.selenium.support.ui.FluentWait.until(FluentWait.java:249)
at com.tetherfi.pages.BasePage.waitUntilWebElementListIsVisible(BasePage.java:135)
at com.tetherfi.pages.BasePage.selectDropdownFromVisibleText(BasePage.java:334)
at com.tetherfi.pages.WaitTimeColorConfigPage.verifySearchDoesNotContains(WaitTimeColorConfigPage.java:321)
at com.tetherfi.test.tmac.WaitTimeColorConfigTest.VerifySearchDoesNotContains(WaitTimeColorConfigTest.java:141)
at sun.reflect.NativeMethodAccessorImpl.invoke0(Native Method)
at sun.reflect.NativeMethodAccessorImpl.invoke(Unknown Source)
at sun.reflect.DelegatingMethodAccessorImpl.invoke(Unknown Source)
at java.lang.reflect.Method.invoke(Unknown Source)
at org.testng.internal.MethodInvocationHelper.invokeMethod(MethodInvocationHelper.java:133)
at org.testng.internal.TestInvoker.invokeMethod(TestInvoker.java:584)
at org.testng.internal.TestInvoker.invokeTestMethod(TestInvoker.java:172)
at org.testng.internal.MethodRunner.runInSequence(MethodRunner.java:46)
at org.testng.internal.TestInvoker$MethodInvocationAgent.invoke(TestInvoker.java:804)
at org.testng.internal.TestInvoker.invokeTestMethods(TestInvoker.java:145)
at org.testng.internal.TestMethodWorker.invokeTestMethods(TestMethodWorker.java:146)
at org.testng.internal.TestMethodWorker.run(TestMethodWorker.java:128)
at java.util.ArrayList.forEach(Unknown Source)
at org.testng.TestRunner.privateRun(TestRunner.java:770)
at org.testng.TestRunner.run(TestRunner.java:591)
at org.testng.SuiteRunner.runTest(SuiteRunner.java:402)
at org.testng.SuiteRunner.runSequentially(SuiteRunner.java:396)
at org.testng.SuiteRunner.privateRun(SuiteRunner.java:355)
at org.testng.SuiteRunner.run(SuiteRunner.java:304)
at org.testng.SuiteRunnerWorker.runSuite(SuiteRunnerWorker.java:53)
at org.testng.SuiteRunnerWorker.run(SuiteRunnerWorker.java:96)
at org.testng.TestNG.runSuitesSequentially(TestNG.java:1180)
at org.testng.TestNG.runSuitesLocally(TestNG.java:1102)
at org.testng.TestNG.runSuites(TestNG.java:1032)
at org.testng.TestNG.run(TestNG.java:1000)
at org.testng.remote.AbstractRemoteTestNG.run(AbstractRemoteTestNG.java:115)
at org.testng.remote.RemoteTestNG.initAndRun(RemoteTestNG.java:251)
at org.testng.remote.RemoteTestNG.main(RemoteTestNG.java:77)
]]>
            </full-stacktrace>
          </exception> <!-- org.openqa.selenium.StaleElementReferenceException -->
          <reporter-output>
          </reporter-output>
        </test-method> <!-- VerifySearchDoesNotContains -->
        <test-method status="PASS" signature="afterEachMethod(java.lang.reflect.Method)[pri:0, instance:com.tetherfi.test.tmac.WaitTimeColorConfigTest@4232c52b]" name="afterEachMethod" is-config="true" duration-ms="2770" started-at="2020-04-28T10:59:58 IST" finished-at="2020-04-28T11:00:01 IST">
          <params>
            <param index="0">
              <value>
                <![CDATA[public void com.tetherfi.test.tmac.WaitTimeColorConfigTest.VerifySearchDoesNotContains() throws java.lang.Exception]]>
              </value>
            </param>
          </params>
          <reporter-output>
          </reporter-output>
        </test-method> <!-- afterEachMethod -->
        <test-method status="PASS" signature="endTestCase(java.lang.reflect.Method)[pri:0, instance:com.tetherfi.test.tmac.WaitTimeColorConfigTest@4232c52b]" name="endTestCase" is-config="true" duration-ms="1" started-at="2020-04-28T11:00:01 IST" finished-at="2020-04-28T11:00:01 IST">
          <params>
            <param index="0">
              <value>
                <![CDATA[public void com.tetherfi.test.tmac.WaitTimeColorConfigTest.VerifySearchDoesNotContains() throws java.lang.Exception]]>
              </value>
            </param>
          </params>
          <reporter-output>
          </reporter-output>
        </test-method> <!-- endTestCase -->
        <test-method status="PASS" signature="startTestCase(java.lang.reflect.Method)[pri:0, instance:com.tetherfi.test.tmac.WaitTimeColorConfigTest@4232c52b]" name="startTestCase" is-config="true" duration-ms="1" started-at="2020-04-28T11:00:01 IST" finished-at="2020-04-28T11:00:01 IST">
          <params>
            <param index="0">
              <value>
                <![CDATA[public void com.tetherfi.test.tmac.WaitTimeColorConfigTest.VerifySearchStartsWith() throws java.lang.Exception]]>
              </value>
            </param>
          </params>
          <reporter-output>
          </reporter-output>
        </test-method> <!-- startTestCase -->
        <test-method status="PASS" signature="NavigateToWaitTimeColorConfigPage()[pri:0, instance:com.tetherfi.test.tmac.WaitTimeColorConfigTest@4232c52b]" name="NavigateToWaitTimeColorConfigPage" is-config="true" duration-ms="5676" started-at="2020-04-28T11:00:01 IST" finished-at="2020-04-28T11:00:06 IST">
          <reporter-output>
          </reporter-output>
        </test-method> <!-- NavigateToWaitTimeColorConfigPage -->
        <test-method status="FAIL" signature="VerifySearchStartsWith()[pri:11, instance:com.tetherfi.test.tmac.WaitTimeColorConfigTest@4232c52b]" name="VerifySearchStartsWith" duration-ms="2226" started-at="2020-04-28T11:00:06 IST" finished-at="2020-04-28T11:00:08 IST">
          <exception class="org.openqa.selenium.StaleElementReferenceException">
            <message>
              <![CDATA[stale element reference: element is not attached to the page document
  (Session info: chrome=81.0.4044.122)
For documentation on this error, please visit: https://www.seleniumhq.org/exceptions/stale_element_reference.html
Build info: version: '3.141.59', revision: 'e82be7d358', time: '2018-11-14T08:17:03'
System info: host: 'DESKTOP-NJVBPFB', ip: '192.168.225.65', os.name: 'Windows 10', os.arch: 'amd64', os.version: '10.0', java.version: '1.8.0_181'
Driver info: org.openqa.selenium.chrome.ChromeDriver
Capabilities {acceptInsecureCerts: false, browserName: chrome, browserVersion: 81.0.4044.122, chrome: {chromedriverVersion: 80.0.3987.106 (f68069574609..., userDataDir: C:\Users\admin\AppData\Loca...}, goog:chromeOptions: {debuggerAddress: localhost:61744}, javascriptEnabled: true, networkConnectionEnabled: false, pageLoadStrategy: normal, platform: WINDOWS, platformName: WINDOWS, proxy: Proxy(), setWindowRect: true, strictFileInteractability: false, timeouts: {implicit: 0, pageLoad: 300000, script: 30000}, unhandledPromptBehavior: dismiss and notify}
Session ID: 3f40c6a6a261364c79691171185ca85f]]>
            </message>
            <full-stacktrace>
              <![CDATA[org.openqa.selenium.StaleElementReferenceException: stale element reference: element is not attached to the page document
  (Session info: chrome=81.0.4044.122)
For documentation on this error, please visit: https://www.seleniumhq.org/exceptions/stale_element_reference.html
Build info: version: '3.141.59', revision: 'e82be7d358', time: '2018-11-14T08:17:03'
System info: host: 'DESKTOP-NJVBPFB', ip: '192.168.225.65', os.name: 'Windows 10', os.arch: 'amd64', os.version: '10.0', java.version: '1.8.0_181'
Driver info: org.openqa.selenium.chrome.ChromeDriver
Capabilities {acceptInsecureCerts: false, browserName: chrome, browserVersion: 81.0.4044.122, chrome: {chromedriverVersion: 80.0.3987.106 (f68069574609..., userDataDir: C:\Users\admin\AppData\Loca...}, goog:chromeOptions: {debuggerAddress: localhost:61744}, javascriptEnabled: true, networkConnectionEnabled: false, pageLoadStrategy: normal, platform: WINDOWS, platformName: WINDOWS, proxy: Proxy(), setWindowRect: true, strictFileInteractability: false, timeouts: {implicit: 0, pageLoad: 300000, script: 30000}, unhandledPromptBehavior: dismiss and notify}
Session ID: 3f40c6a6a261364c79691171185ca85f
at sun.reflect.NativeConstructorAccessorImpl.newInstance0(Native Method)
at sun.reflect.NativeConstructorAccessorImpl.newInstance(Unknown Source)
at sun.reflect.DelegatingConstructorAccessorImpl.newInstance(Unknown Source)
at java.lang.reflect.Constructor.newInstance(Unknown Source)
at org.openqa.selenium.remote.http.W3CHttpResponseCodec.createException(W3CHttpResponseCodec.java:187)
at org.openqa.selenium.remote.http.W3CHttpResponseCodec.decode(W3CHttpResponseCodec.java:122)
at org.openqa.selenium.remote.http.W3CHttpResponseCodec.decode(W3CHttpResponseCodec.java:49)
at org.openqa.selenium.remote.HttpCommandExecutor.execute(HttpCommandExecutor.java:158)
at org.openqa.selenium.remote.service.DriverCommandExecutor.execute(DriverCommandExecutor.java:83)
at org.openqa.selenium.remote.RemoteWebDriver.execute(RemoteWebDriver.java:552)
at org.openqa.selenium.remote.RemoteWebElement.execute(RemoteWebElement.java:285)
at org.openqa.selenium.remote.RemoteWebElement.isDisplayed(RemoteWebElement.java:326)
at org.openqa.selenium.support.ui.ExpectedConditions.elementIfVisible(ExpectedConditions.java:314)
at org.openqa.selenium.support.ui.ExpectedConditions.access$000(ExpectedConditions.java:43)
at org.openqa.selenium.support.ui.ExpectedConditions$10.apply(ExpectedConditions.java:300)
at org.openqa.selenium.support.ui.ExpectedConditions$10.apply(ExpectedConditions.java:297)
at org.openqa.selenium.support.ui.FluentWait.until(FluentWait.java:249)
at com.tetherfi.pages.BasePage.waitUntilWebElementListIsVisible(BasePage.java:135)
at com.tetherfi.pages.BasePage.selectDropdownFromVisibleText(BasePage.java:334)
at com.tetherfi.pages.WaitTimeColorConfigPage.verifySearchStartsWith(WaitTimeColorConfigPage.java:343)
at com.tetherfi.test.tmac.WaitTimeColorConfigTest.VerifySearchStartsWith(WaitTimeColorConfigTest.java:150)
at sun.reflect.NativeMethodAccessorImpl.invoke0(Native Method)
at sun.reflect.NativeMethodAccessorImpl.invoke(Unknown Source)
at sun.reflect.DelegatingMethodAccessorImpl.invoke(Unknown Source)
at java.lang.reflect.Method.invoke(Unknown Source)
at org.testng.internal.MethodInvocationHelper.invokeMethod(MethodInvocationHelper.java:133)
at org.testng.internal.TestInvoker.invokeMethod(TestInvoker.java:584)
at org.testng.internal.TestInvoker.invokeTestMethod(TestInvoker.java:172)
at org.testng.internal.MethodRunner.runInSequence(MethodRunner.java:46)
at org.testng.internal.TestInvoker$MethodInvocationAgent.invoke(TestInvoker.java:804)
at org.testng.internal.TestInvoker.invokeTestMethods(TestInvoker.java:145)
at org.testng.internal.TestMethodWorker.invokeTestMethods(TestMethodWorker.java:146)
at org.testng.internal.TestMethodWorker.run(TestMethodWorker.java:128)
at java.util.ArrayList.forEach(Unknown Source)
at org.testng.TestRunner.privateRun(TestRunner.java:770)
at org.testng.TestRunner.run(TestRunner.java:591)
at org.testng.SuiteRunner.runTest(SuiteRunner.java:402)
at org.testng.SuiteRunner.runSequentially(SuiteRunner.java:396)
at org.testng.SuiteRunner.privateRun(SuiteRunner.java:355)
at org.testng.SuiteRunner.run(SuiteRunner.java:304)
at org.testng.SuiteRunnerWorker.runSuite(SuiteRunnerWorker.java:53)
at org.testng.SuiteRunnerWorker.run(SuiteRunnerWorker.java:96)
at org.testng.TestNG.runSuitesSequentially(TestNG.java:1180)
at org.testng.TestNG.runSuitesLocally(TestNG.java:1102)
at org.testng.TestNG.runSuites(TestNG.java:1032)
at org.testng.TestNG.run(TestNG.java:1000)
at org.testng.remote.AbstractRemoteTestNG.run(AbstractRemoteTestNG.java:115)
at org.testng.remote.RemoteTestNG.initAndRun(RemoteTestNG.java:251)
at org.testng.remote.RemoteTestNG.main(RemoteTestNG.java:77)
]]>
            </full-stacktrace>
          </exception> <!-- org.openqa.selenium.StaleElementReferenceException -->
          <reporter-output>
          </reporter-output>
        </test-method> <!-- VerifySearchStartsWith -->
        <test-method status="PASS" signature="afterEachMethod(java.lang.reflect.Method)[pri:0, instance:com.tetherfi.test.tmac.WaitTimeColorConfigTest@4232c52b]" name="afterEachMethod" is-config="true" duration-ms="2328" started-at="2020-04-28T11:00:08 IST" finished-at="2020-04-28T11:00:11 IST">
          <params>
            <param index="0">
              <value>
                <![CDATA[public void com.tetherfi.test.tmac.WaitTimeColorConfigTest.VerifySearchStartsWith() throws java.lang.Exception]]>
              </value>
            </param>
          </params>
          <reporter-output>
          </reporter-output>
        </test-method> <!-- afterEachMethod -->
        <test-method status="PASS" signature="endTestCase(java.lang.reflect.Method)[pri:0, instance:com.tetherfi.test.tmac.WaitTimeColorConfigTest@4232c52b]" name="endTestCase" is-config="true" duration-ms="0" started-at="2020-04-28T11:00:11 IST" finished-at="2020-04-28T11:00:11 IST">
          <params>
            <param index="0">
              <value>
                <![CDATA[public void com.tetherfi.test.tmac.WaitTimeColorConfigTest.VerifySearchStartsWith() throws java.lang.Exception]]>
              </value>
            </param>
          </params>
          <reporter-output>
          </reporter-output>
        </test-method> <!-- endTestCase -->
        <test-method status="PASS" signature="startTestCase(java.lang.reflect.Method)[pri:0, instance:com.tetherfi.test.tmac.WaitTimeColorConfigTest@4232c52b]" name="startTestCase" is-config="true" duration-ms="1" started-at="2020-04-28T11:00:11 IST" finished-at="2020-04-28T11:00:11 IST">
          <params>
            <param index="0">
              <value>
                <![CDATA[public void com.tetherfi.test.tmac.WaitTimeColorConfigTest.VerifySearchEndsWith() throws java.lang.Exception]]>
              </value>
            </param>
          </params>
          <reporter-output>
          </reporter-output>
        </test-method> <!-- startTestCase -->
        <test-method status="PASS" signature="NavigateToWaitTimeColorConfigPage()[pri:0, instance:com.tetherfi.test.tmac.WaitTimeColorConfigTest@4232c52b]" name="NavigateToWaitTimeColorConfigPage" is-config="true" duration-ms="4748" started-at="2020-04-28T11:00:11 IST" finished-at="2020-04-28T11:00:16 IST">
          <reporter-output>
          </reporter-output>
        </test-method> <!-- NavigateToWaitTimeColorConfigPage -->
        <test-method status="FAIL" signature="VerifySearchEndsWith()[pri:12, instance:com.tetherfi.test.tmac.WaitTimeColorConfigTest@4232c52b]" name="VerifySearchEndsWith" duration-ms="2355" started-at="2020-04-28T11:00:16 IST" finished-at="2020-04-28T11:00:18 IST">
          <exception class="org.openqa.selenium.StaleElementReferenceException">
            <message>
              <![CDATA[stale element reference: element is not attached to the page document
  (Session info: chrome=81.0.4044.122)
For documentation on this error, please visit: https://www.seleniumhq.org/exceptions/stale_element_reference.html
Build info: version: '3.141.59', revision: 'e82be7d358', time: '2018-11-14T08:17:03'
System info: host: 'DESKTOP-NJVBPFB', ip: '192.168.225.65', os.name: 'Windows 10', os.arch: 'amd64', os.version: '10.0', java.version: '1.8.0_181'
Driver info: org.openqa.selenium.chrome.ChromeDriver
Capabilities {acceptInsecureCerts: false, browserName: chrome, browserVersion: 81.0.4044.122, chrome: {chromedriverVersion: 80.0.3987.106 (f68069574609..., userDataDir: C:\Users\admin\AppData\Loca...}, goog:chromeOptions: {debuggerAddress: localhost:61744}, javascriptEnabled: true, networkConnectionEnabled: false, pageLoadStrategy: normal, platform: WINDOWS, platformName: WINDOWS, proxy: Proxy(), setWindowRect: true, strictFileInteractability: false, timeouts: {implicit: 0, pageLoad: 300000, script: 30000}, unhandledPromptBehavior: dismiss and notify}
Session ID: 3f40c6a6a261364c79691171185ca85f]]>
            </message>
            <full-stacktrace>
              <![CDATA[org.openqa.selenium.StaleElementReferenceException: stale element reference: element is not attached to the page document
  (Session info: chrome=81.0.4044.122)
For documentation on this error, please visit: https://www.seleniumhq.org/exceptions/stale_element_reference.html
Build info: version: '3.141.59', revision: 'e82be7d358', time: '2018-11-14T08:17:03'
System info: host: 'DESKTOP-NJVBPFB', ip: '192.168.225.65', os.name: 'Windows 10', os.arch: 'amd64', os.version: '10.0', java.version: '1.8.0_181'
Driver info: org.openqa.selenium.chrome.ChromeDriver
Capabilities {acceptInsecureCerts: false, browserName: chrome, browserVersion: 81.0.4044.122, chrome: {chromedriverVersion: 80.0.3987.106 (f68069574609..., userDataDir: C:\Users\admin\AppData\Loca...}, goog:chromeOptions: {debuggerAddress: localhost:61744}, javascriptEnabled: true, networkConnectionEnabled: false, pageLoadStrategy: normal, platform: WINDOWS, platformName: WINDOWS, proxy: Proxy(), setWindowRect: true, strictFileInteractability: false, timeouts: {implicit: 0, pageLoad: 300000, script: 30000}, unhandledPromptBehavior: dismiss and notify}
Session ID: 3f40c6a6a261364c79691171185ca85f
at sun.reflect.NativeConstructorAccessorImpl.newInstance0(Native Method)
at sun.reflect.NativeConstructorAccessorImpl.newInstance(Unknown Source)
at sun.reflect.DelegatingConstructorAccessorImpl.newInstance(Unknown Source)
at java.lang.reflect.Constructor.newInstance(Unknown Source)
at org.openqa.selenium.remote.http.W3CHttpResponseCodec.createException(W3CHttpResponseCodec.java:187)
at org.openqa.selenium.remote.http.W3CHttpResponseCodec.decode(W3CHttpResponseCodec.java:122)
at org.openqa.selenium.remote.http.W3CHttpResponseCodec.decode(W3CHttpResponseCodec.java:49)
at org.openqa.selenium.remote.HttpCommandExecutor.execute(HttpCommandExecutor.java:158)
at org.openqa.selenium.remote.service.DriverCommandExecutor.execute(DriverCommandExecutor.java:83)
at org.openqa.selenium.remote.RemoteWebDriver.execute(RemoteWebDriver.java:552)
at org.openqa.selenium.remote.RemoteWebElement.execute(RemoteWebElement.java:285)
at org.openqa.selenium.remote.RemoteWebElement.isDisplayed(RemoteWebElement.java:326)
at org.openqa.selenium.support.ui.ExpectedConditions.elementIfVisible(ExpectedConditions.java:314)
at org.openqa.selenium.support.ui.ExpectedConditions.access$000(ExpectedConditions.java:43)
at org.openqa.selenium.support.ui.ExpectedConditions$10.apply(ExpectedConditions.java:300)
at org.openqa.selenium.support.ui.ExpectedConditions$10.apply(ExpectedConditions.java:297)
at org.openqa.selenium.support.ui.FluentWait.until(FluentWait.java:249)
at com.tetherfi.pages.BasePage.waitUntilWebElementListIsVisible(BasePage.java:135)
at com.tetherfi.pages.BasePage.selectDropdownFromVisibleText(BasePage.java:334)
at com.tetherfi.pages.WaitTimeColorConfigPage.verifySearchEndsWith(WaitTimeColorConfigPage.java:365)
at com.tetherfi.test.tmac.WaitTimeColorConfigTest.VerifySearchEndsWith(WaitTimeColorConfigTest.java:159)
at sun.reflect.NativeMethodAccessorImpl.invoke0(Native Method)
at sun.reflect.NativeMethodAccessorImpl.invoke(Unknown Source)
at sun.reflect.DelegatingMethodAccessorImpl.invoke(Unknown Source)
at java.lang.reflect.Method.invoke(Unknown Source)
at org.testng.internal.MethodInvocationHelper.invokeMethod(MethodInvocationHelper.java:133)
at org.testng.internal.TestInvoker.invokeMethod(TestInvoker.java:584)
at org.testng.internal.TestInvoker.invokeTestMethod(TestInvoker.java:172)
at org.testng.internal.MethodRunner.runInSequence(MethodRunner.java:46)
at org.testng.internal.TestInvoker$MethodInvocationAgent.invoke(TestInvoker.java:804)
at org.testng.internal.TestInvoker.invokeTestMethods(TestInvoker.java:145)
at org.testng.internal.TestMethodWorker.invokeTestMethods(TestMethodWorker.java:146)
at org.testng.internal.TestMethodWorker.run(TestMethodWorker.java:128)
at java.util.ArrayList.forEach(Unknown Source)
at org.testng.TestRunner.privateRun(TestRunner.java:770)
at org.testng.TestRunner.run(TestRunner.java:591)
at org.testng.SuiteRunner.runTest(SuiteRunner.java:402)
at org.testng.SuiteRunner.runSequentially(SuiteRunner.java:396)
at org.testng.SuiteRunner.privateRun(SuiteRunner.java:355)
at org.testng.SuiteRunner.run(SuiteRunner.java:304)
at org.testng.SuiteRunnerWorker.runSuite(SuiteRunnerWorker.java:53)
at org.testng.SuiteRunnerWorker.run(SuiteRunnerWorker.java:96)
at org.testng.TestNG.runSuitesSequentially(TestNG.java:1180)
at org.testng.TestNG.runSuitesLocally(TestNG.java:1102)
at org.testng.TestNG.runSuites(TestNG.java:1032)
at org.testng.TestNG.run(TestNG.java:1000)
at org.testng.remote.AbstractRemoteTestNG.run(AbstractRemoteTestNG.java:115)
at org.testng.remote.RemoteTestNG.initAndRun(RemoteTestNG.java:251)
at org.testng.remote.RemoteTestNG.main(RemoteTestNG.java:77)
]]>
            </full-stacktrace>
          </exception> <!-- org.openqa.selenium.StaleElementReferenceException -->
          <reporter-output>
          </reporter-output>
        </test-method> <!-- VerifySearchEndsWith -->
        <test-method status="PASS" signature="afterEachMethod(java.lang.reflect.Method)[pri:0, instance:com.tetherfi.test.tmac.WaitTimeColorConfigTest@4232c52b]" name="afterEachMethod" is-config="true" duration-ms="1903" started-at="2020-04-28T11:00:18 IST" finished-at="2020-04-28T11:00:20 IST">
          <params>
            <param index="0">
              <value>
                <![CDATA[public void com.tetherfi.test.tmac.WaitTimeColorConfigTest.VerifySearchEndsWith() throws java.lang.Exception]]>
              </value>
            </param>
          </params>
          <reporter-output>
          </reporter-output>
        </test-method> <!-- afterEachMethod -->
        <test-method status="PASS" signature="endTestCase(java.lang.reflect.Method)[pri:0, instance:com.tetherfi.test.tmac.WaitTimeColorConfigTest@4232c52b]" name="endTestCase" is-config="true" duration-ms="1" started-at="2020-04-28T11:00:20 IST" finished-at="2020-04-28T11:00:20 IST">
          <params>
            <param index="0">
              <value>
                <![CDATA[public void com.tetherfi.test.tmac.WaitTimeColorConfigTest.VerifySearchEndsWith() throws java.lang.Exception]]>
              </value>
            </param>
          </params>
          <reporter-output>
          </reporter-output>
        </test-method> <!-- endTestCase -->
        <test-method status="PASS" signature="startTestCase(java.lang.reflect.Method)[pri:0, instance:com.tetherfi.test.tmac.WaitTimeColorConfigTest@4232c52b]" name="startTestCase" is-config="true" duration-ms="1" started-at="2020-04-28T11:00:20 IST" finished-at="2020-04-28T11:00:20 IST">
          <params>
            <param index="0">
              <value>
                <![CDATA[public void com.tetherfi.test.tmac.WaitTimeColorConfigTest.EditWaitTimeColorConfigCancelRecord() throws java.lang.Exception]]>
              </value>
            </param>
          </params>
          <reporter-output>
          </reporter-output>
        </test-method> <!-- startTestCase -->
        <test-method status="PASS" signature="NavigateToWaitTimeColorConfigPage()[pri:0, instance:com.tetherfi.test.tmac.WaitTimeColorConfigTest@4232c52b]" name="NavigateToWaitTimeColorConfigPage" is-config="true" duration-ms="4675" started-at="2020-04-28T11:00:20 IST" finished-at="2020-04-28T11:00:25 IST">
          <reporter-output>
          </reporter-output>
        </test-method> <!-- NavigateToWaitTimeColorConfigPage -->
        <test-method status="FAIL" signature="EditWaitTimeColorConfigCancelRecord()[pri:13, instance:com.tetherfi.test.tmac.WaitTimeColorConfigTest@4232c52b]" name="EditWaitTimeColorConfigCancelRecord" duration-ms="84741" started-at="2020-04-28T11:00:25 IST" finished-at="2020-04-28T11:01:49 IST">
          <exception class="org.openqa.selenium.TimeoutException">
            <message>
              <![CDATA[Expected condition failed: waiting for visibility of Proxy element for: DefaultElementLocator 'By.cssSelector: .k-grid-edit' (tried for 30 second(s) with 500 milliseconds interval)]]>
            </message>
            <full-stacktrace>
              <![CDATA[org.openqa.selenium.TimeoutException: Expected condition failed: waiting for visibility of Proxy element for: DefaultElementLocator 'By.cssSelector: .k-grid-edit' (tried for 30 second(s) with 500 milliseconds interval)
at org.openqa.selenium.support.ui.WebDriverWait.timeoutException(WebDriverWait.java:95)
at org.openqa.selenium.support.ui.FluentWait.until(FluentWait.java:272)
at com.tetherfi.pages.BasePage.waitUntilWebElementIsVisible(BasePage.java:128)
at com.tetherfi.pages.BasePage.selectWebElement(BasePage.java:195)
at com.tetherfi.pages.WaitTimeColorConfigPage.editcancel(WaitTimeColorConfigPage.java:563)
at com.tetherfi.test.tmac.WaitTimeColorConfigTest.EditWaitTimeColorConfigCancelRecord(WaitTimeColorConfigTest.java:169)
at sun.reflect.NativeMethodAccessorImpl.invoke0(Native Method)
at sun.reflect.NativeMethodAccessorImpl.invoke(Unknown Source)
at sun.reflect.DelegatingMethodAccessorImpl.invoke(Unknown Source)
at java.lang.reflect.Method.invoke(Unknown Source)
at org.testng.internal.MethodInvocationHelper.invokeMethod(MethodInvocationHelper.java:133)
at org.testng.internal.TestInvoker.invokeMethod(TestInvoker.java:584)
at org.testng.internal.TestInvoker.invokeTestMethod(TestInvoker.java:172)
at org.testng.internal.MethodRunner.runInSequence(MethodRunner.java:46)
at org.testng.internal.TestInvoker$MethodInvocationAgent.invoke(TestInvoker.java:804)
at org.testng.internal.TestInvoker.invokeTestMethods(TestInvoker.java:145)
at org.testng.internal.TestMethodWorker.invokeTestMethods(TestMethodWorker.java:146)
at org.testng.internal.TestMethodWorker.run(TestMethodWorker.java:128)
at java.util.ArrayList.forEach(Unknown Source)
at org.testng.TestRunner.privateRun(TestRunner.java:770)
at org.testng.TestRunner.run(TestRunner.java:591)
at org.testng.SuiteRunner.runTest(SuiteRunner.java:402)
at org.testng.SuiteRunner.runSequentially(SuiteRunner.java:396)
at org.testng.SuiteRunner.privateRun(SuiteRunner.java:355)
at org.testng.SuiteRunner.run(SuiteRunner.java:304)
at org.testng.SuiteRunnerWorker.runSuite(SuiteRunnerWorker.java:53)
at org.testng.SuiteRunnerWorker.run(SuiteRunnerWorker.java:96)
at org.testng.TestNG.runSuitesSequentially(TestNG.java:1180)
at org.testng.TestNG.runSuitesLocally(TestNG.java:1102)
at org.testng.TestNG.runSuites(TestNG.java:1032)
at org.testng.TestNG.run(TestNG.java:1000)
at org.testng.remote.AbstractRemoteTestNG.run(AbstractRemoteTestNG.java:115)
at org.testng.remote.RemoteTestNG.initAndRun(RemoteTestNG.java:251)
at org.testng.remote.RemoteTestNG.main(RemoteTestNG.java:77)
Caused by: org.openqa.selenium.NoSuchElementException: no such element: Unable to locate element: {"method":"css selector","selector":".k-grid-edit"}
  (Session info: chrome=81.0.4044.122)
For documentation on this error, please visit: https://www.seleniumhq.org/exceptions/no_such_element.html
Build info: version: '3.141.59', revision: 'e82be7d358', time: '2018-11-14T08:17:03'
System info: host: 'DESKTOP-NJVBPFB', ip: '192.168.225.65', os.name: 'Windows 10', os.arch: 'amd64', os.version: '10.0', java.version: '1.8.0_181'
Driver info: org.openqa.selenium.chrome.ChromeDriver
Capabilities {acceptInsecureCerts: false, browserName: chrome, browserVersion: 81.0.4044.122, chrome: {chromedriverVersion: 80.0.3987.106 (f68069574609..., userDataDir: C:\Users\admin\AppData\Loca...}, goog:chromeOptions: {debuggerAddress: localhost:61744}, javascriptEnabled: true, networkConnectionEnabled: false, pageLoadStrategy: normal, platform: WINDOWS, platformName: WINDOWS, proxy: Proxy(), setWindowRect: true, strictFileInteractability: false, timeouts: {implicit: 0, pageLoad: 300000, script: 30000}, unhandledPromptBehavior: dismiss and notify}
Session ID: 3f40c6a6a261364c79691171185ca85f
*** Element info: {Using=css selector, value=.k-grid-edit}
at sun.reflect.NativeConstructorAccessorImpl.newInstance0(Native Method)
at sun.reflect.NativeConstructorAccessorImpl.newInstance(Unknown Source)
at sun.reflect.DelegatingConstructorAccessorImpl.newInstance(Unknown Source)
at java.lang.reflect.Constructor.newInstance(Unknown Source)
at org.openqa.selenium.remote.http.W3CHttpResponseCodec.createException(W3CHttpResponseCodec.java:187)
at org.openqa.selenium.remote.http.W3CHttpResponseCodec.decode(W3CHttpResponseCodec.java:122)
at org.openqa.selenium.remote.http.W3CHttpResponseCodec.decode(W3CHttpResponseCodec.java:49)
at org.openqa.selenium.remote.HttpCommandExecutor.execute(HttpCommandExecutor.java:158)
at org.openqa.selenium.remote.service.DriverCommandExecutor.execute(DriverCommandExecutor.java:83)
at org.openqa.selenium.remote.RemoteWebDriver.execute(RemoteWebDriver.java:552)
at org.openqa.selenium.remote.RemoteWebDriver.findElement(RemoteWebDriver.java:323)
at org.openqa.selenium.remote.RemoteWebDriver.findElementByCssSelector(RemoteWebDriver.java:420)
at org.openqa.selenium.By$ByCssSelector.findElement(By.java:431)
at org.openqa.selenium.remote.RemoteWebDriver.findElement(RemoteWebDriver.java:315)
at org.openqa.selenium.support.pagefactory.DefaultElementLocator.findElement(DefaultElementLocator.java:69)
at org.openqa.selenium.support.pagefactory.internal.LocatingElementHandler.invoke(LocatingElementHandler.java:38)
at com.sun.proxy.$Proxy11.isDisplayed(Unknown Source)
at org.openqa.selenium.support.ui.ExpectedConditions.elementIfVisible(ExpectedConditions.java:314)
at org.openqa.selenium.support.ui.ExpectedConditions.access$000(ExpectedConditions.java:43)
at org.openqa.selenium.support.ui.ExpectedConditions$10.apply(ExpectedConditions.java:300)
at org.openqa.selenium.support.ui.ExpectedConditions$10.apply(ExpectedConditions.java:297)
at org.openqa.selenium.support.ui.FluentWait.until(FluentWait.java:249)
... 32 more
]]>
            </full-stacktrace>
          </exception> <!-- org.openqa.selenium.TimeoutException -->
          <reporter-output>
          </reporter-output>
        </test-method> <!-- EditWaitTimeColorConfigCancelRecord -->
        <test-method status="PASS" signature="afterEachMethod(java.lang.reflect.Method)[pri:0, instance:com.tetherfi.test.tmac.WaitTimeColorConfigTest@4232c52b]" name="afterEachMethod" is-config="true" duration-ms="1603" started-at="2020-04-28T11:01:49 IST" finished-at="2020-04-28T11:01:51 IST">
          <params>
            <param index="0">
              <value>
                <![CDATA[public void com.tetherfi.test.tmac.WaitTimeColorConfigTest.EditWaitTimeColorConfigCancelRecord() throws java.lang.Exception]]>
              </value>
            </param>
          </params>
          <reporter-output>
          </reporter-output>
        </test-method> <!-- afterEachMethod -->
        <test-method status="PASS" signature="endTestCase(java.lang.reflect.Method)[pri:0, instance:com.tetherfi.test.tmac.WaitTimeColorConfigTest@4232c52b]" name="endTestCase" is-config="true" duration-ms="1" started-at="2020-04-28T11:01:51 IST" finished-at="2020-04-28T11:01:51 IST">
          <params>
            <param index="0">
              <value>
                <![CDATA[public void com.tetherfi.test.tmac.WaitTimeColorConfigTest.EditWaitTimeColorConfigCancelRecord() throws java.lang.Exception]]>
              </value>
            </param>
          </params>
          <reporter-output>
          </reporter-output>
        </test-method> <!-- endTestCase -->
        <test-method status="PASS" signature="startTestCase(java.lang.reflect.Method)[pri:0, instance:com.tetherfi.test.tmac.WaitTimeColorConfigTest@4232c52b]" name="startTestCase" is-config="true" duration-ms="1" started-at="2020-04-28T11:01:51 IST" finished-at="2020-04-28T11:01:51 IST">
          <params>
            <param index="0">
              <value>
                <![CDATA[public void com.tetherfi.test.tmac.WaitTimeColorConfigTest.database() throws java.lang.Exception]]>
              </value>
            </param>
          </params>
          <reporter-output>
          </reporter-output>
        </test-method> <!-- startTestCase -->
        <test-method status="PASS" signature="NavigateToWaitTimeColorConfigPage()[pri:0, instance:com.tetherfi.test.tmac.WaitTimeColorConfigTest@4232c52b]" name="NavigateToWaitTimeColorConfigPage" is-config="true" duration-ms="5868" started-at="2020-04-28T11:01:51 IST" finished-at="2020-04-28T11:01:57 IST">
          <reporter-output>
          </reporter-output>
        </test-method> <!-- NavigateToWaitTimeColorConfigPage -->
        <test-method status="FAIL" signature="database()[pri:23, instance:com.tetherfi.test.tmac.WaitTimeColorConfigTest@4232c52b]" name="database" duration-ms="5719" started-at="2020-04-28T11:01:57 IST" finished-at="2020-04-28T11:02:02 IST">
          <exception class="java.lang.AssertionError">
            <message>
              <![CDATA[did not expect to find [true] but found [false]]]>
            </message>
            <full-stacktrace>
              <![CDATA[java.lang.AssertionError: did not expect to find [true] but found [false]
at org.testng.Assert.fail(Assert.java:97)
at org.testng.Assert.failNotEquals(Assert.java:969)
at org.testng.Assert.assertTrue(Assert.java:43)
at org.testng.Assert.assertTrue(Assert.java:53)
at com.tetherfi.test.tmac.WaitTimeColorConfigTest.database(WaitTimeColorConfigTest.java:275)
at sun.reflect.NativeMethodAccessorImpl.invoke0(Native Method)
at sun.reflect.NativeMethodAccessorImpl.invoke(Unknown Source)
at sun.reflect.DelegatingMethodAccessorImpl.invoke(Unknown Source)
at java.lang.reflect.Method.invoke(Unknown Source)
at org.testng.internal.MethodInvocationHelper.invokeMethod(MethodInvocationHelper.java:133)
at org.testng.internal.TestInvoker.invokeMethod(TestInvoker.java:584)
at org.testng.internal.TestInvoker.invokeTestMethod(TestInvoker.java:172)
at org.testng.internal.MethodRunner.runInSequence(MethodRunner.java:46)
at org.testng.internal.TestInvoker$MethodInvocationAgent.invoke(TestInvoker.java:804)
at org.testng.internal.TestInvoker.invokeTestMethods(TestInvoker.java:145)
at org.testng.internal.TestMethodWorker.invokeTestMethods(TestMethodWorker.java:146)
at org.testng.internal.TestMethodWorker.run(TestMethodWorker.java:128)
at java.util.ArrayList.forEach(Unknown Source)
at org.testng.TestRunner.privateRun(TestRunner.java:770)
at org.testng.TestRunner.run(TestRunner.java:591)
at org.testng.SuiteRunner.runTest(SuiteRunner.java:402)
at org.testng.SuiteRunner.runSequentially(SuiteRunner.java:396)
at org.testng.SuiteRunner.privateRun(SuiteRunner.java:355)
at org.testng.SuiteRunner.run(SuiteRunner.java:304)
at org.testng.SuiteRunnerWorker.runSuite(SuiteRunnerWorker.java:53)
at org.testng.SuiteRunnerWorker.run(SuiteRunnerWorker.java:96)
at org.testng.TestNG.runSuitesSequentially(TestNG.java:1180)
at org.testng.TestNG.runSuitesLocally(TestNG.java:1102)
at org.testng.TestNG.runSuites(TestNG.java:1032)
at org.testng.TestNG.run(TestNG.java:1000)
at org.testng.remote.AbstractRemoteTestNG.run(AbstractRemoteTestNG.java:115)
at org.testng.remote.RemoteTestNG.initAndRun(RemoteTestNG.java:251)
at org.testng.remote.RemoteTestNG.main(RemoteTestNG.java:77)
]]>
            </full-stacktrace>
          </exception> <!-- java.lang.AssertionError -->
          <reporter-output>
          </reporter-output>
        </test-method> <!-- database -->
        <test-method status="PASS" signature="afterEachMethod(java.lang.reflect.Method)[pri:0, instance:com.tetherfi.test.tmac.WaitTimeColorConfigTest@4232c52b]" name="afterEachMethod" is-config="true" duration-ms="1559" started-at="2020-04-28T11:02:02 IST" finished-at="2020-04-28T11:02:04 IST">
          <params>
            <param index="0">
              <value>
                <![CDATA[public void com.tetherfi.test.tmac.WaitTimeColorConfigTest.database() throws java.lang.Exception]]>
              </value>
            </param>
          </params>
          <reporter-output>
          </reporter-output>
        </test-method> <!-- afterEachMethod -->
        <test-method status="PASS" signature="endTestCase(java.lang.reflect.Method)[pri:0, instance:com.tetherfi.test.tmac.WaitTimeColorConfigTest@4232c52b]" name="endTestCase" is-config="true" duration-ms="0" started-at="2020-04-28T11:02:04 IST" finished-at="2020-04-28T11:02:04 IST">
          <params>
            <param index="0">
              <value>
                <![CDATA[public void com.tetherfi.test.tmac.WaitTimeColorConfigTest.database() throws java.lang.Exception]]>
              </value>
            </param>
          </params>
          <reporter-output>
          </reporter-output>
        </test-method> <!-- endTestCase -->
        <test-method status="PASS" signature="NavigateToWaitTimeColorConfigPage()[pri:0, instance:com.tetherfi.test.tmac.WaitTimeColorConfigTest@4232c52b]" name="NavigateToWaitTimeColorConfigPage" is-config="true" duration-ms="6994" started-at="2020-04-28T11:02:04 IST" finished-at="2020-04-28T11:02:11 IST">
          <reporter-output>
          </reporter-output>
        </test-method> <!-- NavigateToWaitTimeColorConfigPage -->
        <test-method status="PASS" signature="startTestCase(java.lang.reflect.Method)[pri:0, instance:com.tetherfi.test.tmac.WaitTimeColorConfigTest@4232c52b]" name="startTestCase" is-config="true" duration-ms="0" started-at="2020-04-28T11:02:04 IST" finished-at="2020-04-28T11:02:04 IST">
          <params>
            <param index="0">
              <value>
                <![CDATA[public void com.tetherfi.test.tmac.WaitTimeColorConfigTest.SortingByAscending() throws java.io.IOException]]>
              </value>
            </param>
          </params>
          <reporter-output>
          </reporter-output>
        </test-method> <!-- startTestCase -->
        <test-method status="FAIL" signature="SortingByAscending()[pri:29, instance:com.tetherfi.test.tmac.WaitTimeColorConfigTest@4232c52b]" name="SortingByAscending" duration-ms="7046" started-at="2020-04-28T11:02:11 IST" finished-at="2020-04-28T11:02:18 IST">
          <exception class="java.lang.AssertionError">
            <message>
              <![CDATA[did not expect to find [true] but found [false]]]>
            </message>
            <full-stacktrace>
              <![CDATA[java.lang.AssertionError: did not expect to find [true] but found [false]
at org.testng.Assert.fail(Assert.java:97)
at org.testng.Assert.failNotEquals(Assert.java:969)
at org.testng.Assert.assertTrue(Assert.java:43)
at org.testng.Assert.assertTrue(Assert.java:53)
at com.tetherfi.test.tmac.WaitTimeColorConfigTest.SortingByAscending(WaitTimeColorConfigTest.java:314)
at sun.reflect.NativeMethodAccessorImpl.invoke0(Native Method)
at sun.reflect.NativeMethodAccessorImpl.invoke(Unknown Source)
at sun.reflect.DelegatingMethodAccessorImpl.invoke(Unknown Source)
at java.lang.reflect.Method.invoke(Unknown Source)
at org.testng.internal.MethodInvocationHelper.invokeMethod(MethodInvocationHelper.java:133)
at org.testng.internal.TestInvoker.invokeMethod(TestInvoker.java:584)
at org.testng.internal.TestInvoker.invokeTestMethod(TestInvoker.java:172)
at org.testng.internal.MethodRunner.runInSequence(MethodRunner.java:46)
at org.testng.internal.TestInvoker$MethodInvocationAgent.invoke(TestInvoker.java:804)
at org.testng.internal.TestInvoker.invokeTestMethods(TestInvoker.java:145)
at org.testng.internal.TestMethodWorker.invokeTestMethods(TestMethodWorker.java:146)
at org.testng.internal.TestMethodWorker.run(TestMethodWorker.java:128)
at java.util.ArrayList.forEach(Unknown Source)
at org.testng.TestRunner.privateRun(TestRunner.java:770)
at org.testng.TestRunner.run(TestRunner.java:591)
at org.testng.SuiteRunner.runTest(SuiteRunner.java:402)
at org.testng.SuiteRunner.runSequentially(SuiteRunner.java:396)
at org.testng.SuiteRunner.privateRun(SuiteRunner.java:355)
at org.testng.SuiteRunner.run(SuiteRunner.java:304)
at org.testng.SuiteRunnerWorker.runSuite(SuiteRunnerWorker.java:53)
at org.testng.SuiteRunnerWorker.run(SuiteRunnerWorker.java:96)
at org.testng.TestNG.runSuitesSequentially(TestNG.java:1180)
at org.testng.TestNG.runSuitesLocally(TestNG.java:1102)
at org.testng.TestNG.runSuites(TestNG.java:1032)
at org.testng.TestNG.run(TestNG.java:1000)
at org.testng.remote.AbstractRemoteTestNG.run(AbstractRemoteTestNG.java:115)
at org.testng.remote.RemoteTestNG.initAndRun(RemoteTestNG.java:251)
at org.testng.remote.RemoteTestNG.main(RemoteTestNG.java:77)
]]>
            </full-stacktrace>
          </exception> <!-- java.lang.AssertionError -->
          <reporter-output>
          </reporter-output>
        </test-method> <!-- SortingByAscending -->
        <test-method status="PASS" signature="afterEachMethod(java.lang.reflect.Method)[pri:0, instance:com.tetherfi.test.tmac.WaitTimeColorConfigTest@4232c52b]" name="afterEachMethod" is-config="true" duration-ms="1623" started-at="2020-04-28T11:02:18 IST" finished-at="2020-04-28T11:02:20 IST">
          <params>
            <param index="0">
              <value>
                <![CDATA[public void com.tetherfi.test.tmac.WaitTimeColorConfigTest.SortingByAscending() throws java.io.IOException]]>
              </value>
            </param>
          </params>
          <reporter-output>
          </reporter-output>
        </test-method> <!-- afterEachMethod -->
        <test-method status="PASS" signature="endTestCase(java.lang.reflect.Method)[pri:0, instance:com.tetherfi.test.tmac.WaitTimeColorConfigTest@4232c52b]" name="endTestCase" is-config="true" duration-ms="4" started-at="2020-04-28T11:02:20 IST" finished-at="2020-04-28T11:02:20 IST">
          <params>
            <param index="0">
              <value>
                <![CDATA[public void com.tetherfi.test.tmac.WaitTimeColorConfigTest.SortingByAscending() throws java.io.IOException]]>
              </value>
            </param>
          </params>
          <reporter-output>
          </reporter-output>
        </test-method> <!-- endTestCase -->
        <test-method status="PASS" signature="startTestCase(java.lang.reflect.Method)[pri:0, instance:com.tetherfi.test.tmac.WaitTimeColorConfigTest@4232c52b]" name="startTestCase" is-config="true" duration-ms="0" started-at="2020-04-28T11:02:20 IST" finished-at="2020-04-28T11:02:20 IST">
          <params>
            <param index="0">
              <value>
                <![CDATA[public void com.tetherfi.test.tmac.WaitTimeColorConfigTest.SortingByDescending() throws java.io.IOException]]>
              </value>
            </param>
          </params>
          <reporter-output>
          </reporter-output>
        </test-method> <!-- startTestCase -->
        <test-method status="PASS" signature="NavigateToWaitTimeColorConfigPage()[pri:0, instance:com.tetherfi.test.tmac.WaitTimeColorConfigTest@4232c52b]" name="NavigateToWaitTimeColorConfigPage" is-config="true" duration-ms="5571" started-at="2020-04-28T11:02:20 IST" finished-at="2020-04-28T11:02:25 IST">
          <reporter-output>
          </reporter-output>
        </test-method> <!-- NavigateToWaitTimeColorConfigPage -->
        <test-method status="FAIL" signature="SortingByDescending()[pri:30, instance:com.tetherfi.test.tmac.WaitTimeColorConfigTest@4232c52b]" name="SortingByDescending" duration-ms="6497" started-at="2020-04-28T11:02:25 IST" finished-at="2020-04-28T11:02:32 IST">
          <exception class="java.lang.AssertionError">
            <message>
              <![CDATA[did not expect to find [true] but found [false]]]>
            </message>
            <full-stacktrace>
              <![CDATA[java.lang.AssertionError: did not expect to find [true] but found [false]
at org.testng.Assert.fail(Assert.java:97)
at org.testng.Assert.failNotEquals(Assert.java:969)
at org.testng.Assert.assertTrue(Assert.java:43)
at org.testng.Assert.assertTrue(Assert.java:53)
at com.tetherfi.test.tmac.WaitTimeColorConfigTest.SortingByDescending(WaitTimeColorConfigTest.java:322)
at sun.reflect.NativeMethodAccessorImpl.invoke0(Native Method)
at sun.reflect.NativeMethodAccessorImpl.invoke(Unknown Source)
at sun.reflect.DelegatingMethodAccessorImpl.invoke(Unknown Source)
at java.lang.reflect.Method.invoke(Unknown Source)
at org.testng.internal.MethodInvocationHelper.invokeMethod(MethodInvocationHelper.java:133)
at org.testng.internal.TestInvoker.invokeMethod(TestInvoker.java:584)
at org.testng.internal.TestInvoker.invokeTestMethod(TestInvoker.java:172)
at org.testng.internal.MethodRunner.runInSequence(MethodRunner.java:46)
at org.testng.internal.TestInvoker$MethodInvocationAgent.invoke(TestInvoker.java:804)
at org.testng.internal.TestInvoker.invokeTestMethods(TestInvoker.java:145)
at org.testng.internal.TestMethodWorker.invokeTestMethods(TestMethodWorker.java:146)
at org.testng.internal.TestMethodWorker.run(TestMethodWorker.java:128)
at java.util.ArrayList.forEach(Unknown Source)
at org.testng.TestRunner.privateRun(TestRunner.java:770)
at org.testng.TestRunner.run(TestRunner.java:591)
at org.testng.SuiteRunner.runTest(SuiteRunner.java:402)
at org.testng.SuiteRunner.runSequentially(SuiteRunner.java:396)
at org.testng.SuiteRunner.privateRun(SuiteRunner.java:355)
at org.testng.SuiteRunner.run(SuiteRunner.java:304)
at org.testng.SuiteRunnerWorker.runSuite(SuiteRunnerWorker.java:53)
at org.testng.SuiteRunnerWorker.run(SuiteRunnerWorker.java:96)
at org.testng.TestNG.runSuitesSequentially(TestNG.java:1180)
at org.testng.TestNG.runSuitesLocally(TestNG.java:1102)
at org.testng.TestNG.runSuites(TestNG.java:1032)
at org.testng.TestNG.run(TestNG.java:1000)
at org.testng.remote.AbstractRemoteTestNG.run(AbstractRemoteTestNG.java:115)
at org.testng.remote.RemoteTestNG.initAndRun(RemoteTestNG.java:251)
at org.testng.remote.RemoteTestNG.main(RemoteTestNG.java:77)
]]>
            </full-stacktrace>
          </exception> <!-- java.lang.AssertionError -->
          <reporter-output>
          </reporter-output>
        </test-method> <!-- SortingByDescending -->
        <test-method status="PASS" signature="afterEachMethod(java.lang.reflect.Method)[pri:0, instance:com.tetherfi.test.tmac.WaitTimeColorConfigTest@4232c52b]" name="afterEachMethod" is-config="true" duration-ms="1633" started-at="2020-04-28T11:02:32 IST" finished-at="2020-04-28T11:02:33 IST">
          <params>
            <param index="0">
              <value>
                <![CDATA[public void com.tetherfi.test.tmac.WaitTimeColorConfigTest.SortingByDescending() throws java.io.IOException]]>
              </value>
            </param>
          </params>
          <reporter-output>
          </reporter-output>
        </test-method> <!-- afterEachMethod -->
        <test-method status="PASS" signature="endTestCase(java.lang.reflect.Method)[pri:0, instance:com.tetherfi.test.tmac.WaitTimeColorConfigTest@4232c52b]" name="endTestCase" is-config="true" duration-ms="4" started-at="2020-04-28T11:02:33 IST" finished-at="2020-04-28T11:02:33 IST">
          <params>
            <param index="0">
              <value>
                <![CDATA[public void com.tetherfi.test.tmac.WaitTimeColorConfigTest.SortingByDescending() throws java.io.IOException]]>
              </value>
            </param>
          </params>
          <reporter-output>
          </reporter-output>
        </test-method> <!-- endTestCase -->
        <test-method status="PASS" signature="tearDown()[pri:0, instance:com.tetherfi.test.tmac.WaitTimeColorConfigTest@4232c52b]" name="tearDown" is-config="true" duration-ms="3415" started-at="2020-04-28T11:02:33 IST" finished-at="2020-04-28T11:02:37 IST">
          <reporter-output>
          </reporter-output>
        </test-method> <!-- tearDown -->
      </class> <!-- com.tetherfi.test.tmac.WaitTimeColorConfigTest -->
    </test> <!-- SMSResponseTemplateWMC(failed)(failed)(failed)(failed) -->
  </suite> <!-- Failed suite [Failed suite [Failed suite [Failed suite [Tetherfi Test Automation]]]] -->
</testng-results>
