<?xml version="1.0" encoding="UTF-8"?>
<testng-results ignored="0" total="68" passed="20" failed="48" skipped="0">
  <reporter-output>
  </reporter-output>
  <suite started-at="2021-06-04T10:29:50 IST" name="Tetherfi Test Automation" finished-at="2021-06-04T10:49:30 IST" duration-ms="1180342">
    <groups>
    </groups>
    <test started-at="2021-06-04T10:29:50 IST" name="Template" finished-at="2021-06-04T10:49:30 IST" duration-ms="1180342">
      <class name="com.tetherfi.test.tmac.Templates_FeaturesTabTest">
        <test-method is-config="true" signature="openApplication()[pri:0, instance:com.tetherfi.test.tmac.Templates_FeaturesTabTest@5f56424d]" started-at="2021-06-04T10:45:50 IST" name="openApplication" finished-at="2021-06-04T10:45:59 IST" duration-ms="9095" status="PASS">
          <reporter-output>
          </reporter-output>
        </test-method> <!-- openApplication -->
        <test-method is-config="true" signature="NavigateToAgentTemplatePage()[pri:0, instance:com.tetherfi.test.tmac.Templates_FeaturesTabTest@5f56424d]" started-at="2021-06-04T10:45:59 IST" name="NavigateToAgentTemplatePage" finished-at="2021-06-04T10:46:05 IST" duration-ms="5654" status="PASS">
          <reporter-output>
          </reporter-output>
        </test-method> <!-- NavigateToAgentTemplatePage -->
        <test-method is-config="true" signature="startTestCase(java.lang.reflect.Method)[pri:0, instance:com.tetherfi.test.tmac.Templates_FeaturesTabTest@5f56424d]" started-at="2021-06-04T10:45:59 IST" name="startTestCase" finished-at="2021-06-04T10:45:59 IST" duration-ms="0" status="PASS">
          <params>
            <param index="0">
              <value>
                <![CDATA[public void com.tetherfi.test.tmac.Templates_FeaturesTabTest.VerifyAddNewTemplateFeaturesandPopUpCancelButton() throws java.lang.Exception]]>
              </value>
            </param>
          </params>
          <reporter-output>
          </reporter-output>
        </test-method> <!-- startTestCase -->
        <test-method signature="VerifyAddNewTemplateFeaturesandPopUpCancelButton()[pri:1, instance:com.tetherfi.test.tmac.Templates_FeaturesTabTest@5f56424d]" started-at="2021-06-04T10:46:05 IST" name="VerifyAddNewTemplateFeaturesandPopUpCancelButton" description="To Verify Add New Template Features Record and PopUp Cancel Button" finished-at="2021-06-04T10:46:08 IST" duration-ms="2939" status="PASS">
          <reporter-output>
          </reporter-output>
        </test-method> <!-- VerifyAddNewTemplateFeaturesandPopUpCancelButton -->
        <test-method is-config="true" signature="afterEachMethod(java.lang.reflect.Method)[pri:0, instance:com.tetherfi.test.tmac.Templates_FeaturesTabTest@5f56424d]" started-at="2021-06-04T10:46:08 IST" name="afterEachMethod" finished-at="2021-06-04T10:46:09 IST" duration-ms="1848" status="PASS">
          <params>
            <param index="0">
              <value>
                <![CDATA[public void com.tetherfi.test.tmac.Templates_FeaturesTabTest.VerifyAddNewTemplateFeaturesandPopUpCancelButton() throws java.lang.Exception]]>
              </value>
            </param>
          </params>
          <reporter-output>
          </reporter-output>
        </test-method> <!-- afterEachMethod -->
        <test-method is-config="true" signature="endTestCase(java.lang.reflect.Method)[pri:0, instance:com.tetherfi.test.tmac.Templates_FeaturesTabTest@5f56424d]" started-at="2021-06-04T10:46:09 IST" name="endTestCase" finished-at="2021-06-04T10:46:09 IST" duration-ms="0" status="PASS">
          <params>
            <param index="0">
              <value>
                <![CDATA[public void com.tetherfi.test.tmac.Templates_FeaturesTabTest.VerifyAddNewTemplateFeaturesandPopUpCancelButton() throws java.lang.Exception]]>
              </value>
            </param>
          </params>
          <reporter-output>
          </reporter-output>
        </test-method> <!-- endTestCase -->
        <test-method is-config="true" signature="startTestCase(java.lang.reflect.Method)[pri:0, instance:com.tetherfi.test.tmac.Templates_FeaturesTabTest@5f56424d]" started-at="2021-06-04T10:46:09 IST" name="startTestCase" finished-at="2021-06-04T10:46:09 IST" duration-ms="0" status="PASS">
          <params>
            <param index="0">
              <value>
                <![CDATA[public void com.tetherfi.test.tmac.Templates_FeaturesTabTest.AddRecWithoutTemplate() throws java.lang.Exception]]>
              </value>
            </param>
          </params>
          <reporter-output>
          </reporter-output>
        </test-method> <!-- startTestCase -->
        <test-method is-config="true" signature="NavigateToAgentTemplatePage()[pri:0, instance:com.tetherfi.test.tmac.Templates_FeaturesTabTest@5f56424d]" started-at="2021-06-04T10:46:09 IST" name="NavigateToAgentTemplatePage" finished-at="2021-06-04T10:46:14 IST" duration-ms="4950" status="PASS">
          <reporter-output>
          </reporter-output>
        </test-method> <!-- NavigateToAgentTemplatePage -->
        <test-method signature="AddRecWithoutTemplate()[pri:2, instance:com.tetherfi.test.tmac.Templates_FeaturesTabTest@5f56424d]" started-at="2021-06-04T10:46:14 IST" name="AddRecWithoutTemplate" description="Verify the Add new record Without Template name" finished-at="2021-06-04T10:46:36 IST" duration-ms="22141" status="FAIL">
          <exception class="org.openqa.selenium.NoSuchElementException">
            <message>
              <![CDATA[no such element: Unable to locate element: {"method":"css selector","selector":"#IsScreenCaptureEnabled"}
  (Session info: chrome=91.0.4472.77)
For documentation on this error, please visit: https://www.seleniumhq.org/exceptions/no_such_element.html
Build info: version: '3.141.59', revision: 'e82be7d358', time: '2018-11-14T08:17:03'
System info: host: 'ADMIN', ip: '192.168.50.8', os.name: 'Windows 8.1', os.arch: 'amd64', os.version: '6.3', java.version: '14.0.2'
Driver info: org.openqa.selenium.chrome.ChromeDriver
Capabilities {acceptInsecureCerts: false, browserName: chrome, browserVersion: 91.0.4472.77, chrome: {chromedriverVersion: 90.0.4430.24 (4c6d850f087da..., userDataDir: C:\Users\ADMINP~1\AppData\L...}, goog:chromeOptions: {debuggerAddress: localhost:54798}, javascriptEnabled: true, networkConnectionEnabled: false, pageLoadStrategy: normal, platform: WINDOWS, platformName: WINDOWS, proxy: Proxy(), setWindowRect: true, strictFileInteractability: false, timeouts: {implicit: 0, pageLoad: 300000, script: 30000}, unhandledPromptBehavior: dismiss and notify, webauthn:extension:largeBlob: true, webauthn:virtualAuthenticators: true}
Session ID: 0553efd5a1f31ebf3bc779b9f1432724
*** Element info: {Using=id, value=IsScreenCaptureEnabled}]]>
            </message>
            <full-stacktrace>
              <![CDATA[org.openqa.selenium.NoSuchElementException: no such element: Unable to locate element: {"method":"css selector","selector":"#IsScreenCaptureEnabled"}
  (Session info: chrome=91.0.4472.77)
For documentation on this error, please visit: https://www.seleniumhq.org/exceptions/no_such_element.html
Build info: version: '3.141.59', revision: 'e82be7d358', time: '2018-11-14T08:17:03'
System info: host: 'ADMIN', ip: '192.168.50.8', os.name: 'Windows 8.1', os.arch: 'amd64', os.version: '6.3', java.version: '14.0.2'
Driver info: org.openqa.selenium.chrome.ChromeDriver
Capabilities {acceptInsecureCerts: false, browserName: chrome, browserVersion: 91.0.4472.77, chrome: {chromedriverVersion: 90.0.4430.24 (4c6d850f087da..., userDataDir: C:\Users\ADMINP~1\AppData\L...}, goog:chromeOptions: {debuggerAddress: localhost:54798}, javascriptEnabled: true, networkConnectionEnabled: false, pageLoadStrategy: normal, platform: WINDOWS, platformName: WINDOWS, proxy: Proxy(), setWindowRect: true, strictFileInteractability: false, timeouts: {implicit: 0, pageLoad: 300000, script: 30000}, unhandledPromptBehavior: dismiss and notify, webauthn:extension:largeBlob: true, webauthn:virtualAuthenticators: true}
Session ID: 0553efd5a1f31ebf3bc779b9f1432724
*** Element info: {Using=id, value=IsScreenCaptureEnabled}
at java.base/jdk.internal.reflect.NativeConstructorAccessorImpl.newInstance0(Native Method)
at java.base/jdk.internal.reflect.NativeConstructorAccessorImpl.newInstance(NativeConstructorAccessorImpl.java:62)
at java.base/jdk.internal.reflect.DelegatingConstructorAccessorImpl.newInstance(DelegatingConstructorAccessorImpl.java:45)
at java.base/java.lang.reflect.Constructor.newInstanceWithCaller(Constructor.java:500)
at java.base/java.lang.reflect.Constructor.newInstance(Constructor.java:481)
at org.openqa.selenium.remote.http.W3CHttpResponseCodec.createException(W3CHttpResponseCodec.java:187)
at org.openqa.selenium.remote.http.W3CHttpResponseCodec.decode(W3CHttpResponseCodec.java:122)
at org.openqa.selenium.remote.http.W3CHttpResponseCodec.decode(W3CHttpResponseCodec.java:49)
at org.openqa.selenium.remote.HttpCommandExecutor.execute(HttpCommandExecutor.java:158)
at org.openqa.selenium.remote.service.DriverCommandExecutor.execute(DriverCommandExecutor.java:83)
at org.openqa.selenium.remote.RemoteWebDriver.execute(RemoteWebDriver.java:552)
at org.openqa.selenium.remote.RemoteWebDriver.findElement(RemoteWebDriver.java:323)
at org.openqa.selenium.remote.RemoteWebDriver.findElementById(RemoteWebDriver.java:372)
at org.openqa.selenium.By$ById.findElement(By.java:188)
at org.openqa.selenium.remote.RemoteWebDriver.findElement(RemoteWebDriver.java:315)
at org.openqa.selenium.support.pagefactory.DefaultElementLocator.findElement(DefaultElementLocator.java:69)
at org.openqa.selenium.support.pagefactory.internal.LocatingElementHandler.invoke(LocatingElementHandler.java:38)
at com.sun.proxy.$Proxy16.isSelected(Unknown Source)
at com.tetherfi.pages.AgentTemplatePage.selectCheckBox(AgentTemplatePage.java:2526)
at com.tetherfi.pages.AgentTemplatePage.VerifyAddNewTemplateFeaturesWithoutTemplate(AgentTemplatePage.java:2539)
at com.tetherfi.test.tmac.Templates_FeaturesTabTest.AddRecWithoutTemplate(Templates_FeaturesTabTest.java:52)
at java.base/jdk.internal.reflect.NativeMethodAccessorImpl.invoke0(Native Method)
at java.base/jdk.internal.reflect.NativeMethodAccessorImpl.invoke(NativeMethodAccessorImpl.java:62)
at java.base/jdk.internal.reflect.DelegatingMethodAccessorImpl.invoke(DelegatingMethodAccessorImpl.java:43)
at java.base/java.lang.reflect.Method.invoke(Method.java:564)
at org.testng.internal.MethodInvocationHelper.invokeMethod(MethodInvocationHelper.java:133)
at org.testng.internal.TestInvoker.invokeMethod(TestInvoker.java:584)
at org.testng.internal.TestInvoker.invokeTestMethod(TestInvoker.java:172)
at org.testng.internal.MethodRunner.runInSequence(MethodRunner.java:46)
at org.testng.internal.TestInvoker$MethodInvocationAgent.invoke(TestInvoker.java:804)
at org.testng.internal.TestInvoker.invokeTestMethods(TestInvoker.java:145)
at org.testng.internal.TestMethodWorker.invokeTestMethods(TestMethodWorker.java:146)
at org.testng.internal.TestMethodWorker.run(TestMethodWorker.java:128)
at java.base/java.util.ArrayList.forEach(ArrayList.java:1511)
at org.testng.TestRunner.privateRun(TestRunner.java:770)
at org.testng.TestRunner.run(TestRunner.java:591)
at org.testng.SuiteRunner.runTest(SuiteRunner.java:402)
at org.testng.SuiteRunner.runSequentially(SuiteRunner.java:396)
at org.testng.SuiteRunner.privateRun(SuiteRunner.java:355)
at org.testng.SuiteRunner.run(SuiteRunner.java:304)
at org.testng.SuiteRunnerWorker.runSuite(SuiteRunnerWorker.java:53)
at org.testng.SuiteRunnerWorker.run(SuiteRunnerWorker.java:96)
at org.testng.TestNG.runSuitesSequentially(TestNG.java:1180)
at org.testng.TestNG.runSuitesLocally(TestNG.java:1102)
at org.testng.TestNG.runSuites(TestNG.java:1032)
at org.testng.TestNG.run(TestNG.java:1000)
at org.testng.remote.AbstractRemoteTestNG.run(AbstractRemoteTestNG.java:115)
at org.testng.remote.RemoteTestNG.initAndRun(RemoteTestNG.java:251)
at org.testng.remote.RemoteTestNG.main(RemoteTestNG.java:77)
]]>
            </full-stacktrace>
          </exception> <!-- org.openqa.selenium.NoSuchElementException -->
          <reporter-output>
          </reporter-output>
        </test-method> <!-- AddRecWithoutTemplate -->
        <test-method is-config="true" signature="afterEachMethod(java.lang.reflect.Method)[pri:0, instance:com.tetherfi.test.tmac.Templates_FeaturesTabTest@5f56424d]" started-at="2021-06-04T10:46:36 IST" name="afterEachMethod" finished-at="2021-06-04T10:46:38 IST" duration-ms="1849" status="PASS">
          <params>
            <param index="0">
              <value>
                <![CDATA[public void com.tetherfi.test.tmac.Templates_FeaturesTabTest.AddRecWithoutTemplate() throws java.lang.Exception]]>
              </value>
            </param>
          </params>
          <reporter-output>
          </reporter-output>
        </test-method> <!-- afterEachMethod -->
        <test-method is-config="true" signature="endTestCase(java.lang.reflect.Method)[pri:0, instance:com.tetherfi.test.tmac.Templates_FeaturesTabTest@5f56424d]" started-at="2021-06-04T10:46:38 IST" name="endTestCase" finished-at="2021-06-04T10:46:38 IST" duration-ms="1" status="PASS">
          <params>
            <param index="0">
              <value>
                <![CDATA[public void com.tetherfi.test.tmac.Templates_FeaturesTabTest.AddRecWithoutTemplate() throws java.lang.Exception]]>
              </value>
            </param>
          </params>
          <reporter-output>
          </reporter-output>
        </test-method> <!-- endTestCase -->
        <test-method is-config="true" signature="startTestCase(java.lang.reflect.Method)[pri:0, instance:com.tetherfi.test.tmac.Templates_FeaturesTabTest@5f56424d]" started-at="2021-06-04T10:46:38 IST" name="startTestCase" finished-at="2021-06-04T10:46:38 IST" duration-ms="0" status="PASS">
          <params>
            <param index="0">
              <value>
                <![CDATA[public void com.tetherfi.test.tmac.Templates_FeaturesTabTest.AddRecWithoutTemplateFeatures() throws java.lang.Exception]]>
              </value>
            </param>
          </params>
          <reporter-output>
          </reporter-output>
        </test-method> <!-- startTestCase -->
        <test-method is-config="true" signature="NavigateToAgentTemplatePage()[pri:0, instance:com.tetherfi.test.tmac.Templates_FeaturesTabTest@5f56424d]" started-at="2021-06-04T10:46:38 IST" name="NavigateToAgentTemplatePage" finished-at="2021-06-04T10:46:44 IST" duration-ms="5989" status="PASS">
          <reporter-output>
          </reporter-output>
        </test-method> <!-- NavigateToAgentTemplatePage -->
        <test-method signature="AddRecWithoutTemplateFeatures()[pri:3, instance:com.tetherfi.test.tmac.Templates_FeaturesTabTest@5f56424d]" started-at="2021-06-04T10:46:44 IST" name="AddRecWithoutTemplateFeatures" description="Verify the Add new record Without Template name" finished-at="2021-06-04T10:46:48 IST" duration-ms="3331" status="FAIL">
          <exception class="java.lang.AssertionError">
            <message>
              <![CDATA[Screen Assertion Failed expected [Record inserted Successfully] but found [Please Select the Template]]]>
            </message>
            <full-stacktrace>
              <![CDATA[java.lang.AssertionError: Screen Assertion Failed expected [Record inserted Successfully] but found [Please Select the Template]
at org.testng.Assert.fail(Assert.java:97)
at org.testng.Assert.assertEqualsImpl(Assert.java:136)
at org.testng.Assert.assertEquals(Assert.java:118)
at org.testng.Assert.assertEquals(Assert.java:575)
at com.tetherfi.test.tmac.Templates_FeaturesTabTest.AddRecWithoutTemplateFeatures(Templates_FeaturesTabTest.java:63)
at java.base/jdk.internal.reflect.NativeMethodAccessorImpl.invoke0(Native Method)
at java.base/jdk.internal.reflect.NativeMethodAccessorImpl.invoke(NativeMethodAccessorImpl.java:62)
at java.base/jdk.internal.reflect.DelegatingMethodAccessorImpl.invoke(DelegatingMethodAccessorImpl.java:43)
at java.base/java.lang.reflect.Method.invoke(Method.java:564)
at org.testng.internal.MethodInvocationHelper.invokeMethod(MethodInvocationHelper.java:133)
at org.testng.internal.TestInvoker.invokeMethod(TestInvoker.java:584)
at org.testng.internal.TestInvoker.invokeTestMethod(TestInvoker.java:172)
at org.testng.internal.MethodRunner.runInSequence(MethodRunner.java:46)
at org.testng.internal.TestInvoker$MethodInvocationAgent.invoke(TestInvoker.java:804)
at org.testng.internal.TestInvoker.invokeTestMethods(TestInvoker.java:145)
at org.testng.internal.TestMethodWorker.invokeTestMethods(TestMethodWorker.java:146)
at org.testng.internal.TestMethodWorker.run(TestMethodWorker.java:128)
at java.base/java.util.ArrayList.forEach(ArrayList.java:1511)
at org.testng.TestRunner.privateRun(TestRunner.java:770)
at org.testng.TestRunner.run(TestRunner.java:591)
at org.testng.SuiteRunner.runTest(SuiteRunner.java:402)
at org.testng.SuiteRunner.runSequentially(SuiteRunner.java:396)
at org.testng.SuiteRunner.privateRun(SuiteRunner.java:355)
at org.testng.SuiteRunner.run(SuiteRunner.java:304)
at org.testng.SuiteRunnerWorker.runSuite(SuiteRunnerWorker.java:53)
at org.testng.SuiteRunnerWorker.run(SuiteRunnerWorker.java:96)
at org.testng.TestNG.runSuitesSequentially(TestNG.java:1180)
at org.testng.TestNG.runSuitesLocally(TestNG.java:1102)
at org.testng.TestNG.runSuites(TestNG.java:1032)
at org.testng.TestNG.run(TestNG.java:1000)
at org.testng.remote.AbstractRemoteTestNG.run(AbstractRemoteTestNG.java:115)
at org.testng.remote.RemoteTestNG.initAndRun(RemoteTestNG.java:251)
at org.testng.remote.RemoteTestNG.main(RemoteTestNG.java:77)
]]>
            </full-stacktrace>
          </exception> <!-- java.lang.AssertionError -->
          <reporter-output>
          </reporter-output>
        </test-method> <!-- AddRecWithoutTemplateFeatures -->
        <test-method is-config="true" signature="afterEachMethod(java.lang.reflect.Method)[pri:0, instance:com.tetherfi.test.tmac.Templates_FeaturesTabTest@5f56424d]" started-at="2021-06-04T10:46:48 IST" name="afterEachMethod" finished-at="2021-06-04T10:46:50 IST" duration-ms="1974" status="PASS">
          <params>
            <param index="0">
              <value>
                <![CDATA[public void com.tetherfi.test.tmac.Templates_FeaturesTabTest.AddRecWithoutTemplateFeatures() throws java.lang.Exception]]>
              </value>
            </param>
          </params>
          <reporter-output>
          </reporter-output>
        </test-method> <!-- afterEachMethod -->
        <test-method is-config="true" signature="endTestCase(java.lang.reflect.Method)[pri:0, instance:com.tetherfi.test.tmac.Templates_FeaturesTabTest@5f56424d]" started-at="2021-06-04T10:46:50 IST" name="endTestCase" finished-at="2021-06-04T10:46:50 IST" duration-ms="1" status="PASS">
          <params>
            <param index="0">
              <value>
                <![CDATA[public void com.tetherfi.test.tmac.Templates_FeaturesTabTest.AddRecWithoutTemplateFeatures() throws java.lang.Exception]]>
              </value>
            </param>
          </params>
          <reporter-output>
          </reporter-output>
        </test-method> <!-- endTestCase -->
        <test-method is-config="true" signature="startTestCase(java.lang.reflect.Method)[pri:0, instance:com.tetherfi.test.tmac.Templates_FeaturesTabTest@5f56424d]" started-at="2021-06-04T10:46:50 IST" name="startTestCase" finished-at="2021-06-04T10:46:50 IST" duration-ms="0" status="PASS">
          <params>
            <param index="0">
              <value>
                <![CDATA[public void com.tetherfi.test.tmac.Templates_FeaturesTabTest.AddValidTemplateFeaturesRecord() throws java.lang.Exception]]>
              </value>
            </param>
          </params>
          <reporter-output>
          </reporter-output>
        </test-method> <!-- startTestCase -->
        <test-method is-config="true" signature="NavigateToAgentTemplatePage()[pri:0, instance:com.tetherfi.test.tmac.Templates_FeaturesTabTest@5f56424d]" started-at="2021-06-04T10:46:50 IST" name="NavigateToAgentTemplatePage" finished-at="2021-06-04T10:46:55 IST" duration-ms="5574" status="PASS">
          <reporter-output>
          </reporter-output>
        </test-method> <!-- NavigateToAgentTemplatePage -->
        <test-method signature="AddValidTemplateFeaturesRecord()[pri:4, instance:com.tetherfi.test.tmac.Templates_FeaturesTabTest@5f56424d]" started-at="2021-06-04T10:46:55 IST" name="AddValidTemplateFeaturesRecord" description="Verify the Add new record Without Template name" finished-at="2021-06-04T10:47:58 IST" duration-ms="63226" status="FAIL">
          <exception class="org.openqa.selenium.TimeoutException">
            <message>
              <![CDATA[Expected condition failed: waiting for visibility of Proxy element for: DefaultElementLocator 'By.xpath: //div[@class='k-widget k-window k-state-focused']//span[@class='k-window-title'][normalize-space()='Template Features']' (tried for 30 second(s) with 500 milliseconds interval)]]>
            </message>
            <full-stacktrace>
              <![CDATA[org.openqa.selenium.TimeoutException: Expected condition failed: waiting for visibility of Proxy element for: DefaultElementLocator 'By.xpath: //div[@class='k-widget k-window k-state-focused']//span[@class='k-window-title'][normalize-space()='Template Features']' (tried for 30 second(s) with 500 milliseconds interval)
at org.openqa.selenium.support.ui.WebDriverWait.timeoutException(WebDriverWait.java:95)
at org.openqa.selenium.support.ui.FluentWait.until(FluentWait.java:272)
at com.tetherfi.pages.BasePage.waitUntilWebElementIsVisible(BasePage.java:129)
at com.tetherfi.pages.AgentTemplatePage.VerifyAddNewValidTemplateFeaturesRecord(AgentTemplatePage.java:2564)
at com.tetherfi.test.tmac.Templates_FeaturesTabTest.AddValidTemplateFeaturesRecord(Templates_FeaturesTabTest.java:72)
at java.base/jdk.internal.reflect.NativeMethodAccessorImpl.invoke0(Native Method)
at java.base/jdk.internal.reflect.NativeMethodAccessorImpl.invoke(NativeMethodAccessorImpl.java:62)
at java.base/jdk.internal.reflect.DelegatingMethodAccessorImpl.invoke(DelegatingMethodAccessorImpl.java:43)
at java.base/java.lang.reflect.Method.invoke(Method.java:564)
at org.testng.internal.MethodInvocationHelper.invokeMethod(MethodInvocationHelper.java:133)
at org.testng.internal.TestInvoker.invokeMethod(TestInvoker.java:584)
at org.testng.internal.TestInvoker.invokeTestMethod(TestInvoker.java:172)
at org.testng.internal.MethodRunner.runInSequence(MethodRunner.java:46)
at org.testng.internal.TestInvoker$MethodInvocationAgent.invoke(TestInvoker.java:804)
at org.testng.internal.TestInvoker.invokeTestMethods(TestInvoker.java:145)
at org.testng.internal.TestMethodWorker.invokeTestMethods(TestMethodWorker.java:146)
at org.testng.internal.TestMethodWorker.run(TestMethodWorker.java:128)
at java.base/java.util.ArrayList.forEach(ArrayList.java:1511)
at org.testng.TestRunner.privateRun(TestRunner.java:770)
at org.testng.TestRunner.run(TestRunner.java:591)
at org.testng.SuiteRunner.runTest(SuiteRunner.java:402)
at org.testng.SuiteRunner.runSequentially(SuiteRunner.java:396)
at org.testng.SuiteRunner.privateRun(SuiteRunner.java:355)
at org.testng.SuiteRunner.run(SuiteRunner.java:304)
at org.testng.SuiteRunnerWorker.runSuite(SuiteRunnerWorker.java:53)
at org.testng.SuiteRunnerWorker.run(SuiteRunnerWorker.java:96)
at org.testng.TestNG.runSuitesSequentially(TestNG.java:1180)
at org.testng.TestNG.runSuitesLocally(TestNG.java:1102)
at org.testng.TestNG.runSuites(TestNG.java:1032)
at org.testng.TestNG.run(TestNG.java:1000)
at org.testng.remote.AbstractRemoteTestNG.run(AbstractRemoteTestNG.java:115)
at org.testng.remote.RemoteTestNG.initAndRun(RemoteTestNG.java:251)
at org.testng.remote.RemoteTestNG.main(RemoteTestNG.java:77)
Caused by: org.openqa.selenium.NoSuchElementException: no such element: Unable to locate element: {"method":"xpath","selector":"//div[@class='k-widget k-window k-state-focused']//span[@class='k-window-title'][normalize-space()='Template Features']"}
  (Session info: chrome=91.0.4472.77)
For documentation on this error, please visit: https://www.seleniumhq.org/exceptions/no_such_element.html
Build info: version: '3.141.59', revision: 'e82be7d358', time: '2018-11-14T08:17:03'
System info: host: 'ADMIN', ip: '192.168.50.8', os.name: 'Windows 8.1', os.arch: 'amd64', os.version: '6.3', java.version: '14.0.2'
Driver info: org.openqa.selenium.chrome.ChromeDriver
Capabilities {acceptInsecureCerts: false, browserName: chrome, browserVersion: 91.0.4472.77, chrome: {chromedriverVersion: 90.0.4430.24 (4c6d850f087da..., userDataDir: C:\Users\ADMINP~1\AppData\L...}, goog:chromeOptions: {debuggerAddress: localhost:54798}, javascriptEnabled: true, networkConnectionEnabled: false, pageLoadStrategy: normal, platform: WINDOWS, platformName: WINDOWS, proxy: Proxy(), setWindowRect: true, strictFileInteractability: false, timeouts: {implicit: 0, pageLoad: 300000, script: 30000}, unhandledPromptBehavior: dismiss and notify, webauthn:extension:largeBlob: true, webauthn:virtualAuthenticators: true}
Session ID: 0553efd5a1f31ebf3bc779b9f1432724
*** Element info: {Using=xpath, value=//div[@class='k-widget k-window k-state-focused']//span[@class='k-window-title'][normalize-space()='Template Features']}
at java.base/jdk.internal.reflect.NativeConstructorAccessorImpl.newInstance0(Native Method)
at java.base/jdk.internal.reflect.NativeConstructorAccessorImpl.newInstance(NativeConstructorAccessorImpl.java:62)
at java.base/jdk.internal.reflect.DelegatingConstructorAccessorImpl.newInstance(DelegatingConstructorAccessorImpl.java:45)
at java.base/java.lang.reflect.Constructor.newInstanceWithCaller(Constructor.java:500)
at java.base/java.lang.reflect.Constructor.newInstance(Constructor.java:481)
at org.openqa.selenium.remote.http.W3CHttpResponseCodec.createException(W3CHttpResponseCodec.java:187)
at org.openqa.selenium.remote.http.W3CHttpResponseCodec.decode(W3CHttpResponseCodec.java:122)
at org.openqa.selenium.remote.http.W3CHttpResponseCodec.decode(W3CHttpResponseCodec.java:49)
at org.openqa.selenium.remote.HttpCommandExecutor.execute(HttpCommandExecutor.java:158)
at org.openqa.selenium.remote.service.DriverCommandExecutor.execute(DriverCommandExecutor.java:83)
at org.openqa.selenium.remote.RemoteWebDriver.execute(RemoteWebDriver.java:552)
at org.openqa.selenium.remote.RemoteWebDriver.findElement(RemoteWebDriver.java:323)
at org.openqa.selenium.remote.RemoteWebDriver.findElementByXPath(RemoteWebDriver.java:428)
at org.openqa.selenium.By$ByXPath.findElement(By.java:353)
at org.openqa.selenium.remote.RemoteWebDriver.findElement(RemoteWebDriver.java:315)
at org.openqa.selenium.support.pagefactory.DefaultElementLocator.findElement(DefaultElementLocator.java:69)
at org.openqa.selenium.support.pagefactory.internal.LocatingElementHandler.invoke(LocatingElementHandler.java:38)
at com.sun.proxy.$Proxy16.isDisplayed(Unknown Source)
at org.openqa.selenium.support.ui.ExpectedConditions.elementIfVisible(ExpectedConditions.java:314)
at org.openqa.selenium.support.ui.ExpectedConditions.access$000(ExpectedConditions.java:43)
at org.openqa.selenium.support.ui.ExpectedConditions$10.apply(ExpectedConditions.java:300)
at org.openqa.selenium.support.ui.ExpectedConditions$10.apply(ExpectedConditions.java:297)
at org.openqa.selenium.support.ui.FluentWait.until(FluentWait.java:249)
... 31 more
]]>
            </full-stacktrace>
          </exception> <!-- org.openqa.selenium.TimeoutException -->
          <reporter-output>
          </reporter-output>
        </test-method> <!-- AddValidTemplateFeaturesRecord -->
        <test-method is-config="true" signature="afterEachMethod(java.lang.reflect.Method)[pri:0, instance:com.tetherfi.test.tmac.Templates_FeaturesTabTest@5f56424d]" started-at="2021-06-04T10:47:58 IST" name="afterEachMethod" finished-at="2021-06-04T10:48:00 IST" duration-ms="2053" status="PASS">
          <params>
            <param index="0">
              <value>
                <![CDATA[public void com.tetherfi.test.tmac.Templates_FeaturesTabTest.AddValidTemplateFeaturesRecord() throws java.lang.Exception]]>
              </value>
            </param>
          </params>
          <reporter-output>
          </reporter-output>
        </test-method> <!-- afterEachMethod -->
        <test-method is-config="true" signature="endTestCase(java.lang.reflect.Method)[pri:0, instance:com.tetherfi.test.tmac.Templates_FeaturesTabTest@5f56424d]" started-at="2021-06-04T10:48:00 IST" name="endTestCase" finished-at="2021-06-04T10:48:00 IST" duration-ms="0" status="PASS">
          <params>
            <param index="0">
              <value>
                <![CDATA[public void com.tetherfi.test.tmac.Templates_FeaturesTabTest.AddValidTemplateFeaturesRecord() throws java.lang.Exception]]>
              </value>
            </param>
          </params>
          <reporter-output>
          </reporter-output>
        </test-method> <!-- endTestCase -->
        <test-method is-config="true" signature="startTestCase(java.lang.reflect.Method)[pri:0, instance:com.tetherfi.test.tmac.Templates_FeaturesTabTest@5f56424d]" started-at="2021-06-04T10:48:00 IST" name="startTestCase" finished-at="2021-06-04T10:48:00 IST" duration-ms="0" status="PASS">
          <params>
            <param index="0">
              <value>
                <![CDATA[public void com.tetherfi.test.tmac.Templates_FeaturesTabTest.EditRecordwithoutModifyreason() throws java.lang.Exception]]>
              </value>
            </param>
          </params>
          <reporter-output>
          </reporter-output>
        </test-method> <!-- startTestCase -->
        <test-method is-config="true" signature="NavigateToAgentTemplatePage()[pri:0, instance:com.tetherfi.test.tmac.Templates_FeaturesTabTest@5f56424d]" started-at="2021-06-04T10:48:00 IST" name="NavigateToAgentTemplatePage" finished-at="2021-06-04T10:48:05 IST" duration-ms="4870" status="PASS">
          <reporter-output>
          </reporter-output>
        </test-method> <!-- NavigateToAgentTemplatePage -->
        <test-method signature="EditRecordwithoutModifyreason()[pri:5, instance:com.tetherfi.test.tmac.Templates_FeaturesTabTest@5f56424d]" started-at="2021-06-04T10:48:05 IST" name="EditRecordwithoutModifyreason" description="verify the edit Record without modify reason" finished-at="2021-06-04T10:48:10 IST" duration-ms="4944" status="FAIL">
          <exception class="java.lang.ArrayIndexOutOfBoundsException">
            <message>
              <![CDATA[Index 1 out of bounds for length 1]]>
            </message>
            <full-stacktrace>
              <![CDATA[java.lang.ArrayIndexOutOfBoundsException: Index 1 out of bounds for length 1
at com.tetherfi.pages.AgentTemplatePage.gettable(AgentTemplatePage.java:1211)
at com.tetherfi.pages.AgentTemplatePage.verifySearchIsEqualTo(AgentTemplatePage.java:1666)
at com.tetherfi.pages.AgentTemplatePage.editFeaturesRecordWithoutModifyreason(AgentTemplatePage.java:2578)
at com.tetherfi.test.tmac.Templates_FeaturesTabTest.EditRecordwithoutModifyreason(Templates_FeaturesTabTest.java:82)
at java.base/jdk.internal.reflect.NativeMethodAccessorImpl.invoke0(Native Method)
at java.base/jdk.internal.reflect.NativeMethodAccessorImpl.invoke(NativeMethodAccessorImpl.java:62)
at java.base/jdk.internal.reflect.DelegatingMethodAccessorImpl.invoke(DelegatingMethodAccessorImpl.java:43)
at java.base/java.lang.reflect.Method.invoke(Method.java:564)
at org.testng.internal.MethodInvocationHelper.invokeMethod(MethodInvocationHelper.java:133)
at org.testng.internal.TestInvoker.invokeMethod(TestInvoker.java:584)
at org.testng.internal.TestInvoker.invokeTestMethod(TestInvoker.java:172)
at org.testng.internal.MethodRunner.runInSequence(MethodRunner.java:46)
at org.testng.internal.TestInvoker$MethodInvocationAgent.invoke(TestInvoker.java:804)
at org.testng.internal.TestInvoker.invokeTestMethods(TestInvoker.java:145)
at org.testng.internal.TestMethodWorker.invokeTestMethods(TestMethodWorker.java:146)
at org.testng.internal.TestMethodWorker.run(TestMethodWorker.java:128)
at java.base/java.util.ArrayList.forEach(ArrayList.java:1511)
at org.testng.TestRunner.privateRun(TestRunner.java:770)
at org.testng.TestRunner.run(TestRunner.java:591)
at org.testng.SuiteRunner.runTest(SuiteRunner.java:402)
at org.testng.SuiteRunner.runSequentially(SuiteRunner.java:396)
at org.testng.SuiteRunner.privateRun(SuiteRunner.java:355)
at org.testng.SuiteRunner.run(SuiteRunner.java:304)
at org.testng.SuiteRunnerWorker.runSuite(SuiteRunnerWorker.java:53)
at org.testng.SuiteRunnerWorker.run(SuiteRunnerWorker.java:96)
at org.testng.TestNG.runSuitesSequentially(TestNG.java:1180)
at org.testng.TestNG.runSuitesLocally(TestNG.java:1102)
at org.testng.TestNG.runSuites(TestNG.java:1032)
at org.testng.TestNG.run(TestNG.java:1000)
at org.testng.remote.AbstractRemoteTestNG.run(AbstractRemoteTestNG.java:115)
at org.testng.remote.RemoteTestNG.initAndRun(RemoteTestNG.java:251)
at org.testng.remote.RemoteTestNG.main(RemoteTestNG.java:77)
]]>
            </full-stacktrace>
          </exception> <!-- java.lang.ArrayIndexOutOfBoundsException -->
          <reporter-output>
          </reporter-output>
        </test-method> <!-- EditRecordwithoutModifyreason -->
        <test-method is-config="true" signature="afterEachMethod(java.lang.reflect.Method)[pri:0, instance:com.tetherfi.test.tmac.Templates_FeaturesTabTest@5f56424d]" started-at="2021-06-04T10:48:10 IST" name="afterEachMethod" finished-at="2021-06-04T10:48:12 IST" duration-ms="2135" status="PASS">
          <params>
            <param index="0">
              <value>
                <![CDATA[public void com.tetherfi.test.tmac.Templates_FeaturesTabTest.EditRecordwithoutModifyreason() throws java.lang.Exception]]>
              </value>
            </param>
          </params>
          <reporter-output>
          </reporter-output>
        </test-method> <!-- afterEachMethod -->
        <test-method is-config="true" signature="endTestCase(java.lang.reflect.Method)[pri:0, instance:com.tetherfi.test.tmac.Templates_FeaturesTabTest@5f56424d]" started-at="2021-06-04T10:48:12 IST" name="endTestCase" finished-at="2021-06-04T10:48:12 IST" duration-ms="0" status="PASS">
          <params>
            <param index="0">
              <value>
                <![CDATA[public void com.tetherfi.test.tmac.Templates_FeaturesTabTest.EditRecordwithoutModifyreason() throws java.lang.Exception]]>
              </value>
            </param>
          </params>
          <reporter-output>
          </reporter-output>
        </test-method> <!-- endTestCase -->
        <test-method is-config="true" signature="startTestCase(java.lang.reflect.Method)[pri:0, instance:com.tetherfi.test.tmac.Templates_FeaturesTabTest@5f56424d]" started-at="2021-06-04T10:48:12 IST" name="startTestCase" finished-at="2021-06-04T10:48:12 IST" duration-ms="1" status="PASS">
          <params>
            <param index="0">
              <value>
                <![CDATA[public void com.tetherfi.test.tmac.Templates_FeaturesTabTest.VerifyCancelBtnatEditRecord() throws java.lang.Exception]]>
              </value>
            </param>
          </params>
          <reporter-output>
          </reporter-output>
        </test-method> <!-- startTestCase -->
        <test-method is-config="true" signature="NavigateToAgentTemplatePage()[pri:0, instance:com.tetherfi.test.tmac.Templates_FeaturesTabTest@5f56424d]" started-at="2021-06-04T10:48:12 IST" name="NavigateToAgentTemplatePage" finished-at="2021-06-04T10:48:18 IST" duration-ms="5501" status="PASS">
          <reporter-output>
          </reporter-output>
        </test-method> <!-- NavigateToAgentTemplatePage -->
        <test-method signature="VerifyCancelBtnatEditRecord()[pri:6, instance:com.tetherfi.test.tmac.Templates_FeaturesTabTest@5f56424d]" started-at="2021-06-04T10:48:18 IST" name="VerifyCancelBtnatEditRecord" description="verify the cancel button at edit record" finished-at="2021-06-04T10:48:23 IST" duration-ms="4898" status="FAIL">
          <exception class="java.lang.ArrayIndexOutOfBoundsException">
            <message>
              <![CDATA[Index 1 out of bounds for length 1]]>
            </message>
            <full-stacktrace>
              <![CDATA[java.lang.ArrayIndexOutOfBoundsException: Index 1 out of bounds for length 1
at com.tetherfi.pages.AgentTemplatePage.gettable(AgentTemplatePage.java:1211)
at com.tetherfi.pages.AgentTemplatePage.verifySearchIsEqualTo(AgentTemplatePage.java:1666)
at com.tetherfi.pages.AgentTemplatePage.editCancelFeaturesTab(AgentTemplatePage.java:2590)
at com.tetherfi.test.tmac.Templates_FeaturesTabTest.VerifyCancelBtnatEditRecord(Templates_FeaturesTabTest.java:92)
at java.base/jdk.internal.reflect.NativeMethodAccessorImpl.invoke0(Native Method)
at java.base/jdk.internal.reflect.NativeMethodAccessorImpl.invoke(NativeMethodAccessorImpl.java:62)
at java.base/jdk.internal.reflect.DelegatingMethodAccessorImpl.invoke(DelegatingMethodAccessorImpl.java:43)
at java.base/java.lang.reflect.Method.invoke(Method.java:564)
at org.testng.internal.MethodInvocationHelper.invokeMethod(MethodInvocationHelper.java:133)
at org.testng.internal.TestInvoker.invokeMethod(TestInvoker.java:584)
at org.testng.internal.TestInvoker.invokeTestMethod(TestInvoker.java:172)
at org.testng.internal.MethodRunner.runInSequence(MethodRunner.java:46)
at org.testng.internal.TestInvoker$MethodInvocationAgent.invoke(TestInvoker.java:804)
at org.testng.internal.TestInvoker.invokeTestMethods(TestInvoker.java:145)
at org.testng.internal.TestMethodWorker.invokeTestMethods(TestMethodWorker.java:146)
at org.testng.internal.TestMethodWorker.run(TestMethodWorker.java:128)
at java.base/java.util.ArrayList.forEach(ArrayList.java:1511)
at org.testng.TestRunner.privateRun(TestRunner.java:770)
at org.testng.TestRunner.run(TestRunner.java:591)
at org.testng.SuiteRunner.runTest(SuiteRunner.java:402)
at org.testng.SuiteRunner.runSequentially(SuiteRunner.java:396)
at org.testng.SuiteRunner.privateRun(SuiteRunner.java:355)
at org.testng.SuiteRunner.run(SuiteRunner.java:304)
at org.testng.SuiteRunnerWorker.runSuite(SuiteRunnerWorker.java:53)
at org.testng.SuiteRunnerWorker.run(SuiteRunnerWorker.java:96)
at org.testng.TestNG.runSuitesSequentially(TestNG.java:1180)
at org.testng.TestNG.runSuitesLocally(TestNG.java:1102)
at org.testng.TestNG.runSuites(TestNG.java:1032)
at org.testng.TestNG.run(TestNG.java:1000)
at org.testng.remote.AbstractRemoteTestNG.run(AbstractRemoteTestNG.java:115)
at org.testng.remote.RemoteTestNG.initAndRun(RemoteTestNG.java:251)
at org.testng.remote.RemoteTestNG.main(RemoteTestNG.java:77)
]]>
            </full-stacktrace>
          </exception> <!-- java.lang.ArrayIndexOutOfBoundsException -->
          <reporter-output>
          </reporter-output>
        </test-method> <!-- VerifyCancelBtnatEditRecord -->
        <test-method is-config="true" signature="afterEachMethod(java.lang.reflect.Method)[pri:0, instance:com.tetherfi.test.tmac.Templates_FeaturesTabTest@5f56424d]" started-at="2021-06-04T10:48:23 IST" name="afterEachMethod" finished-at="2021-06-04T10:48:25 IST" duration-ms="1838" status="PASS">
          <params>
            <param index="0">
              <value>
                <![CDATA[public void com.tetherfi.test.tmac.Templates_FeaturesTabTest.VerifyCancelBtnatEditRecord() throws java.lang.Exception]]>
              </value>
            </param>
          </params>
          <reporter-output>
          </reporter-output>
        </test-method> <!-- afterEachMethod -->
        <test-method is-config="true" signature="endTestCase(java.lang.reflect.Method)[pri:0, instance:com.tetherfi.test.tmac.Templates_FeaturesTabTest@5f56424d]" started-at="2021-06-04T10:48:25 IST" name="endTestCase" finished-at="2021-06-04T10:48:25 IST" duration-ms="1" status="PASS">
          <params>
            <param index="0">
              <value>
                <![CDATA[public void com.tetherfi.test.tmac.Templates_FeaturesTabTest.VerifyCancelBtnatEditRecord() throws java.lang.Exception]]>
              </value>
            </param>
          </params>
          <reporter-output>
          </reporter-output>
        </test-method> <!-- endTestCase -->
        <test-method is-config="true" signature="startTestCase(java.lang.reflect.Method)[pri:0, instance:com.tetherfi.test.tmac.Templates_FeaturesTabTest@5f56424d]" started-at="2021-06-04T10:48:25 IST" name="startTestCase" finished-at="2021-06-04T10:48:25 IST" duration-ms="1" status="PASS">
          <params>
            <param index="0">
              <value>
                <![CDATA[public void com.tetherfi.test.tmac.Templates_FeaturesTabTest.EditScreenRecord() throws java.lang.Exception]]>
              </value>
            </param>
          </params>
          <reporter-output>
          </reporter-output>
        </test-method> <!-- startTestCase -->
        <test-method is-config="true" signature="NavigateToAgentTemplatePage()[pri:0, instance:com.tetherfi.test.tmac.Templates_FeaturesTabTest@5f56424d]" started-at="2021-06-04T10:48:25 IST" name="NavigateToAgentTemplatePage" finished-at="2021-06-04T10:48:30 IST" duration-ms="5079" status="PASS">
          <reporter-output>
          </reporter-output>
        </test-method> <!-- NavigateToAgentTemplatePage -->
        <test-method signature="EditScreenRecord()[pri:7, instance:com.tetherfi.test.tmac.Templates_FeaturesTabTest@5f56424d]" started-at="2021-06-04T10:48:30 IST" name="EditScreenRecord" description="verify the edit button" finished-at="2021-06-04T10:48:35 IST" duration-ms="4782" status="FAIL">
          <exception class="java.lang.ArrayIndexOutOfBoundsException">
            <message>
              <![CDATA[Index 1 out of bounds for length 1]]>
            </message>
            <full-stacktrace>
              <![CDATA[java.lang.ArrayIndexOutOfBoundsException: Index 1 out of bounds for length 1
at com.tetherfi.pages.AgentTemplatePage.gettable(AgentTemplatePage.java:1211)
at com.tetherfi.pages.AgentTemplatePage.verifySearchIsEqualTo(AgentTemplatePage.java:1666)
at com.tetherfi.pages.AgentTemplatePage.editFeaturesRecord(AgentTemplatePage.java:2600)
at com.tetherfi.test.tmac.Templates_FeaturesTabTest.EditScreenRecord(Templates_FeaturesTabTest.java:102)
at java.base/jdk.internal.reflect.NativeMethodAccessorImpl.invoke0(Native Method)
at java.base/jdk.internal.reflect.NativeMethodAccessorImpl.invoke(NativeMethodAccessorImpl.java:62)
at java.base/jdk.internal.reflect.DelegatingMethodAccessorImpl.invoke(DelegatingMethodAccessorImpl.java:43)
at java.base/java.lang.reflect.Method.invoke(Method.java:564)
at org.testng.internal.MethodInvocationHelper.invokeMethod(MethodInvocationHelper.java:133)
at org.testng.internal.TestInvoker.invokeMethod(TestInvoker.java:584)
at org.testng.internal.TestInvoker.invokeTestMethod(TestInvoker.java:172)
at org.testng.internal.MethodRunner.runInSequence(MethodRunner.java:46)
at org.testng.internal.TestInvoker$MethodInvocationAgent.invoke(TestInvoker.java:804)
at org.testng.internal.TestInvoker.invokeTestMethods(TestInvoker.java:145)
at org.testng.internal.TestMethodWorker.invokeTestMethods(TestMethodWorker.java:146)
at org.testng.internal.TestMethodWorker.run(TestMethodWorker.java:128)
at java.base/java.util.ArrayList.forEach(ArrayList.java:1511)
at org.testng.TestRunner.privateRun(TestRunner.java:770)
at org.testng.TestRunner.run(TestRunner.java:591)
at org.testng.SuiteRunner.runTest(SuiteRunner.java:402)
at org.testng.SuiteRunner.runSequentially(SuiteRunner.java:396)
at org.testng.SuiteRunner.privateRun(SuiteRunner.java:355)
at org.testng.SuiteRunner.run(SuiteRunner.java:304)
at org.testng.SuiteRunnerWorker.runSuite(SuiteRunnerWorker.java:53)
at org.testng.SuiteRunnerWorker.run(SuiteRunnerWorker.java:96)
at org.testng.TestNG.runSuitesSequentially(TestNG.java:1180)
at org.testng.TestNG.runSuitesLocally(TestNG.java:1102)
at org.testng.TestNG.runSuites(TestNG.java:1032)
at org.testng.TestNG.run(TestNG.java:1000)
at org.testng.remote.AbstractRemoteTestNG.run(AbstractRemoteTestNG.java:115)
at org.testng.remote.RemoteTestNG.initAndRun(RemoteTestNG.java:251)
at org.testng.remote.RemoteTestNG.main(RemoteTestNG.java:77)
]]>
            </full-stacktrace>
          </exception> <!-- java.lang.ArrayIndexOutOfBoundsException -->
          <reporter-output>
          </reporter-output>
        </test-method> <!-- EditScreenRecord -->
        <test-method is-config="true" signature="afterEachMethod(java.lang.reflect.Method)[pri:0, instance:com.tetherfi.test.tmac.Templates_FeaturesTabTest@5f56424d]" started-at="2021-06-04T10:48:35 IST" name="afterEachMethod" finished-at="2021-06-04T10:48:36 IST" duration-ms="1859" status="PASS">
          <params>
            <param index="0">
              <value>
                <![CDATA[public void com.tetherfi.test.tmac.Templates_FeaturesTabTest.EditScreenRecord() throws java.lang.Exception]]>
              </value>
            </param>
          </params>
          <reporter-output>
          </reporter-output>
        </test-method> <!-- afterEachMethod -->
        <test-method is-config="true" signature="endTestCase(java.lang.reflect.Method)[pri:0, instance:com.tetherfi.test.tmac.Templates_FeaturesTabTest@5f56424d]" started-at="2021-06-04T10:48:36 IST" name="endTestCase" finished-at="2021-06-04T10:48:36 IST" duration-ms="0" status="PASS">
          <params>
            <param index="0">
              <value>
                <![CDATA[public void com.tetherfi.test.tmac.Templates_FeaturesTabTest.EditScreenRecord() throws java.lang.Exception]]>
              </value>
            </param>
          </params>
          <reporter-output>
          </reporter-output>
        </test-method> <!-- endTestCase -->
        <test-method is-config="true" signature="startTestCase(java.lang.reflect.Method)[pri:0, instance:com.tetherfi.test.tmac.Templates_FeaturesTabTest@5f56424d]" started-at="2021-06-04T10:48:36 IST" name="startTestCase" finished-at="2021-06-04T10:48:36 IST" duration-ms="0" status="PASS">
          <params>
            <param index="0">
              <value>
                <![CDATA[public void com.tetherfi.test.tmac.Templates_FeaturesTabTest.DeleteRecordwithoutDeletereason() throws java.lang.Exception]]>
              </value>
            </param>
          </params>
          <reporter-output>
          </reporter-output>
        </test-method> <!-- startTestCase -->
        <test-method is-config="true" signature="NavigateToAgentTemplatePage()[pri:0, instance:com.tetherfi.test.tmac.Templates_FeaturesTabTest@5f56424d]" started-at="2021-06-04T10:48:36 IST" name="NavigateToAgentTemplatePage" finished-at="2021-06-04T10:48:41 IST" duration-ms="4981" status="PASS">
          <reporter-output>
          </reporter-output>
        </test-method> <!-- NavigateToAgentTemplatePage -->
        <test-method signature="DeleteRecordwithoutDeletereason()[pri:8, instance:com.tetherfi.test.tmac.Templates_FeaturesTabTest@5f56424d]" started-at="2021-06-04T10:48:41 IST" name="DeleteRecordwithoutDeletereason" description="verify the delete button without delete reason" finished-at="2021-06-04T10:48:47 IST" duration-ms="5384" status="FAIL">
          <exception class="java.lang.ArrayIndexOutOfBoundsException">
            <message>
              <![CDATA[Index 1 out of bounds for length 1]]>
            </message>
            <full-stacktrace>
              <![CDATA[java.lang.ArrayIndexOutOfBoundsException: Index 1 out of bounds for length 1
at com.tetherfi.pages.AgentTemplatePage.gettable(AgentTemplatePage.java:1211)
at com.tetherfi.pages.AgentTemplatePage.verifySearchIsEqualTo(AgentTemplatePage.java:1666)
at com.tetherfi.pages.AgentTemplatePage.deleteWithoutDeletereasonFeaturestab(AgentTemplatePage.java:2614)
at com.tetherfi.test.tmac.Templates_FeaturesTabTest.DeleteRecordwithoutDeletereason(Templates_FeaturesTabTest.java:112)
at java.base/jdk.internal.reflect.NativeMethodAccessorImpl.invoke0(Native Method)
at java.base/jdk.internal.reflect.NativeMethodAccessorImpl.invoke(NativeMethodAccessorImpl.java:62)
at java.base/jdk.internal.reflect.DelegatingMethodAccessorImpl.invoke(DelegatingMethodAccessorImpl.java:43)
at java.base/java.lang.reflect.Method.invoke(Method.java:564)
at org.testng.internal.MethodInvocationHelper.invokeMethod(MethodInvocationHelper.java:133)
at org.testng.internal.TestInvoker.invokeMethod(TestInvoker.java:584)
at org.testng.internal.TestInvoker.invokeTestMethod(TestInvoker.java:172)
at org.testng.internal.MethodRunner.runInSequence(MethodRunner.java:46)
at org.testng.internal.TestInvoker$MethodInvocationAgent.invoke(TestInvoker.java:804)
at org.testng.internal.TestInvoker.invokeTestMethods(TestInvoker.java:145)
at org.testng.internal.TestMethodWorker.invokeTestMethods(TestMethodWorker.java:146)
at org.testng.internal.TestMethodWorker.run(TestMethodWorker.java:128)
at java.base/java.util.ArrayList.forEach(ArrayList.java:1511)
at org.testng.TestRunner.privateRun(TestRunner.java:770)
at org.testng.TestRunner.run(TestRunner.java:591)
at org.testng.SuiteRunner.runTest(SuiteRunner.java:402)
at org.testng.SuiteRunner.runSequentially(SuiteRunner.java:396)
at org.testng.SuiteRunner.privateRun(SuiteRunner.java:355)
at org.testng.SuiteRunner.run(SuiteRunner.java:304)
at org.testng.SuiteRunnerWorker.runSuite(SuiteRunnerWorker.java:53)
at org.testng.SuiteRunnerWorker.run(SuiteRunnerWorker.java:96)
at org.testng.TestNG.runSuitesSequentially(TestNG.java:1180)
at org.testng.TestNG.runSuitesLocally(TestNG.java:1102)
at org.testng.TestNG.runSuites(TestNG.java:1032)
at org.testng.TestNG.run(TestNG.java:1000)
at org.testng.remote.AbstractRemoteTestNG.run(AbstractRemoteTestNG.java:115)
at org.testng.remote.RemoteTestNG.initAndRun(RemoteTestNG.java:251)
at org.testng.remote.RemoteTestNG.main(RemoteTestNG.java:77)
]]>
            </full-stacktrace>
          </exception> <!-- java.lang.ArrayIndexOutOfBoundsException -->
          <reporter-output>
          </reporter-output>
        </test-method> <!-- DeleteRecordwithoutDeletereason -->
        <test-method is-config="true" signature="afterEachMethod(java.lang.reflect.Method)[pri:0, instance:com.tetherfi.test.tmac.Templates_FeaturesTabTest@5f56424d]" started-at="2021-06-04T10:48:47 IST" name="afterEachMethod" finished-at="2021-06-04T10:48:51 IST" duration-ms="3739" status="PASS">
          <params>
            <param index="0">
              <value>
                <![CDATA[public void com.tetherfi.test.tmac.Templates_FeaturesTabTest.DeleteRecordwithoutDeletereason() throws java.lang.Exception]]>
              </value>
            </param>
          </params>
          <reporter-output>
          </reporter-output>
        </test-method> <!-- afterEachMethod -->
        <test-method is-config="true" signature="endTestCase(java.lang.reflect.Method)[pri:0, instance:com.tetherfi.test.tmac.Templates_FeaturesTabTest@5f56424d]" started-at="2021-06-04T10:48:51 IST" name="endTestCase" finished-at="2021-06-04T10:48:51 IST" duration-ms="1" status="PASS">
          <params>
            <param index="0">
              <value>
                <![CDATA[public void com.tetherfi.test.tmac.Templates_FeaturesTabTest.DeleteRecordwithoutDeletereason() throws java.lang.Exception]]>
              </value>
            </param>
          </params>
          <reporter-output>
          </reporter-output>
        </test-method> <!-- endTestCase -->
        <test-method is-config="true" signature="startTestCase(java.lang.reflect.Method)[pri:0, instance:com.tetherfi.test.tmac.Templates_FeaturesTabTest@5f56424d]" started-at="2021-06-04T10:48:51 IST" name="startTestCase" finished-at="2021-06-04T10:48:51 IST" duration-ms="1" status="PASS">
          <params>
            <param index="0">
              <value>
                <![CDATA[public void com.tetherfi.test.tmac.Templates_FeaturesTabTest.VerifyCancelBtnatDeleteRecord() throws java.lang.Exception]]>
              </value>
            </param>
          </params>
          <reporter-output>
          </reporter-output>
        </test-method> <!-- startTestCase -->
        <test-method is-config="true" signature="NavigateToAgentTemplatePage()[pri:0, instance:com.tetherfi.test.tmac.Templates_FeaturesTabTest@5f56424d]" started-at="2021-06-04T10:48:51 IST" name="NavigateToAgentTemplatePage" finished-at="2021-06-04T10:48:57 IST" duration-ms="6964" status="PASS">
          <reporter-output>
          </reporter-output>
        </test-method> <!-- NavigateToAgentTemplatePage -->
        <test-method signature="VerifyCancelBtnatDeleteRecord()[pri:9, instance:com.tetherfi.test.tmac.Templates_FeaturesTabTest@5f56424d]" started-at="2021-06-04T10:48:57 IST" name="VerifyCancelBtnatDeleteRecord" description="verify the cancel button at delete record" finished-at="2021-06-04T10:49:02 IST" duration-ms="5007" status="FAIL">
          <exception class="java.lang.ArrayIndexOutOfBoundsException">
            <message>
              <![CDATA[Index 1 out of bounds for length 1]]>
            </message>
            <full-stacktrace>
              <![CDATA[java.lang.ArrayIndexOutOfBoundsException: Index 1 out of bounds for length 1
at com.tetherfi.pages.AgentTemplatePage.gettable(AgentTemplatePage.java:1211)
at com.tetherfi.pages.AgentTemplatePage.verifySearchIsEqualTo(AgentTemplatePage.java:1666)
at com.tetherfi.pages.AgentTemplatePage.DeleteCancelFeaturestab(AgentTemplatePage.java:2625)
at com.tetherfi.test.tmac.Templates_FeaturesTabTest.VerifyCancelBtnatDeleteRecord(Templates_FeaturesTabTest.java:122)
at java.base/jdk.internal.reflect.NativeMethodAccessorImpl.invoke0(Native Method)
at java.base/jdk.internal.reflect.NativeMethodAccessorImpl.invoke(NativeMethodAccessorImpl.java:62)
at java.base/jdk.internal.reflect.DelegatingMethodAccessorImpl.invoke(DelegatingMethodAccessorImpl.java:43)
at java.base/java.lang.reflect.Method.invoke(Method.java:564)
at org.testng.internal.MethodInvocationHelper.invokeMethod(MethodInvocationHelper.java:133)
at org.testng.internal.TestInvoker.invokeMethod(TestInvoker.java:584)
at org.testng.internal.TestInvoker.invokeTestMethod(TestInvoker.java:172)
at org.testng.internal.MethodRunner.runInSequence(MethodRunner.java:46)
at org.testng.internal.TestInvoker$MethodInvocationAgent.invoke(TestInvoker.java:804)
at org.testng.internal.TestInvoker.invokeTestMethods(TestInvoker.java:145)
at org.testng.internal.TestMethodWorker.invokeTestMethods(TestMethodWorker.java:146)
at org.testng.internal.TestMethodWorker.run(TestMethodWorker.java:128)
at java.base/java.util.ArrayList.forEach(ArrayList.java:1511)
at org.testng.TestRunner.privateRun(TestRunner.java:770)
at org.testng.TestRunner.run(TestRunner.java:591)
at org.testng.SuiteRunner.runTest(SuiteRunner.java:402)
at org.testng.SuiteRunner.runSequentially(SuiteRunner.java:396)
at org.testng.SuiteRunner.privateRun(SuiteRunner.java:355)
at org.testng.SuiteRunner.run(SuiteRunner.java:304)
at org.testng.SuiteRunnerWorker.runSuite(SuiteRunnerWorker.java:53)
at org.testng.SuiteRunnerWorker.run(SuiteRunnerWorker.java:96)
at org.testng.TestNG.runSuitesSequentially(TestNG.java:1180)
at org.testng.TestNG.runSuitesLocally(TestNG.java:1102)
at org.testng.TestNG.runSuites(TestNG.java:1032)
at org.testng.TestNG.run(TestNG.java:1000)
at org.testng.remote.AbstractRemoteTestNG.run(AbstractRemoteTestNG.java:115)
at org.testng.remote.RemoteTestNG.initAndRun(RemoteTestNG.java:251)
at org.testng.remote.RemoteTestNG.main(RemoteTestNG.java:77)
]]>
            </full-stacktrace>
          </exception> <!-- java.lang.ArrayIndexOutOfBoundsException -->
          <reporter-output>
          </reporter-output>
        </test-method> <!-- VerifyCancelBtnatDeleteRecord -->
        <test-method is-config="true" signature="afterEachMethod(java.lang.reflect.Method)[pri:0, instance:com.tetherfi.test.tmac.Templates_FeaturesTabTest@5f56424d]" started-at="2021-06-04T10:49:02 IST" name="afterEachMethod" finished-at="2021-06-04T10:49:04 IST" duration-ms="1799" status="PASS">
          <params>
            <param index="0">
              <value>
                <![CDATA[public void com.tetherfi.test.tmac.Templates_FeaturesTabTest.VerifyCancelBtnatDeleteRecord() throws java.lang.Exception]]>
              </value>
            </param>
          </params>
          <reporter-output>
          </reporter-output>
        </test-method> <!-- afterEachMethod -->
        <test-method is-config="true" signature="endTestCase(java.lang.reflect.Method)[pri:0, instance:com.tetherfi.test.tmac.Templates_FeaturesTabTest@5f56424d]" started-at="2021-06-04T10:49:04 IST" name="endTestCase" finished-at="2021-06-04T10:49:04 IST" duration-ms="0" status="PASS">
          <params>
            <param index="0">
              <value>
                <![CDATA[public void com.tetherfi.test.tmac.Templates_FeaturesTabTest.VerifyCancelBtnatDeleteRecord() throws java.lang.Exception]]>
              </value>
            </param>
          </params>
          <reporter-output>
          </reporter-output>
        </test-method> <!-- endTestCase -->
        <test-method is-config="true" signature="NavigateToAgentTemplatePage()[pri:0, instance:com.tetherfi.test.tmac.Templates_FeaturesTabTest@5f56424d]" started-at="2021-06-04T10:49:04 IST" name="NavigateToAgentTemplatePage" finished-at="2021-06-04T10:49:09 IST" duration-ms="4933" status="PASS">
          <reporter-output>
          </reporter-output>
        </test-method> <!-- NavigateToAgentTemplatePage -->
        <test-method is-config="true" signature="startTestCase(java.lang.reflect.Method)[pri:0, instance:com.tetherfi.test.tmac.Templates_FeaturesTabTest@5f56424d]" started-at="2021-06-04T10:49:04 IST" name="startTestCase" finished-at="2021-06-04T10:49:04 IST" duration-ms="0" status="PASS">
          <params>
            <param index="0">
              <value>
                <![CDATA[public void com.tetherfi.test.tmac.Templates_FeaturesTabTest.DeleteFeaturesTemplateRecord() throws java.lang.Exception]]>
              </value>
            </param>
          </params>
          <reporter-output>
          </reporter-output>
        </test-method> <!-- startTestCase -->
        <test-method signature="DeleteFeaturesTemplateRecord()[pri:10, instance:com.tetherfi.test.tmac.Templates_FeaturesTabTest@5f56424d]" started-at="2021-06-04T10:49:09 IST" name="DeleteFeaturesTemplateRecord" description="verify the delete button" finished-at="2021-06-04T10:49:14 IST" duration-ms="4861" status="FAIL">
          <exception class="java.lang.ArrayIndexOutOfBoundsException">
            <message>
              <![CDATA[Index 1 out of bounds for length 1]]>
            </message>
            <full-stacktrace>
              <![CDATA[java.lang.ArrayIndexOutOfBoundsException: Index 1 out of bounds for length 1
at com.tetherfi.pages.AgentTemplatePage.gettable(AgentTemplatePage.java:1211)
at com.tetherfi.pages.AgentTemplatePage.verifySearchIsEqualTo(AgentTemplatePage.java:1666)
at com.tetherfi.pages.AgentTemplatePage.deleteFeaturesRecord(AgentTemplatePage.java:2641)
at com.tetherfi.test.tmac.Templates_FeaturesTabTest.DeleteFeaturesTemplateRecord(Templates_FeaturesTabTest.java:131)
at java.base/jdk.internal.reflect.NativeMethodAccessorImpl.invoke0(Native Method)
at java.base/jdk.internal.reflect.NativeMethodAccessorImpl.invoke(NativeMethodAccessorImpl.java:62)
at java.base/jdk.internal.reflect.DelegatingMethodAccessorImpl.invoke(DelegatingMethodAccessorImpl.java:43)
at java.base/java.lang.reflect.Method.invoke(Method.java:564)
at org.testng.internal.MethodInvocationHelper.invokeMethod(MethodInvocationHelper.java:133)
at org.testng.internal.TestInvoker.invokeMethod(TestInvoker.java:584)
at org.testng.internal.TestInvoker.invokeTestMethod(TestInvoker.java:172)
at org.testng.internal.MethodRunner.runInSequence(MethodRunner.java:46)
at org.testng.internal.TestInvoker$MethodInvocationAgent.invoke(TestInvoker.java:804)
at org.testng.internal.TestInvoker.invokeTestMethods(TestInvoker.java:145)
at org.testng.internal.TestMethodWorker.invokeTestMethods(TestMethodWorker.java:146)
at org.testng.internal.TestMethodWorker.run(TestMethodWorker.java:128)
at java.base/java.util.ArrayList.forEach(ArrayList.java:1511)
at org.testng.TestRunner.privateRun(TestRunner.java:770)
at org.testng.TestRunner.run(TestRunner.java:591)
at org.testng.SuiteRunner.runTest(SuiteRunner.java:402)
at org.testng.SuiteRunner.runSequentially(SuiteRunner.java:396)
at org.testng.SuiteRunner.privateRun(SuiteRunner.java:355)
at org.testng.SuiteRunner.run(SuiteRunner.java:304)
at org.testng.SuiteRunnerWorker.runSuite(SuiteRunnerWorker.java:53)
at org.testng.SuiteRunnerWorker.run(SuiteRunnerWorker.java:96)
at org.testng.TestNG.runSuitesSequentially(TestNG.java:1180)
at org.testng.TestNG.runSuitesLocally(TestNG.java:1102)
at org.testng.TestNG.runSuites(TestNG.java:1032)
at org.testng.TestNG.run(TestNG.java:1000)
at org.testng.remote.AbstractRemoteTestNG.run(AbstractRemoteTestNG.java:115)
at org.testng.remote.RemoteTestNG.initAndRun(RemoteTestNG.java:251)
at org.testng.remote.RemoteTestNG.main(RemoteTestNG.java:77)
]]>
            </full-stacktrace>
          </exception> <!-- java.lang.ArrayIndexOutOfBoundsException -->
          <reporter-output>
          </reporter-output>
        </test-method> <!-- DeleteFeaturesTemplateRecord -->
        <test-method is-config="true" signature="afterEachMethod(java.lang.reflect.Method)[pri:0, instance:com.tetherfi.test.tmac.Templates_FeaturesTabTest@5f56424d]" started-at="2021-06-04T10:49:14 IST" name="afterEachMethod" finished-at="2021-06-04T10:49:16 IST" duration-ms="1899" status="PASS">
          <params>
            <param index="0">
              <value>
                <![CDATA[public void com.tetherfi.test.tmac.Templates_FeaturesTabTest.DeleteFeaturesTemplateRecord() throws java.lang.Exception]]>
              </value>
            </param>
          </params>
          <reporter-output>
          </reporter-output>
        </test-method> <!-- afterEachMethod -->
        <test-method is-config="true" signature="endTestCase(java.lang.reflect.Method)[pri:0, instance:com.tetherfi.test.tmac.Templates_FeaturesTabTest@5f56424d]" started-at="2021-06-04T10:49:16 IST" name="endTestCase" finished-at="2021-06-04T10:49:16 IST" duration-ms="0" status="PASS">
          <params>
            <param index="0">
              <value>
                <![CDATA[public void com.tetherfi.test.tmac.Templates_FeaturesTabTest.DeleteFeaturesTemplateRecord() throws java.lang.Exception]]>
              </value>
            </param>
          </params>
          <reporter-output>
          </reporter-output>
        </test-method> <!-- endTestCase -->
        <test-method is-config="true" signature="NavigateToAgentTemplatePage()[pri:0, instance:com.tetherfi.test.tmac.Templates_FeaturesTabTest@5f56424d]" started-at="2021-06-04T10:49:16 IST" name="NavigateToAgentTemplatePage" finished-at="2021-06-04T10:49:21 IST" duration-ms="5008" status="PASS">
          <reporter-output>
          </reporter-output>
        </test-method> <!-- NavigateToAgentTemplatePage -->
        <test-method is-config="true" signature="startTestCase(java.lang.reflect.Method)[pri:0, instance:com.tetherfi.test.tmac.Templates_FeaturesTabTest@5f56424d]" started-at="2021-06-04T10:49:16 IST" name="startTestCase" finished-at="2021-06-04T10:49:16 IST" duration-ms="0" status="PASS">
          <params>
            <param index="0">
              <value>
                <![CDATA[public void com.tetherfi.test.tmac.Templates_FeaturesTabTest.DeleteRecordwithoutFeatures() throws java.lang.Exception]]>
              </value>
            </param>
          </params>
          <reporter-output>
          </reporter-output>
        </test-method> <!-- startTestCase -->
        <test-method signature="DeleteRecordwithoutFeatures()[pri:11, instance:com.tetherfi.test.tmac.Templates_FeaturesTabTest@5f56424d]" started-at="2021-06-04T10:49:21 IST" name="DeleteRecordwithoutFeatures" description="verify the delete button" finished-at="2021-06-04T10:49:26 IST" duration-ms="4875" status="FAIL">
          <exception class="java.lang.ArrayIndexOutOfBoundsException">
            <message>
              <![CDATA[Index 1 out of bounds for length 1]]>
            </message>
            <full-stacktrace>
              <![CDATA[java.lang.ArrayIndexOutOfBoundsException: Index 1 out of bounds for length 1
at com.tetherfi.pages.AgentTemplatePage.gettable(AgentTemplatePage.java:1211)
at com.tetherfi.pages.AgentTemplatePage.verifySearchIsEqualTo(AgentTemplatePage.java:1666)
at com.tetherfi.pages.AgentTemplatePage.deleteFeaturesRecord(AgentTemplatePage.java:2641)
at com.tetherfi.test.tmac.Templates_FeaturesTabTest.DeleteRecordwithoutFeatures(Templates_FeaturesTabTest.java:141)
at java.base/jdk.internal.reflect.NativeMethodAccessorImpl.invoke0(Native Method)
at java.base/jdk.internal.reflect.NativeMethodAccessorImpl.invoke(NativeMethodAccessorImpl.java:62)
at java.base/jdk.internal.reflect.DelegatingMethodAccessorImpl.invoke(DelegatingMethodAccessorImpl.java:43)
at java.base/java.lang.reflect.Method.invoke(Method.java:564)
at org.testng.internal.MethodInvocationHelper.invokeMethod(MethodInvocationHelper.java:133)
at org.testng.internal.TestInvoker.invokeMethod(TestInvoker.java:584)
at org.testng.internal.TestInvoker.invokeTestMethod(TestInvoker.java:172)
at org.testng.internal.MethodRunner.runInSequence(MethodRunner.java:46)
at org.testng.internal.TestInvoker$MethodInvocationAgent.invoke(TestInvoker.java:804)
at org.testng.internal.TestInvoker.invokeTestMethods(TestInvoker.java:145)
at org.testng.internal.TestMethodWorker.invokeTestMethods(TestMethodWorker.java:146)
at org.testng.internal.TestMethodWorker.run(TestMethodWorker.java:128)
at java.base/java.util.ArrayList.forEach(ArrayList.java:1511)
at org.testng.TestRunner.privateRun(TestRunner.java:770)
at org.testng.TestRunner.run(TestRunner.java:591)
at org.testng.SuiteRunner.runTest(SuiteRunner.java:402)
at org.testng.SuiteRunner.runSequentially(SuiteRunner.java:396)
at org.testng.SuiteRunner.privateRun(SuiteRunner.java:355)
at org.testng.SuiteRunner.run(SuiteRunner.java:304)
at org.testng.SuiteRunnerWorker.runSuite(SuiteRunnerWorker.java:53)
at org.testng.SuiteRunnerWorker.run(SuiteRunnerWorker.java:96)
at org.testng.TestNG.runSuitesSequentially(TestNG.java:1180)
at org.testng.TestNG.runSuitesLocally(TestNG.java:1102)
at org.testng.TestNG.runSuites(TestNG.java:1032)
at org.testng.TestNG.run(TestNG.java:1000)
at org.testng.remote.AbstractRemoteTestNG.run(AbstractRemoteTestNG.java:115)
at org.testng.remote.RemoteTestNG.initAndRun(RemoteTestNG.java:251)
at org.testng.remote.RemoteTestNG.main(RemoteTestNG.java:77)
]]>
            </full-stacktrace>
          </exception> <!-- java.lang.ArrayIndexOutOfBoundsException -->
          <reporter-output>
          </reporter-output>
        </test-method> <!-- DeleteRecordwithoutFeatures -->
        <test-method is-config="true" signature="afterEachMethod(java.lang.reflect.Method)[pri:0, instance:com.tetherfi.test.tmac.Templates_FeaturesTabTest@5f56424d]" started-at="2021-06-04T10:49:26 IST" name="afterEachMethod" finished-at="2021-06-04T10:49:28 IST" duration-ms="1733" status="PASS">
          <params>
            <param index="0">
              <value>
                <![CDATA[public void com.tetherfi.test.tmac.Templates_FeaturesTabTest.DeleteRecordwithoutFeatures() throws java.lang.Exception]]>
              </value>
            </param>
          </params>
          <reporter-output>
          </reporter-output>
        </test-method> <!-- afterEachMethod -->
        <test-method is-config="true" signature="endTestCase(java.lang.reflect.Method)[pri:0, instance:com.tetherfi.test.tmac.Templates_FeaturesTabTest@5f56424d]" started-at="2021-06-04T10:49:28 IST" name="endTestCase" finished-at="2021-06-04T10:49:28 IST" duration-ms="1" status="PASS">
          <params>
            <param index="0">
              <value>
                <![CDATA[public void com.tetherfi.test.tmac.Templates_FeaturesTabTest.DeleteRecordwithoutFeatures() throws java.lang.Exception]]>
              </value>
            </param>
          </params>
          <reporter-output>
          </reporter-output>
        </test-method> <!-- endTestCase -->
        <test-method is-config="true" signature="tearDown()[pri:0, instance:com.tetherfi.test.tmac.Templates_FeaturesTabTest@5f56424d]" started-at="2021-06-04T10:49:28 IST" name="tearDown" finished-at="2021-06-04T10:49:30 IST" duration-ms="2609" status="PASS">
          <reporter-output>
          </reporter-output>
        </test-method> <!-- tearDown -->
      </class> <!-- com.tetherfi.test.tmac.Templates_FeaturesTabTest -->
      <class name="com.tetherfi.test.tmac.Templates_WidgetTabTest">
        <test-method is-config="true" signature="openApplication()[pri:0, instance:com.tetherfi.test.tmac.Templates_WidgetTabTest@401788d5]" started-at="2021-06-04T10:37:35 IST" name="openApplication" finished-at="2021-06-04T10:37:43 IST" duration-ms="8067" status="PASS">
          <reporter-output>
          </reporter-output>
        </test-method> <!-- openApplication -->
        <test-method is-config="true" signature="startTestCase(java.lang.reflect.Method)[pri:0, instance:com.tetherfi.test.tmac.Templates_WidgetTabTest@401788d5]" started-at="2021-06-04T10:37:43 IST" name="startTestCase" finished-at="2021-06-04T10:37:43 IST" duration-ms="0" status="PASS">
          <params>
            <param index="0">
              <value>
                <![CDATA[public void com.tetherfi.test.tmac.Templates_WidgetTabTest.addTemplateWithoutWidget() throws java.lang.Exception]]>
              </value>
            </param>
          </params>
          <reporter-output>
          </reporter-output>
        </test-method> <!-- startTestCase -->
        <test-method is-config="true" signature="NavigateToAgentTemplatePage()[pri:0, instance:com.tetherfi.test.tmac.Templates_WidgetTabTest@401788d5]" started-at="2021-06-04T10:37:43 IST" name="NavigateToAgentTemplatePage" finished-at="2021-06-04T10:37:51 IST" duration-ms="7797" status="PASS">
          <reporter-output>
          </reporter-output>
        </test-method> <!-- NavigateToAgentTemplatePage -->
        <test-method signature="addTemplateWithoutWidget()[pri:1, instance:com.tetherfi.test.tmac.Templates_WidgetTabTest@401788d5]" started-at="2021-06-04T10:37:51 IST" name="addTemplateWithoutWidget" description="Verify the Add new record Without Widget" finished-at="2021-06-04T10:38:54 IST" duration-ms="62977" status="FAIL">
          <exception class="java.lang.AssertionError">
            <message>
              <![CDATA[did not expect to find [true] but found [false]]]>
            </message>
            <full-stacktrace>
              <![CDATA[java.lang.AssertionError: did not expect to find [true] but found [false]
at org.testng.Assert.fail(Assert.java:97)
at org.testng.Assert.failNotEquals(Assert.java:969)
at org.testng.Assert.assertTrue(Assert.java:43)
at org.testng.Assert.assertTrue(Assert.java:53)
at com.tetherfi.test.tmac.Templates_WidgetTabTest.addTemplateWithoutWidget(Templates_WidgetTabTest.java:45)
at java.base/jdk.internal.reflect.NativeMethodAccessorImpl.invoke0(Native Method)
at java.base/jdk.internal.reflect.NativeMethodAccessorImpl.invoke(NativeMethodAccessorImpl.java:62)
at java.base/jdk.internal.reflect.DelegatingMethodAccessorImpl.invoke(DelegatingMethodAccessorImpl.java:43)
at java.base/java.lang.reflect.Method.invoke(Method.java:564)
at org.testng.internal.MethodInvocationHelper.invokeMethod(MethodInvocationHelper.java:133)
at org.testng.internal.TestInvoker.invokeMethod(TestInvoker.java:584)
at org.testng.internal.TestInvoker.invokeTestMethod(TestInvoker.java:172)
at org.testng.internal.MethodRunner.runInSequence(MethodRunner.java:46)
at org.testng.internal.TestInvoker$MethodInvocationAgent.invoke(TestInvoker.java:804)
at org.testng.internal.TestInvoker.invokeTestMethods(TestInvoker.java:145)
at org.testng.internal.TestMethodWorker.invokeTestMethods(TestMethodWorker.java:146)
at org.testng.internal.TestMethodWorker.run(TestMethodWorker.java:128)
at java.base/java.util.ArrayList.forEach(ArrayList.java:1511)
at org.testng.TestRunner.privateRun(TestRunner.java:770)
at org.testng.TestRunner.run(TestRunner.java:591)
at org.testng.SuiteRunner.runTest(SuiteRunner.java:402)
at org.testng.SuiteRunner.runSequentially(SuiteRunner.java:396)
at org.testng.SuiteRunner.privateRun(SuiteRunner.java:355)
at org.testng.SuiteRunner.run(SuiteRunner.java:304)
at org.testng.SuiteRunnerWorker.runSuite(SuiteRunnerWorker.java:53)
at org.testng.SuiteRunnerWorker.run(SuiteRunnerWorker.java:96)
at org.testng.TestNG.runSuitesSequentially(TestNG.java:1180)
at org.testng.TestNG.runSuitesLocally(TestNG.java:1102)
at org.testng.TestNG.runSuites(TestNG.java:1032)
at org.testng.TestNG.run(TestNG.java:1000)
at org.testng.remote.AbstractRemoteTestNG.run(AbstractRemoteTestNG.java:115)
at org.testng.remote.RemoteTestNG.initAndRun(RemoteTestNG.java:251)
at org.testng.remote.RemoteTestNG.main(RemoteTestNG.java:77)
]]>
            </full-stacktrace>
          </exception> <!-- java.lang.AssertionError -->
          <reporter-output>
          </reporter-output>
        </test-method> <!-- addTemplateWithoutWidget -->
        <test-method is-config="true" signature="afterEachMethod(java.lang.reflect.Method)[pri:0, instance:com.tetherfi.test.tmac.Templates_WidgetTabTest@401788d5]" started-at="2021-06-04T10:38:54 IST" name="afterEachMethod" finished-at="2021-06-04T10:38:56 IST" duration-ms="1976" status="PASS">
          <params>
            <param index="0">
              <value>
                <![CDATA[public void com.tetherfi.test.tmac.Templates_WidgetTabTest.addTemplateWithoutWidget() throws java.lang.Exception]]>
              </value>
            </param>
          </params>
          <reporter-output>
          </reporter-output>
        </test-method> <!-- afterEachMethod -->
        <test-method is-config="true" signature="endTestCase(java.lang.reflect.Method)[pri:0, instance:com.tetherfi.test.tmac.Templates_WidgetTabTest@401788d5]" started-at="2021-06-04T10:38:56 IST" name="endTestCase" finished-at="2021-06-04T10:38:56 IST" duration-ms="0" status="PASS">
          <params>
            <param index="0">
              <value>
                <![CDATA[public void com.tetherfi.test.tmac.Templates_WidgetTabTest.addTemplateWithoutWidget() throws java.lang.Exception]]>
              </value>
            </param>
          </params>
          <reporter-output>
          </reporter-output>
        </test-method> <!-- endTestCase -->
        <test-method is-config="true" signature="startTestCase(java.lang.reflect.Method)[pri:0, instance:com.tetherfi.test.tmac.Templates_WidgetTabTest@401788d5]" started-at="2021-06-04T10:38:56 IST" name="startTestCase" finished-at="2021-06-04T10:38:56 IST" duration-ms="1" status="PASS">
          <params>
            <param index="0">
              <value>
                <![CDATA[public void com.tetherfi.test.tmac.Templates_WidgetTabTest.AddTemplatewithOutTemplateName() throws java.lang.Exception]]>
              </value>
            </param>
          </params>
          <reporter-output>
          </reporter-output>
        </test-method> <!-- startTestCase -->
        <test-method is-config="true" signature="NavigateToAgentTemplatePage()[pri:0, instance:com.tetherfi.test.tmac.Templates_WidgetTabTest@401788d5]" started-at="2021-06-04T10:38:56 IST" name="NavigateToAgentTemplatePage" finished-at="2021-06-04T10:39:01 IST" duration-ms="4846" status="PASS">
          <reporter-output>
          </reporter-output>
        </test-method> <!-- NavigateToAgentTemplatePage -->
        <test-method signature="AddTemplatewithOutTemplateName()[pri:2, instance:com.tetherfi.test.tmac.Templates_WidgetTabTest@401788d5]" started-at="2021-06-04T10:39:01 IST" name="AddTemplatewithOutTemplateName" description="To Verify Add New Template without Template Name" finished-at="2021-06-04T10:39:02 IST" duration-ms="1304" status="PASS">
          <reporter-output>
          </reporter-output>
        </test-method> <!-- AddTemplatewithOutTemplateName -->
        <test-method is-config="true" signature="afterEachMethod(java.lang.reflect.Method)[pri:0, instance:com.tetherfi.test.tmac.Templates_WidgetTabTest@401788d5]" started-at="2021-06-04T10:39:02 IST" name="afterEachMethod" finished-at="2021-06-04T10:39:03 IST" duration-ms="1459" status="PASS">
          <params>
            <param index="0">
              <value>
                <![CDATA[public void com.tetherfi.test.tmac.Templates_WidgetTabTest.AddTemplatewithOutTemplateName() throws java.lang.Exception]]>
              </value>
            </param>
          </params>
          <reporter-output>
          </reporter-output>
        </test-method> <!-- afterEachMethod -->
        <test-method is-config="true" signature="endTestCase(java.lang.reflect.Method)[pri:0, instance:com.tetherfi.test.tmac.Templates_WidgetTabTest@401788d5]" started-at="2021-06-04T10:39:03 IST" name="endTestCase" finished-at="2021-06-04T10:39:03 IST" duration-ms="1" status="PASS">
          <params>
            <param index="0">
              <value>
                <![CDATA[public void com.tetherfi.test.tmac.Templates_WidgetTabTest.AddTemplatewithOutTemplateName() throws java.lang.Exception]]>
              </value>
            </param>
          </params>
          <reporter-output>
          </reporter-output>
        </test-method> <!-- endTestCase -->
        <test-method is-config="true" signature="startTestCase(java.lang.reflect.Method)[pri:0, instance:com.tetherfi.test.tmac.Templates_WidgetTabTest@401788d5]" started-at="2021-06-04T10:39:03 IST" name="startTestCase" finished-at="2021-06-04T10:39:03 IST" duration-ms="1" status="PASS">
          <params>
            <param index="0">
              <value>
                <![CDATA[public void com.tetherfi.test.tmac.Templates_WidgetTabTest.AddWidgetwithOutScreen() throws java.lang.Exception]]>
              </value>
            </param>
          </params>
          <reporter-output>
          </reporter-output>
        </test-method> <!-- startTestCase -->
        <test-method is-config="true" signature="NavigateToAgentTemplatePage()[pri:0, instance:com.tetherfi.test.tmac.Templates_WidgetTabTest@401788d5]" started-at="2021-06-04T10:39:03 IST" name="NavigateToAgentTemplatePage" finished-at="2021-06-04T10:39:08 IST" duration-ms="4615" status="PASS">
          <reporter-output>
          </reporter-output>
        </test-method> <!-- NavigateToAgentTemplatePage -->
[...]
at java.base/java.lang.reflect.Constructor.newInstanceWithCaller(Constructor.java:500)
at java.base/java.lang.reflect.Constructor.newInstance(Constructor.java:481)
at org.openqa.selenium.remote.http.W3CHttpResponseCodec.createException(W3CHttpResponseCodec.java:187)
at org.openqa.selenium.remote.http.W3CHttpResponseCodec.decode(W3CHttpResponseCodec.java:122)
at org.openqa.selenium.remote.http.W3CHttpResponseCodec.decode(W3CHttpResponseCodec.java:49)
at org.openqa.selenium.remote.HttpCommandExecutor.execute(HttpCommandExecutor.java:158)
at org.openqa.selenium.remote.service.DriverCommandExecutor.execute(DriverCommandExecutor.java:83)
at org.openqa.selenium.remote.RemoteWebDriver.execute(RemoteWebDriver.java:552)
at org.openqa.selenium.remote.RemoteWebElement.execute(RemoteWebElement.java:285)
at org.openqa.selenium.remote.RemoteWebElement.click(RemoteWebElement.java:84)
at jdk.internal.reflect.GeneratedMethodAccessor4.invoke(Unknown Source)
at java.base/jdk.internal.reflect.DelegatingMethodAccessorImpl.invoke(DelegatingMethodAccessorImpl.java:43)
at java.base/java.lang.reflect.Method.invoke(Method.java:564)
at org.openqa.selenium.support.pagefactory.internal.LocatingElementHandler.invoke(LocatingElementHandler.java:51)
at com.sun.proxy.$Proxy16.click(Unknown Source)
at com.tetherfi.pages.BasePage.selectWebElement(BasePage.java:200)
at com.tetherfi.pages.AgentTemplatePage.editScreenRecord(AgentTemplatePage.java:1796)
at com.tetherfi.test.tmac.Templates_ScreenTabTest.EditScreenRecord(Templates_ScreenTabTest.java:120)
at java.base/jdk.internal.reflect.NativeMethodAccessorImpl.invoke0(Native Method)
at java.base/jdk.internal.reflect.NativeMethodAccessorImpl.invoke(NativeMethodAccessorImpl.java:62)
at java.base/jdk.internal.reflect.DelegatingMethodAccessorImpl.invoke(DelegatingMethodAccessorImpl.java:43)
at java.base/java.lang.reflect.Method.invoke(Method.java:564)
at org.testng.internal.MethodInvocationHelper.invokeMethod(MethodInvocationHelper.java:133)
at org.testng.internal.TestInvoker.invokeMethod(TestInvoker.java:584)
at org.testng.internal.TestInvoker.invokeTestMethod(TestInvoker.java:172)
at org.testng.internal.MethodRunner.runInSequence(MethodRunner.java:46)
at org.testng.internal.TestInvoker$MethodInvocationAgent.invoke(TestInvoker.java:804)
at org.testng.internal.TestInvoker.invokeTestMethods(TestInvoker.java:145)
at org.testng.internal.TestMethodWorker.invokeTestMethods(TestMethodWorker.java:146)
at org.testng.internal.TestMethodWorker.run(TestMethodWorker.java:128)
at java.base/java.util.ArrayList.forEach(ArrayList.java:1511)
at org.testng.TestRunner.privateRun(TestRunner.java:770)
at org.testng.TestRunner.run(TestRunner.java:591)
at org.testng.SuiteRunner.runTest(SuiteRunner.java:402)
at org.testng.SuiteRunner.runSequentially(SuiteRunner.java:396)
at org.testng.SuiteRunner.privateRun(SuiteRunner.java:355)
at org.testng.SuiteRunner.run(SuiteRunner.java:304)
at org.testng.SuiteRunnerWorker.runSuite(SuiteRunnerWorker.java:53)
at org.testng.SuiteRunnerWorker.run(SuiteRunnerWorker.java:96)
at org.testng.TestNG.runSuitesSequentially(TestNG.java:1180)
at org.testng.TestNG.runSuitesLocally(TestNG.java:1102)
at org.testng.TestNG.runSuites(TestNG.java:1032)
at org.testng.TestNG.run(TestNG.java:1000)
at org.testng.remote.AbstractRemoteTestNG.run(AbstractRemoteTestNG.java:115)
at org.testng.remote.RemoteTestNG.initAndRun(RemoteTestNG.java:251)
at org.testng.remote.RemoteTestNG.main(RemoteTestNG.java:77)
]]>
            </full-stacktrace>
          </exception> <!-- org.openqa.selenium.ElementClickInterceptedException -->
          <reporter-output>
          </reporter-output>
        </test-method> <!-- EditScreenRecord -->
        <test-method is-config="true" signature="afterEachMethod(java.lang.reflect.Method)[pri:0, instance:com.tetherfi.test.tmac.Templates_ScreenTabTest@41fc0084]" started-at="2021-06-04T10:36:40 IST" name="afterEachMethod" finished-at="2021-06-04T10:36:42 IST" duration-ms="1602" status="PASS">
          <params>
            <param index="0">
              <value>
                <![CDATA[public void com.tetherfi.test.tmac.Templates_ScreenTabTest.EditScreenRecord() throws java.lang.Exception]]>
              </value>
            </param>
          </params>
          <reporter-output>
          </reporter-output>
        </test-method> <!-- afterEachMethod -->
        <test-method is-config="true" signature="endTestCase(java.lang.reflect.Method)[pri:0, instance:com.tetherfi.test.tmac.Templates_ScreenTabTest@41fc0084]" started-at="2021-06-04T10:36:42 IST" name="endTestCase" finished-at="2021-06-04T10:36:42 IST" duration-ms="0" status="PASS">
          <params>
            <param index="0">
              <value>
                <![CDATA[public void com.tetherfi.test.tmac.Templates_ScreenTabTest.EditScreenRecord() throws java.lang.Exception]]>
              </value>
            </param>
          </params>
          <reporter-output>
          </reporter-output>
        </test-method> <!-- endTestCase -->
        <test-method is-config="true" signature="startTestCase(java.lang.reflect.Method)[pri:0, instance:com.tetherfi.test.tmac.Templates_ScreenTabTest@41fc0084]" started-at="2021-06-04T10:36:42 IST" name="startTestCase" finished-at="2021-06-04T10:36:42 IST" duration-ms="1" status="PASS">
          <params>
            <param index="0">
              <value>
                <![CDATA[public void com.tetherfi.test.tmac.Templates_ScreenTabTest.DeleteRecordwithoutDeletereason() throws java.lang.Exception]]>
              </value>
            </param>
          </params>
          <reporter-output>
          </reporter-output>
        </test-method> <!-- startTestCase -->
        <test-method is-config="true" signature="NavigateToAgentTemplatePage()[pri:0, instance:com.tetherfi.test.tmac.Templates_ScreenTabTest@41fc0084]" started-at="2021-06-04T10:36:42 IST" name="NavigateToAgentTemplatePage" finished-at="2021-06-04T10:36:46 IST" duration-ms="4624" status="PASS">
          <reporter-output>
          </reporter-output>
        </test-method> <!-- NavigateToAgentTemplatePage -->
        <test-method signature="DeleteRecordwithoutDeletereason()[pri:10, instance:com.tetherfi.test.tmac.Templates_ScreenTabTest@41fc0084]" started-at="2021-06-04T10:36:46 IST" name="DeleteRecordwithoutDeletereason" description="verify the delete button without delete reason" finished-at="2021-06-04T10:36:52 IST" duration-ms="5485" status="PASS">
          <reporter-output>
          </reporter-output>
        </test-method> <!-- DeleteRecordwithoutDeletereason -->
        <test-method is-config="true" signature="afterEachMethod(java.lang.reflect.Method)[pri:0, instance:com.tetherfi.test.tmac.Templates_ScreenTabTest@41fc0084]" started-at="2021-06-04T10:36:52 IST" name="afterEachMethod" finished-at="2021-06-04T10:36:53 IST" duration-ms="1547" status="PASS">
          <params>
            <param index="0">
              <value>
                <![CDATA[public void com.tetherfi.test.tmac.Templates_ScreenTabTest.DeleteRecordwithoutDeletereason() throws java.lang.Exception]]>
              </value>
            </param>
          </params>
          <reporter-output>
          </reporter-output>
        </test-method> <!-- afterEachMethod -->
        <test-method is-config="true" signature="endTestCase(java.lang.reflect.Method)[pri:0, instance:com.tetherfi.test.tmac.Templates_ScreenTabTest@41fc0084]" started-at="2021-06-04T10:36:53 IST" name="endTestCase" finished-at="2021-06-04T10:36:53 IST" duration-ms="1" status="PASS">
          <params>
            <param index="0">
              <value>
                <![CDATA[public void com.tetherfi.test.tmac.Templates_ScreenTabTest.DeleteRecordwithoutDeletereason() throws java.lang.Exception]]>
              </value>
            </param>
          </params>
          <reporter-output>
          </reporter-output>
        </test-method> <!-- endTestCase -->
        <test-method is-config="true" signature="startTestCase(java.lang.reflect.Method)[pri:0, instance:com.tetherfi.test.tmac.Templates_ScreenTabTest@41fc0084]" started-at="2021-06-04T10:36:53 IST" name="startTestCase" finished-at="2021-06-04T10:36:53 IST" duration-ms="0" status="PASS">
          <params>
            <param index="0">
              <value>
                <![CDATA[public void com.tetherfi.test.tmac.Templates_ScreenTabTest.VerifyCancelBtnatDeleteRecord() throws java.lang.Exception]]>
              </value>
            </param>
          </params>
          <reporter-output>
          </reporter-output>
        </test-method> <!-- startTestCase -->
        <test-method is-config="true" signature="NavigateToAgentTemplatePage()[pri:0, instance:com.tetherfi.test.tmac.Templates_ScreenTabTest@41fc0084]" started-at="2021-06-04T10:36:53 IST" name="NavigateToAgentTemplatePage" finished-at="2021-06-04T10:36:58 IST" duration-ms="4641" status="PASS">
          <reporter-output>
          </reporter-output>
        </test-method> <!-- NavigateToAgentTemplatePage -->
        <test-method signature="VerifyCancelBtnatDeleteRecord()[pri:11, instance:com.tetherfi.test.tmac.Templates_ScreenTabTest@41fc0084]" started-at="2021-06-04T10:36:58 IST" name="VerifyCancelBtnatDeleteRecord" description="verify the cancel button at delete record" finished-at="2021-06-04T10:37:03 IST" duration-ms="5573" status="PASS">
          <reporter-output>
          </reporter-output>
        </test-method> <!-- VerifyCancelBtnatDeleteRecord -->
        <test-method is-config="true" signature="afterEachMethod(java.lang.reflect.Method)[pri:0, instance:com.tetherfi.test.tmac.Templates_ScreenTabTest@41fc0084]" started-at="2021-06-04T10:37:03 IST" name="afterEachMethod" finished-at="2021-06-04T10:37:05 IST" duration-ms="1513" status="PASS">
          <params>
            <param index="0">
              <value>
                <![CDATA[public void com.tetherfi.test.tmac.Templates_ScreenTabTest.VerifyCancelBtnatDeleteRecord() throws java.lang.Exception]]>
              </value>
            </param>
          </params>
          <reporter-output>
          </reporter-output>
        </test-method> <!-- afterEachMethod -->
        <test-method is-config="true" signature="endTestCase(java.lang.reflect.Method)[pri:0, instance:com.tetherfi.test.tmac.Templates_ScreenTabTest@41fc0084]" started-at="2021-06-04T10:37:05 IST" name="endTestCase" finished-at="2021-06-04T10:37:05 IST" duration-ms="0" status="PASS">
          <params>
            <param index="0">
              <value>
                <![CDATA[public void com.tetherfi.test.tmac.Templates_ScreenTabTest.VerifyCancelBtnatDeleteRecord() throws java.lang.Exception]]>
              </value>
            </param>
          </params>
          <reporter-output>
          </reporter-output>
        </test-method> <!-- endTestCase -->
        <test-method is-config="true" signature="startTestCase(java.lang.reflect.Method)[pri:0, instance:com.tetherfi.test.tmac.Templates_ScreenTabTest@41fc0084]" started-at="2021-06-04T10:37:05 IST" name="startTestCase" finished-at="2021-06-04T10:37:05 IST" duration-ms="1" status="PASS">
          <params>
            <param index="0">
              <value>
                <![CDATA[public void com.tetherfi.test.tmac.Templates_ScreenTabTest.DeletescreenTemplateRecord() throws java.lang.Exception]]>
              </value>
            </param>
          </params>
          <reporter-output>
          </reporter-output>
        </test-method> <!-- startTestCase -->
        <test-method is-config="true" signature="NavigateToAgentTemplatePage()[pri:0, instance:com.tetherfi.test.tmac.Templates_ScreenTabTest@41fc0084]" started-at="2021-06-04T10:37:05 IST" name="NavigateToAgentTemplatePage" finished-at="2021-06-04T10:37:10 IST" duration-ms="4992" status="PASS">
          <reporter-output>
          </reporter-output>
        </test-method> <!-- NavigateToAgentTemplatePage -->
        <test-method signature="DeletescreenTemplateRecord()[pri:12, instance:com.tetherfi.test.tmac.Templates_ScreenTabTest@41fc0084]" started-at="2021-06-04T10:37:10 IST" name="DeletescreenTemplateRecord" description="verify the delete button" finished-at="2021-06-04T10:37:18 IST" duration-ms="8215" status="PASS">
          <reporter-output>
          </reporter-output>
        </test-method> <!-- DeletescreenTemplateRecord -->
        <test-method is-config="true" signature="afterEachMethod(java.lang.reflect.Method)[pri:0, instance:com.tetherfi.test.tmac.Templates_ScreenTabTest@41fc0084]" started-at="2021-06-04T10:37:18 IST" name="afterEachMethod" finished-at="2021-06-04T10:37:20 IST" duration-ms="1521" status="PASS">
          <params>
            <param index="0">
              <value>
                <![CDATA[public void com.tetherfi.test.tmac.Templates_ScreenTabTest.DeletescreenTemplateRecord() throws java.lang.Exception]]>
              </value>
            </param>
          </params>
          <reporter-output>
          </reporter-output>
        </test-method> <!-- afterEachMethod -->
        <test-method is-config="true" signature="endTestCase(java.lang.reflect.Method)[pri:0, instance:com.tetherfi.test.tmac.Templates_ScreenTabTest@41fc0084]" started-at="2021-06-04T10:37:20 IST" name="endTestCase" finished-at="2021-06-04T10:37:20 IST" duration-ms="1" status="PASS">
          <params>
            <param index="0">
              <value>
                <![CDATA[public void com.tetherfi.test.tmac.Templates_ScreenTabTest.DeletescreenTemplateRecord() throws java.lang.Exception]]>
              </value>
            </param>
          </params>
          <reporter-output>
          </reporter-output>
        </test-method> <!-- endTestCase -->
        <test-method is-config="true" signature="startTestCase(java.lang.reflect.Method)[pri:0, instance:com.tetherfi.test.tmac.Templates_ScreenTabTest@41fc0084]" started-at="2021-06-04T10:37:20 IST" name="startTestCase" finished-at="2021-06-04T10:37:20 IST" duration-ms="1" status="PASS">
          <params>
            <param index="0">
              <value>
                <![CDATA[public void com.tetherfi.test.tmac.Templates_ScreenTabTest.verifyDatabase() throws java.lang.Exception]]>
              </value>
            </param>
          </params>
          <reporter-output>
          </reporter-output>
        </test-method> <!-- startTestCase -->
        <test-method is-config="true" signature="NavigateToAgentTemplatePage()[pri:0, instance:com.tetherfi.test.tmac.Templates_ScreenTabTest@41fc0084]" started-at="2021-06-04T10:37:20 IST" name="NavigateToAgentTemplatePage" finished-at="2021-06-04T10:37:24 IST" duration-ms="4600" status="PASS">
          <reporter-output>
          </reporter-output>
        </test-method> <!-- NavigateToAgentTemplatePage -->
        <test-method signature="verifyDatabase()[pri:13, instance:com.tetherfi.test.tmac.Templates_ScreenTabTest@41fc0084]" started-at="2021-06-04T10:37:24 IST" name="verifyDatabase" description="To verify template screen UI data against DB" finished-at="2021-06-04T10:37:29 IST" duration-ms="4680" status="FAIL">
          <exception class="java.lang.ArrayIndexOutOfBoundsException">
            <message>
              <![CDATA[Index 1 out of bounds for length 1]]>
            </message>
            <full-stacktrace>
              <![CDATA[java.lang.ArrayIndexOutOfBoundsException: Index 1 out of bounds for length 1
at com.tetherfi.pages.AgentTemplatePage.getDatatable(AgentTemplatePage.java:2473)
at com.tetherfi.pages.AgentTemplatePage.verifyDatabase1(AgentTemplatePage.java:2359)
at com.tetherfi.test.tmac.Templates_ScreenTabTest.verifyDatabase(Templates_ScreenTabTest.java:159)
at java.base/jdk.internal.reflect.NativeMethodAccessorImpl.invoke0(Native Method)
at java.base/jdk.internal.reflect.NativeMethodAccessorImpl.invoke(NativeMethodAccessorImpl.java:62)
at java.base/jdk.internal.reflect.DelegatingMethodAccessorImpl.invoke(DelegatingMethodAccessorImpl.java:43)
at java.base/java.lang.reflect.Method.invoke(Method.java:564)
at org.testng.internal.MethodInvocationHelper.invokeMethod(MethodInvocationHelper.java:133)
at org.testng.internal.TestInvoker.invokeMethod(TestInvoker.java:584)
at org.testng.internal.TestInvoker.invokeTestMethod(TestInvoker.java:172)
at org.testng.internal.MethodRunner.runInSequence(MethodRunner.java:46)
at org.testng.internal.TestInvoker$MethodInvocationAgent.invoke(TestInvoker.java:804)
at org.testng.internal.TestInvoker.invokeTestMethods(TestInvoker.java:145)
at org.testng.internal.TestMethodWorker.invokeTestMethods(TestMethodWorker.java:146)
at org.testng.internal.TestMethodWorker.run(TestMethodWorker.java:128)
at java.base/java.util.ArrayList.forEach(ArrayList.java:1511)
at org.testng.TestRunner.privateRun(TestRunner.java:770)
at org.testng.TestRunner.run(TestRunner.java:591)
at org.testng.SuiteRunner.runTest(SuiteRunner.java:402)
at org.testng.SuiteRunner.runSequentially(SuiteRunner.java:396)
at org.testng.SuiteRunner.privateRun(SuiteRunner.java:355)
at org.testng.SuiteRunner.run(SuiteRunner.java:304)
at org.testng.SuiteRunnerWorker.runSuite(SuiteRunnerWorker.java:53)
at org.testng.SuiteRunnerWorker.run(SuiteRunnerWorker.java:96)
at org.testng.TestNG.runSuitesSequentially(TestNG.java:1180)
at org.testng.TestNG.runSuitesLocally(TestNG.java:1102)
at org.testng.TestNG.runSuites(TestNG.java:1032)
at org.testng.TestNG.run(TestNG.java:1000)
at org.testng.remote.AbstractRemoteTestNG.run(AbstractRemoteTestNG.java:115)
at org.testng.remote.RemoteTestNG.initAndRun(RemoteTestNG.java:251)
at org.testng.remote.RemoteTestNG.main(RemoteTestNG.java:77)
]]>
            </full-stacktrace>
          </exception> <!-- java.lang.ArrayIndexOutOfBoundsException -->
          <reporter-output>
          </reporter-output>
        </test-method> <!-- verifyDatabase -->
        <test-method is-config="true" signature="afterEachMethod(java.lang.reflect.Method)[pri:0, instance:com.tetherfi.test.tmac.Templates_ScreenTabTest@41fc0084]" started-at="2021-06-04T10:37:29 IST" name="afterEachMethod" finished-at="2021-06-04T10:37:30 IST" duration-ms="1445" status="PASS">
          <params>
            <param index="0">
              <value>
                <![CDATA[public void com.tetherfi.test.tmac.Templates_ScreenTabTest.verifyDatabase() throws java.lang.Exception]]>
              </value>
            </param>
          </params>
          <reporter-output>
          </reporter-output>
        </test-method> <!-- afterEachMethod -->
        <test-method is-config="true" signature="tearDown()[pri:0, instance:com.tetherfi.test.tmac.Templates_ScreenTabTest@41fc0084]" started-at="2021-06-04T10:37:30 IST" name="tearDown" finished-at="2021-06-04T10:37:35 IST" duration-ms="4468" status="PASS">
          <reporter-output>
          </reporter-output>
        </test-method> <!-- tearDown -->
        <test-method is-config="true" signature="endTestCase(java.lang.reflect.Method)[pri:0, instance:com.tetherfi.test.tmac.Templates_ScreenTabTest@41fc0084]" started-at="2021-06-04T10:37:30 IST" name="endTestCase" finished-at="2021-06-04T10:37:30 IST" duration-ms="0" status="PASS">
          <params>
            <param index="0">
              <value>
                <![CDATA[public void com.tetherfi.test.tmac.Templates_ScreenTabTest.verifyDatabase() throws java.lang.Exception]]>
              </value>
            </param>
          </params>
          <reporter-output>
          </reporter-output>
        </test-method> <!-- endTestCase -->
      </class> <!-- com.tetherfi.test.tmac.Templates_ScreenTabTest -->
    </test> <!-- Template -->
  </suite> <!-- Tetherfi Test Automation -->
</testng-results>
