<?xml version="1.0" encoding="UTF-8"?>
<testng-results skipped="0" failed="0" ignored="1" total="1" passed="0">
  <reporter-output>
  </reporter-output>
  <suite name="OCM Reports Test Automation" duration-ms="53477" started-at="2021-05-17T15:15:57 IST" finished-at="2021-05-17T15:16:51 IST">
    <groups>
    </groups>
    <test name="ReportsRegression" duration-ms="53477" started-at="2021-05-17T15:15:57 IST" finished-at="2021-05-17T15:16:51 IST">
      <class name="com.tetherfi.test.reports.OCMAnalysisCountReportTest">
        <test-method status="PASS" signature="openApplication()[pri:0, instance:com.tetherfi.test.reports.OCMAnalysisCountReportTest@69364b2d]" name="openApplication" is-config="true" duration-ms="52872" started-at="2021-05-17T15:15:57 IST" finished-at="2021-05-17T15:16:50 IST">
          <reporter-output>
          </reporter-output>
        </test-method> <!-- openApplication -->
        <test-method status="PASS" signature="startTestCase(java.lang.reflect.Method)[pri:0, instance:com.tetherfi.test.reports.OCMAnalysisCountReportTest@69364b2d]" name="startTestCase" is-config="true" duration-ms="1" started-at="2021-05-17T15:16:50 IST" finished-at="2021-05-17T15:16:50 IST">
          <params>
            <param index="0">
              <value>
                <![CDATA[public void com.tetherfi.test.reports.OCMAnalysisCountReportTest.ShowOCMAnalysisCountReport() throws java.lang.Exception]]>
              </value>
            </param>
          </params>
          <reporter-output>
          </reporter-output>
        </test-method> <!-- startTestCase -->
        <test-method status="FAIL" signature="NavigateToOcmReportsPage()[pri:0, instance:com.tetherfi.test.reports.OCMAnalysisCountReportTest@69364b2d]" name="NavigateToOcmReportsPage" is-config="true" duration-ms="17" started-at="2021-05-17T15:16:50 IST" finished-at="2021-05-17T15:16:50 IST">
          <exception class="org.openqa.selenium.NoSuchSessionException">
            <message>
              <![CDATA[invalid session id
Build info: version: '3.141.59', revision: 'e82be7d358', time: '2018-11-14T08:17:03'
System info: host: 'LAPTOP-NKH1C2HF', ip: '192.168.50.18', os.name: 'Windows 10', os.arch: 'amd64', os.version: '10.0', java.version: '1.8.0_181'
Driver info: org.openqa.selenium.chrome.ChromeDriver
Capabilities {acceptInsecureCerts: false, browserName: chrome, browserVersion: 90.0.4430.212, chrome: {chromedriverVersion: 90.0.4430.24 (4c6d850f087da..., userDataDir: C:\Users\AMITHA~1\AppData\L...}, goog:chromeOptions: {debuggerAddress: localhost:52034}, javascriptEnabled: true, networkConnectionEnabled: false, pageLoadStrategy: normal, platform: WINDOWS, platformName: WINDOWS, proxy: Proxy(), setWindowRect: true, strictFileInteractability: false, timeouts: {implicit: 0, pageLoad: 300000, script: 30000}, unhandledPromptBehavior: dismiss and notify, webauthn:extension:largeBlob: true, webauthn:virtualAuthenticators: true}
Session ID: 9ff06f69ae76e50dde19d4b8f80994bb
*** Element info: {Using=css selector, value=.navbar-header span}]]>
            </message>
            <full-stacktrace>
              <![CDATA[org.openqa.selenium.NoSuchSessionException: invalid session id
Build info: version: '3.141.59', revision: 'e82be7d358', time: '2018-11-14T08:17:03'
System info: host: 'LAPTOP-NKH1C2HF', ip: '192.168.50.18', os.name: 'Windows 10', os.arch: 'amd64', os.version: '10.0', java.version: '1.8.0_181'
Driver info: org.openqa.selenium.chrome.ChromeDriver
Capabilities {acceptInsecureCerts: false, browserName: chrome, browserVersion: 90.0.4430.212, chrome: {chromedriverVersion: 90.0.4430.24 (4c6d850f087da..., userDataDir: C:\Users\AMITHA~1\AppData\L...}, goog:chromeOptions: {debuggerAddress: localhost:52034}, javascriptEnabled: true, networkConnectionEnabled: false, pageLoadStrategy: normal, platform: WINDOWS, platformName: WINDOWS, proxy: Proxy(), setWindowRect: true, strictFileInteractability: false, timeouts: {implicit: 0, pageLoad: 300000, script: 30000}, unhandledPromptBehavior: dismiss and notify, webauthn:extension:largeBlob: true, webauthn:virtualAuthenticators: true}
Session ID: 9ff06f69ae76e50dde19d4b8f80994bb
*** Element info: {Using=css selector, value=.navbar-header span}
at sun.reflect.NativeConstructorAccessorImpl.newInstance0(Native Method)
at sun.reflect.NativeConstructorAccessorImpl.newInstance(Unknown Source)
at sun.reflect.DelegatingConstructorAccessorImpl.newInstance(Unknown Source)
at java.lang.reflect.Constructor.newInstance(Unknown Source)
at org.openqa.selenium.remote.http.W3CHttpResponseCodec.createException(W3CHttpResponseCodec.java:187)
at org.openqa.selenium.remote.http.W3CHttpResponseCodec.decode(W3CHttpResponseCodec.java:122)
at org.openqa.selenium.remote.http.W3CHttpResponseCodec.decode(W3CHttpResponseCodec.java:49)
at org.openqa.selenium.remote.HttpCommandExecutor.execute(HttpCommandExecutor.java:158)
at org.openqa.selenium.remote.service.DriverCommandExecutor.execute(DriverCommandExecutor.java:83)
at org.openqa.selenium.remote.RemoteWebDriver.execute(RemoteWebDriver.java:552)
at org.openqa.selenium.remote.RemoteWebDriver.findElement(RemoteWebDriver.java:323)
at org.openqa.selenium.remote.RemoteWebDriver.findElementByCssSelector(RemoteWebDriver.java:420)
at org.openqa.selenium.By$ByCssSelector.findElement(By.java:431)
at org.openqa.selenium.remote.RemoteWebDriver.findElement(RemoteWebDriver.java:315)
at org.openqa.selenium.support.pagefactory.DefaultElementLocator.findElement(DefaultElementLocator.java:69)
at org.openqa.selenium.support.pagefactory.internal.LocatingElementHandler.invoke(LocatingElementHandler.java:38)
at com.sun.proxy.$Proxy11.isDisplayed(Unknown Source)
at org.openqa.selenium.support.ui.ExpectedConditions.elementIfVisible(ExpectedConditions.java:314)
at org.openqa.selenium.support.ui.ExpectedConditions.access$000(ExpectedConditions.java:43)
at org.openqa.selenium.support.ui.ExpectedConditions$10.apply(ExpectedConditions.java:300)
at org.openqa.selenium.support.ui.ExpectedConditions$10.apply(ExpectedConditions.java:297)
at org.openqa.selenium.support.ui.FluentWait.until(FluentWait.java:249)
at com.tetherfi.pages.BasePage.waitUntilWebElementIsVisible(BasePage.java:129)
at com.tetherfi.pages.BasePage.selectWebElement(BasePage.java:196)
at com.tetherfi.pages.HomePage.navigateToOCMIconImg(HomePage.java:70)
at com.tetherfi.test.reports.OCMAnalysisCountReportTest.NavigateToOcmReportsPage(OCMAnalysisCountReportTest.java:28)
at sun.reflect.NativeMethodAccessorImpl.invoke0(Native Method)
at sun.reflect.NativeMethodAccessorImpl.invoke(Unknown Source)
at sun.reflect.DelegatingMethodAccessorImpl.invoke(Unknown Source)
at java.lang.reflect.Method.invoke(Unknown Source)
at org.testng.internal.MethodInvocationHelper.invokeMethod(MethodInvocationHelper.java:133)
at org.testng.internal.MethodInvocationHelper.invokeMethodConsideringTimeout(MethodInvocationHelper.java:62)
at org.testng.internal.ConfigInvoker.invokeConfigurationMethod(ConfigInvoker.java:340)
at org.testng.internal.ConfigInvoker.invokeConfigurations(ConfigInvoker.java:294)
at org.testng.internal.TestInvoker.runConfigMethods(TestInvoker.java:683)
at org.testng.internal.TestInvoker.invokeMethod(TestInvoker.java:510)
at org.testng.internal.TestInvoker.invokeTestMethod(TestInvoker.java:172)
at org.testng.internal.MethodRunner.runInSequence(MethodRunner.java:46)
at org.testng.internal.TestInvoker$MethodInvocationAgent.invoke(TestInvoker.java:804)
at org.testng.internal.TestInvoker.invokeTestMethods(TestInvoker.java:145)
at org.testng.internal.TestMethodWorker.invokeTestMethods(TestMethodWorker.java:146)
at org.testng.internal.TestMethodWorker.run(TestMethodWorker.java:128)
at java.util.ArrayList.forEach(Unknown Source)
at org.testng.TestRunner.privateRun(TestRunner.java:770)
at org.testng.TestRunner.run(TestRunner.java:591)
at org.testng.SuiteRunner.runTest(SuiteRunner.java:402)
at org.testng.SuiteRunner.runSequentially(SuiteRunner.java:396)
at org.testng.SuiteRunner.privateRun(SuiteRunner.java:355)
at org.testng.SuiteRunner.run(SuiteRunner.java:304)
at org.testng.SuiteRunnerWorker.runSuite(SuiteRunnerWorker.java:53)
at org.testng.SuiteRunnerWorker.run(SuiteRunnerWorker.java:96)
at org.testng.TestNG.runSuitesSequentially(TestNG.java:1180)
at org.testng.TestNG.runSuitesLocally(TestNG.java:1102)
at org.testng.TestNG.runSuites(TestNG.java:1032)
at org.testng.TestNG.run(TestNG.java:1000)
at org.testng.remote.AbstractRemoteTestNG.run(AbstractRemoteTestNG.java:115)
at org.testng.remote.RemoteTestNG.initAndRun(RemoteTestNG.java:251)
at org.testng.remote.RemoteTestNG.main(RemoteTestNG.java:77)
]]>
            </full-stacktrace>
          </exception> <!-- org.openqa.selenium.NoSuchSessionException -->
          <reporter-output>
          </reporter-output>
        </test-method> <!-- NavigateToOcmReportsPage -->
        <test-method status="SKIP" signature="afterEachMethod(java.lang.reflect.Method)[pri:0, instance:com.tetherfi.test.reports.OCMAnalysisCountReportTest@69364b2d]" name="afterEachMethod" is-config="true" duration-ms="-1621244810544" started-at="2021-05-17T15:16:50 IST" finished-at="1970-01-01T05:30:00 IST">
          <reporter-output>
          </reporter-output>
        </test-method> <!-- afterEachMethod -->
        <test-method status="SKIP" signature="endTestCase(java.lang.reflect.Method)[pri:0, instance:com.tetherfi.test.reports.OCMAnalysisCountReportTest@69364b2d]" name="endTestCase" is-config="true" duration-ms="-1621244810545" started-at="2021-05-17T15:16:50 IST" finished-at="1970-01-01T05:30:00 IST">
          <reporter-output>
          </reporter-output>
        </test-method> <!-- endTestCase -->
        <test-method status="SKIP" signature="startTestCase(java.lang.reflect.Method)[pri:0, instance:com.tetherfi.test.reports.OCMAnalysisCountReportTest@69364b2d]" name="startTestCase" is-config="true" duration-ms="-1621244810548" started-at="2021-05-17T15:16:50 IST" finished-at="1970-01-01T05:30:00 IST">
          <reporter-output>
          </reporter-output>
        </test-method> <!-- startTestCase -->
        <test-method status="SKIP" signature="NavigateToOcmReportsPage()[pri:0, instance:com.tetherfi.test.reports.OCMAnalysisCountReportTest@69364b2d]" name="NavigateToOcmReportsPage" is-config="true" duration-ms="-1621244810549" started-at="2021-05-17T15:16:50 IST" finished-at="1970-01-01T05:30:00 IST">
          <reporter-output>
          </reporter-output>
        </test-method> <!-- NavigateToOcmReportsPage -->
        <test-method status="SKIP" signature="afterEachMethod(java.lang.reflect.Method)[pri:0, instance:com.tetherfi.test.reports.OCMAnalysisCountReportTest@69364b2d]" name="afterEachMethod" is-config="true" duration-ms="-1621244810555" started-at="2021-05-17T15:16:50 IST" finished-at="1970-01-01T05:30:00 IST">
          <reporter-output>
          </reporter-output>
        </test-method> <!-- afterEachMethod -->
        <test-method status="SKIP" signature="endTestCase(java.lang.reflect.Method)[pri:0, instance:com.tetherfi.test.reports.OCMAnalysisCountReportTest@69364b2d]" name="endTestCase" is-config="true" duration-ms="-1621244810556" started-at="2021-05-17T15:16:50 IST" finished-at="1970-01-01T05:30:00 IST">
          <reporter-output>
          </reporter-output>
        </test-method> <!-- endTestCase -->
        <test-method status="SKIP" signature="startTestCase(java.lang.reflect.Method)[pri:0, instance:com.tetherfi.test.reports.OCMAnalysisCountReportTest@69364b2d]" name="startTestCase" is-config="true" duration-ms="-1621244810557" started-at="2021-05-17T15:16:50 IST" finished-at="1970-01-01T05:30:00 IST">
          <reporter-output>
          </reporter-output>
        </test-method> <!-- startTestCase -->
        <test-method status="SKIP" signature="NavigateToOcmReportsPage()[pri:0, instance:com.tetherfi.test.reports.OCMAnalysisCountReportTest@69364b2d]" name="NavigateToOcmReportsPage" is-config="true" duration-ms="-1621244810558" started-at="2021-05-17T15:16:50 IST" finished-at="1970-01-01T05:30:00 IST">
          <reporter-output>
          </reporter-output>
        </test-method> <!-- NavigateToOcmReportsPage -->
        <test-method status="SKIP" signature="afterEachMethod(java.lang.reflect.Method)[pri:0, instance:com.tetherfi.test.reports.OCMAnalysisCountReportTest@69364b2d]" name="afterEachMethod" is-config="true" duration-ms="-1621244810565" started-at="2021-05-17T15:16:50 IST" finished-at="1970-01-01T05:30:00 IST">
          <reporter-output>
          </reporter-output>
        </test-method> <!-- afterEachMethod -->
        <test-method status="SKIP" signature="endTestCase(java.lang.reflect.Method)[pri:0, instance:com.tetherfi.test.reports.OCMAnalysisCountReportTest@69364b2d]" name="endTestCase" is-config="true" duration-ms="-1621244810566" started-at="2021-05-17T15:16:50 IST" finished-at="1970-01-01T05:30:00 IST">
          <reporter-output>
          </reporter-output>
        </test-method> <!-- endTestCase -->
        <test-method status="SKIP" signature="startTestCase(java.lang.reflect.Method)[pri:0, instance:com.tetherfi.test.reports.OCMAnalysisCountReportTest@69364b2d]" name="startTestCase" is-config="true" duration-ms="-1621244810568" started-at="2021-05-17T15:16:50 IST" finished-at="1970-01-01T05:30:00 IST">
          <reporter-output>
          </reporter-output>
        </test-method> <!-- startTestCase -->
        <test-method status="SKIP" signature="NavigateToOcmReportsPage()[pri:0, instance:com.tetherfi.test.reports.OCMAnalysisCountReportTest@69364b2d]" name="NavigateToOcmReportsPage" is-config="true" duration-ms="-1621244810569" started-at="2021-05-17T15:16:50 IST" finished-at="1970-01-01T05:30:00 IST">
          <reporter-output>
          </reporter-output>
        </test-method> <!-- NavigateToOcmReportsPage -->
        <test-method status="SKIP" signature="afterEachMethod(java.lang.reflect.Method)[pri:0, instance:com.tetherfi.test.reports.OCMAnalysisCountReportTest@69364b2d]" name="afterEachMethod" is-config="true" duration-ms="-1621244810574" started-at="2021-05-17T15:16:50 IST" finished-at="1970-01-01T05:30:00 IST">
          <reporter-output>
          </reporter-output>
        </test-method> <!-- afterEachMethod -->
        <test-method status="SKIP" signature="endTestCase(java.lang.reflect.Method)[pri:0, instance:com.tetherfi.test.reports.OCMAnalysisCountReportTest@69364b2d]" name="endTestCase" is-config="true" duration-ms="-1621244810575" started-at="2021-05-17T15:16:50 IST" finished-at="1970-01-01T05:30:00 IST">
          <reporter-output>
          </reporter-output>
        </test-method> <!-- endTestCase -->
        <test-method status="SKIP" signature="startTestCase(java.lang.reflect.Method)[pri:0, instance:com.tetherfi.test.reports.OCMAnalysisCountReportTest@69364b2d]" name="startTestCase" is-config="true" duration-ms="-1621244810576" started-at="2021-05-17T15:16:50 IST" finished-at="1970-01-01T05:30:00 IST">
          <reporter-output>
          </reporter-output>
        </test-method> <!-- startTestCase -->
        <test-method status="SKIP" signature="NavigateToOcmReportsPage()[pri:0, instance:com.tetherfi.test.reports.OCMAnalysisCountReportTest@69364b2d]" name="NavigateToOcmReportsPage" is-config="true" duration-ms="-1621244810577" started-at="2021-05-17T15:16:50 IST" finished-at="1970-01-01T05:30:00 IST">
          <reporter-output>
          </reporter-output>
        </test-method> <!-- NavigateToOcmReportsPage -->
        <test-method status="SKIP" signature="afterEachMethod(java.lang.reflect.Method)[pri:0, instance:com.tetherfi.test.reports.OCMAnalysisCountReportTest@69364b2d]" name="afterEachMethod" is-config="true" duration-ms="-1621244810582" started-at="2021-05-17T15:16:50 IST" finished-at="1970-01-01T05:30:00 IST">
          <reporter-output>
          </reporter-output>
        </test-method> <!-- afterEachMethod -->
        <test-method status="SKIP" signature="endTestCase(java.lang.reflect.Method)[pri:0, instance:com.tetherfi.test.reports.OCMAnalysisCountReportTest@69364b2d]" name="endTestCase" is-config="true" duration-ms="-1621244810584" started-at="2021-05-17T15:16:50 IST" finished-at="1970-01-01T05:30:00 IST">
          <reporter-output>
          </reporter-output>
        </test-method> <!-- endTestCase -->
        <test-method status="SKIP" signature="startTestCase(java.lang.reflect.Method)[pri:0, instance:com.tetherfi.test.reports.OCMAnalysisCountReportTest@69364b2d]" name="startTestCase" is-config="true" duration-ms="-1621244810588" started-at="2021-05-17T15:16:50 IST" finished-at="1970-01-01T05:30:00 IST">
          <reporter-output>
          </reporter-output>
        </test-method> <!-- startTestCase -->
        <test-method status="SKIP" signature="NavigateToOcmReportsPage()[pri:0, instance:com.tetherfi.test.reports.OCMAnalysisCountReportTest@69364b2d]" name="NavigateToOcmReportsPage" is-config="true" duration-ms="-1621244810590" started-at="2021-05-17T15:16:50 IST" finished-at="1970-01-01T05:30:00 IST">
          <reporter-output>
          </reporter-output>
        </test-method> <!-- NavigateToOcmReportsPage -->
        <test-method status="SKIP" signature="afterEachMethod(java.lang.reflect.Method)[pri:0, instance:com.tetherfi.test.reports.OCMAnalysisCountReportTest@69364b2d]" name="afterEachMethod" is-config="true" duration-ms="-1621244810606" started-at="2021-05-17T15:16:50 IST" finished-at="1970-01-01T05:30:00 IST">
          <reporter-output>
          </reporter-output>
        </test-method> <!-- afterEachMethod -->
        <test-method status="SKIP" signature="endTestCase(java.lang.reflect.Method)[pri:0, instance:com.tetherfi.test.reports.OCMAnalysisCountReportTest@69364b2d]" name="endTestCase" is-config="true" duration-ms="-1621244810608" started-at="2021-05-17T15:16:50 IST" finished-at="1970-01-01T05:30:00 IST">
          <reporter-output>
          </reporter-output>
        </test-method> <!-- endTestCase -->
        <test-method status="SKIP" signature="startTestCase(java.lang.reflect.Method)[pri:0, instance:com.tetherfi.test.reports.OCMAnalysisCountReportTest@69364b2d]" name="startTestCase" is-config="true" duration-ms="-1621244810610" started-at="2021-05-17T15:16:50 IST" finished-at="1970-01-01T05:30:00 IST">
          <reporter-output>
          </reporter-output>
        </test-method> <!-- startTestCase -->
        <test-method status="SKIP" signature="NavigateToOcmReportsPage()[pri:0, instance:com.tetherfi.test.reports.OCMAnalysisCountReportTest@69364b2d]" name="NavigateToOcmReportsPage" is-config="true" duration-ms="-1621244810611" started-at="2021-05-17T15:16:50 IST" finished-at="1970-01-01T05:30:00 IST">
          <reporter-output>
          </reporter-output>
        </test-method> <!-- NavigateToOcmReportsPage -->
        <test-method status="SKIP" signature="afterEachMethod(java.lang.reflect.Method)[pri:0, instance:com.tetherfi.test.reports.OCMAnalysisCountReportTest@69364b2d]" name="afterEachMethod" is-config="true" duration-ms="-1621244810617" started-at="2021-05-17T15:16:50 IST" finished-at="1970-01-01T05:30:00 IST">
          <reporter-output>
          </reporter-output>
        </test-method> <!-- afterEachMethod -->
        <test-method status="SKIP" signature="endTestCase(java.lang.reflect.Method)[pri:0, instance:com.tetherfi.test.reports.OCMAnalysisCountReportTest@69364b2d]" name="endTestCase" is-config="true" duration-ms="-1621244810618" started-at="2021-05-17T15:16:50 IST" finished-at="1970-01-01T05:30:00 IST">
          <reporter-output>
          </reporter-output>
        </test-method> <!-- endTestCase -->
        <test-method status="SKIP" signature="startTestCase(java.lang.reflect.Method)[pri:0, instance:com.tetherfi.test.reports.OCMAnalysisCountReportTest@69364b2d]" name="startTestCase" is-config="true" duration-ms="-1621244810621" started-at="2021-05-17T15:16:50 IST" finished-at="1970-01-01T05:30:00 IST">
          <reporter-output>
          </reporter-output>
        </test-method> <!-- startTestCase -->
        <test-method status="SKIP" signature="NavigateToOcmReportsPage()[pri:0, instance:com.tetherfi.test.reports.OCMAnalysisCountReportTest@69364b2d]" name="NavigateToOcmReportsPage" is-config="true" duration-ms="-1621244810622" started-at="2021-05-17T15:16:50 IST" finished-at="1970-01-01T05:30:00 IST">
          <reporter-output>
          </reporter-output>
        </test-method> <!-- NavigateToOcmReportsPage -->
        <test-method status="SKIP" signature="afterEachMethod(java.lang.reflect.Method)[pri:0, instance:com.tetherfi.test.reports.OCMAnalysisCountReportTest@69364b2d]" name="afterEachMethod" is-config="true" duration-ms="-1621244810628" started-at="2021-05-17T15:16:50 IST" finished-at="1970-01-01T05:30:00 IST">
          <reporter-output>
          </reporter-output>
        </test-method> <!-- afterEachMethod -->
        <test-method status="SKIP" signature="endTestCase(java.lang.reflect.Method)[pri:0, instance:com.tetherfi.test.reports.OCMAnalysisCountReportTest@69364b2d]" name="endTestCase" is-config="true" duration-ms="-1621244810629" started-at="2021-05-17T15:16:50 IST" finished-at="1970-01-01T05:30:00 IST">
          <reporter-output>
          </reporter-output>
        </test-method> <!-- endTestCase -->
        <test-method status="SKIP" signature="startTestCase(java.lang.reflect.Method)[pri:0, instance:com.tetherfi.test.reports.OCMAnalysisCountReportTest@69364b2d]" name="startTestCase" is-config="true" duration-ms="-1621244810630" started-at="2021-05-17T15:16:50 IST" finished-at="1970-01-01T05:30:00 IST">
          <reporter-output>
          </reporter-output>
        </test-method> <!-- startTestCase -->
        <test-method status="SKIP" signature="NavigateToOcmReportsPage()[pri:0, instance:com.tetherfi.test.reports.OCMAnalysisCountReportTest@69364b2d]" name="NavigateToOcmReportsPage" is-config="true" duration-ms="-1621244810631" started-at="2021-05-17T15:16:50 IST" finished-at="1970-01-01T05:30:00 IST">
          <reporter-output>
          </reporter-output>
        </test-method> <!-- NavigateToOcmReportsPage -->
        <test-method status="SKIP" signature="afterEachMethod(java.lang.reflect.Method)[pri:0, instance:com.tetherfi.test.reports.OCMAnalysisCountReportTest@69364b2d]" name="afterEachMethod" is-config="true" duration-ms="-1621244810637" started-at="2021-05-17T15:16:50 IST" finished-at="1970-01-01T05:30:00 IST">
          <reporter-output>
          </reporter-output>
        </test-method> <!-- afterEachMethod -->
        <test-method status="SKIP" signature="endTestCase(java.lang.reflect.Method)[pri:0, instance:com.tetherfi.test.reports.OCMAnalysisCountReportTest@69364b2d]" name="endTestCase" is-config="true" duration-ms="-1621244810638" started-at="2021-05-17T15:16:50 IST" finished-at="1970-01-01T05:30:00 IST">
          <reporter-output>
          </reporter-output>
        </test-method> <!-- endTestCase -->
        <test-method status="SKIP" signature="startTestCase(java.lang.reflect.Method)[pri:0, instance:com.tetherfi.test.reports.OCMAnalysisCountReportTest@69364b2d]" name="startTestCase" is-config="true" duration-ms="-1621244810639" started-at="2021-05-17T15:16:50 IST" finished-at="1970-01-01T05:30:00 IST">
          <reporter-output>
          </reporter-output>
        </test-method> <!-- startTestCase -->
        <test-method status="SKIP" signature="NavigateToOcmReportsPage()[pri:0, instance:com.tetherfi.test.reports.OCMAnalysisCountReportTest@69364b2d]" name="NavigateToOcmReportsPage" is-config="true" duration-ms="-1621244810640" started-at="2021-05-17T15:16:50 IST" finished-at="1970-01-01T05:30:00 IST">
          <reporter-output>
          </reporter-output>
        </test-method> <!-- NavigateToOcmReportsPage -->
        <test-method status="SKIP" signature="afterEachMethod(java.lang.reflect.Method)[pri:0, instance:com.tetherfi.test.reports.OCMAnalysisCountReportTest@69364b2d]" name="afterEachMethod" is-config="true" duration-ms="-1621244810645" started-at="2021-05-17T15:16:50 IST" finished-at="1970-01-01T05:30:00 IST">
          <reporter-output>
          </reporter-output>
        </test-method> <!-- afterEachMethod -->
        <test-method status="SKIP" signature="endTestCase(java.lang.reflect.Method)[pri:0, instance:com.tetherfi.test.reports.OCMAnalysisCountReportTest@69364b2d]" name="endTestCase" is-config="true" duration-ms="-1621244810646" started-at="2021-05-17T15:16:50 IST" finished-at="1970-01-01T05:30:00 IST">
          <reporter-output>
          </reporter-output>
        </test-method> <!-- endTestCase -->
        <test-method status="SKIP" signature="startTestCase(java.lang.reflect.Method)[pri:0, instance:com.tetherfi.test.reports.OCMAnalysisCountReportTest@69364b2d]" name="startTestCase" is-config="true" duration-ms="-1621244810648" started-at="2021-05-17T15:16:50 IST" finished-at="1970-01-01T05:30:00 IST">
          <reporter-output>
          </reporter-output>
        </test-method> <!-- startTestCase -->
        <test-method status="SKIP" signature="NavigateToOcmReportsPage()[pri:0, instance:com.tetherfi.test.reports.OCMAnalysisCountReportTest@69364b2d]" name="NavigateToOcmReportsPage" is-config="true" duration-ms="-1621244810648" started-at="2021-05-17T15:16:50 IST" finished-at="1970-01-01T05:30:00 IST">
          <reporter-output>
          </reporter-output>
        </test-method> <!-- NavigateToOcmReportsPage -->
        <test-method status="SKIP" signature="afterEachMethod(java.lang.reflect.Method)[pri:0, instance:com.tetherfi.test.reports.OCMAnalysisCountReportTest@69364b2d]" name="afterEachMethod" is-config="true" duration-ms="-1621244810654" started-at="2021-05-17T15:16:50 IST" finished-at="1970-01-01T05:30:00 IST">
          <reporter-output>
          </reporter-output>
        </test-method> <!-- afterEachMethod -->
        <test-method status="SKIP" signature="endTestCase(java.lang.reflect.Method)[pri:0, instance:com.tetherfi.test.reports.OCMAnalysisCountReportTest@69364b2d]" name="endTestCase" is-config="true" duration-ms="-1621244810655" started-at="2021-05-17T15:16:50 IST" finished-at="1970-01-01T05:30:00 IST">
          <reporter-output>
          </reporter-output>
        </test-method> <!-- endTestCase -->
        <test-method status="SKIP" signature="startTestCase(java.lang.reflect.Method)[pri:0, instance:com.tetherfi.test.reports.OCMAnalysisCountReportTest@69364b2d]" name="startTestCase" is-config="true" duration-ms="-1621244810657" started-at="2021-05-17T15:16:50 IST" finished-at="1970-01-01T05:30:00 IST">
          <reporter-output>
          </reporter-output>
        </test-method> <!-- startTestCase -->
        <test-method status="SKIP" signature="NavigateToOcmReportsPage()[pri:0, instance:com.tetherfi.test.reports.OCMAnalysisCountReportTest@69364b2d]" name="NavigateToOcmReportsPage" is-config="true" duration-ms="-1621244810658" started-at="2021-05-17T15:16:50 IST" finished-at="1970-01-01T05:30:00 IST">
          <reporter-output>
          </reporter-output>
        </test-method> <!-- NavigateToOcmReportsPage -->
        <test-method status="SKIP" signature="endTestCase(java.lang.reflect.Method)[pri:0, instance:com.tetherfi.test.reports.OCMAnalysisCountReportTest@69364b2d]" name="endTestCase" is-config="true" duration-ms="-1621244810663" started-at="2021-05-17T15:16:50 IST" finished-at="1970-01-01T05:30:00 IST">
          <reporter-output>
          </reporter-output>
        </test-method> <!-- endTestCase -->
        <test-method status="SKIP" signature="afterEachMethod(java.lang.reflect.Method)[pri:0, instance:com.tetherfi.test.reports.OCMAnalysisCountReportTest@69364b2d]" name="afterEachMethod" is-config="true" duration-ms="-1621244810663" started-at="2021-05-17T15:16:50 IST" finished-at="1970-01-01T05:30:00 IST">
          <reporter-output>
          </reporter-output>
        </test-method> <!-- afterEachMethod -->
        <test-method status="SKIP" signature="startTestCase(java.lang.reflect.Method)[pri:0, instance:com.tetherfi.test.reports.OCMAnalysisCountReportTest@69364b2d]" name="startTestCase" is-config="true" duration-ms="-1621244810665" started-at="2021-05-17T15:16:50 IST" finished-at="1970-01-01T05:30:00 IST">
          <reporter-output>
          </reporter-output>
        </test-method> <!-- startTestCase -->
        <test-method status="SKIP" signature="NavigateToOcmReportsPage()[pri:0, instance:com.tetherfi.test.reports.OCMAnalysisCountReportTest@69364b2d]" name="NavigateToOcmReportsPage" is-config="true" duration-ms="-1621244810666" started-at="2021-05-17T15:16:50 IST" finished-at="1970-01-01T05:30:00 IST">
          <reporter-output>
          </reporter-output>
        </test-method> <!-- NavigateToOcmReportsPage -->
        <test-method status="SKIP" signature="afterEachMethod(java.lang.reflect.Method)[pri:0, instance:com.tetherfi.test.reports.OCMAnalysisCountReportTest@69364b2d]" name="afterEachMethod" is-config="true" duration-ms="-1621244810672" started-at="2021-05-17T15:16:50 IST" finished-at="1970-01-01T05:30:00 IST">
          <reporter-output>
          </reporter-output>
        </test-method> <!-- afterEachMethod -->
        <test-method status="SKIP" signature="endTestCase(java.lang.reflect.Method)[pri:0, instance:com.tetherfi.test.reports.OCMAnalysisCountReportTest@69364b2d]" name="endTestCase" is-config="true" duration-ms="-1621244810673" started-at="2021-05-17T15:16:50 IST" finished-at="1970-01-01T05:30:00 IST">
          <reporter-output>
          </reporter-output>
        </test-method> <!-- endTestCase -->
        <test-method status="SKIP" signature="startTestCase(java.lang.reflect.Method)[pri:0, instance:com.tetherfi.test.reports.OCMAnalysisCountReportTest@69364b2d]" name="startTestCase" is-config="true" duration-ms="-1621244810676" started-at="2021-05-17T15:16:50 IST" finished-at="1970-01-01T05:30:00 IST">
          <reporter-output>
          </reporter-output>
        </test-method> <!-- startTestCase -->
        <test-method status="SKIP" signature="NavigateToOcmReportsPage()[pri:0, instance:com.tetherfi.test.reports.OCMAnalysisCountReportTest@69364b2d]" name="NavigateToOcmReportsPage" is-config="true" duration-ms="-1621244810677" started-at="2021-05-17T15:16:50 IST" finished-at="1970-01-01T05:30:00 IST">
          <reporter-output>
          </reporter-output>
        </test-method> <!-- NavigateToOcmReportsPage -->
        <test-method status="SKIP" signature="afterEachMethod(java.lang.reflect.Method)[pri:0, instance:com.tetherfi.test.reports.OCMAnalysisCountReportTest@69364b2d]" name="afterEachMethod" is-config="true" duration-ms="-1621244810681" started-at="2021-05-17T15:16:50 IST" finished-at="1970-01-01T05:30:00 IST">
          <reporter-output>
          </reporter-output>
        </test-method> <!-- afterEachMethod -->
        <test-method status="SKIP" signature="endTestCase(java.lang.reflect.Method)[pri:0, instance:com.tetherfi.test.reports.OCMAnalysisCountReportTest@69364b2d]" name="endTestCase" is-config="true" duration-ms="-1621244810682" started-at="2021-05-17T15:16:50 IST" finished-at="1970-01-01T05:30:00 IST">
          <reporter-output>
          </reporter-output>
        </test-method> <!-- endTestCase -->
        <test-method status="SKIP" signature="startTestCase(java.lang.reflect.Method)[pri:0, instance:com.tetherfi.test.reports.OCMAnalysisCountReportTest@69364b2d]" name="startTestCase" is-config="true" duration-ms="-1621244810683" started-at="2021-05-17T15:16:50 IST" finished-at="1970-01-01T05:30:00 IST">
          <reporter-output>
          </reporter-output>
        </test-method> <!-- startTestCase -->
        <test-method status="SKIP" signature="NavigateToOcmReportsPage()[pri:0, instance:com.tetherfi.test.reports.OCMAnalysisCountReportTest@69364b2d]" name="NavigateToOcmReportsPage" is-config="true" duration-ms="-1621244810684" started-at="2021-05-17T15:16:50 IST" finished-at="1970-01-01T05:30:00 IST">
          <reporter-output>
          </reporter-output>
        </test-method> <!-- NavigateToOcmReportsPage -->
        <test-method status="SKIP" signature="afterEachMethod(java.lang.reflect.Method)[pri:0, instance:com.tetherfi.test.reports.OCMAnalysisCountReportTest@69364b2d]" name="afterEachMethod" is-config="true" duration-ms="-1621244810691" started-at="2021-05-17T15:16:50 IST" finished-at="1970-01-01T05:30:00 IST">
          <reporter-output>
          </reporter-output>
        </test-method> <!-- afterEachMethod -->
        <test-method status="SKIP" signature="endTestCase(java.lang.reflect.Method)[pri:0, instance:com.tetherfi.test.reports.OCMAnalysisCountReportTest@69364b2d]" name="endTestCase" is-config="true" duration-ms="-1621244810692" started-at="2021-05-17T15:16:50 IST" finished-at="1970-01-01T05:30:00 IST">
          <reporter-output>
          </reporter-output>
        </test-method> <!-- endTestCase -->
        <test-method status="SKIP" signature="startTestCase(java.lang.reflect.Method)[pri:0, instance:com.tetherfi.test.reports.OCMAnalysisCountReportTest@69364b2d]" name="startTestCase" is-config="true" duration-ms="-1621244810694" started-at="2021-05-17T15:16:50 IST" finished-at="1970-01-01T05:30:00 IST">
          <reporter-output>
          </reporter-output>
        </test-method> <!-- startTestCase -->
        <test-method status="SKIP" signature="NavigateToOcmReportsPage()[pri:0, instance:com.tetherfi.test.reports.OCMAnalysisCountReportTest@69364b2d]" name="NavigateToOcmReportsPage" is-config="true" duration-ms="-1621244810695" started-at="2021-05-17T15:16:50 IST" finished-at="1970-01-01T05:30:00 IST">
          <reporter-output>
          </reporter-output>
        </test-method> <!-- NavigateToOcmReportsPage -->
        <test-method status="SKIP" signature="afterEachMethod(java.lang.reflect.Method)[pri:0, instance:com.tetherfi.test.reports.OCMAnalysisCountReportTest@69364b2d]" name="afterEachMethod" is-config="true" duration-ms="-1621244810701" started-at="2021-05-17T15:16:50 IST" finished-at="1970-01-01T05:30:00 IST">
          <reporter-output>
          </reporter-output>
        </test-method> <!-- afterEachMethod -->
        <test-method status="SKIP" signature="endTestCase(java.lang.reflect.Method)[pri:0, instance:com.tetherfi.test.reports.OCMAnalysisCountReportTest@69364b2d]" name="endTestCase" is-config="true" duration-ms="-1621244810702" started-at="2021-05-17T15:16:50 IST" finished-at="1970-01-01T05:30:00 IST">
          <reporter-output>
          </reporter-output>
        </test-method> <!-- endTestCase -->
        <test-method status="SKIP" signature="startTestCase(java.lang.reflect.Method)[pri:0, instance:com.tetherfi.test.reports.OCMAnalysisCountReportTest@69364b2d]" name="startTestCase" is-config="true" duration-ms="-1621244810704" started-at="2021-05-17T15:16:50 IST" finished-at="1970-01-01T05:30:00 IST">
          <reporter-output>
          </reporter-output>
        </test-method> <!-- startTestCase -->
        <test-method status="SKIP" signature="NavigateToOcmReportsPage()[pri:0, instance:com.tetherfi.test.reports.OCMAnalysisCountReportTest@69364b2d]" name="NavigateToOcmReportsPage" is-config="true" duration-ms="-1621244810706" started-at="2021-05-17T15:16:50 IST" finished-at="1970-01-01T05:30:00 IST">
          <reporter-output>
          </reporter-output>
        </test-method> <!-- NavigateToOcmReportsPage -->
        <test-method status="SKIP" signature="afterEachMethod(java.lang.reflect.Method)[pri:0, instance:com.tetherfi.test.reports.OCMAnalysisCountReportTest@69364b2d]" name="afterEachMethod" is-config="true" duration-ms="-1621244810714" started-at="2021-05-17T15:16:50 IST" finished-at="1970-01-01T05:30:00 IST">
          <reporter-output>
          </reporter-output>
        </test-method> <!-- afterEachMethod -->
        <test-method status="SKIP" signature="endTestCase(java.lang.reflect.Method)[pri:0, instance:com.tetherfi.test.reports.OCMAnalysisCountReportTest@69364b2d]" name="endTestCase" is-config="true" duration-ms="-1621244810716" started-at="2021-05-17T15:16:50 IST" finished-at="1970-01-01T05:30:00 IST">
          <reporter-output>
          </reporter-output>
        </test-method> <!-- endTestCase -->
        <test-method status="SKIP" signature="startTestCase(java.lang.reflect.Method)[pri:0, instance:com.tetherfi.test.reports.OCMAnalysisCountReportTest@69364b2d]" name="startTestCase" is-config="true" duration-ms="-1621244810720" started-at="2021-05-17T15:16:50 IST" finished-at="1970-01-01T05:30:00 IST">
          <reporter-output>
          </reporter-output>
        </test-method> <!-- startTestCase -->
        <test-method status="SKIP" signature="NavigateToOcmReportsPage()[pri:0, instance:com.tetherfi.test.reports.OCMAnalysisCountReportTest@69364b2d]" name="NavigateToOcmReportsPage" is-config="true" duration-ms="-1621244810722" started-at="2021-05-17T15:16:50 IST" finished-at="1970-01-01T05:30:00 IST">
          <reporter-output>
          </reporter-output>
        </test-method> <!-- NavigateToOcmReportsPage -->
        <test-method status="SKIP" signature="afterEachMethod(java.lang.reflect.Method)[pri:0, instance:com.tetherfi.test.reports.OCMAnalysisCountReportTest@69364b2d]" name="afterEachMethod" is-config="true" duration-ms="-1621244810727" started-at="2021-05-17T15:16:50 IST" finished-at="1970-01-01T05:30:00 IST">
          <reporter-output>
          </reporter-output>
        </test-method> <!-- afterEachMethod -->
        <test-method status="SKIP" signature="endTestCase(java.lang.reflect.Method)[pri:0, instance:com.tetherfi.test.reports.OCMAnalysisCountReportTest@69364b2d]" name="endTestCase" is-config="true" duration-ms="-1621244810728" started-at="2021-05-17T15:16:50 IST" finished-at="1970-01-01T05:30:00 IST">
          <reporter-output>
          </reporter-output>
        </test-method> <!-- endTestCase -->
        <test-method status="SKIP" signature="startTestCase(java.lang.reflect.Method)[pri:0, instance:com.tetherfi.test.reports.OCMAnalysisCountReportTest@69364b2d]" name="startTestCase" is-config="true" duration-ms="-1621244810729" started-at="2021-05-17T15:16:50 IST" finished-at="1970-01-01T05:30:00 IST">
          <reporter-output>
          </reporter-output>
        </test-method> <!-- startTestCase -->
        <test-method status="SKIP" signature="NavigateToOcmReportsPage()[pri:0, instance:com.tetherfi.test.reports.OCMAnalysisCountReportTest@69364b2d]" name="NavigateToOcmReportsPage" is-config="true" duration-ms="-1621244810730" started-at="2021-05-17T15:16:50 IST" finished-at="1970-01-01T05:30:00 IST">
          <reporter-output>
          </reporter-output>
        </test-method> <!-- NavigateToOcmReportsPage -->
        <test-method status="SKIP" signature="afterEachMethod(java.lang.reflect.Method)[pri:0, instance:com.tetherfi.test.reports.OCMAnalysisCountReportTest@69364b2d]" name="afterEachMethod" is-config="true" duration-ms="-1621244810736" started-at="2021-05-17T15:16:50 IST" finished-at="1970-01-01T05:30:00 IST">
          <reporter-output>
          </reporter-output>
        </test-method> <!-- afterEachMethod -->
        <test-method status="SKIP" signature="endTestCase(java.lang.reflect.Method)[pri:0, instance:com.tetherfi.test.reports.OCMAnalysisCountReportTest@69364b2d]" name="endTestCase" is-config="true" duration-ms="-1621244810737" started-at="2021-05-17T15:16:50 IST" finished-at="1970-01-01T05:30:00 IST">
          <reporter-output>
          </reporter-output>
        </test-method> <!-- endTestCase -->
        <test-method status="SKIP" signature="startTestCase(java.lang.reflect.Method)[pri:0, instance:com.tetherfi.test.reports.OCMAnalysisCountReportTest@69364b2d]" name="startTestCase" is-config="true" duration-ms="-1621244810739" started-at="2021-05-17T15:16:50 IST" finished-at="1970-01-01T05:30:00 IST">
          <reporter-output>
          </reporter-output>
        </test-method> <!-- startTestCase -->
        <test-method status="SKIP" signature="NavigateToOcmReportsPage()[pri:0, instance:com.tetherfi.test.reports.OCMAnalysisCountReportTest@69364b2d]" name="NavigateToOcmReportsPage" is-config="true" duration-ms="-1621244810742" started-at="2021-05-17T15:16:50 IST" finished-at="1970-01-01T05:30:00 IST">
          <reporter-output>
          </reporter-output>
        </test-method> <!-- NavigateToOcmReportsPage -->
        <test-method status="SKIP" signature="afterEachMethod(java.lang.reflect.Method)[pri:0, instance:com.tetherfi.test.reports.OCMAnalysisCountReportTest@69364b2d]" name="afterEachMethod" is-config="true" duration-ms="-1621244810747" started-at="2021-05-17T15:16:50 IST" finished-at="1970-01-01T05:30:00 IST">
          <reporter-output>
          </reporter-output>
        </test-method> <!-- afterEachMethod -->
        <test-method status="SKIP" signature="endTestCase(java.lang.reflect.Method)[pri:0, instance:com.tetherfi.test.reports.OCMAnalysisCountReportTest@69364b2d]" name="endTestCase" is-config="true" duration-ms="-1621244810748" started-at="2021-05-17T15:16:50 IST" finished-at="1970-01-01T05:30:00 IST">
          <reporter-output>
          </reporter-output>
        </test-method> <!-- endTestCase -->
        <test-method status="SKIP" signature="startTestCase(java.lang.reflect.Method)[pri:0, instance:com.tetherfi.test.reports.OCMAnalysisCountReportTest@69364b2d]" name="startTestCase" is-config="true" duration-ms="-1621244810750" started-at="2021-05-17T15:16:50 IST" finished-at="1970-01-01T05:30:00 IST">
          <reporter-output>
          </reporter-output>
        </test-method> <!-- startTestCase -->
        <test-method status="SKIP" signature="NavigateToOcmReportsPage()[pri:0, instance:com.tetherfi.test.reports.OCMAnalysisCountReportTest@69364b2d]" name="NavigateToOcmReportsPage" is-config="true" duration-ms="-1621244810752" started-at="2021-05-17T15:16:50 IST" finished-at="1970-01-01T05:30:00 IST">
          <reporter-output>
          </reporter-output>
        </test-method> <!-- NavigateToOcmReportsPage -->
        <test-method status="SKIP" signature="afterEachMethod(java.lang.reflect.Method)[pri:0, instance:com.tetherfi.test.reports.OCMAnalysisCountReportTest@69364b2d]" name="afterEachMethod" is-config="true" duration-ms="-1621244810759" started-at="2021-05-17T15:16:50 IST" finished-at="1970-01-01T05:30:00 IST">
          <reporter-output>
          </reporter-output>
        </test-method> <!-- afterEachMethod -->
        <test-method status="SKIP" signature="endTestCase(java.lang.reflect.Method)[pri:0, instance:com.tetherfi.test.reports.OCMAnalysisCountReportTest@69364b2d]" name="endTestCase" is-config="true" duration-ms="-1621244810760" started-at="2021-05-17T15:16:50 IST" finished-at="1970-01-01T05:30:00 IST">
          <reporter-output>
          </reporter-output>
        </test-method> <!-- endTestCase -->
        <test-method status="SKIP" signature="startTestCase(java.lang.reflect.Method)[pri:0, instance:com.tetherfi.test.reports.OCMAnalysisCountReportTest@69364b2d]" name="startTestCase" is-config="true" duration-ms="-1621244810761" started-at="2021-05-17T15:16:50 IST" finished-at="1970-01-01T05:30:00 IST">
          <reporter-output>
          </reporter-output>
        </test-method> <!-- startTestCase -->
        <test-method status="SKIP" signature="NavigateToOcmReportsPage()[pri:0, instance:com.tetherfi.test.reports.OCMAnalysisCountReportTest@69364b2d]" name="NavigateToOcmReportsPage" is-config="true" duration-ms="-1621244810762" started-at="2021-05-17T15:16:50 IST" finished-at="1970-01-01T05:30:00 IST">
          <reporter-output>
          </reporter-output>
        </test-method> <!-- NavigateToOcmReportsPage -->
        <test-method status="SKIP" signature="afterEachMethod(java.lang.reflect.Method)[pri:0, instance:com.tetherfi.test.reports.OCMAnalysisCountReportTest@69364b2d]" name="afterEachMethod" is-config="true" duration-ms="-1621244810770" started-at="2021-05-17T15:16:50 IST" finished-at="1970-01-01T05:30:00 IST">
          <reporter-output>
          </reporter-output>
        </test-method> <!-- afterEachMethod -->
        <test-method status="SKIP" signature="endTestCase(java.lang.reflect.Method)[pri:0, instance:com.tetherfi.test.reports.OCMAnalysisCountReportTest@69364b2d]" name="endTestCase" is-config="true" duration-ms="-1621244810773" started-at="2021-05-17T15:16:50 IST" finished-at="1970-01-01T05:30:00 IST">
          <reporter-output>
          </reporter-output>
        </test-method> <!-- endTestCase -->
        <test-method status="SKIP" signature="startTestCase(java.lang.reflect.Method)[pri:0, instance:com.tetherfi.test.reports.OCMAnalysisCountReportTest@69364b2d]" name="startTestCase" is-config="true" duration-ms="-1621244810797" started-at="2021-05-17T15:16:50 IST" finished-at="1970-01-01T05:30:00 IST">
          <reporter-output>
          </reporter-output>
        </test-method> <!-- startTestCase -->
        <test-method status="SKIP" signature="NavigateToOcmReportsPage()[pri:0, instance:com.tetherfi.test.reports.OCMAnalysisCountReportTest@69364b2d]" name="NavigateToOcmReportsPage" is-config="true" duration-ms="-1621244810801" started-at="2021-05-17T15:16:50 IST" finished-at="1970-01-01T05:30:00 IST">
          <reporter-output>
          </reporter-output>
        </test-method> <!-- NavigateToOcmReportsPage -->
        <test-method status="SKIP" signature="afterEachMethod(java.lang.reflect.Method)[pri:0, instance:com.tetherfi.test.reports.OCMAnalysisCountReportTest@69364b2d]" name="afterEachMethod" is-config="true" duration-ms="-1621244810824" started-at="2021-05-17T15:16:50 IST" finished-at="1970-01-01T05:30:00 IST">
          <reporter-output>
          </reporter-output>
        </test-method> <!-- afterEachMethod -->
        <test-method status="SKIP" signature="endTestCase(java.lang.reflect.Method)[pri:0, instance:com.tetherfi.test.reports.OCMAnalysisCountReportTest@69364b2d]" name="endTestCase" is-config="true" duration-ms="-1621244810830" started-at="2021-05-17T15:16:50 IST" finished-at="1970-01-01T05:30:00 IST">
          <reporter-output>
          </reporter-output>
        </test-method> <!-- endTestCase -->
        <test-method status="SKIP" signature="startTestCase(java.lang.reflect.Method)[pri:0, instance:com.tetherfi.test.reports.OCMAnalysisCountReportTest@69364b2d]" name="startTestCase" is-config="true" duration-ms="-1621244810833" started-at="2021-05-17T15:16:50 IST" finished-at="1970-01-01T05:30:00 IST">
          <reporter-output>
          </reporter-output>
        </test-method> <!-- startTestCase -->
        <test-method status="SKIP" signature="NavigateToOcmReportsPage()[pri:0, instance:com.tetherfi.test.reports.OCMAnalysisCountReportTest@69364b2d]" name="NavigateToOcmReportsPage" is-config="true" duration-ms="-1621244810836" started-at="2021-05-17T15:16:50 IST" finished-at="1970-01-01T05:30:00 IST">
          <reporter-output>
          </reporter-output>
        </test-method> <!-- NavigateToOcmReportsPage -->
        <test-method status="SKIP" signature="afterEachMethod(java.lang.reflect.Method)[pri:0, instance:com.tetherfi.test.reports.OCMAnalysisCountReportTest@69364b2d]" name="afterEachMethod" is-config="true" duration-ms="-1621244810842" started-at="2021-05-17T15:16:50 IST" finished-at="1970-01-01T05:30:00 IST">
          <reporter-output>
          </reporter-output>
        </test-method> <!-- afterEachMethod -->
        <test-method status="SKIP" signature="endTestCase(java.lang.reflect.Method)[pri:0, instance:com.tetherfi.test.reports.OCMAnalysisCountReportTest@69364b2d]" name="endTestCase" is-config="true" duration-ms="-1621244810843" started-at="2021-05-17T15:16:50 IST" finished-at="1970-01-01T05:30:00 IST">
          <reporter-output>
          </reporter-output>
        </test-method> <!-- endTestCase -->
        <test-method status="SKIP" signature="startTestCase(java.lang.reflect.Method)[pri:0, instance:com.tetherfi.test.reports.OCMAnalysisCountReportTest@69364b2d]" name="startTestCase" is-config="true" duration-ms="-1621244810845" started-at="2021-05-17T15:16:50 IST" finished-at="1970-01-01T05:30:00 IST">
          <reporter-output>
          </reporter-output>
        </test-method> <!-- startTestCase -->
        <test-method status="SKIP" signature="NavigateToOcmReportsPage()[pri:0, instance:com.tetherfi.test.reports.OCMAnalysisCountReportTest@69364b2d]" name="NavigateToOcmReportsPage" is-config="true" duration-ms="-1621244810846" started-at="2021-05-17T15:16:50 IST" finished-at="1970-01-01T05:30:00 IST">
          <reporter-output>
          </reporter-output>
        </test-method> <!-- NavigateToOcmReportsPage -->
        <test-method status="SKIP" signature="afterEachMethod(java.lang.reflect.Method)[pri:0, instance:com.tetherfi.test.reports.OCMAnalysisCountReportTest@69364b2d]" name="afterEachMethod" is-config="true" duration-ms="-1621244810853" started-at="2021-05-17T15:16:50 IST" finished-at="1970-01-01T05:30:00 IST">
          <reporter-output>
          </reporter-output>
        </test-method> <!-- afterEachMethod -->
        <test-method status="SKIP" signature="endTestCase(java.lang.reflect.Method)[pri:0, instance:com.tetherfi.test.reports.OCMAnalysisCountReportTest@69364b2d]" name="endTestCase" is-config="true" duration-ms="-1621244810856" started-at="2021-05-17T15:16:50 IST" finished-at="1970-01-01T05:30:00 IST">
          <reporter-output>
          </reporter-output>
        </test-method> <!-- endTestCase -->
        <test-method status="SKIP" signature="startTestCase(java.lang.reflect.Method)[pri:0, instance:com.tetherfi.test.reports.OCMAnalysisCountReportTest@69364b2d]" name="startTestCase" is-config="true" duration-ms="-1621244810858" started-at="2021-05-17T15:16:50 IST" finished-at="1970-01-01T05:30:00 IST">
          <reporter-output>
          </reporter-output>
        </test-method> <!-- startTestCase -->
        <test-method status="SKIP" signature="NavigateToOcmReportsPage()[pri:0, instance:com.tetherfi.test.reports.OCMAnalysisCountReportTest@69364b2d]" name="NavigateToOcmReportsPage" is-config="true" duration-ms="-1621244810862" started-at="2021-05-17T15:16:50 IST" finished-at="1970-01-01T05:30:00 IST">
          <reporter-output>
          </reporter-output>
        </test-method> <!-- NavigateToOcmReportsPage -->
        <test-method status="SKIP" signature="afterEachMethod(java.lang.reflect.Method)[pri:0, instance:com.tetherfi.test.reports.OCMAnalysisCountReportTest@69364b2d]" name="afterEachMethod" is-config="true" duration-ms="-1621244810870" started-at="2021-05-17T15:16:50 IST" finished-at="1970-01-01T05:30:00 IST">
          <reporter-output>
          </reporter-output>
        </test-method> <!-- afterEachMethod -->
        <test-method status="SKIP" signature="endTestCase(java.lang.reflect.Method)[pri:0, instance:com.tetherfi.test.reports.OCMAnalysisCountReportTest@69364b2d]" name="endTestCase" is-config="true" duration-ms="-1621244810871" started-at="2021-05-17T15:16:50 IST" finished-at="1970-01-01T05:30:00 IST">
          <reporter-output>
          </reporter-output>
        </test-method> <!-- endTestCase -->
        <test-method status="SKIP" signature="startTestCase(java.lang.reflect.Method)[pri:0, instance:com.tetherfi.test.reports.OCMAnalysisCountReportTest@69364b2d]" name="startTestCase" is-config="true" duration-ms="-1621244810878" started-at="2021-05-17T15:16:50 IST" finished-at="1970-01-01T05:30:00 IST">
          <reporter-output>
          </reporter-output>
        </test-method> <!-- startTestCase -->
        <test-method status="SKIP" signature="NavigateToOcmReportsPage()[pri:0, instance:com.tetherfi.test.reports.OCMAnalysisCountReportTest@69364b2d]" name="NavigateToOcmReportsPage" is-config="true" duration-ms="-1621244810879" started-at="2021-05-17T15:16:50 IST" finished-at="1970-01-01T05:30:00 IST">
          <reporter-output>
          </reporter-output>
        </test-method> <!-- NavigateToOcmReportsPage -->
        <test-method status="SKIP" signature="afterEachMethod(java.lang.reflect.Method)[pri:0, instance:com.tetherfi.test.reports.OCMAnalysisCountReportTest@69364b2d]" name="afterEachMethod" is-config="true" duration-ms="-1621244810889" started-at="2021-05-17T15:16:50 IST" finished-at="1970-01-01T05:30:00 IST">
          <reporter-output>
          </reporter-output>
        </test-method> <!-- afterEachMethod -->
        <test-method status="SKIP" signature="endTestCase(java.lang.reflect.Method)[pri:0, instance:com.tetherfi.test.reports.OCMAnalysisCountReportTest@69364b2d]" name="endTestCase" is-config="true" duration-ms="-1621244810891" started-at="2021-05-17T15:16:50 IST" finished-at="1970-01-01T05:30:00 IST">
          <reporter-output>
          </reporter-output>
        </test-method> <!-- endTestCase -->
        <test-method status="SKIP" signature="startTestCase(java.lang.reflect.Method)[pri:0, instance:com.tetherfi.test.reports.OCMAnalysisCountReportTest@69364b2d]" name="startTestCase" is-config="true" duration-ms="-1621244810892" started-at="2021-05-17T15:16:50 IST" finished-at="1970-01-01T05:30:00 IST">
          <reporter-output>
          </reporter-output>
        </test-method> <!-- startTestCase -->
        <test-method status="SKIP" signature="NavigateToOcmReportsPage()[pri:0, instance:com.tetherfi.test.reports.OCMAnalysisCountReportTest@69364b2d]" name="NavigateToOcmReportsPage" is-config="true" duration-ms="-1621244810893" started-at="2021-05-17T15:16:50 IST" finished-at="1970-01-01T05:30:00 IST">
          <reporter-output>
          </reporter-output>
        </test-method> <!-- NavigateToOcmReportsPage -->
        <test-method status="SKIP" signature="afterEachMethod(java.lang.reflect.Method)[pri:0, instance:com.tetherfi.test.reports.OCMAnalysisCountReportTest@69364b2d]" name="afterEachMethod" is-config="true" duration-ms="-1621244810899" started-at="2021-05-17T15:16:50 IST" finished-at="1970-01-01T05:30:00 IST">
          <reporter-output>
          </reporter-output>
        </test-method> <!-- afterEachMethod -->
        <test-method status="SKIP" signature="endTestCase(java.lang.reflect.Method)[pri:0, instance:com.tetherfi.test.reports.OCMAnalysisCountReportTest@69364b2d]" name="endTestCase" is-config="true" duration-ms="-1621244810900" started-at="2021-05-17T15:16:50 IST" finished-at="1970-01-01T05:30:00 IST">
          <reporter-output>
          </reporter-output>
        </test-method> <!-- endTestCase -->
        <test-method status="SKIP" signature="startTestCase(java.lang.reflect.Method)[pri:0, instance:com.tetherfi.test.reports.OCMAnalysisCountReportTest@69364b2d]" name="startTestCase" is-config="true" duration-ms="-1621244810902" started-at="2021-05-17T15:16:50 IST" finished-at="1970-01-01T05:30:00 IST">
          <reporter-output>
          </reporter-output>
        </test-method> <!-- startTestCase -->
        <test-method status="SKIP" signature="NavigateToOcmReportsPage()[pri:0, instance:com.tetherfi.test.reports.OCMAnalysisCountReportTest@69364b2d]" name="NavigateToOcmReportsPage" is-config="true" duration-ms="-1621244810903" started-at="2021-05-17T15:16:50 IST" finished-at="1970-01-01T05:30:00 IST">
          <reporter-output>
          </reporter-output>
        </test-method> <!-- NavigateToOcmReportsPage -->
        <test-method status="SKIP" signature="afterEachMethod(java.lang.reflect.Method)[pri:0, instance:com.tetherfi.test.reports.OCMAnalysisCountReportTest@69364b2d]" name="afterEachMethod" is-config="true" duration-ms="-1621244810910" started-at="2021-05-17T15:16:50 IST" finished-at="1970-01-01T05:30:00 IST">
          <reporter-output>
          </reporter-output>
        </test-method> <!-- afterEachMethod -->
        <test-method status="SKIP" signature="endTestCase(java.lang.reflect.Method)[pri:0, instance:com.tetherfi.test.reports.OCMAnalysisCountReportTest@69364b2d]" name="endTestCase" is-config="true" duration-ms="-1621244810911" started-at="2021-05-17T15:16:50 IST" finished-at="1970-01-01T05:30:00 IST">
          <reporter-output>
          </reporter-output>
        </test-method> <!-- endTestCase -->
        <test-method status="SKIP" signature="startTestCase(java.lang.reflect.Method)[pri:0, instance:com.tetherfi.test.reports.OCMAnalysisCountReportTest@69364b2d]" name="startTestCase" is-config="true" duration-ms="-1621244810914" started-at="2021-05-17T15:16:50 IST" finished-at="1970-01-01T05:30:00 IST">
          <reporter-output>
          </reporter-output>
        </test-method> <!-- startTestCase -->
        <test-method status="SKIP" signature="NavigateToOcmReportsPage()[pri:0, instance:com.tetherfi.test.reports.OCMAnalysisCountReportTest@69364b2d]" name="NavigateToOcmReportsPage" is-config="true" duration-ms="-1621244810914" started-at="2021-05-17T15:16:50 IST" finished-at="1970-01-01T05:30:00 IST">
          <reporter-output>
          </reporter-output>
        </test-method> <!-- NavigateToOcmReportsPage -->
        <test-method status="SKIP" signature="afterEachMethod(java.lang.reflect.Method)[pri:0, instance:com.tetherfi.test.reports.OCMAnalysisCountReportTest@69364b2d]" name="afterEachMethod" is-config="true" duration-ms="-1621244810927" started-at="2021-05-17T15:16:50 IST" finished-at="1970-01-01T05:30:00 IST">
          <reporter-output>
          </reporter-output>
        </test-method> <!-- afterEachMethod -->
        <test-method status="SKIP" signature="endTestCase(java.lang.reflect.Method)[pri:0, instance:com.tetherfi.test.reports.OCMAnalysisCountReportTest@69364b2d]" name="endTestCase" is-config="true" duration-ms="-1621244810928" started-at="2021-05-17T15:16:50 IST" finished-at="1970-01-01T05:30:00 IST">
          <reporter-output>
          </reporter-output>
        </test-method> <!-- endTestCase -->
        <test-method status="SKIP" signature="startTestCase(java.lang.reflect.Method)[pri:0, instance:com.tetherfi.test.reports.OCMAnalysisCountReportTest@69364b2d]" name="startTestCase" is-config="true" duration-ms="-1621244810931" started-at="2021-05-17T15:16:50 IST" finished-at="1970-01-01T05:30:00 IST">
          <reporter-output>
          </reporter-output>
        </test-method> <!-- startTestCase -->
        <test-method status="SKIP" signature="NavigateToOcmReportsPage()[pri:0, instance:com.tetherfi.test.reports.OCMAnalysisCountReportTest@69364b2d]" name="NavigateToOcmReportsPage" is-config="true" duration-ms="-1621244810932" started-at="2021-05-17T15:16:50 IST" finished-at="1970-01-01T05:30:00 IST">
          <reporter-output>
          </reporter-output>
        </test-method> <!-- NavigateToOcmReportsPage -->
        <test-method status="SKIP" signature="afterEachMethod(java.lang.reflect.Method)[pri:0, instance:com.tetherfi.test.reports.OCMAnalysisCountReportTest@69364b2d]" name="afterEachMethod" is-config="true" duration-ms="-1621244810941" started-at="2021-05-17T15:16:50 IST" finished-at="1970-01-01T05:30:00 IST">
          <reporter-output>
          </reporter-output>
        </test-method> <!-- afterEachMethod -->
        <test-method status="SKIP" signature="endTestCase(java.lang.reflect.Method)[pri:0, instance:com.tetherfi.test.reports.OCMAnalysisCountReportTest@69364b2d]" name="endTestCase" is-config="true" duration-ms="-1621244810944" started-at="2021-05-17T15:16:50 IST" finished-at="1970-01-01T05:30:00 IST">
          <reporter-output>
          </reporter-output>
        </test-method> <!-- endTestCase -->
        <test-method status="SKIP" signature="startTestCase(java.lang.reflect.Method)[pri:0, instance:com.tetherfi.test.reports.OCMAnalysisCountReportTest@69364b2d]" name="startTestCase" is-config="true" duration-ms="-1621244810946" started-at="2021-05-17T15:16:50 IST" finished-at="1970-01-01T05:30:00 IST">
          <reporter-output>
          </reporter-output>
        </test-method> <!-- startTestCase -->
        <test-method status="SKIP" signature="NavigateToOcmReportsPage()[pri:0, instance:com.tetherfi.test.reports.OCMAnalysisCountReportTest@69364b2d]" name="NavigateToOcmReportsPage" is-config="true" duration-ms="-1621244810947" started-at="2021-05-17T15:16:50 IST" finished-at="1970-01-01T05:30:00 IST">
          <reporter-output>
          </reporter-output>
        </test-method> <!-- NavigateToOcmReportsPage -->
        <test-method status="SKIP" signature="afterEachMethod(java.lang.reflect.Method)[pri:0, instance:com.tetherfi.test.reports.OCMAnalysisCountReportTest@69364b2d]" name="afterEachMethod" is-config="true" duration-ms="-1621244810955" started-at="2021-05-17T15:16:50 IST" finished-at="1970-01-01T05:30:00 IST">
          <reporter-output>
          </reporter-output>
        </test-method> <!-- afterEachMethod -->
        <test-method status="SKIP" signature="endTestCase(java.lang.reflect.Method)[pri:0, instance:com.tetherfi.test.reports.OCMAnalysisCountReportTest@69364b2d]" name="endTestCase" is-config="true" duration-ms="-1621244810957" started-at="2021-05-17T15:16:50 IST" finished-at="1970-01-01T05:30:00 IST">
          <reporter-output>
          </reporter-output>
        </test-method> <!-- endTestCase -->
        <test-method status="SKIP" signature="startTestCase(java.lang.reflect.Method)[pri:0, instance:com.tetherfi.test.reports.OCMAnalysisCountReportTest@69364b2d]" name="startTestCase" is-config="true" duration-ms="-1621244810959" started-at="2021-05-17T15:16:50 IST" finished-at="1970-01-01T05:30:00 IST">
          <reporter-output>
          </reporter-output>
        </test-method> <!-- startTestCase -->
        <test-method status="SKIP" signature="NavigateToOcmReportsPage()[pri:0, instance:com.tetherfi.test.reports.OCMAnalysisCountReportTest@69364b2d]" name="NavigateToOcmReportsPage" is-config="true" duration-ms="-1621244810960" started-at="2021-05-17T15:16:50 IST" finished-at="1970-01-01T05:30:00 IST">
          <reporter-output>
          </reporter-output>
        </test-method> <!-- NavigateToOcmReportsPage -->
        <test-method status="SKIP" signature="afterEachMethod(java.lang.reflect.Method)[pri:0, instance:com.tetherfi.test.reports.OCMAnalysisCountReportTest@69364b2d]" name="afterEachMethod" is-config="true" duration-ms="-1621244810964" started-at="2021-05-17T15:16:50 IST" finished-at="1970-01-01T05:30:00 IST">
          <reporter-output>
          </reporter-output>
        </test-method> <!-- afterEachMethod -->
        <test-method status="SKIP" signature="endTestCase(java.lang.reflect.Method)[pri:0, instance:com.tetherfi.test.reports.OCMAnalysisCountReportTest@69364b2d]" name="endTestCase" is-config="true" duration-ms="-1621244810965" started-at="2021-05-17T15:16:50 IST" finished-at="1970-01-01T05:30:00 IST">
          <reporter-output>
          </reporter-output>
        </test-method> <!-- endTestCase -->
        <test-method status="SKIP" signature="NavigateToOcmReportsPage()[pri:0, instance:com.tetherfi.test.reports.OCMAnalysisCountReportTest@69364b2d]" name="NavigateToOcmReportsPage" is-config="true" duration-ms="-1621244810967" started-at="2021-05-17T15:16:50 IST" finished-at="1970-01-01T05:30:00 IST">
          <reporter-output>
          </reporter-output>
        </test-method> <!-- NavigateToOcmReportsPage -->
        <test-method status="SKIP" signature="startTestCase(java.lang.reflect.Method)[pri:0, instance:com.tetherfi.test.reports.OCMAnalysisCountReportTest@69364b2d]" name="startTestCase" is-config="true" duration-ms="-1621244810967" started-at="2021-05-17T15:16:50 IST" finished-at="1970-01-01T05:30:00 IST">
          <reporter-output>
          </reporter-output>
        </test-method> <!-- startTestCase -->
        <test-method status="SKIP" signature="afterEachMethod(java.lang.reflect.Method)[pri:0, instance:com.tetherfi.test.reports.OCMAnalysisCountReportTest@69364b2d]" name="afterEachMethod" is-config="true" duration-ms="-1621244810979" started-at="2021-05-17T15:16:50 IST" finished-at="1970-01-01T05:30:00 IST">
          <reporter-output>
          </reporter-output>
        </test-method> <!-- afterEachMethod -->
        <test-method status="SKIP" signature="endTestCase(java.lang.reflect.Method)[pri:0, instance:com.tetherfi.test.reports.OCMAnalysisCountReportTest@69364b2d]" name="endTestCase" is-config="true" duration-ms="-1621244810980" started-at="2021-05-17T15:16:50 IST" finished-at="1970-01-01T05:30:00 IST">
          <reporter-output>
          </reporter-output>
        </test-method> <!-- endTestCase -->
        <test-method status="SKIP" signature="startTestCase(java.lang.reflect.Method)[pri:0, instance:com.tetherfi.test.reports.OCMAnalysisCountReportTest@69364b2d]" name="startTestCase" is-config="true" duration-ms="-1621244810981" started-at="2021-05-17T15:16:50 IST" finished-at="1970-01-01T05:30:00 IST">
          <reporter-output>
          </reporter-output>
        </test-method> <!-- startTestCase -->
        <test-method status="SKIP" signature="NavigateToOcmReportsPage()[pri:0, instance:com.tetherfi.test.reports.OCMAnalysisCountReportTest@69364b2d]" name="NavigateToOcmReportsPage" is-config="true" duration-ms="-1621244810982" started-at="2021-05-17T15:16:50 IST" finished-at="1970-01-01T05:30:00 IST">
          <reporter-output>
          </reporter-output>
        </test-method> <!-- NavigateToOcmReportsPage -->
        <test-method status="SKIP" signature="afterEachMethod(java.lang.reflect.Method)[pri:0, instance:com.tetherfi.test.reports.OCMAnalysisCountReportTest@69364b2d]" name="afterEachMethod" is-config="true" duration-ms="-1621244810989" started-at="2021-05-17T15:16:50 IST" finished-at="1970-01-01T05:30:00 IST">
          <reporter-output>
          </reporter-output>
        </test-method> <!-- afterEachMethod -->
        <test-method status="SKIP" signature="endTestCase(java.lang.reflect.Method)[pri:0, instance:com.tetherfi.test.reports.OCMAnalysisCountReportTest@69364b2d]" name="endTestCase" is-config="true" duration-ms="-1621244810990" started-at="2021-05-17T15:16:50 IST" finished-at="1970-01-01T05:30:00 IST">
          <reporter-output>
          </reporter-output>
        </test-method> <!-- endTestCase -->
        <test-method status="SKIP" signature="startTestCase(java.lang.reflect.Method)[pri:0, instance:com.tetherfi.test.reports.OCMAnalysisCountReportTest@69364b2d]" name="startTestCase" is-config="true" duration-ms="-1621244810991" started-at="2021-05-17T15:16:50 IST" finished-at="1970-01-01T05:30:00 IST">
          <reporter-output>
          </reporter-output>
        </test-method> <!-- startTestCase -->
        <test-method status="SKIP" signature="NavigateToOcmReportsPage()[pri:0, instance:com.tetherfi.test.reports.OCMAnalysisCountReportTest@69364b2d]" name="NavigateToOcmReportsPage" is-config="true" duration-ms="-1621244810992" started-at="2021-05-17T15:16:50 IST" finished-at="1970-01-01T05:30:00 IST">
          <reporter-output>
          </reporter-output>
        </test-method> <!-- NavigateToOcmReportsPage -->
        <test-method status="SKIP" signature="afterEachMethod(java.lang.reflect.Method)[pri:0, instance:com.tetherfi.test.reports.OCMAnalysisCountReportTest@69364b2d]" name="afterEachMethod" is-config="true" duration-ms="-1621244810996" started-at="2021-05-17T15:16:50 IST" finished-at="1970-01-01T05:30:00 IST">
          <reporter-output>
          </reporter-output>
        </test-method> <!-- afterEachMethod -->
        <test-method status="SKIP" signature="endTestCase(java.lang.reflect.Method)[pri:0, instance:com.tetherfi.test.reports.OCMAnalysisCountReportTest@69364b2d]" name="endTestCase" is-config="true" duration-ms="-1621244810997" started-at="2021-05-17T15:16:50 IST" finished-at="1970-01-01T05:30:00 IST">
          <reporter-output>
          </reporter-output>
        </test-method> <!-- endTestCase -->
        <test-method status="SKIP" signature="startTestCase(java.lang.reflect.Method)[pri:0, instance:com.tetherfi.test.reports.OCMAnalysisCountReportTest@69364b2d]" name="startTestCase" is-config="true" duration-ms="-1621244810999" started-at="2021-05-17T15:16:50 IST" finished-at="1970-01-01T05:30:00 IST">
          <reporter-output>
          </reporter-output>
        </test-method> <!-- startTestCase -->
        <test-method status="SKIP" signature="NavigateToOcmReportsPage()[pri:0, instance:com.tetherfi.test.reports.OCMAnalysisCountReportTest@69364b2d]" name="NavigateToOcmReportsPage" is-config="true" duration-ms="-1621244811000" started-at="2021-05-17T15:16:51 IST" finished-at="1970-01-01T05:30:00 IST">
          <reporter-output>
          </reporter-output>
        </test-method> <!-- NavigateToOcmReportsPage -->
        <test-method status="SKIP" signature="afterEachMethod(java.lang.reflect.Method)[pri:0, instance:com.tetherfi.test.reports.OCMAnalysisCountReportTest@69364b2d]" name="afterEachMethod" is-config="true" duration-ms="-1621244811005" started-at="2021-05-17T15:16:51 IST" finished-at="1970-01-01T05:30:00 IST">
          <reporter-output>
          </reporter-output>
        </test-method> <!-- afterEachMethod -->
        <test-method status="SKIP" signature="endTestCase(java.lang.reflect.Method)[pri:0, instance:com.tetherfi.test.reports.OCMAnalysisCountReportTest@69364b2d]" name="endTestCase" is-config="true" duration-ms="-1621244811006" started-at="2021-05-17T15:16:51 IST" finished-at="1970-01-01T05:30:00 IST">
          <reporter-output>
          </reporter-output>
        </test-method> <!-- endTestCase -->
        <test-method status="SKIP" signature="startTestCase(java.lang.reflect.Method)[pri:0, instance:com.tetherfi.test.reports.OCMAnalysisCountReportTest@69364b2d]" name="startTestCase" is-config="true" duration-ms="-1621244811007" started-at="2021-05-17T15:16:51 IST" finished-at="1970-01-01T05:30:00 IST">
          <reporter-output>
          </reporter-output>
        </test-method> <!-- startTestCase -->
        <test-method status="SKIP" signature="NavigateToOcmReportsPage()[pri:0, instance:com.tetherfi.test.reports.OCMAnalysisCountReportTest@69364b2d]" name="NavigateToOcmReportsPage" is-config="true" duration-ms="-1621244811008" started-at="2021-05-17T15:16:51 IST" finished-at="1970-01-01T05:30:00 IST">
          <reporter-output>
          </reporter-output>
        </test-method> <!-- NavigateToOcmReportsPage -->
        <test-method status="SKIP" signature="afterEachMethod(java.lang.reflect.Method)[pri:0, instance:com.tetherfi.test.reports.OCMAnalysisCountReportTest@69364b2d]" name="afterEachMethod" is-config="true" duration-ms="-1621244811011" started-at="2021-05-17T15:16:51 IST" finished-at="1970-01-01T05:30:00 IST">
          <reporter-output>
          </reporter-output>
        </test-method> <!-- afterEachMethod -->
        <test-method status="SKIP" signature="endTestCase(java.lang.reflect.Method)[pri:0, instance:com.tetherfi.test.reports.OCMAnalysisCountReportTest@69364b2d]" name="endTestCase" is-config="true" duration-ms="-1621244811012" started-at="2021-05-17T15:16:51 IST" finished-at="1970-01-01T05:30:00 IST">
          <reporter-output>
          </reporter-output>
        </test-method> <!-- endTestCase -->
        <test-method status="SKIP" signature="NavigateToOcmReportsPage()[pri:0, instance:com.tetherfi.test.reports.OCMAnalysisCountReportTest@69364b2d]" name="NavigateToOcmReportsPage" is-config="true" duration-ms="-1621244811017" started-at="2021-05-17T15:16:51 IST" finished-at="1970-01-01T05:30:00 IST">
          <reporter-output>
          </reporter-output>
        </test-method> <!-- NavigateToOcmReportsPage -->
        <test-method status="SKIP" signature="startTestCase(java.lang.reflect.Method)[pri:0, instance:com.tetherfi.test.reports.OCMAnalysisCountReportTest@69364b2d]" name="startTestCase" is-config="true" duration-ms="-1621244811017" started-at="2021-05-17T15:16:51 IST" finished-at="1970-01-01T05:30:00 IST">
          <reporter-output>
          </reporter-output>
        </test-method> <!-- startTestCase -->
        <test-method status="SKIP" signature="afterEachMethod(java.lang.reflect.Method)[pri:0, instance:com.tetherfi.test.reports.OCMAnalysisCountReportTest@69364b2d]" name="afterEachMethod" is-config="true" duration-ms="-1621244811024" started-at="2021-05-17T15:16:51 IST" finished-at="1970-01-01T05:30:00 IST">
          <reporter-output>
          </reporter-output>
        </test-method> <!-- afterEachMethod -->
        <test-method status="SKIP" signature="endTestCase(java.lang.reflect.Method)[pri:0, instance:com.tetherfi.test.reports.OCMAnalysisCountReportTest@69364b2d]" name="endTestCase" is-config="true" duration-ms="-1621244811025" started-at="2021-05-17T15:16:51 IST" finished-at="1970-01-01T05:30:00 IST">
          <reporter-output>
          </reporter-output>
        </test-method> <!-- endTestCase -->
        <test-method status="SKIP" signature="startTestCase(java.lang.reflect.Method)[pri:0, instance:com.tetherfi.test.reports.OCMAnalysisCountReportTest@69364b2d]" name="startTestCase" is-config="true" duration-ms="-1621244811026" started-at="2021-05-17T15:16:51 IST" finished-at="1970-01-01T05:30:00 IST">
          <reporter-output>
          </reporter-output>
        </test-method> <!-- startTestCase -->
        <test-method status="SKIP" signature="NavigateToOcmReportsPage()[pri:0, instance:com.tetherfi.test.reports.OCMAnalysisCountReportTest@69364b2d]" name="NavigateToOcmReportsPage" is-config="true" duration-ms="-1621244811027" started-at="2021-05-17T15:16:51 IST" finished-at="1970-01-01T05:30:00 IST">
          <reporter-output>
          </reporter-output>
        </test-method> <!-- NavigateToOcmReportsPage -->
        <test-method status="SKIP" signature="endTestCase(java.lang.reflect.Method)[pri:0, instance:com.tetherfi.test.reports.OCMAnalysisCountReportTest@69364b2d]" name="endTestCase" is-config="true" duration-ms="-1621244811030" started-at="2021-05-17T15:16:51 IST" finished-at="1970-01-01T05:30:00 IST">
          <reporter-output>
          </reporter-output>
        </test-method> <!-- endTestCase -->
        <test-method status="SKIP" signature="afterEachMethod(java.lang.reflect.Method)[pri:0, instance:com.tetherfi.test.reports.OCMAnalysisCountReportTest@69364b2d]" name="afterEachMethod" is-config="true" duration-ms="-1621244811030" started-at="2021-05-17T15:16:51 IST" finished-at="1970-01-01T05:30:00 IST">
          <reporter-output>
          </reporter-output>
        </test-method> <!-- afterEachMethod -->
        <test-method status="SKIP" signature="startTestCase(java.lang.reflect.Method)[pri:0, instance:com.tetherfi.test.reports.OCMAnalysisCountReportTest@69364b2d]" name="startTestCase" is-config="true" duration-ms="-1621244811034" started-at="2021-05-17T15:16:51 IST" finished-at="1970-01-01T05:30:00 IST">
          <reporter-output>
          </reporter-output>
        </test-method> <!-- startTestCase -->
        <test-method status="SKIP" signature="NavigateToOcmReportsPage()[pri:0, instance:com.tetherfi.test.reports.OCMAnalysisCountReportTest@69364b2d]" name="NavigateToOcmReportsPage" is-config="true" duration-ms="-1621244811034" started-at="2021-05-17T15:16:51 IST" finished-at="1970-01-01T05:30:00 IST">
          <reporter-output>
          </reporter-output>
        </test-method> <!-- NavigateToOcmReportsPage -->
        <test-method status="SKIP" signature="afterEachMethod(java.lang.reflect.Method)[pri:0, instance:com.tetherfi.test.reports.OCMAnalysisCountReportTest@69364b2d]" name="afterEachMethod" is-config="true" duration-ms="-1621244811040" started-at="2021-05-17T15:16:51 IST" finished-at="1970-01-01T05:30:00 IST">
          <reporter-output>
          </reporter-output>
        </test-method> <!-- afterEachMethod -->
        <test-method status="SKIP" signature="endTestCase(java.lang.reflect.Method)[pri:0, instance:com.tetherfi.test.reports.OCMAnalysisCountReportTest@69364b2d]" name="endTestCase" is-config="true" duration-ms="-1621244811041" started-at="2021-05-17T15:16:51 IST" finished-at="1970-01-01T05:30:00 IST">
          <reporter-output>
          </reporter-output>
        </test-method> <!-- endTestCase -->
        <test-method status="SKIP" signature="startTestCase(java.lang.reflect.Method)[pri:0, instance:com.tetherfi.test.reports.OCMAnalysisCountReportTest@69364b2d]" name="startTestCase" is-config="true" duration-ms="-1621244811042" started-at="2021-05-17T15:16:51 IST" finished-at="1970-01-01T05:30:00 IST">
          <reporter-output>
          </reporter-output>
        </test-method> <!-- startTestCase -->
        <test-method status="SKIP" signature="NavigateToOcmReportsPage()[pri:0, instance:com.tetherfi.test.reports.OCMAnalysisCountReportTest@69364b2d]" name="NavigateToOcmReportsPage" is-config="true" duration-ms="-1621244811043" started-at="2021-05-17T15:16:51 IST" finished-at="1970-01-01T05:30:00 IST">
          <reporter-output>
          </reporter-output>
        </test-method> <!-- NavigateToOcmReportsPage -->
        <test-method status="SKIP" signature="startTestCase(java.lang.reflect.Method)[pri:0, instance:com.tetherfi.test.reports.OCMAnalysisCountReportTest@69364b2d]" name="startTestCase" is-config="true" duration-ms="-1621244811048" started-at="2021-05-17T15:16:51 IST" finished-at="1970-01-01T05:30:00 IST">
          <reporter-output>
          </reporter-output>
        </test-method> <!-- startTestCase -->
        <test-method status="SKIP" signature="afterEachMethod(java.lang.reflect.Method)[pri:0, instance:com.tetherfi.test.reports.OCMAnalysisCountReportTest@69364b2d]" name="afterEachMethod" is-config="true" duration-ms="-1621244811048" started-at="2021-05-17T15:16:51 IST" finished-at="1970-01-01T05:30:00 IST">
          <reporter-output>
          </reporter-output>
        </test-method> <!-- afterEachMethod -->
        <test-method status="SKIP" signature="endTestCase(java.lang.reflect.Method)[pri:0, instance:com.tetherfi.test.reports.OCMAnalysisCountReportTest@69364b2d]" name="endTestCase" is-config="true" duration-ms="-1621244811048" started-at="2021-05-17T15:16:51 IST" finished-at="1970-01-01T05:30:00 IST">
          <reporter-output>
          </reporter-output>
        </test-method> <!-- endTestCase -->
        <test-method status="SKIP" signature="NavigateToOcmReportsPage()[pri:0, instance:com.tetherfi.test.reports.OCMAnalysisCountReportTest@69364b2d]" name="NavigateToOcmReportsPage" is-config="true" duration-ms="-1621244811049" started-at="2021-05-17T15:16:51 IST" finished-at="1970-01-01T05:30:00 IST">
          <reporter-output>
          </reporter-output>
        </test-method> <!-- NavigateToOcmReportsPage -->
        <test-method status="SKIP" signature="afterEachMethod(java.lang.reflect.Method)[pri:0, instance:com.tetherfi.test.reports.OCMAnalysisCountReportTest@69364b2d]" name="afterEachMethod" is-config="true" duration-ms="-1621244811053" started-at="2021-05-17T15:16:51 IST" finished-at="1970-01-01T05:30:00 IST">
          <reporter-output>
          </reporter-output>
        </test-method> <!-- afterEachMethod -->
        <test-method status="SKIP" signature="endTestCase(java.lang.reflect.Method)[pri:0, instance:com.tetherfi.test.reports.OCMAnalysisCountReportTest@69364b2d]" name="endTestCase" is-config="true" duration-ms="-1621244811054" started-at="2021-05-17T15:16:51 IST" finished-at="1970-01-01T05:30:00 IST">
          <reporter-output>
          </reporter-output>
        </test-method> <!-- endTestCase -->
        <test-method status="SKIP" signature="startTestCase(java.lang.reflect.Method)[pri:0, instance:com.tetherfi.test.reports.OCMAnalysisCountReportTest@69364b2d]" name="startTestCase" is-config="true" duration-ms="-1621244811055" started-at="2021-05-17T15:16:51 IST" finished-at="1970-01-01T05:30:00 IST">
          <reporter-output>
          </reporter-output>
        </test-method> <!-- startTestCase -->
        <test-method status="SKIP" signature="NavigateToOcmReportsPage()[pri:0, instance:com.tetherfi.test.reports.OCMAnalysisCountReportTest@69364b2d]" name="NavigateToOcmReportsPage" is-config="true" duration-ms="-1621244811056" started-at="2021-05-17T15:16:51 IST" finished-at="1970-01-01T05:30:00 IST">
          <reporter-output>
          </reporter-output>
        </test-method> <!-- NavigateToOcmReportsPage -->
        <test-method status="SKIP" signature="afterEachMethod(java.lang.reflect.Method)[pri:0, instance:com.tetherfi.test.reports.OCMAnalysisCountReportTest@69364b2d]" name="afterEachMethod" is-config="true" duration-ms="-1621244811060" started-at="2021-05-17T15:16:51 IST" finished-at="1970-01-01T05:30:00 IST">
          <reporter-output>
          </reporter-output>
        </test-method> <!-- afterEachMethod -->
        <test-method status="SKIP" signature="endTestCase(java.lang.reflect.Method)[pri:0, instance:com.tetherfi.test.reports.OCMAnalysisCountReportTest@69364b2d]" name="endTestCase" is-config="true" duration-ms="-1621244811061" started-at="2021-05-17T15:16:51 IST" finished-at="1970-01-01T05:30:00 IST">
          <reporter-output>
          </reporter-output>
        </test-method> <!-- endTestCase -->
        <test-method status="SKIP" signature="tearDown()[pri:0, instance:com.tetherfi.test.reports.OCMAnalysisCountReportTest@69364b2d]" name="tearDown" is-config="true" duration-ms="-1621244811062" started-at="2021-05-17T15:16:51 IST" finished-at="1970-01-01T05:30:00 IST">
          <reporter-output>
          </reporter-output>
        </test-method> <!-- tearDown -->
      </class> <!-- com.tetherfi.test.reports.OCMAnalysisCountReportTest -->
    </test> <!-- ReportsRegression -->
  </suite> <!-- OCM Reports Test Automation -->
</testng-results>
