<?xml version="1.0" encoding="UTF-8"?>
<testng-results ignored="0" total="2" passed="2" failed="0" skipped="0">
  <reporter-output>
  </reporter-output>
  <suite started-at="2019-10-25T12:29:47 IST" name="Default suite" finished-at="2019-10-25T12:30:56 IST" duration-ms="68953">
    <groups>
    </groups>
    <test started-at="2019-10-25T12:29:47 IST" name="Default test" finished-at="2019-10-25T12:30:56 IST" duration-ms="68953">
      <class name="com.tetherfi.test.sms.SmsResponseTemplateUITest">
        <test-method is-config="true" signature="openApplication()[pri:0, instance:com.tetherfi.test.sms.SmsResponseTemplateUITest@712c5463]" started-at="2019-10-25T12:29:47 IST" name="openApplication" finished-at="2019-10-25T12:30:08 IST" duration-ms="20441" status="PASS">
          <reporter-output>
          </reporter-output>
        </test-method> <!-- openApplication -->
        <test-method is-config="true" signature="startTestCase(java.lang.reflect.Method)[pri:0, instance:com.tetherfi.test.sms.SmsResponseTemplateUITest@712c5463]" started-at="2019-10-25T12:30:08 IST" name="startTestCase" finished-at="2019-10-25T12:30:08 IST" duration-ms="2" status="PASS">
          <params>
            <param index="0">
              <value>
                <![CDATA[public void com.tetherfi.test.sms.SmsResponseTemplateUITest.VerifyColumnsHeaderEnable()]]>
              </value>
            </param>
          </params>
          <reporter-output>
          </reporter-output>
        </test-method> <!-- startTestCase -->
        <test-method is-config="true" signature="NavigateToSmsResponseTemplatePage()[pri:0, instance:com.tetherfi.test.sms.SmsResponseTemplateUITest@712c5463]" started-at="2019-10-25T12:30:08 IST" name="NavigateToSmsResponseTemplatePage" finished-at="2019-10-25T12:30:12 IST" duration-ms="4063" status="PASS">
          <reporter-output>
          </reporter-output>
        </test-method> <!-- NavigateToSmsResponseTemplatePage -->
        <test-method signature="VerifyColumnsHeaderEnable()[pri:6, instance:com.tetherfi.test.sms.SmsResponseTemplateUITest@712c5463]" started-at="2019-10-25T12:30:12 IST" name="VerifyColumnsHeaderEnable" finished-at="2019-10-25T12:30:29 IST" duration-ms="17482" status="PASS">
          <reporter-output>
          </reporter-output>
        </test-method> <!-- VerifyColumnsHeaderEnable -->
        <test-method is-config="true" signature="afterEachMethod(java.lang.reflect.Method)[pri:0, instance:com.tetherfi.test.sms.SmsResponseTemplateUITest@712c5463]" started-at="2019-10-25T12:30:29 IST" name="afterEachMethod" finished-at="2019-10-25T12:30:31 IST" duration-ms="1535" status="PASS">
          <params>
            <param index="0">
              <value>
                <![CDATA[public void com.tetherfi.test.sms.SmsResponseTemplateUITest.VerifyColumnsHeaderEnable()]]>
              </value>
            </param>
          </params>
          <reporter-output>
          </reporter-output>
        </test-method> <!-- afterEachMethod -->
        <test-method is-config="true" signature="endTestCase(java.lang.reflect.Method)[pri:0, instance:com.tetherfi.test.sms.SmsResponseTemplateUITest@712c5463]" started-at="2019-10-25T12:30:31 IST" name="endTestCase" finished-at="2019-10-25T12:30:31 IST" duration-ms="0" status="PASS">
          <params>
            <param index="0">
              <value>
                <![CDATA[public void com.tetherfi.test.sms.SmsResponseTemplateUITest.VerifyColumnsHeaderEnable()]]>
              </value>
            </param>
          </params>
          <reporter-output>
          </reporter-output>
        </test-method> <!-- endTestCase -->
        <test-method is-config="true" signature="NavigateToSmsResponseTemplatePage()[pri:0, instance:com.tetherfi.test.sms.SmsResponseTemplateUITest@712c5463]" started-at="2019-10-25T12:30:31 IST" name="NavigateToSmsResponseTemplatePage" finished-at="2019-10-25T12:30:35 IST" duration-ms="4322" status="PASS">
          <reporter-output>
          </reporter-output>
        </test-method> <!-- NavigateToSmsResponseTemplatePage -->
        <test-method is-config="true" signature="startTestCase(java.lang.reflect.Method)[pri:0, instance:com.tetherfi.test.sms.SmsResponseTemplateUITest@712c5463]" started-at="2019-10-25T12:30:31 IST" name="startTestCase" finished-at="2019-10-25T12:30:31 IST" duration-ms="0" status="PASS">
          <params>
            <param index="0">
              <value>
                <![CDATA[public void com.tetherfi.test.sms.SmsResponseTemplateUITest.VerifyColumnsHeaderDisable()]]>
              </value>
            </param>
          </params>
          <reporter-output>
          </reporter-output>
        </test-method> <!-- startTestCase -->
        <test-method signature="VerifyColumnsHeaderDisable()[pri:7, instance:com.tetherfi.test.sms.SmsResponseTemplateUITest@712c5463]" started-at="2019-10-25T12:30:35 IST" name="VerifyColumnsHeaderDisable" finished-at="2019-10-25T12:30:53 IST" duration-ms="18463" status="PASS">
          <reporter-output>
          </reporter-output>
        </test-method> <!-- VerifyColumnsHeaderDisable -->
        <test-method is-config="true" signature="afterEachMethod(java.lang.reflect.Method)[pri:0, instance:com.tetherfi.test.sms.SmsResponseTemplateUITest@712c5463]" started-at="2019-10-25T12:30:53 IST" name="afterEachMethod" finished-at="2019-10-25T12:30:55 IST" duration-ms="1430" status="PASS">
          <params>
            <param index="0">
              <value>
                <![CDATA[public void com.tetherfi.test.sms.SmsResponseTemplateUITest.VerifyColumnsHeaderDisable()]]>
              </value>
            </param>
          </params>
          <reporter-output>
          </reporter-output>
        </test-method> <!-- afterEachMethod -->
        <test-method is-config="true" signature="endTestCase(java.lang.reflect.Method)[pri:0, instance:com.tetherfi.test.sms.SmsResponseTemplateUITest@712c5463]" started-at="2019-10-25T12:30:55 IST" name="endTestCase" finished-at="2019-10-25T12:30:55 IST" duration-ms="1" status="PASS">
          <params>
            <param index="0">
              <value>
                <![CDATA[public void com.tetherfi.test.sms.SmsResponseTemplateUITest.VerifyColumnsHeaderDisable()]]>
              </value>
            </param>
          </params>
          <reporter-output>
          </reporter-output>
        </test-method> <!-- endTestCase -->
        <test-method is-config="true" signature="tearDown()[pri:0, instance:com.tetherfi.test.sms.SmsResponseTemplateUITest@712c5463]" started-at="2019-10-25T12:30:55 IST" name="tearDown" finished-at="2019-10-25T12:30:56 IST" duration-ms="1138" status="PASS">
          <reporter-output>
          </reporter-output>
        </test-method> <!-- tearDown -->
      </class> <!-- com.tetherfi.test.sms.SmsResponseTemplateUITest -->
    </test> <!-- Default test -->
  </suite> <!-- Default suite -->
</testng-results>
