<?xml version="1.0" encoding="UTF-8"?>
<testng-results skipped="0" failed="0" ignored="0" total="1" passed="1">
  <reporter-output>
  </reporter-output>
  <suite name="Default suite" duration-ms="45018" started-at="2021-09-03T12:23:11 IST" finished-at="2021-09-03T12:23:56 IST">
    <groups>
    </groups>
    <test name="Default test" duration-ms="45018" started-at="2021-09-03T12:23:11 IST" finished-at="2021-09-03T12:23:56 IST">
      <class name="com.tetherfi.test.reports.OCMTimelineReportTest">
        <test-method status="PASS" signature="openApplication()[pri:0, instance:com.tetherfi.test.reports.OCMTimelineReportTest@7add323c]" name="openApplication" is-config="true" duration-ms="23536" started-at="2021-09-03T12:23:11 IST" finished-at="2021-09-03T12:23:34 IST">
          <reporter-output>
          </reporter-output>
        </test-method> <!-- openApplication -->
        <test-method status="PASS" signature="startTestCase(java.lang.reflect.Method)[pri:0, instance:com.tetherfi.test.reports.OCMTimelineReportTest@7add323c]" name="startTestCase" is-config="true" duration-ms="3" started-at="2021-09-03T12:23:34 IST" finished-at="2021-09-03T12:23:34 IST">
          <params>
            <param index="0">
              <value>
                <![CDATA[public void com.tetherfi.test.reports.OCMTimelineReportTest.ExportOcmTimelineReport() throws java.lang.Exception]]>
              </value>
            </param>
          </params>
          <reporter-output>
          </reporter-output>
        </test-method> <!-- startTestCase -->
        <test-method status="PASS" signature="NavigateToOcmReportsPage()[pri:0, instance:com.tetherfi.test.reports.OCMTimelineReportTest@7add323c]" name="NavigateToOcmReportsPage" is-config="true" duration-ms="2057" started-at="2021-09-03T12:23:34 IST" finished-at="2021-09-03T12:23:36 IST">
          <reporter-output>
          </reporter-output>
        </test-method> <!-- NavigateToOcmReportsPage -->
        <test-method status="PASS" signature="ExportOcmTimelineReport()[pri:3, instance:com.tetherfi.test.reports.OCMTimelineReportTest@7add323c]" name="ExportOcmTimelineReport" duration-ms="13900" started-at="2021-09-03T12:23:36 IST" description="To verify Export Report on OCM Reports Page" finished-at="2021-09-03T12:23:50 IST">
          <reporter-output>
          </reporter-output>
        </test-method> <!-- ExportOcmTimelineReport -->
        <test-method status="PASS" signature="afterEachMethod(java.lang.reflect.Method)[pri:0, instance:com.tetherfi.test.reports.OCMTimelineReportTest@7add323c]" name="afterEachMethod" is-config="true" duration-ms="1652" started-at="2021-09-03T12:23:50 IST" finished-at="2021-09-03T12:23:52 IST">
          <params>
            <param index="0">
              <value>
                <![CDATA[public void com.tetherfi.test.reports.OCMTimelineReportTest.ExportOcmTimelineReport() throws java.lang.Exception]]>
              </value>
            </param>
          </params>
          <reporter-output>
          </reporter-output>
        </test-method> <!-- afterEachMethod -->
        <test-method status="PASS" signature="endTestCase(java.lang.reflect.Method)[pri:0, instance:com.tetherfi.test.reports.OCMTimelineReportTest@7add323c]" name="endTestCase" is-config="true" duration-ms="1" started-at="2021-09-03T12:23:52 IST" finished-at="2021-09-03T12:23:52 IST">
          <params>
            <param index="0">
              <value>
                <![CDATA[public void com.tetherfi.test.reports.OCMTimelineReportTest.ExportOcmTimelineReport() throws java.lang.Exception]]>
              </value>
            </param>
          </params>
          <reporter-output>
          </reporter-output>
        </test-method> <!-- endTestCase -->
        <test-method status="PASS" signature="tearDown()[pri:0, instance:com.tetherfi.test.reports.OCMTimelineReportTest@7add323c]" name="tearDown" is-config="true" duration-ms="3688" started-at="2021-09-03T12:23:52 IST" finished-at="2021-09-03T12:23:56 IST">
          <reporter-output>
          </reporter-output>
        </test-method> <!-- tearDown -->
      </class> <!-- com.tetherfi.test.reports.OCMTimelineReportTest -->
    </test> <!-- Default test -->
  </suite> <!-- Default suite -->
</testng-results>
