<?xml version="1.0" encoding="UTF-8"?>
<testng-results ignored="0" total="2" passed="2" failed="0" skipped="0">
  <reporter-output>
  </reporter-output>
  <suite started-at="2019-03-07T11:00:19Z" name="Default suite" finished-at="2019-03-07T11:02:10Z" duration-ms="110681">
    <groups>
    </groups>
    <test started-at="2019-03-07T11:00:19Z" name="Default test" finished-at="2019-03-07T11:02:10Z" duration-ms="110681">
      <class name="com.tetherfi.test.ivr.HolidayListTest">
        <test-method is-config="true" signature="openApplication()[pri:0, instance:com.tetherfi.test.ivr.HolidayListTest@4a481728]" started-at="2019-03-07T16:30:19Z" name="openApplication" finished-at="2019-03-07T16:30:29Z" duration-ms="9987" status="PASS">
          <reporter-output>
          </reporter-output>
        </test-method> <!-- openApplication -->
        <test-method is-config="true" signature="startTestCase(java.lang.reflect.Method)[pri:0, instance:com.tetherfi.test.ivr.HolidayListTest@4a481728]" started-at="2019-03-07T16:30:29Z" name="startTestCase" finished-at="2019-03-07T16:30:29Z" duration-ms="2" status="PASS">
          <params>
            <param index="0">
              <value>
                <![CDATA[public void com.tetherfi.test.ivr.HolidayListTest.addNewHolidayListRecord() throws java.lang.Exception]]>
              </value>
            </param>
          </params>
          <reporter-output>
          </reporter-output>
        </test-method> <!-- startTestCase -->
        <test-method is-config="true" signature="NavigateToHolidayListPage()[pri:0, instance:com.tetherfi.test.ivr.HolidayListTest@4a481728]" started-at="2019-03-07T16:30:29Z" name="NavigateToHolidayListPage" finished-at="2019-03-07T16:30:33Z" duration-ms="4336" status="PASS">
          <reporter-output>
          </reporter-output>
        </test-method> <!-- NavigateToHolidayListPage -->
        <test-method signature="addNewHolidayListRecord()[pri:2, instance:com.tetherfi.test.ivr.HolidayListTest@4a481728]" started-at="2019-03-07T16:30:33Z" name="addNewHolidayListRecord" finished-at="2019-03-07T16:31:03Z" duration-ms="29709" status="PASS">
          <reporter-output>
          </reporter-output>
        </test-method> <!-- addNewHolidayListRecord -->
        <test-method is-config="true" signature="endTestCase(java.lang.reflect.Method)[pri:0, instance:com.tetherfi.test.ivr.HolidayListTest@4a481728]" started-at="2019-03-07T16:31:03Z" name="endTestCase" finished-at="2019-03-07T16:31:03Z" duration-ms="0" status="PASS">
          <params>
            <param index="0">
              <value>
                <![CDATA[public void com.tetherfi.test.ivr.HolidayListTest.addNewHolidayListRecord() throws java.lang.Exception]]>
              </value>
            </param>
          </params>
          <reporter-output>
          </reporter-output>
        </test-method> <!-- endTestCase -->
        <test-method is-config="true" signature="afterEachMethod(org.testng.ITestResult, java.lang.reflect.Method)[pri:0, instance:com.tetherfi.test.ivr.HolidayListTest@4a481728]" started-at="2019-03-07T16:31:03Z" name="afterEachMethod" finished-at="2019-03-07T16:31:03Z" duration-ms="0" status="PASS">
          <params>
            <param index="0">
              <value>
                <![CDATA[[TestResult name=addNewHolidayListRecord status=SUCCESS method=HolidayListTest.addNewHolidayListRecord()[pri:2, instance:com.tetherfi.test.ivr.HolidayListTest@4a481728] output={null}]]]>
              </value>
            </param>
            <param index="1">
              <value>
                <![CDATA[public void com.tetherfi.test.ivr.HolidayListTest.addNewHolidayListRecord() throws java.lang.Exception]]>
              </value>
            </param>
          </params>
          <reporter-output>
          </reporter-output>
        </test-method> <!-- afterEachMethod -->
        <test-method is-config="true" signature="startTestCase(java.lang.reflect.Method)[pri:0, instance:com.tetherfi.test.ivr.HolidayListTest@4a481728]" started-at="2019-03-07T16:31:03Z" name="startTestCase" finished-at="2019-03-07T16:31:03Z" duration-ms="0" status="PASS">
          <params>
            <param index="0">
              <value>
                <![CDATA[public void com.tetherfi.test.ivr.HolidayListTest.Add() throws java.lang.Exception]]>
              </value>
            </param>
          </params>
          <reporter-output>
          </reporter-output>
        </test-method> <!-- startTestCase -->
        <test-method is-config="true" signature="NavigateToHolidayListPage()[pri:0, instance:com.tetherfi.test.ivr.HolidayListTest@4a481728]" started-at="2019-03-07T16:31:03Z" name="NavigateToHolidayListPage" finished-at="2019-03-07T16:31:07Z" duration-ms="3810" status="PASS">
          <reporter-output>
          </reporter-output>
        </test-method> <!-- NavigateToHolidayListPage -->
        <test-method signature="Add()[pri:3, instance:com.tetherfi.test.ivr.HolidayListTest@4a481728]" started-at="2019-03-07T16:31:07Z" name="Add" finished-at="2019-03-07T16:32:07Z" depends-on-methods="com.tetherfi.test.ivr.HolidayListTest.addNewHolidayListRecord" duration-ms="60179" status="PASS">
          <reporter-output>
          </reporter-output>
        </test-method> <!-- Add -->
        <test-method is-config="true" signature="endTestCase(java.lang.reflect.Method)[pri:0, instance:com.tetherfi.test.ivr.HolidayListTest@4a481728]" started-at="2019-03-07T16:32:07Z" name="endTestCase" finished-at="2019-03-07T16:32:07Z" duration-ms="0" status="PASS">
          <params>
            <param index="0">
              <value>
                <![CDATA[public void com.tetherfi.test.ivr.HolidayListTest.Add() throws java.lang.Exception]]>
              </value>
            </param>
          </params>
          <reporter-output>
          </reporter-output>
        </test-method> <!-- endTestCase -->
        <test-method is-config="true" signature="afterEachMethod(org.testng.ITestResult, java.lang.reflect.Method)[pri:0, instance:com.tetherfi.test.ivr.HolidayListTest@4a481728]" started-at="2019-03-07T16:32:07Z" name="afterEachMethod" finished-at="2019-03-07T16:32:07Z" duration-ms="0" status="PASS">
          <params>
            <param index="0">
              <value>
                <![CDATA[[TestResult name=Add status=SUCCESS method=HolidayListTest.Add()[pri:3, instance:com.tetherfi.test.ivr.HolidayListTest@4a481728] output={null}]]]>
              </value>
            </param>
            <param index="1">
              <value>
                <![CDATA[public void com.tetherfi.test.ivr.HolidayListTest.Add() throws java.lang.Exception]]>
              </value>
            </param>
          </params>
          <reporter-output>
          </reporter-output>
        </test-method> <!-- afterEachMethod -->
        <test-method is-config="true" signature="tearDown()[pri:0, instance:com.tetherfi.test.ivr.HolidayListTest@4a481728]" started-at="2019-03-07T16:32:07Z" name="tearDown" finished-at="2019-03-07T16:32:10Z" duration-ms="2601" status="PASS">
          <reporter-output>
          </reporter-output>
        </test-method> <!-- tearDown -->
      </class> <!-- com.tetherfi.test.ivr.HolidayListTest -->
    </test> <!-- Default test -->
  </suite> <!-- Default suite -->
</testng-results>
