<?xml version="1.0" encoding="UTF-8"?>
<testng-results skipped="0" failed="0" ignored="0" total="3" passed="3">
  <reporter-output>
  </reporter-output>
  <suite name="Default suite" duration-ms="200048" started-at="2019-02-18T11:43:27Z" finished-at="2019-02-18T11:46:47Z">
    <groups>
    </groups>
    <test name="Default test" duration-ms="200048" started-at="2019-02-18T11:43:27Z" finished-at="2019-02-18T11:46:47Z">
      <class name="com.tetherfi.test.UserManagementOtherAppsE2ETest">
        <test-method status="PASS" signature="openApplication()[pri:0, instance:com.tetherfi.test.UserManagementOtherAppsE2ETest@5700d6b1]" name="openApplication" is-config="true" duration-ms="9077" started-at="2019-02-18T17:13:27Z" finished-at="2019-02-18T17:13:36Z">
          <reporter-output>
          </reporter-output>
        </test-method> <!-- openApplication -->
        <test-method status="PASS" signature="startTestCase(java.lang.reflect.Method)[pri:0, instance:com.tetherfi.test.UserManagementOtherAppsE2ETest@5700d6b1]" name="startTestCase" is-config="true" duration-ms="1" started-at="2019-02-18T17:13:36Z" finished-at="2019-02-18T17:13:36Z">
          <params>
            <param index="0">
              <value>
                <![CDATA[public void com.tetherfi.test.UserManagementOtherAppsE2ETest.VerifyIWChatCheckerAccess() throws java.lang.Exception]]>
              </value>
            </param>
          </params>
          <reporter-output>
          </reporter-output>
        </test-method> <!-- startTestCase -->
        <test-method status="PASS" signature="OCMPage()[pri:0, instance:com.tetherfi.test.UserManagementOtherAppsE2ETest@5700d6b1]" name="OCMPage" is-config="true" duration-ms="34041" started-at="2019-02-18T17:13:36Z" finished-at="2019-02-18T17:14:10Z">
          <reporter-output>
          </reporter-output>
        </test-method> <!-- OCMPage -->
        <test-method status="PASS" signature="VerifyIWChatCheckerAccess()[pri:0, instance:com.tetherfi.test.UserManagementOtherAppsE2ETest@5700d6b1]" name="VerifyIWChatCheckerAccess" duration-ms="30489" started-at="2019-02-18T17:14:10Z" finished-at="2019-02-18T17:14:40Z">
          <reporter-output>
          </reporter-output>
        </test-method> <!-- VerifyIWChatCheckerAccess -->
        <test-method status="PASS" signature="afterEachMethod(org.testng.ITestResult)[pri:0, instance:com.tetherfi.test.UserManagementOtherAppsE2ETest@5700d6b1]" name="afterEachMethod" is-config="true" duration-ms="7512" started-at="2019-02-18T17:14:40Z" finished-at="2019-02-18T17:14:48Z">
          <params>
            <param index="0">
              <value>
                <![CDATA[[TestResult name=VerifyIWChatCheckerAccess status=SUCCESS method=UserManagementOtherAppsE2ETest.VerifyIWChatCheckerAccess()[pri:0, instance:com.tetherfi.test.UserManagementOtherAppsE2ETest@5700d6b1] output={null}]]]>
              </value>
            </param>
          </params>
          <reporter-output>
          </reporter-output>
        </test-method> <!-- afterEachMethod -->
        <test-method status="PASS" signature="endTestCase(java.lang.reflect.Method)[pri:0, instance:com.tetherfi.test.UserManagementOtherAppsE2ETest@5700d6b1]" name="endTestCase" is-config="true" duration-ms="1" started-at="2019-02-18T17:14:48Z" finished-at="2019-02-18T17:14:48Z">
          <params>
            <param index="0">
              <value>
                <![CDATA[public void com.tetherfi.test.UserManagementOtherAppsE2ETest.VerifyIWChatCheckerAccess() throws java.lang.Exception]]>
              </value>
            </param>
          </params>
          <reporter-output>
          </reporter-output>
        </test-method> <!-- endTestCase -->
        <test-method status="PASS" signature="startTestCase(java.lang.reflect.Method)[pri:0, instance:com.tetherfi.test.UserManagementOtherAppsE2ETest@5700d6b1]" name="startTestCase" is-config="true" duration-ms="0" started-at="2019-02-18T17:14:48Z" finished-at="2019-02-18T17:14:48Z">
          <params>
            <param index="0">
              <value>
                <![CDATA[public void com.tetherfi.test.UserManagementOtherAppsE2ETest.VerifyIWChatMakerAccess() throws java.lang.Exception]]>
              </value>
            </param>
          </params>
          <reporter-output>
          </reporter-output>
        </test-method> <!-- startTestCase -->
        <test-method status="PASS" signature="OCMPage()[pri:0, instance:com.tetherfi.test.UserManagementOtherAppsE2ETest@5700d6b1]" name="OCMPage" is-config="true" duration-ms="16881" started-at="2019-02-18T17:14:48Z" finished-at="2019-02-18T17:15:05Z">
          <reporter-output>
          </reporter-output>
        </test-method> <!-- OCMPage -->
        <test-method status="PASS" signature="VerifyIWChatMakerAccess()[pri:0, instance:com.tetherfi.test.UserManagementOtherAppsE2ETest@5700d6b1]" name="VerifyIWChatMakerAccess" duration-ms="28275" started-at="2019-02-18T17:15:05Z" finished-at="2019-02-18T17:15:33Z">
          <reporter-output>
          </reporter-output>
        </test-method> <!-- VerifyIWChatMakerAccess -->
        <test-method status="PASS" signature="afterEachMethod(org.testng.ITestResult)[pri:0, instance:com.tetherfi.test.UserManagementOtherAppsE2ETest@5700d6b1]" name="afterEachMethod" is-config="true" duration-ms="6990" started-at="2019-02-18T17:15:33Z" finished-at="2019-02-18T17:15:40Z">
          <params>
            <param index="0">
              <value>
                <![CDATA[[TestResult name=VerifyIWChatMakerAccess status=SUCCESS method=UserManagementOtherAppsE2ETest.VerifyIWChatMakerAccess()[pri:0, instance:com.tetherfi.test.UserManagementOtherAppsE2ETest@5700d6b1] output={null}]]]>
              </value>
            </param>
          </params>
          <reporter-output>
          </reporter-output>
        </test-method> <!-- afterEachMethod -->
        <test-method status="PASS" signature="endTestCase(java.lang.reflect.Method)[pri:0, instance:com.tetherfi.test.UserManagementOtherAppsE2ETest@5700d6b1]" name="endTestCase" is-config="true" duration-ms="1" started-at="2019-02-18T17:15:40Z" finished-at="2019-02-18T17:15:40Z">
          <params>
            <param index="0">
              <value>
                <![CDATA[public void com.tetherfi.test.UserManagementOtherAppsE2ETest.VerifyIWChatMakerAccess() throws java.lang.Exception]]>
              </value>
            </param>
          </params>
          <reporter-output>
          </reporter-output>
        </test-method> <!-- endTestCase -->
        <test-method status="PASS" signature="startTestCase(java.lang.reflect.Method)[pri:0, instance:com.tetherfi.test.UserManagementOtherAppsE2ETest@5700d6b1]" name="startTestCase" is-config="true" duration-ms="0" started-at="2019-02-18T17:15:40Z" finished-at="2019-02-18T17:15:40Z">
          <params>
            <param index="0">
              <value>
                <![CDATA[public void com.tetherfi.test.UserManagementOtherAppsE2ETest.VerifyIWChatMakerCheckerAccess() throws java.lang.Exception]]>
              </value>
            </param>
          </params>
          <reporter-output>
          </reporter-output>
        </test-method> <!-- startTestCase -->
        <test-method status="PASS" signature="OCMPage()[pri:0, instance:com.tetherfi.test.UserManagementOtherAppsE2ETest@5700d6b1]" name="OCMPage" is-config="true" duration-ms="17570" started-at="2019-02-18T17:15:40Z" finished-at="2019-02-18T17:15:58Z">
          <reporter-output>
          </reporter-output>
        </test-method> <!-- OCMPage -->
        <test-method status="PASS" signature="VerifyIWChatMakerCheckerAccess()[pri:0, instance:com.tetherfi.test.UserManagementOtherAppsE2ETest@5700d6b1]" name="VerifyIWChatMakerCheckerAccess" duration-ms="39450" started-at="2019-02-18T17:15:58Z" finished-at="2019-02-18T17:16:37Z">
          <reporter-output>
          </reporter-output>
        </test-method> <!-- VerifyIWChatMakerCheckerAccess -->
        <test-method status="PASS" signature="afterEachMethod(org.testng.ITestResult)[pri:0, instance:com.tetherfi.test.UserManagementOtherAppsE2ETest@5700d6b1]" name="afterEachMethod" is-config="true" duration-ms="8075" started-at="2019-02-18T17:16:37Z" finished-at="2019-02-18T17:16:45Z">
          <params>
            <param index="0">
              <value>
                <![CDATA[[TestResult name=VerifyIWChatMakerCheckerAccess status=SUCCESS method=UserManagementOtherAppsE2ETest.VerifyIWChatMakerCheckerAccess()[pri:0, instance:com.tetherfi.test.UserManagementOtherAppsE2ETest@5700d6b1] output={null}]]]>
              </value>
            </param>
          </params>
          <reporter-output>
          </reporter-output>
        </test-method> <!-- afterEachMethod -->
        <test-method status="PASS" signature="endTestCase(java.lang.reflect.Method)[pri:0, instance:com.tetherfi.test.UserManagementOtherAppsE2ETest@5700d6b1]" name="endTestCase" is-config="true" duration-ms="1" started-at="2019-02-18T17:16:45Z" finished-at="2019-02-18T17:16:45Z">
          <params>
            <param index="0">
              <value>
                <![CDATA[public void com.tetherfi.test.UserManagementOtherAppsE2ETest.VerifyIWChatMakerCheckerAccess() throws java.lang.Exception]]>
              </value>
            </param>
          </params>
          <reporter-output>
          </reporter-output>
        </test-method> <!-- endTestCase -->
        <test-method status="PASS" signature="tearDown()[pri:0, instance:com.tetherfi.test.UserManagementOtherAppsE2ETest@5700d6b1]" name="tearDown" is-config="true" duration-ms="1644" started-at="2019-02-18T17:16:45Z" finished-at="2019-02-18T17:16:47Z">
          <reporter-output>
          </reporter-output>
        </test-method> <!-- tearDown -->
      </class> <!-- com.tetherfi.test.UserManagementOtherAppsE2ETest -->
    </test> <!-- Default test -->
  </suite> <!-- Default suite -->
</testng-results>
