<?xml version="1.0" encoding="UTF-8"?>
<testng-results ignored="0" total="63" passed="52" failed="11" skipped="0">
  <reporter-output>
  </reporter-output>
  <suite started-at="2020-04-27T13:03:28 IST" name="Default suite" finished-at="2020-04-27T13:18:05 IST" duration-ms="877666">
    <groups>
    </groups>
    <test started-at="2020-04-27T13:03:28 IST" name="Default test" finished-at="2020-04-27T13:18:05 IST" duration-ms="877666">
      <class name="com.tetherfi.test.fax.FaxAddressBookTest">
        <test-method is-config="true" signature="openApplication()[pri:0, instance:com.tetherfi.test.fax.FaxAddressBookTest@1a07bf6]" started-at="2020-04-27T13:03:28 IST" name="openApplication" finished-at="2020-04-27T13:03:55 IST" duration-ms="26903" status="PASS">
          <reporter-output>
          </reporter-output>
        </test-method> <!-- openApplication -->
        <test-method is-config="true" signature="startTestCase(java.lang.reflect.Method)[pri:0, instance:com.tetherfi.test.fax.FaxAddressBookTest@1a07bf6]" started-at="2020-04-27T13:03:55 IST" name="startTestCase" finished-at="2020-04-27T13:03:55 IST" duration-ms="3" status="PASS">
          <params>
            <param index="0">
              <value>
                <![CDATA[public void com.tetherfi.test.fax.FaxAddressBookTest.FaxSendersPage()]]>
              </value>
            </param>
          </params>
          <reporter-output>
          </reporter-output>
        </test-method> <!-- startTestCase -->
        <test-method is-config="true" signature="NavigatetoFaxAddressPage()[pri:0, instance:com.tetherfi.test.fax.FaxAddressBookTest@1a07bf6]" started-at="2020-04-27T13:03:55 IST" name="NavigatetoFaxAddressPage" finished-at="2020-04-27T13:03:59 IST" duration-ms="4591" status="PASS">
          <reporter-output>
          </reporter-output>
        </test-method> <!-- NavigatetoFaxAddressPage -->
        <test-method signature="FaxSendersPage()[pri:1, instance:com.tetherfi.test.fax.FaxAddressBookTest@1a07bf6]" started-at="2020-04-27T13:03:59 IST" name="FaxSendersPage" finished-at="2020-04-27T13:04:00 IST" duration-ms="681" status="PASS">
          <reporter-output>
          </reporter-output>
        </test-method> <!-- FaxSendersPage -->
        <test-method is-config="true" signature="afterEachMethod(java.lang.reflect.Method)[pri:0, instance:com.tetherfi.test.fax.FaxAddressBookTest@1a07bf6]" started-at="2020-04-27T13:04:00 IST" name="afterEachMethod" finished-at="2020-04-27T13:04:02 IST" duration-ms="1555" status="PASS">
          <params>
            <param index="0">
              <value>
                <![CDATA[public void com.tetherfi.test.fax.FaxAddressBookTest.FaxSendersPage()]]>
              </value>
            </param>
          </params>
          <reporter-output>
          </reporter-output>
        </test-method> <!-- afterEachMethod -->
        <test-method is-config="true" signature="endTestCase(java.lang.reflect.Method)[pri:0, instance:com.tetherfi.test.fax.FaxAddressBookTest@1a07bf6]" started-at="2020-04-27T13:04:02 IST" name="endTestCase" finished-at="2020-04-27T13:04:02 IST" duration-ms="0" status="PASS">
          <params>
            <param index="0">
              <value>
                <![CDATA[public void com.tetherfi.test.fax.FaxAddressBookTest.FaxSendersPage()]]>
              </value>
            </param>
          </params>
          <reporter-output>
          </reporter-output>
        </test-method> <!-- endTestCase -->
        <test-method is-config="true" signature="startTestCase(java.lang.reflect.Method)[pri:0, instance:com.tetherfi.test.fax.FaxAddressBookTest@1a07bf6]" started-at="2020-04-27T13:04:02 IST" name="startTestCase" finished-at="2020-04-27T13:04:02 IST" duration-ms="1" status="PASS">
          <params>
            <param index="0">
              <value>
                <![CDATA[public void com.tetherfi.test.fax.FaxAddressBookTest.VerifyDropdownForAllTheColumnsRecipient()]]>
              </value>
            </param>
          </params>
          <reporter-output>
          </reporter-output>
        </test-method> <!-- startTestCase -->
        <test-method is-config="true" signature="NavigatetoFaxAddressPage()[pri:0, instance:com.tetherfi.test.fax.FaxAddressBookTest@1a07bf6]" started-at="2020-04-27T13:04:02 IST" name="NavigatetoFaxAddressPage" finished-at="2020-04-27T13:04:06 IST" duration-ms="4291" status="PASS">
          <reporter-output>
          </reporter-output>
        </test-method> <!-- NavigatetoFaxAddressPage -->
        <test-method signature="VerifyDropdownForAllTheColumnsRecipient()[pri:2, instance:com.tetherfi.test.fax.FaxAddressBookTest@1a07bf6]" started-at="2020-04-27T13:04:06 IST" name="VerifyDropdownForAllTheColumnsRecipient" finished-at="2020-04-27T13:04:36 IST" duration-ms="30486" status="FAIL">
          <exception class="java.lang.AssertionError">
            <message>
              <![CDATA[Columns dropdown assertion failed did not expect to find [true] but found [false]]]>
            </message>
            <full-stacktrace>
              <![CDATA[java.lang.AssertionError: Columns dropdown assertion failed did not expect to find [true] but found [false]
at org.testng.Assert.fail(Assert.java:97)
at org.testng.Assert.failNotEquals(Assert.java:969)
at org.testng.Assert.assertTrue(Assert.java:43)
at com.tetherfi.test.fax.FaxAddressBookTest.VerifyDropdownForAllTheColumnsRecipient(FaxAddressBookTest.java:67)
at java.base/jdk.internal.reflect.NativeMethodAccessorImpl.invoke0(Native Method)
at java.base/jdk.internal.reflect.NativeMethodAccessorImpl.invoke(Unknown Source)
at java.base/jdk.internal.reflect.DelegatingMethodAccessorImpl.invoke(Unknown Source)
at java.base/java.lang.reflect.Method.invoke(Unknown Source)
at org.testng.internal.MethodInvocationHelper.invokeMethod(MethodInvocationHelper.java:133)
at org.testng.internal.TestInvoker.invokeMethod(TestInvoker.java:584)
at org.testng.internal.TestInvoker.invokeTestMethod(TestInvoker.java:172)
at org.testng.internal.MethodRunner.runInSequence(MethodRunner.java:46)
at org.testng.internal.TestInvoker$MethodInvocationAgent.invoke(TestInvoker.java:804)
at org.testng.internal.TestInvoker.invokeTestMethods(TestInvoker.java:145)
at org.testng.internal.TestMethodWorker.invokeTestMethods(TestMethodWorker.java:146)
at org.testng.internal.TestMethodWorker.run(TestMethodWorker.java:128)
at java.base/java.util.ArrayList.forEach(Unknown Source)
at org.testng.TestRunner.privateRun(TestRunner.java:770)
at org.testng.TestRunner.run(TestRunner.java:591)
at org.testng.SuiteRunner.runTest(SuiteRunner.java:402)
at org.testng.SuiteRunner.runSequentially(SuiteRunner.java:396)
at org.testng.SuiteRunner.privateRun(SuiteRunner.java:355)
at org.testng.SuiteRunner.run(SuiteRunner.java:304)
at org.testng.SuiteRunnerWorker.runSuite(SuiteRunnerWorker.java:53)
at org.testng.SuiteRunnerWorker.run(SuiteRunnerWorker.java:96)
at org.testng.TestNG.runSuitesSequentially(TestNG.java:1180)
at org.testng.TestNG.runSuitesLocally(TestNG.java:1102)
at org.testng.TestNG.runSuites(TestNG.java:1032)
at org.testng.TestNG.run(TestNG.java:1000)
at org.testng.remote.AbstractRemoteTestNG.run(AbstractRemoteTestNG.java:115)
at org.testng.remote.RemoteTestNG.initAndRun(RemoteTestNG.java:251)
at org.testng.remote.RemoteTestNG.main(RemoteTestNG.java:77)
]]>
            </full-stacktrace>
          </exception> <!-- java.lang.AssertionError -->
          <reporter-output>
          </reporter-output>
        </test-method> <!-- VerifyDropdownForAllTheColumnsRecipient -->
        <test-method is-config="true" signature="afterEachMethod(java.lang.reflect.Method)[pri:0, instance:com.tetherfi.test.fax.FaxAddressBookTest@1a07bf6]" started-at="2020-04-27T13:04:36 IST" name="afterEachMethod" finished-at="2020-04-27T13:04:38 IST" duration-ms="1662" status="PASS">
          <params>
            <param index="0">
              <value>
                <![CDATA[public void com.tetherfi.test.fax.FaxAddressBookTest.VerifyDropdownForAllTheColumnsRecipient()]]>
              </value>
            </param>
          </params>
          <reporter-output>
          </reporter-output>
        </test-method> <!-- afterEachMethod -->
        <test-method is-config="true" signature="endTestCase(java.lang.reflect.Method)[pri:0, instance:com.tetherfi.test.fax.FaxAddressBookTest@1a07bf6]" started-at="2020-04-27T13:04:38 IST" name="endTestCase" finished-at="2020-04-27T13:04:38 IST" duration-ms="0" status="PASS">
          <params>
            <param index="0">
              <value>
                <![CDATA[public void com.tetherfi.test.fax.FaxAddressBookTest.VerifyDropdownForAllTheColumnsRecipient()]]>
              </value>
            </param>
          </params>
          <reporter-output>
          </reporter-output>
        </test-method> <!-- endTestCase -->
        <test-method is-config="true" signature="startTestCase(java.lang.reflect.Method)[pri:0, instance:com.tetherfi.test.fax.FaxAddressBookTest@1a07bf6]" started-at="2020-04-27T13:04:38 IST" name="startTestCase" finished-at="2020-04-27T13:04:38 IST" duration-ms="4" status="PASS">
          <params>
            <param index="0">
              <value>
                <![CDATA[public void com.tetherfi.test.fax.FaxAddressBookTest.VerifyColumnsHeaderEnableRecepient() throws java.lang.Exception]]>
              </value>
            </param>
          </params>
          <reporter-output>
          </reporter-output>
        </test-method> <!-- startTestCase -->
        <test-method is-config="true" signature="NavigatetoFaxAddressPage()[pri:0, instance:com.tetherfi.test.fax.FaxAddressBookTest@1a07bf6]" started-at="2020-04-27T13:04:38 IST" name="NavigatetoFaxAddressPage" finished-at="2020-04-27T13:04:42 IST" duration-ms="4158" status="PASS">
          <reporter-output>
          </reporter-output>
        </test-method> <!-- NavigatetoFaxAddressPage -->
        <test-method signature="VerifyColumnsHeaderEnableRecepient()[pri:3, instance:com.tetherfi.test.fax.FaxAddressBookTest@1a07bf6]" started-at="2020-04-27T13:04:42 IST" name="VerifyColumnsHeaderEnableRecepient" finished-at="2020-04-27T13:04:49 IST" duration-ms="6642" status="PASS">
          <reporter-output>
          </reporter-output>
        </test-method> <!-- VerifyColumnsHeaderEnableRecepient -->
        <test-method is-config="true" signature="afterEachMethod(java.lang.reflect.Method)[pri:0, instance:com.tetherfi.test.fax.FaxAddressBookTest@1a07bf6]" started-at="2020-04-27T13:04:49 IST" name="afterEachMethod" finished-at="2020-04-27T13:04:50 IST" duration-ms="1556" status="PASS">
          <params>
            <param index="0">
              <value>
                <![CDATA[public void com.tetherfi.test.fax.FaxAddressBookTest.VerifyColumnsHeaderEnableRecepient() throws java.lang.Exception]]>
              </value>
            </param>
          </params>
          <reporter-output>
          </reporter-output>
        </test-method> <!-- afterEachMethod -->
        <test-method is-config="true" signature="endTestCase(java.lang.reflect.Method)[pri:0, instance:com.tetherfi.test.fax.FaxAddressBookTest@1a07bf6]" started-at="2020-04-27T13:04:50 IST" name="endTestCase" finished-at="2020-04-27T13:04:50 IST" duration-ms="0" status="PASS">
          <params>
            <param index="0">
              <value>
                <![CDATA[public void com.tetherfi.test.fax.FaxAddressBookTest.VerifyColumnsHeaderEnableRecepient() throws java.lang.Exception]]>
              </value>
            </param>
          </params>
          <reporter-output>
          </reporter-output>
        </test-method> <!-- endTestCase -->
        <test-method is-config="true" signature="NavigatetoFaxAddressPage()[pri:0, instance:com.tetherfi.test.fax.FaxAddressBookTest@1a07bf6]" started-at="2020-04-27T13:04:50 IST" name="NavigatetoFaxAddressPage" finished-at="2020-04-27T13:04:54 IST" duration-ms="3861" status="PASS">
          <reporter-output>
          </reporter-output>
        </test-method> <!-- NavigatetoFaxAddressPage -->
        <test-method is-config="true" signature="startTestCase(java.lang.reflect.Method)[pri:0, instance:com.tetherfi.test.fax.FaxAddressBookTest@1a07bf6]" started-at="2020-04-27T13:04:50 IST" name="startTestCase" finished-at="2020-04-27T13:04:50 IST" duration-ms="0" status="PASS">
          <params>
            <param index="0">
              <value>
                <![CDATA[public void com.tetherfi.test.fax.FaxAddressBookTest.VerifyColumnsHeaderDisable()]]>
              </value>
            </param>
          </params>
          <reporter-output>
          </reporter-output>
        </test-method> <!-- startTestCase -->
        <test-method signature="VerifyColumnsHeaderDisable()[pri:4, instance:com.tetherfi.test.fax.FaxAddressBookTest@1a07bf6]" started-at="2020-04-27T13:04:54 IST" name="VerifyColumnsHeaderDisable" finished-at="2020-04-27T13:05:03 IST" duration-ms="8711" status="PASS">
          <reporter-output>
          </reporter-output>
        </test-method> <!-- VerifyColumnsHeaderDisable -->
        <test-method is-config="true" signature="afterEachMethod(java.lang.reflect.Method)[pri:0, instance:com.tetherfi.test.fax.FaxAddressBookTest@1a07bf6]" started-at="2020-04-27T13:05:03 IST" name="afterEachMethod" finished-at="2020-04-27T13:05:05 IST" duration-ms="1678" status="PASS">
          <params>
            <param index="0">
              <value>
                <![CDATA[public void com.tetherfi.test.fax.FaxAddressBookTest.VerifyColumnsHeaderDisable()]]>
              </value>
            </param>
          </params>
          <reporter-output>
          </reporter-output>
        </test-method> <!-- afterEachMethod -->
        <test-method is-config="true" signature="endTestCase(java.lang.reflect.Method)[pri:0, instance:com.tetherfi.test.fax.FaxAddressBookTest@1a07bf6]" started-at="2020-04-27T13:05:05 IST" name="endTestCase" finished-at="2020-04-27T13:05:05 IST" duration-ms="1" status="PASS">
          <params>
            <param index="0">
              <value>
                <![CDATA[public void com.tetherfi.test.fax.FaxAddressBookTest.VerifyColumnsHeaderDisable()]]>
              </value>
            </param>
          </params>
          <reporter-output>
          </reporter-output>
        </test-method> <!-- endTestCase -->
        <test-method is-config="true" signature="startTestCase(java.lang.reflect.Method)[pri:0, instance:com.tetherfi.test.fax.FaxAddressBookTest@1a07bf6]" started-at="2020-04-27T13:05:05 IST" name="startTestCase" finished-at="2020-04-27T13:05:05 IST" duration-ms="0" status="PASS">
          <params>
            <param index="0">
              <value>
                <![CDATA[public void com.tetherfi.test.fax.FaxAddressBookTest.VerifyCancelButtonAtAddAdhocOptionEnhancementRecord() throws java.lang.Exception]]>
              </value>
            </param>
          </params>
          <reporter-output>
          </reporter-output>
        </test-method> <!-- startTestCase -->
        <test-method is-config="true" signature="NavigatetoFaxAddressPage()[pri:0, instance:com.tetherfi.test.fax.FaxAddressBookTest@1a07bf6]" started-at="2020-04-27T13:05:05 IST" name="NavigatetoFaxAddressPage" finished-at="2020-04-27T13:05:09 IST" duration-ms="4624" status="PASS">
          <reporter-output>
          </reporter-output>
        </test-method> <!-- NavigatetoFaxAddressPage -->
        <test-method signature="VerifyCancelButtonAtAddAdhocOptionEnhancementRecord()[pri:5, instance:com.tetherfi.test.fax.FaxAddressBookTest@1a07bf6]" started-at="2020-04-27T13:05:09 IST" name="VerifyCancelButtonAtAddAdhocOptionEnhancementRecord" finished-at="2020-04-27T13:05:11 IST" duration-ms="2225" status="PASS">
          <reporter-output>
          </reporter-output>
        </test-method> <!-- VerifyCancelButtonAtAddAdhocOptionEnhancementRecord -->
        <test-method is-config="true" signature="afterEachMethod(java.lang.reflect.Method)[pri:0, instance:com.tetherfi.test.fax.FaxAddressBookTest@1a07bf6]" started-at="2020-04-27T13:05:12 IST" name="afterEachMethod" finished-at="2020-04-27T13:05:14 IST" duration-ms="2040" status="PASS">
          <params>
            <param index="0">
              <value>
                <![CDATA[public void com.tetherfi.test.fax.FaxAddressBookTest.VerifyCancelButtonAtAddAdhocOptionEnhancementRecord() throws java.lang.Exception]]>
              </value>
            </param>
          </params>
          <reporter-output>
          </reporter-output>
        </test-method> <!-- afterEachMethod -->
        <test-method is-config="true" signature="endTestCase(java.lang.reflect.Method)[pri:0, instance:com.tetherfi.test.fax.FaxAddressBookTest@1a07bf6]" started-at="2020-04-27T13:05:14 IST" name="endTestCase" finished-at="2020-04-27T13:05:14 IST" duration-ms="0" status="PASS">
          <params>
            <param index="0">
              <value>
                <![CDATA[public void com.tetherfi.test.fax.FaxAddressBookTest.VerifyCancelButtonAtAddAdhocOptionEnhancementRecord() throws java.lang.Exception]]>
              </value>
            </param>
          </params>
          <reporter-output>
          </reporter-output>
        </test-method> <!-- endTestCase -->
        <test-method is-config="true" signature="startTestCase(java.lang.reflect.Method)[pri:0, instance:com.tetherfi.test.fax.FaxAddressBookTest@1a07bf6]" started-at="2020-04-27T13:05:14 IST" name="startTestCase" finished-at="2020-04-27T13:05:14 IST" duration-ms="1" status="PASS">
          <params>
            <param index="0">
              <value>
                <![CDATA[public void com.tetherfi.test.fax.FaxAddressBookTest.AddNewRecipientRecord() throws java.lang.Exception]]>
              </value>
            </param>
          </params>
          <reporter-output>
          </reporter-output>
        </test-method> <!-- startTestCase -->
        <test-method is-config="true" signature="NavigatetoFaxAddressPage()[pri:0, instance:com.tetherfi.test.fax.FaxAddressBookTest@1a07bf6]" started-at="2020-04-27T13:05:14 IST" name="NavigatetoFaxAddressPage" finished-at="2020-04-27T13:05:17 IST" duration-ms="3901" status="PASS">
          <reporter-output>
          </reporter-output>
        </test-method> <!-- NavigatetoFaxAddressPage -->
        <test-method signature="AddNewRecipientRecord()[pri:6, instance:com.tetherfi.test.fax.FaxAddressBookTest@1a07bf6]" started-at="2020-04-27T13:05:17 IST" name="AddNewRecipientRecord" finished-at="2020-04-27T13:05:20 IST" duration-ms="2682" status="PASS">
          <reporter-output>
          </reporter-output>
        </test-method> <!-- AddNewRecipientRecord -->
        <test-method is-config="true" signature="afterEachMethod(java.lang.reflect.Method)[pri:0, instance:com.tetherfi.test.fax.FaxAddressBookTest@1a07bf6]" started-at="2020-04-27T13:05:20 IST" name="afterEachMethod" finished-at="2020-04-27T13:05:22 IST" duration-ms="1737" status="PASS">
          <params>
            <param index="0">
              <value>
                <![CDATA[public void com.tetherfi.test.fax.FaxAddressBookTest.AddNewRecipientRecord() throws java.lang.Exception]]>
              </value>
            </param>
          </params>
          <reporter-output>
          </reporter-output>
        </test-method> <!-- afterEachMethod -->
        <test-method is-config="true" signature="endTestCase(java.lang.reflect.Method)[pri:0, instance:com.tetherfi.test.fax.FaxAddressBookTest@1a07bf6]" started-at="2020-04-27T13:05:22 IST" name="endTestCase" finished-at="2020-04-27T13:05:22 IST" duration-ms="0" status="PASS">
          <params>
            <param index="0">
              <value>
                <![CDATA[public void com.tetherfi.test.fax.FaxAddressBookTest.AddNewRecipientRecord() throws java.lang.Exception]]>
              </value>
            </param>
          </params>
          <reporter-output>
          </reporter-output>
        </test-method> <!-- endTestCase -->
        <test-method is-config="true" signature="startTestCase(java.lang.reflect.Method)[pri:0, instance:com.tetherfi.test.fax.FaxAddressBookTest@1a07bf6]" started-at="2020-04-27T13:05:22 IST" name="startTestCase" finished-at="2020-04-27T13:05:22 IST" duration-ms="1" status="PASS">
          <params>
            <param index="0">
              <value>
                <![CDATA[public void com.tetherfi.test.fax.FaxAddressBookTest.VerifyAuditTrailReportForCreate() throws java.lang.Exception]]>
              </value>
            </param>
          </params>
          <reporter-output>
          </reporter-output>
        </test-method> <!-- startTestCase -->
        <test-method is-config="true" signature="NavigatetoFaxAddressPage()[pri:0, instance:com.tetherfi.test.fax.FaxAddressBookTest@1a07bf6]" started-at="2020-04-27T13:05:22 IST" name="NavigatetoFaxAddressPage" finished-at="2020-04-27T13:05:26 IST" duration-ms="3915" status="PASS">
          <reporter-output>
          </reporter-output>
        </test-method> <!-- NavigatetoFaxAddressPage -->
        <test-method signature="VerifyAuditTrailReportForCreate()[pri:7, instance:com.tetherfi.test.fax.FaxAddressBookTest@1a07bf6]" started-at="2020-04-27T13:05:26 IST" name="VerifyAuditTrailReportForCreate" finished-at="2020-04-27T13:05:53 IST" duration-ms="26725" status="PASS">
          <reporter-output>
          </reporter-output>
        </test-method> <!-- VerifyAuditTrailReportForCreate -->
        <test-method is-config="true" signature="afterEachMethod(java.lang.reflect.Method)[pri:0, instance:com.tetherfi.test.fax.FaxAddressBookTest@1a07bf6]" started-at="2020-04-27T13:05:53 IST" name="afterEachMethod" finished-at="2020-04-27T13:05:54 IST" duration-ms="1661" status="PASS">
          <params>
            <param index="0">
              <value>
                <![CDATA[public void com.tetherfi.test.fax.FaxAddressBookTest.VerifyAuditTrailReportForCreate() throws java.lang.Exception]]>
              </value>
            </param>
          </params>
          <reporter-output>
          </reporter-output>
        </test-method> <!-- afterEachMethod -->
        <test-method is-config="true" signature="endTestCase(java.lang.reflect.Method)[pri:0, instance:com.tetherfi.test.fax.FaxAddressBookTest@1a07bf6]" started-at="2020-04-27T13:05:54 IST" name="endTestCase" finished-at="2020-04-27T13:05:54 IST" duration-ms="1" status="PASS">
          <params>
            <param index="0">
              <value>
                <![CDATA[public void com.tetherfi.test.fax.FaxAddressBookTest.VerifyAuditTrailReportForCreate() throws java.lang.Exception]]>
              </value>
            </param>
          </params>
          <reporter-output>
          </reporter-output>
        </test-method> <!-- endTestCase -->
        <test-method is-config="true" signature="startTestCase(java.lang.reflect.Method)[pri:0, instance:com.tetherfi.test.fax.FaxAddressBookTest@1a07bf6]" started-at="2020-04-27T13:05:54 IST" name="startTestCase" finished-at="2020-04-27T13:05:54 IST" duration-ms="2" status="PASS">
          <params>
            <param index="0">
              <value>
                <![CDATA[public void com.tetherfi.test.fax.FaxAddressBookTest.AddDuplicateRecipientRecord() throws java.lang.Exception]]>
              </value>
            </param>
          </params>
          <reporter-output>
          </reporter-output>
        </test-method> <!-- startTestCase -->
        <test-method is-config="true" signature="NavigatetoFaxAddressPage()[pri:0, instance:com.tetherfi.test.fax.FaxAddressBookTest@1a07bf6]" started-at="2020-04-27T13:05:54 IST" name="NavigatetoFaxAddressPage" finished-at="2020-04-27T13:05:58 IST" duration-ms="3991" status="PASS">
          <reporter-output>
          </reporter-output>
        </test-method> <!-- NavigatetoFaxAddressPage -->
        <test-method signature="AddDuplicateRecipientRecord()[pri:8, instance:com.tetherfi.test.fax.FaxAddressBookTest@1a07bf6]" started-at="2020-04-27T13:05:58 IST" name="AddDuplicateRecipientRecord" finished-at="2020-04-27T13:06:01 IST" duration-ms="2578" status="PASS">
          <reporter-output>
          </reporter-output>
        </test-method> <!-- AddDuplicateRecipientRecord -->
        <test-method is-config="true" signature="afterEachMethod(java.lang.reflect.Method)[pri:0, instance:com.tetherfi.test.fax.FaxAddressBookTest@1a07bf6]" started-at="2020-04-27T13:06:01 IST" name="afterEachMethod" finished-at="2020-04-27T13:06:02 IST" duration-ms="1677" status="PASS">
          <params>
            <param index="0">
              <value>
                <![CDATA[public void com.tetherfi.test.fax.FaxAddressBookTest.AddDuplicateRecipientRecord() throws java.lang.Exception]]>
              </value>
            </param>
          </params>
          <reporter-output>
          </reporter-output>
        </test-method> <!-- afterEachMethod -->
        <test-method is-config="true" signature="endTestCase(java.lang.reflect.Method)[pri:0, instance:com.tetherfi.test.fax.FaxAddressBookTest@1a07bf6]" started-at="2020-04-27T13:06:02 IST" name="endTestCase" finished-at="2020-04-27T13:06:02 IST" duration-ms="1" status="PASS">
          <params>
            <param index="0">
              <value>
                <![CDATA[public void com.tetherfi.test.fax.FaxAddressBookTest.AddDuplicateRecipientRecord() throws java.lang.Exception]]>
              </value>
            </param>
          </params>
          <reporter-output>
          </reporter-output>
        </test-method> <!-- endTestCase -->
        <test-method is-config="true" signature="startTestCase(java.lang.reflect.Method)[pri:0, instance:com.tetherfi.test.fax.FaxAddressBookTest@1a07bf6]" started-at="2020-04-27T13:06:02 IST" name="startTestCase" finished-at="2020-04-27T13:06:02 IST" duration-ms="1" status="PASS">
          <params>
            <param index="0">
              <value>
                <![CDATA[public void com.tetherfi.test.fax.FaxAddressBookTest.AddNewEmptyFaxAddressBookRecipientRecord() throws java.lang.Exception]]>
              </value>
            </param>
          </params>
          <reporter-output>
          </reporter-output>
        </test-method> <!-- startTestCase -->
        <test-method is-config="true" signature="NavigatetoFaxAddressPage()[pri:0, instance:com.tetherfi.test.fax.FaxAddressBookTest@1a07bf6]" started-at="2020-04-27T13:06:02 IST" name="NavigatetoFaxAddressPage" finished-at="2020-04-27T13:06:06 IST" duration-ms="4051" status="PASS">
          <reporter-output>
          </reporter-output>
        </test-method> <!-- NavigatetoFaxAddressPage -->
        <test-method signature="AddNewEmptyFaxAddressBookRecipientRecord()[pri:9, instance:com.tetherfi.test.fax.FaxAddressBookTest@1a07bf6]" started-at="2020-04-27T13:06:06 IST" name="AddNewEmptyFaxAddressBookRecipientRecord" finished-at="2020-04-27T13:06:09 IST" duration-ms="2650" status="PASS">
          <reporter-output>
          </reporter-output>
        </test-method> <!-- AddNewEmptyFaxAddressBookRecipientRecord -->
        <test-method is-config="true" signature="afterEachMethod(java.lang.reflect.Method)[pri:0, instance:com.tetherfi.test.fax.FaxAddressBookTest@1a07bf6]" started-at="2020-04-27T13:06:09 IST" name="afterEachMethod" finished-at="2020-04-27T13:06:11 IST" duration-ms="1460" status="PASS">
          <params>
            <param index="0">
              <value>
                <![CDATA[public void com.tetherfi.test.fax.FaxAddressBookTest.AddNewEmptyFaxAddressBookRecipientRecord() throws java.lang.Exception]]>
              </value>
            </param>
          </params>
          <reporter-output>
          </reporter-output>
        </test-method> <!-- afterEachMethod -->
        <test-method is-config="true" signature="endTestCase(java.lang.reflect.Method)[pri:0, instance:com.tetherfi.test.fax.FaxAddressBookTest@1a07bf6]" started-at="2020-04-27T13:06:11 IST" name="endTestCase" finished-at="2020-04-27T13:06:11 IST" duration-ms="1" status="PASS">
          <params>
            <param index="0">
              <value>
                <![CDATA[public void com.tetherfi.test.fax.FaxAddressBookTest.AddNewEmptyFaxAddressBookRecipientRecord() throws java.lang.Exception]]>
              </value>
            </param>
          </params>
          <reporter-output>
          </reporter-output>
        </test-method> <!-- endTestCase -->
        <test-method is-config="true" signature="startTestCase(java.lang.reflect.Method)[pri:0, instance:com.tetherfi.test.fax.FaxAddressBookTest@1a07bf6]" started-at="2020-04-27T13:06:11 IST" name="startTestCase" finished-at="2020-04-27T13:06:11 IST" duration-ms="0" status="PASS">
          <params>
            <param index="0">
              <value>
                <![CDATA[public void com.tetherfi.test.fax.FaxAddressBookTest.AddNewFaxAddressBookRecipientWithoutFirstNameRecord() throws java.lang.Exception]]>
              </value>
            </param>
          </params>
          <reporter-output>
          </reporter-output>
        </test-method> <!-- startTestCase -->
        <test-method is-config="true" signature="NavigatetoFaxAddressPage()[pri:0, instance:com.tetherfi.test.fax.FaxAddressBookTest@1a07bf6]" started-at="2020-04-27T13:06:11 IST" name="NavigatetoFaxAddressPage" finished-at="2020-04-27T13:06:15 IST" duration-ms="4172" status="PASS">
          <reporter-output>
          </reporter-output>
        </test-method> <!-- NavigatetoFaxAddressPage -->
        <test-method signature="AddNewFaxAddressBookRecipientWithoutFirstNameRecord()[pri:10, instance:com.tetherfi.test.fax.FaxAddressBookTest@1a07bf6]" started-at="2020-04-27T13:06:15 IST" name="AddNewFaxAddressBookRecipientWithoutFirstNameRecord" finished-at="2020-04-27T13:06:17 IST" duration-ms="2080" status="PASS">
          <reporter-output>
          </reporter-output>
        </test-method> <!-- AddNewFaxAddressBookRecipientWithoutFirstNameRecord -->
        <test-method is-config="true" signature="afterEachMethod(java.lang.reflect.Method)[pri:0, instance:com.tetherfi.test.fax.FaxAddressBookTest@1a07bf6]" started-at="2020-04-27T13:06:17 IST" name="afterEachMethod" finished-at="2020-04-27T13:06:18 IST" duration-ms="1448" status="PASS">
          <params>
            <param index="0">
              <value>
                <![CDATA[public void com.tetherfi.test.fax.FaxAddressBookTest.AddNewFaxAddressBookRecipientWithoutFirstNameRecord() throws java.lang.Exception]]>
              </value>
            </param>
          </params>
          <reporter-output>
          </reporter-output>
        </test-method> <!-- afterEachMethod -->
        <test-method is-config="true" signature="endTestCase(java.lang.reflect.Method)[pri:0, instance:com.tetherfi.test.fax.FaxAddressBookTest@1a07bf6]" started-at="2020-04-27T13:06:18 IST" name="endTestCase" finished-at="2020-04-27T13:06:18 IST" duration-ms="0" status="PASS">
          <params>
            <param index="0">
              <value>
                <![CDATA[public void com.tetherfi.test.fax.FaxAddressBookTest.AddNewFaxAddressBookRecipientWithoutFirstNameRecord() throws java.lang.Exception]]>
              </value>
            </param>
          </params>
          <reporter-output>
          </reporter-output>
        </test-method> <!-- endTestCase -->
        <test-method is-config="true" signature="startTestCase(java.lang.reflect.Method)[pri:0, instance:com.tetherfi.test.fax.FaxAddressBookTest@1a07bf6]" started-at="2020-04-27T13:06:18 IST" name="startTestCase" finished-at="2020-04-27T13:06:18 IST" duration-ms="1" status="PASS">
          <params>
            <param index="0">
              <value>
                <![CDATA[public void com.tetherfi.test.fax.FaxAddressBookTest.AddNewFaxAddressBookRecipientWithoutNumberRecord() throws java.lang.Exception]]>
              </value>
            </param>
          </params>
          <reporter-output>
          </reporter-output>
        </test-method> <!-- startTestCase -->
        <test-method is-config="true" signature="NavigatetoFaxAddressPage()[pri:0, instance:com.tetherfi.test.fax.FaxAddressBookTest@1a07bf6]" started-at="2020-04-27T13:06:18 IST" name="NavigatetoFaxAddressPage" finished-at="2020-04-27T13:06:22 IST" duration-ms="3871" status="PASS">
          <reporter-output>
          </reporter-output>
        </test-method> <!-- NavigatetoFaxAddressPage -->
        <test-method signature="AddNewFaxAddressBookRecipientWithoutNumberRecord()[pri:11, instance:com.tetherfi.test.fax.FaxAddressBookTest@1a07bf6]" started-at="2020-04-27T13:06:22 IST" name="AddNewFaxAddressBookRecipientWithoutNumberRecord" finished-at="2020-04-27T13:06:25 IST" duration-ms="2634" status="PASS">
          <reporter-output>
          </reporter-output>
        </test-method> <!-- AddNewFaxAddressBookRecipientWithoutNumberRecord -->
        <test-method is-config="true" signature="afterEachMethod(java.lang.reflect.Method)[pri:0, instance:com.tetherfi.test.fax.FaxAddressBookTest@1a07bf6]" started-at="2020-04-27T13:06:25 IST" name="afterEachMethod" finished-at="2020-04-27T13:06:26 IST" duration-ms="1461" status="PASS">
          <params>
            <param index="0">
              <value>
                <![CDATA[public void com.tetherfi.test.fax.FaxAddressBookTest.AddNewFaxAddressBookRecipientWithoutNumberRecord() throws java.lang.Exception]]>
              </value>
            </param>
          </params>
          <reporter-output>
          </reporter-output>
        </test-method> <!-- afterEachMethod -->
        <test-method is-config="true" signature="endTestCase(java.lang.reflect.Method)[pri:0, instance:com.tetherfi.test.fax.FaxAddressBookTest@1a07bf6]" started-at="2020-04-27T13:06:26 IST" name="endTestCase" finished-at="2020-04-27T13:06:26 IST" duration-ms="1" status="PASS">
          <params>
            <param index="0">
              <value>
                <![CDATA[public void com.tetherfi.test.fax.FaxAddressBookTest.AddNewFaxAddressBookRecipientWithoutNumberRecord() throws java.lang.Exception]]>
              </value>
            </param>
          </params>
          <reporter-output>
          </reporter-output>
        </test-method> <!-- endTestCase -->
        <test-method is-config="true" signature="NavigatetoFaxAddressPage()[pri:0, instance:com.tetherfi.test.fax.FaxAddressBookTest@1a07bf6]" started-at="2020-04-27T13:06:26 IST" name="NavigatetoFaxAddressPage" finished-at="2020-04-27T13:06:30 IST" duration-ms="3893" status="PASS">
          <reporter-output>
          </reporter-output>
        </test-method> <!-- NavigatetoFaxAddressPage -->
        <test-method is-config="true" signature="startTestCase(java.lang.reflect.Method)[pri:0, instance:com.tetherfi.test.fax.FaxAddressBookTest@1a07bf6]" started-at="2020-04-27T13:06:26 IST" name="startTestCase" finished-at="2020-04-27T13:06:26 IST" duration-ms="0" status="PASS">
          <params>
            <param index="0">
              <value>
                <![CDATA[public void com.tetherfi.test.fax.FaxAddressBookTest.AddNewFaxAddressBookRecord() throws java.lang.Exception]]>
              </value>
            </param>
          </params>
          <reporter-output>
          </reporter-output>
        </test-method> <!-- startTestCase -->
        <test-method signature="AddNewFaxAddressBookRecord()[pri:13, instance:com.tetherfi.test.fax.FaxAddressBookTest@1a07bf6]" started-at="2020-04-27T13:06:30 IST" name="AddNewFaxAddressBookRecord" finished-at="2020-04-27T13:06:39 IST" duration-ms="8562" status="PASS">
          <reporter-output>
          </reporter-output>
        </test-method> <!-- AddNewFaxAddressBookRecord -->
        <test-method is-config="true" signature="afterEachMethod(java.lang.reflect.Method)[pri:0, instance:com.tetherfi.test.fax.FaxAddressBookTest@1a07bf6]" started-at="2020-04-27T13:06:39 IST" name="afterEachMethod" finished-at="2020-04-27T13:06:40 IST" duration-ms="1455" status="PASS">
          <params>
            <param index="0">
              <value>
                <![CDATA[public void com.tetherfi.test.fax.FaxAddressBookTest.AddNewFaxAddressBookRecord() throws java.lang.Exception]]>
              </value>
            </param>
          </params>
          <reporter-output>
          </reporter-output>
        </test-method> <!-- afterEachMethod -->
        <test-method is-config="true" signature="endTestCase(java.lang.reflect.Method)[pri:0, instance:com.tetherfi.test.fax.FaxAddressBookTest@1a07bf6]" started-at="2020-04-27T13:06:40 IST" name="endTestCase" finished-at="2020-04-27T13:06:40 IST" duration-ms="1" status="PASS">
          <params>
            <param index="0">
              <value>
                <![CDATA[public void com.tetherfi.test.fax.FaxAddressBookTest.AddNewFaxAddressBookRecord() throws java.lang.Exception]]>
              </value>
            </param>
          </params>
          <reporter-output>
          </reporter-output>
        </test-method> <!-- endTestCase -->
        <test-method is-config="true" signature="startTestCase(java.lang.reflect.Method)[pri:0, instance:com.tetherfi.test.fax.FaxAddressBookTest@1a07bf6]" started-at="2020-04-27T13:06:40 IST" name="startTestCase" finished-at="2020-04-27T13:06:40 IST" duration-ms="1" status="PASS">
          <params>
            <param index="0">
              <value>
                <![CDATA[public void com.tetherfi.test.fax.FaxAddressBookTest.VerifyAuditTrailReportForAddressCreate() throws java.lang.Exception]]>
              </value>
            </param>
          </params>
          <reporter-output>
          </reporter-output>
        </test-method> <!-- startTestCase -->
        <test-method is-config="true" signature="NavigatetoFaxAddressPage()[pri:0, instance:com.tetherfi.test.fax.FaxAddressBookTest@1a07bf6]" started-at="2020-04-27T13:06:40 IST" name="NavigatetoFaxAddressPage" finished-at="2020-04-27T13:06:44 IST" duration-ms="3869" status="PASS">
          <reporter-output>
          </reporter-output>
        </test-method> <!-- NavigatetoFaxAddressPage -->
        <test-method signature="VerifyAuditTrailReportForAddressCreate()[pri:14, instance:com.tetherfi.test.fax.FaxAddressBookTest@1a07bf6]" started-at="2020-04-27T13:06:44 IST" name="VerifyAuditTrailReportForAddressCreate" finished-at="2020-04-27T13:07:10 IST" duration-ms="25881" status="PASS">
          <reporter-output>
          </reporter-output>
        </test-method> <!-- VerifyAuditTrailReportForAddressCreate -->
        <test-method is-config="true" signature="afterEachMethod(java.lang.reflect.Method)[pri:0, instance:com.tetherfi.test.fax.FaxAddressBookTest@1a07bf6]" started-at="2020-04-27T13:07:10 IST" name="afterEachMethod" finished-at="2020-04-27T13:07:11 IST" duration-ms="1391" status="PASS">
          <params>
            <param index="0">
              <value>
                <![CDATA[public void com.tetherfi.test.fax.FaxAddressBookTest.VerifyAuditTrailReportForAddressCreate() throws java.lang.Exception]]>
              </value>
            </param>
          </params>
          <reporter-output>
          </reporter-output>
        </test-method> <!-- afterEachMethod -->
        <test-method is-config="true" signature="endTestCase(java.lang.reflect.Method)[pri:0, instance:com.tetherfi.test.fax.FaxAddressBookTest@1a07bf6]" started-at="2020-04-27T13:07:11 IST" name="endTestCase" finished-at="2020-04-27T13:07:11 IST" duration-ms="1" status="PASS">
          <params>
            <param index="0">
              <value>
                <![CDATA[public void com.tetherfi.test.fax.FaxAddressBookTest.VerifyAuditTrailReportForAddressCreate() throws java.lang.Exception]]>
              </value>
            </param>
          </params>
          <reporter-output>
          </reporter-output>
        </test-method> <!-- endTestCase -->
        <test-method is-config="true" signature="NavigatetoFaxAddressPage()[pri:0, instance:com.tetherfi.test.fax.FaxAddressBookTest@1a07bf6]" started-at="2020-04-27T13:07:11 IST" name="NavigatetoFaxAddressPage" finished-at="2020-04-27T13:07:15 IST" duration-ms="4116" status="PASS">
          <reporter-output>
          </reporter-output>
        </test-method> <!-- NavigatetoFaxAddressPage -->
        <test-method is-config="true" signature="startTestCase(java.lang.reflect.Method)[pri:0, instance:com.tetherfi.test.fax.FaxAddressBookTest@1a07bf6]" started-at="2020-04-27T13:07:11 IST" name="startTestCase" finished-at="2020-04-27T13:07:11 IST" duration-ms="0" status="PASS">
          <params>
            <param index="0">
              <value>
                <![CDATA[public void com.tetherfi.test.fax.FaxAddressBookTest.AddNewDuplicateRecord() throws java.lang.Exception]]>
              </value>
            </param>
          </params>
          <reporter-output>
          </reporter-output>
        </test-method> <!-- startTestCase -->
        <test-method signature="AddNewDuplicateRecord()[pri:15, instance:com.tetherfi.test.fax.FaxAddressBookTest@1a07bf6]" started-at="2020-04-27T13:07:15 IST" name="AddNewDuplicateRecord" finished-at="2020-04-27T13:07:22 IST" duration-ms="6945" status="PASS">
          <reporter-output>
          </reporter-output>
        </test-method> <!-- AddNewDuplicateRecord -->
        <test-method is-config="true" signature="afterEachMethod(java.lang.reflect.Method)[pri:0, instance:com.tetherfi.test.fax.FaxAddressBookTest@1a07bf6]" started-at="2020-04-27T13:07:22 IST" name="afterEachMethod" finished-at="2020-04-27T13:07:24 IST" duration-ms="1426" status="PASS">
          <params>
            <param index="0">
              <value>
                <![CDATA[public void com.tetherfi.test.fax.FaxAddressBookTest.AddNewDuplicateRecord() throws java.lang.Exception]]>
              </value>
            </param>
          </params>
          <reporter-output>
          </reporter-output>
        </test-method> <!-- afterEachMethod -->
        <test-method is-config="true" signature="endTestCase(java.lang.reflect.Method)[pri:0, instance:com.tetherfi.test.fax.FaxAddressBookTest@1a07bf6]" started-at="2020-04-27T13:07:24 IST" name="endTestCase" finished-at="2020-04-27T13:07:24 IST" duration-ms="0" status="PASS">
          <params>
            <param index="0">
              <value>
                <![CDATA[public void com.tetherfi.test.fax.FaxAddressBookTest.AddNewDuplicateRecord() throws java.lang.Exception]]>
              </value>
            </param>
          </params>
          <reporter-output>
          </reporter-output>
        </test-method> <!-- endTestCase -->
        <test-method is-config="true" signature="NavigatetoFaxAddressPage()[pri:0, instance:com.tetherfi.test.fax.FaxAddressBookTest@1a07bf6]" started-at="2020-04-27T13:07:24 IST" name="NavigatetoFaxAddressPage" finished-at="2020-04-27T13:07:28 IST" duration-ms="3902" status="PASS">
          <reporter-output>
          </reporter-output>
        </test-method> <!-- NavigatetoFaxAddressPage -->
        <test-method is-config="true" signature="startTestCase(java.lang.reflect.Method)[pri:0, instance:com.tetherfi.test.fax.FaxAddressBookTest@1a07bf6]" started-at="2020-04-27T13:07:24 IST" name="startTestCase" finished-at="2020-04-27T13:07:24 IST" duration-ms="0" status="PASS">
          <params>
            <param index="0">
              <value>
                <![CDATA[public void com.tetherfi.test.fax.FaxAddressBookTest.AddNewEmptyRecord() throws java.lang.Exception]]>
              </value>
            </param>
          </params>
          <reporter-output>
          </reporter-output>
        </test-method> <!-- startTestCase -->
        <test-method signature="AddNewEmptyRecord()[pri:16, instance:com.tetherfi.test.fax.FaxAddressBookTest@1a07bf6]" started-at="2020-04-27T13:07:28 IST" name="AddNewEmptyRecord" finished-at="2020-04-27T13:07:29 IST" duration-ms="927" status="PASS">
          <reporter-output>
          </reporter-output>
        </test-method> <!-- AddNewEmptyRecord -->
        <test-method is-config="true" signature="afterEachMethod(java.lang.reflect.Method)[pri:0, instance:com.tetherfi.test.fax.FaxAddressBookTest@1a07bf6]" started-at="2020-04-27T13:07:29 IST" name="afterEachMethod" finished-at="2020-04-27T13:07:30 IST" duration-ms="1500" status="PASS">
          <params>
            <param index="0">
              <value>
                <![CDATA[public void com.tetherfi.test.fax.FaxAddressBookTest.AddNewEmptyRecord() throws java.lang.Exception]]>
              </value>
            </param>
          </params>
          <reporter-output>
          </reporter-output>
        </test-method> <!-- afterEachMethod -->
        <test-method is-config="true" signature="endTestCase(java.lang.reflect.Method)[pri:0, instance:com.tetherfi.test.fax.FaxAddressBookTest@1a07bf6]" started-at="2020-04-27T13:07:30 IST" name="endTestCase" finished-at="2020-04-27T13:07:30 IST" duration-ms="1" status="PASS">
          <params>
            <param index="0">
              <value>
                <![CDATA[public void com.tetherfi.test.fax.FaxAddressBookTest.AddNewEmptyRecord() throws java.lang.Exception]]>
              </value>
            </param>
          </params>
          <reporter-output>
          </reporter-output>
        </test-method> <!-- endTestCase -->
        <test-method is-config="true" signature="startTestCase(java.lang.reflect.Method)[pri:0, instance:com.tetherfi.test.fax.FaxAddressBookTest@1a07bf6]" started-at="2020-04-27T13:07:30 IST" name="startTestCase" finished-at="2020-04-27T13:07:30 IST" duration-ms="1" status="PASS">
          <params>
            <param index="0">
              <value>
                <![CDATA[public void com.tetherfi.test.fax.FaxAddressBookTest.AddNewRecordWithoutFaxLine() throws java.lang.Exception]]>
              </value>
            </param>
          </params>
          <reporter-output>
          </reporter-output>
        </test-method> <!-- startTestCase -->
        <test-method is-config="true" signature="NavigatetoFaxAddressPage()[pri:0, instance:com.tetherfi.test.fax.FaxAddressBookTest@1a07bf6]" started-at="2020-04-27T13:07:30 IST" name="NavigatetoFaxAddressPage" finished-at="2020-04-27T13:07:34 IST" duration-ms="3866" status="PASS">
          <reporter-output>
          </reporter-output>
        </test-method> <!-- NavigatetoFaxAddressPage -->
        <test-method signature="AddNewRecordWithoutFaxLine()[pri:17, instance:com.tetherfi.test.fax.FaxAddressBookTest@1a07bf6]" started-at="2020-04-27T13:07:34 IST" name="AddNewRecordWithoutFaxLine" finished-at="2020-04-27T13:07:40 IST" duration-ms="5567" status="PASS">
          <reporter-output>
          </reporter-output>
        </test-method> <!-- AddNewRecordWithoutFaxLine -->
        <test-method is-config="true" signature="afterEachMethod(java.lang.reflect.Method)[pri:0, instance:com.tetherfi.test.fax.FaxAddressBookTest@1a07bf6]" started-at="2020-04-27T13:07:40 IST" name="afterEachMethod" finished-at="2020-04-27T13:07:41 IST" duration-ms="1483" status="PASS">
          <params>
            <param index="0">
              <value>
                <![CDATA[public void com.tetherfi.test.fax.FaxAddressBookTest.AddNewRecordWithoutFaxLine() throws java.lang.Exception]]>
              </value>
            </param>
          </params>
          <reporter-output>
          </reporter-output>
        </test-method> <!-- afterEachMethod -->
        <test-method is-config="true" signature="endTestCase(java.lang.reflect.Method)[pri:0, instance:com.tetherfi.test.fax.FaxAddressBookTest@1a07bf6]" started-at="2020-04-27T13:07:41 IST" name="endTestCase" finished-at="2020-04-27T13:07:41 IST" duration-ms="2" status="PASS">
          <params>
            <param index="0">
              <value>
                <![CDATA[public void com.tetherfi.test.fax.FaxAddressBookTest.AddNewRecordWithoutFaxLine() throws java.lang.Exception]]>
              </value>
            </param>
          </params>
          <reporter-output>
          </reporter-output>
        </test-method> <!-- endTestCase -->
        <test-method is-config="true" signature="startTestCase(java.lang.reflect.Method)[pri:0, instance:com.tetherfi.test.fax.FaxAddressBookTest@1a07bf6]" started-at="2020-04-27T13:07:41 IST" name="startTestCase" finished-at="2020-04-27T13:07:41 IST" duration-ms="1" status="PASS">
          <params>
            <param index="0">
              <value>
                <![CDATA[public void com.tetherfi.test.fax.FaxAddressBookTest.AddNewRecordWithoutName() throws java.lang.Exception]]>
              </value>
            </param>
          </params>
          <reporter-output>
          </reporter-output>
        </test-method> <!-- startTestCase -->
        <test-method is-config="true" signature="NavigatetoFaxAddressPage()[pri:0, instance:com.tetherfi.test.fax.FaxAddressBookTest@1a07bf6]" started-at="2020-04-27T13:07:41 IST" name="NavigatetoFaxAddressPage" finished-at="2020-04-27T13:07:45 IST" duration-ms="4080" status="PASS">
          <reporter-output>
          </reporter-output>
        </test-method> <!-- NavigatetoFaxAddressPage -->
        <test-method signature="AddNewRecordWithoutName()[pri:18, instance:com.tetherfi.test.fax.FaxAddressBookTest@1a07bf6]" started-at="2020-04-27T13:07:45 IST" name="AddNewRecordWithoutName" finished-at="2020-04-27T13:08:08 IST" duration-ms="22495" status="FAIL">
          <exception class="org.openqa.selenium.TimeoutException">
            <message>
              <![CDATA[Expected condition failed: waiting for visibility of [[ChromeDriver: chrome on WINDOWS (cea9a43c8759c361ce2276dd0b14a78e)] -> css selector: ul[id='FaxLine_listbox'] li] (tried for 20 second(s) with 500 milliseconds interval)
Build info: version: '3.141.59', revision: 'e82be7d358', time: '2018-11-14T08:17:03'
System info: host: 'DESKTOP-O6A5C2O', ip: '10.0.75.1', os.name: 'Windows 10', os.arch: 'amd64', os.version: '10.0', java.version: '9.0.4'
Driver info: org.openqa.selenium.chrome.ChromeDriver
Capabilities {acceptInsecureCerts: false, browserName: chrome, browserVersion: 80.0.3987.116, chrome: {chromedriverVersion: 80.0.3987.106 (f68069574609..., userDataDir: C:\Users\admin\AppData\Loca...}, goog:chromeOptions: {debuggerAddress: localhost:61694}, javascriptEnabled: true, networkConnectionEnabled: false, pageLoadStrategy: normal, platform: WINDOWS, platformName: WINDOWS, proxy: Proxy(), setWindowRect: true, strictFileInteractability: false, timeouts: {implicit: 0, pageLoad: 300000, script: 30000}, unhandledPromptBehavior: dismiss and notify}
Session ID: cea9a43c8759c361ce2276dd0b14a78e]]>
            </message>
            <full-stacktrace>
              <![CDATA[org.openqa.selenium.TimeoutException: Expected condition failed: waiting for visibility of [[ChromeDriver: chrome on WINDOWS (cea9a43c8759c361ce2276dd0b14a78e)] -> css selector: ul[id='FaxLine_listbox'] li] (tried for 20 second(s) with 500 milliseconds interval)
Build info: version: '3.141.59', revision: 'e82be7d358', time: '2018-11-14T08:17:03'
System info: host: 'DESKTOP-O6A5C2O', ip: '10.0.75.1', os.name: 'Windows 10', os.arch: 'amd64', os.version: '10.0', java.version: '9.0.4'
Driver info: org.openqa.selenium.chrome.ChromeDriver
Capabilities {acceptInsecureCerts: false, browserName: chrome, browserVersion: 80.0.3987.116, chrome: {chromedriverVersion: 80.0.3987.106 (f68069574609..., userDataDir: C:\Users\admin\AppData\Loca...}, goog:chromeOptions: {debuggerAddress: localhost:61694}, javascriptEnabled: true, networkConnectionEnabled: false, pageLoadStrategy: normal, platform: WINDOWS, platformName: WINDOWS, proxy: Proxy(), setWindowRect: true, strictFileInteractability: false, timeouts: {implicit: 0, pageLoad: 300000, script: 30000}, unhandledPromptBehavior: dismiss and notify}
Session ID: cea9a43c8759c361ce2276dd0b14a78e
at org.openqa.selenium.support.ui.WebDriverWait.timeoutException(WebDriverWait.java:95)
at org.openqa.selenium.support.ui.FluentWait.until(FluentWait.java:272)
at com.tetherfi.pages.BasePage.waitUntilWebElementListIsVisible(BasePage.java:139)
at com.tetherfi.pages.BasePage.selectDropdownFromVisibleText(BasePage.java:335)
at com.tetherfi.pages.FaxAddressBookPage.addNewAddressBookRecordWithoutName(FaxAddressBookPage.java:1138)
at com.tetherfi.test.fax.FaxAddressBookTest.AddNewRecordWithoutName(FaxAddressBookTest.java:224)
at java.base/jdk.internal.reflect.NativeMethodAccessorImpl.invoke0(Native Method)
at java.base/jdk.internal.reflect.NativeMethodAccessorImpl.invoke(Unknown Source)
at java.base/jdk.internal.reflect.DelegatingMethodAccessorImpl.invoke(Unknown Source)
at java.base/java.lang.reflect.Method.invoke(Unknown Source)
at org.testng.internal.MethodInvocationHelper.invokeMethod(MethodInvocationHelper.java:133)
at org.testng.internal.TestInvoker.invokeMethod(TestInvoker.java:584)
at org.testng.internal.TestInvoker.invokeTestMethod(TestInvoker.java:172)
at org.testng.internal.MethodRunner.runInSequence(MethodRunner.java:46)
at org.testng.internal.TestInvoker$MethodInvocationAgent.invoke(TestInvoker.java:804)
at org.testng.internal.TestInvoker.invokeTestMethods(TestInvoker.java:145)
at org.testng.internal.TestMethodWorker.invokeTestMethods(TestMethodWorker.java:146)
at org.testng.internal.TestMethodWorker.run(TestMethodWorker.java:128)
at java.base/java.util.ArrayList.forEach(Unknown Source)
at org.testng.TestRunner.privateRun(TestRunner.java:770)
at org.testng.TestRunner.run(TestRunner.java:591)
at org.testng.SuiteRunner.runTest(SuiteRunner.java:402)
at org.testng.SuiteRunner.runSequentially(SuiteRunner.java:396)
at org.testng.SuiteRunner.privateRun(SuiteRunner.java:355)
at org.testng.SuiteRunner.run(SuiteRunner.java:304)
at org.testng.SuiteRunnerWorker.runSuite(SuiteRunnerWorker.java:53)
at org.testng.SuiteRunnerWorker.run(SuiteRunnerWorker.java:96)
at org.testng.TestNG.runSuitesSequentially(TestNG.java:1180)
at org.testng.TestNG.runSuitesLocally(TestNG.java:1102)
at org.testng.TestNG.runSuites(TestNG.java:1032)
at org.testng.TestNG.run(TestNG.java:1000)
at org.testng.remote.AbstractRemoteTestNG.run(AbstractRemoteTestNG.java:115)
at org.testng.remote.RemoteTestNG.initAndRun(RemoteTestNG.java:251)
at org.testng.remote.RemoteTestNG.main(RemoteTestNG.java:77)
]]>
            </full-stacktrace>
          </exception> <!-- org.openqa.selenium.TimeoutException -->
          <reporter-output>
          </reporter-output>
        </test-method> <!-- AddNewRecordWithoutName -->
        <test-method is-config="true" signature="afterEachMethod(java.lang.reflect.Method)[pri:0, instance:com.tetherfi.test.fax.FaxAddressBookTest@1a07bf6]" started-at="2020-04-27T13:08:08 IST" name="afterEachMethod" finished-at="2020-04-27T13:08:09 IST" duration-ms="1656" status="PASS">
          <params>
            <param index="0">
              <value>
                <![CDATA[public void com.tetherfi.test.fax.FaxAddressBookTest.AddNewRecordWithoutName() throws java.lang.Exception]]>
              </value>
            </param>
          </params>
          <reporter-output>
          </reporter-output>
        </test-method> <!-- afterEachMethod -->
        <test-method is-config="true" signature="endTestCase(java.lang.reflect.Method)[pri:0, instance:com.tetherfi.test.fax.FaxAddressBookTest@1a07bf6]" started-at="2020-04-27T13:08:09 IST" name="endTestCase" finished-at="2020-04-27T13:08:09 IST" duration-ms="1" status="PASS">
          <params>
            <param index="0">
              <value>
                <![CDATA[public void com.tetherfi.test.fax.FaxAddressBookTest.AddNewRecordWithoutName() throws java.lang.Exception]]>
              </value>
            </param>
          </params>
          <reporter-output>
          </reporter-output>
        </test-method> <!-- endTestCase -->
        <test-method is-config="true" signature="startTestCase(java.lang.reflect.Method)[pri:0, instance:com.tetherfi.test.fax.FaxAddressBookTest@1a07bf6]" started-at="2020-04-27T13:08:09 IST" name="startTestCase" finished-at="2020-04-27T13:08:09 IST" duration-ms="0" status="PASS">
          <params>
            <param index="0">
              <value>
                <![CDATA[public void com.tetherfi.test.fax.FaxAddressBookTest.AddNewRecordWithoutRecipients() throws java.lang.Exception]]>
              </value>
            </param>
          </params>
          <reporter-output>
          </reporter-output>
        </test-method> <!-- startTestCase -->
        <test-method is-config="true" signature="NavigatetoFaxAddressPage()[pri:0, instance:com.tetherfi.test.fax.FaxAddressBookTest@1a07bf6]" started-at="2020-04-27T13:08:09 IST" name="NavigatetoFaxAddressPage" finished-at="2020-04-27T13:08:13 IST" duration-ms="3807" status="PASS">
          <reporter-output>
          </reporter-output>
        </test-method> <!-- NavigatetoFaxAddressPage -->
        <test-method signature="AddNewRecordWithoutRecipients()[pri:19, instance:com.tetherfi.test.fax.FaxAddressBookTest@1a07bf6]" started-at="2020-04-27T13:08:13 IST" name="AddNewRecordWithoutRecipients" finished-at="2020-04-27T13:08:20 IST" duration-ms="7372" status="PASS">
          <reporter-output>
          </reporter-output>
        </test-method> <!-- AddNewRecordWithoutRecipients -->
        <test-method is-config="true" signature="afterEachMethod(java.lang.reflect.Method)[pri:0, instance:com.tetherfi.test.fax.FaxAddressBookTest@1a07bf6]" started-at="2020-04-27T13:08:20 IST" name="afterEachMethod" finished-at="2020-04-27T13:08:22 IST" duration-ms="1770" status="PASS">
          <params>
            <param index="0">
              <value>
                <![CDATA[public void com.tetherfi.test.fax.FaxAddressBookTest.AddNewRecordWithoutRecipients() throws java.lang.Exception]]>
              </value>
            </param>
          </params>
          <reporter-output>
          </reporter-output>
        </test-method> <!-- afterEachMethod -->
        <test-method is-config="true" signature="endTestCase(java.lang.reflect.Method)[pri:0, instance:com.tetherfi.test.fax.FaxAddressBookTest@1a07bf6]" started-at="2020-04-27T13:08:22 IST" name="endTestCase" finished-at="2020-04-27T13:08:22 IST" duration-ms="1" status="PASS">
          <params>
            <param index="0">
              <value>
                <![CDATA[public void com.tetherfi.test.fax.FaxAddressBookTest.AddNewRecordWithoutRecipients() throws java.lang.Exception]]>
              </value>
            </param>
          </params>
          <reporter-output>
          </reporter-output>
        </test-method> <!-- endTestCase -->
        <test-method is-config="true" signature="startTestCase(java.lang.reflect.Method)[pri:0, instance:com.tetherfi.test.fax.FaxAddressBookTest@1a07bf6]" started-at="2020-04-27T13:08:22 IST" name="startTestCase" finished-at="2020-04-27T13:08:22 IST" duration-ms="0" status="PASS">
          <params>
            <param index="0">
              <value>
                <![CDATA[public void com.tetherfi.test.fax.FaxAddressBookTest.ExportToExcel() throws java.lang.Exception]]>
              </value>
            </param>
          </params>
          <reporter-output>
          </reporter-output>
        </test-method> <!-- startTestCase -->
        <test-method is-config="true" signature="NavigatetoFaxAddressPage()[pri:0, instance:com.tetherfi.test.fax.FaxAddressBookTest@1a07bf6]" started-at="2020-04-27T13:08:22 IST" name="NavigatetoFaxAddressPage" finished-at="2020-04-27T13:08:26 IST" duration-ms="3568" status="PASS">
          <reporter-output>
          </reporter-output>
        </test-method> <!-- NavigatetoFaxAddressPage -->
        <test-method signature="ExportToExcel()[pri:20, instance:com.tetherfi.test.fax.FaxAddressBookTest@1a07bf6]" started-at="2020-04-27T13:08:26 IST" name="ExportToExcel" finished-at="2020-04-27T13:08:29 IST" duration-ms="3303" status="PASS">
          <reporter-output>
          </reporter-output>
        </test-method> <!-- ExportToExcel -->
        <test-method is-config="true" signature="afterEachMethod(java.lang.reflect.Method)[pri:0, instance:com.tetherfi.test.fax.FaxAddressBookTest@1a07bf6]" started-at="2020-04-27T13:08:29 IST" name="afterEachMethod" finished-at="2020-04-27T13:08:31 IST" duration-ms="1397" status="PASS">
          <params>
            <param index="0">
              <value>
                <![CDATA[public void com.tetherfi.test.fax.FaxAddressBookTest.ExportToExcel() throws java.lang.Exception]]>
              </value>
            </param>
          </params>
          <reporter-output>
          </reporter-output>
        </test-method> <!-- afterEachMethod -->
        <test-method is-config="true" signature="endTestCase(java.lang.reflect.Method)[pri:0, instance:com.tetherfi.test.fax.FaxAddressBookTest@1a07bf6]" started-at="2020-04-27T13:08:31 IST" name="endTestCase" finished-at="2020-04-27T13:08:31 IST" duration-ms="1" status="PASS">
          <params>
            <param index="0">
              <value>
                <![CDATA[public void com.tetherfi.test.fax.FaxAddressBookTest.ExportToExcel() throws java.lang.Exception]]>
              </value>
            </param>
          </params>
          <reporter-output>
          </reporter-output>
        </test-method> <!-- endTestCase -->
        <test-method is-config="true" signature="startTestCase(java.lang.reflect.Method)[pri:0, instance:com.tetherfi.test.fax.FaxAddressBookTest@1a07bf6]" started-at="2020-04-27T13:08:31 IST" name="startTestCase" finished-at="2020-04-27T13:08:31 IST" duration-ms="0" status="PASS">
          <params>
            <param index="0">
              <value>
                <![CDATA[public void com.tetherfi.test.fax.FaxAddressBookTest.ExportToExcelData() throws java.lang.Exception]]>
              </value>
            </param>
          </params>
          <reporter-output>
          </reporter-output>
        </test-method> <!-- startTestCase -->
        <test-method is-config="true" signature="NavigatetoFaxAddressPage()[pri:0, instance:com.tetherfi.test.fax.FaxAddressBookTest@1a07bf6]" started-at="2020-04-27T13:08:31 IST" name="NavigatetoFaxAddressPage" finished-at="2020-04-27T13:08:35 IST" duration-ms="4248" status="PASS">
          <reporter-output>
          </reporter-output>
        </test-method> <!-- NavigatetoFaxAddressPage -->
        <test-method signature="ExportToExcelData()[pri:21, instance:com.tetherfi.test.fax.FaxAddressBookTest@1a07bf6]" started-at="2020-04-27T13:08:35 IST" name="ExportToExcelData" finished-at="2020-04-27T13:08:35 IST" duration-ms="403" status="FAIL">
          <exception class="java.lang.ArrayIndexOutOfBoundsException">
            <message>
              <![CDATA[1]]>
            </message>
            <full-stacktrace>
              <![CDATA[java.lang.ArrayIndexOutOfBoundsException: 1
at com.tetherfi.pages.FaxAddressBookPage.getdata(FaxAddressBookPage.java:387)
at com.tetherfi.pages.FaxAddressBookPage.verifyexportToExcelSheet(FaxAddressBookPage.java:325)
at com.tetherfi.test.fax.FaxAddressBookTest.ExportToExcelData(FaxAddressBookTest.java:253)
at java.base/jdk.internal.reflect.NativeMethodAccessorImpl.invoke0(Native Method)
at java.base/jdk.internal.reflect.NativeMethodAccessorImpl.invoke(Unknown Source)
at java.base/jdk.internal.reflect.DelegatingMethodAccessorImpl.invoke(Unknown Source)
at java.base/java.lang.reflect.Method.invoke(Unknown Source)
at org.testng.internal.MethodInvocationHelper.invokeMethod(MethodInvocationHelper.java:133)
at org.testng.internal.TestInvoker.invokeMethod(TestInvoker.java:584)
at org.testng.internal.TestInvoker.invokeTestMethod(TestInvoker.java:172)
at org.testng.internal.MethodRunner.runInSequence(MethodRunner.java:46)
at org.testng.internal.TestInvoker$MethodInvocationAgent.invoke(TestInvoker.java:804)
at org.testng.internal.TestInvoker.invokeTestMethods(TestInvoker.java:145)
at org.testng.internal.TestMethodWorker.invokeTestMethods(TestMethodWorker.java:146)
at org.testng.internal.TestMethodWorker.run(TestMethodWorker.java:128)
at java.base/java.util.ArrayList.forEach(Unknown Source)
at org.testng.TestRunner.privateRun(TestRunner.java:770)
at org.testng.TestRunner.run(TestRunner.java:591)
at org.testng.SuiteRunner.runTest(SuiteRunner.java:402)
at org.testng.SuiteRunner.runSequentially(SuiteRunner.java:396)
at org.testng.SuiteRunner.privateRun(SuiteRunner.java:355)
at org.testng.SuiteRunner.run(SuiteRunner.java:304)
at org.testng.SuiteRunnerWorker.runSuite(SuiteRunnerWorker.java:53)
at org.testng.SuiteRunnerWorker.run(SuiteRunnerWorker.java:96)
at org.testng.TestNG.runSuitesSequentially(TestNG.java:1180)
at org.testng.TestNG.runSuitesLocally(TestNG.java:1102)
at org.testng.TestNG.runSuites(TestNG.java:1032)
at org.testng.TestNG.run(TestNG.java:1000)
at org.testng.remote.AbstractRemoteTestNG.run(AbstractRemoteTestNG.java:115)
at org.testng.remote.RemoteTestNG.initAndRun(RemoteTestNG.java:251)
at org.testng.remote.RemoteTestNG.main(RemoteTestNG.java:77)
]]>
            </full-stacktrace>
          </exception> <!-- java.lang.ArrayIndexOutOfBoundsException -->
          <reporter-output>
          </reporter-output>
        </test-method> <!-- ExportToExcelData -->
        <test-method is-config="true" signature="afterEachMethod(java.lang.reflect.Method)[pri:0, instance:com.tetherfi.test.fax.FaxAddressBookTest@1a07bf6]" started-at="2020-04-27T13:08:35 IST" name="afterEachMethod" finished-at="2020-04-27T13:08:37 IST" duration-ms="1549" status="PASS">
          <params>
            <param index="0">
              <value>
                <![CDATA[public void com.tetherfi.test.fax.FaxAddressBookTest.ExportToExcelData() throws java.lang.Exception]]>
              </value>
            </param>
          </params>
          <reporter-output>
          </reporter-output>
        </test-method> <!-- afterEachMethod -->
        <test-method is-config="true" signature="endTestCase(java.lang.reflect.Method)[pri:0, instance:com.tetherfi.test.fax.FaxAddressBookTest@1a07bf6]" started-at="2020-04-27T13:08:37 IST" name="endTestCase" finished-at="2020-04-27T13:08:37 IST" duration-ms="0" status="PASS">
          <params>
            <param index="0">
              <value>
                <![CDATA[public void com.tetherfi.test.fax.FaxAddressBookTest.ExportToExcelData() throws java.lang.Exception]]>
              </value>
            </param>
          </params>
          <reporter-output>
          </reporter-output>
        </test-method> <!-- endTestCase -->
        <test-method is-config="true" signature="NavigatetoFaxAddressPage()[pri:0, instance:com.tetherfi.test.fax.FaxAddressBookTest@1a07bf6]" started-at="2020-04-27T13:08:37 IST" name="NavigatetoFaxAddressPage" finished-at="2020-04-27T13:08:41 IST" duration-ms="4089" status="PASS">
          <reporter-output>
          </reporter-output>
        </test-method> <!-- NavigatetoFaxAddressPage -->
        <test-method is-config="true" signature="startTestCase(java.lang.reflect.Method)[pri:0, instance:com.tetherfi.test.fax.FaxAddressBookTest@1a07bf6]" started-at="2020-04-27T13:08:37 IST" name="startTestCase" finished-at="2020-04-27T13:08:37 IST" duration-ms="0" status="PASS">
          <params>
            <param index="0">
              <value>
                <![CDATA[public void com.tetherfi.test.fax.FaxAddressBookTest.SortingByAscending() throws java.io.IOException]]>
              </value>
            </param>
          </params>
          <reporter-output>
          </reporter-output>
        </test-method> <!-- startTestCase -->
        <test-method signature="SortingByAscending()[pri:22, instance:com.tetherfi.test.fax.FaxAddressBookTest@1a07bf6]" started-at="2020-04-27T13:08:41 IST" name="SortingByAscending" finished-at="2020-04-27T13:08:45 IST" duration-ms="4608" status="PASS">
          <reporter-output>
          </reporter-output>
        </test-method> <!-- SortingByAscending -->
        <test-method is-config="true" signature="afterEachMethod(java.lang.reflect.Method)[pri:0, instance:com.tetherfi.test.fax.FaxAddressBookTest@1a07bf6]" started-at="2020-04-27T13:08:45 IST" name="afterEachMethod" finished-at="2020-04-27T13:08:47 IST" duration-ms="1724" status="PASS">
          <params>
            <param index="0">
              <value>
                <![CDATA[public void com.tetherfi.test.fax.FaxAddressBookTest.SortingByAscending() throws java.io.IOException]]>
              </value>
            </param>
          </params>
          <reporter-output>
          </reporter-output>
        </test-method> <!-- afterEachMethod -->
        <test-method is-config="true" signature="endTestCase(java.lang.reflect.Method)[pri:0, instance:com.tetherfi.test.fax.FaxAddressBookTest@1a07bf6]" started-at="2020-04-27T13:08:47 IST" name="endTestCase" finished-at="2020-04-27T13:08:47 IST" duration-ms="0" status="PASS">
          <params>
            <param index="0">
              <value>
                <![CDATA[public void com.tetherfi.test.fax.FaxAddressBookTest.SortingByAscending() throws java.io.IOException]]>
              </value>
            </param>
          </params>
          <reporter-output>
          </reporter-output>
        </test-method> <!-- endTestCase -->
        <test-method is-config="true" signature="startTestCase(java.lang.reflect.Method)[pri:0, instance:com.tetherfi.test.fax.FaxAddressBookTest@1a07bf6]" started-at="2020-04-27T13:08:47 IST" name="startTestCase" finished-at="2020-04-27T13:08:47 IST" duration-ms="0" status="PASS">
          <params>
            <param index="0">
              <value>
                <![CDATA[public void com.tetherfi.test.fax.FaxAddressBookTest.SortingByDescending() throws java.io.IOException]]>
              </value>
            </param>
          </params>
          <reporter-output>
          </reporter-output>
        </test-method> <!-- startTestCase -->
        <test-method is-config="true" signature="NavigatetoFaxAddressPage()[pri:0, instance:com.tetherfi.test.fax.FaxAddressBookTest@1a07bf6]" started-at="2020-04-27T13:08:47 IST" name="NavigatetoFaxAddressPage" finished-at="2020-04-27T13:08:51 IST" duration-ms="4214" status="PASS">
          <reporter-output>
          </reporter-output>
        </test-method> <!-- NavigatetoFaxAddressPage -->
        <test-method signature="SortingByDescending()[pri:23, instance:com.tetherfi.test.fax.FaxAddressBookTest@1a07bf6]" started-at="2020-04-27T13:08:51 IST" name="SortingByDescending" finished-at="2020-04-27T13:08:56 IST" duration-ms="4872" status="PASS">
          <reporter-output>
          </reporter-output>
        </test-method> <!-- SortingByDescending -->
        <test-method is-config="true" signature="afterEachMethod(java.lang.reflect.Method)[pri:0, instance:com.tetherfi.test.fax.FaxAddressBookTest@1a07bf6]" started-at="2020-04-27T13:08:56 IST" name="afterEachMethod" finished-at="2020-04-27T13:08:58 IST" duration-ms="1539" status="PASS">
          <params>
            <param index="0">
              <value>
                <![CDATA[public void com.tetherfi.test.fax.FaxAddressBookTest.SortingByDescending() throws java.io.IOException]]>
              </value>
            </param>
          </params>
          <reporter-output>
          </reporter-output>
        </test-method> <!-- afterEachMethod -->
        <test-method is-config="true" signature="endTestCase(java.lang.reflect.Method)[pri:0, instance:com.tetherfi.test.fax.FaxAddressBookTest@1a07bf6]" started-at="2020-04-27T13:08:58 IST" name="endTestCase" finished-at="2020-04-27T13:08:58 IST" duration-ms="1" status="PASS">
          <params>
            <param index="0">
              <value>
                <![CDATA[public void com.tetherfi.test.fax.FaxAddressBookTest.SortingByDescending() throws java.io.IOException]]>
              </value>
            </param>
          </params>
          <reporter-output>
          </reporter-output>
        </test-method> <!-- endTestCase -->
        <test-method is-config="true" signature="startTestCase(java.lang.reflect.Method)[pri:0, instance:com.tetherfi.test.fax.FaxAddressBookTest@1a07bf6]" started-at="2020-04-27T13:08:58 IST" name="startTestCase" finished-at="2020-04-27T13:08:58 IST" duration-ms="0" status="PASS">
          <params>
            <param index="0">
              <value>
                <![CDATA[public void com.tetherfi.test.fax.FaxAddressBookTest.AddressBookExportToExcel() throws java.lang.Exception]]>
              </value>
            </param>
          </params>
          <reporter-output>
          </reporter-output>
        </test-method> <!-- startTestCase -->
        <test-method is-config="true" signature="NavigatetoFaxAddressPage()[pri:0, instance:com.tetherfi.test.fax.FaxAddressBookTest@1a07bf6]" started-at="2020-04-27T13:08:58 IST" name="NavigatetoFaxAddressPage" finished-at="2020-04-27T13:09:02 IST" duration-ms="4444" status="PASS">
          <reporter-output>
          </reporter-output>
        </test-method> <!-- NavigatetoFaxAddressPage -->
        <test-method signature="AddressBookExportToExcel()[pri:24, instance:com.tetherfi.test.fax.FaxAddressBookTest@1a07bf6]" started-at="2020-04-27T13:09:02 IST" name="AddressBookExportToExcel" finished-at="2020-04-27T13:09:05 IST" duration-ms="2447" status="PASS">
          <reporter-output>
          </reporter-output>
        </test-method> <!-- AddressBookExportToExcel -->
        <test-method is-config="true" signature="afterEachMethod(java.lang.reflect.Method)[pri:0, instance:com.tetherfi.test.fax.FaxAddressBookTest@1a07bf6]" started-at="2020-04-27T13:09:05 IST" name="afterEachMethod" finished-at="2020-04-27T13:09:06 IST" duration-ms="1573" status="PASS">
          <params>
            <param index="0">
              <value>
                <![CDATA[public void com.tetherfi.test.fax.FaxAddressBookTest.AddressBookExportToExcel() throws java.lang.Exception]]>
              </value>
            </param>
          </params>
          <reporter-output>
          </reporter-output>
        </test-method> <!-- afterEachMethod -->
        <test-method is-config="true" signature="endTestCase(java.lang.reflect.Method)[pri:0, instance:com.tetherfi.test.fax.FaxAddressBookTest@1a07bf6]" started-at="2020-04-27T13:09:06 IST" name="endTestCase" finished-at="2020-04-27T13:09:06 IST" duration-ms="1" status="PASS">
          <params>
            <param index="0">
              <value>
                <![CDATA[public void com.tetherfi.test.fax.FaxAddressBookTest.AddressBookExportToExcel() throws java.lang.Exception]]>
              </value>
            </param>
          </params>
          <reporter-output>
          </reporter-output>
        </test-method> <!-- endTestCase -->
        <test-method is-config="true" signature="NavigatetoFaxAddressPage()[pri:0, instance:com.tetherfi.test.fax.FaxAddressBookTest@1a07bf6]" started-at="2020-04-27T13:09:06 IST" name="NavigatetoFaxAddressPage" finished-at="2020-04-27T13:09:11 IST" duration-ms="4451" status="PASS">
          <reporter-output>
          </reporter-output>
        </test-method> <!-- NavigatetoFaxAddressPage -->
        <test-method is-config="true" signature="startTestCase(java.lang.reflect.Method)[pri:0, instance:com.tetherfi.test.fax.FaxAddressBookTest@1a07bf6]" started-at="2020-04-27T13:09:06 IST" name="startTestCase" finished-at="2020-04-27T13:09:06 IST" duration-ms="0" status="PASS">
          <params>
            <param index="0">
              <value>
                <![CDATA[public void com.tetherfi.test.fax.FaxAddressBookTest.AddressBookExportToExcelData() throws java.lang.Exception]]>
              </value>
            </param>
          </params>
          <reporter-output>
          </reporter-output>
        </test-method> <!-- startTestCase -->
        <test-method signature="AddressBookExportToExcelData()[pri:25, instance:com.tetherfi.test.fax.FaxAddressBookTest@1a07bf6]" started-at="2020-04-27T13:09:11 IST" name="AddressBookExportToExcelData" finished-at="2020-04-27T13:09:11 IST" duration-ms="64" status="FAIL">
          <exception class="java.lang.ArrayIndexOutOfBoundsException">
            <message>
              <![CDATA[1]]>
            </message>
            <full-stacktrace>
              <![CDATA[java.lang.ArrayIndexOutOfBoundsException: 1
at com.tetherfi.pages.FaxAddressBookPage.getAddressBookdata(FaxAddressBookPage.java:355)
at com.tetherfi.pages.FaxAddressBookPage.verifyAddressBookexportToExcelSheet(FaxAddressBookPage.java:340)
at com.tetherfi.test.fax.FaxAddressBookTest.AddressBookExportToExcelData(FaxAddressBookTest.java:289)
at java.base/jdk.internal.reflect.NativeMethodAccessorImpl.invoke0(Native Method)
at java.base/jdk.internal.reflect.NativeMethodAccessorImpl.invoke(Unknown Source)
at java.base/jdk.internal.reflect.DelegatingMethodAccessorImpl.invoke(Unknown Source)
at java.base/java.lang.reflect.Method.invoke(Unknown Source)
at org.testng.internal.MethodInvocationHelper.invokeMethod(MethodInvocationHelper.java:133)
at org.testng.internal.TestInvoker.invokeMethod(TestInvoker.java:584)
at org.testng.internal.TestInvoker.invokeTestMethod(TestInvoker.java:172)
at org.testng.internal.MethodRunner.runInSequence(MethodRunner.java:46)
at org.testng.internal.TestInvoker$MethodInvocationAgent.invoke(TestInvoker.java:804)
at org.testng.internal.TestInvoker.invokeTestMethods(TestInvoker.java:145)
at org.testng.internal.TestMethodWorker.invokeTestMethods(TestMethodWorker.java:146)
at org.testng.internal.TestMethodWorker.run(TestMethodWorker.java:128)
at java.base/java.util.ArrayList.forEach(Unknown Source)
at org.testng.TestRunner.privateRun(TestRunner.java:770)
at org.testng.TestRunner.run(TestRunner.java:591)
at org.testng.SuiteRunner.runTest(SuiteRunner.java:402)
at org.testng.SuiteRunner.runSequentially(SuiteRunner.java:396)
at org.testng.SuiteRunner.privateRun(SuiteRunner.java:355)
at org.testng.SuiteRunner.run(SuiteRunner.java:304)
at org.testng.SuiteRunnerWorker.runSuite(SuiteRunnerWorker.java:53)
at org.testng.SuiteRunnerWorker.run(SuiteRunnerWorker.java:96)
at org.testng.TestNG.runSuitesSequentially(TestNG.java:1180)
at org.testng.TestNG.runSuitesLocally(TestNG.java:1102)
at org.testng.TestNG.runSuites(TestNG.java:1032)
at org.testng.TestNG.run(TestNG.java:1000)
at org.testng.remote.AbstractRemoteTestNG.run(AbstractRemoteTestNG.java:115)
at org.testng.remote.RemoteTestNG.initAndRun(RemoteTestNG.java:251)
at org.testng.remote.RemoteTestNG.main(RemoteTestNG.java:77)
]]>
            </full-stacktrace>
          </exception> <!-- java.lang.ArrayIndexOutOfBoundsException -->
          <reporter-output>
          </reporter-output>
        </test-method> <!-- AddressBookExportToExcelData -->
        <test-method is-config="true" signature="afterEachMethod(java.lang.reflect.Method)[pri:0, instance:com.tetherfi.test.fax.FaxAddressBookTest@1a07bf6]" started-at="2020-04-27T13:09:11 IST" name="afterEachMethod" finished-at="2020-04-27T13:09:13 IST" duration-ms="2153" status="PASS">
          <params>
            <param index="0">
[...]
          <reporter-output>
          </reporter-output>
        </test-method> <!-- endTestCase -->
        <test-method is-config="true" signature="startTestCase(java.lang.reflect.Method)[pri:0, instance:com.tetherfi.test.fax.FaxAddressBookTest@1a07bf6]" started-at="2020-04-27T13:17:13 IST" name="startTestCase" finished-at="2020-04-27T13:17:13 IST" duration-ms="0" status="PASS">
          <params>
            <param index="0">
              <value>
                <![CDATA[public void com.tetherfi.test.fax.FaxAddressBookTest.searchAddressBookwithoutSearchTextbox() throws java.io.IOException]]>
              </value>
            </param>
          </params>
          <reporter-output>
          </reporter-output>
        </test-method> <!-- startTestCase -->
        <test-method is-config="true" signature="NavigatetoFaxAddressPage()[pri:0, instance:com.tetherfi.test.fax.FaxAddressBookTest@1a07bf6]" started-at="2020-04-27T13:17:13 IST" name="NavigatetoFaxAddressPage" finished-at="2020-04-27T13:17:18 IST" duration-ms="4599" status="PASS">
          <reporter-output>
          </reporter-output>
        </test-method> <!-- NavigatetoFaxAddressPage -->
        <test-method signature="searchAddressBookwithoutSearchTextbox()[pri:59, instance:com.tetherfi.test.fax.FaxAddressBookTest@1a07bf6]" started-at="2020-04-27T13:17:18 IST" name="searchAddressBookwithoutSearchTextbox" finished-at="2020-04-27T13:17:21 IST" duration-ms="2501" status="PASS">
          <reporter-output>
          </reporter-output>
        </test-method> <!-- searchAddressBookwithoutSearchTextbox -->
        <test-method is-config="true" signature="afterEachMethod(java.lang.reflect.Method)[pri:0, instance:com.tetherfi.test.fax.FaxAddressBookTest@1a07bf6]" started-at="2020-04-27T13:17:21 IST" name="afterEachMethod" finished-at="2020-04-27T13:17:22 IST" duration-ms="1811" status="PASS">
          <params>
            <param index="0">
              <value>
                <![CDATA[public void com.tetherfi.test.fax.FaxAddressBookTest.searchAddressBookwithoutSearchTextbox() throws java.io.IOException]]>
              </value>
            </param>
          </params>
          <reporter-output>
          </reporter-output>
        </test-method> <!-- afterEachMethod -->
        <test-method is-config="true" signature="endTestCase(java.lang.reflect.Method)[pri:0, instance:com.tetherfi.test.fax.FaxAddressBookTest@1a07bf6]" started-at="2020-04-27T13:17:22 IST" name="endTestCase" finished-at="2020-04-27T13:17:22 IST" duration-ms="0" status="PASS">
          <params>
            <param index="0">
              <value>
                <![CDATA[public void com.tetherfi.test.fax.FaxAddressBookTest.searchAddressBookwithoutSearchTextbox() throws java.io.IOException]]>
              </value>
            </param>
          </params>
          <reporter-output>
          </reporter-output>
        </test-method> <!-- endTestCase -->
        <test-method is-config="true" signature="startTestCase(java.lang.reflect.Method)[pri:0, instance:com.tetherfi.test.fax.FaxAddressBookTest@1a07bf6]" started-at="2020-04-27T13:17:22 IST" name="startTestCase" finished-at="2020-04-27T13:17:22 IST" duration-ms="0" status="PASS">
          <params>
            <param index="0">
              <value>
                <![CDATA[public void com.tetherfi.test.fax.FaxAddressBookTest.SearchClearSearch() throws java.lang.Exception]]>
              </value>
            </param>
          </params>
          <reporter-output>
          </reporter-output>
        </test-method> <!-- startTestCase -->
        <test-method is-config="true" signature="NavigatetoFaxAddressPage()[pri:0, instance:com.tetherfi.test.fax.FaxAddressBookTest@1a07bf6]" started-at="2020-04-27T13:17:22 IST" name="NavigatetoFaxAddressPage" finished-at="2020-04-27T13:17:26 IST" duration-ms="3550" status="PASS">
          <reporter-output>
          </reporter-output>
        </test-method> <!-- NavigatetoFaxAddressPage -->
        <test-method signature="SearchClearSearch()[pri:60, instance:com.tetherfi.test.fax.FaxAddressBookTest@1a07bf6]" started-at="2020-04-27T13:17:26 IST" name="SearchClearSearch" finished-at="2020-04-27T13:17:32 IST" duration-ms="5877" status="PASS">
          <reporter-output>
          </reporter-output>
        </test-method> <!-- SearchClearSearch -->
        <test-method is-config="true" signature="afterEachMethod(java.lang.reflect.Method)[pri:0, instance:com.tetherfi.test.fax.FaxAddressBookTest@1a07bf6]" started-at="2020-04-27T13:17:32 IST" name="afterEachMethod" finished-at="2020-04-27T13:17:33 IST" duration-ms="1509" status="PASS">
          <params>
            <param index="0">
              <value>
                <![CDATA[public void com.tetherfi.test.fax.FaxAddressBookTest.SearchClearSearch() throws java.lang.Exception]]>
              </value>
            </param>
          </params>
          <reporter-output>
          </reporter-output>
        </test-method> <!-- afterEachMethod -->
        <test-method is-config="true" signature="endTestCase(java.lang.reflect.Method)[pri:0, instance:com.tetherfi.test.fax.FaxAddressBookTest@1a07bf6]" started-at="2020-04-27T13:17:33 IST" name="endTestCase" finished-at="2020-04-27T13:17:33 IST" duration-ms="1" status="PASS">
          <params>
            <param index="0">
              <value>
                <![CDATA[public void com.tetherfi.test.fax.FaxAddressBookTest.SearchClearSearch() throws java.lang.Exception]]>
              </value>
            </param>
          </params>
          <reporter-output>
          </reporter-output>
        </test-method> <!-- endTestCase -->
        <test-method is-config="true" signature="startTestCase(java.lang.reflect.Method)[pri:0, instance:com.tetherfi.test.fax.FaxAddressBookTest@1a07bf6]" started-at="2020-04-27T13:17:33 IST" name="startTestCase" finished-at="2020-04-27T13:17:33 IST" duration-ms="1" status="PASS">
          <params>
            <param index="0">
              <value>
                <![CDATA[public void com.tetherfi.test.fax.FaxAddressBookTest.VerifyArrowMoveForPreviousAndNextPage()]]>
              </value>
            </param>
          </params>
          <reporter-output>
          </reporter-output>
        </test-method> <!-- startTestCase -->
        <test-method is-config="true" signature="NavigatetoFaxAddressPage()[pri:0, instance:com.tetherfi.test.fax.FaxAddressBookTest@1a07bf6]" started-at="2020-04-27T13:17:33 IST" name="NavigatetoFaxAddressPage" finished-at="2020-04-27T13:17:37 IST" duration-ms="3893" status="PASS">
          <reporter-output>
          </reporter-output>
        </test-method> <!-- NavigatetoFaxAddressPage -->
        <test-method signature="VerifyArrowMoveForPreviousAndNextPage()[pri:61, instance:com.tetherfi.test.fax.FaxAddressBookTest@1a07bf6]" started-at="2020-04-27T13:17:37 IST" name="VerifyArrowMoveForPreviousAndNextPage" finished-at="2020-04-27T13:17:37 IST" duration-ms="27" status="PASS">
          <reporter-output>
          </reporter-output>
        </test-method> <!-- VerifyArrowMoveForPreviousAndNextPage -->
        <test-method is-config="true" signature="afterEachMethod(java.lang.reflect.Method)[pri:0, instance:com.tetherfi.test.fax.FaxAddressBookTest@1a07bf6]" started-at="2020-04-27T13:17:37 IST" name="afterEachMethod" finished-at="2020-04-27T13:17:39 IST" duration-ms="1622" status="PASS">
          <params>
            <param index="0">
              <value>
                <![CDATA[public void com.tetherfi.test.fax.FaxAddressBookTest.VerifyArrowMoveForPreviousAndNextPage()]]>
              </value>
            </param>
          </params>
          <reporter-output>
          </reporter-output>
        </test-method> <!-- afterEachMethod -->
        <test-method is-config="true" signature="startTestCase(java.lang.reflect.Method)[pri:0, instance:com.tetherfi.test.fax.FaxAddressBookTest@1a07bf6]" started-at="2020-04-27T13:17:39 IST" name="startTestCase" finished-at="2020-04-27T13:17:39 IST" duration-ms="1" status="PASS">
          <params>
            <param index="0">
              <value>
                <![CDATA[public void com.tetherfi.test.fax.FaxAddressBookTest.VerifyArrowMoveForFirstAndLastPage()]]>
              </value>
            </param>
          </params>
          <reporter-output>
          </reporter-output>
        </test-method> <!-- startTestCase -->
        <test-method is-config="true" signature="endTestCase(java.lang.reflect.Method)[pri:0, instance:com.tetherfi.test.fax.FaxAddressBookTest@1a07bf6]" started-at="2020-04-27T13:17:39 IST" name="endTestCase" finished-at="2020-04-27T13:17:39 IST" duration-ms="0" status="PASS">
          <params>
            <param index="0">
              <value>
                <![CDATA[public void com.tetherfi.test.fax.FaxAddressBookTest.VerifyArrowMoveForPreviousAndNextPage()]]>
              </value>
            </param>
          </params>
          <reporter-output>
          </reporter-output>
        </test-method> <!-- endTestCase -->
        <test-method is-config="true" signature="NavigatetoFaxAddressPage()[pri:0, instance:com.tetherfi.test.fax.FaxAddressBookTest@1a07bf6]" started-at="2020-04-27T13:17:39 IST" name="NavigatetoFaxAddressPage" finished-at="2020-04-27T13:17:43 IST" duration-ms="4034" status="PASS">
          <reporter-output>
          </reporter-output>
        </test-method> <!-- NavigatetoFaxAddressPage -->
        <test-method signature="VerifyArrowMoveForFirstAndLastPage()[pri:62, instance:com.tetherfi.test.fax.FaxAddressBookTest@1a07bf6]" started-at="2020-04-27T13:17:43 IST" name="VerifyArrowMoveForFirstAndLastPage" finished-at="2020-04-27T13:17:43 IST" duration-ms="57" status="PASS">
          <reporter-output>
          </reporter-output>
        </test-method> <!-- VerifyArrowMoveForFirstAndLastPage -->
        <test-method is-config="true" signature="afterEachMethod(java.lang.reflect.Method)[pri:0, instance:com.tetherfi.test.fax.FaxAddressBookTest@1a07bf6]" started-at="2020-04-27T13:17:43 IST" name="afterEachMethod" finished-at="2020-04-27T13:17:45 IST" duration-ms="1625" status="PASS">
          <params>
            <param index="0">
              <value>
                <![CDATA[public void com.tetherfi.test.fax.FaxAddressBookTest.VerifyArrowMoveForFirstAndLastPage()]]>
              </value>
            </param>
          </params>
          <reporter-output>
          </reporter-output>
        </test-method> <!-- afterEachMethod -->
        <test-method is-config="true" signature="endTestCase(java.lang.reflect.Method)[pri:0, instance:com.tetherfi.test.fax.FaxAddressBookTest@1a07bf6]" started-at="2020-04-27T13:17:45 IST" name="endTestCase" finished-at="2020-04-27T13:17:45 IST" duration-ms="0" status="PASS">
          <params>
            <param index="0">
              <value>
                <![CDATA[public void com.tetherfi.test.fax.FaxAddressBookTest.VerifyArrowMoveForFirstAndLastPage()]]>
              </value>
            </param>
          </params>
          <reporter-output>
          </reporter-output>
        </test-method> <!-- endTestCase -->
        <test-method is-config="true" signature="NavigatetoFaxAddressPage()[pri:0, instance:com.tetherfi.test.fax.FaxAddressBookTest@1a07bf6]" started-at="2020-04-27T13:17:45 IST" name="NavigatetoFaxAddressPage" finished-at="2020-04-27T13:17:49 IST" duration-ms="4113" status="PASS">
          <reporter-output>
          </reporter-output>
        </test-method> <!-- NavigatetoFaxAddressPage -->
        <test-method is-config="true" signature="startTestCase(java.lang.reflect.Method)[pri:0, instance:com.tetherfi.test.fax.FaxAddressBookTest@1a07bf6]" started-at="2020-04-27T13:17:45 IST" name="startTestCase" finished-at="2020-04-27T13:17:45 IST" duration-ms="0" status="PASS">
          <params>
            <param index="0">
              <value>
                <![CDATA[public void com.tetherfi.test.fax.FaxAddressBookTest.VerifyTotalNumberOfItemsPerPageDetails()]]>
              </value>
            </param>
          </params>
          <reporter-output>
          </reporter-output>
        </test-method> <!-- startTestCase -->
        <test-method signature="VerifyTotalNumberOfItemsPerPageDetails()[pri:63, instance:com.tetherfi.test.fax.FaxAddressBookTest@1a07bf6]" started-at="2020-04-27T13:17:49 IST" name="VerifyTotalNumberOfItemsPerPageDetails" finished-at="2020-04-27T13:17:49 IST" duration-ms="102" status="PASS">
          <reporter-output>
          </reporter-output>
        </test-method> <!-- VerifyTotalNumberOfItemsPerPageDetails -->
        <test-method is-config="true" signature="afterEachMethod(java.lang.reflect.Method)[pri:0, instance:com.tetherfi.test.fax.FaxAddressBookTest@1a07bf6]" started-at="2020-04-27T13:17:49 IST" name="afterEachMethod" finished-at="2020-04-27T13:17:50 IST" duration-ms="1563" status="PASS">
          <params>
            <param index="0">
              <value>
                <![CDATA[public void com.tetherfi.test.fax.FaxAddressBookTest.VerifyTotalNumberOfItemsPerPageDetails()]]>
              </value>
            </param>
          </params>
          <reporter-output>
          </reporter-output>
        </test-method> <!-- afterEachMethod -->
        <test-method is-config="true" signature="endTestCase(java.lang.reflect.Method)[pri:0, instance:com.tetherfi.test.fax.FaxAddressBookTest@1a07bf6]" started-at="2020-04-27T13:17:50 IST" name="endTestCase" finished-at="2020-04-27T13:17:50 IST" duration-ms="1" status="PASS">
          <params>
            <param index="0">
              <value>
                <![CDATA[public void com.tetherfi.test.fax.FaxAddressBookTest.VerifyTotalNumberOfItemsPerPageDetails()]]>
              </value>
            </param>
          </params>
          <reporter-output>
          </reporter-output>
        </test-method> <!-- endTestCase -->
        <test-method is-config="true" signature="startTestCase(java.lang.reflect.Method)[pri:0, instance:com.tetherfi.test.fax.FaxAddressBookTest@1a07bf6]" started-at="2020-04-27T13:17:50 IST" name="startTestCase" finished-at="2020-04-27T13:17:50 IST" duration-ms="1" status="PASS">
          <params>
            <param index="0">
              <value>
                <![CDATA[public void com.tetherfi.test.fax.FaxAddressBookTest.VerifyNumberOfItemsPerPageSelection()]]>
              </value>
            </param>
          </params>
          <reporter-output>
          </reporter-output>
        </test-method> <!-- startTestCase -->
        <test-method is-config="true" signature="NavigatetoFaxAddressPage()[pri:0, instance:com.tetherfi.test.fax.FaxAddressBookTest@1a07bf6]" started-at="2020-04-27T13:17:50 IST" name="NavigatetoFaxAddressPage" finished-at="2020-04-27T13:17:54 IST" duration-ms="4111" status="PASS">
          <reporter-output>
          </reporter-output>
        </test-method> <!-- NavigatetoFaxAddressPage -->
        <test-method signature="VerifyNumberOfItemsPerPageSelection()[pri:64, instance:com.tetherfi.test.fax.FaxAddressBookTest@1a07bf6]" started-at="2020-04-27T13:17:54 IST" name="VerifyNumberOfItemsPerPageSelection" finished-at="2020-04-27T13:17:58 IST" duration-ms="3572" status="FAIL">
          <exception class="java.lang.AssertionError">
            <message>
              <![CDATA[item per page assertion failed did not expect to find [true] but found [false]]]>
            </message>
            <full-stacktrace>
              <![CDATA[java.lang.AssertionError: item per page assertion failed did not expect to find [true] but found [false]
at org.testng.Assert.fail(Assert.java:97)
at org.testng.Assert.failNotEquals(Assert.java:969)
at org.testng.Assert.assertTrue(Assert.java:43)
at com.tetherfi.test.fax.FaxAddressBookTest.VerifyNumberOfItemsPerPageSelection(FaxAddressBookTest.java:665)
at java.base/jdk.internal.reflect.NativeMethodAccessorImpl.invoke0(Native Method)
at java.base/jdk.internal.reflect.NativeMethodAccessorImpl.invoke(Unknown Source)
at java.base/jdk.internal.reflect.DelegatingMethodAccessorImpl.invoke(Unknown Source)
at java.base/java.lang.reflect.Method.invoke(Unknown Source)
at org.testng.internal.MethodInvocationHelper.invokeMethod(MethodInvocationHelper.java:133)
at org.testng.internal.TestInvoker.invokeMethod(TestInvoker.java:584)
at org.testng.internal.TestInvoker.invokeTestMethod(TestInvoker.java:172)
at org.testng.internal.MethodRunner.runInSequence(MethodRunner.java:46)
at org.testng.internal.TestInvoker$MethodInvocationAgent.invoke(TestInvoker.java:804)
at org.testng.internal.TestInvoker.invokeTestMethods(TestInvoker.java:145)
at org.testng.internal.TestMethodWorker.invokeTestMethods(TestMethodWorker.java:146)
at org.testng.internal.TestMethodWorker.run(TestMethodWorker.java:128)
at java.base/java.util.ArrayList.forEach(Unknown Source)
at org.testng.TestRunner.privateRun(TestRunner.java:770)
at org.testng.TestRunner.run(TestRunner.java:591)
at org.testng.SuiteRunner.runTest(SuiteRunner.java:402)
at org.testng.SuiteRunner.runSequentially(SuiteRunner.java:396)
at org.testng.SuiteRunner.privateRun(SuiteRunner.java:355)
at org.testng.SuiteRunner.run(SuiteRunner.java:304)
at org.testng.SuiteRunnerWorker.runSuite(SuiteRunnerWorker.java:53)
at org.testng.SuiteRunnerWorker.run(SuiteRunnerWorker.java:96)
at org.testng.TestNG.runSuitesSequentially(TestNG.java:1180)
at org.testng.TestNG.runSuitesLocally(TestNG.java:1102)
at org.testng.TestNG.runSuites(TestNG.java:1032)
at org.testng.TestNG.run(TestNG.java:1000)
at org.testng.remote.AbstractRemoteTestNG.run(AbstractRemoteTestNG.java:115)
at org.testng.remote.RemoteTestNG.initAndRun(RemoteTestNG.java:251)
at org.testng.remote.RemoteTestNG.main(RemoteTestNG.java:77)
]]>
            </full-stacktrace>
          </exception> <!-- java.lang.AssertionError -->
          <reporter-output>
          </reporter-output>
        </test-method> <!-- VerifyNumberOfItemsPerPageSelection -->
        <test-method is-config="true" signature="afterEachMethod(java.lang.reflect.Method)[pri:0, instance:com.tetherfi.test.fax.FaxAddressBookTest@1a07bf6]" started-at="2020-04-27T13:17:58 IST" name="afterEachMethod" finished-at="2020-04-27T13:18:00 IST" duration-ms="1543" status="PASS">
          <params>
            <param index="0">
              <value>
                <![CDATA[public void com.tetherfi.test.fax.FaxAddressBookTest.VerifyNumberOfItemsPerPageSelection()]]>
              </value>
            </param>
          </params>
          <reporter-output>
          </reporter-output>
        </test-method> <!-- afterEachMethod -->
        <test-method is-config="true" signature="endTestCase(java.lang.reflect.Method)[pri:0, instance:com.tetherfi.test.fax.FaxAddressBookTest@1a07bf6]" started-at="2020-04-27T13:18:00 IST" name="endTestCase" finished-at="2020-04-27T13:18:00 IST" duration-ms="1" status="PASS">
          <params>
            <param index="0">
              <value>
                <![CDATA[public void com.tetherfi.test.fax.FaxAddressBookTest.VerifyNumberOfItemsPerPageSelection()]]>
              </value>
            </param>
          </params>
          <reporter-output>
          </reporter-output>
        </test-method> <!-- endTestCase -->
        <test-method is-config="true" signature="tearDown()[pri:0, instance:com.tetherfi.test.fax.FaxAddressBookTest@1a07bf6]" started-at="2020-04-27T13:18:00 IST" name="tearDown" finished-at="2020-04-27T13:18:05 IST" duration-ms="5787" status="PASS">
          <reporter-output>
          </reporter-output>
        </test-method> <!-- tearDown -->
      </class> <!-- com.tetherfi.test.fax.FaxAddressBookTest -->
    </test> <!-- Default test -->
  </suite> <!-- Default suite -->
</testng-results>
