<?xml version="1.0" encoding="UTF-8"?>
<testng-results ignored="0" total="1" passed="1" failed="0" skipped="0">
  <reporter-output>
  </reporter-output>
  <suite started-at="2019-07-10T05:47:23Z" name="Default suite" finished-at="2019-07-10T05:47:45Z" duration-ms="22025">
    <groups>
    </groups>
    <test started-at="2019-07-10T05:47:23Z" name="Default test" finished-at="2019-07-10T05:47:45Z" duration-ms="22025">
      <class name="com.tetherfi.test.tmac.TmacTransferListTest">
        <test-method is-config="true" signature="openApplication()[pri:0, instance:com.tetherfi.test.tmac.TmacTransferListTest@3f6bf8aa]" started-at="2019-07-10T11:17:23Z" name="openApplication" finished-at="2019-07-10T11:17:33Z" duration-ms="9887" status="PASS">
          <reporter-output>
          </reporter-output>
        </test-method> <!-- openApplication -->
        <test-method is-config="true" signature="startTestCase(java.lang.reflect.Method)[pri:0, instance:com.tetherfi.test.tmac.TmacTransferListTest@3f6bf8aa]" started-at="2019-07-10T11:17:33Z" name="startTestCase" finished-at="2019-07-10T11:17:33Z" duration-ms="2" status="PASS">
          <params>
            <param index="0">
              <value>
                <![CDATA[public void com.tetherfi.test.tmac.TmacTransferListTest.VerifyErrMsgNameBlank() throws java.lang.Exception]]>
              </value>
            </param>
          </params>
          <reporter-output>
          </reporter-output>
        </test-method> <!-- startTestCase -->
        <test-method is-config="true" signature="NavigatetoTmacTransferListPage()[pri:0, instance:com.tetherfi.test.tmac.TmacTransferListTest@3f6bf8aa]" started-at="2019-07-10T11:17:33Z" name="NavigatetoTmacTransferListPage" finished-at="2019-07-10T11:17:37Z" duration-ms="4389" status="PASS">
          <reporter-output>
          </reporter-output>
        </test-method> <!-- NavigatetoTmacTransferListPage -->
        <test-method signature="VerifyErrMsgNameBlank()[pri:4, instance:com.tetherfi.test.tmac.TmacTransferListTest@3f6bf8aa]" started-at="2019-07-10T11:17:37Z" name="VerifyErrMsgNameBlank" finished-at="2019-07-10T11:17:44Z" duration-ms="6443" status="PASS">
          <reporter-output>
          </reporter-output>
        </test-method> <!-- VerifyErrMsgNameBlank -->
        <test-method is-config="true" signature="afterEachMethod(org.testng.ITestResult)[pri:0, instance:com.tetherfi.test.tmac.TmacTransferListTest@3f6bf8aa]" started-at="2019-07-10T11:17:44Z" name="afterEachMethod" finished-at="2019-07-10T11:17:44Z" duration-ms="1" status="PASS">
          <params>
            <param index="0">
              <value>
                <![CDATA[[TestResult name=VerifyErrMsgNameBlank status=SUCCESS method=TmacTransferListTest.VerifyErrMsgNameBlank()[pri:4, instance:com.tetherfi.test.tmac.TmacTransferListTest@3f6bf8aa] output={null}]]]>
              </value>
            </param>
          </params>
          <reporter-output>
          </reporter-output>
        </test-method> <!-- afterEachMethod -->
        <test-method is-config="true" signature="endTestCase(java.lang.reflect.Method)[pri:0, instance:com.tetherfi.test.tmac.TmacTransferListTest@3f6bf8aa]" started-at="2019-07-10T11:17:44Z" name="endTestCase" finished-at="2019-07-10T11:17:44Z" duration-ms="1" status="PASS">
          <params>
            <param index="0">
              <value>
                <![CDATA[public void com.tetherfi.test.tmac.TmacTransferListTest.VerifyErrMsgNameBlank() throws java.lang.Exception]]>
              </value>
            </param>
          </params>
          <reporter-output>
          </reporter-output>
        </test-method> <!-- endTestCase -->
        <test-method is-config="true" signature="tearDown()[pri:0, instance:com.tetherfi.test.tmac.TmacTransferListTest@3f6bf8aa]" started-at="2019-07-10T11:17:44Z" name="tearDown" finished-at="2019-07-10T11:17:45Z" duration-ms="1247" status="PASS">
          <reporter-output>
          </reporter-output>
        </test-method> <!-- tearDown -->
      </class> <!-- com.tetherfi.test.tmac.TmacTransferListTest -->
    </test> <!-- Default test -->
  </suite> <!-- Default suite -->
</testng-results>
