<?xml version="1.0" encoding="UTF-8"?>
<testng-results ignored="0" total="41" passed="31" failed="7" skipped="3">
  <reporter-output>
  </reporter-output>
  <suite started-at="2019-11-15T17:25:56 IST" name="Default suite" finished-at="2019-11-15T17:37:18 IST" duration-ms="682428">
    <groups>
    </groups>
    <test started-at="2019-11-15T17:25:56 IST" name="Default test" finished-at="2019-11-15T17:37:18 IST" duration-ms="682428">
      <class name="com.tetherfi.test.ivr.IntentMappingTest">
        <test-method is-config="true" signature="openApplication()[pri:0, instance:com.tetherfi.test.ivr.IntentMappingTest@e784320]" started-at="2019-11-15T17:25:56 IST" name="openApplication" finished-at="2019-11-15T17:26:20 IST" duration-ms="24473" status="PASS">
          <reporter-output>
          </reporter-output>
        </test-method> <!-- openApplication -->
        <test-method is-config="true" signature="startTestCase(java.lang.reflect.Method)[pri:0, instance:com.tetherfi.test.ivr.IntentMappingTest@e784320]" started-at="2019-11-15T17:26:20 IST" name="startTestCase" finished-at="2019-11-15T17:26:20 IST" duration-ms="3" status="PASS">
          <params>
            <param index="0">
              <value>
                <![CDATA[public void com.tetherfi.test.ivr.IntentMappingTest.IntentMappingPage()]]>
              </value>
            </param>
          </params>
          <reporter-output>
          </reporter-output>
        </test-method> <!-- startTestCase -->
        <test-method is-config="true" signature="NavigateToIntentMappingPage()[pri:0, instance:com.tetherfi.test.ivr.IntentMappingTest@e784320]" started-at="2019-11-15T17:26:20 IST" name="NavigateToIntentMappingPage" finished-at="2019-11-15T17:26:25 IST" duration-ms="5054" status="PASS">
          <reporter-output>
          </reporter-output>
        </test-method> <!-- NavigateToIntentMappingPage -->
        <test-method signature="IntentMappingPage()[pri:1, instance:com.tetherfi.test.ivr.IntentMappingTest@e784320]" started-at="2019-11-15T17:26:25 IST" name="IntentMappingPage" finished-at="2019-11-15T17:26:26 IST" duration-ms="620" status="PASS">
          <reporter-output>
          </reporter-output>
        </test-method> <!-- IntentMappingPage -->
        <test-method is-config="true" signature="afterEachMethod(java.lang.reflect.Method)[pri:0, instance:com.tetherfi.test.ivr.IntentMappingTest@e784320]" started-at="2019-11-15T17:26:26 IST" name="afterEachMethod" finished-at="2019-11-15T17:26:27 IST" duration-ms="1207" status="PASS">
          <params>
            <param index="0">
              <value>
                <![CDATA[public void com.tetherfi.test.ivr.IntentMappingTest.IntentMappingPage()]]>
              </value>
            </param>
          </params>
          <reporter-output>
          </reporter-output>
        </test-method> <!-- afterEachMethod -->
        <test-method is-config="true" signature="endTestCase(java.lang.reflect.Method)[pri:0, instance:com.tetherfi.test.ivr.IntentMappingTest@e784320]" started-at="2019-11-15T17:26:27 IST" name="endTestCase" finished-at="2019-11-15T17:26:27 IST" duration-ms="1" status="PASS">
          <params>
            <param index="0">
              <value>
                <![CDATA[public void com.tetherfi.test.ivr.IntentMappingTest.IntentMappingPage()]]>
              </value>
            </param>
          </params>
          <reporter-output>
          </reporter-output>
        </test-method> <!-- endTestCase -->
        <test-method is-config="true" signature="NavigateToIntentMappingPage()[pri:0, instance:com.tetherfi.test.ivr.IntentMappingTest@e784320]" started-at="2019-11-15T17:26:27 IST" name="NavigateToIntentMappingPage" finished-at="2019-11-15T17:26:31 IST" duration-ms="4045" status="PASS">
          <reporter-output>
          </reporter-output>
        </test-method> <!-- NavigateToIntentMappingPage -->
        <test-method is-config="true" signature="startTestCase(java.lang.reflect.Method)[pri:0, instance:com.tetherfi.test.ivr.IntentMappingTest@e784320]" started-at="2019-11-15T17:26:27 IST" name="startTestCase" finished-at="2019-11-15T17:26:27 IST" duration-ms="0" status="PASS">
          <params>
            <param index="0">
              <value>
                <![CDATA[public void com.tetherfi.test.ivr.IntentMappingTest.VerifyDropdownForAllTheColumns()]]>
              </value>
            </param>
          </params>
          <reporter-output>
          </reporter-output>
        </test-method> <!-- startTestCase -->
        <test-method signature="VerifyDropdownForAllTheColumns()[pri:2, instance:com.tetherfi.test.ivr.IntentMappingTest@e784320]" started-at="2019-11-15T17:26:31 IST" name="VerifyDropdownForAllTheColumns" finished-at="2019-11-15T17:26:37 IST" duration-ms="6013" status="PASS">
          <reporter-output>
          </reporter-output>
        </test-method> <!-- VerifyDropdownForAllTheColumns -->
        <test-method is-config="true" signature="afterEachMethod(java.lang.reflect.Method)[pri:0, instance:com.tetherfi.test.ivr.IntentMappingTest@e784320]" started-at="2019-11-15T17:26:37 IST" name="afterEachMethod" finished-at="2019-11-15T17:26:39 IST" duration-ms="1261" status="PASS">
          <params>
            <param index="0">
              <value>
                <![CDATA[public void com.tetherfi.test.ivr.IntentMappingTest.VerifyDropdownForAllTheColumns()]]>
              </value>
            </param>
          </params>
          <reporter-output>
          </reporter-output>
        </test-method> <!-- afterEachMethod -->
        <test-method is-config="true" signature="endTestCase(java.lang.reflect.Method)[pri:0, instance:com.tetherfi.test.ivr.IntentMappingTest@e784320]" started-at="2019-11-15T17:26:39 IST" name="endTestCase" finished-at="2019-11-15T17:26:39 IST" duration-ms="1" status="PASS">
          <params>
            <param index="0">
              <value>
                <![CDATA[public void com.tetherfi.test.ivr.IntentMappingTest.VerifyDropdownForAllTheColumns()]]>
              </value>
            </param>
          </params>
          <reporter-output>
          </reporter-output>
        </test-method> <!-- endTestCase -->
        <test-method is-config="true" signature="startTestCase(java.lang.reflect.Method)[pri:0, instance:com.tetherfi.test.ivr.IntentMappingTest@e784320]" started-at="2019-11-15T17:26:39 IST" name="startTestCase" finished-at="2019-11-15T17:26:39 IST" duration-ms="0" status="PASS">
          <params>
            <param index="0">
              <value>
                <![CDATA[public void com.tetherfi.test.ivr.IntentMappingTest.VerifyColumnsHeaderEnable()]]>
              </value>
            </param>
          </params>
          <reporter-output>
          </reporter-output>
        </test-method> <!-- startTestCase -->
        <test-method is-config="true" signature="NavigateToIntentMappingPage()[pri:0, instance:com.tetherfi.test.ivr.IntentMappingTest@e784320]" started-at="2019-11-15T17:26:39 IST" name="NavigateToIntentMappingPage" finished-at="2019-11-15T17:26:42 IST" duration-ms="3797" status="PASS">
          <reporter-output>
          </reporter-output>
        </test-method> <!-- NavigateToIntentMappingPage -->
        <test-method signature="VerifyColumnsHeaderEnable()[pri:3, instance:com.tetherfi.test.ivr.IntentMappingTest@e784320]" started-at="2019-11-15T17:26:42 IST" name="VerifyColumnsHeaderEnable" finished-at="2019-11-15T17:26:46 IST" duration-ms="3891" status="PASS">
          <reporter-output>
          </reporter-output>
        </test-method> <!-- VerifyColumnsHeaderEnable -->
        <test-method is-config="true" signature="afterEachMethod(java.lang.reflect.Method)[pri:0, instance:com.tetherfi.test.ivr.IntentMappingTest@e784320]" started-at="2019-11-15T17:26:46 IST" name="afterEachMethod" finished-at="2019-11-15T17:26:47 IST" duration-ms="1065" status="PASS">
          <params>
            <param index="0">
              <value>
                <![CDATA[public void com.tetherfi.test.ivr.IntentMappingTest.VerifyColumnsHeaderEnable()]]>
              </value>
            </param>
          </params>
          <reporter-output>
          </reporter-output>
        </test-method> <!-- afterEachMethod -->
        <test-method is-config="true" signature="endTestCase(java.lang.reflect.Method)[pri:0, instance:com.tetherfi.test.ivr.IntentMappingTest@e784320]" started-at="2019-11-15T17:26:47 IST" name="endTestCase" finished-at="2019-11-15T17:26:47 IST" duration-ms="1" status="PASS">
          <params>
            <param index="0">
              <value>
                <![CDATA[public void com.tetherfi.test.ivr.IntentMappingTest.VerifyColumnsHeaderEnable()]]>
              </value>
            </param>
          </params>
          <reporter-output>
          </reporter-output>
        </test-method> <!-- endTestCase -->
        <test-method is-config="true" signature="startTestCase(java.lang.reflect.Method)[pri:0, instance:com.tetherfi.test.ivr.IntentMappingTest@e784320]" started-at="2019-11-15T17:26:47 IST" name="startTestCase" finished-at="2019-11-15T17:26:47 IST" duration-ms="1" status="PASS">
          <params>
            <param index="0">
              <value>
                <![CDATA[public void com.tetherfi.test.ivr.IntentMappingTest.VerifyColumnsHeaderDisable()]]>
              </value>
            </param>
          </params>
          <reporter-output>
          </reporter-output>
        </test-method> <!-- startTestCase -->
        <test-method is-config="true" signature="NavigateToIntentMappingPage()[pri:0, instance:com.tetherfi.test.ivr.IntentMappingTest@e784320]" started-at="2019-11-15T17:26:47 IST" name="NavigateToIntentMappingPage" finished-at="2019-11-15T17:26:52 IST" duration-ms="4347" status="PASS">
          <reporter-output>
          </reporter-output>
        </test-method> <!-- NavigateToIntentMappingPage -->
        <test-method signature="VerifyColumnsHeaderDisable()[pri:4, instance:com.tetherfi.test.ivr.IntentMappingTest@e784320]" started-at="2019-11-15T17:26:52 IST" name="VerifyColumnsHeaderDisable" finished-at="2019-11-15T17:26:56 IST" duration-ms="3911" status="PASS">
          <reporter-output>
          </reporter-output>
        </test-method> <!-- VerifyColumnsHeaderDisable -->
        <test-method is-config="true" signature="afterEachMethod(java.lang.reflect.Method)[pri:0, instance:com.tetherfi.test.ivr.IntentMappingTest@e784320]" started-at="2019-11-15T17:26:56 IST" name="afterEachMethod" finished-at="2019-11-15T17:26:57 IST" duration-ms="1084" status="PASS">
          <params>
            <param index="0">
              <value>
                <![CDATA[public void com.tetherfi.test.ivr.IntentMappingTest.VerifyColumnsHeaderDisable()]]>
              </value>
            </param>
          </params>
          <reporter-output>
          </reporter-output>
        </test-method> <!-- afterEachMethod -->
        <test-method is-config="true" signature="endTestCase(java.lang.reflect.Method)[pri:0, instance:com.tetherfi.test.ivr.IntentMappingTest@e784320]" started-at="2019-11-15T17:26:57 IST" name="endTestCase" finished-at="2019-11-15T17:26:57 IST" duration-ms="1" status="PASS">
          <params>
            <param index="0">
              <value>
                <![CDATA[public void com.tetherfi.test.ivr.IntentMappingTest.VerifyColumnsHeaderDisable()]]>
              </value>
            </param>
          </params>
          <reporter-output>
          </reporter-output>
        </test-method> <!-- endTestCase -->
        <test-method is-config="true" signature="startTestCase(java.lang.reflect.Method)[pri:0, instance:com.tetherfi.test.ivr.IntentMappingTest@e784320]" started-at="2019-11-15T17:26:57 IST" name="startTestCase" finished-at="2019-11-15T17:26:57 IST" duration-ms="1" status="PASS">
          <params>
            <param index="0">
              <value>
                <![CDATA[public void com.tetherfi.test.ivr.IntentMappingTest.AddNewIntentMappingRecord() throws java.lang.Exception]]>
              </value>
            </param>
          </params>
          <reporter-output>
          </reporter-output>
        </test-method> <!-- startTestCase -->
        <test-method is-config="true" signature="NavigateToIntentMappingPage()[pri:0, instance:com.tetherfi.test.ivr.IntentMappingTest@e784320]" started-at="2019-11-15T17:26:57 IST" name="NavigateToIntentMappingPage" finished-at="2019-11-15T17:27:01 IST" duration-ms="4011" status="PASS">
          <reporter-output>
          </reporter-output>
        </test-method> <!-- NavigateToIntentMappingPage -->
        <test-method signature="AddNewIntentMappingRecord()[pri:5, instance:com.tetherfi.test.ivr.IntentMappingTest@e784320]" started-at="2019-11-15T17:27:01 IST" name="AddNewIntentMappingRecord" finished-at="2019-11-15T17:27:08 IST" duration-ms="7441" status="PASS">
          <reporter-output>
          </reporter-output>
        </test-method> <!-- AddNewIntentMappingRecord -->
        <test-method is-config="true" signature="afterEachMethod(java.lang.reflect.Method)[pri:0, instance:com.tetherfi.test.ivr.IntentMappingTest@e784320]" started-at="2019-11-15T17:27:08 IST" name="afterEachMethod" finished-at="2019-11-15T17:27:09 IST" duration-ms="1196" status="PASS">
          <params>
            <param index="0">
              <value>
                <![CDATA[public void com.tetherfi.test.ivr.IntentMappingTest.AddNewIntentMappingRecord() throws java.lang.Exception]]>
              </value>
            </param>
          </params>
          <reporter-output>
          </reporter-output>
        </test-method> <!-- afterEachMethod -->
        <test-method is-config="true" signature="endTestCase(java.lang.reflect.Method)[pri:0, instance:com.tetherfi.test.ivr.IntentMappingTest@e784320]" started-at="2019-11-15T17:27:09 IST" name="endTestCase" finished-at="2019-11-15T17:27:09 IST" duration-ms="1" status="PASS">
          <params>
            <param index="0">
              <value>
                <![CDATA[public void com.tetherfi.test.ivr.IntentMappingTest.AddNewIntentMappingRecord() throws java.lang.Exception]]>
              </value>
            </param>
          </params>
          <reporter-output>
          </reporter-output>
        </test-method> <!-- endTestCase -->
        <test-method is-config="true" signature="startTestCase(java.lang.reflect.Method)[pri:0, instance:com.tetherfi.test.ivr.IntentMappingTest@e784320]" started-at="2019-11-15T17:27:09 IST" name="startTestCase" finished-at="2019-11-15T17:27:09 IST" duration-ms="0" status="PASS">
          <params>
            <param index="0">
              <value>
                <![CDATA[public void com.tetherfi.test.ivr.IntentMappingTest.AddDuplicateIntentMappingRecord() throws java.lang.Exception]]>
              </value>
            </param>
          </params>
          <reporter-output>
          </reporter-output>
        </test-method> <!-- startTestCase -->
        <test-method is-config="true" signature="NavigateToIntentMappingPage()[pri:0, instance:com.tetherfi.test.ivr.IntentMappingTest@e784320]" started-at="2019-11-15T17:27:09 IST" name="NavigateToIntentMappingPage" finished-at="2019-11-15T17:27:13 IST" duration-ms="3897" status="PASS">
          <reporter-output>
          </reporter-output>
        </test-method> <!-- NavigateToIntentMappingPage -->
        <test-method signature="AddDuplicateIntentMappingRecord()[pri:6, instance:com.tetherfi.test.ivr.IntentMappingTest@e784320]" started-at="2019-11-15T17:27:13 IST" name="AddDuplicateIntentMappingRecord" finished-at="2019-11-15T17:27:21 IST" depends-on-methods="com.tetherfi.test.ivr.IntentMappingTest.AddNewIntentMappingRecord" duration-ms="7356" status="PASS">
          <reporter-output>
          </reporter-output>
        </test-method> <!-- AddDuplicateIntentMappingRecord -->
        <test-method is-config="true" signature="afterEachMethod(java.lang.reflect.Method)[pri:0, instance:com.tetherfi.test.ivr.IntentMappingTest@e784320]" started-at="2019-11-15T17:27:21 IST" name="afterEachMethod" finished-at="2019-11-15T17:27:22 IST" duration-ms="1099" status="PASS">
          <params>
            <param index="0">
              <value>
                <![CDATA[public void com.tetherfi.test.ivr.IntentMappingTest.AddDuplicateIntentMappingRecord() throws java.lang.Exception]]>
              </value>
            </param>
          </params>
          <reporter-output>
          </reporter-output>
        </test-method> <!-- afterEachMethod -->
        <test-method is-config="true" signature="endTestCase(java.lang.reflect.Method)[pri:0, instance:com.tetherfi.test.ivr.IntentMappingTest@e784320]" started-at="2019-11-15T17:27:22 IST" name="endTestCase" finished-at="2019-11-15T17:27:22 IST" duration-ms="0" status="PASS">
          <params>
            <param index="0">
              <value>
                <![CDATA[public void com.tetherfi.test.ivr.IntentMappingTest.AddDuplicateIntentMappingRecord() throws java.lang.Exception]]>
              </value>
            </param>
          </params>
          <reporter-output>
          </reporter-output>
        </test-method> <!-- endTestCase -->
        <test-method is-config="true" signature="startTestCase(java.lang.reflect.Method)[pri:0, instance:com.tetherfi.test.ivr.IntentMappingTest@e784320]" started-at="2019-11-15T17:27:22 IST" name="startTestCase" finished-at="2019-11-15T17:27:22 IST" duration-ms="1" status="PASS">
          <params>
            <param index="0">
              <value>
                <![CDATA[public void com.tetherfi.test.ivr.IntentMappingTest.VerifyAuditTrialReportForCreate() throws java.lang.Exception]]>
              </value>
            </param>
          </params>
          <reporter-output>
          </reporter-output>
        </test-method> <!-- startTestCase -->
        <test-method is-config="true" signature="NavigateToIntentMappingPage()[pri:0, instance:com.tetherfi.test.ivr.IntentMappingTest@e784320]" started-at="2019-11-15T17:27:22 IST" name="NavigateToIntentMappingPage" finished-at="2019-11-15T17:27:26 IST" duration-ms="3972" status="PASS">
          <reporter-output>
          </reporter-output>
        </test-method> <!-- NavigateToIntentMappingPage -->
        <test-method signature="VerifyAuditTrialReportForCreate()[pri:7, instance:com.tetherfi.test.ivr.IntentMappingTest@e784320]" started-at="2019-11-15T17:27:26 IST" name="VerifyAuditTrialReportForCreate" finished-at="2019-11-15T17:27:47 IST" depends-on-methods="com.tetherfi.test.ivr.IntentMappingTest.AddNewIntentMappingRecord" duration-ms="21763" status="PASS">
          <reporter-output>
          </reporter-output>
        </test-method> <!-- VerifyAuditTrialReportForCreate -->
        <test-method is-config="true" signature="afterEachMethod(java.lang.reflect.Method)[pri:0, instance:com.tetherfi.test.ivr.IntentMappingTest@e784320]" started-at="2019-11-15T17:27:47 IST" name="afterEachMethod" finished-at="2019-11-15T17:27:49 IST" duration-ms="1195" status="PASS">
          <params>
            <param index="0">
              <value>
                <![CDATA[public void com.tetherfi.test.ivr.IntentMappingTest.VerifyAuditTrialReportForCreate() throws java.lang.Exception]]>
              </value>
            </param>
          </params>
          <reporter-output>
          </reporter-output>
        </test-method> <!-- afterEachMethod -->
        <test-method is-config="true" signature="endTestCase(java.lang.reflect.Method)[pri:0, instance:com.tetherfi.test.ivr.IntentMappingTest@e784320]" started-at="2019-11-15T17:27:49 IST" name="endTestCase" finished-at="2019-11-15T17:27:49 IST" duration-ms="0" status="PASS">
          <params>
            <param index="0">
              <value>
                <![CDATA[public void com.tetherfi.test.ivr.IntentMappingTest.VerifyAuditTrialReportForCreate() throws java.lang.Exception]]>
              </value>
            </param>
          </params>
          <reporter-output>
          </reporter-output>
        </test-method> <!-- endTestCase -->
        <test-method is-config="true" signature="startTestCase(java.lang.reflect.Method)[pri:0, instance:com.tetherfi.test.ivr.IntentMappingTest@e784320]" started-at="2019-11-15T17:27:49 IST" name="startTestCase" finished-at="2019-11-15T17:27:49 IST" duration-ms="0" status="PASS">
          <params>
            <param index="0">
              <value>
                <![CDATA[public void com.tetherfi.test.ivr.IntentMappingTest.AddEmptyRecord() throws java.io.IOException]]>
              </value>
            </param>
          </params>
          <reporter-output>
          </reporter-output>
        </test-method> <!-- startTestCase -->
        <test-method is-config="true" signature="NavigateToIntentMappingPage()[pri:0, instance:com.tetherfi.test.ivr.IntentMappingTest@e784320]" started-at="2019-11-15T17:27:49 IST" name="NavigateToIntentMappingPage" finished-at="2019-11-15T17:27:53 IST" duration-ms="4418" status="PASS">
          <reporter-output>
          </reporter-output>
        </test-method> <!-- NavigateToIntentMappingPage -->
        <test-method signature="AddEmptyRecord()[pri:8, instance:com.tetherfi.test.ivr.IntentMappingTest@e784320]" started-at="2019-11-15T17:27:53 IST" name="AddEmptyRecord" finished-at="2019-11-15T17:27:54 IST" duration-ms="1259" status="PASS">
          <reporter-output>
          </reporter-output>
        </test-method> <!-- AddEmptyRecord -->
        <test-method is-config="true" signature="afterEachMethod(java.lang.reflect.Method)[pri:0, instance:com.tetherfi.test.ivr.IntentMappingTest@e784320]" started-at="2019-11-15T17:27:54 IST" name="afterEachMethod" finished-at="2019-11-15T17:27:56 IST" duration-ms="1249" status="PASS">
          <params>
            <param index="0">
              <value>
                <![CDATA[public void com.tetherfi.test.ivr.IntentMappingTest.AddEmptyRecord() throws java.io.IOException]]>
              </value>
            </param>
          </params>
          <reporter-output>
          </reporter-output>
        </test-method> <!-- afterEachMethod -->
        <test-method is-config="true" signature="endTestCase(java.lang.reflect.Method)[pri:0, instance:com.tetherfi.test.ivr.IntentMappingTest@e784320]" started-at="2019-11-15T17:27:56 IST" name="endTestCase" finished-at="2019-11-15T17:27:56 IST" duration-ms="0" status="PASS">
          <params>
            <param index="0">
              <value>
                <![CDATA[public void com.tetherfi.test.ivr.IntentMappingTest.AddEmptyRecord() throws java.io.IOException]]>
              </value>
            </param>
          </params>
          <reporter-output>
          </reporter-output>
        </test-method> <!-- endTestCase -->
        <test-method is-config="true" signature="startTestCase(java.lang.reflect.Method)[pri:0, instance:com.tetherfi.test.ivr.IntentMappingTest@e784320]" started-at="2019-11-15T17:27:56 IST" name="startTestCase" finished-at="2019-11-15T17:27:56 IST" duration-ms="1" status="PASS">
          <params>
            <param index="0">
              <value>
                <![CDATA[public void com.tetherfi.test.ivr.IntentMappingTest.AddRecordWithoutProduct() throws java.lang.Exception]]>
              </value>
            </param>
          </params>
          <reporter-output>
          </reporter-output>
        </test-method> <!-- startTestCase -->
        <test-method is-config="true" signature="NavigateToIntentMappingPage()[pri:0, instance:com.tetherfi.test.ivr.IntentMappingTest@e784320]" started-at="2019-11-15T17:27:56 IST" name="NavigateToIntentMappingPage" finished-at="2019-11-15T17:27:59 IST" duration-ms="3679" status="PASS">
          <reporter-output>
          </reporter-output>
        </test-method> <!-- NavigateToIntentMappingPage -->
        <test-method signature="AddRecordWithoutProduct()[pri:9, instance:com.tetherfi.test.ivr.IntentMappingTest@e784320]" started-at="2019-11-15T17:27:59 IST" name="AddRecordWithoutProduct" finished-at="2019-11-15T17:28:06 IST" duration-ms="6367" status="PASS">
          <reporter-output>
          </reporter-output>
        </test-method> <!-- AddRecordWithoutProduct -->
        <test-method is-config="true" signature="afterEachMethod(java.lang.reflect.Method)[pri:0, instance:com.tetherfi.test.ivr.IntentMappingTest@e784320]" started-at="2019-11-15T17:28:06 IST" name="afterEachMethod" finished-at="2019-11-15T17:28:06 IST" duration-ms="394" status="PASS">
          <params>
            <param index="0">
              <value>
                <![CDATA[public void com.tetherfi.test.ivr.IntentMappingTest.AddRecordWithoutProduct() throws java.lang.Exception]]>
              </value>
            </param>
          </params>
          <reporter-output>
          </reporter-output>
        </test-method> <!-- afterEachMethod -->
        <test-method is-config="true" signature="endTestCase(java.lang.reflect.Method)[pri:0, instance:com.tetherfi.test.ivr.IntentMappingTest@e784320]" started-at="2019-11-15T17:28:06 IST" name="endTestCase" finished-at="2019-11-15T17:28:06 IST" duration-ms="1" status="PASS">
          <params>
            <param index="0">
              <value>
                <![CDATA[public void com.tetherfi.test.ivr.IntentMappingTest.AddRecordWithoutProduct() throws java.lang.Exception]]>
              </value>
            </param>
          </params>
          <reporter-output>
          </reporter-output>
        </test-method> <!-- endTestCase -->
        <test-method is-config="true" signature="NavigateToIntentMappingPage()[pri:0, instance:com.tetherfi.test.ivr.IntentMappingTest@e784320]" started-at="2019-11-15T17:28:06 IST" name="NavigateToIntentMappingPage" finished-at="2019-11-15T17:28:10 IST" duration-ms="4274" status="PASS">
          <reporter-output>
          </reporter-output>
        </test-method> <!-- NavigateToIntentMappingPage -->
        <test-method is-config="true" signature="startTestCase(java.lang.reflect.Method)[pri:0, instance:com.tetherfi.test.ivr.IntentMappingTest@e784320]" started-at="2019-11-15T17:28:06 IST" name="startTestCase" finished-at="2019-11-15T17:28:06 IST" duration-ms="0" status="PASS">
          <params>
            <param index="0">
              <value>
                <![CDATA[public void com.tetherfi.test.ivr.IntentMappingTest.AddRecordWithoutSegment() throws java.lang.Exception]]>
              </value>
            </param>
          </params>
          <reporter-output>
          </reporter-output>
        </test-method> <!-- startTestCase -->
        <test-method signature="AddRecordWithoutSegment()[pri:10, instance:com.tetherfi.test.ivr.IntentMappingTest@e784320]" started-at="2019-11-15T17:28:10 IST" name="AddRecordWithoutSegment" finished-at="2019-11-15T17:28:17 IST" duration-ms="6297" status="PASS">
          <reporter-output>
          </reporter-output>
        </test-method> <!-- AddRecordWithoutSegment -->
        <test-method is-config="true" signature="afterEachMethod(java.lang.reflect.Method)[pri:0, instance:com.tetherfi.test.ivr.IntentMappingTest@e784320]" started-at="2019-11-15T17:28:17 IST" name="afterEachMethod" finished-at="2019-11-15T17:28:18 IST" duration-ms="1255" status="PASS">
          <params>
            <param index="0">
              <value>
                <![CDATA[public void com.tetherfi.test.ivr.IntentMappingTest.AddRecordWithoutSegment() throws java.lang.Exception]]>
              </value>
            </param>
          </params>
          <reporter-output>
          </reporter-output>
        </test-method> <!-- afterEachMethod -->
        <test-method is-config="true" signature="endTestCase(java.lang.reflect.Method)[pri:0, instance:com.tetherfi.test.ivr.IntentMappingTest@e784320]" started-at="2019-11-15T17:28:18 IST" name="endTestCase" finished-at="2019-11-15T17:28:18 IST" duration-ms="0" status="PASS">
          <params>
            <param index="0">
              <value>
                <![CDATA[public void com.tetherfi.test.ivr.IntentMappingTest.AddRecordWithoutSegment() throws java.lang.Exception]]>
              </value>
            </param>
          </params>
          <reporter-output>
          </reporter-output>
        </test-method> <!-- endTestCase -->
        <test-method is-config="true" signature="startTestCase(java.lang.reflect.Method)[pri:0, instance:com.tetherfi.test.ivr.IntentMappingTest@e784320]" started-at="2019-11-15T17:28:18 IST" name="startTestCase" finished-at="2019-11-15T17:28:18 IST" duration-ms="1" status="PASS">
          <params>
            <param index="0">
              <value>
                <![CDATA[public void com.tetherfi.test.ivr.IntentMappingTest.AddRecordWithoutLanguage() throws java.lang.Exception]]>
              </value>
            </param>
          </params>
          <reporter-output>
          </reporter-output>
        </test-method> <!-- startTestCase -->
        <test-method is-config="true" signature="NavigateToIntentMappingPage()[pri:0, instance:com.tetherfi.test.ivr.IntentMappingTest@e784320]" started-at="2019-11-15T17:28:18 IST" name="NavigateToIntentMappingPage" finished-at="2019-11-15T17:28:22 IST" duration-ms="3786" status="PASS">
          <reporter-output>
          </reporter-output>
        </test-method> <!-- NavigateToIntentMappingPage -->
        <test-method signature="AddRecordWithoutLanguage()[pri:11, instance:com.tetherfi.test.ivr.IntentMappingTest@e784320]" started-at="2019-11-15T17:28:22 IST" name="AddRecordWithoutLanguage" finished-at="2019-11-15T17:28:28 IST" duration-ms="6362" status="PASS">
          <reporter-output>
          </reporter-output>
        </test-method> <!-- AddRecordWithoutLanguage -->
        <test-method is-config="true" signature="afterEachMethod(java.lang.reflect.Method)[pri:0, instance:com.tetherfi.test.ivr.IntentMappingTest@e784320]" started-at="2019-11-15T17:28:28 IST" name="afterEachMethod" finished-at="2019-11-15T17:28:28 IST" duration-ms="381" status="PASS">
          <params>
            <param index="0">
              <value>
                <![CDATA[public void com.tetherfi.test.ivr.IntentMappingTest.AddRecordWithoutLanguage() throws java.lang.Exception]]>
              </value>
            </param>
          </params>
          <reporter-output>
          </reporter-output>
        </test-method> <!-- afterEachMethod -->
        <test-method is-config="true" signature="endTestCase(java.lang.reflect.Method)[pri:0, instance:com.tetherfi.test.ivr.IntentMappingTest@e784320]" started-at="2019-11-15T17:28:28 IST" name="endTestCase" finished-at="2019-11-15T17:28:28 IST" duration-ms="1" status="PASS">
          <params>
            <param index="0">
              <value>
                <![CDATA[public void com.tetherfi.test.ivr.IntentMappingTest.AddRecordWithoutLanguage() throws java.lang.Exception]]>
              </value>
            </param>
          </params>
          <reporter-output>
          </reporter-output>
        </test-method> <!-- endTestCase -->
        <test-method is-config="true" signature="NavigateToIntentMappingPage()[pri:0, instance:com.tetherfi.test.ivr.IntentMappingTest@e784320]" started-at="2019-11-15T17:28:28 IST" name="NavigateToIntentMappingPage" finished-at="2019-11-15T17:28:33 IST" duration-ms="4538" status="PASS">
          <reporter-output>
          </reporter-output>
        </test-method> <!-- NavigateToIntentMappingPage -->
        <test-method is-config="true" signature="startTestCase(java.lang.reflect.Method)[pri:0, instance:com.tetherfi.test.ivr.IntentMappingTest@e784320]" started-at="2019-11-15T17:28:28 IST" name="startTestCase" finished-at="2019-11-15T17:28:28 IST" duration-ms="0" status="PASS">
          <params>
            <param index="0">
              <value>
                <![CDATA[public void com.tetherfi.test.ivr.IntentMappingTest.AddRecordWithoutIntentTalent() throws java.lang.Exception]]>
              </value>
            </param>
          </params>
          <reporter-output>
          </reporter-output>
        </test-method> <!-- startTestCase -->
        <test-method signature="AddRecordWithoutIntentTalent()[pri:12, instance:com.tetherfi.test.ivr.IntentMappingTest@e784320]" started-at="2019-11-15T17:28:33 IST" name="AddRecordWithoutIntentTalent" finished-at="2019-11-15T17:28:39 IST" duration-ms="5598" status="PASS">
          <reporter-output>
          </reporter-output>
        </test-method> <!-- AddRecordWithoutIntentTalent -->
        <test-method is-config="true" signature="afterEachMethod(java.lang.reflect.Method)[pri:0, instance:com.tetherfi.test.ivr.IntentMappingTest@e784320]" started-at="2019-11-15T17:28:39 IST" name="afterEachMethod" finished-at="2019-11-15T17:28:39 IST" duration-ms="395" status="PASS">
          <params>
            <param index="0">
              <value>
                <![CDATA[public void com.tetherfi.test.ivr.IntentMappingTest.AddRecordWithoutIntentTalent() throws java.lang.Exception]]>
              </value>
            </param>
          </params>
          <reporter-output>
          </reporter-output>
        </test-method> <!-- afterEachMethod -->
        <test-method is-config="true" signature="endTestCase(java.lang.reflect.Method)[pri:0, instance:com.tetherfi.test.ivr.IntentMappingTest@e784320]" started-at="2019-11-15T17:28:39 IST" name="endTestCase" finished-at="2019-11-15T17:28:39 IST" duration-ms="1" status="PASS">
          <params>
            <param index="0">
              <value>
                <![CDATA[public void com.tetherfi.test.ivr.IntentMappingTest.AddRecordWithoutIntentTalent() throws java.lang.Exception]]>
              </value>
            </param>
          </params>
          <reporter-output>
          </reporter-output>
        </test-method> <!-- endTestCase -->
        <test-method is-config="true" signature="startTestCase(java.lang.reflect.Method)[pri:0, instance:com.tetherfi.test.ivr.IntentMappingTest@e784320]" started-at="2019-11-15T17:28:39 IST" name="startTestCase" finished-at="2019-11-15T17:28:39 IST" duration-ms="0" status="PASS">
          <params>
            <param index="0">
              <value>
                <![CDATA[public void com.tetherfi.test.ivr.IntentMappingTest.AddRecordWithoutVDN() throws java.lang.Exception]]>
              </value>
            </param>
          </params>
          <reporter-output>
          </reporter-output>
        </test-method> <!-- startTestCase -->
        <test-method is-config="true" signature="NavigateToIntentMappingPage()[pri:0, instance:com.tetherfi.test.ivr.IntentMappingTest@e784320]" started-at="2019-11-15T17:28:39 IST" name="NavigateToIntentMappingPage" finished-at="2019-11-15T17:28:43 IST" duration-ms="4541" status="PASS">
          <reporter-output>
          </reporter-output>
        </test-method> <!-- NavigateToIntentMappingPage -->
        <test-method signature="AddRecordWithoutVDN()[pri:13, instance:com.tetherfi.test.ivr.IntentMappingTest@e784320]" started-at="2019-11-15T17:28:43 IST" name="AddRecordWithoutVDN" finished-at="2019-11-15T17:28:50 IST" duration-ms="6785" status="PASS">
          <reporter-output>
          </reporter-output>
        </test-method> <!-- AddRecordWithoutVDN -->
        <test-method is-config="true" signature="afterEachMethod(java.lang.reflect.Method)[pri:0, instance:com.tetherfi.test.ivr.IntentMappingTest@e784320]" started-at="2019-11-15T17:28:50 IST" name="afterEachMethod" finished-at="2019-11-15T17:28:51 IST" duration-ms="1113" status="PASS">
          <params>
            <param index="0">
              <value>
                <![CDATA[public void com.tetherfi.test.ivr.IntentMappingTest.AddRecordWithoutVDN() throws java.lang.Exception]]>
              </value>
            </param>
          </params>
          <reporter-output>
          </reporter-output>
        </test-method> <!-- afterEachMethod -->
        <test-method is-config="true" signature="endTestCase(java.lang.reflect.Method)[pri:0, instance:com.tetherfi.test.ivr.IntentMappingTest@e784320]" started-at="2019-11-15T17:28:51 IST" name="endTestCase" finished-at="2019-11-15T17:28:51 IST" duration-ms="0" status="PASS">
          <params>
            <param index="0">
              <value>
                <![CDATA[public void com.tetherfi.test.ivr.IntentMappingTest.AddRecordWithoutVDN() throws java.lang.Exception]]>
              </value>
            </param>
          </params>
          <reporter-output>
          </reporter-output>
        </test-method> <!-- endTestCase -->
        <test-method is-config="true" signature="NavigateToIntentMappingPage()[pri:0, instance:com.tetherfi.test.ivr.IntentMappingTest@e784320]" started-at="2019-11-15T17:28:51 IST" name="NavigateToIntentMappingPage" finished-at="2019-11-15T17:28:56 IST" duration-ms="4522" status="PASS">
          <reporter-output>
          </reporter-output>
        </test-method> <!-- NavigateToIntentMappingPage -->
        <test-method is-config="true" signature="startTestCase(java.lang.reflect.Method)[pri:0, instance:com.tetherfi.test.ivr.IntentMappingTest@e784320]" started-at="2019-11-15T17:28:51 IST" name="startTestCase" finished-at="2019-11-15T17:28:51 IST" duration-ms="0" status="PASS">
          <params>
            <param index="0">
              <value>
                <![CDATA[public void com.tetherfi.test.ivr.IntentMappingTest.VerifyCancelBtnAtAddRecord()]]>
              </value>
            </param>
          </params>
          <reporter-output>
          </reporter-output>
        </test-method> <!-- startTestCase -->
        <test-method signature="VerifyCancelBtnAtAddRecord()[pri:14, instance:com.tetherfi.test.ivr.IntentMappingTest@e784320]" started-at="2019-11-15T17:28:56 IST" name="VerifyCancelBtnAtAddRecord" finished-at="2019-11-15T17:29:40 IST" duration-ms="43770" status="PASS">
          <reporter-output>
          </reporter-output>
        </test-method> <!-- VerifyCancelBtnAtAddRecord -->
        <test-method is-config="true" signature="afterEachMethod(java.lang.reflect.Method)[pri:0, instance:com.tetherfi.test.ivr.IntentMappingTest@e784320]" started-at="2019-11-15T17:29:40 IST" name="afterEachMethod" finished-at="2019-11-15T17:29:41 IST" duration-ms="1246" status="PASS">
          <params>
            <param index="0">
              <value>
                <![CDATA[public void com.tetherfi.test.ivr.IntentMappingTest.VerifyCancelBtnAtAddRecord()]]>
              </value>
            </param>
          </params>
          <reporter-output>
          </reporter-output>
        </test-method> <!-- afterEachMethod -->
        <test-method is-config="true" signature="endTestCase(java.lang.reflect.Method)[pri:0, instance:com.tetherfi.test.ivr.IntentMappingTest@e784320]" started-at="2019-11-15T17:29:41 IST" name="endTestCase" finished-at="2019-11-15T17:29:41 IST" duration-ms="1" status="PASS">
          <params>
            <param index="0">
              <value>
                <![CDATA[public void com.tetherfi.test.ivr.IntentMappingTest.VerifyCancelBtnAtAddRecord()]]>
              </value>
            </param>
          </params>
          <reporter-output>
          </reporter-output>
        </test-method> <!-- endTestCase -->
        <test-method is-config="true" signature="startTestCase(java.lang.reflect.Method)[pri:0, instance:com.tetherfi.test.ivr.IntentMappingTest@e784320]" started-at="2019-11-15T17:29:41 IST" name="startTestCase" finished-at="2019-11-15T17:29:41 IST" duration-ms="0" status="PASS">
          <params>
            <param index="0">
              <value>
                <![CDATA[public void com.tetherfi.test.ivr.IntentMappingTest.EditWithoutModifyReasonRecord() throws java.lang.Exception]]>
              </value>
            </param>
          </params>
          <reporter-output>
          </reporter-output>
        </test-method> <!-- startTestCase -->
        <test-method is-config="true" signature="NavigateToIntentMappingPage()[pri:0, instance:com.tetherfi.test.ivr.IntentMappingTest@e784320]" started-at="2019-11-15T17:29:41 IST" name="NavigateToIntentMappingPage" finished-at="2019-11-15T17:29:45 IST" duration-ms="3722" status="PASS">
          <reporter-output>
          </reporter-output>
        </test-method> <!-- NavigateToIntentMappingPage -->
        <test-method signature="EditWithoutModifyReasonRecord()[pri:15, instance:com.tetherfi.test.ivr.IntentMappingTest@e784320]" started-at="2019-11-15T17:29:45 IST" name="EditWithoutModifyReasonRecord" finished-at="2019-11-15T17:29:50 IST" duration-ms="4889" status="PASS">
          <reporter-output>
          </reporter-output>
        </test-method> <!-- EditWithoutModifyReasonRecord -->
        <test-method is-config="true" signature="afterEachMethod(java.lang.reflect.Method)[pri:0, instance:com.tetherfi.test.ivr.IntentMappingTest@e784320]" started-at="2019-11-15T17:29:50 IST" name="afterEachMethod" finished-at="2019-11-15T17:29:51 IST" duration-ms="1200" status="PASS">
          <params>
            <param index="0">
              <value>
                <![CDATA[public void com.tetherfi.test.ivr.IntentMappingTest.EditWithoutModifyReasonRecord() throws java.lang.Exception]]>
              </value>
            </param>
          </params>
          <reporter-output>
          </reporter-output>
        </test-method> <!-- afterEachMethod -->
        <test-method is-config="true" signature="endTestCase(java.lang.reflect.Method)[pri:0, instance:com.tetherfi.test.ivr.IntentMappingTest@e784320]" started-at="2019-11-15T17:29:51 IST" name="endTestCase" finished-at="2019-11-15T17:29:51 IST" duration-ms="1" status="PASS">
          <params>
            <param index="0">
              <value>
                <![CDATA[public void com.tetherfi.test.ivr.IntentMappingTest.EditWithoutModifyReasonRecord() throws java.lang.Exception]]>
              </value>
            </param>
          </params>
          <reporter-output>
          </reporter-output>
        </test-method> <!-- endTestCase -->
        <test-method is-config="true" signature="startTestCase(java.lang.reflect.Method)[pri:0, instance:com.tetherfi.test.ivr.IntentMappingTest@e784320]" started-at="2019-11-15T17:29:51 IST" name="startTestCase" finished-at="2019-11-15T17:29:51 IST" duration-ms="1" status="PASS">
          <params>
            <param index="0">
              <value>
                <![CDATA[public void com.tetherfi.test.ivr.IntentMappingTest.VerifyCancelBtnAtEditRecord() throws java.lang.Exception]]>
              </value>
            </param>
          </params>
          <reporter-output>
          </reporter-output>
        </test-method> <!-- startTestCase -->
        <test-method is-config="true" signature="NavigateToIntentMappingPage()[pri:0, instance:com.tetherfi.test.ivr.IntentMappingTest@e784320]" started-at="2019-11-15T17:29:51 IST" name="NavigateToIntentMappingPage" finished-at="2019-11-15T17:29:55 IST" duration-ms="3859" status="PASS">
          <reporter-output>
          </reporter-output>
        </test-method> <!-- NavigateToIntentMappingPage -->
        <test-method signature="VerifyCancelBtnAtEditRecord()[pri:16, instance:com.tetherfi.test.ivr.IntentMappingTest@e784320]" started-at="2019-11-15T17:29:55 IST" name="VerifyCancelBtnAtEditRecord" finished-at="2019-11-15T17:30:43 IST" duration-ms="48401" status="PASS">
          <reporter-output>
          </reporter-output>
        </test-method> <!-- VerifyCancelBtnAtEditRecord -->
        <test-method is-config="true" signature="afterEachMethod(java.lang.reflect.Method)[pri:0, instance:com.tetherfi.test.ivr.IntentMappingTest@e784320]" started-at="2019-11-15T17:30:43 IST" name="afterEachMethod" finished-at="2019-11-15T17:30:44 IST" duration-ms="1235" status="PASS">
          <params>
            <param index="0">
              <value>
                <![CDATA[public void com.tetherfi.test.ivr.IntentMappingTest.VerifyCancelBtnAtEditRecord() throws java.lang.Exception]]>
              </value>
            </param>
          </params>
          <reporter-output>
          </reporter-output>
        </test-method> <!-- afterEachMethod -->
        <test-method is-config="true" signature="endTestCase(java.lang.reflect.Method)[pri:0, instance:com.tetherfi.test.ivr.IntentMappingTest@e784320]" started-at="2019-11-15T17:30:44 IST" name="endTestCase" finished-at="2019-11-15T17:30:44 IST" duration-ms="1" status="PASS">
          <params>
            <param index="0">
              <value>
                <![CDATA[public void com.tetherfi.test.ivr.IntentMappingTest.VerifyCancelBtnAtEditRecord() throws java.lang.Exception]]>
              </value>
            </param>
          </params>
          <reporter-output>
          </reporter-output>
        </test-method> <!-- endTestCase -->
        <test-method is-config="true" signature="startTestCase(java.lang.reflect.Method)[pri:0, instance:com.tetherfi.test.ivr.IntentMappingTest@e784320]" started-at="2019-11-15T17:30:44 IST" name="startTestCase" finished-at="2019-11-15T17:30:44 IST" duration-ms="1" status="PASS">
          <params>
            <param index="0">
              <value>
                <![CDATA[public void com.tetherfi.test.ivr.IntentMappingTest.EditIntentMappingRecord() throws java.lang.Exception]]>
              </value>
            </param>
          </params>
          <reporter-output>
          </reporter-output>
        </test-method> <!-- startTestCase -->
        <test-method is-config="true" signature="NavigateToIntentMappingPage()[pri:0, instance:com.tetherfi.test.ivr.IntentMappingTest@e784320]" started-at="2019-11-15T17:30:44 IST" name="NavigateToIntentMappingPage" finished-at="2019-11-15T17:30:49 IST" duration-ms="4337" status="PASS">
          <reporter-output>
          </reporter-output>
        </test-method> <!-- NavigateToIntentMappingPage -->
        <test-method signature="EditIntentMappingRecord()[pri:17, instance:com.tetherfi.test.ivr.IntentMappingTest@e784320]" started-at="2019-11-15T17:30:49 IST" name="EditIntentMappingRecord" finished-at="2019-11-15T17:30:53 IST" duration-ms="4786" status="FAIL">
          <exception class="java.lang.IllegalArgumentException">
            <message>
              <![CDATA[Keys to send should be a not null CharSequence]]>
            </message>
            <full-stacktrace>
              <![CDATA[java.lang.IllegalArgumentException: Keys to send should be a not null CharSequence
at org.openqa.selenium.remote.RemoteWebElement.sendKeys(RemoteWebElement.java:97)
at jdk.internal.reflect.GeneratedMethodAccessor10.invoke(Unknown Source)
at java.base/jdk.internal.reflect.DelegatingMethodAccessorImpl.invoke(Unknown Source)
at java.base/java.lang.reflect.Method.invoke(Unknown Source)
at org.openqa.selenium.support.pagefactory.internal.LocatingElementHandler.invoke(LocatingElementHandler.java:51)
at com.sun.proxy.$Proxy16.sendKeys(Unknown Source)
at com.tetherfi.pages.BasePage.enterValueToTxtBox1(BasePage.java:173)
at com.tetherfi.pages.IntentMappingPage.editIntentMappingRecord(IntentMappingPage.java:809)
at com.tetherfi.test.ivr.IntentMappingTest.EditIntentMappingRecord(IntentMappingTest.java:204)
at java.base/jdk.internal.reflect.NativeMethodAccessorImpl.invoke0(Native Method)
at java.base/jdk.internal.reflect.NativeMethodAccessorImpl.invoke(Unknown Source)
at java.base/jdk.internal.reflect.DelegatingMethodAccessorImpl.invoke(Unknown Source)
at java.base/java.lang.reflect.Method.invoke(Unknown Source)
at org.testng.internal.MethodInvocationHelper.invokeMethod(MethodInvocationHelper.java:133)
at org.testng.internal.TestInvoker.invokeMethod(TestInvoker.java:584)
at org.testng.internal.TestInvoker.invokeTestMethod(TestInvoker.java:172)
at org.testng.internal.MethodRunner.runInSequence(MethodRunner.java:46)
at org.testng.internal.TestInvoker$MethodInvocationAgent.invoke(TestInvoker.java:804)
at org.testng.internal.TestInvoker.invokeTestMethods(TestInvoker.java:145)
at org.testng.internal.TestMethodWorker.invokeTestMethods(TestMethodWorker.java:146)
at org.testng.internal.TestMethodWorker.run(TestMethodWorker.java:128)
at java.base/java.util.ArrayList.forEach(Unknown Source)
at org.testng.TestRunner.privateRun(TestRunner.java:770)
at org.testng.TestRunner.run(TestRunner.java:591)
at org.testng.SuiteRunner.runTest(SuiteRunner.java:402)
at org.testng.SuiteRunner.runSequentially(SuiteRunner.java:396)
at org.testng.SuiteRunner.privateRun(SuiteRunner.java:355)
at org.testng.SuiteRunner.run(SuiteRunner.java:304)
at org.testng.SuiteRunnerWorker.runSuite(SuiteRunnerWorker.java:53)
at org.testng.SuiteRunnerWorker.run(SuiteRunnerWorker.java:96)
at org.testng.TestNG.runSuitesSequentially(TestNG.java:1180)
at org.testng.TestNG.runSuitesLocally(TestNG.java:1102)
at org.testng.TestNG.runSuites(TestNG.java:1032)
at org.testng.TestNG.run(TestNG.java:1000)
at org.testng.remote.AbstractRemoteTestNG.run(AbstractRemoteTestNG.java:115)
at org.testng.remote.RemoteTestNG.initAndRun(RemoteTestNG.java:251)
at org.testng.remote.RemoteTestNG.main(RemoteTestNG.java:77)
]]>
            </full-stacktrace>
          </exception> <!-- java.lang.IllegalArgumentException -->
          <reporter-output>
          </reporter-output>
        </test-method> <!-- EditIntentMappingRecord -->
        <test-method is-config="true" signature="afterEachMethod(java.lang.reflect.Method)[pri:0, instance:com.tetherfi.test.ivr.IntentMappingTest@e784320]" started-at="2019-11-15T17:30:53 IST" name="afterEachMethod" finished-at="2019-11-15T17:30:55 IST" duration-ms="1147" status="PASS">
          <params>
            <param index="0">
              <value>
                <![CDATA[public void com.tetherfi.test.ivr.IntentMappingTest.EditIntentMappingRecord() throws java.lang.Exception]]>
              </value>
            </param>
          </params>
          <reporter-output>
          </reporter-output>
        </test-method> <!-- afterEachMethod -->
        <test-method is-config="true" signature="endTestCase(java.lang.reflect.Method)[pri:0, instance:com.tetherfi.test.ivr.IntentMappingTest@e784320]" started-at="2019-11-15T17:30:55 IST" name="endTestCase" finished-at="2019-11-15T17:30:55 IST" duration-ms="1" status="PASS">
          <params>
            <param index="0">
              <value>
                <![CDATA[public void com.tetherfi.test.ivr.IntentMappingTest.EditIntentMappingRecord() throws java.lang.Exception]]>
              </value>
            </param>
          </params>
          <reporter-output>
          </reporter-output>
        </test-method> <!-- endTestCase -->
        <test-method signature="VerifyAuditTrialReportForUpdate()[pri:18, instance:com.tetherfi.test.ivr.IntentMappingTest@e784320]" started-at="2019-11-15T17:30:55 IST" name="VerifyAuditTrialReportForUpdate" finished-at="2019-11-15T17:30:55 IST" depends-on-methods="com.tetherfi.test.ivr.IntentMappingTest.EditIntentMappingRecord" duration-ms="0" status="SKIP">
          <exception class="java.lang.Throwable">
            <message>
              <![CDATA[Method IntentMappingTest.VerifyAuditTrialReportForUpdate()[pri:18, instance:com.tetherfi.test.ivr.IntentMappingTest@e784320] depends on not successfully finished methods]]>
            </message>
            <full-stacktrace>
              <![CDATA[java.lang.Throwable: Method IntentMappingTest.VerifyAuditTrialReportForUpdate()[pri:18, instance:com.tetherfi.test.ivr.IntentMappingTest@e784320] depends on not successfully finished methods
at org.testng.internal.TestInvoker.invokeTestMethods(TestInvoker.java:99)
at org.testng.internal.TestMethodWorker.invokeTestMethods(TestMethodWorker.java:146)
at org.testng.internal.TestMethodWorker.run(TestMethodWorker.java:128)
at java.base/java.util.ArrayList.forEach(Unknown Source)
at org.testng.TestRunner.privateRun(TestRunner.java:770)
at org.testng.TestRunner.run(TestRunner.java:591)
at org.testng.SuiteRunner.runTest(SuiteRunner.java:402)
at org.testng.SuiteRunner.runSequentially(SuiteRunner.java:396)
at org.testng.SuiteRunner.privateRun(SuiteRunner.java:355)
at org.testng.SuiteRunner.run(SuiteRunner.java:304)
at org.testng.SuiteRunnerWorker.runSuite(SuiteRunnerWorker.java:53)
at org.testng.SuiteRunnerWorker.run(SuiteRunnerWorker.java:96)
at org.testng.TestNG.runSuitesSequentially(TestNG.java:1180)
at org.testng.TestNG.runSuitesLocally(TestNG.java:1102)
at org.testng.TestNG.runSuites(TestNG.java:1032)
at org.testng.TestNG.run(TestNG.java:1000)
at org.testng.remote.AbstractRemoteTestNG.run(AbstractRemoteTestNG.java:115)
at org.testng.remote.RemoteTestNG.initAndRun(RemoteTestNG.java:251)
at org.testng.remote.RemoteTestNG.main(RemoteTestNG.java:77)
]]>
            </full-stacktrace>
          </exception> <!-- java.lang.Throwable -->
          <reporter-output>
          </reporter-output>
        </test-method> <!-- VerifyAuditTrialReportForUpdate -->
        <test-method is-config="true" signature="NavigateToIntentMappingPage()[pri:0, instance:com.tetherfi.test.ivr.IntentMappingTest@e784320]" started-at="2019-11-15T17:30:55 IST" name="NavigateToIntentMappingPage" finished-at="2019-11-15T17:30:59 IST" duration-ms="4002" status="PASS">
          <reporter-output>
          </reporter-output>
        </test-method> <!-- NavigateToIntentMappingPage -->
        <test-method is-config="true" signature="startTestCase(java.lang.reflect.Method)[pri:0, instance:com.tetherfi.test.ivr.IntentMappingTest@e784320]" started-at="2019-11-15T17:30:55 IST" name="startTestCase" finished-at="2019-11-15T17:30:55 IST" duration-ms="0" status="PASS">
          <params>
            <param index="0">
              <value>
                <![CDATA[public void com.tetherfi.test.ivr.IntentMappingTest.VerifySearchIsNotEqualTo() throws java.lang.Exception]]>
              </value>
            </param>
          </params>
          <reporter-output>
          </reporter-output>
        </test-method> <!-- startTestCase -->
        <test-method signature="VerifySearchIsNotEqualTo()[pri:19, instance:com.tetherfi.test.ivr.IntentMappingTest@e784320]" started-at="2019-11-15T17:30:59 IST" name="VerifySearchIsNotEqualTo" finished-at="2019-11-15T17:31:04 IST" duration-ms="5115" status="PASS">
          <reporter-output>
          </reporter-output>
        </test-method> <!-- VerifySearchIsNotEqualTo -->
        <test-method is-config="true" signature="afterEachMethod(java.lang.reflect.Method)[pri:0, instance:com.tetherfi.test.ivr.IntentMappingTest@e784320]" started-at="2019-11-15T17:31:04 IST" name="afterEachMethod" finished-at="2019-11-15T17:31:05 IST" duration-ms="1218" status="PASS">
          <params>
            <param index="0">
              <value>
                <![CDATA[public void com.tetherfi.test.ivr.IntentMappingTest.VerifySearchIsNotEqualTo() throws java.lang.Exception]]>
              </value>
            </param>
          </params>
          <reporter-output>
          </reporter-output>
        </test-method> <!-- afterEachMethod -->
        <test-method is-config="true" signature="endTestCase(java.lang.reflect.Method)[pri:0, instance:com.tetherfi.test.ivr.IntentMappingTest@e784320]" started-at="2019-11-15T17:31:05 IST" name="endTestCase" finished-at="2019-11-15T17:31:05 IST" duration-ms="0" status="PASS">
          <params>
            <param index="0">
              <value>
                <![CDATA[public void com.tetherfi.test.ivr.IntentMappingTest.VerifySearchIsNotEqualTo() throws java.lang.Exception]]>
              </value>
            </param>
          </params>
          <reporter-output>
          </reporter-output>
        </test-method> <!-- endTestCase -->
        <test-method is-config="true" signature="startTestCase(java.lang.reflect.Method)[pri:0, instance:com.tetherfi.test.ivr.IntentMappingTest@e784320]" started-at="2019-11-15T17:31:05 IST" name="startTestCase" finished-at="2019-11-15T17:31:05 IST" duration-ms="0" status="PASS">
          <params>
            <param index="0">
              <value>
                <![CDATA[public void com.tetherfi.test.ivr.IntentMappingTest.VerifySearchContains() throws java.lang.Exception]]>
              </value>
            </param>
          </params>
          <reporter-output>
          </reporter-output>
        </test-method> <!-- startTestCase -->
        <test-method is-config="true" signature="NavigateToIntentMappingPage()[pri:0, instance:com.tetherfi.test.ivr.IntentMappingTest@e784320]" started-at="2019-11-15T17:31:05 IST" name="NavigateToIntentMappingPage" finished-at="2019-11-15T17:31:09 IST" duration-ms="3857" status="PASS">
          <reporter-output>
          </reporter-output>
        </test-method> <!-- NavigateToIntentMappingPage -->
        <test-method signature="VerifySearchContains()[pri:20, instance:com.tetherfi.test.ivr.IntentMappingTest@e784320]" started-at="2019-11-15T17:31:09 IST" name="VerifySearchContains" finished-at="2019-11-15T17:31:13 IST" duration-ms="4362" status="PASS">
          <reporter-output>
          </reporter-output>
        </test-method> <!-- VerifySearchContains -->
        <test-method is-config="true" signature="afterEachMethod(java.lang.reflect.Method)[pri:0, instance:com.tetherfi.test.ivr.IntentMappingTest@e784320]" started-at="2019-11-15T17:31:13 IST" name="afterEachMethod" finished-at="2019-11-15T17:31:14 IST" duration-ms="1057" status="PASS">
          <params>
            <param index="0">
              <value>
                <![CDATA[public void com.tetherfi.test.ivr.IntentMappingTest.VerifySearchContains() throws java.lang.Exception]]>
              </value>
            </param>
          </params>
          <reporter-output>
          </reporter-output>
        </test-method> <!-- afterEachMethod -->
        <test-method is-config="true" signature="endTestCase(java.lang.reflect.Method)[pri:0, instance:com.tetherfi.test.ivr.IntentMappingTest@e784320]" started-at="2019-11-15T17:31:14 IST" name="endTestCase" finished-at="2019-11-15T17:31:14 IST" duration-ms="1" status="PASS">
          <params>
            <param index="0">
              <value>
                <![CDATA[public void com.tetherfi.test.ivr.IntentMappingTest.VerifySearchContains() throws java.lang.Exception]]>
              </value>
            </param>
          </params>
          <reporter-output>
          </reporter-output>
        </test-method> <!-- endTestCase -->
        <test-method is-config="true" signature="NavigateToIntentMappingPage()[pri:0, instance:com.tetherfi.test.ivr.IntentMappingTest@e784320]" started-at="2019-11-15T17:31:14 IST" name="NavigateToIntentMappingPage" finished-at="2019-11-15T17:31:18 IST" duration-ms="3787" status="PASS">
          <reporter-output>
          </reporter-output>
        </test-method> <!-- NavigateToIntentMappingPage -->
        <test-method is-config="true" signature="startTestCase(java.lang.reflect.Method)[pri:0, instance:com.tetherfi.test.ivr.IntentMappingTest@e784320]" started-at="2019-11-15T17:31:14 IST" name="startTestCase" finished-at="2019-11-15T17:31:14 IST" duration-ms="0" status="PASS">
          <params>
            <param index="0">
              <value>
                <![CDATA[public void com.tetherfi.test.ivr.IntentMappingTest.VerifySearchDoesNotContains() throws java.lang.Exception]]>
              </value>
            </param>
          </params>
          <reporter-output>
          </reporter-output>
        </test-method> <!-- startTestCase -->
        <test-method signature="VerifySearchDoesNotContains()[pri:21, instance:com.tetherfi.test.ivr.IntentMappingTest@e784320]" started-at="2019-11-15T17:31:18 IST" name="VerifySearchDoesNotContains" finished-at="2019-11-15T17:31:22 IST" duration-ms="3855" status="PASS">
          <reporter-output>
          </reporter-output>
        </test-method> <!-- VerifySearchDoesNotContains -->
        <test-method is-config="true" signature="afterEachMethod(java.lang.reflect.Method)[pri:0, instance:com.tetherfi.test.ivr.IntentMappingTest@e784320]" started-at="2019-11-15T17:31:22 IST" name="afterEachMethod" finished-at="2019-11-15T17:31:23 IST" duration-ms="1087" status="PASS">
          <params>
            <param index="0">
              <value>
                <![CDATA[public void com.tetherfi.test.ivr.IntentMappingTest.VerifySearchDoesNotContains() throws java.lang.Exception]]>
              </value>
            </param>
          </params>
          <reporter-output>
          </reporter-output>
        </test-method> <!-- afterEachMethod -->
        <test-method is-config="true" signature="endTestCase(java.lang.reflect.Method)[pri:0, instance:com.tetherfi.test.ivr.IntentMappingTest@e784320]" started-at="2019-11-15T17:31:23 IST" name="endTestCase" finished-at="2019-11-15T17:31:23 IST" duration-ms="0" status="PASS">
          <params>
            <param index="0">
              <value>
                <![CDATA[public void com.tetherfi.test.ivr.IntentMappingTest.VerifySearchDoesNotContains() throws java.lang.Exception]]>
              </value>
            </param>
          </params>
          <reporter-output>
          </reporter-output>
        </test-method> <!-- endTestCase -->
        <test-method is-config="true" signature="startTestCase(java.lang.reflect.Method)[pri:0, instance:com.tetherfi.test.ivr.IntentMappingTest@e784320]" started-at="2019-11-15T17:31:23 IST" name="startTestCase" finished-at="2019-11-15T17:31:23 IST" duration-ms="1" status="PASS">
          <params>
            <param index="0">
              <value>
                <![CDATA[public void com.tetherfi.test.ivr.IntentMappingTest.VerifySearchStartsWith() throws java.lang.Exception]]>
              </value>
            </param>
          </params>
          <reporter-output>
          </reporter-output>
        </test-method> <!-- startTestCase -->
        <test-method is-config="true" signature="NavigateToIntentMappingPage()[pri:0, instance:com.tetherfi.test.ivr.IntentMappingTest@e784320]" started-at="2019-11-15T17:31:23 IST" name="NavigateToIntentMappingPage" finished-at="2019-11-15T17:31:27 IST" duration-ms="4244" status="PASS">
          <reporter-output>
          </reporter-output>
        </test-method> <!-- NavigateToIntentMappingPage -->
        <test-method signature="VerifySearchStartsWith()[pri:22, instance:com.tetherfi.test.ivr.IntentMappingTest@e784320]" started-at="2019-11-15T17:31:27 IST" name="VerifySearchStartsWith" finished-at="2019-11-15T17:31:31 IST" duration-ms="3971" status="PASS">
          <reporter-output>
          </reporter-output>
        </test-method> <!-- VerifySearchStartsWith -->
        <test-method is-config="true" signature="afterEachMethod(java.lang.reflect.Method)[pri:0, instance:com.tetherfi.test.ivr.IntentMappingTest@e784320]" started-at="2019-11-15T17:31:31 IST" name="afterEachMethod" finished-at="2019-11-15T17:31:32 IST" duration-ms="1126" status="PASS">
          <params>
            <param index="0">
              <value>
                <![CDATA[public void com.tetherfi.test.ivr.IntentMappingTest.VerifySearchStartsWith() throws java.lang.Exception]]>
              </value>
            </param>
          </params>
          <reporter-output>
          </reporter-output>
        </test-method> <!-- afterEachMethod -->
        <test-method is-config="true" signature="endTestCase(java.lang.reflect.Method)[pri:0, instance:com.tetherfi.test.ivr.IntentMappingTest@e784320]" started-at="2019-11-15T17:31:32 IST" name="endTestCase" finished-at="2019-11-15T17:31:32 IST" duration-ms="0" status="PASS">
          <params>
            <param index="0">
              <value>
                <![CDATA[public void com.tetherfi.test.ivr.IntentMappingTest.VerifySearchStartsWith() throws java.lang.Exception]]>
              </value>
            </param>
          </params>
          <reporter-output>
          </reporter-output>
        </test-method> <!-- endTestCase -->
        <test-method is-config="true" signature="startTestCase(java.lang.reflect.Method)[pri:0, instance:com.tetherfi.test.ivr.IntentMappingTest@e784320]" started-at="2019-11-15T17:31:32 IST" name="startTestCase" finished-at="2019-11-15T17:31:32 IST" duration-ms="1" status="PASS">
          <params>
            <param index="0">
              <value>
                <![CDATA[public void com.tetherfi.test.ivr.IntentMappingTest.VerifySearchEndsWith() throws java.lang.Exception]]>
              </value>
            </param>
          </params>
          <reporter-output>
          </reporter-output>
        </test-method> <!-- startTestCase -->
        <test-method is-config="true" signature="NavigateToIntentMappingPage()[pri:0, instance:com.tetherfi.test.ivr.IntentMappingTest@e784320]" started-at="2019-11-15T17:31:32 IST" name="NavigateToIntentMappingPage" finished-at="2019-11-15T17:31:36 IST" duration-ms="3812" status="PASS">
          <reporter-output>
          </reporter-output>
        </test-method> <!-- NavigateToIntentMappingPage -->
        <test-method signature="VerifySearchEndsWith()[pri:23, instance:com.tetherfi.test.ivr.IntentMappingTest@e784320]" started-at="2019-11-15T17:31:36 IST" name="VerifySearchEndsWith" finished-at="2019-11-15T17:31:40 IST" duration-ms="3834" status="PASS">
          <reporter-output>
          </reporter-output>
        </test-method> <!-- VerifySearchEndsWith -->
        <test-method is-config="true" signature="afterEachMethod(java.lang.reflect.Method)[pri:0, instance:com.tetherfi.test.ivr.IntentMappingTest@e784320]" started-at="2019-11-15T17:31:40 IST" name="afterEachMethod" finished-at="2019-11-15T17:31:41 IST" duration-ms="1158" status="PASS">
          <params>
            <param index="0">
              <value>
                <![CDATA[public void com.tetherfi.test.ivr.IntentMappingTest.VerifySearchEndsWith() throws java.lang.Exception]]>
              </value>
            </param>
          </params>
          <reporter-output>
          </reporter-output>
        </test-method> <!-- afterEachMethod -->
        <test-method is-config="true" signature="endTestCase(java.lang.reflect.Method)[pri:0, instance:com.tetherfi.test.ivr.IntentMappingTest@e784320]" started-at="2019-11-15T17:31:41 IST" name="endTestCase" finished-at="2019-11-15T17:31:41 IST" duration-ms="1" status="PASS">
          <params>
            <param index="0">
              <value>
                <![CDATA[public void com.tetherfi.test.ivr.IntentMappingTest.VerifySearchEndsWith() throws java.lang.Exception]]>
              </value>
            </param>
          </params>
          <reporter-output>
          </reporter-output>
        </test-method> <!-- endTestCase -->
        <test-method is-config="true" signature="startTestCase(java.lang.reflect.Method)[pri:0, instance:com.tetherfi.test.ivr.IntentMappingTest@e784320]" started-at="2019-11-15T17:31:41 IST" name="startTestCase" finished-at="2019-11-15T17:31:41 IST" duration-ms="1" status="PASS">
          <params>
            <param index="0">
              <value>
                <![CDATA[public void com.tetherfi.test.ivr.IntentMappingTest.searchPage() throws java.lang.Exception]]>
              </value>
            </param>
          </params>
          <reporter-output>
          </reporter-output>
        </test-method> <!-- startTestCase -->
        <test-method is-config="true" signature="NavigateToIntentMappingPage()[pri:0, instance:com.tetherfi.test.ivr.IntentMappingTest@e784320]" started-at="2019-11-15T17:31:41 IST" name="NavigateToIntentMappingPage" finished-at="2019-11-15T17:31:45 IST" duration-ms="3899" status="PASS">
          <reporter-output>
          </reporter-output>
        </test-method> <!-- NavigateToIntentMappingPage -->
        <test-method signature="searchPage()[pri:24, instance:com.tetherfi.test.ivr.IntentMappingTest@e784320]" started-at="2019-11-15T17:31:45 IST" name="searchPage" finished-at="2019-11-15T17:31:48 IST" duration-ms="3197" status="PASS">
          <reporter-output>
          </reporter-output>
        </test-method> <!-- searchPage -->
        <test-method is-config="true" signature="afterEachMethod(java.lang.reflect.Method)[pri:0, instance:com.tetherfi.test.ivr.IntentMappingTest@e784320]" started-at="2019-11-15T17:31:48 IST" name="afterEachMethod" finished-at="2019-11-15T17:31:49 IST" duration-ms="1087" status="PASS">
          <params>
            <param index="0">
              <value>
                <![CDATA[public void com.tetherfi.test.ivr.IntentMappingTest.searchPage() throws java.lang.Exception]]>
              </value>
            </param>
          </params>
          <reporter-output>
          </reporter-output>
        </test-method> <!-- afterEachMethod -->
        <test-method is-config="true" signature="endTestCase(java.lang.reflect.Method)[pri:0, instance:com.tetherfi.test.ivr.IntentMappingTest@e784320]" started-at="2019-11-15T17:31:49 IST" name="endTestCase" finished-at="2019-11-15T17:31:49 IST" duration-ms="0" status="PASS">
          <params>
            <param index="0">
              <value>
                <![CDATA[public void com.tetherfi.test.ivr.IntentMappingTest.searchPage() throws java.lang.Exception]]>
              </value>
            </param>
          </params>
          <reporter-output>
          </reporter-output>
        </test-method> <!-- endTestCase -->
        <test-method is-config="true" signature="startTestCase(java.lang.reflect.Method)[pri:0, instance:com.tetherfi.test.ivr.IntentMappingTest@e784320]" started-at="2019-11-15T17:31:49 IST" name="startTestCase" finished-at="2019-11-15T17:31:49 IST" duration-ms="1" status="PASS">
          <params>
            <param index="0">
              <value>
                <![CDATA[public void com.tetherfi.test.ivr.IntentMappingTest.searchwithoutSearchTextbox() throws java.io.IOException]]>
              </value>
            </param>
          </params>
          <reporter-output>
          </reporter-output>
        </test-method> <!-- startTestCase -->
        <test-method is-config="true" signature="NavigateToIntentMappingPage()[pri:0, instance:com.tetherfi.test.ivr.IntentMappingTest@e784320]" started-at="2019-11-15T17:31:49 IST" name="NavigateToIntentMappingPage" finished-at="2019-11-15T17:31:53 IST" duration-ms="3841" status="PASS">
          <reporter-output>
          </reporter-output>
        </test-method> <!-- NavigateToIntentMappingPage -->
        <test-method signature="searchwithoutSearchTextbox()[pri:25, instance:com.tetherfi.test.ivr.IntentMappingTest@e784320]" started-at="2019-11-15T17:31:53 IST" name="searchwithoutSearchTextbox" finished-at="2019-11-15T17:31:56 IST" duration-ms="2952" status="PASS">
          <reporter-output>
          </reporter-output>
        </test-method> <!-- searchwithoutSearchTextbox -->
        <test-method is-config="true" signature="afterEachMethod(java.lang.reflect.Method)[pri:0, instance:com.tetherfi.test.ivr.IntentMappingTest@e784320]" started-at="2019-11-15T17:31:56 IST" name="afterEachMethod" finished-at="2019-11-15T17:31:57 IST" duration-ms="1159" status="PASS">
          <params>
            <param index="0">
              <value>
                <![CDATA[public void com.tetherfi.test.ivr.IntentMappingTest.searchwithoutSearchTextbox() throws java.io.IOException]]>
              </value>
            </param>
          </params>
          <reporter-output>
          </reporter-output>
        </test-method> <!-- afterEachMethod -->
        <test-method is-config="true" signature="endTestCase(java.lang.reflect.Method)[pri:0, instance:com.tetherfi.test.ivr.IntentMappingTest@e784320]" started-at="2019-11-15T17:31:57 IST" name="endTestCase" finished-at="2019-11-15T17:31:57 IST" duration-ms="1" status="PASS">
          <params>
            <param index="0">
              <value>
                <![CDATA[public void com.tetherfi.test.ivr.IntentMappingTest.searchwithoutSearchTextbox() throws java.io.IOException]]>
              </value>
            </param>
          </params>
          <reporter-output>
          </reporter-output>
        </test-method> <!-- endTestCase -->
        <test-method is-config="true" signature="startTestCase(java.lang.reflect.Method)[pri:0, instance:com.tetherfi.test.ivr.IntentMappingTest@e784320]" started-at="2019-11-15T17:31:57 IST" name="startTestCase" finished-at="2019-11-15T17:31:57 IST" duration-ms="1" status="PASS">
          <params>
            <param index="0">
              <value>
                <![CDATA[public void com.tetherfi.test.ivr.IntentMappingTest.ExportToExcel() throws java.lang.Exception]]>
              </value>
            </param>
          </params>
          <reporter-output>
          </reporter-output>
        </test-method> <!-- startTestCase -->
        <test-method is-config="true" signature="NavigateToIntentMappingPage()[pri:0, instance:com.tetherfi.test.ivr.IntentMappingTest@e784320]" started-at="2019-11-15T17:31:57 IST" name="NavigateToIntentMappingPage" finished-at="2019-11-15T17:32:01 IST" duration-ms="3693" status="PASS">
          <reporter-output>
          </reporter-output>
        </test-method> <!-- NavigateToIntentMappingPage -->
        <test-method signature="ExportToExcel()[pri:26, instance:com.tetherfi.test.ivr.IntentMappingTest@e784320]" started-at="2019-11-15T17:32:01 IST" name="ExportToExcel" finished-at="2019-11-15T17:32:03 IST" duration-ms="2546" status="PASS">
          <reporter-output>
          </reporter-output>
        </test-method> <!-- ExportToExcel -->
        <test-method is-config="true" signature="afterEachMethod(java.lang.reflect.Method)[pri:0, instance:com.tetherfi.test.ivr.IntentMappingTest@e784320]" started-at="2019-11-15T17:32:03 IST" name="afterEachMethod" finished-at="2019-11-15T17:32:05 IST" duration-ms="1295" status="PASS">
          <params>
            <param index="0">
              <value>
                <![CDATA[public void com.tetherfi.test.ivr.IntentMappingTest.ExportToExcel() throws java.lang.Exception]]>
              </value>
            </param>
          </params>
          <reporter-output>
          </reporter-output>
        </test-method> <!-- afterEachMethod -->
        <test-method is-config="true" signature="endTestCase(java.lang.reflect.Method)[pri:0, instance:com.tetherfi.test.ivr.IntentMappingTest@e784320]" started-at="2019-11-15T17:32:05 IST" name="endTestCase" finished-at="2019-11-15T17:32:05 IST" duration-ms="1" status="PASS">
          <params>
            <param index="0">
              <value>
                <![CDATA[public void com.tetherfi.test.ivr.IntentMappingTest.ExportToExcel() throws java.lang.Exception]]>
              </value>
            </param>
          </params>
          <reporter-output>
          </reporter-output>
        </test-method> <!-- endTestCase -->
        <test-method is-config="true" signature="startTestCase(java.lang.reflect.Method)[pri:0, instance:com.tetherfi.test.ivr.IntentMappingTest@e784320]" started-at="2019-11-15T17:32:05 IST" name="startTestCase" finished-at="2019-11-15T17:32:05 IST" duration-ms="1" status="PASS">
          <params>
            <param index="0">
              <value>
                <![CDATA[public void com.tetherfi.test.ivr.IntentMappingTest.ExportToExcelData() throws java.lang.Exception]]>
              </value>
            </param>
          </params>
          <reporter-output>
          </reporter-output>
        </test-method> <!-- startTestCase -->
        <test-method is-config="true" signature="NavigateToIntentMappingPage()[pri:0, instance:com.tetherfi.test.ivr.IntentMappingTest@e784320]" started-at="2019-11-15T17:32:05 IST" name="NavigateToIntentMappingPage" finished-at="2019-11-15T17:32:09 IST" duration-ms="4380" status="PASS">
          <reporter-output>
          </reporter-output>
        </test-method> <!-- NavigateToIntentMappingPage -->
        <test-method signature="ExportToExcelData()[pri:27, instance:com.tetherfi.test.ivr.IntentMappingTest@e784320]" started-at="2019-11-15T17:32:09 IST" name="ExportToExcelData" finished-at="2019-11-15T17:32:11 IST" duration-ms="2104" status="FAIL">
          <exception class="java.lang.AssertionError">
            <message>
              <![CDATA[did not expect to find [true] but found [false]]]>
            </message>
            <full-stacktrace>
              <![CDATA[java.lang.AssertionError: did not expect to find [true] but found [false]
at org.testng.Assert.fail(Assert.java:97)
at org.testng.Assert.failNotEquals(Assert.java:969)
at org.testng.Assert.assertTrue(Assert.java:43)
at org.testng.Assert.assertTrue(Assert.java:53)
at com.tetherfi.test.ivr.IntentMappingTest.ExportToExcelData(IntentMappingTest.java:301)
at java.base/jdk.internal.reflect.NativeMethodAccessorImpl.invoke0(Native Method)
at java.base/jdk.internal.reflect.NativeMethodAccessorImpl.invoke(Unknown Source)
at java.base/jdk.internal.reflect.DelegatingMethodAccessorImpl.invoke(Unknown Source)
at java.base/java.lang.reflect.Method.invoke(Unknown Source)
at org.testng.internal.MethodInvocationHelper.invokeMethod(MethodInvocationHelper.java:133)
at org.testng.internal.TestInvoker.invokeMethod(TestInvoker.java:584)
at org.testng.internal.TestInvoker.invokeTestMethod(TestInvoker.java:172)
at org.testng.internal.MethodRunner.runInSequence(MethodRunner.java:46)
at org.testng.internal.TestInvoker$MethodInvocationAgent.invoke(TestInvoker.java:804)
at org.testng.internal.TestInvoker.invokeTestMethods(TestInvoker.java:145)
at org.testng.internal.TestMethodWorker.invokeTestMethods(TestMethodWorker.java:146)
at org.testng.internal.TestMethodWorker.run(TestMethodWorker.java:128)
at java.base/java.util.ArrayList.forEach(Unknown Source)
at org.testng.TestRunner.privateRun(TestRunner.java:770)
at org.testng.TestRunner.run(TestRunner.java:591)
at org.testng.SuiteRunner.runTest(SuiteRunner.java:402)
at org.testng.SuiteRunner.runSequentially(SuiteRunner.java:396)
at org.testng.SuiteRunner.privateRun(SuiteRunner.java:355)
at org.testng.SuiteRunner.run(SuiteRunner.java:304)
at org.testng.SuiteRunnerWorker.runSuite(SuiteRunnerWorker.java:53)
at org.testng.SuiteRunnerWorker.run(SuiteRunnerWorker.java:96)
at org.testng.TestNG.runSuitesSequentially(TestNG.java:1180)
at org.testng.TestNG.runSuitesLocally(TestNG.java:1102)
at org.testng.TestNG.runSuites(TestNG.java:1032)
at org.testng.TestNG.run(TestNG.java:1000)
at org.testng.remote.AbstractRemoteTestNG.run(AbstractRemoteTestNG.java:115)
at org.testng.remote.RemoteTestNG.initAndRun(RemoteTestNG.java:251)
at org.testng.remote.RemoteTestNG.main(RemoteTestNG.java:77)
]]>
            </full-stacktrace>
          </exception> <!-- java.lang.AssertionError -->
          <reporter-output>
          </reporter-output>
        </test-method> <!-- ExportToExcelData -->
[...]
at org.testng.internal.TestInvoker.invokeMethod(TestInvoker.java:584)
at org.testng.internal.TestInvoker.invokeTestMethod(TestInvoker.java:172)
at org.testng.internal.MethodRunner.runInSequence(MethodRunner.java:46)
at org.testng.internal.TestInvoker$MethodInvocationAgent.invoke(TestInvoker.java:804)
at org.testng.internal.TestInvoker.invokeTestMethods(TestInvoker.java:145)
at org.testng.internal.TestMethodWorker.invokeTestMethods(TestMethodWorker.java:146)
at org.testng.internal.TestMethodWorker.run(TestMethodWorker.java:128)
at java.base/java.util.ArrayList.forEach(Unknown Source)
at org.testng.TestRunner.privateRun(TestRunner.java:770)
at org.testng.TestRunner.run(TestRunner.java:591)
at org.testng.SuiteRunner.runTest(SuiteRunner.java:402)
at org.testng.SuiteRunner.runSequentially(SuiteRunner.java:396)
at org.testng.SuiteRunner.privateRun(SuiteRunner.java:355)
at org.testng.SuiteRunner.run(SuiteRunner.java:304)
at org.testng.SuiteRunnerWorker.runSuite(SuiteRunnerWorker.java:53)
at org.testng.SuiteRunnerWorker.run(SuiteRunnerWorker.java:96)
at org.testng.TestNG.runSuitesSequentially(TestNG.java:1180)
at org.testng.TestNG.runSuitesLocally(TestNG.java:1102)
at org.testng.TestNG.runSuites(TestNG.java:1032)
at org.testng.TestNG.run(TestNG.java:1000)
at org.testng.remote.AbstractRemoteTestNG.run(AbstractRemoteTestNG.java:115)
at org.testng.remote.RemoteTestNG.initAndRun(RemoteTestNG.java:251)
at org.testng.remote.RemoteTestNG.main(RemoteTestNG.java:77)
]]>
            </full-stacktrace>
          </exception> <!-- java.lang.AssertionError -->
          <reporter-output>
          </reporter-output>
        </test-method> <!-- SortingByDescending -->
        <test-method is-config="true" signature="afterEachMethod(java.lang.reflect.Method)[pri:0, instance:com.tetherfi.test.ivr.IntentMappingTest@e784320]" started-at="2019-11-15T17:36:30 IST" name="afterEachMethod" finished-at="2019-11-15T17:36:31 IST" duration-ms="1085" status="PASS">
          <params>
            <param index="0">
              <value>
                <![CDATA[public void com.tetherfi.test.ivr.IntentMappingTest.SortingByDescending() throws java.io.IOException]]>
              </value>
            </param>
          </params>
          <reporter-output>
          </reporter-output>
        </test-method> <!-- afterEachMethod -->
        <test-method is-config="true" signature="endTestCase(java.lang.reflect.Method)[pri:0, instance:com.tetherfi.test.ivr.IntentMappingTest@e784320]" started-at="2019-11-15T17:36:31 IST" name="endTestCase" finished-at="2019-11-15T17:36:31 IST" duration-ms="1" status="PASS">
          <params>
            <param index="0">
              <value>
                <![CDATA[public void com.tetherfi.test.ivr.IntentMappingTest.SortingByDescending() throws java.io.IOException]]>
              </value>
            </param>
          </params>
          <reporter-output>
          </reporter-output>
        </test-method> <!-- endTestCase -->
        <test-method is-config="true" signature="NavigateToIntentMappingPage()[pri:0, instance:com.tetherfi.test.ivr.IntentMappingTest@e784320]" started-at="2019-11-15T17:36:31 IST" name="NavigateToIntentMappingPage" finished-at="2019-11-15T17:36:35 IST" duration-ms="3944" status="PASS">
          <reporter-output>
          </reporter-output>
        </test-method> <!-- NavigateToIntentMappingPage -->
        <test-method is-config="true" signature="startTestCase(java.lang.reflect.Method)[pri:0, instance:com.tetherfi.test.ivr.IntentMappingTest@e784320]" started-at="2019-11-15T17:36:31 IST" name="startTestCase" finished-at="2019-11-15T17:36:31 IST" duration-ms="0" status="PASS">
          <params>
            <param index="0">
              <value>
                <![CDATA[public void com.tetherfi.test.ivr.IntentMappingTest.GroupBy()]]>
              </value>
            </param>
          </params>
          <reporter-output>
          </reporter-output>
        </test-method> <!-- startTestCase -->
        <test-method signature="GroupBy()[pri:36, instance:com.tetherfi.test.ivr.IntentMappingTest@e784320]" started-at="2019-11-15T17:36:35 IST" name="GroupBy" finished-at="2019-11-15T17:36:38 IST" duration-ms="2852" status="PASS">
          <reporter-output>
          </reporter-output>
        </test-method> <!-- GroupBy -->
        <test-method is-config="true" signature="afterEachMethod(java.lang.reflect.Method)[pri:0, instance:com.tetherfi.test.ivr.IntentMappingTest@e784320]" started-at="2019-11-15T17:36:38 IST" name="afterEachMethod" finished-at="2019-11-15T17:36:39 IST" duration-ms="1147" status="PASS">
          <params>
            <param index="0">
              <value>
                <![CDATA[public void com.tetherfi.test.ivr.IntentMappingTest.GroupBy()]]>
              </value>
            </param>
          </params>
          <reporter-output>
          </reporter-output>
        </test-method> <!-- afterEachMethod -->
        <test-method is-config="true" signature="endTestCase(java.lang.reflect.Method)[pri:0, instance:com.tetherfi.test.ivr.IntentMappingTest@e784320]" started-at="2019-11-15T17:36:39 IST" name="endTestCase" finished-at="2019-11-15T17:36:39 IST" duration-ms="0" status="PASS">
          <params>
            <param index="0">
              <value>
                <![CDATA[public void com.tetherfi.test.ivr.IntentMappingTest.GroupBy()]]>
              </value>
            </param>
          </params>
          <reporter-output>
          </reporter-output>
        </test-method> <!-- endTestCase -->
        <test-method is-config="true" signature="startTestCase(java.lang.reflect.Method)[pri:0, instance:com.tetherfi.test.ivr.IntentMappingTest@e784320]" started-at="2019-11-15T17:36:39 IST" name="startTestCase" finished-at="2019-11-15T17:36:39 IST" duration-ms="0" status="PASS">
          <params>
            <param index="0">
              <value>
                <![CDATA[public void com.tetherfi.test.ivr.IntentMappingTest.VerifyArrowMoveForPreviousAndNextPage()]]>
              </value>
            </param>
          </params>
          <reporter-output>
          </reporter-output>
        </test-method> <!-- startTestCase -->
        <test-method is-config="true" signature="NavigateToIntentMappingPage()[pri:0, instance:com.tetherfi.test.ivr.IntentMappingTest@e784320]" started-at="2019-11-15T17:36:39 IST" name="NavigateToIntentMappingPage" finished-at="2019-11-15T17:36:43 IST" duration-ms="3768" status="PASS">
          <reporter-output>
          </reporter-output>
        </test-method> <!-- NavigateToIntentMappingPage -->
        <test-method signature="VerifyArrowMoveForPreviousAndNextPage()[pri:37, instance:com.tetherfi.test.ivr.IntentMappingTest@e784320]" started-at="2019-11-15T17:36:43 IST" name="VerifyArrowMoveForPreviousAndNextPage" finished-at="2019-11-15T17:36:43 IST" duration-ms="30" status="PASS">
          <reporter-output>
          </reporter-output>
        </test-method> <!-- VerifyArrowMoveForPreviousAndNextPage -->
        <test-method is-config="true" signature="afterEachMethod(java.lang.reflect.Method)[pri:0, instance:com.tetherfi.test.ivr.IntentMappingTest@e784320]" started-at="2019-11-15T17:36:43 IST" name="afterEachMethod" finished-at="2019-11-15T17:36:44 IST" duration-ms="1299" status="PASS">
          <params>
            <param index="0">
              <value>
                <![CDATA[public void com.tetherfi.test.ivr.IntentMappingTest.VerifyArrowMoveForPreviousAndNextPage()]]>
              </value>
            </param>
          </params>
          <reporter-output>
          </reporter-output>
        </test-method> <!-- afterEachMethod -->
        <test-method is-config="true" signature="endTestCase(java.lang.reflect.Method)[pri:0, instance:com.tetherfi.test.ivr.IntentMappingTest@e784320]" started-at="2019-11-15T17:36:44 IST" name="endTestCase" finished-at="2019-11-15T17:36:44 IST" duration-ms="0" status="PASS">
          <params>
            <param index="0">
              <value>
                <![CDATA[public void com.tetherfi.test.ivr.IntentMappingTest.VerifyArrowMoveForPreviousAndNextPage()]]>
              </value>
            </param>
          </params>
          <reporter-output>
          </reporter-output>
        </test-method> <!-- endTestCase -->
        <test-method is-config="true" signature="startTestCase(java.lang.reflect.Method)[pri:0, instance:com.tetherfi.test.ivr.IntentMappingTest@e784320]" started-at="2019-11-15T17:36:44 IST" name="startTestCase" finished-at="2019-11-15T17:36:44 IST" duration-ms="1" status="PASS">
          <params>
            <param index="0">
              <value>
                <![CDATA[public void com.tetherfi.test.ivr.IntentMappingTest.VerifyArrowMoveForFirstAndLastPage()]]>
              </value>
            </param>
          </params>
          <reporter-output>
          </reporter-output>
        </test-method> <!-- startTestCase -->
        <test-method is-config="true" signature="NavigateToIntentMappingPage()[pri:0, instance:com.tetherfi.test.ivr.IntentMappingTest@e784320]" started-at="2019-11-15T17:36:44 IST" name="NavigateToIntentMappingPage" finished-at="2019-11-15T17:36:48 IST" duration-ms="3825" status="PASS">
          <reporter-output>
          </reporter-output>
        </test-method> <!-- NavigateToIntentMappingPage -->
        <test-method signature="VerifyArrowMoveForFirstAndLastPage()[pri:38, instance:com.tetherfi.test.ivr.IntentMappingTest@e784320]" started-at="2019-11-15T17:36:48 IST" name="VerifyArrowMoveForFirstAndLastPage" finished-at="2019-11-15T17:36:48 IST" duration-ms="69" status="PASS">
          <reporter-output>
          </reporter-output>
        </test-method> <!-- VerifyArrowMoveForFirstAndLastPage -->
        <test-method is-config="true" signature="afterEachMethod(java.lang.reflect.Method)[pri:0, instance:com.tetherfi.test.ivr.IntentMappingTest@e784320]" started-at="2019-11-15T17:36:48 IST" name="afterEachMethod" finished-at="2019-11-15T17:36:49 IST" duration-ms="1166" status="PASS">
          <params>
            <param index="0">
              <value>
                <![CDATA[public void com.tetherfi.test.ivr.IntentMappingTest.VerifyArrowMoveForFirstAndLastPage()]]>
              </value>
            </param>
          </params>
          <reporter-output>
          </reporter-output>
        </test-method> <!-- afterEachMethod -->
        <test-method is-config="true" signature="endTestCase(java.lang.reflect.Method)[pri:0, instance:com.tetherfi.test.ivr.IntentMappingTest@e784320]" started-at="2019-11-15T17:36:49 IST" name="endTestCase" finished-at="2019-11-15T17:36:49 IST" duration-ms="0" status="PASS">
          <params>
            <param index="0">
              <value>
                <![CDATA[public void com.tetherfi.test.ivr.IntentMappingTest.VerifyArrowMoveForFirstAndLastPage()]]>
              </value>
            </param>
          </params>
          <reporter-output>
          </reporter-output>
        </test-method> <!-- endTestCase -->
        <test-method is-config="true" signature="startTestCase(java.lang.reflect.Method)[pri:0, instance:com.tetherfi.test.ivr.IntentMappingTest@e784320]" started-at="2019-11-15T17:36:49 IST" name="startTestCase" finished-at="2019-11-15T17:36:49 IST" duration-ms="0" status="PASS">
          <params>
            <param index="0">
              <value>
                <![CDATA[public void com.tetherfi.test.ivr.IntentMappingTest.VerifyTotalNumberOfItemsPerPageDetails()]]>
              </value>
            </param>
          </params>
          <reporter-output>
          </reporter-output>
        </test-method> <!-- startTestCase -->
        <test-method is-config="true" signature="NavigateToIntentMappingPage()[pri:0, instance:com.tetherfi.test.ivr.IntentMappingTest@e784320]" started-at="2019-11-15T17:36:49 IST" name="NavigateToIntentMappingPage" finished-at="2019-11-15T17:36:53 IST" duration-ms="3926" status="PASS">
          <reporter-output>
          </reporter-output>
        </test-method> <!-- NavigateToIntentMappingPage -->
        <test-method signature="VerifyTotalNumberOfItemsPerPageDetails()[pri:39, instance:com.tetherfi.test.ivr.IntentMappingTest@e784320]" started-at="2019-11-15T17:36:53 IST" name="VerifyTotalNumberOfItemsPerPageDetails" finished-at="2019-11-15T17:36:53 IST" duration-ms="51" status="PASS">
          <reporter-output>
          </reporter-output>
        </test-method> <!-- VerifyTotalNumberOfItemsPerPageDetails -->
        <test-method is-config="true" signature="afterEachMethod(java.lang.reflect.Method)[pri:0, instance:com.tetherfi.test.ivr.IntentMappingTest@e784320]" started-at="2019-11-15T17:36:53 IST" name="afterEachMethod" finished-at="2019-11-15T17:36:54 IST" duration-ms="1139" status="PASS">
          <params>
            <param index="0">
              <value>
                <![CDATA[public void com.tetherfi.test.ivr.IntentMappingTest.VerifyTotalNumberOfItemsPerPageDetails()]]>
              </value>
            </param>
          </params>
          <reporter-output>
          </reporter-output>
        </test-method> <!-- afterEachMethod -->
        <test-method is-config="true" signature="endTestCase(java.lang.reflect.Method)[pri:0, instance:com.tetherfi.test.ivr.IntentMappingTest@e784320]" started-at="2019-11-15T17:36:54 IST" name="endTestCase" finished-at="2019-11-15T17:36:54 IST" duration-ms="0" status="PASS">
          <params>
            <param index="0">
              <value>
                <![CDATA[public void com.tetherfi.test.ivr.IntentMappingTest.VerifyTotalNumberOfItemsPerPageDetails()]]>
              </value>
            </param>
          </params>
          <reporter-output>
          </reporter-output>
        </test-method> <!-- endTestCase -->
        <test-method is-config="true" signature="NavigateToIntentMappingPage()[pri:0, instance:com.tetherfi.test.ivr.IntentMappingTest@e784320]" started-at="2019-11-15T17:36:54 IST" name="NavigateToIntentMappingPage" finished-at="2019-11-15T17:36:58 IST" duration-ms="3918" status="PASS">
          <reporter-output>
          </reporter-output>
        </test-method> <!-- NavigateToIntentMappingPage -->
        <test-method is-config="true" signature="startTestCase(java.lang.reflect.Method)[pri:0, instance:com.tetherfi.test.ivr.IntentMappingTest@e784320]" started-at="2019-11-15T17:36:54 IST" name="startTestCase" finished-at="2019-11-15T17:36:54 IST" duration-ms="0" status="PASS">
          <params>
            <param index="0">
              <value>
                <![CDATA[public void com.tetherfi.test.ivr.IntentMappingTest.VerifyNumberOfItemsPerPageSelection()]]>
              </value>
            </param>
          </params>
          <reporter-output>
          </reporter-output>
        </test-method> <!-- startTestCase -->
        <test-method signature="VerifyNumberOfItemsPerPageSelection()[pri:40, instance:com.tetherfi.test.ivr.IntentMappingTest@e784320]" started-at="2019-11-15T17:36:58 IST" name="VerifyNumberOfItemsPerPageSelection" finished-at="2019-11-15T17:37:03 IST" duration-ms="5166" status="PASS">
          <reporter-output>
          </reporter-output>
        </test-method> <!-- VerifyNumberOfItemsPerPageSelection -->
        <test-method is-config="true" signature="afterEachMethod(java.lang.reflect.Method)[pri:0, instance:com.tetherfi.test.ivr.IntentMappingTest@e784320]" started-at="2019-11-15T17:37:03 IST" name="afterEachMethod" finished-at="2019-11-15T17:37:05 IST" duration-ms="1082" status="PASS">
          <params>
            <param index="0">
              <value>
                <![CDATA[public void com.tetherfi.test.ivr.IntentMappingTest.VerifyNumberOfItemsPerPageSelection()]]>
              </value>
            </param>
          </params>
          <reporter-output>
          </reporter-output>
        </test-method> <!-- afterEachMethod -->
        <test-method is-config="true" signature="endTestCase(java.lang.reflect.Method)[pri:0, instance:com.tetherfi.test.ivr.IntentMappingTest@e784320]" started-at="2019-11-15T17:37:05 IST" name="endTestCase" finished-at="2019-11-15T17:37:05 IST" duration-ms="1" status="PASS">
          <params>
            <param index="0">
              <value>
                <![CDATA[public void com.tetherfi.test.ivr.IntentMappingTest.VerifyNumberOfItemsPerPageSelection()]]>
              </value>
            </param>
          </params>
          <reporter-output>
          </reporter-output>
        </test-method> <!-- endTestCase -->
        <test-method is-config="true" signature="startTestCase(java.lang.reflect.Method)[pri:0, instance:com.tetherfi.test.ivr.IntentMappingTest@e784320]" started-at="2019-11-15T17:37:05 IST" name="startTestCase" finished-at="2019-11-15T17:37:05 IST" duration-ms="0" status="PASS">
          <params>
            <param index="0">
              <value>
                <![CDATA[public void com.tetherfi.test.ivr.IntentMappingTest.database() throws java.lang.Exception]]>
              </value>
            </param>
          </params>
          <reporter-output>
          </reporter-output>
        </test-method> <!-- startTestCase -->
        <test-method is-config="true" signature="NavigateToIntentMappingPage()[pri:0, instance:com.tetherfi.test.ivr.IntentMappingTest@e784320]" started-at="2019-11-15T17:37:05 IST" name="NavigateToIntentMappingPage" finished-at="2019-11-15T17:37:09 IST" duration-ms="4287" status="PASS">
          <reporter-output>
          </reporter-output>
        </test-method> <!-- NavigateToIntentMappingPage -->
        <test-method signature="database()[pri:41, instance:com.tetherfi.test.ivr.IntentMappingTest@e784320]" started-at="2019-11-15T17:37:09 IST" name="database" finished-at="2019-11-15T17:37:12 IST" duration-ms="2852" status="PASS">
          <reporter-output>
          </reporter-output>
        </test-method> <!-- database -->
        <test-method is-config="true" signature="afterEachMethod(java.lang.reflect.Method)[pri:0, instance:com.tetherfi.test.ivr.IntentMappingTest@e784320]" started-at="2019-11-15T17:37:12 IST" name="afterEachMethod" finished-at="2019-11-15T17:37:13 IST" duration-ms="1265" status="PASS">
          <params>
            <param index="0">
              <value>
                <![CDATA[public void com.tetherfi.test.ivr.IntentMappingTest.database() throws java.lang.Exception]]>
              </value>
            </param>
          </params>
          <reporter-output>
          </reporter-output>
        </test-method> <!-- afterEachMethod -->
        <test-method is-config="true" signature="endTestCase(java.lang.reflect.Method)[pri:0, instance:com.tetherfi.test.ivr.IntentMappingTest@e784320]" started-at="2019-11-15T17:37:13 IST" name="endTestCase" finished-at="2019-11-15T17:37:13 IST" duration-ms="1" status="PASS">
          <params>
            <param index="0">
              <value>
                <![CDATA[public void com.tetherfi.test.ivr.IntentMappingTest.database() throws java.lang.Exception]]>
              </value>
            </param>
          </params>
          <reporter-output>
          </reporter-output>
        </test-method> <!-- endTestCase -->
        <test-method is-config="true" signature="tearDown()[pri:0, instance:com.tetherfi.test.ivr.IntentMappingTest@e784320]" started-at="2019-11-15T17:37:13 IST" name="tearDown" finished-at="2019-11-15T17:37:18 IST" duration-ms="5292" status="PASS">
          <reporter-output>
          </reporter-output>
        </test-method> <!-- tearDown -->
      </class> <!-- com.tetherfi.test.ivr.IntentMappingTest -->
    </test> <!-- Default test -->
  </suite> <!-- Default suite -->
</testng-results>
