<?xml version="1.0" encoding="UTF-8"?>
<testng-results ignored="0" total="3" passed="3" failed="0" skipped="0">
  <reporter-output>
  </reporter-output>
  <suite started-at="2019-01-25T12:21:27Z" name="Default suite" finished-at="2019-01-25T12:23:33Z" duration-ms="126818">
    <groups>
    </groups>
    <test started-at="2019-01-25T12:21:27Z" name="Default test" finished-at="2019-01-25T12:23:33Z" duration-ms="126818">
      <class name="com.tetherfi.test.tmac.TmacBroadCastMsgE2E">
        <test-method is-config="true" signature="openApplication()[pri:0, instance:com.tetherfi.test.tmac.TmacBroadCastMsgE2E@38cedb7d]" started-at="2019-01-25T17:51:27Z" name="openApplication" finished-at="2019-01-25T17:51:36Z" duration-ms="9545" status="PASS">
          <reporter-output>
          </reporter-output>
        </test-method> <!-- openApplication -->
        <test-method is-config="true" signature="startTestCase(java.lang.reflect.Method)[pri:0, instance:com.tetherfi.test.tmac.TmacBroadCastMsgE2E@38cedb7d]" started-at="2019-01-25T17:51:36Z" name="startTestCase" finished-at="2019-01-25T17:51:36Z" duration-ms="0" status="PASS">
          <params>
            <param index="0">
              <value>
                <![CDATA[public void com.tetherfi.test.tmac.TmacBroadCastMsgE2E.addTmacBroadcastMessage() throws java.io.IOException]]>
              </value>
            </param>
          </params>
          <reporter-output>
          </reporter-output>
        </test-method> <!-- startTestCase -->
        <test-method is-config="true" signature="NavigateToTmacBroadcastMsgPage()[pri:0, instance:com.tetherfi.test.tmac.TmacBroadCastMsgE2E@38cedb7d]" started-at="2019-01-25T17:51:36Z" name="NavigateToTmacBroadcastMsgPage" finished-at="2019-01-25T17:51:41Z" duration-ms="4800" status="PASS">
          <reporter-output>
          </reporter-output>
        </test-method> <!-- NavigateToTmacBroadcastMsgPage -->
        <test-method signature="addTmacBroadcastMessage()[pri:1, instance:com.tetherfi.test.tmac.TmacBroadCastMsgE2E@38cedb7d]" started-at="2019-01-25T17:51:41Z" name="addTmacBroadcastMessage" finished-at="2019-01-25T17:52:04Z" duration-ms="23044" status="PASS">
          <reporter-output>
          </reporter-output>
        </test-method> <!-- addTmacBroadcastMessage -->
        <test-method is-config="true" signature="aftereachmethod()[pri:0, instance:com.tetherfi.test.tmac.TmacBroadCastMsgE2E@38cedb7d]" started-at="2019-01-25T17:52:04Z" name="aftereachmethod" finished-at="2019-01-25T17:52:11Z" duration-ms="7510" status="PASS">
          <reporter-output>
          </reporter-output>
        </test-method> <!-- aftereachmethod -->
        <test-method is-config="true" signature="endTestCase(java.lang.reflect.Method)[pri:0, instance:com.tetherfi.test.tmac.TmacBroadCastMsgE2E@38cedb7d]" started-at="2019-01-25T17:52:11Z" name="endTestCase" finished-at="2019-01-25T17:52:11Z" duration-ms="1" status="PASS">
          <params>
            <param index="0">
              <value>
                <![CDATA[public void com.tetherfi.test.tmac.TmacBroadCastMsgE2E.addTmacBroadcastMessage() throws java.io.IOException]]>
              </value>
            </param>
          </params>
          <reporter-output>
          </reporter-output>
        </test-method> <!-- endTestCase -->
        <test-method is-config="true" signature="startTestCase(java.lang.reflect.Method)[pri:0, instance:com.tetherfi.test.tmac.TmacBroadCastMsgE2E@38cedb7d]" started-at="2019-01-25T17:52:11Z" name="startTestCase" finished-at="2019-01-25T17:52:11Z" duration-ms="0" status="PASS">
          <params>
            <param index="0">
              <value>
                <![CDATA[public void com.tetherfi.test.tmac.TmacBroadCastMsgE2E.editTmacBroadcastMessage() throws java.lang.Exception]]>
              </value>
            </param>
          </params>
          <reporter-output>
          </reporter-output>
        </test-method> <!-- startTestCase -->
        <test-method is-config="true" signature="NavigateToTmacBroadcastMsgPage()[pri:0, instance:com.tetherfi.test.tmac.TmacBroadCastMsgE2E@38cedb7d]" started-at="2019-01-25T17:52:11Z" name="NavigateToTmacBroadcastMsgPage" finished-at="2019-01-25T17:52:16Z" duration-ms="4515" status="PASS">
          <reporter-output>
          </reporter-output>
        </test-method> <!-- NavigateToTmacBroadcastMsgPage -->
        <test-method signature="editTmacBroadcastMessage()[pri:2, instance:com.tetherfi.test.tmac.TmacBroadCastMsgE2E@38cedb7d]" started-at="2019-01-25T17:52:16Z" name="editTmacBroadcastMessage" finished-at="2019-01-25T17:52:41Z" duration-ms="24527" status="PASS">
          <reporter-output>
          </reporter-output>
        </test-method> <!-- editTmacBroadcastMessage -->
        <test-method is-config="true" signature="aftereachmethod()[pri:0, instance:com.tetherfi.test.tmac.TmacBroadCastMsgE2E@38cedb7d]" started-at="2019-01-25T17:52:41Z" name="aftereachmethod" finished-at="2019-01-25T17:52:50Z" duration-ms="9474" status="PASS">
          <reporter-output>
          </reporter-output>
        </test-method> <!-- aftereachmethod -->
        <test-method is-config="true" signature="endTestCase(java.lang.reflect.Method)[pri:0, instance:com.tetherfi.test.tmac.TmacBroadCastMsgE2E@38cedb7d]" started-at="2019-01-25T17:52:50Z" name="endTestCase" finished-at="2019-01-25T17:52:50Z" duration-ms="0" status="PASS">
          <params>
            <param index="0">
              <value>
                <![CDATA[public void com.tetherfi.test.tmac.TmacBroadCastMsgE2E.editTmacBroadcastMessage() throws java.lang.Exception]]>
              </value>
            </param>
          </params>
          <reporter-output>
          </reporter-output>
        </test-method> <!-- endTestCase -->
        <test-method is-config="true" signature="startTestCase(java.lang.reflect.Method)[pri:0, instance:com.tetherfi.test.tmac.TmacBroadCastMsgE2E@38cedb7d]" started-at="2019-01-25T17:52:50Z" name="startTestCase" finished-at="2019-01-25T17:52:50Z" duration-ms="0" status="PASS">
          <params>
            <param index="0">
              <value>
                <![CDATA[public void com.tetherfi.test.tmac.TmacBroadCastMsgE2E.disabledStatus() throws java.lang.Exception]]>
              </value>
            </param>
          </params>
          <reporter-output>
          </reporter-output>
        </test-method> <!-- startTestCase -->
        <test-method is-config="true" signature="NavigateToTmacBroadcastMsgPage()[pri:0, instance:com.tetherfi.test.tmac.TmacBroadCastMsgE2E@38cedb7d]" started-at="2019-01-25T17:52:50Z" name="NavigateToTmacBroadcastMsgPage" finished-at="2019-01-25T17:52:55Z" duration-ms="4521" status="PASS">
          <reporter-output>
          </reporter-output>
        </test-method> <!-- NavigateToTmacBroadcastMsgPage -->
        <test-method signature="disabledStatus()[pri:3, instance:com.tetherfi.test.tmac.TmacBroadCastMsgE2E@38cedb7d]" started-at="2019-01-25T17:52:55Z" name="disabledStatus" finished-at="2019-01-25T17:53:20Z" duration-ms="25879" status="PASS">
          <reporter-output>
          </reporter-output>
        </test-method> <!-- disabledStatus -->
        <test-method is-config="true" signature="aftereachmethod()[pri:0, instance:com.tetherfi.test.tmac.TmacBroadCastMsgE2E@38cedb7d]" started-at="2019-01-25T17:53:20Z" name="aftereachmethod" finished-at="2019-01-25T17:53:30Z" duration-ms="9227" status="PASS">
          <reporter-output>
          </reporter-output>
        </test-method> <!-- aftereachmethod -->
        <test-method is-config="true" signature="endTestCase(java.lang.reflect.Method)[pri:0, instance:com.tetherfi.test.tmac.TmacBroadCastMsgE2E@38cedb7d]" started-at="2019-01-25T17:53:30Z" name="endTestCase" finished-at="2019-01-25T17:53:30Z" duration-ms="0" status="PASS">
          <params>
            <param index="0">
              <value>
                <![CDATA[public void com.tetherfi.test.tmac.TmacBroadCastMsgE2E.disabledStatus() throws java.lang.Exception]]>
              </value>
            </param>
          </params>
          <reporter-output>
          </reporter-output>
        </test-method> <!-- endTestCase -->
        <test-method is-config="true" signature="tearDown()[pri:0, instance:com.tetherfi.test.tmac.TmacBroadCastMsgE2E@38cedb7d]" started-at="2019-01-25T17:53:30Z" name="tearDown" finished-at="2019-01-25T17:53:33Z" duration-ms="3704" status="PASS">
          <reporter-output>
          </reporter-output>
        </test-method> <!-- tearDown -->
      </class> <!-- com.tetherfi.test.tmac.TmacBroadCastMsgE2E -->
    </test> <!-- Default test -->
  </suite> <!-- Default suite -->
</testng-results>
