<?xml version="1.0" encoding="UTF-8"?>
<testng-results ignored="0" total="1" passed="1" failed="0" skipped="0">
  <reporter-output>
  </reporter-output>
  <suite started-at="2019-05-28T08:37:41Z" name="Default suite" finished-at="2019-05-28T08:37:59Z" duration-ms="17546">
    <groups>
    </groups>
    <test started-at="2019-05-28T08:37:41Z" name="Default test" finished-at="2019-05-28T08:37:59Z" duration-ms="17546">
      <class name="com.tetherfi.test.CEPEventMappingTest">
        <test-method is-config="true" signature="openApplication()[pri:0, instance:com.tetherfi.test.CEPEventMappingTest@7eb200ce]" started-at="2019-05-28T14:07:41Z" name="openApplication" finished-at="2019-05-28T14:07:50Z" duration-ms="8702" status="PASS">
          <reporter-output>
          </reporter-output>
        </test-method> <!-- openApplication -->
        <test-method is-config="true" signature="startTestCase(java.lang.reflect.Method)[pri:0, instance:com.tetherfi.test.CEPEventMappingTest@7eb200ce]" started-at="2019-05-28T14:07:50Z" name="startTestCase" finished-at="2019-05-28T14:07:50Z" duration-ms="2" status="PASS">
          <params>
            <param index="0">
              <value>
                <![CDATA[public void com.tetherfi.test.CEPEventMappingTest.database() throws java.lang.Exception]]>
              </value>
            </param>
          </params>
          <reporter-output>
          </reporter-output>
        </test-method> <!-- startTestCase -->
        <test-method is-config="true" signature="NavigateToCepEventMappingPage()[pri:0, instance:com.tetherfi.test.CEPEventMappingTest@7eb200ce]" started-at="2019-05-28T14:07:50Z" name="NavigateToCepEventMappingPage" finished-at="2019-05-28T14:07:53Z" duration-ms="3301" status="PASS">
          <reporter-output>
          </reporter-output>
        </test-method> <!-- NavigateToCepEventMappingPage -->
        <test-method signature="database()[pri:33, instance:com.tetherfi.test.CEPEventMappingTest@7eb200ce]" started-at="2019-05-28T14:07:53Z" name="database" finished-at="2019-05-28T14:07:56Z" duration-ms="3041" status="PASS">
          <reporter-output>
          </reporter-output>
        </test-method> <!-- database -->
        <test-method is-config="true" signature="afterEachMethod(java.lang.reflect.Method)[pri:0, instance:com.tetherfi.test.CEPEventMappingTest@7eb200ce]" started-at="2019-05-28T14:07:56Z" name="afterEachMethod" finished-at="2019-05-28T14:07:57Z" duration-ms="1240" status="PASS">
          <params>
            <param index="0">
              <value>
                <![CDATA[public void com.tetherfi.test.CEPEventMappingTest.database() throws java.lang.Exception]]>
              </value>
            </param>
          </params>
          <reporter-output>
          </reporter-output>
        </test-method> <!-- afterEachMethod -->
        <test-method is-config="true" signature="endTestCase(java.lang.reflect.Method)[pri:0, instance:com.tetherfi.test.CEPEventMappingTest@7eb200ce]" started-at="2019-05-28T14:07:57Z" name="endTestCase" finished-at="2019-05-28T14:07:57Z" duration-ms="0" status="PASS">
          <params>
            <param index="0">
              <value>
                <![CDATA[public void com.tetherfi.test.CEPEventMappingTest.database() throws java.lang.Exception]]>
              </value>
            </param>
          </params>
          <reporter-output>
          </reporter-output>
        </test-method> <!-- endTestCase -->
        <test-method is-config="true" signature="tearDown()[pri:0, instance:com.tetherfi.test.CEPEventMappingTest@7eb200ce]" started-at="2019-05-28T14:07:57Z" name="tearDown" finished-at="2019-05-28T14:07:59Z" duration-ms="1220" status="PASS">
          <reporter-output>
          </reporter-output>
        </test-method> <!-- tearDown -->
      </class> <!-- com.tetherfi.test.CEPEventMappingTest -->
    </test> <!-- Default test -->
  </suite> <!-- Default suite -->
</testng-results>
