<?xml version="1.0" encoding="UTF-8"?>
<testng-results ignored="0" total="1" passed="1" failed="0" skipped="0">
  <reporter-output>
  </reporter-output>
  <suite started-at="2020-05-29T17:00:30 IST" name="Default suite" finished-at="2020-05-29T17:01:26 IST" duration-ms="56751">
    <groups>
    </groups>
    <test started-at="2020-05-29T17:00:30 IST" name="Default test" finished-at="2020-05-29T17:01:26 IST" duration-ms="56751">
      <class name="com.tetherfi.test.reports.SkillProfileReportTest">
        <test-method is-config="true" signature="openApplication()[pri:0, instance:com.tetherfi.test.reports.SkillProfileReportTest@3178219a]" started-at="2020-05-29T17:00:30 IST" name="openApplication" finished-at="2020-05-29T17:00:55 IST" duration-ms="25212" status="PASS">
          <reporter-output>
          </reporter-output>
        </test-method> <!-- openApplication -->
        <test-method is-config="true" signature="startTestCase(java.lang.reflect.Method)[pri:0, instance:com.tetherfi.test.reports.SkillProfileReportTest@3178219a]" started-at="2020-05-29T17:00:55 IST" name="startTestCase" finished-at="2020-05-29T17:00:55 IST" duration-ms="5" status="PASS">
          <params>
            <param index="0">
              <value>
                <![CDATA[public void com.tetherfi.test.reports.SkillProfileReportTest.VerifySorting() throws java.lang.Exception]]>
              </value>
            </param>
          </params>
          <reporter-output>
          </reporter-output>
        </test-method> <!-- startTestCase -->
        <test-method is-config="true" signature="NavigateToOcmReportsPage()[pri:0, instance:com.tetherfi.test.reports.SkillProfileReportTest@3178219a]" started-at="2020-05-29T17:00:55 IST" name="NavigateToOcmReportsPage" finished-at="2020-05-29T17:01:01 IST" duration-ms="6437" status="PASS">
          <reporter-output>
          </reporter-output>
        </test-method> <!-- NavigateToOcmReportsPage -->
        <test-method signature="VerifySorting()[pri:44, instance:com.tetherfi.test.reports.SkillProfileReportTest@3178219a]" started-at="2020-05-29T17:01:01 IST" name="VerifySorting" description="To Verify Ascending and Descending order" finished-at="2020-05-29T17:01:24 IST" duration-ms="22493" status="PASS">
          <reporter-output>
          </reporter-output>
        </test-method> <!-- VerifySorting -->
        <test-method is-config="true" signature="afterEachMethod(java.lang.reflect.Method)[pri:0, instance:com.tetherfi.test.reports.SkillProfileReportTest@3178219a]" started-at="2020-05-29T17:01:24 IST" name="afterEachMethod" finished-at="2020-05-29T17:01:25 IST" duration-ms="1189" status="PASS">
          <params>
            <param index="0">
              <value>
                <![CDATA[public void com.tetherfi.test.reports.SkillProfileReportTest.VerifySorting() throws java.lang.Exception]]>
              </value>
            </param>
          </params>
          <reporter-output>
          </reporter-output>
        </test-method> <!-- afterEachMethod -->
        <test-method is-config="true" signature="endTestCase(java.lang.reflect.Method)[pri:0, instance:com.tetherfi.test.reports.SkillProfileReportTest@3178219a]" started-at="2020-05-29T17:01:25 IST" name="endTestCase" finished-at="2020-05-29T17:01:25 IST" duration-ms="0" status="PASS">
          <params>
            <param index="0">
              <value>
                <![CDATA[public void com.tetherfi.test.reports.SkillProfileReportTest.VerifySorting() throws java.lang.Exception]]>
              </value>
            </param>
          </params>
          <reporter-output>
          </reporter-output>
        </test-method> <!-- endTestCase -->
        <test-method is-config="true" signature="tearDown()[pri:0, instance:com.tetherfi.test.reports.SkillProfileReportTest@3178219a]" started-at="2020-05-29T17:01:25 IST" name="tearDown" finished-at="2020-05-29T17:01:26 IST" duration-ms="1315" status="PASS">
          <reporter-output>
          </reporter-output>
        </test-method> <!-- tearDown -->
      </class> <!-- com.tetherfi.test.reports.SkillProfileReportTest -->
    </test> <!-- Default test -->
  </suite> <!-- Default suite -->
</testng-results>
