<?xml version="1.0" encoding="UTF-8"?>
<testng-results skipped="0" failed="0" ignored="0" total="4" passed="4">
  <reporter-output>
  </reporter-output>
  <suite name="Default suite" duration-ms="848259" started-at="2019-02-12T14:50:56Z" finished-at="2019-02-12T15:05:04Z">
    <groups>
    </groups>
    <test name="Default test" duration-ms="848259" started-at="2019-02-12T14:50:56Z" finished-at="2019-02-12T15:05:04Z">
      <class name="com.tetherfi.test.UserManagementE2ETest">
        <test-method status="PASS" signature="openApplication()[pri:0, instance:com.tetherfi.test.UserManagementE2ETest@6fd02e5]" name="openApplication" is-config="true" duration-ms="51847" started-at="2019-02-12T20:20:56Z" finished-at="2019-02-12T20:21:47Z">
          <reporter-output>
          </reporter-output>
        </test-method> <!-- openApplication -->
        <test-method status="PASS" signature="startTestCase(java.lang.reflect.Method)[pri:0, instance:com.tetherfi.test.UserManagementE2ETest@6fd02e5]" name="startTestCase" is-config="true" duration-ms="0" started-at="2019-02-12T20:21:47Z" finished-at="2019-02-12T20:21:47Z">
          <params>
            <param index="0">
              <value>
                <![CDATA[public void com.tetherfi.test.UserManagementE2ETest.VerifyAccessOfTMACBroadcastMsg() throws java.lang.Exception]]>
              </value>
            </param>
          </params>
          <reporter-output>
          </reporter-output>
        </test-method> <!-- startTestCase -->
        <test-method status="PASS" signature="OCMPage()[pri:0, instance:com.tetherfi.test.UserManagementE2ETest@6fd02e5]" name="OCMPage" is-config="true" duration-ms="22058" started-at="2019-02-12T20:21:47Z" finished-at="2019-02-12T20:22:09Z">
          <reporter-output>
          </reporter-output>
        </test-method> <!-- OCMPage -->
        <test-method status="PASS" signature="VerifyAccessOfTMACBroadcastMsg()[pri:0, instance:com.tetherfi.test.UserManagementE2ETest@6fd02e5]" name="VerifyAccessOfTMACBroadcastMsg" duration-ms="102173" started-at="2019-02-12T20:22:09Z" finished-at="2019-02-12T20:23:52Z">
          <reporter-output>
          </reporter-output>
        </test-method> <!-- VerifyAccessOfTMACBroadcastMsg -->
        <test-method status="PASS" signature="afterEachMethod(org.testng.ITestResult)[pri:0, instance:com.tetherfi.test.UserManagementE2ETest@6fd02e5]" name="afterEachMethod" is-config="true" duration-ms="52626" started-at="2019-02-12T20:23:52Z" finished-at="2019-02-12T20:24:44Z">
          <params>
            <param index="0">
              <value>
                <![CDATA[[TestResult name=VerifyAccessOfTMACBroadcastMsg status=SUCCESS method=UserManagementE2ETest.VerifyAccessOfTMACBroadcastMsg()[pri:0, instance:com.tetherfi.test.UserManagementE2ETest@6fd02e5] output={null}]]]>
              </value>
            </param>
          </params>
          <reporter-output>
          </reporter-output>
        </test-method> <!-- afterEachMethod -->
        <test-method status="PASS" signature="endTestCase(java.lang.reflect.Method)[pri:0, instance:com.tetherfi.test.UserManagementE2ETest@6fd02e5]" name="endTestCase" is-config="true" duration-ms="1" started-at="2019-02-12T20:24:44Z" finished-at="2019-02-12T20:24:44Z">
          <params>
            <param index="0">
              <value>
                <![CDATA[public void com.tetherfi.test.UserManagementE2ETest.VerifyAccessOfTMACBroadcastMsg() throws java.lang.Exception]]>
              </value>
            </param>
          </params>
          <reporter-output>
          </reporter-output>
        </test-method> <!-- endTestCase -->
        <test-method status="PASS" signature="startTestCase(java.lang.reflect.Method)[pri:0, instance:com.tetherfi.test.UserManagementE2ETest@6fd02e5]" name="startTestCase" is-config="true" duration-ms="1" started-at="2019-02-12T20:24:44Z" finished-at="2019-02-12T20:24:44Z">
          <params>
            <param index="0">
              <value>
                <![CDATA[public void com.tetherfi.test.UserManagementE2ETest.VerifyAddAccessOfTMACBroadcastMsg() throws java.lang.Exception]]>
              </value>
            </param>
          </params>
          <reporter-output>
          </reporter-output>
        </test-method> <!-- startTestCase -->
        <test-method status="PASS" signature="OCMPage()[pri:0, instance:com.tetherfi.test.UserManagementE2ETest@6fd02e5]" name="OCMPage" is-config="true" duration-ms="21565" started-at="2019-02-12T20:24:44Z" finished-at="2019-02-12T20:25:06Z">
          <reporter-output>
          </reporter-output>
        </test-method> <!-- OCMPage -->
        <test-method status="PASS" signature="VerifyAddAccessOfTMACBroadcastMsg()[pri:0, instance:com.tetherfi.test.UserManagementE2ETest@6fd02e5]" name="VerifyAddAccessOfTMACBroadcastMsg" duration-ms="113284" started-at="2019-02-12T20:25:06Z" finished-at="2019-02-12T20:26:59Z">
          <reporter-output>
          </reporter-output>
        </test-method> <!-- VerifyAddAccessOfTMACBroadcastMsg -->
        <test-method status="PASS" signature="afterEachMethod(org.testng.ITestResult)[pri:0, instance:com.tetherfi.test.UserManagementE2ETest@6fd02e5]" name="afterEachMethod" is-config="true" duration-ms="68492" started-at="2019-02-12T20:26:59Z" finished-at="2019-02-12T20:28:08Z">
          <params>
            <param index="0">
              <value>
                <![CDATA[[TestResult name=VerifyAddAccessOfTMACBroadcastMsg status=SUCCESS method=UserManagementE2ETest.VerifyAddAccessOfTMACBroadcastMsg()[pri:0, instance:com.tetherfi.test.UserManagementE2ETest@6fd02e5] output={null}]]]>
              </value>
            </param>
          </params>
          <reporter-output>
          </reporter-output>
        </test-method> <!-- afterEachMethod -->
        <test-method status="PASS" signature="OCMPage()[pri:0, instance:com.tetherfi.test.UserManagementE2ETest@6fd02e5]" name="OCMPage" is-config="true" duration-ms="23635" started-at="2019-02-12T20:28:08Z" finished-at="2019-02-12T20:28:31Z">
          <reporter-output>
          </reporter-output>
        </test-method> <!-- OCMPage -->
        <test-method status="PASS" signature="endTestCase(java.lang.reflect.Method)[pri:0, instance:com.tetherfi.test.UserManagementE2ETest@6fd02e5]" name="endTestCase" is-config="true" duration-ms="0" started-at="2019-02-12T20:28:08Z" finished-at="2019-02-12T20:28:08Z">
          <params>
            <param index="0">
              <value>
                <![CDATA[public void com.tetherfi.test.UserManagementE2ETest.VerifyAddAccessOfTMACBroadcastMsg() throws java.lang.Exception]]>
              </value>
            </param>
          </params>
          <reporter-output>
          </reporter-output>
        </test-method> <!-- endTestCase -->
        <test-method status="PASS" signature="startTestCase(java.lang.reflect.Method)[pri:0, instance:com.tetherfi.test.UserManagementE2ETest@6fd02e5]" name="startTestCase" is-config="true" duration-ms="0" started-at="2019-02-12T20:28:08Z" finished-at="2019-02-12T20:28:08Z">
          <params>
            <param index="0">
              <value>
                <![CDATA[public void com.tetherfi.test.UserManagementE2ETest.VerifyEditAccessOfTMACBroadcastMsg() throws java.lang.Exception]]>
              </value>
            </param>
          </params>
          <reporter-output>
          </reporter-output>
        </test-method> <!-- startTestCase -->
        <test-method status="PASS" signature="VerifyEditAccessOfTMACBroadcastMsg()[pri:0, instance:com.tetherfi.test.UserManagementE2ETest@6fd02e5]" name="VerifyEditAccessOfTMACBroadcastMsg" duration-ms="114276" started-at="2019-02-12T20:28:31Z" finished-at="2019-02-12T20:30:26Z">
          <reporter-output>
          </reporter-output>
        </test-method> <!-- VerifyEditAccessOfTMACBroadcastMsg -->
        <test-method status="PASS" signature="afterEachMethod(org.testng.ITestResult)[pri:0, instance:com.tetherfi.test.UserManagementE2ETest@6fd02e5]" name="afterEachMethod" is-config="true" duration-ms="66581" started-at="2019-02-12T20:30:26Z" finished-at="2019-02-12T20:31:32Z">
          <params>
            <param index="0">
              <value>
                <![CDATA[[TestResult name=VerifyEditAccessOfTMACBroadcastMsg status=SUCCESS method=UserManagementE2ETest.VerifyEditAccessOfTMACBroadcastMsg()[pri:0, instance:com.tetherfi.test.UserManagementE2ETest@6fd02e5] output={null}]]]>
              </value>
            </param>
          </params>
          <reporter-output>
          </reporter-output>
        </test-method> <!-- afterEachMethod -->
        <test-method status="PASS" signature="endTestCase(java.lang.reflect.Method)[pri:0, instance:com.tetherfi.test.UserManagementE2ETest@6fd02e5]" name="endTestCase" is-config="true" duration-ms="0" started-at="2019-02-12T20:31:32Z" finished-at="2019-02-12T20:31:32Z">
          <params>
            <param index="0">
              <value>
                <![CDATA[public void com.tetherfi.test.UserManagementE2ETest.VerifyEditAccessOfTMACBroadcastMsg() throws java.lang.Exception]]>
              </value>
            </param>
          </params>
          <reporter-output>
          </reporter-output>
        </test-method> <!-- endTestCase -->
        <test-method status="PASS" signature="OCMPage()[pri:0, instance:com.tetherfi.test.UserManagementE2ETest@6fd02e5]" name="OCMPage" is-config="true" duration-ms="27493" started-at="2019-02-12T20:31:32Z" finished-at="2019-02-12T20:32:00Z">
          <reporter-output>
          </reporter-output>
        </test-method> <!-- OCMPage -->
        <test-method status="PASS" signature="startTestCase(java.lang.reflect.Method)[pri:0, instance:com.tetherfi.test.UserManagementE2ETest@6fd02e5]" name="startTestCase" is-config="true" duration-ms="0" started-at="2019-02-12T20:31:32Z" finished-at="2019-02-12T20:31:32Z">
          <params>
            <param index="0">
              <value>
                <![CDATA[public void com.tetherfi.test.UserManagementE2ETest.VerifyExportAccessOfTMACBroadcastMsg() throws java.lang.Exception]]>
              </value>
            </param>
          </params>
          <reporter-output>
          </reporter-output>
        </test-method> <!-- startTestCase -->
        <test-method status="PASS" signature="VerifyExportAccessOfTMACBroadcastMsg()[pri:0, instance:com.tetherfi.test.UserManagementE2ETest@6fd02e5]" name="VerifyExportAccessOfTMACBroadcastMsg" duration-ms="116500" started-at="2019-02-12T20:32:00Z" finished-at="2019-02-12T20:33:56Z">
          <reporter-output>
          </reporter-output>
        </test-method> <!-- VerifyExportAccessOfTMACBroadcastMsg -->
        <test-method status="PASS" signature="afterEachMethod(org.testng.ITestResult)[pri:0, instance:com.tetherfi.test.UserManagementE2ETest@6fd02e5]" name="afterEachMethod" is-config="true" duration-ms="65484" started-at="2019-02-12T20:33:56Z" finished-at="2019-02-12T20:35:02Z">
          <params>
            <param index="0">
              <value>
                <![CDATA[[TestResult name=VerifyExportAccessOfTMACBroadcastMsg status=SUCCESS method=UserManagementE2ETest.VerifyExportAccessOfTMACBroadcastMsg()[pri:0, instance:com.tetherfi.test.UserManagementE2ETest@6fd02e5] output={null}]]]>
              </value>
            </param>
          </params>
          <reporter-output>
          </reporter-output>
        </test-method> <!-- afterEachMethod -->
        <test-method status="PASS" signature="endTestCase(java.lang.reflect.Method)[pri:0, instance:com.tetherfi.test.UserManagementE2ETest@6fd02e5]" name="endTestCase" is-config="true" duration-ms="1" started-at="2019-02-12T20:35:02Z" finished-at="2019-02-12T20:35:02Z">
          <params>
            <param index="0">
              <value>
                <![CDATA[public void com.tetherfi.test.UserManagementE2ETest.VerifyExportAccessOfTMACBroadcastMsg() throws java.lang.Exception]]>
              </value>
            </param>
          </params>
          <reporter-output>
          </reporter-output>
        </test-method> <!-- endTestCase -->
        <test-method status="PASS" signature="tearDown()[pri:0, instance:com.tetherfi.test.UserManagementE2ETest@6fd02e5]" name="tearDown" is-config="true" duration-ms="2202" started-at="2019-02-12T20:35:02Z" finished-at="2019-02-12T20:35:04Z">
          <reporter-output>
          </reporter-output>
        </test-method> <!-- tearDown -->
      </class> <!-- com.tetherfi.test.UserManagementE2ETest -->
    </test> <!-- Default test -->
  </suite> <!-- Default suite -->
</testng-results>
