<?xml version="1.0" encoding="UTF-8"?>
<testng-results ignored="0" total="50" passed="38" failed="12" skipped="0">
  <reporter-output>
  </reporter-output>
  <suite started-at="2020-06-01T10:17:07 IST" name="Default suite" finished-at="2020-06-01T11:32:10 IST" duration-ms="4503225">
    <groups>
    </groups>
    <test started-at="2020-06-01T10:17:07 IST" name="Default test" finished-at="2020-06-01T11:32:10 IST" duration-ms="4503225">
      <class name="com.tetherfi.test.reports.OCMChatbotInteractionreportTest">
        <test-method is-config="true" signature="openApplication()[pri:0, instance:com.tetherfi.test.reports.OCMChatbotInteractionreportTest@5649d11a]" started-at="2020-06-01T10:17:07 IST" name="openApplication" finished-at="2020-06-01T10:17:23 IST" duration-ms="16192" status="PASS">
          <reporter-output>
          </reporter-output>
        </test-method> <!-- openApplication -->
        <test-method is-config="true" signature="startTestCase(java.lang.reflect.Method)[pri:0, instance:com.tetherfi.test.reports.OCMChatbotInteractionreportTest@5649d11a]" started-at="2020-06-01T10:17:23 IST" name="startTestCase" finished-at="2020-06-01T10:17:23 IST" duration-ms="3" status="PASS">
          <params>
            <param index="0">
              <value>
                <![CDATA[public void com.tetherfi.test.reports.OCMChatbotInteractionreportTest.ShowOCMChatbotInteractionReport() throws java.lang.Exception]]>
              </value>
            </param>
          </params>
          <reporter-output>
          </reporter-output>
        </test-method> <!-- startTestCase -->
        <test-method is-config="true" signature="NavigateToOcmReportsPage()[pri:0, instance:com.tetherfi.test.reports.OCMChatbotInteractionreportTest@5649d11a]" started-at="2020-06-01T10:17:23 IST" name="NavigateToOcmReportsPage" finished-at="2020-06-01T10:17:26 IST" duration-ms="2971" status="PASS">
          <reporter-output>
          </reporter-output>
        </test-method> <!-- NavigateToOcmReportsPage -->
        <test-method signature="ShowOCMChatbotInteractionReport()[pri:1, instance:com.tetherfi.test.reports.OCMChatbotInteractionreportTest@5649d11a]" started-at="2020-06-01T10:17:26 IST" name="ShowOCMChatbotInteractionReport" description="To verify Show Report for Single Date" finished-at="2020-06-01T10:17:50 IST" duration-ms="23760" status="PASS">
          <reporter-output>
          </reporter-output>
        </test-method> <!-- ShowOCMChatbotInteractionReport -->
        <test-method is-config="true" signature="afterEachMethod(java.lang.reflect.Method)[pri:0, instance:com.tetherfi.test.reports.OCMChatbotInteractionreportTest@5649d11a]" started-at="2020-06-01T10:17:50 IST" name="afterEachMethod" finished-at="2020-06-01T10:17:52 IST" duration-ms="1827" status="PASS">
          <params>
            <param index="0">
              <value>
                <![CDATA[public void com.tetherfi.test.reports.OCMChatbotInteractionreportTest.ShowOCMChatbotInteractionReport() throws java.lang.Exception]]>
              </value>
            </param>
          </params>
          <reporter-output>
          </reporter-output>
        </test-method> <!-- afterEachMethod -->
        <test-method is-config="true" signature="endTestCase(java.lang.reflect.Method)[pri:0, instance:com.tetherfi.test.reports.OCMChatbotInteractionreportTest@5649d11a]" started-at="2020-06-01T10:17:52 IST" name="endTestCase" finished-at="2020-06-01T10:17:52 IST" duration-ms="1" status="PASS">
          <params>
            <param index="0">
              <value>
                <![CDATA[public void com.tetherfi.test.reports.OCMChatbotInteractionreportTest.ShowOCMChatbotInteractionReport() throws java.lang.Exception]]>
              </value>
            </param>
          </params>
          <reporter-output>
          </reporter-output>
        </test-method> <!-- endTestCase -->
        <test-method is-config="true" signature="startTestCase(java.lang.reflect.Method)[pri:0, instance:com.tetherfi.test.reports.OCMChatbotInteractionreportTest@5649d11a]" started-at="2020-06-01T10:17:52 IST" name="startTestCase" finished-at="2020-06-01T10:17:52 IST" duration-ms="1" status="PASS">
          <params>
            <param index="0">
              <value>
                <![CDATA[public void com.tetherfi.test.reports.OCMChatbotInteractionreportTest.ShowChatbotInteractionReportInNewTab() throws java.lang.Exception]]>
              </value>
            </param>
          </params>
          <reporter-output>
          </reporter-output>
        </test-method> <!-- startTestCase -->
        <test-method is-config="true" signature="NavigateToOcmReportsPage()[pri:0, instance:com.tetherfi.test.reports.OCMChatbotInteractionreportTest@5649d11a]" started-at="2020-06-01T10:17:52 IST" name="NavigateToOcmReportsPage" finished-at="2020-06-01T10:18:05 IST" duration-ms="13321" status="PASS">
          <reporter-output>
          </reporter-output>
        </test-method> <!-- NavigateToOcmReportsPage -->
        <test-method signature="ShowChatbotInteractionReportInNewTab()[pri:2, instance:com.tetherfi.test.reports.OCMChatbotInteractionreportTest@5649d11a]" started-at="2020-06-01T10:18:05 IST" name="ShowChatbotInteractionReportInNewTab" finished-at="2020-06-01T10:18:29 IST" depends-on-methods="com.tetherfi.test.reports.OCMChatbotInteractionreportTest.ShowOCMChatbotInteractionReport" duration-ms="24050" status="PASS">
          <reporter-output>
          </reporter-output>
        </test-method> <!-- ShowChatbotInteractionReportInNewTab -->
        <test-method is-config="true" signature="afterEachMethod(java.lang.reflect.Method)[pri:0, instance:com.tetherfi.test.reports.OCMChatbotInteractionreportTest@5649d11a]" started-at="2020-06-01T10:18:29 IST" name="afterEachMethod" finished-at="2020-06-01T10:18:32 IST" duration-ms="3225" status="PASS">
          <params>
            <param index="0">
              <value>
                <![CDATA[public void com.tetherfi.test.reports.OCMChatbotInteractionreportTest.ShowChatbotInteractionReportInNewTab() throws java.lang.Exception]]>
              </value>
            </param>
          </params>
          <reporter-output>
          </reporter-output>
        </test-method> <!-- afterEachMethod -->
        <test-method is-config="true" signature="endTestCase(java.lang.reflect.Method)[pri:0, instance:com.tetherfi.test.reports.OCMChatbotInteractionreportTest@5649d11a]" started-at="2020-06-01T10:18:32 IST" name="endTestCase" finished-at="2020-06-01T10:18:32 IST" duration-ms="0" status="PASS">
          <params>
            <param index="0">
              <value>
                <![CDATA[public void com.tetherfi.test.reports.OCMChatbotInteractionreportTest.ShowChatbotInteractionReportInNewTab() throws java.lang.Exception]]>
              </value>
            </param>
          </params>
          <reporter-output>
          </reporter-output>
        </test-method> <!-- endTestCase -->
        <test-method is-config="true" signature="startTestCase(java.lang.reflect.Method)[pri:0, instance:com.tetherfi.test.reports.OCMChatbotInteractionreportTest@5649d11a]" started-at="2020-06-01T10:18:32 IST" name="startTestCase" finished-at="2020-06-01T10:18:32 IST" duration-ms="0" status="PASS">
          <params>
            <param index="0">
              <value>
                <![CDATA[public void com.tetherfi.test.reports.OCMChatbotInteractionreportTest.ScheduleOCMChatbotInteractionReport() throws java.lang.Exception]]>
              </value>
            </param>
          </params>
          <reporter-output>
          </reporter-output>
        </test-method> <!-- startTestCase -->
        <test-method is-config="true" signature="NavigateToOcmReportsPage()[pri:0, instance:com.tetherfi.test.reports.OCMChatbotInteractionreportTest@5649d11a]" started-at="2020-06-01T10:18:32 IST" name="NavigateToOcmReportsPage" finished-at="2020-06-01T10:18:38 IST" duration-ms="5891" status="PASS">
          <reporter-output>
          </reporter-output>
        </test-method> <!-- NavigateToOcmReportsPage -->
        <test-method signature="ScheduleOCMChatbotInteractionReport()[pri:3, instance:com.tetherfi.test.reports.OCMChatbotInteractionreportTest@5649d11a]" started-at="2020-06-01T10:18:38 IST" name="ScheduleOCMChatbotInteractionReport" description="To verify Export Scheduler on OCM Reports Page" finished-at="2020-06-01T10:18:51 IST" duration-ms="12773" status="PASS">
          <reporter-output>
          </reporter-output>
        </test-method> <!-- ScheduleOCMChatbotInteractionReport -->
        <test-method is-config="true" signature="afterEachMethod(java.lang.reflect.Method)[pri:0, instance:com.tetherfi.test.reports.OCMChatbotInteractionreportTest@5649d11a]" started-at="2020-06-01T10:18:51 IST" name="afterEachMethod" finished-at="2020-06-01T10:18:52 IST" duration-ms="1198" status="PASS">
          <params>
            <param index="0">
              <value>
                <![CDATA[public void com.tetherfi.test.reports.OCMChatbotInteractionreportTest.ScheduleOCMChatbotInteractionReport() throws java.lang.Exception]]>
              </value>
            </param>
          </params>
          <reporter-output>
          </reporter-output>
        </test-method> <!-- afterEachMethod -->
        <test-method is-config="true" signature="endTestCase(java.lang.reflect.Method)[pri:0, instance:com.tetherfi.test.reports.OCMChatbotInteractionreportTest@5649d11a]" started-at="2020-06-01T10:18:52 IST" name="endTestCase" finished-at="2020-06-01T10:18:52 IST" duration-ms="0" status="PASS">
          <params>
            <param index="0">
              <value>
                <![CDATA[public void com.tetherfi.test.reports.OCMChatbotInteractionreportTest.ScheduleOCMChatbotInteractionReport() throws java.lang.Exception]]>
              </value>
            </param>
          </params>
          <reporter-output>
          </reporter-output>
        </test-method> <!-- endTestCase -->
        <test-method is-config="true" signature="startTestCase(java.lang.reflect.Method)[pri:0, instance:com.tetherfi.test.reports.OCMChatbotInteractionreportTest@5649d11a]" started-at="2020-06-01T10:18:52 IST" name="startTestCase" finished-at="2020-06-01T10:18:52 IST" duration-ms="1" status="PASS">
          <params>
            <param index="0">
              <value>
                <![CDATA[public void com.tetherfi.test.reports.OCMChatbotInteractionreportTest.ExportChatbotInteractionReport() throws java.lang.Exception]]>
              </value>
            </param>
          </params>
          <reporter-output>
          </reporter-output>
        </test-method> <!-- startTestCase -->
        <test-method is-config="true" signature="NavigateToOcmReportsPage()[pri:0, instance:com.tetherfi.test.reports.OCMChatbotInteractionreportTest@5649d11a]" started-at="2020-06-01T10:18:52 IST" name="NavigateToOcmReportsPage" finished-at="2020-06-01T10:18:56 IST" duration-ms="3655" status="PASS">
          <reporter-output>
          </reporter-output>
        </test-method> <!-- NavigateToOcmReportsPage -->
        <test-method signature="ExportChatbotInteractionReport()[pri:4, instance:com.tetherfi.test.reports.OCMChatbotInteractionreportTest@5649d11a]" started-at="2020-06-01T10:18:56 IST" name="ExportChatbotInteractionReport" description="To verify Export Report on OCM Reports Page" finished-at="2020-06-01T10:19:20 IST" duration-ms="23652" status="PASS">
          <reporter-output>
          </reporter-output>
        </test-method> <!-- ExportChatbotInteractionReport -->
        <test-method is-config="true" signature="afterEachMethod(java.lang.reflect.Method)[pri:0, instance:com.tetherfi.test.reports.OCMChatbotInteractionreportTest@5649d11a]" started-at="2020-06-01T10:19:20 IST" name="afterEachMethod" finished-at="2020-06-01T10:19:25 IST" duration-ms="5877" status="PASS">
          <params>
            <param index="0">
              <value>
                <![CDATA[public void com.tetherfi.test.reports.OCMChatbotInteractionreportTest.ExportChatbotInteractionReport() throws java.lang.Exception]]>
              </value>
            </param>
          </params>
          <reporter-output>
          </reporter-output>
        </test-method> <!-- afterEachMethod -->
        <test-method is-config="true" signature="endTestCase(java.lang.reflect.Method)[pri:0, instance:com.tetherfi.test.reports.OCMChatbotInteractionreportTest@5649d11a]" started-at="2020-06-01T10:19:25 IST" name="endTestCase" finished-at="2020-06-01T10:19:25 IST" duration-ms="1" status="PASS">
          <params>
            <param index="0">
              <value>
                <![CDATA[public void com.tetherfi.test.reports.OCMChatbotInteractionreportTest.ExportChatbotInteractionReport() throws java.lang.Exception]]>
              </value>
            </param>
          </params>
          <reporter-output>
          </reporter-output>
        </test-method> <!-- endTestCase -->
        <test-method is-config="true" signature="startTestCase(java.lang.reflect.Method)[pri:0, instance:com.tetherfi.test.reports.OCMChatbotInteractionreportTest@5649d11a]" started-at="2020-06-01T10:19:25 IST" name="startTestCase" finished-at="2020-06-01T10:19:25 IST" duration-ms="1" status="PASS">
          <params>
            <param index="0">
              <value>
                <![CDATA[public void com.tetherfi.test.reports.OCMChatbotInteractionreportTest.ViewDownloadedChatbotInteractionReportInReportsDownloadPage() throws java.io.IOException]]>
              </value>
            </param>
          </params>
          <reporter-output>
          </reporter-output>
        </test-method> <!-- startTestCase -->
        <test-method is-config="true" signature="NavigateToOcmReportsPage()[pri:0, instance:com.tetherfi.test.reports.OCMChatbotInteractionreportTest@5649d11a]" started-at="2020-06-01T10:19:25 IST" name="NavigateToOcmReportsPage" finished-at="2020-06-01T10:19:31 IST" duration-ms="5754" status="PASS">
          <reporter-output>
          </reporter-output>
        </test-method> <!-- NavigateToOcmReportsPage -->
        <test-method signature="ViewDownloadedChatbotInteractionReportInReportsDownloadPage()[pri:5, instance:com.tetherfi.test.reports.OCMChatbotInteractionreportTest@5649d11a]" started-at="2020-06-01T10:19:31 IST" name="ViewDownloadedChatbotInteractionReportInReportsDownloadPage" description="To verify view download in Report downloads" finished-at="2020-06-01T10:19:39 IST" depends-on-methods="com.tetherfi.test.reports.OCMChatbotInteractionreportTest.ExportChatbotInteractionReport" duration-ms="7417" status="PASS">
          <reporter-output>
          </reporter-output>
        </test-method> <!-- ViewDownloadedChatbotInteractionReportInReportsDownloadPage -->
        <test-method is-config="true" signature="afterEachMethod(java.lang.reflect.Method)[pri:0, instance:com.tetherfi.test.reports.OCMChatbotInteractionreportTest@5649d11a]" started-at="2020-06-01T10:19:39 IST" name="afterEachMethod" finished-at="2020-06-01T10:19:40 IST" duration-ms="1258" status="PASS">
          <params>
            <param index="0">
              <value>
                <![CDATA[public void com.tetherfi.test.reports.OCMChatbotInteractionreportTest.ViewDownloadedChatbotInteractionReportInReportsDownloadPage() throws java.io.IOException]]>
              </value>
            </param>
          </params>
          <reporter-output>
          </reporter-output>
        </test-method> <!-- afterEachMethod -->
        <test-method is-config="true" signature="endTestCase(java.lang.reflect.Method)[pri:0, instance:com.tetherfi.test.reports.OCMChatbotInteractionreportTest@5649d11a]" started-at="2020-06-01T10:19:40 IST" name="endTestCase" finished-at="2020-06-01T10:19:40 IST" duration-ms="1" status="PASS">
          <params>
            <param index="0">
              <value>
                <![CDATA[public void com.tetherfi.test.reports.OCMChatbotInteractionreportTest.ViewDownloadedChatbotInteractionReportInReportsDownloadPage() throws java.io.IOException]]>
              </value>
            </param>
          </params>
          <reporter-output>
          </reporter-output>
        </test-method> <!-- endTestCase -->
        <test-method is-config="true" signature="startTestCase(java.lang.reflect.Method)[pri:0, instance:com.tetherfi.test.reports.OCMChatbotInteractionreportTest@5649d11a]" started-at="2020-06-01T10:19:40 IST" name="startTestCase" finished-at="2020-06-01T10:19:40 IST" duration-ms="0" status="PASS">
          <params>
            <param index="0">
              <value>
                <![CDATA[public void com.tetherfi.test.reports.OCMChatbotInteractionreportTest.VerifyViewDownloadedOcmChatbotInteractionReportInReportsDownloadPage() throws java.lang.Exception]]>
              </value>
            </param>
          </params>
          <reporter-output>
          </reporter-output>
        </test-method> <!-- startTestCase -->
        <test-method is-config="true" signature="NavigateToOcmReportsPage()[pri:0, instance:com.tetherfi.test.reports.OCMChatbotInteractionreportTest@5649d11a]" started-at="2020-06-01T10:19:40 IST" name="NavigateToOcmReportsPage" finished-at="2020-06-01T10:19:45 IST" duration-ms="5532" status="PASS">
          <reporter-output>
          </reporter-output>
        </test-method> <!-- NavigateToOcmReportsPage -->
        <test-method signature="VerifyViewDownloadedOcmChatbotInteractionReportInReportsDownloadPage()[pri:6, instance:com.tetherfi.test.reports.OCMChatbotInteractionreportTest@5649d11a]" started-at="2020-06-01T10:19:45 IST" name="VerifyViewDownloadedOcmChatbotInteractionReportInReportsDownloadPage" finished-at="2020-06-01T10:22:28 IST" duration-ms="162902" status="FAIL">
          <exception class="java.lang.AssertionError">
            <message>
              <![CDATA[did not expect to find [true] but found [false]]]>
            </message>
            <full-stacktrace>
              <![CDATA[java.lang.AssertionError: did not expect to find [true] but found [false]
at org.testng.Assert.fail(Assert.java:97)
at org.testng.Assert.failNotEquals(Assert.java:969)
at org.testng.Assert.assertTrue(Assert.java:43)
at org.testng.Assert.assertTrue(Assert.java:53)
at com.tetherfi.test.reports.OCMChatbotInteractionreportTest.VerifyViewDownloadedOcmChatbotInteractionReportInReportsDownloadPage(OCMChatbotInteractionreportTest.java:92)
at java.base/jdk.internal.reflect.NativeMethodAccessorImpl.invoke0(Native Method)
at java.base/jdk.internal.reflect.NativeMethodAccessorImpl.invoke(Unknown Source)
at java.base/jdk.internal.reflect.DelegatingMethodAccessorImpl.invoke(Unknown Source)
at java.base/java.lang.reflect.Method.invoke(Unknown Source)
at org.testng.internal.MethodInvocationHelper.invokeMethod(MethodInvocationHelper.java:133)
at org.testng.internal.TestInvoker.invokeMethod(TestInvoker.java:584)
at org.testng.internal.TestInvoker.invokeTestMethod(TestInvoker.java:172)
at org.testng.internal.MethodRunner.runInSequence(MethodRunner.java:46)
at org.testng.internal.TestInvoker$MethodInvocationAgent.invoke(TestInvoker.java:804)
at org.testng.internal.TestInvoker.invokeTestMethods(TestInvoker.java:145)
at org.testng.internal.TestMethodWorker.invokeTestMethods(TestMethodWorker.java:146)
at org.testng.internal.TestMethodWorker.run(TestMethodWorker.java:128)
at java.base/java.util.ArrayList.forEach(Unknown Source)
at org.testng.TestRunner.privateRun(TestRunner.java:770)
at org.testng.TestRunner.run(TestRunner.java:591)
at org.testng.SuiteRunner.runTest(SuiteRunner.java:402)
at org.testng.SuiteRunner.runSequentially(SuiteRunner.java:396)
at org.testng.SuiteRunner.privateRun(SuiteRunner.java:355)
at org.testng.SuiteRunner.run(SuiteRunner.java:304)
at org.testng.SuiteRunnerWorker.runSuite(SuiteRunnerWorker.java:53)
at org.testng.SuiteRunnerWorker.run(SuiteRunnerWorker.java:96)
at org.testng.TestNG.runSuitesSequentially(TestNG.java:1180)
at org.testng.TestNG.runSuitesLocally(TestNG.java:1102)
at org.testng.TestNG.runSuites(TestNG.java:1032)
at org.testng.TestNG.run(TestNG.java:1000)
at org.testng.remote.AbstractRemoteTestNG.run(AbstractRemoteTestNG.java:115)
at org.testng.remote.RemoteTestNG.initAndRun(RemoteTestNG.java:251)
at org.testng.remote.RemoteTestNG.main(RemoteTestNG.java:77)
]]>
            </full-stacktrace>
          </exception> <!-- java.lang.AssertionError -->
          <reporter-output>
          </reporter-output>
        </test-method> <!-- VerifyViewDownloadedOcmChatbotInteractionReportInReportsDownloadPage -->
        <test-method is-config="true" signature="afterEachMethod(java.lang.reflect.Method)[pri:0, instance:com.tetherfi.test.reports.OCMChatbotInteractionreportTest@5649d11a]" started-at="2020-06-01T10:22:28 IST" name="afterEachMethod" finished-at="2020-06-01T10:22:30 IST" duration-ms="1551" status="PASS">
          <params>
            <param index="0">
              <value>
                <![CDATA[public void com.tetherfi.test.reports.OCMChatbotInteractionreportTest.VerifyViewDownloadedOcmChatbotInteractionReportInReportsDownloadPage() throws java.lang.Exception]]>
              </value>
            </param>
          </params>
          <reporter-output>
          </reporter-output>
        </test-method> <!-- afterEachMethod -->
        <test-method is-config="true" signature="endTestCase(java.lang.reflect.Method)[pri:0, instance:com.tetherfi.test.reports.OCMChatbotInteractionreportTest@5649d11a]" started-at="2020-06-01T10:22:30 IST" name="endTestCase" finished-at="2020-06-01T10:22:30 IST" duration-ms="2" status="PASS">
          <params>
            <param index="0">
              <value>
                <![CDATA[public void com.tetherfi.test.reports.OCMChatbotInteractionreportTest.VerifyViewDownloadedOcmChatbotInteractionReportInReportsDownloadPage() throws java.lang.Exception]]>
              </value>
            </param>
          </params>
          <reporter-output>
          </reporter-output>
        </test-method> <!-- endTestCase -->
        <test-method is-config="true" signature="startTestCase(java.lang.reflect.Method)[pri:0, instance:com.tetherfi.test.reports.OCMChatbotInteractionreportTest@5649d11a]" started-at="2020-06-01T10:22:30 IST" name="startTestCase" finished-at="2020-06-01T10:22:30 IST" duration-ms="0" status="PASS">
          <params>
            <param index="0">
              <value>
                <![CDATA[public void com.tetherfi.test.reports.OCMChatbotInteractionreportTest.ShowChatbotInteractionReportForDateRange() throws java.lang.Exception]]>
              </value>
            </param>
          </params>
          <reporter-output>
          </reporter-output>
        </test-method> <!-- startTestCase -->
        <test-method is-config="true" signature="NavigateToOcmReportsPage()[pri:0, instance:com.tetherfi.test.reports.OCMChatbotInteractionreportTest@5649d11a]" started-at="2020-06-01T10:22:30 IST" name="NavigateToOcmReportsPage" finished-at="2020-06-01T10:22:43 IST" duration-ms="13361" status="PASS">
          <reporter-output>
          </reporter-output>
        </test-method> <!-- NavigateToOcmReportsPage -->
        <test-method signature="ShowChatbotInteractionReportForDateRange()[pri:7, instance:com.tetherfi.test.reports.OCMChatbotInteractionreportTest@5649d11a]" started-at="2020-06-01T10:22:43 IST" name="ShowChatbotInteractionReportForDateRange" description="To verify Show Report for Date Range" finished-at="2020-06-01T10:23:07 IST" duration-ms="23827" status="PASS">
          <reporter-output>
          </reporter-output>
        </test-method> <!-- ShowChatbotInteractionReportForDateRange -->
        <test-method is-config="true" signature="afterEachMethod(java.lang.reflect.Method)[pri:0, instance:com.tetherfi.test.reports.OCMChatbotInteractionreportTest@5649d11a]" started-at="2020-06-01T10:23:07 IST" name="afterEachMethod" finished-at="2020-06-01T10:23:08 IST" duration-ms="1453" status="PASS">
          <params>
            <param index="0">
              <value>
                <![CDATA[public void com.tetherfi.test.reports.OCMChatbotInteractionreportTest.ShowChatbotInteractionReportForDateRange() throws java.lang.Exception]]>
              </value>
            </param>
          </params>
          <reporter-output>
          </reporter-output>
        </test-method> <!-- afterEachMethod -->
        <test-method is-config="true" signature="endTestCase(java.lang.reflect.Method)[pri:0, instance:com.tetherfi.test.reports.OCMChatbotInteractionreportTest@5649d11a]" started-at="2020-06-01T10:23:08 IST" name="endTestCase" finished-at="2020-06-01T10:23:08 IST" duration-ms="0" status="PASS">
          <params>
            <param index="0">
              <value>
                <![CDATA[public void com.tetherfi.test.reports.OCMChatbotInteractionreportTest.ShowChatbotInteractionReportForDateRange() throws java.lang.Exception]]>
              </value>
            </param>
          </params>
          <reporter-output>
          </reporter-output>
        </test-method> <!-- endTestCase -->
        <test-method is-config="true" signature="startTestCase(java.lang.reflect.Method)[pri:0, instance:com.tetherfi.test.reports.OCMChatbotInteractionreportTest@5649d11a]" started-at="2020-06-01T10:23:08 IST" name="startTestCase" finished-at="2020-06-01T10:23:08 IST" duration-ms="1" status="PASS">
          <params>
            <param index="0">
              <value>
                <![CDATA[public void com.tetherfi.test.reports.OCMChatbotInteractionreportTest.ShowChatbotInteractionReportInNewTabDateRange() throws java.lang.Exception]]>
              </value>
            </param>
          </params>
          <reporter-output>
          </reporter-output>
        </test-method> <!-- startTestCase -->
        <test-method is-config="true" signature="NavigateToOcmReportsPage()[pri:0, instance:com.tetherfi.test.reports.OCMChatbotInteractionreportTest@5649d11a]" started-at="2020-06-01T10:23:08 IST" name="NavigateToOcmReportsPage" finished-at="2020-06-01T10:23:23 IST" duration-ms="14237" status="PASS">
          <reporter-output>
          </reporter-output>
        </test-method> <!-- NavigateToOcmReportsPage -->
        <test-method signature="ShowChatbotInteractionReportInNewTabDateRange()[pri:8, instance:com.tetherfi.test.reports.OCMChatbotInteractionreportTest@5649d11a]" started-at="2020-06-01T10:23:23 IST" name="ShowChatbotInteractionReportInNewTabDateRange" description="To verify Show Report for Date Range in New Tab" finished-at="2020-06-01T10:23:48 IST" duration-ms="25443" status="PASS">
          <reporter-output>
          </reporter-output>
        </test-method> <!-- ShowChatbotInteractionReportInNewTabDateRange -->
        <test-method is-config="true" signature="afterEachMethod(java.lang.reflect.Method)[pri:0, instance:com.tetherfi.test.reports.OCMChatbotInteractionreportTest@5649d11a]" started-at="2020-06-01T10:23:48 IST" name="afterEachMethod" finished-at="2020-06-01T10:23:52 IST" duration-ms="4199" status="PASS">
          <params>
            <param index="0">
              <value>
                <![CDATA[public void com.tetherfi.test.reports.OCMChatbotInteractionreportTest.ShowChatbotInteractionReportInNewTabDateRange() throws java.lang.Exception]]>
              </value>
            </param>
          </params>
          <reporter-output>
          </reporter-output>
        </test-method> <!-- afterEachMethod -->
        <test-method is-config="true" signature="endTestCase(java.lang.reflect.Method)[pri:0, instance:com.tetherfi.test.reports.OCMChatbotInteractionreportTest@5649d11a]" started-at="2020-06-01T10:23:52 IST" name="endTestCase" finished-at="2020-06-01T10:23:52 IST" duration-ms="0" status="PASS">
          <params>
            <param index="0">
              <value>
                <![CDATA[public void com.tetherfi.test.reports.OCMChatbotInteractionreportTest.ShowChatbotInteractionReportInNewTabDateRange() throws java.lang.Exception]]>
              </value>
            </param>
          </params>
          <reporter-output>
          </reporter-output>
        </test-method> <!-- endTestCase -->
        <test-method is-config="true" signature="startTestCase(java.lang.reflect.Method)[pri:0, instance:com.tetherfi.test.reports.OCMChatbotInteractionreportTest@5649d11a]" started-at="2020-06-01T10:23:52 IST" name="startTestCase" finished-at="2020-06-01T10:23:52 IST" duration-ms="0" status="PASS">
          <params>
            <param index="0">
              <value>
                <![CDATA[public void com.tetherfi.test.reports.OCMChatbotInteractionreportTest.ExportChatbotInteractionReportDateRange() throws java.lang.Exception]]>
              </value>
            </param>
          </params>
          <reporter-output>
          </reporter-output>
        </test-method> <!-- startTestCase -->
        <test-method is-config="true" signature="NavigateToOcmReportsPage()[pri:0, instance:com.tetherfi.test.reports.OCMChatbotInteractionreportTest@5649d11a]" started-at="2020-06-01T10:23:52 IST" name="NavigateToOcmReportsPage" finished-at="2020-06-01T10:23:58 IST" duration-ms="5339" status="PASS">
          <reporter-output>
          </reporter-output>
        </test-method> <!-- NavigateToOcmReportsPage -->
        <test-method signature="ExportChatbotInteractionReportDateRange()[pri:9, instance:com.tetherfi.test.reports.OCMChatbotInteractionreportTest@5649d11a]" started-at="2020-06-01T10:23:58 IST" name="ExportChatbotInteractionReportDateRange" description="To verify Export Report on OCM Reports Page for Date Range" finished-at="2020-06-01T10:24:20 IST" duration-ms="21958" status="PASS">
          <reporter-output>
          </reporter-output>
        </test-method> <!-- ExportChatbotInteractionReportDateRange -->
        <test-method is-config="true" signature="afterEachMethod(java.lang.reflect.Method)[pri:0, instance:com.tetherfi.test.reports.OCMChatbotInteractionreportTest@5649d11a]" started-at="2020-06-01T10:24:20 IST" name="afterEachMethod" finished-at="2020-06-01T10:24:23 IST" duration-ms="3398" status="PASS">
          <params>
            <param index="0">
              <value>
                <![CDATA[public void com.tetherfi.test.reports.OCMChatbotInteractionreportTest.ExportChatbotInteractionReportDateRange() throws java.lang.Exception]]>
              </value>
            </param>
          </params>
          <reporter-output>
          </reporter-output>
        </test-method> <!-- afterEachMethod -->
        <test-method is-config="true" signature="endTestCase(java.lang.reflect.Method)[pri:0, instance:com.tetherfi.test.reports.OCMChatbotInteractionreportTest@5649d11a]" started-at="2020-06-01T10:24:23 IST" name="endTestCase" finished-at="2020-06-01T10:24:23 IST" duration-ms="1" status="PASS">
          <params>
            <param index="0">
              <value>
                <![CDATA[public void com.tetherfi.test.reports.OCMChatbotInteractionreportTest.ExportChatbotInteractionReportDateRange() throws java.lang.Exception]]>
              </value>
            </param>
          </params>
          <reporter-output>
          </reporter-output>
        </test-method> <!-- endTestCase -->
        <test-method is-config="true" signature="startTestCase(java.lang.reflect.Method)[pri:0, instance:com.tetherfi.test.reports.OCMChatbotInteractionreportTest@5649d11a]" started-at="2020-06-01T10:24:23 IST" name="startTestCase" finished-at="2020-06-01T10:24:23 IST" duration-ms="0" status="PASS">
          <params>
            <param index="0">
              <value>
                <![CDATA[public void com.tetherfi.test.reports.OCMChatbotInteractionreportTest.ScheduleChatbotInteractionReportforDateRange() throws java.lang.Exception]]>
              </value>
            </param>
          </params>
          <reporter-output>
          </reporter-output>
        </test-method> <!-- startTestCase -->
        <test-method is-config="true" signature="NavigateToOcmReportsPage()[pri:0, instance:com.tetherfi.test.reports.OCMChatbotInteractionreportTest@5649d11a]" started-at="2020-06-01T10:24:23 IST" name="NavigateToOcmReportsPage" finished-at="2020-06-01T10:24:27 IST" duration-ms="3575" status="PASS">
          <reporter-output>
          </reporter-output>
        </test-method> <!-- NavigateToOcmReportsPage -->
        <test-method signature="ScheduleChatbotInteractionReportforDateRange()[pri:10, instance:com.tetherfi.test.reports.OCMChatbotInteractionreportTest@5649d11a]" started-at="2020-06-01T10:24:27 IST" name="ScheduleChatbotInteractionReportforDateRange" description="To verify Export Scheduler on OCM Reports Page for Date Range" finished-at="2020-06-01T10:24:40 IST" duration-ms="13756" status="PASS">
          <reporter-output>
          </reporter-output>
        </test-method> <!-- ScheduleChatbotInteractionReportforDateRange -->
        <test-method is-config="true" signature="afterEachMethod(java.lang.reflect.Method)[pri:0, instance:com.tetherfi.test.reports.OCMChatbotInteractionreportTest@5649d11a]" started-at="2020-06-01T10:24:40 IST" name="afterEachMethod" finished-at="2020-06-01T10:24:42 IST" duration-ms="1195" status="PASS">
          <params>
            <param index="0">
              <value>
                <![CDATA[public void com.tetherfi.test.reports.OCMChatbotInteractionreportTest.ScheduleChatbotInteractionReportforDateRange() throws java.lang.Exception]]>
              </value>
            </param>
          </params>
          <reporter-output>
          </reporter-output>
        </test-method> <!-- afterEachMethod -->
        <test-method is-config="true" signature="endTestCase(java.lang.reflect.Method)[pri:0, instance:com.tetherfi.test.reports.OCMChatbotInteractionreportTest@5649d11a]" started-at="2020-06-01T10:24:42 IST" name="endTestCase" finished-at="2020-06-01T10:24:42 IST" duration-ms="0" status="PASS">
          <params>
            <param index="0">
              <value>
                <![CDATA[public void com.tetherfi.test.reports.OCMChatbotInteractionreportTest.ScheduleChatbotInteractionReportforDateRange() throws java.lang.Exception]]>
              </value>
            </param>
          </params>
          <reporter-output>
          </reporter-output>
        </test-method> <!-- endTestCase -->
        <test-method is-config="true" signature="startTestCase(java.lang.reflect.Method)[pri:0, instance:com.tetherfi.test.reports.OCMChatbotInteractionreportTest@5649d11a]" started-at="2020-06-01T10:24:42 IST" name="startTestCase" finished-at="2020-06-01T10:24:42 IST" duration-ms="0" status="PASS">
          <params>
            <param index="0">
              <value>
                <![CDATA[public void com.tetherfi.test.reports.OCMChatbotInteractionreportTest.ViewDownloadedChatbotInteractionReportInReportsDownloadPageDateRange() throws java.io.IOException]]>
              </value>
            </param>
          </params>
          <reporter-output>
          </reporter-output>
        </test-method> <!-- startTestCase -->
        <test-method is-config="true" signature="NavigateToOcmReportsPage()[pri:0, instance:com.tetherfi.test.reports.OCMChatbotInteractionreportTest@5649d11a]" started-at="2020-06-01T10:24:42 IST" name="NavigateToOcmReportsPage" finished-at="2020-06-01T10:24:46 IST" duration-ms="4587" status="PASS">
          <reporter-output>
          </reporter-output>
        </test-method> <!-- NavigateToOcmReportsPage -->
        <test-method signature="ViewDownloadedChatbotInteractionReportInReportsDownloadPageDateRange()[pri:11, instance:com.tetherfi.test.reports.OCMChatbotInteractionreportTest@5649d11a]" started-at="2020-06-01T10:24:46 IST" name="ViewDownloadedChatbotInteractionReportInReportsDownloadPageDateRange" description="To verification of exported excel in Report downloads for Date Range" finished-at="2020-06-01T10:24:52 IST" depends-on-methods="com.tetherfi.test.reports.OCMChatbotInteractionreportTest.ExportChatbotInteractionReportDateRange" duration-ms="6086" status="PASS">
          <reporter-output>
          </reporter-output>
        </test-method> <!-- ViewDownloadedChatbotInteractionReportInReportsDownloadPageDateRange -->
        <test-method is-config="true" signature="afterEachMethod(java.lang.reflect.Method)[pri:0, instance:com.tetherfi.test.reports.OCMChatbotInteractionreportTest@5649d11a]" started-at="2020-06-01T10:24:52 IST" name="afterEachMethod" finished-at="2020-06-01T10:24:53 IST" duration-ms="1158" status="PASS">
          <params>
            <param index="0">
              <value>
                <![CDATA[public void com.tetherfi.test.reports.OCMChatbotInteractionreportTest.ViewDownloadedChatbotInteractionReportInReportsDownloadPageDateRange() throws java.io.IOException]]>
              </value>
            </param>
          </params>
          <reporter-output>
          </reporter-output>
        </test-method> <!-- afterEachMethod -->
        <test-method is-config="true" signature="endTestCase(java.lang.reflect.Method)[pri:0, instance:com.tetherfi.test.reports.OCMChatbotInteractionreportTest@5649d11a]" started-at="2020-06-01T10:24:53 IST" name="endTestCase" finished-at="2020-06-01T10:24:53 IST" duration-ms="1" status="PASS">
          <params>
            <param index="0">
              <value>
                <![CDATA[public void com.tetherfi.test.reports.OCMChatbotInteractionreportTest.ViewDownloadedChatbotInteractionReportInReportsDownloadPageDateRange() throws java.io.IOException]]>
              </value>
            </param>
          </params>
          <reporter-output>
          </reporter-output>
        </test-method> <!-- endTestCase -->
        <test-method is-config="true" signature="startTestCase(java.lang.reflect.Method)[pri:0, instance:com.tetherfi.test.reports.OCMChatbotInteractionreportTest@5649d11a]" started-at="2020-06-01T10:24:53 IST" name="startTestCase" finished-at="2020-06-01T10:24:53 IST" duration-ms="1" status="PASS">
          <params>
            <param index="0">
              <value>
                <![CDATA[public void com.tetherfi.test.reports.OCMChatbotInteractionreportTest.VerifyViewDownloadedOcmChatbotInteractionReportInReportsDownloadDateRangePage() throws java.lang.Exception]]>
              </value>
            </param>
          </params>
          <reporter-output>
          </reporter-output>
        </test-method> <!-- startTestCase -->
        <test-method is-config="true" signature="NavigateToOcmReportsPage()[pri:0, instance:com.tetherfi.test.reports.OCMChatbotInteractionreportTest@5649d11a]" started-at="2020-06-01T10:24:53 IST" name="NavigateToOcmReportsPage" finished-at="2020-06-01T10:24:58 IST" duration-ms="5030" status="PASS">
          <reporter-output>
          </reporter-output>
        </test-method> <!-- NavigateToOcmReportsPage -->
        <test-method signature="VerifyViewDownloadedOcmChatbotInteractionReportInReportsDownloadDateRangePage()[pri:12, instance:com.tetherfi.test.reports.OCMChatbotInteractionreportTest@5649d11a]" started-at="2020-06-01T10:24:58 IST" name="VerifyViewDownloadedOcmChatbotInteractionReportInReportsDownloadDateRangePage" description="To verification of exported excel in Report downloads" finished-at="2020-06-01T10:38:54 IST" depends-on-methods="com.tetherfi.test.reports.OCMChatbotInteractionreportTest.ViewDownloadedChatbotInteractionReportInReportsDownloadPageDateRange" duration-ms="835508" status="FAIL">
          <exception class="java.lang.AssertionError">
            <message>
              <![CDATA[did not expect to find [true] but found [false]]]>
            </message>
            <full-stacktrace>
              <![CDATA[java.lang.AssertionError: did not expect to find [true] but found [false]
at org.testng.Assert.fail(Assert.java:97)
at org.testng.Assert.failNotEquals(Assert.java:969)
at org.testng.Assert.assertTrue(Assert.java:43)
at org.testng.Assert.assertTrue(Assert.java:53)
at com.tetherfi.test.reports.OCMChatbotInteractionreportTest.VerifyViewDownloadedOcmChatbotInteractionReportInReportsDownloadDateRangePage(OCMChatbotInteractionreportTest.java:153)
at java.base/jdk.internal.reflect.NativeMethodAccessorImpl.invoke0(Native Method)
at java.base/jdk.internal.reflect.NativeMethodAccessorImpl.invoke(Unknown Source)
at java.base/jdk.internal.reflect.DelegatingMethodAccessorImpl.invoke(Unknown Source)
at java.base/java.lang.reflect.Method.invoke(Unknown Source)
at org.testng.internal.MethodInvocationHelper.invokeMethod(MethodInvocationHelper.java:133)
at org.testng.internal.TestInvoker.invokeMethod(TestInvoker.java:584)
at org.testng.internal.TestInvoker.invokeTestMethod(TestInvoker.java:172)
at org.testng.internal.MethodRunner.runInSequence(MethodRunner.java:46)
at org.testng.internal.TestInvoker$MethodInvocationAgent.invoke(TestInvoker.java:804)
at org.testng.internal.TestInvoker.invokeTestMethods(TestInvoker.java:145)
at org.testng.internal.TestMethodWorker.invokeTestMethods(TestMethodWorker.java:146)
at org.testng.internal.TestMethodWorker.run(TestMethodWorker.java:128)
at java.base/java.util.ArrayList.forEach(Unknown Source)
at org.testng.TestRunner.privateRun(TestRunner.java:770)
at org.testng.TestRunner.run(TestRunner.java:591)
at org.testng.SuiteRunner.runTest(SuiteRunner.java:402)
at org.testng.SuiteRunner.runSequentially(SuiteRunner.java:396)
at org.testng.SuiteRunner.privateRun(SuiteRunner.java:355)
at org.testng.SuiteRunner.run(SuiteRunner.java:304)
at org.testng.SuiteRunnerWorker.runSuite(SuiteRunnerWorker.java:53)
at org.testng.SuiteRunnerWorker.run(SuiteRunnerWorker.java:96)
at org.testng.TestNG.runSuitesSequentially(TestNG.java:1180)
at org.testng.TestNG.runSuitesLocally(TestNG.java:1102)
at org.testng.TestNG.runSuites(TestNG.java:1032)
at org.testng.TestNG.run(TestNG.java:1000)
at org.testng.remote.AbstractRemoteTestNG.run(AbstractRemoteTestNG.java:115)
at org.testng.remote.RemoteTestNG.initAndRun(RemoteTestNG.java:251)
at org.testng.remote.RemoteTestNG.main(RemoteTestNG.java:77)
]]>
            </full-stacktrace>
          </exception> <!-- java.lang.AssertionError -->
          <reporter-output>
          </reporter-output>
        </test-method> <!-- VerifyViewDownloadedOcmChatbotInteractionReportInReportsDownloadDateRangePage -->
        <test-method is-config="true" signature="afterEachMethod(java.lang.reflect.Method)[pri:0, instance:com.tetherfi.test.reports.OCMChatbotInteractionreportTest@5649d11a]" started-at="2020-06-01T10:38:54 IST" name="afterEachMethod" finished-at="2020-06-01T10:38:56 IST" duration-ms="2341" status="PASS">
          <params>
            <param index="0">
              <value>
                <![CDATA[public void com.tetherfi.test.reports.OCMChatbotInteractionreportTest.VerifyViewDownloadedOcmChatbotInteractionReportInReportsDownloadDateRangePage() throws java.lang.Exception]]>
              </value>
            </param>
          </params>
          <reporter-output>
          </reporter-output>
        </test-method> <!-- afterEachMethod -->
        <test-method is-config="true" signature="endTestCase(java.lang.reflect.Method)[pri:0, instance:com.tetherfi.test.reports.OCMChatbotInteractionreportTest@5649d11a]" started-at="2020-06-01T10:38:56 IST" name="endTestCase" finished-at="2020-06-01T10:38:56 IST" duration-ms="0" status="PASS">
          <params>
            <param index="0">
              <value>
                <![CDATA[public void com.tetherfi.test.reports.OCMChatbotInteractionreportTest.VerifyViewDownloadedOcmChatbotInteractionReportInReportsDownloadDateRangePage() throws java.lang.Exception]]>
              </value>
            </param>
          </params>
          <reporter-output>
          </reporter-output>
        </test-method> <!-- endTestCase -->
        <test-method is-config="true" signature="startTestCase(java.lang.reflect.Method)[pri:0, instance:com.tetherfi.test.reports.OCMChatbotInteractionreportTest@5649d11a]" started-at="2020-06-01T10:38:56 IST" name="startTestCase" finished-at="2020-06-01T10:38:56 IST" duration-ms="2" status="PASS">
          <params>
            <param index="0">
              <value>
                <![CDATA[public void com.tetherfi.test.reports.OCMChatbotInteractionreportTest.DeleteWithoutDeleteReasonRecordinReportsDownload() throws java.lang.Exception]]>
              </value>
            </param>
          </params>
          <reporter-output>
          </reporter-output>
        </test-method> <!-- startTestCase -->
        <test-method is-config="true" signature="NavigateToOcmReportsPage()[pri:0, instance:com.tetherfi.test.reports.OCMChatbotInteractionreportTest@5649d11a]" started-at="2020-06-01T10:38:56 IST" name="NavigateToOcmReportsPage" finished-at="2020-06-01T10:39:10 IST" duration-ms="14190" status="PASS">
          <reporter-output>
          </reporter-output>
        </test-method> <!-- NavigateToOcmReportsPage -->
        <test-method signature="DeleteWithoutDeleteReasonRecordinReportsDownload()[pri:13, instance:com.tetherfi.test.reports.OCMChatbotInteractionreportTest@5649d11a]" started-at="2020-06-01T10:39:10 IST" name="DeleteWithoutDeleteReasonRecordinReportsDownload" description="Delete record in Reports Download without Delete reason" finished-at="2020-06-01T10:39:17 IST" duration-ms="6031" status="FAIL">
          <exception class="org.openqa.selenium.NoSuchElementException">
            <message>
              <![CDATA[no such element: Unable to locate element: {"method":"css selector","selector":"#toast-container .toast-success .toast-message"}
  (Session info: chrome=83.0.4103.61)
For documentation on this error, please visit: https://www.seleniumhq.org/exceptions/no_such_element.html
Build info: version: '3.141.59', revision: 'e82be7d358', time: '2018-11-14T08:17:03'
System info: host: 'ADMIN', ip: '192.168.1.4', os.name: 'Windows 8.1', os.arch: 'amd64', os.version: '6.3', java.version: '9.0.4'
Driver info: org.openqa.selenium.chrome.ChromeDriver
Capabilities {acceptInsecureCerts: false, browserName: chrome, browserVersion: 83.0.4103.61, chrome: {chromedriverVersion: 83.0.4103.39 (ccbf011cb2d2b..., userDataDir: C:\Users\ADMINP~1\AppData\L...}, goog:chromeOptions: {debuggerAddress: localhost:49765}, javascriptEnabled: true, networkConnectionEnabled: false, pageLoadStrategy: normal, platform: WINDOWS, platformName: WINDOWS, proxy: Proxy(), setWindowRect: true, strictFileInteractability: false, timeouts: {implicit: 0, pageLoad: 300000, script: 30000}, unhandledPromptBehavior: dismiss and notify, webauthn:virtualAuthenticators: true}
Session ID: 9640f4ed6037cefb5b02c0acaf9bb95e
*** Element info: {Using=css selector, value=#toast-container .toast-success .toast-message}]]>
            </message>
            <full-stacktrace>
              <![CDATA[org.openqa.selenium.NoSuchElementException: no such element: Unable to locate element: {"method":"css selector","selector":"#toast-container .toast-success .toast-message"}
  (Session info: chrome=83.0.4103.61)
For documentation on this error, please visit: https://www.seleniumhq.org/exceptions/no_such_element.html
Build info: version: '3.141.59', revision: 'e82be7d358', time: '2018-11-14T08:17:03'
System info: host: 'ADMIN', ip: '192.168.1.4', os.name: 'Windows 8.1', os.arch: 'amd64', os.version: '6.3', java.version: '9.0.4'
Driver info: org.openqa.selenium.chrome.ChromeDriver
Capabilities {acceptInsecureCerts: false, browserName: chrome, browserVersion: 83.0.4103.61, chrome: {chromedriverVersion: 83.0.4103.39 (ccbf011cb2d2b..., userDataDir: C:\Users\ADMINP~1\AppData\L...}, goog:chromeOptions: {debuggerAddress: localhost:49765}, javascriptEnabled: true, networkConnectionEnabled: false, pageLoadStrategy: normal, platform: WINDOWS, platformName: WINDOWS, proxy: Proxy(), setWindowRect: true, strictFileInteractability: false, timeouts: {implicit: 0, pageLoad: 300000, script: 30000}, unhandledPromptBehavior: dismiss and notify, webauthn:virtualAuthenticators: true}
Session ID: 9640f4ed6037cefb5b02c0acaf9bb95e
*** Element info: {Using=css selector, value=#toast-container .toast-success .toast-message}
at java.base/jdk.internal.reflect.NativeConstructorAccessorImpl.newInstance0(Native Method)
at java.base/jdk.internal.reflect.NativeConstructorAccessorImpl.newInstance(Unknown Source)
at java.base/jdk.internal.reflect.DelegatingConstructorAccessorImpl.newInstance(Unknown Source)
at java.base/java.lang.reflect.Constructor.newInstance(Unknown Source)
at org.openqa.selenium.remote.http.W3CHttpResponseCodec.createException(W3CHttpResponseCodec.java:187)
at org.openqa.selenium.remote.http.W3CHttpResponseCodec.decode(W3CHttpResponseCodec.java:122)
at org.openqa.selenium.remote.http.W3CHttpResponseCodec.decode(W3CHttpResponseCodec.java:49)
at org.openqa.selenium.remote.HttpCommandExecutor.execute(HttpCommandExecutor.java:158)
at org.openqa.selenium.remote.service.DriverCommandExecutor.execute(DriverCommandExecutor.java:83)
at org.openqa.selenium.remote.RemoteWebDriver.execute(RemoteWebDriver.java:552)
at org.openqa.selenium.remote.RemoteWebDriver.findElement(RemoteWebDriver.java:323)
at org.openqa.selenium.remote.RemoteWebDriver.findElementByCssSelector(RemoteWebDriver.java:420)
at org.openqa.selenium.By$ByCssSelector.findElement(By.java:431)
at org.openqa.selenium.remote.RemoteWebDriver.findElement(RemoteWebDriver.java:315)
at org.openqa.selenium.support.pagefactory.DefaultElementLocator.findElement(DefaultElementLocator.java:69)
at org.openqa.selenium.support.pagefactory.internal.LocatingElementHandler.invoke(LocatingElementHandler.java:38)
at com.sun.proxy.$Proxy14.isDisplayed(Unknown Source)
at com.tetherfi.pages.OCMReportsPage.getSuccessMessage(OCMReportsPage.java:6563)
at com.tetherfi.test.reports.OCMChatbotInteractionreportTest.DeleteWithoutDeleteReasonRecordinReportsDownload(OCMChatbotInteractionreportTest.java:164)
at java.base/jdk.internal.reflect.NativeMethodAccessorImpl.invoke0(Native Method)
at java.base/jdk.internal.reflect.NativeMethodAccessorImpl.invoke(Unknown Source)
at java.base/jdk.internal.reflect.DelegatingMethodAccessorImpl.invoke(Unknown Source)
at java.base/java.lang.reflect.Method.invoke(Unknown Source)
at org.testng.internal.MethodInvocationHelper.invokeMethod(MethodInvocationHelper.java:133)
at org.testng.internal.TestInvoker.invokeMethod(TestInvoker.java:584)
at org.testng.internal.TestInvoker.invokeTestMethod(TestInvoker.java:172)
at org.testng.internal.MethodRunner.runInSequence(MethodRunner.java:46)
at org.testng.internal.TestInvoker$MethodInvocationAgent.invoke(TestInvoker.java:804)
at org.testng.internal.TestInvoker.invokeTestMethods(TestInvoker.java:145)
at org.testng.internal.TestMethodWorker.invokeTestMethods(TestMethodWorker.java:146)
at org.testng.internal.TestMethodWorker.run(TestMethodWorker.java:128)
at java.base/java.util.ArrayList.forEach(Unknown Source)
at org.testng.TestRunner.privateRun(TestRunner.java:770)
at org.testng.TestRunner.run(TestRunner.java:591)
at org.testng.SuiteRunner.runTest(SuiteRunner.java:402)
at org.testng.SuiteRunner.runSequentially(SuiteRunner.java:396)
at org.testng.SuiteRunner.privateRun(SuiteRunner.java:355)
at org.testng.SuiteRunner.run(SuiteRunner.java:304)
at org.testng.SuiteRunnerWorker.runSuite(SuiteRunnerWorker.java:53)
at org.testng.SuiteRunnerWorker.run(SuiteRunnerWorker.java:96)
at org.testng.TestNG.runSuitesSequentially(TestNG.java:1180)
at org.testng.TestNG.runSuitesLocally(TestNG.java:1102)
at org.testng.TestNG.runSuites(TestNG.java:1032)
at org.testng.TestNG.run(TestNG.java:1000)
at org.testng.remote.AbstractRemoteTestNG.run(AbstractRemoteTestNG.java:115)
at org.testng.remote.RemoteTestNG.initAndRun(RemoteTestNG.java:251)
at org.testng.remote.RemoteTestNG.main(RemoteTestNG.java:77)
]]>
            </full-stacktrace>
          </exception> <!-- org.openqa.selenium.NoSuchElementException -->
          <reporter-output>
          </reporter-output>
        </test-method> <!-- DeleteWithoutDeleteReasonRecordinReportsDownload -->
        <test-method is-config="true" signature="afterEachMethod(java.lang.reflect.Method)[pri:0, instance:com.tetherfi.test.reports.OCMChatbotInteractionreportTest@5649d11a]" started-at="2020-06-01T10:39:17 IST" name="afterEachMethod" finished-at="2020-06-01T10:39:18 IST" duration-ms="1951" status="PASS">
          <params>
            <param index="0">
              <value>
                <![CDATA[public void com.tetherfi.test.reports.OCMChatbotInteractionreportTest.DeleteWithoutDeleteReasonRecordinReportsDownload() throws java.lang.Exception]]>
              </value>
            </param>
          </params>
          <reporter-output>
          </reporter-output>
        </test-method> <!-- afterEachMethod -->
        <test-method is-config="true" signature="endTestCase(java.lang.reflect.Method)[pri:0, instance:com.tetherfi.test.reports.OCMChatbotInteractionreportTest@5649d11a]" started-at="2020-06-01T10:39:18 IST" name="endTestCase" finished-at="2020-06-01T10:39:18 IST" duration-ms="0" status="PASS">
          <params>
            <param index="0">
              <value>
                <![CDATA[public void com.tetherfi.test.reports.OCMChatbotInteractionreportTest.DeleteWithoutDeleteReasonRecordinReportsDownload() throws java.lang.Exception]]>
              </value>
            </param>
          </params>
          <reporter-output>
          </reporter-output>
        </test-method> <!-- endTestCase -->
        <test-method is-config="true" signature="startTestCase(java.lang.reflect.Method)[pri:0, instance:com.tetherfi.test.reports.OCMChatbotInteractionreportTest@5649d11a]" started-at="2020-06-01T10:39:18 IST" name="startTestCase" finished-at="2020-06-01T10:39:18 IST" duration-ms="0" status="PASS">
          <params>
            <param index="0">
              <value>
                <![CDATA[public void com.tetherfi.test.reports.OCMChatbotInteractionreportTest.VerifyCancelBtnAtReportsDownload() throws java.lang.Exception]]>
              </value>
            </param>
          </params>
          <reporter-output>
          </reporter-output>
        </test-method> <!-- startTestCase -->
        <test-method is-config="true" signature="NavigateToOcmReportsPage()[pri:0, instance:com.tetherfi.test.reports.OCMChatbotInteractionreportTest@5649d11a]" started-at="2020-06-01T10:39:18 IST" name="NavigateToOcmReportsPage" finished-at="2020-06-01T10:39:24 IST" duration-ms="5925" status="PASS">
          <reporter-output>
          </reporter-output>
        </test-method> <!-- NavigateToOcmReportsPage -->
        <test-method signature="VerifyCancelBtnAtReportsDownload()[pri:14, instance:com.tetherfi.test.reports.OCMChatbotInteractionreportTest@5649d11a]" started-at="2020-06-01T10:39:24 IST" name="VerifyCancelBtnAtReportsDownload" description="Cancel Button in Reports Download Delete Button" finished-at="2020-06-01T10:39:33 IST" duration-ms="8874" status="PASS">
          <reporter-output>
          </reporter-output>
        </test-method> <!-- VerifyCancelBtnAtReportsDownload -->
        <test-method is-config="true" signature="afterEachMethod(java.lang.reflect.Method)[pri:0, instance:com.tetherfi.test.reports.OCMChatbotInteractionreportTest@5649d11a]" started-at="2020-06-01T10:39:33 IST" name="afterEachMethod" finished-at="2020-06-01T10:39:35 IST" duration-ms="2141" status="PASS">
          <params>
            <param index="0">
              <value>
                <![CDATA[public void com.tetherfi.test.reports.OCMChatbotInteractionreportTest.VerifyCancelBtnAtReportsDownload() throws java.lang.Exception]]>
              </value>
            </param>
          </params>
          <reporter-output>
          </reporter-output>
        </test-method> <!-- afterEachMethod -->
        <test-method is-config="true" signature="endTestCase(java.lang.reflect.Method)[pri:0, instance:com.tetherfi.test.reports.OCMChatbotInteractionreportTest@5649d11a]" started-at="2020-06-01T10:39:35 IST" name="endTestCase" finished-at="2020-06-01T10:39:35 IST" duration-ms="1" status="PASS">
          <params>
            <param index="0">
              <value>
                <![CDATA[public void com.tetherfi.test.reports.OCMChatbotInteractionreportTest.VerifyCancelBtnAtReportsDownload() throws java.lang.Exception]]>
              </value>
            </param>
          </params>
          <reporter-output>
          </reporter-output>
        </test-method> <!-- endTestCase -->
        <test-method is-config="true" signature="startTestCase(java.lang.reflect.Method)[pri:0, instance:com.tetherfi.test.reports.OCMChatbotInteractionreportTest@5649d11a]" started-at="2020-06-01T10:39:35 IST" name="startTestCase" finished-at="2020-06-01T10:39:35 IST" duration-ms="0" status="PASS">
          <params>
            <param index="0">
              <value>
                <![CDATA[public void com.tetherfi.test.reports.OCMChatbotInteractionreportTest.DeleteRecord() throws java.lang.Exception]]>
              </value>
            </param>
          </params>
          <reporter-output>
          </reporter-output>
        </test-method> <!-- startTestCase -->
        <test-method is-config="true" signature="NavigateToOcmReportsPage()[pri:0, instance:com.tetherfi.test.reports.OCMChatbotInteractionreportTest@5649d11a]" started-at="2020-06-01T10:39:35 IST" name="NavigateToOcmReportsPage" finished-at="2020-06-01T10:39:42 IST" duration-ms="6261" status="PASS">
          <reporter-output>
          </reporter-output>
        </test-method> <!-- NavigateToOcmReportsPage -->
        <test-method signature="DeleteRecord()[pri:15, instance:com.tetherfi.test.reports.OCMChatbotInteractionreportTest@5649d11a]" started-at="2020-06-01T10:39:42 IST" name="DeleteRecord" description="Delete Record at Reports download Button" finished-at="2020-06-01T10:39:48 IST" duration-ms="6163" status="FAIL">
          <exception class="org.openqa.selenium.NoSuchElementException">
            <message>
              <![CDATA[no such element: Unable to locate element: {"method":"css selector","selector":"#toast-container .toast-success .toast-message"}
  (Session info: chrome=83.0.4103.61)
For documentation on this error, please visit: https://www.seleniumhq.org/exceptions/no_such_element.html
Build info: version: '3.141.59', revision: 'e82be7d358', time: '2018-11-14T08:17:03'
System info: host: 'ADMIN', ip: '192.168.1.4', os.name: 'Windows 8.1', os.arch: 'amd64', os.version: '6.3', java.version: '9.0.4'
Driver info: org.openqa.selenium.chrome.ChromeDriver
Capabilities {acceptInsecureCerts: false, browserName: chrome, browserVersion: 83.0.4103.61, chrome: {chromedriverVersion: 83.0.4103.39 (ccbf011cb2d2b..., userDataDir: C:\Users\ADMINP~1\AppData\L...}, goog:chromeOptions: {debuggerAddress: localhost:49765}, javascriptEnabled: true, networkConnectionEnabled: false, pageLoadStrategy: normal, platform: WINDOWS, platformName: WINDOWS, proxy: Proxy(), setWindowRect: true, strictFileInteractability: false, timeouts: {implicit: 0, pageLoad: 300000, script: 30000}, unhandledPromptBehavior: dismiss and notify, webauthn:virtualAuthenticators: true}
Session ID: 9640f4ed6037cefb5b02c0acaf9bb95e
*** Element info: {Using=css selector, value=#toast-container .toast-success .toast-message}]]>
            </message>
            <full-stacktrace>
              <![CDATA[org.openqa.selenium.NoSuchElementException: no such element: Unable to locate element: {"method":"css selector","selector":"#toast-container .toast-success .toast-message"}
  (Session info: chrome=83.0.4103.61)
For documentation on this error, please visit: https://www.seleniumhq.org/exceptions/no_such_element.html
Build info: version: '3.141.59', revision: 'e82be7d358', time: '2018-11-14T08:17:03'
System info: host: 'ADMIN', ip: '192.168.1.4', os.name: 'Windows 8.1', os.arch: 'amd64', os.version: '6.3', java.version: '9.0.4'
Driver info: org.openqa.selenium.chrome.ChromeDriver
Capabilities {acceptInsecureCerts: false, browserName: chrome, browserVersion: 83.0.4103.61, chrome: {chromedriverVersion: 83.0.4103.39 (ccbf011cb2d2b..., userDataDir: C:\Users\ADMINP~1\AppData\L...}, goog:chromeOptions: {debuggerAddress: localhost:49765}, javascriptEnabled: true, networkConnectionEnabled: false, pageLoadStrategy: normal, platform: WINDOWS, platformName: WINDOWS, proxy: Proxy(), setWindowRect: true, strictFileInteractability: false, timeouts: {implicit: 0, pageLoad: 300000, script: 30000}, unhandledPromptBehavior: dismiss and notify, webauthn:virtualAuthenticators: true}
Session ID: 9640f4ed6037cefb5b02c0acaf9bb95e
*** Element info: {Using=css selector, value=#toast-container .toast-success .toast-message}
at java.base/jdk.internal.reflect.NativeConstructorAccessorImpl.newInstance0(Native Method)
at java.base/jdk.internal.reflect.NativeConstructorAccessorImpl.newInstance(Unknown Source)
at java.base/jdk.internal.reflect.DelegatingConstructorAccessorImpl.newInstance(Unknown Source)
at java.base/java.lang.reflect.Constructor.newInstance(Unknown Source)
at org.openqa.selenium.remote.http.W3CHttpResponseCodec.createException(W3CHttpResponseCodec.java:187)
at org.openqa.selenium.remote.http.W3CHttpResponseCodec.decode(W3CHttpResponseCodec.java:122)
at org.openqa.selenium.remote.http.W3CHttpResponseCodec.decode(W3CHttpResponseCodec.java:49)
at org.openqa.selenium.remote.HttpCommandExecutor.execute(HttpCommandExecutor.java:158)
at org.openqa.selenium.remote.service.DriverCommandExecutor.execute(DriverCommandExecutor.java:83)
at org.openqa.selenium.remote.RemoteWebDriver.execute(RemoteWebDriver.java:552)
at org.openqa.selenium.remote.RemoteWebDriver.findElement(RemoteWebDriver.java:323)
at org.openqa.selenium.remote.RemoteWebDriver.findElementByCssSelector(RemoteWebDriver.java:420)
at org.openqa.selenium.By$ByCssSelector.findElement(By.java:431)
at org.openqa.selenium.remote.RemoteWebDriver.findElement(RemoteWebDriver.java:315)
at org.openqa.selenium.support.pagefactory.DefaultElementLocator.findElement(DefaultElementLocator.java:69)
at org.openqa.selenium.support.pagefactory.internal.LocatingElementHandler.invoke(LocatingElementHandler.java:38)
at com.sun.proxy.$Proxy14.isDisplayed(Unknown Source)
at com.tetherfi.pages.OCMReportsPage.getSuccessMessage(OCMReportsPage.java:6563)
at com.tetherfi.test.reports.OCMChatbotInteractionreportTest.DeleteRecord(OCMChatbotInteractionreportTest.java:186)
at java.base/jdk.internal.reflect.NativeMethodAccessorImpl.invoke0(Native Method)
at java.base/jdk.internal.reflect.NativeMethodAccessorImpl.invoke(Unknown Source)
at java.base/jdk.internal.reflect.DelegatingMethodAccessorImpl.invoke(Unknown Source)
at java.base/java.lang.reflect.Method.invoke(Unknown Source)
at org.testng.internal.MethodInvocationHelper.invokeMethod(MethodInvocationHelper.java:133)
at org.testng.internal.TestInvoker.invokeMethod(TestInvoker.java:584)
at org.testng.internal.TestInvoker.invokeTestMethod(TestInvoker.java:172)
at org.testng.internal.MethodRunner.runInSequence(MethodRunner.java:46)
at org.testng.internal.TestInvoker$MethodInvocationAgent.invoke(TestInvoker.java:804)
at org.testng.internal.TestInvoker.invokeTestMethods(TestInvoker.java:145)
at org.testng.internal.TestMethodWorker.invokeTestMethods(TestMethodWorker.java:146)
at org.testng.internal.TestMethodWorker.run(TestMethodWorker.java:128)
at java.base/java.util.ArrayList.forEach(Unknown Source)
at org.testng.TestRunner.privateRun(TestRunner.java:770)
at org.testng.TestRunner.run(TestRunner.java:591)
at org.testng.SuiteRunner.runTest(SuiteRunner.java:402)
at org.testng.SuiteRunner.runSequentially(SuiteRunner.java:396)
at org.testng.SuiteRunner.privateRun(SuiteRunner.java:355)
at org.testng.SuiteRunner.run(SuiteRunner.java:304)
at org.testng.SuiteRunnerWorker.runSuite(SuiteRunnerWorker.java:53)
at org.testng.SuiteRunnerWorker.run(SuiteRunnerWorker.java:96)
at org.testng.TestNG.runSuitesSequentially(TestNG.java:1180)
at org.testng.TestNG.runSuitesLocally(TestNG.java:1102)
at org.testng.TestNG.runSuites(TestNG.java:1032)
at org.testng.TestNG.run(TestNG.java:1000)
at org.testng.remote.AbstractRemoteTestNG.run(AbstractRemoteTestNG.java:115)
at org.testng.remote.RemoteTestNG.initAndRun(RemoteTestNG.java:251)
at org.testng.remote.RemoteTestNG.main(RemoteTestNG.java:77)
]]>
            </full-stacktrace>
          </exception> <!-- org.openqa.selenium.NoSuchElementException -->
          <reporter-output>
          </reporter-output>
        </test-method> <!-- DeleteRecord -->
        <test-method is-config="true" signature="afterEachMethod(java.lang.reflect.Method)[pri:0, instance:com.tetherfi.test.reports.OCMChatbotInteractionreportTest@5649d11a]" started-at="2020-06-01T10:39:48 IST" name="afterEachMethod" finished-at="2020-06-01T10:39:50 IST" duration-ms="2632" status="PASS">
          <params>
            <param index="0">
              <value>
                <![CDATA[public void com.tetherfi.test.reports.OCMChatbotInteractionreportTest.DeleteRecord() throws java.lang.Exception]]>
              </value>
            </param>
          </params>
          <reporter-output>
          </reporter-output>
        </test-method> <!-- afterEachMethod -->
        <test-method is-config="true" signature="endTestCase(java.lang.reflect.Method)[pri:0, instance:com.tetherfi.test.reports.OCMChatbotInteractionreportTest@5649d11a]" started-at="2020-06-01T10:39:50 IST" name="endTestCase" finished-at="2020-06-01T10:39:50 IST" duration-ms="1" status="PASS">
          <params>
            <param index="0">
              <value>
                <![CDATA[public void com.tetherfi.test.reports.OCMChatbotInteractionreportTest.DeleteRecord() throws java.lang.Exception]]>
              </value>
            </param>
          </params>
          <reporter-output>
          </reporter-output>
        </test-method> <!-- endTestCase -->
        <test-method is-config="true" signature="startTestCase(java.lang.reflect.Method)[pri:0, instance:com.tetherfi.test.reports.OCMChatbotInteractionreportTest@5649d11a]" started-at="2020-06-01T10:39:50 IST" name="startTestCase" finished-at="2020-06-01T10:39:50 IST" duration-ms="1" status="PASS">
          <params>
            <param index="0">
              <value>
                <![CDATA[public void com.tetherfi.test.reports.OCMChatbotInteractionreportTest.ClearAll() throws java.lang.Exception]]>
              </value>
            </param>
          </params>
          <reporter-output>
          </reporter-output>
        </test-method> <!-- startTestCase -->
        <test-method is-config="true" signature="NavigateToOcmReportsPage()[pri:0, instance:com.tetherfi.test.reports.OCMChatbotInteractionreportTest@5649d11a]" started-at="2020-06-01T10:39:50 IST" name="NavigateToOcmReportsPage" finished-at="2020-06-01T10:39:58 IST" duration-ms="7359" status="PASS">
          <reporter-output>
          </reporter-output>
        </test-method> <!-- NavigateToOcmReportsPage -->
        <test-method signature="ClearAll()[pri:16, instance:com.tetherfi.test.reports.OCMChatbotInteractionreportTest@5649d11a]" started-at="2020-06-01T10:39:58 IST" name="ClearAll" description="To verfiy clear all button" finished-at="2020-06-01T10:40:09 IST" duration-ms="10949" status="PASS">
          <reporter-output>
          </reporter-output>
        </test-method> <!-- ClearAll -->
        <test-method is-config="true" signature="afterEachMethod(java.lang.reflect.Method)[pri:0, instance:com.tetherfi.test.reports.OCMChatbotInteractionreportTest@5649d11a]" started-at="2020-06-01T10:40:09 IST" name="afterEachMethod" finished-at="2020-06-01T10:40:12 IST" duration-ms="3151" status="PASS">
          <params>
            <param index="0">
              <value>
                <![CDATA[public void com.tetherfi.test.reports.OCMChatbotInteractionreportTest.ClearAll() throws java.lang.Exception]]>
              </value>
            </param>
          </params>
          <reporter-output>
          </reporter-output>
        </test-method> <!-- afterEachMethod -->
        <test-method is-config="true" signature="endTestCase(java.lang.reflect.Method)[pri:0, instance:com.tetherfi.test.reports.OCMChatbotInteractionreportTest@5649d11a]" started-at="2020-06-01T10:40:12 IST" name="endTestCase" finished-at="2020-06-01T10:40:12 IST" duration-ms="1" status="PASS">
          <params>
            <param index="0">
              <value>
                <![CDATA[public void com.tetherfi.test.reports.OCMChatbotInteractionreportTest.ClearAll() throws java.lang.Exception]]>
              </value>
            </param>
          </params>
          <reporter-output>
          </reporter-output>
        </test-method> <!-- endTestCase -->
        <test-method is-config="true" signature="startTestCase(java.lang.reflect.Method)[pri:0, instance:com.tetherfi.test.reports.OCMChatbotInteractionreportTest@5649d11a]" started-at="2020-06-01T10:40:12 IST" name="startTestCase" finished-at="2020-06-01T10:40:12 IST" duration-ms="1" status="PASS">
          <params>
            <param index="0">
              <value>
                <![CDATA[public void com.tetherfi.test.reports.OCMChatbotInteractionreportTest.OCMWindow() throws java.lang.Exception]]>
              </value>
            </param>
          </params>
          <reporter-output>
          </reporter-output>
        </test-method> <!-- startTestCase -->
        <test-method is-config="true" signature="NavigateToOcmReportsPage()[pri:0, instance:com.tetherfi.test.reports.OCMChatbotInteractionreportTest@5649d11a]" started-at="2020-06-01T10:40:12 IST" name="NavigateToOcmReportsPage" finished-at="2020-06-01T10:40:20 IST" duration-ms="7644" status="PASS">
          <reporter-output>
          </reporter-output>
        </test-method> <!-- NavigateToOcmReportsPage -->
        <test-method signature="OCMWindow()[pri:17, instance:com.tetherfi.test.reports.OCMChatbotInteractionreportTest@5649d11a]" started-at="2020-06-01T10:40:20 IST" name="OCMWindow" description="To Verify OCM Window Maximize minimize" finished-at="2020-06-01T10:40:46 IST" duration-ms="26091" status="PASS">
          <reporter-output>
          </reporter-output>
        </test-method> <!-- OCMWindow -->
        <test-method is-config="true" signature="afterEachMethod(java.lang.reflect.Method)[pri:0, instance:com.tetherfi.test.reports.OCMChatbotInteractionreportTest@5649d11a]" started-at="2020-06-01T10:40:46 IST" name="afterEachMethod" finished-at="2020-06-01T10:40:47 IST" duration-ms="1499" status="PASS">
          <params>
            <param index="0">
              <value>
                <![CDATA[public void com.tetherfi.test.reports.OCMChatbotInteractionreportTest.OCMWindow() throws java.lang.Exception]]>
              </value>
            </param>
          </params>
          <reporter-output>
          </reporter-output>
        </test-method> <!-- afterEachMethod -->
        <test-method is-config="true" signature="endTestCase(java.lang.reflect.Method)[pri:0, instance:com.tetherfi.test.reports.OCMChatbotInteractionreportTest@5649d11a]" started-at="2020-06-01T10:40:47 IST" name="endTestCase" finished-at="2020-06-01T10:40:47 IST" duration-ms="1" status="PASS">
          <params>
            <param index="0">
              <value>
                <![CDATA[public void com.tetherfi.test.reports.OCMChatbotInteractionreportTest.OCMWindow() throws java.lang.Exception]]>
              </value>
            </param>
          </params>
          <reporter-output>
          </reporter-output>
        </test-method> <!-- endTestCase -->
        <test-method is-config="true" signature="startTestCase(java.lang.reflect.Method)[pri:0, instance:com.tetherfi.test.reports.OCMChatbotInteractionreportTest@5649d11a]" started-at="2020-06-01T10:40:47 IST" name="startTestCase" finished-at="2020-06-01T10:40:47 IST" duration-ms="0" status="PASS">
          <params>
            <param index="0">
              <value>
                <![CDATA[public void com.tetherfi.test.reports.OCMChatbotInteractionreportTest.VerifyDropdownForAllTheColumns() throws java.lang.Exception]]>
              </value>
            </param>
          </params>
          <reporter-output>
          </reporter-output>
        </test-method> <!-- startTestCase -->
        <test-method is-config="true" signature="NavigateToOcmReportsPage()[pri:0, instance:com.tetherfi.test.reports.OCMChatbotInteractionreportTest@5649d11a]" started-at="2020-06-01T10:40:47 IST" name="NavigateToOcmReportsPage" finished-at="2020-06-01T10:41:00 IST" duration-ms="13193" status="PASS">
          <reporter-output>
          </reporter-output>
        </test-method> <!-- NavigateToOcmReportsPage -->
        <test-method signature="VerifyDropdownForAllTheColumns()[pri:18, instance:com.tetherfi.test.reports.OCMChatbotInteractionreportTest@5649d11a]" started-at="2020-06-01T10:41:00 IST" name="VerifyDropdownForAllTheColumns" description="To Verify Dropdown for All the Columns" finished-at="2020-06-01T10:41:51 IST" duration-ms="50378" status="PASS">
          <reporter-output>
          </reporter-output>
        </test-method> <!-- VerifyDropdownForAllTheColumns -->
        <test-method is-config="true" signature="afterEachMethod(java.lang.reflect.Method)[pri:0, instance:com.tetherfi.test.reports.OCMChatbotInteractionreportTest@5649d11a]" started-at="2020-06-01T10:41:51 IST" name="afterEachMethod" finished-at="2020-06-01T10:41:52 IST" duration-ms="1620" status="PASS">
          <params>
            <param index="0">
              <value>
                <![CDATA[public void com.tetherfi.test.reports.OCMChatbotInteractionreportTest.VerifyDropdownForAllTheColumns() throws java.lang.Exception]]>
              </value>
            </param>
          </params>
          <reporter-output>
          </reporter-output>
        </test-method> <!-- afterEachMethod -->
        <test-method is-config="true" signature="endTestCase(java.lang.reflect.Method)[pri:0, instance:com.tetherfi.test.reports.OCMChatbotInteractionreportTest@5649d11a]" started-at="2020-06-01T10:41:52 IST" name="endTestCase" finished-at="2020-06-01T10:41:52 IST" duration-ms="0" status="PASS">
          <params>
            <param index="0">
              <value>
                <![CDATA[public void com.tetherfi.test.reports.OCMChatbotInteractionreportTest.VerifyDropdownForAllTheColumns() throws java.lang.Exception]]>
              </value>
            </param>
          </params>
          <reporter-output>
          </reporter-output>
        </test-method> <!-- endTestCase -->
        <test-method is-config="true" signature="startTestCase(java.lang.reflect.Method)[pri:0, instance:com.tetherfi.test.reports.OCMChatbotInteractionreportTest@5649d11a]" started-at="2020-06-01T10:41:52 IST" name="startTestCase" finished-at="2020-06-01T10:41:52 IST" duration-ms="0" status="PASS">
          <params>
            <param index="0">
              <value>
                <![CDATA[public void com.tetherfi.test.reports.OCMChatbotInteractionreportTest.VerifyColumnsHeaderEnable() throws java.lang.Exception]]>
              </value>
            </param>
          </params>
          <reporter-output>
          </reporter-output>
        </test-method> <!-- startTestCase -->
        <test-method is-config="true" signature="NavigateToOcmReportsPage()[pri:0, instance:com.tetherfi.test.reports.OCMChatbotInteractionreportTest@5649d11a]" started-at="2020-06-01T10:41:52 IST" name="NavigateToOcmReportsPage" finished-at="2020-06-01T10:42:05 IST" duration-ms="12606" status="PASS">
          <reporter-output>
          </reporter-output>
        </test-method> <!-- NavigateToOcmReportsPage -->
        <test-method signature="VerifyColumnsHeaderEnable()[pri:19, instance:com.tetherfi.test.reports.OCMChatbotInteractionreportTest@5649d11a]" started-at="2020-06-01T10:42:05 IST" name="VerifyColumnsHeaderEnable" description="To Verify Columns Headers are Enabled" finished-at="2020-06-01T10:43:02 IST" duration-ms="57247" status="PASS">
          <reporter-output>
          </reporter-output>
        </test-method> <!-- VerifyColumnsHeaderEnable -->
        <test-method is-config="true" signature="afterEachMethod(java.lang.reflect.Method)[pri:0, instance:com.tetherfi.test.reports.OCMChatbotInteractionreportTest@5649d11a]" started-at="2020-06-01T10:43:02 IST" name="afterEachMethod" finished-at="2020-06-01T10:43:04 IST" duration-ms="1533" status="PASS">
          <params>
            <param index="0">
              <value>
                <![CDATA[public void com.tetherfi.test.reports.OCMChatbotInteractionreportTest.VerifyColumnsHeaderEnable() throws java.lang.Exception]]>
              </value>
            </param>
          </params>
          <reporter-output>
          </reporter-output>
        </test-method> <!-- afterEachMethod -->
        <test-method is-config="true" signature="endTestCase(java.lang.reflect.Method)[pri:0, instance:com.tetherfi.test.reports.OCMChatbotInteractionreportTest@5649d11a]" started-at="2020-06-01T10:43:04 IST" name="endTestCase" finished-at="2020-06-01T10:43:04 IST" duration-ms="1" status="PASS">
          <params>
            <param index="0">
              <value>
                <![CDATA[public void com.tetherfi.test.reports.OCMChatbotInteractionreportTest.VerifyColumnsHeaderEnable() throws java.lang.Exception]]>
              </value>
            </param>
          </params>
          <reporter-output>
          </reporter-output>
        </test-method> <!-- endTestCase -->
        <test-method is-config="true" signature="startTestCase(java.lang.reflect.Method)[pri:0, instance:com.tetherfi.test.reports.OCMChatbotInteractionreportTest@5649d11a]" started-at="2020-06-01T10:43:04 IST" name="startTestCase" finished-at="2020-06-01T10:43:04 IST" duration-ms="0" status="PASS">
          <params>
            <param index="0">
              <value>
                <![CDATA[public void com.tetherfi.test.reports.OCMChatbotInteractionreportTest.VerifyColumnsHeaderDisable() throws java.lang.Exception]]>
              </value>
            </param>
          </params>
          <reporter-output>
          </reporter-output>
        </test-method> <!-- startTestCase -->
        <test-method is-config="true" signature="NavigateToOcmReportsPage()[pri:0, instance:com.tetherfi.test.reports.OCMChatbotInteractionreportTest@5649d11a]" started-at="2020-06-01T10:43:04 IST" name="NavigateToOcmReportsPage" finished-at="2020-06-01T10:43:17 IST" duration-ms="13360" status="PASS">
          <reporter-output>
          </reporter-output>
        </test-method> <!-- NavigateToOcmReportsPage -->
        <test-method signature="VerifyColumnsHeaderDisable()[pri:20, instance:com.tetherfi.test.reports.OCMChatbotInteractionreportTest@5649d11a]" started-at="2020-06-01T10:43:17 IST" name="VerifyColumnsHeaderDisable" description="To Verify Columns Headers are Disabled" finished-at="2020-06-01T10:44:27 IST" duration-ms="69565" status="PASS">
          <reporter-output>
          </reporter-output>
        </test-method> <!-- VerifyColumnsHeaderDisable -->
[...]
          <params>
            <param index="0">
              <value>
                <![CDATA[public void com.tetherfi.test.reports.OCMChatbotInteractionreportTest.verifyAdvancedSearchinreportpageSearchcontains() throws java.lang.Exception]]>
              </value>
            </param>
          </params>
          <reporter-output>
          </reporter-output>
        </test-method> <!-- endTestCase -->
        <test-method is-config="true" signature="startTestCase(java.lang.reflect.Method)[pri:0, instance:com.tetherfi.test.reports.OCMChatbotInteractionreportTest@5649d11a]" started-at="2020-06-01T11:25:45 IST" name="startTestCase" finished-at="2020-06-01T11:25:45 IST" duration-ms="0" status="PASS">
          <params>
            <param index="0">
              <value>
                <![CDATA[public void com.tetherfi.test.reports.OCMChatbotInteractionreportTest.verifyAdvancedSearchinreportpageSearchDoesnotcontains() throws java.lang.Exception]]>
              </value>
            </param>
          </params>
          <reporter-output>
          </reporter-output>
        </test-method> <!-- startTestCase -->
        <test-method is-config="true" signature="NavigateToOcmReportsPage()[pri:0, instance:com.tetherfi.test.reports.OCMChatbotInteractionreportTest@5649d11a]" started-at="2020-06-01T11:25:45 IST" name="NavigateToOcmReportsPage" finished-at="2020-06-01T11:26:07 IST" duration-ms="21748" status="PASS">
          <reporter-output>
          </reporter-output>
        </test-method> <!-- NavigateToOcmReportsPage -->
        <test-method signature="verifyAdvancedSearchinreportpageSearchDoesnotcontains()[pri:47, instance:com.tetherfi.test.reports.OCMChatbotInteractionreportTest@5649d11a]" started-at="2020-06-01T11:26:07 IST" name="verifyAdvancedSearchinreportpageSearchDoesnotcontains" description="To verify Advance Search DoesNot Contains" finished-at="2020-06-01T11:27:08 IST" duration-ms="61312" status="PASS">
          <reporter-output>
          </reporter-output>
        </test-method> <!-- verifyAdvancedSearchinreportpageSearchDoesnotcontains -->
        <test-method is-config="true" signature="afterEachMethod(java.lang.reflect.Method)[pri:0, instance:com.tetherfi.test.reports.OCMChatbotInteractionreportTest@5649d11a]" started-at="2020-06-01T11:27:08 IST" name="afterEachMethod" finished-at="2020-06-01T11:27:10 IST" duration-ms="1517" status="PASS">
          <params>
            <param index="0">
              <value>
                <![CDATA[public void com.tetherfi.test.reports.OCMChatbotInteractionreportTest.verifyAdvancedSearchinreportpageSearchDoesnotcontains() throws java.lang.Exception]]>
              </value>
            </param>
          </params>
          <reporter-output>
          </reporter-output>
        </test-method> <!-- afterEachMethod -->
        <test-method is-config="true" signature="endTestCase(java.lang.reflect.Method)[pri:0, instance:com.tetherfi.test.reports.OCMChatbotInteractionreportTest@5649d11a]" started-at="2020-06-01T11:27:10 IST" name="endTestCase" finished-at="2020-06-01T11:27:10 IST" duration-ms="0" status="PASS">
          <params>
            <param index="0">
              <value>
                <![CDATA[public void com.tetherfi.test.reports.OCMChatbotInteractionreportTest.verifyAdvancedSearchinreportpageSearchDoesnotcontains() throws java.lang.Exception]]>
              </value>
            </param>
          </params>
          <reporter-output>
          </reporter-output>
        </test-method> <!-- endTestCase -->
        <test-method is-config="true" signature="startTestCase(java.lang.reflect.Method)[pri:0, instance:com.tetherfi.test.reports.OCMChatbotInteractionreportTest@5649d11a]" started-at="2020-06-01T11:27:10 IST" name="startTestCase" finished-at="2020-06-01T11:27:10 IST" duration-ms="0" status="PASS">
          <params>
            <param index="0">
              <value>
                <![CDATA[public void com.tetherfi.test.reports.OCMChatbotInteractionreportTest.verifyAdvancedSearchinreportpageSearchStartswith() throws java.lang.Exception]]>
              </value>
            </param>
          </params>
          <reporter-output>
          </reporter-output>
        </test-method> <!-- startTestCase -->
        <test-method is-config="true" signature="NavigateToOcmReportsPage()[pri:0, instance:com.tetherfi.test.reports.OCMChatbotInteractionreportTest@5649d11a]" started-at="2020-06-01T11:27:10 IST" name="NavigateToOcmReportsPage" finished-at="2020-06-01T11:27:29 IST" duration-ms="18963" status="PASS">
          <reporter-output>
          </reporter-output>
        </test-method> <!-- NavigateToOcmReportsPage -->
        <test-method signature="verifyAdvancedSearchinreportpageSearchStartswith()[pri:48, instance:com.tetherfi.test.reports.OCMChatbotInteractionreportTest@5649d11a]" started-at="2020-06-01T11:27:29 IST" name="verifyAdvancedSearchinreportpageSearchStartswith" description="To verify Advance Search Starts With" finished-at="2020-06-01T11:28:30 IST" duration-ms="61569" status="PASS">
          <reporter-output>
          </reporter-output>
        </test-method> <!-- verifyAdvancedSearchinreportpageSearchStartswith -->
        <test-method is-config="true" signature="afterEachMethod(java.lang.reflect.Method)[pri:0, instance:com.tetherfi.test.reports.OCMChatbotInteractionreportTest@5649d11a]" started-at="2020-06-01T11:28:30 IST" name="afterEachMethod" finished-at="2020-06-01T11:28:32 IST" duration-ms="1603" status="PASS">
          <params>
            <param index="0">
              <value>
                <![CDATA[public void com.tetherfi.test.reports.OCMChatbotInteractionreportTest.verifyAdvancedSearchinreportpageSearchStartswith() throws java.lang.Exception]]>
              </value>
            </param>
          </params>
          <reporter-output>
          </reporter-output>
        </test-method> <!-- afterEachMethod -->
        <test-method is-config="true" signature="endTestCase(java.lang.reflect.Method)[pri:0, instance:com.tetherfi.test.reports.OCMChatbotInteractionreportTest@5649d11a]" started-at="2020-06-01T11:28:32 IST" name="endTestCase" finished-at="2020-06-01T11:28:32 IST" duration-ms="0" status="PASS">
          <params>
            <param index="0">
              <value>
                <![CDATA[public void com.tetherfi.test.reports.OCMChatbotInteractionreportTest.verifyAdvancedSearchinreportpageSearchStartswith() throws java.lang.Exception]]>
              </value>
            </param>
          </params>
          <reporter-output>
          </reporter-output>
        </test-method> <!-- endTestCase -->
        <test-method is-config="true" signature="NavigateToOcmReportsPage()[pri:0, instance:com.tetherfi.test.reports.OCMChatbotInteractionreportTest@5649d11a]" started-at="2020-06-01T11:28:32 IST" name="NavigateToOcmReportsPage" finished-at="2020-06-01T11:28:53 IST" duration-ms="20901" status="PASS">
          <reporter-output>
          </reporter-output>
        </test-method> <!-- NavigateToOcmReportsPage -->
        <test-method is-config="true" signature="startTestCase(java.lang.reflect.Method)[pri:0, instance:com.tetherfi.test.reports.OCMChatbotInteractionreportTest@5649d11a]" started-at="2020-06-01T11:28:32 IST" name="startTestCase" finished-at="2020-06-01T11:28:32 IST" duration-ms="0" status="PASS">
          <params>
            <param index="0">
              <value>
                <![CDATA[public void com.tetherfi.test.reports.OCMChatbotInteractionreportTest.verifyAdvancedSearchinreportpageSearchEndswith() throws java.lang.Exception]]>
              </value>
            </param>
          </params>
          <reporter-output>
          </reporter-output>
        </test-method> <!-- startTestCase -->
        <test-method signature="verifyAdvancedSearchinreportpageSearchEndswith()[pri:49, instance:com.tetherfi.test.reports.OCMChatbotInteractionreportTest@5649d11a]" started-at="2020-06-01T11:28:53 IST" name="verifyAdvancedSearchinreportpageSearchEndswith" description="To verify Advance Search Ends With" finished-at="2020-06-01T11:29:39 IST" duration-ms="46727" status="PASS">
          <reporter-output>
          </reporter-output>
        </test-method> <!-- verifyAdvancedSearchinreportpageSearchEndswith -->
        <test-method is-config="true" signature="afterEachMethod(java.lang.reflect.Method)[pri:0, instance:com.tetherfi.test.reports.OCMChatbotInteractionreportTest@5649d11a]" started-at="2020-06-01T11:29:39 IST" name="afterEachMethod" finished-at="2020-06-01T11:29:41 IST" duration-ms="1508" status="PASS">
          <params>
            <param index="0">
              <value>
                <![CDATA[public void com.tetherfi.test.reports.OCMChatbotInteractionreportTest.verifyAdvancedSearchinreportpageSearchEndswith() throws java.lang.Exception]]>
              </value>
            </param>
          </params>
          <reporter-output>
          </reporter-output>
        </test-method> <!-- afterEachMethod -->
        <test-method is-config="true" signature="endTestCase(java.lang.reflect.Method)[pri:0, instance:com.tetherfi.test.reports.OCMChatbotInteractionreportTest@5649d11a]" started-at="2020-06-01T11:29:41 IST" name="endTestCase" finished-at="2020-06-01T11:29:41 IST" duration-ms="0" status="PASS">
          <params>
            <param index="0">
              <value>
                <![CDATA[public void com.tetherfi.test.reports.OCMChatbotInteractionreportTest.verifyAdvancedSearchinreportpageSearchEndswith() throws java.lang.Exception]]>
              </value>
            </param>
          </params>
          <reporter-output>
          </reporter-output>
        </test-method> <!-- endTestCase -->
        <test-method is-config="true" signature="NavigateToOcmReportsPage()[pri:0, instance:com.tetherfi.test.reports.OCMChatbotInteractionreportTest@5649d11a]" started-at="2020-06-01T11:29:41 IST" name="NavigateToOcmReportsPage" finished-at="2020-06-01T11:30:02 IST" duration-ms="20779" status="PASS">
          <reporter-output>
          </reporter-output>
        </test-method> <!-- NavigateToOcmReportsPage -->
        <test-method is-config="true" signature="startTestCase(java.lang.reflect.Method)[pri:0, instance:com.tetherfi.test.reports.OCMChatbotInteractionreportTest@5649d11a]" started-at="2020-06-01T11:29:41 IST" name="startTestCase" finished-at="2020-06-01T11:29:41 IST" duration-ms="0" status="PASS">
          <params>
            <param index="0">
              <value>
                <![CDATA[public void com.tetherfi.test.reports.OCMChatbotInteractionreportTest.VerifySorting() throws java.lang.Exception]]>
              </value>
            </param>
          </params>
          <reporter-output>
          </reporter-output>
        </test-method> <!-- startTestCase -->
        <test-method signature="VerifySorting()[pri:50, instance:com.tetherfi.test.reports.OCMChatbotInteractionreportTest@5649d11a]" started-at="2020-06-01T11:30:02 IST" name="VerifySorting" description="To Verify Ascending and Descending order" finished-at="2020-06-01T11:31:58 IST" duration-ms="116258" status="FAIL">
          <exception class="org.openqa.selenium.ElementClickInterceptedException">
            <message>
              <![CDATA[element click intercepted: Element <a aria-label="Go to the next page" class="k-link k-pager-nav k-state-disabled" data-page="3" href="#" title="Go to the next page" tabindex="-1">...</a> is not clickable at point (215, 548). Other element would receive the click: <div class="k-pager-wrap k-grid-pager k-widget k-floatwrap" data-role="pager">...</div>
  (Session info: chrome=83.0.4103.61)
Build info: version: '3.141.59', revision: 'e82be7d358', time: '2018-11-14T08:17:03'
System info: host: 'ADMIN', ip: '192.168.1.4', os.name: 'Windows 8.1', os.arch: 'amd64', os.version: '6.3', java.version: '9.0.4'
Driver info: org.openqa.selenium.chrome.ChromeDriver
Capabilities {acceptInsecureCerts: false, browserName: chrome, browserVersion: 83.0.4103.61, chrome: {chromedriverVersion: 83.0.4103.39 (ccbf011cb2d2b..., userDataDir: C:\Users\ADMINP~1\AppData\L...}, goog:chromeOptions: {debuggerAddress: localhost:49765}, javascriptEnabled: true, networkConnectionEnabled: false, pageLoadStrategy: normal, platform: WINDOWS, platformName: WINDOWS, proxy: Proxy(), setWindowRect: true, strictFileInteractability: false, timeouts: {implicit: 0, pageLoad: 300000, script: 30000}, unhandledPromptBehavior: dismiss and notify, webauthn:virtualAuthenticators: true}
Session ID: 9640f4ed6037cefb5b02c0acaf9bb95e]]>
            </message>
            <full-stacktrace>
              <![CDATA[org.openqa.selenium.ElementClickInterceptedException: element click intercepted: Element <a aria-label="Go to the next page" class="k-link k-pager-nav k-state-disabled" data-page="3" href="#" title="Go to the next page" tabindex="-1">...</a> is not clickable at point (215, 548). Other element would receive the click: <div class="k-pager-wrap k-grid-pager k-widget k-floatwrap" data-role="pager">...</div>
  (Session info: chrome=83.0.4103.61)
Build info: version: '3.141.59', revision: 'e82be7d358', time: '2018-11-14T08:17:03'
System info: host: 'ADMIN', ip: '192.168.1.4', os.name: 'Windows 8.1', os.arch: 'amd64', os.version: '6.3', java.version: '9.0.4'
Driver info: org.openqa.selenium.chrome.ChromeDriver
Capabilities {acceptInsecureCerts: false, browserName: chrome, browserVersion: 83.0.4103.61, chrome: {chromedriverVersion: 83.0.4103.39 (ccbf011cb2d2b..., userDataDir: C:\Users\ADMINP~1\AppData\L...}, goog:chromeOptions: {debuggerAddress: localhost:49765}, javascriptEnabled: true, networkConnectionEnabled: false, pageLoadStrategy: normal, platform: WINDOWS, platformName: WINDOWS, proxy: Proxy(), setWindowRect: true, strictFileInteractability: false, timeouts: {implicit: 0, pageLoad: 300000, script: 30000}, unhandledPromptBehavior: dismiss and notify, webauthn:virtualAuthenticators: true}
Session ID: 9640f4ed6037cefb5b02c0acaf9bb95e
at java.base/jdk.internal.reflect.NativeConstructorAccessorImpl.newInstance0(Native Method)
at java.base/jdk.internal.reflect.NativeConstructorAccessorImpl.newInstance(Unknown Source)
at java.base/jdk.internal.reflect.DelegatingConstructorAccessorImpl.newInstance(Unknown Source)
at java.base/java.lang.reflect.Constructor.newInstance(Unknown Source)
at org.openqa.selenium.remote.http.W3CHttpResponseCodec.createException(W3CHttpResponseCodec.java:187)
at org.openqa.selenium.remote.http.W3CHttpResponseCodec.decode(W3CHttpResponseCodec.java:122)
at org.openqa.selenium.remote.http.W3CHttpResponseCodec.decode(W3CHttpResponseCodec.java:49)
at org.openqa.selenium.remote.HttpCommandExecutor.execute(HttpCommandExecutor.java:158)
at org.openqa.selenium.remote.service.DriverCommandExecutor.execute(DriverCommandExecutor.java:83)
at org.openqa.selenium.remote.RemoteWebDriver.execute(RemoteWebDriver.java:552)
at org.openqa.selenium.remote.RemoteWebElement.execute(RemoteWebElement.java:285)
at org.openqa.selenium.remote.RemoteWebElement.click(RemoteWebElement.java:84)
at jdk.internal.reflect.GeneratedMethodAccessor4.invoke(Unknown Source)
at java.base/jdk.internal.reflect.DelegatingMethodAccessorImpl.invoke(Unknown Source)
at java.base/java.lang.reflect.Method.invoke(Unknown Source)
at org.openqa.selenium.support.pagefactory.internal.LocatingElementHandler.invoke(LocatingElementHandler.java:51)
at com.sun.proxy.$Proxy14.click(Unknown Source)
at com.tetherfi.pages.OCMChatbotInteractionReportPage.verifySorting(OCMChatbotInteractionReportPage.java:316)
at com.tetherfi.test.reports.OCMChatbotInteractionreportTest.VerifySorting(OCMChatbotInteractionreportTest.java:586)
at java.base/jdk.internal.reflect.NativeMethodAccessorImpl.invoke0(Native Method)
at java.base/jdk.internal.reflect.NativeMethodAccessorImpl.invoke(Unknown Source)
at java.base/jdk.internal.reflect.DelegatingMethodAccessorImpl.invoke(Unknown Source)
at java.base/java.lang.reflect.Method.invoke(Unknown Source)
at org.testng.internal.MethodInvocationHelper.invokeMethod(MethodInvocationHelper.java:133)
at org.testng.internal.TestInvoker.invokeMethod(TestInvoker.java:584)
at org.testng.internal.TestInvoker.invokeTestMethod(TestInvoker.java:172)
at org.testng.internal.MethodRunner.runInSequence(MethodRunner.java:46)
at org.testng.internal.TestInvoker$MethodInvocationAgent.invoke(TestInvoker.java:804)
at org.testng.internal.TestInvoker.invokeTestMethods(TestInvoker.java:145)
at org.testng.internal.TestMethodWorker.invokeTestMethods(TestMethodWorker.java:146)
at org.testng.internal.TestMethodWorker.run(TestMethodWorker.java:128)
at java.base/java.util.ArrayList.forEach(Unknown Source)
at org.testng.TestRunner.privateRun(TestRunner.java:770)
at org.testng.TestRunner.run(TestRunner.java:591)
at org.testng.SuiteRunner.runTest(SuiteRunner.java:402)
at org.testng.SuiteRunner.runSequentially(SuiteRunner.java:396)
at org.testng.SuiteRunner.privateRun(SuiteRunner.java:355)
at org.testng.SuiteRunner.run(SuiteRunner.java:304)
at org.testng.SuiteRunnerWorker.runSuite(SuiteRunnerWorker.java:53)
at org.testng.SuiteRunnerWorker.run(SuiteRunnerWorker.java:96)
at org.testng.TestNG.runSuitesSequentially(TestNG.java:1180)
at org.testng.TestNG.runSuitesLocally(TestNG.java:1102)
at org.testng.TestNG.runSuites(TestNG.java:1032)
at org.testng.TestNG.run(TestNG.java:1000)
at org.testng.remote.AbstractRemoteTestNG.run(AbstractRemoteTestNG.java:115)
at org.testng.remote.RemoteTestNG.initAndRun(RemoteTestNG.java:251)
at org.testng.remote.RemoteTestNG.main(RemoteTestNG.java:77)
]]>
            </full-stacktrace>
          </exception> <!-- org.openqa.selenium.ElementClickInterceptedException -->
          <reporter-output>
          </reporter-output>
        </test-method> <!-- VerifySorting -->
        <test-method is-config="true" signature="afterEachMethod(java.lang.reflect.Method)[pri:0, instance:com.tetherfi.test.reports.OCMChatbotInteractionreportTest@5649d11a]" started-at="2020-06-01T11:31:58 IST" name="afterEachMethod" finished-at="2020-06-01T11:31:59 IST" duration-ms="1504" status="PASS">
          <params>
            <param index="0">
              <value>
                <![CDATA[public void com.tetherfi.test.reports.OCMChatbotInteractionreportTest.VerifySorting() throws java.lang.Exception]]>
              </value>
            </param>
          </params>
          <reporter-output>
          </reporter-output>
        </test-method> <!-- afterEachMethod -->
        <test-method is-config="true" signature="endTestCase(java.lang.reflect.Method)[pri:0, instance:com.tetherfi.test.reports.OCMChatbotInteractionreportTest@5649d11a]" started-at="2020-06-01T11:31:59 IST" name="endTestCase" finished-at="2020-06-01T11:31:59 IST" duration-ms="0" status="PASS">
          <params>
            <param index="0">
              <value>
                <![CDATA[public void com.tetherfi.test.reports.OCMChatbotInteractionreportTest.VerifySorting() throws java.lang.Exception]]>
              </value>
            </param>
          </params>
          <reporter-output>
          </reporter-output>
        </test-method> <!-- endTestCase -->
        <test-method is-config="true" signature="tearDown()[pri:0, instance:com.tetherfi.test.reports.OCMChatbotInteractionreportTest@5649d11a]" started-at="2020-06-01T11:31:59 IST" name="tearDown" finished-at="2020-06-01T11:32:10 IST" duration-ms="10692" status="PASS">
          <reporter-output>
          </reporter-output>
        </test-method> <!-- tearDown -->
      </class> <!-- com.tetherfi.test.reports.OCMChatbotInteractionreportTest -->
    </test> <!-- Default test -->
  </suite> <!-- Default suite -->
</testng-results>
