<?xml version="1.0" encoding="UTF-8"?>
<testng-results ignored="0" total="2" passed="2" failed="0" skipped="0">
  <reporter-output>
  </reporter-output>
  <suite started-at="2020-03-12T15:08:43 IST" name="Default suite" finished-at="2020-03-12T15:09:40 IST" duration-ms="57383">
    <groups>
    </groups>
    <test started-at="2020-03-12T15:08:43 IST" name="Default test" finished-at="2020-03-12T15:09:40 IST" duration-ms="57383">
      <class name="com.tetherfi.test.tmac.TmacAuxCodesTest">
        <test-method is-config="true" signature="openApplication()[pri:0, instance:com.tetherfi.test.tmac.TmacAuxCodesTest@6c8dbf56]" started-at="2020-03-12T15:08:43 IST" name="openApplication" finished-at="2020-03-12T15:09:12 IST" duration-ms="28440" status="PASS">
          <reporter-output>
          </reporter-output>
        </test-method> <!-- openApplication -->
        <test-method is-config="true" signature="startTestCase(java.lang.reflect.Method)[pri:0, instance:com.tetherfi.test.tmac.TmacAuxCodesTest@6c8dbf56]" started-at="2020-03-12T15:09:12 IST" name="startTestCase" finished-at="2020-03-12T15:09:12 IST" duration-ms="4" status="PASS">
          <params>
            <param index="0">
              <value>
                <![CDATA[public void com.tetherfi.test.tmac.TmacAuxCodesTest.ExportToExcelButton()]]>
              </value>
            </param>
          </params>
          <reporter-output>
          </reporter-output>
        </test-method> <!-- startTestCase -->
        <test-method is-config="true" signature="NavigateToTmaxAuxCodesPage()[pri:0, instance:com.tetherfi.test.tmac.TmacAuxCodesTest@6c8dbf56]" started-at="2020-03-12T15:09:12 IST" name="NavigateToTmaxAuxCodesPage" finished-at="2020-03-12T15:09:16 IST" duration-ms="4552" status="PASS">
          <reporter-output>
          </reporter-output>
        </test-method> <!-- NavigateToTmaxAuxCodesPage -->
        <test-method signature="ExportToExcelButton()[pri:14, instance:com.tetherfi.test.tmac.TmacAuxCodesTest@6c8dbf56]" started-at="2020-03-12T15:09:16 IST" name="ExportToExcelButton" finished-at="2020-03-12T15:09:19 IST" duration-ms="2845" status="PASS">
          <reporter-output>
          </reporter-output>
        </test-method> <!-- ExportToExcelButton -->
        <test-method is-config="true" signature="AfterEachMethod(java.lang.reflect.Method)[pri:0, instance:com.tetherfi.test.tmac.TmacAuxCodesTest@6c8dbf56]" started-at="2020-03-12T15:09:19 IST" name="AfterEachMethod" finished-at="2020-03-12T15:09:21 IST" duration-ms="1805" status="PASS">
          <params>
            <param index="0">
              <value>
                <![CDATA[public void com.tetherfi.test.tmac.TmacAuxCodesTest.ExportToExcelButton()]]>
              </value>
            </param>
          </params>
          <reporter-output>
          </reporter-output>
        </test-method> <!-- AfterEachMethod -->
        <test-method is-config="true" signature="endTestCase(java.lang.reflect.Method)[pri:0, instance:com.tetherfi.test.tmac.TmacAuxCodesTest@6c8dbf56]" started-at="2020-03-12T15:09:21 IST" name="endTestCase" finished-at="2020-03-12T15:09:21 IST" duration-ms="1" status="PASS">
          <params>
            <param index="0">
              <value>
                <![CDATA[public void com.tetherfi.test.tmac.TmacAuxCodesTest.ExportToExcelButton()]]>
              </value>
            </param>
          </params>
          <reporter-output>
          </reporter-output>
        </test-method> <!-- endTestCase -->
        <test-method is-config="true" signature="startTestCase(java.lang.reflect.Method)[pri:0, instance:com.tetherfi.test.tmac.TmacAuxCodesTest@6c8dbf56]" started-at="2020-03-12T15:09:21 IST" name="startTestCase" finished-at="2020-03-12T15:09:21 IST" duration-ms="1" status="PASS">
          <params>
            <param index="0">
              <value>
                <![CDATA[public void com.tetherfi.test.tmac.TmacAuxCodesTest.verifyExportedData() throws java.lang.Exception]]>
              </value>
            </param>
          </params>
          <reporter-output>
          </reporter-output>
        </test-method> <!-- startTestCase -->
        <test-method is-config="true" signature="NavigateToTmaxAuxCodesPage()[pri:0, instance:com.tetherfi.test.tmac.TmacAuxCodesTest@6c8dbf56]" started-at="2020-03-12T15:09:21 IST" name="NavigateToTmaxAuxCodesPage" finished-at="2020-03-12T15:09:25 IST" duration-ms="4292" status="PASS">
          <reporter-output>
          </reporter-output>
        </test-method> <!-- NavigateToTmaxAuxCodesPage -->
        <test-method signature="verifyExportedData()[pri:15, instance:com.tetherfi.test.tmac.TmacAuxCodesTest@6c8dbf56]" started-at="2020-03-12T15:09:25 IST" name="verifyExportedData" finished-at="2020-03-12T15:09:34 IST" depends-on-methods="com.tetherfi.test.tmac.TmacAuxCodesTest.ExportToExcelButton" duration-ms="8494" status="PASS">
          <reporter-output>
          </reporter-output>
        </test-method> <!-- verifyExportedData -->
        <test-method is-config="true" signature="AfterEachMethod(java.lang.reflect.Method)[pri:0, instance:com.tetherfi.test.tmac.TmacAuxCodesTest@6c8dbf56]" started-at="2020-03-12T15:09:34 IST" name="AfterEachMethod" finished-at="2020-03-12T15:09:35 IST" duration-ms="1363" status="PASS">
          <params>
            <param index="0">
              <value>
                <![CDATA[public void com.tetherfi.test.tmac.TmacAuxCodesTest.verifyExportedData() throws java.lang.Exception]]>
              </value>
            </param>
          </params>
          <reporter-output>
          </reporter-output>
        </test-method> <!-- AfterEachMethod -->
        <test-method is-config="true" signature="endTestCase(java.lang.reflect.Method)[pri:0, instance:com.tetherfi.test.tmac.TmacAuxCodesTest@6c8dbf56]" started-at="2020-03-12T15:09:35 IST" name="endTestCase" finished-at="2020-03-12T15:09:35 IST" duration-ms="1" status="PASS">
          <params>
            <param index="0">
              <value>
                <![CDATA[public void com.tetherfi.test.tmac.TmacAuxCodesTest.verifyExportedData() throws java.lang.Exception]]>
              </value>
            </param>
          </params>
          <reporter-output>
          </reporter-output>
        </test-method> <!-- endTestCase -->
        <test-method is-config="true" signature="tearDown()[pri:0, instance:com.tetherfi.test.tmac.TmacAuxCodesTest@6c8dbf56]" started-at="2020-03-12T15:09:35 IST" name="tearDown" finished-at="2020-03-12T15:09:40 IST" duration-ms="5475" status="PASS">
          <reporter-output>
          </reporter-output>
        </test-method> <!-- tearDown -->
      </class> <!-- com.tetherfi.test.tmac.TmacAuxCodesTest -->
    </test> <!-- Default test -->
  </suite> <!-- Default suite -->
</testng-results>
