<?xml version="1.0" encoding="UTF-8"?>
<testng-results ignored="0" total="34" passed="22" failed="7" skipped="5">
  <reporter-output>
  </reporter-output>
  <suite started-at="2019-05-07T10:56:13Z" name="Default suite" finished-at="2019-05-07T11:01:31Z" duration-ms="318226">
    <groups>
    </groups>
    <test started-at="2019-05-07T10:56:13Z" name="Default test" finished-at="2019-05-07T11:01:31Z" duration-ms="318226">
      <class name="com.tetherfi.test.ivr.MenuDescriptionMappingTest">
        <test-method is-config="true" signature="openApplication()[pri:0, instance:com.tetherfi.test.ivr.MenuDescriptionMappingTest@3b2553d9]" started-at="2019-05-07T16:26:13Z" name="openApplication" finished-at="2019-05-07T16:26:23Z" duration-ms="10208" status="PASS">
          <reporter-output>
          </reporter-output>
        </test-method> <!-- openApplication -->
        <test-method is-config="true" signature="startTestCase(java.lang.reflect.Method)[pri:0, instance:com.tetherfi.test.ivr.MenuDescriptionMappingTest@3b2553d9]" started-at="2019-05-07T16:26:23Z" name="startTestCase" finished-at="2019-05-07T16:26:23Z" duration-ms="1" status="PASS">
          <params>
            <param index="0">
              <value>
                <![CDATA[public void com.tetherfi.test.ivr.MenuDescriptionMappingTest.MenuDescriptionMappingPage()]]>
              </value>
            </param>
          </params>
          <reporter-output>
          </reporter-output>
        </test-method> <!-- startTestCase -->
        <test-method is-config="true" signature="NavigateToMenuDescriptionMappingPage()[pri:0, instance:com.tetherfi.test.ivr.MenuDescriptionMappingTest@3b2553d9]" started-at="2019-05-07T16:26:23Z" name="NavigateToMenuDescriptionMappingPage" finished-at="2019-05-07T16:26:28Z" duration-ms="4975" status="PASS">
          <reporter-output>
          </reporter-output>
        </test-method> <!-- NavigateToMenuDescriptionMappingPage -->
        <test-method signature="MenuDescriptionMappingPage()[pri:1, instance:com.tetherfi.test.ivr.MenuDescriptionMappingTest@3b2553d9]" started-at="2019-05-07T16:26:28Z" name="MenuDescriptionMappingPage" finished-at="2019-05-07T16:26:30Z" duration-ms="1263" status="PASS">
          <reporter-output>
          </reporter-output>
        </test-method> <!-- MenuDescriptionMappingPage -->
        <test-method is-config="true" signature="afterEachMethod(java.lang.reflect.Method)[pri:0, instance:com.tetherfi.test.ivr.MenuDescriptionMappingTest@3b2553d9]" started-at="2019-05-07T16:26:30Z" name="afterEachMethod" finished-at="2019-05-07T16:26:31Z" duration-ms="1304" status="PASS">
          <params>
            <param index="0">
              <value>
                <![CDATA[public void com.tetherfi.test.ivr.MenuDescriptionMappingTest.MenuDescriptionMappingPage()]]>
              </value>
            </param>
          </params>
          <reporter-output>
          </reporter-output>
        </test-method> <!-- afterEachMethod -->
        <test-method is-config="true" signature="endTestCase(java.lang.reflect.Method)[pri:0, instance:com.tetherfi.test.ivr.MenuDescriptionMappingTest@3b2553d9]" started-at="2019-05-07T16:26:31Z" name="endTestCase" finished-at="2019-05-07T16:26:31Z" duration-ms="1" status="PASS">
          <params>
            <param index="0">
              <value>
                <![CDATA[public void com.tetherfi.test.ivr.MenuDescriptionMappingTest.MenuDescriptionMappingPage()]]>
              </value>
            </param>
          </params>
          <reporter-output>
          </reporter-output>
        </test-method> <!-- endTestCase -->
        <test-method is-config="true" signature="NavigateToMenuDescriptionMappingPage()[pri:0, instance:com.tetherfi.test.ivr.MenuDescriptionMappingTest@3b2553d9]" started-at="2019-05-07T16:26:31Z" name="NavigateToMenuDescriptionMappingPage" finished-at="2019-05-07T16:26:35Z" duration-ms="4197" status="PASS">
          <reporter-output>
          </reporter-output>
        </test-method> <!-- NavigateToMenuDescriptionMappingPage -->
        <test-method is-config="true" signature="startTestCase(java.lang.reflect.Method)[pri:0, instance:com.tetherfi.test.ivr.MenuDescriptionMappingTest@3b2553d9]" started-at="2019-05-07T16:26:31Z" name="startTestCase" finished-at="2019-05-07T16:26:31Z" duration-ms="0" status="PASS">
          <params>
            <param index="0">
              <value>
                <![CDATA[public void com.tetherfi.test.ivr.MenuDescriptionMappingTest.VerifyDropdownForAllTheColumns()]]>
              </value>
            </param>
          </params>
          <reporter-output>
          </reporter-output>
        </test-method> <!-- startTestCase -->
        <test-method signature="VerifyDropdownForAllTheColumns()[pri:2, instance:com.tetherfi.test.ivr.MenuDescriptionMappingTest@3b2553d9]" started-at="2019-05-07T16:26:35Z" name="VerifyDropdownForAllTheColumns" finished-at="2019-05-07T16:26:42Z" duration-ms="7262" status="PASS">
          <reporter-output>
          </reporter-output>
        </test-method> <!-- VerifyDropdownForAllTheColumns -->
        <test-method is-config="true" signature="afterEachMethod(java.lang.reflect.Method)[pri:0, instance:com.tetherfi.test.ivr.MenuDescriptionMappingTest@3b2553d9]" started-at="2019-05-07T16:26:42Z" name="afterEachMethod" finished-at="2019-05-07T16:26:44Z" duration-ms="1397" status="PASS">
          <params>
            <param index="0">
              <value>
                <![CDATA[public void com.tetherfi.test.ivr.MenuDescriptionMappingTest.VerifyDropdownForAllTheColumns()]]>
              </value>
            </param>
          </params>
          <reporter-output>
          </reporter-output>
        </test-method> <!-- afterEachMethod -->
        <test-method is-config="true" signature="endTestCase(java.lang.reflect.Method)[pri:0, instance:com.tetherfi.test.ivr.MenuDescriptionMappingTest@3b2553d9]" started-at="2019-05-07T16:26:44Z" name="endTestCase" finished-at="2019-05-07T16:26:44Z" duration-ms="0" status="PASS">
          <params>
            <param index="0">
              <value>
                <![CDATA[public void com.tetherfi.test.ivr.MenuDescriptionMappingTest.VerifyDropdownForAllTheColumns()]]>
              </value>
            </param>
          </params>
          <reporter-output>
          </reporter-output>
        </test-method> <!-- endTestCase -->
        <test-method is-config="true" signature="startTestCase(java.lang.reflect.Method)[pri:0, instance:com.tetherfi.test.ivr.MenuDescriptionMappingTest@3b2553d9]" started-at="2019-05-07T16:26:44Z" name="startTestCase" finished-at="2019-05-07T16:26:44Z" duration-ms="1" status="PASS">
          <params>
            <param index="0">
              <value>
                <![CDATA[public void com.tetherfi.test.ivr.MenuDescriptionMappingTest.VerifyColumnsHeaderEnable()]]>
              </value>
            </param>
          </params>
          <reporter-output>
          </reporter-output>
        </test-method> <!-- startTestCase -->
        <test-method is-config="true" signature="NavigateToMenuDescriptionMappingPage()[pri:0, instance:com.tetherfi.test.ivr.MenuDescriptionMappingTest@3b2553d9]" started-at="2019-05-07T16:26:44Z" name="NavigateToMenuDescriptionMappingPage" finished-at="2019-05-07T16:26:48Z" duration-ms="4181" status="PASS">
          <reporter-output>
          </reporter-output>
        </test-method> <!-- NavigateToMenuDescriptionMappingPage -->
        <test-method signature="VerifyColumnsHeaderEnable()[pri:3, instance:com.tetherfi.test.ivr.MenuDescriptionMappingTest@3b2553d9]" started-at="2019-05-07T16:26:48Z" name="VerifyColumnsHeaderEnable" finished-at="2019-05-07T16:26:52Z" duration-ms="4102" status="PASS">
          <reporter-output>
          </reporter-output>
        </test-method> <!-- VerifyColumnsHeaderEnable -->
        <test-method is-config="true" signature="afterEachMethod(java.lang.reflect.Method)[pri:0, instance:com.tetherfi.test.ivr.MenuDescriptionMappingTest@3b2553d9]" started-at="2019-05-07T16:26:52Z" name="afterEachMethod" finished-at="2019-05-07T16:26:53Z" duration-ms="1143" status="PASS">
          <params>
            <param index="0">
              <value>
                <![CDATA[public void com.tetherfi.test.ivr.MenuDescriptionMappingTest.VerifyColumnsHeaderEnable()]]>
              </value>
            </param>
          </params>
          <reporter-output>
          </reporter-output>
        </test-method> <!-- afterEachMethod -->
        <test-method is-config="true" signature="endTestCase(java.lang.reflect.Method)[pri:0, instance:com.tetherfi.test.ivr.MenuDescriptionMappingTest@3b2553d9]" started-at="2019-05-07T16:26:53Z" name="endTestCase" finished-at="2019-05-07T16:26:53Z" duration-ms="0" status="PASS">
          <params>
            <param index="0">
              <value>
                <![CDATA[public void com.tetherfi.test.ivr.MenuDescriptionMappingTest.VerifyColumnsHeaderEnable()]]>
              </value>
            </param>
          </params>
          <reporter-output>
          </reporter-output>
        </test-method> <!-- endTestCase -->
        <test-method is-config="true" signature="NavigateToMenuDescriptionMappingPage()[pri:0, instance:com.tetherfi.test.ivr.MenuDescriptionMappingTest@3b2553d9]" started-at="2019-05-07T16:26:53Z" name="NavigateToMenuDescriptionMappingPage" finished-at="2019-05-07T16:26:57Z" duration-ms="4112" status="PASS">
          <reporter-output>
          </reporter-output>
        </test-method> <!-- NavigateToMenuDescriptionMappingPage -->
        <test-method is-config="true" signature="startTestCase(java.lang.reflect.Method)[pri:0, instance:com.tetherfi.test.ivr.MenuDescriptionMappingTest@3b2553d9]" started-at="2019-05-07T16:26:53Z" name="startTestCase" finished-at="2019-05-07T16:26:53Z" duration-ms="0" status="PASS">
          <params>
            <param index="0">
              <value>
                <![CDATA[public void com.tetherfi.test.ivr.MenuDescriptionMappingTest.VerifyColumnsHeaderDisable()]]>
              </value>
            </param>
          </params>
          <reporter-output>
          </reporter-output>
        </test-method> <!-- startTestCase -->
        <test-method signature="VerifyColumnsHeaderDisable()[pri:4, instance:com.tetherfi.test.ivr.MenuDescriptionMappingTest@3b2553d9]" started-at="2019-05-07T16:26:57Z" name="VerifyColumnsHeaderDisable" finished-at="2019-05-07T16:27:02Z" duration-ms="4625" status="PASS">
          <reporter-output>
          </reporter-output>
        </test-method> <!-- VerifyColumnsHeaderDisable -->
        <test-method is-config="true" signature="afterEachMethod(java.lang.reflect.Method)[pri:0, instance:com.tetherfi.test.ivr.MenuDescriptionMappingTest@3b2553d9]" started-at="2019-05-07T16:27:02Z" name="afterEachMethod" finished-at="2019-05-07T16:27:02Z" duration-ms="363" status="PASS">
          <params>
            <param index="0">
              <value>
                <![CDATA[public void com.tetherfi.test.ivr.MenuDescriptionMappingTest.VerifyColumnsHeaderDisable()]]>
              </value>
            </param>
          </params>
          <reporter-output>
          </reporter-output>
        </test-method> <!-- afterEachMethod -->
        <test-method is-config="true" signature="endTestCase(java.lang.reflect.Method)[pri:0, instance:com.tetherfi.test.ivr.MenuDescriptionMappingTest@3b2553d9]" started-at="2019-05-07T16:27:02Z" name="endTestCase" finished-at="2019-05-07T16:27:02Z" duration-ms="0" status="PASS">
          <params>
            <param index="0">
              <value>
                <![CDATA[public void com.tetherfi.test.ivr.MenuDescriptionMappingTest.VerifyColumnsHeaderDisable()]]>
              </value>
            </param>
          </params>
          <reporter-output>
          </reporter-output>
        </test-method> <!-- endTestCase -->
        <test-method is-config="true" signature="NavigateToMenuDescriptionMappingPage()[pri:0, instance:com.tetherfi.test.ivr.MenuDescriptionMappingTest@3b2553d9]" started-at="2019-05-07T16:27:02Z" name="NavigateToMenuDescriptionMappingPage" finished-at="2019-05-07T16:27:07Z" duration-ms="4445" status="PASS">
          <reporter-output>
          </reporter-output>
        </test-method> <!-- NavigateToMenuDescriptionMappingPage -->
        <test-method is-config="true" signature="startTestCase(java.lang.reflect.Method)[pri:0, instance:com.tetherfi.test.ivr.MenuDescriptionMappingTest@3b2553d9]" started-at="2019-05-07T16:27:02Z" name="startTestCase" finished-at="2019-05-07T16:27:02Z" duration-ms="0" status="PASS">
          <params>
            <param index="0">
              <value>
                <![CDATA[public void com.tetherfi.test.ivr.MenuDescriptionMappingTest.AddNewMenuDescriptionMappingRecord() throws java.io.IOException]]>
              </value>
            </param>
          </params>
          <reporter-output>
          </reporter-output>
        </test-method> <!-- startTestCase -->
        <test-method signature="AddNewMenuDescriptionMappingRecord()[pri:5, instance:com.tetherfi.test.ivr.MenuDescriptionMappingTest@3b2553d9]" started-at="2019-05-07T16:27:07Z" name="AddNewMenuDescriptionMappingRecord" finished-at="2019-05-07T16:27:16Z" duration-ms="8730" status="PASS">
          <reporter-output>
          </reporter-output>
        </test-method> <!-- AddNewMenuDescriptionMappingRecord -->
        <test-method is-config="true" signature="afterEachMethod(java.lang.reflect.Method)[pri:0, instance:com.tetherfi.test.ivr.MenuDescriptionMappingTest@3b2553d9]" started-at="2019-05-07T16:27:16Z" name="afterEachMethod" finished-at="2019-05-07T16:27:17Z" duration-ms="1130" status="PASS">
          <params>
            <param index="0">
              <value>
                <![CDATA[public void com.tetherfi.test.ivr.MenuDescriptionMappingTest.AddNewMenuDescriptionMappingRecord() throws java.io.IOException]]>
              </value>
            </param>
          </params>
          <reporter-output>
          </reporter-output>
        </test-method> <!-- afterEachMethod -->
        <test-method is-config="true" signature="endTestCase(java.lang.reflect.Method)[pri:0, instance:com.tetherfi.test.ivr.MenuDescriptionMappingTest@3b2553d9]" started-at="2019-05-07T16:27:17Z" name="endTestCase" finished-at="2019-05-07T16:27:17Z" duration-ms="1" status="PASS">
          <params>
            <param index="0">
              <value>
                <![CDATA[public void com.tetherfi.test.ivr.MenuDescriptionMappingTest.AddNewMenuDescriptionMappingRecord() throws java.io.IOException]]>
              </value>
            </param>
          </params>
          <reporter-output>
          </reporter-output>
        </test-method> <!-- endTestCase -->
        <test-method is-config="true" signature="NavigateToMenuDescriptionMappingPage()[pri:0, instance:com.tetherfi.test.ivr.MenuDescriptionMappingTest@3b2553d9]" started-at="2019-05-07T16:27:17Z" name="NavigateToMenuDescriptionMappingPage" finished-at="2019-05-07T16:27:21Z" duration-ms="4182" status="PASS">
          <reporter-output>
          </reporter-output>
        </test-method> <!-- NavigateToMenuDescriptionMappingPage -->
        <test-method is-config="true" signature="startTestCase(java.lang.reflect.Method)[pri:0, instance:com.tetherfi.test.ivr.MenuDescriptionMappingTest@3b2553d9]" started-at="2019-05-07T16:27:17Z" name="startTestCase" finished-at="2019-05-07T16:27:17Z" duration-ms="0" status="PASS">
          <params>
            <param index="0">
              <value>
                <![CDATA[public void com.tetherfi.test.ivr.MenuDescriptionMappingTest.AddDuplicateMenuDescriptionMappingRecord() throws java.io.IOException]]>
              </value>
            </param>
          </params>
          <reporter-output>
          </reporter-output>
        </test-method> <!-- startTestCase -->
        <test-method signature="AddDuplicateMenuDescriptionMappingRecord()[pri:6, instance:com.tetherfi.test.ivr.MenuDescriptionMappingTest@3b2553d9]" started-at="2019-05-07T16:27:21Z" name="AddDuplicateMenuDescriptionMappingRecord" finished-at="2019-05-07T16:27:29Z" depends-on-methods="com.tetherfi.test.ivr.MenuDescriptionMappingTest.AddNewMenuDescriptionMappingRecord" duration-ms="8093" status="PASS">
          <reporter-output>
          </reporter-output>
        </test-method> <!-- AddDuplicateMenuDescriptionMappingRecord -->
        <test-method is-config="true" signature="afterEachMethod(java.lang.reflect.Method)[pri:0, instance:com.tetherfi.test.ivr.MenuDescriptionMappingTest@3b2553d9]" started-at="2019-05-07T16:27:29Z" name="afterEachMethod" finished-at="2019-05-07T16:27:30Z" duration-ms="1117" status="PASS">
          <params>
            <param index="0">
              <value>
                <![CDATA[public void com.tetherfi.test.ivr.MenuDescriptionMappingTest.AddDuplicateMenuDescriptionMappingRecord() throws java.io.IOException]]>
              </value>
            </param>
          </params>
          <reporter-output>
          </reporter-output>
        </test-method> <!-- afterEachMethod -->
        <test-method is-config="true" signature="endTestCase(java.lang.reflect.Method)[pri:0, instance:com.tetherfi.test.ivr.MenuDescriptionMappingTest@3b2553d9]" started-at="2019-05-07T16:27:30Z" name="endTestCase" finished-at="2019-05-07T16:27:30Z" duration-ms="1" status="PASS">
          <params>
            <param index="0">
              <value>
                <![CDATA[public void com.tetherfi.test.ivr.MenuDescriptionMappingTest.AddDuplicateMenuDescriptionMappingRecord() throws java.io.IOException]]>
              </value>
            </param>
          </params>
          <reporter-output>
          </reporter-output>
        </test-method> <!-- endTestCase -->
        <test-method is-config="true" signature="NavigateToMenuDescriptionMappingPage()[pri:0, instance:com.tetherfi.test.ivr.MenuDescriptionMappingTest@3b2553d9]" started-at="2019-05-07T16:27:30Z" name="NavigateToMenuDescriptionMappingPage" finished-at="2019-05-07T16:27:34Z" duration-ms="4122" status="PASS">
          <reporter-output>
          </reporter-output>
        </test-method> <!-- NavigateToMenuDescriptionMappingPage -->
        <test-method is-config="true" signature="startTestCase(java.lang.reflect.Method)[pri:0, instance:com.tetherfi.test.ivr.MenuDescriptionMappingTest@3b2553d9]" started-at="2019-05-07T16:27:30Z" name="startTestCase" finished-at="2019-05-07T16:27:30Z" duration-ms="0" status="PASS">
          <params>
            <param index="0">
              <value>
                <![CDATA[public void com.tetherfi.test.ivr.MenuDescriptionMappingTest.VerifyAuditTrialReportForCreate() throws java.lang.Exception]]>
              </value>
            </param>
          </params>
          <reporter-output>
          </reporter-output>
        </test-method> <!-- startTestCase -->
        <test-method signature="VerifyAuditTrialReportForCreate()[pri:7, instance:com.tetherfi.test.ivr.MenuDescriptionMappingTest@3b2553d9]" started-at="2019-05-07T16:27:34Z" name="VerifyAuditTrialReportForCreate" finished-at="2019-05-07T16:28:02Z" depends-on-methods="com.tetherfi.test.ivr.MenuDescriptionMappingTest.AddNewMenuDescriptionMappingRecord" duration-ms="27476" status="PASS">
          <reporter-output>
          </reporter-output>
        </test-method> <!-- VerifyAuditTrialReportForCreate -->
        <test-method is-config="true" signature="afterEachMethod(java.lang.reflect.Method)[pri:0, instance:com.tetherfi.test.ivr.MenuDescriptionMappingTest@3b2553d9]" started-at="2019-05-07T16:28:02Z" name="afterEachMethod" finished-at="2019-05-07T16:28:03Z" duration-ms="1400" status="PASS">
          <params>
            <param index="0">
              <value>
                <![CDATA[public void com.tetherfi.test.ivr.MenuDescriptionMappingTest.VerifyAuditTrialReportForCreate() throws java.lang.Exception]]>
              </value>
            </param>
          </params>
          <reporter-output>
          </reporter-output>
        </test-method> <!-- afterEachMethod -->
        <test-method is-config="true" signature="endTestCase(java.lang.reflect.Method)[pri:0, instance:com.tetherfi.test.ivr.MenuDescriptionMappingTest@3b2553d9]" started-at="2019-05-07T16:28:03Z" name="endTestCase" finished-at="2019-05-07T16:28:03Z" duration-ms="0" status="PASS">
          <params>
            <param index="0">
              <value>
                <![CDATA[public void com.tetherfi.test.ivr.MenuDescriptionMappingTest.VerifyAuditTrialReportForCreate() throws java.lang.Exception]]>
              </value>
            </param>
          </params>
          <reporter-output>
          </reporter-output>
        </test-method> <!-- endTestCase -->
        <test-method is-config="true" signature="NavigateToMenuDescriptionMappingPage()[pri:0, instance:com.tetherfi.test.ivr.MenuDescriptionMappingTest@3b2553d9]" started-at="2019-05-07T16:28:03Z" name="NavigateToMenuDescriptionMappingPage" finished-at="2019-05-07T16:28:07Z" duration-ms="4140" status="PASS">
          <reporter-output>
          </reporter-output>
        </test-method> <!-- NavigateToMenuDescriptionMappingPage -->
        <test-method is-config="true" signature="startTestCase(java.lang.reflect.Method)[pri:0, instance:com.tetherfi.test.ivr.MenuDescriptionMappingTest@3b2553d9]" started-at="2019-05-07T16:28:03Z" name="startTestCase" finished-at="2019-05-07T16:28:03Z" duration-ms="0" status="PASS">
          <params>
            <param index="0">
              <value>
                <![CDATA[public void com.tetherfi.test.ivr.MenuDescriptionMappingTest.AddEmptyRecord() throws java.io.IOException]]>
              </value>
            </param>
          </params>
          <reporter-output>
          </reporter-output>
        </test-method> <!-- startTestCase -->
        <test-method signature="AddEmptyRecord()[pri:8, instance:com.tetherfi.test.ivr.MenuDescriptionMappingTest@3b2553d9]" started-at="2019-05-07T16:28:07Z" name="AddEmptyRecord" finished-at="2019-05-07T16:28:08Z" duration-ms="645" status="PASS">
          <reporter-output>
          </reporter-output>
        </test-method> <!-- AddEmptyRecord -->
        <test-method is-config="true" signature="afterEachMethod(java.lang.reflect.Method)[pri:0, instance:com.tetherfi.test.ivr.MenuDescriptionMappingTest@3b2553d9]" started-at="2019-05-07T16:28:08Z" name="afterEachMethod" finished-at="2019-05-07T16:28:09Z" duration-ms="1131" status="PASS">
          <params>
            <param index="0">
              <value>
                <![CDATA[public void com.tetherfi.test.ivr.MenuDescriptionMappingTest.AddEmptyRecord() throws java.io.IOException]]>
              </value>
            </param>
          </params>
          <reporter-output>
          </reporter-output>
        </test-method> <!-- afterEachMethod -->
        <test-method is-config="true" signature="endTestCase(java.lang.reflect.Method)[pri:0, instance:com.tetherfi.test.ivr.MenuDescriptionMappingTest@3b2553d9]" started-at="2019-05-07T16:28:09Z" name="endTestCase" finished-at="2019-05-07T16:28:09Z" duration-ms="0" status="PASS">
          <params>
            <param index="0">
              <value>
                <![CDATA[public void com.tetherfi.test.ivr.MenuDescriptionMappingTest.AddEmptyRecord() throws java.io.IOException]]>
              </value>
            </param>
          </params>
          <reporter-output>
          </reporter-output>
        </test-method> <!-- endTestCase -->
        <test-method is-config="true" signature="startTestCase(java.lang.reflect.Method)[pri:0, instance:com.tetherfi.test.ivr.MenuDescriptionMappingTest@3b2553d9]" started-at="2019-05-07T16:28:09Z" name="startTestCase" finished-at="2019-05-07T16:28:09Z" duration-ms="0" status="PASS">
          <params>
            <param index="0">
              <value>
                <![CDATA[public void com.tetherfi.test.ivr.MenuDescriptionMappingTest.AddRecordWithoutMenuID() throws java.io.IOException]]>
              </value>
            </param>
          </params>
          <reporter-output>
          </reporter-output>
        </test-method> <!-- startTestCase -->
        <test-method is-config="true" signature="NavigateToMenuDescriptionMappingPage()[pri:0, instance:com.tetherfi.test.ivr.MenuDescriptionMappingTest@3b2553d9]" started-at="2019-05-07T16:28:09Z" name="NavigateToMenuDescriptionMappingPage" finished-at="2019-05-07T16:28:13Z" duration-ms="4032" status="PASS">
          <reporter-output>
          </reporter-output>
        </test-method> <!-- NavigateToMenuDescriptionMappingPage -->
        <test-method signature="AddRecordWithoutMenuID()[pri:9, instance:com.tetherfi.test.ivr.MenuDescriptionMappingTest@3b2553d9]" started-at="2019-05-07T16:28:13Z" name="AddRecordWithoutMenuID" finished-at="2019-05-07T16:28:19Z" duration-ms="5921" status="PASS">
          <reporter-output>
          </reporter-output>
        </test-method> <!-- AddRecordWithoutMenuID -->
        <test-method is-config="true" signature="afterEachMethod(java.lang.reflect.Method)[pri:0, instance:com.tetherfi.test.ivr.MenuDescriptionMappingTest@3b2553d9]" started-at="2019-05-07T16:28:19Z" name="afterEachMethod" finished-at="2019-05-07T16:28:20Z" duration-ms="1160" status="PASS">
          <params>
            <param index="0">
              <value>
                <![CDATA[public void com.tetherfi.test.ivr.MenuDescriptionMappingTest.AddRecordWithoutMenuID() throws java.io.IOException]]>
              </value>
            </param>
          </params>
          <reporter-output>
          </reporter-output>
        </test-method> <!-- afterEachMethod -->
        <test-method is-config="true" signature="endTestCase(java.lang.reflect.Method)[pri:0, instance:com.tetherfi.test.ivr.MenuDescriptionMappingTest@3b2553d9]" started-at="2019-05-07T16:28:20Z" name="endTestCase" finished-at="2019-05-07T16:28:20Z" duration-ms="1" status="PASS">
          <params>
            <param index="0">
              <value>
                <![CDATA[public void com.tetherfi.test.ivr.MenuDescriptionMappingTest.AddRecordWithoutMenuID() throws java.io.IOException]]>
              </value>
            </param>
          </params>
          <reporter-output>
          </reporter-output>
        </test-method> <!-- endTestCase -->
        <test-method is-config="true" signature="startTestCase(java.lang.reflect.Method)[pri:0, instance:com.tetherfi.test.ivr.MenuDescriptionMappingTest@3b2553d9]" started-at="2019-05-07T16:28:20Z" name="startTestCase" finished-at="2019-05-07T16:28:20Z" duration-ms="1" status="PASS">
          <params>
            <param index="0">
              <value>
                <![CDATA[public void com.tetherfi.test.ivr.MenuDescriptionMappingTest.AddRecordWithoutMenuName() throws java.io.IOException]]>
              </value>
            </param>
          </params>
          <reporter-output>
          </reporter-output>
        </test-method> <!-- startTestCase -->
        <test-method is-config="true" signature="NavigateToMenuDescriptionMappingPage()[pri:0, instance:com.tetherfi.test.ivr.MenuDescriptionMappingTest@3b2553d9]" started-at="2019-05-07T16:28:20Z" name="NavigateToMenuDescriptionMappingPage" finished-at="2019-05-07T16:28:25Z" duration-ms="4700" status="PASS">
          <reporter-output>
          </reporter-output>
        </test-method> <!-- NavigateToMenuDescriptionMappingPage -->
        <test-method signature="AddRecordWithoutMenuName()[pri:10, instance:com.tetherfi.test.ivr.MenuDescriptionMappingTest@3b2553d9]" started-at="2019-05-07T16:28:25Z" name="AddRecordWithoutMenuName" finished-at="2019-05-07T16:28:31Z" duration-ms="5831" status="PASS">
          <reporter-output>
          </reporter-output>
        </test-method> <!-- AddRecordWithoutMenuName -->
        <test-method is-config="true" signature="afterEachMethod(java.lang.reflect.Method)[pri:0, instance:com.tetherfi.test.ivr.MenuDescriptionMappingTest@3b2553d9]" started-at="2019-05-07T16:28:31Z" name="afterEachMethod" finished-at="2019-05-07T16:28:32Z" duration-ms="1100" status="PASS">
          <params>
            <param index="0">
              <value>
                <![CDATA[public void com.tetherfi.test.ivr.MenuDescriptionMappingTest.AddRecordWithoutMenuName() throws java.io.IOException]]>
              </value>
            </param>
          </params>
          <reporter-output>
          </reporter-output>
        </test-method> <!-- afterEachMethod -->
        <test-method is-config="true" signature="endTestCase(java.lang.reflect.Method)[pri:0, instance:com.tetherfi.test.ivr.MenuDescriptionMappingTest@3b2553d9]" started-at="2019-05-07T16:28:32Z" name="endTestCase" finished-at="2019-05-07T16:28:32Z" duration-ms="1" status="PASS">
          <params>
            <param index="0">
              <value>
                <![CDATA[public void com.tetherfi.test.ivr.MenuDescriptionMappingTest.AddRecordWithoutMenuName() throws java.io.IOException]]>
              </value>
            </param>
          </params>
          <reporter-output>
          </reporter-output>
        </test-method> <!-- endTestCase -->
        <test-method is-config="true" signature="startTestCase(java.lang.reflect.Method)[pri:0, instance:com.tetherfi.test.ivr.MenuDescriptionMappingTest@3b2553d9]" started-at="2019-05-07T16:28:32Z" name="startTestCase" finished-at="2019-05-07T16:28:32Z" duration-ms="0" status="PASS">
          <params>
            <param index="0">
              <value>
                <![CDATA[public void com.tetherfi.test.ivr.MenuDescriptionMappingTest.AddRecordWithoutIntent() throws java.io.IOException]]>
              </value>
            </param>
          </params>
          <reporter-output>
          </reporter-output>
        </test-method> <!-- startTestCase -->
        <test-method is-config="true" signature="NavigateToMenuDescriptionMappingPage()[pri:0, instance:com.tetherfi.test.ivr.MenuDescriptionMappingTest@3b2553d9]" started-at="2019-05-07T16:28:32Z" name="NavigateToMenuDescriptionMappingPage" finished-at="2019-05-07T16:28:36Z" duration-ms="4135" status="PASS">
          <reporter-output>
          </reporter-output>
        </test-method> <!-- NavigateToMenuDescriptionMappingPage -->
        <test-method signature="AddRecordWithoutIntent()[pri:11, instance:com.tetherfi.test.ivr.MenuDescriptionMappingTest@3b2553d9]" started-at="2019-05-07T16:28:36Z" name="AddRecordWithoutIntent" finished-at="2019-05-07T16:28:42Z" duration-ms="6033" status="PASS">
          <reporter-output>
          </reporter-output>
        </test-method> <!-- AddRecordWithoutIntent -->
        <test-method is-config="true" signature="afterEachMethod(java.lang.reflect.Method)[pri:0, instance:com.tetherfi.test.ivr.MenuDescriptionMappingTest@3b2553d9]" started-at="2019-05-07T16:28:42Z" name="afterEachMethod" finished-at="2019-05-07T16:28:43Z" duration-ms="1370" status="PASS">
          <params>
            <param index="0">
              <value>
                <![CDATA[public void com.tetherfi.test.ivr.MenuDescriptionMappingTest.AddRecordWithoutIntent() throws java.io.IOException]]>
              </value>
            </param>
          </params>
          <reporter-output>
          </reporter-output>
        </test-method> <!-- afterEachMethod -->
        <test-method is-config="true" signature="endTestCase(java.lang.reflect.Method)[pri:0, instance:com.tetherfi.test.ivr.MenuDescriptionMappingTest@3b2553d9]" started-at="2019-05-07T16:28:43Z" name="endTestCase" finished-at="2019-05-07T16:28:43Z" duration-ms="0" status="PASS">
          <params>
            <param index="0">
              <value>
                <![CDATA[public void com.tetherfi.test.ivr.MenuDescriptionMappingTest.AddRecordWithoutIntent() throws java.io.IOException]]>
              </value>
            </param>
          </params>
          <reporter-output>
          </reporter-output>
        </test-method> <!-- endTestCase -->
        <test-method is-config="true" signature="startTestCase(java.lang.reflect.Method)[pri:0, instance:com.tetherfi.test.ivr.MenuDescriptionMappingTest@3b2553d9]" started-at="2019-05-07T16:28:43Z" name="startTestCase" finished-at="2019-05-07T16:28:43Z" duration-ms="0" status="PASS">
          <params>
            <param index="0">
              <value>
                <![CDATA[public void com.tetherfi.test.ivr.MenuDescriptionMappingTest.VerifyCancelBtnAtAddRecord()]]>
              </value>
            </param>
          </params>
          <reporter-output>
          </reporter-output>
        </test-method> <!-- startTestCase -->
        <test-method is-config="true" signature="NavigateToMenuDescriptionMappingPage()[pri:0, instance:com.tetherfi.test.ivr.MenuDescriptionMappingTest@3b2553d9]" started-at="2019-05-07T16:28:43Z" name="NavigateToMenuDescriptionMappingPage" finished-at="2019-05-07T16:28:47Z" duration-ms="4036" status="PASS">
          <reporter-output>
          </reporter-output>
        </test-method> <!-- NavigateToMenuDescriptionMappingPage -->
        <test-method signature="VerifyCancelBtnAtAddRecord()[pri:12, instance:com.tetherfi.test.ivr.MenuDescriptionMappingTest@3b2553d9]" started-at="2019-05-07T16:28:47Z" name="VerifyCancelBtnAtAddRecord" finished-at="2019-05-07T16:28:51Z" duration-ms="3664" status="PASS">
          <reporter-output>
          </reporter-output>
        </test-method> <!-- VerifyCancelBtnAtAddRecord -->
        <test-method is-config="true" signature="afterEachMethod(java.lang.reflect.Method)[pri:0, instance:com.tetherfi.test.ivr.MenuDescriptionMappingTest@3b2553d9]" started-at="2019-05-07T16:28:51Z" name="afterEachMethod" finished-at="2019-05-07T16:28:52Z" duration-ms="1101" status="PASS">
          <params>
            <param index="0">
              <value>
                <![CDATA[public void com.tetherfi.test.ivr.MenuDescriptionMappingTest.VerifyCancelBtnAtAddRecord()]]>
              </value>
            </param>
          </params>
          <reporter-output>
          </reporter-output>
        </test-method> <!-- afterEachMethod -->
        <test-method is-config="true" signature="endTestCase(java.lang.reflect.Method)[pri:0, instance:com.tetherfi.test.ivr.MenuDescriptionMappingTest@3b2553d9]" started-at="2019-05-07T16:28:52Z" name="endTestCase" finished-at="2019-05-07T16:28:52Z" duration-ms="1" status="PASS">
          <params>
            <param index="0">
              <value>
                <![CDATA[public void com.tetherfi.test.ivr.MenuDescriptionMappingTest.VerifyCancelBtnAtAddRecord()]]>
              </value>
            </param>
          </params>
          <reporter-output>
          </reporter-output>
        </test-method> <!-- endTestCase -->
        <test-method is-config="true" signature="startTestCase(java.lang.reflect.Method)[pri:0, instance:com.tetherfi.test.ivr.MenuDescriptionMappingTest@3b2553d9]" started-at="2019-05-07T16:28:52Z" name="startTestCase" finished-at="2019-05-07T16:28:52Z" duration-ms="0" status="PASS">
          <params>
            <param index="0">
              <value>
                <![CDATA[public void com.tetherfi.test.ivr.MenuDescriptionMappingTest.EditMenuDescriptionMappingRecord() throws java.lang.Exception]]>
              </value>
            </param>
          </params>
          <reporter-output>
          </reporter-output>
        </test-method> <!-- startTestCase -->
        <test-method is-config="true" signature="NavigateToMenuDescriptionMappingPage()[pri:0, instance:com.tetherfi.test.ivr.MenuDescriptionMappingTest@3b2553d9]" started-at="2019-05-07T16:28:52Z" name="NavigateToMenuDescriptionMappingPage" finished-at="2019-05-07T16:28:56Z" duration-ms="4312" status="PASS">
          <reporter-output>
          </reporter-output>
        </test-method> <!-- NavigateToMenuDescriptionMappingPage -->
        <test-method signature="EditMenuDescriptionMappingRecord()[pri:13, instance:com.tetherfi.test.ivr.MenuDescriptionMappingTest@3b2553d9]" started-at="2019-05-07T16:28:56Z" name="EditMenuDescriptionMappingRecord" finished-at="2019-05-07T16:29:10Z" duration-ms="13850" status="FAIL">
          <exception class="java.lang.AssertionError">
            <message>
              <![CDATA[Edit record assertion failed expected [Record Updated Successfully] but found [Record Updation Failed]]]>
            </message>
            <full-stacktrace>
              <![CDATA[java.lang.AssertionError: Edit record assertion failed expected [Record Updated Successfully] but found [Record Updation Failed]
	at org.testng.Assert.fail(Assert.java:93)
	at org.testng.Assert.failNotEquals(Assert.java:512)
	at org.testng.Assert.assertEqualsImpl(Assert.java:134)
	at org.testng.Assert.assertEquals(Assert.java:115)
	at org.testng.Assert.assertEquals(Assert.java:189)
	at com.tetherfi.test.ivr.MenuDescriptionMappingTest.EditMenuDescriptionMappingRecord(MenuDescriptionMappingTest.java:167)
	at java.base/jdk.internal.reflect.NativeMethodAccessorImpl.invoke0(Native Method)
	at java.base/jdk.internal.reflect.NativeMethodAccessorImpl.invoke(Unknown Source)
	at java.base/jdk.internal.reflect.DelegatingMethodAccessorImpl.invoke(Unknown Source)
	at java.base/java.lang.reflect.Method.invoke(Unknown Source)
	at org.testng.internal.MethodInvocationHelper.invokeMethod(MethodInvocationHelper.java:108)
	at org.testng.internal.Invoker.invokeMethod(Invoker.java:661)
	at org.testng.internal.Invoker.invokeTestMethod(Invoker.java:869)
	at org.testng.internal.Invoker.invokeTestMethods(Invoker.java:1193)
	at org.testng.internal.TestMethodWorker.invokeTestMethods(TestMethodWorker.java:126)
	at org.testng.internal.TestMethodWorker.run(TestMethodWorker.java:109)
	at org.testng.TestRunner.privateRun(TestRunner.java:744)
	at org.testng.TestRunner.run(TestRunner.java:602)
	at org.testng.SuiteRunner.runTest(SuiteRunner.java:380)
	at org.testng.SuiteRunner.runSequentially(SuiteRunner.java:375)
	at org.testng.SuiteRunner.privateRun(SuiteRunner.java:340)
	at org.testng.SuiteRunner.run(SuiteRunner.java:289)
	at org.testng.SuiteRunnerWorker.runSuite(SuiteRunnerWorker.java:52)
	at org.testng.SuiteRunnerWorker.run(SuiteRunnerWorker.java:86)
	at org.testng.TestNG.runSuitesSequentially(TestNG.java:1301)
	at org.testng.TestNG.runSuitesLocally(TestNG.java:1226)
	at org.testng.TestNG.runSuites(TestNG.java:1144)
	at org.testng.TestNG.run(TestNG.java:1115)
	at org.testng.remote.AbstractRemoteTestNG.run(AbstractRemoteTestNG.java:114)
	at org.testng.remote.RemoteTestNG.initAndRun(RemoteTestNG.java:251)
	at org.testng.remote.RemoteTestNG.main(RemoteTestNG.java:77)
]]>
            </full-stacktrace>
          </exception> <!-- java.lang.AssertionError -->
          <reporter-output>
          </reporter-output>
        </test-method> <!-- EditMenuDescriptionMappingRecord -->
        <test-method is-config="true" signature="afterEachMethod(java.lang.reflect.Method)[pri:0, instance:com.tetherfi.test.ivr.MenuDescriptionMappingTest@3b2553d9]" started-at="2019-05-07T16:29:10Z" name="afterEachMethod" finished-at="2019-05-07T16:29:11Z" duration-ms="1112" status="PASS">
          <params>
            <param index="0">
              <value>
                <![CDATA[public void com.tetherfi.test.ivr.MenuDescriptionMappingTest.EditMenuDescriptionMappingRecord() throws java.lang.Exception]]>
              </value>
            </param>
          </params>
          <reporter-output>
          </reporter-output>
        </test-method> <!-- afterEachMethod -->
        <test-method signature="VerifyAuditTrialReportForUpdate()[pri:14, instance:com.tetherfi.test.ivr.MenuDescriptionMappingTest@3b2553d9]" started-at="2019-05-07T16:29:11Z" name="VerifyAuditTrialReportForUpdate" finished-at="2019-05-07T16:29:11Z" depends-on-methods="com.tetherfi.test.ivr.MenuDescriptionMappingTest.EditMenuDescriptionMappingRecord" duration-ms="1" status="SKIP">
          <exception class="java.lang.Throwable">
            <message>
              <![CDATA[Method MenuDescriptionMappingTest.VerifyAuditTrialReportForUpdate()[pri:14, instance:com.tetherfi.test.ivr.MenuDescriptionMappingTest@3b2553d9] depends on not successfully finished methods]]>
            </message>
            <full-stacktrace>
              <![CDATA[java.lang.Throwable: Method MenuDescriptionMappingTest.VerifyAuditTrialReportForUpdate()[pri:14, instance:com.tetherfi.test.ivr.MenuDescriptionMappingTest@3b2553d9] depends on not successfully finished methods
	at org.testng.internal.Invoker.invokeTestMethods(Invoker.java:1084)
	at org.testng.internal.TestMethodWorker.invokeTestMethods(TestMethodWorker.java:126)
	at org.testng.internal.TestMethodWorker.run(TestMethodWorker.java:109)
	at org.testng.TestRunner.privateRun(TestRunner.java:744)
	at org.testng.TestRunner.run(TestRunner.java:602)
	at org.testng.SuiteRunner.runTest(SuiteRunner.java:380)
	at org.testng.SuiteRunner.runSequentially(SuiteRunner.java:375)
	at org.testng.SuiteRunner.privateRun(SuiteRunner.java:340)
	at org.testng.SuiteRunner.run(SuiteRunner.java:289)
	at org.testng.SuiteRunnerWorker.runSuite(SuiteRunnerWorker.java:52)
	at org.testng.SuiteRunnerWorker.run(SuiteRunnerWorker.java:86)
	at org.testng.TestNG.runSuitesSequentially(TestNG.java:1301)
	at org.testng.TestNG.runSuitesLocally(TestNG.java:1226)
	at org.testng.TestNG.runSuites(TestNG.java:1144)
	at org.testng.TestNG.run(TestNG.java:1115)
	at org.testng.remote.AbstractRemoteTestNG.run(AbstractRemoteTestNG.java:114)
	at org.testng.remote.RemoteTestNG.initAndRun(RemoteTestNG.java:251)
	at org.testng.remote.RemoteTestNG.main(RemoteTestNG.java:77)
]]>
            </full-stacktrace>
          </exception> <!-- java.lang.Throwable -->
          <reporter-output>
          </reporter-output>
        </test-method> <!-- VerifyAuditTrialReportForUpdate -->
        <test-method is-config="true" signature="endTestCase(java.lang.reflect.Method)[pri:0, instance:com.tetherfi.test.ivr.MenuDescriptionMappingTest@3b2553d9]" started-at="2019-05-07T16:29:11Z" name="endTestCase" finished-at="2019-05-07T16:29:11Z" duration-ms="0" status="PASS">
          <params>
            <param index="0">
              <value>
                <![CDATA[public void com.tetherfi.test.ivr.MenuDescriptionMappingTest.EditMenuDescriptionMappingRecord() throws java.lang.Exception]]>
              </value>
            </param>
          </params>
          <reporter-output>
          </reporter-output>
        </test-method> <!-- endTestCase -->
        <test-method signature="EditWithoutModifyReasonRecord()[pri:15, instance:com.tetherfi.test.ivr.MenuDescriptionMappingTest@3b2553d9]" started-at="2019-05-07T16:29:11Z" name="EditWithoutModifyReasonRecord" finished-at="2019-05-07T16:29:11Z" depends-on-methods="com.tetherfi.test.ivr.MenuDescriptionMappingTest.EditMenuDescriptionMappingRecord" duration-ms="0" status="SKIP">
          <exception class="java.lang.Throwable">
            <message>
              <![CDATA[Method MenuDescriptionMappingTest.EditWithoutModifyReasonRecord()[pri:15, instance:com.tetherfi.test.ivr.MenuDescriptionMappingTest@3b2553d9] depends on not successfully finished methods]]>
            </message>
            <full-stacktrace>
              <![CDATA[java.lang.Throwable: Method MenuDescriptionMappingTest.EditWithoutModifyReasonRecord()[pri:15, instance:com.tetherfi.test.ivr.MenuDescriptionMappingTest@3b2553d9] depends on not successfully finished methods
	at org.testng.internal.Invoker.invokeTestMethods(Invoker.java:1084)
	at org.testng.internal.TestMethodWorker.invokeTestMethods(TestMethodWorker.java:126)
	at org.testng.internal.TestMethodWorker.run(TestMethodWorker.java:109)
	at org.testng.TestRunner.privateRun(TestRunner.java:744)
	at org.testng.TestRunner.run(TestRunner.java:602)
	at org.testng.SuiteRunner.runTest(SuiteRunner.java:380)
	at org.testng.SuiteRunner.runSequentially(SuiteRunner.java:375)
	at org.testng.SuiteRunner.privateRun(SuiteRunner.java:340)
	at org.testng.SuiteRunner.run(SuiteRunner.java:289)
	at org.testng.SuiteRunnerWorker.runSuite(SuiteRunnerWorker.java:52)
	at org.testng.SuiteRunnerWorker.run(SuiteRunnerWorker.java:86)
	at org.testng.TestNG.runSuitesSequentially(TestNG.java:1301)
	at org.testng.TestNG.runSuitesLocally(TestNG.java:1226)
	at org.testng.TestNG.runSuites(TestNG.java:1144)
	at org.testng.TestNG.run(TestNG.java:1115)
	at org.testng.remote.AbstractRemoteTestNG.run(AbstractRemoteTestNG.java:114)
	at org.testng.remote.RemoteTestNG.initAndRun(RemoteTestNG.java:251)
	at org.testng.remote.RemoteTestNG.main(RemoteTestNG.java:77)
]]>
            </full-stacktrace>
          </exception> <!-- java.lang.Throwable -->
          <reporter-output>
          </reporter-output>
        </test-method> <!-- EditWithoutModifyReasonRecord -->
        <test-method signature="VerifyCancelBtnAtEditConfigRecord()[pri:16, instance:com.tetherfi.test.ivr.MenuDescriptionMappingTest@3b2553d9]" started-at="2019-05-07T16:29:11Z" name="VerifyCancelBtnAtEditConfigRecord" finished-at="2019-05-07T16:29:11Z" depends-on-methods="com.tetherfi.test.ivr.MenuDescriptionMappingTest.EditWithoutModifyReasonRecord" duration-ms="0" status="SKIP">
          <exception class="java.lang.Throwable">
            <message>
              <![CDATA[Method MenuDescriptionMappingTest.VerifyCancelBtnAtEditConfigRecord()[pri:16, instance:com.tetherfi.test.ivr.MenuDescriptionMappingTest@3b2553d9] depends on not successfully finished methods]]>
            </message>
            <full-stacktrace>
              <![CDATA[java.lang.Throwable: Method MenuDescriptionMappingTest.VerifyCancelBtnAtEditConfigRecord()[pri:16, instance:com.tetherfi.test.ivr.MenuDescriptionMappingTest@3b2553d9] depends on not successfully finished methods
	at org.testng.internal.Invoker.invokeTestMethods(Invoker.java:1084)
	at org.testng.internal.TestMethodWorker.invokeTestMethods(TestMethodWorker.java:126)
	at org.testng.internal.TestMethodWorker.run(TestMethodWorker.java:109)
	at org.testng.TestRunner.privateRun(TestRunner.java:744)
	at org.testng.TestRunner.run(TestRunner.java:602)
	at org.testng.SuiteRunner.runTest(SuiteRunner.java:380)
	at org.testng.SuiteRunner.runSequentially(SuiteRunner.java:375)
	at org.testng.SuiteRunner.privateRun(SuiteRunner.java:340)
	at org.testng.SuiteRunner.run(SuiteRunner.java:289)
	at org.testng.SuiteRunnerWorker.runSuite(SuiteRunnerWorker.java:52)
	at org.testng.SuiteRunnerWorker.run(SuiteRunnerWorker.java:86)
	at org.testng.TestNG.runSuitesSequentially(TestNG.java:1301)
	at org.testng.TestNG.runSuitesLocally(TestNG.java:1226)
	at org.testng.TestNG.runSuites(TestNG.java:1144)
	at org.testng.TestNG.run(TestNG.java:1115)
	at org.testng.remote.AbstractRemoteTestNG.run(AbstractRemoteTestNG.java:114)
	at org.testng.remote.RemoteTestNG.initAndRun(RemoteTestNG.java:251)
	at org.testng.remote.RemoteTestNG.main(RemoteTestNG.java:77)
]]>
            </full-stacktrace>
          </exception> <!-- java.lang.Throwable -->
          <reporter-output>
          </reporter-output>
        </test-method> <!-- VerifyCancelBtnAtEditConfigRecord -->
        <test-method is-config="true" signature="NavigateToMenuDescriptionMappingPage()[pri:0, instance:com.tetherfi.test.ivr.MenuDescriptionMappingTest@3b2553d9]" started-at="2019-05-07T16:29:11Z" name="NavigateToMenuDescriptionMappingPage" finished-at="2019-05-07T16:29:16Z" duration-ms="4311" status="PASS">
          <reporter-output>
          </reporter-output>
        </test-method> <!-- NavigateToMenuDescriptionMappingPage -->
        <test-method is-config="true" signature="startTestCase(java.lang.reflect.Method)[pri:0, instance:com.tetherfi.test.ivr.MenuDescriptionMappingTest@3b2553d9]" started-at="2019-05-07T16:29:11Z" name="startTestCase" finished-at="2019-05-07T16:29:11Z" duration-ms="0" status="PASS">
          <params>
            <param index="0">
              <value>
                <![CDATA[public void com.tetherfi.test.ivr.MenuDescriptionMappingTest.searchPage() throws java.io.IOException]]>
              </value>
            </param>
          </params>
          <reporter-output>
          </reporter-output>
        </test-method> <!-- startTestCase -->
        <test-method signature="searchPage()[pri:17, instance:com.tetherfi.test.ivr.MenuDescriptionMappingTest@3b2553d9]" started-at="2019-05-07T16:29:16Z" name="searchPage" finished-at="2019-05-07T16:29:22Z" duration-ms="6031" status="PASS">
          <reporter-output>
          </reporter-output>
        </test-method> <!-- searchPage -->
        <test-method is-config="true" signature="afterEachMethod(java.lang.reflect.Method)[pri:0, instance:com.tetherfi.test.ivr.MenuDescriptionMappingTest@3b2553d9]" started-at="2019-05-07T16:29:22Z" name="afterEachMethod" finished-at="2019-05-07T16:29:23Z" duration-ms="1174" status="PASS">
          <params>
            <param index="0">
              <value>
                <![CDATA[public void com.tetherfi.test.ivr.MenuDescriptionMappingTest.searchPage() throws java.io.IOException]]>
              </value>
            </param>
          </params>
          <reporter-output>
          </reporter-output>
        </test-method> <!-- afterEachMethod -->
        <test-method is-config="true" signature="endTestCase(java.lang.reflect.Method)[pri:0, instance:com.tetherfi.test.ivr.MenuDescriptionMappingTest@3b2553d9]" started-at="2019-05-07T16:29:23Z" name="endTestCase" finished-at="2019-05-07T16:29:23Z" duration-ms="0" status="PASS">
          <params>
            <param index="0">
              <value>
                <![CDATA[public void com.tetherfi.test.ivr.MenuDescriptionMappingTest.searchPage() throws java.io.IOException]]>
              </value>
            </param>
          </params>
          <reporter-output>
          </reporter-output>
        </test-method> <!-- endTestCase -->
        <test-method is-config="true" signature="NavigateToMenuDescriptionMappingPage()[pri:0, instance:com.tetherfi.test.ivr.MenuDescriptionMappingTest@3b2553d9]" started-at="2019-05-07T16:29:23Z" name="NavigateToMenuDescriptionMappingPage" finished-at="2019-05-07T16:29:27Z" duration-ms="4102" status="PASS">
          <reporter-output>
          </reporter-output>
        </test-method> <!-- NavigateToMenuDescriptionMappingPage -->
        <test-method is-config="true" signature="startTestCase(java.lang.reflect.Method)[pri:0, instance:com.tetherfi.test.ivr.MenuDescriptionMappingTest@3b2553d9]" started-at="2019-05-07T16:29:23Z" name="startTestCase" finished-at="2019-05-07T16:29:23Z" duration-ms="0" status="PASS">
          <params>
            <param index="0">
              <value>
                <![CDATA[public void com.tetherfi.test.ivr.MenuDescriptionMappingTest.searchwithoutSearchTextbox() throws java.io.IOException]]>
              </value>
            </param>
          </params>
          <reporter-output>
          </reporter-output>
        </test-method> <!-- startTestCase -->
        <test-method signature="searchwithoutSearchTextbox()[pri:18, instance:com.tetherfi.test.ivr.MenuDescriptionMappingTest@3b2553d9]" started-at="2019-05-07T16:29:27Z" name="searchwithoutSearchTextbox" finished-at="2019-05-07T16:29:30Z" duration-ms="3150" status="PASS">
          <reporter-output>
          </reporter-output>
        </test-method> <!-- searchwithoutSearchTextbox -->
        <test-method is-config="true" signature="afterEachMethod(java.lang.reflect.Method)[pri:0, instance:com.tetherfi.test.ivr.MenuDescriptionMappingTest@3b2553d9]" started-at="2019-05-07T16:29:30Z" name="afterEachMethod" finished-at="2019-05-07T16:29:31Z" duration-ms="1124" status="PASS">
          <params>
            <param index="0">
              <value>
                <![CDATA[public void com.tetherfi.test.ivr.MenuDescriptionMappingTest.searchwithoutSearchTextbox() throws java.io.IOException]]>
              </value>
            </param>
          </params>
          <reporter-output>
          </reporter-output>
        </test-method> <!-- afterEachMethod -->
        <test-method is-config="true" signature="endTestCase(java.lang.reflect.Method)[pri:0, instance:com.tetherfi.test.ivr.MenuDescriptionMappingTest@3b2553d9]" started-at="2019-05-07T16:29:31Z" name="endTestCase" finished-at="2019-05-07T16:29:31Z" duration-ms="0" status="PASS">
          <params>
            <param index="0">
              <value>
                <![CDATA[public void com.tetherfi.test.ivr.MenuDescriptionMappingTest.searchwithoutSearchTextbox() throws java.io.IOException]]>
              </value>
            </param>
          </params>
          <reporter-output>
          </reporter-output>
        </test-method> <!-- endTestCase -->
        <test-method is-config="true" signature="startTestCase(java.lang.reflect.Method)[pri:0, instance:com.tetherfi.test.ivr.MenuDescriptionMappingTest@3b2553d9]" started-at="2019-05-07T16:29:31Z" name="startTestCase" finished-at="2019-05-07T16:29:31Z" duration-ms="1" status="PASS">
          <params>
            <param index="0">
              <value>
                <![CDATA[public void com.tetherfi.test.ivr.MenuDescriptionMappingTest.ExportToExcel() throws java.lang.Exception]]>
              </value>
            </param>
          </params>
          <reporter-output>
          </reporter-output>
        </test-method> <!-- startTestCase -->
        <test-method is-config="true" signature="NavigateToMenuDescriptionMappingPage()[pri:0, instance:com.tetherfi.test.ivr.MenuDescriptionMappingTest@3b2553d9]" started-at="2019-05-07T16:29:31Z" name="NavigateToMenuDescriptionMappingPage" finished-at="2019-05-07T16:29:35Z" duration-ms="4126" status="PASS">
          <reporter-output>
          </reporter-output>
        </test-method> <!-- NavigateToMenuDescriptionMappingPage -->
        <test-method signature="ExportToExcel()[pri:19, instance:com.tetherfi.test.ivr.MenuDescriptionMappingTest@3b2553d9]" started-at="2019-05-07T16:29:35Z" name="ExportToExcel" finished-at="2019-05-07T16:29:38Z" duration-ms="2303" status="PASS">
          <reporter-output>
          </reporter-output>
        </test-method> <!-- ExportToExcel -->
        <test-method is-config="true" signature="afterEachMethod(java.lang.reflect.Method)[pri:0, instance:com.tetherfi.test.ivr.MenuDescriptionMappingTest@3b2553d9]" started-at="2019-05-07T16:29:38Z" name="afterEachMethod" finished-at="2019-05-07T16:29:39Z" duration-ms="1076" status="PASS">
          <params>
            <param index="0">
              <value>
                <![CDATA[public void com.tetherfi.test.ivr.MenuDescriptionMappingTest.ExportToExcel() throws java.lang.Exception]]>
              </value>
            </param>
          </params>
          <reporter-output>
          </reporter-output>
        </test-method> <!-- afterEachMethod -->
        <test-method is-config="true" signature="endTestCase(java.lang.reflect.Method)[pri:0, instance:com.tetherfi.test.ivr.MenuDescriptionMappingTest@3b2553d9]" started-at="2019-05-07T16:29:39Z" name="endTestCase" finished-at="2019-05-07T16:29:39Z" duration-ms="1" status="PASS">
          <params>
            <param index="0">
              <value>
                <![CDATA[public void com.tetherfi.test.ivr.MenuDescriptionMappingTest.ExportToExcel() throws java.lang.Exception]]>
              </value>
            </param>
          </params>
          <reporter-output>
          </reporter-output>
        </test-method> <!-- endTestCase -->
        <test-method is-config="true" signature="startTestCase(java.lang.reflect.Method)[pri:0, instance:com.tetherfi.test.ivr.MenuDescriptionMappingTest@3b2553d9]" started-at="2019-05-07T16:29:39Z" name="startTestCase" finished-at="2019-05-07T16:29:39Z" duration-ms="1" status="PASS">
          <params>
            <param index="0">
              <value>
                <![CDATA[public void com.tetherfi.test.ivr.MenuDescriptionMappingTest.ExportToExcelData() throws java.lang.Exception]]>
              </value>
            </param>
          </params>
          <reporter-output>
          </reporter-output>
        </test-method> <!-- startTestCase -->
        <test-method is-config="true" signature="NavigateToMenuDescriptionMappingPage()[pri:0, instance:com.tetherfi.test.ivr.MenuDescriptionMappingTest@3b2553d9]" started-at="2019-05-07T16:29:39Z" name="NavigateToMenuDescriptionMappingPage" finished-at="2019-05-07T16:29:43Z" duration-ms="4024" status="PASS">
          <reporter-output>
          </reporter-output>
        </test-method> <!-- NavigateToMenuDescriptionMappingPage -->
        <test-method signature="ExportToExcelData()[pri:20, instance:com.tetherfi.test.ivr.MenuDescriptionMappingTest@3b2553d9]" started-at="2019-05-07T16:29:43Z" name="ExportToExcelData" finished-at="2019-05-07T16:29:44Z" duration-ms="1566" status="PASS">
          <reporter-output>
          </reporter-output>
        </test-method> <!-- ExportToExcelData -->
        <test-method is-config="true" signature="afterEachMethod(java.lang.reflect.Method)[pri:0, instance:com.tetherfi.test.ivr.MenuDescriptionMappingTest@3b2553d9]" started-at="2019-05-07T16:29:44Z" name="afterEachMethod" finished-at="2019-05-07T16:29:46Z" duration-ms="1133" status="PASS">
          <params>
            <param index="0">
              <value>
                <![CDATA[public void com.tetherfi.test.ivr.MenuDescriptionMappingTest.ExportToExcelData() throws java.lang.Exception]]>
              </value>
            </param>
          </params>
          <reporter-output>
          </reporter-output>
        </test-method> <!-- afterEachMethod -->
        <test-method is-config="true" signature="endTestCase(java.lang.reflect.Method)[pri:0, instance:com.tetherfi.test.ivr.MenuDescriptionMappingTest@3b2553d9]" started-at="2019-05-07T16:29:46Z" name="endTestCase" finished-at="2019-05-07T16:29:46Z" duration-ms="0" status="PASS">
          <params>
            <param index="0">
              <value>
                <![CDATA[public void com.tetherfi.test.ivr.MenuDescriptionMappingTest.ExportToExcelData() throws java.lang.Exception]]>
              </value>
            </param>
          </params>
          <reporter-output>
          </reporter-output>
        </test-method> <!-- endTestCase -->
        <test-method is-config="true" signature="startTestCase(java.lang.reflect.Method)[pri:0, instance:com.tetherfi.test.ivr.MenuDescriptionMappingTest@3b2553d9]" started-at="2019-05-07T16:29:46Z" name="startTestCase" finished-at="2019-05-07T16:29:46Z" duration-ms="0" status="PASS">
          <params>
            <param index="0">
              <value>
                <![CDATA[public void com.tetherfi.test.ivr.MenuDescriptionMappingTest.DeleteWithoutDeleteReasonRecord() throws java.lang.Exception]]>
              </value>
            </param>
          </params>
          <reporter-output>
          </reporter-output>
        </test-method> <!-- startTestCase -->
        <test-method is-config="true" signature="NavigateToMenuDescriptionMappingPage()[pri:0, instance:com.tetherfi.test.ivr.MenuDescriptionMappingTest@3b2553d9]" started-at="2019-05-07T16:29:46Z" name="NavigateToMenuDescriptionMappingPage" finished-at="2019-05-07T16:29:50Z" duration-ms="4016" status="PASS">
          <reporter-output>
          </reporter-output>
        </test-method> <!-- NavigateToMenuDescriptionMappingPage -->
        <test-method signature="DeleteWithoutDeleteReasonRecord()[pri:21, instance:com.tetherfi.test.ivr.MenuDescriptionMappingTest@3b2553d9]" started-at="2019-05-07T16:29:50Z" name="DeleteWithoutDeleteReasonRecord" finished-at="2019-05-07T16:29:57Z" duration-ms="7004" status="PASS">
          <reporter-output>
          </reporter-output>
        </test-method> <!-- DeleteWithoutDeleteReasonRecord -->
        <test-method is-config="true" signature="afterEachMethod(java.lang.reflect.Method)[pri:0, instance:com.tetherfi.test.ivr.MenuDescriptionMappingTest@3b2553d9]" started-at="2019-05-07T16:29:57Z" name="afterEachMethod" finished-at="2019-05-07T16:29:58Z" duration-ms="1062" status="PASS">
          <params>
            <param index="0">
              <value>
                <![CDATA[public void com.tetherfi.test.ivr.MenuDescriptionMappingTest.DeleteWithoutDeleteReasonRecord() throws java.lang.Exception]]>
              </value>
            </param>
          </params>
          <reporter-output>
          </reporter-output>
        </test-method> <!-- afterEachMethod -->
        <test-method is-config="true" signature="endTestCase(java.lang.reflect.Method)[pri:0, instance:com.tetherfi.test.ivr.MenuDescriptionMappingTest@3b2553d9]" started-at="2019-05-07T16:29:58Z" name="endTestCase" finished-at="2019-05-07T16:29:58Z" duration-ms="0" status="PASS">
          <params>
            <param index="0">
              <value>
                <![CDATA[public void com.tetherfi.test.ivr.MenuDescriptionMappingTest.DeleteWithoutDeleteReasonRecord() throws java.lang.Exception]]>
              </value>
            </param>
          </params>
          <reporter-output>
          </reporter-output>
        </test-method> <!-- endTestCase -->
        <test-method is-config="true" signature="startTestCase(java.lang.reflect.Method)[pri:0, instance:com.tetherfi.test.ivr.MenuDescriptionMappingTest@3b2553d9]" started-at="2019-05-07T16:29:58Z" name="startTestCase" finished-at="2019-05-07T16:29:58Z" duration-ms="0" status="PASS">
          <params>
            <param index="0">
              <value>
                <![CDATA[public void com.tetherfi.test.ivr.MenuDescriptionMappingTest.VerifyCancelBtnAtDeleteMenuDescriptionMappingRecord()]]>
              </value>
            </param>
          </params>
          <reporter-output>
          </reporter-output>
        </test-method> <!-- startTestCase -->
        <test-method is-config="true" signature="NavigateToMenuDescriptionMappingPage()[pri:0, instance:com.tetherfi.test.ivr.MenuDescriptionMappingTest@3b2553d9]" started-at="2019-05-07T16:29:58Z" name="NavigateToMenuDescriptionMappingPage" finished-at="2019-05-07T16:30:02Z" duration-ms="4393" status="PASS">
          <reporter-output>
          </reporter-output>
        </test-method> <!-- NavigateToMenuDescriptionMappingPage -->
        <test-method signature="VerifyCancelBtnAtDeleteMenuDescriptionMappingRecord()[pri:22, instance:com.tetherfi.test.ivr.MenuDescriptionMappingTest@3b2553d9]" started-at="2019-05-07T16:30:02Z" name="VerifyCancelBtnAtDeleteMenuDescriptionMappingRecord" finished-at="2019-05-07T16:30:07Z" duration-ms="5378" status="FAIL">
          <exception class="org.openqa.selenium.WebDriverException">
            <message>
              <![CDATA[unknown error: Element <a role="button" class="k-button k-button-icontext k-grid-CustomDelete" style="width=10px;" href="#">...</a> is not clickable at point (124, 228). Other element would receive the click: <div class="modal-backdrop fade"></div>
  (Session info: chrome=73.0.3683.103)
  (Driver info: chromedriver=2.45.615291 (ec3682e3c9061c10f26ea9e5cdcf3c53f3f74387),platform=Windows NT 6.3.9600 x86_64) (WARNING: The server did not provide any stacktrace information)
Command duration or timeout: 0 milliseconds
Build info: version: '3.5.3', revision: 'a88d25fe6b', time: '2017-08-29T12:42:44.417Z'
System info: host: 'ADMIN', ip: '192.168.1.17', os.name: 'Windows 8.1', os.arch: 'amd64', os.version: '6.3', java.version: '9.0.4'
Driver info: org.openqa.selenium.chrome.ChromeDriver
Capabilities [{mobileEmulationEnabled=false, timeouts={implicit=0, pageLoad=300000, script=30000}, hasTouchScreen=false, platform=WIN8_1, acceptSslCerts=false, goog:chromeOptions={debuggerAddress=localhost:64488}, acceptInsecureCerts=false, webStorageEnabled=true, browserName=chrome, takesScreenshot=true, javascriptEnabled=true, platformName=WIN8_1, setWindowRect=true, unexpectedAlertBehaviour=ignore, applicationCacheEnabled=false, rotatable=false, networkConnectionEnabled=false, chrome={chromedriverVersion=2.45.615291 (ec3682e3c9061c10f26ea9e5cdcf3c53f3f74387), userDataDir=C:\Users\ADMINP~1\AppData\Local\Temp\scoped_dir4452_25541}, takesHeapSnapshot=true, unhandledPromptBehavior=ignore, pageLoadStrategy=normal, strictFileInteractability=false, databaseEnabled=false, handlesAlerts=true, version=73.0.3683.103, browserConnectionEnabled=false, proxy=Proxy(), nativeEvents=true, locationContextEnabled=true, cssSelectorsEnabled=true}]
Session ID: 3d6aa0a4e52715c39fd73bc8679a3f93]]>
            </message>
            <full-stacktrace>
              <![CDATA[org.openqa.selenium.WebDriverException: unknown error: Element <a role="button" class="k-button k-button-icontext k-grid-CustomDelete" style="width=10px;" href="#">...</a> is not clickable at point (124, 228). Other element would receive the click: <div class="modal-backdrop fade"></div>
  (Session info: chrome=73.0.3683.103)
  (Driver info: chromedriver=2.45.615291 (ec3682e3c9061c10f26ea9e5cdcf3c53f3f74387),platform=Windows NT 6.3.9600 x86_64) (WARNING: The server did not provide any stacktrace information)
Command duration or timeout: 0 milliseconds
Build info: version: '3.5.3', revision: 'a88d25fe6b', time: '2017-08-29T12:42:44.417Z'
System info: host: 'ADMIN', ip: '192.168.1.17', os.name: 'Windows 8.1', os.arch: 'amd64', os.version: '6.3', java.version: '9.0.4'
Driver info: org.openqa.selenium.chrome.ChromeDriver
Capabilities [{mobileEmulationEnabled=false, timeouts={implicit=0, pageLoad=300000, script=30000}, hasTouchScreen=false, platform=WIN8_1, acceptSslCerts=false, goog:chromeOptions={debuggerAddress=localhost:64488}, acceptInsecureCerts=false, webStorageEnabled=true, browserName=chrome, takesScreenshot=true, javascriptEnabled=true, platformName=WIN8_1, setWindowRect=true, unexpectedAlertBehaviour=ignore, applicationCacheEnabled=false, rotatable=false, networkConnectionEnabled=false, chrome={chromedriverVersion=2.45.615291 (ec3682e3c9061c10f26ea9e5cdcf3c53f3f74387), userDataDir=C:\Users\ADMINP~1\AppData\Local\Temp\scoped_dir4452_25541}, takesHeapSnapshot=true, unhandledPromptBehavior=ignore, pageLoadStrategy=normal, strictFileInteractability=false, databaseEnabled=false, handlesAlerts=true, version=73.0.3683.103, browserConnectionEnabled=false, proxy=Proxy(), nativeEvents=true, locationContextEnabled=true, cssSelectorsEnabled=true}]
Session ID: 3d6aa0a4e52715c39fd73bc8679a3f93
	at java.base/jdk.internal.reflect.NativeConstructorAccessorImpl.newInstance0(Native Method)
	at java.base/jdk.internal.reflect.NativeConstructorAccessorImpl.newInstance(Unknown Source)
	at java.base/jdk.internal.reflect.DelegatingConstructorAccessorImpl.newInstance(Unknown Source)
	at java.base/java.lang.reflect.Constructor.newInstance(Unknown Source)
	at org.openqa.selenium.remote.ErrorHandler.createThrowable(ErrorHandler.java:215)
	at org.openqa.selenium.remote.ErrorHandler.throwIfResponseFailed(ErrorHandler.java:167)
	at org.openqa.selenium.remote.http.JsonHttpResponseCodec.reconstructValue(JsonHttpResponseCodec.java:40)
	at org.openqa.selenium.remote.http.AbstractHttpResponseCodec.decode(AbstractHttpResponseCodec.java:82)
	at org.openqa.selenium.remote.http.AbstractHttpResponseCodec.decode(AbstractHttpResponseCodec.java:45)
	at org.openqa.selenium.remote.HttpCommandExecutor.execute(HttpCommandExecutor.java:164)
	at org.openqa.selenium.remote.service.DriverCommandExecutor.execute(DriverCommandExecutor.java:82)
	at org.openqa.selenium.remote.RemoteWebDriver.execute(RemoteWebDriver.java:646)
	at org.openqa.selenium.remote.RemoteWebElement.execute(RemoteWebElement.java:275)
	at org.openqa.selenium.remote.RemoteWebElement.click(RemoteWebElement.java:82)
	at jdk.internal.reflect.GeneratedMethodAccessor5.invoke(Unknown Source)
	at java.base/jdk.internal.reflect.DelegatingMethodAccessorImpl.invoke(Unknown Source)
	at java.base/java.lang.reflect.Method.invoke(Unknown Source)
	at org.openqa.selenium.support.pagefactory.internal.LocatingElementHandler.invoke(LocatingElementHandler.java:51)
	at com.sun.proxy.$Proxy14.click(Unknown Source)
	at com.tetherfi.pages.BasePage.selectWebElement(BasePage.java:175)
	at com.tetherfi.pages.MenuDescriptionMappingPage.clickOnDeleteButton(MenuDescriptionMappingPage.java:743)
	at com.tetherfi.test.ivr.MenuDescriptionMappingTest.VerifyCancelBtnAtDeleteMenuDescriptionMappingRecord(MenuDescriptionMappingTest.java:251)
	at java.base/jdk.internal.reflect.NativeMethodAccessorImpl.invoke0(Native Method)
	at java.base/jdk.internal.reflect.NativeMethodAccessorImpl.invoke(Unknown Source)
	at java.base/jdk.internal.reflect.DelegatingMethodAccessorImpl.invoke(Unknown Source)
	at java.base/java.lang.reflect.Method.invoke(Unknown Source)
	at org.testng.internal.MethodInvocationHelper.invokeMethod(MethodInvocationHelper.java:108)
	at org.testng.internal.Invoker.invokeMethod(Invoker.java:661)
	at org.testng.internal.Invoker.invokeTestMethod(Invoker.java:869)
	at org.testng.internal.Invoker.invokeTestMethods(Invoker.java:1193)
	at org.testng.internal.TestMethodWorker.invokeTestMethods(TestMethodWorker.java:126)
	at org.testng.internal.TestMethodWorker.run(TestMethodWorker.java:109)
	at org.testng.TestRunner.privateRun(TestRunner.java:744)
	at org.testng.TestRunner.run(TestRunner.java:602)
	at org.testng.SuiteRunner.runTest(SuiteRunner.java:380)
	at org.testng.SuiteRunner.runSequentially(SuiteRunner.java:375)
	at org.testng.SuiteRunner.privateRun(SuiteRunner.java:340)
	at org.testng.SuiteRunner.run(SuiteRunner.java:289)
	at org.testng.SuiteRunnerWorker.runSuite(SuiteRunnerWorker.java:52)
	at org.testng.SuiteRunnerWorker.run(SuiteRunnerWorker.java:86)
	at org.testng.TestNG.runSuitesSequentially(TestNG.java:1301)
	at org.testng.TestNG.runSuitesLocally(TestNG.java:1226)
	at org.testng.TestNG.runSuites(TestNG.java:1144)
	at org.testng.TestNG.run(TestNG.java:1115)
	at org.testng.remote.AbstractRemoteTestNG.run(AbstractRemoteTestNG.java:114)
	at org.testng.remote.RemoteTestNG.initAndRun(RemoteTestNG.java:251)
	at org.testng.remote.RemoteTestNG.main(RemoteTestNG.java:77)
]]>
            </full-stacktrace>
          </exception> <!-- org.openqa.selenium.WebDriverException -->
          <reporter-output>
          </reporter-output>
        </test-method> <!-- VerifyCancelBtnAtDeleteMenuDescriptionMappingRecord -->
        <test-method is-config="true" signature="afterEachMethod(java.lang.reflect.Method)[pri:0, instance:com.tetherfi.test.ivr.MenuDescriptionMappingTest@3b2553d9]" started-at="2019-05-07T16:30:07Z" name="afterEachMethod" finished-at="2019-05-07T16:30:09Z" duration-ms="1089" status="PASS">
          <params>
            <param index="0">
              <value>
                <![CDATA[public void com.tetherfi.test.ivr.MenuDescriptionMappingTest.VerifyCancelBtnAtDeleteMenuDescriptionMappingRecord()]]>
              </value>
            </param>
          </params>
          <reporter-output>
          </reporter-output>
        </test-method> <!-- afterEachMethod -->
        <test-method is-config="true" signature="endTestCase(java.lang.reflect.Method)[pri:0, instance:com.tetherfi.test.ivr.MenuDescriptionMappingTest@3b2553d9]" started-at="2019-05-07T16:30:09Z" name="endTestCase" finished-at="2019-05-07T16:30:09Z" duration-ms="1" status="PASS">
          <params>
            <param index="0">
              <value>
                <![CDATA[public void com.tetherfi.test.ivr.MenuDescriptionMappingTest.VerifyCancelBtnAtDeleteMenuDescriptionMappingRecord()]]>
              </value>
            </param>
          </params>
          <reporter-output>
          </reporter-output>
        </test-method> <!-- endTestCase -->
        <test-method signature="DeleteMenuDescriptionMappingRecord()[pri:23, instance:com.tetherfi.test.ivr.MenuDescriptionMappingTest@3b2553d9]" started-at="2019-05-07T16:30:09Z" name="DeleteMenuDescriptionMappingRecord" finished-at="2019-05-07T16:30:09Z" depends-on-methods="com.tetherfi.test.ivr.MenuDescriptionMappingTest.VerifyCancelBtnAtDeleteMenuDescriptionMappingRecord" duration-ms="0" status="SKIP">
          <exception class="java.lang.Throwable">
            <message>
              <![CDATA[Method MenuDescriptionMappingTest.DeleteMenuDescriptionMappingRecord()[pri:23, instance:com.tetherfi.test.ivr.MenuDescriptionMappingTest@3b2553d9] depends on not successfully finished methods]]>
            </message>
            <full-stacktrace>
              <![CDATA[java.lang.Throwable: Method MenuDescriptionMappingTest.DeleteMenuDescriptionMappingRecord()[pri:23, instance:com.tetherfi.test.ivr.MenuDescriptionMappingTest@3b2553d9] depends on not successfully finished methods
	at org.testng.internal.Invoker.invokeTestMethods(Invoker.java:1084)
	at org.testng.internal.TestMethodWorker.invokeTestMethods(TestMethodWorker.java:126)
	at org.testng.internal.TestMethodWorker.run(TestMethodWorker.java:109)
	at org.testng.TestRunner.privateRun(TestRunner.java:744)
	at org.testng.TestRunner.run(TestRunner.java:602)
	at org.testng.SuiteRunner.runTest(SuiteRunner.java:380)
	at org.testng.SuiteRunner.runSequentially(SuiteRunner.java:375)
	at org.testng.SuiteRunner.privateRun(SuiteRunner.java:340)
	at org.testng.SuiteRunner.run(SuiteRunner.java:289)
	at org.testng.SuiteRunnerWorker.runSuite(SuiteRunnerWorker.java:52)
	at org.testng.SuiteRunnerWorker.run(SuiteRunnerWorker.java:86)
	at org.testng.TestNG.runSuitesSequentially(TestNG.java:1301)
	at org.testng.TestNG.runSuitesLocally(TestNG.java:1226)
	at org.testng.TestNG.runSuites(TestNG.java:1144)
	at org.testng.TestNG.run(TestNG.java:1115)
	at org.testng.remote.AbstractRemoteTestNG.run(AbstractRemoteTestNG.java:114)
	at org.testng.remote.RemoteTestNG.initAndRun(RemoteTestNG.java:251)
	at org.testng.remote.RemoteTestNG.main(RemoteTestNG.java:77)
]]>
            </full-stacktrace>
          </exception> <!-- java.lang.Throwable -->
          <reporter-output>
          </reporter-output>
        </test-method> <!-- DeleteMenuDescriptionMappingRecord -->
        <test-method signature="VerifyAuditTrialReportForDelete()[pri:24, instance:com.tetherfi.test.ivr.MenuDescriptionMappingTest@3b2553d9]" started-at="2019-05-07T16:30:09Z" name="VerifyAuditTrialReportForDelete" finished-at="2019-05-07T16:30:09Z" depends-on-methods="com.tetherfi.test.ivr.MenuDescriptionMappingTest.DeleteMenuDescriptionMappingRecord" duration-ms="0" status="SKIP">
          <exception class="java.lang.Throwable">
            <message>
              <![CDATA[Method MenuDescriptionMappingTest.VerifyAuditTrialReportForDelete()[pri:24, instance:com.tetherfi.test.ivr.MenuDescriptionMappingTest@3b2553d9] depends on not successfully finished methods]]>
            </message>
            <full-stacktrace>
              <![CDATA[java.lang.Throwable: Method MenuDescriptionMappingTest.VerifyAuditTrialReportForDelete()[pri:24, instance:com.tetherfi.test.ivr.MenuDescriptionMappingTest@3b2553d9] depends on not successfully finished methods
	at org.testng.internal.Invoker.invokeTestMethods(Invoker.java:1084)
	at org.testng.internal.TestMethodWorker.invokeTestMethods(TestMethodWorker.java:126)
	at org.testng.internal.TestMethodWorker.run(TestMethodWorker.java:109)
	at org.testng.TestRunner.privateRun(TestRunner.java:744)
	at org.testng.TestRunner.run(TestRunner.java:602)
	at org.testng.SuiteRunner.runTest(SuiteRunner.java:380)
	at org.testng.SuiteRunner.runSequentially(SuiteRunner.java:375)
	at org.testng.SuiteRunner.privateRun(SuiteRunner.java:340)
	at org.testng.SuiteRunner.run(SuiteRunner.java:289)
	at org.testng.SuiteRunnerWorker.runSuite(SuiteRunnerWorker.java:52)
	at org.testng.SuiteRunnerWorker.run(SuiteRunnerWorker.java:86)
	at org.testng.TestNG.runSuitesSequentially(TestNG.java:1301)
	at org.testng.TestNG.runSuitesLocally(TestNG.java:1226)
	at org.testng.TestNG.runSuites(TestNG.java:1144)
	at org.testng.TestNG.run(TestNG.java:1115)
	at org.testng.remote.AbstractRemoteTestNG.run(AbstractRemoteTestNG.java:114)
	at org.testng.remote.RemoteTestNG.initAndRun(RemoteTestNG.java:251)
	at org.testng.remote.RemoteTestNG.main(RemoteTestNG.java:77)
]]>
            </full-stacktrace>
          </exception> <!-- java.lang.Throwable -->
          <reporter-output>
          </reporter-output>
        </test-method> <!-- VerifyAuditTrialReportForDelete -->
        <test-method is-config="true" signature="startTestCase(java.lang.reflect.Method)[pri:0, instance:com.tetherfi.test.ivr.MenuDescriptionMappingTest@3b2553d9]" started-at="2019-05-07T16:30:09Z" name="startTestCase" finished-at="2019-05-07T16:30:09Z" duration-ms="0" status="PASS">
          <params>
            <param index="0">
              <value>
                <![CDATA[public void com.tetherfi.test.ivr.MenuDescriptionMappingTest.SearchClearSearch() throws java.lang.Exception]]>
              </value>
            </param>
          </params>
          <reporter-output>
          </reporter-output>
        </test-method> <!-- startTestCase -->
        <test-method is-config="true" signature="NavigateToMenuDescriptionMappingPage()[pri:0, instance:com.tetherfi.test.ivr.MenuDescriptionMappingTest@3b2553d9]" started-at="2019-05-07T16:30:09Z" name="NavigateToMenuDescriptionMappingPage" finished-at="2019-05-07T16:30:13Z" duration-ms="4520" status="PASS">
          <reporter-output>
          </reporter-output>
        </test-method> <!-- NavigateToMenuDescriptionMappingPage -->
        <test-method signature="SearchClearSearch()[pri:24, instance:com.tetherfi.test.ivr.MenuDescriptionMappingTest@3b2553d9]" started-at="2019-05-07T16:30:13Z" name="SearchClearSearch" finished-at="2019-05-07T16:30:19Z" duration-ms="6307" status="FAIL">
          <exception class="org.openqa.selenium.NoSuchElementException">
            <message>
              <![CDATA[no such element: Unable to locate element: {"method":"xpath","selector":"//div[text()='No records to display']"}
  (Session info: chrome=73.0.3683.103)
  (Driver info: chromedriver=2.45.615291 (ec3682e3c9061c10f26ea9e5cdcf3c53f3f74387),platform=Windows NT 6.3.9600 x86_64) (WARNING: The server did not provide any stacktrace information)
Command duration or timeout: 0 milliseconds
For documentation on this error, please visit: http://seleniumhq.org/exceptions/no_such_element.html
Build info: version: '3.5.3', revision: 'a88d25fe6b', time: '2017-08-29T12:42:44.417Z'
System info: host: 'ADMIN', ip: '192.168.1.17', os.name: 'Windows 8.1', os.arch: 'amd64', os.version: '6.3', java.version: '9.0.4'
Driver info: org.openqa.selenium.chrome.ChromeDriver
[...]
              </value>
            </param>
          </params>
          <reporter-output>
          </reporter-output>
        </test-method> <!-- endTestCase -->
        <test-method is-config="true" signature="NavigateToMenuDescriptionMappingPage()[pri:0, instance:com.tetherfi.test.ivr.MenuDescriptionMappingTest@3b2553d9]" started-at="2019-05-07T16:30:51Z" name="NavigateToMenuDescriptionMappingPage" finished-at="2019-05-07T16:30:55Z" duration-ms="4025" status="PASS">
          <reporter-output>
          </reporter-output>
        </test-method> <!-- NavigateToMenuDescriptionMappingPage -->
        <test-method is-config="true" signature="startTestCase(java.lang.reflect.Method)[pri:0, instance:com.tetherfi.test.ivr.MenuDescriptionMappingTest@3b2553d9]" started-at="2019-05-07T16:30:51Z" name="startTestCase" finished-at="2019-05-07T16:30:51Z" duration-ms="0" status="PASS">
          <params>
            <param index="0">
              <value>
                <![CDATA[public void com.tetherfi.test.ivr.MenuDescriptionMappingTest.GroupBy()]]>
              </value>
            </param>
          </params>
          <reporter-output>
          </reporter-output>
        </test-method> <!-- startTestCase -->
        <test-method signature="GroupBy()[pri:28, instance:com.tetherfi.test.ivr.MenuDescriptionMappingTest@3b2553d9]" started-at="2019-05-07T16:30:55Z" name="GroupBy" finished-at="2019-05-07T16:30:57Z" duration-ms="2621" status="PASS">
          <reporter-output>
          </reporter-output>
        </test-method> <!-- GroupBy -->
        <test-method is-config="true" signature="afterEachMethod(java.lang.reflect.Method)[pri:0, instance:com.tetherfi.test.ivr.MenuDescriptionMappingTest@3b2553d9]" started-at="2019-05-07T16:30:57Z" name="afterEachMethod" finished-at="2019-05-07T16:30:58Z" duration-ms="1056" status="PASS">
          <params>
            <param index="0">
              <value>
                <![CDATA[public void com.tetherfi.test.ivr.MenuDescriptionMappingTest.GroupBy()]]>
              </value>
            </param>
          </params>
          <reporter-output>
          </reporter-output>
        </test-method> <!-- afterEachMethod -->
        <test-method is-config="true" signature="startTestCase(java.lang.reflect.Method)[pri:0, instance:com.tetherfi.test.ivr.MenuDescriptionMappingTest@3b2553d9]" started-at="2019-05-07T16:30:58Z" name="startTestCase" finished-at="2019-05-07T16:30:58Z" duration-ms="1" status="PASS">
          <params>
            <param index="0">
              <value>
                <![CDATA[public void com.tetherfi.test.ivr.MenuDescriptionMappingTest.VerifyArrowMoveForPreviousAndNextPage()]]>
              </value>
            </param>
          </params>
          <reporter-output>
          </reporter-output>
        </test-method> <!-- startTestCase -->
        <test-method is-config="true" signature="endTestCase(java.lang.reflect.Method)[pri:0, instance:com.tetherfi.test.ivr.MenuDescriptionMappingTest@3b2553d9]" started-at="2019-05-07T16:30:58Z" name="endTestCase" finished-at="2019-05-07T16:30:58Z" duration-ms="0" status="PASS">
          <params>
            <param index="0">
              <value>
                <![CDATA[public void com.tetherfi.test.ivr.MenuDescriptionMappingTest.GroupBy()]]>
              </value>
            </param>
          </params>
          <reporter-output>
          </reporter-output>
        </test-method> <!-- endTestCase -->
        <test-method is-config="true" signature="NavigateToMenuDescriptionMappingPage()[pri:0, instance:com.tetherfi.test.ivr.MenuDescriptionMappingTest@3b2553d9]" started-at="2019-05-07T16:30:58Z" name="NavigateToMenuDescriptionMappingPage" finished-at="2019-05-07T16:31:02Z" duration-ms="4070" status="PASS">
          <reporter-output>
          </reporter-output>
        </test-method> <!-- NavigateToMenuDescriptionMappingPage -->
        <test-method signature="VerifyArrowMoveForPreviousAndNextPage()[pri:29, instance:com.tetherfi.test.ivr.MenuDescriptionMappingTest@3b2553d9]" started-at="2019-05-07T16:31:02Z" name="VerifyArrowMoveForPreviousAndNextPage" finished-at="2019-05-07T16:31:02Z" duration-ms="22" status="PASS">
          <reporter-output>
          </reporter-output>
        </test-method> <!-- VerifyArrowMoveForPreviousAndNextPage -->
        <test-method is-config="true" signature="afterEachMethod(java.lang.reflect.Method)[pri:0, instance:com.tetherfi.test.ivr.MenuDescriptionMappingTest@3b2553d9]" started-at="2019-05-07T16:31:02Z" name="afterEachMethod" finished-at="2019-05-07T16:31:03Z" duration-ms="1093" status="PASS">
          <params>
            <param index="0">
              <value>
                <![CDATA[public void com.tetherfi.test.ivr.MenuDescriptionMappingTest.VerifyArrowMoveForPreviousAndNextPage()]]>
              </value>
            </param>
          </params>
          <reporter-output>
          </reporter-output>
        </test-method> <!-- afterEachMethod -->
        <test-method is-config="true" signature="endTestCase(java.lang.reflect.Method)[pri:0, instance:com.tetherfi.test.ivr.MenuDescriptionMappingTest@3b2553d9]" started-at="2019-05-07T16:31:03Z" name="endTestCase" finished-at="2019-05-07T16:31:03Z" duration-ms="1" status="PASS">
          <params>
            <param index="0">
              <value>
                <![CDATA[public void com.tetherfi.test.ivr.MenuDescriptionMappingTest.VerifyArrowMoveForPreviousAndNextPage()]]>
              </value>
            </param>
          </params>
          <reporter-output>
          </reporter-output>
        </test-method> <!-- endTestCase -->
        <test-method is-config="true" signature="startTestCase(java.lang.reflect.Method)[pri:0, instance:com.tetherfi.test.ivr.MenuDescriptionMappingTest@3b2553d9]" started-at="2019-05-07T16:31:03Z" name="startTestCase" finished-at="2019-05-07T16:31:03Z" duration-ms="1" status="PASS">
          <params>
            <param index="0">
              <value>
                <![CDATA[public void com.tetherfi.test.ivr.MenuDescriptionMappingTest.VerifyArrowMoveForFirstAndLastPage()]]>
              </value>
            </param>
          </params>
          <reporter-output>
          </reporter-output>
        </test-method> <!-- startTestCase -->
        <test-method is-config="true" signature="NavigateToMenuDescriptionMappingPage()[pri:0, instance:com.tetherfi.test.ivr.MenuDescriptionMappingTest@3b2553d9]" started-at="2019-05-07T16:31:03Z" name="NavigateToMenuDescriptionMappingPage" finished-at="2019-05-07T16:31:08Z" duration-ms="4117" status="PASS">
          <reporter-output>
          </reporter-output>
        </test-method> <!-- NavigateToMenuDescriptionMappingPage -->
        <test-method signature="VerifyArrowMoveForFirstAndLastPage()[pri:30, instance:com.tetherfi.test.ivr.MenuDescriptionMappingTest@3b2553d9]" started-at="2019-05-07T16:31:08Z" name="VerifyArrowMoveForFirstAndLastPage" finished-at="2019-05-07T16:31:08Z" duration-ms="21" status="PASS">
          <reporter-output>
          </reporter-output>
        </test-method> <!-- VerifyArrowMoveForFirstAndLastPage -->
        <test-method is-config="true" signature="afterEachMethod(java.lang.reflect.Method)[pri:0, instance:com.tetherfi.test.ivr.MenuDescriptionMappingTest@3b2553d9]" started-at="2019-05-07T16:31:08Z" name="afterEachMethod" finished-at="2019-05-07T16:31:09Z" duration-ms="1115" status="PASS">
          <params>
            <param index="0">
              <value>
                <![CDATA[public void com.tetherfi.test.ivr.MenuDescriptionMappingTest.VerifyArrowMoveForFirstAndLastPage()]]>
              </value>
            </param>
          </params>
          <reporter-output>
          </reporter-output>
        </test-method> <!-- afterEachMethod -->
        <test-method is-config="true" signature="endTestCase(java.lang.reflect.Method)[pri:0, instance:com.tetherfi.test.ivr.MenuDescriptionMappingTest@3b2553d9]" started-at="2019-05-07T16:31:09Z" name="endTestCase" finished-at="2019-05-07T16:31:09Z" duration-ms="0" status="PASS">
          <params>
            <param index="0">
              <value>
                <![CDATA[public void com.tetherfi.test.ivr.MenuDescriptionMappingTest.VerifyArrowMoveForFirstAndLastPage()]]>
              </value>
            </param>
          </params>
          <reporter-output>
          </reporter-output>
        </test-method> <!-- endTestCase -->
        <test-method is-config="true" signature="NavigateToMenuDescriptionMappingPage()[pri:0, instance:com.tetherfi.test.ivr.MenuDescriptionMappingTest@3b2553d9]" started-at="2019-05-07T16:31:09Z" name="NavigateToMenuDescriptionMappingPage" finished-at="2019-05-07T16:31:13Z" duration-ms="4514" status="PASS">
          <reporter-output>
          </reporter-output>
        </test-method> <!-- NavigateToMenuDescriptionMappingPage -->
        <test-method is-config="true" signature="startTestCase(java.lang.reflect.Method)[pri:0, instance:com.tetherfi.test.ivr.MenuDescriptionMappingTest@3b2553d9]" started-at="2019-05-07T16:31:09Z" name="startTestCase" finished-at="2019-05-07T16:31:09Z" duration-ms="0" status="PASS">
          <params>
            <param index="0">
              <value>
                <![CDATA[public void com.tetherfi.test.ivr.MenuDescriptionMappingTest.VerifyTotalNumberOfItemsPerPageDetails()]]>
              </value>
            </param>
          </params>
          <reporter-output>
          </reporter-output>
        </test-method> <!-- startTestCase -->
        <test-method signature="VerifyTotalNumberOfItemsPerPageDetails()[pri:31, instance:com.tetherfi.test.ivr.MenuDescriptionMappingTest@3b2553d9]" started-at="2019-05-07T16:31:13Z" name="VerifyTotalNumberOfItemsPerPageDetails" finished-at="2019-05-07T16:31:13Z" duration-ms="35" status="PASS">
          <reporter-output>
          </reporter-output>
        </test-method> <!-- VerifyTotalNumberOfItemsPerPageDetails -->
        <test-method is-config="true" signature="afterEachMethod(java.lang.reflect.Method)[pri:0, instance:com.tetherfi.test.ivr.MenuDescriptionMappingTest@3b2553d9]" started-at="2019-05-07T16:31:13Z" name="afterEachMethod" finished-at="2019-05-07T16:31:14Z" duration-ms="1249" status="PASS">
          <params>
            <param index="0">
              <value>
                <![CDATA[public void com.tetherfi.test.ivr.MenuDescriptionMappingTest.VerifyTotalNumberOfItemsPerPageDetails()]]>
              </value>
            </param>
          </params>
          <reporter-output>
          </reporter-output>
        </test-method> <!-- afterEachMethod -->
        <test-method is-config="true" signature="endTestCase(java.lang.reflect.Method)[pri:0, instance:com.tetherfi.test.ivr.MenuDescriptionMappingTest@3b2553d9]" started-at="2019-05-07T16:31:14Z" name="endTestCase" finished-at="2019-05-07T16:31:14Z" duration-ms="0" status="PASS">
          <params>
            <param index="0">
              <value>
                <![CDATA[public void com.tetherfi.test.ivr.MenuDescriptionMappingTest.VerifyTotalNumberOfItemsPerPageDetails()]]>
              </value>
            </param>
          </params>
          <reporter-output>
          </reporter-output>
        </test-method> <!-- endTestCase -->
        <test-method is-config="true" signature="NavigateToMenuDescriptionMappingPage()[pri:0, instance:com.tetherfi.test.ivr.MenuDescriptionMappingTest@3b2553d9]" started-at="2019-05-07T16:31:14Z" name="NavigateToMenuDescriptionMappingPage" finished-at="2019-05-07T16:31:19Z" duration-ms="4081" status="PASS">
          <reporter-output>
          </reporter-output>
        </test-method> <!-- NavigateToMenuDescriptionMappingPage -->
        <test-method is-config="true" signature="startTestCase(java.lang.reflect.Method)[pri:0, instance:com.tetherfi.test.ivr.MenuDescriptionMappingTest@3b2553d9]" started-at="2019-05-07T16:31:14Z" name="startTestCase" finished-at="2019-05-07T16:31:14Z" duration-ms="0" status="PASS">
          <params>
            <param index="0">
              <value>
                <![CDATA[public void com.tetherfi.test.ivr.MenuDescriptionMappingTest.VerifyNumberOfItemsPerPageSelection()]]>
              </value>
            </param>
          </params>
          <reporter-output>
          </reporter-output>
        </test-method> <!-- startTestCase -->
        <test-method signature="VerifyNumberOfItemsPerPageSelection()[pri:32, instance:com.tetherfi.test.ivr.MenuDescriptionMappingTest@3b2553d9]" started-at="2019-05-07T16:31:19Z" name="VerifyNumberOfItemsPerPageSelection" finished-at="2019-05-07T16:31:21Z" duration-ms="2066" status="FAIL">
          <exception class="java.lang.AssertionError">
            <message>
              <![CDATA[item per page assertion failed expected [true] but found [false]]]>
            </message>
            <full-stacktrace>
              <![CDATA[java.lang.AssertionError: item per page assertion failed expected [true] but found [false]
	at org.testng.Assert.fail(Assert.java:93)
	at org.testng.Assert.failNotEquals(Assert.java:512)
	at org.testng.Assert.assertTrue(Assert.java:41)
	at com.tetherfi.test.ivr.MenuDescriptionMappingTest.VerifyNumberOfItemsPerPageSelection(MenuDescriptionMappingTest.java:351)
	at java.base/jdk.internal.reflect.NativeMethodAccessorImpl.invoke0(Native Method)
	at java.base/jdk.internal.reflect.NativeMethodAccessorImpl.invoke(Unknown Source)
	at java.base/jdk.internal.reflect.DelegatingMethodAccessorImpl.invoke(Unknown Source)
	at java.base/java.lang.reflect.Method.invoke(Unknown Source)
	at org.testng.internal.MethodInvocationHelper.invokeMethod(MethodInvocationHelper.java:108)
	at org.testng.internal.Invoker.invokeMethod(Invoker.java:661)
	at org.testng.internal.Invoker.invokeTestMethod(Invoker.java:869)
	at org.testng.internal.Invoker.invokeTestMethods(Invoker.java:1193)
	at org.testng.internal.TestMethodWorker.invokeTestMethods(TestMethodWorker.java:126)
	at org.testng.internal.TestMethodWorker.run(TestMethodWorker.java:109)
	at org.testng.TestRunner.privateRun(TestRunner.java:744)
	at org.testng.TestRunner.run(TestRunner.java:602)
	at org.testng.SuiteRunner.runTest(SuiteRunner.java:380)
	at org.testng.SuiteRunner.runSequentially(SuiteRunner.java:375)
	at org.testng.SuiteRunner.privateRun(SuiteRunner.java:340)
	at org.testng.SuiteRunner.run(SuiteRunner.java:289)
	at org.testng.SuiteRunnerWorker.runSuite(SuiteRunnerWorker.java:52)
	at org.testng.SuiteRunnerWorker.run(SuiteRunnerWorker.java:86)
	at org.testng.TestNG.runSuitesSequentially(TestNG.java:1301)
	at org.testng.TestNG.runSuitesLocally(TestNG.java:1226)
	at org.testng.TestNG.runSuites(TestNG.java:1144)
	at org.testng.TestNG.run(TestNG.java:1115)
	at org.testng.remote.AbstractRemoteTestNG.run(AbstractRemoteTestNG.java:114)
	at org.testng.remote.RemoteTestNG.initAndRun(RemoteTestNG.java:251)
	at org.testng.remote.RemoteTestNG.main(RemoteTestNG.java:77)
]]>
            </full-stacktrace>
          </exception> <!-- java.lang.AssertionError -->
          <reporter-output>
          </reporter-output>
        </test-method> <!-- VerifyNumberOfItemsPerPageSelection -->
        <test-method is-config="true" signature="afterEachMethod(java.lang.reflect.Method)[pri:0, instance:com.tetherfi.test.ivr.MenuDescriptionMappingTest@3b2553d9]" started-at="2019-05-07T16:31:21Z" name="afterEachMethod" finished-at="2019-05-07T16:31:22Z" duration-ms="1090" status="PASS">
          <params>
            <param index="0">
              <value>
                <![CDATA[public void com.tetherfi.test.ivr.MenuDescriptionMappingTest.VerifyNumberOfItemsPerPageSelection()]]>
              </value>
            </param>
          </params>
          <reporter-output>
          </reporter-output>
        </test-method> <!-- afterEachMethod -->
        <test-method is-config="true" signature="endTestCase(java.lang.reflect.Method)[pri:0, instance:com.tetherfi.test.ivr.MenuDescriptionMappingTest@3b2553d9]" started-at="2019-05-07T16:31:22Z" name="endTestCase" finished-at="2019-05-07T16:31:22Z" duration-ms="0" status="PASS">
          <params>
            <param index="0">
              <value>
                <![CDATA[public void com.tetherfi.test.ivr.MenuDescriptionMappingTest.VerifyNumberOfItemsPerPageSelection()]]>
              </value>
            </param>
          </params>
          <reporter-output>
          </reporter-output>
        </test-method> <!-- endTestCase -->
        <test-method is-config="true" signature="NavigateToMenuDescriptionMappingPage()[pri:0, instance:com.tetherfi.test.ivr.MenuDescriptionMappingTest@3b2553d9]" started-at="2019-05-07T16:31:22Z" name="NavigateToMenuDescriptionMappingPage" finished-at="2019-05-07T16:31:27Z" duration-ms="5194" status="PASS">
          <reporter-output>
          </reporter-output>
        </test-method> <!-- NavigateToMenuDescriptionMappingPage -->
        <test-method is-config="true" signature="startTestCase(java.lang.reflect.Method)[pri:0, instance:com.tetherfi.test.ivr.MenuDescriptionMappingTest@3b2553d9]" started-at="2019-05-07T16:31:22Z" name="startTestCase" finished-at="2019-05-07T16:31:22Z" duration-ms="0" status="PASS">
          <params>
            <param index="0">
              <value>
                <![CDATA[public void com.tetherfi.test.ivr.MenuDescriptionMappingTest.database() throws java.lang.Exception]]>
              </value>
            </param>
          </params>
          <reporter-output>
          </reporter-output>
        </test-method> <!-- startTestCase -->
        <test-method signature="database()[pri:33, instance:com.tetherfi.test.ivr.MenuDescriptionMappingTest@3b2553d9]" started-at="2019-05-07T16:31:27Z" name="database" finished-at="2019-05-07T16:31:29Z" duration-ms="2241" status="PASS">
          <reporter-output>
          </reporter-output>
        </test-method> <!-- database -->
        <test-method is-config="true" signature="afterEachMethod(java.lang.reflect.Method)[pri:0, instance:com.tetherfi.test.ivr.MenuDescriptionMappingTest@3b2553d9]" started-at="2019-05-07T16:31:29Z" name="afterEachMethod" finished-at="2019-05-07T16:31:30Z" duration-ms="1065" status="PASS">
          <params>
            <param index="0">
              <value>
                <![CDATA[public void com.tetherfi.test.ivr.MenuDescriptionMappingTest.database() throws java.lang.Exception]]>
              </value>
            </param>
          </params>
          <reporter-output>
          </reporter-output>
        </test-method> <!-- afterEachMethod -->
        <test-method is-config="true" signature="endTestCase(java.lang.reflect.Method)[pri:0, instance:com.tetherfi.test.ivr.MenuDescriptionMappingTest@3b2553d9]" started-at="2019-05-07T16:31:30Z" name="endTestCase" finished-at="2019-05-07T16:31:30Z" duration-ms="1" status="PASS">
          <params>
            <param index="0">
              <value>
                <![CDATA[public void com.tetherfi.test.ivr.MenuDescriptionMappingTest.database() throws java.lang.Exception]]>
              </value>
            </param>
          </params>
          <reporter-output>
          </reporter-output>
        </test-method> <!-- endTestCase -->
        <test-method is-config="true" signature="tearDown()[pri:0, instance:com.tetherfi.test.ivr.MenuDescriptionMappingTest@3b2553d9]" started-at="2019-05-07T16:31:30Z" name="tearDown" finished-at="2019-05-07T16:31:31Z" duration-ms="1204" status="PASS">
          <reporter-output>
          </reporter-output>
        </test-method> <!-- tearDown -->
      </class> <!-- com.tetherfi.test.ivr.MenuDescriptionMappingTest -->
    </test> <!-- Default test -->
  </suite> <!-- Default suite -->
</testng-results>
