<?xml version="1.0" encoding="UTF-8"?>
<testng-results skipped="0" failed="0" ignored="0" total="1" passed="1">
  <reporter-output>
  </reporter-output>
  <suite name="Default suite" duration-ms="132658" started-at="2020-04-22T15:16:03 IST" finished-at="2020-04-22T15:18:15 IST">
    <groups>
    </groups>
    <test name="Default test" duration-ms="132658" started-at="2020-04-22T15:16:03 IST" finished-at="2020-04-22T15:18:15 IST">
      <class name="com.tetherfi.test.reports.OCMAgentSummaryReportTest">
        <test-method status="PASS" signature="openApplication()[pri:0, instance:com.tetherfi.test.reports.OCMAgentSummaryReportTest@1907874b]" name="openApplication" is-config="true" duration-ms="55761" started-at="2020-04-22T15:16:03 IST" finished-at="2020-04-22T15:16:58 IST">
          <reporter-output>
          </reporter-output>
        </test-method> <!-- openApplication -->
        <test-method status="PASS" signature="startTestCase(java.lang.reflect.Method)[pri:0, instance:com.tetherfi.test.reports.OCMAgentSummaryReportTest@1907874b]" name="startTestCase" is-config="true" duration-ms="3" started-at="2020-04-22T15:16:58 IST" finished-at="2020-04-22T15:16:59 IST">
          <params>
            <param index="0">
              <value>
                <![CDATA[public void com.tetherfi.test.reports.OCMAgentSummaryReportTest.database() throws java.lang.Exception]]>
              </value>
            </param>
          </params>
          <reporter-output>
          </reporter-output>
        </test-method> <!-- startTestCase -->
        <test-method status="PASS" signature="NavigateToOcmReportsPage()[pri:0, instance:com.tetherfi.test.reports.OCMAgentSummaryReportTest@1907874b]" name="NavigateToOcmReportsPage" is-config="true" duration-ms="7478" started-at="2020-04-22T15:16:59 IST" finished-at="2020-04-22T15:17:06 IST">
          <reporter-output>
          </reporter-output>
        </test-method> <!-- NavigateToOcmReportsPage -->
        <test-method status="PASS" signature="database()[pri:38, instance:com.tetherfi.test.reports.OCMAgentSummaryReportTest@1907874b]" name="database" duration-ms="44498" started-at="2020-04-22T15:17:06 IST" description="To verify main page details of Agent Summary report" finished-at="2020-04-22T15:17:50 IST">
          <reporter-output>
          </reporter-output>
        </test-method> <!-- database -->
        <test-method status="PASS" signature="afterEachMethod(java.lang.reflect.Method)[pri:0, instance:com.tetherfi.test.reports.OCMAgentSummaryReportTest@1907874b]" name="afterEachMethod" is-config="true" duration-ms="3062" started-at="2020-04-22T15:17:50 IST" finished-at="2020-04-22T15:17:54 IST">
          <params>
            <param index="0">
              <value>
                <![CDATA[public void com.tetherfi.test.reports.OCMAgentSummaryReportTest.database() throws java.lang.Exception]]>
              </value>
            </param>
          </params>
          <reporter-output>
          </reporter-output>
        </test-method> <!-- afterEachMethod -->
        <test-method status="PASS" signature="endTestCase(java.lang.reflect.Method)[pri:0, instance:com.tetherfi.test.reports.OCMAgentSummaryReportTest@1907874b]" name="endTestCase" is-config="true" duration-ms="2" started-at="2020-04-22T15:17:54 IST" finished-at="2020-04-22T15:17:54 IST">
          <params>
            <param index="0">
              <value>
                <![CDATA[public void com.tetherfi.test.reports.OCMAgentSummaryReportTest.database() throws java.lang.Exception]]>
              </value>
            </param>
          </params>
          <reporter-output>
          </reporter-output>
        </test-method> <!-- endTestCase -->
        <test-method status="PASS" signature="tearDown()[pri:0, instance:com.tetherfi.test.reports.OCMAgentSummaryReportTest@1907874b]" name="tearDown" is-config="true" duration-ms="21741" started-at="2020-04-22T15:17:54 IST" finished-at="2020-04-22T15:18:15 IST">
          <reporter-output>
          </reporter-output>
        </test-method> <!-- tearDown -->
      </class> <!-- com.tetherfi.test.reports.OCMAgentSummaryReportTest -->
    </test> <!-- Default test -->
  </suite> <!-- Default suite -->
</testng-results>
