<?xml version="1.0" encoding="UTF-8"?>
<!-- Generated by org.testng.reporters.JUnitXMLReporter -->
<testsuite hostname="admin" ignored="0" name="Default test" tests="4" failures="0" timestamp="18 Feb 2019 14:52:06 GMT" time="505.651" errors="0">
  <testcase name="VerifyIVRMakerAccess" time="54.601" classname="com.tetherfi.test.UserManagementOtherAppsE2ETest"/>
  <testcase name="VerifyIWIVRCheckerAccess" time="65.43" classname="com.tetherfi.test.UserManagementOtherAppsE2ETest"/>
  <testcase name="VerifyIWIVRMakerCheckerAccess" time="76.328" classname="com.tetherfi.test.UserManagementOtherAppsE2ETest"/>
  <testcase name="VerifyIWIVRPreviewerAccess" time="59.188" classname="com.tetherfi.test.UserManagementOtherAppsE2ETest"/>
</testsuite> <!-- Default test -->
