<?xml version="1.0" encoding="UTF-8"?>
<!-- Generated by org.testng.reporters.JUnitXMLReporter -->
<testsuite hostname="DESKTOP-NJVBPFB" ignored="0" name="Default test" tests="2" failures="0" timestamp="2020-04-27T18:56:52 IST" time="627.312" errors="0">
  <testcase name="VerifyAgentSettingsPage" time="61.372" classname="com.tetherfi.test.tmac.AgentSettingsTest"/>
  <testcase name="verifyFooterData" time="0.003" classname="com.tetherfi.test.tmac.AgentSettingsTest"/>
</testsuite> <!-- Default test -->
