<?xml version="1.0" encoding="UTF-8"?>
<!-- Generated by org.testng.reporters.JUnitXMLReporter -->
<testsuite hostname="TTF-BLR-SANTOSHKOUJALAGI" ignored="0" name="Default test" tests="75" failures="0" timestamp="2021-08-06T00:13:23 IST" time="20.261" errors="0">
  <testcase name="@BeforeClass openApplication" time="19.13" classname="com.tetherfi.test.BaseTest">
    <failure type="org.openqa.selenium.WebDriverException" message="chrome not reachable
  (Session info: chrome=92.0.4515.131)
Build info: version: &amp;apos;3.141.59&amp;apos;, revision: &amp;apos;e82be7d358&amp;apos;, time: &amp;apos;2018-11-14T08:17:03&amp;apos;
System info: host: &amp;apos;TTF-BLR-SANTOSH&amp;apos;, ip: &amp;apos;192.168.50.12&amp;apos;, os.name: &amp;apos;Windows 10&amp;apos;, os.arch: &amp;apos;amd64&amp;apos;, os.version: &amp;apos;10.0&amp;apos;, java.version: &amp;apos;1.8.0_181&amp;apos;
Driver info: org.openqa.selenium.chrome.ChromeDriver
Capabilities {acceptInsecureCerts: false, browserName: chrome, browserVersion: 92.0.4515.131, chrome: {chromedriverVersion: 91.0.4472.19 (1bf021f248676..., userDataDir: C:\Users\admin\AppData\Loca...}, goog:chromeOptions: {debuggerAddress: localhost:51002}, javascriptEnabled: true, networkConnectionEnabled: false, pageLoadStrategy: normal, platform: WINDOWS, platformName: WINDOWS, proxy: Proxy(), setWindowRect: true, strictFileInteractability: false, timeouts: {implicit: 0, pageLoad: 300000, script: 30000}, unhandledPromptBehavior: dismiss and notify, webauthn:extension:largeBlob: true, webauthn:virtualAuthenticators: true}
Session ID: ad253e75c88491b971d48c3636ff3ba5">
      <![CDATA[org.openqa.selenium.WebDriverException: chrome not reachable
  (Session info: chrome=92.0.4515.131)
Build info: version: '3.141.59', revision: 'e82be7d358', time: '2018-11-14T08:17:03'
System info: host: 'TTF-BLR-SANTOSH', ip: '192.168.50.12', os.name: 'Windows 10', os.arch: 'amd64', os.version: '10.0', java.version: '1.8.0_181'
Driver info: org.openqa.selenium.chrome.ChromeDriver
Capabilities {acceptInsecureCerts: false, browserName: chrome, browserVersion: 92.0.4515.131, chrome: {chromedriverVersion: 91.0.4472.19 (1bf021f248676..., userDataDir: C:\Users\admin\AppData\Loca...}, goog:chromeOptions: {debuggerAddress: localhost:51002}, javascriptEnabled: true, networkConnectionEnabled: false, pageLoadStrategy: normal, platform: WINDOWS, platformName: WINDOWS, proxy: Proxy(), setWindowRect: true, strictFileInteractability: false, timeouts: {implicit: 0, pageLoad: 300000, script: 30000}, unhandledPromptBehavior: dismiss and notify, webauthn:extension:largeBlob: true, webauthn:virtualAuthenticators: true}
Session ID: ad253e75c88491b971d48c3636ff3ba5
at sun.reflect.NativeConstructorAccessorImpl.newInstance0(Native Method)
at sun.reflect.NativeConstructorAccessorImpl.newInstance(Unknown Source)
at sun.reflect.DelegatingConstructorAccessorImpl.newInstance(Unknown Source)
at java.lang.reflect.Constructor.newInstance(Unknown Source)
at org.openqa.selenium.remote.http.W3CHttpResponseCodec.createException(W3CHttpResponseCodec.java:187)
at org.openqa.selenium.remote.http.W3CHttpResponseCodec.decode(W3CHttpResponseCodec.java:122)
at org.openqa.selenium.remote.http.W3CHttpResponseCodec.decode(W3CHttpResponseCodec.java:49)
at org.openqa.selenium.remote.HttpCommandExecutor.execute(HttpCommandExecutor.java:158)
at org.openqa.selenium.remote.service.DriverCommandExecutor.execute(DriverCommandExecutor.java:83)
at org.openqa.selenium.remote.RemoteWebDriver.execute(RemoteWebDriver.java:552)
at org.openqa.selenium.remote.RemoteWebDriver.execute(RemoteWebDriver.java:609)
at org.openqa.selenium.remote.RemoteWebDriver.close(RemoteWebDriver.java:442)
at com.tetherfi.test.BaseTest.openApplication(BaseTest.java:44)
at sun.reflect.NativeMethodAccessorImpl.invoke0(Native Method)
at sun.reflect.NativeMethodAccessorImpl.invoke(Unknown Source)
at sun.reflect.DelegatingMethodAccessorImpl.invoke(Unknown Source)
at java.lang.reflect.Method.invoke(Unknown Source)
at org.testng.internal.MethodInvocationHelper.invokeMethod(MethodInvocationHelper.java:133)
at org.testng.internal.MethodInvocationHelper.invokeMethodConsideringTimeout(MethodInvocationHelper.java:62)
at org.testng.internal.ConfigInvoker.invokeConfigurationMethod(ConfigInvoker.java:340)
at org.testng.internal.ConfigInvoker.invokeConfigurations(ConfigInvoker.java:294)
at org.testng.internal.TestMethodWorker.invokeBeforeClassMethods(TestMethodWorker.java:176)
at org.testng.internal.TestMethodWorker.run(TestMethodWorker.java:122)
at java.util.ArrayList.forEach(Unknown Source)
at org.testng.TestRunner.privateRun(TestRunner.java:770)
at org.testng.TestRunner.run(TestRunner.java:591)
at org.testng.SuiteRunner.runTest(SuiteRunner.java:402)
at org.testng.SuiteRunner.runSequentially(SuiteRunner.java:396)
at org.testng.SuiteRunner.privateRun(SuiteRunner.java:355)
at org.testng.SuiteRunner.run(SuiteRunner.java:304)
at org.testng.SuiteRunnerWorker.runSuite(SuiteRunnerWorker.java:53)
at org.testng.SuiteRunnerWorker.run(SuiteRunnerWorker.java:96)
at org.testng.TestNG.runSuitesSequentially(TestNG.java:1180)
at org.testng.TestNG.runSuitesLocally(TestNG.java:1102)
at org.testng.TestNG.runSuites(TestNG.java:1032)
at org.testng.TestNG.run(TestNG.java:1000)
at org.testng.remote.AbstractRemoteTestNG.run(AbstractRemoteTestNG.java:115)
at org.testng.remote.RemoteTestNG.initAndRun(RemoteTestNG.java:251)
at org.testng.remote.RemoteTestNG.main(RemoteTestNG.java:77)
]]>
    </failure>
  </testcase> <!-- @BeforeClass openApplication -->
  <testcase name="@BeforeMethod startTestCase" time="-1.628189002733E9" classname="com.tetherfi.test.BaseTest">
    <skipped/>
  </testcase> <!-- @BeforeMethod startTestCase -->
  <testcase name="@BeforeMethod NavigateToAgentSkillAssignmentPage" time="-1.628189002737E9" classname="com.tetherfi.test.AgentSkillAssignmentNewTest">
    <skipped/>
  </testcase> <!-- @BeforeMethod NavigateToAgentSkillAssignmentPage -->
  <testcase name="@AfterMethod afterEachMethod" time="-1.628189002752E9" classname="com.tetherfi.test.AgentSkillAssignmentNewTest">
    <skipped/>
  </testcase> <!-- @AfterMethod afterEachMethod -->
  <testcase name="@AfterMethod endTestCase" time="-1.628189002755E9" classname="com.tetherfi.test.BaseTest">
    <skipped/>
  </testcase> <!-- @AfterMethod endTestCase -->
  <testcase name="@BeforeMethod startTestCase" time="-1.628189002766E9" classname="com.tetherfi.test.BaseTest">
    <skipped/>
  </testcase> <!-- @BeforeMethod startTestCase -->
  <testcase name="@BeforeMethod NavigateToAgentSkillAssignmentPage" time="-1.628189002771E9" classname="com.tetherfi.test.AgentSkillAssignmentNewTest">
    <skipped/>
  </testcase> <!-- @BeforeMethod NavigateToAgentSkillAssignmentPage -->
  <testcase name="@AfterMethod afterEachMethod" time="-1.628189002788E9" classname="com.tetherfi.test.AgentSkillAssignmentNewTest">
    <skipped/>
  </testcase> <!-- @AfterMethod afterEachMethod -->
  <testcase name="@AfterMethod endTestCase" time="-1.62818900279E9" classname="com.tetherfi.test.BaseTest">
    <skipped/>
  </testcase> <!-- @AfterMethod endTestCase -->
  <testcase name="@BeforeMethod startTestCase" time="-1.628189002794E9" classname="com.tetherfi.test.BaseTest">
    <skipped/>
  </testcase> <!-- @BeforeMethod startTestCase -->
  <testcase name="@BeforeMethod NavigateToAgentSkillAssignmentPage" time="-1.628189002798E9" classname="com.tetherfi.test.AgentSkillAssignmentNewTest">
    <skipped/>
  </testcase> <!-- @BeforeMethod NavigateToAgentSkillAssignmentPage -->
  <testcase name="@AfterMethod afterEachMethod" time="-1.628189002807E9" classname="com.tetherfi.test.AgentSkillAssignmentNewTest">
    <skipped/>
  </testcase> <!-- @AfterMethod afterEachMethod -->
  <testcase name="@AfterMethod endTestCase" time="-1.628189002812E9" classname="com.tetherfi.test.BaseTest">
    <skipped/>
  </testcase> <!-- @AfterMethod endTestCase -->
  <testcase name="@BeforeMethod startTestCase" time="-1.628189002817E9" classname="com.tetherfi.test.BaseTest">
    <skipped/>
  </testcase> <!-- @BeforeMethod startTestCase -->
  <testcase name="@BeforeMethod NavigateToAgentSkillAssignmentPage" time="-1.628189002818E9" classname="com.tetherfi.test.AgentSkillAssignmentNewTest">
    <skipped/>
  </testcase> <!-- @BeforeMethod NavigateToAgentSkillAssignmentPage -->
  <testcase name="@AfterMethod afterEachMethod" time="-1.628189002828E9" classname="com.tetherfi.test.AgentSkillAssignmentNewTest">
    <skipped/>
  </testcase> <!-- @AfterMethod afterEachMethod -->
  <testcase name="@AfterMethod endTestCase" time="-1.628189002831E9" classname="com.tetherfi.test.BaseTest">
    <skipped/>
  </testcase> <!-- @AfterMethod endTestCase -->
  <testcase name="@BeforeMethod startTestCase" time="-1.628189002834E9" classname="com.tetherfi.test.BaseTest">
    <skipped/>
  </testcase> <!-- @BeforeMethod startTestCase -->
  <testcase name="@BeforeMethod NavigateToAgentSkillAssignmentPage" time="-1.628189002837E9" classname="com.tetherfi.test.AgentSkillAssignmentNewTest">
    <skipped/>
  </testcase> <!-- @BeforeMethod NavigateToAgentSkillAssignmentPage -->
  <testcase name="@AfterMethod afterEachMethod" time="-1.628189002845E9" classname="com.tetherfi.test.AgentSkillAssignmentNewTest">
    <skipped/>
  </testcase> <!-- @AfterMethod afterEachMethod -->
  <testcase name="@AfterMethod endTestCase" time="-1.62818900285E9" classname="com.tetherfi.test.BaseTest">
    <skipped/>
  </testcase> <!-- @AfterMethod endTestCase -->
  <testcase name="@BeforeMethod startTestCase" time="-1.628189002854E9" classname="com.tetherfi.test.BaseTest">
    <skipped/>
  </testcase> <!-- @BeforeMethod startTestCase -->
  <testcase name="@BeforeMethod NavigateToAgentSkillAssignmentPage" time="-1.628189002857E9" classname="com.tetherfi.test.AgentSkillAssignmentNewTest">
    <skipped/>
  </testcase> <!-- @BeforeMethod NavigateToAgentSkillAssignmentPage -->
  <testcase name="@AfterMethod afterEachMethod" time="-1.628189002867E9" classname="com.tetherfi.test.AgentSkillAssignmentNewTest">
    <skipped/>
  </testcase> <!-- @AfterMethod afterEachMethod -->
  <testcase name="@AfterMethod endTestCase" time="-1.628189002869E9" classname="com.tetherfi.test.BaseTest">
    <skipped/>
  </testcase> <!-- @AfterMethod endTestCase -->
  <testcase name="@BeforeMethod startTestCase" time="-1.628189002874E9" classname="com.tetherfi.test.BaseTest">
    <skipped/>
  </testcase> <!-- @BeforeMethod startTestCase -->
  <testcase name="@BeforeMethod NavigateToAgentSkillAssignmentPage" time="-1.628189002875E9" classname="com.tetherfi.test.AgentSkillAssignmentNewTest">
    <skipped/>
  </testcase> <!-- @BeforeMethod NavigateToAgentSkillAssignmentPage -->
  <testcase name="@AfterMethod afterEachMethod" time="-1.628189002887E9" classname="com.tetherfi.test.AgentSkillAssignmentNewTest">
    <skipped/>
  </testcase> <!-- @AfterMethod afterEachMethod -->
  <testcase name="@AfterMethod endTestCase" time="-1.628189002891E9" classname="com.tetherfi.test.BaseTest">
    <skipped/>
  </testcase> <!-- @AfterMethod endTestCase -->
  <testcase name="@BeforeMethod startTestCase" time="-1.628189002897E9" classname="com.tetherfi.test.BaseTest">
    <skipped/>
  </testcase> <!-- @BeforeMethod startTestCase -->
  <testcase name="@BeforeMethod NavigateToAgentSkillAssignmentPage" time="-1.628189002899E9" classname="com.tetherfi.test.AgentSkillAssignmentNewTest">
    <skipped/>
  </testcase> <!-- @BeforeMethod NavigateToAgentSkillAssignmentPage -->
  <testcase name="@AfterMethod afterEachMethod" time="-1.628189002909E9" classname="com.tetherfi.test.AgentSkillAssignmentNewTest">
    <skipped/>
  </testcase> <!-- @AfterMethod afterEachMethod -->
  <testcase name="@AfterMethod endTestCase" time="-1.628189002913E9" classname="com.tetherfi.test.BaseTest">
    <skipped/>
  </testcase> <!-- @AfterMethod endTestCase -->
  <testcase name="@BeforeMethod startTestCase" time="-1.628189002918E9" classname="com.tetherfi.test.BaseTest">
    <skipped/>
  </testcase> <!-- @BeforeMethod startTestCase -->
  <testcase name="@BeforeMethod NavigateToAgentSkillAssignmentPage" time="-1.62818900292E9" classname="com.tetherfi.test.AgentSkillAssignmentNewTest">
    <skipped/>
  </testcase> <!-- @BeforeMethod NavigateToAgentSkillAssignmentPage -->
  <testcase name="@AfterMethod afterEachMethod" time="-1.628189002929E9" classname="com.tetherfi.test.AgentSkillAssignmentNewTest">
    <skipped/>
  </testcase> <!-- @AfterMethod afterEachMethod -->
  <testcase name="@AfterMethod endTestCase" time="-1.628189002932E9" classname="com.tetherfi.test.BaseTest">
    <skipped/>
  </testcase> <!-- @AfterMethod endTestCase -->
  <testcase name="@BeforeMethod startTestCase" time="-1.628189002936E9" classname="com.tetherfi.test.BaseTest">
    <skipped/>
  </testcase> <!-- @BeforeMethod startTestCase -->
  <testcase name="@BeforeMethod NavigateToAgentSkillAssignmentPage" time="-1.628189002937E9" classname="com.tetherfi.test.AgentSkillAssignmentNewTest">
    <skipped/>
  </testcase> <!-- @BeforeMethod NavigateToAgentSkillAssignmentPage -->
  <testcase name="@AfterMethod afterEachMethod" time="-1.628189002943E9" classname="com.tetherfi.test.AgentSkillAssignmentNewTest">
    <skipped/>
  </testcase> <!-- @AfterMethod afterEachMethod -->
  <testcase name="@AfterMethod endTestCase" time="-1.628189002946E9" classname="com.tetherfi.test.BaseTest">
    <skipped/>
  </testcase> <!-- @AfterMethod endTestCase -->
  <testcase name="@BeforeMethod startTestCase" time="-1.62818900295E9" classname="com.tetherfi.test.BaseTest">
    <skipped/>
  </testcase> <!-- @BeforeMethod startTestCase -->
  <testcase name="@BeforeMethod NavigateToAgentSkillAssignmentPage" time="-1.628189002951E9" classname="com.tetherfi.test.AgentSkillAssignmentNewTest">
    <skipped/>
  </testcase> <!-- @BeforeMethod NavigateToAgentSkillAssignmentPage -->
  <testcase name="@AfterMethod afterEachMethod" time="-1.628189002962E9" classname="com.tetherfi.test.AgentSkillAssignmentNewTest">
    <skipped/>
  </testcase> <!-- @AfterMethod afterEachMethod -->
  <testcase name="@AfterMethod endTestCase" time="-1.628189002966E9" classname="com.tetherfi.test.BaseTest">
    <skipped/>
  </testcase> <!-- @AfterMethod endTestCase -->
  <testcase name="@BeforeMethod startTestCase" time="-1.62818900297E9" classname="com.tetherfi.test.BaseTest">
    <skipped/>
  </testcase> <!-- @BeforeMethod startTestCase -->
  <testcase name="@BeforeMethod NavigateToAgentSkillAssignmentPage" time="-1.628189002971E9" classname="com.tetherfi.test.AgentSkillAssignmentNewTest">
    <skipped/>
  </testcase> <!-- @BeforeMethod NavigateToAgentSkillAssignmentPage -->
  <testcase name="@AfterMethod afterEachMethod" time="-1.628189002978E9" classname="com.tetherfi.test.AgentSkillAssignmentNewTest">
    <skipped/>
  </testcase> <!-- @AfterMethod afterEachMethod -->
  <testcase name="@AfterMethod endTestCase" time="-1.62818900298E9" classname="com.tetherfi.test.BaseTest">
    <skipped/>
  </testcase> <!-- @AfterMethod endTestCase -->
  <testcase name="@BeforeMethod startTestCase" time="-1.628189002984E9" classname="com.tetherfi.test.BaseTest">
    <skipped/>
  </testcase> <!-- @BeforeMethod startTestCase -->
  <testcase name="@BeforeMethod NavigateToAgentSkillAssignmentPage" time="-1.628189002985E9" classname="com.tetherfi.test.AgentSkillAssignmentNewTest">
    <skipped/>
  </testcase> <!-- @BeforeMethod NavigateToAgentSkillAssignmentPage -->
  <testcase name="@AfterMethod afterEachMethod" time="-1.628189002995E9" classname="com.tetherfi.test.AgentSkillAssignmentNewTest">
    <skipped/>
  </testcase> <!-- @AfterMethod afterEachMethod -->
  <testcase name="@AfterMethod endTestCase" time="-1.628189002996E9" classname="com.tetherfi.test.BaseTest">
    <skipped/>
  </testcase> <!-- @AfterMethod endTestCase -->
  <testcase name="@BeforeMethod startTestCase" time="-1.628189002998E9" classname="com.tetherfi.test.BaseTest">
    <skipped/>
  </testcase> <!-- @BeforeMethod startTestCase -->
  <testcase name="@BeforeMethod NavigateToAgentSkillAssignmentPage" time="-1.628189003001E9" classname="com.tetherfi.test.AgentSkillAssignmentNewTest">
    <skipped/>
  </testcase> <!-- @BeforeMethod NavigateToAgentSkillAssignmentPage -->
  <testcase name="@AfterMethod afterEachMethod" time="-1.628189003009E9" classname="com.tetherfi.test.AgentSkillAssignmentNewTest">
    <skipped/>
  </testcase> <!-- @AfterMethod afterEachMethod -->
  <testcase name="@AfterMethod endTestCase" time="-1.628189003011E9" classname="com.tetherfi.test.BaseTest">
    <skipped/>
  </testcase> <!-- @AfterMethod endTestCase -->
  <testcase name="@BeforeMethod startTestCase" time="-1.628189003016E9" classname="com.tetherfi.test.BaseTest">
    <skipped/>
  </testcase> <!-- @BeforeMethod startTestCase -->
  <testcase name="@BeforeMethod NavigateToAgentSkillAssignmentPage" time="-1.628189003017E9" classname="com.tetherfi.test.AgentSkillAssignmentNewTest">
    <skipped/>
  </testcase> <!-- @BeforeMethod NavigateToAgentSkillAssignmentPage -->
  <testcase name="@AfterMethod afterEachMethod" time="-1.628189003024E9" classname="com.tetherfi.test.AgentSkillAssignmentNewTest">
    <skipped/>
  </testcase> <!-- @AfterMethod afterEachMethod -->
  <testcase name="@AfterMethod endTestCase" time="-1.628189003028E9" classname="com.tetherfi.test.BaseTest">
    <skipped/>
  </testcase> <!-- @AfterMethod endTestCase -->
  <testcase name="@BeforeMethod startTestCase" time="-1.628189003034E9" classname="com.tetherfi.test.BaseTest">
    <skipped/>
  </testcase> <!-- @BeforeMethod startTestCase -->
  <testcase name="@BeforeMethod NavigateToAgentSkillAssignmentPage" time="-1.628189003039E9" classname="com.tetherfi.test.AgentSkillAssignmentNewTest">
    <skipped/>
  </testcase> <!-- @BeforeMethod NavigateToAgentSkillAssignmentPage -->
  <testcase name="@AfterMethod afterEachMethod" time="-1.628189003044E9" classname="com.tetherfi.test.AgentSkillAssignmentNewTest">
    <skipped/>
  </testcase> <!-- @AfterMethod afterEachMethod -->
  <testcase name="@AfterMethod endTestCase" time="-1.628189003046E9" classname="com.tetherfi.test.BaseTest">
    <skipped/>
  </testcase> <!-- @AfterMethod endTestCase -->
  <testcase name="@BeforeMethod startTestCase" time="-1.628189003051E9" classname="com.tetherfi.test.BaseTest">
    <skipped/>
  </testcase> <!-- @BeforeMethod startTestCase -->
  <testcase name="@BeforeMethod NavigateToAgentSkillAssignmentPage" time="-1.628189003055E9" classname="com.tetherfi.test.AgentSkillAssignmentNewTest">
    <skipped/>
  </testcase> <!-- @BeforeMethod NavigateToAgentSkillAssignmentPage -->
  <testcase name="@AfterMethod afterEachMethod" time="-1.628189003063E9" classname="com.tetherfi.test.AgentSkillAssignmentNewTest">
    <skipped/>
  </testcase> <!-- @AfterMethod afterEachMethod -->
  <testcase name="@AfterMethod endTestCase" time="-1.628189003066E9" classname="com.tetherfi.test.BaseTest">
    <skipped/>
  </testcase> <!-- @AfterMethod endTestCase -->
  <testcase name="@BeforeMethod startTestCase" time="-1.628189003071E9" classname="com.tetherfi.test.BaseTest">
    <skipped/>
  </testcase> <!-- @BeforeMethod startTestCase -->
  <testcase name="@BeforeMethod NavigateToAgentSkillAssignmentPage" time="-1.628189003072E9" classname="com.tetherfi.test.AgentSkillAssignmentNewTest">
    <skipped/>
  </testcase> <!-- @BeforeMethod NavigateToAgentSkillAssignmentPage -->
  <testcase name="@AfterMethod afterEachMethod" time="-1.628189003077E9" classname="com.tetherfi.test.AgentSkillAssignmentNewTest">
    <skipped/>
  </testcase> <!-- @AfterMethod afterEachMethod -->
  <testcase name="@AfterMethod endTestCase" time="-1.628189003078E9" classname="com.tetherfi.test.BaseTest">
    <skipped/>
  </testcase> <!-- @AfterMethod endTestCase -->
  <testcase name="@BeforeMethod startTestCase" time="-1.628189003089E9" classname="com.tetherfi.test.BaseTest">
    <skipped/>
  </testcase> <!-- @BeforeMethod startTestCase -->
  <testcase name="@BeforeMethod NavigateToAgentSkillAssignmentPage" time="-1.628189003092E9" classname="com.tetherfi.test.AgentSkillAssignmentNewTest">
    <skipped/>
  </testcase> <!-- @BeforeMethod NavigateToAgentSkillAssignmentPage -->
  <testcase name="@AfterMethod afterEachMethod" time="-1.628189003101E9" classname="com.tetherfi.test.AgentSkillAssignmentNewTest">
    <skipped/>
  </testcase> <!-- @AfterMethod afterEachMethod -->
  <testcase name="@AfterMethod endTestCase" time="-1.628189003102E9" classname="com.tetherfi.test.BaseTest">
    <skipped/>
  </testcase> <!-- @AfterMethod endTestCase -->
  <testcase name="@BeforeMethod startTestCase" time="-1.628189003105E9" classname="com.tetherfi.test.BaseTest">
    <skipped/>
  </testcase> <!-- @BeforeMethod startTestCase -->
  <testcase name="@BeforeMethod NavigateToAgentSkillAssignmentPage" time="-1.628189003109E9" classname="com.tetherfi.test.AgentSkillAssignmentNewTest">
    <skipped/>
  </testcase> <!-- @BeforeMethod NavigateToAgentSkillAssignmentPage -->
  <testcase name="@AfterMethod afterEachMethod" time="-1.62818900312E9" classname="com.tetherfi.test.AgentSkillAssignmentNewTest">
    <skipped/>
  </testcase> <!-- @AfterMethod afterEachMethod -->
  <testcase name="@AfterMethod endTestCase" time="-1.628189003123E9" classname="com.tetherfi.test.BaseTest">
    <skipped/>
  </testcase> <!-- @AfterMethod endTestCase -->
  <testcase name="@BeforeMethod startTestCase" time="-1.628189003125E9" classname="com.tetherfi.test.BaseTest">
    <skipped/>
  </testcase> <!-- @BeforeMethod startTestCase -->
  <testcase name="@BeforeMethod NavigateToAgentSkillAssignmentPage" time="-1.628189003129E9" classname="com.tetherfi.test.AgentSkillAssignmentNewTest">
    <skipped/>
  </testcase> <!-- @BeforeMethod NavigateToAgentSkillAssignmentPage -->
  <testcase name="@AfterMethod afterEachMethod" time="-1.628189003136E9" classname="com.tetherfi.test.AgentSkillAssignmentNewTest">
    <skipped/>
  </testcase> <!-- @AfterMethod afterEachMethod -->
  <testcase name="@AfterMethod endTestCase" time="-1.628189003138E9" classname="com.tetherfi.test.BaseTest">
    <skipped/>
  </testcase> <!-- @AfterMethod endTestCase -->
  <testcase name="@BeforeMethod startTestCase" time="-1.628189003142E9" classname="com.tetherfi.test.BaseTest">
    <skipped/>
  </testcase> <!-- @BeforeMethod startTestCase -->
  <testcase name="@BeforeMethod NavigateToAgentSkillAssignmentPage" time="-1.628189003144E9" classname="com.tetherfi.test.AgentSkillAssignmentNewTest">
    <skipped/>
  </testcase> <!-- @BeforeMethod NavigateToAgentSkillAssignmentPage -->
  <testcase name="@AfterMethod afterEachMethod" time="-1.628189003149E9" classname="com.tetherfi.test.AgentSkillAssignmentNewTest">
    <skipped/>
  </testcase> <!-- @AfterMethod afterEachMethod -->
  <testcase name="@AfterMethod endTestCase" time="-1.62818900315E9" classname="com.tetherfi.test.BaseTest">
    <skipped/>
  </testcase> <!-- @AfterMethod endTestCase -->
  <testcase name="@BeforeMethod startTestCase" time="-1.628189003153E9" classname="com.tetherfi.test.BaseTest">
    <skipped/>
  </testcase> <!-- @BeforeMethod startTestCase -->
  <testcase name="@BeforeMethod NavigateToAgentSkillAssignmentPage" time="-1.628189003155E9" classname="com.tetherfi.test.AgentSkillAssignmentNewTest">
    <skipped/>
  </testcase> <!-- @BeforeMethod NavigateToAgentSkillAssignmentPage -->
  <testcase name="@AfterMethod afterEachMethod" time="-1.62818900316E9" classname="com.tetherfi.test.AgentSkillAssignmentNewTest">
    <skipped/>
  </testcase> <!-- @AfterMethod afterEachMethod -->
  <testcase name="@AfterMethod endTestCase" time="-1.628189003162E9" classname="com.tetherfi.test.BaseTest">
    <skipped/>
  </testcase> <!-- @AfterMethod endTestCase -->
  <testcase name="@BeforeMethod startTestCase" time="-1.628189003165E9" classname="com.tetherfi.test.BaseTest">
    <skipped/>
  </testcase> <!-- @BeforeMethod startTestCase -->
  <testcase name="@BeforeMethod NavigateToAgentSkillAssignmentPage" time="-1.628189003166E9" classname="com.tetherfi.test.AgentSkillAssignmentNewTest">
    <skipped/>
  </testcase> <!-- @BeforeMethod NavigateToAgentSkillAssignmentPage -->
  <testcase name="@AfterMethod afterEachMethod" time="-1.628189003173E9" classname="com.tetherfi.test.AgentSkillAssignmentNewTest">
    <skipped/>
  </testcase> <!-- @AfterMethod afterEachMethod -->
  <testcase name="@AfterMethod endTestCase" time="-1.628189003174E9" classname="com.tetherfi.test.BaseTest">
    <skipped/>
  </testcase> <!-- @AfterMethod endTestCase -->
  <testcase name="@BeforeMethod startTestCase" time="-1.628189003179E9" classname="com.tetherfi.test.BaseTest">
    <skipped/>
  </testcase> <!-- @BeforeMethod startTestCase -->
  <testcase name="@BeforeMethod NavigateToAgentSkillAssignmentPage" time="-1.628189003184E9" classname="com.tetherfi.test.AgentSkillAssignmentNewTest">
    <skipped/>
  </testcase> <!-- @BeforeMethod NavigateToAgentSkillAssignmentPage -->
  <testcase name="@AfterMethod afterEachMethod" time="-1.628189003191E9" classname="com.tetherfi.test.AgentSkillAssignmentNewTest">
    <skipped/>
  </testcase> <!-- @AfterMethod afterEachMethod -->
  <testcase name="@AfterMethod endTestCase" time="-1.628189003196E9" classname="com.tetherfi.test.BaseTest">
    <skipped/>
  </testcase> <!-- @AfterMethod endTestCase -->
  <testcase name="@BeforeMethod startTestCase" time="-1.628189003199E9" classname="com.tetherfi.test.BaseTest">
    <skipped/>
  </testcase> <!-- @BeforeMethod startTestCase -->
  <testcase name="@BeforeMethod NavigateToAgentSkillAssignmentPage" time="-1.6281890032E9" classname="com.tetherfi.test.AgentSkillAssignmentNewTest">
    <skipped/>
  </testcase> <!-- @BeforeMethod NavigateToAgentSkillAssignmentPage -->
  <testcase name="@AfterMethod afterEachMethod" time="-1.628189003208E9" classname="com.tetherfi.test.AgentSkillAssignmentNewTest">
    <skipped/>
  </testcase> <!-- @AfterMethod afterEachMethod -->
  <testcase name="@AfterMethod endTestCase" time="-1.628189003209E9" classname="com.tetherfi.test.BaseTest">
    <skipped/>
  </testcase> <!-- @AfterMethod endTestCase -->
  <testcase name="@BeforeMethod startTestCase" time="-1.628189003215E9" classname="com.tetherfi.test.BaseTest">
    <skipped/>
  </testcase> <!-- @BeforeMethod startTestCase -->
  <testcase name="@BeforeMethod NavigateToAgentSkillAssignmentPage" time="-1.628189003217E9" classname="com.tetherfi.test.AgentSkillAssignmentNewTest">
    <skipped/>
  </testcase> <!-- @BeforeMethod NavigateToAgentSkillAssignmentPage -->
  <testcase name="@AfterMethod afterEachMethod" time="-1.628189003223E9" classname="com.tetherfi.test.AgentSkillAssignmentNewTest">
    <skipped/>
  </testcase> <!-- @AfterMethod afterEachMethod -->
  <testcase name="@AfterMethod endTestCase" time="-1.628189003225E9" classname="com.tetherfi.test.BaseTest">
    <skipped/>
  </testcase> <!-- @AfterMethod endTestCase -->
  <testcase name="@BeforeMethod startTestCase" time="-1.628189003228E9" classname="com.tetherfi.test.BaseTest">
    <skipped/>
  </testcase> <!-- @BeforeMethod startTestCase -->
  <testcase name="@BeforeMethod NavigateToAgentSkillAssignmentPage" time="-1.62818900323E9" classname="com.tetherfi.test.AgentSkillAssignmentNewTest">
    <skipped/>
  </testcase> <!-- @BeforeMethod NavigateToAgentSkillAssignmentPage -->
  <testcase name="@AfterMethod afterEachMethod" time="-1.628189003235E9" classname="com.tetherfi.test.AgentSkillAssignmentNewTest">
    <skipped/>
  </testcase> <!-- @AfterMethod afterEachMethod -->
  <testcase name="@AfterMethod endTestCase" time="-1.628189003238E9" classname="com.tetherfi.test.BaseTest">
    <skipped/>
  </testcase> <!-- @AfterMethod endTestCase -->
  <testcase name="@BeforeMethod startTestCase" time="-1.628189003242E9" classname="com.tetherfi.test.BaseTest">
    <skipped/>
  </testcase> <!-- @BeforeMethod startTestCase -->
  <testcase name="@BeforeMethod NavigateToAgentSkillAssignmentPage" time="-1.628189003243E9" classname="com.tetherfi.test.AgentSkillAssignmentNewTest">
    <skipped/>
  </testcase> <!-- @BeforeMethod NavigateToAgentSkillAssignmentPage -->
  <testcase name="@AfterMethod afterEachMethod" time="-1.628189003251E9" classname="com.tetherfi.test.AgentSkillAssignmentNewTest">
    <skipped/>
  </testcase> <!-- @AfterMethod afterEachMethod -->
  <testcase name="@AfterMethod endTestCase" time="-1.628189003253E9" classname="com.tetherfi.test.BaseTest">
    <skipped/>
  </testcase> <!-- @AfterMethod endTestCase -->
  <testcase name="@BeforeMethod startTestCase" time="-1.628189003255E9" classname="com.tetherfi.test.BaseTest">
    <skipped/>
  </testcase> <!-- @BeforeMethod startTestCase -->
  <testcase name="@BeforeMethod NavigateToAgentSkillAssignmentPage" time="-1.628189003256E9" classname="com.tetherfi.test.AgentSkillAssignmentNewTest">
    <skipped/>
  </testcase> <!-- @BeforeMethod NavigateToAgentSkillAssignmentPage -->
  <testcase name="@AfterMethod afterEachMethod" time="-1.628189003261E9" classname="com.tetherfi.test.AgentSkillAssignmentNewTest">
    <skipped/>
  </testcase> <!-- @AfterMethod afterEachMethod -->
  <testcase name="@AfterMethod endTestCase" time="-1.628189003263E9" classname="com.tetherfi.test.BaseTest">
    <skipped/>
  </testcase> <!-- @AfterMethod endTestCase -->
  <testcase name="@BeforeMethod startTestCase" time="-1.628189003266E9" classname="com.tetherfi.test.BaseTest">
    <skipped/>
  </testcase> <!-- @BeforeMethod startTestCase -->
  <testcase name="@BeforeMethod NavigateToAgentSkillAssignmentPage" time="-1.628189003267E9" classname="com.tetherfi.test.AgentSkillAssignmentNewTest">
    <skipped/>
  </testcase> <!-- @BeforeMethod NavigateToAgentSkillAssignmentPage -->
  <testcase name="@AfterMethod afterEachMethod" time="-1.628189003271E9" classname="com.tetherfi.test.AgentSkillAssignmentNewTest">
    <skipped/>
  </testcase> <!-- @AfterMethod afterEachMethod -->
  <testcase name="@AfterMethod endTestCase" time="-1.628189003279E9" classname="com.tetherfi.test.BaseTest">
    <skipped/>
  </testcase> <!-- @AfterMethod endTestCase -->
  <testcase name="@BeforeMethod startTestCase" time="-1.628189003283E9" classname="com.tetherfi.test.BaseTest">
    <skipped/>
  </testcase> <!-- @BeforeMethod startTestCase -->
  <testcase name="@BeforeMethod NavigateToAgentSkillAssignmentPage" time="-1.628189003291E9" classname="com.tetherfi.test.AgentSkillAssignmentNewTest">
    <skipped/>
  </testcase> <!-- @BeforeMethod NavigateToAgentSkillAssignmentPage -->
  <testcase name="@AfterMethod afterEachMethod" time="-1.628189003304E9" classname="com.tetherfi.test.AgentSkillAssignmentNewTest">
    <skipped/>
  </testcase> <!-- @AfterMethod afterEachMethod -->
  <testcase name="@AfterMethod endTestCase" time="-1.628189003307E9" classname="com.tetherfi.test.BaseTest">
    <skipped/>
  </testcase> <!-- @AfterMethod endTestCase -->
  <testcase name="@BeforeMethod startTestCase" time="-1.628189003312E9" classname="com.tetherfi.test.BaseTest">
    <skipped/>
  </testcase> <!-- @BeforeMethod startTestCase -->
  <testcase name="@BeforeMethod NavigateToAgentSkillAssignmentPage" time="-1.628189003314E9" classname="com.tetherfi.test.AgentSkillAssignmentNewTest">
    <skipped/>
  </testcase> <!-- @BeforeMethod NavigateToAgentSkillAssignmentPage -->
  <testcase name="@AfterMethod afterEachMethod" time="-1.628189003318E9" classname="com.tetherfi.test.AgentSkillAssignmentNewTest">
    <skipped/>
  </testcase> <!-- @AfterMethod afterEachMethod -->
  <testcase name="@AfterMethod endTestCase" time="-1.628189003319E9" classname="com.tetherfi.test.BaseTest">
    <skipped/>
  </testcase> <!-- @AfterMethod endTestCase -->
  <testcase name="@BeforeMethod startTestCase" time="-1.628189003323E9" classname="com.tetherfi.test.BaseTest">
    <skipped/>
  </testcase> <!-- @BeforeMethod startTestCase -->
  <testcase name="@BeforeMethod NavigateToAgentSkillAssignmentPage" time="-1.628189003324E9" classname="com.tetherfi.test.AgentSkillAssignmentNewTest">
    <skipped/>
  </testcase> <!-- @BeforeMethod NavigateToAgentSkillAssignmentPage -->
  <testcase name="@AfterMethod afterEachMethod" time="-1.62818900333E9" classname="com.tetherfi.test.AgentSkillAssignmentNewTest">
    <skipped/>
  </testcase> <!-- @AfterMethod afterEachMethod -->
  <testcase name="@AfterMethod endTestCase" time="-1.628189003331E9" classname="com.tetherfi.test.BaseTest">
    <skipped/>
  </testcase> <!-- @AfterMethod endTestCase -->
  <testcase name="@BeforeMethod startTestCase" time="-1.628189003334E9" classname="com.tetherfi.test.BaseTest">
    <skipped/>
  </testcase> <!-- @BeforeMethod startTestCase -->
  <testcase name="@BeforeMethod NavigateToAgentSkillAssignmentPage" time="-1.628189003335E9" classname="com.tetherfi.test.AgentSkillAssignmentNewTest">
    <skipped/>
  </testcase> <!-- @BeforeMethod NavigateToAgentSkillAssignmentPage -->
  <testcase name="@AfterMethod afterEachMethod" time="-1.62818900334E9" classname="com.tetherfi.test.AgentSkillAssignmentNewTest">
    <skipped/>
  </testcase> <!-- @AfterMethod afterEachMethod -->
  <testcase name="@AfterMethod endTestCase" time="-1.628189003342E9" classname="com.tetherfi.test.BaseTest">
    <skipped/>
  </testcase> <!-- @AfterMethod endTestCase -->
  <testcase name="@BeforeMethod startTestCase" time="-1.628189003348E9" classname="com.tetherfi.test.BaseTest">
    <skipped/>
  </testcase> <!-- @BeforeMethod startTestCase -->
  <testcase name="@BeforeMethod NavigateToAgentSkillAssignmentPage" time="-1.628189003348E9" classname="com.tetherfi.test.AgentSkillAssignmentNewTest">
    <skipped/>
  </testcase> <!-- @BeforeMethod NavigateToAgentSkillAssignmentPage -->
  <testcase name="@AfterMethod afterEachMethod" time="-1.628189003353E9" classname="com.tetherfi.test.AgentSkillAssignmentNewTest">
    <skipped/>
  </testcase> <!-- @AfterMethod afterEachMethod -->
  <testcase name="@AfterMethod endTestCase" time="-1.628189003355E9" classname="com.tetherfi.test.BaseTest">
    <skipped/>
  </testcase> <!-- @AfterMethod endTestCase -->
  <testcase name="@BeforeMethod startTestCase" time="-1.628189003359E9" classname="com.tetherfi.test.BaseTest">
    <skipped/>
  </testcase> <!-- @BeforeMethod startTestCase -->
  <testcase name="@BeforeMethod NavigateToAgentSkillAssignmentPage" time="-1.628189003362E9" classname="com.tetherfi.test.AgentSkillAssignmentNewTest">
    <skipped/>
  </testcase> <!-- @BeforeMethod NavigateToAgentSkillAssignmentPage -->
  <testcase name="@AfterMethod afterEachMethod" time="-1.628189003369E9" classname="com.tetherfi.test.AgentSkillAssignmentNewTest">
    <skipped/>
  </testcase> <!-- @AfterMethod afterEachMethod -->
  <testcase name="@AfterMethod endTestCase" time="-1.62818900337E9" classname="com.tetherfi.test.BaseTest">
    <skipped/>
  </testcase> <!-- @AfterMethod endTestCase -->
  <testcase name="@BeforeMethod startTestCase" time="-1.628189003374E9" classname="com.tetherfi.test.BaseTest">
    <skipped/>
  </testcase> <!-- @BeforeMethod startTestCase -->
  <testcase name="@BeforeMethod NavigateToAgentSkillAssignmentPage" time="-1.628189003377E9" classname="com.tetherfi.test.AgentSkillAssignmentNewTest">
    <skipped/>
  </testcase> <!-- @BeforeMethod NavigateToAgentSkillAssignmentPage -->
  <testcase name="@AfterMethod afterEachMethod" time="-1.628189003389E9" classname="com.tetherfi.test.AgentSkillAssignmentNewTest">
    <skipped/>
  </testcase> <!-- @AfterMethod afterEachMethod -->
  <testcase name="@AfterMethod endTestCase" time="-1.628189003393E9" classname="com.tetherfi.test.BaseTest">
    <skipped/>
  </testcase> <!-- @AfterMethod endTestCase -->
  <testcase name="@BeforeMethod startTestCase" time="-1.628189003397E9" classname="com.tetherfi.test.BaseTest">
    <skipped/>
  </testcase> <!-- @BeforeMethod startTestCase -->
  <testcase name="@BeforeMethod NavigateToAgentSkillAssignmentPage" time="-1.628189003402E9" classname="com.tetherfi.test.AgentSkillAssignmentNewTest">
    <skipped/>
  </testcase> <!-- @BeforeMethod NavigateToAgentSkillAssignmentPage -->
  <testcase name="@AfterMethod afterEachMethod" time="-1.628189003407E9" classname="com.tetherfi.test.AgentSkillAssignmentNewTest">
    <skipped/>
  </testcase> <!-- @AfterMethod afterEachMethod -->
  <testcase name="@AfterMethod endTestCase" time="-1.628189003409E9" classname="com.tetherfi.test.BaseTest">
    <skipped/>
  </testcase> <!-- @AfterMethod endTestCase -->
  <testcase name="@BeforeMethod startTestCase" time="-1.628189003411E9" classname="com.tetherfi.test.BaseTest">
    <skipped/>
  </testcase> <!-- @BeforeMethod startTestCase -->
  <testcase name="@BeforeMethod NavigateToAgentSkillAssignmentPage" time="-1.628189003412E9" classname="com.tetherfi.test.AgentSkillAssignmentNewTest">
    <skipped/>
  </testcase> <!-- @BeforeMethod NavigateToAgentSkillAssignmentPage -->
  <testcase name="@AfterMethod afterEachMethod" time="-1.62818900342E9" classname="com.tetherfi.test.AgentSkillAssignmentNewTest">
    <skipped/>
  </testcase> <!-- @AfterMethod afterEachMethod -->
  <testcase name="@AfterMethod endTestCase" time="-1.628189003422E9" classname="com.tetherfi.test.BaseTest">
    <skipped/>
  </testcase> <!-- @AfterMethod endTestCase -->
  <testcase name="@BeforeMethod startTestCase" time="-1.628189003426E9" classname="com.tetherfi.test.BaseTest">
    <skipped/>
  </testcase> <!-- @BeforeMethod startTestCase -->
  <testcase name="@BeforeMethod NavigateToAgentSkillAssignmentPage" time="-1.628189003427E9" classname="com.tetherfi.test.AgentSkillAssignmentNewTest">
    <skipped/>
  </testcase> <!-- @BeforeMethod NavigateToAgentSkillAssignmentPage -->
  <testcase name="@AfterMethod afterEachMethod" time="-1.628189003439E9" classname="com.tetherfi.test.AgentSkillAssignmentNewTest">
    <skipped/>
  </testcase> <!-- @AfterMethod afterEachMethod -->
  <testcase name="@AfterMethod endTestCase" time="-1.628189003441E9" classname="com.tetherfi.test.BaseTest">
    <skipped/>
  </testcase> <!-- @AfterMethod endTestCase -->
  <testcase name="@BeforeMethod startTestCase" time="-1.628189003444E9" classname="com.tetherfi.test.BaseTest">
    <skipped/>
  </testcase> <!-- @BeforeMethod startTestCase -->
  <testcase name="@BeforeMethod NavigateToAgentSkillAssignmentPage" time="-1.628189003445E9" classname="com.tetherfi.test.AgentSkillAssignmentNewTest">
    <skipped/>
  </testcase> <!-- @BeforeMethod NavigateToAgentSkillAssignmentPage -->
  <testcase name="@AfterMethod afterEachMethod" time="-1.628189003454E9" classname="com.tetherfi.test.AgentSkillAssignmentNewTest">
    <skipped/>
  </testcase> <!-- @AfterMethod afterEachMethod -->
  <testcase name="@AfterMethod endTestCase" time="-1.628189003457E9" classname="com.tetherfi.test.BaseTest">
    <skipped/>
  </testcase> <!-- @AfterMethod endTestCase -->
  <testcase name="@BeforeMethod startTestCase" time="-1.628189003461E9" classname="com.tetherfi.test.BaseTest">
    <skipped/>
  </testcase> <!-- @BeforeMethod startTestCase -->
  <testcase name="@BeforeMethod NavigateToAgentSkillAssignmentPage" time="-1.628189003464E9" classname="com.tetherfi.test.AgentSkillAssignmentNewTest">
    <skipped/>
  </testcase> <!-- @BeforeMethod NavigateToAgentSkillAssignmentPage -->
  <testcase name="@AfterMethod afterEachMethod" time="-1.628189003471E9" classname="com.tetherfi.test.AgentSkillAssignmentNewTest">
    <skipped/>
  </testcase> <!-- @AfterMethod afterEachMethod -->
  <testcase name="@AfterMethod endTestCase" time="-1.628189003472E9" classname="com.tetherfi.test.BaseTest">
    <skipped/>
  </testcase> <!-- @AfterMethod endTestCase -->
  <testcase name="@BeforeMethod startTestCase" time="-1.628189003474E9" classname="com.tetherfi.test.BaseTest">
    <skipped/>
  </testcase> <!-- @BeforeMethod startTestCase -->
  <testcase name="@BeforeMethod NavigateToAgentSkillAssignmentPage" time="-1.628189003475E9" classname="com.tetherfi.test.AgentSkillAssignmentNewTest">
    <skipped/>
  </testcase> <!-- @BeforeMethod NavigateToAgentSkillAssignmentPage -->
  <testcase name="@AfterMethod afterEachMethod" time="-1.628189003479E9" classname="com.tetherfi.test.AgentSkillAssignmentNewTest">
    <skipped/>
  </testcase> <!-- @AfterMethod afterEachMethod -->
  <testcase name="@AfterMethod endTestCase" time="-1.62818900348E9" classname="com.tetherfi.test.BaseTest">
    <skipped/>
  </testcase> <!-- @AfterMethod endTestCase -->
  <testcase name="@BeforeMethod startTestCase" time="-1.628189003487E9" classname="com.tetherfi.test.BaseTest">
    <skipped/>
  </testcase> <!-- @BeforeMethod startTestCase -->
  <testcase name="@BeforeMethod NavigateToAgentSkillAssignmentPage" time="-1.628189003491E9" classname="com.tetherfi.test.AgentSkillAssignmentNewTest">
    <skipped/>
  </testcase> <!-- @BeforeMethod NavigateToAgentSkillAssignmentPage -->
  <testcase name="@AfterMethod afterEachMethod" time="-1.628189003499E9" classname="com.tetherfi.test.AgentSkillAssignmentNewTest">
    <skipped/>
  </testcase> <!-- @AfterMethod afterEachMethod -->
  <testcase name="@AfterMethod endTestCase" time="-1.628189003502E9" classname="com.tetherfi.test.BaseTest">
    <skipped/>
  </testcase> <!-- @AfterMethod endTestCase -->
  <testcase name="@BeforeMethod startTestCase" time="-1.628189003504E9" classname="com.tetherfi.test.BaseTest">
    <skipped/>
  </testcase> <!-- @BeforeMethod startTestCase -->
  <testcase name="@BeforeMethod NavigateToAgentSkillAssignmentPage" time="-1.628189003505E9" classname="com.tetherfi.test.AgentSkillAssignmentNewTest">
    <skipped/>
  </testcase> <!-- @BeforeMethod NavigateToAgentSkillAssignmentPage -->
  <testcase name="@AfterMethod afterEachMethod" time="-1.628189003508E9" classname="com.tetherfi.test.AgentSkillAssignmentNewTest">
    <skipped/>
  </testcase> <!-- @AfterMethod afterEachMethod -->
  <testcase name="@AfterMethod endTestCase" time="-1.628189003509E9" classname="com.tetherfi.test.BaseTest">
    <skipped/>
  </testcase> <!-- @AfterMethod endTestCase -->
  <testcase name="@BeforeMethod startTestCase" time="-1.628189003511E9" classname="com.tetherfi.test.BaseTest">
    <skipped/>
  </testcase> <!-- @BeforeMethod startTestCase -->
  <testcase name="@BeforeMethod NavigateToAgentSkillAssignmentPage" time="-1.628189003511E9" classname="com.tetherfi.test.AgentSkillAssignmentNewTest">
    <skipped/>
  </testcase> <!-- @BeforeMethod NavigateToAgentSkillAssignmentPage -->
  <testcase name="@AfterMethod afterEachMethod" time="-1.628189003515E9" classname="com.tetherfi.test.AgentSkillAssignmentNewTest">
    <skipped/>
  </testcase> <!-- @AfterMethod afterEachMethod -->
  <testcase name="@AfterMethod endTestCase" time="-1.628189003516E9" classname="com.tetherfi.test.BaseTest">
    <skipped/>
  </testcase> <!-- @AfterMethod endTestCase -->
  <testcase name="@BeforeMethod startTestCase" time="-1.628189003517E9" classname="com.tetherfi.test.BaseTest">
    <skipped/>
  </testcase> <!-- @BeforeMethod startTestCase -->
  <testcase name="@BeforeMethod NavigateToAgentSkillAssignmentPage" time="-1.628189003518E9" classname="com.tetherfi.test.AgentSkillAssignmentNewTest">
    <skipped/>
  </testcase> <!-- @BeforeMethod NavigateToAgentSkillAssignmentPage -->
  <testcase name="@AfterMethod afterEachMethod" time="-1.628189003521E9" classname="com.tetherfi.test.AgentSkillAssignmentNewTest">
    <skipped/>
  </testcase> <!-- @AfterMethod afterEachMethod -->
  <testcase name="@AfterMethod endTestCase" time="-1.628189003522E9" classname="com.tetherfi.test.BaseTest">
    <skipped/>
  </testcase> <!-- @AfterMethod endTestCase -->
  <testcase name="@BeforeMethod startTestCase" time="-1.628189003525E9" classname="com.tetherfi.test.BaseTest">
    <skipped/>
  </testcase> <!-- @BeforeMethod startTestCase -->
  <testcase name="@BeforeMethod NavigateToAgentSkillAssignmentPage" time="-1.628189003525E9" classname="com.tetherfi.test.AgentSkillAssignmentNewTest">
    <skipped/>
  </testcase> <!-- @BeforeMethod NavigateToAgentSkillAssignmentPage -->
  <testcase name="@AfterMethod afterEachMethod" time="-1.62818900353E9" classname="com.tetherfi.test.AgentSkillAssignmentNewTest">
    <skipped/>
  </testcase> <!-- @AfterMethod afterEachMethod -->
  <testcase name="@AfterMethod endTestCase" time="-1.628189003531E9" classname="com.tetherfi.test.BaseTest">
    <skipped/>
  </testcase> <!-- @AfterMethod endTestCase -->
  <testcase name="@BeforeMethod startTestCase" time="-1.628189003532E9" classname="com.tetherfi.test.BaseTest">
    <skipped/>
  </testcase> <!-- @BeforeMethod startTestCase -->
  <testcase name="@BeforeMethod NavigateToAgentSkillAssignmentPage" time="-1.628189003533E9" classname="com.tetherfi.test.AgentSkillAssignmentNewTest">
    <skipped/>
  </testcase> <!-- @BeforeMethod NavigateToAgentSkillAssignmentPage -->
  <testcase name="@AfterMethod afterEachMethod" time="-1.628189003538E9" classname="com.tetherfi.test.AgentSkillAssignmentNewTest">
    <skipped/>
  </testcase> <!-- @AfterMethod afterEachMethod -->
  <testcase name="@AfterMethod endTestCase" time="-1.628189003539E9" classname="com.tetherfi.test.BaseTest">
    <skipped/>
  </testcase> <!-- @AfterMethod endTestCase -->
  <testcase name="@BeforeMethod startTestCase" time="-1.628189003541E9" classname="com.tetherfi.test.BaseTest">
    <skipped/>
  </testcase> <!-- @BeforeMethod startTestCase -->
  <testcase name="@BeforeMethod NavigateToAgentSkillAssignmentPage" time="-1.628189003542E9" classname="com.tetherfi.test.AgentSkillAssignmentNewTest">
    <skipped/>
  </testcase> <!-- @BeforeMethod NavigateToAgentSkillAssignmentPage -->
  <testcase name="@AfterMethod afterEachMethod" time="-1.628189003548E9" classname="com.tetherfi.test.AgentSkillAssignmentNewTest">
    <skipped/>
  </testcase> <!-- @AfterMethod afterEachMethod -->
  <testcase name="@AfterMethod endTestCase" time="-1.628189003551E9" classname="com.tetherfi.test.BaseTest">
    <skipped/>
  </testcase> <!-- @AfterMethod endTestCase -->
  <testcase name="@BeforeMethod startTestCase" time="-1.628189003553E9" classname="com.tetherfi.test.BaseTest">
    <skipped/>
  </testcase> <!-- @BeforeMethod startTestCase -->
  <testcase name="@BeforeMethod NavigateToAgentSkillAssignmentPage" time="-1.628189003553E9" classname="com.tetherfi.test.AgentSkillAssignmentNewTest">
    <skipped/>
  </testcase> <!-- @BeforeMethod NavigateToAgentSkillAssignmentPage -->
  <testcase name="@AfterMethod afterEachMethod" time="-1.628189003556E9" classname="com.tetherfi.test.AgentSkillAssignmentNewTest">
    <skipped/>
  </testcase> <!-- @AfterMethod afterEachMethod -->
  <testcase name="@AfterMethod endTestCase" time="-1.628189003557E9" classname="com.tetherfi.test.BaseTest">
    <skipped/>
  </testcase> <!-- @AfterMethod endTestCase -->
  <testcase name="@BeforeMethod startTestCase" time="-1.628189003558E9" classname="com.tetherfi.test.BaseTest">
    <skipped/>
  </testcase> <!-- @BeforeMethod startTestCase -->
  <testcase name="@BeforeMethod NavigateToAgentSkillAssignmentPage" time="-1.628189003559E9" classname="com.tetherfi.test.AgentSkillAssignmentNewTest">
    <skipped/>
  </testcase> <!-- @BeforeMethod NavigateToAgentSkillAssignmentPage -->
  <testcase name="@AfterMethod afterEachMethod" time="-1.628189003562E9" classname="com.tetherfi.test.AgentSkillAssignmentNewTest">
    <skipped/>
  </testcase> <!-- @AfterMethod afterEachMethod -->
  <testcase name="@AfterMethod endTestCase" time="-1.628189003565E9" classname="com.tetherfi.test.BaseTest">
    <skipped/>
  </testcase> <!-- @AfterMethod endTestCase -->
  <testcase name="@BeforeMethod startTestCase" time="-1.628189003566E9" classname="com.tetherfi.test.BaseTest">
    <skipped/>
  </testcase> <!-- @BeforeMethod startTestCase -->
  <testcase name="@BeforeMethod NavigateToAgentSkillAssignmentPage" time="-1.628189003567E9" classname="com.tetherfi.test.AgentSkillAssignmentNewTest">
    <skipped/>
  </testcase> <!-- @BeforeMethod NavigateToAgentSkillAssignmentPage -->
  <testcase name="@AfterMethod afterEachMethod" time="-1.62818900357E9" classname="com.tetherfi.test.AgentSkillAssignmentNewTest">
    <skipped/>
  </testcase> <!-- @AfterMethod afterEachMethod -->
  <testcase name="@AfterMethod endTestCase" time="-1.62818900357E9" classname="com.tetherfi.test.BaseTest">
    <skipped/>
  </testcase> <!-- @AfterMethod endTestCase -->
  <testcase name="@BeforeMethod startTestCase" time="-1.628189003571E9" classname="com.tetherfi.test.BaseTest">
    <skipped/>
  </testcase> <!-- @BeforeMethod startTestCase -->
  <testcase name="@BeforeMethod NavigateToAgentSkillAssignmentPage" time="-1.628189003572E9" classname="com.tetherfi.test.AgentSkillAssignmentNewTest">
    <skipped/>
  </testcase> <!-- @BeforeMethod NavigateToAgentSkillAssignmentPage -->
  <testcase name="@AfterMethod afterEachMethod" time="-1.628189003575E9" classname="com.tetherfi.test.AgentSkillAssignmentNewTest">
    <skipped/>
  </testcase> <!-- @AfterMethod afterEachMethod -->
  <testcase name="@AfterMethod endTestCase" time="-1.628189003575E9" classname="com.tetherfi.test.BaseTest">
    <skipped/>
  </testcase> <!-- @AfterMethod endTestCase -->
  <testcase name="@BeforeMethod startTestCase" time="-1.628189003577E9" classname="com.tetherfi.test.BaseTest">
    <skipped/>
  </testcase> <!-- @BeforeMethod startTestCase -->
  <testcase name="@BeforeMethod NavigateToAgentSkillAssignmentPage" time="-1.628189003578E9" classname="com.tetherfi.test.AgentSkillAssignmentNewTest">
    <skipped/>
  </testcase> <!-- @BeforeMethod NavigateToAgentSkillAssignmentPage -->
  <testcase name="@AfterMethod afterEachMethod" time="-1.628189003598E9" classname="com.tetherfi.test.AgentSkillAssignmentNewTest">
    <skipped/>
  </testcase> <!-- @AfterMethod afterEachMethod -->
  <testcase name="@AfterMethod endTestCase" time="-1.628189003599E9" classname="com.tetherfi.test.BaseTest">
    <skipped/>
  </testcase> <!-- @AfterMethod endTestCase -->
  <testcase name="@BeforeMethod startTestCase" time="-1.6281890036E9" classname="com.tetherfi.test.BaseTest">
    <skipped/>
  </testcase> <!-- @BeforeMethod startTestCase -->
  <testcase name="@BeforeMethod NavigateToAgentSkillAssignmentPage" time="-1.628189003601E9" classname="com.tetherfi.test.AgentSkillAssignmentNewTest">
    <skipped/>
  </testcase> <!-- @BeforeMethod NavigateToAgentSkillAssignmentPage -->
  <testcase name="@AfterMethod afterEachMethod" time="-1.628189003604E9" classname="com.tetherfi.test.AgentSkillAssignmentNewTest">
    <skipped/>
  </testcase> <!-- @AfterMethod afterEachMethod -->
  <testcase name="@AfterMethod endTestCase" time="-1.628189003605E9" classname="com.tetherfi.test.BaseTest">
    <skipped/>
  </testcase> <!-- @AfterMethod endTestCase -->
  <testcase name="@BeforeMethod startTestCase" time="-1.628189003606E9" classname="com.tetherfi.test.BaseTest">
    <skipped/>
  </testcase> <!-- @BeforeMethod startTestCase -->
  <testcase name="@BeforeMethod NavigateToAgentSkillAssignmentPage" time="-1.628189003607E9" classname="com.tetherfi.test.AgentSkillAssignmentNewTest">
    <skipped/>
  </testcase> <!-- @BeforeMethod NavigateToAgentSkillAssignmentPage -->
  <testcase name="@AfterMethod afterEachMethod" time="-1.628189003609E9" classname="com.tetherfi.test.AgentSkillAssignmentNewTest">
    <skipped/>
  </testcase> <!-- @AfterMethod afterEachMethod -->
  <testcase name="@AfterMethod endTestCase" time="-1.62818900361E9" classname="com.tetherfi.test.BaseTest">
    <skipped/>
  </testcase> <!-- @AfterMethod endTestCase -->
  <testcase name="@BeforeMethod startTestCase" time="-1.628189003611E9" classname="com.tetherfi.test.BaseTest">
    <skipped/>
  </testcase> <!-- @BeforeMethod startTestCase -->
  <testcase name="@BeforeMethod NavigateToAgentSkillAssignmentPage" time="-1.628189003612E9" classname="com.tetherfi.test.AgentSkillAssignmentNewTest">
    <skipped/>
  </testcase> <!-- @BeforeMethod NavigateToAgentSkillAssignmentPage -->
  <testcase name="@AfterMethod afterEachMethod" time="-1.628189003615E9" classname="com.tetherfi.test.AgentSkillAssignmentNewTest">
    <skipped/>
  </testcase> <!-- @AfterMethod afterEachMethod -->
  <testcase name="@AfterMethod endTestCase" time="-1.628189003615E9" classname="com.tetherfi.test.BaseTest">
    <skipped/>
  </testcase> <!-- @AfterMethod endTestCase -->
  <testcase name="@BeforeMethod startTestCase" time="-1.628189003617E9" classname="com.tetherfi.test.BaseTest">
    <skipped/>
  </testcase> <!-- @BeforeMethod startTestCase -->
  <testcase name="@BeforeMethod NavigateToAgentSkillAssignmentPage" time="-1.628189003618E9" classname="com.tetherfi.test.AgentSkillAssignmentNewTest">
    <skipped/>
  </testcase> <!-- @BeforeMethod NavigateToAgentSkillAssignmentPage -->
  <testcase name="@AfterMethod afterEachMethod" time="-1.628189003622E9" classname="com.tetherfi.test.AgentSkillAssignmentNewTest">
    <skipped/>
  </testcase> <!-- @AfterMethod afterEachMethod -->
  <testcase name="@AfterMethod endTestCase" time="-1.628189003622E9" classname="com.tetherfi.test.BaseTest">
    <skipped/>
  </testcase> <!-- @AfterMethod endTestCase -->
  <testcase name="@BeforeMethod startTestCase" time="-1.628189003624E9" classname="com.tetherfi.test.BaseTest">
    <skipped/>
  </testcase> <!-- @BeforeMethod startTestCase -->
  <testcase name="@BeforeMethod NavigateToAgentSkillAssignmentPage" time="-1.628189003624E9" classname="com.tetherfi.test.AgentSkillAssignmentNewTest">
    <skipped/>
  </testcase> <!-- @BeforeMethod NavigateToAgentSkillAssignmentPage -->
  <testcase name="@AfterMethod afterEachMethod" time="-1.628189003627E9" classname="com.tetherfi.test.AgentSkillAssignmentNewTest">
    <skipped/>
  </testcase> <!-- @AfterMethod afterEachMethod -->
  <testcase name="@AfterMethod endTestCase" time="-1.628189003627E9" classname="com.tetherfi.test.BaseTest">
    <skipped/>
  </testcase> <!-- @AfterMethod endTestCase -->
  <testcase name="@BeforeMethod startTestCase" time="-1.628189003628E9" classname="com.tetherfi.test.BaseTest">
    <skipped/>
  </testcase> <!-- @BeforeMethod startTestCase -->
  <testcase name="@BeforeMethod NavigateToAgentSkillAssignmentPage" time="-1.628189003629E9" classname="com.tetherfi.test.AgentSkillAssignmentNewTest">
    <skipped/>
  </testcase> <!-- @BeforeMethod NavigateToAgentSkillAssignmentPage -->
  <testcase name="@AfterMethod afterEachMethod" time="-1.628189003632E9" classname="com.tetherfi.test.AgentSkillAssignmentNewTest">
    <skipped/>
  </testcase> <!-- @AfterMethod afterEachMethod -->
  <testcase name="@AfterMethod endTestCase" time="-1.628189003633E9" classname="com.tetherfi.test.BaseTest">
    <skipped/>
  </testcase> <!-- @AfterMethod endTestCase -->
  <testcase name="@BeforeMethod startTestCase" time="-1.628189003638E9" classname="com.tetherfi.test.BaseTest">
    <skipped/>
  </testcase> <!-- @BeforeMethod startTestCase -->
  <testcase name="@BeforeMethod NavigateToAgentSkillAssignmentPage" time="-1.628189003639E9" classname="com.tetherfi.test.AgentSkillAssignmentNewTest">
    <skipped/>
  </testcase> <!-- @BeforeMethod NavigateToAgentSkillAssignmentPage -->
  <testcase name="@AfterMethod afterEachMethod" time="-1.628189003645E9" classname="com.tetherfi.test.AgentSkillAssignmentNewTest">
    <skipped/>
  </testcase> <!-- @AfterMethod afterEachMethod -->
  <testcase name="@AfterMethod endTestCase" time="-1.628189003646E9" classname="com.tetherfi.test.BaseTest">
    <skipped/>
  </testcase> <!-- @AfterMethod endTestCase -->
  <testcase name="@BeforeMethod startTestCase" time="-1.628189003648E9" classname="com.tetherfi.test.BaseTest">
    <skipped/>
  </testcase> <!-- @BeforeMethod startTestCase -->
  <testcase name="@BeforeMethod NavigateToAgentSkillAssignmentPage" time="-1.628189003649E9" classname="com.tetherfi.test.AgentSkillAssignmentNewTest">
    <skipped/>
  </testcase> <!-- @BeforeMethod NavigateToAgentSkillAssignmentPage -->
  <testcase name="@AfterMethod afterEachMethod" time="-1.628189003657E9" classname="com.tetherfi.test.AgentSkillAssignmentNewTest">
    <skipped/>
  </testcase> <!-- @AfterMethod afterEachMethod -->
  <testcase name="@AfterMethod endTestCase" time="-1.628189003661E9" classname="com.tetherfi.test.BaseTest">
    <skipped/>
  </testcase> <!-- @AfterMethod endTestCase -->
  <testcase name="@BeforeMethod startTestCase" time="-1.628189003664E9" classname="com.tetherfi.test.BaseTest">
    <skipped/>
  </testcase> <!-- @BeforeMethod startTestCase -->
  <testcase name="@BeforeMethod NavigateToAgentSkillAssignmentPage" time="-1.628189003665E9" classname="com.tetherfi.test.AgentSkillAssignmentNewTest">
    <skipped/>
  </testcase> <!-- @BeforeMethod NavigateToAgentSkillAssignmentPage -->
  <testcase name="@AfterMethod afterEachMethod" time="-1.628189003667E9" classname="com.tetherfi.test.AgentSkillAssignmentNewTest">
    <skipped/>
  </testcase> <!-- @AfterMethod afterEachMethod -->
  <testcase name="@AfterMethod endTestCase" time="-1.628189003668E9" classname="com.tetherfi.test.BaseTest">
    <skipped/>
  </testcase> <!-- @AfterMethod endTestCase -->
  <testcase name="@BeforeMethod startTestCase" time="-1.628189003669E9" classname="com.tetherfi.test.BaseTest">
    <skipped/>
  </testcase> <!-- @BeforeMethod startTestCase -->
  <testcase name="@BeforeMethod NavigateToAgentSkillAssignmentPage" time="-1.628189003669E9" classname="com.tetherfi.test.AgentSkillAssignmentNewTest">
    <skipped/>
  </testcase> <!-- @BeforeMethod NavigateToAgentSkillAssignmentPage -->
  <testcase name="@AfterMethod afterEachMethod" time="-1.628189003673E9" classname="com.tetherfi.test.AgentSkillAssignmentNewTest">
    <skipped/>
  </testcase> <!-- @AfterMethod afterEachMethod -->
  <testcase name="@AfterMethod endTestCase" time="-1.628189003673E9" classname="com.tetherfi.test.BaseTest">
    <skipped/>
  </testcase> <!-- @AfterMethod endTestCase -->
  <testcase name="@BeforeMethod startTestCase" time="-1.628189003675E9" classname="com.tetherfi.test.BaseTest">
    <skipped/>
  </testcase> <!-- @BeforeMethod startTestCase -->
  <testcase name="@BeforeMethod NavigateToAgentSkillAssignmentPage" time="-1.628189003675E9" classname="com.tetherfi.test.AgentSkillAssignmentNewTest">
    <skipped/>
  </testcase> <!-- @BeforeMethod NavigateToAgentSkillAssignmentPage -->
  <testcase name="@AfterMethod afterEachMethod" time="-1.628189003679E9" classname="com.tetherfi.test.AgentSkillAssignmentNewTest">
    <skipped/>
  </testcase> <!-- @AfterMethod afterEachMethod -->
  <testcase name="@AfterMethod endTestCase" time="-1.62818900368E9" classname="com.tetherfi.test.BaseTest">
    <skipped/>
  </testcase> <!-- @AfterMethod endTestCase -->
  <testcase name="@BeforeMethod startTestCase" time="-1.628189003682E9" classname="com.tetherfi.test.BaseTest">
    <skipped/>
  </testcase> <!-- @BeforeMethod startTestCase -->
  <testcase name="@BeforeMethod NavigateToAgentSkillAssignmentPage" time="-1.628189003682E9" classname="com.tetherfi.test.AgentSkillAssignmentNewTest">
    <skipped/>
  </testcase> <!-- @BeforeMethod NavigateToAgentSkillAssignmentPage -->
  <testcase name="@AfterMethod afterEachMethod" time="-1.628189003685E9" classname="com.tetherfi.test.AgentSkillAssignmentNewTest">
    <skipped/>
  </testcase> <!-- @AfterMethod afterEachMethod -->
  <testcase name="@AfterMethod endTestCase" time="-1.628189003685E9" classname="com.tetherfi.test.BaseTest">
    <skipped/>
  </testcase> <!-- @AfterMethod endTestCase -->
  <testcase name="@BeforeMethod startTestCase" time="-1.628189003686E9" classname="com.tetherfi.test.BaseTest">
    <skipped/>
  </testcase> <!-- @BeforeMethod startTestCase -->
  <testcase name="@BeforeMethod NavigateToAgentSkillAssignmentPage" time="-1.628189003687E9" classname="com.tetherfi.test.AgentSkillAssignmentNewTest">
    <skipped/>
  </testcase> <!-- @BeforeMethod NavigateToAgentSkillAssignmentPage -->
  <testcase name="@AfterMethod afterEachMethod" time="-1.62818900369E9" classname="com.tetherfi.test.AgentSkillAssignmentNewTest">
    <skipped/>
  </testcase> <!-- @AfterMethod afterEachMethod -->
  <testcase name="@AfterMethod endTestCase" time="-1.628189003691E9" classname="com.tetherfi.test.BaseTest">
    <skipped/>
  </testcase> <!-- @AfterMethod endTestCase -->
  <testcase name="@BeforeMethod startTestCase" time="-1.628189003692E9" classname="com.tetherfi.test.BaseTest">
    <skipped/>
  </testcase> <!-- @BeforeMethod startTestCase -->
  <testcase name="@BeforeMethod NavigateToAgentSkillAssignmentPage" time="-1.628189003693E9" classname="com.tetherfi.test.AgentSkillAssignmentNewTest">
    <skipped/>
  </testcase> <!-- @BeforeMethod NavigateToAgentSkillAssignmentPage -->
  <testcase name="@AfterMethod afterEachMethod" time="-1.628189003696E9" classname="com.tetherfi.test.AgentSkillAssignmentNewTest">
    <skipped/>
  </testcase> <!-- @AfterMethod afterEachMethod -->
  <testcase name="@AfterMethod endTestCase" time="-1.628189003697E9" classname="com.tetherfi.test.BaseTest">
    <skipped/>
  </testcase> <!-- @AfterMethod endTestCase -->
  <testcase name="@BeforeMethod startTestCase" time="-1.628189003699E9" classname="com.tetherfi.test.BaseTest">
    <skipped/>
  </testcase> <!-- @BeforeMethod startTestCase -->
  <testcase name="@BeforeMethod NavigateToAgentSkillAssignmentPage" time="-1.628189003699E9" classname="com.tetherfi.test.AgentSkillAssignmentNewTest">
    <skipped/>
  </testcase> <!-- @BeforeMethod NavigateToAgentSkillAssignmentPage -->
  <testcase name="@AfterMethod afterEachMethod" time="-1.628189003703E9" classname="com.tetherfi.test.AgentSkillAssignmentNewTest">
    <skipped/>
  </testcase> <!-- @AfterMethod afterEachMethod -->
  <testcase name="@AfterMethod endTestCase" time="-1.628189003703E9" classname="com.tetherfi.test.BaseTest">
    <skipped/>
  </testcase> <!-- @AfterMethod endTestCase -->
  <testcase name="@BeforeMethod startTestCase" time="-1.628189003704E9" classname="com.tetherfi.test.BaseTest">
    <skipped/>
  </testcase> <!-- @BeforeMethod startTestCase -->
  <testcase name="@BeforeMethod NavigateToAgentSkillAssignmentPage" time="-1.628189003705E9" classname="com.tetherfi.test.AgentSkillAssignmentNewTest">
    <skipped/>
  </testcase> <!-- @BeforeMethod NavigateToAgentSkillAssignmentPage -->
  <testcase name="@AfterMethod afterEachMethod" time="-1.628189003715E9" classname="com.tetherfi.test.AgentSkillAssignmentNewTest">
    <skipped/>
  </testcase> <!-- @AfterMethod afterEachMethod -->
  <testcase name="@AfterMethod endTestCase" time="-1.628189003716E9" classname="com.tetherfi.test.BaseTest">
    <skipped/>
  </testcase> <!-- @AfterMethod endTestCase -->
  <testcase name="@BeforeMethod startTestCase" time="-1.628189003718E9" classname="com.tetherfi.test.BaseTest">
    <skipped/>
  </testcase> <!-- @BeforeMethod startTestCase -->
  <testcase name="@BeforeMethod NavigateToAgentSkillAssignmentPage" time="-1.628189003718E9" classname="com.tetherfi.test.AgentSkillAssignmentNewTest">
    <skipped/>
  </testcase> <!-- @BeforeMethod NavigateToAgentSkillAssignmentPage -->
  <testcase name="@AfterMethod afterEachMethod" time="-1.628189003725E9" classname="com.tetherfi.test.AgentSkillAssignmentNewTest">
    <skipped/>
  </testcase> <!-- @AfterMethod afterEachMethod -->
  <testcase name="@AfterMethod endTestCase" time="-1.628189003725E9" classname="com.tetherfi.test.BaseTest">
    <skipped/>
  </testcase> <!-- @AfterMethod endTestCase -->
  <testcase name="@BeforeMethod startTestCase" time="-1.628189003727E9" classname="com.tetherfi.test.BaseTest">
    <skipped/>
  </testcase> <!-- @BeforeMethod startTestCase -->
  <testcase name="@BeforeMethod NavigateToAgentSkillAssignmentPage" time="-1.628189003736E9" classname="com.tetherfi.test.AgentSkillAssignmentNewTest">
    <skipped/>
  </testcase> <!-- @BeforeMethod NavigateToAgentSkillAssignmentPage -->
  <testcase name="@AfterMethod afterEachMethod" time="-1.628189003739E9" classname="com.tetherfi.test.AgentSkillAssignmentNewTest">
    <skipped/>
  </testcase> <!-- @AfterMethod afterEachMethod -->
  <testcase name="@AfterMethod endTestCase" time="-1.628189003739E9" classname="com.tetherfi.test.BaseTest">
    <skipped/>
  </testcase> <!-- @AfterMethod endTestCase -->
  <testcase name="@BeforeMethod startTestCase" time="-1.62818900374E9" classname="com.tetherfi.test.BaseTest">
    <skipped/>
  </testcase> <!-- @BeforeMethod startTestCase -->
  <testcase name="@BeforeMethod NavigateToAgentSkillAssignmentPage" time="-1.628189003741E9" classname="com.tetherfi.test.AgentSkillAssignmentNewTest">
    <skipped/>
  </testcase> <!-- @BeforeMethod NavigateToAgentSkillAssignmentPage -->
  <testcase name="@AfterMethod afterEachMethod" time="-1.628189003746E9" classname="com.tetherfi.test.AgentSkillAssignmentNewTest">
    <skipped/>
  </testcase> <!-- @AfterMethod afterEachMethod -->
  <testcase name="@AfterMethod endTestCase" time="-1.628189003747E9" classname="com.tetherfi.test.BaseTest">
    <skipped/>
  </testcase> <!-- @AfterMethod endTestCase -->
  <testcase name="@AfterClass tearDown" time="-1.628189003749E9" classname="com.tetherfi.test.BaseTest">
    <skipped/>
  </testcase> <!-- @AfterClass tearDown -->
  <testcase name="AgentSkillAssignmentPage" time="0.0" classname="com.tetherfi.test.AgentSkillAssignmentNewTest">
    <skipped/>
  </testcase> <!-- AgentSkillAssignmentPage -->
  <testcase name="verifyEditAgentSkillButton" time="0.0" classname="com.tetherfi.test.AgentSkillAssignmentNewTest">
    <skipped/>
  </testcase> <!-- verifyEditAgentSkillButton -->
  <testcase name="VerifyAddNewRecordInAgentSettings" time="0.0" classname="com.tetherfi.test.AgentSkillAssignmentNewTest">
    <skipped/>
  </testcase> <!-- VerifyAddNewRecordInAgentSettings -->
  <testcase name="VerifyArrowDropDownData" time="0.0" classname="com.tetherfi.test.AgentSkillAssignmentNewTest">
    <skipped/>
  </testcase> <!-- VerifyArrowDropDownData -->
  <testcase name="EditAgentListRecordWithoutAssigningSkills" time="0.0" classname="com.tetherfi.test.AgentSkillAssignmentNewTest">
    <skipped/>
  </testcase> <!-- EditAgentListRecordWithoutAssigningSkills -->
  <testcase name="SearchAgentSkillsToEditAgentSkillForVoiceSkillsChannel" time="0.0" classname="com.tetherfi.test.AgentSkillAssignmentNewTest">
    <skipped/>
  </testcase> <!-- SearchAgentSkillsToEditAgentSkillForVoiceSkillsChannel -->
  <testcase name="SearchAgentSkillsToEditAgentSkillForTextChatSkillsChannel" time="0.0" classname="com.tetherfi.test.AgentSkillAssignmentNewTest">
    <skipped/>
  </testcase> <!-- SearchAgentSkillsToEditAgentSkillForTextChatSkillsChannel -->
  <testcase name="SearchAgentSkillsToEditAgentSkillForAudioChatSkillsChannel" time="0.0" classname="com.tetherfi.test.AgentSkillAssignmentNewTest">
    <skipped/>
  </testcase> <!-- SearchAgentSkillsToEditAgentSkillForAudioChatSkillsChannel -->
  <testcase name="SearchAgentSkillsToEditAgentSkillForVideoChatSkillsChannel" time="0.0" classname="com.tetherfi.test.AgentSkillAssignmentNewTest">
    <skipped/>
  </testcase> <!-- SearchAgentSkillsToEditAgentSkillForVideoChatSkillsChannel -->
  <testcase name="SearchAgentSkillsToEditAgentSkillForFaxSkillsChannel" time="0.0" classname="com.tetherfi.test.AgentSkillAssignmentNewTest">
    <skipped/>
  </testcase> <!-- SearchAgentSkillsToEditAgentSkillForFaxSkillsChannel -->
  <testcase name="SearchAgentSkillsToEditAgentSkillForEmailSkillsChannel" time="0.0" classname="com.tetherfi.test.AgentSkillAssignmentNewTest">
    <skipped/>
  </testcase> <!-- SearchAgentSkillsToEditAgentSkillForEmailSkillsChannel -->
  <testcase name="SearchAgentSkillsToEditAgentSkillForSMSSkillsChannel" time="0.0" classname="com.tetherfi.test.AgentSkillAssignmentNewTest">
    <skipped/>
  </testcase> <!-- SearchAgentSkillsToEditAgentSkillForSMSSkillsChannel -->
  <testcase name="EditAgentListRecordResetButton" time="0.0" classname="com.tetherfi.test.AgentSkillAssignmentNewTest">
    <skipped/>
  </testcase> <!-- EditAgentListRecordResetButton -->
  <testcase name="EditAgentListRecordwithVoiceSkills" time="0.0" classname="com.tetherfi.test.AgentSkillAssignmentNewTest">
    <skipped/>
  </testcase> <!-- EditAgentListRecordwithVoiceSkills -->
  <testcase name="EditAgentListRecordwithTextChatSkills" time="0.0" classname="com.tetherfi.test.AgentSkillAssignmentNewTest">
    <skipped/>
  </testcase> <!-- EditAgentListRecordwithTextChatSkills -->
  <testcase name="EditAgentListRecordwithAudioChatSkills" time="0.0" classname="com.tetherfi.test.AgentSkillAssignmentNewTest">
    <skipped/>
  </testcase> <!-- EditAgentListRecordwithAudioChatSkills -->
  <testcase name="EditAgentListRecordwithVideoChatSkills" time="0.0" classname="com.tetherfi.test.AgentSkillAssignmentNewTest">
    <skipped/>
  </testcase> <!-- EditAgentListRecordwithVideoChatSkills -->
  <testcase name="EditAgentListRecordwithFaxSkills" time="0.0" classname="com.tetherfi.test.AgentSkillAssignmentNewTest">
    <skipped/>
  </testcase> <!-- EditAgentListRecordwithFaxSkills -->
  <testcase name="EditAgentListRecordwithEmailSkills" time="0.0" classname="com.tetherfi.test.AgentSkillAssignmentNewTest">
    <skipped/>
  </testcase> <!-- EditAgentListRecordwithEmailSkills -->
  <testcase name="EditAgentListRecordwithSMSSkills" time="0.0" classname="com.tetherfi.test.AgentSkillAssignmentNewTest">
    <skipped/>
  </testcase> <!-- EditAgentListRecordwithSMSSkills -->
  <testcase name="EditAgentListRecordwithVoiceSkillsByDragAndDrop" time="0.0" classname="com.tetherfi.test.AgentSkillAssignmentNewTest">
    <skipped/>
  </testcase> <!-- EditAgentListRecordwithVoiceSkillsByDragAndDrop -->
  <testcase name="EditAgentListRecordwithTextChatSkillsByDragAndDrop" time="0.0" classname="com.tetherfi.test.AgentSkillAssignmentNewTest">
    <skipped/>
  </testcase> <!-- EditAgentListRecordwithTextChatSkillsByDragAndDrop -->
  <testcase name="EditAgentListRecordwithAudioChatSkillsByDragAndDrop" time="0.0" classname="com.tetherfi.test.AgentSkillAssignmentNewTest">
    <skipped/>
  </testcase> <!-- EditAgentListRecordwithAudioChatSkillsByDragAndDrop -->
  <testcase name="EditAgentListRecordwithVideoChatSkillsByDragAndDrop" time="0.0" classname="com.tetherfi.test.AgentSkillAssignmentNewTest">
    <skipped/>
  </testcase> <!-- EditAgentListRecordwithVideoChatSkillsByDragAndDrop -->
  <testcase name="EditAgentListRecordwithFaxSkillsByDragAndDrop" time="0.0" classname="com.tetherfi.test.AgentSkillAssignmentNewTest">
    <skipped/>
  </testcase> <!-- EditAgentListRecordwithFaxSkillsByDragAndDrop -->
  <testcase name="EditAgentListRecordwithEmailSkillsByDragAndDrop" time="0.0" classname="com.tetherfi.test.AgentSkillAssignmentNewTest">
    <skipped/>
  </testcase> <!-- EditAgentListRecordwithEmailSkillsByDragAndDrop -->
  <testcase name="EditAgentListRecordwithSMSSkillsByDragAndDrop" time="0.0" classname="com.tetherfi.test.AgentSkillAssignmentNewTest">
    <skipped/>
  </testcase> <!-- EditAgentListRecordwithSMSSkillsByDragAndDrop -->
  <testcase name="verifyAuditTrailReportForUpdate" time="0.0" classname="com.tetherfi.test.AgentSkillAssignmentNewTest">
    <skipped/>
  </testcase> <!-- verifyAuditTrailReportForUpdate -->
  <testcase name="verifyMultiSkillSaveButtonWithOutAssigningSkills" time="0.0" classname="com.tetherfi.test.AgentSkillAssignmentNewTest">
    <skipped/>
  </testcase> <!-- verifyMultiSkillSaveButtonWithOutAssigningSkills -->
  <testcase name="SearchVoiceSkillsToEditForMultiAgentSkillTab" time="0.0" classname="com.tetherfi.test.AgentSkillAssignmentNewTest">
    <skipped/>
  </testcase> <!-- SearchVoiceSkillsToEditForMultiAgentSkillTab -->
  <testcase name="SearchTextChatSkillsToEditForMultiAgentSkillTab" time="0.0" classname="com.tetherfi.test.AgentSkillAssignmentNewTest">
    <skipped/>
  </testcase> <!-- SearchTextChatSkillsToEditForMultiAgentSkillTab -->
  <testcase name="SearchAudioChatSkillsToEditForMultiAgentSkillTab" time="0.0" classname="com.tetherfi.test.AgentSkillAssignmentNewTest">
    <skipped/>
  </testcase> <!-- SearchAudioChatSkillsToEditForMultiAgentSkillTab -->
  <testcase name="SearchVideoChatSkillsToEditForMultiAgentSkillTab" time="0.0" classname="com.tetherfi.test.AgentSkillAssignmentNewTest">
    <skipped/>
  </testcase> <!-- SearchVideoChatSkillsToEditForMultiAgentSkillTab -->
  <testcase name="SearchFaxSkillsToEditForMultiAgentSkillTab" time="0.0" classname="com.tetherfi.test.AgentSkillAssignmentNewTest">
    <skipped/>
  </testcase> <!-- SearchFaxSkillsToEditForMultiAgentSkillTab -->
  <testcase name="SearchEmailSkillsToEditForMultiAgentSkillTab" time="0.0" classname="com.tetherfi.test.AgentSkillAssignmentNewTest">
    <skipped/>
  </testcase> <!-- SearchEmailSkillsToEditForMultiAgentSkillTab -->
  <testcase name="SearchSMSSkillsToEditForMultiAgentSkillTab" time="0.0" classname="com.tetherfi.test.AgentSkillAssignmentNewTest">
    <skipped/>
  </testcase> <!-- SearchSMSSkillsToEditForMultiAgentSkillTab -->
  <testcase name="verifyMultiSkillClearButton" time="0.0" classname="com.tetherfi.test.AgentSkillAssignmentNewTest">
    <skipped/>
  </testcase> <!-- verifyMultiSkillClearButton -->
  <testcase name="verifyAssignMultiSkillFromVoiceChannel" time="0.0" classname="com.tetherfi.test.AgentSkillAssignmentNewTest">
    <skipped/>
  </testcase> <!-- verifyAssignMultiSkillFromVoiceChannel -->
  <testcase name="verifyAssignMultiSkillFromTextChatChannel" time="0.0" classname="com.tetherfi.test.AgentSkillAssignmentNewTest">
    <skipped/>
  </testcase> <!-- verifyAssignMultiSkillFromTextChatChannel -->
  <testcase name="verifyAssignMultiSkillFromAudioChatChannel" time="0.0" classname="com.tetherfi.test.AgentSkillAssignmentNewTest">
    <skipped/>
  </testcase> <!-- verifyAssignMultiSkillFromAudioChatChannel -->
  <testcase name="verifyAssignMultiSkillFromVideoChatChannel" time="0.0" classname="com.tetherfi.test.AgentSkillAssignmentNewTest">
    <skipped/>
  </testcase> <!-- verifyAssignMultiSkillFromVideoChatChannel -->
  <testcase name="verifyAssignMultiSkillFromFaxChannel" time="0.0" classname="com.tetherfi.test.AgentSkillAssignmentNewTest">
    <skipped/>
  </testcase> <!-- verifyAssignMultiSkillFromFaxChannel -->
  <testcase name="verifyAssignMultiSkillFromEmailChannel" time="0.0" classname="com.tetherfi.test.AgentSkillAssignmentNewTest">
    <skipped/>
  </testcase> <!-- verifyAssignMultiSkillFromEmailChannel -->
  <testcase name="verifyAssignMultiSkillFromSMSChannel" time="0.0" classname="com.tetherfi.test.AgentSkillAssignmentNewTest">
    <skipped/>
  </testcase> <!-- verifyAssignMultiSkillFromSMSChannel -->
  <testcase name="verifyAssignMultiSkillFromVoiceChannelWithDragAndDrop" time="0.0" classname="com.tetherfi.test.AgentSkillAssignmentNewTest">
    <skipped/>
  </testcase> <!-- verifyAssignMultiSkillFromVoiceChannelWithDragAndDrop -->
  <testcase name="verifyAssignMultiSkillFromTextChatChannelWithDragAndDrop" time="0.0" classname="com.tetherfi.test.AgentSkillAssignmentNewTest">
    <skipped/>
  </testcase> <!-- verifyAssignMultiSkillFromTextChatChannelWithDragAndDrop -->
  <testcase name="verifyAssignMultiSkillFromAudioChatChannelWithDragAndDrop" time="0.0" classname="com.tetherfi.test.AgentSkillAssignmentNewTest">
    <skipped/>
  </testcase> <!-- verifyAssignMultiSkillFromAudioChatChannelWithDragAndDrop -->
  <testcase name="verifyAssignMultiSkillFromVideoChatChannelWithDragAndDrop" time="0.0" classname="com.tetherfi.test.AgentSkillAssignmentNewTest">
    <skipped/>
  </testcase> <!-- verifyAssignMultiSkillFromVideoChatChannelWithDragAndDrop -->
  <testcase name="verifyAssignMultiSkillFromFaxChannelWithDragAndDrop" time="0.0" classname="com.tetherfi.test.AgentSkillAssignmentNewTest">
    <skipped/>
  </testcase> <!-- verifyAssignMultiSkillFromFaxChannelWithDragAndDrop -->
  <testcase name="verifyAssignMultiSkillFromEmailChannelWithDragAndDrop" time="0.0" classname="com.tetherfi.test.AgentSkillAssignmentNewTest">
    <skipped/>
  </testcase> <!-- verifyAssignMultiSkillFromEmailChannelWithDragAndDrop -->
  <testcase name="verifyAssignMultiSkillFromSMSChannelWithDragAndDrop" time="0.0" classname="com.tetherfi.test.AgentSkillAssignmentNewTest">
    <skipped/>
  </testcase> <!-- verifyAssignMultiSkillFromSMSChannelWithDragAndDrop -->
  <testcase name="verifyTransferAllToButtonToAssignSkills" time="0.0" classname="com.tetherfi.test.AgentSkillAssignmentNewTest">
    <skipped/>
  </testcase> <!-- verifyTransferAllToButtonToAssignSkills -->
  <testcase name="verifyAuditTrailReportForMultiSkillUpdate" time="0.0" classname="com.tetherfi.test.AgentSkillAssignmentNewTest">
    <skipped/>
  </testcase> <!-- verifyAuditTrailReportForMultiSkillUpdate -->
  <testcase name="ExportToExcel" time="0.0" classname="com.tetherfi.test.AgentSkillAssignmentNewTest">
    <skipped/>
  </testcase> <!-- ExportToExcel -->
  <testcase name="ExporttoExcelWithoutData" time="0.0" classname="com.tetherfi.test.AgentSkillAssignmentNewTest">
    <skipped/>
  </testcase> <!-- ExporttoExcelWithoutData -->
  <testcase name="SearchPage" time="0.0" classname="com.tetherfi.test.AgentSkillAssignmentNewTest">
    <skipped/>
  </testcase> <!-- SearchPage -->
  <testcase name="SearchClearSearch" time="0.0" classname="com.tetherfi.test.AgentSkillAssignmentNewTest">
    <skipped/>
  </testcase> <!-- SearchClearSearch -->
  <testcase name="SearchWithOutSearchText" time="0.0" classname="com.tetherfi.test.AgentSkillAssignmentNewTest">
    <skipped/>
  </testcase> <!-- SearchWithOutSearchText -->
  <testcase name="SearchAssignedAgentSkillButtonWithoutSkill" time="0.0" classname="com.tetherfi.test.AgentSkillAssignmentNewTest">
    <skipped/>
  </testcase> <!-- SearchAssignedAgentSkillButtonWithoutSkill -->
  <testcase name="SearchAssignedSkillsRecords" time="0.0" classname="com.tetherfi.test.AgentSkillAssignmentNewTest">
    <skipped/>
  </testcase> <!-- SearchAssignedSkillsRecords -->
  <testcase name="SearchClearforAssignedSkillRecord" time="0.0" classname="com.tetherfi.test.AgentSkillAssignmentNewTest">
    <skipped/>
  </testcase> <!-- SearchClearforAssignedSkillRecord -->
  <testcase name="GroupBy" time="0.0" classname="com.tetherfi.test.AgentSkillAssignmentNewTest">
    <skipped/>
  </testcase> <!-- GroupBy -->
  <testcase name="VerifyArrowMoveForPreviousAndNextPage" time="0.0" classname="com.tetherfi.test.AgentSkillAssignmentNewTest">
    <skipped/>
  </testcase> <!-- VerifyArrowMoveForPreviousAndNextPage -->
  <testcase name="VerifyArrowMoveForFirstAndLastPage" time="0.0" classname="com.tetherfi.test.AgentSkillAssignmentNewTest">
    <skipped/>
  </testcase> <!-- VerifyArrowMoveForFirstAndLastPage -->
  <testcase name="VerifyTotalNumberOfItemsPerPageDetails" time="0.0" classname="com.tetherfi.test.AgentSkillAssignmentNewTest">
    <skipped/>
  </testcase> <!-- VerifyTotalNumberOfItemsPerPageDetails -->
  <testcase name="VerifyNumberOfItemsPerPageSelection" time="0.0" classname="com.tetherfi.test.AgentSkillAssignmentNewTest">
    <skipped/>
  </testcase> <!-- VerifyNumberOfItemsPerPageSelection -->
  <testcase name="VerifyDropdownForAllTheColumns" time="0.0" classname="com.tetherfi.test.AgentSkillAssignmentNewTest">
    <skipped/>
  </testcase> <!-- VerifyDropdownForAllTheColumns -->
  <testcase name="VerifyColumnsHeaderEnable" time="0.0" classname="com.tetherfi.test.AgentSkillAssignmentNewTest">
    <skipped/>
  </testcase> <!-- VerifyColumnsHeaderEnable -->
  <testcase name="VerifyColumnsHeaderDisable" time="0.0" classname="com.tetherfi.test.AgentSkillAssignmentNewTest">
    <skipped/>
  </testcase> <!-- VerifyColumnsHeaderDisable -->
  <testcase name="VerifyDeleteNewRecordInAgentSettings" time="0.0" classname="com.tetherfi.test.AgentSkillAssignmentNewTest">
    <skipped/>
  </testcase> <!-- VerifyDeleteNewRecordInAgentSettings -->
  <testcase name="VerifySearchIsNotEqualTo" time="0.0" classname="com.tetherfi.test.AgentSkillAssignmentNewTest">
    <skipped/>
  </testcase> <!-- VerifySearchIsNotEqualTo -->
  <testcase name="SearchContains" time="0.0" classname="com.tetherfi.test.AgentSkillAssignmentNewTest">
    <skipped/>
  </testcase> <!-- SearchContains -->
  <testcase name="SearchDoesNotContains" time="0.0" classname="com.tetherfi.test.AgentSkillAssignmentNewTest">
    <skipped/>
  </testcase> <!-- SearchDoesNotContains -->
  <testcase name="SearchStartsWith" time="0.001" classname="com.tetherfi.test.AgentSkillAssignmentNewTest">
    <skipped/>
  </testcase> <!-- SearchStartsWith -->
  <testcase name="SearchEndsWith" time="0.0" classname="com.tetherfi.test.AgentSkillAssignmentNewTest">
    <skipped/>
  </testcase> <!-- SearchEndsWith -->
</testsuite> <!-- Default test -->
