<?xml version="1.0" encoding="UTF-8"?>
<!-- Generated by org.testng.reporters.JUnitXMLReporter -->
<testsuite hostname="DESKTOP-NJVBPFB" ignored="0" name="Default test" tests="3" failures="0" timestamp="2020-05-06T18:25:21 IST" time="63.377" errors="0">
  <testcase name="AddNewChatMenuDescriptionRecord" time="1.97" classname="com.tetherfi.test.chat.ChatMenuDescriptionTest"/>
  <testcase name="EditChatMenuDescriptionRecord" time="7.761" classname="com.tetherfi.test.chat.ChatMenuDescriptionTest"/>
  <testcase name="DeleteChatMenuDescriptionRecord" time="4.35" classname="com.tetherfi.test.chat.ChatMenuDescriptionTest"/>
</testsuite> <!-- Default test -->
