<?xml version="1.0" encoding="UTF-8"?>
<!-- Generated by org.testng.reporters.JUnitXMLReporter -->
<testsuite ignored="0" hostname="admin" failures="0" tests="27" name="Default test" time="179.797" errors="0" timestamp="2019-09-11T20:21:22 IST">
  <testcase classname="com.tetherfi.test.NewUserRoleMappingTest" name="@BeforeMethod NavigateToNewUserRoleMappingPage" time="179.288">
    <failure type="org.openqa.selenium.NoSuchWindowException" message="no such window: target window already closed
from unknown error: web view not found
  (Session info: chrome=76.0.3809.132)
Build info: version: &amp;apos;3.141.59&amp;apos;, revision: &amp;apos;e82be7d358&amp;apos;, time: &amp;apos;2018-11-14T08:17:03&amp;apos;
System info: host: &amp;apos;ADMIN&amp;apos;, ip: &amp;apos;192.168.0.102&amp;apos;, os.name: &amp;apos;Windows 8.1&amp;apos;, os.arch: &amp;apos;amd64&amp;apos;, os.version: &amp;apos;6.3&amp;apos;, java.version: &amp;apos;9.0.4&amp;apos;
Driver info: org.openqa.selenium.chrome.ChromeDriver
Capabilities {acceptInsecureCerts: false, browserName: chrome, browserVersion: 76.0.3809.132, chrome: {chromedriverVersion: 76.0.3809.68 (420c9498db8ce..., userDataDir: C:\Users\ADMINP~1\AppData\L...}, goog:chromeOptions: {debuggerAddress: localhost:49408}, javascriptEnabled: true, networkConnectionEnabled: false, pageLoadStrategy: normal, platform: XP, platformName: XP, proxy: Proxy(), setWindowRect: true, strictFileInteractability: false, timeouts: {implicit: 0, pageLoad: 300000, script: 30000}, unhandledPromptBehavior: dismiss and notify}
Session ID: 2cf86c18ba4e81a98bc5b65e976df201
*** Element info: {Using=id, value=login-page}">
      <![CDATA[org.openqa.selenium.NoSuchWindowException: no such window: target window already closed
from unknown error: web view not found
  (Session info: chrome=76.0.3809.132)
Build info: version: '3.141.59', revision: 'e82be7d358', time: '2018-11-14T08:17:03'
System info: host: 'ADMIN', ip: '192.168.0.102', os.name: 'Windows 8.1', os.arch: 'amd64', os.version: '6.3', java.version: '9.0.4'
Driver info: org.openqa.selenium.chrome.ChromeDriver
Capabilities {acceptInsecureCerts: false, browserName: chrome, browserVersion: 76.0.3809.132, chrome: {chromedriverVersion: 76.0.3809.68 (420c9498db8ce..., userDataDir: C:\Users\ADMINP~1\AppData\L...}, goog:chromeOptions: {debuggerAddress: localhost:49408}, javascriptEnabled: true, networkConnectionEnabled: false, pageLoadStrategy: normal, platform: XP, platformName: XP, proxy: Proxy(), setWindowRect: true, strictFileInteractability: false, timeouts: {implicit: 0, pageLoad: 300000, script: 30000}, unhandledPromptBehavior: dismiss and notify}
Session ID: 2cf86c18ba4e81a98bc5b65e976df201
*** Element info: {Using=id, value=login-page}
at jdk.internal.reflect.GeneratedConstructorAccessor22.newInstance(Unknown Source)
at java.base/jdk.internal.reflect.DelegatingConstructorAccessorImpl.newInstance(Unknown Source)
at java.base/java.lang.reflect.Constructor.newInstance(Unknown Source)
at org.openqa.selenium.remote.http.W3CHttpResponseCodec.createException(W3CHttpResponseCodec.java:187)
at org.openqa.selenium.remote.http.W3CHttpResponseCodec.decode(W3CHttpResponseCodec.java:122)
at org.openqa.selenium.remote.http.W3CHttpResponseCodec.decode(W3CHttpResponseCodec.java:49)
at org.openqa.selenium.remote.HttpCommandExecutor.execute(HttpCommandExecutor.java:158)
at org.openqa.selenium.remote.service.DriverCommandExecutor.execute(DriverCommandExecutor.java:83)
at org.openqa.selenium.remote.RemoteWebDriver.execute(RemoteWebDriver.java:552)
at org.openqa.selenium.remote.RemoteWebDriver.findElement(RemoteWebDriver.java:323)
at org.openqa.selenium.remote.RemoteWebDriver.findElementById(RemoteWebDriver.java:372)
at org.openqa.selenium.By$ById.findElement(By.java:188)
at org.openqa.selenium.remote.RemoteWebDriver.findElement(RemoteWebDriver.java:315)
at org.openqa.selenium.support.pagefactory.DefaultElementLocator.findElement(DefaultElementLocator.java:69)
at org.openqa.selenium.support.pagefactory.internal.LocatingElementHandler.invoke(LocatingElementHandler.java:38)
at com.sun.proxy.$Proxy12.isEnabled(Unknown Source)
at com.tetherfi.pages.LoginPage.isLoginPageDisplayed(LoginPage.java:34)
at com.tetherfi.test.NewUserRoleMappingTest.NavigateToNewUserRoleMappingPage(NewUserRoleMappingTest.java:51)
at java.base/jdk.internal.reflect.NativeMethodAccessorImpl.invoke0(Native Method)
at java.base/jdk.internal.reflect.NativeMethodAccessorImpl.invoke(Unknown Source)
at java.base/jdk.internal.reflect.DelegatingMethodAccessorImpl.invoke(Unknown Source)
at java.base/java.lang.reflect.Method.invoke(Unknown Source)
at org.testng.internal.MethodInvocationHelper.invokeMethod(MethodInvocationHelper.java:133)
at org.testng.internal.MethodInvocationHelper.invokeMethodConsideringTimeout(MethodInvocationHelper.java:62)
at org.testng.internal.ConfigInvoker.invokeConfigurationMethod(ConfigInvoker.java:340)
at org.testng.internal.ConfigInvoker.invokeConfigurations(ConfigInvoker.java:294)
at org.testng.internal.TestInvoker.runConfigMethods(TestInvoker.java:683)
at org.testng.internal.TestInvoker.invokeMethod(TestInvoker.java:510)
at org.testng.internal.TestInvoker.invokeTestMethod(TestInvoker.java:172)
at org.testng.internal.MethodRunner.runInSequence(MethodRunner.java:46)
at org.testng.internal.TestInvoker$MethodInvocationAgent.invoke(TestInvoker.java:804)
at org.testng.internal.TestInvoker.invokeTestMethods(TestInvoker.java:145)
at org.testng.internal.TestMethodWorker.invokeTestMethods(TestMethodWorker.java:146)
at org.testng.internal.TestMethodWorker.run(TestMethodWorker.java:128)
at java.base/java.util.ArrayList.forEach(Unknown Source)
at org.testng.TestRunner.privateRun(TestRunner.java:770)
at org.testng.TestRunner.run(TestRunner.java:591)
at org.testng.SuiteRunner.runTest(SuiteRunner.java:402)
at org.testng.SuiteRunner.runSequentially(SuiteRunner.java:396)
at org.testng.SuiteRunner.privateRun(SuiteRunner.java:355)
at org.testng.SuiteRunner.run(SuiteRunner.java:304)
at org.testng.SuiteRunnerWorker.runSuite(SuiteRunnerWorker.java:53)
at org.testng.SuiteRunnerWorker.run(SuiteRunnerWorker.java:96)
at org.testng.TestNG.runSuitesSequentially(TestNG.java:1180)
at org.testng.TestNG.runSuitesLocally(TestNG.java:1102)
at org.testng.TestNG.runSuites(TestNG.java:1032)
at org.testng.TestNG.run(TestNG.java:1000)
at org.testng.remote.AbstractRemoteTestNG.run(AbstractRemoteTestNG.java:115)
at org.testng.remote.RemoteTestNG.initAndRun(RemoteTestNG.java:251)
at org.testng.remote.RemoteTestNG.main(RemoteTestNG.java:77)
]]>
    </failure>
  </testcase> <!-- @BeforeMethod NavigateToNewUserRoleMappingPage -->
  <testcase classname="com.tetherfi.test.NewUserRoleMappingTest" name="@AfterMethod afterEachMethod" time="-1.568213481829E9">
    <skipped/>
  </testcase> <!-- @AfterMethod afterEachMethod -->
  <testcase classname="com.tetherfi.test.NewUserRoleMappingTest" name="@BeforeMethod NavigateToNewUserRoleMappingPage" time="-1.568213481842E9">
    <skipped/>
  </testcase> <!-- @BeforeMethod NavigateToNewUserRoleMappingPage -->
  <testcase classname="com.tetherfi.test.NewUserRoleMappingTest" name="@AfterMethod afterEachMethod" time="-1.56821348186E9">
    <skipped/>
  </testcase> <!-- @AfterMethod afterEachMethod -->
  <testcase classname="com.tetherfi.test.NewUserRoleMappingTest" name="@BeforeMethod NavigateToNewUserRoleMappingPage" time="-1.568213481867E9">
    <skipped/>
  </testcase> <!-- @BeforeMethod NavigateToNewUserRoleMappingPage -->
  <testcase classname="com.tetherfi.test.NewUserRoleMappingTest" name="@AfterMethod afterEachMethod" time="-1.56821348188E9">
    <skipped/>
  </testcase> <!-- @AfterMethod afterEachMethod -->
  <testcase classname="com.tetherfi.test.NewUserRoleMappingTest" name="@BeforeMethod NavigateToNewUserRoleMappingPage" time="-1.568213481887E9">
    <skipped/>
  </testcase> <!-- @BeforeMethod NavigateToNewUserRoleMappingPage -->
  <testcase classname="com.tetherfi.test.NewUserRoleMappingTest" name="@AfterMethod afterEachMethod" time="-1.568213481902E9">
    <skipped/>
  </testcase> <!-- @AfterMethod afterEachMethod -->
  <testcase classname="com.tetherfi.test.NewUserRoleMappingTest" name="@BeforeMethod NavigateToNewUserRoleMappingPage" time="-1.568213481905E9">
    <skipped/>
  </testcase> <!-- @BeforeMethod NavigateToNewUserRoleMappingPage -->
  <testcase classname="com.tetherfi.test.NewUserRoleMappingTest" name="@AfterMethod afterEachMethod" time="-1.568213481936E9">
    <skipped/>
  </testcase> <!-- @AfterMethod afterEachMethod -->
  <testcase classname="com.tetherfi.test.NewUserRoleMappingTest" name="@BeforeMethod NavigateToNewUserRoleMappingPage" time="-1.568213481944E9">
    <skipped/>
  </testcase> <!-- @BeforeMethod NavigateToNewUserRoleMappingPage -->
  <testcase classname="com.tetherfi.test.NewUserRoleMappingTest" name="@AfterMethod afterEachMethod" time="-1.568213481953E9">
    <skipped/>
  </testcase> <!-- @AfterMethod afterEachMethod -->
  <testcase classname="com.tetherfi.test.NewUserRoleMappingTest" name="@BeforeMethod NavigateToNewUserRoleMappingPage" time="-1.568213481968E9">
    <skipped/>
  </testcase> <!-- @BeforeMethod NavigateToNewUserRoleMappingPage -->
  <testcase classname="com.tetherfi.test.NewUserRoleMappingTest" name="@AfterMethod afterEachMethod" time="-1.568213481984E9">
    <skipped/>
  </testcase> <!-- @AfterMethod afterEachMethod -->
  <testcase classname="com.tetherfi.test.NewUserRoleMappingTest" name="@BeforeMethod NavigateToNewUserRoleMappingPage" time="-1.568213481989E9">
    <skipped/>
  </testcase> <!-- @BeforeMethod NavigateToNewUserRoleMappingPage -->
  <testcase classname="com.tetherfi.test.NewUserRoleMappingTest" name="@AfterMethod afterEachMethod" time="-1.568213481995E9">
    <skipped/>
  </testcase> <!-- @AfterMethod afterEachMethod -->
  <testcase classname="com.tetherfi.test.NewUserRoleMappingTest" name="@BeforeMethod NavigateToNewUserRoleMappingPage" time="-1.568213481999E9">
    <skipped/>
  </testcase> <!-- @BeforeMethod NavigateToNewUserRoleMappingPage -->
  <testcase classname="com.tetherfi.test.NewUserRoleMappingTest" name="@AfterMethod afterEachMethod" time="-1.568213482007E9">
    <skipped/>
  </testcase> <!-- @AfterMethod afterEachMethod -->
  <testcase classname="com.tetherfi.test.NewUserRoleMappingTest" name="@BeforeMethod NavigateToNewUserRoleMappingPage" time="-1.568213482009E9">
    <skipped/>
  </testcase> <!-- @BeforeMethod NavigateToNewUserRoleMappingPage -->
  <testcase classname="com.tetherfi.test.NewUserRoleMappingTest" name="@AfterMethod afterEachMethod" time="-1.568213482025E9">
    <skipped/>
  </testcase> <!-- @AfterMethod afterEachMethod -->
  <testcase classname="com.tetherfi.test.NewUserRoleMappingTest" name="@BeforeMethod NavigateToNewUserRoleMappingPage" time="-1.568213482055E9">
    <skipped/>
  </testcase> <!-- @BeforeMethod NavigateToNewUserRoleMappingPage -->
  <testcase classname="com.tetherfi.test.NewUserRoleMappingTest" name="@AfterMethod afterEachMethod" time="-1.568213482067E9">
    <skipped/>
  </testcase> <!-- @AfterMethod afterEachMethod -->
  <testcase classname="com.tetherfi.test.NewUserRoleMappingTest" name="@BeforeMethod NavigateToNewUserRoleMappingPage" time="-1.568213482099E9">
    <skipped/>
  </testcase> <!-- @BeforeMethod NavigateToNewUserRoleMappingPage -->
  <testcase classname="com.tetherfi.test.NewUserRoleMappingTest" name="@AfterMethod afterEachMethod" time="-1.568213482113E9">
    <skipped/>
  </testcase> <!-- @AfterMethod afterEachMethod -->
  <testcase classname="com.tetherfi.test.NewUserRoleMappingTest" name="VerifyAddCancelButton" time="0.0">
    <skipped/>
  </testcase> <!-- VerifyAddCancelButton -->
  <testcase classname="com.tetherfi.test.NewUserRoleMappingTest" name="VerifyAddRecordwithoutFirstName" time="0.0">
    <skipped/>
  </testcase> <!-- VerifyAddRecordwithoutFirstName -->
  <testcase classname="com.tetherfi.test.NewUserRoleMappingTest" name="VerifyAddRecordWithoutLastName" time="0.0">
    <skipped/>
  </testcase> <!-- VerifyAddRecordWithoutLastName -->
  <testcase classname="com.tetherfi.test.NewUserRoleMappingTest" name="VerifyAddRecordWithoutLanId" time="0.0">
    <skipped/>
  </testcase> <!-- VerifyAddRecordWithoutLanId -->
  <testcase classname="com.tetherfi.test.NewUserRoleMappingTest" name="VerifyAddRecordWithoutLoginID" time="0.0">
    <skipped/>
  </testcase> <!-- VerifyAddRecordWithoutLoginID -->
  <testcase classname="com.tetherfi.test.NewUserRoleMappingTest" name="VerifyAddRecordWithoutOrgUnit" time="0.0">
    <skipped/>
  </testcase> <!-- VerifyAddRecordWithoutOrgUnit -->
  <testcase classname="com.tetherfi.test.NewUserRoleMappingTest" name="VerifyAddRecordWithoutProfile" time="0.0">
    <skipped/>
  </testcase> <!-- VerifyAddRecordWithoutProfile -->
  <testcase classname="com.tetherfi.test.NewUserRoleMappingTest" name="VerifyAddRecordWithoutSupervisor" time="0.001">
    <skipped/>
  </testcase> <!-- VerifyAddRecordWithoutSupervisor -->
  <testcase classname="com.tetherfi.test.NewUserRoleMappingTest" name="VerifyAddRecordWithoutRole" time="0.0">
    <skipped/>
  </testcase> <!-- VerifyAddRecordWithoutRole -->
  <testcase classname="com.tetherfi.test.NewUserRoleMappingTest" name="AddRevertRecord" time="0.0">
    <skipped/>
  </testcase> <!-- AddRevertRecord -->
  <testcase classname="com.tetherfi.test.NewUserRoleMappingTest" name="VerifyRevertForAddNewRecord" time="0.0">
    <skipped/>
  </testcase> <!-- VerifyRevertForAddNewRecord -->
  <testcase classname="com.tetherfi.test.NewUserRoleMappingTest" name="VerifyApprovedDataSectionWithoutApproval" time="0.0">
    <skipped/>
  </testcase> <!-- VerifyApprovedDataSectionWithoutApproval -->
  <testcase classname="com.tetherfi.test.NewUserRoleMappingTest" name="VerifyAuditTrailReportForRevert" time="0.0">
    <skipped/>
  </testcase> <!-- VerifyAuditTrailReportForRevert -->
  <testcase classname="com.tetherfi.test.NewUserRoleMappingTest" name="AddRejectRecord" time="0.0">
    <skipped/>
  </testcase> <!-- AddRejectRecord -->
  <testcase classname="com.tetherfi.test.NewUserRoleMappingTest" name="VerifySendForApprovalForAddNewRecord" time="0.0">
    <skipped/>
  </testcase> <!-- VerifySendForApprovalForAddNewRecord -->
  <testcase classname="com.tetherfi.test.NewUserRoleMappingTest" name="RejectforAddNewNewUserRoleMappingRecord" time="0.0">
    <skipped/>
  </testcase> <!-- RejectforAddNewNewUserRoleMappingRecord -->
  <testcase classname="com.tetherfi.test.NewUserRoleMappingTest" name="VerifyAuditTrailReportForReject" time="0.0">
    <skipped/>
  </testcase> <!-- VerifyAuditTrailReportForReject -->
  <testcase classname="com.tetherfi.test.NewUserRoleMappingTest" name="VerifyRecordAfterRejection" time="0.0">
    <skipped/>
  </testcase> <!-- VerifyRecordAfterRejection -->
  <testcase classname="com.tetherfi.test.NewUserRoleMappingTest" name="AddNewNewUserRoleMappingRecord" time="0.0">
    <skipped/>
  </testcase> <!-- AddNewNewUserRoleMappingRecord -->
  <testcase classname="com.tetherfi.test.NewUserRoleMappingTest" name="VerifyAuditTrailReportForCreate" time="0.0">
    <skipped/>
  </testcase> <!-- VerifyAuditTrailReportForCreate -->
  <testcase classname="com.tetherfi.test.NewUserRoleMappingTest" name="VerifyAuditTrailDataForAddNewNewUserRoleMappingRecord" time="0.0">
    <skipped/>
  </testcase> <!-- VerifyAuditTrailDataForAddNewNewUserRoleMappingRecord -->
  <testcase classname="com.tetherfi.test.NewUserRoleMappingTest" name="VerifySendForApprovalForAddNewNewUserRoleMappingRecord" time="0.0">
    <skipped/>
  </testcase> <!-- VerifySendForApprovalForAddNewNewUserRoleMappingRecord -->
  <testcase classname="com.tetherfi.test.NewUserRoleMappingTest" name="VerifyAuditTrailReportForSendForApproval" time="0.0">
    <skipped/>
  </testcase> <!-- VerifyAuditTrailReportForSendForApproval -->
  <testcase classname="com.tetherfi.test.NewUserRoleMappingTest" name="ApproveforAddNewNewUserRoleMappingRecord" time="0.0">
    <skipped/>
  </testcase> <!-- ApproveforAddNewNewUserRoleMappingRecord -->
  <testcase classname="com.tetherfi.test.NewUserRoleMappingTest" name="VerifyAuditTrailReportForApprove" time="0.0">
    <skipped/>
  </testcase> <!-- VerifyAuditTrailReportForApprove -->
  <testcase classname="com.tetherfi.test.NewUserRoleMappingTest" name="VerifyRecordApprovedDataSectionafterApproval" time="0.0">
    <skipped/>
  </testcase> <!-- VerifyRecordApprovedDataSectionafterApproval -->
  <testcase classname="com.tetherfi.test.NewUserRoleMappingTest" name="AddDuplicateRecord" time="0.0">
    <skipped/>
  </testcase> <!-- AddDuplicateRecord -->
</testsuite> <!-- Default test -->
