<?xml version="1.0" encoding="UTF-8"?>
<!-- Generated by org.testng.reporters.JUnitXMLReporter -->
<testsuite ignored="0" hostname="admin" failures="3" tests="23" name="Default test" time="692.728" errors="0" timestamp="2019-09-07T13:48:11 IST">
  <testcase classname="com.tetherfi.test.sms.SmsResponseTemplateCreateTest" name="VerifyAddCancelButton" time="2.245"/>
  <testcase classname="com.tetherfi.test.sms.SmsResponseTemplateCreateTest" name="VerifyAddRecordwithoutText" time="5.027"/>
  <testcase classname="com.tetherfi.test.sms.SmsResponseTemplateCreateTest" name="VerifyAddRecordWithoutIntent" time="5.581"/>
  <testcase classname="com.tetherfi.test.sms.SmsResponseTemplateCreateTest" name="VerifyAddRecordWithoutEnable" time="4.745"/>
  <testcase classname="com.tetherfi.test.sms.SmsResponseTemplateCreateTest" name="VerifyAddRecordWithoutICOMTemplateID" time="5.53"/>
  <testcase classname="com.tetherfi.test.sms.SmsResponseTemplateCreateTest" name="AddRevertRecord" time="6.906"/>
  <testcase classname="com.tetherfi.test.sms.SmsResponseTemplateCreateTest" name="VerifyRevertForAddNewRecord" time="10.828"/>
  <testcase classname="com.tetherfi.test.sms.SmsResponseTemplateCreateTest" name="VerifyApprovedDataSectionWithoutApproval" time="6.468"/>
  <testcase classname="com.tetherfi.test.sms.SmsResponseTemplateCreateTest" name="VerifyAuditTrailReportForRevert" time="24.992">
    <failure type="java.lang.IndexOutOfBoundsException" message="Index 1 out-of-bounds for length 1">
      <![CDATA[java.lang.IndexOutOfBoundsException: Index 1 out-of-bounds for length 1
at java.base/jdk.internal.util.Preconditions.outOfBounds(Unknown Source)
at java.base/jdk.internal.util.Preconditions.outOfBoundsCheckIndex(Unknown Source)
at java.base/jdk.internal.util.Preconditions.checkIndex(Unknown Source)
at java.base/java.util.Objects.checkIndex(Unknown Source)
at java.base/java.util.ArrayList.get(Unknown Source)
at com.tetherfi.pages.OCMReportsPage.getFirstRowDatafromTable1(OCMReportsPage.java:1157)
at com.tetherfi.pages.OCMReportsPage.verifySmsResponseTemplateCreate(OCMReportsPage.java:5095)
at com.tetherfi.test.sms.SmsResponseTemplateCreateTest.VerifyAuditTrailReportForRevert(SmsResponseTemplateCreateTest.java:158)
at java.base/jdk.internal.reflect.NativeMethodAccessorImpl.invoke0(Native Method)
at java.base/jdk.internal.reflect.NativeMethodAccessorImpl.invoke(Unknown Source)
at java.base/jdk.internal.reflect.DelegatingMethodAccessorImpl.invoke(Unknown Source)
at java.base/java.lang.reflect.Method.invoke(Unknown Source)
at org.testng.internal.MethodInvocationHelper.invokeMethod(MethodInvocationHelper.java:133)
at org.testng.internal.TestInvoker.invokeMethod(TestInvoker.java:584)
at org.testng.internal.TestInvoker.invokeTestMethod(TestInvoker.java:172)
at org.testng.internal.MethodRunner.runInSequence(MethodRunner.java:46)
at org.testng.internal.TestInvoker$MethodInvocationAgent.invoke(TestInvoker.java:804)
at org.testng.internal.TestInvoker.invokeTestMethods(TestInvoker.java:145)
at org.testng.internal.TestMethodWorker.invokeTestMethods(TestMethodWorker.java:146)
at org.testng.internal.TestMethodWorker.run(TestMethodWorker.java:128)
at java.base/java.util.ArrayList.forEach(Unknown Source)
at org.testng.TestRunner.privateRun(TestRunner.java:770)
at org.testng.TestRunner.run(TestRunner.java:591)
at org.testng.SuiteRunner.runTest(SuiteRunner.java:402)
at org.testng.SuiteRunner.runSequentially(SuiteRunner.java:396)
at org.testng.SuiteRunner.privateRun(SuiteRunner.java:355)
at org.testng.SuiteRunner.run(SuiteRunner.java:304)
at org.testng.SuiteRunnerWorker.runSuite(SuiteRunnerWorker.java:53)
at org.testng.SuiteRunnerWorker.run(SuiteRunnerWorker.java:96)
at org.testng.TestNG.runSuitesSequentially(TestNG.java:1180)
at org.testng.TestNG.runSuitesLocally(TestNG.java:1102)
at org.testng.TestNG.runSuites(TestNG.java:1032)
at org.testng.TestNG.run(TestNG.java:1000)
at org.testng.remote.AbstractRemoteTestNG.run(AbstractRemoteTestNG.java:115)
at org.testng.remote.RemoteTestNG.initAndRun(RemoteTestNG.java:251)
at org.testng.remote.RemoteTestNG.main(RemoteTestNG.java:77)
]]>
    </failure>
  </testcase> <!-- VerifyAuditTrailReportForRevert -->
  <testcase classname="com.tetherfi.test.sms.SmsResponseTemplateCreateTest" name="AddRejectRecord" time="6.174"/>
  <testcase classname="com.tetherfi.test.sms.SmsResponseTemplateCreateTest" name="VerifySendForApprovalForAddNewRecord" time="11.154"/>
  <testcase classname="com.tetherfi.test.sms.SmsResponseTemplateCreateTest" name="RejectforAddNewSmsResponseTemplateRecord" time="12.558"/>
  <testcase classname="com.tetherfi.test.sms.SmsResponseTemplateCreateTest" name="VerifyAuditTrailReportForReject" time="36.209">
    <failure type="org.openqa.selenium.TimeoutException" message="Expected condition failed: waiting for visibility of [[ChromeDriver: chrome on XP (39e677229bfd4723773bc94036f21ab0)] -&amp;gt; css selector: ul[id=&amp;apos;1001sColumnName_listbox&amp;apos;] li] (tried for 20 second(s) with 500 milliseconds interval)
Build info: version: &amp;apos;3.141.59&amp;apos;, revision: &amp;apos;e82be7d358&amp;apos;, time: &amp;apos;2018-11-14T08:17:03&amp;apos;
System info: host: &amp;apos;ADMIN&amp;apos;, ip: &amp;apos;192.168.0.102&amp;apos;, os.name: &amp;apos;Windows 8.1&amp;apos;, os.arch: &amp;apos;amd64&amp;apos;, os.version: &amp;apos;6.3&amp;apos;, java.version: &amp;apos;9.0.4&amp;apos;
Driver info: org.openqa.selenium.chrome.ChromeDriver
Capabilities {acceptInsecureCerts: false, browserName: chrome, browserVersion: 76.0.3809.132, chrome: {chromedriverVersion: 76.0.3809.68 (420c9498db8ce..., userDataDir: C:\Users\ADMINP~1\AppData\L...}, goog:chromeOptions: {debuggerAddress: localhost:51094}, javascriptEnabled: true, networkConnectionEnabled: false, pageLoadStrategy: normal, platform: XP, platformName: XP, proxy: Proxy(), setWindowRect: true, strictFileInteractability: false, timeouts: {implicit: 0, pageLoad: 300000, script: 30000}, unhandledPromptBehavior: dismiss and notify}
Session ID: 39e677229bfd4723773bc94036f21ab0">
      <![CDATA[org.openqa.selenium.TimeoutException: Expected condition failed: waiting for visibility of [[ChromeDriver: chrome on XP (39e677229bfd4723773bc94036f21ab0)] -> css selector: ul[id='1001sColumnName_listbox'] li] (tried for 20 second(s) with 500 milliseconds interval)
Build info: version: '3.141.59', revision: 'e82be7d358', time: '2018-11-14T08:17:03'
System info: host: 'ADMIN', ip: '192.168.0.102', os.name: 'Windows 8.1', os.arch: 'amd64', os.version: '6.3', java.version: '9.0.4'
Driver info: org.openqa.selenium.chrome.ChromeDriver
Capabilities {acceptInsecureCerts: false, browserName: chrome, browserVersion: 76.0.3809.132, chrome: {chromedriverVersion: 76.0.3809.68 (420c9498db8ce..., userDataDir: C:\Users\ADMINP~1\AppData\L...}, goog:chromeOptions: {debuggerAddress: localhost:51094}, javascriptEnabled: true, networkConnectionEnabled: false, pageLoadStrategy: normal, platform: XP, platformName: XP, proxy: Proxy(), setWindowRect: true, strictFileInteractability: false, timeouts: {implicit: 0, pageLoad: 300000, script: 30000}, unhandledPromptBehavior: dismiss and notify}
Session ID: 39e677229bfd4723773bc94036f21ab0
at org.openqa.selenium.support.ui.WebDriverWait.timeoutException(WebDriverWait.java:95)
at org.openqa.selenium.support.ui.FluentWait.until(FluentWait.java:272)
at com.tetherfi.pages.BasePage.waitUntilWebElementListIsVisible(BasePage.java:139)
at com.tetherfi.pages.BasePage.selectDropdownFromVisibleText(BasePage.java:328)
at com.tetherfi.pages.OCMReportsPage.booleansearchnew(OCMReportsPage.java:1031)
at com.tetherfi.pages.OCMReportsPage.verifySmsResponseTemplateCreate(OCMReportsPage.java:5093)
at com.tetherfi.test.sms.SmsResponseTemplateCreateTest.VerifyAuditTrailReportForReject(SmsResponseTemplateCreateTest.java:199)
at java.base/jdk.internal.reflect.NativeMethodAccessorImpl.invoke0(Native Method)
at java.base/jdk.internal.reflect.NativeMethodAccessorImpl.invoke(Unknown Source)
at java.base/jdk.internal.reflect.DelegatingMethodAccessorImpl.invoke(Unknown Source)
at java.base/java.lang.reflect.Method.invoke(Unknown Source)
at org.testng.internal.MethodInvocationHelper.invokeMethod(MethodInvocationHelper.java:133)
at org.testng.internal.TestInvoker.invokeMethod(TestInvoker.java:584)
at org.testng.internal.TestInvoker.invokeTestMethod(TestInvoker.java:172)
at org.testng.internal.MethodRunner.runInSequence(MethodRunner.java:46)
at org.testng.internal.TestInvoker$MethodInvocationAgent.invoke(TestInvoker.java:804)
at org.testng.internal.TestInvoker.invokeTestMethods(TestInvoker.java:145)
at org.testng.internal.TestMethodWorker.invokeTestMethods(TestMethodWorker.java:146)
at org.testng.internal.TestMethodWorker.run(TestMethodWorker.java:128)
at java.base/java.util.ArrayList.forEach(Unknown Source)
at org.testng.TestRunner.privateRun(TestRunner.java:770)
at org.testng.TestRunner.run(TestRunner.java:591)
at org.testng.SuiteRunner.runTest(SuiteRunner.java:402)
at org.testng.SuiteRunner.runSequentially(SuiteRunner.java:396)
at org.testng.SuiteRunner.privateRun(SuiteRunner.java:355)
at org.testng.SuiteRunner.run(SuiteRunner.java:304)
at org.testng.SuiteRunnerWorker.runSuite(SuiteRunnerWorker.java:53)
at org.testng.SuiteRunnerWorker.run(SuiteRunnerWorker.java:96)
at org.testng.TestNG.runSuitesSequentially(TestNG.java:1180)
at org.testng.TestNG.runSuitesLocally(TestNG.java:1102)
at org.testng.TestNG.runSuites(TestNG.java:1032)
at org.testng.TestNG.run(TestNG.java:1000)
at org.testng.remote.AbstractRemoteTestNG.run(AbstractRemoteTestNG.java:115)
at org.testng.remote.RemoteTestNG.initAndRun(RemoteTestNG.java:251)
at org.testng.remote.RemoteTestNG.main(RemoteTestNG.java:77)
]]>
    </failure>
  </testcase> <!-- VerifyAuditTrailReportForReject -->
  <testcase classname="com.tetherfi.test.sms.SmsResponseTemplateCreateTest" name="VerifyRecordAfterRejection" time="0.0">
    <skipped/>
  </testcase> <!-- VerifyRecordAfterRejection -->
  <testcase classname="com.tetherfi.test.sms.SmsResponseTemplateCreateTest" name="AddNewSmsResponseTemplateRecord" time="8.559"/>
  <testcase classname="com.tetherfi.test.sms.SmsResponseTemplateCreateTest" name="VerifyAuditTrailReportForCreate" time="27.939"/>
  <testcase classname="com.tetherfi.test.sms.SmsResponseTemplateCreateTest" name="VerifyAuditTrailDataForAddNewSmsResponseTemplateRecord" time="6.478">
    <failure type="java.lang.AssertionError" message="Audit trail details failed did not expect to find [true] but found [false]">
      <![CDATA[java.lang.AssertionError: Audit trail details failed did not expect to find [true] but found [false]
at org.testng.Assert.fail(Assert.java:97)
at org.testng.Assert.failNotEquals(Assert.java:969)
at org.testng.Assert.assertTrue(Assert.java:43)
at com.tetherfi.test.sms.SmsResponseTemplateCreateTest.VerifyAuditTrailDataForAddNewSmsResponseTemplateRecord(SmsResponseTemplateCreateTest.java:242)
at java.base/jdk.internal.reflect.NativeMethodAccessorImpl.invoke0(Native Method)
at java.base/jdk.internal.reflect.NativeMethodAccessorImpl.invoke(Unknown Source)
at java.base/jdk.internal.reflect.DelegatingMethodAccessorImpl.invoke(Unknown Source)
at java.base/java.lang.reflect.Method.invoke(Unknown Source)
at org.testng.internal.MethodInvocationHelper.invokeMethod(MethodInvocationHelper.java:133)
at org.testng.internal.TestInvoker.invokeMethod(TestInvoker.java:584)
at org.testng.internal.TestInvoker.invokeTestMethod(TestInvoker.java:172)
at org.testng.internal.MethodRunner.runInSequence(MethodRunner.java:46)
at org.testng.internal.TestInvoker$MethodInvocationAgent.invoke(TestInvoker.java:804)
at org.testng.internal.TestInvoker.invokeTestMethods(TestInvoker.java:145)
at org.testng.internal.TestMethodWorker.invokeTestMethods(TestMethodWorker.java:146)
at org.testng.internal.TestMethodWorker.run(TestMethodWorker.java:128)
at java.base/java.util.ArrayList.forEach(Unknown Source)
at org.testng.TestRunner.privateRun(TestRunner.java:770)
at org.testng.TestRunner.run(TestRunner.java:591)
at org.testng.SuiteRunner.runTest(SuiteRunner.java:402)
at org.testng.SuiteRunner.runSequentially(SuiteRunner.java:396)
at org.testng.SuiteRunner.privateRun(SuiteRunner.java:355)
at org.testng.SuiteRunner.run(SuiteRunner.java:304)
at org.testng.SuiteRunnerWorker.runSuite(SuiteRunnerWorker.java:53)
at org.testng.SuiteRunnerWorker.run(SuiteRunnerWorker.java:96)
at org.testng.TestNG.runSuitesSequentially(TestNG.java:1180)
at org.testng.TestNG.runSuitesLocally(TestNG.java:1102)
at org.testng.TestNG.runSuites(TestNG.java:1032)
at org.testng.TestNG.run(TestNG.java:1000)
at org.testng.remote.AbstractRemoteTestNG.run(AbstractRemoteTestNG.java:115)
at org.testng.remote.RemoteTestNG.initAndRun(RemoteTestNG.java:251)
at org.testng.remote.RemoteTestNG.main(RemoteTestNG.java:77)
]]>
    </failure>
  </testcase> <!-- VerifyAuditTrailDataForAddNewSmsResponseTemplateRecord -->
  <testcase classname="com.tetherfi.test.sms.SmsResponseTemplateCreateTest" name="VerifySendForApprovalForAddNewSmsResponseTemplateRecord" time="0.0">
    <skipped/>
  </testcase> <!-- VerifySendForApprovalForAddNewSmsResponseTemplateRecord -->
  <testcase classname="com.tetherfi.test.sms.SmsResponseTemplateCreateTest" name="VerifyAuditTrailReportForSendForApproval" time="0.0">
    <skipped/>
  </testcase> <!-- VerifyAuditTrailReportForSendForApproval -->
  <testcase classname="com.tetherfi.test.sms.SmsResponseTemplateCreateTest" name="ApproveforAddNewSmsResponseTemplateRecord" time="0.0">
    <skipped/>
  </testcase> <!-- ApproveforAddNewSmsResponseTemplateRecord -->
  <testcase classname="com.tetherfi.test.sms.SmsResponseTemplateCreateTest" name="VerifyAuditTrailReportForApprove" time="0.0">
    <skipped/>
  </testcase> <!-- VerifyAuditTrailReportForApprove -->
  <testcase classname="com.tetherfi.test.sms.SmsResponseTemplateCreateTest" name="VerifyRecordApprovedDataSectionafterApproval" time="0.016">
    <skipped/>
  </testcase> <!-- VerifyRecordApprovedDataSectionafterApproval -->
  <testcase classname="com.tetherfi.test.sms.SmsResponseTemplateCreateTest" name="AddDuplicateRecord" time="6.838"/>
</testsuite> <!-- Default test -->
