<?xml version="1.0" encoding="UTF-8"?>
<!-- Generated by org.testng.reporters.JUnitXMLReporter -->
<testsuite ignored="0" hostname="DESKTOP-O6A5C2O" failures="2" tests="25" name="Default test" time="1638.401" errors="0" timestamp="2019-11-22T15:33:34 IST">
  <testcase classname="com.tetherfi.test.ivr.HostValueMappingCreateTest" name="VerifyAddCancelButton" time="3.737"/>
  <testcase classname="com.tetherfi.test.ivr.HostValueMappingCreateTest" name="VerifyAddRecordwithoutFunctionality" time="13.456"/>
  <testcase classname="com.tetherfi.test.ivr.HostValueMappingCreateTest" name="VerifyAddRecordWithoutLanguage" time="12.539"/>
  <testcase classname="com.tetherfi.test.ivr.HostValueMappingCreateTest" name="VerifyAddRecordWithoutHostData" time="23.774">
    <failure type="org.openqa.selenium.TimeoutException" message="Expected condition failed: waiting for visibility of [[ChromeDriver: chrome on XP (175baed351e050d97eb4530948ae1879)] -&amp;gt; css selector: ul[id=&amp;apos;Functionality_listbox&amp;apos;] li] (tried for 20 second(s) with 500 milliseconds interval)
Build info: version: &amp;apos;3.141.59&amp;apos;, revision: &amp;apos;e82be7d358&amp;apos;, time: &amp;apos;2018-11-14T08:17:03&amp;apos;
System info: host: &amp;apos;DESKTOP-O6A5C2O&amp;apos;, ip: &amp;apos;10.0.75.1&amp;apos;, os.name: &amp;apos;Windows 10&amp;apos;, os.arch: &amp;apos;amd64&amp;apos;, os.version: &amp;apos;10.0&amp;apos;, java.version: &amp;apos;9.0.4&amp;apos;
Driver info: org.openqa.selenium.chrome.ChromeDriver
Capabilities {acceptInsecureCerts: false, browserName: chrome, browserVersion: 78.0.3904.108, chrome: {chromedriverVersion: 78.0.3904.70 (edb9c9f3de024..., userDataDir: C:\Users\admin\AppData\Loca...}, goog:chromeOptions: {debuggerAddress: localhost:62505}, javascriptEnabled: true, networkConnectionEnabled: false, pageLoadStrategy: normal, platform: XP, platformName: XP, proxy: Proxy(), setWindowRect: true, strictFileInteractability: false, timeouts: {implicit: 0, pageLoad: 300000, script: 30000}, unhandledPromptBehavior: dismiss and notify}
Session ID: 175baed351e050d97eb4530948ae1879">
      <![CDATA[org.openqa.selenium.TimeoutException: Expected condition failed: waiting for visibility of [[ChromeDriver: chrome on XP (175baed351e050d97eb4530948ae1879)] -> css selector: ul[id='Functionality_listbox'] li] (tried for 20 second(s) with 500 milliseconds interval)
Build info: version: '3.141.59', revision: 'e82be7d358', time: '2018-11-14T08:17:03'
System info: host: 'DESKTOP-O6A5C2O', ip: '10.0.75.1', os.name: 'Windows 10', os.arch: 'amd64', os.version: '10.0', java.version: '9.0.4'
Driver info: org.openqa.selenium.chrome.ChromeDriver
Capabilities {acceptInsecureCerts: false, browserName: chrome, browserVersion: 78.0.3904.108, chrome: {chromedriverVersion: 78.0.3904.70 (edb9c9f3de024..., userDataDir: C:\Users\admin\AppData\Loca...}, goog:chromeOptions: {debuggerAddress: localhost:62505}, javascriptEnabled: true, networkConnectionEnabled: false, pageLoadStrategy: normal, platform: XP, platformName: XP, proxy: Proxy(), setWindowRect: true, strictFileInteractability: false, timeouts: {implicit: 0, pageLoad: 300000, script: 30000}, unhandledPromptBehavior: dismiss and notify}
Session ID: 175baed351e050d97eb4530948ae1879
at org.openqa.selenium.support.ui.WebDriverWait.timeoutException(WebDriverWait.java:95)
at org.openqa.selenium.support.ui.FluentWait.until(FluentWait.java:272)
at com.tetherfi.pages.BasePage.waitUntilWebElementListIsVisible(BasePage.java:139)
at com.tetherfi.pages.BasePage.selectDropdownFromVisibleText(BasePage.java:335)
at com.tetherfi.pages.HostValueMappingPage.addwithoutHostData(HostValueMappingPage.java:1070)
at com.tetherfi.test.ivr.HostValueMappingCreateTest.VerifyAddRecordWithoutHostData(HostValueMappingCreateTest.java:102)
at java.base/jdk.internal.reflect.NativeMethodAccessorImpl.invoke0(Native Method)
at java.base/jdk.internal.reflect.NativeMethodAccessorImpl.invoke(Unknown Source)
at java.base/jdk.internal.reflect.DelegatingMethodAccessorImpl.invoke(Unknown Source)
at java.base/java.lang.reflect.Method.invoke(Unknown Source)
at org.testng.internal.MethodInvocationHelper.invokeMethod(MethodInvocationHelper.java:133)
at org.testng.internal.TestInvoker.invokeMethod(TestInvoker.java:584)
at org.testng.internal.TestInvoker.invokeTestMethod(TestInvoker.java:172)
at org.testng.internal.MethodRunner.runInSequence(MethodRunner.java:46)
at org.testng.internal.TestInvoker$MethodInvocationAgent.invoke(TestInvoker.java:804)
at org.testng.internal.TestInvoker.invokeTestMethods(TestInvoker.java:145)
at org.testng.internal.TestMethodWorker.invokeTestMethods(TestMethodWorker.java:146)
at org.testng.internal.TestMethodWorker.run(TestMethodWorker.java:128)
at java.base/java.util.ArrayList.forEach(Unknown Source)
at org.testng.TestRunner.privateRun(TestRunner.java:770)
at org.testng.TestRunner.run(TestRunner.java:591)
at org.testng.SuiteRunner.runTest(SuiteRunner.java:402)
at org.testng.SuiteRunner.runSequentially(SuiteRunner.java:396)
at org.testng.SuiteRunner.privateRun(SuiteRunner.java:355)
at org.testng.SuiteRunner.run(SuiteRunner.java:304)
at org.testng.SuiteRunnerWorker.runSuite(SuiteRunnerWorker.java:53)
at org.testng.SuiteRunnerWorker.run(SuiteRunnerWorker.java:96)
at org.testng.TestNG.runSuitesSequentially(TestNG.java:1180)
at org.testng.TestNG.runSuitesLocally(TestNG.java:1102)
at org.testng.TestNG.runSuites(TestNG.java:1032)
at org.testng.TestNG.run(TestNG.java:1000)
at org.testng.remote.AbstractRemoteTestNG.run(AbstractRemoteTestNG.java:115)
at org.testng.remote.RemoteTestNG.initAndRun(RemoteTestNG.java:251)
at org.testng.remote.RemoteTestNG.main(RemoteTestNG.java:77)
]]>
    </failure>
  </testcase> <!-- VerifyAddRecordWithoutHostData -->
  <testcase classname="com.tetherfi.test.ivr.HostValueMappingCreateTest" name="VerifyAddRecordWithoutStatus" time="10.981"/>
  <testcase classname="com.tetherfi.test.ivr.HostValueMappingCreateTest" name="VerifyAddRecordWithoutDescription" time="22.916">
    <failure type="org.openqa.selenium.TimeoutException" message="Expected condition failed: waiting for visibility of [[ChromeDriver: chrome on XP (bce42c57f1e1c35c93e37e554242193f)] -&amp;gt; css selector: ul[id=&amp;apos;Functionality_listbox&amp;apos;] li] (tried for 20 second(s) with 500 milliseconds interval)
Build info: version: &amp;apos;3.141.59&amp;apos;, revision: &amp;apos;e82be7d358&amp;apos;, time: &amp;apos;2018-11-14T08:17:03&amp;apos;
System info: host: &amp;apos;DESKTOP-O6A5C2O&amp;apos;, ip: &amp;apos;10.0.75.1&amp;apos;, os.name: &amp;apos;Windows 10&amp;apos;, os.arch: &amp;apos;amd64&amp;apos;, os.version: &amp;apos;10.0&amp;apos;, java.version: &amp;apos;9.0.4&amp;apos;
Driver info: org.openqa.selenium.chrome.ChromeDriver
Capabilities {acceptInsecureCerts: false, browserName: chrome, browserVersion: 78.0.3904.108, chrome: {chromedriverVersion: 78.0.3904.70 (edb9c9f3de024..., userDataDir: C:\Users\admin\AppData\Loca...}, goog:chromeOptions: {debuggerAddress: localhost:62586}, javascriptEnabled: true, networkConnectionEnabled: false, pageLoadStrategy: normal, platform: XP, platformName: XP, proxy: Proxy(), setWindowRect: true, strictFileInteractability: false, timeouts: {implicit: 0, pageLoad: 300000, script: 30000}, unhandledPromptBehavior: dismiss and notify}
Session ID: bce42c57f1e1c35c93e37e554242193f">
      <![CDATA[org.openqa.selenium.TimeoutException: Expected condition failed: waiting for visibility of [[ChromeDriver: chrome on XP (bce42c57f1e1c35c93e37e554242193f)] -> css selector: ul[id='Functionality_listbox'] li] (tried for 20 second(s) with 500 milliseconds interval)
Build info: version: '3.141.59', revision: 'e82be7d358', time: '2018-11-14T08:17:03'
System info: host: 'DESKTOP-O6A5C2O', ip: '10.0.75.1', os.name: 'Windows 10', os.arch: 'amd64', os.version: '10.0', java.version: '9.0.4'
Driver info: org.openqa.selenium.chrome.ChromeDriver
Capabilities {acceptInsecureCerts: false, browserName: chrome, browserVersion: 78.0.3904.108, chrome: {chromedriverVersion: 78.0.3904.70 (edb9c9f3de024..., userDataDir: C:\Users\admin\AppData\Loca...}, goog:chromeOptions: {debuggerAddress: localhost:62586}, javascriptEnabled: true, networkConnectionEnabled: false, pageLoadStrategy: normal, platform: XP, platformName: XP, proxy: Proxy(), setWindowRect: true, strictFileInteractability: false, timeouts: {implicit: 0, pageLoad: 300000, script: 30000}, unhandledPromptBehavior: dismiss and notify}
Session ID: bce42c57f1e1c35c93e37e554242193f
at org.openqa.selenium.support.ui.WebDriverWait.timeoutException(WebDriverWait.java:95)
at org.openqa.selenium.support.ui.FluentWait.until(FluentWait.java:272)
at com.tetherfi.pages.BasePage.waitUntilWebElementListIsVisible(BasePage.java:139)
at com.tetherfi.pages.BasePage.selectDropdownFromVisibleText(BasePage.java:335)
at com.tetherfi.pages.HostValueMappingPage.addwithoutDescription(HostValueMappingPage.java:1108)
at com.tetherfi.test.ivr.HostValueMappingCreateTest.VerifyAddRecordWithoutDescription(HostValueMappingCreateTest.java:122)
at java.base/jdk.internal.reflect.NativeMethodAccessorImpl.invoke0(Native Method)
at java.base/jdk.internal.reflect.NativeMethodAccessorImpl.invoke(Unknown Source)
at java.base/jdk.internal.reflect.DelegatingMethodAccessorImpl.invoke(Unknown Source)
at java.base/java.lang.reflect.Method.invoke(Unknown Source)
at org.testng.internal.MethodInvocationHelper.invokeMethod(MethodInvocationHelper.java:133)
at org.testng.internal.TestInvoker.invokeMethod(TestInvoker.java:584)
at org.testng.internal.TestInvoker.invokeTestMethod(TestInvoker.java:172)
at org.testng.internal.MethodRunner.runInSequence(MethodRunner.java:46)
at org.testng.internal.TestInvoker$MethodInvocationAgent.invoke(TestInvoker.java:804)
at org.testng.internal.TestInvoker.invokeTestMethods(TestInvoker.java:145)
at org.testng.internal.TestMethodWorker.invokeTestMethods(TestMethodWorker.java:146)
at org.testng.internal.TestMethodWorker.run(TestMethodWorker.java:128)
at java.base/java.util.ArrayList.forEach(Unknown Source)
at org.testng.TestRunner.privateRun(TestRunner.java:770)
at org.testng.TestRunner.run(TestRunner.java:591)
at org.testng.SuiteRunner.runTest(SuiteRunner.java:402)
at org.testng.SuiteRunner.runSequentially(SuiteRunner.java:396)
at org.testng.SuiteRunner.privateRun(SuiteRunner.java:355)
at org.testng.SuiteRunner.run(SuiteRunner.java:304)
at org.testng.SuiteRunnerWorker.runSuite(SuiteRunnerWorker.java:53)
at org.testng.SuiteRunnerWorker.run(SuiteRunnerWorker.java:96)
at org.testng.TestNG.runSuitesSequentially(TestNG.java:1180)
at org.testng.TestNG.runSuitesLocally(TestNG.java:1102)
at org.testng.TestNG.runSuites(TestNG.java:1032)
at org.testng.TestNG.run(TestNG.java:1000)
at org.testng.remote.AbstractRemoteTestNG.run(AbstractRemoteTestNG.java:115)
at org.testng.remote.RemoteTestNG.initAndRun(RemoteTestNG.java:251)
at org.testng.remote.RemoteTestNG.main(RemoteTestNG.java:77)
]]>
    </failure>
  </testcase> <!-- VerifyAddRecordWithoutDescription -->
  <testcase classname="com.tetherfi.test.ivr.HostValueMappingCreateTest" name="VerifyAddRecordWithoutWaveFile" time="8.241"/>
  <testcase classname="com.tetherfi.test.ivr.HostValueMappingCreateTest" name="AddRevertRecord" time="14.477"/>
  <testcase classname="com.tetherfi.test.ivr.HostValueMappingCreateTest" name="VerifyRevertForAddNewRecord" time="10.107"/>
  <testcase classname="com.tetherfi.test.ivr.HostValueMappingCreateTest" name="VerifyApprovedDataSectionWithoutApproval" time="2.671"/>
  <testcase classname="com.tetherfi.test.ivr.HostValueMappingCreateTest" name="VerifyAuditTrailReportForRevert" time="22.724"/>
  <testcase classname="com.tetherfi.test.ivr.HostValueMappingCreateTest" name="AddRejectRecord" time="15.089"/>
  <testcase classname="com.tetherfi.test.ivr.HostValueMappingCreateTest" name="VerifySendForApprovalForAddNewRecord" time="9.973"/>
  <testcase classname="com.tetherfi.test.ivr.HostValueMappingCreateTest" name="RejectforAddNewHostValueMappingRecord" time="11.365"/>
  <testcase classname="com.tetherfi.test.ivr.HostValueMappingCreateTest" name="VerifyAuditTrailReportForReject" time="22.898"/>
  <testcase classname="com.tetherfi.test.ivr.HostValueMappingCreateTest" name="VerifyRecordAfterRejection" time="3.547"/>
  <testcase classname="com.tetherfi.test.ivr.HostValueMappingCreateTest" name="AddNewHostValueMappingRecord" time="15.072"/>
  <testcase classname="com.tetherfi.test.ivr.HostValueMappingCreateTest" name="VerifyAuditTrailReportForCreate" time="26.968"/>
  <testcase classname="com.tetherfi.test.ivr.HostValueMappingCreateTest" name="VerifyAuditTrailDataForAddNewHostValueMappingRecord" time="5.957"/>
  <testcase classname="com.tetherfi.test.ivr.HostValueMappingCreateTest" name="VerifySendForApprovalForAddNewHostValueMappingRecord" time="10.005"/>
  <testcase classname="com.tetherfi.test.ivr.HostValueMappingCreateTest" name="VerifyAuditTrailReportForSendForApproval" time="22.363"/>
  <testcase classname="com.tetherfi.test.ivr.HostValueMappingCreateTest" name="ApproveforAddNewHostValueMappingRecord" time="16.746"/>
  <testcase classname="com.tetherfi.test.ivr.HostValueMappingCreateTest" name="VerifyAuditTrailReportForApprove" time="23.345"/>
  <testcase classname="com.tetherfi.test.ivr.HostValueMappingCreateTest" name="VerifyRecordApprovedDataSectionafterApproval" time="3.768"/>
  <testcase classname="com.tetherfi.test.ivr.HostValueMappingCreateTest" name="AddDuplicateRecord" time="14.9"/>
</testsuite> <!-- Default test -->
