<?xml version="1.0" encoding="UTF-8"?>
<!-- Generated by org.testng.reporters.JUnitXMLReporter -->
<testsuite ignored="0" hostname="admin" failures="0" tests="4" name="Default test" time="36.191" errors="0" timestamp="25 Mar 2019 11:05:16 GMT">
  <testcase classname="com.tetherfi.test.fax.FaxRoutingConfigurationTest" name="ExportToExcel" time="2.806"/>
  <testcase classname="com.tetherfi.test.fax.FaxRoutingConfigurationTest" name="ExportToExcelData" time="1.143"/>
  <testcase classname="com.tetherfi.test.fax.FaxRoutingConfigurationTest" name="SortingByAscending" time="3.135"/>
  <testcase classname="com.tetherfi.test.fax.FaxRoutingConfigurationTest" name="SortingByDescending" time="3.376"/>
</testsuite> <!-- Default test -->
