<?xml version="1.0" encoding="UTF-8"?>
<!-- Generated by org.testng.reporters.JUnitXMLReporter -->
<testsuite ignored="0" hostname="DESKTOP-O6A5C2O" failures="4" tests="27" name="Default test" time="514.606" errors="0" timestamp="2019-10-04T16:01:00 IST">
  <testcase classname="com.tetherfi.test.UserRoleMappingCreateTest" name="VerifyAddCancelButton" time="3.442"/>
  <testcase classname="com.tetherfi.test.UserRoleMappingCreateTest" name="VerifyAddRecordwithoutFirstName" time="28.489"/>
  <testcase classname="com.tetherfi.test.UserRoleMappingCreateTest" name="VerifyAddRecordWithoutLastName" time="28.397"/>
  <testcase classname="com.tetherfi.test.UserRoleMappingCreateTest" name="VerifyAddRecordWithoutLanId" time="27.952"/>
  <testcase classname="com.tetherfi.test.UserRoleMappingCreateTest" name="VerifyAddRecordWithoutLoginID" time="28.395"/>
  <testcase classname="com.tetherfi.test.UserRoleMappingCreateTest" name="VerifyAddRecordWithoutOrgUnit" time="6.87"/>
  <testcase classname="com.tetherfi.test.UserRoleMappingCreateTest" name="VerifyAddRecordWithoutProfile" time="27.415"/>
  <testcase classname="com.tetherfi.test.UserRoleMappingCreateTest" name="VerifyAddRecordWithoutSupervisor" time="28.346"/>
  <testcase classname="com.tetherfi.test.UserRoleMappingCreateTest" name="VerifyAddRecordWithoutRole" time="26.741"/>
  <testcase classname="com.tetherfi.test.UserRoleMappingCreateTest" name="AddRevertRecord" time="28.029">
    <failure type="java.lang.AssertionError" message="expected [Record Created Successfully] but found [Please Provide Supervisor]">
      <![CDATA[java.lang.AssertionError: expected [Record Created Successfully] but found [Please Provide Supervisor]
at org.testng.Assert.fail(Assert.java:97)
at org.testng.Assert.assertEqualsImpl(Assert.java:136)
at org.testng.Assert.assertEquals(Assert.java:118)
at org.testng.Assert.assertEquals(Assert.java:575)
at org.testng.Assert.assertEquals(Assert.java:585)
at com.tetherfi.test.UserRoleMappingCreateTest.AddRevertRecord(UserRoleMappingCreateTest.java:161)
at java.base/jdk.internal.reflect.NativeMethodAccessorImpl.invoke0(Native Method)
at java.base/jdk.internal.reflect.NativeMethodAccessorImpl.invoke(Unknown Source)
at java.base/jdk.internal.reflect.DelegatingMethodAccessorImpl.invoke(Unknown Source)
at java.base/java.lang.reflect.Method.invoke(Unknown Source)
at org.testng.internal.MethodInvocationHelper.invokeMethod(MethodInvocationHelper.java:133)
at org.testng.internal.TestInvoker.invokeMethod(TestInvoker.java:584)
at org.testng.internal.TestInvoker.invokeTestMethod(TestInvoker.java:172)
at org.testng.internal.MethodRunner.runInSequence(MethodRunner.java:46)
at org.testng.internal.TestInvoker$MethodInvocationAgent.invoke(TestInvoker.java:804)
at org.testng.internal.TestInvoker.invokeTestMethods(TestInvoker.java:145)
at org.testng.internal.TestMethodWorker.invokeTestMethods(TestMethodWorker.java:146)
at org.testng.internal.TestMethodWorker.run(TestMethodWorker.java:128)
at java.base/java.util.ArrayList.forEach(Unknown Source)
at org.testng.TestRunner.privateRun(TestRunner.java:770)
at org.testng.TestRunner.run(TestRunner.java:591)
at org.testng.SuiteRunner.runTest(SuiteRunner.java:402)
at org.testng.SuiteRunner.runSequentially(SuiteRunner.java:396)
at org.testng.SuiteRunner.privateRun(SuiteRunner.java:355)
at org.testng.SuiteRunner.run(SuiteRunner.java:304)
at org.testng.SuiteRunnerWorker.runSuite(SuiteRunnerWorker.java:53)
at org.testng.SuiteRunnerWorker.run(SuiteRunnerWorker.java:96)
at org.testng.TestNG.runSuitesSequentially(TestNG.java:1180)
at org.testng.TestNG.runSuitesLocally(TestNG.java:1102)
at org.testng.TestNG.runSuites(TestNG.java:1032)
at org.testng.TestNG.run(TestNG.java:1000)
at org.testng.remote.AbstractRemoteTestNG.run(AbstractRemoteTestNG.java:115)
at org.testng.remote.RemoteTestNG.initAndRun(RemoteTestNG.java:251)
at org.testng.remote.RemoteTestNG.main(RemoteTestNG.java:77)
]]>
    </failure>
  </testcase> <!-- AddRevertRecord -->
  <testcase classname="com.tetherfi.test.UserRoleMappingCreateTest" name="VerifyRevertForAddNewRecord" time="0.0">
    <skipped/>
  </testcase> <!-- VerifyRevertForAddNewRecord -->
  <testcase classname="com.tetherfi.test.UserRoleMappingCreateTest" name="VerifyApprovedDataSectionWithoutApproval" time="0.0">
    <skipped/>
  </testcase> <!-- VerifyApprovedDataSectionWithoutApproval -->
  <testcase classname="com.tetherfi.test.UserRoleMappingCreateTest" name="VerifyAuditTrailReportForRevert" time="0.0">
    <skipped/>
  </testcase> <!-- VerifyAuditTrailReportForRevert -->
  <testcase classname="com.tetherfi.test.UserRoleMappingCreateTest" name="AddRejectRecord" time="28.766">
    <failure type="java.lang.AssertionError" message="expected [Record Created Successfully] but found [Please Provide Supervisor]">
      <![CDATA[java.lang.AssertionError: expected [Record Created Successfully] but found [Please Provide Supervisor]
at org.testng.Assert.fail(Assert.java:97)
at org.testng.Assert.assertEqualsImpl(Assert.java:136)
at org.testng.Assert.assertEquals(Assert.java:118)
at org.testng.Assert.assertEquals(Assert.java:575)
at org.testng.Assert.assertEquals(Assert.java:585)
at com.tetherfi.test.UserRoleMappingCreateTest.AddRejectRecord(UserRoleMappingCreateTest.java:204)
at java.base/jdk.internal.reflect.NativeMethodAccessorImpl.invoke0(Native Method)
at java.base/jdk.internal.reflect.NativeMethodAccessorImpl.invoke(Unknown Source)
at java.base/jdk.internal.reflect.DelegatingMethodAccessorImpl.invoke(Unknown Source)
at java.base/java.lang.reflect.Method.invoke(Unknown Source)
at org.testng.internal.MethodInvocationHelper.invokeMethod(MethodInvocationHelper.java:133)
at org.testng.internal.TestInvoker.invokeMethod(TestInvoker.java:584)
at org.testng.internal.TestInvoker.invokeTestMethod(TestInvoker.java:172)
at org.testng.internal.MethodRunner.runInSequence(MethodRunner.java:46)
at org.testng.internal.TestInvoker$MethodInvocationAgent.invoke(TestInvoker.java:804)
at org.testng.internal.TestInvoker.invokeTestMethods(TestInvoker.java:145)
at org.testng.internal.TestMethodWorker.invokeTestMethods(TestMethodWorker.java:146)
at org.testng.internal.TestMethodWorker.run(TestMethodWorker.java:128)
at java.base/java.util.ArrayList.forEach(Unknown Source)
at org.testng.TestRunner.privateRun(TestRunner.java:770)
at org.testng.TestRunner.run(TestRunner.java:591)
at org.testng.SuiteRunner.runTest(SuiteRunner.java:402)
at org.testng.SuiteRunner.runSequentially(SuiteRunner.java:396)
at org.testng.SuiteRunner.privateRun(SuiteRunner.java:355)
at org.testng.SuiteRunner.run(SuiteRunner.java:304)
at org.testng.SuiteRunnerWorker.runSuite(SuiteRunnerWorker.java:53)
at org.testng.SuiteRunnerWorker.run(SuiteRunnerWorker.java:96)
at org.testng.TestNG.runSuitesSequentially(TestNG.java:1180)
at org.testng.TestNG.runSuitesLocally(TestNG.java:1102)
at org.testng.TestNG.runSuites(TestNG.java:1032)
at org.testng.TestNG.run(TestNG.java:1000)
at org.testng.remote.AbstractRemoteTestNG.run(AbstractRemoteTestNG.java:115)
at org.testng.remote.RemoteTestNG.initAndRun(RemoteTestNG.java:251)
at org.testng.remote.RemoteTestNG.main(RemoteTestNG.java:77)
]]>
    </failure>
  </testcase> <!-- AddRejectRecord -->
  <testcase classname="com.tetherfi.test.UserRoleMappingCreateTest" name="VerifySendForApprovalForAddNewRecord" time="0.0">
    <skipped/>
  </testcase> <!-- VerifySendForApprovalForAddNewRecord -->
  <testcase classname="com.tetherfi.test.UserRoleMappingCreateTest" name="RejectforAddNewNewUserRoleMappingRecord" time="0.0">
    <skipped/>
  </testcase> <!-- RejectforAddNewNewUserRoleMappingRecord -->
  <testcase classname="com.tetherfi.test.UserRoleMappingCreateTest" name="VerifyAuditTrailReportForReject" time="0.0">
    <skipped/>
  </testcase> <!-- VerifyAuditTrailReportForReject -->
  <testcase classname="com.tetherfi.test.UserRoleMappingCreateTest" name="VerifyRecordAfterRejection" time="0.0">
    <skipped/>
  </testcase> <!-- VerifyRecordAfterRejection -->
  <testcase classname="com.tetherfi.test.UserRoleMappingCreateTest" name="AddNewNewUserRoleMappingRecord" time="28.791">
    <failure type="java.lang.AssertionError" message="expected [Record Created Successfully] but found [Please Provide Supervisor]">
      <![CDATA[java.lang.AssertionError: expected [Record Created Successfully] but found [Please Provide Supervisor]
at org.testng.Assert.fail(Assert.java:97)
at org.testng.Assert.assertEqualsImpl(Assert.java:136)
at org.testng.Assert.assertEquals(Assert.java:118)
at org.testng.Assert.assertEquals(Assert.java:575)
at org.testng.Assert.assertEquals(Assert.java:585)
at com.tetherfi.test.UserRoleMappingCreateTest.AddNewNewUserRoleMappingRecord(UserRoleMappingCreateTest.java:254)
at java.base/jdk.internal.reflect.NativeMethodAccessorImpl.invoke0(Native Method)
at java.base/jdk.internal.reflect.NativeMethodAccessorImpl.invoke(Unknown Source)
at java.base/jdk.internal.reflect.DelegatingMethodAccessorImpl.invoke(Unknown Source)
at java.base/java.lang.reflect.Method.invoke(Unknown Source)
at org.testng.internal.MethodInvocationHelper.invokeMethod(MethodInvocationHelper.java:133)
at org.testng.internal.TestInvoker.invokeMethod(TestInvoker.java:584)
at org.testng.internal.TestInvoker.invokeTestMethod(TestInvoker.java:172)
at org.testng.internal.MethodRunner.runInSequence(MethodRunner.java:46)
at org.testng.internal.TestInvoker$MethodInvocationAgent.invoke(TestInvoker.java:804)
at org.testng.internal.TestInvoker.invokeTestMethods(TestInvoker.java:145)
at org.testng.internal.TestMethodWorker.invokeTestMethods(TestMethodWorker.java:146)
at org.testng.internal.TestMethodWorker.run(TestMethodWorker.java:128)
at java.base/java.util.ArrayList.forEach(Unknown Source)
at org.testng.TestRunner.privateRun(TestRunner.java:770)
at org.testng.TestRunner.run(TestRunner.java:591)
at org.testng.SuiteRunner.runTest(SuiteRunner.java:402)
at org.testng.SuiteRunner.runSequentially(SuiteRunner.java:396)
at org.testng.SuiteRunner.privateRun(SuiteRunner.java:355)
at org.testng.SuiteRunner.run(SuiteRunner.java:304)
at org.testng.SuiteRunnerWorker.runSuite(SuiteRunnerWorker.java:53)
at org.testng.SuiteRunnerWorker.run(SuiteRunnerWorker.java:96)
at org.testng.TestNG.runSuitesSequentially(TestNG.java:1180)
at org.testng.TestNG.runSuitesLocally(TestNG.java:1102)
at org.testng.TestNG.runSuites(TestNG.java:1032)
at org.testng.TestNG.run(TestNG.java:1000)
at org.testng.remote.AbstractRemoteTestNG.run(AbstractRemoteTestNG.java:115)
at org.testng.remote.RemoteTestNG.initAndRun(RemoteTestNG.java:251)
at org.testng.remote.RemoteTestNG.main(RemoteTestNG.java:77)
]]>
    </failure>
  </testcase> <!-- AddNewNewUserRoleMappingRecord -->
  <testcase classname="com.tetherfi.test.UserRoleMappingCreateTest" name="VerifyAuditTrailReportForCreate" time="0.0">
    <skipped/>
  </testcase> <!-- VerifyAuditTrailReportForCreate -->
  <testcase classname="com.tetherfi.test.UserRoleMappingCreateTest" name="VerifyAuditTrailDataForAddNewNewUserRoleMappingRecord" time="5.863">
    <failure type="java.lang.AssertionError" message="Audit trail details failed did not expect to find [true] but found [false]">
      <![CDATA[java.lang.AssertionError: Audit trail details failed did not expect to find [true] but found [false]
at org.testng.Assert.fail(Assert.java:97)
at org.testng.Assert.failNotEquals(Assert.java:969)
at org.testng.Assert.assertTrue(Assert.java:43)
at com.tetherfi.test.UserRoleMappingCreateTest.VerifyAuditTrailDataForAddNewNewUserRoleMappingRecord(UserRoleMappingCreateTest.java:279)
at java.base/jdk.internal.reflect.NativeMethodAccessorImpl.invoke0(Native Method)
at java.base/jdk.internal.reflect.NativeMethodAccessorImpl.invoke(Unknown Source)
at java.base/jdk.internal.reflect.DelegatingMethodAccessorImpl.invoke(Unknown Source)
at java.base/java.lang.reflect.Method.invoke(Unknown Source)
at org.testng.internal.MethodInvocationHelper.invokeMethod(MethodInvocationHelper.java:133)
at org.testng.internal.TestInvoker.invokeMethod(TestInvoker.java:584)
at org.testng.internal.TestInvoker.invokeTestMethod(TestInvoker.java:172)
at org.testng.internal.MethodRunner.runInSequence(MethodRunner.java:46)
at org.testng.internal.TestInvoker$MethodInvocationAgent.invoke(TestInvoker.java:804)
at org.testng.internal.TestInvoker.invokeTestMethods(TestInvoker.java:145)
at org.testng.internal.TestMethodWorker.invokeTestMethods(TestMethodWorker.java:146)
at org.testng.internal.TestMethodWorker.run(TestMethodWorker.java:128)
at java.base/java.util.ArrayList.forEach(Unknown Source)
at org.testng.TestRunner.privateRun(TestRunner.java:770)
at org.testng.TestRunner.run(TestRunner.java:591)
at org.testng.SuiteRunner.runTest(SuiteRunner.java:402)
at org.testng.SuiteRunner.runSequentially(SuiteRunner.java:396)
at org.testng.SuiteRunner.privateRun(SuiteRunner.java:355)
at org.testng.SuiteRunner.run(SuiteRunner.java:304)
at org.testng.SuiteRunnerWorker.runSuite(SuiteRunnerWorker.java:53)
at org.testng.SuiteRunnerWorker.run(SuiteRunnerWorker.java:96)
at org.testng.TestNG.runSuitesSequentially(TestNG.java:1180)
at org.testng.TestNG.runSuitesLocally(TestNG.java:1102)
at org.testng.TestNG.runSuites(TestNG.java:1032)
at org.testng.TestNG.run(TestNG.java:1000)
at org.testng.remote.AbstractRemoteTestNG.run(AbstractRemoteTestNG.java:115)
at org.testng.remote.RemoteTestNG.initAndRun(RemoteTestNG.java:251)
at org.testng.remote.RemoteTestNG.main(RemoteTestNG.java:77)
]]>
    </failure>
  </testcase> <!-- VerifyAuditTrailDataForAddNewNewUserRoleMappingRecord -->
  <testcase classname="com.tetherfi.test.UserRoleMappingCreateTest" name="VerifySendForApprovalForAddNewNewUserRoleMappingRecord" time="0.0">
    <skipped/>
  </testcase> <!-- VerifySendForApprovalForAddNewNewUserRoleMappingRecord -->
  <testcase classname="com.tetherfi.test.UserRoleMappingCreateTest" name="VerifyAuditTrailReportForSendForApproval" time="0.0">
    <skipped/>
  </testcase> <!-- VerifyAuditTrailReportForSendForApproval -->
  <testcase classname="com.tetherfi.test.UserRoleMappingCreateTest" name="ApproveforAddNewNewUserRoleMappingRecord" time="0.0">
    <skipped/>
  </testcase> <!-- ApproveforAddNewNewUserRoleMappingRecord -->
  <testcase classname="com.tetherfi.test.UserRoleMappingCreateTest" name="VerifyAuditTrailReportForApprove" time="0.0">
    <skipped/>
  </testcase> <!-- VerifyAuditTrailReportForApprove -->
  <testcase classname="com.tetherfi.test.UserRoleMappingCreateTest" name="VerifyRecordApprovedDataSectionafterApproval" time="0.0">
    <skipped/>
  </testcase> <!-- VerifyRecordApprovedDataSectionafterApproval -->
  <testcase classname="com.tetherfi.test.UserRoleMappingCreateTest" name="AddDuplicateRecord" time="28.37"/>
</testsuite> <!-- Default test -->
