<?xml version="1.0" encoding="UTF-8"?>
<!-- Generated by org.testng.reporters.JUnitXMLReporter -->
<testsuite hostname="TTF-BLR-SANTOSHKOUJALAGI" ignored="0" name="Default test" tests="2" failures="0" timestamp="2021-08-09T17:41:41 IST" time="112.709" errors="0">
  <testcase name="AddNewTmacBroadCastMsg" time="37.745" classname="com.tetherfi.test.tmac.TmacBroadCastMsgTest"/>
  <testcase name="AddDuplicateRecord" time="37.369" classname="com.tetherfi.test.tmac.TmacBroadCastMsgTest"/>
</testsuite> <!-- Default test -->
