<?xml version="1.0" encoding="UTF-8"?>
<!-- Generated by org.testng.reporters.JUnitXMLReporter -->
<testsuite hostname="admin" ignored="0" name="Default test" tests="4" failures="0" timestamp="12 Feb 2019 15:05:04 GMT" time="848.259" errors="0">
  <testcase name="VerifyAccessOfTMACBroadcastMsg" time="102.173" classname="com.tetherfi.test.UserManagementE2ETest"/>
  <testcase name="VerifyAddAccessOfTMACBroadcastMsg" time="113.284" classname="com.tetherfi.test.UserManagementE2ETest"/>
  <testcase name="VerifyEditAccessOfTMACBroadcastMsg" time="114.276" classname="com.tetherfi.test.UserManagementE2ETest"/>
  <testcase name="VerifyExportAccessOfTMACBroadcastMsg" time="116.5" classname="com.tetherfi.test.UserManagementE2ETest"/>
</testsuite> <!-- Default test -->
