<?xml version="1.0" encoding="UTF-8"?>
<!-- Generated by org.testng.reporters.JUnitXMLReporter -->
<testsuite ignored="0" hostname="admin" failures="0" tests="3" name="Default test" time="135.652" errors="0" timestamp="2020-05-21T18:42:14 IST">
  <testcase classname="com.tetherfi.test.reports.SkillHistoricalReportTest" name="VerifyArrowMoveForPreviousAndNextPageForDrillDownOne" time="27.463"/>
  <testcase classname="com.tetherfi.test.reports.SkillHistoricalReportTest" name="VerifyArrowMoveForFirstAndLastPageFoDrillDownOne" time="20.939"/>
  <testcase classname="com.tetherfi.test.reports.SkillHistoricalReportTest" name="VerifyTotalNumberOfItemsPerPageDetailsFoDrillDownOne" time="17.277"/>
</testsuite> <!-- Default test -->
