<?xml version="1.0" encoding="UTF-8"?>
<!-- Generated by org.testng.reporters.JUnitXMLReporter -->
<testsuite hostname="LAPTOP-NKH1C2HF" ignored="0" name="Default test" tests="40" failures="0" timestamp="2021-05-05T16:46:53 IST" time="70.092" errors="0">
  <testcase name="@BeforeMethod NavigateToOperatingHoursPage" time="31.028" classname="com.tetherfi.test.ivr.OperatingHoursTest">
    <failure type="org.openqa.selenium.WebDriverException" message="chrome not reachable
  (Session info: chrome=90.0.4430.93)
Build info: version: &amp;apos;3.141.59&amp;apos;, revision: &amp;apos;e82be7d358&amp;apos;, time: &amp;apos;2018-11-14T08:17:03&amp;apos;
System info: host: &amp;apos;LAPTOP-NKH1C2HF&amp;apos;, ip: &amp;apos;192.168.50.9&amp;apos;, os.name: &amp;apos;Windows 10&amp;apos;, os.arch: &amp;apos;amd64&amp;apos;, os.version: &amp;apos;10.0&amp;apos;, java.version: &amp;apos;1.8.0_181&amp;apos;
Driver info: org.openqa.selenium.chrome.ChromeDriver
Capabilities {acceptInsecureCerts: false, browserName: chrome, browserVersion: 90.0.4430.93, chrome: {chromedriverVersion: 90.0.4430.24 (4c6d850f087da..., userDataDir: C:\Users\AMITHA~1\AppData\L...}, goog:chromeOptions: {debuggerAddress: localhost:50069}, javascriptEnabled: true, networkConnectionEnabled: false, pageLoadStrategy: normal, platform: WINDOWS, platformName: WINDOWS, proxy: Proxy(), setWindowRect: true, strictFileInteractability: false, timeouts: {implicit: 0, pageLoad: 300000, script: 30000}, unhandledPromptBehavior: dismiss and notify, webauthn:extension:largeBlob: true, webauthn:virtualAuthenticators: true}
Session ID: 3bec54c56a3a9a827a2b7de2ea4c4cfd
*** Element info: {Using=id, value=adminLoadingAccess}">
      <![CDATA[org.openqa.selenium.WebDriverException: chrome not reachable
  (Session info: chrome=90.0.4430.93)
Build info: version: '3.141.59', revision: 'e82be7d358', time: '2018-11-14T08:17:03'
System info: host: 'LAPTOP-NKH1C2HF', ip: '192.168.50.9', os.name: 'Windows 10', os.arch: 'amd64', os.version: '10.0', java.version: '1.8.0_181'
Driver info: org.openqa.selenium.chrome.ChromeDriver
Capabilities {acceptInsecureCerts: false, browserName: chrome, browserVersion: 90.0.4430.93, chrome: {chromedriverVersion: 90.0.4430.24 (4c6d850f087da..., userDataDir: C:\Users\AMITHA~1\AppData\L...}, goog:chromeOptions: {debuggerAddress: localhost:50069}, javascriptEnabled: true, networkConnectionEnabled: false, pageLoadStrategy: normal, platform: WINDOWS, platformName: WINDOWS, proxy: Proxy(), setWindowRect: true, strictFileInteractability: false, timeouts: {implicit: 0, pageLoad: 300000, script: 30000}, unhandledPromptBehavior: dismiss and notify, webauthn:extension:largeBlob: true, webauthn:virtualAuthenticators: true}
Session ID: 3bec54c56a3a9a827a2b7de2ea4c4cfd
*** Element info: {Using=id, value=adminLoadingAccess}
at sun.reflect.NativeConstructorAccessorImpl.newInstance0(Native Method)
at sun.reflect.NativeConstructorAccessorImpl.newInstance(Unknown Source)
at sun.reflect.DelegatingConstructorAccessorImpl.newInstance(Unknown Source)
at java.lang.reflect.Constructor.newInstance(Unknown Source)
at org.openqa.selenium.remote.http.W3CHttpResponseCodec.createException(W3CHttpResponseCodec.java:187)
at org.openqa.selenium.remote.http.W3CHttpResponseCodec.decode(W3CHttpResponseCodec.java:122)
at org.openqa.selenium.remote.http.W3CHttpResponseCodec.decode(W3CHttpResponseCodec.java:49)
at org.openqa.selenium.remote.HttpCommandExecutor.execute(HttpCommandExecutor.java:158)
at org.openqa.selenium.remote.service.DriverCommandExecutor.execute(DriverCommandExecutor.java:83)
at org.openqa.selenium.remote.RemoteWebDriver.execute(RemoteWebDriver.java:552)
at org.openqa.selenium.remote.RemoteWebDriver.findElement(RemoteWebDriver.java:323)
at org.openqa.selenium.remote.RemoteWebDriver.findElementById(RemoteWebDriver.java:372)
at org.openqa.selenium.By$ById.findElement(By.java:188)
at org.openqa.selenium.remote.RemoteWebDriver.findElement(RemoteWebDriver.java:315)
at org.openqa.selenium.support.pagefactory.DefaultElementLocator.findElement(DefaultElementLocator.java:69)
at org.openqa.selenium.support.pagefactory.internal.LocatingElementHandler.invoke(LocatingElementHandler.java:38)
at com.sun.proxy.$Proxy11.isDisplayed(Unknown Source)
at com.tetherfi.pages.BasePage.isElementExist(BasePage.java:441)
at com.tetherfi.pages.OCMHomePage.isOCMHomePageIsDisplayed(OCMHomePage.java:111)
at com.tetherfi.test.ivr.OperatingHoursTest.NavigateToOperatingHoursPage(OperatingHoursTest.java:27)
at sun.reflect.NativeMethodAccessorImpl.invoke0(Native Method)
at sun.reflect.NativeMethodAccessorImpl.invoke(Unknown Source)
at sun.reflect.DelegatingMethodAccessorImpl.invoke(Unknown Source)
at java.lang.reflect.Method.invoke(Unknown Source)
at org.testng.internal.MethodInvocationHelper.invokeMethod(MethodInvocationHelper.java:133)
at org.testng.internal.MethodInvocationHelper.invokeMethodConsideringTimeout(MethodInvocationHelper.java:62)
at org.testng.internal.ConfigInvoker.invokeConfigurationMethod(ConfigInvoker.java:340)
at org.testng.internal.ConfigInvoker.invokeConfigurations(ConfigInvoker.java:294)
at org.testng.internal.TestInvoker.runConfigMethods(TestInvoker.java:683)
at org.testng.internal.TestInvoker.invokeMethod(TestInvoker.java:510)
at org.testng.internal.TestInvoker.invokeTestMethod(TestInvoker.java:172)
at org.testng.internal.MethodRunner.runInSequence(MethodRunner.java:46)
at org.testng.internal.TestInvoker$MethodInvocationAgent.invoke(TestInvoker.java:804)
at org.testng.internal.TestInvoker.invokeTestMethods(TestInvoker.java:145)
at org.testng.internal.TestMethodWorker.invokeTestMethods(TestMethodWorker.java:146)
at org.testng.internal.TestMethodWorker.run(TestMethodWorker.java:128)
at java.util.ArrayList.forEach(Unknown Source)
at org.testng.TestRunner.privateRun(TestRunner.java:770)
at org.testng.TestRunner.run(TestRunner.java:591)
at org.testng.SuiteRunner.runTest(SuiteRunner.java:402)
at org.testng.SuiteRunner.runSequentially(SuiteRunner.java:396)
at org.testng.SuiteRunner.privateRun(SuiteRunner.java:355)
at org.testng.SuiteRunner.run(SuiteRunner.java:304)
at org.testng.SuiteRunnerWorker.runSuite(SuiteRunnerWorker.java:53)
at org.testng.SuiteRunnerWorker.run(SuiteRunnerWorker.java:96)
at org.testng.TestNG.runSuitesSequentially(TestNG.java:1180)
at org.testng.TestNG.runSuitesLocally(TestNG.java:1102)
at org.testng.TestNG.runSuites(TestNG.java:1032)
at org.testng.TestNG.run(TestNG.java:1000)
at org.testng.remote.AbstractRemoteTestNG.run(AbstractRemoteTestNG.java:115)
at org.testng.remote.RemoteTestNG.initAndRun(RemoteTestNG.java:251)
at org.testng.remote.RemoteTestNG.main(RemoteTestNG.java:77)
]]>
    </failure>
  </testcase> <!-- @BeforeMethod NavigateToOperatingHoursPage -->
  <testcase name="@AfterMethod afterEachMethod" time="-1.620213412215E9" classname="com.tetherfi.test.ivr.OperatingHoursTest">
    <skipped/>
  </testcase> <!-- @AfterMethod afterEachMethod -->
  <testcase name="@AfterMethod endTestCase" time="-1.62021341222E9" classname="com.tetherfi.test.BaseTest">
    <skipped/>
  </testcase> <!-- @AfterMethod endTestCase -->
  <testcase name="@BeforeMethod startTestCase" time="-1.620213412238E9" classname="com.tetherfi.test.BaseTest">
    <skipped/>
  </testcase> <!-- @BeforeMethod startTestCase -->
  <testcase name="@BeforeMethod NavigateToOperatingHoursPage" time="-1.620213412242E9" classname="com.tetherfi.test.ivr.OperatingHoursTest">
    <skipped/>
  </testcase> <!-- @BeforeMethod NavigateToOperatingHoursPage -->
  <testcase name="@AfterMethod afterEachMethod" time="-1.62021341226E9" classname="com.tetherfi.test.ivr.OperatingHoursTest">
    <skipped/>
  </testcase> <!-- @AfterMethod afterEachMethod -->
  <testcase name="@AfterMethod endTestCase" time="-1.620213412263E9" classname="com.tetherfi.test.BaseTest">
    <skipped/>
  </testcase> <!-- @AfterMethod endTestCase -->
  <testcase name="@BeforeMethod startTestCase" time="-1.620213412271E9" classname="com.tetherfi.test.BaseTest">
    <skipped/>
  </testcase> <!-- @BeforeMethod startTestCase -->
  <testcase name="@BeforeMethod NavigateToOperatingHoursPage" time="-1.620213412274E9" classname="com.tetherfi.test.ivr.OperatingHoursTest">
    <skipped/>
  </testcase> <!-- @BeforeMethod NavigateToOperatingHoursPage -->
  <testcase name="@AfterMethod afterEachMethod" time="-1.620213412288E9" classname="com.tetherfi.test.ivr.OperatingHoursTest">
    <skipped/>
  </testcase> <!-- @AfterMethod afterEachMethod -->
  <testcase name="@AfterMethod endTestCase" time="-1.620213412293E9" classname="com.tetherfi.test.BaseTest">
    <skipped/>
  </testcase> <!-- @AfterMethod endTestCase -->
  <testcase name="@BeforeMethod startTestCase" time="-1.620213412298E9" classname="com.tetherfi.test.BaseTest">
    <skipped/>
  </testcase> <!-- @BeforeMethod startTestCase -->
  <testcase name="@BeforeMethod NavigateToOperatingHoursPage" time="-1.620213412301E9" classname="com.tetherfi.test.ivr.OperatingHoursTest">
    <skipped/>
  </testcase> <!-- @BeforeMethod NavigateToOperatingHoursPage -->
  <testcase name="@AfterMethod afterEachMethod" time="-1.620213412317E9" classname="com.tetherfi.test.ivr.OperatingHoursTest">
    <skipped/>
  </testcase> <!-- @AfterMethod afterEachMethod -->
  <testcase name="@AfterMethod endTestCase" time="-1.62021341232E9" classname="com.tetherfi.test.BaseTest">
    <skipped/>
  </testcase> <!-- @AfterMethod endTestCase -->
  <testcase name="@BeforeMethod startTestCase" time="-1.620213412327E9" classname="com.tetherfi.test.BaseTest">
    <skipped/>
  </testcase> <!-- @BeforeMethod startTestCase -->
  <testcase name="@BeforeMethod NavigateToOperatingHoursPage" time="-1.620213412332E9" classname="com.tetherfi.test.ivr.OperatingHoursTest">
    <skipped/>
  </testcase> <!-- @BeforeMethod NavigateToOperatingHoursPage -->
  <testcase name="@AfterMethod afterEachMethod" time="-1.620213412356E9" classname="com.tetherfi.test.ivr.OperatingHoursTest">
    <skipped/>
  </testcase> <!-- @AfterMethod afterEachMethod -->
  <testcase name="@AfterMethod endTestCase" time="-1.62021341236E9" classname="com.tetherfi.test.BaseTest">
    <skipped/>
  </testcase> <!-- @AfterMethod endTestCase -->
  <testcase name="@BeforeMethod startTestCase" time="-1.620213412379E9" classname="com.tetherfi.test.BaseTest">
    <skipped/>
  </testcase> <!-- @BeforeMethod startTestCase -->
  <testcase name="@BeforeMethod NavigateToOperatingHoursPage" time="-1.620213412383E9" classname="com.tetherfi.test.ivr.OperatingHoursTest">
    <skipped/>
  </testcase> <!-- @BeforeMethod NavigateToOperatingHoursPage -->
  <testcase name="@AfterMethod afterEachMethod" time="-1.620213412401E9" classname="com.tetherfi.test.ivr.OperatingHoursTest">
    <skipped/>
  </testcase> <!-- @AfterMethod afterEachMethod -->
  <testcase name="@AfterMethod endTestCase" time="-1.620213412405E9" classname="com.tetherfi.test.BaseTest">
    <skipped/>
  </testcase> <!-- @AfterMethod endTestCase -->
  <testcase name="@BeforeMethod startTestCase" time="-1.620213412416E9" classname="com.tetherfi.test.BaseTest">
    <skipped/>
  </testcase> <!-- @BeforeMethod startTestCase -->
  <testcase name="@BeforeMethod NavigateToOperatingHoursPage" time="-1.62021341242E9" classname="com.tetherfi.test.ivr.OperatingHoursTest">
    <skipped/>
  </testcase> <!-- @BeforeMethod NavigateToOperatingHoursPage -->
  <testcase name="@AfterMethod afterEachMethod" time="-1.620213412439E9" classname="com.tetherfi.test.ivr.OperatingHoursTest">
    <skipped/>
  </testcase> <!-- @AfterMethod afterEachMethod -->
  <testcase name="@AfterMethod endTestCase" time="-1.620213412443E9" classname="com.tetherfi.test.BaseTest">
    <skipped/>
  </testcase> <!-- @AfterMethod endTestCase -->
  <testcase name="@BeforeMethod startTestCase" time="-1.620213412454E9" classname="com.tetherfi.test.BaseTest">
    <skipped/>
  </testcase> <!-- @BeforeMethod startTestCase -->
  <testcase name="@BeforeMethod NavigateToOperatingHoursPage" time="-1.620213412459E9" classname="com.tetherfi.test.ivr.OperatingHoursTest">
    <skipped/>
  </testcase> <!-- @BeforeMethod NavigateToOperatingHoursPage -->
  <testcase name="@AfterMethod afterEachMethod" time="-1.620213412475E9" classname="com.tetherfi.test.ivr.OperatingHoursTest">
    <skipped/>
  </testcase> <!-- @AfterMethod afterEachMethod -->
  <testcase name="@AfterMethod endTestCase" time="-1.620213412478E9" classname="com.tetherfi.test.BaseTest">
    <skipped/>
  </testcase> <!-- @AfterMethod endTestCase -->
  <testcase name="@BeforeMethod startTestCase" time="-1.620213412481E9" classname="com.tetherfi.test.BaseTest">
    <skipped/>
  </testcase> <!-- @BeforeMethod startTestCase -->
  <testcase name="@BeforeMethod NavigateToOperatingHoursPage" time="-1.620213412483E9" classname="com.tetherfi.test.ivr.OperatingHoursTest">
    <skipped/>
  </testcase> <!-- @BeforeMethod NavigateToOperatingHoursPage -->
  <testcase name="@AfterMethod afterEachMethod" time="-1.620213412498E9" classname="com.tetherfi.test.ivr.OperatingHoursTest">
    <skipped/>
  </testcase> <!-- @AfterMethod afterEachMethod -->
  <testcase name="@AfterMethod endTestCase" time="-1.6202134125E9" classname="com.tetherfi.test.BaseTest">
    <skipped/>
  </testcase> <!-- @AfterMethod endTestCase -->
  <testcase name="@BeforeMethod startTestCase" time="-1.620213412505E9" classname="com.tetherfi.test.BaseTest">
    <skipped/>
  </testcase> <!-- @BeforeMethod startTestCase -->
  <testcase name="@BeforeMethod NavigateToOperatingHoursPage" time="-1.620213412508E9" classname="com.tetherfi.test.ivr.OperatingHoursTest">
    <skipped/>
  </testcase> <!-- @BeforeMethod NavigateToOperatingHoursPage -->
  <testcase name="@AfterMethod afterEachMethod" time="-1.620213412521E9" classname="com.tetherfi.test.ivr.OperatingHoursTest">
    <skipped/>
  </testcase> <!-- @AfterMethod afterEachMethod -->
  <testcase name="@AfterMethod endTestCase" time="-1.620213412523E9" classname="com.tetherfi.test.BaseTest">
    <skipped/>
  </testcase> <!-- @AfterMethod endTestCase -->
  <testcase name="@BeforeMethod startTestCase" time="-1.620213412528E9" classname="com.tetherfi.test.BaseTest">
    <skipped/>
  </testcase> <!-- @BeforeMethod startTestCase -->
  <testcase name="@BeforeMethod NavigateToOperatingHoursPage" time="-1.62021341253E9" classname="com.tetherfi.test.ivr.OperatingHoursTest">
    <skipped/>
  </testcase> <!-- @BeforeMethod NavigateToOperatingHoursPage -->
  <testcase name="@AfterMethod afterEachMethod" time="-1.620213412544E9" classname="com.tetherfi.test.ivr.OperatingHoursTest">
    <skipped/>
  </testcase> <!-- @AfterMethod afterEachMethod -->
  <testcase name="@AfterMethod endTestCase" time="-1.620213412546E9" classname="com.tetherfi.test.BaseTest">
    <skipped/>
  </testcase> <!-- @AfterMethod endTestCase -->
  <testcase name="@BeforeMethod startTestCase" time="-1.62021341255E9" classname="com.tetherfi.test.BaseTest">
    <skipped/>
  </testcase> <!-- @BeforeMethod startTestCase -->
  <testcase name="@BeforeMethod NavigateToOperatingHoursPage" time="-1.620213412552E9" classname="com.tetherfi.test.ivr.OperatingHoursTest">
    <skipped/>
  </testcase> <!-- @BeforeMethod NavigateToOperatingHoursPage -->
  <testcase name="@AfterMethod afterEachMethod" time="-1.62021341257E9" classname="com.tetherfi.test.ivr.OperatingHoursTest">
    <skipped/>
  </testcase> <!-- @AfterMethod afterEachMethod -->
  <testcase name="@AfterMethod endTestCase" time="-1.620213412573E9" classname="com.tetherfi.test.BaseTest">
    <skipped/>
  </testcase> <!-- @AfterMethod endTestCase -->
  <testcase name="@BeforeMethod startTestCase" time="-1.620213412582E9" classname="com.tetherfi.test.BaseTest">
    <skipped/>
  </testcase> <!-- @BeforeMethod startTestCase -->
  <testcase name="@BeforeMethod NavigateToOperatingHoursPage" time="-1.620213412586E9" classname="com.tetherfi.test.ivr.OperatingHoursTest">
    <skipped/>
  </testcase> <!-- @BeforeMethod NavigateToOperatingHoursPage -->
  <testcase name="@AfterMethod afterEachMethod" time="-1.620213412605E9" classname="com.tetherfi.test.ivr.OperatingHoursTest">
    <skipped/>
  </testcase> <!-- @AfterMethod afterEachMethod -->
  <testcase name="@AfterMethod endTestCase" time="-1.620213412608E9" classname="com.tetherfi.test.BaseTest">
    <skipped/>
  </testcase> <!-- @AfterMethod endTestCase -->
  <testcase name="@BeforeMethod startTestCase" time="-1.620213412615E9" classname="com.tetherfi.test.BaseTest">
    <skipped/>
  </testcase> <!-- @BeforeMethod startTestCase -->
  <testcase name="@BeforeMethod NavigateToOperatingHoursPage" time="-1.620213412622E9" classname="com.tetherfi.test.ivr.OperatingHoursTest">
    <skipped/>
  </testcase> <!-- @BeforeMethod NavigateToOperatingHoursPage -->
  <testcase name="@AfterMethod afterEachMethod" time="-1.620213412635E9" classname="com.tetherfi.test.ivr.OperatingHoursTest">
    <skipped/>
  </testcase> <!-- @AfterMethod afterEachMethod -->
  <testcase name="@AfterMethod endTestCase" time="-1.620213412642E9" classname="com.tetherfi.test.BaseTest">
    <skipped/>
  </testcase> <!-- @AfterMethod endTestCase -->
  <testcase name="@BeforeMethod startTestCase" time="-1.620213412646E9" classname="com.tetherfi.test.BaseTest">
    <skipped/>
  </testcase> <!-- @BeforeMethod startTestCase -->
  <testcase name="@BeforeMethod NavigateToOperatingHoursPage" time="-1.620213412648E9" classname="com.tetherfi.test.ivr.OperatingHoursTest">
    <skipped/>
  </testcase> <!-- @BeforeMethod NavigateToOperatingHoursPage -->
  <testcase name="@AfterMethod afterEachMethod" time="-1.620213412654E9" classname="com.tetherfi.test.ivr.OperatingHoursTest">
    <skipped/>
  </testcase> <!-- @AfterMethod afterEachMethod -->
  <testcase name="@AfterMethod endTestCase" time="-1.620213412656E9" classname="com.tetherfi.test.BaseTest">
    <skipped/>
  </testcase> <!-- @AfterMethod endTestCase -->
  <testcase name="@BeforeMethod startTestCase" time="-1.620213412661E9" classname="com.tetherfi.test.BaseTest">
    <skipped/>
  </testcase> <!-- @BeforeMethod startTestCase -->
  <testcase name="@BeforeMethod NavigateToOperatingHoursPage" time="-1.620213412663E9" classname="com.tetherfi.test.ivr.OperatingHoursTest">
    <skipped/>
  </testcase> <!-- @BeforeMethod NavigateToOperatingHoursPage -->
  <testcase name="@AfterMethod afterEachMethod" time="-1.620213412667E9" classname="com.tetherfi.test.ivr.OperatingHoursTest">
    <skipped/>
  </testcase> <!-- @AfterMethod afterEachMethod -->
  <testcase name="@AfterMethod endTestCase" time="-1.620213412668E9" classname="com.tetherfi.test.BaseTest">
    <skipped/>
  </testcase> <!-- @AfterMethod endTestCase -->
  <testcase name="@BeforeMethod startTestCase" time="-1.62021341267E9" classname="com.tetherfi.test.BaseTest">
    <skipped/>
  </testcase> <!-- @BeforeMethod startTestCase -->
  <testcase name="@BeforeMethod NavigateToOperatingHoursPage" time="-1.620213412671E9" classname="com.tetherfi.test.ivr.OperatingHoursTest">
    <skipped/>
  </testcase> <!-- @BeforeMethod NavigateToOperatingHoursPage -->
  <testcase name="@AfterMethod afterEachMethod" time="-1.620213412675E9" classname="com.tetherfi.test.ivr.OperatingHoursTest">
    <skipped/>
  </testcase> <!-- @AfterMethod afterEachMethod -->
  <testcase name="@AfterMethod endTestCase" time="-1.620213412676E9" classname="com.tetherfi.test.BaseTest">
    <skipped/>
  </testcase> <!-- @AfterMethod endTestCase -->
  <testcase name="@BeforeMethod startTestCase" time="-1.620213412678E9" classname="com.tetherfi.test.BaseTest">
    <skipped/>
  </testcase> <!-- @BeforeMethod startTestCase -->
  <testcase name="@BeforeMethod NavigateToOperatingHoursPage" time="-1.620213412681E9" classname="com.tetherfi.test.ivr.OperatingHoursTest">
    <skipped/>
  </testcase> <!-- @BeforeMethod NavigateToOperatingHoursPage -->
  <testcase name="@AfterMethod afterEachMethod" time="-1.620213412687E9" classname="com.tetherfi.test.ivr.OperatingHoursTest">
    <skipped/>
  </testcase> <!-- @AfterMethod afterEachMethod -->
  <testcase name="@AfterMethod endTestCase" time="-1.620213412689E9" classname="com.tetherfi.test.BaseTest">
    <skipped/>
  </testcase> <!-- @AfterMethod endTestCase -->
  <testcase name="@BeforeMethod startTestCase" time="-1.620213412691E9" classname="com.tetherfi.test.BaseTest">
    <skipped/>
  </testcase> <!-- @BeforeMethod startTestCase -->
  <testcase name="@BeforeMethod NavigateToOperatingHoursPage" time="-1.620213412692E9" classname="com.tetherfi.test.ivr.OperatingHoursTest">
    <skipped/>
  </testcase> <!-- @BeforeMethod NavigateToOperatingHoursPage -->
  <testcase name="@AfterMethod afterEachMethod" time="-1.620213412697E9" classname="com.tetherfi.test.ivr.OperatingHoursTest">
    <skipped/>
  </testcase> <!-- @AfterMethod afterEachMethod -->
  <testcase name="@AfterMethod endTestCase" time="-1.620213412699E9" classname="com.tetherfi.test.BaseTest">
    <skipped/>
  </testcase> <!-- @AfterMethod endTestCase -->
  <testcase name="@BeforeMethod startTestCase" time="-1.620213412704E9" classname="com.tetherfi.test.BaseTest">
    <skipped/>
  </testcase> <!-- @BeforeMethod startTestCase -->
  <testcase name="@BeforeMethod NavigateToOperatingHoursPage" time="-1.620213412707E9" classname="com.tetherfi.test.ivr.OperatingHoursTest">
    <skipped/>
  </testcase> <!-- @BeforeMethod NavigateToOperatingHoursPage -->
  <testcase name="@AfterMethod afterEachMethod" time="-1.620213412713E9" classname="com.tetherfi.test.ivr.OperatingHoursTest">
    <skipped/>
  </testcase> <!-- @AfterMethod afterEachMethod -->
  <testcase name="@AfterMethod endTestCase" time="-1.620213412714E9" classname="com.tetherfi.test.BaseTest">
    <skipped/>
  </testcase> <!-- @AfterMethod endTestCase -->
  <testcase name="@BeforeMethod startTestCase" time="-1.620213412716E9" classname="com.tetherfi.test.BaseTest">
    <skipped/>
  </testcase> <!-- @BeforeMethod startTestCase -->
  <testcase name="@BeforeMethod NavigateToOperatingHoursPage" time="-1.620213412717E9" classname="com.tetherfi.test.ivr.OperatingHoursTest">
    <skipped/>
  </testcase> <!-- @BeforeMethod NavigateToOperatingHoursPage -->
  <testcase name="@AfterMethod afterEachMethod" time="-1.620213412728E9" classname="com.tetherfi.test.ivr.OperatingHoursTest">
    <skipped/>
  </testcase> <!-- @AfterMethod afterEachMethod -->
  <testcase name="@AfterMethod endTestCase" time="-1.620213412729E9" classname="com.tetherfi.test.BaseTest">
    <skipped/>
  </testcase> <!-- @AfterMethod endTestCase -->
  <testcase name="@BeforeMethod startTestCase" time="-1.620213412732E9" classname="com.tetherfi.test.BaseTest">
    <skipped/>
  </testcase> <!-- @BeforeMethod startTestCase -->
  <testcase name="@BeforeMethod NavigateToOperatingHoursPage" time="-1.620213412734E9" classname="com.tetherfi.test.ivr.OperatingHoursTest">
    <skipped/>
  </testcase> <!-- @BeforeMethod NavigateToOperatingHoursPage -->
  <testcase name="@AfterMethod afterEachMethod" time="-1.620213412741E9" classname="com.tetherfi.test.ivr.OperatingHoursTest">
    <skipped/>
  </testcase> <!-- @AfterMethod afterEachMethod -->
  <testcase name="@AfterMethod endTestCase" time="-1.620213412744E9" classname="com.tetherfi.test.BaseTest">
    <skipped/>
  </testcase> <!-- @AfterMethod endTestCase -->
  <testcase name="@BeforeMethod startTestCase" time="-1.620213412747E9" classname="com.tetherfi.test.BaseTest">
    <skipped/>
  </testcase> <!-- @BeforeMethod startTestCase -->
  <testcase name="@BeforeMethod NavigateToOperatingHoursPage" time="-1.620213412748E9" classname="com.tetherfi.test.ivr.OperatingHoursTest">
    <skipped/>
  </testcase> <!-- @BeforeMethod NavigateToOperatingHoursPage -->
  <testcase name="@AfterMethod afterEachMethod" time="-1.620213412753E9" classname="com.tetherfi.test.ivr.OperatingHoursTest">
    <skipped/>
  </testcase> <!-- @AfterMethod afterEachMethod -->
  <testcase name="@AfterMethod endTestCase" time="-1.620213412754E9" classname="com.tetherfi.test.BaseTest">
    <skipped/>
  </testcase> <!-- @AfterMethod endTestCase -->
  <testcase name="@BeforeMethod startTestCase" time="-1.620213412756E9" classname="com.tetherfi.test.BaseTest">
    <skipped/>
  </testcase> <!-- @BeforeMethod startTestCase -->
  <testcase name="@BeforeMethod NavigateToOperatingHoursPage" time="-1.620213412757E9" classname="com.tetherfi.test.ivr.OperatingHoursTest">
    <skipped/>
  </testcase> <!-- @BeforeMethod NavigateToOperatingHoursPage -->
  <testcase name="@AfterMethod afterEachMethod" time="-1.620213412761E9" classname="com.tetherfi.test.ivr.OperatingHoursTest">
    <skipped/>
  </testcase> <!-- @AfterMethod afterEachMethod -->
  <testcase name="@AfterMethod endTestCase" time="-1.620213412764E9" classname="com.tetherfi.test.BaseTest">
    <skipped/>
  </testcase> <!-- @AfterMethod endTestCase -->
  <testcase name="@BeforeMethod startTestCase" time="-1.620213412766E9" classname="com.tetherfi.test.BaseTest">
    <skipped/>
  </testcase> <!-- @BeforeMethod startTestCase -->
  <testcase name="@BeforeMethod NavigateToOperatingHoursPage" time="-1.620213412767E9" classname="com.tetherfi.test.ivr.OperatingHoursTest">
    <skipped/>
  </testcase> <!-- @BeforeMethod NavigateToOperatingHoursPage -->
  <testcase name="@AfterMethod afterEachMethod" time="-1.620213412771E9" classname="com.tetherfi.test.ivr.OperatingHoursTest">
    <skipped/>
  </testcase> <!-- @AfterMethod afterEachMethod -->
  <testcase name="@AfterMethod endTestCase" time="-1.620213412772E9" classname="com.tetherfi.test.BaseTest">
    <skipped/>
  </testcase> <!-- @AfterMethod endTestCase -->
  <testcase name="@BeforeMethod startTestCase" time="-1.620213412773E9" classname="com.tetherfi.test.BaseTest">
    <skipped/>
  </testcase> <!-- @BeforeMethod startTestCase -->
  <testcase name="@BeforeMethod NavigateToOperatingHoursPage" time="-1.620213412773E9" classname="com.tetherfi.test.ivr.OperatingHoursTest">
    <skipped/>
  </testcase> <!-- @BeforeMethod NavigateToOperatingHoursPage -->
  <testcase name="@AfterMethod afterEachMethod" time="-1.620213412776E9" classname="com.tetherfi.test.ivr.OperatingHoursTest">
    <skipped/>
  </testcase> <!-- @AfterMethod afterEachMethod -->
  <testcase name="@AfterMethod endTestCase" time="-1.620213412777E9" classname="com.tetherfi.test.BaseTest">
    <skipped/>
  </testcase> <!-- @AfterMethod endTestCase -->
  <testcase name="@BeforeMethod startTestCase" time="-1.620213412778E9" classname="com.tetherfi.test.BaseTest">
    <skipped/>
  </testcase> <!-- @BeforeMethod startTestCase -->
  <testcase name="@BeforeMethod NavigateToOperatingHoursPage" time="-1.620213412779E9" classname="com.tetherfi.test.ivr.OperatingHoursTest">
    <skipped/>
  </testcase> <!-- @BeforeMethod NavigateToOperatingHoursPage -->
  <testcase name="@AfterMethod afterEachMethod" time="-1.620213412781E9" classname="com.tetherfi.test.ivr.OperatingHoursTest">
    <skipped/>
  </testcase> <!-- @AfterMethod afterEachMethod -->
  <testcase name="@AfterMethod endTestCase" time="-1.620213412783E9" classname="com.tetherfi.test.BaseTest">
    <skipped/>
  </testcase> <!-- @AfterMethod endTestCase -->
  <testcase name="@BeforeMethod startTestCase" time="-1.620213412786E9" classname="com.tetherfi.test.BaseTest">
    <skipped/>
  </testcase> <!-- @BeforeMethod startTestCase -->
  <testcase name="@BeforeMethod NavigateToOperatingHoursPage" time="-1.620213412788E9" classname="com.tetherfi.test.ivr.OperatingHoursTest">
    <skipped/>
  </testcase> <!-- @BeforeMethod NavigateToOperatingHoursPage -->
  <testcase name="@AfterMethod afterEachMethod" time="-1.620213412793E9" classname="com.tetherfi.test.ivr.OperatingHoursTest">
    <skipped/>
  </testcase> <!-- @AfterMethod afterEachMethod -->
  <testcase name="@AfterMethod endTestCase" time="-1.620213412794E9" classname="com.tetherfi.test.BaseTest">
    <skipped/>
  </testcase> <!-- @AfterMethod endTestCase -->
  <testcase name="@BeforeMethod startTestCase" time="-1.620213412795E9" classname="com.tetherfi.test.BaseTest">
    <skipped/>
  </testcase> <!-- @BeforeMethod startTestCase -->
  <testcase name="@BeforeMethod NavigateToOperatingHoursPage" time="-1.620213412796E9" classname="com.tetherfi.test.ivr.OperatingHoursTest">
    <skipped/>
  </testcase> <!-- @BeforeMethod NavigateToOperatingHoursPage -->
  <testcase name="@AfterMethod afterEachMethod" time="-1.620213412801E9" classname="com.tetherfi.test.ivr.OperatingHoursTest">
    <skipped/>
  </testcase> <!-- @AfterMethod afterEachMethod -->
  <testcase name="@AfterMethod endTestCase" time="-1.620213412802E9" classname="com.tetherfi.test.BaseTest">
    <skipped/>
  </testcase> <!-- @AfterMethod endTestCase -->
  <testcase name="@BeforeMethod startTestCase" time="-1.620213412803E9" classname="com.tetherfi.test.BaseTest">
    <skipped/>
  </testcase> <!-- @BeforeMethod startTestCase -->
  <testcase name="@BeforeMethod NavigateToOperatingHoursPage" time="-1.620213412805E9" classname="com.tetherfi.test.ivr.OperatingHoursTest">
    <skipped/>
  </testcase> <!-- @BeforeMethod NavigateToOperatingHoursPage -->
  <testcase name="@AfterMethod afterEachMethod" time="-1.62021341281E9" classname="com.tetherfi.test.ivr.OperatingHoursTest">
    <skipped/>
  </testcase> <!-- @AfterMethod afterEachMethod -->
  <testcase name="@AfterMethod endTestCase" time="-1.620213412811E9" classname="com.tetherfi.test.BaseTest">
    <skipped/>
  </testcase> <!-- @AfterMethod endTestCase -->
  <testcase name="@BeforeMethod startTestCase" time="-1.620213412813E9" classname="com.tetherfi.test.BaseTest">
    <skipped/>
  </testcase> <!-- @BeforeMethod startTestCase -->
  <testcase name="@BeforeMethod NavigateToOperatingHoursPage" time="-1.620213412814E9" classname="com.tetherfi.test.ivr.OperatingHoursTest">
    <skipped/>
  </testcase> <!-- @BeforeMethod NavigateToOperatingHoursPage -->
  <testcase name="@AfterMethod afterEachMethod" time="-1.620213412817E9" classname="com.tetherfi.test.ivr.OperatingHoursTest">
    <skipped/>
  </testcase> <!-- @AfterMethod afterEachMethod -->
  <testcase name="@AfterMethod endTestCase" time="-1.620213412818E9" classname="com.tetherfi.test.BaseTest">
    <skipped/>
  </testcase> <!-- @AfterMethod endTestCase -->
  <testcase name="@BeforeMethod startTestCase" time="-1.620213412819E9" classname="com.tetherfi.test.BaseTest">
    <skipped/>
  </testcase> <!-- @BeforeMethod startTestCase -->
  <testcase name="@BeforeMethod NavigateToOperatingHoursPage" time="-1.62021341282E9" classname="com.tetherfi.test.ivr.OperatingHoursTest">
    <skipped/>
  </testcase> <!-- @BeforeMethod NavigateToOperatingHoursPage -->
  <testcase name="@AfterMethod afterEachMethod" time="-1.620213412823E9" classname="com.tetherfi.test.ivr.OperatingHoursTest">
    <skipped/>
  </testcase> <!-- @AfterMethod afterEachMethod -->
  <testcase name="@AfterMethod endTestCase" time="-1.620213412824E9" classname="com.tetherfi.test.BaseTest">
    <skipped/>
  </testcase> <!-- @AfterMethod endTestCase -->
  <testcase name="@BeforeMethod startTestCase" time="-1.620213412827E9" classname="com.tetherfi.test.BaseTest">
    <skipped/>
  </testcase> <!-- @BeforeMethod startTestCase -->
  <testcase name="@BeforeMethod NavigateToOperatingHoursPage" time="-1.620213412829E9" classname="com.tetherfi.test.ivr.OperatingHoursTest">
    <skipped/>
  </testcase> <!-- @BeforeMethod NavigateToOperatingHoursPage -->
  <testcase name="@AfterMethod afterEachMethod" time="-1.620213412833E9" classname="com.tetherfi.test.ivr.OperatingHoursTest">
    <skipped/>
  </testcase> <!-- @AfterMethod afterEachMethod -->
  <testcase name="@AfterMethod endTestCase" time="-1.620213412834E9" classname="com.tetherfi.test.BaseTest">
    <skipped/>
  </testcase> <!-- @AfterMethod endTestCase -->
  <testcase name="@BeforeMethod startTestCase" time="-1.620213412835E9" classname="com.tetherfi.test.BaseTest">
    <skipped/>
  </testcase> <!-- @BeforeMethod startTestCase -->
  <testcase name="@BeforeMethod NavigateToOperatingHoursPage" time="-1.620213412836E9" classname="com.tetherfi.test.ivr.OperatingHoursTest">
    <skipped/>
  </testcase> <!-- @BeforeMethod NavigateToOperatingHoursPage -->
  <testcase name="@AfterMethod afterEachMethod" time="-1.62021341284E9" classname="com.tetherfi.test.ivr.OperatingHoursTest">
    <skipped/>
  </testcase> <!-- @AfterMethod afterEachMethod -->
  <testcase name="@AfterMethod endTestCase" time="-1.620213412841E9" classname="com.tetherfi.test.BaseTest">
    <skipped/>
  </testcase> <!-- @AfterMethod endTestCase -->
  <testcase name="@BeforeMethod startTestCase" time="-1.620213412842E9" classname="com.tetherfi.test.BaseTest">
    <skipped/>
  </testcase> <!-- @BeforeMethod startTestCase -->
  <testcase name="@BeforeMethod NavigateToOperatingHoursPage" time="-1.620213412843E9" classname="com.tetherfi.test.ivr.OperatingHoursTest">
    <skipped/>
  </testcase> <!-- @BeforeMethod NavigateToOperatingHoursPage -->
  <testcase name="@AfterMethod afterEachMethod" time="-1.620213412849E9" classname="com.tetherfi.test.ivr.OperatingHoursTest">
    <skipped/>
  </testcase> <!-- @AfterMethod afterEachMethod -->
  <testcase name="@AfterMethod endTestCase" time="-1.62021341285E9" classname="com.tetherfi.test.BaseTest">
    <skipped/>
  </testcase> <!-- @AfterMethod endTestCase -->
  <testcase name="@BeforeMethod startTestCase" time="-1.620213412851E9" classname="com.tetherfi.test.BaseTest">
    <skipped/>
  </testcase> <!-- @BeforeMethod startTestCase -->
  <testcase name="@BeforeMethod NavigateToOperatingHoursPage" time="-1.620213412852E9" classname="com.tetherfi.test.ivr.OperatingHoursTest">
    <skipped/>
  </testcase> <!-- @BeforeMethod NavigateToOperatingHoursPage -->
  <testcase name="@AfterMethod afterEachMethod" time="-1.620213412856E9" classname="com.tetherfi.test.ivr.OperatingHoursTest">
    <skipped/>
  </testcase> <!-- @AfterMethod afterEachMethod -->
  <testcase name="@AfterMethod endTestCase" time="-1.620213412857E9" classname="com.tetherfi.test.BaseTest">
    <skipped/>
  </testcase> <!-- @AfterMethod endTestCase -->
  <testcase name="@BeforeMethod startTestCase" time="-1.620213412858E9" classname="com.tetherfi.test.BaseTest">
    <skipped/>
  </testcase> <!-- @BeforeMethod startTestCase -->
  <testcase name="@BeforeMethod NavigateToOperatingHoursPage" time="-1.620213412859E9" classname="com.tetherfi.test.ivr.OperatingHoursTest">
    <skipped/>
  </testcase> <!-- @BeforeMethod NavigateToOperatingHoursPage -->
  <testcase name="@AfterMethod afterEachMethod" time="-1.620213412861E9" classname="com.tetherfi.test.ivr.OperatingHoursTest">
    <skipped/>
  </testcase> <!-- @AfterMethod afterEachMethod -->
  <testcase name="@AfterMethod endTestCase" time="-1.620213412863E9" classname="com.tetherfi.test.BaseTest">
    <skipped/>
  </testcase> <!-- @AfterMethod endTestCase -->
  <testcase name="@BeforeMethod startTestCase" time="-1.620213412864E9" classname="com.tetherfi.test.BaseTest">
    <skipped/>
  </testcase> <!-- @BeforeMethod startTestCase -->
  <testcase name="@BeforeMethod NavigateToOperatingHoursPage" time="-1.620213412864E9" classname="com.tetherfi.test.ivr.OperatingHoursTest">
    <skipped/>
  </testcase> <!-- @BeforeMethod NavigateToOperatingHoursPage -->
  <testcase name="@AfterMethod afterEachMethod" time="-1.62021341287E9" classname="com.tetherfi.test.ivr.OperatingHoursTest">
    <skipped/>
  </testcase> <!-- @AfterMethod afterEachMethod -->
  <testcase name="@AfterMethod endTestCase" time="-1.620213412871E9" classname="com.tetherfi.test.BaseTest">
    <skipped/>
  </testcase> <!-- @AfterMethod endTestCase -->
  <testcase name="@BeforeMethod startTestCase" time="-1.620213412873E9" classname="com.tetherfi.test.BaseTest">
    <skipped/>
  </testcase> <!-- @BeforeMethod startTestCase -->
  <testcase name="@BeforeMethod NavigateToOperatingHoursPage" time="-1.620213412873E9" classname="com.tetherfi.test.ivr.OperatingHoursTest">
    <skipped/>
  </testcase> <!-- @BeforeMethod NavigateToOperatingHoursPage -->
  <testcase name="@AfterMethod afterEachMethod" time="-1.620213412877E9" classname="com.tetherfi.test.ivr.OperatingHoursTest">
    <skipped/>
  </testcase> <!-- @AfterMethod afterEachMethod -->
  <testcase name="@AfterMethod endTestCase" time="-1.620213412878E9" classname="com.tetherfi.test.BaseTest">
    <skipped/>
  </testcase> <!-- @AfterMethod endTestCase -->
  <testcase name="@BeforeMethod startTestCase" time="-1.62021341288E9" classname="com.tetherfi.test.BaseTest">
    <skipped/>
  </testcase> <!-- @BeforeMethod startTestCase -->
  <testcase name="@BeforeMethod NavigateToOperatingHoursPage" time="-1.620213412881E9" classname="com.tetherfi.test.ivr.OperatingHoursTest">
    <skipped/>
  </testcase> <!-- @BeforeMethod NavigateToOperatingHoursPage -->
  <testcase name="@AfterMethod afterEachMethod" time="-1.620213412886E9" classname="com.tetherfi.test.ivr.OperatingHoursTest">
    <skipped/>
  </testcase> <!-- @AfterMethod afterEachMethod -->
  <testcase name="@AfterMethod endTestCase" time="-1.620213412886E9" classname="com.tetherfi.test.BaseTest">
    <skipped/>
  </testcase> <!-- @AfterMethod endTestCase -->
  <testcase name="@AfterClass tearDown" time="-1.620213412889E9" classname="com.tetherfi.test.BaseTest">
    <skipped/>
  </testcase> <!-- @AfterClass tearDown -->
  <testcase name="OperatingHoursPage" time="0.0" classname="com.tetherfi.test.ivr.OperatingHoursTest">
    <skipped/>
  </testcase> <!-- OperatingHoursPage -->
  <testcase name="AddNewOperatingHoursRecord" time="0.0" classname="com.tetherfi.test.ivr.OperatingHoursTest">
    <skipped/>
  </testcase> <!-- AddNewOperatingHoursRecord -->
  <testcase name="AddAlldaysOperatingHoursRecord" time="0.0" classname="com.tetherfi.test.ivr.OperatingHoursTest">
    <skipped/>
  </testcase> <!-- AddAlldaysOperatingHoursRecord -->
  <testcase name="AddLeavingFieldsBlank" time="0.0" classname="com.tetherfi.test.ivr.OperatingHoursTest">
    <skipped/>
  </testcase> <!-- AddLeavingFieldsBlank -->
  <testcase name="AddLeavingVDNBlank" time="0.0" classname="com.tetherfi.test.ivr.OperatingHoursTest">
    <skipped/>
  </testcase> <!-- AddLeavingVDNBlank -->
  <testcase name="AddLeavingWeekDayFieldsBlank" time="0.0" classname="com.tetherfi.test.ivr.OperatingHoursTest">
    <skipped/>
  </testcase> <!-- AddLeavingWeekDayFieldsBlank -->
  <testcase name="AddLeavingStartTimeFieldsBlank" time="0.0" classname="com.tetherfi.test.ivr.OperatingHoursTest">
    <skipped/>
  </testcase> <!-- AddLeavingStartTimeFieldsBlank -->
  <testcase name="AddLeavingEndTimeFieldsBlank" time="0.0" classname="com.tetherfi.test.ivr.OperatingHoursTest">
    <skipped/>
  </testcase> <!-- AddLeavingEndTimeFieldsBlank -->
  <testcase name="AddLeavingBypassPublicHolidayFieldsBlank" time="0.0" classname="com.tetherfi.test.ivr.OperatingHoursTest">
    <skipped/>
  </testcase> <!-- AddLeavingBypassPublicHolidayFieldsBlank -->
  <testcase name="AddDuplicateRecord" time="0.0" classname="com.tetherfi.test.ivr.OperatingHoursTest">
    <skipped/>
  </testcase> <!-- AddDuplicateRecord -->
  <testcase name="AddInvalidVDNRecord" time="0.0" classname="com.tetherfi.test.ivr.OperatingHoursTest">
    <skipped/>
  </testcase> <!-- AddInvalidVDNRecord -->
  <testcase name="AddInvalidStartTimeRecord" time="0.0" classname="com.tetherfi.test.ivr.OperatingHoursTest">
    <skipped/>
  </testcase> <!-- AddInvalidStartTimeRecord -->
  <testcase name="AddInvalidStartAndEndTimeRecord" time="0.0" classname="com.tetherfi.test.ivr.OperatingHoursTest">
    <skipped/>
  </testcase> <!-- AddInvalidStartAndEndTimeRecord -->
  <testcase name="EditOperatingHoursCancelRecord" time="0.0" classname="com.tetherfi.test.ivr.OperatingHoursTest">
    <skipped/>
  </testcase> <!-- EditOperatingHoursCancelRecord -->
  <testcase name="EditOperatingHoursRecord" time="0.0" classname="com.tetherfi.test.ivr.OperatingHoursTest">
    <skipped/>
  </testcase> <!-- EditOperatingHoursRecord -->
  <testcase name="EditInvalidRecord" time="0.0" classname="com.tetherfi.test.ivr.OperatingHoursTest">
    <skipped/>
  </testcase> <!-- EditInvalidRecord -->
  <testcase name="EditRecordWithoutReason" time="0.0" classname="com.tetherfi.test.ivr.OperatingHoursTest">
    <skipped/>
  </testcase> <!-- EditRecordWithoutReason -->
  <testcase name="searchPage" time="0.0" classname="com.tetherfi.test.ivr.OperatingHoursTest">
    <skipped/>
  </testcase> <!-- searchPage -->
  <testcase name="VerifySearchIsNotEqualTo" time="0.0" classname="com.tetherfi.test.ivr.OperatingHoursTest">
    <skipped/>
  </testcase> <!-- VerifySearchIsNotEqualTo -->
  <testcase name="VerifySearchContains" time="0.0" classname="com.tetherfi.test.ivr.OperatingHoursTest">
    <skipped/>
  </testcase> <!-- VerifySearchContains -->
  <testcase name="VerifySearchDoesNotContains" time="0.0" classname="com.tetherfi.test.ivr.OperatingHoursTest">
    <skipped/>
  </testcase> <!-- VerifySearchDoesNotContains -->
  <testcase name="VerifySearchStartsWith" time="0.0" classname="com.tetherfi.test.ivr.OperatingHoursTest">
    <skipped/>
  </testcase> <!-- VerifySearchStartsWith -->
  <testcase name="VerifySearchEndsWith" time="0.0" classname="com.tetherfi.test.ivr.OperatingHoursTest">
    <skipped/>
  </testcase> <!-- VerifySearchEndsWith -->
  <testcase name="SearchClearSearch" time="0.0" classname="com.tetherfi.test.ivr.OperatingHoursTest">
    <skipped/>
  </testcase> <!-- SearchClearSearch -->
  <testcase name="ExportToExcel" time="0.0" classname="com.tetherfi.test.ivr.OperatingHoursTest">
    <skipped/>
  </testcase> <!-- ExportToExcel -->
  <testcase name="ExportToExcelData" time="0.0" classname="com.tetherfi.test.ivr.OperatingHoursTest">
    <skipped/>
  </testcase> <!-- ExportToExcelData -->
  <testcase name="ExporttoExcelWithoutData" time="0.0" classname="com.tetherfi.test.ivr.OperatingHoursTest">
    <skipped/>
  </testcase> <!-- ExporttoExcelWithoutData -->
  <testcase name="SortingByAscending" time="0.0" classname="com.tetherfi.test.ivr.OperatingHoursTest">
    <skipped/>
  </testcase> <!-- SortingByAscending -->
  <testcase name="SortingByDescending" time="0.0" classname="com.tetherfi.test.ivr.OperatingHoursTest">
    <skipped/>
  </testcase> <!-- SortingByDescending -->
  <testcase name="GroupBy" time="0.0" classname="com.tetherfi.test.ivr.OperatingHoursTest">
    <skipped/>
  </testcase> <!-- GroupBy -->
  <testcase name="VerifyArrowMoveForPreviousAndNextPage" time="0.0" classname="com.tetherfi.test.ivr.OperatingHoursTest">
    <skipped/>
  </testcase> <!-- VerifyArrowMoveForPreviousAndNextPage -->
  <testcase name="VerifyArrowMoveForFirstAndLastPage" time="0.0" classname="com.tetherfi.test.ivr.OperatingHoursTest">
    <skipped/>
  </testcase> <!-- VerifyArrowMoveForFirstAndLastPage -->
  <testcase name="VerifyTotalNumberOfItemsPerPageDetails" time="0.001" classname="com.tetherfi.test.ivr.OperatingHoursTest">
    <skipped/>
  </testcase> <!-- VerifyTotalNumberOfItemsPerPageDetails -->
  <testcase name="VerifyNumberOfItemsPerPageSelection" time="0.0" classname="com.tetherfi.test.ivr.OperatingHoursTest">
    <skipped/>
  </testcase> <!-- VerifyNumberOfItemsPerPageSelection -->
  <testcase name="VerifyDropdownForAllTheColumns" time="0.0" classname="com.tetherfi.test.ivr.OperatingHoursTest">
    <skipped/>
  </testcase> <!-- VerifyDropdownForAllTheColumns -->
  <testcase name="VerifyColumnsHeaderEnable" time="0.0" classname="com.tetherfi.test.ivr.OperatingHoursTest">
    <skipped/>
  </testcase> <!-- VerifyColumnsHeaderEnable -->
  <testcase name="VerifyColumnsHeaderDisable" time="0.0" classname="com.tetherfi.test.ivr.OperatingHoursTest">
    <skipped/>
  </testcase> <!-- VerifyColumnsHeaderDisable -->
  <testcase name="DeleteWithoutDeleteReason" time="0.0" classname="com.tetherfi.test.ivr.OperatingHoursTest">
    <skipped/>
  </testcase> <!-- DeleteWithoutDeleteReason -->
  <testcase name="DeleteOperatinghoursRecord" time="0.0" classname="com.tetherfi.test.ivr.OperatingHoursTest">
    <skipped/>
  </testcase> <!-- DeleteOperatinghoursRecord -->
  <testcase name="database" time="0.0" classname="com.tetherfi.test.ivr.OperatingHoursTest">
    <skipped/>
  </testcase> <!-- database -->
</testsuite> <!-- Default test -->
