<?xml version="1.0" encoding="UTF-8"?>
<!-- Generated by org.testng.reporters.JUnitXMLReporter -->
<testsuite ignored="0" hostname="DESKTOP-O6A5C2O" failures="0" tests="2" name="Default test" time="68.953" errors="0" timestamp="2019-10-25T12:30:56 IST">
  <testcase classname="com.tetherfi.test.sms.SmsResponseTemplateUITest" name="VerifyColumnsHeaderEnable" time="17.482"/>
  <testcase classname="com.tetherfi.test.sms.SmsResponseTemplateUITest" name="VerifyColumnsHeaderDisable" time="18.463"/>
</testsuite> <!-- Default test -->
