<?xml version="1.0" encoding="UTF-8"?>
<!-- Generated by org.testng.reporters.JUnitXMLReporter -->
<testsuite ignored="0" hostname="DESKTOP-O6A5C2O" failures="0" tests="2" name="Default test" time="57.383" errors="0" timestamp="2020-03-12T15:09:41 IST">
  <testcase classname="com.tetherfi.test.tmac.TmacAuxCodesTest" name="ExportToExcelButton" time="2.845"/>
  <testcase classname="com.tetherfi.test.tmac.TmacAuxCodesTest" name="verifyExportedData" time="8.494"/>
</testsuite> <!-- Default test -->
