<?xml version="1.0" encoding="UTF-8"?>
<!-- Generated by org.testng.reporters.JUnitXMLReporter -->
<testsuite hostname="LAPTOP-NKH1C2HF" ignored="0" name="Default test" tests="3" failures="0" timestamp="2021-05-17T11:09:42 IST" time="125.293" errors="0">
  <testcase name="ShowReport" time="19.41" classname="com.tetherfi.test.reports.OCMAgentLoginLogoutReportTest"/>
  <testcase name="ShowReportInNewPage" time="21.759" classname="com.tetherfi.test.reports.OCMAgentLoginLogoutReportTest"/>
  <testcase name="database" time="54.863" classname="com.tetherfi.test.reports.OCMAgentLoginLogoutReportTest"/>
</testsuite> <!-- Default test -->
