<?xml version="1.0" encoding="UTF-8"?>
<!-- Generated by org.testng.reporters.JUnitXMLReporter -->
<testsuite hostname="DESKTOP-NJVBPFB" ignored="0" name="Default test" tests="3" failures="0" timestamp="2020-05-08T17:05:26 IST" time="95.677" errors="0">
  <testcase name="AddNewDashboardColorConfigRecord" time="8.639" classname="com.tetherfi.test.DashboardColorCodeConfigTest"/>
  <testcase name="EditDashboardColorConfigRecord" time="11.831" classname="com.tetherfi.test.DashboardColorCodeConfigTest"/>
  <testcase name="DeleteRecord" time="11.587" classname="com.tetherfi.test.DashboardColorCodeConfigTest"/>
</testsuite> <!-- Default test -->
