<?xml version="1.0" encoding="UTF-8"?>
<!-- Generated by org.testng.reporters.JUnitXMLReporter -->
<testsuite ignored="0" hostname="DESKTOP-O6A5C2O" failures="4" tests="47" name="Default test" time="821.236" errors="0" timestamp="2019-11-12T10:42:12 IST">
  <testcase classname="com.tetherfi.test.ivr.VIPListManagementTest" name="VIPListManagementPage" time="1.483"/>
  <testcase classname="com.tetherfi.test.ivr.VIPListManagementTest" name="VerifyDropdownForAllTheColumns" time="20.637"/>
  <testcase classname="com.tetherfi.test.ivr.VIPListManagementTest" name="VerifyColumnsHeaderEnable" time="9.581"/>
  <testcase classname="com.tetherfi.test.ivr.VIPListManagementTest" name="VerifyColumnsHeaderDisable" time="12.148"/>
  <testcase classname="com.tetherfi.test.ivr.VIPListManagementTest" name="AddNewVIPListRecord" time="9.915"/>
  <testcase classname="com.tetherfi.test.ivr.VIPListManagementTest" name="AddDuplicateVIPListRecord" time="8.057"/>
  <testcase classname="com.tetherfi.test.ivr.VIPListManagementTest" name="VerifyAuditTrialReportForCreate" time="27.384">
    <failure type="java.lang.AssertionError" message="did not expect to find [true] but found [false]">
      <![CDATA[java.lang.AssertionError: did not expect to find [true] but found [false]
at org.testng.Assert.fail(Assert.java:97)
at org.testng.Assert.failNotEquals(Assert.java:969)
at org.testng.Assert.assertTrue(Assert.java:43)
at org.testng.Assert.assertTrue(Assert.java:53)
at com.tetherfi.test.ivr.VIPListManagementTest.VerifyAuditTrialReportForCreate(VIPListManagementTest.java:111)
at java.base/jdk.internal.reflect.NativeMethodAccessorImpl.invoke0(Native Method)
at java.base/jdk.internal.reflect.NativeMethodAccessorImpl.invoke(Unknown Source)
at java.base/jdk.internal.reflect.DelegatingMethodAccessorImpl.invoke(Unknown Source)
at java.base/java.lang.reflect.Method.invoke(Unknown Source)
at org.testng.internal.MethodInvocationHelper.invokeMethod(MethodInvocationHelper.java:133)
at org.testng.internal.TestInvoker.invokeMethod(TestInvoker.java:584)
at org.testng.internal.TestInvoker.invokeTestMethod(TestInvoker.java:172)
at org.testng.internal.MethodRunner.runInSequence(MethodRunner.java:46)
at org.testng.internal.TestInvoker$MethodInvocationAgent.invoke(TestInvoker.java:804)
at org.testng.internal.TestInvoker.invokeTestMethods(TestInvoker.java:145)
at org.testng.internal.TestMethodWorker.invokeTestMethods(TestMethodWorker.java:146)
at org.testng.internal.TestMethodWorker.run(TestMethodWorker.java:128)
at java.base/java.util.ArrayList.forEach(Unknown Source)
at org.testng.TestRunner.privateRun(TestRunner.java:770)
at org.testng.TestRunner.run(TestRunner.java:591)
at org.testng.SuiteRunner.runTest(SuiteRunner.java:402)
at org.testng.SuiteRunner.runSequentially(SuiteRunner.java:396)
at org.testng.SuiteRunner.privateRun(SuiteRunner.java:355)
at org.testng.SuiteRunner.run(SuiteRunner.java:304)
at org.testng.SuiteRunnerWorker.runSuite(SuiteRunnerWorker.java:53)
at org.testng.SuiteRunnerWorker.run(SuiteRunnerWorker.java:96)
at org.testng.TestNG.runSuitesSequentially(TestNG.java:1180)
at org.testng.TestNG.runSuitesLocally(TestNG.java:1102)
at org.testng.TestNG.runSuites(TestNG.java:1032)
at org.testng.TestNG.run(TestNG.java:1000)
at org.testng.remote.AbstractRemoteTestNG.run(AbstractRemoteTestNG.java:115)
at org.testng.remote.RemoteTestNG.initAndRun(RemoteTestNG.java:251)
at org.testng.remote.RemoteTestNG.main(RemoteTestNG.java:77)
]]>
    </failure>
  </testcase> <!-- VerifyAuditTrialReportForCreate -->
  <testcase classname="com.tetherfi.test.ivr.VIPListManagementTest" name="AddEmptyRecord" time="1.292"/>
  <testcase classname="com.tetherfi.test.ivr.VIPListManagementTest" name="AddRecordWithoutCallerID" time="8.162"/>
  <testcase classname="com.tetherfi.test.ivr.VIPListManagementTest" name="AddRecordWithoutEmailId" time="8.264"/>
  <testcase classname="com.tetherfi.test.ivr.VIPListManagementTest" name="AddRecordWithoutFBHandle" time="8.626"/>
  <testcase classname="com.tetherfi.test.ivr.VIPListManagementTest" name="AddRecordWithoutMessengerID" time="7.934"/>
  <testcase classname="com.tetherfi.test.ivr.VIPListManagementTest" name="AddRecordWithoutCustomerIDType" time="8.24"/>
  <testcase classname="com.tetherfi.test.ivr.VIPListManagementTest" name="AddRecordWithoutCustomerIDNo" time="8.301"/>
  <testcase classname="com.tetherfi.test.ivr.VIPListManagementTest" name="AddRecordWithoutCountry" time="8.373"/>
  <testcase classname="com.tetherfi.test.ivr.VIPListManagementTest" name="AddRecordWithoutContactType" time="7.484"/>
  <testcase classname="com.tetherfi.test.ivr.VIPListManagementTest" name="AddRecordWithoutInclusionFlag" time="7.32"/>
  <testcase classname="com.tetherfi.test.ivr.VIPListManagementTest" name="AddRecordWithoutExclusionFlag" time="7.294"/>
  <testcase classname="com.tetherfi.test.ivr.VIPListManagementTest" name="AddRecordWithoutOtherData" time="8.597"/>
  <testcase classname="com.tetherfi.test.ivr.VIPListManagementTest" name="VerifySearchIsNotEqualTo" time="10.614"/>
  <testcase classname="com.tetherfi.test.ivr.VIPListManagementTest" name="VerifySearchContains" time="5.558"/>
  <testcase classname="com.tetherfi.test.ivr.VIPListManagementTest" name="VerifySearchDoesNotContains" time="11.781"/>
  <testcase classname="com.tetherfi.test.ivr.VIPListManagementTest" name="VerifySearchStartsWith" time="5.129"/>
  <testcase classname="com.tetherfi.test.ivr.VIPListManagementTest" name="VerifySearchEndsWith" time="12.46"/>
  <testcase classname="com.tetherfi.test.ivr.VIPListManagementTest" name="VerifyCancelBtnAtAddRecord" time="43.86"/>
  <testcase classname="com.tetherfi.test.ivr.VIPListManagementTest" name="EditVIPListRecord" time="7.038"/>
  <testcase classname="com.tetherfi.test.ivr.VIPListManagementTest" name="VerifyAuditTrialReportForUpdate" time="26.098">
    <failure type="java.lang.NullPointerException">
      <![CDATA[java.lang.NullPointerException
at com.tetherfi.pages.OCMReportsPage.verifyVIPListManagementUpdate(OCMReportsPage.java:3423)
at com.tetherfi.test.ivr.VIPListManagementTest.VerifyAuditTrialReportForUpdate(VIPListManagementTest.java:309)
at java.base/jdk.internal.reflect.NativeMethodAccessorImpl.invoke0(Native Method)
at java.base/jdk.internal.reflect.NativeMethodAccessorImpl.invoke(Unknown Source)
at java.base/jdk.internal.reflect.DelegatingMethodAccessorImpl.invoke(Unknown Source)
at java.base/java.lang.reflect.Method.invoke(Unknown Source)
at org.testng.internal.MethodInvocationHelper.invokeMethod(MethodInvocationHelper.java:133)
at org.testng.internal.TestInvoker.invokeMethod(TestInvoker.java:584)
at org.testng.internal.TestInvoker.invokeTestMethod(TestInvoker.java:172)
at org.testng.internal.MethodRunner.runInSequence(MethodRunner.java:46)
at org.testng.internal.TestInvoker$MethodInvocationAgent.invoke(TestInvoker.java:804)
at org.testng.internal.TestInvoker.invokeTestMethods(TestInvoker.java:145)
at org.testng.internal.TestMethodWorker.invokeTestMethods(TestMethodWorker.java:146)
at org.testng.internal.TestMethodWorker.run(TestMethodWorker.java:128)
at java.base/java.util.ArrayList.forEach(Unknown Source)
at org.testng.TestRunner.privateRun(TestRunner.java:770)
at org.testng.TestRunner.run(TestRunner.java:591)
at org.testng.SuiteRunner.runTest(SuiteRunner.java:402)
at org.testng.SuiteRunner.runSequentially(SuiteRunner.java:396)
at org.testng.SuiteRunner.privateRun(SuiteRunner.java:355)
at org.testng.SuiteRunner.run(SuiteRunner.java:304)
at org.testng.SuiteRunnerWorker.runSuite(SuiteRunnerWorker.java:53)
at org.testng.SuiteRunnerWorker.run(SuiteRunnerWorker.java:96)
at org.testng.TestNG.runSuitesSequentially(TestNG.java:1180)
at org.testng.TestNG.runSuitesLocally(TestNG.java:1102)
at org.testng.TestNG.runSuites(TestNG.java:1032)
at org.testng.TestNG.run(TestNG.java:1000)
at org.testng.remote.AbstractRemoteTestNG.run(AbstractRemoteTestNG.java:115)
at org.testng.remote.RemoteTestNG.initAndRun(RemoteTestNG.java:251)
at org.testng.remote.RemoteTestNG.main(RemoteTestNG.java:77)
]]>
    </failure>
  </testcase> <!-- VerifyAuditTrialReportForUpdate -->
  <testcase classname="com.tetherfi.test.ivr.VIPListManagementTest" name="EditWithoutModifyReasonRecord" time="6.397"/>
  <testcase classname="com.tetherfi.test.ivr.VIPListManagementTest" name="VerifyCancelBtnAtEditConfigRecord" time="49.257"/>
  <testcase classname="com.tetherfi.test.ivr.VIPListManagementTest" name="searchPage" time="4.278"/>
  <testcase classname="com.tetherfi.test.ivr.VIPListManagementTest" name="searchwithoutSearchTextbox" time="4.161"/>
  <testcase classname="com.tetherfi.test.ivr.VIPListManagementTest" name="ExportToExcel" time="2.925"/>
  <testcase classname="com.tetherfi.test.ivr.VIPListManagementTest" name="ExportToExcelData" time="4.944"/>
  <testcase classname="com.tetherfi.test.ivr.VIPListManagementTest" name="DeleteWithoutDeleteReasonRecord" time="5.509"/>
  <testcase classname="com.tetherfi.test.ivr.VIPListManagementTest" name="VerifyCancelBtnAtDeleteVIPListRecord" time="47.593"/>
  <testcase classname="com.tetherfi.test.ivr.VIPListManagementTest" name="DeleteVIPListRecord" time="5.666"/>
  <testcase classname="com.tetherfi.test.ivr.VIPListManagementTest" name="VerifyAuditTrialReportForDelete" time="26.081"/>
  <testcase classname="com.tetherfi.test.ivr.VIPListManagementTest" name="SearchClearSearch" time="4.655">
    <failure type="org.openqa.selenium.StaleElementReferenceException" message="stale element reference: element is not attached to the page document
  (Session info: chrome=78.0.3904.97)
For documentation on this error, please visit: https://www.seleniumhq.org/exceptions/stale_element_reference.html
Build info: version: &amp;apos;3.141.59&amp;apos;, revision: &amp;apos;e82be7d358&amp;apos;, time: &amp;apos;2018-11-14T08:17:03&amp;apos;
System info: host: &amp;apos;DESKTOP-O6A5C2O&amp;apos;, ip: &amp;apos;10.0.75.1&amp;apos;, os.name: &amp;apos;Windows 10&amp;apos;, os.arch: &amp;apos;amd64&amp;apos;, os.version: &amp;apos;10.0&amp;apos;, java.version: &amp;apos;9.0.4&amp;apos;
Driver info: org.openqa.selenium.chrome.ChromeDriver
Capabilities {acceptInsecureCerts: false, browserName: chrome, browserVersion: 78.0.3904.97, chrome: {chromedriverVersion: 78.0.3904.70 (edb9c9f3de024..., userDataDir: C:\Users\admin\AppData\Loca...}, goog:chromeOptions: {debuggerAddress: localhost:64319}, javascriptEnabled: true, networkConnectionEnabled: false, pageLoadStrategy: normal, platform: XP, platformName: XP, proxy: Proxy(), setWindowRect: true, strictFileInteractability: false, timeouts: {implicit: 0, pageLoad: 300000, script: 30000}, unhandledPromptBehavior: dismiss and notify}
Session ID: efb82c0ff4bd828973e9396243930f5d">
      <![CDATA[org.openqa.selenium.StaleElementReferenceException: stale element reference: element is not attached to the page document
  (Session info: chrome=78.0.3904.97)
For documentation on this error, please visit: https://www.seleniumhq.org/exceptions/stale_element_reference.html
Build info: version: '3.141.59', revision: 'e82be7d358', time: '2018-11-14T08:17:03'
System info: host: 'DESKTOP-O6A5C2O', ip: '10.0.75.1', os.name: 'Windows 10', os.arch: 'amd64', os.version: '10.0', java.version: '9.0.4'
Driver info: org.openqa.selenium.chrome.ChromeDriver
Capabilities {acceptInsecureCerts: false, browserName: chrome, browserVersion: 78.0.3904.97, chrome: {chromedriverVersion: 78.0.3904.70 (edb9c9f3de024..., userDataDir: C:\Users\admin\AppData\Loca...}, goog:chromeOptions: {debuggerAddress: localhost:64319}, javascriptEnabled: true, networkConnectionEnabled: false, pageLoadStrategy: normal, platform: XP, platformName: XP, proxy: Proxy(), setWindowRect: true, strictFileInteractability: false, timeouts: {implicit: 0, pageLoad: 300000, script: 30000}, unhandledPromptBehavior: dismiss and notify}
Session ID: efb82c0ff4bd828973e9396243930f5d
at java.base/jdk.internal.reflect.NativeConstructorAccessorImpl.newInstance0(Native Method)
at java.base/jdk.internal.reflect.NativeConstructorAccessorImpl.newInstance(Unknown Source)
at java.base/jdk.internal.reflect.DelegatingConstructorAccessorImpl.newInstance(Unknown Source)
at java.base/java.lang.reflect.Constructor.newInstance(Unknown Source)
at org.openqa.selenium.remote.http.W3CHttpResponseCodec.createException(W3CHttpResponseCodec.java:187)
at org.openqa.selenium.remote.http.W3CHttpResponseCodec.decode(W3CHttpResponseCodec.java:122)
at org.openqa.selenium.remote.http.W3CHttpResponseCodec.decode(W3CHttpResponseCodec.java:49)
at org.openqa.selenium.remote.HttpCommandExecutor.execute(HttpCommandExecutor.java:158)
at org.openqa.selenium.remote.service.DriverCommandExecutor.execute(DriverCommandExecutor.java:83)
at org.openqa.selenium.remote.RemoteWebDriver.execute(RemoteWebDriver.java:552)
at org.openqa.selenium.remote.RemoteWebElement.execute(RemoteWebElement.java:285)
at org.openqa.selenium.remote.RemoteWebElement.isDisplayed(RemoteWebElement.java:326)
at jdk.internal.reflect.GeneratedMethodAccessor1.invoke(Unknown Source)
at java.base/jdk.internal.reflect.DelegatingMethodAccessorImpl.invoke(Unknown Source)
at java.base/java.lang.reflect.Method.invoke(Unknown Source)
at org.openqa.selenium.support.pagefactory.internal.LocatingElementHandler.invoke(LocatingElementHandler.java:51)
at com.sun.proxy.$Proxy16.isDisplayed(Unknown Source)
at com.tetherfi.pages.VipListManagementPage.verifyinvalidsearchwithwrongdata(VipListManagementPage.java:615)
at com.tetherfi.test.ivr.VIPListManagementTest.SearchClearSearch(VIPListManagementTest.java:415)
at java.base/jdk.internal.reflect.NativeMethodAccessorImpl.invoke0(Native Method)
at java.base/jdk.internal.reflect.NativeMethodAccessorImpl.invoke(Unknown Source)
at java.base/jdk.internal.reflect.DelegatingMethodAccessorImpl.invoke(Unknown Source)
at java.base/java.lang.reflect.Method.invoke(Unknown Source)
at org.testng.internal.MethodInvocationHelper.invokeMethod(MethodInvocationHelper.java:133)
at org.testng.internal.TestInvoker.invokeMethod(TestInvoker.java:584)
at org.testng.internal.TestInvoker.invokeTestMethod(TestInvoker.java:172)
at org.testng.internal.MethodRunner.runInSequence(MethodRunner.java:46)
at org.testng.internal.TestInvoker$MethodInvocationAgent.invoke(TestInvoker.java:804)
at org.testng.internal.TestInvoker.invokeTestMethods(TestInvoker.java:145)
at org.testng.internal.TestMethodWorker.invokeTestMethods(TestMethodWorker.java:146)
at org.testng.internal.TestMethodWorker.run(TestMethodWorker.java:128)
at java.base/java.util.ArrayList.forEach(Unknown Source)
at org.testng.TestRunner.privateRun(TestRunner.java:770)
at org.testng.TestRunner.run(TestRunner.java:591)
at org.testng.SuiteRunner.runTest(SuiteRunner.java:402)
at org.testng.SuiteRunner.runSequentially(SuiteRunner.java:396)
at org.testng.SuiteRunner.privateRun(SuiteRunner.java:355)
at org.testng.SuiteRunner.run(SuiteRunner.java:304)
at org.testng.SuiteRunnerWorker.runSuite(SuiteRunnerWorker.java:53)
at org.testng.SuiteRunnerWorker.run(SuiteRunnerWorker.java:96)
at org.testng.TestNG.runSuitesSequentially(TestNG.java:1180)
at org.testng.TestNG.runSuitesLocally(TestNG.java:1102)
at org.testng.TestNG.runSuites(TestNG.java:1032)
at org.testng.TestNG.run(TestNG.java:1000)
at org.testng.remote.AbstractRemoteTestNG.run(AbstractRemoteTestNG.java:115)
at org.testng.remote.RemoteTestNG.initAndRun(RemoteTestNG.java:251)
at org.testng.remote.RemoteTestNG.main(RemoteTestNG.java:77)
]]>
    </failure>
  </testcase> <!-- SearchClearSearch -->
  <testcase classname="com.tetherfi.test.ivr.VIPListManagementTest" name="ExporttoExcelWithoutData" time="5.871"/>
  <testcase classname="com.tetherfi.test.ivr.VIPListManagementTest" name="SortingByAscending" time="7.039"/>
  <testcase classname="com.tetherfi.test.ivr.VIPListManagementTest" name="SortingByDescending" time="7.348"/>
  <testcase classname="com.tetherfi.test.ivr.VIPListManagementTest" name="GroupBy" time="3.168"/>
  <testcase classname="com.tetherfi.test.ivr.VIPListManagementTest" name="VerifyArrowMoveForPreviousAndNextPage" time="0.039"/>
  <testcase classname="com.tetherfi.test.ivr.VIPListManagementTest" name="VerifyArrowMoveForFirstAndLastPage" time="0.03"/>
  <testcase classname="com.tetherfi.test.ivr.VIPListManagementTest" name="VerifyTotalNumberOfItemsPerPageDetails" time="0.045"/>
  <testcase classname="com.tetherfi.test.ivr.VIPListManagementTest" name="VerifyNumberOfItemsPerPageSelection" time="5.08"/>
  <testcase classname="com.tetherfi.test.ivr.VIPListManagementTest" name="database" time="7.837">
    <failure type="java.lang.AssertionError" message="did not expect to find [true] but found [false]">
      <![CDATA[java.lang.AssertionError: did not expect to find [true] but found [false]
at org.testng.Assert.fail(Assert.java:97)
at org.testng.Assert.failNotEquals(Assert.java:969)
at org.testng.Assert.assertTrue(Assert.java:43)
at org.testng.Assert.assertTrue(Assert.java:53)
at com.tetherfi.test.ivr.VIPListManagementTest.database(VIPListManagementTest.java:488)
at java.base/jdk.internal.reflect.NativeMethodAccessorImpl.invoke0(Native Method)
at java.base/jdk.internal.reflect.NativeMethodAccessorImpl.invoke(Unknown Source)
at java.base/jdk.internal.reflect.DelegatingMethodAccessorImpl.invoke(Unknown Source)
at java.base/java.lang.reflect.Method.invoke(Unknown Source)
at org.testng.internal.MethodInvocationHelper.invokeMethod(MethodInvocationHelper.java:133)
at org.testng.internal.TestInvoker.invokeMethod(TestInvoker.java:584)
at org.testng.internal.TestInvoker.invokeTestMethod(TestInvoker.java:172)
at org.testng.internal.MethodRunner.runInSequence(MethodRunner.java:46)
at org.testng.internal.TestInvoker$MethodInvocationAgent.invoke(TestInvoker.java:804)
at org.testng.internal.TestInvoker.invokeTestMethods(TestInvoker.java:145)
at org.testng.internal.TestMethodWorker.invokeTestMethods(TestMethodWorker.java:146)
at org.testng.internal.TestMethodWorker.run(TestMethodWorker.java:128)
at java.base/java.util.ArrayList.forEach(Unknown Source)
at org.testng.TestRunner.privateRun(TestRunner.java:770)
at org.testng.TestRunner.run(TestRunner.java:591)
at org.testng.SuiteRunner.runTest(SuiteRunner.java:402)
at org.testng.SuiteRunner.runSequentially(SuiteRunner.java:396)
at org.testng.SuiteRunner.privateRun(SuiteRunner.java:355)
at org.testng.SuiteRunner.run(SuiteRunner.java:304)
at org.testng.SuiteRunnerWorker.runSuite(SuiteRunnerWorker.java:53)
at org.testng.SuiteRunnerWorker.run(SuiteRunnerWorker.java:96)
at org.testng.TestNG.runSuitesSequentially(TestNG.java:1180)
at org.testng.TestNG.runSuitesLocally(TestNG.java:1102)
at org.testng.TestNG.runSuites(TestNG.java:1032)
at org.testng.TestNG.run(TestNG.java:1000)
at org.testng.remote.AbstractRemoteTestNG.run(AbstractRemoteTestNG.java:115)
at org.testng.remote.RemoteTestNG.initAndRun(RemoteTestNG.java:251)
at org.testng.remote.RemoteTestNG.main(RemoteTestNG.java:77)
]]>
    </failure>
  </testcase> <!-- database -->
</testsuite> <!-- Default test -->
