<?xml version="1.0" encoding="UTF-8"?>
<!-- Generated by org.testng.reporters.JUnitXMLReporter -->
<testsuite hostname="LAPTOP-NKH1C2HF" ignored="0" name="Default test" tests="2" failures="0" timestamp="2021-05-17T14:46:39 IST" time="241.265" errors="0">
  <testcase name="verifyAdvancedSearchEndswith" time="28.497" classname="com.tetherfi.test.reports.OCMAgentAuxReportTest"/>
  <testcase name="verifyAdvancedSearchANDCriteria" time="47.53" classname="com.tetherfi.test.reports.OCMAgentAuxReportTest"/>
</testsuite> <!-- Default test -->
