<?xml version="1.0" encoding="UTF-8"?>
<!-- Generated by org.testng.reporters.JUnitXMLReporter -->
<testsuite hostname="TTF-BLR-SANTOSHKOUJALAGI" ignored="0" name="Default test" tests="39" failures="5" timestamp="2021-10-18T14:59:17 IST" time="163.472" errors="0">
  <testcase name="@AfterMethod afterEachMethod" time="24.412" classname="com.tetherfi.test.tmac.AgentTeamMgmtTest">
    <failure type="org.openqa.selenium.WebDriverException" message="chrome not reachable
  (Session info: chrome=94.0.4606.81)
Build info: version: &amp;apos;3.141.59&amp;apos;, revision: &amp;apos;e82be7d358&amp;apos;, time: &amp;apos;2018-11-14T08:17:03&amp;apos;
System info: host: &amp;apos;TTF-BLR-SANTOSH&amp;apos;, ip: &amp;apos;192.168.50.7&amp;apos;, os.name: &amp;apos;Windows 10&amp;apos;, os.arch: &amp;apos;amd64&amp;apos;, os.version: &amp;apos;10.0&amp;apos;, java.version: &amp;apos;1.8.0_181&amp;apos;
Driver info: org.openqa.selenium.chrome.ChromeDriver
Capabilities {acceptInsecureCerts: false, browserName: chrome, browserVersion: 94.0.4606.81, chrome: {chromedriverVersion: 94.0.4606.41 (333e85df3c9b6..., userDataDir: C:\Users\admin\AppData\Loca...}, goog:chromeOptions: {debuggerAddress: localhost:62013}, javascriptEnabled: true, networkConnectionEnabled: false, pageLoadStrategy: normal, platform: WINDOWS, platformName: WINDOWS, proxy: Proxy(), setWindowRect: true, strictFileInteractability: false, timeouts: {implicit: 0, pageLoad: 300000, script: 30000}, unhandledPromptBehavior: dismiss and notify, webauthn:extension:credBlob: true, webauthn:extension:largeBlob: true, webauthn:virtualAuthenticators: true}
Session ID: f79637809a9129b498a3a649ae794d25">
      <![CDATA[org.openqa.selenium.WebDriverException: chrome not reachable
  (Session info: chrome=94.0.4606.81)
Build info: version: '3.141.59', revision: 'e82be7d358', time: '2018-11-14T08:17:03'
System info: host: 'TTF-BLR-SANTOSH', ip: '192.168.50.7', os.name: 'Windows 10', os.arch: 'amd64', os.version: '10.0', java.version: '1.8.0_181'
Driver info: org.openqa.selenium.chrome.ChromeDriver
Capabilities {acceptInsecureCerts: false, browserName: chrome, browserVersion: 94.0.4606.81, chrome: {chromedriverVersion: 94.0.4606.41 (333e85df3c9b6..., userDataDir: C:\Users\admin\AppData\Loca...}, goog:chromeOptions: {debuggerAddress: localhost:62013}, javascriptEnabled: true, networkConnectionEnabled: false, pageLoadStrategy: normal, platform: WINDOWS, platformName: WINDOWS, proxy: Proxy(), setWindowRect: true, strictFileInteractability: false, timeouts: {implicit: 0, pageLoad: 300000, script: 30000}, unhandledPromptBehavior: dismiss and notify, webauthn:extension:credBlob: true, webauthn:extension:largeBlob: true, webauthn:virtualAuthenticators: true}
Session ID: f79637809a9129b498a3a649ae794d25
at sun.reflect.NativeConstructorAccessorImpl.newInstance0(Native Method)
at sun.reflect.NativeConstructorAccessorImpl.newInstance(Unknown Source)
at sun.reflect.DelegatingConstructorAccessorImpl.newInstance(Unknown Source)
at java.lang.reflect.Constructor.newInstance(Unknown Source)
at org.openqa.selenium.remote.http.W3CHttpResponseCodec.createException(W3CHttpResponseCodec.java:187)
at org.openqa.selenium.remote.http.W3CHttpResponseCodec.decode(W3CHttpResponseCodec.java:122)
at org.openqa.selenium.remote.http.W3CHttpResponseCodec.decode(W3CHttpResponseCodec.java:49)
at org.openqa.selenium.remote.HttpCommandExecutor.execute(HttpCommandExecutor.java:158)
at org.openqa.selenium.remote.service.DriverCommandExecutor.execute(DriverCommandExecutor.java:83)
at org.openqa.selenium.remote.RemoteWebDriver.execute(RemoteWebDriver.java:552)
at org.openqa.selenium.remote.RemoteWebDriver.execute(RemoteWebDriver.java:609)
at org.openqa.selenium.remote.RemoteWebDriver$RemoteNavigation.refresh(RemoteWebDriver.java:865)
at com.tetherfi.test.tmac.AgentTeamMgmtTest.afterEachMethod(AgentTeamMgmtTest.java:406)
at sun.reflect.NativeMethodAccessorImpl.invoke0(Native Method)
at sun.reflect.NativeMethodAccessorImpl.invoke(Unknown Source)
at sun.reflect.DelegatingMethodAccessorImpl.invoke(Unknown Source)
at java.lang.reflect.Method.invoke(Unknown Source)
at org.testng.internal.MethodInvocationHelper.invokeMethod(MethodInvocationHelper.java:133)
at org.testng.internal.MethodInvocationHelper.invokeMethodConsideringTimeout(MethodInvocationHelper.java:62)
at org.testng.internal.ConfigInvoker.invokeConfigurationMethod(ConfigInvoker.java:340)
at org.testng.internal.ConfigInvoker.invokeConfigurations(ConfigInvoker.java:294)
at org.testng.internal.TestInvoker.runConfigMethods(TestInvoker.java:683)
at org.testng.internal.TestInvoker.runAfterGroupsConfigurations(TestInvoker.java:658)
at org.testng.internal.TestInvoker.invokeMethod(TestInvoker.java:642)
at org.testng.internal.TestInvoker.invokeTestMethod(TestInvoker.java:172)
at org.testng.internal.MethodRunner.runInSequence(MethodRunner.java:46)
at org.testng.internal.TestInvoker$MethodInvocationAgent.invoke(TestInvoker.java:804)
at org.testng.internal.TestInvoker.invokeTestMethods(TestInvoker.java:145)
at org.testng.internal.TestMethodWorker.invokeTestMethods(TestMethodWorker.java:146)
at org.testng.internal.TestMethodWorker.run(TestMethodWorker.java:128)
at java.util.ArrayList.forEach(Unknown Source)
at org.testng.TestRunner.privateRun(TestRunner.java:770)
at org.testng.TestRunner.run(TestRunner.java:591)
at org.testng.SuiteRunner.runTest(SuiteRunner.java:402)
at org.testng.SuiteRunner.runSequentially(SuiteRunner.java:396)
at org.testng.SuiteRunner.privateRun(SuiteRunner.java:355)
at org.testng.SuiteRunner.run(SuiteRunner.java:304)
at org.testng.SuiteRunnerWorker.runSuite(SuiteRunnerWorker.java:53)
at org.testng.SuiteRunnerWorker.run(SuiteRunnerWorker.java:96)
at org.testng.TestNG.runSuitesSequentially(TestNG.java:1180)
at org.testng.TestNG.runSuitesLocally(TestNG.java:1102)
at org.testng.TestNG.runSuites(TestNG.java:1032)
at org.testng.TestNG.run(TestNG.java:1000)
at org.testng.remote.AbstractRemoteTestNG.run(AbstractRemoteTestNG.java:115)
at org.testng.remote.RemoteTestNG.initAndRun(RemoteTestNG.java:251)
at org.testng.remote.RemoteTestNG.main(RemoteTestNG.java:77)
]]>
    </failure>
  </testcase> <!-- @AfterMethod afterEachMethod -->
  <testcase name="@AfterMethod endTestCase" time="-1.634549356574E9" classname="com.tetherfi.test.BaseTest">
    <skipped/>
  </testcase> <!-- @AfterMethod endTestCase -->
  <testcase name="@BeforeMethod startTestCase" time="-1.634549356637E9" classname="com.tetherfi.test.BaseTest">
    <skipped/>
  </testcase> <!-- @BeforeMethod startTestCase -->
  <testcase name="@AfterMethod afterEachMethod" time="-1.634549356645E9" classname="com.tetherfi.test.tmac.AgentTeamMgmtTest">
    <skipped/>
  </testcase> <!-- @AfterMethod afterEachMethod -->
  <testcase name="@AfterMethod endTestCase" time="-1.634549356646E9" classname="com.tetherfi.test.BaseTest">
    <skipped/>
  </testcase> <!-- @AfterMethod endTestCase -->
  <testcase name="@BeforeMethod startTestCase" time="-1.634549356651E9" classname="com.tetherfi.test.BaseTest">
    <skipped/>
  </testcase> <!-- @BeforeMethod startTestCase -->
  <testcase name="@AfterMethod afterEachMethod" time="-1.634549356659E9" classname="com.tetherfi.test.tmac.AgentTeamMgmtTest">
    <skipped/>
  </testcase> <!-- @AfterMethod afterEachMethod -->
  <testcase name="@AfterMethod endTestCase" time="-1.634549356662E9" classname="com.tetherfi.test.BaseTest">
    <skipped/>
  </testcase> <!-- @AfterMethod endTestCase -->
  <testcase name="@BeforeMethod startTestCase" time="-1.634549356668E9" classname="com.tetherfi.test.BaseTest">
    <skipped/>
  </testcase> <!-- @BeforeMethod startTestCase -->
  <testcase name="@AfterMethod afterEachMethod" time="-1.634549356679E9" classname="com.tetherfi.test.tmac.AgentTeamMgmtTest">
    <skipped/>
  </testcase> <!-- @AfterMethod afterEachMethod -->
  <testcase name="@AfterMethod endTestCase" time="-1.63454935668E9" classname="com.tetherfi.test.BaseTest">
    <skipped/>
  </testcase> <!-- @AfterMethod endTestCase -->
  <testcase name="@BeforeMethod startTestCase" time="-1.634549356686E9" classname="com.tetherfi.test.BaseTest">
    <skipped/>
  </testcase> <!-- @BeforeMethod startTestCase -->
  <testcase name="@AfterMethod afterEachMethod" time="-1.634549356694E9" classname="com.tetherfi.test.tmac.AgentTeamMgmtTest">
    <skipped/>
  </testcase> <!-- @AfterMethod afterEachMethod -->
  <testcase name="@AfterMethod endTestCase" time="-1.634549356696E9" classname="com.tetherfi.test.BaseTest">
    <skipped/>
  </testcase> <!-- @AfterMethod endTestCase -->
  <testcase name="@BeforeMethod startTestCase" time="-1.634549356701E9" classname="com.tetherfi.test.BaseTest">
    <skipped/>
  </testcase> <!-- @BeforeMethod startTestCase -->
  <testcase name="@AfterMethod afterEachMethod" time="-1.634549356707E9" classname="com.tetherfi.test.tmac.AgentTeamMgmtTest">
    <skipped/>
  </testcase> <!-- @AfterMethod afterEachMethod -->
  <testcase name="@AfterMethod endTestCase" time="-1.634549356724E9" classname="com.tetherfi.test.BaseTest">
    <skipped/>
  </testcase> <!-- @AfterMethod endTestCase -->
  <testcase name="@BeforeMethod startTestCase" time="-1.63454935673E9" classname="com.tetherfi.test.BaseTest">
    <skipped/>
  </testcase> <!-- @BeforeMethod startTestCase -->
  <testcase name="@AfterMethod afterEachMethod" time="-1.634549356742E9" classname="com.tetherfi.test.tmac.AgentTeamMgmtTest">
    <skipped/>
  </testcase> <!-- @AfterMethod afterEachMethod -->
  <testcase name="@AfterMethod endTestCase" time="-1.634549356747E9" classname="com.tetherfi.test.BaseTest">
    <skipped/>
  </testcase> <!-- @AfterMethod endTestCase -->
  <testcase name="@BeforeMethod startTestCase" time="-1.634549356752E9" classname="com.tetherfi.test.BaseTest">
    <skipped/>
  </testcase> <!-- @BeforeMethod startTestCase -->
  <testcase name="@AfterMethod afterEachMethod" time="-1.634549356768E9" classname="com.tetherfi.test.tmac.AgentTeamMgmtTest">
    <skipped/>
  </testcase> <!-- @AfterMethod afterEachMethod -->
  <testcase name="@AfterMethod endTestCase" time="-1.634549356776E9" classname="com.tetherfi.test.BaseTest">
    <skipped/>
  </testcase> <!-- @AfterMethod endTestCase -->
  <testcase name="@BeforeMethod startTestCase" time="-1.634549356784E9" classname="com.tetherfi.test.BaseTest">
    <skipped/>
  </testcase> <!-- @BeforeMethod startTestCase -->
  <testcase name="@AfterMethod afterEachMethod" time="-1.6345493568E9" classname="com.tetherfi.test.tmac.AgentTeamMgmtTest">
    <skipped/>
  </testcase> <!-- @AfterMethod afterEachMethod -->
  <testcase name="@AfterMethod endTestCase" time="-1.634549356828E9" classname="com.tetherfi.test.BaseTest">
    <skipped/>
  </testcase> <!-- @AfterMethod endTestCase -->
  <testcase name="@BeforeMethod startTestCase" time="-1.634549356836E9" classname="com.tetherfi.test.BaseTest">
    <skipped/>
  </testcase> <!-- @BeforeMethod startTestCase -->
  <testcase name="@AfterMethod afterEachMethod" time="-1.634549356847E9" classname="com.tetherfi.test.tmac.AgentTeamMgmtTest">
    <skipped/>
  </testcase> <!-- @AfterMethod afterEachMethod -->
  <testcase name="@AfterMethod endTestCase" time="-1.634549356851E9" classname="com.tetherfi.test.BaseTest">
    <skipped/>
  </testcase> <!-- @AfterMethod endTestCase -->
  <testcase name="@BeforeMethod startTestCase" time="-1.634549356856E9" classname="com.tetherfi.test.BaseTest">
    <skipped/>
  </testcase> <!-- @BeforeMethod startTestCase -->
  <testcase name="@AfterMethod afterEachMethod" time="-1.634549356868E9" classname="com.tetherfi.test.tmac.AgentTeamMgmtTest">
    <skipped/>
  </testcase> <!-- @AfterMethod afterEachMethod -->
  <testcase name="@AfterMethod endTestCase" time="-1.634549356876E9" classname="com.tetherfi.test.BaseTest">
    <skipped/>
  </testcase> <!-- @AfterMethod endTestCase -->
  <testcase name="@BeforeMethod startTestCase" time="-1.63454935688E9" classname="com.tetherfi.test.BaseTest">
    <skipped/>
  </testcase> <!-- @BeforeMethod startTestCase -->
  <testcase name="@AfterMethod afterEachMethod" time="-1.63454935689E9" classname="com.tetherfi.test.tmac.AgentTeamMgmtTest">
    <skipped/>
  </testcase> <!-- @AfterMethod afterEachMethod -->
  <testcase name="@AfterMethod endTestCase" time="-1.634549356892E9" classname="com.tetherfi.test.BaseTest">
    <skipped/>
  </testcase> <!-- @AfterMethod endTestCase -->
  <testcase name="@BeforeMethod startTestCase" time="-1.634549356898E9" classname="com.tetherfi.test.BaseTest">
    <skipped/>
  </testcase> <!-- @BeforeMethod startTestCase -->
  <testcase name="@AfterMethod afterEachMethod" time="-1.634549356911E9" classname="com.tetherfi.test.tmac.AgentTeamMgmtTest">
    <skipped/>
  </testcase> <!-- @AfterMethod afterEachMethod -->
  <testcase name="@AfterMethod endTestCase" time="-1.63454935692E9" classname="com.tetherfi.test.BaseTest">
    <skipped/>
  </testcase> <!-- @AfterMethod endTestCase -->
  <testcase name="@BeforeMethod startTestCase" time="-1.634549356927E9" classname="com.tetherfi.test.BaseTest">
    <skipped/>
  </testcase> <!-- @BeforeMethod startTestCase -->
  <testcase name="@AfterMethod afterEachMethod" time="-1.634549356937E9" classname="com.tetherfi.test.tmac.AgentTeamMgmtTest">
    <skipped/>
  </testcase> <!-- @AfterMethod afterEachMethod -->
  <testcase name="@AfterMethod endTestCase" time="-1.634549356943E9" classname="com.tetherfi.test.BaseTest">
    <skipped/>
  </testcase> <!-- @AfterMethod endTestCase -->
  <testcase name="@BeforeMethod startTestCase" time="-1.634549356945E9" classname="com.tetherfi.test.BaseTest">
    <skipped/>
  </testcase> <!-- @BeforeMethod startTestCase -->
  <testcase name="@AfterMethod afterEachMethod" time="-1.634549356952E9" classname="com.tetherfi.test.tmac.AgentTeamMgmtTest">
    <skipped/>
  </testcase> <!-- @AfterMethod afterEachMethod -->
  <testcase name="@AfterMethod endTestCase" time="-1.634549356953E9" classname="com.tetherfi.test.BaseTest">
    <skipped/>
  </testcase> <!-- @AfterMethod endTestCase -->
  <testcase name="@BeforeMethod startTestCase" time="-1.634549356955E9" classname="com.tetherfi.test.BaseTest">
    <skipped/>
  </testcase> <!-- @BeforeMethod startTestCase -->
  <testcase name="@AfterMethod afterEachMethod" time="-1.634549356958E9" classname="com.tetherfi.test.tmac.AgentTeamMgmtTest">
    <skipped/>
  </testcase> <!-- @AfterMethod afterEachMethod -->
  <testcase name="@AfterMethod endTestCase" time="-1.634549356959E9" classname="com.tetherfi.test.BaseTest">
    <skipped/>
  </testcase> <!-- @AfterMethod endTestCase -->
  <testcase name="@BeforeMethod startTestCase" time="-1.63454935696E9" classname="com.tetherfi.test.BaseTest">
    <skipped/>
  </testcase> <!-- @BeforeMethod startTestCase -->
  <testcase name="@AfterMethod afterEachMethod" time="-1.634549356963E9" classname="com.tetherfi.test.tmac.AgentTeamMgmtTest">
    <skipped/>
  </testcase> <!-- @AfterMethod afterEachMethod -->
  <testcase name="@AfterMethod endTestCase" time="-1.634549356964E9" classname="com.tetherfi.test.BaseTest">
    <skipped/>
  </testcase> <!-- @AfterMethod endTestCase -->
  <testcase name="@BeforeMethod startTestCase" time="-1.634549356966E9" classname="com.tetherfi.test.BaseTest">
    <skipped/>
  </testcase> <!-- @BeforeMethod startTestCase -->
  <testcase name="@AfterMethod afterEachMethod" time="-1.634549356991E9" classname="com.tetherfi.test.tmac.AgentTeamMgmtTest">
    <skipped/>
  </testcase> <!-- @AfterMethod afterEachMethod -->
  <testcase name="@AfterMethod endTestCase" time="-1.634549356994E9" classname="com.tetherfi.test.BaseTest">
    <skipped/>
  </testcase> <!-- @AfterMethod endTestCase -->
  <testcase name="@BeforeMethod startTestCase" time="-1.634549356997E9" classname="com.tetherfi.test.BaseTest">
    <skipped/>
  </testcase> <!-- @BeforeMethod startTestCase -->
  <testcase name="@AfterMethod afterEachMethod" time="-1.634549357001E9" classname="com.tetherfi.test.tmac.AgentTeamMgmtTest">
    <skipped/>
  </testcase> <!-- @AfterMethod afterEachMethod -->
  <testcase name="@AfterMethod endTestCase" time="-1.634549357002E9" classname="com.tetherfi.test.BaseTest">
    <skipped/>
  </testcase> <!-- @AfterMethod endTestCase -->
  <testcase name="@BeforeMethod startTestCase" time="-1.634549357005E9" classname="com.tetherfi.test.BaseTest">
    <skipped/>
  </testcase> <!-- @BeforeMethod startTestCase -->
  <testcase name="@AfterMethod afterEachMethod" time="-1.634549357015E9" classname="com.tetherfi.test.tmac.AgentTeamMgmtTest">
    <skipped/>
  </testcase> <!-- @AfterMethod afterEachMethod -->
  <testcase name="@AfterMethod endTestCase" time="-1.634549357016E9" classname="com.tetherfi.test.BaseTest">
    <skipped/>
  </testcase> <!-- @AfterMethod endTestCase -->
  <testcase name="@BeforeMethod startTestCase" time="-1.63454935702E9" classname="com.tetherfi.test.BaseTest">
    <skipped/>
  </testcase> <!-- @BeforeMethod startTestCase -->
  <testcase name="@AfterMethod afterEachMethod" time="-1.634549357027E9" classname="com.tetherfi.test.tmac.AgentTeamMgmtTest">
    <skipped/>
  </testcase> <!-- @AfterMethod afterEachMethod -->
  <testcase name="@AfterMethod endTestCase" time="-1.634549357029E9" classname="com.tetherfi.test.BaseTest">
    <skipped/>
  </testcase> <!-- @AfterMethod endTestCase -->
  <testcase name="@BeforeMethod startTestCase" time="-1.634549357036E9" classname="com.tetherfi.test.BaseTest">
    <skipped/>
  </testcase> <!-- @BeforeMethod startTestCase -->
  <testcase name="@AfterMethod afterEachMethod" time="-1.634549357046E9" classname="com.tetherfi.test.tmac.AgentTeamMgmtTest">
    <skipped/>
  </testcase> <!-- @AfterMethod afterEachMethod -->
  <testcase name="@AfterMethod endTestCase" time="-1.634549357047E9" classname="com.tetherfi.test.BaseTest">
    <skipped/>
  </testcase> <!-- @AfterMethod endTestCase -->
  <testcase name="@BeforeMethod startTestCase" time="-1.634549357054E9" classname="com.tetherfi.test.BaseTest">
    <skipped/>
  </testcase> <!-- @BeforeMethod startTestCase -->
  <testcase name="@AfterMethod afterEachMethod" time="-1.634549357074E9" classname="com.tetherfi.test.tmac.AgentTeamMgmtTest">
    <skipped/>
  </testcase> <!-- @AfterMethod afterEachMethod -->
  <testcase name="@AfterMethod endTestCase" time="-1.63454935708E9" classname="com.tetherfi.test.BaseTest">
    <skipped/>
  </testcase> <!-- @AfterMethod endTestCase -->
  <testcase name="@BeforeMethod startTestCase" time="-1.634549357084E9" classname="com.tetherfi.test.BaseTest">
    <skipped/>
  </testcase> <!-- @BeforeMethod startTestCase -->
  <testcase name="@AfterMethod afterEachMethod" time="-1.634549357095E9" classname="com.tetherfi.test.tmac.AgentTeamMgmtTest">
    <skipped/>
  </testcase> <!-- @AfterMethod afterEachMethod -->
  <testcase name="@AfterMethod endTestCase" time="-1.634549357098E9" classname="com.tetherfi.test.BaseTest">
    <skipped/>
  </testcase> <!-- @AfterMethod endTestCase -->
  <testcase name="@BeforeMethod startTestCase" time="-1.634549357102E9" classname="com.tetherfi.test.BaseTest">
    <skipped/>
  </testcase> <!-- @BeforeMethod startTestCase -->
  <testcase name="@AfterMethod afterEachMethod" time="-1.63454935711E9" classname="com.tetherfi.test.tmac.AgentTeamMgmtTest">
    <skipped/>
  </testcase> <!-- @AfterMethod afterEachMethod -->
  <testcase name="@AfterMethod endTestCase" time="-1.634549357111E9" classname="com.tetherfi.test.BaseTest">
    <skipped/>
  </testcase> <!-- @AfterMethod endTestCase -->
  <testcase name="@BeforeMethod startTestCase" time="-1.634549357115E9" classname="com.tetherfi.test.BaseTest">
    <skipped/>
  </testcase> <!-- @BeforeMethod startTestCase -->
  <testcase name="@AfterMethod afterEachMethod" time="-1.634549357125E9" classname="com.tetherfi.test.tmac.AgentTeamMgmtTest">
    <skipped/>
  </testcase> <!-- @AfterMethod afterEachMethod -->
  <testcase name="@AfterMethod endTestCase" time="-1.634549357126E9" classname="com.tetherfi.test.BaseTest">
    <skipped/>
  </testcase> <!-- @AfterMethod endTestCase -->
  <testcase name="@BeforeMethod startTestCase" time="-1.634549357127E9" classname="com.tetherfi.test.BaseTest">
    <skipped/>
  </testcase> <!-- @BeforeMethod startTestCase -->
  <testcase name="@AfterMethod afterEachMethod" time="-1.634549357133E9" classname="com.tetherfi.test.tmac.AgentTeamMgmtTest">
    <skipped/>
  </testcase> <!-- @AfterMethod afterEachMethod -->
  <testcase name="@AfterMethod endTestCase" time="-1.634549357134E9" classname="com.tetherfi.test.BaseTest">
    <skipped/>
  </testcase> <!-- @AfterMethod endTestCase -->
  <testcase name="@BeforeMethod startTestCase" time="-1.634549357137E9" classname="com.tetherfi.test.BaseTest">
    <skipped/>
  </testcase> <!-- @BeforeMethod startTestCase -->
  <testcase name="@AfterMethod afterEachMethod" time="-1.634549357144E9" classname="com.tetherfi.test.tmac.AgentTeamMgmtTest">
    <skipped/>
  </testcase> <!-- @AfterMethod afterEachMethod -->
  <testcase name="@AfterMethod endTestCase" time="-1.634549357146E9" classname="com.tetherfi.test.BaseTest">
    <skipped/>
  </testcase> <!-- @AfterMethod endTestCase -->
  <testcase name="@BeforeMethod startTestCase" time="-1.634549357152E9" classname="com.tetherfi.test.BaseTest">
    <skipped/>
  </testcase> <!-- @BeforeMethod startTestCase -->
  <testcase name="@AfterMethod afterEachMethod" time="-1.634549357157E9" classname="com.tetherfi.test.tmac.AgentTeamMgmtTest">
    <skipped/>
  </testcase> <!-- @AfterMethod afterEachMethod -->
  <testcase name="@AfterMethod endTestCase" time="-1.634549357158E9" classname="com.tetherfi.test.BaseTest">
    <skipped/>
  </testcase> <!-- @AfterMethod endTestCase -->
  <testcase name="@BeforeMethod startTestCase" time="-1.634549357161E9" classname="com.tetherfi.test.BaseTest">
    <skipped/>
  </testcase> <!-- @BeforeMethod startTestCase -->
  <testcase name="@AfterMethod afterEachMethod" time="-1.634549357182E9" classname="com.tetherfi.test.tmac.AgentTeamMgmtTest">
    <skipped/>
  </testcase> <!-- @AfterMethod afterEachMethod -->
  <testcase name="@AfterMethod endTestCase" time="-1.634549357186E9" classname="com.tetherfi.test.BaseTest">
    <skipped/>
  </testcase> <!-- @AfterMethod endTestCase -->
  <testcase name="@BeforeMethod startTestCase" time="-1.634549357191E9" classname="com.tetherfi.test.BaseTest">
    <skipped/>
  </testcase> <!-- @BeforeMethod startTestCase -->
  <testcase name="@AfterMethod afterEachMethod" time="-1.634549357205E9" classname="com.tetherfi.test.tmac.AgentTeamMgmtTest">
    <skipped/>
  </testcase> <!-- @AfterMethod afterEachMethod -->
  <testcase name="@AfterMethod endTestCase" time="-1.63454935721E9" classname="com.tetherfi.test.BaseTest">
    <skipped/>
  </testcase> <!-- @AfterMethod endTestCase -->
  <testcase name="@BeforeMethod startTestCase" time="-1.634549357215E9" classname="com.tetherfi.test.BaseTest">
    <skipped/>
  </testcase> <!-- @BeforeMethod startTestCase -->
  <testcase name="@AfterMethod afterEachMethod" time="-1.634549357274E9" classname="com.tetherfi.test.tmac.AgentTeamMgmtTest">
    <skipped/>
  </testcase> <!-- @AfterMethod afterEachMethod -->
  <testcase name="@AfterMethod endTestCase" time="-1.634549357275E9" classname="com.tetherfi.test.BaseTest">
    <skipped/>
  </testcase> <!-- @AfterMethod endTestCase -->
  <testcase name="@BeforeMethod startTestCase" time="-1.634549357282E9" classname="com.tetherfi.test.BaseTest">
    <skipped/>
  </testcase> <!-- @BeforeMethod startTestCase -->
  <testcase name="@AfterMethod afterEachMethod" time="-1.634549357287E9" classname="com.tetherfi.test.tmac.AgentTeamMgmtTest">
    <skipped/>
  </testcase> <!-- @AfterMethod afterEachMethod -->
  <testcase name="@AfterMethod endTestCase" time="-1.634549357289E9" classname="com.tetherfi.test.BaseTest">
    <skipped/>
  </testcase> <!-- @AfterMethod endTestCase -->
  <testcase name="@AfterClass tearDown" time="-1.634549357292E9" classname="com.tetherfi.test.BaseTest">
    <skipped/>
  </testcase> <!-- @AfterClass tearDown -->
  <testcase name="AgentTeamManagementPage" time="1.3" classname="com.tetherfi.test.tmac.AgentTeamMgmtTest"/>
  <testcase name="AddNewCountryRecord" time="12.364" classname="com.tetherfi.test.tmac.AgentTeamMgmtTest">
    <failure type="java.lang.AssertionError" message="Country Assertion Failed did not expect to find [true] but found [false]">
      <![CDATA[java.lang.AssertionError: Country Assertion Failed did not expect to find [true] but found [false]
at org.testng.Assert.fail(Assert.java:97)
at org.testng.Assert.failNotEquals(Assert.java:969)
at org.testng.Assert.assertTrue(Assert.java:43)
at com.tetherfi.test.tmac.AgentTeamMgmtTest.AddNewCountryRecord(AgentTeamMgmtTest.java:63)
at sun.reflect.NativeMethodAccessorImpl.invoke0(Native Method)
at sun.reflect.NativeMethodAccessorImpl.invoke(Unknown Source)
at sun.reflect.DelegatingMethodAccessorImpl.invoke(Unknown Source)
at java.lang.reflect.Method.invoke(Unknown Source)
at org.testng.internal.MethodInvocationHelper.invokeMethod(MethodInvocationHelper.java:133)
at org.testng.internal.TestInvoker.invokeMethod(TestInvoker.java:584)
at org.testng.internal.TestInvoker.invokeTestMethod(TestInvoker.java:172)
at org.testng.internal.MethodRunner.runInSequence(MethodRunner.java:46)
at org.testng.internal.TestInvoker$MethodInvocationAgent.invoke(TestInvoker.java:804)
at org.testng.internal.TestInvoker.invokeTestMethods(TestInvoker.java:145)
at org.testng.internal.TestMethodWorker.invokeTestMethods(TestMethodWorker.java:146)
at org.testng.internal.TestMethodWorker.run(TestMethodWorker.java:128)
at java.util.ArrayList.forEach(Unknown Source)
at org.testng.TestRunner.privateRun(TestRunner.java:770)
at org.testng.TestRunner.run(TestRunner.java:591)
at org.testng.SuiteRunner.runTest(SuiteRunner.java:402)
at org.testng.SuiteRunner.runSequentially(SuiteRunner.java:396)
at org.testng.SuiteRunner.privateRun(SuiteRunner.java:355)
at org.testng.SuiteRunner.run(SuiteRunner.java:304)
at org.testng.SuiteRunnerWorker.runSuite(SuiteRunnerWorker.java:53)
at org.testng.SuiteRunnerWorker.run(SuiteRunnerWorker.java:96)
at org.testng.TestNG.runSuitesSequentially(TestNG.java:1180)
at org.testng.TestNG.runSuitesLocally(TestNG.java:1102)
at org.testng.TestNG.runSuites(TestNG.java:1032)
at org.testng.TestNG.run(TestNG.java:1000)
at org.testng.remote.AbstractRemoteTestNG.run(AbstractRemoteTestNG.java:115)
at org.testng.remote.RemoteTestNG.initAndRun(RemoteTestNG.java:251)
at org.testng.remote.RemoteTestNG.main(RemoteTestNG.java:77)
]]>
    </failure>
  </testcase> <!-- AddNewCountryRecord -->
  <testcase name="AddNewDivisionRecord" time="16.586" classname="com.tetherfi.test.tmac.AgentTeamMgmtTest">
    <failure type="java.lang.AssertionError" message="Division Assertion Failed did not expect to find [true] but found [false]">
      <![CDATA[java.lang.AssertionError: Division Assertion Failed did not expect to find [true] but found [false]
at org.testng.Assert.fail(Assert.java:97)
at org.testng.Assert.failNotEquals(Assert.java:969)
at org.testng.Assert.assertTrue(Assert.java:43)
at com.tetherfi.test.tmac.AgentTeamMgmtTest.AddNewDivisionRecord(AgentTeamMgmtTest.java:72)
at sun.reflect.NativeMethodAccessorImpl.invoke0(Native Method)
at sun.reflect.NativeMethodAccessorImpl.invoke(Unknown Source)
at sun.reflect.DelegatingMethodAccessorImpl.invoke(Unknown Source)
at java.lang.reflect.Method.invoke(Unknown Source)
at org.testng.internal.MethodInvocationHelper.invokeMethod(MethodInvocationHelper.java:133)
at org.testng.internal.TestInvoker.invokeMethod(TestInvoker.java:584)
at org.testng.internal.TestInvoker.invokeTestMethod(TestInvoker.java:172)
at org.testng.internal.MethodRunner.runInSequence(MethodRunner.java:46)
at org.testng.internal.TestInvoker$MethodInvocationAgent.invoke(TestInvoker.java:804)
at org.testng.internal.TestInvoker.invokeTestMethods(TestInvoker.java:145)
at org.testng.internal.TestMethodWorker.invokeTestMethods(TestMethodWorker.java:146)
at org.testng.internal.TestMethodWorker.run(TestMethodWorker.java:128)
at java.util.ArrayList.forEach(Unknown Source)
at org.testng.TestRunner.privateRun(TestRunner.java:770)
at org.testng.TestRunner.run(TestRunner.java:591)
at org.testng.SuiteRunner.runTest(SuiteRunner.java:402)
at org.testng.SuiteRunner.runSequentially(SuiteRunner.java:396)
at org.testng.SuiteRunner.privateRun(SuiteRunner.java:355)
at org.testng.SuiteRunner.run(SuiteRunner.java:304)
at org.testng.SuiteRunnerWorker.runSuite(SuiteRunnerWorker.java:53)
at org.testng.SuiteRunnerWorker.run(SuiteRunnerWorker.java:96)
at org.testng.TestNG.runSuitesSequentially(TestNG.java:1180)
at org.testng.TestNG.runSuitesLocally(TestNG.java:1102)
at org.testng.TestNG.runSuites(TestNG.java:1032)
at org.testng.TestNG.run(TestNG.java:1000)
at org.testng.remote.AbstractRemoteTestNG.run(AbstractRemoteTestNG.java:115)
at org.testng.remote.RemoteTestNG.initAndRun(RemoteTestNG.java:251)
at org.testng.remote.RemoteTestNG.main(RemoteTestNG.java:77)
]]>
    </failure>
  </testcase> <!-- AddNewDivisionRecord -->
  <testcase name="AddNewDepartmentRecord" time="16.859" classname="com.tetherfi.test.tmac.AgentTeamMgmtTest">
    <failure type="java.lang.AssertionError" message="Department Assertion Failed did not expect to find [true] but found [false]">
      <![CDATA[java.lang.AssertionError: Department Assertion Failed did not expect to find [true] but found [false]
at org.testng.Assert.fail(Assert.java:97)
at org.testng.Assert.failNotEquals(Assert.java:969)
at org.testng.Assert.assertTrue(Assert.java:43)
at com.tetherfi.test.tmac.AgentTeamMgmtTest.AddNewDepartmentRecord(AgentTeamMgmtTest.java:81)
at sun.reflect.NativeMethodAccessorImpl.invoke0(Native Method)
at sun.reflect.NativeMethodAccessorImpl.invoke(Unknown Source)
at sun.reflect.DelegatingMethodAccessorImpl.invoke(Unknown Source)
at java.lang.reflect.Method.invoke(Unknown Source)
at org.testng.internal.MethodInvocationHelper.invokeMethod(MethodInvocationHelper.java:133)
at org.testng.internal.TestInvoker.invokeMethod(TestInvoker.java:584)
at org.testng.internal.TestInvoker.invokeTestMethod(TestInvoker.java:172)
at org.testng.internal.MethodRunner.runInSequence(MethodRunner.java:46)
at org.testng.internal.TestInvoker$MethodInvocationAgent.invoke(TestInvoker.java:804)
at org.testng.internal.TestInvoker.invokeTestMethods(TestInvoker.java:145)
at org.testng.internal.TestMethodWorker.invokeTestMethods(TestMethodWorker.java:146)
at org.testng.internal.TestMethodWorker.run(TestMethodWorker.java:128)
at java.util.ArrayList.forEach(Unknown Source)
at org.testng.TestRunner.privateRun(TestRunner.java:770)
at org.testng.TestRunner.run(TestRunner.java:591)
at org.testng.SuiteRunner.runTest(SuiteRunner.java:402)
at org.testng.SuiteRunner.runSequentially(SuiteRunner.java:396)
at org.testng.SuiteRunner.privateRun(SuiteRunner.java:355)
at org.testng.SuiteRunner.run(SuiteRunner.java:304)
at org.testng.SuiteRunnerWorker.runSuite(SuiteRunnerWorker.java:53)
at org.testng.SuiteRunnerWorker.run(SuiteRunnerWorker.java:96)
at org.testng.TestNG.runSuitesSequentially(TestNG.java:1180)
at org.testng.TestNG.runSuitesLocally(TestNG.java:1102)
at org.testng.TestNG.runSuites(TestNG.java:1032)
at org.testng.TestNG.run(TestNG.java:1000)
at org.testng.remote.AbstractRemoteTestNG.run(AbstractRemoteTestNG.java:115)
at org.testng.remote.RemoteTestNG.initAndRun(RemoteTestNG.java:251)
at org.testng.remote.RemoteTestNG.main(RemoteTestNG.java:77)
]]>
    </failure>
  </testcase> <!-- AddNewDepartmentRecord -->
  <testcase name="AddNewAgentTeamManagementCancelRecord" time="15.329" classname="com.tetherfi.test.tmac.AgentTeamMgmtTest"/>
  <testcase name="AddNewAgentTeamManagementRecord" time="17.361" classname="com.tetherfi.test.tmac.AgentTeamMgmtTest">
    <failure type="java.lang.AssertionError" message="Record Created Successfully did not expect to find [true] but found [false]">
      <![CDATA[java.lang.AssertionError: Record Created Successfully did not expect to find [true] but found [false]
at org.testng.Assert.fail(Assert.java:97)
at org.testng.Assert.failNotEquals(Assert.java:969)
at org.testng.Assert.assertTrue(Assert.java:43)
at com.tetherfi.test.tmac.AgentTeamMgmtTest.AddNewAgentTeamManagementRecord(AgentTeamMgmtTest.java:100)
at sun.reflect.NativeMethodAccessorImpl.invoke0(Native Method)
at sun.reflect.NativeMethodAccessorImpl.invoke(Unknown Source)
at sun.reflect.DelegatingMethodAccessorImpl.invoke(Unknown Source)
at java.lang.reflect.Method.invoke(Unknown Source)
at org.testng.internal.MethodInvocationHelper.invokeMethod(MethodInvocationHelper.java:133)
at org.testng.internal.TestInvoker.invokeMethod(TestInvoker.java:584)
at org.testng.internal.TestInvoker.invokeTestMethod(TestInvoker.java:172)
at org.testng.internal.MethodRunner.runInSequence(MethodRunner.java:46)
at org.testng.internal.TestInvoker$MethodInvocationAgent.invoke(TestInvoker.java:804)
at org.testng.internal.TestInvoker.invokeTestMethods(TestInvoker.java:145)
at org.testng.internal.TestMethodWorker.invokeTestMethods(TestMethodWorker.java:146)
at org.testng.internal.TestMethodWorker.run(TestMethodWorker.java:128)
at java.util.ArrayList.forEach(Unknown Source)
at org.testng.TestRunner.privateRun(TestRunner.java:770)
at org.testng.TestRunner.run(TestRunner.java:591)
at org.testng.SuiteRunner.runTest(SuiteRunner.java:402)
at org.testng.SuiteRunner.runSequentially(SuiteRunner.java:396)
at org.testng.SuiteRunner.privateRun(SuiteRunner.java:355)
at org.testng.SuiteRunner.run(SuiteRunner.java:304)
at org.testng.SuiteRunnerWorker.runSuite(SuiteRunnerWorker.java:53)
at org.testng.SuiteRunnerWorker.run(SuiteRunnerWorker.java:96)
at org.testng.TestNG.runSuitesSequentially(TestNG.java:1180)
at org.testng.TestNG.runSuitesLocally(TestNG.java:1102)
at org.testng.TestNG.runSuites(TestNG.java:1032)
at org.testng.TestNG.run(TestNG.java:1000)
at org.testng.remote.AbstractRemoteTestNG.run(AbstractRemoteTestNG.java:115)
at org.testng.remote.RemoteTestNG.initAndRun(RemoteTestNG.java:251)
at org.testng.remote.RemoteTestNG.main(RemoteTestNG.java:77)
]]>
    </failure>
  </testcase> <!-- AddNewAgentTeamManagementRecord -->
  <testcase name="AddRecordTeamNameBlank" time="23.482" classname="com.tetherfi.test.tmac.AgentTeamMgmtTest">
    <failure type="org.openqa.selenium.WebDriverException" message="chrome not reachable
  (Session info: chrome=94.0.4606.81)
Build info: version: &amp;apos;3.141.59&amp;apos;, revision: &amp;apos;e82be7d358&amp;apos;, time: &amp;apos;2018-11-14T08:17:03&amp;apos;
System info: host: &amp;apos;TTF-BLR-SANTOSH&amp;apos;, ip: &amp;apos;192.168.50.7&amp;apos;, os.name: &amp;apos;Windows 10&amp;apos;, os.arch: &amp;apos;amd64&amp;apos;, os.version: &amp;apos;10.0&amp;apos;, java.version: &amp;apos;1.8.0_181&amp;apos;
Driver info: org.openqa.selenium.chrome.ChromeDriver
Capabilities {acceptInsecureCerts: false, browserName: chrome, browserVersion: 94.0.4606.81, chrome: {chromedriverVersion: 94.0.4606.41 (333e85df3c9b6..., userDataDir: C:\Users\admin\AppData\Loca...}, goog:chromeOptions: {debuggerAddress: localhost:62013}, javascriptEnabled: true, networkConnectionEnabled: false, pageLoadStrategy: normal, platform: WINDOWS, platformName: WINDOWS, proxy: Proxy(), setWindowRect: true, strictFileInteractability: false, timeouts: {implicit: 0, pageLoad: 300000, script: 30000}, unhandledPromptBehavior: dismiss and notify, webauthn:extension:credBlob: true, webauthn:extension:largeBlob: true, webauthn:virtualAuthenticators: true}
Session ID: f79637809a9129b498a3a649ae794d25
*** Element info: {Using=css selector, value=span[aria-owns=&amp;apos;1_listbox&amp;apos;]}">
      <![CDATA[org.openqa.selenium.WebDriverException: chrome not reachable
  (Session info: chrome=94.0.4606.81)
Build info: version: '3.141.59', revision: 'e82be7d358', time: '2018-11-14T08:17:03'
System info: host: 'TTF-BLR-SANTOSH', ip: '192.168.50.7', os.name: 'Windows 10', os.arch: 'amd64', os.version: '10.0', java.version: '1.8.0_181'
Driver info: org.openqa.selenium.chrome.ChromeDriver
Capabilities {acceptInsecureCerts: false, browserName: chrome, browserVersion: 94.0.4606.81, chrome: {chromedriverVersion: 94.0.4606.41 (333e85df3c9b6..., userDataDir: C:\Users\admin\AppData\Loca...}, goog:chromeOptions: {debuggerAddress: localhost:62013}, javascriptEnabled: true, networkConnectionEnabled: false, pageLoadStrategy: normal, platform: WINDOWS, platformName: WINDOWS, proxy: Proxy(), setWindowRect: true, strictFileInteractability: false, timeouts: {implicit: 0, pageLoad: 300000, script: 30000}, unhandledPromptBehavior: dismiss and notify, webauthn:extension:credBlob: true, webauthn:extension:largeBlob: true, webauthn:virtualAuthenticators: true}
Session ID: f79637809a9129b498a3a649ae794d25
*** Element info: {Using=css selector, value=span[aria-owns='1_listbox']}
at sun.reflect.NativeConstructorAccessorImpl.newInstance0(Native Method)
at sun.reflect.NativeConstructorAccessorImpl.newInstance(Unknown Source)
at sun.reflect.DelegatingConstructorAccessorImpl.newInstance(Unknown Source)
at java.lang.reflect.Constructor.newInstance(Unknown Source)
at org.openqa.selenium.remote.http.W3CHttpResponseCodec.createException(W3CHttpResponseCodec.java:187)
at org.openqa.selenium.remote.http.W3CHttpResponseCodec.decode(W3CHttpResponseCodec.java:122)
at org.openqa.selenium.remote.http.W3CHttpResponseCodec.decode(W3CHttpResponseCodec.java:49)
at org.openqa.selenium.remote.HttpCommandExecutor.execute(HttpCommandExecutor.java:158)
at org.openqa.selenium.remote.service.DriverCommandExecutor.execute(DriverCommandExecutor.java:83)
at org.openqa.selenium.remote.RemoteWebDriver.execute(RemoteWebDriver.java:552)
at org.openqa.selenium.remote.RemoteWebDriver.findElement(RemoteWebDriver.java:323)
at org.openqa.selenium.remote.RemoteWebDriver.findElementByCssSelector(RemoteWebDriver.java:420)
at org.openqa.selenium.By$ByCssSelector.findElement(By.java:431)
at org.openqa.selenium.remote.RemoteWebDriver.findElement(RemoteWebDriver.java:315)
at org.openqa.selenium.support.pagefactory.DefaultElementLocator.findElement(DefaultElementLocator.java:69)
at org.openqa.selenium.support.pagefactory.internal.LocatingElementHandler.invoke(LocatingElementHandler.java:38)
at com.sun.proxy.$Proxy11.isDisplayed(Unknown Source)
at org.openqa.selenium.support.ui.ExpectedConditions.elementIfVisible(ExpectedConditions.java:314)
at org.openqa.selenium.support.ui.ExpectedConditions.access$000(ExpectedConditions.java:43)
at org.openqa.selenium.support.ui.ExpectedConditions$10.apply(ExpectedConditions.java:300)
at org.openqa.selenium.support.ui.ExpectedConditions$10.apply(ExpectedConditions.java:297)
at org.openqa.selenium.support.ui.FluentWait.until(FluentWait.java:249)
at com.tetherfi.pages.BasePage.waitUntilWebElementIsVisible(BasePage.java:129)
at com.tetherfi.pages.BasePage.selectWebElement(BasePage.java:196)
at com.tetherfi.pages.AgentTeamManagementPage.chooseCountry(AgentTeamManagementPage.java:352)
at com.tetherfi.pages.AgentTeamManagementPage.addInvalidRecord(AgentTeamManagementPage.java:591)
at com.tetherfi.test.tmac.AgentTeamMgmtTest.AddRecordTeamNameBlank(AgentTeamMgmtTest.java:109)
at sun.reflect.NativeMethodAccessorImpl.invoke0(Native Method)
at sun.reflect.NativeMethodAccessorImpl.invoke(Unknown Source)
at sun.reflect.DelegatingMethodAccessorImpl.invoke(Unknown Source)
at java.lang.reflect.Method.invoke(Unknown Source)
at org.testng.internal.MethodInvocationHelper.invokeMethod(MethodInvocationHelper.java:133)
at org.testng.internal.TestInvoker.invokeMethod(TestInvoker.java:584)
at org.testng.internal.TestInvoker.invokeTestMethod(TestInvoker.java:172)
at org.testng.internal.MethodRunner.runInSequence(MethodRunner.java:46)
at org.testng.internal.TestInvoker$MethodInvocationAgent.invoke(TestInvoker.java:804)
at org.testng.internal.TestInvoker.invokeTestMethods(TestInvoker.java:145)
at org.testng.internal.TestMethodWorker.invokeTestMethods(TestMethodWorker.java:146)
at org.testng.internal.TestMethodWorker.run(TestMethodWorker.java:128)
at java.util.ArrayList.forEach(Unknown Source)
at org.testng.TestRunner.privateRun(TestRunner.java:770)
at org.testng.TestRunner.run(TestRunner.java:591)
at org.testng.SuiteRunner.runTest(SuiteRunner.java:402)
at org.testng.SuiteRunner.runSequentially(SuiteRunner.java:396)
at org.testng.SuiteRunner.privateRun(SuiteRunner.java:355)
at org.testng.SuiteRunner.run(SuiteRunner.java:304)
at org.testng.SuiteRunnerWorker.runSuite(SuiteRunnerWorker.java:53)
at org.testng.SuiteRunnerWorker.run(SuiteRunnerWorker.java:96)
at org.testng.TestNG.runSuitesSequentially(TestNG.java:1180)
at org.testng.TestNG.runSuitesLocally(TestNG.java:1102)
at org.testng.TestNG.runSuites(TestNG.java:1032)
at org.testng.TestNG.run(TestNG.java:1000)
at org.testng.remote.AbstractRemoteTestNG.run(AbstractRemoteTestNG.java:115)
at org.testng.remote.RemoteTestNG.initAndRun(RemoteTestNG.java:251)
at org.testng.remote.RemoteTestNG.main(RemoteTestNG.java:77)
]]>
    </failure>
  </testcase> <!-- AddRecordTeamNameBlank -->
  <testcase name="AddRecordCountryBlank" time="0.0" classname="com.tetherfi.test.tmac.AgentTeamMgmtTest">
    <skipped/>
  </testcase> <!-- AddRecordCountryBlank -->
  <testcase name="AddRecordDivisionBlank" time="0.0" classname="com.tetherfi.test.tmac.AgentTeamMgmtTest">
    <skipped/>
  </testcase> <!-- AddRecordDivisionBlank -->
  <testcase name="AddRecordDepartmentBlank" time="0.0" classname="com.tetherfi.test.tmac.AgentTeamMgmtTest">
    <skipped/>
  </testcase> <!-- AddRecordDepartmentBlank -->
  <testcase name="AddDuplicateRecord" time="0.0" classname="com.tetherfi.test.tmac.AgentTeamMgmtTest">
    <skipped/>
  </testcase> <!-- AddDuplicateRecord -->
  <testcase name="EditAgentTeamManagementCancelRecord" time="0.0" classname="com.tetherfi.test.tmac.AgentTeamMgmtTest">
    <skipped/>
  </testcase> <!-- EditAgentTeamManagementCancelRecord -->
  <testcase name="EditAgentTeamManagementRecord" time="0.0" classname="com.tetherfi.test.tmac.AgentTeamMgmtTest">
    <skipped/>
  </testcase> <!-- EditAgentTeamManagementRecord -->
  <testcase name="searchPage" time="0.0" classname="com.tetherfi.test.tmac.AgentTeamMgmtTest">
    <skipped/>
  </testcase> <!-- searchPage -->
  <testcase name="VerifySearchIsNotEqualTo" time="0.0" classname="com.tetherfi.test.tmac.AgentTeamMgmtTest">
    <skipped/>
  </testcase> <!-- VerifySearchIsNotEqualTo -->
  <testcase name="VerifySearchContains" time="0.0" classname="com.tetherfi.test.tmac.AgentTeamMgmtTest">
    <skipped/>
  </testcase> <!-- VerifySearchContains -->
  <testcase name="VerifySearchDoesNotContains" time="0.001" classname="com.tetherfi.test.tmac.AgentTeamMgmtTest">
    <skipped/>
  </testcase> <!-- VerifySearchDoesNotContains -->
  <testcase name="VerifySearchStartsWith" time="0.0" classname="com.tetherfi.test.tmac.AgentTeamMgmtTest">
    <skipped/>
  </testcase> <!-- VerifySearchStartsWith -->
  <testcase name="VerifySearchEndsWith" time="0.0" classname="com.tetherfi.test.tmac.AgentTeamMgmtTest">
    <skipped/>
  </testcase> <!-- VerifySearchEndsWith -->
  <testcase name="DeleteAgentTeamManagementCancelRecord" time="0.0" classname="com.tetherfi.test.tmac.AgentTeamMgmtTest">
    <skipped/>
  </testcase> <!-- DeleteAgentTeamManagementCancelRecord -->
  <testcase name="DeleteAgentTeamManagementRecord" time="0.0" classname="com.tetherfi.test.tmac.AgentTeamMgmtTest">
    <skipped/>
  </testcase> <!-- DeleteAgentTeamManagementRecord -->
  <testcase name="SearchClearSearch" time="0.0" classname="com.tetherfi.test.tmac.AgentTeamMgmtTest">
    <skipped/>
  </testcase> <!-- SearchClearSearch -->
  <testcase name="ExportToExcel" time="0.0" classname="com.tetherfi.test.tmac.AgentTeamMgmtTest">
    <skipped/>
  </testcase> <!-- ExportToExcel -->
  <testcase name="ExportToExcelData" time="0.0" classname="com.tetherfi.test.tmac.AgentTeamMgmtTest">
    <skipped/>
  </testcase> <!-- ExportToExcelData -->
  <testcase name="database" time="0.0" classname="com.tetherfi.test.tmac.AgentTeamMgmtTest">
    <skipped/>
  </testcase> <!-- database -->
  <testcase name="GroupBy" time="0.0" classname="com.tetherfi.test.tmac.AgentTeamMgmtTest">
    <skipped/>
  </testcase> <!-- GroupBy -->
  <testcase name="VerifyArrowMoveForPreviousAndNextPage" time="0.0" classname="com.tetherfi.test.tmac.AgentTeamMgmtTest">
    <skipped/>
  </testcase> <!-- VerifyArrowMoveForPreviousAndNextPage -->
  <testcase name="VerifyArrowMoveForFirstAndLastPage" time="0.0" classname="com.tetherfi.test.tmac.AgentTeamMgmtTest">
    <skipped/>
  </testcase> <!-- VerifyArrowMoveForFirstAndLastPage -->
  <testcase name="VerifyTotalNumberOfItemsPerPageDetails" time="0.0" classname="com.tetherfi.test.tmac.AgentTeamMgmtTest">
    <skipped/>
  </testcase> <!-- VerifyTotalNumberOfItemsPerPageDetails -->
  <testcase name="VerifyNumberOfItemsPerPageSelection" time="0.0" classname="com.tetherfi.test.tmac.AgentTeamMgmtTest">
    <skipped/>
  </testcase> <!-- VerifyNumberOfItemsPerPageSelection -->
  <testcase name="VerifyDropdownForAllTheColumns" time="0.0" classname="com.tetherfi.test.tmac.AgentTeamMgmtTest">
    <skipped/>
  </testcase> <!-- VerifyDropdownForAllTheColumns -->
  <testcase name="VerifyColumnsHeaderDisable" time="0.0" classname="com.tetherfi.test.tmac.AgentTeamMgmtTest">
    <skipped/>
  </testcase> <!-- VerifyColumnsHeaderDisable -->
  <testcase name="VerifyColumnsHeaderEnable" time="0.0" classname="com.tetherfi.test.tmac.AgentTeamMgmtTest">
    <skipped/>
  </testcase> <!-- VerifyColumnsHeaderEnable -->
  <testcase name="SortingByAscending" time="0.0" classname="com.tetherfi.test.tmac.AgentTeamMgmtTest">
    <skipped/>
  </testcase> <!-- SortingByAscending -->
  <testcase name="SortingByDescending" time="0.0" classname="com.tetherfi.test.tmac.AgentTeamMgmtTest">
    <skipped/>
  </testcase> <!-- SortingByDescending -->
  <testcase name="ExporttoExcelWithoutData" time="0.0" classname="com.tetherfi.test.tmac.AgentTeamMgmtTest">
    <skipped/>
  </testcase> <!-- ExporttoExcelWithoutData -->
  <testcase name="VerifyAuditTrialReportForCreate" time="0.0" classname="com.tetherfi.test.tmac.AgentTeamMgmtTest">
    <skipped/>
  </testcase> <!-- VerifyAuditTrialReportForCreate -->
  <testcase name="VerifyAuditTrialReportForUpdate" time="0.0" classname="com.tetherfi.test.tmac.AgentTeamMgmtTest">
    <skipped/>
  </testcase> <!-- VerifyAuditTrialReportForUpdate -->
  <testcase name="VerifyAuditTrialReportForDelete" time="0.001" classname="com.tetherfi.test.tmac.AgentTeamMgmtTest">
    <skipped/>
  </testcase> <!-- VerifyAuditTrialReportForDelete -->
</testsuite> <!-- Default test -->
