<?xml version="1.0" encoding="UTF-8"?>
<!-- Generated by org.testng.reporters.JUnitXMLReporter -->
<testsuite hostname="DESKTOP-NJVBPFB" ignored="0" name="Default test" tests="4" failures="0" timestamp="2020-05-06T16:17:20 IST" time="181.339" errors="0">
  <testcase name="AddNewOperatingHoursRecord" time="18.114" classname="com.tetherfi.test.ivr.OperatingHoursTest"/>
  <testcase name="AddAlldaysOperatingHoursRecord" time="7.149" classname="com.tetherfi.test.ivr.OperatingHoursTest"/>
  <testcase name="EditOperatingHoursRecord" time="13.686" classname="com.tetherfi.test.ivr.OperatingHoursTest"/>
  <testcase name="DeleteOperatinghoursRecord" time="8.941" classname="com.tetherfi.test.ivr.OperatingHoursTest"/>
</testsuite> <!-- Default test -->
