<?xml version="1.0" encoding="UTF-8"?>
<!-- Generated by org.testng.reporters.JUnitXMLReporter -->
<testsuite ignored="0" hostname="admin" failures="0" tests="34" name="Default test" time="3.177" errors="0" timestamp="08 May 2019 07:12:22 GMT">
  <testcase classname="com.tetherfi.test.BaseTest" name="@BeforeClass openApplication" time="2.744">
    <failure type="java.lang.NullPointerException">
      <![CDATA[java.lang.NullPointerException
	at com.tetherfi.test.BaseTest.openApplication(BaseTest.java:37)
	at java.base/jdk.internal.reflect.NativeMethodAccessorImpl.invoke0(Native Method)
	at java.base/jdk.internal.reflect.NativeMethodAccessorImpl.invoke(Unknown Source)
	at java.base/jdk.internal.reflect.DelegatingMethodAccessorImpl.invoke(Unknown Source)
	at java.base/java.lang.reflect.Method.invoke(Unknown Source)
	at org.testng.internal.MethodInvocationHelper.invokeMethod(MethodInvocationHelper.java:108)
	at org.testng.internal.Invoker.invokeConfigurationMethod(Invoker.java:523)
	at org.testng.internal.Invoker.invokeConfigurations(Invoker.java:224)
	at org.testng.internal.Invoker.invokeConfigurations(Invoker.java:146)
	at org.testng.internal.TestMethodWorker.invokeBeforeClassMethods(TestMethodWorker.java:166)
	at org.testng.internal.TestMethodWorker.run(TestMethodWorker.java:105)
	at org.testng.TestRunner.privateRun(TestRunner.java:744)
	at org.testng.TestRunner.run(TestRunner.java:602)
	at org.testng.SuiteRunner.runTest(SuiteRunner.java:380)
	at org.testng.SuiteRunner.runSequentially(SuiteRunner.java:375)
	at org.testng.SuiteRunner.privateRun(SuiteRunner.java:340)
	at org.testng.SuiteRunner.run(SuiteRunner.java:289)
	at org.testng.SuiteRunnerWorker.runSuite(SuiteRunnerWorker.java:52)
	at org.testng.SuiteRunnerWorker.run(SuiteRunnerWorker.java:86)
	at org.testng.TestNG.runSuitesSequentially(TestNG.java:1301)
	at org.testng.TestNG.runSuitesLocally(TestNG.java:1226)
	at org.testng.TestNG.runSuites(TestNG.java:1144)
	at org.testng.TestNG.run(TestNG.java:1115)
	at org.testng.remote.AbstractRemoteTestNG.run(AbstractRemoteTestNG.java:114)
	at org.testng.remote.RemoteTestNG.initAndRun(RemoteTestNG.java:251)
	at org.testng.remote.RemoteTestNG.main(RemoteTestNG.java:77)
]]>
    </failure>
  </testcase> <!-- @BeforeClass openApplication -->
  <testcase classname="com.tetherfi.test.BaseTest" name="@BeforeMethod startTestCase" time="0.0">
    <skipped/>
  </testcase> <!-- @BeforeMethod startTestCase -->
  <testcase classname="com.tetherfi.test.ivr.MenuDescriptionMappingTest" name="@BeforeMethod NavigateToMenuDescriptionMappingPage" time="0.0">
    <skipped/>
  </testcase> <!-- @BeforeMethod NavigateToMenuDescriptionMappingPage -->
  <testcase classname="com.tetherfi.test.BaseTest" name="@BeforeMethod startTestCase" time="0.0">
    <skipped/>
  </testcase> <!-- @BeforeMethod startTestCase -->
  <testcase classname="com.tetherfi.test.ivr.MenuDescriptionMappingTest" name="@BeforeMethod NavigateToMenuDescriptionMappingPage" time="0.0">
    <skipped/>
  </testcase> <!-- @BeforeMethod NavigateToMenuDescriptionMappingPage -->
  <testcase classname="com.tetherfi.test.BaseTest" name="@BeforeMethod startTestCase" time="0.0">
    <skipped/>
  </testcase> <!-- @BeforeMethod startTestCase -->
  <testcase classname="com.tetherfi.test.ivr.MenuDescriptionMappingTest" name="@BeforeMethod NavigateToMenuDescriptionMappingPage" time="0.0">
    <skipped/>
  </testcase> <!-- @BeforeMethod NavigateToMenuDescriptionMappingPage -->
  <testcase classname="com.tetherfi.test.BaseTest" name="@BeforeMethod startTestCase" time="0.0">
    <skipped/>
  </testcase> <!-- @BeforeMethod startTestCase -->
  <testcase classname="com.tetherfi.test.ivr.MenuDescriptionMappingTest" name="@BeforeMethod NavigateToMenuDescriptionMappingPage" time="0.0">
    <skipped/>
  </testcase> <!-- @BeforeMethod NavigateToMenuDescriptionMappingPage -->
  <testcase classname="com.tetherfi.test.BaseTest" name="@BeforeMethod startTestCase" time="0.0">
    <skipped/>
  </testcase> <!-- @BeforeMethod startTestCase -->
  <testcase classname="com.tetherfi.test.ivr.MenuDescriptionMappingTest" name="@BeforeMethod NavigateToMenuDescriptionMappingPage" time="0.0">
    <skipped/>
  </testcase> <!-- @BeforeMethod NavigateToMenuDescriptionMappingPage -->
  <testcase classname="com.tetherfi.test.BaseTest" name="@BeforeMethod startTestCase" time="0.0">
    <skipped/>
  </testcase> <!-- @BeforeMethod startTestCase -->
  <testcase classname="com.tetherfi.test.ivr.MenuDescriptionMappingTest" name="@BeforeMethod NavigateToMenuDescriptionMappingPage" time="0.0">
    <skipped/>
  </testcase> <!-- @BeforeMethod NavigateToMenuDescriptionMappingPage -->
  <testcase classname="com.tetherfi.test.BaseTest" name="@BeforeMethod startTestCase" time="0.0">
    <skipped/>
  </testcase> <!-- @BeforeMethod startTestCase -->
  <testcase classname="com.tetherfi.test.ivr.MenuDescriptionMappingTest" name="@BeforeMethod NavigateToMenuDescriptionMappingPage" time="0.0">
    <skipped/>
  </testcase> <!-- @BeforeMethod NavigateToMenuDescriptionMappingPage -->
  <testcase classname="com.tetherfi.test.BaseTest" name="@BeforeMethod startTestCase" time="0.0">
    <skipped/>
  </testcase> <!-- @BeforeMethod startTestCase -->
  <testcase classname="com.tetherfi.test.ivr.MenuDescriptionMappingTest" name="@BeforeMethod NavigateToMenuDescriptionMappingPage" time="0.0">
    <skipped/>
  </testcase> <!-- @BeforeMethod NavigateToMenuDescriptionMappingPage -->
  <testcase classname="com.tetherfi.test.BaseTest" name="@BeforeMethod startTestCase" time="0.0">
    <skipped/>
  </testcase> <!-- @BeforeMethod startTestCase -->
  <testcase classname="com.tetherfi.test.ivr.MenuDescriptionMappingTest" name="@BeforeMethod NavigateToMenuDescriptionMappingPage" time="0.0">
    <skipped/>
  </testcase> <!-- @BeforeMethod NavigateToMenuDescriptionMappingPage -->
  <testcase classname="com.tetherfi.test.BaseTest" name="@BeforeMethod startTestCase" time="0.0">
    <skipped/>
  </testcase> <!-- @BeforeMethod startTestCase -->
  <testcase classname="com.tetherfi.test.ivr.MenuDescriptionMappingTest" name="@BeforeMethod NavigateToMenuDescriptionMappingPage" time="0.0">
    <skipped/>
  </testcase> <!-- @BeforeMethod NavigateToMenuDescriptionMappingPage -->
  <testcase classname="com.tetherfi.test.BaseTest" name="@BeforeMethod startTestCase" time="0.0">
    <skipped/>
  </testcase> <!-- @BeforeMethod startTestCase -->
  <testcase classname="com.tetherfi.test.ivr.MenuDescriptionMappingTest" name="@BeforeMethod NavigateToMenuDescriptionMappingPage" time="0.0">
    <skipped/>
  </testcase> <!-- @BeforeMethod NavigateToMenuDescriptionMappingPage -->
  <testcase classname="com.tetherfi.test.BaseTest" name="@BeforeMethod startTestCase" time="0.0">
    <skipped/>
  </testcase> <!-- @BeforeMethod startTestCase -->
  <testcase classname="com.tetherfi.test.ivr.MenuDescriptionMappingTest" name="@BeforeMethod NavigateToMenuDescriptionMappingPage" time="0.0">
    <skipped/>
  </testcase> <!-- @BeforeMethod NavigateToMenuDescriptionMappingPage -->
  <testcase classname="com.tetherfi.test.BaseTest" name="@BeforeMethod startTestCase" time="0.0">
    <skipped/>
  </testcase> <!-- @BeforeMethod startTestCase -->
  <testcase classname="com.tetherfi.test.ivr.MenuDescriptionMappingTest" name="@BeforeMethod NavigateToMenuDescriptionMappingPage" time="0.0">
    <skipped/>
  </testcase> <!-- @BeforeMethod NavigateToMenuDescriptionMappingPage -->
  <testcase classname="com.tetherfi.test.BaseTest" name="@BeforeMethod startTestCase" time="0.0">
    <skipped/>
  </testcase> <!-- @BeforeMethod startTestCase -->
  <testcase classname="com.tetherfi.test.ivr.MenuDescriptionMappingTest" name="@BeforeMethod NavigateToMenuDescriptionMappingPage" time="0.0">
    <skipped/>
  </testcase> <!-- @BeforeMethod NavigateToMenuDescriptionMappingPage -->
  <testcase classname="com.tetherfi.test.BaseTest" name="@BeforeMethod startTestCase" time="0.0">
    <skipped/>
  </testcase> <!-- @BeforeMethod startTestCase -->
  <testcase classname="com.tetherfi.test.ivr.MenuDescriptionMappingTest" name="@BeforeMethod NavigateToMenuDescriptionMappingPage" time="0.0">
    <skipped/>
  </testcase> <!-- @BeforeMethod NavigateToMenuDescriptionMappingPage -->
  <testcase classname="com.tetherfi.test.BaseTest" name="@BeforeMethod startTestCase" time="0.0">
    <skipped/>
  </testcase> <!-- @BeforeMethod startTestCase -->
  <testcase classname="com.tetherfi.test.ivr.MenuDescriptionMappingTest" name="@BeforeMethod NavigateToMenuDescriptionMappingPage" time="0.0">
    <skipped/>
  </testcase> <!-- @BeforeMethod NavigateToMenuDescriptionMappingPage -->
  <testcase classname="com.tetherfi.test.BaseTest" name="@BeforeMethod startTestCase" time="0.0">
    <skipped/>
  </testcase> <!-- @BeforeMethod startTestCase -->
  <testcase classname="com.tetherfi.test.ivr.MenuDescriptionMappingTest" name="@BeforeMethod NavigateToMenuDescriptionMappingPage" time="0.0">
    <skipped/>
  </testcase> <!-- @BeforeMethod NavigateToMenuDescriptionMappingPage -->
  <testcase classname="com.tetherfi.test.BaseTest" name="@BeforeMethod startTestCase" time="0.0">
    <skipped/>
  </testcase> <!-- @BeforeMethod startTestCase -->
  <testcase classname="com.tetherfi.test.ivr.MenuDescriptionMappingTest" name="@BeforeMethod NavigateToMenuDescriptionMappingPage" time="0.0">
    <skipped/>
  </testcase> <!-- @BeforeMethod NavigateToMenuDescriptionMappingPage -->
  <testcase classname="com.tetherfi.test.BaseTest" name="@BeforeMethod startTestCase" time="0.0">
    <skipped/>
  </testcase> <!-- @BeforeMethod startTestCase -->
  <testcase classname="com.tetherfi.test.ivr.MenuDescriptionMappingTest" name="@BeforeMethod NavigateToMenuDescriptionMappingPage" time="0.0">
    <skipped/>
  </testcase> <!-- @BeforeMethod NavigateToMenuDescriptionMappingPage -->
  <testcase classname="com.tetherfi.test.BaseTest" name="@BeforeMethod startTestCase" time="0.0">
    <skipped/>
  </testcase> <!-- @BeforeMethod startTestCase -->
  <testcase classname="com.tetherfi.test.ivr.MenuDescriptionMappingTest" name="@BeforeMethod NavigateToMenuDescriptionMappingPage" time="0.0">
    <skipped/>
  </testcase> <!-- @BeforeMethod NavigateToMenuDescriptionMappingPage -->
  <testcase classname="com.tetherfi.test.BaseTest" name="@BeforeMethod startTestCase" time="0.0">
    <skipped/>
  </testcase> <!-- @BeforeMethod startTestCase -->
  <testcase classname="com.tetherfi.test.ivr.MenuDescriptionMappingTest" name="@BeforeMethod NavigateToMenuDescriptionMappingPage" time="0.0">
    <skipped/>
  </testcase> <!-- @BeforeMethod NavigateToMenuDescriptionMappingPage -->
  <testcase classname="com.tetherfi.test.BaseTest" name="@BeforeMethod startTestCase" time="0.0">
    <skipped/>
  </testcase> <!-- @BeforeMethod startTestCase -->
  <testcase classname="com.tetherfi.test.ivr.MenuDescriptionMappingTest" name="@BeforeMethod NavigateToMenuDescriptionMappingPage" time="0.0">
    <skipped/>
  </testcase> <!-- @BeforeMethod NavigateToMenuDescriptionMappingPage -->
  <testcase classname="com.tetherfi.test.BaseTest" name="@BeforeMethod startTestCase" time="0.0">
    <skipped/>
  </testcase> <!-- @BeforeMethod startTestCase -->
  <testcase classname="com.tetherfi.test.ivr.MenuDescriptionMappingTest" name="@BeforeMethod NavigateToMenuDescriptionMappingPage" time="0.0">
    <skipped/>
  </testcase> <!-- @BeforeMethod NavigateToMenuDescriptionMappingPage -->
  <testcase classname="com.tetherfi.test.BaseTest" name="@BeforeMethod startTestCase" time="0.0">
    <skipped/>
  </testcase> <!-- @BeforeMethod startTestCase -->
  <testcase classname="com.tetherfi.test.ivr.MenuDescriptionMappingTest" name="@BeforeMethod NavigateToMenuDescriptionMappingPage" time="0.0">
    <skipped/>
  </testcase> <!-- @BeforeMethod NavigateToMenuDescriptionMappingPage -->
  <testcase classname="com.tetherfi.test.BaseTest" name="@BeforeMethod startTestCase" time="0.0">
    <skipped/>
  </testcase> <!-- @BeforeMethod startTestCase -->
  <testcase classname="com.tetherfi.test.ivr.MenuDescriptionMappingTest" name="@BeforeMethod NavigateToMenuDescriptionMappingPage" time="0.0">
    <skipped/>
  </testcase> <!-- @BeforeMethod NavigateToMenuDescriptionMappingPage -->
  <testcase classname="com.tetherfi.test.BaseTest" name="@BeforeMethod startTestCase" time="0.0">
    <skipped/>
  </testcase> <!-- @BeforeMethod startTestCase -->
  <testcase classname="com.tetherfi.test.ivr.MenuDescriptionMappingTest" name="@BeforeMethod NavigateToMenuDescriptionMappingPage" time="0.0">
    <skipped/>
  </testcase> <!-- @BeforeMethod NavigateToMenuDescriptionMappingPage -->
  <testcase classname="com.tetherfi.test.BaseTest" name="@BeforeMethod startTestCase" time="0.003">
    <skipped/>
  </testcase> <!-- @BeforeMethod startTestCase -->
  <testcase classname="com.tetherfi.test.ivr.MenuDescriptionMappingTest" name="@BeforeMethod NavigateToMenuDescriptionMappingPage" time="0.0">
    <skipped/>
  </testcase> <!-- @BeforeMethod NavigateToMenuDescriptionMappingPage -->
  <testcase classname="com.tetherfi.test.BaseTest" name="@AfterClass tearDown" time="0.0">
    <skipped/>
  </testcase> <!-- @AfterClass tearDown -->
  <testcase classname="com.tetherfi.test.ivr.MenuDescriptionMappingTest" name="MenuDescriptionMappingPage" time="0.001">
    <skipped/>
  </testcase> <!-- MenuDescriptionMappingPage -->
  <testcase classname="com.tetherfi.test.ivr.MenuDescriptionMappingTest" name="VerifyDropdownForAllTheColumns" time="0.0">
    <skipped/>
  </testcase> <!-- VerifyDropdownForAllTheColumns -->
  <testcase classname="com.tetherfi.test.ivr.MenuDescriptionMappingTest" name="VerifyColumnsHeaderEnable" time="0.0">
    <skipped/>
  </testcase> <!-- VerifyColumnsHeaderEnable -->
  <testcase classname="com.tetherfi.test.ivr.MenuDescriptionMappingTest" name="VerifyColumnsHeaderDisable" time="0.0">
    <skipped/>
  </testcase> <!-- VerifyColumnsHeaderDisable -->
  <testcase classname="com.tetherfi.test.ivr.MenuDescriptionMappingTest" name="AddNewMenuDescriptionMappingRecord" time="0.0">
    <skipped/>
  </testcase> <!-- AddNewMenuDescriptionMappingRecord -->
  <testcase classname="com.tetherfi.test.ivr.MenuDescriptionMappingTest" name="AddDuplicateMenuDescriptionMappingRecord" time="0.0">
    <skipped/>
  </testcase> <!-- AddDuplicateMenuDescriptionMappingRecord -->
  <testcase classname="com.tetherfi.test.ivr.MenuDescriptionMappingTest" name="VerifyAuditTrialReportForCreate" time="0.0">
    <skipped/>
  </testcase> <!-- VerifyAuditTrialReportForCreate -->
  <testcase classname="com.tetherfi.test.ivr.MenuDescriptionMappingTest" name="AddEmptyRecord" time="0.0">
    <skipped/>
  </testcase> <!-- AddEmptyRecord -->
  <testcase classname="com.tetherfi.test.ivr.MenuDescriptionMappingTest" name="AddRecordWithoutMenuID" time="0.0">
    <skipped/>
  </testcase> <!-- AddRecordWithoutMenuID -->
  <testcase classname="com.tetherfi.test.ivr.MenuDescriptionMappingTest" name="AddRecordWithoutMenuName" time="0.0">
    <skipped/>
  </testcase> <!-- AddRecordWithoutMenuName -->
  <testcase classname="com.tetherfi.test.ivr.MenuDescriptionMappingTest" name="AddRecordWithoutIntent" time="0.0">
    <skipped/>
  </testcase> <!-- AddRecordWithoutIntent -->
  <testcase classname="com.tetherfi.test.ivr.MenuDescriptionMappingTest" name="VerifyCancelBtnAtAddRecord" time="0.0">
    <skipped/>
  </testcase> <!-- VerifyCancelBtnAtAddRecord -->
  <testcase classname="com.tetherfi.test.ivr.MenuDescriptionMappingTest" name="EditMenuDescriptionMappingRecord" time="0.0">
    <skipped/>
  </testcase> <!-- EditMenuDescriptionMappingRecord -->
  <testcase classname="com.tetherfi.test.ivr.MenuDescriptionMappingTest" name="VerifyAuditTrialReportForUpdate" time="0.0">
    <skipped/>
  </testcase> <!-- VerifyAuditTrialReportForUpdate -->
  <testcase classname="com.tetherfi.test.ivr.MenuDescriptionMappingTest" name="EditWithoutModifyReasonRecord" time="0.0">
    <skipped/>
  </testcase> <!-- EditWithoutModifyReasonRecord -->
  <testcase classname="com.tetherfi.test.ivr.MenuDescriptionMappingTest" name="VerifyCancelBtnAtEditRecord" time="0.0">
    <skipped/>
  </testcase> <!-- VerifyCancelBtnAtEditRecord -->
  <testcase classname="com.tetherfi.test.ivr.MenuDescriptionMappingTest" name="searchPage" time="0.0">
    <skipped/>
  </testcase> <!-- searchPage -->
  <testcase classname="com.tetherfi.test.ivr.MenuDescriptionMappingTest" name="searchwithoutSearchTextbox" time="0.0">
    <skipped/>
  </testcase> <!-- searchwithoutSearchTextbox -->
  <testcase classname="com.tetherfi.test.ivr.MenuDescriptionMappingTest" name="ExportToExcel" time="0.0">
    <skipped/>
  </testcase> <!-- ExportToExcel -->
  <testcase classname="com.tetherfi.test.ivr.MenuDescriptionMappingTest" name="ExportToExcelData" time="0.0">
    <skipped/>
  </testcase> <!-- ExportToExcelData -->
  <testcase classname="com.tetherfi.test.ivr.MenuDescriptionMappingTest" name="DeleteWithoutDeleteReasonRecord" time="0.0">
    <skipped/>
  </testcase> <!-- DeleteWithoutDeleteReasonRecord -->
  <testcase classname="com.tetherfi.test.ivr.MenuDescriptionMappingTest" name="VerifyCancelBtnAtDeleteMenuDescriptionMappingRecord" time="0.0">
    <skipped/>
  </testcase> <!-- VerifyCancelBtnAtDeleteMenuDescriptionMappingRecord -->
  <testcase classname="com.tetherfi.test.ivr.MenuDescriptionMappingTest" name="DeleteMenuDescriptionMappingRecord" time="0.0">
    <skipped/>
  </testcase> <!-- DeleteMenuDescriptionMappingRecord -->
  <testcase classname="com.tetherfi.test.ivr.MenuDescriptionMappingTest" name="VerifyAuditTrialReportForDelete" time="0.0">
    <skipped/>
  </testcase> <!-- VerifyAuditTrialReportForDelete -->
  <testcase classname="com.tetherfi.test.ivr.MenuDescriptionMappingTest" name="SearchClearSearch" time="0.0">
    <skipped/>
  </testcase> <!-- SearchClearSearch -->
  <testcase classname="com.tetherfi.test.ivr.MenuDescriptionMappingTest" name="ExporttoExcelWithoutData" time="0.0">
    <skipped/>
  </testcase> <!-- ExporttoExcelWithoutData -->
  <testcase classname="com.tetherfi.test.ivr.MenuDescriptionMappingTest" name="SortingByAscending" time="0.0">
    <skipped/>
  </testcase> <!-- SortingByAscending -->
  <testcase classname="com.tetherfi.test.ivr.MenuDescriptionMappingTest" name="SortingByDescending" time="0.0">
    <skipped/>
  </testcase> <!-- SortingByDescending -->
  <testcase classname="com.tetherfi.test.ivr.MenuDescriptionMappingTest" name="GroupBy" time="0.0">
    <skipped/>
  </testcase> <!-- GroupBy -->
  <testcase classname="com.tetherfi.test.ivr.MenuDescriptionMappingTest" name="VerifyArrowMoveForPreviousAndNextPage" time="0.0">
    <skipped/>
  </testcase> <!-- VerifyArrowMoveForPreviousAndNextPage -->
  <testcase classname="com.tetherfi.test.ivr.MenuDescriptionMappingTest" name="VerifyArrowMoveForFirstAndLastPage" time="0.0">
    <skipped/>
  </testcase> <!-- VerifyArrowMoveForFirstAndLastPage -->
  <testcase classname="com.tetherfi.test.ivr.MenuDescriptionMappingTest" name="VerifyTotalNumberOfItemsPerPageDetails" time="0.0">
    <skipped/>
  </testcase> <!-- VerifyTotalNumberOfItemsPerPageDetails -->
  <testcase classname="com.tetherfi.test.ivr.MenuDescriptionMappingTest" name="VerifyNumberOfItemsPerPageSelection" time="0.0">
    <skipped/>
  </testcase> <!-- VerifyNumberOfItemsPerPageSelection -->
  <testcase classname="com.tetherfi.test.ivr.MenuDescriptionMappingTest" name="database" time="0.0">
    <skipped/>
  </testcase> <!-- database -->
</testsuite> <!-- Default test -->
