<?xml version="1.0" encoding="UTF-8"?>
<!-- Generated by org.testng.reporters.JUnitXMLReporter -->
<testsuite ignored="0" hostname="admin" failures="1" tests="56" name="Default test" time="43.123" errors="0" timestamp="2020-04-16T09:54:52 IST">
  <testcase classname="com.tetherfi.test.RoleBasedAccessManagementTest" name="@AfterMethod afterEachMethod" time="0.059">
    <failure type="org.openqa.selenium.NoSuchWindowException" message="no such window: target window already closed
from unknown error: web view not found
  (Session info: chrome=80.0.3987.163)
Build info: version: &amp;apos;3.141.59&amp;apos;, revision: &amp;apos;e82be7d358&amp;apos;, time: &amp;apos;2018-11-14T08:17:03&amp;apos;
System info: host: &amp;apos;ADMIN&amp;apos;, ip: &amp;apos;192.168.1.4&amp;apos;, os.name: &amp;apos;Windows 8.1&amp;apos;, os.arch: &amp;apos;amd64&amp;apos;, os.version: &amp;apos;6.3&amp;apos;, java.version: &amp;apos;9.0.4&amp;apos;
Driver info: org.openqa.selenium.chrome.ChromeDriver
Capabilities {acceptInsecureCerts: false, browserName: chrome, browserVersion: 80.0.3987.163, chrome: {chromedriverVersion: 80.0.3987.106 (f68069574609..., userDataDir: C:\Users\ADMINP~1\AppData\L...}, goog:chromeOptions: {debuggerAddress: localhost:61432}, javascriptEnabled: true, networkConnectionEnabled: false, pageLoadStrategy: normal, platform: WINDOWS, platformName: WINDOWS, proxy: Proxy(), setWindowRect: true, strictFileInteractability: false, timeouts: {implicit: 0, pageLoad: 300000, script: 30000}, unhandledPromptBehavior: dismiss and notify}
Session ID: 390a120af0c99b3d95c4645107cba9b2">
      <![CDATA[org.openqa.selenium.NoSuchWindowException: no such window: target window already closed
from unknown error: web view not found
  (Session info: chrome=80.0.3987.163)
Build info: version: '3.141.59', revision: 'e82be7d358', time: '2018-11-14T08:17:03'
System info: host: 'ADMIN', ip: '192.168.1.4', os.name: 'Windows 8.1', os.arch: 'amd64', os.version: '6.3', java.version: '9.0.4'
Driver info: org.openqa.selenium.chrome.ChromeDriver
Capabilities {acceptInsecureCerts: false, browserName: chrome, browserVersion: 80.0.3987.163, chrome: {chromedriverVersion: 80.0.3987.106 (f68069574609..., userDataDir: C:\Users\ADMINP~1\AppData\L...}, goog:chromeOptions: {debuggerAddress: localhost:61432}, javascriptEnabled: true, networkConnectionEnabled: false, pageLoadStrategy: normal, platform: WINDOWS, platformName: WINDOWS, proxy: Proxy(), setWindowRect: true, strictFileInteractability: false, timeouts: {implicit: 0, pageLoad: 300000, script: 30000}, unhandledPromptBehavior: dismiss and notify}
Session ID: 390a120af0c99b3d95c4645107cba9b2
at java.base/jdk.internal.reflect.NativeConstructorAccessorImpl.newInstance0(Native Method)
at java.base/jdk.internal.reflect.NativeConstructorAccessorImpl.newInstance(Unknown Source)
at java.base/jdk.internal.reflect.DelegatingConstructorAccessorImpl.newInstance(Unknown Source)
at java.base/java.lang.reflect.Constructor.newInstance(Unknown Source)
at org.openqa.selenium.remote.http.W3CHttpResponseCodec.createException(W3CHttpResponseCodec.java:187)
at org.openqa.selenium.remote.http.W3CHttpResponseCodec.decode(W3CHttpResponseCodec.java:122)
at org.openqa.selenium.remote.http.W3CHttpResponseCodec.decode(W3CHttpResponseCodec.java:49)
at org.openqa.selenium.remote.HttpCommandExecutor.execute(HttpCommandExecutor.java:158)
at org.openqa.selenium.remote.service.DriverCommandExecutor.execute(DriverCommandExecutor.java:83)
at org.openqa.selenium.remote.RemoteWebDriver.execute(RemoteWebDriver.java:552)
at org.openqa.selenium.remote.RemoteWebDriver.execute(RemoteWebDriver.java:609)
at org.openqa.selenium.remote.RemoteWebDriver$RemoteNavigation.refresh(RemoteWebDriver.java:865)
at com.tetherfi.test.RoleBasedAccessManagementTest.afterEachMethod(RoleBasedAccessManagementTest.java:578)
at java.base/jdk.internal.reflect.NativeMethodAccessorImpl.invoke0(Native Method)
at java.base/jdk.internal.reflect.NativeMethodAccessorImpl.invoke(Unknown Source)
at java.base/jdk.internal.reflect.DelegatingMethodAccessorImpl.invoke(Unknown Source)
at java.base/java.lang.reflect.Method.invoke(Unknown Source)
at org.testng.internal.MethodInvocationHelper.invokeMethod(MethodInvocationHelper.java:133)
at org.testng.internal.MethodInvocationHelper.invokeMethodConsideringTimeout(MethodInvocationHelper.java:62)
at org.testng.internal.ConfigInvoker.invokeConfigurationMethod(ConfigInvoker.java:340)
at org.testng.internal.ConfigInvoker.invokeConfigurations(ConfigInvoker.java:294)
at org.testng.internal.TestInvoker.runConfigMethods(TestInvoker.java:683)
at org.testng.internal.TestInvoker.runAfterGroupsConfigurations(TestInvoker.java:658)
at org.testng.internal.TestInvoker.invokeMethod(TestInvoker.java:642)
at org.testng.internal.TestInvoker.invokeTestMethod(TestInvoker.java:172)
at org.testng.internal.MethodRunner.runInSequence(MethodRunner.java:46)
at org.testng.internal.TestInvoker$MethodInvocationAgent.invoke(TestInvoker.java:804)
at org.testng.internal.TestInvoker.invokeTestMethods(TestInvoker.java:145)
at org.testng.internal.TestMethodWorker.invokeTestMethods(TestMethodWorker.java:146)
at org.testng.internal.TestMethodWorker.run(TestMethodWorker.java:128)
at java.base/java.util.ArrayList.forEach(Unknown Source)
at org.testng.TestRunner.privateRun(TestRunner.java:770)
at org.testng.TestRunner.run(TestRunner.java:591)
at org.testng.SuiteRunner.runTest(SuiteRunner.java:402)
at org.testng.SuiteRunner.runSequentially(SuiteRunner.java:396)
at org.testng.SuiteRunner.privateRun(SuiteRunner.java:355)
at org.testng.SuiteRunner.run(SuiteRunner.java:304)
at org.testng.SuiteRunnerWorker.runSuite(SuiteRunnerWorker.java:53)
at org.testng.SuiteRunnerWorker.run(SuiteRunnerWorker.java:96)
at org.testng.TestNG.runSuitesSequentially(TestNG.java:1180)
at org.testng.TestNG.runSuitesLocally(TestNG.java:1102)
at org.testng.TestNG.runSuites(TestNG.java:1032)
at org.testng.TestNG.run(TestNG.java:1000)
at org.testng.remote.AbstractRemoteTestNG.run(AbstractRemoteTestNG.java:115)
at org.testng.remote.RemoteTestNG.initAndRun(RemoteTestNG.java:251)
at org.testng.remote.RemoteTestNG.main(RemoteTestNG.java:77)
]]>
    </failure>
  </testcase> <!-- @AfterMethod afterEachMethod -->
  <testcase classname="com.tetherfi.test.BaseTest" name="@AfterMethod endTestCase" time="-1.587011091073E9">
    <skipped/>
  </testcase> <!-- @AfterMethod endTestCase -->
  <testcase classname="com.tetherfi.test.BaseTest" name="@BeforeMethod startTestCase" time="-1.587011091132E9">
    <skipped/>
  </testcase> <!-- @BeforeMethod startTestCase -->
  <testcase classname="com.tetherfi.test.RoleBasedAccessManagementTest" name="@BeforeMethod NavigateToRoleBasedAccessManagementWMCPage" time="-1.587011091136E9">
    <skipped/>
  </testcase> <!-- @BeforeMethod NavigateToRoleBasedAccessManagementWMCPage -->
  <testcase classname="com.tetherfi.test.RoleBasedAccessManagementTest" name="@AfterMethod afterEachMethod" time="-1.587011091154E9">
    <skipped/>
  </testcase> <!-- @AfterMethod afterEachMethod -->
  <testcase classname="com.tetherfi.test.BaseTest" name="@AfterMethod endTestCase" time="-1.587011091161E9">
    <skipped/>
  </testcase> <!-- @AfterMethod endTestCase -->
  <testcase classname="com.tetherfi.test.BaseTest" name="@BeforeMethod startTestCase" time="-1.587011091167E9">
    <skipped/>
  </testcase> <!-- @BeforeMethod startTestCase -->
  <testcase classname="com.tetherfi.test.RoleBasedAccessManagementTest" name="@BeforeMethod NavigateToRoleBasedAccessManagementWMCPage" time="-1.587011091171E9">
    <skipped/>
  </testcase> <!-- @BeforeMethod NavigateToRoleBasedAccessManagementWMCPage -->
  <testcase classname="com.tetherfi.test.RoleBasedAccessManagementTest" name="@AfterMethod afterEachMethod" time="-1.587011091197E9">
    <skipped/>
  </testcase> <!-- @AfterMethod afterEachMethod -->
  <testcase classname="com.tetherfi.test.BaseTest" name="@AfterMethod endTestCase" time="-1.5870110912E9">
    <skipped/>
  </testcase> <!-- @AfterMethod endTestCase -->
  <testcase classname="com.tetherfi.test.BaseTest" name="@BeforeMethod startTestCase" time="-1.587011091212E9">
    <skipped/>
  </testcase> <!-- @BeforeMethod startTestCase -->
  <testcase classname="com.tetherfi.test.RoleBasedAccessManagementTest" name="@BeforeMethod NavigateToRoleBasedAccessManagementWMCPage" time="-1.587011091214E9">
    <skipped/>
  </testcase> <!-- @BeforeMethod NavigateToRoleBasedAccessManagementWMCPage -->
  <testcase classname="com.tetherfi.test.RoleBasedAccessManagementTest" name="@AfterMethod afterEachMethod" time="-1.587011091227E9">
    <skipped/>
  </testcase> <!-- @AfterMethod afterEachMethod -->
  <testcase classname="com.tetherfi.test.BaseTest" name="@AfterMethod endTestCase" time="-1.587011091252E9">
    <skipped/>
  </testcase> <!-- @AfterMethod endTestCase -->
  <testcase classname="com.tetherfi.test.BaseTest" name="@BeforeMethod startTestCase" time="-1.587011091258E9">
    <skipped/>
  </testcase> <!-- @BeforeMethod startTestCase -->
  <testcase classname="com.tetherfi.test.RoleBasedAccessManagementTest" name="@BeforeMethod NavigateToRoleBasedAccessManagementWMCPage" time="-1.587011091259E9">
    <skipped/>
  </testcase> <!-- @BeforeMethod NavigateToRoleBasedAccessManagementWMCPage -->
  <testcase classname="com.tetherfi.test.RoleBasedAccessManagementTest" name="@AfterMethod afterEachMethod" time="-1.587011091287E9">
    <skipped/>
  </testcase> <!-- @AfterMethod afterEachMethod -->
  <testcase classname="com.tetherfi.test.BaseTest" name="@AfterMethod endTestCase" time="-1.58701109129E9">
    <skipped/>
  </testcase> <!-- @AfterMethod endTestCase -->
  <testcase classname="com.tetherfi.test.BaseTest" name="@BeforeMethod startTestCase" time="-1.587011091301E9">
    <skipped/>
  </testcase> <!-- @BeforeMethod startTestCase -->
  <testcase classname="com.tetherfi.test.RoleBasedAccessManagementTest" name="@BeforeMethod NavigateToRoleBasedAccessManagementWMCPage" time="-1.587011091307E9">
    <skipped/>
  </testcase> <!-- @BeforeMethod NavigateToRoleBasedAccessManagementWMCPage -->
  <testcase classname="com.tetherfi.test.RoleBasedAccessManagementTest" name="@AfterMethod afterEachMethod" time="-1.587011091325E9">
    <skipped/>
  </testcase> <!-- @AfterMethod afterEachMethod -->
  <testcase classname="com.tetherfi.test.BaseTest" name="@AfterMethod endTestCase" time="-1.587011091329E9">
    <skipped/>
  </testcase> <!-- @AfterMethod endTestCase -->
  <testcase classname="com.tetherfi.test.BaseTest" name="@BeforeMethod startTestCase" time="-1.587011091333E9">
    <skipped/>
  </testcase> <!-- @BeforeMethod startTestCase -->
  <testcase classname="com.tetherfi.test.RoleBasedAccessManagementTest" name="@BeforeMethod NavigateToRoleBasedAccessManagementWMCPage" time="-1.587011091334E9">
    <skipped/>
  </testcase> <!-- @BeforeMethod NavigateToRoleBasedAccessManagementWMCPage -->
  <testcase classname="com.tetherfi.test.RoleBasedAccessManagementTest" name="@AfterMethod afterEachMethod" time="-1.587011091348E9">
    <skipped/>
  </testcase> <!-- @AfterMethod afterEachMethod -->
  <testcase classname="com.tetherfi.test.BaseTest" name="@AfterMethod endTestCase" time="-1.587011091353E9">
    <skipped/>
  </testcase> <!-- @AfterMethod endTestCase -->
  <testcase classname="com.tetherfi.test.BaseTest" name="@BeforeMethod startTestCase" time="-1.587011091358E9">
    <skipped/>
  </testcase> <!-- @BeforeMethod startTestCase -->
  <testcase classname="com.tetherfi.test.RoleBasedAccessManagementTest" name="@BeforeMethod NavigateToRoleBasedAccessManagementWMCPage" time="-1.587011091359E9">
    <skipped/>
  </testcase> <!-- @BeforeMethod NavigateToRoleBasedAccessManagementWMCPage -->
  <testcase classname="com.tetherfi.test.RoleBasedAccessManagementTest" name="@AfterMethod afterEachMethod" time="-1.58701109137E9">
    <skipped/>
  </testcase> <!-- @AfterMethod afterEachMethod -->
  <testcase classname="com.tetherfi.test.BaseTest" name="@AfterMethod endTestCase" time="-1.587011091378E9">
    <skipped/>
  </testcase> <!-- @AfterMethod endTestCase -->
  <testcase classname="com.tetherfi.test.BaseTest" name="@BeforeMethod startTestCase" time="-1.587011091382E9">
    <skipped/>
  </testcase> <!-- @BeforeMethod startTestCase -->
  <testcase classname="com.tetherfi.test.RoleBasedAccessManagementTest" name="@BeforeMethod NavigateToRoleBasedAccessManagementWMCPage" time="-1.587011091384E9">
    <skipped/>
  </testcase> <!-- @BeforeMethod NavigateToRoleBasedAccessManagementWMCPage -->
  <testcase classname="com.tetherfi.test.RoleBasedAccessManagementTest" name="@AfterMethod afterEachMethod" time="-1.587011091397E9">
    <skipped/>
  </testcase> <!-- @AfterMethod afterEachMethod -->
  <testcase classname="com.tetherfi.test.BaseTest" name="@AfterMethod endTestCase" time="-1.587011091398E9">
    <skipped/>
  </testcase> <!-- @AfterMethod endTestCase -->
  <testcase classname="com.tetherfi.test.BaseTest" name="@BeforeMethod startTestCase" time="-1.587011091402E9">
    <skipped/>
  </testcase> <!-- @BeforeMethod startTestCase -->
  <testcase classname="com.tetherfi.test.RoleBasedAccessManagementTest" name="@BeforeMethod NavigateToRoleBasedAccessManagementWMCPage" time="-1.587011091403E9">
    <skipped/>
  </testcase> <!-- @BeforeMethod NavigateToRoleBasedAccessManagementWMCPage -->
  <testcase classname="com.tetherfi.test.RoleBasedAccessManagementTest" name="@AfterMethod afterEachMethod" time="-1.587011091417E9">
    <skipped/>
  </testcase> <!-- @AfterMethod afterEachMethod -->
  <testcase classname="com.tetherfi.test.BaseTest" name="@AfterMethod endTestCase" time="-1.58701109142E9">
    <skipped/>
  </testcase> <!-- @AfterMethod endTestCase -->
  <testcase classname="com.tetherfi.test.BaseTest" name="@BeforeMethod startTestCase" time="-1.587011091423E9">
    <skipped/>
  </testcase> <!-- @BeforeMethod startTestCase -->
  <testcase classname="com.tetherfi.test.RoleBasedAccessManagementTest" name="@BeforeMethod NavigateToRoleBasedAccessManagementWMCPage" time="-1.587011091425E9">
    <skipped/>
  </testcase> <!-- @BeforeMethod NavigateToRoleBasedAccessManagementWMCPage -->
  <testcase classname="com.tetherfi.test.RoleBasedAccessManagementTest" name="@AfterMethod afterEachMethod" time="-1.587011091432E9">
    <skipped/>
  </testcase> <!-- @AfterMethod afterEachMethod -->
  <testcase classname="com.tetherfi.test.BaseTest" name="@AfterMethod endTestCase" time="-1.587011091437E9">
    <skipped/>
  </testcase> <!-- @AfterMethod endTestCase -->
  <testcase classname="com.tetherfi.test.BaseTest" name="@BeforeMethod startTestCase" time="-1.587011091449E9">
    <skipped/>
  </testcase> <!-- @BeforeMethod startTestCase -->
  <testcase classname="com.tetherfi.test.RoleBasedAccessManagementTest" name="@BeforeMethod NavigateToRoleBasedAccessManagementWMCPage" time="-1.58701109145E9">
    <skipped/>
  </testcase> <!-- @BeforeMethod NavigateToRoleBasedAccessManagementWMCPage -->
  <testcase classname="com.tetherfi.test.RoleBasedAccessManagementTest" name="@AfterMethod afterEachMethod" time="-1.58701109146E9">
    <skipped/>
  </testcase> <!-- @AfterMethod afterEachMethod -->
  <testcase classname="com.tetherfi.test.BaseTest" name="@AfterMethod endTestCase" time="-1.587011091461E9">
    <skipped/>
  </testcase> <!-- @AfterMethod endTestCase -->
  <testcase classname="com.tetherfi.test.BaseTest" name="@BeforeMethod startTestCase" time="-1.587011091466E9">
    <skipped/>
  </testcase> <!-- @BeforeMethod startTestCase -->
  <testcase classname="com.tetherfi.test.RoleBasedAccessManagementTest" name="@BeforeMethod NavigateToRoleBasedAccessManagementWMCPage" time="-1.587011091468E9">
    <skipped/>
  </testcase> <!-- @BeforeMethod NavigateToRoleBasedAccessManagementWMCPage -->
  <testcase classname="com.tetherfi.test.RoleBasedAccessManagementTest" name="@AfterMethod afterEachMethod" time="-1.587011091476E9">
    <skipped/>
  </testcase> <!-- @AfterMethod afterEachMethod -->
  <testcase classname="com.tetherfi.test.BaseTest" name="@AfterMethod endTestCase" time="-1.587011091478E9">
    <skipped/>
  </testcase> <!-- @AfterMethod endTestCase -->
  <testcase classname="com.tetherfi.test.BaseTest" name="@BeforeMethod startTestCase" time="-1.58701109148E9">
    <skipped/>
  </testcase> <!-- @BeforeMethod startTestCase -->
  <testcase classname="com.tetherfi.test.RoleBasedAccessManagementTest" name="@BeforeMethod NavigateToRoleBasedAccessManagementWMCPage" time="-1.587011091481E9">
    <skipped/>
  </testcase> <!-- @BeforeMethod NavigateToRoleBasedAccessManagementWMCPage -->
  <testcase classname="com.tetherfi.test.RoleBasedAccessManagementTest" name="@AfterMethod afterEachMethod" time="-1.58701109149E9">
    <skipped/>
  </testcase> <!-- @AfterMethod afterEachMethod -->
  <testcase classname="com.tetherfi.test.BaseTest" name="@AfterMethod endTestCase" time="-1.587011091492E9">
    <skipped/>
  </testcase> <!-- @AfterMethod endTestCase -->
  <testcase classname="com.tetherfi.test.BaseTest" name="@BeforeMethod startTestCase" time="-1.587011091498E9">
    <skipped/>
  </testcase> <!-- @BeforeMethod startTestCase -->
  <testcase classname="com.tetherfi.test.RoleBasedAccessManagementTest" name="@BeforeMethod NavigateToRoleBasedAccessManagementWMCPage" time="-1.587011091499E9">
    <skipped/>
  </testcase> <!-- @BeforeMethod NavigateToRoleBasedAccessManagementWMCPage -->
  <testcase classname="com.tetherfi.test.RoleBasedAccessManagementTest" name="@AfterMethod afterEachMethod" time="-1.587011091511E9">
    <skipped/>
  </testcase> <!-- @AfterMethod afterEachMethod -->
  <testcase classname="com.tetherfi.test.BaseTest" name="@AfterMethod endTestCase" time="-1.587011091513E9">
    <skipped/>
  </testcase> <!-- @AfterMethod endTestCase -->
  <testcase classname="com.tetherfi.test.BaseTest" name="@BeforeMethod startTestCase" time="-1.58701109152E9">
    <skipped/>
  </testcase> <!-- @BeforeMethod startTestCase -->
  <testcase classname="com.tetherfi.test.RoleBasedAccessManagementTest" name="@BeforeMethod NavigateToRoleBasedAccessManagementWMCPage" time="-1.587011091521E9">
    <skipped/>
  </testcase> <!-- @BeforeMethod NavigateToRoleBasedAccessManagementWMCPage -->
  <testcase classname="com.tetherfi.test.RoleBasedAccessManagementTest" name="@AfterMethod afterEachMethod" time="-1.587011091542E9">
    <skipped/>
  </testcase> <!-- @AfterMethod afterEachMethod -->
  <testcase classname="com.tetherfi.test.BaseTest" name="@AfterMethod endTestCase" time="-1.587011091543E9">
    <skipped/>
  </testcase> <!-- @AfterMethod endTestCase -->
  <testcase classname="com.tetherfi.test.BaseTest" name="@BeforeMethod startTestCase" time="-1.58701109155E9">
    <skipped/>
  </testcase> <!-- @BeforeMethod startTestCase -->
  <testcase classname="com.tetherfi.test.RoleBasedAccessManagementTest" name="@BeforeMethod NavigateToRoleBasedAccessManagementWMCPage" time="-1.587011091552E9">
    <skipped/>
  </testcase> <!-- @BeforeMethod NavigateToRoleBasedAccessManagementWMCPage -->
  <testcase classname="com.tetherfi.test.RoleBasedAccessManagementTest" name="@AfterMethod afterEachMethod" time="-1.587011091582E9">
    <skipped/>
  </testcase> <!-- @AfterMethod afterEachMethod -->
  <testcase classname="com.tetherfi.test.BaseTest" name="@AfterMethod endTestCase" time="-1.587011091584E9">
    <skipped/>
  </testcase> <!-- @AfterMethod endTestCase -->
  <testcase classname="com.tetherfi.test.BaseTest" name="@BeforeMethod startTestCase" time="-1.587011091588E9">
    <skipped/>
  </testcase> <!-- @BeforeMethod startTestCase -->
  <testcase classname="com.tetherfi.test.RoleBasedAccessManagementTest" name="@BeforeMethod NavigateToRoleBasedAccessManagementWMCPage" time="-1.587011091589E9">
    <skipped/>
  </testcase> <!-- @BeforeMethod NavigateToRoleBasedAccessManagementWMCPage -->
  <testcase classname="com.tetherfi.test.RoleBasedAccessManagementTest" name="@AfterMethod afterEachMethod" time="-1.587011091605E9">
    <skipped/>
  </testcase> <!-- @AfterMethod afterEachMethod -->
  <testcase classname="com.tetherfi.test.BaseTest" name="@AfterMethod endTestCase" time="-1.587011091608E9">
    <skipped/>
  </testcase> <!-- @AfterMethod endTestCase -->
  <testcase classname="com.tetherfi.test.BaseTest" name="@BeforeMethod startTestCase" time="-1.587011091615E9">
    <skipped/>
  </testcase> <!-- @BeforeMethod startTestCase -->
  <testcase classname="com.tetherfi.test.RoleBasedAccessManagementTest" name="@BeforeMethod NavigateToRoleBasedAccessManagementWMCPage" time="-1.587011091616E9">
    <skipped/>
  </testcase> <!-- @BeforeMethod NavigateToRoleBasedAccessManagementWMCPage -->
  <testcase classname="com.tetherfi.test.RoleBasedAccessManagementTest" name="@AfterMethod afterEachMethod" time="-1.587011091624E9">
    <skipped/>
  </testcase> <!-- @AfterMethod afterEachMethod -->
  <testcase classname="com.tetherfi.test.BaseTest" name="@AfterMethod endTestCase" time="-1.58701109163E9">
    <skipped/>
  </testcase> <!-- @AfterMethod endTestCase -->
  <testcase classname="com.tetherfi.test.BaseTest" name="@BeforeMethod startTestCase" time="-1.587011091634E9">
    <skipped/>
  </testcase> <!-- @BeforeMethod startTestCase -->
  <testcase classname="com.tetherfi.test.RoleBasedAccessManagementTest" name="@BeforeMethod NavigateToRoleBasedAccessManagementWMCPage" time="-1.587011091637E9">
    <skipped/>
  </testcase> <!-- @BeforeMethod NavigateToRoleBasedAccessManagementWMCPage -->
  <testcase classname="com.tetherfi.test.RoleBasedAccessManagementTest" name="@AfterMethod afterEachMethod" time="-1.587011091654E9">
    <skipped/>
  </testcase> <!-- @AfterMethod afterEachMethod -->
  <testcase classname="com.tetherfi.test.BaseTest" name="@AfterMethod endTestCase" time="-1.587011091659E9">
    <skipped/>
  </testcase> <!-- @AfterMethod endTestCase -->
  <testcase classname="com.tetherfi.test.BaseTest" name="@BeforeMethod startTestCase" time="-1.587011091664E9">
    <skipped/>
  </testcase> <!-- @BeforeMethod startTestCase -->
  <testcase classname="com.tetherfi.test.RoleBasedAccessManagementTest" name="@BeforeMethod NavigateToRoleBasedAccessManagementWMCPage" time="-1.587011091666E9">
    <skipped/>
  </testcase> <!-- @BeforeMethod NavigateToRoleBasedAccessManagementWMCPage -->
  <testcase classname="com.tetherfi.test.RoleBasedAccessManagementTest" name="@AfterMethod afterEachMethod" time="-1.587011091676E9">
    <skipped/>
  </testcase> <!-- @AfterMethod afterEachMethod -->
  <testcase classname="com.tetherfi.test.BaseTest" name="@AfterMethod endTestCase" time="-1.587011091679E9">
    <skipped/>
  </testcase> <!-- @AfterMethod endTestCase -->
  <testcase classname="com.tetherfi.test.BaseTest" name="@BeforeMethod startTestCase" time="-1.587011091685E9">
    <skipped/>
  </testcase> <!-- @BeforeMethod startTestCase -->
  <testcase classname="com.tetherfi.test.RoleBasedAccessManagementTest" name="@BeforeMethod NavigateToRoleBasedAccessManagementWMCPage" time="-1.587011091703E9">
    <skipped/>
  </testcase> <!-- @BeforeMethod NavigateToRoleBasedAccessManagementWMCPage -->
  <testcase classname="com.tetherfi.test.RoleBasedAccessManagementTest" name="@AfterMethod afterEachMethod" time="-1.587011091712E9">
    <skipped/>
  </testcase> <!-- @AfterMethod afterEachMethod -->
  <testcase classname="com.tetherfi.test.BaseTest" name="@AfterMethod endTestCase" time="-1.587011091714E9">
    <skipped/>
  </testcase> <!-- @AfterMethod endTestCase -->
  <testcase classname="com.tetherfi.test.BaseTest" name="@BeforeMethod startTestCase" time="-1.587011091717E9">
    <skipped/>
  </testcase> <!-- @BeforeMethod startTestCase -->
  <testcase classname="com.tetherfi.test.RoleBasedAccessManagementTest" name="@BeforeMethod NavigateToRoleBasedAccessManagementWMCPage" time="-1.58701109172E9">
    <skipped/>
  </testcase> <!-- @BeforeMethod NavigateToRoleBasedAccessManagementWMCPage -->
  <testcase classname="com.tetherfi.test.RoleBasedAccessManagementTest" name="@AfterMethod afterEachMethod" time="-1.58701109173E9">
    <skipped/>
  </testcase> <!-- @AfterMethod afterEachMethod -->
  <testcase classname="com.tetherfi.test.BaseTest" name="@AfterMethod endTestCase" time="-1.587011091733E9">
    <skipped/>
  </testcase> <!-- @AfterMethod endTestCase -->
  <testcase classname="com.tetherfi.test.BaseTest" name="@BeforeMethod startTestCase" time="-1.587011091736E9">
    <skipped/>
  </testcase> <!-- @BeforeMethod startTestCase -->
  <testcase classname="com.tetherfi.test.RoleBasedAccessManagementTest" name="@BeforeMethod NavigateToRoleBasedAccessManagementWMCPage" time="-1.587011091743E9">
    <skipped/>
  </testcase> <!-- @BeforeMethod NavigateToRoleBasedAccessManagementWMCPage -->
  <testcase classname="com.tetherfi.test.RoleBasedAccessManagementTest" name="@AfterMethod afterEachMethod" time="-1.587011091753E9">
    <skipped/>
  </testcase> <!-- @AfterMethod afterEachMethod -->
  <testcase classname="com.tetherfi.test.BaseTest" name="@AfterMethod endTestCase" time="-1.587011091754E9">
    <skipped/>
  </testcase> <!-- @AfterMethod endTestCase -->
  <testcase classname="com.tetherfi.test.BaseTest" name="@BeforeMethod startTestCase" time="-1.58701109176E9">
    <skipped/>
  </testcase> <!-- @BeforeMethod startTestCase -->
  <testcase classname="com.tetherfi.test.RoleBasedAccessManagementTest" name="@BeforeMethod NavigateToRoleBasedAccessManagementWMCPage" time="-1.587011091762E9">
    <skipped/>
  </testcase> <!-- @BeforeMethod NavigateToRoleBasedAccessManagementWMCPage -->
  <testcase classname="com.tetherfi.test.RoleBasedAccessManagementTest" name="@AfterMethod afterEachMethod" time="-1.587011091773E9">
    <skipped/>
  </testcase> <!-- @AfterMethod afterEachMethod -->
  <testcase classname="com.tetherfi.test.BaseTest" name="@AfterMethod endTestCase" time="-1.587011091774E9">
    <skipped/>
  </testcase> <!-- @AfterMethod endTestCase -->
  <testcase classname="com.tetherfi.test.BaseTest" name="@BeforeMethod startTestCase" time="-1.587011091779E9">
    <skipped/>
  </testcase> <!-- @BeforeMethod startTestCase -->
  <testcase classname="com.tetherfi.test.RoleBasedAccessManagementTest" name="@BeforeMethod NavigateToRoleBasedAccessManagementWMCPage" time="-1.587011091783E9">
    <skipped/>
  </testcase> <!-- @BeforeMethod NavigateToRoleBasedAccessManagementWMCPage -->
  <testcase classname="com.tetherfi.test.RoleBasedAccessManagementTest" name="@AfterMethod afterEachMethod" time="-1.587011091788E9">
    <skipped/>
  </testcase> <!-- @AfterMethod afterEachMethod -->
  <testcase classname="com.tetherfi.test.BaseTest" name="@AfterMethod endTestCase" time="-1.587011091789E9">
    <skipped/>
  </testcase> <!-- @AfterMethod endTestCase -->
  <testcase classname="com.tetherfi.test.BaseTest" name="@BeforeMethod startTestCase" time="-1.587011091791E9">
    <skipped/>
  </testcase> <!-- @BeforeMethod startTestCase -->
  <testcase classname="com.tetherfi.test.RoleBasedAccessManagementTest" name="@BeforeMethod NavigateToRoleBasedAccessManagementWMCPage" time="-1.587011091794E9">
    <skipped/>
  </testcase> <!-- @BeforeMethod NavigateToRoleBasedAccessManagementWMCPage -->
  <testcase classname="com.tetherfi.test.RoleBasedAccessManagementTest" name="@AfterMethod afterEachMethod" time="-1.5870110918E9">
    <skipped/>
  </testcase> <!-- @AfterMethod afterEachMethod -->
  <testcase classname="com.tetherfi.test.BaseTest" name="@AfterMethod endTestCase" time="-1.587011091801E9">
    <skipped/>
  </testcase> <!-- @AfterMethod endTestCase -->
  <testcase classname="com.tetherfi.test.BaseTest" name="@BeforeMethod startTestCase" time="-1.587011091806E9">
    <skipped/>
  </testcase> <!-- @BeforeMethod startTestCase -->
  <testcase classname="com.tetherfi.test.RoleBasedAccessManagementTest" name="@BeforeMethod NavigateToRoleBasedAccessManagementWMCPage" time="-1.587011091808E9">
    <skipped/>
  </testcase> <!-- @BeforeMethod NavigateToRoleBasedAccessManagementWMCPage -->
  <testcase classname="com.tetherfi.test.RoleBasedAccessManagementTest" name="@AfterMethod afterEachMethod" time="-1.587011091839E9">
    <skipped/>
  </testcase> <!-- @AfterMethod afterEachMethod -->
  <testcase classname="com.tetherfi.test.BaseTest" name="@AfterMethod endTestCase" time="-1.58701109187E9">
    <skipped/>
  </testcase> <!-- @AfterMethod endTestCase -->
  <testcase classname="com.tetherfi.test.BaseTest" name="@BeforeMethod startTestCase" time="-1.587011091878E9">
    <skipped/>
  </testcase> <!-- @BeforeMethod startTestCase -->
  <testcase classname="com.tetherfi.test.RoleBasedAccessManagementTest" name="@BeforeMethod NavigateToRoleBasedAccessManagementWMCPage" time="-1.587011091879E9">
    <skipped/>
  </testcase> <!-- @BeforeMethod NavigateToRoleBasedAccessManagementWMCPage -->
  <testcase classname="com.tetherfi.test.RoleBasedAccessManagementTest" name="@AfterMethod afterEachMethod" time="-1.587011091895E9">
    <skipped/>
  </testcase> <!-- @AfterMethod afterEachMethod -->
  <testcase classname="com.tetherfi.test.BaseTest" name="@AfterMethod endTestCase" time="-1.587011091896E9">
    <skipped/>
  </testcase> <!-- @AfterMethod endTestCase -->
  <testcase classname="com.tetherfi.test.BaseTest" name="@BeforeMethod startTestCase" time="-1.5870110919E9">
    <skipped/>
  </testcase> <!-- @BeforeMethod startTestCase -->
  <testcase classname="com.tetherfi.test.RoleBasedAccessManagementTest" name="@BeforeMethod NavigateToRoleBasedAccessManagementWMCPage" time="-1.587011091903E9">
    <skipped/>
  </testcase> <!-- @BeforeMethod NavigateToRoleBasedAccessManagementWMCPage -->
  <testcase classname="com.tetherfi.test.RoleBasedAccessManagementTest" name="@AfterMethod afterEachMethod" time="-1.587011091909E9">
    <skipped/>
  </testcase> <!-- @AfterMethod afterEachMethod -->
  <testcase classname="com.tetherfi.test.BaseTest" name="@AfterMethod endTestCase" time="-1.58701109191E9">
    <skipped/>
  </testcase> <!-- @AfterMethod endTestCase -->
  <testcase classname="com.tetherfi.test.BaseTest" name="@BeforeMethod startTestCase" time="-1.587011091915E9">
    <skipped/>
  </testcase> <!-- @BeforeMethod startTestCase -->
  <testcase classname="com.tetherfi.test.RoleBasedAccessManagementTest" name="@BeforeMethod NavigateToRoleBasedAccessManagementWMCPage" time="-1.587011091917E9">
    <skipped/>
  </testcase> <!-- @BeforeMethod NavigateToRoleBasedAccessManagementWMCPage -->
  <testcase classname="com.tetherfi.test.RoleBasedAccessManagementTest" name="@AfterMethod afterEachMethod" time="-1.587011091924E9">
    <skipped/>
  </testcase> <!-- @AfterMethod afterEachMethod -->
  <testcase classname="com.tetherfi.test.BaseTest" name="@AfterMethod endTestCase" time="-1.587011091925E9">
    <skipped/>
  </testcase> <!-- @AfterMethod endTestCase -->
  <testcase classname="com.tetherfi.test.BaseTest" name="@BeforeMethod startTestCase" time="-1.587011091928E9">
    <skipped/>
  </testcase> <!-- @BeforeMethod startTestCase -->
  <testcase classname="com.tetherfi.test.RoleBasedAccessManagementTest" name="@BeforeMethod NavigateToRoleBasedAccessManagementWMCPage" time="-1.58701109193E9">
    <skipped/>
  </testcase> <!-- @BeforeMethod NavigateToRoleBasedAccessManagementWMCPage -->
  <testcase classname="com.tetherfi.test.RoleBasedAccessManagementTest" name="@AfterMethod afterEachMethod" time="-1.58701109194E9">
    <skipped/>
  </testcase> <!-- @AfterMethod afterEachMethod -->
  <testcase classname="com.tetherfi.test.BaseTest" name="@AfterMethod endTestCase" time="-1.587011091942E9">
    <skipped/>
  </testcase> <!-- @AfterMethod endTestCase -->
  <testcase classname="com.tetherfi.test.BaseTest" name="@BeforeMethod startTestCase" time="-1.587011091946E9">
    <skipped/>
  </testcase> <!-- @BeforeMethod startTestCase -->
  <testcase classname="com.tetherfi.test.RoleBasedAccessManagementTest" name="@BeforeMethod NavigateToRoleBasedAccessManagementWMCPage" time="-1.587011091947E9">
    <skipped/>
  </testcase> <!-- @BeforeMethod NavigateToRoleBasedAccessManagementWMCPage -->
  <testcase classname="com.tetherfi.test.RoleBasedAccessManagementTest" name="@AfterMethod afterEachMethod" time="-1.587011091951E9">
    <skipped/>
  </testcase> <!-- @AfterMethod afterEachMethod -->
  <testcase classname="com.tetherfi.test.BaseTest" name="@AfterMethod endTestCase" time="-1.587011091953E9">
    <skipped/>
  </testcase> <!-- @AfterMethod endTestCase -->
  <testcase classname="com.tetherfi.test.BaseTest" name="@BeforeMethod startTestCase" time="-1.587011091955E9">
    <skipped/>
  </testcase> <!-- @BeforeMethod startTestCase -->
  <testcase classname="com.tetherfi.test.RoleBasedAccessManagementTest" name="@BeforeMethod NavigateToRoleBasedAccessManagementWMCPage" time="-1.587011091956E9">
    <skipped/>
  </testcase> <!-- @BeforeMethod NavigateToRoleBasedAccessManagementWMCPage -->
  <testcase classname="com.tetherfi.test.RoleBasedAccessManagementTest" name="@AfterMethod afterEachMethod" time="-1.58701109196E9">
    <skipped/>
  </testcase> <!-- @AfterMethod afterEachMethod -->
  <testcase classname="com.tetherfi.test.BaseTest" name="@AfterMethod endTestCase" time="-1.587011091961E9">
    <skipped/>
  </testcase> <!-- @AfterMethod endTestCase -->
  <testcase classname="com.tetherfi.test.BaseTest" name="@BeforeMethod startTestCase" time="-1.587011091966E9">
    <skipped/>
  </testcase> <!-- @BeforeMethod startTestCase -->
  <testcase classname="com.tetherfi.test.RoleBasedAccessManagementTest" name="@BeforeMethod NavigateToRoleBasedAccessManagementWMCPage" time="-1.587011091967E9">
    <skipped/>
  </testcase> <!-- @BeforeMethod NavigateToRoleBasedAccessManagementWMCPage -->
  <testcase classname="com.tetherfi.test.RoleBasedAccessManagementTest" name="@AfterMethod afterEachMethod" time="-1.587011091972E9">
    <skipped/>
  </testcase> <!-- @AfterMethod afterEachMethod -->
  <testcase classname="com.tetherfi.test.BaseTest" name="@AfterMethod endTestCase" time="-1.587011091973E9">
    <skipped/>
  </testcase> <!-- @AfterMethod endTestCase -->
  <testcase classname="com.tetherfi.test.BaseTest" name="@BeforeMethod startTestCase" time="-1.587011091975E9">
    <skipped/>
  </testcase> <!-- @BeforeMethod startTestCase -->
  <testcase classname="com.tetherfi.test.RoleBasedAccessManagementTest" name="@BeforeMethod NavigateToRoleBasedAccessManagementWMCPage" time="-1.587011091976E9">
    <skipped/>
  </testcase> <!-- @BeforeMethod NavigateToRoleBasedAccessManagementWMCPage -->
  <testcase classname="com.tetherfi.test.RoleBasedAccessManagementTest" name="@AfterMethod afterEachMethod" time="-1.587011091986E9">
    <skipped/>
  </testcase> <!-- @AfterMethod afterEachMethod -->
  <testcase classname="com.tetherfi.test.BaseTest" name="@AfterMethod endTestCase" time="-1.587011091987E9">
    <skipped/>
  </testcase> <!-- @AfterMethod endTestCase -->
  <testcase classname="com.tetherfi.test.BaseTest" name="@BeforeMethod startTestCase" time="-1.587011091992E9">
    <skipped/>
  </testcase> <!-- @BeforeMethod startTestCase -->
  <testcase classname="com.tetherfi.test.RoleBasedAccessManagementTest" name="@BeforeMethod NavigateToRoleBasedAccessManagementWMCPage" time="-1.587011091992E9">
    <skipped/>
  </testcase> <!-- @BeforeMethod NavigateToRoleBasedAccessManagementWMCPage -->
  <testcase classname="com.tetherfi.test.RoleBasedAccessManagementTest" name="@AfterMethod afterEachMethod" time="-1.587011092001E9">
    <skipped/>
  </testcase> <!-- @AfterMethod afterEachMethod -->
  <testcase classname="com.tetherfi.test.BaseTest" name="@AfterMethod endTestCase" time="-1.587011092002E9">
    <skipped/>
  </testcase> <!-- @AfterMethod endTestCase -->
  <testcase classname="com.tetherfi.test.BaseTest" name="@BeforeMethod startTestCase" time="-1.587011092003E9">
    <skipped/>
  </testcase> <!-- @BeforeMethod startTestCase -->
  <testcase classname="com.tetherfi.test.RoleBasedAccessManagementTest" name="@BeforeMethod NavigateToRoleBasedAccessManagementWMCPage" time="-1.587011092005E9">
    <skipped/>
  </testcase> <!-- @BeforeMethod NavigateToRoleBasedAccessManagementWMCPage -->
  <testcase classname="com.tetherfi.test.RoleBasedAccessManagementTest" name="@AfterMethod afterEachMethod" time="-1.587011092009E9">
    <skipped/>
  </testcase> <!-- @AfterMethod afterEachMethod -->
  <testcase classname="com.tetherfi.test.BaseTest" name="@AfterMethod endTestCase" time="-1.58701109201E9">
    <skipped/>
  </testcase> <!-- @AfterMethod endTestCase -->
  <testcase classname="com.tetherfi.test.BaseTest" name="@BeforeMethod startTestCase" time="-1.587011092012E9">
    <skipped/>
  </testcase> <!-- @BeforeMethod startTestCase -->
  <testcase classname="com.tetherfi.test.RoleBasedAccessManagementTest" name="@BeforeMethod NavigateToRoleBasedAccessManagementWMCPage" time="-1.587011092012E9">
    <skipped/>
  </testcase> <!-- @BeforeMethod NavigateToRoleBasedAccessManagementWMCPage -->
  <testcase classname="com.tetherfi.test.RoleBasedAccessManagementTest" name="@AfterMethod afterEachMethod" time="-1.587011092018E9">
    <skipped/>
  </testcase> <!-- @AfterMethod afterEachMethod -->
  <testcase classname="com.tetherfi.test.BaseTest" name="@AfterMethod endTestCase" time="-1.587011092019E9">
    <skipped/>
  </testcase> <!-- @AfterMethod endTestCase -->
  <testcase classname="com.tetherfi.test.BaseTest" name="@BeforeMethod startTestCase" time="-1.587011092021E9">
    <skipped/>
  </testcase> <!-- @BeforeMethod startTestCase -->
  <testcase classname="com.tetherfi.test.RoleBasedAccessManagementTest" name="@BeforeMethod NavigateToRoleBasedAccessManagementWMCPage" time="-1.587011092022E9">
    <skipped/>
  </testcase> <!-- @BeforeMethod NavigateToRoleBasedAccessManagementWMCPage -->
  <testcase classname="com.tetherfi.test.RoleBasedAccessManagementTest" name="@AfterMethod afterEachMethod" time="-1.587011092027E9">
    <skipped/>
  </testcase> <!-- @AfterMethod afterEachMethod -->
  <testcase classname="com.tetherfi.test.BaseTest" name="@AfterMethod endTestCase" time="-1.587011092028E9">
    <skipped/>
  </testcase> <!-- @AfterMethod endTestCase -->
  <testcase classname="com.tetherfi.test.BaseTest" name="@BeforeMethod startTestCase" time="-1.58701109203E9">
    <skipped/>
  </testcase> <!-- @BeforeMethod startTestCase -->
  <testcase classname="com.tetherfi.test.RoleBasedAccessManagementTest" name="@BeforeMethod NavigateToRoleBasedAccessManagementWMCPage" time="-1.587011092031E9">
    <skipped/>
  </testcase> <!-- @BeforeMethod NavigateToRoleBasedAccessManagementWMCPage -->
  <testcase classname="com.tetherfi.test.RoleBasedAccessManagementTest" name="@AfterMethod afterEachMethod" time="-1.587011092039E9">
    <skipped/>
  </testcase> <!-- @AfterMethod afterEachMethod -->
  <testcase classname="com.tetherfi.test.BaseTest" name="@AfterMethod endTestCase" time="-1.58701109204E9">
    <skipped/>
  </testcase> <!-- @AfterMethod endTestCase -->
  <testcase classname="com.tetherfi.test.BaseTest" name="@BeforeMethod startTestCase" time="-1.587011092044E9">
    <skipped/>
  </testcase> <!-- @BeforeMethod startTestCase -->
  <testcase classname="com.tetherfi.test.RoleBasedAccessManagementTest" name="@BeforeMethod NavigateToRoleBasedAccessManagementWMCPage" time="-1.587011092046E9">
    <skipped/>
  </testcase> <!-- @BeforeMethod NavigateToRoleBasedAccessManagementWMCPage -->
  <testcase classname="com.tetherfi.test.RoleBasedAccessManagementTest" name="@AfterMethod afterEachMethod" time="-1.587011092057E9">
    <skipped/>
  </testcase> <!-- @AfterMethod afterEachMethod -->
  <testcase classname="com.tetherfi.test.BaseTest" name="@AfterMethod endTestCase" time="-1.587011092059E9">
    <skipped/>
  </testcase> <!-- @AfterMethod endTestCase -->
  <testcase classname="com.tetherfi.test.BaseTest" name="@BeforeMethod startTestCase" time="-1.587011092061E9">
    <skipped/>
  </testcase> <!-- @BeforeMethod startTestCase -->
  <testcase classname="com.tetherfi.test.RoleBasedAccessManagementTest" name="@BeforeMethod NavigateToRoleBasedAccessManagementWMCPage" time="-1.587011092064E9">
    <skipped/>
  </testcase> <!-- @BeforeMethod NavigateToRoleBasedAccessManagementWMCPage -->
  <testcase classname="com.tetherfi.test.RoleBasedAccessManagementTest" name="@AfterMethod afterEachMethod" time="-1.58701109207E9">
    <skipped/>
  </testcase> <!-- @AfterMethod afterEachMethod -->
  <testcase classname="com.tetherfi.test.BaseTest" name="@AfterMethod endTestCase" time="-1.587011092071E9">
    <skipped/>
  </testcase> <!-- @AfterMethod endTestCase -->
  <testcase classname="com.tetherfi.test.BaseTest" name="@BeforeMethod startTestCase" time="-1.587011092073E9">
    <skipped/>
  </testcase> <!-- @BeforeMethod startTestCase -->
  <testcase classname="com.tetherfi.test.RoleBasedAccessManagementTest" name="@BeforeMethod NavigateToRoleBasedAccessManagementWMCPage" time="-1.587011092075E9">
    <skipped/>
  </testcase> <!-- @BeforeMethod NavigateToRoleBasedAccessManagementWMCPage -->
  <testcase classname="com.tetherfi.test.RoleBasedAccessManagementTest" name="@AfterMethod afterEachMethod" time="-1.58701109208E9">
    <skipped/>
  </testcase> <!-- @AfterMethod afterEachMethod -->
  <testcase classname="com.tetherfi.test.BaseTest" name="@AfterMethod endTestCase" time="-1.58701109208E9">
    <skipped/>
  </testcase> <!-- @AfterMethod endTestCase -->
  <testcase classname="com.tetherfi.test.BaseTest" name="@BeforeMethod startTestCase" time="-1.587011092082E9">
    <skipped/>
  </testcase> <!-- @BeforeMethod startTestCase -->
  <testcase classname="com.tetherfi.test.RoleBasedAccessManagementTest" name="@BeforeMethod NavigateToRoleBasedAccessManagementWMCPage" time="-1.587011092083E9">
    <skipped/>
  </testcase> <!-- @BeforeMethod NavigateToRoleBasedAccessManagementWMCPage -->
  <testcase classname="com.tetherfi.test.RoleBasedAccessManagementTest" name="@AfterMethod afterEachMethod" time="-1.587011092086E9">
    <skipped/>
  </testcase> <!-- @AfterMethod afterEachMethod -->
  <testcase classname="com.tetherfi.test.BaseTest" name="@AfterMethod endTestCase" time="-1.587011092088E9">
    <skipped/>
  </testcase> <!-- @AfterMethod endTestCase -->
  <testcase classname="com.tetherfi.test.BaseTest" name="@BeforeMethod startTestCase" time="-1.587011092089E9">
    <skipped/>
  </testcase> <!-- @BeforeMethod startTestCase -->
  <testcase classname="com.tetherfi.test.RoleBasedAccessManagementTest" name="@BeforeMethod NavigateToRoleBasedAccessManagementWMCPage" time="-1.58701109209E9">
    <skipped/>
  </testcase> <!-- @BeforeMethod NavigateToRoleBasedAccessManagementWMCPage -->
  <testcase classname="com.tetherfi.test.RoleBasedAccessManagementTest" name="@AfterMethod afterEachMethod" time="-1.587011092093E9">
    <skipped/>
  </testcase> <!-- @AfterMethod afterEachMethod -->
  <testcase classname="com.tetherfi.test.BaseTest" name="@AfterMethod endTestCase" time="-1.587011092094E9">
    <skipped/>
  </testcase> <!-- @AfterMethod endTestCase -->
  <testcase classname="com.tetherfi.test.BaseTest" name="@BeforeMethod startTestCase" time="-1.5870110921E9">
    <skipped/>
  </testcase> <!-- @BeforeMethod startTestCase -->
  <testcase classname="com.tetherfi.test.RoleBasedAccessManagementTest" name="@BeforeMethod NavigateToRoleBasedAccessManagementWMCPage" time="-1.587011092109E9">
    <skipped/>
  </testcase> <!-- @BeforeMethod NavigateToRoleBasedAccessManagementWMCPage -->
  <testcase classname="com.tetherfi.test.RoleBasedAccessManagementTest" name="@AfterMethod afterEachMethod" time="-1.587011092114E9">
    <skipped/>
  </testcase> <!-- @AfterMethod afterEachMethod -->
  <testcase classname="com.tetherfi.test.BaseTest" name="@AfterMethod endTestCase" time="-1.587011092115E9">
    <skipped/>
  </testcase> <!-- @AfterMethod endTestCase -->
  <testcase classname="com.tetherfi.test.BaseTest" name="@BeforeMethod startTestCase" time="-1.587011092116E9">
    <skipped/>
  </testcase> <!-- @BeforeMethod startTestCase -->
  <testcase classname="com.tetherfi.test.RoleBasedAccessManagementTest" name="@BeforeMethod NavigateToRoleBasedAccessManagementWMCPage" time="-1.587011092117E9">
    <skipped/>
  </testcase> <!-- @BeforeMethod NavigateToRoleBasedAccessManagementWMCPage -->
  <testcase classname="com.tetherfi.test.RoleBasedAccessManagementTest" name="@AfterMethod afterEachMethod" time="-1.587011092121E9">
    <skipped/>
  </testcase> <!-- @AfterMethod afterEachMethod -->
  <testcase classname="com.tetherfi.test.BaseTest" name="@AfterMethod endTestCase" time="-1.587011092122E9">
    <skipped/>
  </testcase> <!-- @AfterMethod endTestCase -->
  <testcase classname="com.tetherfi.test.BaseTest" name="@BeforeMethod startTestCase" time="-1.587011092123E9">
    <skipped/>
  </testcase> <!-- @BeforeMethod startTestCase -->
  <testcase classname="com.tetherfi.test.RoleBasedAccessManagementTest" name="@BeforeMethod NavigateToRoleBasedAccessManagementWMCPage" time="-1.587011092124E9">
    <skipped/>
  </testcase> <!-- @BeforeMethod NavigateToRoleBasedAccessManagementWMCPage -->
  <testcase classname="com.tetherfi.test.RoleBasedAccessManagementTest" name="@AfterMethod afterEachMethod" time="-1.587011092132E9">
    <skipped/>
  </testcase> <!-- @AfterMethod afterEachMethod -->
  <testcase classname="com.tetherfi.test.BaseTest" name="@AfterMethod endTestCase" time="-1.587011092134E9">
    <skipped/>
  </testcase> <!-- @AfterMethod endTestCase -->
  <testcase classname="com.tetherfi.test.BaseTest" name="@BeforeMethod startTestCase" time="-1.587011092135E9">
    <skipped/>
  </testcase> <!-- @BeforeMethod startTestCase -->
  <testcase classname="com.tetherfi.test.RoleBasedAccessManagementTest" name="@BeforeMethod NavigateToRoleBasedAccessManagementWMCPage" time="-1.587011092136E9">
    <skipped/>
  </testcase> <!-- @BeforeMethod NavigateToRoleBasedAccessManagementWMCPage -->
  <testcase classname="com.tetherfi.test.RoleBasedAccessManagementTest" name="@AfterMethod afterEachMethod" time="-1.587011092144E9">
    <skipped/>
  </testcase> <!-- @AfterMethod afterEachMethod -->
  <testcase classname="com.tetherfi.test.BaseTest" name="@AfterMethod endTestCase" time="-1.587011092147E9">
    <skipped/>
  </testcase> <!-- @AfterMethod endTestCase -->
  <testcase classname="com.tetherfi.test.BaseTest" name="@BeforeMethod startTestCase" time="-1.587011092152E9">
    <skipped/>
  </testcase> <!-- @BeforeMethod startTestCase -->
  <testcase classname="com.tetherfi.test.RoleBasedAccessManagementTest" name="@BeforeMethod NavigateToRoleBasedAccessManagementWMCPage" time="-1.587011092153E9">
    <skipped/>
  </testcase> <!-- @BeforeMethod NavigateToRoleBasedAccessManagementWMCPage -->
  <testcase classname="com.tetherfi.test.RoleBasedAccessManagementTest" name="@AfterMethod afterEachMethod" time="-1.587011092158E9">
    <skipped/>
  </testcase> <!-- @AfterMethod afterEachMethod -->
  <testcase classname="com.tetherfi.test.BaseTest" name="@AfterMethod endTestCase" time="-1.587011092159E9">
    <skipped/>
  </testcase> <!-- @AfterMethod endTestCase -->
  <testcase classname="com.tetherfi.test.BaseTest" name="@BeforeMethod startTestCase" time="-1.587011092161E9">
    <skipped/>
  </testcase> <!-- @BeforeMethod startTestCase -->
  <testcase classname="com.tetherfi.test.RoleBasedAccessManagementTest" name="@BeforeMethod NavigateToRoleBasedAccessManagementWMCPage" time="-1.587011092162E9">
    <skipped/>
  </testcase> <!-- @BeforeMethod NavigateToRoleBasedAccessManagementWMCPage -->
  <testcase classname="com.tetherfi.test.RoleBasedAccessManagementTest" name="@AfterMethod afterEachMethod" time="-1.587011092165E9">
    <skipped/>
  </testcase> <!-- @AfterMethod afterEachMethod -->
  <testcase classname="com.tetherfi.test.BaseTest" name="@AfterMethod endTestCase" time="-1.587011092167E9">
    <skipped/>
  </testcase> <!-- @AfterMethod endTestCase -->
  <testcase classname="com.tetherfi.test.BaseTest" name="@BeforeMethod startTestCase" time="-1.587011092169E9">
    <skipped/>
  </testcase> <!-- @BeforeMethod startTestCase -->
  <testcase classname="com.tetherfi.test.RoleBasedAccessManagementTest" name="@BeforeMethod NavigateToRoleBasedAccessManagementWMCPage" time="-1.58701109217E9">
    <skipped/>
  </testcase> <!-- @BeforeMethod NavigateToRoleBasedAccessManagementWMCPage -->
  <testcase classname="com.tetherfi.test.RoleBasedAccessManagementTest" name="@AfterMethod afterEachMethod" time="-1.587011092175E9">
    <skipped/>
  </testcase> <!-- @AfterMethod afterEachMethod -->
  <testcase classname="com.tetherfi.test.BaseTest" name="@AfterMethod endTestCase" time="-1.587011092179E9">
    <skipped/>
  </testcase> <!-- @AfterMethod endTestCase -->
  <testcase classname="com.tetherfi.test.BaseTest" name="@BeforeMethod startTestCase" time="-1.58701109218E9">
    <skipped/>
  </testcase> <!-- @BeforeMethod startTestCase -->
  <testcase classname="com.tetherfi.test.RoleBasedAccessManagementTest" name="@BeforeMethod NavigateToRoleBasedAccessManagementWMCPage" time="-1.587011092181E9">
    <skipped/>
  </testcase> <!-- @BeforeMethod NavigateToRoleBasedAccessManagementWMCPage -->
  <testcase classname="com.tetherfi.test.RoleBasedAccessManagementTest" name="@AfterMethod afterEachMethod" time="-1.587011092189E9">
    <skipped/>
  </testcase> <!-- @AfterMethod afterEachMethod -->
  <testcase classname="com.tetherfi.test.BaseTest" name="@AfterMethod endTestCase" time="-1.58701109219E9">
    <skipped/>
  </testcase> <!-- @AfterMethod endTestCase -->
  <testcase classname="com.tetherfi.test.BaseTest" name="@BeforeMethod startTestCase" time="-1.587011092191E9">
    <skipped/>
  </testcase> <!-- @BeforeMethod startTestCase -->
  <testcase classname="com.tetherfi.test.RoleBasedAccessManagementTest" name="@BeforeMethod NavigateToRoleBasedAccessManagementWMCPage" time="-1.587011092192E9">
    <skipped/>
  </testcase> <!-- @BeforeMethod NavigateToRoleBasedAccessManagementWMCPage -->
  <testcase classname="com.tetherfi.test.RoleBasedAccessManagementTest" name="@AfterMethod afterEachMethod" time="-1.587011092199E9">
    <skipped/>
  </testcase> <!-- @AfterMethod afterEachMethod -->
  <testcase classname="com.tetherfi.test.BaseTest" name="@AfterMethod endTestCase" time="-1.5870110922E9">
    <skipped/>
  </testcase> <!-- @AfterMethod endTestCase -->
  <testcase classname="com.tetherfi.test.BaseTest" name="@AfterClass tearDown" time="-1.587011092202E9">
    <skipped/>
  </testcase> <!-- @AfterClass tearDown -->
  <testcase classname="com.tetherfi.test.RoleBasedAccessManagementTest" name="RoleBasedAccessManagementWMCPage" time="2.375"/>
  <testcase classname="com.tetherfi.test.RoleBasedAccessManagementTest" name="VerifyDropdownForAllTheColumns" time="1.435">
    <failure type="java.lang.AssertionError" message="Columns dropdown assertion failed did not expect to find [true] but found [false]">
      <![CDATA[java.lang.AssertionError: Columns dropdown assertion failed did not expect to find [true] but found [false]
at org.testng.Assert.fail(Assert.java:97)
at org.testng.Assert.failNotEquals(Assert.java:969)
at org.testng.Assert.assertTrue(Assert.java:43)
at com.tetherfi.test.RoleBasedAccessManagementTest.VerifyDropdownForAllTheColumns(RoleBasedAccessManagementTest.java:53)
at java.base/jdk.internal.reflect.NativeMethodAccessorImpl.invoke0(Native Method)
at java.base/jdk.internal.reflect.NativeMethodAccessorImpl.invoke(Unknown Source)
at java.base/jdk.internal.reflect.DelegatingMethodAccessorImpl.invoke(Unknown Source)
at java.base/java.lang.reflect.Method.invoke(Unknown Source)
at org.testng.internal.MethodInvocationHelper.invokeMethod(MethodInvocationHelper.java:133)
at org.testng.internal.TestInvoker.invokeMethod(TestInvoker.java:584)
at org.testng.internal.TestInvoker.invokeTestMethod(TestInvoker.java:172)
at org.testng.internal.MethodRunner.runInSequence(MethodRunner.java:46)
at org.testng.internal.TestInvoker$MethodInvocationAgent.invoke(TestInvoker.java:804)
at org.testng.internal.TestInvoker.invokeTestMethods(TestInvoker.java:145)
at org.testng.internal.TestMethodWorker.invokeTestMethods(TestMethodWorker.java:146)
at org.testng.internal.TestMethodWorker.run(TestMethodWorker.java:128)
at java.base/java.util.ArrayList.forEach(Unknown Source)
at org.testng.TestRunner.privateRun(TestRunner.java:770)
at org.testng.TestRunner.run(TestRunner.java:591)
at org.testng.SuiteRunner.runTest(SuiteRunner.java:402)
at org.testng.SuiteRunner.runSequentially(SuiteRunner.java:396)
at org.testng.SuiteRunner.privateRun(SuiteRunner.java:355)
at org.testng.SuiteRunner.run(SuiteRunner.java:304)
at org.testng.SuiteRunnerWorker.runSuite(SuiteRunnerWorker.java:53)
at org.testng.SuiteRunnerWorker.run(SuiteRunnerWorker.java:96)
at org.testng.TestNG.runSuitesSequentially(TestNG.java:1180)
at org.testng.TestNG.runSuitesLocally(TestNG.java:1102)
at org.testng.TestNG.runSuites(TestNG.java:1032)
at org.testng.TestNG.run(TestNG.java:1000)
at org.testng.remote.AbstractRemoteTestNG.run(AbstractRemoteTestNG.java:115)
at org.testng.remote.RemoteTestNG.initAndRun(RemoteTestNG.java:251)
at org.testng.remote.RemoteTestNG.main(RemoteTestNG.java:77)
]]>
    </failure>
  </testcase> <!-- VerifyDropdownForAllTheColumns -->
  <testcase classname="com.tetherfi.test.RoleBasedAccessManagementTest" name="VerifyColumnsHeaderEnable" time="0.0">
    <skipped/>
  </testcase> <!-- VerifyColumnsHeaderEnable -->
  <testcase classname="com.tetherfi.test.RoleBasedAccessManagementTest" name="VerifyColumnsHeaderDisable" time="0.0">
    <skipped/>
  </testcase> <!-- VerifyColumnsHeaderDisable -->
  <testcase classname="com.tetherfi.test.RoleBasedAccessManagementTest" name="AddNewRoleBasedAccessManagementCancelRecord" time="0.0">
    <skipped/>
  </testcase> <!-- AddNewRoleBasedAccessManagementCancelRecord -->
  <testcase classname="com.tetherfi.test.RoleBasedAccessManagementTest" name="AddNewRoleBasedAccessManagementRecord" time="0.0">
    <skipped/>
  </testcase> <!-- AddNewRoleBasedAccessManagementRecord -->
  <testcase classname="com.tetherfi.test.RoleBasedAccessManagementTest" name="AddNewRecordWithoutRoleName" time="0.0">
    <skipped/>
  </testcase> <!-- AddNewRecordWithoutRoleName -->
  <testcase classname="com.tetherfi.test.RoleBasedAccessManagementTest" name="AddDuplicateRecord" time="0.0">
    <skipped/>
  </testcase> <!-- AddDuplicateRecord -->
  <testcase classname="com.tetherfi.test.RoleBasedAccessManagementTest" name="VerifyAuditTrailReportForCreate" time="0.0">
    <skipped/>
  </testcase> <!-- VerifyAuditTrailReportForCreate -->
  <testcase classname="com.tetherfi.test.RoleBasedAccessManagementTest" name="EditRoleBasedAccessManagementCancelButton" time="0.0">
    <skipped/>
  </testcase> <!-- EditRoleBasedAccessManagementCancelButton -->
  <testcase classname="com.tetherfi.test.RoleBasedAccessManagementTest" name="EditRoleBasedAccessManagementRecord" time="0.0">
    <skipped/>
  </testcase> <!-- EditRoleBasedAccessManagementRecord -->
  <testcase classname="com.tetherfi.test.RoleBasedAccessManagementTest" name="VerifyAuditTrailReportForUpdate" time="0.0">
    <skipped/>
  </testcase> <!-- VerifyAuditTrailReportForUpdate -->
  <testcase classname="com.tetherfi.test.RoleBasedAccessManagementTest" name="EditRecordWithoutModifyReason" time="0.0">
    <skipped/>
  </testcase> <!-- EditRecordWithoutModifyReason -->
  <testcase classname="com.tetherfi.test.RoleBasedAccessManagementTest" name="VerifyPageBasedUserAccess" time="0.0">
    <skipped/>
  </testcase> <!-- VerifyPageBasedUserAccess -->
  <testcase classname="com.tetherfi.test.RoleBasedAccessManagementTest" name="VerifyAccessCheckBox" time="0.0">
    <skipped/>
  </testcase> <!-- VerifyAccessCheckBox -->
  <testcase classname="com.tetherfi.test.RoleBasedAccessManagementTest" name="VerifyAdminPageCancelButton" time="0.0">
    <skipped/>
  </testcase> <!-- VerifyAdminPageCancelButton -->
  <testcase classname="com.tetherfi.test.RoleBasedAccessManagementTest" name="VerifyAdminPageSaveButton" time="0.0">
    <skipped/>
  </testcase> <!-- VerifyAdminPageSaveButton -->
  <testcase classname="com.tetherfi.test.RoleBasedAccessManagementTest" name="VerifyunsuccefullCancelchanges" time="0.0">
    <skipped/>
  </testcase> <!-- VerifyunsuccefullCancelchanges -->
  <testcase classname="com.tetherfi.test.RoleBasedAccessManagementTest" name="VerifyunsuccefullSavechanges" time="0.0">
    <skipped/>
  </testcase> <!-- VerifyunsuccefullSavechanges -->
  <testcase classname="com.tetherfi.test.RoleBasedAccessManagementTest" name="VerifyReportsAccessCheckBox" time="0.0">
    <skipped/>
  </testcase> <!-- VerifyReportsAccessCheckBox -->
  <testcase classname="com.tetherfi.test.RoleBasedAccessManagementTest" name="VerifyReportsPageCancelButton" time="0.0">
    <skipped/>
  </testcase> <!-- VerifyReportsPageCancelButton -->
  <testcase classname="com.tetherfi.test.RoleBasedAccessManagementTest" name="VerifyReportsPageSaveButton" time="0.0">
    <skipped/>
  </testcase> <!-- VerifyReportsPageSaveButton -->
  <testcase classname="com.tetherfi.test.RoleBasedAccessManagementTest" name="VerifyReportsunsuccefullcancelchanges" time="0.0">
    <skipped/>
  </testcase> <!-- VerifyReportsunsuccefullcancelchanges -->
  <testcase classname="com.tetherfi.test.RoleBasedAccessManagementTest" name="VerifyReportsunsuccefullsavechanges" time="0.0">
    <skipped/>
  </testcase> <!-- VerifyReportsunsuccefullsavechanges -->
  <testcase classname="com.tetherfi.test.RoleBasedAccessManagementTest" name="VerifyDashboardAccessCheckbox" time="0.0">
    <skipped/>
  </testcase> <!-- VerifyDashboardAccessCheckbox -->
  <testcase classname="com.tetherfi.test.RoleBasedAccessManagementTest" name="VerifyDashboardPageCancelButton" time="0.0">
    <skipped/>
  </testcase> <!-- VerifyDashboardPageCancelButton -->
  <testcase classname="com.tetherfi.test.RoleBasedAccessManagementTest" name="VerifyDashboardPageSaveButton" time="0.0">
    <skipped/>
  </testcase> <!-- VerifyDashboardPageSaveButton -->
  <testcase classname="com.tetherfi.test.RoleBasedAccessManagementTest" name="VerifyDashboardunsuccefullcancelchanges" time="0.0">
    <skipped/>
  </testcase> <!-- VerifyDashboardunsuccefullcancelchanges -->
  <testcase classname="com.tetherfi.test.RoleBasedAccessManagementTest" name="VerifyDashboardunsuccefullsavechanges" time="0.0">
    <skipped/>
  </testcase> <!-- VerifyDashboardunsuccefullsavechanges -->
  <testcase classname="com.tetherfi.test.RoleBasedAccessManagementTest" name="VerifyOtherApplicationAccessCheckbox" time="0.001">
    <skipped/>
  </testcase> <!-- VerifyOtherApplicationAccessCheckbox -->
  <testcase classname="com.tetherfi.test.RoleBasedAccessManagementTest" name="VerifyOtherApplicationPageCancelButton" time="0.0">
    <skipped/>
  </testcase> <!-- VerifyOtherApplicationPageCancelButton -->
  <testcase classname="com.tetherfi.test.RoleBasedAccessManagementTest" name="VerifyOtherApplicationPageSaveButton" time="0.0">
    <skipped/>
  </testcase> <!-- VerifyOtherApplicationPageSaveButton -->
  <testcase classname="com.tetherfi.test.RoleBasedAccessManagementTest" name="VerifyOtherApplicationunsuccefullCancelchanges" time="0.0">
    <skipped/>
  </testcase> <!-- VerifyOtherApplicationunsuccefullCancelchanges -->
  <testcase classname="com.tetherfi.test.RoleBasedAccessManagementTest" name="VerifyOtherApplicationunsuccefullSavechanges" time="0.0">
    <skipped/>
  </testcase> <!-- VerifyOtherApplicationunsuccefullSavechanges -->
  <testcase classname="com.tetherfi.test.RoleBasedAccessManagementTest" name="VerifySearchIsNotEqualTo" time="0.0">
    <skipped/>
  </testcase> <!-- VerifySearchIsNotEqualTo -->
  <testcase classname="com.tetherfi.test.RoleBasedAccessManagementTest" name="VerifySearchContains" time="0.0">
    <skipped/>
  </testcase> <!-- VerifySearchContains -->
  <testcase classname="com.tetherfi.test.RoleBasedAccessManagementTest" name="VerifySearchDoesNotContains" time="0.0">
    <skipped/>
  </testcase> <!-- VerifySearchDoesNotContains -->
  <testcase classname="com.tetherfi.test.RoleBasedAccessManagementTest" name="VerifySearchStartsWith" time="0.0">
    <skipped/>
  </testcase> <!-- VerifySearchStartsWith -->
  <testcase classname="com.tetherfi.test.RoleBasedAccessManagementTest" name="VerifySearchEndsWith" time="0.0">
    <skipped/>
  </testcase> <!-- VerifySearchEndsWith -->
  <testcase classname="com.tetherfi.test.RoleBasedAccessManagementTest" name="searchPage" time="0.0">
    <skipped/>
  </testcase> <!-- searchPage -->
  <testcase classname="com.tetherfi.test.RoleBasedAccessManagementTest" name="ClearSearch" time="0.0">
    <skipped/>
  </testcase> <!-- ClearSearch -->
  <testcase classname="com.tetherfi.test.RoleBasedAccessManagementTest" name="GroupBy" time="0.0">
    <skipped/>
  </testcase> <!-- GroupBy -->
  <testcase classname="com.tetherfi.test.RoleBasedAccessManagementTest" name="VerifyArrowMoveForPreviousAndNextPage" time="0.0">
    <skipped/>
  </testcase> <!-- VerifyArrowMoveForPreviousAndNextPage -->
  <testcase classname="com.tetherfi.test.RoleBasedAccessManagementTest" name="VerifyArrowMoveForFirstAndLastPage" time="0.0">
    <skipped/>
  </testcase> <!-- VerifyArrowMoveForFirstAndLastPage -->
  <testcase classname="com.tetherfi.test.RoleBasedAccessManagementTest" name="VerifyTotalNumberOfItemsPerPageDetails" time="0.0">
    <skipped/>
  </testcase> <!-- VerifyTotalNumberOfItemsPerPageDetails -->
  <testcase classname="com.tetherfi.test.RoleBasedAccessManagementTest" name="VerifyNumberOfItemsPerPageSelection" time="0.0">
    <skipped/>
  </testcase> <!-- VerifyNumberOfItemsPerPageSelection -->
  <testcase classname="com.tetherfi.test.RoleBasedAccessManagementTest" name="ExportToExcel" time="0.0">
    <skipped/>
  </testcase> <!-- ExportToExcel -->
  <testcase classname="com.tetherfi.test.RoleBasedAccessManagementTest" name="ExportToExcelData" time="0.0">
    <skipped/>
  </testcase> <!-- ExportToExcelData -->
  <testcase classname="com.tetherfi.test.RoleBasedAccessManagementTest" name="SortingByAscending" time="0.0">
    <skipped/>
  </testcase> <!-- SortingByAscending -->
  <testcase classname="com.tetherfi.test.RoleBasedAccessManagementTest" name="SortingByDescending" time="0.0">
    <skipped/>
  </testcase> <!-- SortingByDescending -->
  <testcase classname="com.tetherfi.test.RoleBasedAccessManagementTest" name="ExporttoExcelWithoutData" time="0.0">
    <skipped/>
  </testcase> <!-- ExporttoExcelWithoutData -->
  <testcase classname="com.tetherfi.test.RoleBasedAccessManagementTest" name="VerifyDeleteRoleBasedAccessManagementNoButton" time="0.0">
    <skipped/>
  </testcase> <!-- VerifyDeleteRoleBasedAccessManagementNoButton -->
  <testcase classname="com.tetherfi.test.RoleBasedAccessManagementTest" name="VerifyDeleteRoleBasedAccessManagementWithoutModifyReason" time="0.0">
    <skipped/>
  </testcase> <!-- VerifyDeleteRoleBasedAccessManagementWithoutModifyReason -->
  <testcase classname="com.tetherfi.test.RoleBasedAccessManagementTest" name="DeleteRoleBasedAccessManagementRecord" time="0.0">
    <skipped/>
  </testcase> <!-- DeleteRoleBasedAccessManagementRecord -->
  <testcase classname="com.tetherfi.test.RoleBasedAccessManagementTest" name="VerifyAuditTrailReportForDelete" time="0.0">
    <skipped/>
  </testcase> <!-- VerifyAuditTrailReportForDelete -->
  <testcase classname="com.tetherfi.test.RoleBasedAccessManagementTest" name="database" time="0.0">
    <skipped/>
  </testcase> <!-- database -->
</testsuite> <!-- Default test -->
