<?xml version="1.0" encoding="UTF-8"?>
<!-- Generated by org.testng.reporters.JUnitXMLReporter -->
<testsuite ignored="0" hostname="admin" failures="0" tests="3" name="Default test" time="94.184" errors="0" timestamp="2019-09-13T18:03:28 IST">
  <testcase classname="com.tetherfi.test.sms.SmsResponseTemplateDeleteTest" name="VerifyAuditTrailReportForSendForApprove" time="21.043"/>
  <testcase classname="com.tetherfi.test.sms.SmsResponseTemplateDeleteTest" name="ApproveforDeleteSmsResponseTemplateRecord" time="12.506"/>
  <testcase classname="com.tetherfi.test.sms.SmsResponseTemplateDeleteTest" name="VerifyAuditTrailReportForApprove" time="20.471"/>
</testsuite> <!-- Default test -->
