<?xml version="1.0" encoding="UTF-8"?>
<!-- Generated by org.testng.reporters.JUnitXMLReporter -->
<testsuite hostname="admin" ignored="0" name="Default test" tests="5" failures="0" timestamp="13 Feb 2019 10:50:20 GMT" time="384.534" errors="0">
  <testcase name="VerifyAddAccessOfOperatingHours" time="47.883" classname="com.tetherfi.test.UserManagementE2ETest"/>
  <testcase name="VerifyDeleteAccessOfOperatingHours" time="50.157" classname="com.tetherfi.test.UserManagementE2ETest"/>
  <testcase name="VerifyEditAccessOfOperatingHours" time="48.443" classname="com.tetherfi.test.UserManagementE2ETest"/>
  <testcase name="VerifyExportAccessOfOperatingHours" time="52.374" classname="com.tetherfi.test.UserManagementE2ETest"/>
  <testcase name="VerifyViewAccessOfOperatingHours" time="48.984" classname="com.tetherfi.test.UserManagementE2ETest"/>
</testsuite> <!-- Default test -->
