<?xml version="1.0" encoding="UTF-8"?>
<!-- Generated by org.testng.reporters.JUnitXMLReporter -->
<testsuite hostname="admin" ignored="0" name="Default test" tests="4" failures="0" timestamp="13 Feb 2019 06:34:16 GMT" time="300.459" errors="0">
  <testcase name="VerifyAddAccessOfFaxLineConfig" time="48.649" classname="com.tetherfi.test.UserManagementE2ETest"/>
  <testcase name="VerifyDeleteAccessOfFaxLineConfig" time="48.541" classname="com.tetherfi.test.UserManagementE2ETest"/>
  <testcase name="VerifyEditAccessOfFaxLineConfig" time="48.819" classname="com.tetherfi.test.UserManagementE2ETest"/>
  <testcase name="VerifyExportAccessOfFaxLineConfig" time="46.01" classname="com.tetherfi.test.UserManagementE2ETest"/>
</testsuite> <!-- Default test -->
