<?xml version="1.0" encoding="UTF-8"?>
<!-- Generated by org.testng.reporters.JUnitXMLReporter -->
<testsuite ignored="0" hostname="admin" failures="0" tests="12" name="Default test" time="22.431" errors="0" timestamp="04 Jul 2019 06:30:48 GMT">
  <testcase classname="com.tetherfi.test.BaseTest" name="@BeforeClass openApplication" time="22.107">
    <failure type="org.openqa.selenium.WebDriverException" message="chrome not reachable
  (Session info: chrome=75.0.3770.100)
  (Driver info: chromedriver=74.0.3729.6 (255758eccf3d244491b8a1317aa76e1ce10d57e9-refs/branch-heads/3729@{#29}),platform=Windows NT 6.3.9600 x86_64) (WARNING: The server did not provide any stacktrace information)
Command duration or timeout: 0 milliseconds
Build info: version: &amp;apos;3.5.3&amp;apos;, revision: &amp;apos;a88d25fe6b&amp;apos;, time: &amp;apos;2017-08-29T12:42:44.417Z&amp;apos;
System info: host: &amp;apos;ADMIN&amp;apos;, ip: &amp;apos;192.168.0.102&amp;apos;, os.name: &amp;apos;Windows 8.1&amp;apos;, os.arch: &amp;apos;amd64&amp;apos;, os.version: &amp;apos;6.3&amp;apos;, java.version: &amp;apos;9.0.4&amp;apos;
Driver info: org.openqa.selenium.chrome.ChromeDriver
Capabilities [{mobileEmulationEnabled=false, timeouts={implicit=0, pageLoad=300000, script=30000}, hasTouchScreen=false, platform=WIN8_1, acceptSslCerts=false, goog:chromeOptions={debuggerAddress=localhost:59666}, acceptInsecureCerts=false, webStorageEnabled=true, browserName=chrome, takesScreenshot=true, javascriptEnabled=true, platformName=WIN8_1, setWindowRect=true, unexpectedAlertBehaviour=ignore, applicationCacheEnabled=false, rotatable=false, networkConnectionEnabled=false, chrome={chromedriverVersion=74.0.3729.6 (255758eccf3d244491b8a1317aa76e1ce10d57e9-refs/branch-heads/3729@{#29}), userDataDir=C:\Users\ADMINP~1\AppData\Local\Temp\scoped_dir4392_315}, takesHeapSnapshot=true, unhandledPromptBehavior=ignore, pageLoadStrategy=normal, strictFileInteractability=false, databaseEnabled=false, handlesAlerts=true, version=75.0.3770.100, browserConnectionEnabled=false, proxy=Proxy(), nativeEvents=true, locationContextEnabled=true, cssSelectorsEnabled=true}]
Session ID: 596aad13607df3cbe6797ab3302fe5b3">
      <![CDATA[org.openqa.selenium.WebDriverException: chrome not reachable
  (Session info: chrome=75.0.3770.100)
  (Driver info: chromedriver=74.0.3729.6 (255758eccf3d244491b8a1317aa76e1ce10d57e9-refs/branch-heads/3729@{#29}),platform=Windows NT 6.3.9600 x86_64) (WARNING: The server did not provide any stacktrace information)
Command duration or timeout: 0 milliseconds
Build info: version: '3.5.3', revision: 'a88d25fe6b', time: '2017-08-29T12:42:44.417Z'
System info: host: 'ADMIN', ip: '192.168.0.102', os.name: 'Windows 8.1', os.arch: 'amd64', os.version: '6.3', java.version: '9.0.4'
Driver info: org.openqa.selenium.chrome.ChromeDriver
Capabilities [{mobileEmulationEnabled=false, timeouts={implicit=0, pageLoad=300000, script=30000}, hasTouchScreen=false, platform=WIN8_1, acceptSslCerts=false, goog:chromeOptions={debuggerAddress=localhost:59666}, acceptInsecureCerts=false, webStorageEnabled=true, browserName=chrome, takesScreenshot=true, javascriptEnabled=true, platformName=WIN8_1, setWindowRect=true, unexpectedAlertBehaviour=ignore, applicationCacheEnabled=false, rotatable=false, networkConnectionEnabled=false, chrome={chromedriverVersion=74.0.3729.6 (255758eccf3d244491b8a1317aa76e1ce10d57e9-refs/branch-heads/3729@{#29}), userDataDir=C:\Users\ADMINP~1\AppData\Local\Temp\scoped_dir4392_315}, takesHeapSnapshot=true, unhandledPromptBehavior=ignore, pageLoadStrategy=normal, strictFileInteractability=false, databaseEnabled=false, handlesAlerts=true, version=75.0.3770.100, browserConnectionEnabled=false, proxy=Proxy(), nativeEvents=true, locationContextEnabled=true, cssSelectorsEnabled=true}]
Session ID: 596aad13607df3cbe6797ab3302fe5b3
	at java.base/jdk.internal.reflect.NativeConstructorAccessorImpl.newInstance0(Native Method)
	at java.base/jdk.internal.reflect.NativeConstructorAccessorImpl.newInstance(Unknown Source)
	at java.base/jdk.internal.reflect.DelegatingConstructorAccessorImpl.newInstance(Unknown Source)
	at java.base/java.lang.reflect.Constructor.newInstance(Unknown Source)
	at org.openqa.selenium.remote.ErrorHandler.createThrowable(ErrorHandler.java:215)
	at org.openqa.selenium.remote.ErrorHandler.throwIfResponseFailed(ErrorHandler.java:167)
	at org.openqa.selenium.remote.http.JsonHttpResponseCodec.reconstructValue(JsonHttpResponseCodec.java:40)
	at org.openqa.selenium.remote.http.AbstractHttpResponseCodec.decode(AbstractHttpResponseCodec.java:82)
	at org.openqa.selenium.remote.http.AbstractHttpResponseCodec.decode(AbstractHttpResponseCodec.java:45)
	at org.openqa.selenium.remote.HttpCommandExecutor.execute(HttpCommandExecutor.java:164)
	at org.openqa.selenium.remote.service.DriverCommandExecutor.execute(DriverCommandExecutor.java:82)
	at org.openqa.selenium.remote.RemoteWebDriver.execute(RemoteWebDriver.java:646)
	at org.openqa.selenium.remote.RemoteWebDriver.execute(RemoteWebDriver.java:703)
	at org.openqa.selenium.remote.RemoteWebDriver.close(RemoteWebDriver.java:532)
	at com.tetherfi.test.BaseTest.openApplication(BaseTest.java:37)
	at java.base/jdk.internal.reflect.NativeMethodAccessorImpl.invoke0(Native Method)
	at java.base/jdk.internal.reflect.NativeMethodAccessorImpl.invoke(Unknown Source)
	at java.base/jdk.internal.reflect.DelegatingMethodAccessorImpl.invoke(Unknown Source)
	at java.base/java.lang.reflect.Method.invoke(Unknown Source)
	at org.testng.internal.MethodInvocationHelper.invokeMethod(MethodInvocationHelper.java:108)
	at org.testng.internal.Invoker.invokeConfigurationMethod(Invoker.java:523)
	at org.testng.internal.Invoker.invokeConfigurations(Invoker.java:224)
	at org.testng.internal.Invoker.invokeConfigurations(Invoker.java:146)
	at org.testng.internal.TestMethodWorker.invokeBeforeClassMethods(TestMethodWorker.java:166)
	at org.testng.internal.TestMethodWorker.run(TestMethodWorker.java:105)
	at org.testng.TestRunner.privateRun(TestRunner.java:744)
	at org.testng.TestRunner.run(TestRunner.java:602)
	at org.testng.SuiteRunner.runTest(SuiteRunner.java:380)
	at org.testng.SuiteRunner.runSequentially(SuiteRunner.java:375)
	at org.testng.SuiteRunner.privateRun(SuiteRunner.java:340)
	at org.testng.SuiteRunner.run(SuiteRunner.java:289)
	at org.testng.SuiteRunnerWorker.runSuite(SuiteRunnerWorker.java:52)
	at org.testng.SuiteRunnerWorker.run(SuiteRunnerWorker.java:86)
	at org.testng.TestNG.runSuitesSequentially(TestNG.java:1301)
	at org.testng.TestNG.runSuitesLocally(TestNG.java:1226)
	at org.testng.TestNG.runSuites(TestNG.java:1144)
	at org.testng.TestNG.run(TestNG.java:1115)
	at org.testng.remote.AbstractRemoteTestNG.run(AbstractRemoteTestNG.java:114)
	at org.testng.remote.RemoteTestNG.initAndRun(RemoteTestNG.java:251)
	at org.testng.remote.RemoteTestNG.main(RemoteTestNG.java:77)
]]>
    </failure>
  </testcase> <!-- @BeforeClass openApplication -->
  <testcase classname="com.tetherfi.test.BaseTest" name="@BeforeMethod startTestCase" time="0.0">
    <skipped/>
  </testcase> <!-- @BeforeMethod startTestCase -->
  <testcase classname="com.tetherfi.test.email.EmailTemplateTest" name="@BeforeMethod NavigateToEmailTemplatePage" time="0.0">
    <skipped/>
  </testcase> <!-- @BeforeMethod NavigateToEmailTemplatePage -->
  <testcase classname="com.tetherfi.test.BaseTest" name="@BeforeMethod startTestCase" time="0.0">
    <skipped/>
  </testcase> <!-- @BeforeMethod startTestCase -->
  <testcase classname="com.tetherfi.test.email.EmailTemplateTest" name="@BeforeMethod NavigateToEmailTemplatePage" time="0.0">
    <skipped/>
  </testcase> <!-- @BeforeMethod NavigateToEmailTemplatePage -->
  <testcase classname="com.tetherfi.test.BaseTest" name="@BeforeMethod startTestCase" time="0.0">
    <skipped/>
  </testcase> <!-- @BeforeMethod startTestCase -->
  <testcase classname="com.tetherfi.test.email.EmailTemplateTest" name="@BeforeMethod NavigateToEmailTemplatePage" time="0.0">
    <skipped/>
  </testcase> <!-- @BeforeMethod NavigateToEmailTemplatePage -->
  <testcase classname="com.tetherfi.test.BaseTest" name="@BeforeMethod startTestCase" time="0.0">
    <skipped/>
  </testcase> <!-- @BeforeMethod startTestCase -->
  <testcase classname="com.tetherfi.test.email.EmailTemplateTest" name="@BeforeMethod NavigateToEmailTemplatePage" time="0.0">
    <skipped/>
  </testcase> <!-- @BeforeMethod NavigateToEmailTemplatePage -->
  <testcase classname="com.tetherfi.test.BaseTest" name="@BeforeMethod startTestCase" time="0.0">
    <skipped/>
  </testcase> <!-- @BeforeMethod startTestCase -->
  <testcase classname="com.tetherfi.test.email.EmailTemplateTest" name="@BeforeMethod NavigateToEmailTemplatePage" time="0.0">
    <skipped/>
  </testcase> <!-- @BeforeMethod NavigateToEmailTemplatePage -->
  <testcase classname="com.tetherfi.test.BaseTest" name="@BeforeMethod startTestCase" time="0.0">
    <skipped/>
  </testcase> <!-- @BeforeMethod startTestCase -->
  <testcase classname="com.tetherfi.test.email.EmailTemplateTest" name="@BeforeMethod NavigateToEmailTemplatePage" time="0.0">
    <skipped/>
  </testcase> <!-- @BeforeMethod NavigateToEmailTemplatePage -->
  <testcase classname="com.tetherfi.test.BaseTest" name="@BeforeMethod startTestCase" time="0.0">
    <skipped/>
  </testcase> <!-- @BeforeMethod startTestCase -->
  <testcase classname="com.tetherfi.test.email.EmailTemplateTest" name="@BeforeMethod NavigateToEmailTemplatePage" time="0.0">
    <skipped/>
  </testcase> <!-- @BeforeMethod NavigateToEmailTemplatePage -->
  <testcase classname="com.tetherfi.test.BaseTest" name="@BeforeMethod startTestCase" time="0.0">
    <skipped/>
  </testcase> <!-- @BeforeMethod startTestCase -->
  <testcase classname="com.tetherfi.test.email.EmailTemplateTest" name="@BeforeMethod NavigateToEmailTemplatePage" time="0.0">
    <skipped/>
  </testcase> <!-- @BeforeMethod NavigateToEmailTemplatePage -->
  <testcase classname="com.tetherfi.test.BaseTest" name="@BeforeMethod startTestCase" time="0.0">
    <skipped/>
  </testcase> <!-- @BeforeMethod startTestCase -->
  <testcase classname="com.tetherfi.test.email.EmailTemplateTest" name="@BeforeMethod NavigateToEmailTemplatePage" time="0.0">
    <skipped/>
  </testcase> <!-- @BeforeMethod NavigateToEmailTemplatePage -->
  <testcase classname="com.tetherfi.test.BaseTest" name="@BeforeMethod startTestCase" time="0.0">
    <skipped/>
  </testcase> <!-- @BeforeMethod startTestCase -->
  <testcase classname="com.tetherfi.test.email.EmailTemplateTest" name="@BeforeMethod NavigateToEmailTemplatePage" time="0.0">
    <skipped/>
  </testcase> <!-- @BeforeMethod NavigateToEmailTemplatePage -->
  <testcase classname="com.tetherfi.test.BaseTest" name="@BeforeMethod startTestCase" time="0.0">
    <skipped/>
  </testcase> <!-- @BeforeMethod startTestCase -->
  <testcase classname="com.tetherfi.test.email.EmailTemplateTest" name="@BeforeMethod NavigateToEmailTemplatePage" time="0.0">
    <skipped/>
  </testcase> <!-- @BeforeMethod NavigateToEmailTemplatePage -->
  <testcase classname="com.tetherfi.test.BaseTest" name="@BeforeMethod startTestCase" time="0.0">
    <skipped/>
  </testcase> <!-- @BeforeMethod startTestCase -->
  <testcase classname="com.tetherfi.test.email.EmailTemplateTest" name="@BeforeMethod NavigateToEmailTemplatePage" time="0.0">
    <skipped/>
  </testcase> <!-- @BeforeMethod NavigateToEmailTemplatePage -->
  <testcase classname="com.tetherfi.test.BaseTest" name="@AfterClass tearDown" time="0.0">
    <skipped/>
  </testcase> <!-- @AfterClass tearDown -->
  <testcase classname="com.tetherfi.test.email.EmailTemplateTest" name="AddNewEmailTemplateRecord" time="0.0">
    <skipped/>
  </testcase> <!-- AddNewEmailTemplateRecord -->
  <testcase classname="com.tetherfi.test.email.EmailTemplateTest" name="AddDuplicateEmailTemplateRecord" time="0.0">
    <skipped/>
  </testcase> <!-- AddDuplicateEmailTemplateRecord -->
  <testcase classname="com.tetherfi.test.email.EmailTemplateTest" name="VerifyAuditTrialReportForCreate" time="0.0">
    <skipped/>
  </testcase> <!-- VerifyAuditTrialReportForCreate -->
  <testcase classname="com.tetherfi.test.email.EmailTemplateTest" name="AddEmptyEmailTemplateRecord" time="0.0">
    <skipped/>
  </testcase> <!-- AddEmptyEmailTemplateRecord -->
  <testcase classname="com.tetherfi.test.email.EmailTemplateTest" name="AddRecordWithoutEmailDepartmentName" time="0.0">
    <skipped/>
  </testcase> <!-- AddRecordWithoutEmailDepartmentName -->
  <testcase classname="com.tetherfi.test.email.EmailTemplateTest" name="AddRecordWithoutGroupsName" time="0.0">
    <skipped/>
  </testcase> <!-- AddRecordWithoutGroupsName -->
  <testcase classname="com.tetherfi.test.email.EmailTemplateTest" name="AddRecordWithoutEmailTemplateName" time="0.0">
    <skipped/>
  </testcase> <!-- AddRecordWithoutEmailTemplateName -->
  <testcase classname="com.tetherfi.test.email.EmailTemplateTest" name="AddRecordWithoutSubject" time="0.0">
    <skipped/>
  </testcase> <!-- AddRecordWithoutSubject -->
  <testcase classname="com.tetherfi.test.email.EmailTemplateTest" name="AddRecordWithoutEmailEnabled" time="0.0">
    <skipped/>
  </testcase> <!-- AddRecordWithoutEmailEnabled -->
  <testcase classname="com.tetherfi.test.email.EmailTemplateTest" name="AddRecordWithoutType" time="0.0">
    <skipped/>
  </testcase> <!-- AddRecordWithoutType -->
  <testcase classname="com.tetherfi.test.email.EmailTemplateTest" name="AddRecordWithoutBody" time="0.0">
    <skipped/>
  </testcase> <!-- AddRecordWithoutBody -->
  <testcase classname="com.tetherfi.test.email.EmailTemplateTest" name="VerifyCancelBtnAtAddEmailTemplateRecord" time="0.0">
    <skipped/>
  </testcase> <!-- VerifyCancelBtnAtAddEmailTemplateRecord -->
</testsuite> <!-- Default test -->
