<?xml version="1.0" encoding="UTF-8"?>
<!-- Generated by org.testng.reporters.JUnitXMLReporter -->
<testsuite hostname="admin" ignored="0" name="Default test" tests="3" failures="0" timestamp="18 Feb 2019 11:46:47 GMT" time="200.048" errors="0">
  <testcase name="VerifyIWChatCheckerAccess" time="30.489" classname="com.tetherfi.test.UserManagementOtherAppsE2ETest"/>
  <testcase name="VerifyIWChatMakerAccess" time="28.275" classname="com.tetherfi.test.UserManagementOtherAppsE2ETest"/>
  <testcase name="VerifyIWChatMakerCheckerAccess" time="39.45" classname="com.tetherfi.test.UserManagementOtherAppsE2ETest"/>
</testsuite> <!-- Default test -->
