<?xml version="1.0" encoding="UTF-8"?>
<!-- Generated by org.testng.reporters.JUnitXMLReporter -->
<testsuite ignored="0" hostname="admin" failures="0" tests="29" name="Default test" time="37.737" errors="0" timestamp="2019-09-14T10:50:56 IST">
  <testcase classname="com.tetherfi.test.BaseTest" name="@BeforeClass openApplication" time="36.841">
    <failure type="org.openqa.selenium.WebDriverException" message="chrome not reachable
  (Session info: chrome=76.0.3809.132)
Build info: version: &amp;apos;3.141.59&amp;apos;, revision: &amp;apos;e82be7d358&amp;apos;, time: &amp;apos;2018-11-14T08:17:03&amp;apos;
System info: host: &amp;apos;ADMIN&amp;apos;, ip: &amp;apos;172.20.10.3&amp;apos;, os.name: &amp;apos;Windows 8.1&amp;apos;, os.arch: &amp;apos;amd64&amp;apos;, os.version: &amp;apos;6.3&amp;apos;, java.version: &amp;apos;9.0.4&amp;apos;
Driver info: org.openqa.selenium.chrome.ChromeDriver
Capabilities {acceptInsecureCerts: false, browserName: chrome, browserVersion: 76.0.3809.132, chrome: {chromedriverVersion: 76.0.3809.68 (420c9498db8ce..., userDataDir: C:\Users\ADMINP~1\AppData\L...}, goog:chromeOptions: {debuggerAddress: localhost:49289}, javascriptEnabled: true, networkConnectionEnabled: false, pageLoadStrategy: normal, platform: XP, platformName: XP, proxy: Proxy(), setWindowRect: true, strictFileInteractability: false, timeouts: {implicit: 0, pageLoad: 300000, script: 30000}, unhandledPromptBehavior: dismiss and notify}
Session ID: a500df9b73e86fb740d87f6f673c63dd">
      <![CDATA[org.openqa.selenium.WebDriverException: chrome not reachable
  (Session info: chrome=76.0.3809.132)
Build info: version: '3.141.59', revision: 'e82be7d358', time: '2018-11-14T08:17:03'
System info: host: 'ADMIN', ip: '172.20.10.3', os.name: 'Windows 8.1', os.arch: 'amd64', os.version: '6.3', java.version: '9.0.4'
Driver info: org.openqa.selenium.chrome.ChromeDriver
Capabilities {acceptInsecureCerts: false, browserName: chrome, browserVersion: 76.0.3809.132, chrome: {chromedriverVersion: 76.0.3809.68 (420c9498db8ce..., userDataDir: C:\Users\ADMINP~1\AppData\L...}, goog:chromeOptions: {debuggerAddress: localhost:49289}, javascriptEnabled: true, networkConnectionEnabled: false, pageLoadStrategy: normal, platform: XP, platformName: XP, proxy: Proxy(), setWindowRect: true, strictFileInteractability: false, timeouts: {implicit: 0, pageLoad: 300000, script: 30000}, unhandledPromptBehavior: dismiss and notify}
Session ID: a500df9b73e86fb740d87f6f673c63dd
at java.base/jdk.internal.reflect.NativeConstructorAccessorImpl.newInstance0(Native Method)
at java.base/jdk.internal.reflect.NativeConstructorAccessorImpl.newInstance(Unknown Source)
at java.base/jdk.internal.reflect.DelegatingConstructorAccessorImpl.newInstance(Unknown Source)
at java.base/java.lang.reflect.Constructor.newInstance(Unknown Source)
at org.openqa.selenium.remote.http.W3CHttpResponseCodec.createException(W3CHttpResponseCodec.java:187)
at org.openqa.selenium.remote.http.W3CHttpResponseCodec.decode(W3CHttpResponseCodec.java:122)
at org.openqa.selenium.remote.http.W3CHttpResponseCodec.decode(W3CHttpResponseCodec.java:49)
at org.openqa.selenium.remote.HttpCommandExecutor.execute(HttpCommandExecutor.java:158)
at org.openqa.selenium.remote.service.DriverCommandExecutor.execute(DriverCommandExecutor.java:83)
at org.openqa.selenium.remote.RemoteWebDriver.execute(RemoteWebDriver.java:552)
at org.openqa.selenium.remote.RemoteWebDriver.execute(RemoteWebDriver.java:609)
at org.openqa.selenium.remote.RemoteWebDriver.close(RemoteWebDriver.java:442)
at com.tetherfi.test.BaseTest.openApplication(BaseTest.java:37)
at java.base/jdk.internal.reflect.NativeMethodAccessorImpl.invoke0(Native Method)
at java.base/jdk.internal.reflect.NativeMethodAccessorImpl.invoke(Unknown Source)
at java.base/jdk.internal.reflect.DelegatingMethodAccessorImpl.invoke(Unknown Source)
at java.base/java.lang.reflect.Method.invoke(Unknown Source)
at org.testng.internal.MethodInvocationHelper.invokeMethod(MethodInvocationHelper.java:133)
at org.testng.internal.MethodInvocationHelper.invokeMethodConsideringTimeout(MethodInvocationHelper.java:62)
at org.testng.internal.ConfigInvoker.invokeConfigurationMethod(ConfigInvoker.java:340)
at org.testng.internal.ConfigInvoker.invokeConfigurations(ConfigInvoker.java:294)
at org.testng.internal.TestMethodWorker.invokeBeforeClassMethods(TestMethodWorker.java:176)
at org.testng.internal.TestMethodWorker.run(TestMethodWorker.java:122)
at java.base/java.util.ArrayList.forEach(Unknown Source)
at org.testng.TestRunner.privateRun(TestRunner.java:770)
at org.testng.TestRunner.run(TestRunner.java:591)
at org.testng.SuiteRunner.runTest(SuiteRunner.java:402)
at org.testng.SuiteRunner.runSequentially(SuiteRunner.java:396)
at org.testng.SuiteRunner.privateRun(SuiteRunner.java:355)
at org.testng.SuiteRunner.run(SuiteRunner.java:304)
at org.testng.SuiteRunnerWorker.runSuite(SuiteRunnerWorker.java:53)
at org.testng.SuiteRunnerWorker.run(SuiteRunnerWorker.java:96)
at org.testng.TestNG.runSuitesSequentially(TestNG.java:1180)
at org.testng.TestNG.runSuitesLocally(TestNG.java:1102)
at org.testng.TestNG.runSuites(TestNG.java:1032)
at org.testng.TestNG.run(TestNG.java:1000)
at org.testng.remote.AbstractRemoteTestNG.run(AbstractRemoteTestNG.java:115)
at org.testng.remote.RemoteTestNG.initAndRun(RemoteTestNG.java:251)
at org.testng.remote.RemoteTestNG.main(RemoteTestNG.java:77)
]]>
    </failure>
  </testcase> <!-- @BeforeClass openApplication -->
  <testcase classname="com.tetherfi.test.BaseTest" name="@BeforeMethod startTestCase" time="-1.56843845513E9">
    <skipped/>
  </testcase> <!-- @BeforeMethod startTestCase -->
  <testcase classname="com.tetherfi.test.tmac.WaitTimeColorConfigTest" name="@BeforeMethod NavigateToWaitTimeColorConfigPage" time="-1.568438455136E9">
    <skipped/>
  </testcase> <!-- @BeforeMethod NavigateToWaitTimeColorConfigPage -->
  <testcase classname="com.tetherfi.test.tmac.WaitTimeColorConfigTest" name="@AfterMethod afterEachMethod" time="-1.568438455152E9">
    <skipped/>
  </testcase> <!-- @AfterMethod afterEachMethod -->
  <testcase classname="com.tetherfi.test.BaseTest" name="@AfterMethod endTestCase" time="-1.568438455155E9">
    <skipped/>
  </testcase> <!-- @AfterMethod endTestCase -->
  <testcase classname="com.tetherfi.test.BaseTest" name="@BeforeMethod startTestCase" time="-1.568438455167E9">
    <skipped/>
  </testcase> <!-- @BeforeMethod startTestCase -->
  <testcase classname="com.tetherfi.test.tmac.WaitTimeColorConfigTest" name="@BeforeMethod NavigateToWaitTimeColorConfigPage" time="-1.568438455169E9">
    <skipped/>
  </testcase> <!-- @BeforeMethod NavigateToWaitTimeColorConfigPage -->
  <testcase classname="com.tetherfi.test.tmac.WaitTimeColorConfigTest" name="@AfterMethod afterEachMethod" time="-1.568438455178E9">
    <skipped/>
  </testcase> <!-- @AfterMethod afterEachMethod -->
  <testcase classname="com.tetherfi.test.BaseTest" name="@AfterMethod endTestCase" time="-1.56843845518E9">
    <skipped/>
  </testcase> <!-- @AfterMethod endTestCase -->
  <testcase classname="com.tetherfi.test.BaseTest" name="@BeforeMethod startTestCase" time="-1.568438455184E9">
    <skipped/>
  </testcase> <!-- @BeforeMethod startTestCase -->
  <testcase classname="com.tetherfi.test.tmac.WaitTimeColorConfigTest" name="@BeforeMethod NavigateToWaitTimeColorConfigPage" time="-1.568438455186E9">
    <skipped/>
  </testcase> <!-- @BeforeMethod NavigateToWaitTimeColorConfigPage -->
  <testcase classname="com.tetherfi.test.tmac.WaitTimeColorConfigTest" name="@AfterMethod afterEachMethod" time="-1.568438455202E9">
    <skipped/>
  </testcase> <!-- @AfterMethod afterEachMethod -->
  <testcase classname="com.tetherfi.test.BaseTest" name="@AfterMethod endTestCase" time="-1.568438455204E9">
    <skipped/>
  </testcase> <!-- @AfterMethod endTestCase -->
  <testcase classname="com.tetherfi.test.BaseTest" name="@BeforeMethod startTestCase" time="-1.568438455211E9">
    <skipped/>
  </testcase> <!-- @BeforeMethod startTestCase -->
  <testcase classname="com.tetherfi.test.tmac.WaitTimeColorConfigTest" name="@BeforeMethod NavigateToWaitTimeColorConfigPage" time="-1.568438455215E9">
    <skipped/>
  </testcase> <!-- @BeforeMethod NavigateToWaitTimeColorConfigPage -->
  <testcase classname="com.tetherfi.test.tmac.WaitTimeColorConfigTest" name="@AfterMethod afterEachMethod" time="-1.568438455231E9">
    <skipped/>
  </testcase> <!-- @AfterMethod afterEachMethod -->
  <testcase classname="com.tetherfi.test.BaseTest" name="@AfterMethod endTestCase" time="-1.568438455234E9">
    <skipped/>
  </testcase> <!-- @AfterMethod endTestCase -->
  <testcase classname="com.tetherfi.test.BaseTest" name="@BeforeMethod startTestCase" time="-1.568438455243E9">
    <skipped/>
  </testcase> <!-- @BeforeMethod startTestCase -->
  <testcase classname="com.tetherfi.test.tmac.WaitTimeColorConfigTest" name="@BeforeMethod NavigateToWaitTimeColorConfigPage" time="-1.568438455252E9">
    <skipped/>
  </testcase> <!-- @BeforeMethod NavigateToWaitTimeColorConfigPage -->
  <testcase classname="com.tetherfi.test.tmac.WaitTimeColorConfigTest" name="@AfterMethod afterEachMethod" time="-1.568438455279E9">
    <skipped/>
  </testcase> <!-- @AfterMethod afterEachMethod -->
  <testcase classname="com.tetherfi.test.BaseTest" name="@AfterMethod endTestCase" time="-1.568438455283E9">
    <skipped/>
  </testcase> <!-- @AfterMethod endTestCase -->
  <testcase classname="com.tetherfi.test.BaseTest" name="@BeforeMethod startTestCase" time="-1.568438455289E9">
    <skipped/>
  </testcase> <!-- @BeforeMethod startTestCase -->
  <testcase classname="com.tetherfi.test.tmac.WaitTimeColorConfigTest" name="@BeforeMethod NavigateToWaitTimeColorConfigPage" time="-1.568438455295E9">
    <skipped/>
  </testcase> <!-- @BeforeMethod NavigateToWaitTimeColorConfigPage -->
  <testcase classname="com.tetherfi.test.tmac.WaitTimeColorConfigTest" name="@AfterMethod afterEachMethod" time="-1.568438455315E9">
    <skipped/>
  </testcase> <!-- @AfterMethod afterEachMethod -->
  <testcase classname="com.tetherfi.test.BaseTest" name="@AfterMethod endTestCase" time="-1.568438455323E9">
    <skipped/>
  </testcase> <!-- @AfterMethod endTestCase -->
  <testcase classname="com.tetherfi.test.BaseTest" name="@BeforeMethod startTestCase" time="-1.568438455327E9">
    <skipped/>
  </testcase> <!-- @BeforeMethod startTestCase -->
  <testcase classname="com.tetherfi.test.tmac.WaitTimeColorConfigTest" name="@BeforeMethod NavigateToWaitTimeColorConfigPage" time="-1.568438455328E9">
    <skipped/>
  </testcase> <!-- @BeforeMethod NavigateToWaitTimeColorConfigPage -->
  <testcase classname="com.tetherfi.test.tmac.WaitTimeColorConfigTest" name="@AfterMethod afterEachMethod" time="-1.568438455343E9">
    <skipped/>
  </testcase> <!-- @AfterMethod afterEachMethod -->
  <testcase classname="com.tetherfi.test.BaseTest" name="@AfterMethod endTestCase" time="-1.568438455345E9">
    <skipped/>
  </testcase> <!-- @AfterMethod endTestCase -->
  <testcase classname="com.tetherfi.test.BaseTest" name="@BeforeMethod startTestCase" time="-1.56843845535E9">
    <skipped/>
  </testcase> <!-- @BeforeMethod startTestCase -->
  <testcase classname="com.tetherfi.test.tmac.WaitTimeColorConfigTest" name="@BeforeMethod NavigateToWaitTimeColorConfigPage" time="-1.568438455351E9">
    <skipped/>
  </testcase> <!-- @BeforeMethod NavigateToWaitTimeColorConfigPage -->
  <testcase classname="com.tetherfi.test.tmac.WaitTimeColorConfigTest" name="@AfterMethod afterEachMethod" time="-1.568438455366E9">
    <skipped/>
  </testcase> <!-- @AfterMethod afterEachMethod -->
  <testcase classname="com.tetherfi.test.BaseTest" name="@AfterMethod endTestCase" time="-1.568438455367E9">
    <skipped/>
  </testcase> <!-- @AfterMethod endTestCase -->
  <testcase classname="com.tetherfi.test.BaseTest" name="@BeforeMethod startTestCase" time="-1.56843845537E9">
    <skipped/>
  </testcase> <!-- @BeforeMethod startTestCase -->
  <testcase classname="com.tetherfi.test.tmac.WaitTimeColorConfigTest" name="@BeforeMethod NavigateToWaitTimeColorConfigPage" time="-1.568438455373E9">
    <skipped/>
  </testcase> <!-- @BeforeMethod NavigateToWaitTimeColorConfigPage -->
  <testcase classname="com.tetherfi.test.tmac.WaitTimeColorConfigTest" name="@AfterMethod afterEachMethod" time="-1.568438455388E9">
    <skipped/>
  </testcase> <!-- @AfterMethod afterEachMethod -->
  <testcase classname="com.tetherfi.test.BaseTest" name="@AfterMethod endTestCase" time="-1.568438455389E9">
    <skipped/>
  </testcase> <!-- @AfterMethod endTestCase -->
  <testcase classname="com.tetherfi.test.BaseTest" name="@BeforeMethod startTestCase" time="-1.568438455391E9">
    <skipped/>
  </testcase> <!-- @BeforeMethod startTestCase -->
  <testcase classname="com.tetherfi.test.tmac.WaitTimeColorConfigTest" name="@BeforeMethod NavigateToWaitTimeColorConfigPage" time="-1.568438455392E9">
    <skipped/>
  </testcase> <!-- @BeforeMethod NavigateToWaitTimeColorConfigPage -->
  <testcase classname="com.tetherfi.test.tmac.WaitTimeColorConfigTest" name="@AfterMethod afterEachMethod" time="-1.568438455398E9">
    <skipped/>
  </testcase> <!-- @AfterMethod afterEachMethod -->
  <testcase classname="com.tetherfi.test.BaseTest" name="@AfterMethod endTestCase" time="-1.5684384554E9">
    <skipped/>
  </testcase> <!-- @AfterMethod endTestCase -->
  <testcase classname="com.tetherfi.test.BaseTest" name="@BeforeMethod startTestCase" time="-1.568438455411E9">
    <skipped/>
  </testcase> <!-- @BeforeMethod startTestCase -->
  <testcase classname="com.tetherfi.test.tmac.WaitTimeColorConfigTest" name="@BeforeMethod NavigateToWaitTimeColorConfigPage" time="-1.568438455414E9">
    <skipped/>
  </testcase> <!-- @BeforeMethod NavigateToWaitTimeColorConfigPage -->
  <testcase classname="com.tetherfi.test.tmac.WaitTimeColorConfigTest" name="@AfterMethod afterEachMethod" time="-1.568438455421E9">
    <skipped/>
  </testcase> <!-- @AfterMethod afterEachMethod -->
  <testcase classname="com.tetherfi.test.BaseTest" name="@AfterMethod endTestCase" time="-1.568438455422E9">
    <skipped/>
  </testcase> <!-- @AfterMethod endTestCase -->
  <testcase classname="com.tetherfi.test.BaseTest" name="@BeforeMethod startTestCase" time="-1.568438455424E9">
    <skipped/>
  </testcase> <!-- @BeforeMethod startTestCase -->
  <testcase classname="com.tetherfi.test.tmac.WaitTimeColorConfigTest" name="@BeforeMethod NavigateToWaitTimeColorConfigPage" time="-1.568438455425E9">
    <skipped/>
  </testcase> <!-- @BeforeMethod NavigateToWaitTimeColorConfigPage -->
  <testcase classname="com.tetherfi.test.tmac.WaitTimeColorConfigTest" name="@AfterMethod afterEachMethod" time="-1.56843845543E9">
    <skipped/>
  </testcase> <!-- @AfterMethod afterEachMethod -->
  <testcase classname="com.tetherfi.test.BaseTest" name="@AfterMethod endTestCase" time="-1.568438455432E9">
    <skipped/>
  </testcase> <!-- @AfterMethod endTestCase -->
  <testcase classname="com.tetherfi.test.BaseTest" name="@BeforeMethod startTestCase" time="-1.568438455437E9">
    <skipped/>
  </testcase> <!-- @BeforeMethod startTestCase -->
  <testcase classname="com.tetherfi.test.tmac.WaitTimeColorConfigTest" name="@BeforeMethod NavigateToWaitTimeColorConfigPage" time="-1.568438455478E9">
    <skipped/>
  </testcase> <!-- @BeforeMethod NavigateToWaitTimeColorConfigPage -->
  <testcase classname="com.tetherfi.test.tmac.WaitTimeColorConfigTest" name="@AfterMethod afterEachMethod" time="-1.568438455485E9">
    <skipped/>
  </testcase> <!-- @AfterMethod afterEachMethod -->
  <testcase classname="com.tetherfi.test.BaseTest" name="@AfterMethod endTestCase" time="-1.568438455486E9">
    <skipped/>
  </testcase> <!-- @AfterMethod endTestCase -->
  <testcase classname="com.tetherfi.test.BaseTest" name="@BeforeMethod startTestCase" time="-1.568438455491E9">
    <skipped/>
  </testcase> <!-- @BeforeMethod startTestCase -->
  <testcase classname="com.tetherfi.test.tmac.WaitTimeColorConfigTest" name="@BeforeMethod NavigateToWaitTimeColorConfigPage" time="-1.568438455494E9">
    <skipped/>
  </testcase> <!-- @BeforeMethod NavigateToWaitTimeColorConfigPage -->
  <testcase classname="com.tetherfi.test.tmac.WaitTimeColorConfigTest" name="@AfterMethod afterEachMethod" time="-1.56843845551E9">
    <skipped/>
  </testcase> <!-- @AfterMethod afterEachMethod -->
  <testcase classname="com.tetherfi.test.BaseTest" name="@AfterMethod endTestCase" time="-1.568438455514E9">
    <skipped/>
  </testcase> <!-- @AfterMethod endTestCase -->
  <testcase classname="com.tetherfi.test.BaseTest" name="@BeforeMethod startTestCase" time="-1.568438455522E9">
    <skipped/>
  </testcase> <!-- @BeforeMethod startTestCase -->
  <testcase classname="com.tetherfi.test.tmac.WaitTimeColorConfigTest" name="@BeforeMethod NavigateToWaitTimeColorConfigPage" time="-1.568438455524E9">
    <skipped/>
  </testcase> <!-- @BeforeMethod NavigateToWaitTimeColorConfigPage -->
  <testcase classname="com.tetherfi.test.tmac.WaitTimeColorConfigTest" name="@AfterMethod afterEachMethod" time="-1.56843845553E9">
    <skipped/>
  </testcase> <!-- @AfterMethod afterEachMethod -->
  <testcase classname="com.tetherfi.test.BaseTest" name="@AfterMethod endTestCase" time="-1.568438455533E9">
    <skipped/>
  </testcase> <!-- @AfterMethod endTestCase -->
  <testcase classname="com.tetherfi.test.BaseTest" name="@BeforeMethod startTestCase" time="-1.568438455538E9">
    <skipped/>
  </testcase> <!-- @BeforeMethod startTestCase -->
  <testcase classname="com.tetherfi.test.tmac.WaitTimeColorConfigTest" name="@BeforeMethod NavigateToWaitTimeColorConfigPage" time="-1.568438455564E9">
    <skipped/>
  </testcase> <!-- @BeforeMethod NavigateToWaitTimeColorConfigPage -->
  <testcase classname="com.tetherfi.test.tmac.WaitTimeColorConfigTest" name="@AfterMethod afterEachMethod" time="-1.568438455584E9">
    <skipped/>
  </testcase> <!-- @AfterMethod afterEachMethod -->
  <testcase classname="com.tetherfi.test.BaseTest" name="@AfterMethod endTestCase" time="-1.568438455589E9">
    <skipped/>
  </testcase> <!-- @AfterMethod endTestCase -->
  <testcase classname="com.tetherfi.test.BaseTest" name="@BeforeMethod startTestCase" time="-1.568438455593E9">
    <skipped/>
  </testcase> <!-- @BeforeMethod startTestCase -->
  <testcase classname="com.tetherfi.test.tmac.WaitTimeColorConfigTest" name="@BeforeMethod NavigateToWaitTimeColorConfigPage" time="-1.568438455596E9">
    <skipped/>
  </testcase> <!-- @BeforeMethod NavigateToWaitTimeColorConfigPage -->
  <testcase classname="com.tetherfi.test.tmac.WaitTimeColorConfigTest" name="@AfterMethod afterEachMethod" time="-1.568438455604E9">
    <skipped/>
  </testcase> <!-- @AfterMethod afterEachMethod -->
  <testcase classname="com.tetherfi.test.BaseTest" name="@AfterMethod endTestCase" time="-1.568438455608E9">
    <skipped/>
  </testcase> <!-- @AfterMethod endTestCase -->
  <testcase classname="com.tetherfi.test.BaseTest" name="@BeforeMethod startTestCase" time="-1.568438455617E9">
    <skipped/>
  </testcase> <!-- @BeforeMethod startTestCase -->
  <testcase classname="com.tetherfi.test.tmac.WaitTimeColorConfigTest" name="@BeforeMethod NavigateToWaitTimeColorConfigPage" time="-1.568438455618E9">
    <skipped/>
  </testcase> <!-- @BeforeMethod NavigateToWaitTimeColorConfigPage -->
  <testcase classname="com.tetherfi.test.tmac.WaitTimeColorConfigTest" name="@AfterMethod afterEachMethod" time="-1.568438455622E9">
    <skipped/>
  </testcase> <!-- @AfterMethod afterEachMethod -->
  <testcase classname="com.tetherfi.test.BaseTest" name="@AfterMethod endTestCase" time="-1.568438455625E9">
    <skipped/>
  </testcase> <!-- @AfterMethod endTestCase -->
  <testcase classname="com.tetherfi.test.BaseTest" name="@BeforeMethod startTestCase" time="-1.56843845563E9">
    <skipped/>
  </testcase> <!-- @BeforeMethod startTestCase -->
  <testcase classname="com.tetherfi.test.tmac.WaitTimeColorConfigTest" name="@BeforeMethod NavigateToWaitTimeColorConfigPage" time="-1.568438455631E9">
    <skipped/>
  </testcase> <!-- @BeforeMethod NavigateToWaitTimeColorConfigPage -->
  <testcase classname="com.tetherfi.test.tmac.WaitTimeColorConfigTest" name="@AfterMethod afterEachMethod" time="-1.568438455645E9">
    <skipped/>
  </testcase> <!-- @AfterMethod afterEachMethod -->
  <testcase classname="com.tetherfi.test.BaseTest" name="@AfterMethod endTestCase" time="-1.56843845565E9">
    <skipped/>
  </testcase> <!-- @AfterMethod endTestCase -->
  <testcase classname="com.tetherfi.test.BaseTest" name="@BeforeMethod startTestCase" time="-1.568438455656E9">
    <skipped/>
  </testcase> <!-- @BeforeMethod startTestCase -->
  <testcase classname="com.tetherfi.test.tmac.WaitTimeColorConfigTest" name="@BeforeMethod NavigateToWaitTimeColorConfigPage" time="-1.568438455681E9">
    <skipped/>
  </testcase> <!-- @BeforeMethod NavigateToWaitTimeColorConfigPage -->
  <testcase classname="com.tetherfi.test.tmac.WaitTimeColorConfigTest" name="@AfterMethod afterEachMethod" time="-1.568438455708E9">
    <skipped/>
  </testcase> <!-- @AfterMethod afterEachMethod -->
  <testcase classname="com.tetherfi.test.BaseTest" name="@AfterMethod endTestCase" time="-1.568438455709E9">
    <skipped/>
  </testcase> <!-- @AfterMethod endTestCase -->
  <testcase classname="com.tetherfi.test.BaseTest" name="@BeforeMethod startTestCase" time="-1.568438455713E9">
    <skipped/>
  </testcase> <!-- @BeforeMethod startTestCase -->
  <testcase classname="com.tetherfi.test.tmac.WaitTimeColorConfigTest" name="@BeforeMethod NavigateToWaitTimeColorConfigPage" time="-1.568438455715E9">
    <skipped/>
  </testcase> <!-- @BeforeMethod NavigateToWaitTimeColorConfigPage -->
  <testcase classname="com.tetherfi.test.tmac.WaitTimeColorConfigTest" name="@AfterMethod afterEachMethod" time="-1.568438455728E9">
    <skipped/>
  </testcase> <!-- @AfterMethod afterEachMethod -->
  <testcase classname="com.tetherfi.test.BaseTest" name="@AfterMethod endTestCase" time="-1.56843845573E9">
    <skipped/>
  </testcase> <!-- @AfterMethod endTestCase -->
  <testcase classname="com.tetherfi.test.BaseTest" name="@BeforeMethod startTestCase" time="-1.568438455734E9">
    <skipped/>
  </testcase> <!-- @BeforeMethod startTestCase -->
  <testcase classname="com.tetherfi.test.tmac.WaitTimeColorConfigTest" name="@BeforeMethod NavigateToWaitTimeColorConfigPage" time="-1.568438455737E9">
    <skipped/>
  </testcase> <!-- @BeforeMethod NavigateToWaitTimeColorConfigPage -->
  <testcase classname="com.tetherfi.test.tmac.WaitTimeColorConfigTest" name="@AfterMethod afterEachMethod" time="-1.568438455775E9">
    <skipped/>
  </testcase> <!-- @AfterMethod afterEachMethod -->
  <testcase classname="com.tetherfi.test.BaseTest" name="@AfterMethod endTestCase" time="-1.56843845578E9">
    <skipped/>
  </testcase> <!-- @AfterMethod endTestCase -->
  <testcase classname="com.tetherfi.test.BaseTest" name="@BeforeMethod startTestCase" time="-1.568438455784E9">
    <skipped/>
  </testcase> <!-- @BeforeMethod startTestCase -->
  <testcase classname="com.tetherfi.test.tmac.WaitTimeColorConfigTest" name="@BeforeMethod NavigateToWaitTimeColorConfigPage" time="-1.568438455787E9">
    <skipped/>
  </testcase> <!-- @BeforeMethod NavigateToWaitTimeColorConfigPage -->
  <testcase classname="com.tetherfi.test.tmac.WaitTimeColorConfigTest" name="@AfterMethod afterEachMethod" time="-1.568438455797E9">
    <skipped/>
  </testcase> <!-- @AfterMethod afterEachMethod -->
  <testcase classname="com.tetherfi.test.BaseTest" name="@AfterMethod endTestCase" time="-1.568438455806E9">
    <skipped/>
  </testcase> <!-- @AfterMethod endTestCase -->
  <testcase classname="com.tetherfi.test.BaseTest" name="@BeforeMethod startTestCase" time="-1.568438455809E9">
    <skipped/>
  </testcase> <!-- @BeforeMethod startTestCase -->
  <testcase classname="com.tetherfi.test.tmac.WaitTimeColorConfigTest" name="@BeforeMethod NavigateToWaitTimeColorConfigPage" time="-1.56843845581E9">
    <skipped/>
  </testcase> <!-- @BeforeMethod NavigateToWaitTimeColorConfigPage -->
  <testcase classname="com.tetherfi.test.tmac.WaitTimeColorConfigTest" name="@AfterMethod afterEachMethod" time="-1.568438455818E9">
    <skipped/>
  </testcase> <!-- @AfterMethod afterEachMethod -->
  <testcase classname="com.tetherfi.test.BaseTest" name="@AfterMethod endTestCase" time="-1.56843845582E9">
    <skipped/>
  </testcase> <!-- @AfterMethod endTestCase -->
  <testcase classname="com.tetherfi.test.BaseTest" name="@BeforeMethod startTestCase" time="-1.568438455822E9">
    <skipped/>
  </testcase> <!-- @BeforeMethod startTestCase -->
  <testcase classname="com.tetherfi.test.tmac.WaitTimeColorConfigTest" name="@BeforeMethod NavigateToWaitTimeColorConfigPage" time="-1.568438455825E9">
    <skipped/>
  </testcase> <!-- @BeforeMethod NavigateToWaitTimeColorConfigPage -->
  <testcase classname="com.tetherfi.test.tmac.WaitTimeColorConfigTest" name="@AfterMethod afterEachMethod" time="-1.568438455836E9">
    <skipped/>
  </testcase> <!-- @AfterMethod afterEachMethod -->
  <testcase classname="com.tetherfi.test.BaseTest" name="@AfterMethod endTestCase" time="-1.56843845584E9">
    <skipped/>
  </testcase> <!-- @AfterMethod endTestCase -->
  <testcase classname="com.tetherfi.test.BaseTest" name="@BeforeMethod startTestCase" time="-1.568438455843E9">
    <skipped/>
  </testcase> <!-- @BeforeMethod startTestCase -->
  <testcase classname="com.tetherfi.test.tmac.WaitTimeColorConfigTest" name="@BeforeMethod NavigateToWaitTimeColorConfigPage" time="-1.568438455844E9">
    <skipped/>
  </testcase> <!-- @BeforeMethod NavigateToWaitTimeColorConfigPage -->
  <testcase classname="com.tetherfi.test.tmac.WaitTimeColorConfigTest" name="@AfterMethod afterEachMethod" time="-1.568438455853E9">
    <skipped/>
  </testcase> <!-- @AfterMethod afterEachMethod -->
  <testcase classname="com.tetherfi.test.BaseTest" name="@AfterMethod endTestCase" time="-1.568438455855E9">
    <skipped/>
  </testcase> <!-- @AfterMethod endTestCase -->
  <testcase classname="com.tetherfi.test.BaseTest" name="@BeforeMethod startTestCase" time="-1.568438455859E9">
    <skipped/>
  </testcase> <!-- @BeforeMethod startTestCase -->
  <testcase classname="com.tetherfi.test.tmac.WaitTimeColorConfigTest" name="@BeforeMethod NavigateToWaitTimeColorConfigPage" time="-1.56843845586E9">
    <skipped/>
  </testcase> <!-- @BeforeMethod NavigateToWaitTimeColorConfigPage -->
  <testcase classname="com.tetherfi.test.tmac.WaitTimeColorConfigTest" name="@AfterMethod afterEachMethod" time="-1.568438455865E9">
    <skipped/>
  </testcase> <!-- @AfterMethod afterEachMethod -->
  <testcase classname="com.tetherfi.test.BaseTest" name="@AfterMethod endTestCase" time="-1.568438455866E9">
    <skipped/>
  </testcase> <!-- @AfterMethod endTestCase -->
  <testcase classname="com.tetherfi.test.BaseTest" name="@BeforeMethod startTestCase" time="-1.568438455874E9">
    <skipped/>
  </testcase> <!-- @BeforeMethod startTestCase -->
  <testcase classname="com.tetherfi.test.tmac.WaitTimeColorConfigTest" name="@BeforeMethod NavigateToWaitTimeColorConfigPage" time="-1.568438455883E9">
    <skipped/>
  </testcase> <!-- @BeforeMethod NavigateToWaitTimeColorConfigPage -->
  <testcase classname="com.tetherfi.test.tmac.WaitTimeColorConfigTest" name="@AfterMethod afterEachMethod" time="-1.568438455898E9">
    <skipped/>
  </testcase> <!-- @AfterMethod afterEachMethod -->
  <testcase classname="com.tetherfi.test.BaseTest" name="@AfterMethod endTestCase" time="-1.568438455901E9">
    <skipped/>
  </testcase> <!-- @AfterMethod endTestCase -->
  <testcase classname="com.tetherfi.test.BaseTest" name="@BeforeMethod startTestCase" time="-1.568438455907E9">
    <skipped/>
  </testcase> <!-- @BeforeMethod startTestCase -->
  <testcase classname="com.tetherfi.test.tmac.WaitTimeColorConfigTest" name="@BeforeMethod NavigateToWaitTimeColorConfigPage" time="-1.568438455911E9">
    <skipped/>
  </testcase> <!-- @BeforeMethod NavigateToWaitTimeColorConfigPage -->
  <testcase classname="com.tetherfi.test.tmac.WaitTimeColorConfigTest" name="@AfterMethod afterEachMethod" time="-1.56843845592E9">
    <skipped/>
  </testcase> <!-- @AfterMethod afterEachMethod -->
  <testcase classname="com.tetherfi.test.BaseTest" name="@AfterMethod endTestCase" time="-1.568438455921E9">
    <skipped/>
  </testcase> <!-- @AfterMethod endTestCase -->
  <testcase classname="com.tetherfi.test.BaseTest" name="@AfterClass tearDown" time="-1.568438455926E9">
    <skipped/>
  </testcase> <!-- @AfterClass tearDown -->
  <testcase classname="com.tetherfi.test.tmac.WaitTimeColorConfigTest" name="WaitTimeColorConfigPage" time="0.0">
    <skipped/>
  </testcase> <!-- WaitTimeColorConfigPage -->
  <testcase classname="com.tetherfi.test.tmac.WaitTimeColorConfigTest" name="AddNewWaitTimeColorConfigCancelRecord" time="0.0">
    <skipped/>
  </testcase> <!-- AddNewWaitTimeColorConfigCancelRecord -->
  <testcase classname="com.tetherfi.test.tmac.WaitTimeColorConfigTest" name="AddNewWaitTimeColorConfigRecord" time="0.0">
    <skipped/>
  </testcase> <!-- AddNewWaitTimeColorConfigRecord -->
  <testcase classname="com.tetherfi.test.tmac.WaitTimeColorConfigTest" name="VerifyAuditTrialReportForCreate" time="0.0">
    <skipped/>
  </testcase> <!-- VerifyAuditTrialReportForCreate -->
  <testcase classname="com.tetherfi.test.tmac.WaitTimeColorConfigTest" name="AddRecordWithoutStartTime" time="0.0">
    <skipped/>
  </testcase> <!-- AddRecordWithoutStartTime -->
  <testcase classname="com.tetherfi.test.tmac.WaitTimeColorConfigTest" name="AddRecordWithoutEndTime" time="0.0">
    <skipped/>
  </testcase> <!-- AddRecordWithoutEndTime -->
  <testcase classname="com.tetherfi.test.tmac.WaitTimeColorConfigTest" name="AddRecordWithoutDuplicate" time="0.0">
    <skipped/>
  </testcase> <!-- AddRecordWithoutDuplicate -->
  <testcase classname="com.tetherfi.test.tmac.WaitTimeColorConfigTest" name="EditWaitTimeColorConfigCancelRecord" time="0.0">
    <skipped/>
  </testcase> <!-- EditWaitTimeColorConfigCancelRecord -->
  <testcase classname="com.tetherfi.test.tmac.WaitTimeColorConfigTest" name="EditWaitTimeColorConfigRecord" time="0.0">
    <skipped/>
  </testcase> <!-- EditWaitTimeColorConfigRecord -->
  <testcase classname="com.tetherfi.test.tmac.WaitTimeColorConfigTest" name="VerifyAuditTrialReportForUpdate" time="0.0">
    <skipped/>
  </testcase> <!-- VerifyAuditTrialReportForUpdate -->
  <testcase classname="com.tetherfi.test.tmac.WaitTimeColorConfigTest" name="searchPage" time="0.0">
    <skipped/>
  </testcase> <!-- searchPage -->
  <testcase classname="com.tetherfi.test.tmac.WaitTimeColorConfigTest" name="SearchClearSearch" time="0.0">
    <skipped/>
  </testcase> <!-- SearchClearSearch -->
  <testcase classname="com.tetherfi.test.tmac.WaitTimeColorConfigTest" name="ExportToExcel" time="0.0">
    <skipped/>
  </testcase> <!-- ExportToExcel -->
  <testcase classname="com.tetherfi.test.tmac.WaitTimeColorConfigTest" name="ExportToExcelData" time="0.0">
    <skipped/>
  </testcase> <!-- ExportToExcelData -->
  <testcase classname="com.tetherfi.test.tmac.WaitTimeColorConfigTest" name="DeleteCancelRecord" time="0.0">
    <skipped/>
  </testcase> <!-- DeleteCancelRecord -->
  <testcase classname="com.tetherfi.test.tmac.WaitTimeColorConfigTest" name="DeleteRecord" time="0.0">
    <skipped/>
  </testcase> <!-- DeleteRecord -->
  <testcase classname="com.tetherfi.test.tmac.WaitTimeColorConfigTest" name="VerifyAuditTrialReportForDelete" time="0.0">
    <skipped/>
  </testcase> <!-- VerifyAuditTrialReportForDelete -->
  <testcase classname="com.tetherfi.test.tmac.WaitTimeColorConfigTest" name="database" time="0.0">
    <skipped/>
  </testcase> <!-- database -->
  <testcase classname="com.tetherfi.test.tmac.WaitTimeColorConfigTest" name="GroupBy" time="0.0">
    <skipped/>
  </testcase> <!-- GroupBy -->
  <testcase classname="com.tetherfi.test.tmac.WaitTimeColorConfigTest" name="VerifyArrowMoveForPreviousAndNextPage" time="0.0">
    <skipped/>
  </testcase> <!-- VerifyArrowMoveForPreviousAndNextPage -->
  <testcase classname="com.tetherfi.test.tmac.WaitTimeColorConfigTest" name="VerifyArrowMoveForFirstAndLastPage" time="0.0">
    <skipped/>
  </testcase> <!-- VerifyArrowMoveForFirstAndLastPage -->
  <testcase classname="com.tetherfi.test.tmac.WaitTimeColorConfigTest" name="VerifyTotalNumberOfItemsPerPageDetails" time="0.001">
    <skipped/>
  </testcase> <!-- VerifyTotalNumberOfItemsPerPageDetails -->
  <testcase classname="com.tetherfi.test.tmac.WaitTimeColorConfigTest" name="VerifyNumberOfItemsPerPageSelection" time="0.0">
    <skipped/>
  </testcase> <!-- VerifyNumberOfItemsPerPageSelection -->
  <testcase classname="com.tetherfi.test.tmac.WaitTimeColorConfigTest" name="VerifyDropdownForAllTheColumns" time="0.0">
    <skipped/>
  </testcase> <!-- VerifyDropdownForAllTheColumns -->
  <testcase classname="com.tetherfi.test.tmac.WaitTimeColorConfigTest" name="VerifyColumnsHeaderEnable" time="0.0">
    <skipped/>
  </testcase> <!-- VerifyColumnsHeaderEnable -->
  <testcase classname="com.tetherfi.test.tmac.WaitTimeColorConfigTest" name="VerifyColumnsHeaderDisable" time="0.0">
    <skipped/>
  </testcase> <!-- VerifyColumnsHeaderDisable -->
  <testcase classname="com.tetherfi.test.tmac.WaitTimeColorConfigTest" name="SortingByAscending" time="0.0">
    <skipped/>
  </testcase> <!-- SortingByAscending -->
  <testcase classname="com.tetherfi.test.tmac.WaitTimeColorConfigTest" name="SortingByDescending" time="0.0">
    <skipped/>
  </testcase> <!-- SortingByDescending -->
  <testcase classname="com.tetherfi.test.tmac.WaitTimeColorConfigTest" name="ExporttoExcelWithoutData" time="0.0">
    <skipped/>
  </testcase> <!-- ExporttoExcelWithoutData -->
</testsuite> <!-- Default test -->
