<?xml version="1.0" encoding="UTF-8"?>
<!-- Generated by org.testng.reporters.JUnitXMLReporter -->
<testsuite hostname="DESKTOP-SNCCD49" ignored="0" name="Default test" tests="34" failures="2" timestamp="2019-09-05T15:18:27 IST" time="612.85" errors="0">
  <testcase name="CallbackAnnouncementPage" time="0.915" classname="com.tetherfi.test.ivr.CallBackAnnouncementTest"/>
  <testcase name="VerifyDropdownForAllTheColumns" time="9.413" classname="com.tetherfi.test.ivr.CallBackAnnouncementTest"/>
  <testcase name="VerifyColumnsHeaderEnable" time="5.556" classname="com.tetherfi.test.ivr.CallBackAnnouncementTest"/>
  <testcase name="VerifyColumnsHeaderDisable" time="5.981" classname="com.tetherfi.test.ivr.CallBackAnnouncementTest"/>
  <testcase name="AddNewCallbackAnnouncementCancelRecord" time="10.55" classname="com.tetherfi.test.ivr.CallBackAnnouncementTest"/>
  <testcase name="AddNewCallbackAnnouncementRecord" time="10.788" classname="com.tetherfi.test.ivr.CallBackAnnouncementTest"/>
  <testcase name="VerifyAuditTrialReportForCreate" time="24.455" classname="com.tetherfi.test.ivr.CallBackAnnouncementTest"/>
  <testcase name="AddDuplicateCallBackAnnouncementRecord" time="10.546" classname="com.tetherfi.test.ivr.CallBackAnnouncementTest"/>
  <testcase name="AddNewCallbackAnnouncementWithoutWavFile" time="6.098" classname="com.tetherfi.test.ivr.CallBackAnnouncementTest"/>
  <testcase name="AddNewCallbackAnnouncementWithoutStartTime" time="10.075" classname="com.tetherfi.test.ivr.CallBackAnnouncementTest"/>
  <testcase name="AddNewCallbackAnnouncementWithoutEndTime" time="10.329" classname="com.tetherfi.test.ivr.CallBackAnnouncementTest"/>
  <testcase name="AddNewCallbackAnnouncementWithoutLanguage" time="10.172" classname="com.tetherfi.test.ivr.CallBackAnnouncementTest"/>
  <testcase name="EditCallBackAnnouncementRecord" time="8.845" classname="com.tetherfi.test.ivr.CallBackAnnouncementTest"/>
  <testcase name="VerifyAuditTrialReportForUpdate" time="24.39" classname="com.tetherfi.test.ivr.CallBackAnnouncementTest"/>
  <testcase name="EditWithoutModifyReasonCallbackannouncementRecord" time="8.762" classname="com.tetherfi.test.ivr.CallBackAnnouncementTest"/>
  <testcase name="VerifyCancelButtonAtEditCallbackAnnouncementRecord" time="9.047" classname="com.tetherfi.test.ivr.CallBackAnnouncementTest"/>
  <testcase name="searchPage" time="4.459" classname="com.tetherfi.test.ivr.CallBackAnnouncementTest"/>
  <testcase name="searchwithoutSearchTextbox" time="3.927" classname="com.tetherfi.test.ivr.CallBackAnnouncementTest"/>
  <testcase name="DeleteWithoutDeleteReasonRecord" time="5.741" classname="com.tetherfi.test.ivr.CallBackAnnouncementTest"/>
  <testcase name="VerifyCancelButtonDeleteRecord" time="7.595" classname="com.tetherfi.test.ivr.CallBackAnnouncementTest"/>
  <testcase name="DeleteCallbackAnnouncementRecord" time="117.732" classname="com.tetherfi.test.ivr.CallBackAnnouncementTest">
    <failure type="org.openqa.selenium.TimeoutException" message="Expected condition failed: waiting for visibility of Proxy element for: DefaultElementLocator &amp;apos;By.cssSelector: #toast-container .toast-message&amp;apos; (tried for 30 second(s) with 500 milliseconds interval)">
      <![CDATA[org.openqa.selenium.TimeoutException: Expected condition failed: waiting for visibility of Proxy element for: DefaultElementLocator 'By.cssSelector: #toast-container .toast-message' (tried for 30 second(s) with 500 milliseconds interval)
at org.openqa.selenium.support.ui.WebDriverWait.timeoutException(WebDriverWait.java:95)
at org.openqa.selenium.support.ui.FluentWait.until(FluentWait.java:272)
at com.tetherfi.pages.BasePage.waitUntilWebElementIsVisible(BasePage.java:127)
at com.tetherfi.pages.CallbackAnnouncementPage.verifySuccessMessage(CallbackAnnouncementPage.java:584)
at com.tetherfi.test.ivr.CallBackAnnouncementTest.DeleteCallbackAnnouncementRecord(CallBackAnnouncementTest.java:251)
at sun.reflect.NativeMethodAccessorImpl.invoke0(Native Method)
at sun.reflect.NativeMethodAccessorImpl.invoke(Unknown Source)
at sun.reflect.DelegatingMethodAccessorImpl.invoke(Unknown Source)
at java.lang.reflect.Method.invoke(Unknown Source)
at org.testng.internal.MethodInvocationHelper.invokeMethod(MethodInvocationHelper.java:133)
at org.testng.internal.TestInvoker.invokeMethod(TestInvoker.java:584)
at org.testng.internal.TestInvoker.invokeTestMethod(TestInvoker.java:172)
at org.testng.internal.MethodRunner.runInSequence(MethodRunner.java:46)
at org.testng.internal.TestInvoker$MethodInvocationAgent.invoke(TestInvoker.java:804)
at org.testng.internal.TestInvoker.invokeTestMethods(TestInvoker.java:145)
at org.testng.internal.TestMethodWorker.invokeTestMethods(TestMethodWorker.java:146)
at org.testng.internal.TestMethodWorker.run(TestMethodWorker.java:128)
at java.util.ArrayList.forEach(Unknown Source)
at org.testng.TestRunner.privateRun(TestRunner.java:770)
at org.testng.TestRunner.run(TestRunner.java:591)
at org.testng.SuiteRunner.runTest(SuiteRunner.java:402)
at org.testng.SuiteRunner.runSequentially(SuiteRunner.java:396)
at org.testng.SuiteRunner.privateRun(SuiteRunner.java:355)
at org.testng.SuiteRunner.run(SuiteRunner.java:304)
at org.testng.SuiteRunnerWorker.runSuite(SuiteRunnerWorker.java:53)
at org.testng.SuiteRunnerWorker.run(SuiteRunnerWorker.java:96)
at org.testng.TestNG.runSuitesSequentially(TestNG.java:1180)
at org.testng.TestNG.runSuitesLocally(TestNG.java:1102)
at org.testng.TestNG.runSuites(TestNG.java:1032)
at org.testng.TestNG.run(TestNG.java:1000)
at org.testng.remote.AbstractRemoteTestNG.run(AbstractRemoteTestNG.java:115)
at org.testng.remote.RemoteTestNG.initAndRun(RemoteTestNG.java:251)
at org.testng.remote.RemoteTestNG.main(RemoteTestNG.java:77)
Caused by: org.openqa.selenium.NoSuchElementException: no such element: Unable to locate element: {"method":"css selector","selector":"#toast-container .toast-message"}
  (Session info: chrome=76.0.3809.132)
For documentation on this error, please visit: https://www.seleniumhq.org/exceptions/no_such_element.html
Build info: version: '3.141.59', revision: 'e82be7d358', time: '2018-11-14T08:17:03'
System info: host: 'DESKTOP-SNCCD49', ip: '192.168.1.10', os.name: 'Windows 10', os.arch: 'amd64', os.version: '10.0', java.version: '1.8.0_181'
Driver info: org.openqa.selenium.chrome.ChromeDriver
Capabilities {acceptInsecureCerts: false, browserName: chrome, browserVersion: 76.0.3809.132, chrome: {chromedriverVersion: 76.0.3809.68 (420c9498db8ce..., userDataDir: C:\Users\admin\AppData\Loca...}, goog:chromeOptions: {debuggerAddress: localhost:52764}, javascriptEnabled: true, networkConnectionEnabled: false, pageLoadStrategy: normal, platform: XP, platformName: XP, proxy: Proxy(), setWindowRect: true, strictFileInteractability: false, timeouts: {implicit: 0, pageLoad: 300000, script: 30000}, unhandledPromptBehavior: dismiss and notify}
Session ID: b4c95e91ea2d250aff3950739b1bbd03
*** Element info: {Using=css selector, value=#toast-container .toast-message}
at sun.reflect.NativeConstructorAccessorImpl.newInstance0(Native Method)
at sun.reflect.NativeConstructorAccessorImpl.newInstance(Unknown Source)
at sun.reflect.DelegatingConstructorAccessorImpl.newInstance(Unknown Source)
at java.lang.reflect.Constructor.newInstance(Unknown Source)
at org.openqa.selenium.remote.http.W3CHttpResponseCodec.createException(W3CHttpResponseCodec.java:187)
at org.openqa.selenium.remote.http.W3CHttpResponseCodec.decode(W3CHttpResponseCodec.java:122)
at org.openqa.selenium.remote.http.W3CHttpResponseCodec.decode(W3CHttpResponseCodec.java:49)
at org.openqa.selenium.remote.HttpCommandExecutor.execute(HttpCommandExecutor.java:158)
at org.openqa.selenium.remote.service.DriverCommandExecutor.execute(DriverCommandExecutor.java:83)
at org.openqa.selenium.remote.RemoteWebDriver.execute(RemoteWebDriver.java:552)
at org.openqa.selenium.remote.RemoteWebDriver.findElement(RemoteWebDriver.java:323)
at org.openqa.selenium.remote.RemoteWebDriver.findElementByCssSelector(RemoteWebDriver.java:420)
at org.openqa.selenium.By$ByCssSelector.findElement(By.java:431)
at org.openqa.selenium.remote.RemoteWebDriver.findElement(RemoteWebDriver.java:315)
at org.openqa.selenium.support.pagefactory.DefaultElementLocator.findElement(DefaultElementLocator.java:69)
at org.openqa.selenium.support.pagefactory.internal.LocatingElementHandler.invoke(LocatingElementHandler.java:38)
at com.sun.proxy.$Proxy11.isDisplayed(Unknown Source)
at org.openqa.selenium.support.ui.ExpectedConditions.elementIfVisible(ExpectedConditions.java:314)
at org.openqa.selenium.support.ui.ExpectedConditions.access$000(ExpectedConditions.java:43)
at org.openqa.selenium.support.ui.ExpectedConditions$10.apply(ExpectedConditions.java:300)
at org.openqa.selenium.support.ui.ExpectedConditions$10.apply(ExpectedConditions.java:297)
at org.openqa.selenium.support.ui.FluentWait.until(FluentWait.java:249)
... 31 more
]]>
    </failure>
  </testcase> <!-- DeleteCallbackAnnouncementRecord -->
  <testcase name="VerifyAuditTrialReportForDelete" time="0.0" classname="com.tetherfi.test.ivr.CallBackAnnouncementTest">
    <skipped/>
  </testcase> <!-- VerifyAuditTrialReportForDelete -->
  <testcase name="ExportToExcel" time="2.355" classname="com.tetherfi.test.ivr.CallBackAnnouncementTest"/>
  <testcase name="ExportToExcelData" time="0.872" classname="com.tetherfi.test.ivr.CallBackAnnouncementTest"/>
  <testcase name="SearchClearSearch" time="4.398" classname="com.tetherfi.test.ivr.CallBackAnnouncementTest"/>
  <testcase name="ExporttoExcelWithoutData" time="5.726" classname="com.tetherfi.test.ivr.CallBackAnnouncementTest"/>
  <testcase name="SortingByAscending" time="3.964" classname="com.tetherfi.test.ivr.CallBackAnnouncementTest"/>
  <testcase name="SortingByDescending" time="4.222" classname="com.tetherfi.test.ivr.CallBackAnnouncementTest"/>
  <testcase name="GroupBy" time="2.786" classname="com.tetherfi.test.ivr.CallBackAnnouncementTest"/>
  <testcase name="VerifyArrowMoveForPreviousAndNextPage" time="0.027" classname="com.tetherfi.test.ivr.CallBackAnnouncementTest"/>
  <testcase name="VerifyArrowMoveForFirstAndLastPage" time="0.03" classname="com.tetherfi.test.ivr.CallBackAnnouncementTest"/>
  <testcase name="VerifyTotalNumberOfItemsPerPageDetails" time="0.037" classname="com.tetherfi.test.ivr.CallBackAnnouncementTest"/>
  <testcase name="VerifyNumberOfItemsPerPageSelection" time="0.252" classname="com.tetherfi.test.ivr.CallBackAnnouncementTest">
    <failure type="java.lang.AssertionError" message="item per page assertion failed did not expect to find [true] but found [false]">
      <![CDATA[java.lang.AssertionError: item per page assertion failed did not expect to find [true] but found [false]
at org.testng.Assert.fail(Assert.java:97)
at org.testng.Assert.failNotEquals(Assert.java:969)
at org.testng.Assert.assertTrue(Assert.java:43)
at com.tetherfi.test.ivr.CallBackAnnouncementTest.VerifyNumberOfItemsPerPageSelection(CallBackAnnouncementTest.java:356)
at sun.reflect.NativeMethodAccessorImpl.invoke0(Native Method)
at sun.reflect.NativeMethodAccessorImpl.invoke(Unknown Source)
at sun.reflect.DelegatingMethodAccessorImpl.invoke(Unknown Source)
at java.lang.reflect.Method.invoke(Unknown Source)
at org.testng.internal.MethodInvocationHelper.invokeMethod(MethodInvocationHelper.java:133)
at org.testng.internal.TestInvoker.invokeMethod(TestInvoker.java:584)
at org.testng.internal.TestInvoker.invokeTestMethod(TestInvoker.java:172)
at org.testng.internal.MethodRunner.runInSequence(MethodRunner.java:46)
at org.testng.internal.TestInvoker$MethodInvocationAgent.invoke(TestInvoker.java:804)
at org.testng.internal.TestInvoker.invokeTestMethods(TestInvoker.java:145)
at org.testng.internal.TestMethodWorker.invokeTestMethods(TestMethodWorker.java:146)
at org.testng.internal.TestMethodWorker.run(TestMethodWorker.java:128)
at java.util.ArrayList.forEach(Unknown Source)
at org.testng.TestRunner.privateRun(TestRunner.java:770)
at org.testng.TestRunner.run(TestRunner.java:591)
at org.testng.SuiteRunner.runTest(SuiteRunner.java:402)
at org.testng.SuiteRunner.runSequentially(SuiteRunner.java:396)
at org.testng.SuiteRunner.privateRun(SuiteRunner.java:355)
at org.testng.SuiteRunner.run(SuiteRunner.java:304)
at org.testng.SuiteRunnerWorker.runSuite(SuiteRunnerWorker.java:53)
at org.testng.SuiteRunnerWorker.run(SuiteRunnerWorker.java:96)
at org.testng.TestNG.runSuitesSequentially(TestNG.java:1180)
at org.testng.TestNG.runSuitesLocally(TestNG.java:1102)
at org.testng.TestNG.runSuites(TestNG.java:1032)
at org.testng.TestNG.run(TestNG.java:1000)
at org.testng.remote.AbstractRemoteTestNG.run(AbstractRemoteTestNG.java:115)
at org.testng.remote.RemoteTestNG.initAndRun(RemoteTestNG.java:251)
at org.testng.remote.RemoteTestNG.main(RemoteTestNG.java:77)
]]>
    </failure>
  </testcase> <!-- VerifyNumberOfItemsPerPageSelection -->
  <testcase name="database" time="1.458" classname="com.tetherfi.test.ivr.CallBackAnnouncementTest"/>
</testsuite> <!-- Default test -->
