<?xml version="1.0" encoding="UTF-8"?>
<!-- Generated by org.testng.reporters.JUnitXMLReporter -->
<testsuite ignored="0" hostname="admin" failures="0" tests="5" name="Default test" time="430.647" errors="0" timestamp="14 Feb 2019 10:22:59 GMT">
  <testcase classname="com.tetherfi.test.UserManagementE2ETest" name="VerifyAddAccessOfCallbackAnnouncement" time="50.668"/>
  <testcase classname="com.tetherfi.test.UserManagementE2ETest" name="VerifyDeleteAccessOfCallbackAnnouncement" time="49.833"/>
  <testcase classname="com.tetherfi.test.UserManagementE2ETest" name="VerifyEditAccessOfCallbackAnnouncement" time="49.599"/>
  <testcase classname="com.tetherfi.test.UserManagementE2ETest" name="VerifyExportAccessOfCallbackAnnouncement" time="47.835"/>
  <testcase classname="com.tetherfi.test.UserManagementE2ETest" name="VerifyViewAccessOfCallbackAnnouncement" time="49.416"/>
</testsuite> <!-- Default test -->
