<?xml version="1.0" encoding="UTF-8"?>
<!-- Generated by org.testng.reporters.JUnitXMLReporter -->
<testsuite ignored="0" hostname="admin" failures="0" tests="3" name="Default test" time="126.818" errors="0" timestamp="25 Jan 2019 12:23:34 GMT">
  <testcase classname="com.tetherfi.test.tmac.TmacBroadCastMsgE2E" name="addTmacBroadcastMessage" time="23.044"/>
  <testcase classname="com.tetherfi.test.tmac.TmacBroadCastMsgE2E" name="editTmacBroadcastMessage" time="24.527"/>
  <testcase classname="com.tetherfi.test.tmac.TmacBroadCastMsgE2E" name="disabledStatus" time="25.879"/>
</testsuite> <!-- Default test -->
