<?xml version="1.0" encoding="UTF-8"?>
<!-- Generated by org.testng.reporters.JUnitXMLReporter -->
<testsuite ignored="0" hostname="DESKTOP-O6A5C2O" failures="30" tests="82" name="FaxAddressBookTest" time="1354.173" errors="0" timestamp="2020-05-07T08:20:14 IST">
  <testcase classname="com.tetherfi.test.fax.FaxAddressBookTest" name="VerifyFaxAddressBookPage" time="0.667"/>
  <testcase classname="com.tetherfi.test.fax.FaxAddressBookTest" name="VerifyDropdownForAllTheColumnsRecipient" time="30.593">
    <failure type="java.lang.AssertionError" message="Columns dropdown assertion failed did not expect to find [true] but found [false]">
      <![CDATA[java.lang.AssertionError: Columns dropdown assertion failed did not expect to find [true] but found [false]
at com.tetherfi.test.fax.FaxAddressBookTest.VerifyDropdownForAllTheColumnsRecipient(FaxAddressBookTest.java:72)
at java.base/java.util.ArrayList.forEach(Unknown Source)
... Removed 30 stack frames]]>
    </failure>
  </testcase> <!-- VerifyDropdownForAllTheColumnsRecipient -->
  <testcase classname="com.tetherfi.test.fax.FaxAddressBookTest" name="VerifyRecipientColumnsHeaderEnable" time="8.253"/>
  <testcase classname="com.tetherfi.test.fax.FaxAddressBookTest" name="VerifyRecipientColumnsHeaderDisable" time="20.706"/>
  <testcase classname="com.tetherfi.test.fax.FaxAddressBookTest" name="VerifyRecipientDragAndDrop" time="3.244"/>
  <testcase classname="com.tetherfi.test.fax.FaxAddressBookTest" name="VerifyRecipientDragAndDropofAlreadyGroupedHeader" time="3.717"/>
  <testcase classname="com.tetherfi.test.fax.FaxAddressBookTest" name="ExportToExcelData" time="0.716">
    <failure type="java.lang.ArrayIndexOutOfBoundsException" message="1">
      <![CDATA[java.lang.ArrayIndexOutOfBoundsException: 1
at com.tetherfi.pages.FaxAddressBookPage.getdata(FaxAddressBookPage.java:401)
at com.tetherfi.pages.FaxAddressBookPage.verifyexportToExcelSheet(FaxAddressBookPage.java:339)
at com.tetherfi.test.fax.FaxAddressBookTest.ExportToExcelData(FaxAddressBookTest.java:112)
at java.base/java.util.ArrayList.forEach(Unknown Source)
... Removed 27 stack frames]]>
    </failure>
  </testcase> <!-- ExportToExcelData -->
  <testcase classname="com.tetherfi.test.fax.FaxAddressBookTest" name="SortingByAscending" time="7.121">
    <failure type="java.lang.AssertionError" message="did not expect to find [true] but found [false]">
      <![CDATA[java.lang.AssertionError: did not expect to find [true] but found [false]
at com.tetherfi.test.fax.FaxAddressBookTest.SortingByAscending(FaxAddressBookTest.java:122)
at java.base/java.util.ArrayList.forEach(Unknown Source)
... Removed 31 stack frames]]>
    </failure>
  </testcase> <!-- SortingByAscending -->
  <testcase classname="com.tetherfi.test.fax.FaxAddressBookTest" name="SortingByDescending" time="6.539">
    <failure type="java.lang.AssertionError" message="did not expect to find [true] but found [false]">
      <![CDATA[java.lang.AssertionError: did not expect to find [true] but found [false]
at com.tetherfi.test.fax.FaxAddressBookTest.SortingByDescending(FaxAddressBookTest.java:132)
at java.base/java.util.ArrayList.forEach(Unknown Source)
... Removed 31 stack frames]]>
    </failure>
  </testcase> <!-- SortingByDescending -->
  <testcase classname="com.tetherfi.test.fax.FaxAddressBookTest" name="VerifyRecipientArrowMoveForPreviousAndNextPageRecipient" time="0.995"/>
  <testcase classname="com.tetherfi.test.fax.FaxAddressBookTest" name="VerifyRecipientArrowMoveForFirstAndLastPageRecipient" time="1.888"/>
  <testcase classname="com.tetherfi.test.fax.FaxAddressBookTest" name="VerifyRecipientTotalNumberOfItemsPerPageDetailsRecipient" time="0.265">
    <failure type="java.lang.AssertionError" message="item per page assertion failed did not expect to find [true] but found [false]">
      <![CDATA[java.lang.AssertionError: item per page assertion failed did not expect to find [true] but found [false]
at com.tetherfi.test.fax.FaxAddressBookTest.VerifyRecipientTotalNumberOfItemsPerPageDetailsRecipient(FaxAddressBookTest.java:152)
at java.base/java.util.ArrayList.forEach(Unknown Source)
... Removed 30 stack frames]]>
    </failure>
  </testcase> <!-- VerifyRecipientTotalNumberOfItemsPerPageDetailsRecipient -->
  <testcase classname="com.tetherfi.test.fax.FaxAddressBookTest" name="VerifyRecipientNumberOfItemsPerPageSelectionRecipient" time="0.351">
    <failure type="java.lang.AssertionError" message="item per page assertion failed did not expect to find [true] but found [false]">
      <![CDATA[java.lang.AssertionError: item per page assertion failed did not expect to find [true] but found [false]
at com.tetherfi.test.fax.FaxAddressBookTest.VerifyRecipientNumberOfItemsPerPageSelectionRecipient(FaxAddressBookTest.java:159)
at java.base/java.util.ArrayList.forEach(Unknown Source)
... Removed 30 stack frames]]>
    </failure>
  </testcase> <!-- VerifyRecipientNumberOfItemsPerPageSelectionRecipient -->
  <testcase classname="com.tetherfi.test.fax.FaxAddressBookTest" name="RecipientsearchPageClearAllandClose" time="3.699"/>
  <testcase classname="com.tetherfi.test.fax.FaxAddressBookTest" name="searchRecipientwithoutSearchTextbox" time="2.932"/>
  <testcase classname="com.tetherfi.test.fax.FaxAddressBookTest" name="VerifyCancelButtonatAddRecipientRecord" time="1.654"/>
  <testcase classname="com.tetherfi.test.fax.FaxAddressBookTest" name="AddNewRecipientRecord" time="2.67">
    <failure type="java.lang.AssertionError" message="expected [Record Created Successfully] but found [Record Creation Failed, Already Exist]">
      <![CDATA[java.lang.AssertionError: expected [Record Created Successfully] but found [Record Creation Failed, Already Exist]
at com.tetherfi.test.fax.FaxAddressBookTest.AddNewRecipientRecord(FaxAddressBookTest.java:200)
at java.base/java.util.ArrayList.forEach(Unknown Source)
... Removed 32 stack frames]]>
    </failure>
  </testcase> <!-- AddNewRecipientRecord -->
  <testcase classname="com.tetherfi.test.fax.FaxAddressBookTest" name="AddNewRecipientRecordwithoutName2" time="2.509">
    <failure type="java.lang.AssertionError" message="expected [Record Created Successfully] but found [Record Creation Failed, Already Exist]">
      <![CDATA[java.lang.AssertionError: expected [Record Created Successfully] but found [Record Creation Failed, Already Exist]
at com.tetherfi.test.fax.FaxAddressBookTest.AddNewRecipientRecordwithoutName2(FaxAddressBookTest.java:210)
at java.base/java.util.ArrayList.forEach(Unknown Source)
... Removed 32 stack frames]]>
    </failure>
  </testcase> <!-- AddNewRecipientRecordwithoutName2 -->
  <testcase classname="com.tetherfi.test.fax.FaxAddressBookTest" name="VerifyAuditTrailReportForCreate" time="26.796">
    <failure type="java.lang.IndexOutOfBoundsException" message="Index 1 out-of-bounds for length 1">
      <![CDATA[java.lang.IndexOutOfBoundsException: Index 1 out-of-bounds for length 1
at java.base/jdk.internal.util.Preconditions.outOfBounds(Unknown Source)
at java.base/jdk.internal.util.Preconditions.outOfBoundsCheckIndex(Unknown Source)
at java.base/jdk.internal.util.Preconditions.checkIndex(Unknown Source)
at java.base/java.util.Objects.checkIndex(Unknown Source)
at java.base/java.util.ArrayList.get(Unknown Source)
at com.tetherfi.pages.OCMReportsPage.getFirstRowDatafromTable1(OCMReportsPage.java:1337)
at com.tetherfi.pages.OCMReportsPage.verifyRecipientCreate(OCMReportsPage.java:5109)
at com.tetherfi.test.fax.FaxAddressBookTest.VerifyAuditTrailReportForCreate(FaxAddressBookTest.java:225)
at java.base/java.util.ArrayList.forEach(Unknown Source)
... Removed 27 stack frames]]>
    </failure>
  </testcase> <!-- VerifyAuditTrailReportForCreate -->
  <testcase classname="com.tetherfi.test.fax.FaxAddressBookTest" name="VerifySearchIsEqualTo" time="3.82"/>
  <testcase classname="com.tetherfi.test.fax.FaxAddressBookTest" name="VerifySearchIsNotEqualTo" time="7.591"/>
  <testcase classname="com.tetherfi.test.fax.FaxAddressBookTest" name="VerifySearchContains" time="4.682"/>
  <testcase classname="com.tetherfi.test.fax.FaxAddressBookTest" name="VerifySearchDoesNotContains" time="6.545"/>
  <testcase classname="com.tetherfi.test.fax.FaxAddressBookTest" name="VerifySearchStartsWith" time="5.171"/>
  <testcase classname="com.tetherfi.test.fax.FaxAddressBookTest" name="VerifySearchEndsWith" time="6.377"/>
  <testcase classname="com.tetherfi.test.fax.FaxAddressBookTest" name="AddDuplicateRecipientRecord" time="2.457"/>
  <testcase classname="com.tetherfi.test.fax.FaxAddressBookTest" name="AddNewEmptyRecipientRecord" time="1.635"/>
  <testcase classname="com.tetherfi.test.fax.FaxAddressBookTest" name="AddNewRecipientWithoutName1Record" time="2.24"/>
  <testcase classname="com.tetherfi.test.fax.FaxAddressBookTest" name="AddNewRecipientWithoutNumberRecord" time="3.253"/>
  <testcase classname="com.tetherfi.test.fax.FaxAddressBookTest" name="VerifyCancelButtonatAddressBookRecord" time="2.617"/>
  <testcase classname="com.tetherfi.test.fax.FaxAddressBookTest" name="AddNewFaxAddressBookRecord" time="6.146">
    <failure type="java.lang.AssertionError" message="expected [Record Created Successfully] but found [Please Provide Recipient]">
      <![CDATA[java.lang.AssertionError: expected [Record Created Successfully] but found [Please Provide Recipient]
at com.tetherfi.test.fax.FaxAddressBookTest.AddNewFaxAddressBookRecord(FaxAddressBookTest.java:349)
at java.base/java.util.ArrayList.forEach(Unknown Source)
... Removed 32 stack frames]]>
    </failure>
  </testcase> <!-- AddNewFaxAddressBookRecord -->
  <testcase classname="com.tetherfi.test.fax.FaxAddressBookTest" name="VerifyAuditTrailReportForAddressCreate" time="26.437">
    <failure type="java.lang.IndexOutOfBoundsException" message="Index 1 out-of-bounds for length 1">
      <![CDATA[java.lang.IndexOutOfBoundsException: Index 1 out-of-bounds for length 1
at java.base/jdk.internal.util.Preconditions.outOfBounds(Unknown Source)
at java.base/jdk.internal.util.Preconditions.outOfBoundsCheckIndex(Unknown Source)
at java.base/jdk.internal.util.Preconditions.checkIndex(Unknown Source)
at java.base/java.util.Objects.checkIndex(Unknown Source)
at java.base/java.util.ArrayList.get(Unknown Source)
at com.tetherfi.pages.OCMReportsPage.getFirstRowDatafromTable1(OCMReportsPage.java:1337)
at com.tetherfi.pages.OCMReportsPage.verifyFaxAddressCreate(OCMReportsPage.java:5220)
at com.tetherfi.test.fax.FaxAddressBookTest.VerifyAuditTrailReportForAddressCreate(FaxAddressBookTest.java:364)
at java.base/java.util.ArrayList.forEach(Unknown Source)
... Removed 27 stack frames]]>
    </failure>
  </testcase> <!-- VerifyAuditTrailReportForAddressCreate -->
  <testcase classname="com.tetherfi.test.fax.FaxAddressBookTest" name="VerifyAddressBookSearchIsEqualTo" time="6.379"/>
  <testcase classname="com.tetherfi.test.fax.FaxAddressBookTest" name="VerifyAddressBookSearchIsNotEqualTo" time="7.453"/>
  <testcase classname="com.tetherfi.test.fax.FaxAddressBookTest" name="VerifyAddressBookSearchContains" time="4.433"/>
  <testcase classname="com.tetherfi.test.fax.FaxAddressBookTest" name="VerifyAddressBookSearchDoesNotContains" time="8.064"/>
  <testcase classname="com.tetherfi.test.fax.FaxAddressBookTest" name="VerifyAddressBookSearchStartsWith" time="6.434"/>
  <testcase classname="com.tetherfi.test.fax.FaxAddressBookTest" name="AddNewDuplicateRecord" time="5.627">
    <failure type="java.lang.AssertionError" message="expected [Duplicate Name] but found [Please Provide Recipient]">
      <![CDATA[java.lang.AssertionError: expected [Duplicate Name] but found [Please Provide Recipient]
at com.tetherfi.test.fax.FaxAddressBookTest.AddNewDuplicateRecord(FaxAddressBookTest.java:426)
at java.base/java.util.ArrayList.forEach(Unknown Source)
... Removed 32 stack frames]]>
    </failure>
  </testcase> <!-- AddNewDuplicateRecord -->
  <testcase classname="com.tetherfi.test.fax.FaxAddressBookTest" name="VerifyAddressBookSearchEndsWith" time="6.516"/>
  <testcase classname="com.tetherfi.test.fax.FaxAddressBookTest" name="AddNewEmptyRecord" time="1.497"/>
  <testcase classname="com.tetherfi.test.fax.FaxAddressBookTest" name="AddNewRecordWithoutFaxLine" time="2.941">
    <failure type="java.lang.AssertionError" message="expected [Please Provide FaxLine] but found [Please Provide FaxLine, Recipient]">
      <![CDATA[java.lang.AssertionError: expected [Please Provide FaxLine] but found [Please Provide FaxLine, Recipient]
at com.tetherfi.test.fax.FaxAddressBookTest.AddNewRecordWithoutFaxLine(FaxAddressBookTest.java:446)
at java.base/java.util.ArrayList.forEach(Unknown Source)
... Removed 32 stack frames]]>
    </failure>
  </testcase> <!-- AddNewRecordWithoutFaxLine -->
  <testcase classname="com.tetherfi.test.fax.FaxAddressBookTest" name="AddNewRecordWithoutName" time="3.938">
    <failure type="java.lang.AssertionError" message="expected [Please Provide Name] but found [Please Provide Name, Recipient]">
      <![CDATA[java.lang.AssertionError: expected [Please Provide Name] but found [Please Provide Name, Recipient]
at com.tetherfi.test.fax.FaxAddressBookTest.AddNewRecordWithoutName(FaxAddressBookTest.java:456)
at java.base/java.util.ArrayList.forEach(Unknown Source)
... Removed 32 stack frames]]>
    </failure>
  </testcase> <!-- AddNewRecordWithoutName -->
  <testcase classname="com.tetherfi.test.fax.FaxAddressBookTest" name="AddNewRecordWithoutRecipients" time="6.836"/>
  <testcase classname="com.tetherfi.test.fax.FaxAddressBookTest" name="ExportToExcel" time="2.649"/>
  <testcase classname="com.tetherfi.test.fax.FaxAddressBookTest" name="AddressBookExportToExcel" time="3.9"/>
  <testcase classname="com.tetherfi.test.fax.FaxAddressBookTest" name="AddressBookExportToExcelData" time="0.053">
    <failure type="java.lang.ArrayIndexOutOfBoundsException" message="1">
      <![CDATA[java.lang.ArrayIndexOutOfBoundsException: 1
at com.tetherfi.pages.FaxAddressBookPage.getAddressBookdata(FaxAddressBookPage.java:369)
at com.tetherfi.pages.FaxAddressBookPage.verifyAddressBookexportToExcelSheet(FaxAddressBookPage.java:354)
at com.tetherfi.test.fax.FaxAddressBookTest.AddressBookExportToExcelData(FaxAddressBookTest.java:491)
at java.base/java.util.ArrayList.forEach(Unknown Source)
... Removed 27 stack frames]]>
    </failure>
  </testcase> <!-- AddressBookExportToExcelData -->
  <testcase classname="com.tetherfi.test.fax.FaxAddressBookTest" name="AddressBookSortingByAscending" time="7.744"/>
  <testcase classname="com.tetherfi.test.fax.FaxAddressBookTest" name="AddressBookSortingByDescending" time="7.708"/>
  <testcase classname="com.tetherfi.test.fax.FaxAddressBookTest" name="EditRecipientWithoutModifyReasonRecord" time="6.262"/>
  <testcase classname="com.tetherfi.test.fax.FaxAddressBookTest" name="VerifyRecipientCancelBtnAtEditRecord" time="5.515"/>
  <testcase classname="com.tetherfi.test.fax.FaxAddressBookTest" name="EditRecipientRecord" time="6.587"/>
  <testcase classname="com.tetherfi.test.fax.FaxAddressBookTest" name="VerifyAuditTrialReportForRecipientUpdate" time="26.297"/>
  <testcase classname="com.tetherfi.test.fax.FaxAddressBookTest" name="EditWithoutModifyReasonAddressBookRecord" time="43.506">
    <failure type="java.lang.IndexOutOfBoundsException" message="Index 0 out-of-bounds for length 0">
      <![CDATA[java.lang.IndexOutOfBoundsException: Index 0 out-of-bounds for length 0
at java.base/jdk.internal.util.Preconditions.outOfBounds(Unknown Source)
at java.base/jdk.internal.util.Preconditions.outOfBoundsCheckIndex(Unknown Source)
at java.base/jdk.internal.util.Preconditions.checkIndex(Unknown Source)
at java.base/java.util.Objects.checkIndex(Unknown Source)
at java.base/java.util.ArrayList.get(Unknown Source)
at org.openqa.selenium.support.pagefactory.internal.LocatingElementListHandler.invoke(LocatingElementListHandler.java:39)
at com.sun.proxy.$Proxy15.get(Unknown Source)
at com.tetherfi.pages.FaxAddressBookPage.editAddressBookWithoutModifyReason(FaxAddressBookPage.java:1473)
at com.tetherfi.test.fax.FaxAddressBookTest.EditWithoutModifyReasonAddressBookRecord(FaxAddressBookTest.java:566)
at java.base/java.util.ArrayList.forEach(Unknown Source)
... Removed 30 stack frames]]>
    </failure>
  </testcase> <!-- EditWithoutModifyReasonAddressBookRecord -->
  <testcase classname="com.tetherfi.test.fax.FaxAddressBookTest" name="VerifyCancelBtnAtEditAddressBookRecord" time="44.715">
    <failure type="java.lang.IndexOutOfBoundsException" message="Index 0 out-of-bounds for length 0">
      <![CDATA[java.lang.IndexOutOfBoundsException: Index 0 out-of-bounds for length 0
at java.base/jdk.internal.util.Preconditions.outOfBounds(Unknown Source)
at java.base/jdk.internal.util.Preconditions.outOfBoundsCheckIndex(Unknown Source)
at java.base/jdk.internal.util.Preconditions.checkIndex(Unknown Source)
at java.base/java.util.Objects.checkIndex(Unknown Source)
at java.base/java.util.ArrayList.get(Unknown Source)
at org.openqa.selenium.support.pagefactory.internal.LocatingElementListHandler.invoke(LocatingElementListHandler.java:39)
at com.sun.proxy.$Proxy15.get(Unknown Source)
at com.tetherfi.pages.FaxAddressBookPage.clickOnEditButtonAddress(FaxAddressBookPage.java:855)
at com.tetherfi.test.fax.FaxAddressBookTest.VerifyCancelBtnAtEditAddressBookRecord(FaxAddressBookTest.java:576)
at java.base/java.util.ArrayList.forEach(Unknown Source)
... Removed 30 stack frames]]>
    </failure>
  </testcase> <!-- VerifyCancelBtnAtEditAddressBookRecord -->
  <testcase classname="com.tetherfi.test.fax.FaxAddressBookTest" name="EditFaxAddressBookRecord" time="44.778">
    <failure type="java.lang.IndexOutOfBoundsException" message="Index 0 out-of-bounds for length 0">
      <![CDATA[java.lang.IndexOutOfBoundsException: Index 0 out-of-bounds for length 0
at java.base/jdk.internal.util.Preconditions.outOfBounds(Unknown Source)
at java.base/jdk.internal.util.Preconditions.outOfBoundsCheckIndex(Unknown Source)
at java.base/jdk.internal.util.Preconditions.checkIndex(Unknown Source)
at java.base/java.util.Objects.checkIndex(Unknown Source)
at java.base/java.util.ArrayList.get(Unknown Source)
at org.openqa.selenium.support.pagefactory.internal.LocatingElementListHandler.invoke(LocatingElementListHandler.java:39)
at com.sun.proxy.$Proxy15.get(Unknown Source)
at com.tetherfi.pages.FaxAddressBookPage.editAddressBookRecord(FaxAddressBookPage.java:1463)
at com.tetherfi.test.fax.FaxAddressBookTest.EditFaxAddressBookRecord(FaxAddressBookTest.java:587)
at java.base/java.util.ArrayList.forEach(Unknown Source)
... Removed 30 stack frames]]>
    </failure>
  </testcase> <!-- EditFaxAddressBookRecord -->
  <testcase classname="com.tetherfi.test.fax.FaxAddressBookTest" name="VerifyAuditTrialReportForFaxAddressBookUpdate" time="25.048">
    <failure type="java.lang.IndexOutOfBoundsException" message="Index 1 out-of-bounds for length 1">
      <![CDATA[java.lang.IndexOutOfBoundsException: Index 1 out-of-bounds for length 1
at java.base/jdk.internal.util.Preconditions.outOfBounds(Unknown Source)
at java.base/jdk.internal.util.Preconditions.outOfBoundsCheckIndex(Unknown Source)
at java.base/jdk.internal.util.Preconditions.checkIndex(Unknown Source)
at java.base/java.util.Objects.checkIndex(Unknown Source)
at java.base/java.util.ArrayList.get(Unknown Source)
at com.tetherfi.pages.OCMReportsPage.getFirstRowDatafromTable1(OCMReportsPage.java:1337)
at com.tetherfi.pages.OCMReportsPage.verifyAddressBookUpdate(OCMReportsPage.java:5250)
at com.tetherfi.test.fax.FaxAddressBookTest.VerifyAuditTrialReportForFaxAddressBookUpdate(FaxAddressBookTest.java:603)
at java.base/java.util.ArrayList.forEach(Unknown Source)
... Removed 27 stack frames]]>
    </failure>
  </testcase> <!-- VerifyAuditTrialReportForFaxAddressBookUpdate -->
  <testcase classname="com.tetherfi.test.fax.FaxAddressBookTest" name="DeleteWithoutDeleteReasonAddressBookRecord" time="43.598">
    <failure type="java.lang.IndexOutOfBoundsException" message="Index 0 out-of-bounds for length 0">
      <![CDATA[java.lang.IndexOutOfBoundsException: Index 0 out-of-bounds for length 0
at java.base/jdk.internal.util.Preconditions.outOfBounds(Unknown Source)
at java.base/jdk.internal.util.Preconditions.outOfBoundsCheckIndex(Unknown Source)
at java.base/jdk.internal.util.Preconditions.checkIndex(Unknown Source)
at java.base/java.util.Objects.checkIndex(Unknown Source)
at java.base/java.util.ArrayList.get(Unknown Source)
at org.openqa.selenium.support.pagefactory.internal.LocatingElementListHandler.invoke(LocatingElementListHandler.java:39)
at com.sun.proxy.$Proxy15.get(Unknown Source)
at com.tetherfi.pages.FaxAddressBookPage.deleteWithoutDeleteReasonAddress(FaxAddressBookPage.java:1483)
at com.tetherfi.test.fax.FaxAddressBookTest.DeleteWithoutDeleteReasonAddressBookRecord(FaxAddressBookTest.java:613)
at java.base/java.util.ArrayList.forEach(Unknown Source)
... Removed 30 stack frames]]>
    </failure>
  </testcase> <!-- DeleteWithoutDeleteReasonAddressBookRecord -->
  <testcase classname="com.tetherfi.test.fax.FaxAddressBookTest" name="VerifyCancelBtnAtDeleteAddressRecord" time="43.622">
    <failure type="java.lang.IndexOutOfBoundsException" message="Index 0 out-of-bounds for length 0">
      <![CDATA[java.lang.IndexOutOfBoundsException: Index 0 out-of-bounds for length 0
at java.base/jdk.internal.util.Preconditions.outOfBounds(Unknown Source)
at java.base/jdk.internal.util.Preconditions.outOfBoundsCheckIndex(Unknown Source)
at java.base/jdk.internal.util.Preconditions.checkIndex(Unknown Source)
at java.base/java.util.Objects.checkIndex(Unknown Source)
at java.base/java.util.ArrayList.get(Unknown Source)
at org.openqa.selenium.support.pagefactory.internal.LocatingElementListHandler.invoke(LocatingElementListHandler.java:39)
at com.sun.proxy.$Proxy15.get(Unknown Source)
at com.tetherfi.pages.FaxAddressBookPage.DeletecancelButtonAddressTab(FaxAddressBookPage.java:867)
at com.tetherfi.test.fax.FaxAddressBookTest.VerifyCancelBtnAtDeleteAddressRecord(FaxAddressBookTest.java:623)
at java.base/java.util.ArrayList.forEach(Unknown Source)
... Removed 30 stack frames]]>
    </failure>
  </testcase> <!-- VerifyCancelBtnAtDeleteAddressRecord -->
  <testcase classname="com.tetherfi.test.fax.FaxAddressBookTest" name="DeleteAddressBookRecord" time="44.883">
    <failure type="java.lang.IndexOutOfBoundsException" message="Index 0 out-of-bounds for length 0">
      <![CDATA[java.lang.IndexOutOfBoundsException: Index 0 out-of-bounds for length 0
at java.base/jdk.internal.util.Preconditions.outOfBounds(Unknown Source)
at java.base/jdk.internal.util.Preconditions.outOfBoundsCheckIndex(Unknown Source)
at java.base/jdk.internal.util.Preconditions.checkIndex(Unknown Source)
at java.base/java.util.Objects.checkIndex(Unknown Source)
at java.base/java.util.ArrayList.get(Unknown Source)
at org.openqa.selenium.support.pagefactory.internal.LocatingElementListHandler.invoke(LocatingElementListHandler.java:39)
at com.sun.proxy.$Proxy15.get(Unknown Source)
at com.tetherfi.pages.FaxAddressBookPage.deleteRecordAddress(FaxAddressBookPage.java:1491)
at com.tetherfi.test.fax.FaxAddressBookTest.DeleteAddressBookRecord(FaxAddressBookTest.java:634)
at java.base/java.util.ArrayList.forEach(Unknown Source)
... Removed 30 stack frames]]>
    </failure>
  </testcase> <!-- DeleteAddressBookRecord -->
  <testcase classname="com.tetherfi.test.fax.FaxAddressBookTest" name="VerifyAuditTrialReportForAddressBookDelete" time="24.482">
    <failure type="java.lang.IndexOutOfBoundsException" message="Index 1 out-of-bounds for length 1">
      <![CDATA[java.lang.IndexOutOfBoundsException: Index 1 out-of-bounds for length 1
at java.base/jdk.internal.util.Preconditions.outOfBounds(Unknown Source)
at java.base/jdk.internal.util.Preconditions.outOfBoundsCheckIndex(Unknown Source)
at java.base/jdk.internal.util.Preconditions.checkIndex(Unknown Source)
at java.base/java.util.Objects.checkIndex(Unknown Source)
at java.base/java.util.ArrayList.get(Unknown Source)
at com.tetherfi.pages.OCMReportsPage.getFirstRowDatafromTable1(OCMReportsPage.java:1337)
at com.tetherfi.pages.OCMReportsPage.verifyAddressBookdelete(OCMReportsPage.java:5302)
at com.tetherfi.test.fax.FaxAddressBookTest.VerifyAuditTrialReportForAddressBookDelete(FaxAddressBookTest.java:650)
at java.base/java.util.ArrayList.forEach(Unknown Source)
... Removed 27 stack frames]]>
    </failure>
  </testcase> <!-- VerifyAuditTrialReportForAddressBookDelete -->
  <testcase classname="com.tetherfi.test.fax.FaxAddressBookTest" name="DeleteRecepientWithoutDeleteReasonRecord" time="3.864"/>
  <testcase classname="com.tetherfi.test.fax.FaxAddressBookTest" name="VerifyCancelBtnAtDeleteRecepientRecord" time="5.299"/>
  <testcase classname="com.tetherfi.test.fax.FaxAddressBookTest" name="DeleteRecipientRecord" time="5.594">
    <failure type="java.lang.AssertionError" message="expected [Record Deleted Successfully] but found [Record Deletion Failed, Recipient is already assigned to Address Book.]">
      <![CDATA[java.lang.AssertionError: expected [Record Deleted Successfully] but found [Record Deletion Failed, Recipient is already assigned to Address Book.]
at com.tetherfi.test.fax.FaxAddressBookTest.DeleteRecipientRecord(FaxAddressBookTest.java:681)
at java.base/java.util.ArrayList.forEach(Unknown Source)
... Removed 32 stack frames]]>
    </failure>
  </testcase> <!-- DeleteRecipientRecord -->
  <testcase classname="com.tetherfi.test.fax.FaxAddressBookTest" name="VerifyAuditTrialReportForDelete" time="26.145">
    <failure type="java.lang.IndexOutOfBoundsException" message="Index 1 out-of-bounds for length 1">
      <![CDATA[java.lang.IndexOutOfBoundsException: Index 1 out-of-bounds for length 1
at java.base/jdk.internal.util.Preconditions.outOfBounds(Unknown Source)
at java.base/jdk.internal.util.Preconditions.outOfBoundsCheckIndex(Unknown Source)
at java.base/jdk.internal.util.Preconditions.checkIndex(Unknown Source)
at java.base/java.util.Objects.checkIndex(Unknown Source)
at java.base/java.util.ArrayList.get(Unknown Source)
at com.tetherfi.pages.OCMReportsPage.getFirstRowDatafromTable1(OCMReportsPage.java:1337)
at com.tetherfi.pages.OCMReportsPage.verifyRecipientdelete(OCMReportsPage.java:5188)
at com.tetherfi.test.fax.FaxAddressBookTest.VerifyAuditTrialReportForDelete(FaxAddressBookTest.java:696)
at java.base/java.util.ArrayList.forEach(Unknown Source)
... Removed 27 stack frames]]>
    </failure>
  </testcase> <!-- VerifyAuditTrialReportForDelete -->
  <testcase classname="com.tetherfi.test.fax.FaxAddressBookTest" name="VerifyDragAndDropofAddressBook" time="2.915"/>
  <testcase classname="com.tetherfi.test.fax.FaxAddressBookTest" name="VerifyDragAndDropofAlreadyGroupedHeader" time="3.446"/>
  <testcase classname="com.tetherfi.test.fax.FaxAddressBookTest" name="VerifyAddressBookDropdownForAllTheColumns" time="47.068"/>
  <testcase classname="com.tetherfi.test.fax.FaxAddressBookTest" name="VerifyAddressBookColumnsHeaderEnable" time="30.454">
    <failure type="org.openqa.selenium.TimeoutException" message="Expected condition failed: waiting for visibility of [[ChromeDriver: chrome on WINDOWS (8beaa43ff8521719716aaaafb9d52d35)] -&amp;gt; css selector: th a[class=&amp;apos;k-header-column-menu&amp;apos;]] (tried for 30 second(s) with 500 milliseconds interval)
Build info: version: &amp;apos;3.141.59&amp;apos;, revision: &amp;apos;e82be7d358&amp;apos;, time: &amp;apos;2018-11-14T08:17:03&amp;apos;
System info: host: &amp;apos;DESKTOP-O6A5C2O&amp;apos;, ip: &amp;apos;10.0.75.1&amp;apos;, os.name: &amp;apos;Windows 10&amp;apos;, os.arch: &amp;apos;amd64&amp;apos;, os.version: &amp;apos;10.0&amp;apos;, java.version: &amp;apos;9.0.4&amp;apos;
Driver info: org.openqa.selenium.chrome.ChromeDriver
Capabilities {acceptInsecureCerts: false, browserName: chrome, browserVersion: 80.0.3987.116, chrome: {chromedriverVersion: 80.0.3987.106 (f68069574609..., userDataDir: C:\Users\admin\AppData\Loca...}, goog:chromeOptions: {debuggerAddress: localhost:63250}, javascriptEnabled: true, networkConnectionEnabled: false, pageLoadStrategy: normal, platform: WINDOWS, platformName: WINDOWS, proxy: Proxy(), setWindowRect: true, strictFileInteractability: false, timeouts: {implicit: 0, pageLoad: 300000, script: 30000}, unhandledPromptBehavior: dismiss and notify}
Session ID: 8beaa43ff8521719716aaaafb9d52d35">
      <![CDATA[org.openqa.selenium.TimeoutException: Expected condition failed: waiting for visibility of [[ChromeDriver: chrome on WINDOWS (8beaa43ff8521719716aaaafb9d52d35)] -> css selector: th a[class='k-header-column-menu']] (tried for 30 second(s) with 500 milliseconds interval)
Build info: version: '3.141.59', revision: 'e82be7d358', time: '2018-11-14T08:17:03'
System info: host: 'DESKTOP-O6A5C2O', ip: '10.0.75.1', os.name: 'Windows 10', os.arch: 'amd64', os.version: '10.0', java.version: '9.0.4'
Driver info: org.openqa.selenium.chrome.ChromeDriver
Capabilities {acceptInsecureCerts: false, browserName: chrome, browserVersion: 80.0.3987.116, chrome: {chromedriverVersion: 80.0.3987.106 (f68069574609..., userDataDir: C:\Users\admin\AppData\Loca...}, goog:chromeOptions: {debuggerAddress: localhost:63250}, javascriptEnabled: true, networkConnectionEnabled: false, pageLoadStrategy: normal, platform: WINDOWS, platformName: WINDOWS, proxy: Proxy(), setWindowRect: true, strictFileInteractability: false, timeouts: {implicit: 0, pageLoad: 300000, script: 30000}, unhandledPromptBehavior: dismiss and notify}
Session ID: 8beaa43ff8521719716aaaafb9d52d35
at org.openqa.selenium.support.ui.WebDriverWait.timeoutException(WebDriverWait.java:95)
at org.openqa.selenium.support.ui.FluentWait.until(FluentWait.java:272)
at com.tetherfi.pages.BasePage.waitUntilWebElementIsVisible(BasePage.java:127)
at com.tetherfi.pages.FaxAddressBookPage.verifycolumnsHeaderEnabledAdress(FaxAddressBookPage.java:773)
at com.tetherfi.test.fax.FaxAddressBookTest.VerifyAddressBookColumnsHeaderEnable(FaxAddressBookTest.java:729)
at java.base/java.util.ArrayList.forEach(Unknown Source)
... Removed 27 stack frames]]>
    </failure>
  </testcase> <!-- VerifyAddressBookColumnsHeaderEnable -->
  <testcase classname="com.tetherfi.test.fax.FaxAddressBookTest" name="VerifyAddressBookColumnsHeaderDisable" time="0.378"/>
  <testcase classname="com.tetherfi.test.fax.FaxAddressBookTest" name="SearchRecipientClearSearch" time="44.382">
    <failure type="org.openqa.selenium.NoSuchElementException" message="no such element: Unable to locate element: {&amp;quot;method&amp;quot;:&amp;quot;xpath&amp;quot;,&amp;quot;selector&amp;quot;:&amp;quot;//div[text()=&amp;apos;No records to display&amp;apos;]&amp;quot;}
  (Session info: chrome=80.0.3987.116)
For documentation on this error, please visit: https://www.seleniumhq.org/exceptions/no_such_element.html
Build info: version: &amp;apos;3.141.59&amp;apos;, revision: &amp;apos;e82be7d358&amp;apos;, time: &amp;apos;2018-11-14T08:17:03&amp;apos;
System info: host: &amp;apos;DESKTOP-O6A5C2O&amp;apos;, ip: &amp;apos;10.0.75.1&amp;apos;, os.name: &amp;apos;Windows 10&amp;apos;, os.arch: &amp;apos;amd64&amp;apos;, os.version: &amp;apos;10.0&amp;apos;, java.version: &amp;apos;9.0.4&amp;apos;
Driver info: org.openqa.selenium.chrome.ChromeDriver
Capabilities {acceptInsecureCerts: false, browserName: chrome, browserVersion: 80.0.3987.116, chrome: {chromedriverVersion: 80.0.3987.106 (f68069574609..., userDataDir: C:\Users\admin\AppData\Loca...}, goog:chromeOptions: {debuggerAddress: localhost:63250}, javascriptEnabled: true, networkConnectionEnabled: false, pageLoadStrategy: normal, platform: WINDOWS, platformName: WINDOWS, proxy: Proxy(), setWindowRect: true, strictFileInteractability: false, timeouts: {implicit: 0, pageLoad: 300000, script: 30000}, unhandledPromptBehavior: dismiss and notify}
Session ID: 8beaa43ff8521719716aaaafb9d52d35
*** Element info: {Using=xpath, value=//div[text()=&amp;apos;No records to display&amp;apos;]}">
      <![CDATA[org.openqa.selenium.NoSuchElementException: no such element: Unable to locate element: {"method":"xpath","selector":"//div[text()='No records to display']"}
  (Session info: chrome=80.0.3987.116)
For documentation on this error, please visit: https://www.seleniumhq.org/exceptions/no_such_element.html
Build info: version: '3.141.59', revision: 'e82be7d358', time: '2018-11-14T08:17:03'
System info: host: 'DESKTOP-O6A5C2O', ip: '10.0.75.1', os.name: 'Windows 10', os.arch: 'amd64', os.version: '10.0', java.version: '9.0.4'
Driver info: org.openqa.selenium.chrome.ChromeDriver
Capabilities {acceptInsecureCerts: false, browserName: chrome, browserVersion: 80.0.3987.116, chrome: {chromedriverVersion: 80.0.3987.106 (f68069574609..., userDataDir: C:\Users\admin\AppData\Loca...}, goog:chromeOptions: {debuggerAddress: localhost:63250}, javascriptEnabled: true, networkConnectionEnabled: false, pageLoadStrategy: normal, platform: WINDOWS, platformName: WINDOWS, proxy: Proxy(), setWindowRect: true, strictFileInteractability: false, timeouts: {implicit: 0, pageLoad: 300000, script: 30000}, unhandledPromptBehavior: dismiss and notify}
Session ID: 8beaa43ff8521719716aaaafb9d52d35
*** Element info: {Using=xpath, value=//div[text()='No records to display']}
at org.openqa.selenium.remote.http.W3CHttpResponseCodec.createException(W3CHttpResponseCodec.java:187)
at org.openqa.selenium.remote.http.W3CHttpResponseCodec.decode(W3CHttpResponseCodec.java:122)
at org.openqa.selenium.remote.http.W3CHttpResponseCodec.decode(W3CHttpResponseCodec.java:49)
at org.openqa.selenium.remote.HttpCommandExecutor.execute(HttpCommandExecutor.java:158)
at org.openqa.selenium.remote.service.DriverCommandExecutor.execute(DriverCommandExecutor.java:83)
at org.openqa.selenium.remote.RemoteWebDriver.execute(RemoteWebDriver.java:552)
at org.openqa.selenium.remote.RemoteWebDriver.findElement(RemoteWebDriver.java:323)
at org.openqa.selenium.remote.RemoteWebDriver.findElementByXPath(RemoteWebDriver.java:428)
at org.openqa.selenium.By$ByXPath.findElement(By.java:353)
at org.openqa.selenium.remote.RemoteWebDriver.findElement(RemoteWebDriver.java:315)
at org.openqa.selenium.support.pagefactory.DefaultElementLocator.findElement(DefaultElementLocator.java:69)
at org.openqa.selenium.support.pagefactory.internal.LocatingElementHandler.invoke(LocatingElementHandler.java:38)
at com.sun.proxy.$Proxy14.isDisplayed(Unknown Source)
at com.tetherfi.pages.FaxAddressBookPage.verifyinvalidRecipientsearchwithwrongdata(FaxAddressBookPage.java:1169)
at com.tetherfi.test.fax.FaxAddressBookTest.SearchRecipientClearSearch(FaxAddressBookTest.java:745)
at java.base/java.util.ArrayList.forEach(Unknown Source)
... Removed 31 stack frames]]>
    </failure>
  </testcase> <!-- SearchRecipientClearSearch -->
  <testcase classname="com.tetherfi.test.fax.FaxAddressBookTest" name="AddressBookSearchClearAllClose" time="4.45"/>
  <testcase classname="com.tetherfi.test.fax.FaxAddressBookTest" name="searchAddressBookwithoutSearchTextbox" time="2.569"/>
  <testcase classname="com.tetherfi.test.fax.FaxAddressBookTest" name="SearchClearSearch" time="4.805"/>
  <testcase classname="com.tetherfi.test.fax.FaxAddressBookTest" name="VerifyArrowMoveForPreviousAndNextPage" time="0.021"/>
  <testcase classname="com.tetherfi.test.fax.FaxAddressBookTest" name="VerifyArrowMoveForFirstAndLastPage" time="0.033"/>
  <testcase classname="com.tetherfi.test.fax.FaxAddressBookTest" name="VerifyTotalNumberOfItemsPerPageDetails" time="0.035"/>
  <testcase classname="com.tetherfi.test.fax.FaxAddressBookTest" name="VerifyNumberOfItemsPerPageSelection" time="2.622">
    <failure type="java.lang.AssertionError" message="item per page assertion failed did not expect to find [true] but found [false]">
      <![CDATA[java.lang.AssertionError: item per page assertion failed did not expect to find [true] but found [false]
at com.tetherfi.test.fax.FaxAddressBookTest.VerifyNumberOfItemsPerPageSelection(FaxAddressBookTest.java:800)
at java.base/java.util.ArrayList.forEach(Unknown Source)
... Removed 30 stack frames]]>
    </failure>
  </testcase> <!-- VerifyNumberOfItemsPerPageSelection -->
  <testcase classname="com.tetherfi.test.fax.FaxAddressBookTest" name="DeleteRecipientRecordAssignedtoAddressBook" time="4.081"/>
  <testcase classname="com.tetherfi.test.fax.FaxAddressBookTest" name="ExporttoExcelWithoutDataRecipient" time="2.483">
    <failure type="org.openqa.selenium.ElementClickInterceptedException" message="element click intercepted: Element &amp;lt;span unselectable=&amp;quot;on&amp;quot; class=&amp;quot;k-select&amp;quot; aria-label=&amp;quot;select&amp;quot;&amp;gt;...&amp;lt;/span&amp;gt; is not clickable at point (828, 175). Other element would receive the click: &amp;lt;span title=&amp;quot;Please select the criteria&amp;quot; class=&amp;quot;k-widget k-dropdown&amp;quot; unselectable=&amp;quot;on&amp;quot; role=&amp;quot;listbox&amp;quot; aria-haspopup=&amp;quot;true&amp;quot; aria-expanded=&amp;quot;false&amp;quot; aria-owns=&amp;quot;1001sCriteria_listbox&amp;quot; aria-live=&amp;quot;polite&amp;quot; aria-disabled=&amp;quot;true&amp;quot; style=&amp;quot;&amp;quot;&amp;gt;...&amp;lt;/span&amp;gt;
  (Session info: chrome=80.0.3987.116)
Build info: version: &amp;apos;3.141.59&amp;apos;, revision: &amp;apos;e82be7d358&amp;apos;, time: &amp;apos;2018-11-14T08:17:03&amp;apos;
System info: host: &amp;apos;DESKTOP-O6A5C2O&amp;apos;, ip: &amp;apos;10.0.75.1&amp;apos;, os.name: &amp;apos;Windows 10&amp;apos;, os.arch: &amp;apos;amd64&amp;apos;, os.version: &amp;apos;10.0&amp;apos;, java.version: &amp;apos;9.0.4&amp;apos;
Driver info: org.openqa.selenium.chrome.ChromeDriver
Capabilities {acceptInsecureCerts: false, browserName: chrome, browserVersion: 80.0.3987.116, chrome: {chromedriverVersion: 80.0.3987.106 (f68069574609..., userDataDir: C:\Users\admin\AppData\Loca...}, goog:chromeOptions: {debuggerAddress: localhost:63250}, javascriptEnabled: true, networkConnectionEnabled: false, pageLoadStrategy: normal, platform: WINDOWS, platformName: WINDOWS, proxy: Proxy(), setWindowRect: true, strictFileInteractability: false, timeouts: {implicit: 0, pageLoad: 300000, script: 30000}, unhandledPromptBehavior: dismiss and notify}
Session ID: 8beaa43ff8521719716aaaafb9d52d35">
      <![CDATA[org.openqa.selenium.ElementClickInterceptedException: element click intercepted: Element <span unselectable="on" class="k-select" aria-label="select">...</span> is not clickable at point (828, 175). Other element would receive the click: <span title="Please select the criteria" class="k-widget k-dropdown" unselectable="on" role="listbox" aria-haspopup="true" aria-expanded="false" aria-owns="1001sCriteria_listbox" aria-live="polite" aria-disabled="true" style="">...</span>
  (Session info: chrome=80.0.3987.116)
Build info: version: '3.141.59', revision: 'e82be7d358', time: '2018-11-14T08:17:03'
System info: host: 'DESKTOP-O6A5C2O', ip: '10.0.75.1', os.name: 'Windows 10', os.arch: 'amd64', os.version: '10.0', java.version: '9.0.4'
Driver info: org.openqa.selenium.chrome.ChromeDriver
Capabilities {acceptInsecureCerts: false, browserName: chrome, browserVersion: 80.0.3987.116, chrome: {chromedriverVersion: 80.0.3987.106 (f68069574609..., userDataDir: C:\Users\admin\AppData\Loca...}, goog:chromeOptions: {debuggerAddress: localhost:63250}, javascriptEnabled: true, networkConnectionEnabled: false, pageLoadStrategy: normal, platform: WINDOWS, platformName: WINDOWS, proxy: Proxy(), setWindowRect: true, strictFileInteractability: false, timeouts: {implicit: 0, pageLoad: 300000, script: 30000}, unhandledPromptBehavior: dismiss and notify}
Session ID: 8beaa43ff8521719716aaaafb9d52d35
at org.openqa.selenium.remote.http.W3CHttpResponseCodec.createException(W3CHttpResponseCodec.java:187)
at org.openqa.selenium.remote.http.W3CHttpResponseCodec.decode(W3CHttpResponseCodec.java:122)
at org.openqa.selenium.remote.http.W3CHttpResponseCodec.decode(W3CHttpResponseCodec.java:49)
at org.openqa.selenium.remote.HttpCommandExecutor.execute(HttpCommandExecutor.java:158)
at org.openqa.selenium.remote.service.DriverCommandExecutor.execute(DriverCommandExecutor.java:83)
at org.openqa.selenium.remote.RemoteWebDriver.execute(RemoteWebDriver.java:552)
at org.openqa.selenium.remote.RemoteWebElement.execute(RemoteWebElement.java:285)
at org.openqa.selenium.remote.RemoteWebElement.click(RemoteWebElement.java:84)
at com.tetherfi.pages.BasePage.selectWebElement(BasePage.java:202)
at com.tetherfi.pages.FaxAddressBookPage.searchRecipientRecord(FaxAddressBookPage.java:943)
at com.tetherfi.pages.FaxAddressBookPage.ExporttoExcelWithoutDataRecipient(FaxAddressBookPage.java:1515)
at com.tetherfi.test.fax.FaxAddressBookTest.ExporttoExcelWithoutDataRecipient(FaxAddressBookTest.java:819)
at java.base/java.util.ArrayList.forEach(Unknown Source)
... Removed 31 stack frames]]>
    </failure>
  </testcase> <!-- ExporttoExcelWithoutDataRecipient -->
  <testcase classname="com.tetherfi.test.fax.FaxAddressBookTest" name="ExporttoExcelWithoutDataAddressbook" time="6.444"/>
  <testcase classname="com.tetherfi.test.fax.FaxAddressBookTest" name="VerifyRecipientdatabase" time="2.026"/>
  <testcase classname="com.tetherfi.test.fax.FaxAddressBookTest" name="verifyAddressBookdatabase" time="2.391">
    <failure type="java.lang.AssertionError" message="did not expect to find [true] but found [false]">
      <![CDATA[java.lang.AssertionError: did not expect to find [true] but found [false]
at com.tetherfi.test.fax.FaxAddressBookTest.verifyAddressBookdatabase(FaxAddressBookTest.java:845)
at java.base/java.util.ArrayList.forEach(Unknown Source)
... Removed 31 stack frames]]>
    </failure>
  </testcase> <!-- verifyAddressBookdatabase -->
</testsuite> <!-- FaxAddressBookTest -->
