<?xml version="1.0" encoding="UTF-8"?>
<!-- Generated by org.testng.reporters.JUnitXMLReporter -->
<testsuite ignored="0" hostname="DESKTOP-O6A5C2O" failures="18" tests="63" name="FaxAddressBookTest" time="864.883" errors="0" timestamp="2020-04-26T01:52:46 IST">
  <testcase classname="com.tetherfi.test.fax.FaxAddressBookTest" name="FaxSendersPage" time="0.628"/>
  <testcase classname="com.tetherfi.test.fax.FaxAddressBookTest" name="VerifyDropdownForAllTheColumns" time="20.953">
    <failure type="java.lang.AssertionError" message="Columns dropdown assertion failed did not expect to find [true] but found [false]">
      <![CDATA[java.lang.AssertionError: Columns dropdown assertion failed did not expect to find [true] but found [false]
at com.tetherfi.test.fax.FaxAddressBookTest.VerifyDropdownForAllTheColumns(FaxAddressBookTest.java:66)
at java.base/java.util.ArrayList.forEach(Unknown Source)
... Removed 30 stack frames]]>
    </failure>
  </testcase> <!-- VerifyDropdownForAllTheColumns -->
  <testcase classname="com.tetherfi.test.fax.FaxAddressBookTest" name="VerifyColumnsHeaderEnableRecepient" time="7.707"/>
  <testcase classname="com.tetherfi.test.fax.FaxAddressBookTest" name="VerifyColumnsHeaderDisable" time="22.475"/>
  <testcase classname="com.tetherfi.test.fax.FaxAddressBookTest" name="VerifyCancelButtonAtAddAdhocOptionEnhancementRecord" time="1.691"/>
  <testcase classname="com.tetherfi.test.fax.FaxAddressBookTest" name="AddNewRecipientRecord" time="2.542"/>
  <testcase classname="com.tetherfi.test.fax.FaxAddressBookTest" name="VerifyAuditTrailReportForCreate" time="27.28"/>
  <testcase classname="com.tetherfi.test.fax.FaxAddressBookTest" name="AddDuplicateRecipientRecord" time="3.139"/>
  <testcase classname="com.tetherfi.test.fax.FaxAddressBookTest" name="AddNewEmptyFaxAddressBookRecipientRecord" time="2.234"/>
  <testcase classname="com.tetherfi.test.fax.FaxAddressBookTest" name="AddNewFaxAddressBookRecipientWithoutFirstNameRecord" time="3.231"/>
  <testcase classname="com.tetherfi.test.fax.FaxAddressBookTest" name="AddNewFaxAddressBookRecipientWithoutNumberRecord" time="3.699"/>
  <testcase classname="com.tetherfi.test.fax.FaxAddressBookTest" name="AddNewFaxAddressBookRecord" time="6.612"/>
  <testcase classname="com.tetherfi.test.fax.FaxAddressBookTest" name="VerifyAuditTrailReportForAddressCreate" time="26.692"/>
  <testcase classname="com.tetherfi.test.fax.FaxAddressBookTest" name="AddNewDuplicateRecord" time="6.18"/>
  <testcase classname="com.tetherfi.test.fax.FaxAddressBookTest" name="AddNewEmptyRecord" time="0.97"/>
  <testcase classname="com.tetherfi.test.fax.FaxAddressBookTest" name="AddNewRecordWithoutFaxLine" time="3.624"/>
  <testcase classname="com.tetherfi.test.fax.FaxAddressBookTest" name="AddNewRecordWithoutName" time="6.023"/>
  <testcase classname="com.tetherfi.test.fax.FaxAddressBookTest" name="AddNewRecordWithoutRecipients" time="23.244">
    <failure type="org.openqa.selenium.TimeoutException" message="Expected condition failed: waiting for visibility of [[ChromeDriver: chrome on WINDOWS (d8c804aef406ebb75d91e5e4fe4724f6)] -&amp;gt; css selector: ul[id=&amp;apos;FaxLine_listbox&amp;apos;] li] (tried for 20 second(s) with 500 milliseconds interval)
Build info: version: &amp;apos;3.141.59&amp;apos;, revision: &amp;apos;e82be7d358&amp;apos;, time: &amp;apos;2018-11-14T08:17:03&amp;apos;
System info: host: &amp;apos;DESKTOP-O6A5C2O&amp;apos;, ip: &amp;apos;10.0.75.1&amp;apos;, os.name: &amp;apos;Windows 10&amp;apos;, os.arch: &amp;apos;amd64&amp;apos;, os.version: &amp;apos;10.0&amp;apos;, java.version: &amp;apos;9.0.4&amp;apos;
Driver info: org.openqa.selenium.chrome.ChromeDriver
Capabilities {acceptInsecureCerts: false, browserName: chrome, browserVersion: 80.0.3987.116, chrome: {chromedriverVersion: 80.0.3987.106 (f68069574609..., userDataDir: C:\Users\admin\AppData\Loca...}, goog:chromeOptions: {debuggerAddress: localhost:61675}, javascriptEnabled: true, networkConnectionEnabled: false, pageLoadStrategy: normal, platform: WINDOWS, platformName: WINDOWS, proxy: Proxy(), setWindowRect: true, strictFileInteractability: false, timeouts: {implicit: 0, pageLoad: 300000, script: 30000}, unhandledPromptBehavior: dismiss and notify}
Session ID: d8c804aef406ebb75d91e5e4fe4724f6">
      <![CDATA[org.openqa.selenium.TimeoutException: Expected condition failed: waiting for visibility of [[ChromeDriver: chrome on WINDOWS (d8c804aef406ebb75d91e5e4fe4724f6)] -> css selector: ul[id='FaxLine_listbox'] li] (tried for 20 second(s) with 500 milliseconds interval)
Build info: version: '3.141.59', revision: 'e82be7d358', time: '2018-11-14T08:17:03'
System info: host: 'DESKTOP-O6A5C2O', ip: '10.0.75.1', os.name: 'Windows 10', os.arch: 'amd64', os.version: '10.0', java.version: '9.0.4'
Driver info: org.openqa.selenium.chrome.ChromeDriver
Capabilities {acceptInsecureCerts: false, browserName: chrome, browserVersion: 80.0.3987.116, chrome: {chromedriverVersion: 80.0.3987.106 (f68069574609..., userDataDir: C:\Users\admin\AppData\Loca...}, goog:chromeOptions: {debuggerAddress: localhost:61675}, javascriptEnabled: true, networkConnectionEnabled: false, pageLoadStrategy: normal, platform: WINDOWS, platformName: WINDOWS, proxy: Proxy(), setWindowRect: true, strictFileInteractability: false, timeouts: {implicit: 0, pageLoad: 300000, script: 30000}, unhandledPromptBehavior: dismiss and notify}
Session ID: d8c804aef406ebb75d91e5e4fe4724f6
at org.openqa.selenium.support.ui.WebDriverWait.timeoutException(WebDriverWait.java:95)
at org.openqa.selenium.support.ui.FluentWait.until(FluentWait.java:272)
at com.tetherfi.pages.BasePage.waitUntilWebElementListIsVisible(BasePage.java:139)
at com.tetherfi.pages.BasePage.selectDropdownFromVisibleText(BasePage.java:335)
at com.tetherfi.pages.FaxAddressBookPage.addNewAddressBookRecordWithoutRecipients(FaxAddressBookPage.java:1094)
at com.tetherfi.test.fax.FaxAddressBookTest.AddNewRecordWithoutRecipients(FaxAddressBookTest.java:234)
at java.base/java.util.ArrayList.forEach(Unknown Source)
... Removed 27 stack frames]]>
    </failure>
  </testcase> <!-- AddNewRecordWithoutRecipients -->
  <testcase classname="com.tetherfi.test.fax.FaxAddressBookTest" name="ExportToExcel" time="3.208"/>
  <testcase classname="com.tetherfi.test.fax.FaxAddressBookTest" name="ExportToExcelData" time="0.446">
    <failure type="java.lang.ArrayIndexOutOfBoundsException" message="1">
      <![CDATA[java.lang.ArrayIndexOutOfBoundsException: 1
at com.tetherfi.pages.FaxAddressBookPage.getdata(FaxAddressBookPage.java:387)
at com.tetherfi.pages.FaxAddressBookPage.verifyexportToExcelSheet(FaxAddressBookPage.java:325)
at com.tetherfi.test.fax.FaxAddressBookTest.ExportToExcelData(FaxAddressBookTest.java:253)
at java.base/java.util.ArrayList.forEach(Unknown Source)
... Removed 27 stack frames]]>
    </failure>
  </testcase> <!-- ExportToExcelData -->
  <testcase classname="com.tetherfi.test.fax.FaxAddressBookTest" name="SortingByAscending" time="4.669"/>
  <testcase classname="com.tetherfi.test.fax.FaxAddressBookTest" name="SortingByDescending" time="4.98"/>
  <testcase classname="com.tetherfi.test.fax.FaxAddressBookTest" name="AddressBookExportToExcel" time="3.881"/>
  <testcase classname="com.tetherfi.test.fax.FaxAddressBookTest" name="AddressBookExportToExcelData" time="0.054">
    <failure type="java.lang.ArrayIndexOutOfBoundsException" message="1">
      <![CDATA[java.lang.ArrayIndexOutOfBoundsException: 1
at com.tetherfi.pages.FaxAddressBookPage.getAddressBookdata(FaxAddressBookPage.java:355)
at com.tetherfi.pages.FaxAddressBookPage.verifyAddressBookexportToExcelSheet(FaxAddressBookPage.java:340)
at com.tetherfi.test.fax.FaxAddressBookTest.AddressBookExportToExcelData(FaxAddressBookTest.java:289)
at java.base/java.util.ArrayList.forEach(Unknown Source)
... Removed 27 stack frames]]>
    </failure>
  </testcase> <!-- AddressBookExportToExcelData -->
  <testcase classname="com.tetherfi.test.fax.FaxAddressBookTest" name="AddressBookSortingByAscending" time="7.279"/>
  <testcase classname="com.tetherfi.test.fax.FaxAddressBookTest" name="AddressBookSortingByDescending" time="7.944"/>
  <testcase classname="com.tetherfi.test.fax.FaxAddressBookTest" name="EditRecipientRecord" time="6.598"/>
  <testcase classname="com.tetherfi.test.fax.FaxAddressBookTest" name="VerifyAuditTrialReportForRecipientUpdate" time="25.099"/>
  <testcase classname="com.tetherfi.test.fax.FaxAddressBookTest" name="EditWithoutModifyReasonRecipientRecord" time="3.511">
    <failure type="java.lang.IndexOutOfBoundsException" message="Index 6 out-of-bounds for length 6">
      <![CDATA[java.lang.IndexOutOfBoundsException: Index 6 out-of-bounds for length 6
at java.base/jdk.internal.util.Preconditions.outOfBounds(Unknown Source)
at java.base/jdk.internal.util.Preconditions.outOfBoundsCheckIndex(Unknown Source)
at java.base/jdk.internal.util.Preconditions.checkIndex(Unknown Source)
at java.base/java.util.Objects.checkIndex(Unknown Source)
at java.base/java.util.ArrayList.get(Unknown Source)
at org.openqa.selenium.support.pagefactory.internal.LocatingElementListHandler.invoke(LocatingElementListHandler.java:39)
at com.sun.proxy.$Proxy17.get(Unknown Source)
at com.tetherfi.pages.FaxAddressBookPage.editRecipientWithoutModifyReason(FaxAddressBookPage.java:882)
at com.tetherfi.test.fax.FaxAddressBookTest.EditWithoutModifyReasonRecipientRecord(FaxAddressBookTest.java:343)
at java.base/java.util.ArrayList.forEach(Unknown Source)
... Removed 30 stack frames]]>
    </failure>
  </testcase> <!-- EditWithoutModifyReasonRecipientRecord -->
  <testcase classname="com.tetherfi.test.fax.FaxAddressBookTest" name="VerifyCancelBtnAtEditRecord" time="3.993">
    <failure type="java.lang.IndexOutOfBoundsException" message="Index 6 out-of-bounds for length 6">
      <![CDATA[java.lang.IndexOutOfBoundsException: Index 6 out-of-bounds for length 6
at java.base/jdk.internal.util.Preconditions.outOfBounds(Unknown Source)
at java.base/jdk.internal.util.Preconditions.outOfBoundsCheckIndex(Unknown Source)
at java.base/jdk.internal.util.Preconditions.checkIndex(Unknown Source)
at java.base/java.util.Objects.checkIndex(Unknown Source)
at java.base/java.util.ArrayList.get(Unknown Source)
at org.openqa.selenium.support.pagefactory.internal.LocatingElementListHandler.invoke(LocatingElementListHandler.java:39)
at com.sun.proxy.$Proxy17.get(Unknown Source)
at com.tetherfi.pages.FaxAddressBookPage.clickOnEditButtonrecepient(FaxAddressBookPage.java:779)
at com.tetherfi.test.fax.FaxAddressBookTest.VerifyCancelBtnAtEditRecord(FaxAddressBookTest.java:354)
at java.base/java.util.ArrayList.forEach(Unknown Source)
... Removed 30 stack frames]]>
    </failure>
  </testcase> <!-- VerifyCancelBtnAtEditRecord -->
  <testcase classname="com.tetherfi.test.fax.FaxAddressBookTest" name="EditFaxAddressBookRecord" time="5.185"/>
  <testcase classname="com.tetherfi.test.fax.FaxAddressBookTest" name="VerifyAuditTrialReportForFaxAddressBookUpdate" time="24.695">
    <failure type="java.lang.AssertionError" message="did not expect to find [true] but found [false]">
      <![CDATA[java.lang.AssertionError: did not expect to find [true] but found [false]
at com.tetherfi.test.fax.FaxAddressBookTest.VerifyAuditTrialReportForFaxAddressBookUpdate(FaxAddressBookTest.java:381)
at java.base/java.util.ArrayList.forEach(Unknown Source)
... Removed 31 stack frames]]>
    </failure>
  </testcase> <!-- VerifyAuditTrialReportForFaxAddressBookUpdate -->
  <testcase classname="com.tetherfi.test.fax.FaxAddressBookTest" name="EditWithoutModifyReasonAddressBookRecord" time="43.589">
    <failure type="java.lang.IndexOutOfBoundsException" message="Index 0 out-of-bounds for length 0">
      <![CDATA[java.lang.IndexOutOfBoundsException: Index 0 out-of-bounds for length 0
at java.base/jdk.internal.util.Preconditions.outOfBounds(Unknown Source)
at java.base/jdk.internal.util.Preconditions.outOfBoundsCheckIndex(Unknown Source)
at java.base/jdk.internal.util.Preconditions.checkIndex(Unknown Source)
at java.base/java.util.Objects.checkIndex(Unknown Source)
at java.base/java.util.ArrayList.get(Unknown Source)
at org.openqa.selenium.support.pagefactory.internal.LocatingElementListHandler.invoke(LocatingElementListHandler.java:39)
at com.sun.proxy.$Proxy17.get(Unknown Source)
at com.tetherfi.pages.FaxAddressBookPage.editAddressBookWithoutModifyReason(FaxAddressBookPage.java:1118)
at com.tetherfi.test.fax.FaxAddressBookTest.EditWithoutModifyReasonAddressBookRecord(FaxAddressBookTest.java:390)
at java.base/java.util.ArrayList.forEach(Unknown Source)
... Removed 30 stack frames]]>
    </failure>
  </testcase> <!-- EditWithoutModifyReasonAddressBookRecord -->
  <testcase classname="com.tetherfi.test.fax.FaxAddressBookTest" name="VerifyCancelBtnAtEditAddressBookRecord" time="2.635">
    <failure type="org.openqa.selenium.ElementClickInterceptedException" message="element click intercepted: Element &amp;lt;span unselectable=&amp;quot;on&amp;quot; class=&amp;quot;k-select&amp;quot; aria-label=&amp;quot;select&amp;quot;&amp;gt;...&amp;lt;/span&amp;gt; is not clickable at point (828, 175). Other element would receive the click: &amp;lt;span title=&amp;quot;Please select the criteria&amp;quot; class=&amp;quot;k-widget k-dropdown&amp;quot; unselectable=&amp;quot;on&amp;quot; role=&amp;quot;listbox&amp;quot; aria-haspopup=&amp;quot;true&amp;quot; aria-expanded=&amp;quot;false&amp;quot; aria-owns=&amp;quot;1001sCriteria_listbox&amp;quot; aria-live=&amp;quot;polite&amp;quot; aria-disabled=&amp;quot;true&amp;quot; style=&amp;quot;&amp;quot;&amp;gt;...&amp;lt;/span&amp;gt;
  (Session info: chrome=80.0.3987.116)
Build info: version: &amp;apos;3.141.59&amp;apos;, revision: &amp;apos;e82be7d358&amp;apos;, time: &amp;apos;2018-11-14T08:17:03&amp;apos;
System info: host: &amp;apos;DESKTOP-O6A5C2O&amp;apos;, ip: &amp;apos;10.0.75.1&amp;apos;, os.name: &amp;apos;Windows 10&amp;apos;, os.arch: &amp;apos;amd64&amp;apos;, os.version: &amp;apos;10.0&amp;apos;, java.version: &amp;apos;9.0.4&amp;apos;
Driver info: org.openqa.selenium.chrome.ChromeDriver
Capabilities {acceptInsecureCerts: false, browserName: chrome, browserVersion: 80.0.3987.116, chrome: {chromedriverVersion: 80.0.3987.106 (f68069574609..., userDataDir: C:\Users\admin\AppData\Loca...}, goog:chromeOptions: {debuggerAddress: localhost:61675}, javascriptEnabled: true, networkConnectionEnabled: false, pageLoadStrategy: normal, platform: WINDOWS, platformName: WINDOWS, proxy: Proxy(), setWindowRect: true, strictFileInteractability: false, timeouts: {implicit: 0, pageLoad: 300000, script: 30000}, unhandledPromptBehavior: dismiss and notify}
Session ID: d8c804aef406ebb75d91e5e4fe4724f6">
      <![CDATA[org.openqa.selenium.ElementClickInterceptedException: element click intercepted: Element <span unselectable="on" class="k-select" aria-label="select">...</span> is not clickable at point (828, 175). Other element would receive the click: <span title="Please select the criteria" class="k-widget k-dropdown" unselectable="on" role="listbox" aria-haspopup="true" aria-expanded="false" aria-owns="1001sCriteria_listbox" aria-live="polite" aria-disabled="true" style="">...</span>
  (Session info: chrome=80.0.3987.116)
Build info: version: '3.141.59', revision: 'e82be7d358', time: '2018-11-14T08:17:03'
System info: host: 'DESKTOP-O6A5C2O', ip: '10.0.75.1', os.name: 'Windows 10', os.arch: 'amd64', os.version: '10.0', java.version: '9.0.4'
Driver info: org.openqa.selenium.chrome.ChromeDriver
Capabilities {acceptInsecureCerts: false, browserName: chrome, browserVersion: 80.0.3987.116, chrome: {chromedriverVersion: 80.0.3987.106 (f68069574609..., userDataDir: C:\Users\admin\AppData\Loca...}, goog:chromeOptions: {debuggerAddress: localhost:61675}, javascriptEnabled: true, networkConnectionEnabled: false, pageLoadStrategy: normal, platform: WINDOWS, platformName: WINDOWS, proxy: Proxy(), setWindowRect: true, strictFileInteractability: false, timeouts: {implicit: 0, pageLoad: 300000, script: 30000}, unhandledPromptBehavior: dismiss and notify}
Session ID: d8c804aef406ebb75d91e5e4fe4724f6
at org.openqa.selenium.remote.http.W3CHttpResponseCodec.createException(W3CHttpResponseCodec.java:187)
at org.openqa.selenium.remote.http.W3CHttpResponseCodec.decode(W3CHttpResponseCodec.java:122)
at org.openqa.selenium.remote.http.W3CHttpResponseCodec.decode(W3CHttpResponseCodec.java:49)
at org.openqa.selenium.remote.HttpCommandExecutor.execute(HttpCommandExecutor.java:158)
at org.openqa.selenium.remote.service.DriverCommandExecutor.execute(DriverCommandExecutor.java:83)
at org.openqa.selenium.remote.RemoteWebDriver.execute(RemoteWebDriver.java:552)
at org.openqa.selenium.remote.RemoteWebElement.execute(RemoteWebElement.java:285)
at org.openqa.selenium.remote.RemoteWebElement.click(RemoteWebElement.java:84)
at com.tetherfi.pages.BasePage.selectWebElement(BasePage.java:202)
at com.tetherfi.pages.FaxAddressBookPage.searchRecipientRecord(FaxAddressBookPage.java:869)
at com.tetherfi.pages.FaxAddressBookPage.clickOnEditButtonAddress(FaxAddressBookPage.java:784)
at com.tetherfi.test.fax.FaxAddressBookTest.VerifyCancelBtnAtEditAddressBookRecord(FaxAddressBookTest.java:400)
at java.base/java.util.ArrayList.forEach(Unknown Source)
... Removed 31 stack frames]]>
    </failure>
  </testcase> <!-- VerifyCancelBtnAtEditAddressBookRecord -->
  <testcase classname="com.tetherfi.test.fax.FaxAddressBookTest" name="DeleteWithoutDeleteReasonAddressBookRecord" time="5.147"/>
  <testcase classname="com.tetherfi.test.fax.FaxAddressBookTest" name="VerifyCancelBtnAtDeleteAddressRecord" time="4.137"/>
  <testcase classname="com.tetherfi.test.fax.FaxAddressBookTest" name="DeleteAddressBookRecord" time="4.559"/>
  <testcase classname="com.tetherfi.test.fax.FaxAddressBookTest" name="VerifyAuditTrialReportForAddressBookDelete" time="24.51">
    <failure type="java.lang.AssertionError" message="did not expect to find [true] but found [false]">
      <![CDATA[java.lang.AssertionError: did not expect to find [true] but found [false]
at com.tetherfi.test.fax.FaxAddressBookTest.VerifyAuditTrialReportForAddressBookDelete(FaxAddressBookTest.java:448)
at java.base/java.util.ArrayList.forEach(Unknown Source)
... Removed 31 stack frames]]>
    </failure>
  </testcase> <!-- VerifyAuditTrialReportForAddressBookDelete -->
  <testcase classname="com.tetherfi.test.fax.FaxAddressBookTest" name="DeleteRecepientWithoutDeleteReasonRecord" time="3.953"/>
  <testcase classname="com.tetherfi.test.fax.FaxAddressBookTest" name="VerifyCancelBtnAtDeleteRecepientRecord" time="0.045">
    <failure type="java.lang.IndexOutOfBoundsException" message="Index 1 out-of-bounds for length 1">
      <![CDATA[java.lang.IndexOutOfBoundsException: Index 1 out-of-bounds for length 1
at java.base/jdk.internal.util.Preconditions.outOfBounds(Unknown Source)
at java.base/jdk.internal.util.Preconditions.outOfBoundsCheckIndex(Unknown Source)
at java.base/jdk.internal.util.Preconditions.checkIndex(Unknown Source)
at java.base/java.util.Objects.checkIndex(Unknown Source)
at java.base/java.util.ArrayList.get(Unknown Source)
at com.tetherfi.test.fax.FaxAddressBookTest.VerifyCancelBtnAtDeleteRecepientRecord(FaxAddressBookTest.java:464)
at java.base/java.util.ArrayList.forEach(Unknown Source)
... Removed 27 stack frames]]>
    </failure>
  </testcase> <!-- VerifyCancelBtnAtDeleteRecepientRecord -->
  <testcase classname="com.tetherfi.test.fax.FaxAddressBookTest" name="DeleteRecipientRecord" time="4.514"/>
  <testcase classname="com.tetherfi.test.fax.FaxAddressBookTest" name="VerifyAuditTrialReportForDelete" time="26.064">
    <failure type="java.lang.AssertionError" message="did not expect to find [true] but found [false]">
      <![CDATA[java.lang.AssertionError: did not expect to find [true] but found [false]
at com.tetherfi.test.fax.FaxAddressBookTest.VerifyAuditTrialReportForDelete(FaxAddressBookTest.java:494)
at java.base/java.util.ArrayList.forEach(Unknown Source)
... Removed 31 stack frames]]>
    </failure>
  </testcase> <!-- VerifyAuditTrialReportForDelete -->
  <testcase classname="com.tetherfi.test.fax.FaxAddressBookTest" name="VerifyRecipientArrowMoveForPreviousAndNextPage" time="0.321"/>
  <testcase classname="com.tetherfi.test.fax.FaxAddressBookTest" name="VerifyRecipientArrowMoveForFirstAndLastPage" time="0.355"/>
  <testcase classname="com.tetherfi.test.fax.FaxAddressBookTest" name="VerifyRecipientTotalNumberOfItemsPerPageDetails" time="0.353"/>
  <testcase classname="com.tetherfi.test.fax.FaxAddressBookTest" name="VerifyRecipientNumberOfItemsPerPageSelection" time="0.264">
    <failure type="java.lang.AssertionError" message="item per page assertion failed did not expect to find [true] but found [false]">
      <![CDATA[java.lang.AssertionError: item per page assertion failed did not expect to find [true] but found [false]
at com.tetherfi.test.fax.FaxAddressBookTest.VerifyRecipientNumberOfItemsPerPageSelection(FaxAddressBookTest.java:522)
at java.base/java.util.ArrayList.forEach(Unknown Source)
... Removed 30 stack frames]]>
    </failure>
  </testcase> <!-- VerifyRecipientNumberOfItemsPerPageSelection -->
  <testcase classname="com.tetherfi.test.fax.FaxAddressBookTest" name="searchRecipientPageClose" time="3.436"/>
  <testcase classname="com.tetherfi.test.fax.FaxAddressBookTest" name="searchRecipientwithoutSearchTextbox" time="4.545"/>
  <testcase classname="com.tetherfi.test.fax.FaxAddressBookTest" name="VerifyRecipientDragAndDrop" time="2.416">
    <failure type="java.lang.AssertionError" message="drag and drop assertion failed did not expect to find [true] but found [false]">
      <![CDATA[java.lang.AssertionError: drag and drop assertion failed did not expect to find [true] but found [false]
at com.tetherfi.test.fax.FaxAddressBookTest.VerifyRecipientDragAndDrop(FaxAddressBookTest.java:551)
at java.base/java.util.ArrayList.forEach(Unknown Source)
... Removed 30 stack frames]]>
    </failure>
  </testcase> <!-- VerifyRecipientDragAndDrop -->
  <testcase classname="com.tetherfi.test.fax.FaxAddressBookTest" name="VerifyRecipientDragAndDropofAlreadyGroupedHeader" time="3.181">
    <failure type="java.lang.AssertionError" message="drag and drop assertion failed did not expect to find [true] but found [false]">
      <![CDATA[java.lang.AssertionError: drag and drop assertion failed did not expect to find [true] but found [false]
at com.tetherfi.test.fax.FaxAddressBookTest.VerifyRecipientDragAndDropofAlreadyGroupedHeader(FaxAddressBookTest.java:561)
at java.base/java.util.ArrayList.forEach(Unknown Source)
... Removed 30 stack frames]]>
    </failure>
  </testcase> <!-- VerifyRecipientDragAndDropofAlreadyGroupedHeader -->
  <testcase classname="com.tetherfi.test.fax.FaxAddressBookTest" name="VerifyDragAndDrop" time="2.901"/>
  <testcase classname="com.tetherfi.test.fax.FaxAddressBookTest" name="VerifyDragAndDropofAlreadyGroupedHeader" time="3.458"/>
  <testcase classname="com.tetherfi.test.fax.FaxAddressBookTest" name="VerifyAddressBookDropdownForAllTheColumns" time="0.376">
    <failure type="java.lang.AssertionError" message="Columns dropdown assertion failed did not expect to find [true] but found [false]">
      <![CDATA[java.lang.AssertionError: Columns dropdown assertion failed did not expect to find [true] but found [false]
at com.tetherfi.test.fax.FaxAddressBookTest.VerifyAddressBookDropdownForAllTheColumns(FaxAddressBookTest.java:584)
at java.base/java.util.ArrayList.forEach(Unknown Source)
... Removed 30 stack frames]]>
    </failure>
  </testcase> <!-- VerifyAddressBookDropdownForAllTheColumns -->
  <testcase classname="com.tetherfi.test.fax.FaxAddressBookTest" name="VerifyAddressBookColumnsHeaderEnable" time="30.14">
    <failure type="org.openqa.selenium.TimeoutException" message="Expected condition failed: waiting for visibility of [[ChromeDriver: chrome on WINDOWS (d8c804aef406ebb75d91e5e4fe4724f6)] -&amp;gt; css selector: th a[class=&amp;apos;k-header-column-menu&amp;apos;]] (tried for 30 second(s) with 500 milliseconds interval)
Build info: version: &amp;apos;3.141.59&amp;apos;, revision: &amp;apos;e82be7d358&amp;apos;, time: &amp;apos;2018-11-14T08:17:03&amp;apos;
System info: host: &amp;apos;DESKTOP-O6A5C2O&amp;apos;, ip: &amp;apos;10.0.75.1&amp;apos;, os.name: &amp;apos;Windows 10&amp;apos;, os.arch: &amp;apos;amd64&amp;apos;, os.version: &amp;apos;10.0&amp;apos;, java.version: &amp;apos;9.0.4&amp;apos;
Driver info: org.openqa.selenium.chrome.ChromeDriver
Capabilities {acceptInsecureCerts: false, browserName: chrome, browserVersion: 80.0.3987.116, chrome: {chromedriverVersion: 80.0.3987.106 (f68069574609..., userDataDir: C:\Users\admin\AppData\Loca...}, goog:chromeOptions: {debuggerAddress: localhost:61675}, javascriptEnabled: true, networkConnectionEnabled: false, pageLoadStrategy: normal, platform: WINDOWS, platformName: WINDOWS, proxy: Proxy(), setWindowRect: true, strictFileInteractability: false, timeouts: {implicit: 0, pageLoad: 300000, script: 30000}, unhandledPromptBehavior: dismiss and notify}
Session ID: d8c804aef406ebb75d91e5e4fe4724f6">
      <![CDATA[org.openqa.selenium.TimeoutException: Expected condition failed: waiting for visibility of [[ChromeDriver: chrome on WINDOWS (d8c804aef406ebb75d91e5e4fe4724f6)] -> css selector: th a[class='k-header-column-menu']] (tried for 30 second(s) with 500 milliseconds interval)
Build info: version: '3.141.59', revision: 'e82be7d358', time: '2018-11-14T08:17:03'
System info: host: 'DESKTOP-O6A5C2O', ip: '10.0.75.1', os.name: 'Windows 10', os.arch: 'amd64', os.version: '10.0', java.version: '9.0.4'
Driver info: org.openqa.selenium.chrome.ChromeDriver
Capabilities {acceptInsecureCerts: false, browserName: chrome, browserVersion: 80.0.3987.116, chrome: {chromedriverVersion: 80.0.3987.106 (f68069574609..., userDataDir: C:\Users\admin\AppData\Loca...}, goog:chromeOptions: {debuggerAddress: localhost:61675}, javascriptEnabled: true, networkConnectionEnabled: false, pageLoadStrategy: normal, platform: WINDOWS, platformName: WINDOWS, proxy: Proxy(), setWindowRect: true, strictFileInteractability: false, timeouts: {implicit: 0, pageLoad: 300000, script: 30000}, unhandledPromptBehavior: dismiss and notify}
Session ID: d8c804aef406ebb75d91e5e4fe4724f6
at org.openqa.selenium.support.ui.WebDriverWait.timeoutException(WebDriverWait.java:95)
at org.openqa.selenium.support.ui.FluentWait.until(FluentWait.java:272)
at com.tetherfi.pages.BasePage.waitUntilWebElementIsVisible(BasePage.java:127)
at com.tetherfi.pages.FaxAddressBookPage.verifycolumnsHeaderEnabled(FaxAddressBookPage.java:704)
at com.tetherfi.test.fax.FaxAddressBookTest.VerifyAddressBookColumnsHeaderEnable(FaxAddressBookTest.java:590)
at java.base/java.util.ArrayList.forEach(Unknown Source)
... Removed 27 stack frames]]>
    </failure>
  </testcase> <!-- VerifyAddressBookColumnsHeaderEnable -->
  <testcase classname="com.tetherfi.test.fax.FaxAddressBookTest" name="VerifyAddressBookColumnsHeaderDisable" time="7.001"/>
  <testcase classname="com.tetherfi.test.fax.FaxAddressBookTest" name="SearchRecipientClearSearch" time="4.706"/>
  <testcase classname="com.tetherfi.test.fax.FaxAddressBookTest" name="searchRecipientPage" time="4.847"/>
  <testcase classname="com.tetherfi.test.fax.FaxAddressBookTest" name="searchAddressBookwithoutSearchTextbox" time="3.186"/>
  <testcase classname="com.tetherfi.test.fax.FaxAddressBookTest" name="SearchClearSearch" time="4.974"/>
  <testcase classname="com.tetherfi.test.fax.FaxAddressBookTest" name="VerifyArrowMoveForPreviousAndNextPage" time="0.026"/>
  <testcase classname="com.tetherfi.test.fax.FaxAddressBookTest" name="VerifyArrowMoveForFirstAndLastPage" time="0.031"/>
  <testcase classname="com.tetherfi.test.fax.FaxAddressBookTest" name="VerifyTotalNumberOfItemsPerPageDetails" time="0.051"/>
  <testcase classname="com.tetherfi.test.fax.FaxAddressBookTest" name="VerifyNumberOfItemsPerPageSelection" time="3.602">
    <failure type="java.lang.AssertionError" message="item per page assertion failed did not expect to find [true] but found [false]">
      <![CDATA[java.lang.AssertionError: item per page assertion failed did not expect to find [true] but found [false]
at com.tetherfi.test.fax.FaxAddressBookTest.VerifyNumberOfItemsPerPageSelection(FaxAddressBookTest.java:661)
at java.base/java.util.ArrayList.forEach(Unknown Source)
... Removed 30 stack frames]]>
    </failure>
  </testcase> <!-- VerifyNumberOfItemsPerPageSelection -->
</testsuite> <!-- FaxAddressBookTest -->
