<?xml version="1.0" encoding="UTF-8"?>
<!-- Generated by org.testng.reporters.JUnitXMLReporter -->
<testsuite ignored="0" hostname="DESKTOP-O6A5C2O" failures="3" tests="36" name="FaxAutoACKConfigurationTest" time="580.914" errors="0" timestamp="2020-03-16T20:44:59 IST">
  <testcase classname="com.tetherfi.test.fax.FaxAutoACKConfigurationTest" name="@AfterClass DeleteFaxLineConfigRecord" time="6.634">
    <failure type="org.openqa.selenium.StaleElementReferenceException" message="stale element reference: element is not attached to the page document
  (Session info: chrome=78.0.3904.70)
For documentation on this error, please visit: https://www.seleniumhq.org/exceptions/stale_element_reference.html
Build info: version: &amp;apos;3.141.59&amp;apos;, revision: &amp;apos;e82be7d358&amp;apos;, time: &amp;apos;2018-11-14T08:17:03&amp;apos;
System info: host: &amp;apos;DESKTOP-O6A5C2O&amp;apos;, ip: &amp;apos;10.0.75.1&amp;apos;, os.name: &amp;apos;Windows 10&amp;apos;, os.arch: &amp;apos;amd64&amp;apos;, os.version: &amp;apos;10.0&amp;apos;, java.version: &amp;apos;9.0.4&amp;apos;
Driver info: org.openqa.selenium.chrome.ChromeDriver
Capabilities {acceptInsecureCerts: false, browserName: chrome, browserVersion: 78.0.3904.70, chrome: {chromedriverVersion: 78.0.3904.105 (60e2d8774a81..., userDataDir: C:\Users\admin\AppData\Loca...}, goog:chromeOptions: {debuggerAddress: localhost:51660}, javascriptEnabled: true, networkConnectionEnabled: false, pageLoadStrategy: normal, platform: XP, platformName: XP, proxy: Proxy(), setWindowRect: true, strictFileInteractability: false, timeouts: {implicit: 0, pageLoad: 300000, script: 30000}, unhandledPromptBehavior: dismiss and notify}
Session ID: 2477a8c5eeeb97c456aa6e2985840fe1">
      <![CDATA[org.openqa.selenium.StaleElementReferenceException: stale element reference: element is not attached to the page document
  (Session info: chrome=78.0.3904.70)
For documentation on this error, please visit: https://www.seleniumhq.org/exceptions/stale_element_reference.html
Build info: version: '3.141.59', revision: 'e82be7d358', time: '2018-11-14T08:17:03'
System info: host: 'DESKTOP-O6A5C2O', ip: '10.0.75.1', os.name: 'Windows 10', os.arch: 'amd64', os.version: '10.0', java.version: '9.0.4'
Driver info: org.openqa.selenium.chrome.ChromeDriver
Capabilities {acceptInsecureCerts: false, browserName: chrome, browserVersion: 78.0.3904.70, chrome: {chromedriverVersion: 78.0.3904.105 (60e2d8774a81..., userDataDir: C:\Users\admin\AppData\Loca...}, goog:chromeOptions: {debuggerAddress: localhost:51660}, javascriptEnabled: true, networkConnectionEnabled: false, pageLoadStrategy: normal, platform: XP, platformName: XP, proxy: Proxy(), setWindowRect: true, strictFileInteractability: false, timeouts: {implicit: 0, pageLoad: 300000, script: 30000}, unhandledPromptBehavior: dismiss and notify}
Session ID: 2477a8c5eeeb97c456aa6e2985840fe1
at org.openqa.selenium.remote.http.W3CHttpResponseCodec.createException(W3CHttpResponseCodec.java:187)
at org.openqa.selenium.remote.http.W3CHttpResponseCodec.decode(W3CHttpResponseCodec.java:122)
at org.openqa.selenium.remote.http.W3CHttpResponseCodec.decode(W3CHttpResponseCodec.java:49)
at org.openqa.selenium.remote.HttpCommandExecutor.execute(HttpCommandExecutor.java:158)
at org.openqa.selenium.remote.service.DriverCommandExecutor.execute(DriverCommandExecutor.java:83)
at org.openqa.selenium.remote.RemoteWebDriver.execute(RemoteWebDriver.java:552)
at org.openqa.selenium.remote.RemoteWebElement.execute(RemoteWebElement.java:285)
at org.openqa.selenium.remote.RemoteWebElement.isDisplayed(RemoteWebElement.java:326)
at org.openqa.selenium.support.ui.ExpectedConditions.elementIfVisible(ExpectedConditions.java:314)
at org.openqa.selenium.support.ui.ExpectedConditions.access$000(ExpectedConditions.java:43)
at org.openqa.selenium.support.ui.ExpectedConditions$10.apply(ExpectedConditions.java:300)
at org.openqa.selenium.support.ui.ExpectedConditions$10.apply(ExpectedConditions.java:297)
at org.openqa.selenium.support.ui.FluentWait.until(FluentWait.java:249)
at com.tetherfi.pages.BasePage.waitUntilWebElementListIsVisible(BasePage.java:139)
at com.tetherfi.pages.BasePage.selectDropdownFromVisibleText(BasePage.java:335)
at com.tetherfi.pages.FaxLineConfigPage.searchFaxLineConfigRecord(FaxLineConfigPage.java:321)
at com.tetherfi.pages.FaxLineConfigPage.deleteFaxLineConfig(FaxLineConfigPage.java:334)
at com.tetherfi.test.fax.FaxAutoACKConfigurationTest.DeleteFaxLineConfigRecord(FaxAutoACKConfigurationTest.java:426)
at java.base/java.util.ArrayList.forEach(Unknown Source)
... Removed 29 stack frames]]>
    </failure>
  </testcase> <!-- @AfterClass DeleteFaxLineConfigRecord -->
  <testcase classname="com.tetherfi.test.BaseTest" name="@AfterClass tearDown" time="-1.584371699388E9">
    <skipped/>
  </testcase> <!-- @AfterClass tearDown -->
  <testcase classname="com.tetherfi.test.fax.FaxAutoACKConfigurationTest" name="FaxAutoACKConfigurationPage" time="0.61"/>
  <testcase classname="com.tetherfi.test.fax.FaxAutoACKConfigurationTest" name="VerifyDropdownForAllTheColumns" time="10.447"/>
  <testcase classname="com.tetherfi.test.fax.FaxAutoACKConfigurationTest" name="VerifyColumnsHeaderEnable" time="5.493"/>
  <testcase classname="com.tetherfi.test.fax.FaxAutoACKConfigurationTest" name="VerifyColumnsHeaderDisable" time="6.639"/>
  <testcase classname="com.tetherfi.test.fax.FaxAutoACKConfigurationTest" name="AddCancelAutoAckConfigRecord" time="1.879"/>
  <testcase classname="com.tetherfi.test.fax.FaxAutoACKConfigurationTest" name="AddNewAutoAckConfigRecord" time="7.662"/>
  <testcase classname="com.tetherfi.test.fax.FaxAutoACKConfigurationTest" name="VerifyAuditTrialReportForCreate" time="23.743"/>
  <testcase classname="com.tetherfi.test.fax.FaxAutoACKConfigurationTest" name="DuplicateRecord" time="7.92"/>
  <testcase classname="com.tetherfi.test.fax.FaxAutoACKConfigurationTest" name="AddRecordWithoutFaxLine" time="6.979"/>
  <testcase classname="com.tetherfi.test.fax.FaxAutoACKConfigurationTest" name="AddRecordWithoutSenderType" time="7.956"/>
  <testcase classname="com.tetherfi.test.fax.FaxAutoACKConfigurationTest" name="AddRecordWithoutName" time="7.48"/>
  <testcase classname="com.tetherfi.test.fax.FaxAutoACKConfigurationTest" name="AddRecordWithoutStatus" time="6.868"/>
  <testcase classname="com.tetherfi.test.fax.FaxAutoACKConfigurationTest" name="AddRecordWithoutTemplate" time="6.652"/>
  <testcase classname="com.tetherfi.test.fax.FaxAutoACKConfigurationTest" name="GroupBy" time="2.827"/>
  <testcase classname="com.tetherfi.test.fax.FaxAutoACKConfigurationTest" name="EditCancelFaxAutoACKConfigRecord" time="5.233"/>
  <testcase classname="com.tetherfi.test.fax.FaxAutoACKConfigurationTest" name="EditFaxAutoAckConfigRecord" time="6.805"/>
  <testcase classname="com.tetherfi.test.fax.FaxAutoACKConfigurationTest" name="VerifyAuditTrialReportForUpdate" time="15.341">
    <failure type="org.openqa.selenium.StaleElementReferenceException" message="stale element reference: element is not attached to the page document
  (Session info: chrome=78.0.3904.70)
For documentation on this error, please visit: https://www.seleniumhq.org/exceptions/stale_element_reference.html
Build info: version: &amp;apos;3.141.59&amp;apos;, revision: &amp;apos;e82be7d358&amp;apos;, time: &amp;apos;2018-11-14T08:17:03&amp;apos;
System info: host: &amp;apos;DESKTOP-O6A5C2O&amp;apos;, ip: &amp;apos;10.0.75.1&amp;apos;, os.name: &amp;apos;Windows 10&amp;apos;, os.arch: &amp;apos;amd64&amp;apos;, os.version: &amp;apos;10.0&amp;apos;, java.version: &amp;apos;9.0.4&amp;apos;
Driver info: org.openqa.selenium.chrome.ChromeDriver
Capabilities {acceptInsecureCerts: false, browserName: chrome, browserVersion: 78.0.3904.70, chrome: {chromedriverVersion: 78.0.3904.105 (60e2d8774a81..., userDataDir: C:\Users\admin\AppData\Loca...}, goog:chromeOptions: {debuggerAddress: localhost:51660}, javascriptEnabled: true, networkConnectionEnabled: false, pageLoadStrategy: normal, platform: XP, platformName: XP, proxy: Proxy(), setWindowRect: true, strictFileInteractability: false, timeouts: {implicit: 0, pageLoad: 300000, script: 30000}, unhandledPromptBehavior: dismiss and notify}
Session ID: 2477a8c5eeeb97c456aa6e2985840fe1">
      <![CDATA[org.openqa.selenium.StaleElementReferenceException: stale element reference: element is not attached to the page document
  (Session info: chrome=78.0.3904.70)
For documentation on this error, please visit: https://www.seleniumhq.org/exceptions/stale_element_reference.html
Build info: version: '3.141.59', revision: 'e82be7d358', time: '2018-11-14T08:17:03'
System info: host: 'DESKTOP-O6A5C2O', ip: '10.0.75.1', os.name: 'Windows 10', os.arch: 'amd64', os.version: '10.0', java.version: '9.0.4'
Driver info: org.openqa.selenium.chrome.ChromeDriver
Capabilities {acceptInsecureCerts: false, browserName: chrome, browserVersion: 78.0.3904.70, chrome: {chromedriverVersion: 78.0.3904.105 (60e2d8774a81..., userDataDir: C:\Users\admin\AppData\Loca...}, goog:chromeOptions: {debuggerAddress: localhost:51660}, javascriptEnabled: true, networkConnectionEnabled: false, pageLoadStrategy: normal, platform: XP, platformName: XP, proxy: Proxy(), setWindowRect: true, strictFileInteractability: false, timeouts: {implicit: 0, pageLoad: 300000, script: 30000}, unhandledPromptBehavior: dismiss and notify}
Session ID: 2477a8c5eeeb97c456aa6e2985840fe1
at org.openqa.selenium.remote.http.W3CHttpResponseCodec.createException(W3CHttpResponseCodec.java:187)
at org.openqa.selenium.remote.http.W3CHttpResponseCodec.decode(W3CHttpResponseCodec.java:122)
at org.openqa.selenium.remote.http.W3CHttpResponseCodec.decode(W3CHttpResponseCodec.java:49)
at org.openqa.selenium.remote.HttpCommandExecutor.execute(HttpCommandExecutor.java:158)
at org.openqa.selenium.remote.service.DriverCommandExecutor.execute(DriverCommandExecutor.java:83)
at org.openqa.selenium.remote.RemoteWebDriver.execute(RemoteWebDriver.java:552)
at org.openqa.selenium.remote.RemoteWebElement.execute(RemoteWebElement.java:285)
at org.openqa.selenium.remote.RemoteWebElement.isDisplayed(RemoteWebElement.java:326)
at org.openqa.selenium.support.ui.ExpectedConditions.elementIfVisible(ExpectedConditions.java:314)
at org.openqa.selenium.support.ui.ExpectedConditions.access$000(ExpectedConditions.java:43)
at org.openqa.selenium.support.ui.ExpectedConditions$10.apply(ExpectedConditions.java:300)
at org.openqa.selenium.support.ui.ExpectedConditions$10.apply(ExpectedConditions.java:297)
at org.openqa.selenium.support.ui.FluentWait.until(FluentWait.java:249)
at com.tetherfi.pages.BasePage.waitUntilWebElementListIsVisible(BasePage.java:139)
at com.tetherfi.pages.BasePage.selectDropdownFromVisibleText(BasePage.java:335)
at com.tetherfi.pages.OCMReportsPage.booleansearchnew(OCMReportsPage.java:1160)
at com.tetherfi.pages.OCMReportsPage.verifyFaxAutoACKConfigUpdate(OCMReportsPage.java:2558)
at com.tetherfi.test.fax.FaxAutoACKConfigurationTest.VerifyAuditTrialReportForUpdate(FaxAutoACKConfigurationTest.java:227)
at java.base/java.util.ArrayList.forEach(Unknown Source)
... Removed 31 stack frames]]>
    </failure>
  </testcase> <!-- VerifyAuditTrialReportForUpdate -->
  <testcase classname="com.tetherfi.test.fax.FaxAutoACKConfigurationTest" name="EditInvalidRecord" time="6.002"/>
  <testcase classname="com.tetherfi.test.fax.FaxAutoACKConfigurationTest" name="ExportToExcel" time="2.818"/>
  <testcase classname="com.tetherfi.test.fax.FaxAutoACKConfigurationTest" name="ExportToExcelData" time="2.723"/>
  <testcase classname="com.tetherfi.test.fax.FaxAutoACKConfigurationTest" name="AddDuplicateFaxlineDifferentSenderType" time="8.082"/>
  <testcase classname="com.tetherfi.test.fax.FaxAutoACKConfigurationTest" name="searchPage" time="3.185"/>
  <testcase classname="com.tetherfi.test.fax.FaxAutoACKConfigurationTest" name="searchwithoutSearchTextbox" time="2.909"/>
  <testcase classname="com.tetherfi.test.fax.FaxAutoACKConfigurationTest" name="DeleteCancelFaxAutoAckConfigRecord" time="4.073"/>
  <testcase classname="com.tetherfi.test.fax.FaxAutoACKConfigurationTest" name="DeleteFaxAutoAckConfigRecord" time="8.189"/>
  <testcase classname="com.tetherfi.test.fax.FaxAutoACKConfigurationTest" name="VerifyAuditTrialReportForDelete" time="22.836">
    <failure type="java.lang.AssertionError" message="did not expect to find [true] but found [false]">
      <![CDATA[java.lang.AssertionError: did not expect to find [true] but found [false]
at com.tetherfi.test.fax.FaxAutoACKConfigurationTest.VerifyAuditTrialReportForDelete(FaxAutoACKConfigurationTest.java:317)
at java.base/java.util.ArrayList.forEach(Unknown Source)
... Removed 31 stack frames]]>
    </failure>
  </testcase> <!-- VerifyAuditTrialReportForDelete -->
  <testcase classname="com.tetherfi.test.fax.FaxAutoACKConfigurationTest" name="DeleteInvalidRecord" time="4.753"/>
  <testcase classname="com.tetherfi.test.fax.FaxAutoACKConfigurationTest" name="database" time="4.602"/>
  <testcase classname="com.tetherfi.test.fax.FaxAutoACKConfigurationTest" name="ExporttoExcelWithoutData" time="5.107">
    <failure type="org.openqa.selenium.ElementClickInterceptedException" message="element click intercepted: Element &amp;lt;i class=&amp;quot;fas fa-search&amp;quot; title=&amp;quot;Search&amp;quot;&amp;gt;&amp;lt;/i&amp;gt; is not clickable at point (1536, 88). Other element would receive the click: &amp;lt;div class=&amp;quot;k-overlay&amp;quot; style=&amp;quot;display: block; z-index: 10002; opacity: 0; transition: all 350ms ease-out 0s;&amp;quot;&amp;gt;&amp;lt;/div&amp;gt;
  (Session info: chrome=78.0.3904.70)
Build info: version: &amp;apos;3.141.59&amp;apos;, revision: &amp;apos;e82be7d358&amp;apos;, time: &amp;apos;2018-11-14T08:17:03&amp;apos;
System info: host: &amp;apos;DESKTOP-O6A5C2O&amp;apos;, ip: &amp;apos;10.0.75.1&amp;apos;, os.name: &amp;apos;Windows 10&amp;apos;, os.arch: &amp;apos;amd64&amp;apos;, os.version: &amp;apos;10.0&amp;apos;, java.version: &amp;apos;9.0.4&amp;apos;
Driver info: org.openqa.selenium.chrome.ChromeDriver
Capabilities {acceptInsecureCerts: false, browserName: chrome, browserVersion: 78.0.3904.70, chrome: {chromedriverVersion: 78.0.3904.105 (60e2d8774a81..., userDataDir: C:\Users\admin\AppData\Loca...}, goog:chromeOptions: {debuggerAddress: localhost:51660}, javascriptEnabled: true, networkConnectionEnabled: false, pageLoadStrategy: normal, platform: XP, platformName: XP, proxy: Proxy(), setWindowRect: true, strictFileInteractability: false, timeouts: {implicit: 0, pageLoad: 300000, script: 30000}, unhandledPromptBehavior: dismiss and notify}
Session ID: 2477a8c5eeeb97c456aa6e2985840fe1">
      <![CDATA[org.openqa.selenium.ElementClickInterceptedException: element click intercepted: Element <i class="fas fa-search" title="Search"></i> is not clickable at point (1536, 88). Other element would receive the click: <div class="k-overlay" style="display: block; z-index: 10002; opacity: 0; transition: all 350ms ease-out 0s;"></div>
  (Session info: chrome=78.0.3904.70)
Build info: version: '3.141.59', revision: 'e82be7d358', time: '2018-11-14T08:17:03'
System info: host: 'DESKTOP-O6A5C2O', ip: '10.0.75.1', os.name: 'Windows 10', os.arch: 'amd64', os.version: '10.0', java.version: '9.0.4'
Driver info: org.openqa.selenium.chrome.ChromeDriver
Capabilities {acceptInsecureCerts: false, browserName: chrome, browserVersion: 78.0.3904.70, chrome: {chromedriverVersion: 78.0.3904.105 (60e2d8774a81..., userDataDir: C:\Users\admin\AppData\Loca...}, goog:chromeOptions: {debuggerAddress: localhost:51660}, javascriptEnabled: true, networkConnectionEnabled: false, pageLoadStrategy: normal, platform: XP, platformName: XP, proxy: Proxy(), setWindowRect: true, strictFileInteractability: false, timeouts: {implicit: 0, pageLoad: 300000, script: 30000}, unhandledPromptBehavior: dismiss and notify}
Session ID: 2477a8c5eeeb97c456aa6e2985840fe1
at org.openqa.selenium.remote.http.W3CHttpResponseCodec.createException(W3CHttpResponseCodec.java:187)
at org.openqa.selenium.remote.http.W3CHttpResponseCodec.decode(W3CHttpResponseCodec.java:122)
at org.openqa.selenium.remote.http.W3CHttpResponseCodec.decode(W3CHttpResponseCodec.java:49)
at org.openqa.selenium.remote.HttpCommandExecutor.execute(HttpCommandExecutor.java:158)
at org.openqa.selenium.remote.service.DriverCommandExecutor.execute(DriverCommandExecutor.java:83)
at org.openqa.selenium.remote.RemoteWebDriver.execute(RemoteWebDriver.java:552)
at org.openqa.selenium.remote.RemoteWebElement.execute(RemoteWebElement.java:285)
at org.openqa.selenium.remote.RemoteWebElement.click(RemoteWebElement.java:84)
at org.openqa.selenium.support.pagefactory.internal.LocatingElementHandler.invoke(LocatingElementHandler.java:51)
at com.sun.proxy.$Proxy16.click(Unknown Source)
at com.tetherfi.pages.BasePage.selectWebElement(BasePage.java:202)
at com.tetherfi.pages.FaxAutoACKConfigurationPage.searchFaxAutoACKConfigurationRecord(FaxAutoACKConfigurationPage.java:414)
at com.tetherfi.pages.FaxAutoACKConfigurationPage.ExporttoExcelWithoutData(FaxAutoACKConfigurationPage.java:402)
at com.tetherfi.test.fax.FaxAutoACKConfigurationTest.ExporttoExcelWithoutData(FaxAutoACKConfigurationTest.java:347)
at java.base/java.util.ArrayList.forEach(Unknown Source)
... Removed 34 stack frames]]>
    </failure>
  </testcase> <!-- ExporttoExcelWithoutData -->
  <testcase classname="com.tetherfi.test.fax.FaxAutoACKConfigurationTest" name="SearchClearSearch" time="3.806"/>
  <testcase classname="com.tetherfi.test.fax.FaxAutoACKConfigurationTest" name="SortingByAscending" time="5.1"/>
  <testcase classname="com.tetherfi.test.fax.FaxAutoACKConfigurationTest" name="SortingByDescending" time="5.542"/>
  <testcase classname="com.tetherfi.test.fax.FaxAutoACKConfigurationTest" name="VerifyArrowMoveForPreviousAndNextPage" time="0.03"/>
  <testcase classname="com.tetherfi.test.fax.FaxAutoACKConfigurationTest" name="VerifyArrowMoveForFirstAndLastPage" time="0.028"/>
  <testcase classname="com.tetherfi.test.fax.FaxAutoACKConfigurationTest" name="VerifyTotalNumberOfItemsPerPageDetails" time="0.035"/>
  <testcase classname="com.tetherfi.test.fax.FaxAutoACKConfigurationTest" name="VerifyNumberOfItemsPerPageSelection" time="5.593"/>
</testsuite> <!-- FaxAutoACKConfigurationTest -->
