<?xml version="1.0" encoding="UTF-8"?>
<!-- Generated by org.testng.reporters.JUnitXMLReporter -->
<testsuite ignored="0" hostname="DESKTOP-O6A5C2O" failures="3" tests="36" name="FaxAutoACKConfigurationTest" time="479.796" errors="0" timestamp="2020-02-19T18:03:56 IST">
  <testcase classname="com.tetherfi.test.fax.FaxAutoACKConfigurationTest" name="FaxAutoACKConfigurationPage" time="0.777"/>
  <testcase classname="com.tetherfi.test.fax.FaxAutoACKConfigurationTest" name="VerifyDropdownForAllTheColumns" time="10.58"/>
  <testcase classname="com.tetherfi.test.fax.FaxAutoACKConfigurationTest" name="VerifyColumnsHeaderEnable" time="5.509"/>
  <testcase classname="com.tetherfi.test.fax.FaxAutoACKConfigurationTest" name="VerifyColumnsHeaderDisable" time="6.828"/>
  <testcase classname="com.tetherfi.test.fax.FaxAutoACKConfigurationTest" name="AddCancelAutoAckConfigRecord" time="1.887"/>
  <testcase classname="com.tetherfi.test.fax.FaxAutoACKConfigurationTest" name="AddNewAutoAckConfigRecord" time="7.168"/>
  <testcase classname="com.tetherfi.test.fax.FaxAutoACKConfigurationTest" name="VerifyAuditTrialReportForCreate" time="22.969"/>
  <testcase classname="com.tetherfi.test.fax.FaxAutoACKConfigurationTest" name="DuplicateRecord" time="6.643"/>
  <testcase classname="com.tetherfi.test.fax.FaxAutoACKConfigurationTest" name="AddRecordWithoutFaxLine" time="5.525"/>
  <testcase classname="com.tetherfi.test.fax.FaxAutoACKConfigurationTest" name="AddRecordWithoutSenderType" time="6.07"/>
  <testcase classname="com.tetherfi.test.fax.FaxAutoACKConfigurationTest" name="AddRecordWithoutName" time="6.639"/>
  <testcase classname="com.tetherfi.test.fax.FaxAutoACKConfigurationTest" name="AddRecordWithoutStatus" time="6.139"/>
  <testcase classname="com.tetherfi.test.fax.FaxAutoACKConfigurationTest" name="AddRecordWithoutTemplate" time="6.066"/>
  <testcase classname="com.tetherfi.test.fax.FaxAutoACKConfigurationTest" name="GroupBy" time="2.819"/>
  <testcase classname="com.tetherfi.test.fax.FaxAutoACKConfigurationTest" name="EditCancelFaxAutoACKConfigRecord" time="6.085"/>
  <testcase classname="com.tetherfi.test.fax.FaxAutoACKConfigurationTest" name="EditFaxAutoAckConfigRecord" time="6.748"/>
  <testcase classname="com.tetherfi.test.fax.FaxAutoACKConfigurationTest" name="VerifyAuditTrialReportForUpdate" time="22.116">
    <failure type="java.lang.AssertionError" message="did not expect to find [true] but found [false]">
      <![CDATA[java.lang.AssertionError: did not expect to find [true] but found [false]
at com.tetherfi.test.fax.FaxAutoACKConfigurationTest.VerifyAuditTrialReportForUpdate(FaxAutoACKConfigurationTest.java:227)
at java.base/java.util.ArrayList.forEach(Unknown Source)
... Removed 31 stack frames]]>
    </failure>
  </testcase> <!-- VerifyAuditTrialReportForUpdate -->
  <testcase classname="com.tetherfi.test.fax.FaxAutoACKConfigurationTest" name="EditInvalidRecord" time="7.338"/>
  <testcase classname="com.tetherfi.test.fax.FaxAutoACKConfigurationTest" name="ExportToExcel" time="2.756"/>
  <testcase classname="com.tetherfi.test.fax.FaxAutoACKConfigurationTest" name="ExportToExcelData" time="2.893"/>
  <testcase classname="com.tetherfi.test.fax.FaxAutoACKConfigurationTest" name="AddDuplicateFaxlineDifferentSenderType" time="7.846"/>
  <testcase classname="com.tetherfi.test.fax.FaxAutoACKConfigurationTest" name="searchPage" time="3.367"/>
  <testcase classname="com.tetherfi.test.fax.FaxAutoACKConfigurationTest" name="searchwithoutSearchTextbox" time="3.05"/>
  <testcase classname="com.tetherfi.test.fax.FaxAutoACKConfigurationTest" name="DeleteCancelFaxAutoAckConfigRecord" time="4.219"/>
  <testcase classname="com.tetherfi.test.fax.FaxAutoACKConfigurationTest" name="DeleteFaxAutoAckConfigRecord" time="6.534"/>
  <testcase classname="com.tetherfi.test.fax.FaxAutoACKConfigurationTest" name="VerifyAuditTrialReportForDelete" time="22.173">
    <failure type="java.lang.AssertionError" message="did not expect to find [true] but found [false]">
      <![CDATA[java.lang.AssertionError: did not expect to find [true] but found [false]
at com.tetherfi.test.fax.FaxAutoACKConfigurationTest.VerifyAuditTrialReportForDelete(FaxAutoACKConfigurationTest.java:317)
at java.base/java.util.ArrayList.forEach(Unknown Source)
... Removed 31 stack frames]]>
    </failure>
  </testcase> <!-- VerifyAuditTrialReportForDelete -->
  <testcase classname="com.tetherfi.test.fax.FaxAutoACKConfigurationTest" name="DeleteInvalidRecord" time="6.195"/>
  <testcase classname="com.tetherfi.test.fax.FaxAutoACKConfigurationTest" name="database" time="4.766"/>
  <testcase classname="com.tetherfi.test.fax.FaxAutoACKConfigurationTest" name="ExporttoExcelWithoutData" time="5.191">
    <failure type="org.openqa.selenium.ElementClickInterceptedException" message="element click intercepted: Element &amp;lt;i class=&amp;quot;fas fa-search&amp;quot; title=&amp;quot;Search&amp;quot;&amp;gt;&amp;lt;/i&amp;gt; is not clickable at point (1536, 88). Other element would receive the click: &amp;lt;div class=&amp;quot;k-overlay&amp;quot; style=&amp;quot;display: block; z-index: 10002; opacity: 0; transition: all 350ms ease-out 0s;&amp;quot;&amp;gt;&amp;lt;/div&amp;gt;
  (Session info: chrome=79.0.3945.130)
Build info: version: &amp;apos;3.141.59&amp;apos;, revision: &amp;apos;e82be7d358&amp;apos;, time: &amp;apos;2018-11-14T08:17:03&amp;apos;
System info: host: &amp;apos;DESKTOP-O6A5C2O&amp;apos;, ip: &amp;apos;10.0.75.1&amp;apos;, os.name: &amp;apos;Windows 10&amp;apos;, os.arch: &amp;apos;amd64&amp;apos;, os.version: &amp;apos;10.0&amp;apos;, java.version: &amp;apos;9.0.4&amp;apos;
Driver info: org.openqa.selenium.chrome.ChromeDriver
Capabilities {acceptInsecureCerts: false, browserName: chrome, browserVersion: 79.0.3945.130, chrome: {chromedriverVersion: 78.0.3904.105 (60e2d8774a81..., userDataDir: C:\Users\admin\AppData\Loca...}, goog:chromeOptions: {debuggerAddress: localhost:53089}, javascriptEnabled: true, networkConnectionEnabled: false, pageLoadStrategy: normal, platform: XP, platformName: XP, proxy: Proxy(), setWindowRect: true, strictFileInteractability: false, timeouts: {implicit: 0, pageLoad: 300000, script: 30000}, unhandledPromptBehavior: dismiss and notify}
Session ID: 65428ea382692ffbde63365d9414cc12">
      <![CDATA[org.openqa.selenium.ElementClickInterceptedException: element click intercepted: Element <i class="fas fa-search" title="Search"></i> is not clickable at point (1536, 88). Other element would receive the click: <div class="k-overlay" style="display: block; z-index: 10002; opacity: 0; transition: all 350ms ease-out 0s;"></div>
  (Session info: chrome=79.0.3945.130)
Build info: version: '3.141.59', revision: 'e82be7d358', time: '2018-11-14T08:17:03'
System info: host: 'DESKTOP-O6A5C2O', ip: '10.0.75.1', os.name: 'Windows 10', os.arch: 'amd64', os.version: '10.0', java.version: '9.0.4'
Driver info: org.openqa.selenium.chrome.ChromeDriver
Capabilities {acceptInsecureCerts: false, browserName: chrome, browserVersion: 79.0.3945.130, chrome: {chromedriverVersion: 78.0.3904.105 (60e2d8774a81..., userDataDir: C:\Users\admin\AppData\Loca...}, goog:chromeOptions: {debuggerAddress: localhost:53089}, javascriptEnabled: true, networkConnectionEnabled: false, pageLoadStrategy: normal, platform: XP, platformName: XP, proxy: Proxy(), setWindowRect: true, strictFileInteractability: false, timeouts: {implicit: 0, pageLoad: 300000, script: 30000}, unhandledPromptBehavior: dismiss and notify}
Session ID: 65428ea382692ffbde63365d9414cc12
at org.openqa.selenium.remote.http.W3CHttpResponseCodec.createException(W3CHttpResponseCodec.java:187)
at org.openqa.selenium.remote.http.W3CHttpResponseCodec.decode(W3CHttpResponseCodec.java:122)
at org.openqa.selenium.remote.http.W3CHttpResponseCodec.decode(W3CHttpResponseCodec.java:49)
at org.openqa.selenium.remote.HttpCommandExecutor.execute(HttpCommandExecutor.java:158)
at org.openqa.selenium.remote.service.DriverCommandExecutor.execute(DriverCommandExecutor.java:83)
at org.openqa.selenium.remote.RemoteWebDriver.execute(RemoteWebDriver.java:552)
at org.openqa.selenium.remote.RemoteWebElement.execute(RemoteWebElement.java:285)
at org.openqa.selenium.remote.RemoteWebElement.click(RemoteWebElement.java:84)
at org.openqa.selenium.support.pagefactory.internal.LocatingElementHandler.invoke(LocatingElementHandler.java:51)
at com.sun.proxy.$Proxy16.click(Unknown Source)
at com.tetherfi.pages.BasePage.selectWebElement(BasePage.java:202)
at com.tetherfi.pages.FaxAutoACKConfigurationPage.searchFaxAutoACKConfigurationRecord(FaxAutoACKConfigurationPage.java:414)
at com.tetherfi.pages.FaxAutoACKConfigurationPage.ExporttoExcelWithoutData(FaxAutoACKConfigurationPage.java:402)
at com.tetherfi.test.fax.FaxAutoACKConfigurationTest.ExporttoExcelWithoutData(FaxAutoACKConfigurationTest.java:347)
at java.base/java.util.ArrayList.forEach(Unknown Source)
... Removed 34 stack frames]]>
    </failure>
  </testcase> <!-- ExporttoExcelWithoutData -->
  <testcase classname="com.tetherfi.test.fax.FaxAutoACKConfigurationTest" name="SearchClearSearch" time="3.911"/>
  <testcase classname="com.tetherfi.test.fax.FaxAutoACKConfigurationTest" name="SortingByAscending" time="5.508"/>
  <testcase classname="com.tetherfi.test.fax.FaxAutoACKConfigurationTest" name="SortingByDescending" time="5.989"/>
  <testcase classname="com.tetherfi.test.fax.FaxAutoACKConfigurationTest" name="VerifyArrowMoveForPreviousAndNextPage" time="0.05"/>
  <testcase classname="com.tetherfi.test.fax.FaxAutoACKConfigurationTest" name="VerifyArrowMoveForFirstAndLastPage" time="0.036"/>
  <testcase classname="com.tetherfi.test.fax.FaxAutoACKConfigurationTest" name="VerifyTotalNumberOfItemsPerPageDetails" time="0.05"/>
  <testcase classname="com.tetherfi.test.fax.FaxAutoACKConfigurationTest" name="VerifyNumberOfItemsPerPageSelection" time="5.724"/>
</testsuite> <!-- FaxAutoACKConfigurationTest -->
