<?xml version="1.0" encoding="UTF-8"?>
<!-- Generated by org.testng.reporters.JUnitXMLReporter -->
<testsuite ignored="0" hostname="DESKTOP-O6A5C2O" failures="0" tests="64" name="FaxAddressBookTest" time="16.44" errors="0" timestamp="2020-05-01T12:24:58 IST">
  <testcase classname="com.tetherfi.test.BaseTest" name="@BeforeClass openApplication" time="14.782">
    <failure type="org.openqa.selenium.NoSuchSessionException" message="invalid session id
Build info: version: &amp;apos;3.141.59&amp;apos;, revision: &amp;apos;e82be7d358&amp;apos;, time: &amp;apos;2018-11-14T08:17:03&amp;apos;
System info: host: &amp;apos;DESKTOP-O6A5C2O&amp;apos;, ip: &amp;apos;10.0.75.1&amp;apos;, os.name: &amp;apos;Windows 10&amp;apos;, os.arch: &amp;apos;amd64&amp;apos;, os.version: &amp;apos;10.0&amp;apos;, java.version: &amp;apos;9.0.4&amp;apos;
Driver info: org.openqa.selenium.chrome.ChromeDriver
Capabilities {acceptInsecureCerts: false, browserName: chrome, browserVersion: 80.0.3987.116, chrome: {chromedriverVersion: 80.0.3987.106 (f68069574609..., userDataDir: C:\Users\admin\AppData\Loca...}, goog:chromeOptions: {debuggerAddress: localhost:58849}, javascriptEnabled: true, networkConnectionEnabled: false, pageLoadStrategy: normal, platform: WINDOWS, platformName: WINDOWS, proxy: Proxy(), setWindowRect: true, strictFileInteractability: false, timeouts: {implicit: 0, pageLoad: 300000, script: 30000}, unhandledPromptBehavior: dismiss and notify}
Session ID: fc1cd3ed65289c65cf1b37746049939b">
      <![CDATA[org.openqa.selenium.NoSuchSessionException: invalid session id
Build info: version: '3.141.59', revision: 'e82be7d358', time: '2018-11-14T08:17:03'
System info: host: 'DESKTOP-O6A5C2O', ip: '10.0.75.1', os.name: 'Windows 10', os.arch: 'amd64', os.version: '10.0', java.version: '9.0.4'
Driver info: org.openqa.selenium.chrome.ChromeDriver
Capabilities {acceptInsecureCerts: false, browserName: chrome, browserVersion: 80.0.3987.116, chrome: {chromedriverVersion: 80.0.3987.106 (f68069574609..., userDataDir: C:\Users\admin\AppData\Loca...}, goog:chromeOptions: {debuggerAddress: localhost:58849}, javascriptEnabled: true, networkConnectionEnabled: false, pageLoadStrategy: normal, platform: WINDOWS, platformName: WINDOWS, proxy: Proxy(), setWindowRect: true, strictFileInteractability: false, timeouts: {implicit: 0, pageLoad: 300000, script: 30000}, unhandledPromptBehavior: dismiss and notify}
Session ID: fc1cd3ed65289c65cf1b37746049939b
at org.openqa.selenium.remote.http.W3CHttpResponseCodec.createException(W3CHttpResponseCodec.java:187)
at org.openqa.selenium.remote.http.W3CHttpResponseCodec.decode(W3CHttpResponseCodec.java:122)
at org.openqa.selenium.remote.http.W3CHttpResponseCodec.decode(W3CHttpResponseCodec.java:49)
at org.openqa.selenium.remote.HttpCommandExecutor.execute(HttpCommandExecutor.java:158)
at org.openqa.selenium.remote.service.DriverCommandExecutor.execute(DriverCommandExecutor.java:83)
at org.openqa.selenium.remote.RemoteWebDriver.execute(RemoteWebDriver.java:552)
at org.openqa.selenium.remote.RemoteWebDriver$RemoteWebDriverOptions$RemoteTimeouts.implicitlyWait(RemoteWebDriver.java:780)
at com.tetherfi.test.BaseTest.openApplication(BaseTest.java:40)
at java.base/java.util.ArrayList.forEach(Unknown Source)
... Removed 29 stack frames]]>
    </failure>
  </testcase> <!-- @BeforeClass openApplication -->
  <testcase classname="com.tetherfi.test.BaseTest" name="@BeforeMethod startTestCase" time="-1.58831609697E9">
    <skipped/>
  </testcase> <!-- @BeforeMethod startTestCase -->
  <testcase classname="com.tetherfi.test.fax.FaxAddressBookTest" name="@BeforeMethod NavigatetoFaxAddressPage" time="-1.588316096974E9">
    <skipped/>
  </testcase> <!-- @BeforeMethod NavigatetoFaxAddressPage -->
  <testcase classname="com.tetherfi.test.fax.FaxAddressBookTest" name="@AfterMethod afterEachMethod" time="-1.588316096983E9">
    <skipped/>
  </testcase> <!-- @AfterMethod afterEachMethod -->
  <testcase classname="com.tetherfi.test.BaseTest" name="@AfterMethod endTestCase" time="-1.588316096985E9">
    <skipped/>
  </testcase> <!-- @AfterMethod endTestCase -->
  <testcase classname="com.tetherfi.test.BaseTest" name="@BeforeMethod startTestCase" time="-1.58831609699E9">
    <skipped/>
  </testcase> <!-- @BeforeMethod startTestCase -->
  <testcase classname="com.tetherfi.test.fax.FaxAddressBookTest" name="@BeforeMethod NavigatetoFaxAddressPage" time="-1.588316096992E9">
    <skipped/>
  </testcase> <!-- @BeforeMethod NavigatetoFaxAddressPage -->
  <testcase classname="com.tetherfi.test.fax.FaxAddressBookTest" name="@AfterMethod afterEachMethod" time="-1.588316097039E9">
    <skipped/>
  </testcase> <!-- @AfterMethod afterEachMethod -->
  <testcase classname="com.tetherfi.test.BaseTest" name="@AfterMethod endTestCase" time="-1.58831609704E9">
    <skipped/>
  </testcase> <!-- @AfterMethod endTestCase -->
  <testcase classname="com.tetherfi.test.BaseTest" name="@BeforeMethod startTestCase" time="-1.588316097043E9">
    <skipped/>
  </testcase> <!-- @BeforeMethod startTestCase -->
  <testcase classname="com.tetherfi.test.fax.FaxAddressBookTest" name="@BeforeMethod NavigatetoFaxAddressPage" time="-1.588316097044E9">
    <skipped/>
  </testcase> <!-- @BeforeMethod NavigatetoFaxAddressPage -->
  <testcase classname="com.tetherfi.test.fax.FaxAddressBookTest" name="@AfterMethod afterEachMethod" time="-1.58831609705E9">
    <skipped/>
  </testcase> <!-- @AfterMethod afterEachMethod -->
  <testcase classname="com.tetherfi.test.BaseTest" name="@AfterMethod endTestCase" time="-1.588316097053E9">
    <skipped/>
  </testcase> <!-- @AfterMethod endTestCase -->
  <testcase classname="com.tetherfi.test.BaseTest" name="@BeforeMethod startTestCase" time="-1.588316097054E9">
    <skipped/>
  </testcase> <!-- @BeforeMethod startTestCase -->
  <testcase classname="com.tetherfi.test.fax.FaxAddressBookTest" name="@BeforeMethod NavigatetoFaxAddressPage" time="-1.588316097056E9">
    <skipped/>
  </testcase> <!-- @BeforeMethod NavigatetoFaxAddressPage -->
  <testcase classname="com.tetherfi.test.fax.FaxAddressBookTest" name="@AfterMethod afterEachMethod" time="-1.588316097144E9">
    <skipped/>
  </testcase> <!-- @AfterMethod afterEachMethod -->
  <testcase classname="com.tetherfi.test.BaseTest" name="@AfterMethod endTestCase" time="-1.588316097146E9">
    <skipped/>
  </testcase> <!-- @AfterMethod endTestCase -->
  <testcase classname="com.tetherfi.test.BaseTest" name="@BeforeMethod startTestCase" time="-1.588316097154E9">
    <skipped/>
  </testcase> <!-- @BeforeMethod startTestCase -->
  <testcase classname="com.tetherfi.test.fax.FaxAddressBookTest" name="@BeforeMethod NavigatetoFaxAddressPage" time="-1.588316097159E9">
    <skipped/>
  </testcase> <!-- @BeforeMethod NavigatetoFaxAddressPage -->
  <testcase classname="com.tetherfi.test.fax.FaxAddressBookTest" name="@AfterMethod afterEachMethod" time="-1.588316097177E9">
    <skipped/>
  </testcase> <!-- @AfterMethod afterEachMethod -->
  <testcase classname="com.tetherfi.test.BaseTest" name="@AfterMethod endTestCase" time="-1.588316097181E9">
    <skipped/>
  </testcase> <!-- @AfterMethod endTestCase -->
  <testcase classname="com.tetherfi.test.BaseTest" name="@BeforeMethod startTestCase" time="-1.58831609719E9">
    <skipped/>
  </testcase> <!-- @BeforeMethod startTestCase -->
  <testcase classname="com.tetherfi.test.fax.FaxAddressBookTest" name="@BeforeMethod NavigatetoFaxAddressPage" time="-1.588316097194E9">
    <skipped/>
  </testcase> <!-- @BeforeMethod NavigatetoFaxAddressPage -->
  <testcase classname="com.tetherfi.test.fax.FaxAddressBookTest" name="@AfterMethod afterEachMethod" time="-1.588316097219E9">
    <skipped/>
  </testcase> <!-- @AfterMethod afterEachMethod -->
  <testcase classname="com.tetherfi.test.BaseTest" name="@AfterMethod endTestCase" time="-1.588316097225E9">
    <skipped/>
  </testcase> <!-- @AfterMethod endTestCase -->
  <testcase classname="com.tetherfi.test.BaseTest" name="@BeforeMethod startTestCase" time="-1.588316097231E9">
    <skipped/>
  </testcase> <!-- @BeforeMethod startTestCase -->
  <testcase classname="com.tetherfi.test.fax.FaxAddressBookTest" name="@BeforeMethod NavigatetoFaxAddressPage" time="-1.588316097239E9">
    <skipped/>
  </testcase> <!-- @BeforeMethod NavigatetoFaxAddressPage -->
  <testcase classname="com.tetherfi.test.fax.FaxAddressBookTest" name="@AfterMethod afterEachMethod" time="-1.588316097257E9">
    <skipped/>
  </testcase> <!-- @AfterMethod afterEachMethod -->
  <testcase classname="com.tetherfi.test.BaseTest" name="@AfterMethod endTestCase" time="-1.588316097263E9">
    <skipped/>
  </testcase> <!-- @AfterMethod endTestCase -->
  <testcase classname="com.tetherfi.test.BaseTest" name="@BeforeMethod startTestCase" time="-1.588316097268E9">
    <skipped/>
  </testcase> <!-- @BeforeMethod startTestCase -->
  <testcase classname="com.tetherfi.test.fax.FaxAddressBookTest" name="@BeforeMethod NavigatetoFaxAddressPage" time="-1.588316097274E9">
    <skipped/>
  </testcase> <!-- @BeforeMethod NavigatetoFaxAddressPage -->
  <testcase classname="com.tetherfi.test.fax.FaxAddressBookTest" name="@AfterMethod afterEachMethod" time="-1.58831609729E9">
    <skipped/>
  </testcase> <!-- @AfterMethod afterEachMethod -->
  <testcase classname="com.tetherfi.test.BaseTest" name="@AfterMethod endTestCase" time="-1.58831609729E9">
    <skipped/>
  </testcase> <!-- @AfterMethod endTestCase -->
  <testcase classname="com.tetherfi.test.BaseTest" name="@BeforeMethod startTestCase" time="-1.588316097297E9">
    <skipped/>
  </testcase> <!-- @BeforeMethod startTestCase -->
  <testcase classname="com.tetherfi.test.fax.FaxAddressBookTest" name="@BeforeMethod NavigatetoFaxAddressPage" time="-1.588316097302E9">
    <skipped/>
  </testcase> <!-- @BeforeMethod NavigatetoFaxAddressPage -->
  <testcase classname="com.tetherfi.test.fax.FaxAddressBookTest" name="@AfterMethod afterEachMethod" time="-1.588316097317E9">
    <skipped/>
  </testcase> <!-- @AfterMethod afterEachMethod -->
  <testcase classname="com.tetherfi.test.BaseTest" name="@AfterMethod endTestCase" time="-1.588316097323E9">
    <skipped/>
  </testcase> <!-- @AfterMethod endTestCase -->
  <testcase classname="com.tetherfi.test.BaseTest" name="@BeforeMethod startTestCase" time="-1.588316097328E9">
    <skipped/>
  </testcase> <!-- @BeforeMethod startTestCase -->
  <testcase classname="com.tetherfi.test.fax.FaxAddressBookTest" name="@BeforeMethod NavigatetoFaxAddressPage" time="-1.588316097329E9">
    <skipped/>
  </testcase> <!-- @BeforeMethod NavigatetoFaxAddressPage -->
  <testcase classname="com.tetherfi.test.fax.FaxAddressBookTest" name="@AfterMethod afterEachMethod" time="-1.588316097345E9">
    <skipped/>
  </testcase> <!-- @AfterMethod afterEachMethod -->
  <testcase classname="com.tetherfi.test.BaseTest" name="@AfterMethod endTestCase" time="-1.588316097348E9">
    <skipped/>
  </testcase> <!-- @AfterMethod endTestCase -->
  <testcase classname="com.tetherfi.test.BaseTest" name="@BeforeMethod startTestCase" time="-1.588316097382E9">
    <skipped/>
  </testcase> <!-- @BeforeMethod startTestCase -->
  <testcase classname="com.tetherfi.test.fax.FaxAddressBookTest" name="@BeforeMethod NavigatetoFaxAddressPage" time="-1.58831609739E9">
    <skipped/>
  </testcase> <!-- @BeforeMethod NavigatetoFaxAddressPage -->
  <testcase classname="com.tetherfi.test.fax.FaxAddressBookTest" name="@AfterMethod afterEachMethod" time="-1.58831609741E9">
    <skipped/>
  </testcase> <!-- @AfterMethod afterEachMethod -->
  <testcase classname="com.tetherfi.test.BaseTest" name="@AfterMethod endTestCase" time="-1.588316097416E9">
    <skipped/>
  </testcase> <!-- @AfterMethod endTestCase -->
  <testcase classname="com.tetherfi.test.BaseTest" name="@BeforeMethod startTestCase" time="-1.588316097424E9">
    <skipped/>
  </testcase> <!-- @BeforeMethod startTestCase -->
  <testcase classname="com.tetherfi.test.fax.FaxAddressBookTest" name="@BeforeMethod NavigatetoFaxAddressPage" time="-1.588316097428E9">
    <skipped/>
  </testcase> <!-- @BeforeMethod NavigatetoFaxAddressPage -->
  <testcase classname="com.tetherfi.test.fax.FaxAddressBookTest" name="@AfterMethod afterEachMethod" time="-1.588316097446E9">
    <skipped/>
  </testcase> <!-- @AfterMethod afterEachMethod -->
  <testcase classname="com.tetherfi.test.BaseTest" name="@AfterMethod endTestCase" time="-1.588316097449E9">
    <skipped/>
  </testcase> <!-- @AfterMethod endTestCase -->
  <testcase classname="com.tetherfi.test.BaseTest" name="@BeforeMethod startTestCase" time="-1.588316097454E9">
    <skipped/>
  </testcase> <!-- @BeforeMethod startTestCase -->
  <testcase classname="com.tetherfi.test.fax.FaxAddressBookTest" name="@BeforeMethod NavigatetoFaxAddressPage" time="-1.588316097457E9">
    <skipped/>
  </testcase> <!-- @BeforeMethod NavigatetoFaxAddressPage -->
  <testcase classname="com.tetherfi.test.fax.FaxAddressBookTest" name="@AfterMethod afterEachMethod" time="-1.58831609747E9">
    <skipped/>
  </testcase> <!-- @AfterMethod afterEachMethod -->
  <testcase classname="com.tetherfi.test.BaseTest" name="@AfterMethod endTestCase" time="-1.588316097474E9">
    <skipped/>
  </testcase> <!-- @AfterMethod endTestCase -->
  <testcase classname="com.tetherfi.test.BaseTest" name="@BeforeMethod startTestCase" time="-1.588316097477E9">
    <skipped/>
  </testcase> <!-- @BeforeMethod startTestCase -->
  <testcase classname="com.tetherfi.test.fax.FaxAddressBookTest" name="@BeforeMethod NavigatetoFaxAddressPage" time="-1.588316097478E9">
    <skipped/>
  </testcase> <!-- @BeforeMethod NavigatetoFaxAddressPage -->
  <testcase classname="com.tetherfi.test.fax.FaxAddressBookTest" name="@AfterMethod afterEachMethod" time="-1.58831609749E9">
    <skipped/>
  </testcase> <!-- @AfterMethod afterEachMethod -->
  <testcase classname="com.tetherfi.test.BaseTest" name="@AfterMethod endTestCase" time="-1.588316097491E9">
    <skipped/>
  </testcase> <!-- @AfterMethod endTestCase -->
  <testcase classname="com.tetherfi.test.BaseTest" name="@BeforeMethod startTestCase" time="-1.588316097497E9">
    <skipped/>
  </testcase> <!-- @BeforeMethod startTestCase -->
  <testcase classname="com.tetherfi.test.fax.FaxAddressBookTest" name="@BeforeMethod NavigatetoFaxAddressPage" time="-1.588316097499E9">
    <skipped/>
  </testcase> <!-- @BeforeMethod NavigatetoFaxAddressPage -->
  <testcase classname="com.tetherfi.test.fax.FaxAddressBookTest" name="@AfterMethod afterEachMethod" time="-1.588316097508E9">
    <skipped/>
  </testcase> <!-- @AfterMethod afterEachMethod -->
  <testcase classname="com.tetherfi.test.BaseTest" name="@AfterMethod endTestCase" time="-1.588316097509E9">
    <skipped/>
  </testcase> <!-- @AfterMethod endTestCase -->
  <testcase classname="com.tetherfi.test.BaseTest" name="@BeforeMethod startTestCase" time="-1.588316097513E9">
    <skipped/>
  </testcase> <!-- @BeforeMethod startTestCase -->
  <testcase classname="com.tetherfi.test.fax.FaxAddressBookTest" name="@BeforeMethod NavigatetoFaxAddressPage" time="-1.588316097513E9">
    <skipped/>
  </testcase> <!-- @BeforeMethod NavigatetoFaxAddressPage -->
  <testcase classname="com.tetherfi.test.fax.FaxAddressBookTest" name="@AfterMethod afterEachMethod" time="-1.588316097521E9">
    <skipped/>
  </testcase> <!-- @AfterMethod afterEachMethod -->
  <testcase classname="com.tetherfi.test.BaseTest" name="@AfterMethod endTestCase" time="-1.588316097523E9">
    <skipped/>
  </testcase> <!-- @AfterMethod endTestCase -->
  <testcase classname="com.tetherfi.test.BaseTest" name="@BeforeMethod startTestCase" time="-1.588316097527E9">
    <skipped/>
  </testcase> <!-- @BeforeMethod startTestCase -->
  <testcase classname="com.tetherfi.test.fax.FaxAddressBookTest" name="@BeforeMethod NavigatetoFaxAddressPage" time="-1.588316097529E9">
    <skipped/>
  </testcase> <!-- @BeforeMethod NavigatetoFaxAddressPage -->
  <testcase classname="com.tetherfi.test.fax.FaxAddressBookTest" name="@AfterMethod afterEachMethod" time="-1.588316097536E9">
    <skipped/>
  </testcase> <!-- @AfterMethod afterEachMethod -->
  <testcase classname="com.tetherfi.test.BaseTest" name="@AfterMethod endTestCase" time="-1.588316097544E9">
    <skipped/>
  </testcase> <!-- @AfterMethod endTestCase -->
  <testcase classname="com.tetherfi.test.BaseTest" name="@BeforeMethod startTestCase" time="-1.588316097549E9">
    <skipped/>
  </testcase> <!-- @BeforeMethod startTestCase -->
  <testcase classname="com.tetherfi.test.fax.FaxAddressBookTest" name="@BeforeMethod NavigatetoFaxAddressPage" time="-1.588316097552E9">
    <skipped/>
  </testcase> <!-- @BeforeMethod NavigatetoFaxAddressPage -->
  <testcase classname="com.tetherfi.test.fax.FaxAddressBookTest" name="@AfterMethod afterEachMethod" time="-1.588316097557E9">
    <skipped/>
  </testcase> <!-- @AfterMethod afterEachMethod -->
  <testcase classname="com.tetherfi.test.BaseTest" name="@AfterMethod endTestCase" time="-1.588316097559E9">
    <skipped/>
  </testcase> <!-- @AfterMethod endTestCase -->
  <testcase classname="com.tetherfi.test.BaseTest" name="@BeforeMethod startTestCase" time="-1.588316097562E9">
    <skipped/>
  </testcase> <!-- @BeforeMethod startTestCase -->
  <testcase classname="com.tetherfi.test.fax.FaxAddressBookTest" name="@BeforeMethod NavigatetoFaxAddressPage" time="-1.588316097563E9">
    <skipped/>
  </testcase> <!-- @BeforeMethod NavigatetoFaxAddressPage -->
  <testcase classname="com.tetherfi.test.fax.FaxAddressBookTest" name="@AfterMethod afterEachMethod" time="-1.588316097569E9">
    <skipped/>
  </testcase> <!-- @AfterMethod afterEachMethod -->
  <testcase classname="com.tetherfi.test.BaseTest" name="@AfterMethod endTestCase" time="-1.588316097576E9">
    <skipped/>
  </testcase> <!-- @AfterMethod endTestCase -->
  <testcase classname="com.tetherfi.test.BaseTest" name="@BeforeMethod startTestCase" time="-1.58831609758E9">
    <skipped/>
  </testcase> <!-- @BeforeMethod startTestCase -->
  <testcase classname="com.tetherfi.test.fax.FaxAddressBookTest" name="@BeforeMethod NavigatetoFaxAddressPage" time="-1.588316097585E9">
    <skipped/>
  </testcase> <!-- @BeforeMethod NavigatetoFaxAddressPage -->
  <testcase classname="com.tetherfi.test.fax.FaxAddressBookTest" name="@AfterMethod afterEachMethod" time="-1.58831609759E9">
    <skipped/>
  </testcase> <!-- @AfterMethod afterEachMethod -->
  <testcase classname="com.tetherfi.test.BaseTest" name="@AfterMethod endTestCase" time="-1.588316097592E9">
    <skipped/>
  </testcase> <!-- @AfterMethod endTestCase -->
  <testcase classname="com.tetherfi.test.BaseTest" name="@BeforeMethod startTestCase" time="-1.588316097595E9">
    <skipped/>
  </testcase> <!-- @BeforeMethod startTestCase -->
  <testcase classname="com.tetherfi.test.fax.FaxAddressBookTest" name="@BeforeMethod NavigatetoFaxAddressPage" time="-1.588316097603E9">
    <skipped/>
  </testcase> <!-- @BeforeMethod NavigatetoFaxAddressPage -->
  <testcase classname="com.tetherfi.test.fax.FaxAddressBookTest" name="@AfterMethod afterEachMethod" time="-1.588316097613E9">
    <skipped/>
  </testcase> <!-- @AfterMethod afterEachMethod -->
  <testcase classname="com.tetherfi.test.BaseTest" name="@AfterMethod endTestCase" time="-1.588316097614E9">
    <skipped/>
  </testcase> <!-- @AfterMethod endTestCase -->
  <testcase classname="com.tetherfi.test.BaseTest" name="@BeforeMethod startTestCase" time="-1.588316097618E9">
    <skipped/>
  </testcase> <!-- @BeforeMethod startTestCase -->
  <testcase classname="com.tetherfi.test.fax.FaxAddressBookTest" name="@BeforeMethod NavigatetoFaxAddressPage" time="-1.588316097622E9">
    <skipped/>
  </testcase> <!-- @BeforeMethod NavigatetoFaxAddressPage -->
  <testcase classname="com.tetherfi.test.fax.FaxAddressBookTest" name="@AfterMethod afterEachMethod" time="-1.588316097632E9">
    <skipped/>
  </testcase> <!-- @AfterMethod afterEachMethod -->
  <testcase classname="com.tetherfi.test.BaseTest" name="@AfterMethod endTestCase" time="-1.588316097637E9">
    <skipped/>
  </testcase> <!-- @AfterMethod endTestCase -->
  <testcase classname="com.tetherfi.test.BaseTest" name="@BeforeMethod startTestCase" time="-1.588316097647E9">
    <skipped/>
  </testcase> <!-- @BeforeMethod startTestCase -->
  <testcase classname="com.tetherfi.test.fax.FaxAddressBookTest" name="@BeforeMethod NavigatetoFaxAddressPage" time="-1.588316097651E9">
    <skipped/>
  </testcase> <!-- @BeforeMethod NavigatetoFaxAddressPage -->
  <testcase classname="com.tetherfi.test.fax.FaxAddressBookTest" name="@AfterMethod afterEachMethod" time="-1.588316097659E9">
    <skipped/>
  </testcase> <!-- @AfterMethod afterEachMethod -->
  <testcase classname="com.tetherfi.test.BaseTest" name="@AfterMethod endTestCase" time="-1.58831609766E9">
    <skipped/>
  </testcase> <!-- @AfterMethod endTestCase -->
  <testcase classname="com.tetherfi.test.BaseTest" name="@BeforeMethod startTestCase" time="-1.588316097661E9">
    <skipped/>
  </testcase> <!-- @BeforeMethod startTestCase -->
  <testcase classname="com.tetherfi.test.fax.FaxAddressBookTest" name="@BeforeMethod NavigatetoFaxAddressPage" time="-1.588316097662E9">
    <skipped/>
  </testcase> <!-- @BeforeMethod NavigatetoFaxAddressPage -->
  <testcase classname="com.tetherfi.test.fax.FaxAddressBookTest" name="@AfterMethod afterEachMethod" time="-1.588316097674E9">
    <skipped/>
  </testcase> <!-- @AfterMethod afterEachMethod -->
  <testcase classname="com.tetherfi.test.BaseTest" name="@AfterMethod endTestCase" time="-1.58831609768E9">
    <skipped/>
  </testcase> <!-- @AfterMethod endTestCase -->
  <testcase classname="com.tetherfi.test.BaseTest" name="@BeforeMethod startTestCase" time="-1.588316097681E9">
    <skipped/>
  </testcase> <!-- @BeforeMethod startTestCase -->
  <testcase classname="com.tetherfi.test.fax.FaxAddressBookTest" name="@BeforeMethod NavigatetoFaxAddressPage" time="-1.58831609769E9">
    <skipped/>
  </testcase> <!-- @BeforeMethod NavigatetoFaxAddressPage -->
  <testcase classname="com.tetherfi.test.fax.FaxAddressBookTest" name="@AfterMethod afterEachMethod" time="-1.588316097698E9">
    <skipped/>
  </testcase> <!-- @AfterMethod afterEachMethod -->
  <testcase classname="com.tetherfi.test.BaseTest" name="@AfterMethod endTestCase" time="-1.588316097699E9">
    <skipped/>
  </testcase> <!-- @AfterMethod endTestCase -->
  <testcase classname="com.tetherfi.test.BaseTest" name="@BeforeMethod startTestCase" time="-1.588316097705E9">
    <skipped/>
  </testcase> <!-- @BeforeMethod startTestCase -->
  <testcase classname="com.tetherfi.test.fax.FaxAddressBookTest" name="@BeforeMethod NavigatetoFaxAddressPage" time="-1.588316097706E9">
    <skipped/>
  </testcase> <!-- @BeforeMethod NavigatetoFaxAddressPage -->
  <testcase classname="com.tetherfi.test.fax.FaxAddressBookTest" name="@AfterMethod afterEachMethod" time="-1.588316097723E9">
    <skipped/>
  </testcase> <!-- @AfterMethod afterEachMethod -->
  <testcase classname="com.tetherfi.test.BaseTest" name="@AfterMethod endTestCase" time="-1.588316097725E9">
    <skipped/>
  </testcase> <!-- @AfterMethod endTestCase -->
  <testcase classname="com.tetherfi.test.BaseTest" name="@BeforeMethod startTestCase" time="-1.588316097734E9">
    <skipped/>
  </testcase> <!-- @BeforeMethod startTestCase -->
  <testcase classname="com.tetherfi.test.fax.FaxAddressBookTest" name="@BeforeMethod NavigatetoFaxAddressPage" time="-1.588316097736E9">
    <skipped/>
  </testcase> <!-- @BeforeMethod NavigatetoFaxAddressPage -->
  <testcase classname="com.tetherfi.test.fax.FaxAddressBookTest" name="@AfterMethod afterEachMethod" time="-1.588316097787E9">
    <skipped/>
  </testcase> <!-- @AfterMethod afterEachMethod -->
  <testcase classname="com.tetherfi.test.BaseTest" name="@AfterMethod endTestCase" time="-1.588316097791E9">
    <skipped/>
  </testcase> <!-- @AfterMethod endTestCase -->
  <testcase classname="com.tetherfi.test.BaseTest" name="@BeforeMethod startTestCase" time="-1.588316097794E9">
    <skipped/>
  </testcase> <!-- @BeforeMethod startTestCase -->
  <testcase classname="com.tetherfi.test.fax.FaxAddressBookTest" name="@BeforeMethod NavigatetoFaxAddressPage" time="-1.588316097796E9">
    <skipped/>
  </testcase> <!-- @BeforeMethod NavigatetoFaxAddressPage -->
  <testcase classname="com.tetherfi.test.fax.FaxAddressBookTest" name="@AfterMethod afterEachMethod" time="-1.588316097803E9">
    <skipped/>
  </testcase> <!-- @AfterMethod afterEachMethod -->
  <testcase classname="com.tetherfi.test.BaseTest" name="@AfterMethod endTestCase" time="-1.588316097823E9">
    <skipped/>
  </testcase> <!-- @AfterMethod endTestCase -->
  <testcase classname="com.tetherfi.test.BaseTest" name="@BeforeMethod startTestCase" time="-1.588316097829E9">
    <skipped/>
  </testcase> <!-- @BeforeMethod startTestCase -->
  <testcase classname="com.tetherfi.test.fax.FaxAddressBookTest" name="@BeforeMethod NavigatetoFaxAddressPage" time="-1.588316097834E9">
    <skipped/>
  </testcase> <!-- @BeforeMethod NavigatetoFaxAddressPage -->
  <testcase classname="com.tetherfi.test.fax.FaxAddressBookTest" name="@AfterMethod afterEachMethod" time="-1.588316097845E9">
    <skipped/>
  </testcase> <!-- @AfterMethod afterEachMethod -->
  <testcase classname="com.tetherfi.test.BaseTest" name="@AfterMethod endTestCase" time="-1.588316097846E9">
    <skipped/>
  </testcase> <!-- @AfterMethod endTestCase -->
  <testcase classname="com.tetherfi.test.BaseTest" name="@BeforeMethod startTestCase" time="-1.588316097856E9">
    <skipped/>
  </testcase> <!-- @BeforeMethod startTestCase -->
  <testcase classname="com.tetherfi.test.fax.FaxAddressBookTest" name="@BeforeMethod NavigatetoFaxAddressPage" time="-1.588316097857E9">
    <skipped/>
  </testcase> <!-- @BeforeMethod NavigatetoFaxAddressPage -->
  <testcase classname="com.tetherfi.test.fax.FaxAddressBookTest" name="@AfterMethod afterEachMethod" time="-1.588316097874E9">
    <skipped/>
  </testcase> <!-- @AfterMethod afterEachMethod -->
  <testcase classname="com.tetherfi.test.BaseTest" name="@AfterMethod endTestCase" time="-1.588316097879E9">
    <skipped/>
  </testcase> <!-- @AfterMethod endTestCase -->
  <testcase classname="com.tetherfi.test.BaseTest" name="@BeforeMethod startTestCase" time="-1.588316097885E9">
    <skipped/>
  </testcase> <!-- @BeforeMethod startTestCase -->
  <testcase classname="com.tetherfi.test.fax.FaxAddressBookTest" name="@BeforeMethod NavigatetoFaxAddressPage" time="-1.588316097888E9">
    <skipped/>
  </testcase> <!-- @BeforeMethod NavigatetoFaxAddressPage -->
  <testcase classname="com.tetherfi.test.fax.FaxAddressBookTest" name="@AfterMethod afterEachMethod" time="-1.588316097897E9">
    <skipped/>
  </testcase> <!-- @AfterMethod afterEachMethod -->
  <testcase classname="com.tetherfi.test.BaseTest" name="@AfterMethod endTestCase" time="-1.588316097899E9">
    <skipped/>
  </testcase> <!-- @AfterMethod endTestCase -->
  <testcase classname="com.tetherfi.test.BaseTest" name="@BeforeMethod startTestCase" time="-1.588316097902E9">
    <skipped/>
  </testcase> <!-- @BeforeMethod startTestCase -->
  <testcase classname="com.tetherfi.test.fax.FaxAddressBookTest" name="@BeforeMethod NavigatetoFaxAddressPage" time="-1.588316097903E9">
    <skipped/>
  </testcase> <!-- @BeforeMethod NavigatetoFaxAddressPage -->
  <testcase classname="com.tetherfi.test.fax.FaxAddressBookTest" name="@AfterMethod afterEachMethod" time="-1.588316097913E9">
    <skipped/>
  </testcase> <!-- @AfterMethod afterEachMethod -->
  <testcase classname="com.tetherfi.test.BaseTest" name="@AfterMethod endTestCase" time="-1.588316097914E9">
    <skipped/>
  </testcase> <!-- @AfterMethod endTestCase -->
  <testcase classname="com.tetherfi.test.BaseTest" name="@BeforeMethod startTestCase" time="-1.588316097918E9">
    <skipped/>
  </testcase> <!-- @BeforeMethod startTestCase -->
  <testcase classname="com.tetherfi.test.fax.FaxAddressBookTest" name="@BeforeMethod NavigatetoFaxAddressPage" time="-1.588316097919E9">
    <skipped/>
  </testcase> <!-- @BeforeMethod NavigatetoFaxAddressPage -->
  <testcase classname="com.tetherfi.test.fax.FaxAddressBookTest" name="@AfterMethod afterEachMethod" time="-1.588316097926E9">
    <skipped/>
  </testcase> <!-- @AfterMethod afterEachMethod -->
  <testcase classname="com.tetherfi.test.BaseTest" name="@AfterMethod endTestCase" time="-1.588316097927E9">
    <skipped/>
  </testcase> <!-- @AfterMethod endTestCase -->
  <testcase classname="com.tetherfi.test.BaseTest" name="@BeforeMethod startTestCase" time="-1.588316097931E9">
    <skipped/>
  </testcase> <!-- @BeforeMethod startTestCase -->
  <testcase classname="com.tetherfi.test.fax.FaxAddressBookTest" name="@BeforeMethod NavigatetoFaxAddressPage" time="-1.588316097932E9">
    <skipped/>
  </testcase> <!-- @BeforeMethod NavigatetoFaxAddressPage -->
  <testcase classname="com.tetherfi.test.fax.FaxAddressBookTest" name="@AfterMethod afterEachMethod" time="-1.588316097945E9">
    <skipped/>
  </testcase> <!-- @AfterMethod afterEachMethod -->
  <testcase classname="com.tetherfi.test.BaseTest" name="@AfterMethod endTestCase" time="-1.58831609796E9">
    <skipped/>
  </testcase> <!-- @AfterMethod endTestCase -->
  <testcase classname="com.tetherfi.test.BaseTest" name="@BeforeMethod startTestCase" time="-1.588316097965E9">
    <skipped/>
  </testcase> <!-- @BeforeMethod startTestCase -->
  <testcase classname="com.tetherfi.test.fax.FaxAddressBookTest" name="@BeforeMethod NavigatetoFaxAddressPage" time="-1.58831609798E9">
    <skipped/>
  </testcase> <!-- @BeforeMethod NavigatetoFaxAddressPage -->
  <testcase classname="com.tetherfi.test.fax.FaxAddressBookTest" name="@AfterMethod afterEachMethod" time="-1.588316097989E9">
    <skipped/>
  </testcase> <!-- @AfterMethod afterEachMethod -->
  <testcase classname="com.tetherfi.test.BaseTest" name="@AfterMethod endTestCase" time="-1.588316097992E9">
    <skipped/>
  </testcase> <!-- @AfterMethod endTestCase -->
  <testcase classname="com.tetherfi.test.BaseTest" name="@BeforeMethod startTestCase" time="-1.588316097998E9">
    <skipped/>
  </testcase> <!-- @BeforeMethod startTestCase -->
  <testcase classname="com.tetherfi.test.fax.FaxAddressBookTest" name="@BeforeMethod NavigatetoFaxAddressPage" time="-1.588316098003E9">
    <skipped/>
  </testcase> <!-- @BeforeMethod NavigatetoFaxAddressPage -->
  <testcase classname="com.tetherfi.test.fax.FaxAddressBookTest" name="@AfterMethod afterEachMethod" time="-1.588316098013E9">
    <skipped/>
  </testcase> <!-- @AfterMethod afterEachMethod -->
  <testcase classname="com.tetherfi.test.BaseTest" name="@AfterMethod endTestCase" time="-1.588316098044E9">
    <skipped/>
  </testcase> <!-- @AfterMethod endTestCase -->
  <testcase classname="com.tetherfi.test.BaseTest" name="@BeforeMethod startTestCase" time="-1.588316098056E9">
    <skipped/>
  </testcase> <!-- @BeforeMethod startTestCase -->
  <testcase classname="com.tetherfi.test.fax.FaxAddressBookTest" name="@BeforeMethod NavigatetoFaxAddressPage" time="-1.588316098057E9">
    <skipped/>
  </testcase> <!-- @BeforeMethod NavigatetoFaxAddressPage -->
  <testcase classname="com.tetherfi.test.fax.FaxAddressBookTest" name="@AfterMethod afterEachMethod" time="-1.588316098066E9">
    <skipped/>
  </testcase> <!-- @AfterMethod afterEachMethod -->
  <testcase classname="com.tetherfi.test.BaseTest" name="@AfterMethod endTestCase" time="-1.588316098069E9">
    <skipped/>
  </testcase> <!-- @AfterMethod endTestCase -->
  <testcase classname="com.tetherfi.test.BaseTest" name="@BeforeMethod startTestCase" time="-1.588316098075E9">
    <skipped/>
  </testcase> <!-- @BeforeMethod startTestCase -->
  <testcase classname="com.tetherfi.test.fax.FaxAddressBookTest" name="@BeforeMethod NavigatetoFaxAddressPage" time="-1.588316098079E9">
    <skipped/>
  </testcase> <!-- @BeforeMethod NavigatetoFaxAddressPage -->
  <testcase classname="com.tetherfi.test.fax.FaxAddressBookTest" name="@AfterMethod afterEachMethod" time="-1.588316098141E9">
    <skipped/>
  </testcase> <!-- @AfterMethod afterEachMethod -->
  <testcase classname="com.tetherfi.test.BaseTest" name="@AfterMethod endTestCase" time="-1.588316098145E9">
    <skipped/>
  </testcase> <!-- @AfterMethod endTestCase -->
  <testcase classname="com.tetherfi.test.BaseTest" name="@BeforeMethod startTestCase" time="-1.588316098148E9">
    <skipped/>
  </testcase> <!-- @BeforeMethod startTestCase -->
  <testcase classname="com.tetherfi.test.fax.FaxAddressBookTest" name="@BeforeMethod NavigatetoFaxAddressPage" time="-1.588316098156E9">
    <skipped/>
  </testcase> <!-- @BeforeMethod NavigatetoFaxAddressPage -->
  <testcase classname="com.tetherfi.test.fax.FaxAddressBookTest" name="@AfterMethod afterEachMethod" time="-1.588316098163E9">
    <skipped/>
  </testcase> <!-- @AfterMethod afterEachMethod -->
  <testcase classname="com.tetherfi.test.BaseTest" name="@AfterMethod endTestCase" time="-1.588316098164E9">
    <skipped/>
  </testcase> <!-- @AfterMethod endTestCase -->
  <testcase classname="com.tetherfi.test.BaseTest" name="@BeforeMethod startTestCase" time="-1.588316098165E9">
    <skipped/>
  </testcase> <!-- @BeforeMethod startTestCase -->
  <testcase classname="com.tetherfi.test.fax.FaxAddressBookTest" name="@BeforeMethod NavigatetoFaxAddressPage" time="-1.588316098166E9">
    <skipped/>
  </testcase> <!-- @BeforeMethod NavigatetoFaxAddressPage -->
  <testcase classname="com.tetherfi.test.fax.FaxAddressBookTest" name="@AfterMethod afterEachMethod" time="-1.58831609818E9">
    <skipped/>
  </testcase> <!-- @AfterMethod afterEachMethod -->
  <testcase classname="com.tetherfi.test.BaseTest" name="@AfterMethod endTestCase" time="-1.588316098181E9">
    <skipped/>
  </testcase> <!-- @AfterMethod endTestCase -->
  <testcase classname="com.tetherfi.test.BaseTest" name="@BeforeMethod startTestCase" time="-1.588316098186E9">
    <skipped/>
  </testcase> <!-- @BeforeMethod startTestCase -->
  <testcase classname="com.tetherfi.test.fax.FaxAddressBookTest" name="@BeforeMethod NavigatetoFaxAddressPage" time="-1.588316098186E9">
    <skipped/>
  </testcase> <!-- @BeforeMethod NavigatetoFaxAddressPage -->
  <testcase classname="com.tetherfi.test.fax.FaxAddressBookTest" name="@AfterMethod afterEachMethod" time="-1.588316098204E9">
    <skipped/>
  </testcase> <!-- @AfterMethod afterEachMethod -->
  <testcase classname="com.tetherfi.test.BaseTest" name="@AfterMethod endTestCase" time="-1.588316098208E9">
    <skipped/>
  </testcase> <!-- @AfterMethod endTestCase -->
  <testcase classname="com.tetherfi.test.BaseTest" name="@BeforeMethod startTestCase" time="-1.588316098213E9">
    <skipped/>
  </testcase> <!-- @BeforeMethod startTestCase -->
  <testcase classname="com.tetherfi.test.fax.FaxAddressBookTest" name="@BeforeMethod NavigatetoFaxAddressPage" time="-1.588316098214E9">
    <skipped/>
  </testcase> <!-- @BeforeMethod NavigatetoFaxAddressPage -->
  <testcase classname="com.tetherfi.test.fax.FaxAddressBookTest" name="@AfterMethod afterEachMethod" time="-1.588316098223E9">
    <skipped/>
  </testcase> <!-- @AfterMethod afterEachMethod -->
  <testcase classname="com.tetherfi.test.BaseTest" name="@AfterMethod endTestCase" time="-1.588316098226E9">
    <skipped/>
  </testcase> <!-- @AfterMethod endTestCase -->
  <testcase classname="com.tetherfi.test.BaseTest" name="@BeforeMethod startTestCase" time="-1.588316098241E9">
    <skipped/>
  </testcase> <!-- @BeforeMethod startTestCase -->
  <testcase classname="com.tetherfi.test.fax.FaxAddressBookTest" name="@BeforeMethod NavigatetoFaxAddressPage" time="-1.588316098243E9">
    <skipped/>
  </testcase> <!-- @BeforeMethod NavigatetoFaxAddressPage -->
  <testcase classname="com.tetherfi.test.fax.FaxAddressBookTest" name="@AfterMethod afterEachMethod" time="-1.588316098254E9">
    <skipped/>
  </testcase> <!-- @AfterMethod afterEachMethod -->
  <testcase classname="com.tetherfi.test.BaseTest" name="@AfterMethod endTestCase" time="-1.588316098256E9">
    <skipped/>
  </testcase> <!-- @AfterMethod endTestCase -->
  <testcase classname="com.tetherfi.test.BaseTest" name="@BeforeMethod startTestCase" time="-1.588316098257E9">
    <skipped/>
  </testcase> <!-- @BeforeMethod startTestCase -->
  <testcase classname="com.tetherfi.test.fax.FaxAddressBookTest" name="@BeforeMethod NavigatetoFaxAddressPage" time="-1.588316098258E9">
    <skipped/>
  </testcase> <!-- @BeforeMethod NavigatetoFaxAddressPage -->
  <testcase classname="com.tetherfi.test.fax.FaxAddressBookTest" name="@AfterMethod afterEachMethod" time="-1.588316098271E9">
    <skipped/>
  </testcase> <!-- @AfterMethod afterEachMethod -->
  <testcase classname="com.tetherfi.test.BaseTest" name="@AfterMethod endTestCase" time="-1.588316098272E9">
    <skipped/>
  </testcase> <!-- @AfterMethod endTestCase -->
  <testcase classname="com.tetherfi.test.BaseTest" name="@BeforeMethod startTestCase" time="-1.588316098276E9">
    <skipped/>
  </testcase> <!-- @BeforeMethod startTestCase -->
  <testcase classname="com.tetherfi.test.fax.FaxAddressBookTest" name="@BeforeMethod NavigatetoFaxAddressPage" time="-1.588316098277E9">
    <skipped/>
  </testcase> <!-- @BeforeMethod NavigatetoFaxAddressPage -->
  <testcase classname="com.tetherfi.test.fax.FaxAddressBookTest" name="@AfterMethod afterEachMethod" time="-1.588316098283E9">
    <skipped/>
  </testcase> <!-- @AfterMethod afterEachMethod -->
  <testcase classname="com.tetherfi.test.BaseTest" name="@AfterMethod endTestCase" time="-1.58831609829E9">
    <skipped/>
  </testcase> <!-- @AfterMethod endTestCase -->
  <testcase classname="com.tetherfi.test.BaseTest" name="@BeforeMethod startTestCase" time="-1.588316098292E9">
    <skipped/>
  </testcase> <!-- @BeforeMethod startTestCase -->
  <testcase classname="com.tetherfi.test.fax.FaxAddressBookTest" name="@BeforeMethod NavigatetoFaxAddressPage" time="-1.588316098292E9">
    <skipped/>
  </testcase> <!-- @BeforeMethod NavigatetoFaxAddressPage -->
  <testcase classname="com.tetherfi.test.fax.FaxAddressBookTest" name="@AfterMethod afterEachMethod" time="-1.588316098297E9">
    <skipped/>
  </testcase> <!-- @AfterMethod afterEachMethod -->
  <testcase classname="com.tetherfi.test.BaseTest" name="@AfterMethod endTestCase" time="-1.588316098312E9">
    <skipped/>
  </testcase> <!-- @AfterMethod endTestCase -->
  <testcase classname="com.tetherfi.test.BaseTest" name="@BeforeMethod startTestCase" time="-1.588316098313E9">
    <skipped/>
  </testcase> <!-- @BeforeMethod startTestCase -->
  <testcase classname="com.tetherfi.test.fax.FaxAddressBookTest" name="@BeforeMethod NavigatetoFaxAddressPage" time="-1.588316098314E9">
    <skipped/>
  </testcase> <!-- @BeforeMethod NavigatetoFaxAddressPage -->
  <testcase classname="com.tetherfi.test.fax.FaxAddressBookTest" name="@AfterMethod afterEachMethod" time="-1.588316098321E9">
    <skipped/>
  </testcase> <!-- @AfterMethod afterEachMethod -->
  <testcase classname="com.tetherfi.test.BaseTest" name="@AfterMethod endTestCase" time="-1.588316098322E9">
    <skipped/>
  </testcase> <!-- @AfterMethod endTestCase -->
  <testcase classname="com.tetherfi.test.BaseTest" name="@BeforeMethod startTestCase" time="-1.588316098326E9">
    <skipped/>
  </testcase> <!-- @BeforeMethod startTestCase -->
  <testcase classname="com.tetherfi.test.fax.FaxAddressBookTest" name="@BeforeMethod NavigatetoFaxAddressPage" time="-1.588316098328E9">
    <skipped/>
  </testcase> <!-- @BeforeMethod NavigatetoFaxAddressPage -->
  <testcase classname="com.tetherfi.test.fax.FaxAddressBookTest" name="@AfterMethod afterEachMethod" time="-1.58831609834E9">
    <skipped/>
  </testcase> <!-- @AfterMethod afterEachMethod -->
  <testcase classname="com.tetherfi.test.BaseTest" name="@AfterMethod endTestCase" time="-1.588316098341E9">
    <skipped/>
  </testcase> <!-- @AfterMethod endTestCase -->
  <testcase classname="com.tetherfi.test.BaseTest" name="@BeforeMethod startTestCase" time="-1.588316098345E9">
    <skipped/>
  </testcase> <!-- @BeforeMethod startTestCase -->
  <testcase classname="com.tetherfi.test.fax.FaxAddressBookTest" name="@BeforeMethod NavigatetoFaxAddressPage" time="-1.588316098346E9">
    <skipped/>
  </testcase> <!-- @BeforeMethod NavigatetoFaxAddressPage -->
  <testcase classname="com.tetherfi.test.fax.FaxAddressBookTest" name="@AfterMethod afterEachMethod" time="-1.588316098359E9">
    <skipped/>
  </testcase> <!-- @AfterMethod afterEachMethod -->
  <testcase classname="com.tetherfi.test.BaseTest" name="@AfterMethod endTestCase" time="-1.588316098362E9">
    <skipped/>
  </testcase> <!-- @AfterMethod endTestCase -->
  <testcase classname="com.tetherfi.test.BaseTest" name="@BeforeMethod startTestCase" time="-1.588316098363E9">
    <skipped/>
  </testcase> <!-- @BeforeMethod startTestCase -->
  <testcase classname="com.tetherfi.test.fax.FaxAddressBookTest" name="@BeforeMethod NavigatetoFaxAddressPage" time="-1.588316098365E9">
    <skipped/>
  </testcase> <!-- @BeforeMethod NavigatetoFaxAddressPage -->
  <testcase classname="com.tetherfi.test.fax.FaxAddressBookTest" name="@AfterMethod afterEachMethod" time="-1.588316098376E9">
    <skipped/>
  </testcase> <!-- @AfterMethod afterEachMethod -->
  <testcase classname="com.tetherfi.test.BaseTest" name="@AfterMethod endTestCase" time="-1.588316098377E9">
    <skipped/>
  </testcase> <!-- @AfterMethod endTestCase -->
  <testcase classname="com.tetherfi.test.BaseTest" name="@BeforeMethod startTestCase" time="-1.588316098385E9">
    <skipped/>
  </testcase> <!-- @BeforeMethod startTestCase -->
  <testcase classname="com.tetherfi.test.fax.FaxAddressBookTest" name="@BeforeMethod NavigatetoFaxAddressPage" time="-1.588316098389E9">
    <skipped/>
  </testcase> <!-- @BeforeMethod NavigatetoFaxAddressPage -->
  <testcase classname="com.tetherfi.test.fax.FaxAddressBookTest" name="@AfterMethod afterEachMethod" time="-1.588316098394E9">
    <skipped/>
  </testcase> <!-- @AfterMethod afterEachMethod -->
  <testcase classname="com.tetherfi.test.BaseTest" name="@AfterMethod endTestCase" time="-1.588316098402E9">
    <skipped/>
  </testcase> <!-- @AfterMethod endTestCase -->
  <testcase classname="com.tetherfi.test.BaseTest" name="@BeforeMethod startTestCase" time="-1.588316098411E9">
    <skipped/>
  </testcase> <!-- @BeforeMethod startTestCase -->
  <testcase classname="com.tetherfi.test.fax.FaxAddressBookTest" name="@BeforeMethod NavigatetoFaxAddressPage" time="-1.588316098416E9">
    <skipped/>
  </testcase> <!-- @BeforeMethod NavigatetoFaxAddressPage -->
  <testcase classname="com.tetherfi.test.fax.FaxAddressBookTest" name="@AfterMethod afterEachMethod" time="-1.588316098424E9">
    <skipped/>
  </testcase> <!-- @AfterMethod afterEachMethod -->
  <testcase classname="com.tetherfi.test.BaseTest" name="@AfterMethod endTestCase" time="-1.588316098425E9">
    <skipped/>
  </testcase> <!-- @AfterMethod endTestCase -->
  <testcase classname="com.tetherfi.test.BaseTest" name="@BeforeMethod startTestCase" time="-1.588316098426E9">
    <skipped/>
  </testcase> <!-- @BeforeMethod startTestCase -->
  <testcase classname="com.tetherfi.test.fax.FaxAddressBookTest" name="@BeforeMethod NavigatetoFaxAddressPage" time="-1.588316098427E9">
    <skipped/>
  </testcase> <!-- @BeforeMethod NavigatetoFaxAddressPage -->
  <testcase classname="com.tetherfi.test.fax.FaxAddressBookTest" name="@AfterMethod afterEachMethod" time="-1.588316098431E9">
    <skipped/>
  </testcase> <!-- @AfterMethod afterEachMethod -->
  <testcase classname="com.tetherfi.test.BaseTest" name="@AfterMethod endTestCase" time="-1.588316098431E9">
    <skipped/>
  </testcase> <!-- @AfterMethod endTestCase -->
  <testcase classname="com.tetherfi.test.BaseTest" name="@BeforeMethod startTestCase" time="-1.588316098433E9">
    <skipped/>
  </testcase> <!-- @BeforeMethod startTestCase -->
  <testcase classname="com.tetherfi.test.fax.FaxAddressBookTest" name="@BeforeMethod NavigatetoFaxAddressPage" time="-1.588316098433E9">
    <skipped/>
  </testcase> <!-- @BeforeMethod NavigatetoFaxAddressPage -->
  <testcase classname="com.tetherfi.test.fax.FaxAddressBookTest" name="@AfterMethod afterEachMethod" time="-1.588316098446E9">
    <skipped/>
  </testcase> <!-- @AfterMethod afterEachMethod -->
  <testcase classname="com.tetherfi.test.BaseTest" name="@AfterMethod endTestCase" time="-1.588316098446E9">
    <skipped/>
  </testcase> <!-- @AfterMethod endTestCase -->
  <testcase classname="com.tetherfi.test.BaseTest" name="@BeforeMethod startTestCase" time="-1.588316098448E9">
    <skipped/>
  </testcase> <!-- @BeforeMethod startTestCase -->
  <testcase classname="com.tetherfi.test.fax.FaxAddressBookTest" name="@BeforeMethod NavigatetoFaxAddressPage" time="-1.588316098451E9">
    <skipped/>
  </testcase> <!-- @BeforeMethod NavigatetoFaxAddressPage -->
  <testcase classname="com.tetherfi.test.fax.FaxAddressBookTest" name="@AfterMethod afterEachMethod" time="-1.588316098455E9">
    <skipped/>
  </testcase> <!-- @AfterMethod afterEachMethod -->
  <testcase classname="com.tetherfi.test.BaseTest" name="@AfterMethod endTestCase" time="-1.588316098455E9">
    <skipped/>
  </testcase> <!-- @AfterMethod endTestCase -->
  <testcase classname="com.tetherfi.test.BaseTest" name="@BeforeMethod startTestCase" time="-1.588316098456E9">
    <skipped/>
  </testcase> <!-- @BeforeMethod startTestCase -->
  <testcase classname="com.tetherfi.test.fax.FaxAddressBookTest" name="@BeforeMethod NavigatetoFaxAddressPage" time="-1.588316098457E9">
    <skipped/>
  </testcase> <!-- @BeforeMethod NavigatetoFaxAddressPage -->
  <testcase classname="com.tetherfi.test.fax.FaxAddressBookTest" name="@AfterMethod afterEachMethod" time="-1.58831609846E9">
    <skipped/>
  </testcase> <!-- @AfterMethod afterEachMethod -->
  <testcase classname="com.tetherfi.test.BaseTest" name="@AfterMethod endTestCase" time="-1.58831609846E9">
    <skipped/>
  </testcase> <!-- @AfterMethod endTestCase -->
  <testcase classname="com.tetherfi.test.BaseTest" name="@BeforeMethod startTestCase" time="-1.588316098463E9">
    <skipped/>
  </testcase> <!-- @BeforeMethod startTestCase -->
  <testcase classname="com.tetherfi.test.fax.FaxAddressBookTest" name="@BeforeMethod NavigatetoFaxAddressPage" time="-1.588316098464E9">
    <skipped/>
  </testcase> <!-- @BeforeMethod NavigatetoFaxAddressPage -->
  <testcase classname="com.tetherfi.test.fax.FaxAddressBookTest" name="@AfterMethod afterEachMethod" time="-1.588316098466E9">
    <skipped/>
  </testcase> <!-- @AfterMethod afterEachMethod -->
  <testcase classname="com.tetherfi.test.BaseTest" name="@AfterMethod endTestCase" time="-1.588316098473E9">
    <skipped/>
  </testcase> <!-- @AfterMethod endTestCase -->
  <testcase classname="com.tetherfi.test.BaseTest" name="@BeforeMethod startTestCase" time="-1.588316098474E9">
    <skipped/>
  </testcase> <!-- @BeforeMethod startTestCase -->
  <testcase classname="com.tetherfi.test.fax.FaxAddressBookTest" name="@BeforeMethod NavigatetoFaxAddressPage" time="-1.588316098475E9">
    <skipped/>
  </testcase> <!-- @BeforeMethod NavigatetoFaxAddressPage -->
  <testcase classname="com.tetherfi.test.fax.FaxAddressBookTest" name="@AfterMethod afterEachMethod" time="-1.588316098477E9">
    <skipped/>
  </testcase> <!-- @AfterMethod afterEachMethod -->
  <testcase classname="com.tetherfi.test.BaseTest" name="@AfterMethod endTestCase" time="-1.588316098478E9">
    <skipped/>
  </testcase> <!-- @AfterMethod endTestCase -->
  <testcase classname="com.tetherfi.test.BaseTest" name="@BeforeMethod startTestCase" time="-1.588316098479E9">
    <skipped/>
  </testcase> <!-- @BeforeMethod startTestCase -->
  <testcase classname="com.tetherfi.test.fax.FaxAddressBookTest" name="@BeforeMethod NavigatetoFaxAddressPage" time="-1.588316098479E9">
    <skipped/>
  </testcase> <!-- @BeforeMethod NavigatetoFaxAddressPage -->
  <testcase classname="com.tetherfi.test.fax.FaxAddressBookTest" name="@AfterMethod afterEachMethod" time="-1.588316098482E9">
    <skipped/>
  </testcase> <!-- @AfterMethod afterEachMethod -->
  <testcase classname="com.tetherfi.test.BaseTest" name="@AfterMethod endTestCase" time="-1.588316098483E9">
    <skipped/>
  </testcase> <!-- @AfterMethod endTestCase -->
  <testcase classname="com.tetherfi.test.BaseTest" name="@BeforeMethod startTestCase" time="-1.588316098488E9">
    <skipped/>
  </testcase> <!-- @BeforeMethod startTestCase -->
  <testcase classname="com.tetherfi.test.fax.FaxAddressBookTest" name="@BeforeMethod NavigatetoFaxAddressPage" time="-1.588316098489E9">
    <skipped/>
  </testcase> <!-- @BeforeMethod NavigatetoFaxAddressPage -->
  <testcase classname="com.tetherfi.test.fax.FaxAddressBookTest" name="@AfterMethod afterEachMethod" time="-1.588316098493E9">
    <skipped/>
  </testcase> <!-- @AfterMethod afterEachMethod -->
  <testcase classname="com.tetherfi.test.BaseTest" name="@AfterMethod endTestCase" time="-1.588316098493E9">
    <skipped/>
  </testcase> <!-- @AfterMethod endTestCase -->
  <testcase classname="com.tetherfi.test.BaseTest" name="@BeforeMethod startTestCase" time="-1.588316098494E9">
    <skipped/>
  </testcase> <!-- @BeforeMethod startTestCase -->
  <testcase classname="com.tetherfi.test.fax.FaxAddressBookTest" name="@BeforeMethod NavigatetoFaxAddressPage" time="-1.588316098495E9">
    <skipped/>
  </testcase> <!-- @BeforeMethod NavigatetoFaxAddressPage -->
  <testcase classname="com.tetherfi.test.fax.FaxAddressBookTest" name="@AfterMethod afterEachMethod" time="-1.588316098498E9">
    <skipped/>
  </testcase> <!-- @AfterMethod afterEachMethod -->
  <testcase classname="com.tetherfi.test.BaseTest" name="@AfterMethod endTestCase" time="-1.588316098499E9">
    <skipped/>
  </testcase> <!-- @AfterMethod endTestCase -->
  <testcase classname="com.tetherfi.test.BaseTest" name="@BeforeMethod startTestCase" time="-1.588316098499E9">
    <skipped/>
  </testcase> <!-- @BeforeMethod startTestCase -->
  <testcase classname="com.tetherfi.test.fax.FaxAddressBookTest" name="@BeforeMethod NavigatetoFaxAddressPage" time="-1.588316098504E9">
    <skipped/>
  </testcase> <!-- @BeforeMethod NavigatetoFaxAddressPage -->
  <testcase classname="com.tetherfi.test.fax.FaxAddressBookTest" name="@AfterMethod afterEachMethod" time="-1.588316098507E9">
    <skipped/>
  </testcase> <!-- @AfterMethod afterEachMethod -->
  <testcase classname="com.tetherfi.test.BaseTest" name="@AfterMethod endTestCase" time="-1.588316098507E9">
    <skipped/>
  </testcase> <!-- @AfterMethod endTestCase -->
  <testcase classname="com.tetherfi.test.BaseTest" name="@BeforeMethod startTestCase" time="-1.588316098509E9">
    <skipped/>
  </testcase> <!-- @BeforeMethod startTestCase -->
  <testcase classname="com.tetherfi.test.fax.FaxAddressBookTest" name="@BeforeMethod NavigatetoFaxAddressPage" time="-1.588316098509E9">
    <skipped/>
  </testcase> <!-- @BeforeMethod NavigatetoFaxAddressPage -->
  <testcase classname="com.tetherfi.test.fax.FaxAddressBookTest" name="@AfterMethod afterEachMethod" time="-1.588316098513E9">
    <skipped/>
  </testcase> <!-- @AfterMethod afterEachMethod -->
  <testcase classname="com.tetherfi.test.BaseTest" name="@AfterMethod endTestCase" time="-1.588316098513E9">
    <skipped/>
  </testcase> <!-- @AfterMethod endTestCase -->
  <testcase classname="com.tetherfi.test.BaseTest" name="@BeforeMethod startTestCase" time="-1.58831609852E9">
    <skipped/>
  </testcase> <!-- @BeforeMethod startTestCase -->
  <testcase classname="com.tetherfi.test.fax.FaxAddressBookTest" name="@BeforeMethod NavigatetoFaxAddressPage" time="-1.58831609852E9">
    <skipped/>
  </testcase> <!-- @BeforeMethod NavigatetoFaxAddressPage -->
  <testcase classname="com.tetherfi.test.fax.FaxAddressBookTest" name="@AfterMethod afterEachMethod" time="-1.588316098526E9">
    <skipped/>
  </testcase> <!-- @AfterMethod afterEachMethod -->
  <testcase classname="com.tetherfi.test.BaseTest" name="@AfterMethod endTestCase" time="-1.588316098527E9">
    <skipped/>
  </testcase> <!-- @AfterMethod endTestCase -->
  <testcase classname="com.tetherfi.test.BaseTest" name="@AfterClass tearDown" time="-1.588316098531E9">
    <skipped/>
  </testcase> <!-- @AfterClass tearDown -->
  <testcase classname="com.tetherfi.test.fax.FaxAddressBookTest" name="VerifyFaxAddressBookPage" time="0.0">
    <skipped/>
  </testcase> <!-- VerifyFaxAddressBookPage -->
  <testcase classname="com.tetherfi.test.fax.FaxAddressBookTest" name="VerifyDropdownForAllTheColumnsRecipient" time="0.0">
    <skipped/>
  </testcase> <!-- VerifyDropdownForAllTheColumnsRecipient -->
  <testcase classname="com.tetherfi.test.fax.FaxAddressBookTest" name="VerifyRecipientColumnsHeaderEnable" time="0.0">
    <skipped/>
  </testcase> <!-- VerifyRecipientColumnsHeaderEnable -->
  <testcase classname="com.tetherfi.test.fax.FaxAddressBookTest" name="VerifyRecipientColumnsHeaderDisable" time="0.0">
    <skipped/>
  </testcase> <!-- VerifyRecipientColumnsHeaderDisable -->
  <testcase classname="com.tetherfi.test.fax.FaxAddressBookTest" name="VerifyRecipientDragAndDrop" time="0.0">
    <skipped/>
  </testcase> <!-- VerifyRecipientDragAndDrop -->
  <testcase classname="com.tetherfi.test.fax.FaxAddressBookTest" name="VerifyRecipientDragAndDropofAlreadyGroupedHeader" time="0.0">
    <skipped/>
  </testcase> <!-- VerifyRecipientDragAndDropofAlreadyGroupedHeader -->
  <testcase classname="com.tetherfi.test.fax.FaxAddressBookTest" name="ExportToExcelData" time="0.0">
    <skipped/>
  </testcase> <!-- ExportToExcelData -->
  <testcase classname="com.tetherfi.test.fax.FaxAddressBookTest" name="SortingByAscending" time="0.0">
    <skipped/>
  </testcase> <!-- SortingByAscending -->
  <testcase classname="com.tetherfi.test.fax.FaxAddressBookTest" name="SortingByDescending" time="0.0">
    <skipped/>
  </testcase> <!-- SortingByDescending -->
  <testcase classname="com.tetherfi.test.fax.FaxAddressBookTest" name="VerifyRecipientArrowMoveForPreviousAndNextPageRecipient" time="0.0">
    <skipped/>
  </testcase> <!-- VerifyRecipientArrowMoveForPreviousAndNextPageRecipient -->
  <testcase classname="com.tetherfi.test.fax.FaxAddressBookTest" name="VerifyRecipientArrowMoveForFirstAndLastPageRecipient" time="0.0">
    <skipped/>
  </testcase> <!-- VerifyRecipientArrowMoveForFirstAndLastPageRecipient -->
  <testcase classname="com.tetherfi.test.fax.FaxAddressBookTest" name="VerifyRecipientTotalNumberOfItemsPerPageDetailsRecipient" time="0.0">
    <skipped/>
  </testcase> <!-- VerifyRecipientTotalNumberOfItemsPerPageDetailsRecipient -->
  <testcase classname="com.tetherfi.test.fax.FaxAddressBookTest" name="VerifyRecipientNumberOfItemsPerPageSelectionRecipient" time="0.0">
    <skipped/>
  </testcase> <!-- VerifyRecipientNumberOfItemsPerPageSelectionRecipient -->
  <testcase classname="com.tetherfi.test.fax.FaxAddressBookTest" name="RecipientsearchPageClearAllandClose" time="0.0">
    <skipped/>
  </testcase> <!-- RecipientsearchPageClearAllandClose -->
  <testcase classname="com.tetherfi.test.fax.FaxAddressBookTest" name="searchRecipientwithoutSearchTextbox" time="0.0">
    <skipped/>
  </testcase> <!-- searchRecipientwithoutSearchTextbox -->
  <testcase classname="com.tetherfi.test.fax.FaxAddressBookTest" name="VerifyCancelButtonatAddRecipientRecord" time="0.0">
    <skipped/>
  </testcase> <!-- VerifyCancelButtonatAddRecipientRecord -->
  <testcase classname="com.tetherfi.test.fax.FaxAddressBookTest" name="AddNewRecipientRecord" time="0.0">
    <skipped/>
  </testcase> <!-- AddNewRecipientRecord -->
  <testcase classname="com.tetherfi.test.fax.FaxAddressBookTest" name="VerifyAuditTrailReportForCreate" time="0.0">
    <skipped/>
  </testcase> <!-- VerifyAuditTrailReportForCreate -->
  <testcase classname="com.tetherfi.test.fax.FaxAddressBookTest" name="AddDuplicateRecipientRecord" time="0.0">
    <skipped/>
  </testcase> <!-- AddDuplicateRecipientRecord -->
  <testcase classname="com.tetherfi.test.fax.FaxAddressBookTest" name="AddNewEmptyRecipientRecord" time="0.0">
    <skipped/>
  </testcase> <!-- AddNewEmptyRecipientRecord -->
  <testcase classname="com.tetherfi.test.fax.FaxAddressBookTest" name="AddNewRecipientWithoutName1Record" time="0.0">
    <skipped/>
  </testcase> <!-- AddNewRecipientWithoutName1Record -->
  <testcase classname="com.tetherfi.test.fax.FaxAddressBookTest" name="AddNewRecipientWithoutNumberRecord" time="0.001">
    <skipped/>
  </testcase> <!-- AddNewRecipientWithoutNumberRecord -->
  <testcase classname="com.tetherfi.test.fax.FaxAddressBookTest" name="VerifyCancelButtonatAddressBookRecord" time="0.0">
    <skipped/>
  </testcase> <!-- VerifyCancelButtonatAddressBookRecord -->
  <testcase classname="com.tetherfi.test.fax.FaxAddressBookTest" name="AddNewFaxAddressBookRecord" time="0.0">
    <skipped/>
  </testcase> <!-- AddNewFaxAddressBookRecord -->
  <testcase classname="com.tetherfi.test.fax.FaxAddressBookTest" name="VerifyAuditTrailReportForAddressCreate" time="0.0">
    <skipped/>
  </testcase> <!-- VerifyAuditTrailReportForAddressCreate -->
  <testcase classname="com.tetherfi.test.fax.FaxAddressBookTest" name="AddNewDuplicateRecord" time="0.0">
    <skipped/>
  </testcase> <!-- AddNewDuplicateRecord -->
  <testcase classname="com.tetherfi.test.fax.FaxAddressBookTest" name="AddNewEmptyRecord" time="0.0">
    <skipped/>
  </testcase> <!-- AddNewEmptyRecord -->
  <testcase classname="com.tetherfi.test.fax.FaxAddressBookTest" name="AddNewRecordWithoutFaxLine" time="0.0">
    <skipped/>
  </testcase> <!-- AddNewRecordWithoutFaxLine -->
  <testcase classname="com.tetherfi.test.fax.FaxAddressBookTest" name="AddNewRecordWithoutName" time="0.0">
    <skipped/>
  </testcase> <!-- AddNewRecordWithoutName -->
  <testcase classname="com.tetherfi.test.fax.FaxAddressBookTest" name="AddNewRecordWithoutRecipients" time="0.0">
    <skipped/>
  </testcase> <!-- AddNewRecordWithoutRecipients -->
  <testcase classname="com.tetherfi.test.fax.FaxAddressBookTest" name="ExportToExcel" time="0.0">
    <skipped/>
  </testcase> <!-- ExportToExcel -->
  <testcase classname="com.tetherfi.test.fax.FaxAddressBookTest" name="AddressBookExportToExcel" time="0.0">
    <skipped/>
  </testcase> <!-- AddressBookExportToExcel -->
  <testcase classname="com.tetherfi.test.fax.FaxAddressBookTest" name="AddressBookExportToExcelData" time="0.0">
    <skipped/>
  </testcase> <!-- AddressBookExportToExcelData -->
  <testcase classname="com.tetherfi.test.fax.FaxAddressBookTest" name="AddressBookSortingByAscending" time="0.0">
    <skipped/>
  </testcase> <!-- AddressBookSortingByAscending -->
  <testcase classname="com.tetherfi.test.fax.FaxAddressBookTest" name="AddressBookSortingByDescending" time="0.0">
    <skipped/>
  </testcase> <!-- AddressBookSortingByDescending -->
  <testcase classname="com.tetherfi.test.fax.FaxAddressBookTest" name="EditRecipientWithoutModifyReasonRecord" time="0.0">
    <skipped/>
  </testcase> <!-- EditRecipientWithoutModifyReasonRecord -->
  <testcase classname="com.tetherfi.test.fax.FaxAddressBookTest" name="VerifyRecipientCancelBtnAtEditRecord" time="0.0">
    <skipped/>
  </testcase> <!-- VerifyRecipientCancelBtnAtEditRecord -->
  <testcase classname="com.tetherfi.test.fax.FaxAddressBookTest" name="EditRecipientRecord" time="0.0">
    <skipped/>
  </testcase> <!-- EditRecipientRecord -->
  <testcase classname="com.tetherfi.test.fax.FaxAddressBookTest" name="VerifyAuditTrialReportForRecipientUpdate" time="0.0">
    <skipped/>
  </testcase> <!-- VerifyAuditTrialReportForRecipientUpdate -->
  <testcase classname="com.tetherfi.test.fax.FaxAddressBookTest" name="EditWithoutModifyReasonAddressBookRecord" time="0.0">
    <skipped/>
  </testcase> <!-- EditWithoutModifyReasonAddressBookRecord -->
  <testcase classname="com.tetherfi.test.fax.FaxAddressBookTest" name="VerifyCancelBtnAtEditAddressBookRecord" time="0.0">
    <skipped/>
  </testcase> <!-- VerifyCancelBtnAtEditAddressBookRecord -->
  <testcase classname="com.tetherfi.test.fax.FaxAddressBookTest" name="EditFaxAddressBookRecord" time="0.0">
    <skipped/>
  </testcase> <!-- EditFaxAddressBookRecord -->
  <testcase classname="com.tetherfi.test.fax.FaxAddressBookTest" name="VerifyAuditTrialReportForFaxAddressBookUpdate" time="0.0">
    <skipped/>
  </testcase> <!-- VerifyAuditTrialReportForFaxAddressBookUpdate -->
  <testcase classname="com.tetherfi.test.fax.FaxAddressBookTest" name="DeleteWithoutDeleteReasonAddressBookRecord" time="0.0">
    <skipped/>
  </testcase> <!-- DeleteWithoutDeleteReasonAddressBookRecord -->
  <testcase classname="com.tetherfi.test.fax.FaxAddressBookTest" name="VerifyCancelBtnAtDeleteAddressRecord" time="0.0">
    <skipped/>
  </testcase> <!-- VerifyCancelBtnAtDeleteAddressRecord -->
  <testcase classname="com.tetherfi.test.fax.FaxAddressBookTest" name="DeleteAddressBookRecord" time="0.0">
    <skipped/>
  </testcase> <!-- DeleteAddressBookRecord -->
  <testcase classname="com.tetherfi.test.fax.FaxAddressBookTest" name="VerifyAuditTrialReportForAddressBookDelete" time="0.0">
    <skipped/>
  </testcase> <!-- VerifyAuditTrialReportForAddressBookDelete -->
  <testcase classname="com.tetherfi.test.fax.FaxAddressBookTest" name="DeleteRecepientWithoutDeleteReasonRecord" time="0.0">
    <skipped/>
  </testcase> <!-- DeleteRecepientWithoutDeleteReasonRecord -->
  <testcase classname="com.tetherfi.test.fax.FaxAddressBookTest" name="VerifyCancelBtnAtDeleteRecepientRecord" time="0.0">
    <skipped/>
  </testcase> <!-- VerifyCancelBtnAtDeleteRecepientRecord -->
  <testcase classname="com.tetherfi.test.fax.FaxAddressBookTest" name="DeleteRecipientRecord" time="0.0">
    <skipped/>
  </testcase> <!-- DeleteRecipientRecord -->
  <testcase classname="com.tetherfi.test.fax.FaxAddressBookTest" name="VerifyAuditTrialReportForDelete" time="0.0">
    <skipped/>
  </testcase> <!-- VerifyAuditTrialReportForDelete -->
  <testcase classname="com.tetherfi.test.fax.FaxAddressBookTest" name="VerifyDragAndDropofAddressBook" time="0.0">
    <skipped/>
  </testcase> <!-- VerifyDragAndDropofAddressBook -->
  <testcase classname="com.tetherfi.test.fax.FaxAddressBookTest" name="VerifyDragAndDropofAlreadyGroupedHeader" time="0.0">
    <skipped/>
  </testcase> <!-- VerifyDragAndDropofAlreadyGroupedHeader -->
  <testcase classname="com.tetherfi.test.fax.FaxAddressBookTest" name="VerifyAddressBookDropdownForAllTheColumns" time="0.0">
    <skipped/>
  </testcase> <!-- VerifyAddressBookDropdownForAllTheColumns -->
  <testcase classname="com.tetherfi.test.fax.FaxAddressBookTest" name="VerifyAddressBookColumnsHeaderEnable" time="0.0">
    <skipped/>
  </testcase> <!-- VerifyAddressBookColumnsHeaderEnable -->
  <testcase classname="com.tetherfi.test.fax.FaxAddressBookTest" name="VerifyAddressBookColumnsHeaderDisable" time="0.0">
    <skipped/>
  </testcase> <!-- VerifyAddressBookColumnsHeaderDisable -->
  <testcase classname="com.tetherfi.test.fax.FaxAddressBookTest" name="SearchRecipientClearSearch" time="0.0">
    <skipped/>
  </testcase> <!-- SearchRecipientClearSearch -->
  <testcase classname="com.tetherfi.test.fax.FaxAddressBookTest" name="AddressBookSearchClearAllClose" time="0.0">
    <skipped/>
  </testcase> <!-- AddressBookSearchClearAllClose -->
  <testcase classname="com.tetherfi.test.fax.FaxAddressBookTest" name="searchAddressBookwithoutSearchTextbox" time="0.0">
    <skipped/>
  </testcase> <!-- searchAddressBookwithoutSearchTextbox -->
  <testcase classname="com.tetherfi.test.fax.FaxAddressBookTest" name="SearchClearSearch" time="0.0">
    <skipped/>
  </testcase> <!-- SearchClearSearch -->
  <testcase classname="com.tetherfi.test.fax.FaxAddressBookTest" name="VerifyArrowMoveForPreviousAndNextPage" time="0.0">
    <skipped/>
  </testcase> <!-- VerifyArrowMoveForPreviousAndNextPage -->
  <testcase classname="com.tetherfi.test.fax.FaxAddressBookTest" name="VerifyArrowMoveForFirstAndLastPage" time="0.0">
    <skipped/>
  </testcase> <!-- VerifyArrowMoveForFirstAndLastPage -->
  <testcase classname="com.tetherfi.test.fax.FaxAddressBookTest" name="VerifyTotalNumberOfItemsPerPageDetails" time="0.0">
    <skipped/>
  </testcase> <!-- VerifyTotalNumberOfItemsPerPageDetails -->
  <testcase classname="com.tetherfi.test.fax.FaxAddressBookTest" name="VerifyNumberOfItemsPerPageSelection" time="0.0">
    <skipped/>
  </testcase> <!-- VerifyNumberOfItemsPerPageSelection -->
</testsuite> <!-- FaxAddressBookTest -->
