<?xml version="1.0" encoding="UTF-8"?>
<!-- Generated by org.testng.reporters.JUnitXMLReporter -->
<testsuite ignored="0" hostname="DESKTOP-O6A5C2O" failures="0" tests="9" name="FaxTemplateCreateTest" time="539.537" errors="0" timestamp="2020-03-18T01:10:34 IST">
  <testcase classname="com.tetherfi.test.fax.FaxTemplateCreateTest" name="addApproveRecord" time="10.212"/>
  <testcase classname="com.tetherfi.test.fax.FaxTemplateCreateTest" name="VerifyAuditTrailReportForApproveRecord" time="32.568"/>
  <testcase classname="com.tetherfi.test.fax.FaxTemplateCreateTest" name="VerifyAuditTrailDataForApproveRecord" time="6.093"/>
  <testcase classname="com.tetherfi.test.fax.FaxTemplateCreateTest" name="VerifySendForApprovalAddNewApproveRecord" time="10.852"/>
  <testcase classname="com.tetherfi.test.fax.FaxTemplateCreateTest" name="VerifyAuditTrailReportForSendForApproval" time="30.162"/>
  <testcase classname="com.tetherfi.test.fax.FaxTemplateCreateTest" name="ApproveForAddNewFaxTemplateRecord" time="15.947"/>
  <testcase classname="com.tetherfi.test.fax.FaxTemplateCreateTest" name="VerifyAuditTrailReportForApprove" time="32.49"/>
  <testcase classname="com.tetherfi.test.fax.FaxTemplateCreateTest" name="VerifyApprovedDataSectionAfterApproval" time="4.925"/>
  <testcase classname="com.tetherfi.test.fax.FaxTemplateCreateTest" name="addDuplicateRecord" time="8.131"/>
</testsuite> <!-- FaxTemplateCreateTest -->
