<?xml version="1.0" encoding="UTF-8"?>
<!-- Generated by org.testng.reporters.JUnitXMLReporter -->
<testsuite ignored="0" hostname="DESKTOP-O6A5C2O" failures="0" tests="37" name="HolidayListTest" time="48.342" errors="0" timestamp="2020-04-15T15:53:11 IST">
  <testcase classname="com.tetherfi.test.tmac.WorkCodeListTest" name="@BeforeClass AddNewAgentTeamManagementRecord" time="16.216">
    <failure type="java.lang.AssertionError" message="Add New record assertion failed did not expect to find [true] but found [false]">
      <![CDATA[java.lang.AssertionError: Add New record assertion failed did not expect to find [true] but found [false]
at com.tetherfi.test.tmac.WorkCodeListTest.AddNewAgentTeamManagementRecord(WorkCodeListTest.java:51)
at java.base/java.util.ArrayList.forEach(Unknown Source)
... Removed 28 stack frames]]>
    </failure>
  </testcase> <!-- @BeforeClass AddNewAgentTeamManagementRecord -->
  <testcase classname="com.tetherfi.test.BaseTest" name="@BeforeMethod startTestCase" time="-1.58694619107E9">
    <skipped/>
  </testcase> <!-- @BeforeMethod startTestCase -->
  <testcase classname="com.tetherfi.test.tmac.WorkCodeListTest" name="@BeforeMethod NavigateToWorkCodeListPage" time="-1.586946191075E9">
    <skipped/>
  </testcase> <!-- @BeforeMethod NavigateToWorkCodeListPage -->
  <testcase classname="com.tetherfi.test.tmac.WorkCodeListTest" name="@AfterMethod afterEachMethod" time="-1.586946191086E9">
    <skipped/>
  </testcase> <!-- @AfterMethod afterEachMethod -->
  <testcase classname="com.tetherfi.test.BaseTest" name="@AfterMethod endTestCase" time="-1.586946191094E9">
    <skipped/>
  </testcase> <!-- @AfterMethod endTestCase -->
  <testcase classname="com.tetherfi.test.BaseTest" name="@BeforeMethod startTestCase" time="-1.58694619111E9">
    <skipped/>
  </testcase> <!-- @BeforeMethod startTestCase -->
  <testcase classname="com.tetherfi.test.tmac.WorkCodeListTest" name="@BeforeMethod NavigateToWorkCodeListPage" time="-1.586946191114E9">
    <skipped/>
  </testcase> <!-- @BeforeMethod NavigateToWorkCodeListPage -->
  <testcase classname="com.tetherfi.test.tmac.WorkCodeListTest" name="@AfterMethod afterEachMethod" time="-1.586946191151E9">
    <skipped/>
  </testcase> <!-- @AfterMethod afterEachMethod -->
  <testcase classname="com.tetherfi.test.BaseTest" name="@AfterMethod endTestCase" time="-1.586946191159E9">
    <skipped/>
  </testcase> <!-- @AfterMethod endTestCase -->
  <testcase classname="com.tetherfi.test.BaseTest" name="@BeforeMethod startTestCase" time="-1.586946191168E9">
    <skipped/>
  </testcase> <!-- @BeforeMethod startTestCase -->
  <testcase classname="com.tetherfi.test.tmac.WorkCodeListTest" name="@BeforeMethod NavigateToWorkCodeListPage" time="-1.586946191179E9">
    <skipped/>
  </testcase> <!-- @BeforeMethod NavigateToWorkCodeListPage -->
  <testcase classname="com.tetherfi.test.tmac.WorkCodeListTest" name="@AfterMethod afterEachMethod" time="-1.586946191189E9">
    <skipped/>
  </testcase> <!-- @AfterMethod afterEachMethod -->
  <testcase classname="com.tetherfi.test.BaseTest" name="@AfterMethod endTestCase" time="-1.586946191192E9">
    <skipped/>
  </testcase> <!-- @AfterMethod endTestCase -->
  <testcase classname="com.tetherfi.test.BaseTest" name="@BeforeMethod startTestCase" time="-1.586946191196E9">
    <skipped/>
  </testcase> <!-- @BeforeMethod startTestCase -->
  <testcase classname="com.tetherfi.test.tmac.WorkCodeListTest" name="@BeforeMethod NavigateToWorkCodeListPage" time="-1.586946191197E9">
    <skipped/>
  </testcase> <!-- @BeforeMethod NavigateToWorkCodeListPage -->
  <testcase classname="com.tetherfi.test.tmac.WorkCodeListTest" name="@AfterMethod afterEachMethod" time="-1.586946191206E9">
    <skipped/>
  </testcase> <!-- @AfterMethod afterEachMethod -->
  <testcase classname="com.tetherfi.test.BaseTest" name="@AfterMethod endTestCase" time="-1.586946191207E9">
    <skipped/>
  </testcase> <!-- @AfterMethod endTestCase -->
  <testcase classname="com.tetherfi.test.BaseTest" name="@BeforeMethod startTestCase" time="-1.586946191211E9">
    <skipped/>
  </testcase> <!-- @BeforeMethod startTestCase -->
  <testcase classname="com.tetherfi.test.tmac.WorkCodeListTest" name="@BeforeMethod NavigateToWorkCodeListPage" time="-1.586946191215E9">
    <skipped/>
  </testcase> <!-- @BeforeMethod NavigateToWorkCodeListPage -->
  <testcase classname="com.tetherfi.test.tmac.WorkCodeListTest" name="@AfterMethod afterEachMethod" time="-1.58694619123E9">
    <skipped/>
  </testcase> <!-- @AfterMethod afterEachMethod -->
  <testcase classname="com.tetherfi.test.BaseTest" name="@AfterMethod endTestCase" time="-1.586946191232E9">
    <skipped/>
  </testcase> <!-- @AfterMethod endTestCase -->
  <testcase classname="com.tetherfi.test.BaseTest" name="@BeforeMethod startTestCase" time="-1.586946191234E9">
    <skipped/>
  </testcase> <!-- @BeforeMethod startTestCase -->
  <testcase classname="com.tetherfi.test.tmac.WorkCodeListTest" name="@BeforeMethod NavigateToWorkCodeListPage" time="-1.586946191241E9">
    <skipped/>
  </testcase> <!-- @BeforeMethod NavigateToWorkCodeListPage -->
  <testcase classname="com.tetherfi.test.tmac.WorkCodeListTest" name="@AfterMethod afterEachMethod" time="-1.586946191262E9">
    <skipped/>
  </testcase> <!-- @AfterMethod afterEachMethod -->
  <testcase classname="com.tetherfi.test.BaseTest" name="@AfterMethod endTestCase" time="-1.586946191264E9">
    <skipped/>
  </testcase> <!-- @AfterMethod endTestCase -->
  <testcase classname="com.tetherfi.test.BaseTest" name="@BeforeMethod startTestCase" time="-1.586946191268E9">
    <skipped/>
  </testcase> <!-- @BeforeMethod startTestCase -->
  <testcase classname="com.tetherfi.test.tmac.WorkCodeListTest" name="@BeforeMethod NavigateToWorkCodeListPage" time="-1.586946191269E9">
    <skipped/>
  </testcase> <!-- @BeforeMethod NavigateToWorkCodeListPage -->
  <testcase classname="com.tetherfi.test.tmac.WorkCodeListTest" name="@AfterMethod afterEachMethod" time="-1.58694619128E9">
    <skipped/>
  </testcase> <!-- @AfterMethod afterEachMethod -->
  <testcase classname="com.tetherfi.test.BaseTest" name="@AfterMethod endTestCase" time="-1.586946191282E9">
    <skipped/>
  </testcase> <!-- @AfterMethod endTestCase -->
  <testcase classname="com.tetherfi.test.BaseTest" name="@BeforeMethod startTestCase" time="-1.586946191289E9">
    <skipped/>
  </testcase> <!-- @BeforeMethod startTestCase -->
  <testcase classname="com.tetherfi.test.tmac.WorkCodeListTest" name="@BeforeMethod NavigateToWorkCodeListPage" time="-1.586946191292E9">
    <skipped/>
  </testcase> <!-- @BeforeMethod NavigateToWorkCodeListPage -->
  <testcase classname="com.tetherfi.test.tmac.WorkCodeListTest" name="@AfterMethod afterEachMethod" time="-1.5869461913E9">
    <skipped/>
  </testcase> <!-- @AfterMethod afterEachMethod -->
  <testcase classname="com.tetherfi.test.BaseTest" name="@AfterMethod endTestCase" time="-1.586946191308E9">
    <skipped/>
  </testcase> <!-- @AfterMethod endTestCase -->
  <testcase classname="com.tetherfi.test.BaseTest" name="@BeforeMethod startTestCase" time="-1.586946191311E9">
    <skipped/>
  </testcase> <!-- @BeforeMethod startTestCase -->
  <testcase classname="com.tetherfi.test.tmac.WorkCodeListTest" name="@BeforeMethod NavigateToWorkCodeListPage" time="-1.586946191312E9">
    <skipped/>
  </testcase> <!-- @BeforeMethod NavigateToWorkCodeListPage -->
  <testcase classname="com.tetherfi.test.tmac.WorkCodeListTest" name="@AfterMethod afterEachMethod" time="-1.586946191316E9">
    <skipped/>
  </testcase> <!-- @AfterMethod afterEachMethod -->
  <testcase classname="com.tetherfi.test.BaseTest" name="@AfterMethod endTestCase" time="-1.586946191317E9">
    <skipped/>
  </testcase> <!-- @AfterMethod endTestCase -->
  <testcase classname="com.tetherfi.test.BaseTest" name="@BeforeMethod startTestCase" time="-1.586946191319E9">
    <skipped/>
  </testcase> <!-- @BeforeMethod startTestCase -->
  <testcase classname="com.tetherfi.test.tmac.WorkCodeListTest" name="@BeforeMethod NavigateToWorkCodeListPage" time="-1.58694619132E9">
    <skipped/>
  </testcase> <!-- @BeforeMethod NavigateToWorkCodeListPage -->
  <testcase classname="com.tetherfi.test.tmac.WorkCodeListTest" name="@AfterMethod afterEachMethod" time="-1.586946191322E9">
    <skipped/>
  </testcase> <!-- @AfterMethod afterEachMethod -->
  <testcase classname="com.tetherfi.test.BaseTest" name="@AfterMethod endTestCase" time="-1.586946191323E9">
    <skipped/>
  </testcase> <!-- @AfterMethod endTestCase -->
  <testcase classname="com.tetherfi.test.BaseTest" name="@BeforeMethod startTestCase" time="-1.586946191326E9">
    <skipped/>
  </testcase> <!-- @BeforeMethod startTestCase -->
  <testcase classname="com.tetherfi.test.tmac.WorkCodeListTest" name="@BeforeMethod NavigateToWorkCodeListPage" time="-1.586946191327E9">
    <skipped/>
  </testcase> <!-- @BeforeMethod NavigateToWorkCodeListPage -->
  <testcase classname="com.tetherfi.test.tmac.WorkCodeListTest" name="@AfterMethod afterEachMethod" time="-1.586946191347E9">
    <skipped/>
  </testcase> <!-- @AfterMethod afterEachMethod -->
  <testcase classname="com.tetherfi.test.BaseTest" name="@AfterMethod endTestCase" time="-1.58694619135E9">
    <skipped/>
  </testcase> <!-- @AfterMethod endTestCase -->
  <testcase classname="com.tetherfi.test.BaseTest" name="@BeforeMethod startTestCase" time="-1.586946191365E9">
    <skipped/>
  </testcase> <!-- @BeforeMethod startTestCase -->
  <testcase classname="com.tetherfi.test.tmac.WorkCodeListTest" name="@BeforeMethod NavigateToWorkCodeListPage" time="-1.586946191369E9">
    <skipped/>
  </testcase> <!-- @BeforeMethod NavigateToWorkCodeListPage -->
  <testcase classname="com.tetherfi.test.tmac.WorkCodeListTest" name="@AfterMethod afterEachMethod" time="-1.586946191379E9">
    <skipped/>
  </testcase> <!-- @AfterMethod afterEachMethod -->
  <testcase classname="com.tetherfi.test.BaseTest" name="@AfterMethod endTestCase" time="-1.586946191384E9">
    <skipped/>
  </testcase> <!-- @AfterMethod endTestCase -->
  <testcase classname="com.tetherfi.test.BaseTest" name="@BeforeMethod startTestCase" time="-1.586946191385E9">
    <skipped/>
  </testcase> <!-- @BeforeMethod startTestCase -->
  <testcase classname="com.tetherfi.test.tmac.WorkCodeListTest" name="@BeforeMethod NavigateToWorkCodeListPage" time="-1.58694619139E9">
    <skipped/>
  </testcase> <!-- @BeforeMethod NavigateToWorkCodeListPage -->
  <testcase classname="com.tetherfi.test.tmac.WorkCodeListTest" name="@AfterMethod afterEachMethod" time="-1.586946191405E9">
    <skipped/>
  </testcase> <!-- @AfterMethod afterEachMethod -->
  <testcase classname="com.tetherfi.test.BaseTest" name="@AfterMethod endTestCase" time="-1.586946191406E9">
    <skipped/>
  </testcase> <!-- @AfterMethod endTestCase -->
  <testcase classname="com.tetherfi.test.BaseTest" name="@BeforeMethod startTestCase" time="-1.586946191414E9">
    <skipped/>
  </testcase> <!-- @BeforeMethod startTestCase -->
  <testcase classname="com.tetherfi.test.tmac.WorkCodeListTest" name="@BeforeMethod NavigateToWorkCodeListPage" time="-1.586946191415E9">
    <skipped/>
  </testcase> <!-- @BeforeMethod NavigateToWorkCodeListPage -->
  <testcase classname="com.tetherfi.test.tmac.WorkCodeListTest" name="@AfterMethod afterEachMethod" time="-1.586946191427E9">
    <skipped/>
  </testcase> <!-- @AfterMethod afterEachMethod -->
  <testcase classname="com.tetherfi.test.BaseTest" name="@AfterMethod endTestCase" time="-1.586946191428E9">
    <skipped/>
  </testcase> <!-- @AfterMethod endTestCase -->
  <testcase classname="com.tetherfi.test.BaseTest" name="@BeforeMethod startTestCase" time="-1.586946191433E9">
    <skipped/>
  </testcase> <!-- @BeforeMethod startTestCase -->
  <testcase classname="com.tetherfi.test.tmac.WorkCodeListTest" name="@BeforeMethod NavigateToWorkCodeListPage" time="-1.586946191437E9">
    <skipped/>
  </testcase> <!-- @BeforeMethod NavigateToWorkCodeListPage -->
  <testcase classname="com.tetherfi.test.tmac.WorkCodeListTest" name="@AfterMethod afterEachMethod" time="-1.586946191444E9">
    <skipped/>
  </testcase> <!-- @AfterMethod afterEachMethod -->
  <testcase classname="com.tetherfi.test.BaseTest" name="@AfterMethod endTestCase" time="-1.586946191445E9">
    <skipped/>
  </testcase> <!-- @AfterMethod endTestCase -->
  <testcase classname="com.tetherfi.test.BaseTest" name="@BeforeMethod startTestCase" time="-1.586946191447E9">
    <skipped/>
  </testcase> <!-- @BeforeMethod startTestCase -->
  <testcase classname="com.tetherfi.test.tmac.WorkCodeListTest" name="@BeforeMethod NavigateToWorkCodeListPage" time="-1.586946191448E9">
    <skipped/>
  </testcase> <!-- @BeforeMethod NavigateToWorkCodeListPage -->
  <testcase classname="com.tetherfi.test.tmac.WorkCodeListTest" name="@AfterMethod afterEachMethod" time="-1.586946191457E9">
    <skipped/>
  </testcase> <!-- @AfterMethod afterEachMethod -->
  <testcase classname="com.tetherfi.test.BaseTest" name="@AfterMethod endTestCase" time="-1.586946191458E9">
    <skipped/>
  </testcase> <!-- @AfterMethod endTestCase -->
  <testcase classname="com.tetherfi.test.BaseTest" name="@BeforeMethod startTestCase" time="-1.586946191461E9">
    <skipped/>
  </testcase> <!-- @BeforeMethod startTestCase -->
  <testcase classname="com.tetherfi.test.tmac.WorkCodeListTest" name="@BeforeMethod NavigateToWorkCodeListPage" time="-1.586946191461E9">
    <skipped/>
  </testcase> <!-- @BeforeMethod NavigateToWorkCodeListPage -->
  <testcase classname="com.tetherfi.test.tmac.WorkCodeListTest" name="@AfterMethod afterEachMethod" time="-1.586946191464E9">
    <skipped/>
  </testcase> <!-- @AfterMethod afterEachMethod -->
  <testcase classname="com.tetherfi.test.BaseTest" name="@AfterMethod endTestCase" time="-1.58694619147E9">
    <skipped/>
  </testcase> <!-- @AfterMethod endTestCase -->
  <testcase classname="com.tetherfi.test.BaseTest" name="@BeforeMethod startTestCase" time="-1.586946191472E9">
    <skipped/>
  </testcase> <!-- @BeforeMethod startTestCase -->
  <testcase classname="com.tetherfi.test.tmac.WorkCodeListTest" name="@BeforeMethod NavigateToWorkCodeListPage" time="-1.586946191473E9">
    <skipped/>
  </testcase> <!-- @BeforeMethod NavigateToWorkCodeListPage -->
  <testcase classname="com.tetherfi.test.tmac.WorkCodeListTest" name="@AfterMethod afterEachMethod" time="-1.586946191476E9">
    <skipped/>
  </testcase> <!-- @AfterMethod afterEachMethod -->
  <testcase classname="com.tetherfi.test.BaseTest" name="@AfterMethod endTestCase" time="-1.586946191477E9">
    <skipped/>
  </testcase> <!-- @AfterMethod endTestCase -->
  <testcase classname="com.tetherfi.test.BaseTest" name="@BeforeMethod startTestCase" time="-1.586946191479E9">
    <skipped/>
  </testcase> <!-- @BeforeMethod startTestCase -->
  <testcase classname="com.tetherfi.test.tmac.WorkCodeListTest" name="@BeforeMethod NavigateToWorkCodeListPage" time="-1.586946191479E9">
    <skipped/>
  </testcase> <!-- @BeforeMethod NavigateToWorkCodeListPage -->
  <testcase classname="com.tetherfi.test.tmac.WorkCodeListTest" name="@AfterMethod afterEachMethod" time="-1.586946191482E9">
    <skipped/>
  </testcase> <!-- @AfterMethod afterEachMethod -->
  <testcase classname="com.tetherfi.test.BaseTest" name="@AfterMethod endTestCase" time="-1.586946191483E9">
    <skipped/>
  </testcase> <!-- @AfterMethod endTestCase -->
  <testcase classname="com.tetherfi.test.BaseTest" name="@BeforeMethod startTestCase" time="-1.586946191484E9">
    <skipped/>
  </testcase> <!-- @BeforeMethod startTestCase -->
  <testcase classname="com.tetherfi.test.tmac.WorkCodeListTest" name="@BeforeMethod NavigateToWorkCodeListPage" time="-1.586946191485E9">
    <skipped/>
  </testcase> <!-- @BeforeMethod NavigateToWorkCodeListPage -->
  <testcase classname="com.tetherfi.test.tmac.WorkCodeListTest" name="@AfterMethod afterEachMethod" time="-1.586946191488E9">
    <skipped/>
  </testcase> <!-- @AfterMethod afterEachMethod -->
  <testcase classname="com.tetherfi.test.BaseTest" name="@AfterMethod endTestCase" time="-1.586946191489E9">
    <skipped/>
  </testcase> <!-- @AfterMethod endTestCase -->
  <testcase classname="com.tetherfi.test.BaseTest" name="@BeforeMethod startTestCase" time="-1.58694619149E9">
    <skipped/>
  </testcase> <!-- @BeforeMethod startTestCase -->
  <testcase classname="com.tetherfi.test.tmac.WorkCodeListTest" name="@BeforeMethod NavigateToWorkCodeListPage" time="-1.586946191495E9">
    <skipped/>
  </testcase> <!-- @BeforeMethod NavigateToWorkCodeListPage -->
  <testcase classname="com.tetherfi.test.tmac.WorkCodeListTest" name="@AfterMethod afterEachMethod" time="-1.586946191501E9">
    <skipped/>
  </testcase> <!-- @AfterMethod afterEachMethod -->
  <testcase classname="com.tetherfi.test.BaseTest" name="@AfterMethod endTestCase" time="-1.586946191502E9">
    <skipped/>
  </testcase> <!-- @AfterMethod endTestCase -->
  <testcase classname="com.tetherfi.test.BaseTest" name="@BeforeMethod startTestCase" time="-1.586946191504E9">
    <skipped/>
  </testcase> <!-- @BeforeMethod startTestCase -->
  <testcase classname="com.tetherfi.test.tmac.WorkCodeListTest" name="@BeforeMethod NavigateToWorkCodeListPage" time="-1.586946191505E9">
    <skipped/>
  </testcase> <!-- @BeforeMethod NavigateToWorkCodeListPage -->
  <testcase classname="com.tetherfi.test.tmac.WorkCodeListTest" name="@AfterMethod afterEachMethod" time="-1.586946191507E9">
    <skipped/>
  </testcase> <!-- @AfterMethod afterEachMethod -->
  <testcase classname="com.tetherfi.test.BaseTest" name="@AfterMethod endTestCase" time="-1.586946191508E9">
    <skipped/>
  </testcase> <!-- @AfterMethod endTestCase -->
  <testcase classname="com.tetherfi.test.BaseTest" name="@BeforeMethod startTestCase" time="-1.586946191509E9">
    <skipped/>
  </testcase> <!-- @BeforeMethod startTestCase -->
  <testcase classname="com.tetherfi.test.tmac.WorkCodeListTest" name="@BeforeMethod NavigateToWorkCodeListPage" time="-1.58694619151E9">
    <skipped/>
  </testcase> <!-- @BeforeMethod NavigateToWorkCodeListPage -->
  <testcase classname="com.tetherfi.test.tmac.WorkCodeListTest" name="@AfterMethod afterEachMethod" time="-1.586946191513E9">
    <skipped/>
  </testcase> <!-- @AfterMethod afterEachMethod -->
  <testcase classname="com.tetherfi.test.BaseTest" name="@AfterMethod endTestCase" time="-1.586946191514E9">
    <skipped/>
  </testcase> <!-- @AfterMethod endTestCase -->
  <testcase classname="com.tetherfi.test.BaseTest" name="@BeforeMethod startTestCase" time="-1.586946191515E9">
    <skipped/>
  </testcase> <!-- @BeforeMethod startTestCase -->
  <testcase classname="com.tetherfi.test.tmac.WorkCodeListTest" name="@BeforeMethod NavigateToWorkCodeListPage" time="-1.586946191516E9">
    <skipped/>
  </testcase> <!-- @BeforeMethod NavigateToWorkCodeListPage -->
  <testcase classname="com.tetherfi.test.tmac.WorkCodeListTest" name="@AfterMethod afterEachMethod" time="-1.586946191518E9">
    <skipped/>
  </testcase> <!-- @AfterMethod afterEachMethod -->
  <testcase classname="com.tetherfi.test.BaseTest" name="@AfterMethod endTestCase" time="-1.586946191519E9">
    <skipped/>
  </testcase> <!-- @AfterMethod endTestCase -->
  <testcase classname="com.tetherfi.test.BaseTest" name="@BeforeMethod startTestCase" time="-1.586946191521E9">
    <skipped/>
  </testcase> <!-- @BeforeMethod startTestCase -->
  <testcase classname="com.tetherfi.test.tmac.WorkCodeListTest" name="@BeforeMethod NavigateToWorkCodeListPage" time="-1.586946191522E9">
    <skipped/>
  </testcase> <!-- @BeforeMethod NavigateToWorkCodeListPage -->
  <testcase classname="com.tetherfi.test.tmac.WorkCodeListTest" name="@AfterMethod afterEachMethod" time="-1.586946191524E9">
    <skipped/>
  </testcase> <!-- @AfterMethod afterEachMethod -->
  <testcase classname="com.tetherfi.test.BaseTest" name="@AfterMethod endTestCase" time="-1.586946191525E9">
    <skipped/>
  </testcase> <!-- @AfterMethod endTestCase -->
  <testcase classname="com.tetherfi.test.BaseTest" name="@BeforeMethod startTestCase" time="-1.586946191527E9">
    <skipped/>
  </testcase> <!-- @BeforeMethod startTestCase -->
  <testcase classname="com.tetherfi.test.tmac.WorkCodeListTest" name="@BeforeMethod NavigateToWorkCodeListPage" time="-1.586946191527E9">
    <skipped/>
  </testcase> <!-- @BeforeMethod NavigateToWorkCodeListPage -->
  <testcase classname="com.tetherfi.test.tmac.WorkCodeListTest" name="@AfterMethod afterEachMethod" time="-1.586946191531E9">
    <skipped/>
  </testcase> <!-- @AfterMethod afterEachMethod -->
  <testcase classname="com.tetherfi.test.BaseTest" name="@AfterMethod endTestCase" time="-1.586946191532E9">
    <skipped/>
  </testcase> <!-- @AfterMethod endTestCase -->
  <testcase classname="com.tetherfi.test.BaseTest" name="@BeforeMethod startTestCase" time="-1.586946191534E9">
    <skipped/>
  </testcase> <!-- @BeforeMethod startTestCase -->
  <testcase classname="com.tetherfi.test.tmac.WorkCodeListTest" name="@BeforeMethod NavigateToWorkCodeListPage" time="-1.586946191537E9">
    <skipped/>
  </testcase> <!-- @BeforeMethod NavigateToWorkCodeListPage -->
  <testcase classname="com.tetherfi.test.tmac.WorkCodeListTest" name="@AfterMethod afterEachMethod" time="-1.586946191541E9">
    <skipped/>
  </testcase> <!-- @AfterMethod afterEachMethod -->
  <testcase classname="com.tetherfi.test.BaseTest" name="@AfterMethod endTestCase" time="-1.586946191542E9">
    <skipped/>
  </testcase> <!-- @AfterMethod endTestCase -->
  <testcase classname="com.tetherfi.test.BaseTest" name="@BeforeMethod startTestCase" time="-1.586946191544E9">
    <skipped/>
  </testcase> <!-- @BeforeMethod startTestCase -->
  <testcase classname="com.tetherfi.test.tmac.WorkCodeListTest" name="@BeforeMethod NavigateToWorkCodeListPage" time="-1.586946191545E9">
    <skipped/>
  </testcase> <!-- @BeforeMethod NavigateToWorkCodeListPage -->
  <testcase classname="com.tetherfi.test.tmac.WorkCodeListTest" name="@AfterMethod afterEachMethod" time="-1.586946191549E9">
    <skipped/>
  </testcase> <!-- @AfterMethod afterEachMethod -->
  <testcase classname="com.tetherfi.test.BaseTest" name="@AfterMethod endTestCase" time="-1.58694619155E9">
    <skipped/>
  </testcase> <!-- @AfterMethod endTestCase -->
  <testcase classname="com.tetherfi.test.BaseTest" name="@BeforeMethod startTestCase" time="-1.586946191552E9">
    <skipped/>
  </testcase> <!-- @BeforeMethod startTestCase -->
  <testcase classname="com.tetherfi.test.tmac.WorkCodeListTest" name="@BeforeMethod NavigateToWorkCodeListPage" time="-1.586946191553E9">
    <skipped/>
  </testcase> <!-- @BeforeMethod NavigateToWorkCodeListPage -->
  <testcase classname="com.tetherfi.test.tmac.WorkCodeListTest" name="@AfterMethod afterEachMethod" time="-1.586946191556E9">
    <skipped/>
  </testcase> <!-- @AfterMethod afterEachMethod -->
  <testcase classname="com.tetherfi.test.BaseTest" name="@AfterMethod endTestCase" time="-1.586946191556E9">
    <skipped/>
  </testcase> <!-- @AfterMethod endTestCase -->
  <testcase classname="com.tetherfi.test.BaseTest" name="@BeforeMethod startTestCase" time="-1.586946191558E9">
    <skipped/>
  </testcase> <!-- @BeforeMethod startTestCase -->
  <testcase classname="com.tetherfi.test.tmac.WorkCodeListTest" name="@BeforeMethod NavigateToWorkCodeListPage" time="-1.586946191561E9">
    <skipped/>
  </testcase> <!-- @BeforeMethod NavigateToWorkCodeListPage -->
  <testcase classname="com.tetherfi.test.tmac.WorkCodeListTest" name="@AfterMethod afterEachMethod" time="-1.586946191581E9">
    <skipped/>
  </testcase> <!-- @AfterMethod afterEachMethod -->
  <testcase classname="com.tetherfi.test.BaseTest" name="@AfterMethod endTestCase" time="-1.586946191588E9">
    <skipped/>
  </testcase> <!-- @AfterMethod endTestCase -->
  <testcase classname="com.tetherfi.test.BaseTest" name="@BeforeMethod startTestCase" time="-1.58694619159E9">
    <skipped/>
  </testcase> <!-- @BeforeMethod startTestCase -->
  <testcase classname="com.tetherfi.test.tmac.WorkCodeListTest" name="@BeforeMethod NavigateToWorkCodeListPage" time="-1.586946191591E9">
    <skipped/>
  </testcase> <!-- @BeforeMethod NavigateToWorkCodeListPage -->
  <testcase classname="com.tetherfi.test.tmac.WorkCodeListTest" name="@AfterMethod afterEachMethod" time="-1.586946191595E9">
    <skipped/>
  </testcase> <!-- @AfterMethod afterEachMethod -->
  <testcase classname="com.tetherfi.test.BaseTest" name="@AfterMethod endTestCase" time="-1.586946191596E9">
    <skipped/>
  </testcase> <!-- @AfterMethod endTestCase -->
  <testcase classname="com.tetherfi.test.BaseTest" name="@BeforeMethod startTestCase" time="-1.586946191598E9">
    <skipped/>
  </testcase> <!-- @BeforeMethod startTestCase -->
  <testcase classname="com.tetherfi.test.tmac.WorkCodeListTest" name="@BeforeMethod NavigateToWorkCodeListPage" time="-1.586946191598E9">
    <skipped/>
  </testcase> <!-- @BeforeMethod NavigateToWorkCodeListPage -->
  <testcase classname="com.tetherfi.test.tmac.WorkCodeListTest" name="@AfterMethod afterEachMethod" time="-1.586946191628E9">
    <skipped/>
  </testcase> <!-- @AfterMethod afterEachMethod -->
  <testcase classname="com.tetherfi.test.BaseTest" name="@AfterMethod endTestCase" time="-1.586946191629E9">
    <skipped/>
  </testcase> <!-- @AfterMethod endTestCase -->
  <testcase classname="com.tetherfi.test.BaseTest" name="@BeforeMethod startTestCase" time="-1.586946191631E9">
    <skipped/>
  </testcase> <!-- @BeforeMethod startTestCase -->
  <testcase classname="com.tetherfi.test.tmac.WorkCodeListTest" name="@BeforeMethod NavigateToWorkCodeListPage" time="-1.586946191631E9">
    <skipped/>
  </testcase> <!-- @BeforeMethod NavigateToWorkCodeListPage -->
  <testcase classname="com.tetherfi.test.tmac.WorkCodeListTest" name="@AfterMethod afterEachMethod" time="-1.586946191636E9">
    <skipped/>
  </testcase> <!-- @AfterMethod afterEachMethod -->
  <testcase classname="com.tetherfi.test.BaseTest" name="@AfterMethod endTestCase" time="-1.586946191637E9">
    <skipped/>
  </testcase> <!-- @AfterMethod endTestCase -->
  <testcase classname="com.tetherfi.test.BaseTest" name="@BeforeMethod startTestCase" time="-1.586946191638E9">
    <skipped/>
  </testcase> <!-- @BeforeMethod startTestCase -->
  <testcase classname="com.tetherfi.test.tmac.WorkCodeListTest" name="@BeforeMethod NavigateToWorkCodeListPage" time="-1.586946191639E9">
    <skipped/>
  </testcase> <!-- @BeforeMethod NavigateToWorkCodeListPage -->
  <testcase classname="com.tetherfi.test.tmac.WorkCodeListTest" name="@AfterMethod afterEachMethod" time="-1.586946191642E9">
    <skipped/>
  </testcase> <!-- @AfterMethod afterEachMethod -->
  <testcase classname="com.tetherfi.test.BaseTest" name="@AfterMethod endTestCase" time="-1.586946191642E9">
    <skipped/>
  </testcase> <!-- @AfterMethod endTestCase -->
  <testcase classname="com.tetherfi.test.BaseTest" name="@BeforeMethod startTestCase" time="-1.586946191644E9">
    <skipped/>
  </testcase> <!-- @BeforeMethod startTestCase -->
  <testcase classname="com.tetherfi.test.tmac.WorkCodeListTest" name="@BeforeMethod NavigateToWorkCodeListPage" time="-1.586946191645E9">
    <skipped/>
  </testcase> <!-- @BeforeMethod NavigateToWorkCodeListPage -->
  <testcase classname="com.tetherfi.test.tmac.WorkCodeListTest" name="@AfterMethod afterEachMethod" time="-1.586946191647E9">
    <skipped/>
  </testcase> <!-- @AfterMethod afterEachMethod -->
  <testcase classname="com.tetherfi.test.BaseTest" name="@AfterMethod endTestCase" time="-1.586946191648E9">
    <skipped/>
  </testcase> <!-- @AfterMethod endTestCase -->
  <testcase classname="com.tetherfi.test.BaseTest" name="@BeforeMethod startTestCase" time="-1.586946191648E9">
    <skipped/>
  </testcase> <!-- @BeforeMethod startTestCase -->
  <testcase classname="com.tetherfi.test.tmac.WorkCodeListTest" name="@BeforeMethod NavigateToWorkCodeListPage" time="-1.586946191649E9">
    <skipped/>
  </testcase> <!-- @BeforeMethod NavigateToWorkCodeListPage -->
  <testcase classname="com.tetherfi.test.tmac.WorkCodeListTest" name="@AfterMethod afterEachMethod" time="-1.586946191651E9">
    <skipped/>
  </testcase> <!-- @AfterMethod afterEachMethod -->
  <testcase classname="com.tetherfi.test.BaseTest" name="@AfterMethod endTestCase" time="-1.586946191651E9">
    <skipped/>
  </testcase> <!-- @AfterMethod endTestCase -->
  <testcase classname="com.tetherfi.test.BaseTest" name="@BeforeMethod startTestCase" time="-1.586946191652E9">
    <skipped/>
  </testcase> <!-- @BeforeMethod startTestCase -->
  <testcase classname="com.tetherfi.test.tmac.WorkCodeListTest" name="@BeforeMethod NavigateToWorkCodeListPage" time="-1.586946191653E9">
    <skipped/>
  </testcase> <!-- @BeforeMethod NavigateToWorkCodeListPage -->
  <testcase classname="com.tetherfi.test.tmac.WorkCodeListTest" name="@AfterMethod afterEachMethod" time="-1.586946191656E9">
    <skipped/>
  </testcase> <!-- @AfterMethod afterEachMethod -->
  <testcase classname="com.tetherfi.test.BaseTest" name="@AfterMethod endTestCase" time="-1.586946191658E9">
    <skipped/>
  </testcase> <!-- @AfterMethod endTestCase -->
  <testcase classname="com.tetherfi.test.tmac.WorkCodeListTest" name="@AfterClass Afterclass" time="-1.586946191662E9">
    <skipped/>
  </testcase> <!-- @AfterClass Afterclass -->
  <testcase classname="com.tetherfi.test.BaseTest" name="@AfterClass tearDown" time="-1.586946191662E9">
    <skipped/>
  </testcase> <!-- @AfterClass tearDown -->
  <testcase classname="com.tetherfi.test.tmac.WorkCodeListTest" name="WorkCodeListPage" time="0.0">
    <skipped/>
  </testcase> <!-- WorkCodeListPage -->
  <testcase classname="com.tetherfi.test.tmac.WorkCodeListTest" name="addNewWorkGroupListCancelRecord" time="0.0">
    <skipped/>
  </testcase> <!-- addNewWorkGroupListCancelRecord -->
  <testcase classname="com.tetherfi.test.tmac.WorkCodeListTest" name="addNewWorkGroupListRecord" time="0.0">
    <skipped/>
  </testcase> <!-- addNewWorkGroupListRecord -->
  <testcase classname="com.tetherfi.test.tmac.WorkCodeListTest" name="addNewWorkcodeListCancelRecord" time="0.0">
    <skipped/>
  </testcase> <!-- addNewWorkcodeListCancelRecord -->
  <testcase classname="com.tetherfi.test.tmac.WorkCodeListTest" name="addNewWorkcodeListRecord" time="0.0">
    <skipped/>
  </testcase> <!-- addNewWorkcodeListRecord -->
  <testcase classname="com.tetherfi.test.tmac.WorkCodeListTest" name="VerifyAuditTrialReportForCreate" time="0.0">
    <skipped/>
  </testcase> <!-- VerifyAuditTrialReportForCreate -->
  <testcase classname="com.tetherfi.test.tmac.WorkCodeListTest" name="addInvalidRecordWithoutWorkLevel" time="0.0">
    <skipped/>
  </testcase> <!-- addInvalidRecordWithoutWorkLevel -->
  <testcase classname="com.tetherfi.test.tmac.WorkCodeListTest" name="addInvalidRecordWithoutWorkGroup" time="0.0">
    <skipped/>
  </testcase> <!-- addInvalidRecordWithoutWorkGroup -->
  <testcase classname="com.tetherfi.test.tmac.WorkCodeListTest" name="addInvalidRecordWithoutName" time="0.0">
    <skipped/>
  </testcase> <!-- addInvalidRecordWithoutName -->
  <testcase classname="com.tetherfi.test.tmac.WorkCodeListTest" name="addDuplicateRecord" time="0.0">
    <skipped/>
  </testcase> <!-- addDuplicateRecord -->
  <testcase classname="com.tetherfi.test.tmac.WorkCodeListTest" name="editWorkCodeListCancelRecord" time="0.0">
    <skipped/>
  </testcase> <!-- editWorkCodeListCancelRecord -->
  <testcase classname="com.tetherfi.test.tmac.WorkCodeListTest" name="editWorkCodeListRecord" time="0.001">
    <skipped/>
  </testcase> <!-- editWorkCodeListRecord -->
  <testcase classname="com.tetherfi.test.tmac.WorkCodeListTest" name="VerifyAuditTrialReportForUpdate" time="0.0">
    <skipped/>
  </testcase> <!-- VerifyAuditTrialReportForUpdate -->
  <testcase classname="com.tetherfi.test.tmac.WorkCodeListTest" name="searchPage" time="0.0">
    <skipped/>
  </testcase> <!-- searchPage -->
  <testcase classname="com.tetherfi.test.tmac.WorkCodeListTest" name="VerifySearchIsNotEqualTo" time="0.0">
    <skipped/>
  </testcase> <!-- VerifySearchIsNotEqualTo -->
  <testcase classname="com.tetherfi.test.tmac.WorkCodeListTest" name="VerifySearchContains" time="0.0">
    <skipped/>
  </testcase> <!-- VerifySearchContains -->
  <testcase classname="com.tetherfi.test.tmac.WorkCodeListTest" name="VerifySearchDoesNotContains" time="0.0">
    <skipped/>
  </testcase> <!-- VerifySearchDoesNotContains -->
  <testcase classname="com.tetherfi.test.tmac.WorkCodeListTest" name="VerifySearchStartsWith" time="0.0">
    <skipped/>
  </testcase> <!-- VerifySearchStartsWith -->
  <testcase classname="com.tetherfi.test.tmac.WorkCodeListTest" name="VerifySearchEndsWith" time="0.0">
    <skipped/>
  </testcase> <!-- VerifySearchEndsWith -->
  <testcase classname="com.tetherfi.test.tmac.WorkCodeListTest" name="SearchClearSearch" time="0.0">
    <skipped/>
  </testcase> <!-- SearchClearSearch -->
  <testcase classname="com.tetherfi.test.tmac.WorkCodeListTest" name="DeleteWorkCodeListCancelRecord" time="0.0">
    <skipped/>
  </testcase> <!-- DeleteWorkCodeListCancelRecord -->
  <testcase classname="com.tetherfi.test.tmac.WorkCodeListTest" name="DeleteWorkCodeListRecord" time="0.0">
    <skipped/>
  </testcase> <!-- DeleteWorkCodeListRecord -->
  <testcase classname="com.tetherfi.test.tmac.WorkCodeListTest" name="VerifyauditTrailReportDelete" time="0.0">
    <skipped/>
  </testcase> <!-- VerifyauditTrailReportDelete -->
  <testcase classname="com.tetherfi.test.tmac.WorkCodeListTest" name="ExportToExcel" time="0.0">
    <skipped/>
  </testcase> <!-- ExportToExcel -->
  <testcase classname="com.tetherfi.test.tmac.WorkCodeListTest" name="ExportToExcelData" time="0.0">
    <skipped/>
  </testcase> <!-- ExportToExcelData -->
  <testcase classname="com.tetherfi.test.tmac.WorkCodeListTest" name="database" time="0.001">
    <skipped/>
  </testcase> <!-- database -->
  <testcase classname="com.tetherfi.test.tmac.WorkCodeListTest" name="GroupBy" time="0.0">
    <skipped/>
  </testcase> <!-- GroupBy -->
  <testcase classname="com.tetherfi.test.tmac.WorkCodeListTest" name="VerifyArrowMoveForPreviousAndNextPage" time="0.0">
    <skipped/>
  </testcase> <!-- VerifyArrowMoveForPreviousAndNextPage -->
  <testcase classname="com.tetherfi.test.tmac.WorkCodeListTest" name="VerifyArrowMoveForFirstAndLastPage" time="0.0">
    <skipped/>
  </testcase> <!-- VerifyArrowMoveForFirstAndLastPage -->
  <testcase classname="com.tetherfi.test.tmac.WorkCodeListTest" name="VerifyTotalNumberOfItemsPerPageDetails" time="0.0">
    <skipped/>
  </testcase> <!-- VerifyTotalNumberOfItemsPerPageDetails -->
  <testcase classname="com.tetherfi.test.tmac.WorkCodeListTest" name="VerifyNumberOfItemsPerPageSelection" time="0.0">
    <skipped/>
  </testcase> <!-- VerifyNumberOfItemsPerPageSelection -->
  <testcase classname="com.tetherfi.test.tmac.WorkCodeListTest" name="VerifyDropdownForAllTheColumns" time="0.0">
    <skipped/>
  </testcase> <!-- VerifyDropdownForAllTheColumns -->
  <testcase classname="com.tetherfi.test.tmac.WorkCodeListTest" name="VerifyColumnsHeaderEnable" time="0.0">
    <skipped/>
  </testcase> <!-- VerifyColumnsHeaderEnable -->
  <testcase classname="com.tetherfi.test.tmac.WorkCodeListTest" name="VerifyColumnsHeaderDisable" time="0.0">
    <skipped/>
  </testcase> <!-- VerifyColumnsHeaderDisable -->
  <testcase classname="com.tetherfi.test.tmac.WorkCodeListTest" name="SortingByAscending" time="0.0">
    <skipped/>
  </testcase> <!-- SortingByAscending -->
  <testcase classname="com.tetherfi.test.tmac.WorkCodeListTest" name="SortingByDescending" time="0.0">
    <skipped/>
  </testcase> <!-- SortingByDescending -->
  <testcase classname="com.tetherfi.test.tmac.WorkCodeListTest" name="ExporttoExcelWithoutData" time="0.0">
    <skipped/>
  </testcase> <!-- ExporttoExcelWithoutData -->
</testsuite> <!-- HolidayListTest -->
