<?xml version="1.0" encoding="UTF-8"?>
<!-- Generated by org.testng.reporters.JUnitXMLReporter -->
<testsuite hostname="DESKTOP-NJVBPFB" ignored="0" name="HolidayListTest" tests="3" failures="2" timestamp="2020-05-07T15:27:19 IST" time="106.869" errors="0">
  <testcase name="addNewHolidayListRecord" time="2.877" classname="com.tetherfi.test.ivr.HolidayListTest">
    <failure type="java.lang.AssertionError" message="HolidayList Record creation assertion failed expected [Record Created Successfully] but found [Record already exists between date range 19/12/2020 &amp;amp; 20/12/2020]">
      <![CDATA[java.lang.AssertionError: HolidayList Record creation assertion failed expected [Record Created Successfully] but found [Record already exists between date range 19/12/2020 & 20/12/2020]
at com.tetherfi.test.ivr.HolidayListTest.addNewHolidayListRecord(HolidayListTest.java:68)
at java.util.ArrayList.forEach(Unknown Source)
... Removed 31 stack frames]]>
    </failure>
  </testcase> <!-- addNewHolidayListRecord -->
  <testcase name="editHolidayListRecord" time="7.174" classname="com.tetherfi.test.ivr.HolidayListTest">
    <failure type="org.openqa.selenium.ElementClickInterceptedException" message="element click intercepted: Element &amp;lt;a role=&amp;quot;button&amp;quot; class=&amp;quot;k-button k-button-icontext k-grid-edit&amp;quot; style=&amp;quot;width=10px;&amp;quot; href=&amp;quot;#&amp;quot;&amp;gt;...&amp;lt;/a&amp;gt; is not clickable at point (57, 243). Other element would receive the click: &amp;lt;div class=&amp;quot;modal inmodal show&amp;quot; id=&amp;quot;searchModel&amp;quot; tabindex=&amp;quot;-1&amp;quot; role=&amp;quot;dialog&amp;quot; aria-modal=&amp;quot;true&amp;quot; style=&amp;quot;display: block;&amp;quot;&amp;gt;...&amp;lt;/div&amp;gt;
  (Session info: chrome=81.0.4044.138)
Build info: version: &amp;apos;3.141.59&amp;apos;, revision: &amp;apos;e82be7d358&amp;apos;, time: &amp;apos;2018-11-14T08:17:03&amp;apos;
System info: host: &amp;apos;DESKTOP-NJVBPFB&amp;apos;, ip: &amp;apos;192.168.225.65&amp;apos;, os.name: &amp;apos;Windows 10&amp;apos;, os.arch: &amp;apos;amd64&amp;apos;, os.version: &amp;apos;10.0&amp;apos;, java.version: &amp;apos;1.8.0_181&amp;apos;
Driver info: org.openqa.selenium.chrome.ChromeDriver
Capabilities {acceptInsecureCerts: false, browserName: chrome, browserVersion: 81.0.4044.138, chrome: {chromedriverVersion: 80.0.3987.106 (f68069574609..., userDataDir: C:\Users\admin\AppData\Loca...}, goog:chromeOptions: {debuggerAddress: localhost:63174}, javascriptEnabled: true, networkConnectionEnabled: false, pageLoadStrategy: normal, platform: WINDOWS, platformName: WINDOWS, proxy: Proxy(), setWindowRect: true, strictFileInteractability: false, timeouts: {implicit: 0, pageLoad: 300000, script: 30000}, unhandledPromptBehavior: dismiss and notify}
Session ID: b218424d23f70eabc961cc23f36f1a6f">
      <![CDATA[org.openqa.selenium.ElementClickInterceptedException: element click intercepted: Element <a role="button" class="k-button k-button-icontext k-grid-edit" style="width=10px;" href="#">...</a> is not clickable at point (57, 243). Other element would receive the click: <div class="modal inmodal show" id="searchModel" tabindex="-1" role="dialog" aria-modal="true" style="display: block;">...</div>
  (Session info: chrome=81.0.4044.138)
Build info: version: '3.141.59', revision: 'e82be7d358', time: '2018-11-14T08:17:03'
System info: host: 'DESKTOP-NJVBPFB', ip: '192.168.225.65', os.name: 'Windows 10', os.arch: 'amd64', os.version: '10.0', java.version: '1.8.0_181'
Driver info: org.openqa.selenium.chrome.ChromeDriver
Capabilities {acceptInsecureCerts: false, browserName: chrome, browserVersion: 81.0.4044.138, chrome: {chromedriverVersion: 80.0.3987.106 (f68069574609..., userDataDir: C:\Users\admin\AppData\Loca...}, goog:chromeOptions: {debuggerAddress: localhost:63174}, javascriptEnabled: true, networkConnectionEnabled: false, pageLoadStrategy: normal, platform: WINDOWS, platformName: WINDOWS, proxy: Proxy(), setWindowRect: true, strictFileInteractability: false, timeouts: {implicit: 0, pageLoad: 300000, script: 30000}, unhandledPromptBehavior: dismiss and notify}
Session ID: b218424d23f70eabc961cc23f36f1a6f
at org.openqa.selenium.remote.http.W3CHttpResponseCodec.createException(W3CHttpResponseCodec.java:187)
at org.openqa.selenium.remote.http.W3CHttpResponseCodec.decode(W3CHttpResponseCodec.java:122)
at org.openqa.selenium.remote.http.W3CHttpResponseCodec.decode(W3CHttpResponseCodec.java:49)
at org.openqa.selenium.remote.HttpCommandExecutor.execute(HttpCommandExecutor.java:158)
at org.openqa.selenium.remote.service.DriverCommandExecutor.execute(DriverCommandExecutor.java:83)
at org.openqa.selenium.remote.RemoteWebDriver.execute(RemoteWebDriver.java:552)
at org.openqa.selenium.remote.RemoteWebElement.execute(RemoteWebElement.java:285)
at org.openqa.selenium.remote.RemoteWebElement.click(RemoteWebElement.java:84)
at org.openqa.selenium.support.pagefactory.internal.LocatingElementHandler.invoke(LocatingElementHandler.java:51)
at com.sun.proxy.$Proxy11.click(Unknown Source)
at com.tetherfi.pages.BasePage.selectWebElement(BasePage.java:199)
at com.tetherfi.pages.HolidayListPage.editHolidayListRecord(HolidayListPage.java:588)
at com.tetherfi.test.ivr.HolidayListTest.editHolidayListRecord(HolidayListTest.java:304)
at java.util.ArrayList.forEach(Unknown Source)
... Removed 34 stack frames]]>
    </failure>
  </testcase> <!-- editHolidayListRecord -->
  <testcase name="DeleteHolidayListRecord" time="0.0" classname="com.tetherfi.test.ivr.HolidayListTest">
    <skipped/>
  </testcase> <!-- DeleteHolidayListRecord -->
</testsuite> <!-- HolidayListTest -->
