<?xml version="1.0" encoding="UTF-8"?>
<!-- Generated by org.testng.reporters.JUnitXMLReporter -->
<testsuite ignored="0" hostname="DESKTOP-O6A5C2O" failures="0" tests="16" name="HostValueMappingUpdateTest" time="806.743" errors="0" timestamp="2020-03-11T15:10:35 IST">
  <testcase classname="com.tetherfi.test.ivr.HostValueMappingUpdateTest" name="EditCancelHostValueMappingRecord" time="7.528"/>
  <testcase classname="com.tetherfi.test.ivr.HostValueMappingUpdateTest" name="EditRecordWithoutModifyReason" time="9.188"/>
  <testcase classname="com.tetherfi.test.ivr.HostValueMappingUpdateTest" name="EditRevertHostValueMappingRecord" time="8.975"/>
  <testcase classname="com.tetherfi.test.ivr.HostValueMappingUpdateTest" name="VerifyRevertForEditRecord" time="10.993"/>
  <testcase classname="com.tetherfi.test.ivr.HostValueMappingUpdateTest" name="VerifyAuditTrialReportForRevertUpdate" time="23.565"/>
  <testcase classname="com.tetherfi.test.ivr.HostValueMappingUpdateTest" name="EditRejectRecord" time="9.939"/>
  <testcase classname="com.tetherfi.test.ivr.HostValueMappingUpdateTest" name="VerifySendForApprovalForEditRejectRecord" time="10.969"/>
  <testcase classname="com.tetherfi.test.ivr.HostValueMappingUpdateTest" name="RejectforEditHostValueMappingRecord" time="11.038"/>
  <testcase classname="com.tetherfi.test.ivr.HostValueMappingUpdateTest" name="VerifyAuditTrailReportForReject" time="23.264"/>
  <testcase classname="com.tetherfi.test.ivr.HostValueMappingUpdateTest" name="EditHostValueMappingRecord" time="9.4"/>
  <testcase classname="com.tetherfi.test.ivr.HostValueMappingUpdateTest" name="VerifyAuditTrailDataForEditHostValueMappingRecord" time="6.851"/>
  <testcase classname="com.tetherfi.test.ivr.HostValueMappingUpdateTest" name="VerifyAuditTrialReportForUpdate" time="23.596"/>
  <testcase classname="com.tetherfi.test.ivr.HostValueMappingUpdateTest" name="VerifySendForApprovalForRejectRecord" time="10.955"/>
  <testcase classname="com.tetherfi.test.ivr.HostValueMappingUpdateTest" name="VerifyAuditTrialReportForSendForApprovalUpdate" time="23.52"/>
  <testcase classname="com.tetherfi.test.ivr.HostValueMappingUpdateTest" name="ApproveforEditHostValueMappingRecord" time="12.298"/>
  <testcase classname="com.tetherfi.test.ivr.HostValueMappingUpdateTest" name="VerifyAuditTrailReportForApprove" time="22.103"/>
</testsuite> <!-- HostValueMappingUpdateTest -->
