<?xml version="1.0" encoding="UTF-8"?>
<!-- Generated by org.testng.reporters.JUnitXMLReporter -->
<testsuite ignored="0" hostname="DESKTOP-O6A5C2O" failures="1" tests="22" name="HostValueMappingUITest" time="379.046" errors="0" timestamp="2020-03-11T12:42:17 IST">
  <testcase classname="com.tetherfi.test.ivr.HostValueMappingUITest" name="HostValueMappingPage" time="0.749"/>
  <testcase classname="com.tetherfi.test.ivr.HostValueMappingUITest" name="VerifyHostValueMappingApprovedDataPage" time="0.752"/>
  <testcase classname="com.tetherfi.test.ivr.HostValueMappingUITest" name="VerifyHostValueMappingAuditTrailDataPage" time="7.827"/>
  <testcase classname="com.tetherfi.test.ivr.HostValueMappingUITest" name="VerifyMakeHostValueMappingChangeButton" time="9.206"/>
  <testcase classname="com.tetherfi.test.ivr.HostValueMappingUITest" name="VerifyDropdownForAllTheColumns" time="18.929"/>
  <testcase classname="com.tetherfi.test.ivr.HostValueMappingUITest" name="VerifyColumnsHeaderEnable" time="13.864"/>
  <testcase classname="com.tetherfi.test.ivr.HostValueMappingUITest" name="VerifyColumnsHeaderDisable" time="14.636"/>
  <testcase classname="com.tetherfi.test.ivr.HostValueMappingUITest" name="VerifyArrowMoveForPreviousAndNextPage" time="8.498"/>
  <testcase classname="com.tetherfi.test.ivr.HostValueMappingUITest" name="VerifyArrowMoveForFirstAndLastPage" time="8.498"/>
  <testcase classname="com.tetherfi.test.ivr.HostValueMappingUITest" name="VerifyTotalNumberOfItemsPerPageDetails" time="8.52"/>
  <testcase classname="com.tetherfi.test.ivr.HostValueMappingUITest" name="VerifyNumberOfItemsPerPageSelection" time="10.518">
    <failure type="java.lang.AssertionError" message="item per page assertion failed did not expect to find [true] but found [false]">
      <![CDATA[java.lang.AssertionError: item per page assertion failed did not expect to find [true] but found [false]
at com.tetherfi.test.ivr.HostValueMappingUITest.VerifyNumberOfItemsPerPageSelection(HostValueMappingUITest.java:124)
at java.base/java.util.ArrayList.forEach(Unknown Source)
... Removed 30 stack frames]]>
    </failure>
  </testcase> <!-- VerifyNumberOfItemsPerPageSelection -->
  <testcase classname="com.tetherfi.test.ivr.HostValueMappingUITest" name="ExportToExcel" time="10.873"/>
  <testcase classname="com.tetherfi.test.ivr.HostValueMappingUITest" name="ExportToExcelData" time="9.37"/>
  <testcase classname="com.tetherfi.test.ivr.HostValueMappingUITest" name="VerifyExportToExcelWithoutData" time="12.991"/>
  <testcase classname="com.tetherfi.test.ivr.HostValueMappingUITest" name="SortingByAscending" time="12.322"/>
  <testcase classname="com.tetherfi.test.ivr.HostValueMappingUITest" name="SortingByDescending" time="12.443"/>
  <testcase classname="com.tetherfi.test.ivr.HostValueMappingUITest" name="VerifyDragAndDrop" time="9.404"/>
  <testcase classname="com.tetherfi.test.ivr.HostValueMappingUITest" name="VerifyDragAndDropofAlreadyGroupedHeader" time="9.928"/>
  <testcase classname="com.tetherfi.test.ivr.HostValueMappingUITest" name="database" time="4.063"/>
  <testcase classname="com.tetherfi.test.ivr.HostValueMappingUITest" name="searchPage" time="3.183"/>
  <testcase classname="com.tetherfi.test.ivr.HostValueMappingUITest" name="searchwithoutSearchTextbox" time="3.016"/>
  <testcase classname="com.tetherfi.test.ivr.HostValueMappingUITest" name="SearchClearSearch" time="4.354"/>
</testsuite> <!-- HostValueMappingUITest -->
