<?xml version="1.0" encoding="UTF-8"?>
<!-- Generated by org.testng.reporters.JUnitXMLReporter -->
<testsuite ignored="0" hostname="DESKTOP-O6A5C2O" failures="4" tests="18" name="IvrConfigUITest" time="331.583" errors="0" timestamp="2020-02-10T20:43:40 IST">
  <testcase classname="com.tetherfi.test.ivr.IvrConfigUITest" name="IvrConfigPage" time="1.358"/>
  <testcase classname="com.tetherfi.test.ivr.IvrConfigUITest" name="VerifyIvrConfigApprovedDataPage" time="0.288"/>
  <testcase classname="com.tetherfi.test.ivr.IvrConfigUITest" name="VerifyIvrConfigAuditTrailPage" time="7.02"/>
  <testcase classname="com.tetherfi.test.ivr.IvrConfigUITest" name="VerifyMakeIvrConfigChangesButton" time="11.08"/>
  <testcase classname="com.tetherfi.test.ivr.IvrConfigUITest" name="VerifyDropDownForAllColumns" time="14.103"/>
  <testcase classname="com.tetherfi.test.ivr.IvrConfigUITest" name="VerifyColumnsHeaderEnable" time="17.104"/>
  <testcase classname="com.tetherfi.test.ivr.IvrConfigUITest" name="VerifyColumnsHeaderDisable" time="17.274"/>
  <testcase classname="com.tetherfi.test.ivr.IvrConfigUITest" name="VerifyTotalNumberOfItemsPerPageDetails" time="10.768">
    <failure type="java.lang.AssertionError" message="Total number of items per page assertion failes did not expect to find [true] but found [false]">
      <![CDATA[java.lang.AssertionError: Total number of items per page assertion failes did not expect to find [true] but found [false]
at com.tetherfi.test.ivr.IvrConfigUITest.VerifyTotalNumberOfItemsPerPageDetails(IvrConfigUITest.java:130)
at java.base/java.util.ArrayList.forEach(Unknown Source)
... Removed 30 stack frames]]>
    </failure>
  </testcase> <!-- VerifyTotalNumberOfItemsPerPageDetails -->
  <testcase classname="com.tetherfi.test.ivr.IvrConfigUITest" name="VerifyExportToExcel" time="13.004"/>
  <testcase classname="com.tetherfi.test.ivr.IvrConfigUITest" name="VerifyExportToExcelData" time="23.812"/>
  <testcase classname="com.tetherfi.test.ivr.IvrConfigUITest" name="VerifyExportToExcelWithoutData" time="15.0"/>
  <testcase classname="com.tetherfi.test.ivr.IvrConfigUITest" name="VerifySortByAscending" time="13.339">
    <failure type="java.lang.NullPointerException">
      <![CDATA[java.lang.NullPointerException
at com.tetherfi.utility.ExcelReader.getTestData(ExcelReader.java:99)
at com.tetherfi.test.ivr.IvrConfigUITest.VerifySortByAscending(IvrConfigUITest.java:170)
at java.base/java.util.ArrayList.forEach(Unknown Source)
... Removed 27 stack frames]]>
    </failure>
  </testcase> <!-- VerifySortByAscending -->
  <testcase classname="com.tetherfi.test.ivr.IvrConfigUITest" name="VerifySortByDescending" time="13.44">
    <failure type="java.lang.NullPointerException">
      <![CDATA[java.lang.NullPointerException
at com.tetherfi.utility.ExcelReader.getTestData(ExcelReader.java:99)
at com.tetherfi.test.ivr.IvrConfigUITest.VerifySortByDescending(IvrConfigUITest.java:181)
at java.base/java.util.ArrayList.forEach(Unknown Source)
... Removed 27 stack frames]]>
    </failure>
  </testcase> <!-- VerifySortByDescending -->
  <testcase classname="com.tetherfi.test.ivr.IvrConfigUITest" name="VerifyDragAndDropOfAlreadyGroupedHeader" time="11.497"/>
  <testcase classname="com.tetherfi.test.ivr.IvrConfigUITest" name="dataBase" time="0.001">
    <failure type="java.lang.NullPointerException">
      <![CDATA[java.lang.NullPointerException
at com.tetherfi.utility.ExcelReader.getTestData(ExcelReader.java:99)
at com.tetherfi.test.ivr.IvrConfigUITest.dataBase(IvrConfigUITest.java:197)
at java.base/java.util.ArrayList.forEach(Unknown Source)
... Removed 27 stack frames]]>
    </failure>
  </testcase> <!-- dataBase -->
  <testcase classname="com.tetherfi.test.ivr.IvrConfigUITest" name="SearchPage" time="3.161"/>
  <testcase classname="com.tetherfi.test.ivr.IvrConfigUITest" name="SearchWithoutSearchTextBox" time="2.746"/>
  <testcase classname="com.tetherfi.test.ivr.IvrConfigUITest" name="SearchClearSearch" time="2.874"/>
</testsuite> <!-- IvrConfigUITest -->
