<?xml version="1.0" encoding="UTF-8"?>
<!-- Generated by org.testng.reporters.JUnitXMLReporter -->
<testsuite ignored="0" hostname="DESKTOP-O6A5C2O" failures="3" tests="22" name="RoleBasedAccessManagementUITest" time="424.556" errors="0" timestamp="2020-03-06T13:48:10 IST">
  <testcase classname="com.tetherfi.test.RoleBasedAccessManagementUITest" name="RoleBasedAccessManagementPage" time="0.826"/>
  <testcase classname="com.tetherfi.test.RoleBasedAccessManagementUITest" name="VerifyRoleBasedAccessManagementApprovedDataPage" time="0.502"/>
  <testcase classname="com.tetherfi.test.RoleBasedAccessManagementUITest" name="VerifyRoleBasedAccessManagementAuditTrailDataPage" time="9.161"/>
  <testcase classname="com.tetherfi.test.RoleBasedAccessManagementUITest" name="VerifyMakeRoleBasedAccessManagementChangeButton" time="11.846"/>
  <testcase classname="com.tetherfi.test.RoleBasedAccessManagementUITest" name="VerifyDropdownForAllTheColumns" time="18.493"/>
  <testcase classname="com.tetherfi.test.RoleBasedAccessManagementUITest" name="VerifyColumnsHeaderEnable" time="20.339"/>
  <testcase classname="com.tetherfi.test.RoleBasedAccessManagementUITest" name="VerifyColumnsHeaderDisable" time="11.146"/>
  <testcase classname="com.tetherfi.test.RoleBasedAccessManagementUITest" name="VerifyArrowMoveForPreviousAndNextPage" time="10.944"/>
  <testcase classname="com.tetherfi.test.RoleBasedAccessManagementUITest" name="VerifyArrowMoveForFirstAndLastPage" time="10.794"/>
  <testcase classname="com.tetherfi.test.RoleBasedAccessManagementUITest" name="VerifyTotalNumberOfItemsPerPageDetails" time="11.108"/>
  <testcase classname="com.tetherfi.test.RoleBasedAccessManagementUITest" name="VerifyNumberOfItemsPerPageSelection" time="15.291">
    <failure type="java.lang.AssertionError" message="item per page assertion failed did not expect to find [true] but found [false]">
      <![CDATA[java.lang.AssertionError: item per page assertion failed did not expect to find [true] but found [false]
at com.tetherfi.test.RoleBasedAccessManagementUITest.VerifyNumberOfItemsPerPageSelection(RoleBasedAccessManagementUITest.java:120)
at java.base/java.util.ArrayList.forEach(Unknown Source)
... Removed 30 stack frames]]>
    </failure>
  </testcase> <!-- VerifyNumberOfItemsPerPageSelection -->
  <testcase classname="com.tetherfi.test.RoleBasedAccessManagementUITest" name="ExportToExcel" time="13.721"/>
  <testcase classname="com.tetherfi.test.RoleBasedAccessManagementUITest" name="ExportToExcelData" time="11.948"/>
  <testcase classname="com.tetherfi.test.RoleBasedAccessManagementUITest" name="VerifyExportToExcelWithoutData" time="17.454"/>
  <testcase classname="com.tetherfi.test.RoleBasedAccessManagementUITest" name="SortingByAscending" time="15.232"/>
  <testcase classname="com.tetherfi.test.RoleBasedAccessManagementUITest" name="SortingByDescending" time="15.397"/>
  <testcase classname="com.tetherfi.test.RoleBasedAccessManagementUITest" name="VerifyDragAndDrop" time="12.15"/>
  <testcase classname="com.tetherfi.test.RoleBasedAccessManagementUITest" name="VerifyDragAndDropofAlreadyGroupedHeader" time="12.85"/>
  <testcase classname="com.tetherfi.test.RoleBasedAccessManagementUITest" name="database" time="2.487">
    <failure type="java.lang.AssertionError" message="did not expect to find [true] but found [false]">
      <![CDATA[java.lang.AssertionError: did not expect to find [true] but found [false]
at com.tetherfi.test.RoleBasedAccessManagementUITest.database(RoleBasedAccessManagementUITest.java:200)
at java.base/java.util.ArrayList.forEach(Unknown Source)
... Removed 31 stack frames]]>
    </failure>
  </testcase> <!-- database -->
  <testcase classname="com.tetherfi.test.RoleBasedAccessManagementUITest" name="searchPage" time="4.73"/>
  <testcase classname="com.tetherfi.test.RoleBasedAccessManagementUITest" name="searchwithoutSearchTextbox" time="2.925">
    <failure type="org.openqa.selenium.StaleElementReferenceException" message="stale element reference: element is not attached to the page document
  (Session info: chrome=78.0.3904.70)
For documentation on this error, please visit: https://www.seleniumhq.org/exceptions/stale_element_reference.html
Build info: version: &amp;apos;3.141.59&amp;apos;, revision: &amp;apos;e82be7d358&amp;apos;, time: &amp;apos;2018-11-14T08:17:03&amp;apos;
System info: host: &amp;apos;DESKTOP-O6A5C2O&amp;apos;, ip: &amp;apos;10.0.75.1&amp;apos;, os.name: &amp;apos;Windows 10&amp;apos;, os.arch: &amp;apos;amd64&amp;apos;, os.version: &amp;apos;10.0&amp;apos;, java.version: &amp;apos;9.0.4&amp;apos;
Driver info: org.openqa.selenium.chrome.ChromeDriver
Capabilities {acceptInsecureCerts: false, browserName: chrome, browserVersion: 78.0.3904.70, chrome: {chromedriverVersion: 78.0.3904.105 (60e2d8774a81..., userDataDir: C:\Users\admin\AppData\Loca...}, goog:chromeOptions: {debuggerAddress: localhost:65280}, javascriptEnabled: true, networkConnectionEnabled: false, pageLoadStrategy: normal, platform: XP, platformName: XP, proxy: Proxy(), setWindowRect: true, strictFileInteractability: false, timeouts: {implicit: 0, pageLoad: 300000, script: 30000}, unhandledPromptBehavior: dismiss and notify}
Session ID: 1c70c97b3968c097cced69c923268aca">
      <![CDATA[org.openqa.selenium.StaleElementReferenceException: stale element reference: element is not attached to the page document
  (Session info: chrome=78.0.3904.70)
For documentation on this error, please visit: https://www.seleniumhq.org/exceptions/stale_element_reference.html
Build info: version: '3.141.59', revision: 'e82be7d358', time: '2018-11-14T08:17:03'
System info: host: 'DESKTOP-O6A5C2O', ip: '10.0.75.1', os.name: 'Windows 10', os.arch: 'amd64', os.version: '10.0', java.version: '9.0.4'
Driver info: org.openqa.selenium.chrome.ChromeDriver
Capabilities {acceptInsecureCerts: false, browserName: chrome, browserVersion: 78.0.3904.70, chrome: {chromedriverVersion: 78.0.3904.105 (60e2d8774a81..., userDataDir: C:\Users\admin\AppData\Loca...}, goog:chromeOptions: {debuggerAddress: localhost:65280}, javascriptEnabled: true, networkConnectionEnabled: false, pageLoadStrategy: normal, platform: XP, platformName: XP, proxy: Proxy(), setWindowRect: true, strictFileInteractability: false, timeouts: {implicit: 0, pageLoad: 300000, script: 30000}, unhandledPromptBehavior: dismiss and notify}
Session ID: 1c70c97b3968c097cced69c923268aca
at org.openqa.selenium.remote.http.W3CHttpResponseCodec.createException(W3CHttpResponseCodec.java:187)
at org.openqa.selenium.remote.http.W3CHttpResponseCodec.decode(W3CHttpResponseCodec.java:122)
at org.openqa.selenium.remote.http.W3CHttpResponseCodec.decode(W3CHttpResponseCodec.java:49)
at org.openqa.selenium.remote.HttpCommandExecutor.execute(HttpCommandExecutor.java:158)
at org.openqa.selenium.remote.service.DriverCommandExecutor.execute(DriverCommandExecutor.java:83)
at org.openqa.selenium.remote.RemoteWebDriver.execute(RemoteWebDriver.java:552)
at org.openqa.selenium.remote.RemoteWebElement.execute(RemoteWebElement.java:285)
at org.openqa.selenium.remote.RemoteWebElement.isDisplayed(RemoteWebElement.java:326)
at org.openqa.selenium.support.ui.ExpectedConditions.elementIfVisible(ExpectedConditions.java:314)
at org.openqa.selenium.support.ui.ExpectedConditions.access$000(ExpectedConditions.java:43)
at org.openqa.selenium.support.ui.ExpectedConditions$10.apply(ExpectedConditions.java:300)
at org.openqa.selenium.support.ui.ExpectedConditions$10.apply(ExpectedConditions.java:297)
at org.openqa.selenium.support.ui.FluentWait.until(FluentWait.java:249)
at com.tetherfi.pages.BasePage.waitUntilWebElementListIsVisible(BasePage.java:139)
at com.tetherfi.pages.BasePage.selectDropdownFromVisibleText(BasePage.java:335)
at com.tetherfi.pages.RoleBasedAccessManagementPage.searchwithoutextsearch(RoleBasedAccessManagementPage.java:855)
at com.tetherfi.test.RoleBasedAccessManagementUITest.searchwithoutSearchTextbox(RoleBasedAccessManagementUITest.java:221)
at java.base/java.util.ArrayList.forEach(Unknown Source)
... Removed 31 stack frames]]>
    </failure>
  </testcase> <!-- searchwithoutSearchTextbox -->
  <testcase classname="com.tetherfi.test.RoleBasedAccessManagementUITest" name="SearchClearSearch" time="4.642"/>
</testsuite> <!-- RoleBasedAccessManagementUITest -->
