<?xml version="1.0" encoding="UTF-8"?>
<!-- Generated by org.testng.reporters.JUnitXMLReporter -->
<testsuite ignored="0" hostname="DESKTOP-O6A5C2O" failures="4" tests="16" name="SmsResponseTemplateDeleteTest" time="690.083" errors="0" timestamp="2020-04-16T13:23:35 IST">
  <testcase classname="com.tetherfi.test.sms.SmsResponseTemplateDeleteTest" name="DeleteCancelSmsResponseTemplateRecord" time="9.057"/>
  <testcase classname="com.tetherfi.test.sms.SmsResponseTemplateDeleteTest" name="DeleteWithoutModifyReasonRecord" time="12.652"/>
  <testcase classname="com.tetherfi.test.sms.SmsResponseTemplateDeleteTest" name="DeleteRecord" time="14.313"/>
  <testcase classname="com.tetherfi.test.sms.SmsResponseTemplateDeleteTest" name="VerifyRevertForDeleteRecord" time="10.979">
    <failure type="java.lang.AssertionError" message="approval status details failed did not expect to find [true] but found [false]">
      <![CDATA[java.lang.AssertionError: approval status details failed did not expect to find [true] but found [false]
at com.tetherfi.test.sms.SmsResponseTemplateDeleteTest.VerifyRevertForDeleteRecord(SmsResponseTemplateDeleteTest.java:101)
at java.base/java.util.ArrayList.forEach(Unknown Source)
... Removed 30 stack frames]]>
    </failure>
  </testcase> <!-- VerifyRevertForDeleteRecord -->
  <testcase classname="com.tetherfi.test.sms.SmsResponseTemplateDeleteTest" name="VerifyAuditTrialReportForRevertDelete" time="0.0">
    <skipped/>
  </testcase> <!-- VerifyAuditTrialReportForRevertDelete -->
  <testcase classname="com.tetherfi.test.sms.SmsResponseTemplateDeleteTest" name="RejectDeleteRecord" time="14.307"/>
  <testcase classname="com.tetherfi.test.sms.SmsResponseTemplateDeleteTest" name="VerifySendForApprovalForDeleteNewRecord" time="11.76"/>
  <testcase classname="com.tetherfi.test.sms.SmsResponseTemplateDeleteTest" name="RejectforDeleteSmsResponseTemplateRecord" time="12.891">
    <failure type="java.lang.AssertionError" message="did not expect to find [true] but found [false]">
      <![CDATA[java.lang.AssertionError: did not expect to find [true] but found [false]
at com.tetherfi.test.sms.SmsResponseTemplateDeleteTest.RejectforDeleteSmsResponseTemplateRecord(SmsResponseTemplateDeleteTest.java:143)
at java.base/java.util.ArrayList.forEach(Unknown Source)
... Removed 31 stack frames]]>
    </failure>
  </testcase> <!-- RejectforDeleteSmsResponseTemplateRecord -->
  <testcase classname="com.tetherfi.test.sms.SmsResponseTemplateDeleteTest" name="VerifyAuditTrailReportForReject" time="0.0">
    <skipped/>
  </testcase> <!-- VerifyAuditTrailReportForReject -->
  <testcase classname="com.tetherfi.test.sms.SmsResponseTemplateDeleteTest" name="DeleteSmsResponseTemplateRecord" time="12.421"/>
  <testcase classname="com.tetherfi.test.sms.SmsResponseTemplateDeleteTest" name="VerifyAuditTrialReportForDelete" time="28.707">
    <failure type="java.lang.IndexOutOfBoundsException" message="Index 1 out-of-bounds for length 1">
      <![CDATA[java.lang.IndexOutOfBoundsException: Index 1 out-of-bounds for length 1
at java.base/jdk.internal.util.Preconditions.outOfBounds(Unknown Source)
at java.base/jdk.internal.util.Preconditions.outOfBoundsCheckIndex(Unknown Source)
at java.base/jdk.internal.util.Preconditions.checkIndex(Unknown Source)
at java.base/java.util.Objects.checkIndex(Unknown Source)
at java.base/java.util.ArrayList.get(Unknown Source)
at com.tetherfi.pages.OCMReportsPage.getFirstRowDatafromTable1(OCMReportsPage.java:1290)
at com.tetherfi.pages.OCMReportsPage.verifySmsResponseTemplateDelete(OCMReportsPage.java:5524)
at com.tetherfi.test.sms.SmsResponseTemplateDeleteTest.VerifyAuditTrialReportForDelete(SmsResponseTemplateDeleteTest.java:183)
at java.base/java.util.ArrayList.forEach(Unknown Source)
... Removed 27 stack frames]]>
    </failure>
  </testcase> <!-- VerifyAuditTrialReportForDelete -->
  <testcase classname="com.tetherfi.test.sms.SmsResponseTemplateDeleteTest" name="VerifyAuditTrailDataForDeleteSmsResponseTemplateRecord" time="6.703"/>
  <testcase classname="com.tetherfi.test.sms.SmsResponseTemplateDeleteTest" name="VerifySendForApprovalForDeleteRecord" time="12.202"/>
  <testcase classname="com.tetherfi.test.sms.SmsResponseTemplateDeleteTest" name="VerifyAuditTrailReportForSendForApprove" time="28.315">
    <failure type="java.lang.IndexOutOfBoundsException" message="Index 1 out-of-bounds for length 1">
      <![CDATA[java.lang.IndexOutOfBoundsException: Index 1 out-of-bounds for length 1
at java.base/jdk.internal.util.Preconditions.outOfBounds(Unknown Source)
at java.base/jdk.internal.util.Preconditions.outOfBoundsCheckIndex(Unknown Source)
at java.base/jdk.internal.util.Preconditions.checkIndex(Unknown Source)
at java.base/java.util.Objects.checkIndex(Unknown Source)
at java.base/java.util.ArrayList.get(Unknown Source)
at com.tetherfi.pages.OCMReportsPage.getFirstRowDatafromTable1(OCMReportsPage.java:1290)
at com.tetherfi.pages.OCMReportsPage.verifySmsResponseTemplateDelete(OCMReportsPage.java:5524)
at com.tetherfi.test.sms.SmsResponseTemplateDeleteTest.VerifyAuditTrailReportForSendForApprove(SmsResponseTemplateDeleteTest.java:217)
at java.base/java.util.ArrayList.forEach(Unknown Source)
... Removed 27 stack frames]]>
    </failure>
  </testcase> <!-- VerifyAuditTrailReportForSendForApprove -->
  <testcase classname="com.tetherfi.test.sms.SmsResponseTemplateDeleteTest" name="ApproveforDeleteSmsResponseTemplateRecord" time="0.0">
    <skipped/>
  </testcase> <!-- ApproveforDeleteSmsResponseTemplateRecord -->
  <testcase classname="com.tetherfi.test.sms.SmsResponseTemplateDeleteTest" name="VerifyAuditTrailReportForApprove" time="0.0">
    <skipped/>
  </testcase> <!-- VerifyAuditTrailReportForApprove -->
</testsuite> <!-- SmsResponseTemplateDeleteTest -->
