<?xml version="1.0" encoding="UTF-8"?>
<!-- Generated by org.testng.reporters.JUnitXMLReporter -->
<testsuite ignored="0" hostname="DESKTOP-O6A5C2O" failures="6" tests="31" name="TdmThresholdConfigTest" time="407.628" errors="0" timestamp="2020-03-18T17:49:05 IST">
  <testcase classname="com.tetherfi.test.TdmThresholdConfigTest" name="TdmThresholdConfigPage" time="0.765"/>
  <testcase classname="com.tetherfi.test.TdmThresholdConfigTest" name="VerifyDropdownForAllTheColumns" time="5.072"/>
  <testcase classname="com.tetherfi.test.TdmThresholdConfigTest" name="VerifyColumnsHeaderEnable" time="3.795"/>
  <testcase classname="com.tetherfi.test.TdmThresholdConfigTest" name="VerifyColumnsHeaderDisable" time="6.631"/>
  <testcase classname="com.tetherfi.test.TdmThresholdConfigTest" name="VerifyTeamsAssignToAgents" time="1.486"/>
  <testcase classname="com.tetherfi.test.TdmThresholdConfigTest" name="ExportToExcel" time="2.391"/>
  <testcase classname="com.tetherfi.test.TdmThresholdConfigTest" name="ExportToExcelData" time="1.133"/>
  <testcase classname="com.tetherfi.test.TdmThresholdConfigTest" name="VerifySearchIsNotEqualTo" time="3.597"/>
  <testcase classname="com.tetherfi.test.TdmThresholdConfigTest" name="VerifySearchContains" time="3.26"/>
  <testcase classname="com.tetherfi.test.TdmThresholdConfigTest" name="VerifySearchDoesNotContains" time="3.693"/>
  <testcase classname="com.tetherfi.test.TdmThresholdConfigTest" name="VerifySearchStartsWith" time="3.302"/>
  <testcase classname="com.tetherfi.test.TdmThresholdConfigTest" name="VerifySearchEndsWith" time="3.245"/>
  <testcase classname="com.tetherfi.test.TdmThresholdConfigTest" name="SearchClearSearch" time="4.242"/>
  <testcase classname="com.tetherfi.test.TdmThresholdConfigTest" name="ExporttoExcelWithoutData" time="4.331"/>
  <testcase classname="com.tetherfi.test.TdmThresholdConfigTest" name="SortingByAscending" time="3.789"/>
  <testcase classname="com.tetherfi.test.TdmThresholdConfigTest" name="SortingByDescending" time="4.051"/>
  <testcase classname="com.tetherfi.test.TdmThresholdConfigTest" name="GroupBy" time="1.589">
    <failure type="java.lang.AssertionError" message="did not expect to find [true] but found [false]">
      <![CDATA[java.lang.AssertionError: did not expect to find [true] but found [false]
at com.tetherfi.test.TdmThresholdConfigTest.GroupBy(TdmThresholdConfigTest.java:183)
at java.base/java.util.ArrayList.forEach(Unknown Source)
... Removed 31 stack frames]]>
    </failure>
  </testcase> <!-- GroupBy -->
  <testcase classname="com.tetherfi.test.TdmThresholdConfigTest" name="VerifyArrowMoveForPreviousAndNextPage" time="0.1"/>
  <testcase classname="com.tetherfi.test.TdmThresholdConfigTest" name="VerifyArrowMoveForFirstAndLastPage" time="0.056"/>
  <testcase classname="com.tetherfi.test.TdmThresholdConfigTest" name="VerifyTotalNumberOfItemsPerPageDetails" time="0.121"/>
  <testcase classname="com.tetherfi.test.TdmThresholdConfigTest" name="VerifyNumberOfItemsPerPageSelection" time="2.122">
    <failure type="java.lang.AssertionError" message="item per page assertion failed did not expect to find [true] but found [false]">
      <![CDATA[java.lang.AssertionError: item per page assertion failed did not expect to find [true] but found [false]
at com.tetherfi.test.TdmThresholdConfigTest.VerifyNumberOfItemsPerPageSelection(TdmThresholdConfigTest.java:209)
at java.base/java.util.ArrayList.forEach(Unknown Source)
... Removed 30 stack frames]]>
    </failure>
  </testcase> <!-- VerifyNumberOfItemsPerPageSelection -->
  <testcase classname="com.tetherfi.test.TdmThresholdConfigTest" name="searchwithoutSearchTextbox" time="2.997"/>
  <testcase classname="com.tetherfi.test.TdmThresholdConfigTest" name="VerifyTdmThresholdConfigThresholdDetailsPage" time="4.802"/>
  <testcase classname="com.tetherfi.test.TdmThresholdConfigTest" name="VerifyTdmThresholdConfigLabelsEnabled" time="45.586">
    <failure type="java.lang.AssertionError" message="columns enabled assertion failed did not expect to find [true] but found [false]">
      <![CDATA[java.lang.AssertionError: columns enabled assertion failed did not expect to find [true] but found [false]
at com.tetherfi.test.TdmThresholdConfigTest.VerifyTdmThresholdConfigLabelsEnabled(TdmThresholdConfigTest.java:238)
at java.base/java.util.ArrayList.forEach(Unknown Source)
... Removed 30 stack frames]]>
    </failure>
  </testcase> <!-- VerifyTdmThresholdConfigLabelsEnabled -->
  <testcase classname="com.tetherfi.test.TdmThresholdConfigTest" name="VerifyTdmThresholdConfigLabelsDiabled" time="45.589"/>
  <testcase classname="com.tetherfi.test.TdmThresholdConfigTest" name="addNewRow" time="4.555">
    <failure type="org.openqa.selenium.ElementClickInterceptedException" message="element click intercepted: Element &amp;lt;button id=&amp;quot;create&amp;quot; class=&amp;quot;k-button k-button-icontext k-grid-add&amp;quot; onclick=&amp;quot;OnAddRule(&amp;apos;grid&amp;apos;)&amp;quot; on=&amp;quot;&amp;quot;&amp;gt;...&amp;lt;/button&amp;gt; is not clickable at point (62, 142). Other element would receive the click: &amp;lt;div class=&amp;quot;modal inmodal show&amp;quot; id=&amp;quot;popupDrill&amp;quot; tabindex=&amp;quot;-1&amp;quot; role=&amp;quot;dialog&amp;quot; aria-modal=&amp;quot;true&amp;quot; style=&amp;quot;display: block;&amp;quot;&amp;gt;...&amp;lt;/div&amp;gt;
  (Session info: chrome=78.0.3904.70)
Build info: version: &amp;apos;3.141.59&amp;apos;, revision: &amp;apos;e82be7d358&amp;apos;, time: &amp;apos;2018-11-14T08:17:03&amp;apos;
System info: host: &amp;apos;DESKTOP-O6A5C2O&amp;apos;, ip: &amp;apos;10.0.75.1&amp;apos;, os.name: &amp;apos;Windows 10&amp;apos;, os.arch: &amp;apos;amd64&amp;apos;, os.version: &amp;apos;10.0&amp;apos;, java.version: &amp;apos;9.0.4&amp;apos;
Driver info: org.openqa.selenium.chrome.ChromeDriver
Capabilities {acceptInsecureCerts: false, browserName: chrome, browserVersion: 78.0.3904.70, chrome: {chromedriverVersion: 78.0.3904.105 (60e2d8774a81..., userDataDir: C:\Users\admin\AppData\Loca...}, goog:chromeOptions: {debuggerAddress: localhost:59487}, javascriptEnabled: true, networkConnectionEnabled: false, pageLoadStrategy: normal, platform: XP, platformName: XP, proxy: Proxy(), setWindowRect: true, strictFileInteractability: false, timeouts: {implicit: 0, pageLoad: 300000, script: 30000}, unhandledPromptBehavior: dismiss and notify}
Session ID: 1b720bc3d12a368eb636a2abf1effb75">
      <![CDATA[org.openqa.selenium.ElementClickInterceptedException: element click intercepted: Element <button id="create" class="k-button k-button-icontext k-grid-add" onclick="OnAddRule('grid')" on="">...</button> is not clickable at point (62, 142). Other element would receive the click: <div class="modal inmodal show" id="popupDrill" tabindex="-1" role="dialog" aria-modal="true" style="display: block;">...</div>
  (Session info: chrome=78.0.3904.70)
Build info: version: '3.141.59', revision: 'e82be7d358', time: '2018-11-14T08:17:03'
System info: host: 'DESKTOP-O6A5C2O', ip: '10.0.75.1', os.name: 'Windows 10', os.arch: 'amd64', os.version: '10.0', java.version: '9.0.4'
Driver info: org.openqa.selenium.chrome.ChromeDriver
Capabilities {acceptInsecureCerts: false, browserName: chrome, browserVersion: 78.0.3904.70, chrome: {chromedriverVersion: 78.0.3904.105 (60e2d8774a81..., userDataDir: C:\Users\admin\AppData\Loca...}, goog:chromeOptions: {debuggerAddress: localhost:59487}, javascriptEnabled: true, networkConnectionEnabled: false, pageLoadStrategy: normal, platform: XP, platformName: XP, proxy: Proxy(), setWindowRect: true, strictFileInteractability: false, timeouts: {implicit: 0, pageLoad: 300000, script: 30000}, unhandledPromptBehavior: dismiss and notify}
Session ID: 1b720bc3d12a368eb636a2abf1effb75
at org.openqa.selenium.remote.http.W3CHttpResponseCodec.createException(W3CHttpResponseCodec.java:187)
at org.openqa.selenium.remote.http.W3CHttpResponseCodec.decode(W3CHttpResponseCodec.java:122)
at org.openqa.selenium.remote.http.W3CHttpResponseCodec.decode(W3CHttpResponseCodec.java:49)
at org.openqa.selenium.remote.HttpCommandExecutor.execute(HttpCommandExecutor.java:158)
at org.openqa.selenium.remote.service.DriverCommandExecutor.execute(DriverCommandExecutor.java:83)
at org.openqa.selenium.remote.RemoteWebDriver.execute(RemoteWebDriver.java:552)
at org.openqa.selenium.remote.RemoteWebElement.execute(RemoteWebElement.java:285)
at org.openqa.selenium.remote.RemoteWebElement.click(RemoteWebElement.java:84)
at org.openqa.selenium.support.pagefactory.internal.LocatingElementHandler.invoke(LocatingElementHandler.java:51)
at com.sun.proxy.$Proxy16.click(Unknown Source)
at com.tetherfi.pages.BasePage.selectWebElement(BasePage.java:202)
at com.tetherfi.pages.TdmThresholdConfigPage.addNewRow(TdmThresholdConfigPage.java:715)
at com.tetherfi.test.TdmThresholdConfigTest.addNewRow(TdmThresholdConfigTest.java:258)
at java.base/java.util.ArrayList.forEach(Unknown Source)
... Removed 34 stack frames]]>
    </failure>
  </testcase> <!-- addNewRow -->
  <testcase classname="com.tetherfi.test.TdmThresholdConfigTest" name="VerifyAuditTrailReportForCreate" time="0.0">
    <skipped/>
  </testcase> <!-- VerifyAuditTrailReportForCreate -->
  <testcase classname="com.tetherfi.test.TdmThresholdConfigTest" name="UpdateNewRow" time="7.603"/>
  <testcase classname="com.tetherfi.test.TdmThresholdConfigTest" name="VerifyAuditTrailReportForUpdate" time="22.842">
    <failure type="java.lang.IndexOutOfBoundsException" message="Index 1 out-of-bounds for length 1">
      <![CDATA[java.lang.IndexOutOfBoundsException: Index 1 out-of-bounds for length 1
at java.base/jdk.internal.util.Preconditions.outOfBounds(Unknown Source)
at java.base/jdk.internal.util.Preconditions.outOfBoundsCheckIndex(Unknown Source)
at java.base/jdk.internal.util.Preconditions.checkIndex(Unknown Source)
at java.base/java.util.Objects.checkIndex(Unknown Source)
at java.base/java.util.ArrayList.get(Unknown Source)
at com.tetherfi.pages.OCMReportsPage.getFirstRowDatafromTable1(OCMReportsPage.java:1290)
at com.tetherfi.pages.OCMReportsPage.verifyTdmThresholdConfigUpdate(OCMReportsPage.java:5890)
at com.tetherfi.test.TdmThresholdConfigTest.VerifyAuditTrailReportForUpdate(TdmThresholdConfigTest.java:300)
at java.base/java.util.ArrayList.forEach(Unknown Source)
... Removed 27 stack frames]]>
    </failure>
  </testcase> <!-- VerifyAuditTrailReportForUpdate -->
  <testcase classname="com.tetherfi.test.TdmThresholdConfigTest" name="DeleteNewRow" time="7.343"/>
  <testcase classname="com.tetherfi.test.TdmThresholdConfigTest" name="VerifyAuditTrailReportForDelete" time="23.818">
    <failure type="java.lang.IndexOutOfBoundsException" message="Index 1 out-of-bounds for length 1">
      <![CDATA[java.lang.IndexOutOfBoundsException: Index 1 out-of-bounds for length 1
at java.base/jdk.internal.util.Preconditions.outOfBounds(Unknown Source)
at java.base/jdk.internal.util.Preconditions.outOfBoundsCheckIndex(Unknown Source)
at java.base/jdk.internal.util.Preconditions.checkIndex(Unknown Source)
at java.base/java.util.Objects.checkIndex(Unknown Source)
at java.base/java.util.ArrayList.get(Unknown Source)
at com.tetherfi.pages.OCMReportsPage.getFirstRowDatafromTable1(OCMReportsPage.java:1290)
at com.tetherfi.pages.OCMReportsPage.verifyTdmThresholdConfigDelete(OCMReportsPage.java:5977)
at com.tetherfi.test.TdmThresholdConfigTest.VerifyAuditTrailReportForDelete(TdmThresholdConfigTest.java:326)
at java.base/java.util.ArrayList.forEach(Unknown Source)
... Removed 27 stack frames]]>
    </failure>
  </testcase> <!-- VerifyAuditTrailReportForDelete -->
</testsuite> <!-- TdmThresholdConfigTest -->
