<?xml version="1.0" encoding="UTF-8"?>
<!-- Generated by org.testng.reporters.JUnitXMLReporter -->
<testsuite ignored="0" hostname="DESKTOP-O6A5C2O" failures="1" tests="16" name="UserRoleMappingUpdateTest" time="776.703" errors="0" timestamp="2020-03-06T16:19:51 IST">
  <testcase classname="com.tetherfi.test.UserRoleMappingUpdateTest" name="EditRecordWithoutModifyReason" time="11.28"/>
  <testcase classname="com.tetherfi.test.UserRoleMappingUpdateTest" name="EditCancelUserRoleMappingRecord" time="8.198"/>
  <testcase classname="com.tetherfi.test.UserRoleMappingUpdateTest" name="EditRevertUserRoleMappingRecord" time="10.503"/>
  <testcase classname="com.tetherfi.test.UserRoleMappingUpdateTest" name="VerifyRevertForEditRecord" time="9.91"/>
  <testcase classname="com.tetherfi.test.UserRoleMappingUpdateTest" name="VerifyAuditTrialReportForRevertUpdate" time="22.736"/>
  <testcase classname="com.tetherfi.test.UserRoleMappingUpdateTest" name="EditRejectRecord" time="11.827"/>
  <testcase classname="com.tetherfi.test.UserRoleMappingUpdateTest" name="VerifySendForApprovalForEditRejectRecord" time="10.094"/>
  <testcase classname="com.tetherfi.test.UserRoleMappingUpdateTest" name="RejectforEditUserRoleMappingRecord" time="11.412"/>
  <testcase classname="com.tetherfi.test.UserRoleMappingUpdateTest" name="VerifyAuditTrailReportForReject" time="22.833"/>
  <testcase classname="com.tetherfi.test.UserRoleMappingUpdateTest" name="EditUserRoleMappingRecord" time="11.341"/>
  <testcase classname="com.tetherfi.test.UserRoleMappingUpdateTest" name="VerifyAuditTrailDataForEditUserRoleMappingRecord" time="5.943">
    <failure type="java.lang.AssertionError" message="Audit trail details failed did not expect to find [true] but found [false]">
      <![CDATA[java.lang.AssertionError: Audit trail details failed did not expect to find [true] but found [false]
at com.tetherfi.test.UserRoleMappingUpdateTest.VerifyAuditTrailDataForEditUserRoleMappingRecord(UserRoleMappingUpdateTest.java:165)
at java.base/java.util.ArrayList.forEach(Unknown Source)
... Removed 30 stack frames]]>
    </failure>
  </testcase> <!-- VerifyAuditTrailDataForEditUserRoleMappingRecord -->
  <testcase classname="com.tetherfi.test.UserRoleMappingUpdateTest" name="VerifyAuditTrialReportForUpdate" time="23.188"/>
  <testcase classname="com.tetherfi.test.UserRoleMappingUpdateTest" name="VerifySendForApprovalForEditRecord" time="10.06"/>
  <testcase classname="com.tetherfi.test.UserRoleMappingUpdateTest" name="VerifyAuditTrialReportForSendForApprovalUpdate" time="23.577"/>
  <testcase classname="com.tetherfi.test.UserRoleMappingUpdateTest" name="ApproveforEditUserRoleMappingRecord" time="12.535"/>
  <testcase classname="com.tetherfi.test.UserRoleMappingUpdateTest" name="VerifyAuditTrailReportForApprove" time="23.085"/>
</testsuite> <!-- UserRoleMappingUpdateTest -->
