<?xml version="1.0" encoding="UTF-8"?>
<!-- Generated by org.testng.reporters.JUnitXMLReporter -->
<testsuite ignored="0" hostname="DESKTOP-O6A5C2O" failures="2" tests="37" name="WorkCodeListTest" time="901.911" errors="0" timestamp="2020-03-13T18:35:59 IST">
  <testcase classname="com.tetherfi.test.tmac.WorkCodeListTest" name="WorkCodeListPage" time="0.83"/>
  <testcase classname="com.tetherfi.test.tmac.WorkCodeListTest" name="addNewWorkGroupListCancelRecord" time="7.517"/>
  <testcase classname="com.tetherfi.test.tmac.WorkCodeListTest" name="addNewWorkGroupListRecord" time="7.593"/>
  <testcase classname="com.tetherfi.test.tmac.WorkCodeListTest" name="addNewWorkcodeListCancelRecord" time="14.744"/>
  <testcase classname="com.tetherfi.test.tmac.WorkCodeListTest" name="addNewWorkcodeListRecord" time="60.582"/>
  <testcase classname="com.tetherfi.test.tmac.WorkCodeListTest" name="VerifyAuditTrialReportForCreate" time="30.142"/>
  <testcase classname="com.tetherfi.test.tmac.WorkCodeListTest" name="addInvalidRecordWithoutWorkLevel" time="1.336"/>
  <testcase classname="com.tetherfi.test.tmac.WorkCodeListTest" name="addInvalidRecordWithoutWorkGroup" time="8.083"/>
  <testcase classname="com.tetherfi.test.tmac.WorkCodeListTest" name="addInvalidRecordWithoutName" time="14.402"/>
  <testcase classname="com.tetherfi.test.tmac.WorkCodeListTest" name="addDuplicateRecord" time="221.653">
    <failure type="java.lang.AssertionError" message="DuplicateRecord Assertion failed did not expect to find [false] but found [true]">
      <![CDATA[java.lang.AssertionError: DuplicateRecord Assertion failed did not expect to find [false] but found [true]
at com.tetherfi.test.tmac.WorkCodeListTest.addDuplicateRecord(WorkCodeListTest.java:171)
at java.base/java.util.ArrayList.forEach(Unknown Source)
... Removed 30 stack frames]]>
    </failure>
  </testcase> <!-- addDuplicateRecord -->
  <testcase classname="com.tetherfi.test.tmac.WorkCodeListTest" name="editWorkCodeListCancelRecord" time="7.506"/>
  <testcase classname="com.tetherfi.test.tmac.WorkCodeListTest" name="editWorkCodeListRecord" time="8.769"/>
  <testcase classname="com.tetherfi.test.tmac.WorkCodeListTest" name="VerifyAuditTrialReportForUpdate" time="30.184"/>
  <testcase classname="com.tetherfi.test.tmac.WorkCodeListTest" name="searchPage" time="4.456"/>
  <testcase classname="com.tetherfi.test.tmac.WorkCodeListTest" name="VerifySearchIsNotEqualTo" time="11.165"/>
  <testcase classname="com.tetherfi.test.tmac.WorkCodeListTest" name="VerifySearchContains" time="7.469"/>
  <testcase classname="com.tetherfi.test.tmac.WorkCodeListTest" name="VerifySearchDoesNotContains" time="8.683"/>
  <testcase classname="com.tetherfi.test.tmac.WorkCodeListTest" name="VerifySearchStartsWith" time="7.308"/>
  <testcase classname="com.tetherfi.test.tmac.WorkCodeListTest" name="VerifySearchEndsWith" time="5.361"/>
  <testcase classname="com.tetherfi.test.tmac.WorkCodeListTest" name="SearchClearSearch" time="7.158"/>
  <testcase classname="com.tetherfi.test.tmac.WorkCodeListTest" name="DeleteWorkCodeListCancelRecord" time="13.017"/>
  <testcase classname="com.tetherfi.test.tmac.WorkCodeListTest" name="DeleteWorkCodeListRecord" time="12.537"/>
  <testcase classname="com.tetherfi.test.tmac.WorkCodeListTest" name="VerifyauditTrailReportDelete" time="29.342"/>
  <testcase classname="com.tetherfi.test.tmac.WorkCodeListTest" name="ExportToExcel" time="3.707"/>
  <testcase classname="com.tetherfi.test.tmac.WorkCodeListTest" name="ExportToExcelData" time="5.112"/>
  <testcase classname="com.tetherfi.test.tmac.WorkCodeListTest" name="database" time="6.412"/>
  <testcase classname="com.tetherfi.test.tmac.WorkCodeListTest" name="GroupBy" time="4.102"/>
  <testcase classname="com.tetherfi.test.tmac.WorkCodeListTest" name="VerifyArrowMoveForPreviousAndNextPage" time="1.484"/>
  <testcase classname="com.tetherfi.test.tmac.WorkCodeListTest" name="VerifyArrowMoveForFirstAndLastPage" time="0.971"/>
  <testcase classname="com.tetherfi.test.tmac.WorkCodeListTest" name="VerifyTotalNumberOfItemsPerPageDetails" time="0.112"/>
  <testcase classname="com.tetherfi.test.tmac.WorkCodeListTest" name="VerifyNumberOfItemsPerPageSelection" time="10.053"/>
  <testcase classname="com.tetherfi.test.tmac.WorkCodeListTest" name="VerifyDropdownForAllTheColumns" time="10.082"/>
  <testcase classname="com.tetherfi.test.tmac.WorkCodeListTest" name="VerifyColumnsHeaderEnable" time="6.259"/>
  <testcase classname="com.tetherfi.test.tmac.WorkCodeListTest" name="VerifyColumnsHeaderDisable" time="8.346"/>
  <testcase classname="com.tetherfi.test.tmac.WorkCodeListTest" name="SortingByAscending" time="6.636"/>
  <testcase classname="com.tetherfi.test.tmac.WorkCodeListTest" name="SortingByDescending" time="7.293"/>
  <testcase classname="com.tetherfi.test.tmac.WorkCodeListTest" name="ExporttoExcelWithoutData" time="13.023">
    <failure type="org.openqa.selenium.ElementClickInterceptedException" message="element click intercepted: Element &amp;lt;i class=&amp;quot;fas fa-search&amp;quot; title=&amp;quot;Search&amp;quot;&amp;gt;&amp;lt;/i&amp;gt; is not clickable at point (1536, 88). Other element would receive the click: &amp;lt;div class=&amp;quot;k-overlay&amp;quot; style=&amp;quot;display: block; z-index: 10002; opacity: 0; transition: all 350ms ease-out 0s;&amp;quot;&amp;gt;&amp;lt;/div&amp;gt;
  (Session info: chrome=78.0.3904.70)
Build info: version: &amp;apos;3.141.59&amp;apos;, revision: &amp;apos;e82be7d358&amp;apos;, time: &amp;apos;2018-11-14T08:17:03&amp;apos;
System info: host: &amp;apos;DESKTOP-O6A5C2O&amp;apos;, ip: &amp;apos;10.0.75.1&amp;apos;, os.name: &amp;apos;Windows 10&amp;apos;, os.arch: &amp;apos;amd64&amp;apos;, os.version: &amp;apos;10.0&amp;apos;, java.version: &amp;apos;9.0.4&amp;apos;
Driver info: org.openqa.selenium.chrome.ChromeDriver
Capabilities {acceptInsecureCerts: false, browserName: chrome, browserVersion: 78.0.3904.70, chrome: {chromedriverVersion: 78.0.3904.105 (60e2d8774a81..., userDataDir: C:\Users\admin\AppData\Loca...}, goog:chromeOptions: {debuggerAddress: localhost:54730}, javascriptEnabled: true, networkConnectionEnabled: false, pageLoadStrategy: normal, platform: XP, platformName: XP, proxy: Proxy(), setWindowRect: true, strictFileInteractability: false, timeouts: {implicit: 0, pageLoad: 300000, script: 30000}, unhandledPromptBehavior: dismiss and notify}
Session ID: 82eaf5881727cec8a0a34f5f039e1474">
      <![CDATA[org.openqa.selenium.ElementClickInterceptedException: element click intercepted: Element <i class="fas fa-search" title="Search"></i> is not clickable at point (1536, 88). Other element would receive the click: <div class="k-overlay" style="display: block; z-index: 10002; opacity: 0; transition: all 350ms ease-out 0s;"></div>
  (Session info: chrome=78.0.3904.70)
Build info: version: '3.141.59', revision: 'e82be7d358', time: '2018-11-14T08:17:03'
System info: host: 'DESKTOP-O6A5C2O', ip: '10.0.75.1', os.name: 'Windows 10', os.arch: 'amd64', os.version: '10.0', java.version: '9.0.4'
Driver info: org.openqa.selenium.chrome.ChromeDriver
Capabilities {acceptInsecureCerts: false, browserName: chrome, browserVersion: 78.0.3904.70, chrome: {chromedriverVersion: 78.0.3904.105 (60e2d8774a81..., userDataDir: C:\Users\admin\AppData\Loca...}, goog:chromeOptions: {debuggerAddress: localhost:54730}, javascriptEnabled: true, networkConnectionEnabled: false, pageLoadStrategy: normal, platform: XP, platformName: XP, proxy: Proxy(), setWindowRect: true, strictFileInteractability: false, timeouts: {implicit: 0, pageLoad: 300000, script: 30000}, unhandledPromptBehavior: dismiss and notify}
Session ID: 82eaf5881727cec8a0a34f5f039e1474
at org.openqa.selenium.remote.http.W3CHttpResponseCodec.createException(W3CHttpResponseCodec.java:187)
at org.openqa.selenium.remote.http.W3CHttpResponseCodec.decode(W3CHttpResponseCodec.java:122)
at org.openqa.selenium.remote.http.W3CHttpResponseCodec.decode(W3CHttpResponseCodec.java:49)
at org.openqa.selenium.remote.HttpCommandExecutor.execute(HttpCommandExecutor.java:158)
at org.openqa.selenium.remote.service.DriverCommandExecutor.execute(DriverCommandExecutor.java:83)
at org.openqa.selenium.remote.RemoteWebDriver.execute(RemoteWebDriver.java:552)
at org.openqa.selenium.remote.RemoteWebElement.execute(RemoteWebElement.java:285)
at org.openqa.selenium.remote.RemoteWebElement.click(RemoteWebElement.java:84)
at org.openqa.selenium.support.pagefactory.internal.LocatingElementHandler.invoke(LocatingElementHandler.java:51)
at com.sun.proxy.$Proxy16.click(Unknown Source)
at com.tetherfi.pages.BasePage.selectWebElement(BasePage.java:202)
at com.tetherfi.pages.WorkCodeListPage.searchWorkcodeList(WorkCodeListPage.java:462)
at com.tetherfi.pages.WorkCodeListPage.ExporttoExcelWithoutData(WorkCodeListPage.java:989)
at com.tetherfi.test.tmac.WorkCodeListTest.ExporttoExcelWithoutData(WorkCodeListTest.java:409)
at java.base/java.util.ArrayList.forEach(Unknown Source)
... Removed 34 stack frames]]>
    </failure>
  </testcase> <!-- ExporttoExcelWithoutData -->
</testsuite> <!-- WorkCodeListTest -->
