<?xml version="1.0" encoding="UTF-8"?>
<!-- Generated by org.testng.reporters.JUnitXMLReporter -->
<testsuite ignored="0" hostname="DESKTOP-O6A5C2O" failures="0" tests="37" name="WorkCodeListTest" time="50.122" errors="0" timestamp="2020-04-15T16:20:54 IST">
  <testcase classname="com.tetherfi.test.tmac.WorkCodeListTest" name="@BeforeClass AddNewAgentTeamManagementRecord" time="18.334">
    <failure type="java.lang.AssertionError" message="Add New record assertion failed did not expect to find [true] but found [false]">
      <![CDATA[java.lang.AssertionError: Add New record assertion failed did not expect to find [true] but found [false]
at com.tetherfi.test.tmac.WorkCodeListTest.AddNewAgentTeamManagementRecord(WorkCodeListTest.java:51)
at java.base/java.util.ArrayList.forEach(Unknown Source)
... Removed 28 stack frames]]>
    </failure>
  </testcase> <!-- @BeforeClass AddNewAgentTeamManagementRecord -->
  <testcase classname="com.tetherfi.test.BaseTest" name="@BeforeMethod startTestCase" time="-1.586947853803E9">
    <skipped/>
  </testcase> <!-- @BeforeMethod startTestCase -->
  <testcase classname="com.tetherfi.test.tmac.WorkCodeListTest" name="@BeforeMethod NavigateToWorkCodeListPage" time="-1.586947853807E9">
    <skipped/>
  </testcase> <!-- @BeforeMethod NavigateToWorkCodeListPage -->
  <testcase classname="com.tetherfi.test.tmac.WorkCodeListTest" name="@AfterMethod afterEachMethod" time="-1.586947853823E9">
    <skipped/>
  </testcase> <!-- @AfterMethod afterEachMethod -->
  <testcase classname="com.tetherfi.test.BaseTest" name="@AfterMethod endTestCase" time="-1.586947853823E9">
    <skipped/>
  </testcase> <!-- @AfterMethod endTestCase -->
  <testcase classname="com.tetherfi.test.BaseTest" name="@BeforeMethod startTestCase" time="-1.586947853831E9">
    <skipped/>
  </testcase> <!-- @BeforeMethod startTestCase -->
  <testcase classname="com.tetherfi.test.tmac.WorkCodeListTest" name="@BeforeMethod NavigateToWorkCodeListPage" time="-1.586947853835E9">
    <skipped/>
  </testcase> <!-- @BeforeMethod NavigateToWorkCodeListPage -->
  <testcase classname="com.tetherfi.test.tmac.WorkCodeListTest" name="@AfterMethod afterEachMethod" time="-1.586947853851E9">
    <skipped/>
  </testcase> <!-- @AfterMethod afterEachMethod -->
  <testcase classname="com.tetherfi.test.BaseTest" name="@AfterMethod endTestCase" time="-1.586947853859E9">
    <skipped/>
  </testcase> <!-- @AfterMethod endTestCase -->
  <testcase classname="com.tetherfi.test.BaseTest" name="@BeforeMethod startTestCase" time="-1.586947853863E9">
    <skipped/>
  </testcase> <!-- @BeforeMethod startTestCase -->
  <testcase classname="com.tetherfi.test.tmac.WorkCodeListTest" name="@BeforeMethod NavigateToWorkCodeListPage" time="-1.586947853867E9">
    <skipped/>
  </testcase> <!-- @BeforeMethod NavigateToWorkCodeListPage -->
  <testcase classname="com.tetherfi.test.tmac.WorkCodeListTest" name="@AfterMethod afterEachMethod" time="-1.586947853875E9">
    <skipped/>
  </testcase> <!-- @AfterMethod afterEachMethod -->
  <testcase classname="com.tetherfi.test.BaseTest" name="@AfterMethod endTestCase" time="-1.586947853879E9">
    <skipped/>
  </testcase> <!-- @AfterMethod endTestCase -->
  <testcase classname="com.tetherfi.test.BaseTest" name="@BeforeMethod startTestCase" time="-1.586947853891E9">
    <skipped/>
  </testcase> <!-- @BeforeMethod startTestCase -->
  <testcase classname="com.tetherfi.test.tmac.WorkCodeListTest" name="@BeforeMethod NavigateToWorkCodeListPage" time="-1.586947853895E9">
    <skipped/>
  </testcase> <!-- @BeforeMethod NavigateToWorkCodeListPage -->
  <testcase classname="com.tetherfi.test.tmac.WorkCodeListTest" name="@AfterMethod afterEachMethod" time="-1.586947853911E9">
    <skipped/>
  </testcase> <!-- @AfterMethod afterEachMethod -->
  <testcase classname="com.tetherfi.test.BaseTest" name="@AfterMethod endTestCase" time="-1.586947853915E9">
    <skipped/>
  </testcase> <!-- @AfterMethod endTestCase -->
  <testcase classname="com.tetherfi.test.BaseTest" name="@BeforeMethod startTestCase" time="-1.586947853919E9">
    <skipped/>
  </testcase> <!-- @BeforeMethod startTestCase -->
  <testcase classname="com.tetherfi.test.tmac.WorkCodeListTest" name="@BeforeMethod NavigateToWorkCodeListPage" time="-1.586947853919E9">
    <skipped/>
  </testcase> <!-- @BeforeMethod NavigateToWorkCodeListPage -->
  <testcase classname="com.tetherfi.test.tmac.WorkCodeListTest" name="@AfterMethod afterEachMethod" time="-1.586947853931E9">
    <skipped/>
  </testcase> <!-- @AfterMethod afterEachMethod -->
  <testcase classname="com.tetherfi.test.BaseTest" name="@AfterMethod endTestCase" time="-1.586947853931E9">
    <skipped/>
  </testcase> <!-- @AfterMethod endTestCase -->
  <testcase classname="com.tetherfi.test.BaseTest" name="@BeforeMethod startTestCase" time="-1.586947853935E9">
    <skipped/>
  </testcase> <!-- @BeforeMethod startTestCase -->
  <testcase classname="com.tetherfi.test.tmac.WorkCodeListTest" name="@BeforeMethod NavigateToWorkCodeListPage" time="-1.586947853939E9">
    <skipped/>
  </testcase> <!-- @BeforeMethod NavigateToWorkCodeListPage -->
  <testcase classname="com.tetherfi.test.tmac.WorkCodeListTest" name="@AfterMethod afterEachMethod" time="-1.586947853943E9">
    <skipped/>
  </testcase> <!-- @AfterMethod afterEachMethod -->
  <testcase classname="com.tetherfi.test.BaseTest" name="@AfterMethod endTestCase" time="-1.586947853947E9">
    <skipped/>
  </testcase> <!-- @AfterMethod endTestCase -->
  <testcase classname="com.tetherfi.test.BaseTest" name="@BeforeMethod startTestCase" time="-1.586947853947E9">
    <skipped/>
  </testcase> <!-- @BeforeMethod startTestCase -->
  <testcase classname="com.tetherfi.test.tmac.WorkCodeListTest" name="@BeforeMethod NavigateToWorkCodeListPage" time="-1.586947853947E9">
    <skipped/>
  </testcase> <!-- @BeforeMethod NavigateToWorkCodeListPage -->
  <testcase classname="com.tetherfi.test.tmac.WorkCodeListTest" name="@AfterMethod afterEachMethod" time="-1.586947853955E9">
    <skipped/>
  </testcase> <!-- @AfterMethod afterEachMethod -->
  <testcase classname="com.tetherfi.test.BaseTest" name="@AfterMethod endTestCase" time="-1.586947853959E9">
    <skipped/>
  </testcase> <!-- @AfterMethod endTestCase -->
  <testcase classname="com.tetherfi.test.BaseTest" name="@BeforeMethod startTestCase" time="-1.586947853963E9">
    <skipped/>
  </testcase> <!-- @BeforeMethod startTestCase -->
  <testcase classname="com.tetherfi.test.tmac.WorkCodeListTest" name="@BeforeMethod NavigateToWorkCodeListPage" time="-1.586947853963E9">
    <skipped/>
  </testcase> <!-- @BeforeMethod NavigateToWorkCodeListPage -->
  <testcase classname="com.tetherfi.test.tmac.WorkCodeListTest" name="@AfterMethod afterEachMethod" time="-1.586947853971E9">
    <skipped/>
  </testcase> <!-- @AfterMethod afterEachMethod -->
  <testcase classname="com.tetherfi.test.BaseTest" name="@AfterMethod endTestCase" time="-1.586947853975E9">
    <skipped/>
  </testcase> <!-- @AfterMethod endTestCase -->
  <testcase classname="com.tetherfi.test.BaseTest" name="@BeforeMethod startTestCase" time="-1.586947853975E9">
    <skipped/>
  </testcase> <!-- @BeforeMethod startTestCase -->
  <testcase classname="com.tetherfi.test.tmac.WorkCodeListTest" name="@BeforeMethod NavigateToWorkCodeListPage" time="-1.586947853979E9">
    <skipped/>
  </testcase> <!-- @BeforeMethod NavigateToWorkCodeListPage -->
  <testcase classname="com.tetherfi.test.tmac.WorkCodeListTest" name="@AfterMethod afterEachMethod" time="-1.586947853991E9">
    <skipped/>
  </testcase> <!-- @AfterMethod afterEachMethod -->
  <testcase classname="com.tetherfi.test.BaseTest" name="@AfterMethod endTestCase" time="-1.586947853991E9">
    <skipped/>
  </testcase> <!-- @AfterMethod endTestCase -->
  <testcase classname="com.tetherfi.test.BaseTest" name="@BeforeMethod startTestCase" time="-1.586947853995E9">
    <skipped/>
  </testcase> <!-- @BeforeMethod startTestCase -->
  <testcase classname="com.tetherfi.test.tmac.WorkCodeListTest" name="@BeforeMethod NavigateToWorkCodeListPage" time="-1.586947853995E9">
    <skipped/>
  </testcase> <!-- @BeforeMethod NavigateToWorkCodeListPage -->
  <testcase classname="com.tetherfi.test.tmac.WorkCodeListTest" name="@AfterMethod afterEachMethod" time="-1.586947854003E9">
    <skipped/>
  </testcase> <!-- @AfterMethod afterEachMethod -->
  <testcase classname="com.tetherfi.test.BaseTest" name="@AfterMethod endTestCase" time="-1.586947854011E9">
    <skipped/>
  </testcase> <!-- @AfterMethod endTestCase -->
  <testcase classname="com.tetherfi.test.BaseTest" name="@BeforeMethod startTestCase" time="-1.586947854011E9">
    <skipped/>
  </testcase> <!-- @BeforeMethod startTestCase -->
  <testcase classname="com.tetherfi.test.tmac.WorkCodeListTest" name="@BeforeMethod NavigateToWorkCodeListPage" time="-1.586947854015E9">
    <skipped/>
  </testcase> <!-- @BeforeMethod NavigateToWorkCodeListPage -->
  <testcase classname="com.tetherfi.test.tmac.WorkCodeListTest" name="@AfterMethod afterEachMethod" time="-1.586947854019E9">
    <skipped/>
  </testcase> <!-- @AfterMethod afterEachMethod -->
  <testcase classname="com.tetherfi.test.BaseTest" name="@AfterMethod endTestCase" time="-1.586947854019E9">
    <skipped/>
  </testcase> <!-- @AfterMethod endTestCase -->
  <testcase classname="com.tetherfi.test.BaseTest" name="@BeforeMethod startTestCase" time="-1.586947854023E9">
    <skipped/>
  </testcase> <!-- @BeforeMethod startTestCase -->
  <testcase classname="com.tetherfi.test.tmac.WorkCodeListTest" name="@BeforeMethod NavigateToWorkCodeListPage" time="-1.586947854023E9">
    <skipped/>
  </testcase> <!-- @BeforeMethod NavigateToWorkCodeListPage -->
  <testcase classname="com.tetherfi.test.tmac.WorkCodeListTest" name="@AfterMethod afterEachMethod" time="-1.586947854027E9">
    <skipped/>
  </testcase> <!-- @AfterMethod afterEachMethod -->
  <testcase classname="com.tetherfi.test.BaseTest" name="@AfterMethod endTestCase" time="-1.586947854027E9">
    <skipped/>
  </testcase> <!-- @AfterMethod endTestCase -->
  <testcase classname="com.tetherfi.test.BaseTest" name="@BeforeMethod startTestCase" time="-1.586947854031E9">
    <skipped/>
  </testcase> <!-- @BeforeMethod startTestCase -->
  <testcase classname="com.tetherfi.test.tmac.WorkCodeListTest" name="@BeforeMethod NavigateToWorkCodeListPage" time="-1.586947854031E9">
    <skipped/>
  </testcase> <!-- @BeforeMethod NavigateToWorkCodeListPage -->
  <testcase classname="com.tetherfi.test.tmac.WorkCodeListTest" name="@AfterMethod afterEachMethod" time="-1.586947854039E9">
    <skipped/>
  </testcase> <!-- @AfterMethod afterEachMethod -->
  <testcase classname="com.tetherfi.test.BaseTest" name="@AfterMethod endTestCase" time="-1.586947854039E9">
    <skipped/>
  </testcase> <!-- @AfterMethod endTestCase -->
  <testcase classname="com.tetherfi.test.BaseTest" name="@BeforeMethod startTestCase" time="-1.586947854043E9">
    <skipped/>
  </testcase> <!-- @BeforeMethod startTestCase -->
  <testcase classname="com.tetherfi.test.tmac.WorkCodeListTest" name="@BeforeMethod NavigateToWorkCodeListPage" time="-1.586947854047E9">
    <skipped/>
  </testcase> <!-- @BeforeMethod NavigateToWorkCodeListPage -->
  <testcase classname="com.tetherfi.test.tmac.WorkCodeListTest" name="@AfterMethod afterEachMethod" time="-1.586947854047E9">
    <skipped/>
  </testcase> <!-- @AfterMethod afterEachMethod -->
  <testcase classname="com.tetherfi.test.BaseTest" name="@AfterMethod endTestCase" time="-1.586947854051E9">
    <skipped/>
  </testcase> <!-- @AfterMethod endTestCase -->
  <testcase classname="com.tetherfi.test.BaseTest" name="@BeforeMethod startTestCase" time="-1.586947854055E9">
    <skipped/>
  </testcase> <!-- @BeforeMethod startTestCase -->
  <testcase classname="com.tetherfi.test.tmac.WorkCodeListTest" name="@BeforeMethod NavigateToWorkCodeListPage" time="-1.586947854059E9">
    <skipped/>
  </testcase> <!-- @BeforeMethod NavigateToWorkCodeListPage -->
  <testcase classname="com.tetherfi.test.tmac.WorkCodeListTest" name="@AfterMethod afterEachMethod" time="-1.586947854063E9">
    <skipped/>
  </testcase> <!-- @AfterMethod afterEachMethod -->
  <testcase classname="com.tetherfi.test.BaseTest" name="@AfterMethod endTestCase" time="-1.586947854063E9">
    <skipped/>
  </testcase> <!-- @AfterMethod endTestCase -->
  <testcase classname="com.tetherfi.test.BaseTest" name="@BeforeMethod startTestCase" time="-1.586947854067E9">
    <skipped/>
  </testcase> <!-- @BeforeMethod startTestCase -->
  <testcase classname="com.tetherfi.test.tmac.WorkCodeListTest" name="@BeforeMethod NavigateToWorkCodeListPage" time="-1.586947854071E9">
    <skipped/>
  </testcase> <!-- @BeforeMethod NavigateToWorkCodeListPage -->
  <testcase classname="com.tetherfi.test.tmac.WorkCodeListTest" name="@AfterMethod afterEachMethod" time="-1.586947854079E9">
    <skipped/>
  </testcase> <!-- @AfterMethod afterEachMethod -->
  <testcase classname="com.tetherfi.test.BaseTest" name="@AfterMethod endTestCase" time="-1.586947854079E9">
    <skipped/>
  </testcase> <!-- @AfterMethod endTestCase -->
  <testcase classname="com.tetherfi.test.BaseTest" name="@BeforeMethod startTestCase" time="-1.586947854079E9">
    <skipped/>
  </testcase> <!-- @BeforeMethod startTestCase -->
  <testcase classname="com.tetherfi.test.tmac.WorkCodeListTest" name="@BeforeMethod NavigateToWorkCodeListPage" time="-1.586947854083E9">
    <skipped/>
  </testcase> <!-- @BeforeMethod NavigateToWorkCodeListPage -->
  <testcase classname="com.tetherfi.test.tmac.WorkCodeListTest" name="@AfterMethod afterEachMethod" time="-1.586947854091E9">
    <skipped/>
  </testcase> <!-- @AfterMethod afterEachMethod -->
  <testcase classname="com.tetherfi.test.BaseTest" name="@AfterMethod endTestCase" time="-1.586947854099E9">
    <skipped/>
  </testcase> <!-- @AfterMethod endTestCase -->
  <testcase classname="com.tetherfi.test.BaseTest" name="@BeforeMethod startTestCase" time="-1.586947854107E9">
    <skipped/>
  </testcase> <!-- @BeforeMethod startTestCase -->
  <testcase classname="com.tetherfi.test.tmac.WorkCodeListTest" name="@BeforeMethod NavigateToWorkCodeListPage" time="-1.586947854107E9">
    <skipped/>
  </testcase> <!-- @BeforeMethod NavigateToWorkCodeListPage -->
  <testcase classname="com.tetherfi.test.tmac.WorkCodeListTest" name="@AfterMethod afterEachMethod" time="-1.586947854111E9">
    <skipped/>
  </testcase> <!-- @AfterMethod afterEachMethod -->
  <testcase classname="com.tetherfi.test.BaseTest" name="@AfterMethod endTestCase" time="-1.586947854111E9">
    <skipped/>
  </testcase> <!-- @AfterMethod endTestCase -->
  <testcase classname="com.tetherfi.test.BaseTest" name="@BeforeMethod startTestCase" time="-1.586947854111E9">
    <skipped/>
  </testcase> <!-- @BeforeMethod startTestCase -->
  <testcase classname="com.tetherfi.test.tmac.WorkCodeListTest" name="@BeforeMethod NavigateToWorkCodeListPage" time="-1.586947854115E9">
    <skipped/>
  </testcase> <!-- @BeforeMethod NavigateToWorkCodeListPage -->
  <testcase classname="com.tetherfi.test.tmac.WorkCodeListTest" name="@AfterMethod afterEachMethod" time="-1.586947854115E9">
    <skipped/>
  </testcase> <!-- @AfterMethod afterEachMethod -->
  <testcase classname="com.tetherfi.test.BaseTest" name="@AfterMethod endTestCase" time="-1.586947854115E9">
    <skipped/>
  </testcase> <!-- @AfterMethod endTestCase -->
  <testcase classname="com.tetherfi.test.BaseTest" name="@BeforeMethod startTestCase" time="-1.586947854119E9">
    <skipped/>
  </testcase> <!-- @BeforeMethod startTestCase -->
  <testcase classname="com.tetherfi.test.tmac.WorkCodeListTest" name="@BeforeMethod NavigateToWorkCodeListPage" time="-1.586947854119E9">
    <skipped/>
  </testcase> <!-- @BeforeMethod NavigateToWorkCodeListPage -->
  <testcase classname="com.tetherfi.test.tmac.WorkCodeListTest" name="@AfterMethod afterEachMethod" time="-1.586947854123E9">
    <skipped/>
  </testcase> <!-- @AfterMethod afterEachMethod -->
  <testcase classname="com.tetherfi.test.BaseTest" name="@AfterMethod endTestCase" time="-1.586947854123E9">
    <skipped/>
  </testcase> <!-- @AfterMethod endTestCase -->
  <testcase classname="com.tetherfi.test.BaseTest" name="@BeforeMethod startTestCase" time="-1.586947854127E9">
    <skipped/>
  </testcase> <!-- @BeforeMethod startTestCase -->
  <testcase classname="com.tetherfi.test.tmac.WorkCodeListTest" name="@BeforeMethod NavigateToWorkCodeListPage" time="-1.586947854127E9">
    <skipped/>
  </testcase> <!-- @BeforeMethod NavigateToWorkCodeListPage -->
  <testcase classname="com.tetherfi.test.tmac.WorkCodeListTest" name="@AfterMethod afterEachMethod" time="-1.586947854131E9">
    <skipped/>
  </testcase> <!-- @AfterMethod afterEachMethod -->
  <testcase classname="com.tetherfi.test.BaseTest" name="@AfterMethod endTestCase" time="-1.586947854135E9">
    <skipped/>
  </testcase> <!-- @AfterMethod endTestCase -->
  <testcase classname="com.tetherfi.test.BaseTest" name="@BeforeMethod startTestCase" time="-1.586947854135E9">
    <skipped/>
  </testcase> <!-- @BeforeMethod startTestCase -->
  <testcase classname="com.tetherfi.test.tmac.WorkCodeListTest" name="@BeforeMethod NavigateToWorkCodeListPage" time="-1.586947854139E9">
    <skipped/>
  </testcase> <!-- @BeforeMethod NavigateToWorkCodeListPage -->
  <testcase classname="com.tetherfi.test.tmac.WorkCodeListTest" name="@AfterMethod afterEachMethod" time="-1.586947854143E9">
    <skipped/>
  </testcase> <!-- @AfterMethod afterEachMethod -->
  <testcase classname="com.tetherfi.test.BaseTest" name="@AfterMethod endTestCase" time="-1.586947854143E9">
    <skipped/>
  </testcase> <!-- @AfterMethod endTestCase -->
  <testcase classname="com.tetherfi.test.BaseTest" name="@BeforeMethod startTestCase" time="-1.586947854143E9">
    <skipped/>
  </testcase> <!-- @BeforeMethod startTestCase -->
  <testcase classname="com.tetherfi.test.tmac.WorkCodeListTest" name="@BeforeMethod NavigateToWorkCodeListPage" time="-1.586947854147E9">
    <skipped/>
  </testcase> <!-- @BeforeMethod NavigateToWorkCodeListPage -->
  <testcase classname="com.tetherfi.test.tmac.WorkCodeListTest" name="@AfterMethod afterEachMethod" time="-1.586947854147E9">
    <skipped/>
  </testcase> <!-- @AfterMethod afterEachMethod -->
  <testcase classname="com.tetherfi.test.BaseTest" name="@AfterMethod endTestCase" time="-1.586947854147E9">
    <skipped/>
  </testcase> <!-- @AfterMethod endTestCase -->
  <testcase classname="com.tetherfi.test.BaseTest" name="@BeforeMethod startTestCase" time="-1.586947854147E9">
    <skipped/>
  </testcase> <!-- @BeforeMethod startTestCase -->
  <testcase classname="com.tetherfi.test.tmac.WorkCodeListTest" name="@BeforeMethod NavigateToWorkCodeListPage" time="-1.586947854151E9">
    <skipped/>
  </testcase> <!-- @BeforeMethod NavigateToWorkCodeListPage -->
  <testcase classname="com.tetherfi.test.tmac.WorkCodeListTest" name="@AfterMethod afterEachMethod" time="-1.586947854155E9">
    <skipped/>
  </testcase> <!-- @AfterMethod afterEachMethod -->
  <testcase classname="com.tetherfi.test.BaseTest" name="@AfterMethod endTestCase" time="-1.586947854159E9">
    <skipped/>
  </testcase> <!-- @AfterMethod endTestCase -->
  <testcase classname="com.tetherfi.test.BaseTest" name="@BeforeMethod startTestCase" time="-1.586947854159E9">
    <skipped/>
  </testcase> <!-- @BeforeMethod startTestCase -->
  <testcase classname="com.tetherfi.test.tmac.WorkCodeListTest" name="@BeforeMethod NavigateToWorkCodeListPage" time="-1.586947854159E9">
    <skipped/>
  </testcase> <!-- @BeforeMethod NavigateToWorkCodeListPage -->
  <testcase classname="com.tetherfi.test.tmac.WorkCodeListTest" name="@AfterMethod afterEachMethod" time="-1.586947854163E9">
    <skipped/>
  </testcase> <!-- @AfterMethod afterEachMethod -->
  <testcase classname="com.tetherfi.test.BaseTest" name="@AfterMethod endTestCase" time="-1.586947854163E9">
    <skipped/>
  </testcase> <!-- @AfterMethod endTestCase -->
  <testcase classname="com.tetherfi.test.BaseTest" name="@BeforeMethod startTestCase" time="-1.586947854167E9">
    <skipped/>
  </testcase> <!-- @BeforeMethod startTestCase -->
  <testcase classname="com.tetherfi.test.tmac.WorkCodeListTest" name="@BeforeMethod NavigateToWorkCodeListPage" time="-1.586947854167E9">
    <skipped/>
  </testcase> <!-- @BeforeMethod NavigateToWorkCodeListPage -->
  <testcase classname="com.tetherfi.test.tmac.WorkCodeListTest" name="@AfterMethod afterEachMethod" time="-1.586947854175E9">
    <skipped/>
  </testcase> <!-- @AfterMethod afterEachMethod -->
  <testcase classname="com.tetherfi.test.BaseTest" name="@AfterMethod endTestCase" time="-1.586947854175E9">
    <skipped/>
  </testcase> <!-- @AfterMethod endTestCase -->
  <testcase classname="com.tetherfi.test.BaseTest" name="@BeforeMethod startTestCase" time="-1.586947854179E9">
    <skipped/>
  </testcase> <!-- @BeforeMethod startTestCase -->
  <testcase classname="com.tetherfi.test.tmac.WorkCodeListTest" name="@BeforeMethod NavigateToWorkCodeListPage" time="-1.586947854179E9">
    <skipped/>
  </testcase> <!-- @BeforeMethod NavigateToWorkCodeListPage -->
  <testcase classname="com.tetherfi.test.tmac.WorkCodeListTest" name="@AfterMethod afterEachMethod" time="-1.586947854183E9">
    <skipped/>
  </testcase> <!-- @AfterMethod afterEachMethod -->
  <testcase classname="com.tetherfi.test.BaseTest" name="@AfterMethod endTestCase" time="-1.586947854183E9">
    <skipped/>
  </testcase> <!-- @AfterMethod endTestCase -->
  <testcase classname="com.tetherfi.test.BaseTest" name="@BeforeMethod startTestCase" time="-1.586947854187E9">
    <skipped/>
  </testcase> <!-- @BeforeMethod startTestCase -->
  <testcase classname="com.tetherfi.test.tmac.WorkCodeListTest" name="@BeforeMethod NavigateToWorkCodeListPage" time="-1.586947854187E9">
    <skipped/>
  </testcase> <!-- @BeforeMethod NavigateToWorkCodeListPage -->
  <testcase classname="com.tetherfi.test.tmac.WorkCodeListTest" name="@AfterMethod afterEachMethod" time="-1.586947854195E9">
    <skipped/>
  </testcase> <!-- @AfterMethod afterEachMethod -->
  <testcase classname="com.tetherfi.test.BaseTest" name="@AfterMethod endTestCase" time="-1.586947854195E9">
    <skipped/>
  </testcase> <!-- @AfterMethod endTestCase -->
  <testcase classname="com.tetherfi.test.BaseTest" name="@BeforeMethod startTestCase" time="-1.586947854199E9">
    <skipped/>
  </testcase> <!-- @BeforeMethod startTestCase -->
  <testcase classname="com.tetherfi.test.tmac.WorkCodeListTest" name="@BeforeMethod NavigateToWorkCodeListPage" time="-1.586947854199E9">
    <skipped/>
  </testcase> <!-- @BeforeMethod NavigateToWorkCodeListPage -->
  <testcase classname="com.tetherfi.test.tmac.WorkCodeListTest" name="@AfterMethod afterEachMethod" time="-1.586947854207E9">
    <skipped/>
  </testcase> <!-- @AfterMethod afterEachMethod -->
  <testcase classname="com.tetherfi.test.BaseTest" name="@AfterMethod endTestCase" time="-1.586947854211E9">
    <skipped/>
  </testcase> <!-- @AfterMethod endTestCase -->
  <testcase classname="com.tetherfi.test.BaseTest" name="@BeforeMethod startTestCase" time="-1.586947854211E9">
    <skipped/>
  </testcase> <!-- @BeforeMethod startTestCase -->
  <testcase classname="com.tetherfi.test.tmac.WorkCodeListTest" name="@BeforeMethod NavigateToWorkCodeListPage" time="-1.586947854211E9">
    <skipped/>
  </testcase> <!-- @BeforeMethod NavigateToWorkCodeListPage -->
  <testcase classname="com.tetherfi.test.tmac.WorkCodeListTest" name="@AfterMethod afterEachMethod" time="-1.586947854219E9">
    <skipped/>
  </testcase> <!-- @AfterMethod afterEachMethod -->
  <testcase classname="com.tetherfi.test.BaseTest" name="@AfterMethod endTestCase" time="-1.586947854219E9">
    <skipped/>
  </testcase> <!-- @AfterMethod endTestCase -->
  <testcase classname="com.tetherfi.test.BaseTest" name="@BeforeMethod startTestCase" time="-1.586947854223E9">
    <skipped/>
  </testcase> <!-- @BeforeMethod startTestCase -->
  <testcase classname="com.tetherfi.test.tmac.WorkCodeListTest" name="@BeforeMethod NavigateToWorkCodeListPage" time="-1.586947854223E9">
    <skipped/>
  </testcase> <!-- @BeforeMethod NavigateToWorkCodeListPage -->
  <testcase classname="com.tetherfi.test.tmac.WorkCodeListTest" name="@AfterMethod afterEachMethod" time="-1.586947854227E9">
    <skipped/>
  </testcase> <!-- @AfterMethod afterEachMethod -->
  <testcase classname="com.tetherfi.test.BaseTest" name="@AfterMethod endTestCase" time="-1.586947854227E9">
    <skipped/>
  </testcase> <!-- @AfterMethod endTestCase -->
  <testcase classname="com.tetherfi.test.BaseTest" name="@BeforeMethod startTestCase" time="-1.586947854239E9">
    <skipped/>
  </testcase> <!-- @BeforeMethod startTestCase -->
  <testcase classname="com.tetherfi.test.tmac.WorkCodeListTest" name="@BeforeMethod NavigateToWorkCodeListPage" time="-1.586947854239E9">
    <skipped/>
  </testcase> <!-- @BeforeMethod NavigateToWorkCodeListPage -->
  <testcase classname="com.tetherfi.test.tmac.WorkCodeListTest" name="@AfterMethod afterEachMethod" time="-1.586947854263E9">
    <skipped/>
  </testcase> <!-- @AfterMethod afterEachMethod -->
  <testcase classname="com.tetherfi.test.BaseTest" name="@AfterMethod endTestCase" time="-1.586947854263E9">
    <skipped/>
  </testcase> <!-- @AfterMethod endTestCase -->
  <testcase classname="com.tetherfi.test.BaseTest" name="@BeforeMethod startTestCase" time="-1.586947854271E9">
    <skipped/>
  </testcase> <!-- @BeforeMethod startTestCase -->
  <testcase classname="com.tetherfi.test.tmac.WorkCodeListTest" name="@BeforeMethod NavigateToWorkCodeListPage" time="-1.586947854271E9">
    <skipped/>
  </testcase> <!-- @BeforeMethod NavigateToWorkCodeListPage -->
  <testcase classname="com.tetherfi.test.tmac.WorkCodeListTest" name="@AfterMethod afterEachMethod" time="-1.586947854275E9">
    <skipped/>
  </testcase> <!-- @AfterMethod afterEachMethod -->
  <testcase classname="com.tetherfi.test.BaseTest" name="@AfterMethod endTestCase" time="-1.586947854275E9">
    <skipped/>
  </testcase> <!-- @AfterMethod endTestCase -->
  <testcase classname="com.tetherfi.test.BaseTest" name="@BeforeMethod startTestCase" time="-1.586947854275E9">
    <skipped/>
  </testcase> <!-- @BeforeMethod startTestCase -->
  <testcase classname="com.tetherfi.test.tmac.WorkCodeListTest" name="@BeforeMethod NavigateToWorkCodeListPage" time="-1.586947854275E9">
    <skipped/>
  </testcase> <!-- @BeforeMethod NavigateToWorkCodeListPage -->
  <testcase classname="com.tetherfi.test.tmac.WorkCodeListTest" name="@AfterMethod afterEachMethod" time="-1.586947854311E9">
    <skipped/>
  </testcase> <!-- @AfterMethod afterEachMethod -->
  <testcase classname="com.tetherfi.test.BaseTest" name="@AfterMethod endTestCase" time="-1.586947854311E9">
    <skipped/>
  </testcase> <!-- @AfterMethod endTestCase -->
  <testcase classname="com.tetherfi.test.BaseTest" name="@BeforeMethod startTestCase" time="-1.586947854315E9">
    <skipped/>
  </testcase> <!-- @BeforeMethod startTestCase -->
  <testcase classname="com.tetherfi.test.tmac.WorkCodeListTest" name="@BeforeMethod NavigateToWorkCodeListPage" time="-1.586947854342E9">
    <skipped/>
  </testcase> <!-- @BeforeMethod NavigateToWorkCodeListPage -->
  <testcase classname="com.tetherfi.test.tmac.WorkCodeListTest" name="@AfterMethod afterEachMethod" time="-1.586947854378E9">
    <skipped/>
  </testcase> <!-- @AfterMethod afterEachMethod -->
  <testcase classname="com.tetherfi.test.BaseTest" name="@AfterMethod endTestCase" time="-1.586947854378E9">
    <skipped/>
  </testcase> <!-- @AfterMethod endTestCase -->
  <testcase classname="com.tetherfi.test.BaseTest" name="@BeforeMethod startTestCase" time="-1.586947854386E9">
    <skipped/>
  </testcase> <!-- @BeforeMethod startTestCase -->
  <testcase classname="com.tetherfi.test.tmac.WorkCodeListTest" name="@BeforeMethod NavigateToWorkCodeListPage" time="-1.586947854386E9">
    <skipped/>
  </testcase> <!-- @BeforeMethod NavigateToWorkCodeListPage -->
  <testcase classname="com.tetherfi.test.tmac.WorkCodeListTest" name="@AfterMethod afterEachMethod" time="-1.586947854398E9">
    <skipped/>
  </testcase> <!-- @AfterMethod afterEachMethod -->
  <testcase classname="com.tetherfi.test.BaseTest" name="@AfterMethod endTestCase" time="-1.586947854398E9">
    <skipped/>
  </testcase> <!-- @AfterMethod endTestCase -->
  <testcase classname="com.tetherfi.test.BaseTest" name="@BeforeMethod startTestCase" time="-1.586947854402E9">
    <skipped/>
  </testcase> <!-- @BeforeMethod startTestCase -->
  <testcase classname="com.tetherfi.test.tmac.WorkCodeListTest" name="@BeforeMethod NavigateToWorkCodeListPage" time="-1.586947854402E9">
    <skipped/>
  </testcase> <!-- @BeforeMethod NavigateToWorkCodeListPage -->
  <testcase classname="com.tetherfi.test.tmac.WorkCodeListTest" name="@AfterMethod afterEachMethod" time="-1.586947854406E9">
    <skipped/>
  </testcase> <!-- @AfterMethod afterEachMethod -->
  <testcase classname="com.tetherfi.test.BaseTest" name="@AfterMethod endTestCase" time="-1.58694785441E9">
    <skipped/>
  </testcase> <!-- @AfterMethod endTestCase -->
  <testcase classname="com.tetherfi.test.tmac.WorkCodeListTest" name="@AfterClass Afterclass" time="-1.58694785441E9">
    <skipped/>
  </testcase> <!-- @AfterClass Afterclass -->
  <testcase classname="com.tetherfi.test.BaseTest" name="@AfterClass tearDown" time="-1.586947854414E9">
    <skipped/>
  </testcase> <!-- @AfterClass tearDown -->
  <testcase classname="com.tetherfi.test.tmac.WorkCodeListTest" name="WorkCodeListPage" time="0.0">
    <skipped/>
  </testcase> <!-- WorkCodeListPage -->
  <testcase classname="com.tetherfi.test.tmac.WorkCodeListTest" name="addNewWorkGroupListCancelRecord" time="0.0">
    <skipped/>
  </testcase> <!-- addNewWorkGroupListCancelRecord -->
  <testcase classname="com.tetherfi.test.tmac.WorkCodeListTest" name="addNewWorkGroupListRecord" time="0.0">
    <skipped/>
  </testcase> <!-- addNewWorkGroupListRecord -->
  <testcase classname="com.tetherfi.test.tmac.WorkCodeListTest" name="addNewWorkcodeListCancelRecord" time="0.0">
    <skipped/>
  </testcase> <!-- addNewWorkcodeListCancelRecord -->
  <testcase classname="com.tetherfi.test.tmac.WorkCodeListTest" name="addNewWorkcodeListRecord" time="0.0">
    <skipped/>
  </testcase> <!-- addNewWorkcodeListRecord -->
  <testcase classname="com.tetherfi.test.tmac.WorkCodeListTest" name="VerifyAuditTrialReportForCreate" time="0.0">
    <skipped/>
  </testcase> <!-- VerifyAuditTrialReportForCreate -->
  <testcase classname="com.tetherfi.test.tmac.WorkCodeListTest" name="addInvalidRecordWithoutWorkLevel" time="0.0">
    <skipped/>
  </testcase> <!-- addInvalidRecordWithoutWorkLevel -->
  <testcase classname="com.tetherfi.test.tmac.WorkCodeListTest" name="addInvalidRecordWithoutWorkGroup" time="0.0">
    <skipped/>
  </testcase> <!-- addInvalidRecordWithoutWorkGroup -->
  <testcase classname="com.tetherfi.test.tmac.WorkCodeListTest" name="addInvalidRecordWithoutName" time="0.0">
    <skipped/>
  </testcase> <!-- addInvalidRecordWithoutName -->
  <testcase classname="com.tetherfi.test.tmac.WorkCodeListTest" name="addDuplicateRecord" time="0.0">
    <skipped/>
  </testcase> <!-- addDuplicateRecord -->
  <testcase classname="com.tetherfi.test.tmac.WorkCodeListTest" name="editWorkCodeListCancelRecord" time="0.0">
    <skipped/>
  </testcase> <!-- editWorkCodeListCancelRecord -->
  <testcase classname="com.tetherfi.test.tmac.WorkCodeListTest" name="editWorkCodeListRecord" time="0.0">
    <skipped/>
  </testcase> <!-- editWorkCodeListRecord -->
  <testcase classname="com.tetherfi.test.tmac.WorkCodeListTest" name="VerifyAuditTrialReportForUpdate" time="0.0">
    <skipped/>
  </testcase> <!-- VerifyAuditTrialReportForUpdate -->
  <testcase classname="com.tetherfi.test.tmac.WorkCodeListTest" name="searchPage" time="0.0">
    <skipped/>
  </testcase> <!-- searchPage -->
  <testcase classname="com.tetherfi.test.tmac.WorkCodeListTest" name="VerifySearchIsNotEqualTo" time="0.0">
    <skipped/>
  </testcase> <!-- VerifySearchIsNotEqualTo -->
  <testcase classname="com.tetherfi.test.tmac.WorkCodeListTest" name="VerifySearchContains" time="0.0">
    <skipped/>
  </testcase> <!-- VerifySearchContains -->
  <testcase classname="com.tetherfi.test.tmac.WorkCodeListTest" name="VerifySearchDoesNotContains" time="0.0">
    <skipped/>
  </testcase> <!-- VerifySearchDoesNotContains -->
  <testcase classname="com.tetherfi.test.tmac.WorkCodeListTest" name="VerifySearchStartsWith" time="0.0">
    <skipped/>
  </testcase> <!-- VerifySearchStartsWith -->
  <testcase classname="com.tetherfi.test.tmac.WorkCodeListTest" name="VerifySearchEndsWith" time="0.0">
    <skipped/>
  </testcase> <!-- VerifySearchEndsWith -->
  <testcase classname="com.tetherfi.test.tmac.WorkCodeListTest" name="SearchClearSearch" time="0.0">
    <skipped/>
  </testcase> <!-- SearchClearSearch -->
  <testcase classname="com.tetherfi.test.tmac.WorkCodeListTest" name="DeleteWorkCodeListCancelRecord" time="0.0">
    <skipped/>
  </testcase> <!-- DeleteWorkCodeListCancelRecord -->
  <testcase classname="com.tetherfi.test.tmac.WorkCodeListTest" name="DeleteWorkCodeListRecord" time="0.0">
    <skipped/>
  </testcase> <!-- DeleteWorkCodeListRecord -->
  <testcase classname="com.tetherfi.test.tmac.WorkCodeListTest" name="VerifyauditTrailReportDelete" time="0.0">
    <skipped/>
  </testcase> <!-- VerifyauditTrailReportDelete -->
  <testcase classname="com.tetherfi.test.tmac.WorkCodeListTest" name="ExportToExcel" time="0.0">
    <skipped/>
  </testcase> <!-- ExportToExcel -->
  <testcase classname="com.tetherfi.test.tmac.WorkCodeListTest" name="ExportToExcelData" time="0.0">
    <skipped/>
  </testcase> <!-- ExportToExcelData -->
  <testcase classname="com.tetherfi.test.tmac.WorkCodeListTest" name="database" time="0.0">
    <skipped/>
  </testcase> <!-- database -->
  <testcase classname="com.tetherfi.test.tmac.WorkCodeListTest" name="GroupBy" time="0.0">
    <skipped/>
  </testcase> <!-- GroupBy -->
  <testcase classname="com.tetherfi.test.tmac.WorkCodeListTest" name="VerifyArrowMoveForPreviousAndNextPage" time="0.0">
    <skipped/>
  </testcase> <!-- VerifyArrowMoveForPreviousAndNextPage -->
  <testcase classname="com.tetherfi.test.tmac.WorkCodeListTest" name="VerifyArrowMoveForFirstAndLastPage" time="0.0">
    <skipped/>
  </testcase> <!-- VerifyArrowMoveForFirstAndLastPage -->
  <testcase classname="com.tetherfi.test.tmac.WorkCodeListTest" name="VerifyTotalNumberOfItemsPerPageDetails" time="0.0">
    <skipped/>
  </testcase> <!-- VerifyTotalNumberOfItemsPerPageDetails -->
  <testcase classname="com.tetherfi.test.tmac.WorkCodeListTest" name="VerifyNumberOfItemsPerPageSelection" time="0.0">
    <skipped/>
  </testcase> <!-- VerifyNumberOfItemsPerPageSelection -->
  <testcase classname="com.tetherfi.test.tmac.WorkCodeListTest" name="VerifyDropdownForAllTheColumns" time="0.0">
    <skipped/>
  </testcase> <!-- VerifyDropdownForAllTheColumns -->
  <testcase classname="com.tetherfi.test.tmac.WorkCodeListTest" name="VerifyColumnsHeaderEnable" time="0.0">
    <skipped/>
  </testcase> <!-- VerifyColumnsHeaderEnable -->
  <testcase classname="com.tetherfi.test.tmac.WorkCodeListTest" name="VerifyColumnsHeaderDisable" time="0.0">
    <skipped/>
  </testcase> <!-- VerifyColumnsHeaderDisable -->
  <testcase classname="com.tetherfi.test.tmac.WorkCodeListTest" name="SortingByAscending" time="0.0">
    <skipped/>
  </testcase> <!-- SortingByAscending -->
  <testcase classname="com.tetherfi.test.tmac.WorkCodeListTest" name="SortingByDescending" time="0.0">
    <skipped/>
  </testcase> <!-- SortingByDescending -->
  <testcase classname="com.tetherfi.test.tmac.WorkCodeListTest" name="ExporttoExcelWithoutData" time="0.0">
    <skipped/>
  </testcase> <!-- ExporttoExcelWithoutData -->
</testsuite> <!-- WorkCodeListTest -->
