<?xml version="1.0" encoding="UTF-8"?>
<!-- Generated by org.testng.reporters.JUnitXMLReporter -->
<testsuite ignored="62" hostname="DESKTOP-O6A5C2O" failures="1" tests="2" name="Tmac Broadcast msg(failed)(failed)" time="42.099" errors="0" timestamp="2019-11-11T14:16:54 IST">
  <testcase classname="com.tetherfi.test.tmac.TmacTransferListTest" name="ExportToExcelData" time="2.453">
    <failure type="java.lang.AssertionError" message="did not expect to find [true] but found [false]">
      <![CDATA[java.lang.AssertionError: did not expect to find [true] but found [false]
at com.tetherfi.test.tmac.TmacTransferListTest.ExportToExcelData(TmacTransferListTest.java:313)
at java.base/java.util.ArrayList.forEach(Unknown Source)
... Removed 31 stack frames]]>
    </failure>
  </testcase> <!-- ExportToExcelData -->
  <testcase classname="com.tetherfi.test.tmac.TmacTransferListTest" name="databaseBlindTrans" time="3.405"/>
  <testcase classname="com.tetherfi.test.tmac.TmacTransferListTest" name="VerifySearchContains" time="0.0">
    <ignored/>
  </testcase> <!-- VerifySearchContains -->
  <testcase classname="com.tetherfi.test.tmac.TmacTransferListTest" name="VerifyErrMsgChannelNotSelected" time="0.0">
    <ignored/>
  </testcase> <!-- VerifyErrMsgChannelNotSelected -->
  <testcase classname="com.tetherfi.test.tmac.TmacTransferListTest" name="VerifyErrMsgDupSkillIdName" time="0.0">
    <ignored/>
  </testcase> <!-- VerifyErrMsgDupSkillIdName -->
  <testcase classname="com.tetherfi.test.tmac.TmacTransferListTest" name="VerifyErrMsgSkillNameNotSelected" time="0.0">
    <ignored/>
  </testcase> <!-- VerifyErrMsgSkillNameNotSelected -->
  <testcase classname="com.tetherfi.test.tmac.TmacTransferListTest" name="AddNewTmacConsultTransferRecord" time="0.0">
    <ignored/>
  </testcase> <!-- AddNewTmacConsultTransferRecord -->
  <testcase classname="com.tetherfi.test.tmac.TmacTransferListTest" name="VerifyAddNewConsultTransferButton" time="0.0">
    <ignored/>
  </testcase> <!-- VerifyAddNewConsultTransferButton -->
  <testcase classname="com.tetherfi.test.tmac.TmacTransferListTest" name="VerifyDupNameErrMsgOnEditConsulRecd" time="0.0">
    <ignored/>
  </testcase> <!-- VerifyDupNameErrMsgOnEditConsulRecd -->
  <testcase classname="com.tetherfi.test.tmac.TmacTransferListTest" name="EditTmacBlindTransferRecord" time="0.0">
    <ignored/>
  </testcase> <!-- EditTmacBlindTransferRecord -->
  <testcase classname="com.tetherfi.test.tmac.TmacTransferListTest" name="VerifyCancelonNewBlindTransfer" time="0.0">
    <ignored/>
  </testcase> <!-- VerifyCancelonNewBlindTransfer -->
  <testcase classname="com.tetherfi.test.tmac.TmacTransferListTest" name="VerifyTmacConsultTransferTableHeaders" time="0.0">
    <ignored/>
  </testcase> <!-- VerifyTmacConsultTransferTableHeaders -->
  <testcase classname="com.tetherfi.test.tmac.TmacTransferListTest" name="DeleteNoReasonErrMsgTmacBlindTransferRecord" time="0.0">
    <ignored/>
  </testcase> <!-- DeleteNoReasonErrMsgTmacBlindTransferRecord -->
  <testcase classname="com.tetherfi.test.tmac.TmacTransferListTest" name="VerifyTmacBlindSearchIsNotEqualTo" time="0.0">
    <ignored/>
  </testcase> <!-- VerifyTmacBlindSearchIsNotEqualTo -->
  <testcase classname="com.tetherfi.test.tmac.TmacTransferListTest" name="ExportToExcelBlindTrans" time="0.0">
    <ignored/>
  </testcase> <!-- ExportToExcelBlindTrans -->
  <testcase classname="com.tetherfi.test.tmac.TmacTransferListTest" name="VerifySearchDoesNotContains" time="0.0">
    <ignored/>
  </testcase> <!-- VerifySearchDoesNotContains -->
  <testcase classname="com.tetherfi.test.tmac.TmacTransferListTest" name="fullScreenAndRestoreBlindTrans" time="0.0">
    <ignored/>
  </testcase> <!-- fullScreenAndRestoreBlindTrans -->
  <testcase classname="com.tetherfi.test.tmac.TmacTransferListTest" name="VerifyErrMsgVDNBlank" time="0.0">
    <ignored/>
  </testcase> <!-- VerifyErrMsgVDNBlank -->
  <testcase classname="com.tetherfi.test.tmac.TmacTransferListTest" name="VerifyAddConsultTransferPopUpContentDisplayed" time="0.0">
    <ignored/>
  </testcase> <!-- VerifyAddConsultTransferPopUpContentDisplayed -->
  <testcase classname="com.tetherfi.test.tmac.TmacTransferListTest" name="ExportToExcel" time="0.0">
    <ignored/>
  </testcase> <!-- ExportToExcel -->
  <testcase classname="com.tetherfi.test.tmac.TmacTransferListTest" name="VerifyAddBlindTransferPopUpContentDisplayed" time="0.0">
    <ignored/>
  </testcase> <!-- VerifyAddBlindTransferPopUpContentDisplayed -->
  <testcase classname="com.tetherfi.test.tmac.TmacTransferListTest" name="AddNewTmacBlindTransferRecord" time="0.0">
    <ignored/>
  </testcase> <!-- AddNewTmacBlindTransferRecord -->
  <testcase classname="com.tetherfi.test.tmac.TmacTransferListTest" name="DeleteTmacBlindTransferRecord" time="0.0">
    <ignored/>
  </testcase> <!-- DeleteTmacBlindTransferRecord -->
  <testcase classname="com.tetherfi.test.tmac.TmacTransferListTest" name="DeleteNoReasonErrMsgTmacConsultTransferRecord" time="0.0">
    <ignored/>
  </testcase> <!-- DeleteNoReasonErrMsgTmacConsultTransferRecord -->
  <testcase classname="com.tetherfi.test.tmac.TmacTransferListTest" name="EditTypeOnTmacConsultTransferRecord" time="0.0">
    <ignored/>
  </testcase> <!-- EditTypeOnTmacConsultTransferRecord -->
  <testcase classname="com.tetherfi.test.tmac.TmacTransferListTest" name="AddNewTmacConsultTransferRecord2" time="0.0">
    <ignored/>
  </testcase> <!-- AddNewTmacConsultTransferRecord2 -->
  <testcase classname="com.tetherfi.test.tmac.TmacTransferListTest" name="VerifyNoModReasonErrMsgOnEditConsulRecd" time="0.0">
    <ignored/>
  </testcase> <!-- VerifyNoModReasonErrMsgOnEditConsulRecd -->
  <testcase classname="com.tetherfi.test.tmac.TmacTransferListTest" name="DeleteTmacBlindTransferRecord3" time="0.0">
    <ignored/>
  </testcase> <!-- DeleteTmacBlindTransferRecord3 -->
  <testcase classname="com.tetherfi.test.tmac.TmacTransferListTest" name="fullScreenAndRestore" time="0.0">
    <ignored/>
  </testcase> <!-- fullScreenAndRestore -->
  <testcase classname="com.tetherfi.test.tmac.TmacTransferListTest" name="VerifySearchEndsWith" time="0.0">
    <ignored/>
  </testcase> <!-- VerifySearchEndsWith -->
  <testcase classname="com.tetherfi.test.tmac.TmacTransferListTest" name="VerifyErrMsgDuplicateValue" time="0.0">
    <ignored/>
  </testcase> <!-- VerifyErrMsgDuplicateValue -->
  <testcase classname="com.tetherfi.test.tmac.TmacTransferListTest" name="VerifyErrMsgNameBlank" time="0.0">
    <ignored/>
  </testcase> <!-- VerifyErrMsgNameBlank -->
  <testcase classname="com.tetherfi.test.tmac.TmacTransferListTest" name="GroupByBlindTrans" time="0.0">
    <ignored/>
  </testcase> <!-- GroupByBlindTrans -->
  <testcase classname="com.tetherfi.test.tmac.TmacTransferListTest" name="database" time="0.0">
    <ignored/>
  </testcase> <!-- database -->
  <testcase classname="com.tetherfi.test.tmac.TmacTransferListTest" name="DeleteTmacBlindTransferRecord2" time="0.0">
    <ignored/>
  </testcase> <!-- DeleteTmacBlindTransferRecord2 -->
  <testcase classname="com.tetherfi.test.tmac.TmacTransferListTest" name="VerifyErrMsgNoData" time="0.0">
    <ignored/>
  </testcase> <!-- VerifyErrMsgNoData -->
  <testcase classname="com.tetherfi.test.tmac.TmacTransferListTest" name="VerifyTmacTransferListModuleDisplay" time="0.0">
    <ignored/>
  </testcase> <!-- VerifyTmacTransferListModuleDisplay -->
  <testcase classname="com.tetherfi.test.tmac.TmacTransferListTest" name="EditNameOnTmacConsultTransferRecord" time="0.0">
    <ignored/>
  </testcase> <!-- EditNameOnTmacConsultTransferRecord -->
  <testcase classname="com.tetherfi.test.tmac.TmacTransferListTest" name="VerifySearchIsNotEqualTo" time="0.0">
    <ignored/>
  </testcase> <!-- VerifySearchIsNotEqualTo -->
  <testcase classname="com.tetherfi.test.tmac.TmacTransferListTest" name="VerifySearchStartsWith" time="0.0">
    <ignored/>
  </testcase> <!-- VerifySearchStartsWith -->
  <testcase classname="com.tetherfi.test.tmac.TmacTransferListTest" name="DeleteTmacConsultTransferRecord" time="0.0">
    <ignored/>
  </testcase> <!-- DeleteTmacConsultTransferRecord -->
  <testcase classname="com.tetherfi.test.tmac.TmacTransferListTest" name="VerifyTmacBlindSearchEndsWith" time="0.0">
    <ignored/>
  </testcase> <!-- VerifyTmacBlindSearchEndsWith -->
  <testcase classname="com.tetherfi.test.tmac.TmacTransferListTest" name="VerifyDupErrMsgEditTmacBlindTransferRecord" time="0.0">
    <ignored/>
  </testcase> <!-- VerifyDupErrMsgEditTmacBlindTransferRecord -->
  <testcase classname="com.tetherfi.test.tmac.TmacTransferListTest" name="VerifyTmacBlindSearchContains" time="0.0">
    <ignored/>
  </testcase> <!-- VerifyTmacBlindSearchContains -->
  <testcase classname="com.tetherfi.test.tmac.TmacTransferListTest" name="DeleteNoReasonNoBtnTmacConsultTransferRecord" time="0.0">
    <ignored/>
  </testcase> <!-- DeleteNoReasonNoBtnTmacConsultTransferRecord -->
  <testcase classname="com.tetherfi.test.tmac.TmacTransferListTest" name="GroupBy" time="0.0">
    <ignored/>
  </testcase> <!-- GroupBy -->
  <testcase classname="com.tetherfi.test.tmac.TmacTransferListTest" name="EditAgtExtOnTmacConsultTransferRecord" time="0.0">
    <ignored/>
  </testcase> <!-- EditAgtExtOnTmacConsultTransferRecord -->
  <testcase classname="com.tetherfi.test.tmac.TmacTransferListTest" name="ExportToExcelDataBlindTrans" time="0.0">
    <ignored/>
  </testcase> <!-- ExportToExcelDataBlindTrans -->
  <testcase classname="com.tetherfi.test.tmac.TmacTransferListTest" name="VerifyDupValueErrMsgOnEditConsulRecd" time="0.0">
    <ignored/>
  </testcase> <!-- VerifyDupValueErrMsgOnEditConsulRecd -->
  <testcase classname="com.tetherfi.test.tmac.TmacTransferListTest" name="VerifyErrMsgNoModReasonEditTmacBlindTransferRecord" time="0.0">
    <ignored/>
  </testcase> <!-- VerifyErrMsgNoModReasonEditTmacBlindTransferRecord -->
  <testcase classname="com.tetherfi.test.tmac.TmacTransferListTest" name="DeleteNoReasonNoBtnTmacBlindTransferRecord" time="0.0">
    <ignored/>
  </testcase> <!-- DeleteNoReasonNoBtnTmacBlindTransferRecord -->
  <testcase classname="com.tetherfi.test.tmac.TmacTransferListTest" name="VerifyErrMsgAgtExtBlank" time="0.0">
    <ignored/>
  </testcase> <!-- VerifyErrMsgAgtExtBlank -->
  <testcase classname="com.tetherfi.test.tmac.TmacTransferListTest" name="VerifyTmacBlindTransferTableHeaders" time="0.0">
    <ignored/>
  </testcase> <!-- VerifyTmacBlindTransferTableHeaders -->
  <testcase classname="com.tetherfi.test.tmac.TmacTransferListTest" name="VerifyRecdBlindTransDupVDN" time="0.0">
    <ignored/>
  </testcase> <!-- VerifyRecdBlindTransDupVDN -->
  <testcase classname="com.tetherfi.test.tmac.TmacTransferListTest" name="VerifyTmacBlindSearchStartsWith" time="0.0">
    <ignored/>
  </testcase> <!-- VerifyTmacBlindSearchStartsWith -->
  <testcase classname="com.tetherfi.test.tmac.TmacTransferListTest" name="VerifyErrMsgDupSkillIdNameVdn" time="0.0">
    <ignored/>
  </testcase> <!-- VerifyErrMsgDupSkillIdNameVdn -->
  <testcase classname="com.tetherfi.test.tmac.TmacTransferListTest" name="VerifyAddNewBlindTransferButton" time="0.0">
    <ignored/>
  </testcase> <!-- VerifyAddNewBlindTransferButton -->
  <testcase classname="com.tetherfi.test.tmac.TmacTransferListTest" name="DeleteTmacConsultTransferRecord2" time="0.0">
    <ignored/>
  </testcase> <!-- DeleteTmacConsultTransferRecord2 -->
  <testcase classname="com.tetherfi.test.tmac.TmacTransferListTest" name="VerifyRecdBlindTransDiffVDN" time="0.0">
    <ignored/>
  </testcase> <!-- VerifyRecdBlindTransDiffVDN -->
  <testcase classname="com.tetherfi.test.tmac.TmacTransferListTest" name="EditAllOnTmacConsultTransferRecord" time="0.0">
    <ignored/>
  </testcase> <!-- EditAllOnTmacConsultTransferRecord -->
  <testcase classname="com.tetherfi.test.tmac.TmacTransferListTest" name="VerifyErrMsgDuplicateName" time="0.0">
    <ignored/>
  </testcase> <!-- VerifyErrMsgDuplicateName -->
  <testcase classname="com.tetherfi.test.tmac.TmacTransferListTest" name="VerifyTmacBlindSearchDoesNotContains" time="0.0">
    <ignored/>
  </testcase> <!-- VerifyTmacBlindSearchDoesNotContains -->
  <testcase classname="com.tetherfi.test.tmac.TmacTransferListTest" name="VerifyErrMsgTypeNotSelected" time="0.0">
    <ignored/>
  </testcase> <!-- VerifyErrMsgTypeNotSelected -->
  <testcase classname="com.tetherfi.test.tmac.TmacTransferListTest" name="VerifyCancelonNewConsulTransfer" time="0.0">
    <ignored/>
  </testcase> <!-- VerifyCancelonNewConsulTransfer -->
</testsuite> <!-- Tmac Broadcast msg(failed)(failed) -->
