<?xml version="1.0" encoding="UTF-8"?>
<!-- Generated by org.testng.reporters.JUnitXMLReporter -->
<testsuite ignored="9" hostname="DESKTOP-O6A5C2O" failures="1" tests="2" name="Default test(failed)" time="38.036" errors="0" timestamp="2019-10-24T16:43:32 IST">
  <testcase classname="com.tetherfi.test.ivr.OperatingHoursTest" name="DeleteNoRecord" time="0.095">
    <failure type="java.lang.Error" message="Unresolved compilation problem: 
	Syntax error, insert &amp;quot;;&amp;quot; to complete Statement
">
      <![CDATA[java.lang.Error: Unresolved compilation problem: 
Syntax error, insert ";" to complete Statement

at com.tetherfi.pages.OperatingHoursPage.verifydeleteNo(OperatingHoursPage.java:855)
at com.tetherfi.test.ivr.OperatingHoursTest.DeleteNoRecord(OperatingHoursTest.java:398)
at java.base/java.util.ArrayList.forEach(Unknown Source)
... Removed 27 stack frames]]>
    </failure>
  </testcase> <!-- DeleteNoRecord -->
  <testcase classname="com.tetherfi.test.ivr.OperatingHoursTest" name="DeleteAgentTeamManagementRecord" time="7.598"/>
  <testcase classname="com.tetherfi.test.ivr.OperatingHoursTest" name="database" time="0.0">
    <ignored/>
  </testcase> <!-- database -->
  <testcase classname="com.tetherfi.test.ivr.OperatingHoursTest" name="VerifyDropdownForAllTheColumns" time="0.0">
    <ignored/>
  </testcase> <!-- VerifyDropdownForAllTheColumns -->
  <testcase classname="com.tetherfi.test.ivr.OperatingHoursTest" name="VerifyArrowMoveForPreviousAndNextPage" time="0.0">
    <ignored/>
  </testcase> <!-- VerifyArrowMoveForPreviousAndNextPage -->
  <testcase classname="com.tetherfi.test.ivr.OperatingHoursTest" name="VerifyColumnsHeaderDisable" time="0.0">
    <ignored/>
  </testcase> <!-- VerifyColumnsHeaderDisable -->
  <testcase classname="com.tetherfi.test.ivr.OperatingHoursTest" name="VerifyColumnsHeaderEnable" time="0.0">
    <ignored/>
  </testcase> <!-- VerifyColumnsHeaderEnable -->
  <testcase classname="com.tetherfi.test.ivr.OperatingHoursTest" name="VerifyArrowMoveForFirstAndLastPage" time="0.0">
    <ignored/>
  </testcase> <!-- VerifyArrowMoveForFirstAndLastPage -->
  <testcase classname="com.tetherfi.test.ivr.OperatingHoursTest" name="VerifyTotalNumberOfItemsPerPageDetails" time="0.0">
    <ignored/>
  </testcase> <!-- VerifyTotalNumberOfItemsPerPageDetails -->
  <testcase classname="com.tetherfi.test.ivr.OperatingHoursTest" name="VerifyNumberOfItemsPerPageSelection" time="0.0">
    <ignored/>
  </testcase> <!-- VerifyNumberOfItemsPerPageSelection -->
  <testcase classname="com.tetherfi.test.ivr.OperatingHoursTest" name="GroupBy" time="0.0">
    <ignored/>
  </testcase> <!-- GroupBy -->
</testsuite> <!-- Default test(failed) -->
