<?xml version="1.0" encoding="UTF-8"?>
<!-- Generated by org.testng.reporters.JUnitXMLReporter -->
<testsuite hostname="DESKTOP-NJVBPFB" ignored="24" name="Default test(failed)" tests="13" failures="10" timestamp="2020-04-23T17:42:00 IST" time="620.764" errors="0">
  <testcase name="VerifyColumnsHeaderEnabled" time="12.447" classname="com.tetherfi.test.tmac.AgentSettingsTest"/>
  <testcase name="ExportToExcelData" time="117.786" classname="com.tetherfi.test.tmac.AgentSettingsTest">
    <failure type="java.lang.AssertionError" message="did not expect to find [true] but found [false]">
      <![CDATA[java.lang.AssertionError: did not expect to find [true] but found [false]
at com.tetherfi.test.tmac.AgentSettingsTest.ExportToExcelData(AgentSettingsTest.java:217)
at java.util.ArrayList.forEach(Unknown Source)
... Removed 31 stack frames]]>
    </failure>
  </testcase> <!-- ExportToExcelData -->
  <testcase name="DeleteAgentSettingsRecord" time="11.524" classname="com.tetherfi.test.tmac.AgentSettingsTest">
    <failure type="org.openqa.selenium.StaleElementReferenceException" message="stale element reference: element is not attached to the page document
  (Session info: chrome=81.0.4044.122)
For documentation on this error, please visit: https://www.seleniumhq.org/exceptions/stale_element_reference.html
Build info: version: &amp;apos;3.141.59&amp;apos;, revision: &amp;apos;e82be7d358&amp;apos;, time: &amp;apos;2018-11-14T08:17:03&amp;apos;
System info: host: &amp;apos;DESKTOP-NJVBPFB&amp;apos;, ip: &amp;apos;192.168.225.65&amp;apos;, os.name: &amp;apos;Windows 10&amp;apos;, os.arch: &amp;apos;amd64&amp;apos;, os.version: &amp;apos;10.0&amp;apos;, java.version: &amp;apos;1.8.0_181&amp;apos;
Driver info: org.openqa.selenium.chrome.ChromeDriver
Capabilities {acceptInsecureCerts: false, browserName: chrome, browserVersion: 81.0.4044.122, chrome: {chromedriverVersion: 80.0.3987.106 (f68069574609..., userDataDir: C:\Users\admin\AppData\Loca...}, goog:chromeOptions: {debuggerAddress: localhost:65491}, javascriptEnabled: true, networkConnectionEnabled: false, pageLoadStrategy: normal, platform: WINDOWS, platformName: WINDOWS, proxy: Proxy(), setWindowRect: true, strictFileInteractability: false, timeouts: {implicit: 0, pageLoad: 300000, script: 30000}, unhandledPromptBehavior: dismiss and notify}
Session ID: 5d903ecb5a0221eb767a03f45d592f47">
      <![CDATA[org.openqa.selenium.StaleElementReferenceException: stale element reference: element is not attached to the page document
  (Session info: chrome=81.0.4044.122)
For documentation on this error, please visit: https://www.seleniumhq.org/exceptions/stale_element_reference.html
Build info: version: '3.141.59', revision: 'e82be7d358', time: '2018-11-14T08:17:03'
System info: host: 'DESKTOP-NJVBPFB', ip: '192.168.225.65', os.name: 'Windows 10', os.arch: 'amd64', os.version: '10.0', java.version: '1.8.0_181'
Driver info: org.openqa.selenium.chrome.ChromeDriver
Capabilities {acceptInsecureCerts: false, browserName: chrome, browserVersion: 81.0.4044.122, chrome: {chromedriverVersion: 80.0.3987.106 (f68069574609..., userDataDir: C:\Users\admin\AppData\Loca...}, goog:chromeOptions: {debuggerAddress: localhost:65491}, javascriptEnabled: true, networkConnectionEnabled: false, pageLoadStrategy: normal, platform: WINDOWS, platformName: WINDOWS, proxy: Proxy(), setWindowRect: true, strictFileInteractability: false, timeouts: {implicit: 0, pageLoad: 300000, script: 30000}, unhandledPromptBehavior: dismiss and notify}
Session ID: 5d903ecb5a0221eb767a03f45d592f47
at org.openqa.selenium.remote.http.W3CHttpResponseCodec.createException(W3CHttpResponseCodec.java:187)
at org.openqa.selenium.remote.http.W3CHttpResponseCodec.decode(W3CHttpResponseCodec.java:122)
at org.openqa.selenium.remote.http.W3CHttpResponseCodec.decode(W3CHttpResponseCodec.java:49)
at org.openqa.selenium.remote.HttpCommandExecutor.execute(HttpCommandExecutor.java:158)
at org.openqa.selenium.remote.service.DriverCommandExecutor.execute(DriverCommandExecutor.java:83)
at org.openqa.selenium.remote.RemoteWebDriver.execute(RemoteWebDriver.java:552)
at org.openqa.selenium.remote.RemoteWebElement.execute(RemoteWebElement.java:285)
at org.openqa.selenium.remote.RemoteWebElement.click(RemoteWebElement.java:84)
at org.openqa.selenium.support.pagefactory.internal.LocatingElementHandler.invoke(LocatingElementHandler.java:51)
at com.sun.proxy.$Proxy11.click(Unknown Source)
at com.tetherfi.pages.BasePage.btnClick(BasePage.java:218)
at com.tetherfi.pages.AgentSettingsPageWMC.DeleteAgentSettingsRecord(AgentSettingsPageWMC.java:723)
at com.tetherfi.test.tmac.AgentSettingsTest.DeleteAgentSettingsRecord(AgentSettingsTest.java:247)
at java.util.ArrayList.forEach(Unknown Source)
... Removed 34 stack frames]]>
    </failure>
  </testcase> <!-- DeleteAgentSettingsRecord -->
  <testcase name="VerifyAuditTrailReportForDelete" time="22.771" classname="com.tetherfi.test.tmac.AgentSettingsTest">
    <failure type="java.lang.IndexOutOfBoundsException" message="Index: 1, Size: 1">
      <![CDATA[java.lang.IndexOutOfBoundsException: Index: 1, Size: 1
at java.util.ArrayList.rangeCheck(Unknown Source)
at java.util.ArrayList.get(Unknown Source)
at com.tetherfi.pages.OCMReportsPage.getFirstRowDatafromTable1(OCMReportsPage.java:1339)
at com.tetherfi.pages.OCMReportsPage.verifyAgentSettingsDelete(OCMReportsPage.java:513)
at com.tetherfi.test.tmac.AgentSettingsTest.VerifyAuditTrailReportForDelete(AgentSettingsTest.java:264)
at java.util.ArrayList.forEach(Unknown Source)
... Removed 27 stack frames]]>
    </failure>
  </testcase> <!-- VerifyAuditTrailReportForDelete -->
  <testcase name="VerifiySortByAscending" time="111.018" classname="com.tetherfi.test.tmac.AgentSettingsTest">
    <failure type="java.lang.AssertionError" message="did not expect to find [true] but found [false]">
      <![CDATA[java.lang.AssertionError: did not expect to find [true] but found [false]
at com.tetherfi.test.tmac.AgentSettingsTest.VerifiySortByAscending(AgentSettingsTest.java:291)
at java.util.ArrayList.forEach(Unknown Source)
... Removed 31 stack frames]]>
    </failure>
  </testcase> <!-- VerifiySortByAscending -->
  <testcase name="VerifiySortByDescending" time="0.439" classname="com.tetherfi.test.tmac.AgentSettingsTest">
    <failure type="java.lang.IndexOutOfBoundsException" message="Index: 1, Size: 1">
      <![CDATA[java.lang.IndexOutOfBoundsException: Index: 1, Size: 1
at java.util.ArrayList.rangeCheck(Unknown Source)
at java.util.ArrayList.get(Unknown Source)
at org.openqa.selenium.support.pagefactory.internal.LocatingElementListHandler.invoke(LocatingElementListHandler.java:39)
at com.sun.proxy.$Proxy12.get(Unknown Source)
at com.tetherfi.pages.AgentSettingsPageWMC.SortByDescending(AgentSettingsPageWMC.java:1736)
at com.tetherfi.test.tmac.AgentSettingsTest.VerifiySortByDescending(AgentSettingsTest.java:297)
at java.util.ArrayList.forEach(Unknown Source)
... Removed 30 stack frames]]>
    </failure>
  </testcase> <!-- VerifiySortByDescending -->
  <testcase name="VerifyArrowMoveForPreviousAndNextPage" time="1.289" classname="com.tetherfi.test.tmac.AgentSettingsTest">
    <failure type="org.openqa.selenium.ElementClickInterceptedException" message="element click intercepted: Element &amp;lt;a aria-label=&amp;quot;Go to the next page&amp;quot; class=&amp;quot;k-link k-pager-nav&amp;quot; data-page=&amp;quot;2&amp;quot; href=&amp;quot;#&amp;quot; title=&amp;quot;Go to the next page&amp;quot; tabindex=&amp;quot;-1&amp;quot;&amp;gt;...&amp;lt;/a&amp;gt; is not clickable at point (315, 514). Other element would receive the click: &amp;lt;div class=&amp;quot;theme-color&amp;quot;&amp;gt;...&amp;lt;/div&amp;gt;
  (Session info: chrome=81.0.4044.122)
Build info: version: &amp;apos;3.141.59&amp;apos;, revision: &amp;apos;e82be7d358&amp;apos;, time: &amp;apos;2018-11-14T08:17:03&amp;apos;
System info: host: &amp;apos;DESKTOP-NJVBPFB&amp;apos;, ip: &amp;apos;192.168.225.65&amp;apos;, os.name: &amp;apos;Windows 10&amp;apos;, os.arch: &amp;apos;amd64&amp;apos;, os.version: &amp;apos;10.0&amp;apos;, java.version: &amp;apos;1.8.0_181&amp;apos;
Driver info: org.openqa.selenium.chrome.ChromeDriver
Capabilities {acceptInsecureCerts: false, browserName: chrome, browserVersion: 81.0.4044.122, chrome: {chromedriverVersion: 80.0.3987.106 (f68069574609..., userDataDir: C:\Users\admin\AppData\Loca...}, goog:chromeOptions: {debuggerAddress: localhost:65491}, javascriptEnabled: true, networkConnectionEnabled: false, pageLoadStrategy: normal, platform: WINDOWS, platformName: WINDOWS, proxy: Proxy(), setWindowRect: true, strictFileInteractability: false, timeouts: {implicit: 0, pageLoad: 300000, script: 30000}, unhandledPromptBehavior: dismiss and notify}
Session ID: 5d903ecb5a0221eb767a03f45d592f47">
      <![CDATA[org.openqa.selenium.ElementClickInterceptedException: element click intercepted: Element <a aria-label="Go to the next page" class="k-link k-pager-nav" data-page="2" href="#" title="Go to the next page" tabindex="-1">...</a> is not clickable at point (315, 514). Other element would receive the click: <div class="theme-color">...</div>
  (Session info: chrome=81.0.4044.122)
Build info: version: '3.141.59', revision: 'e82be7d358', time: '2018-11-14T08:17:03'
System info: host: 'DESKTOP-NJVBPFB', ip: '192.168.225.65', os.name: 'Windows 10', os.arch: 'amd64', os.version: '10.0', java.version: '1.8.0_181'
Driver info: org.openqa.selenium.chrome.ChromeDriver
Capabilities {acceptInsecureCerts: false, browserName: chrome, browserVersion: 81.0.4044.122, chrome: {chromedriverVersion: 80.0.3987.106 (f68069574609..., userDataDir: C:\Users\admin\AppData\Loca...}, goog:chromeOptions: {debuggerAddress: localhost:65491}, javascriptEnabled: true, networkConnectionEnabled: false, pageLoadStrategy: normal, platform: WINDOWS, platformName: WINDOWS, proxy: Proxy(), setWindowRect: true, strictFileInteractability: false, timeouts: {implicit: 0, pageLoad: 300000, script: 30000}, unhandledPromptBehavior: dismiss and notify}
Session ID: 5d903ecb5a0221eb767a03f45d592f47
at org.openqa.selenium.remote.http.W3CHttpResponseCodec.createException(W3CHttpResponseCodec.java:187)
at org.openqa.selenium.remote.http.W3CHttpResponseCodec.decode(W3CHttpResponseCodec.java:122)
at org.openqa.selenium.remote.http.W3CHttpResponseCodec.decode(W3CHttpResponseCodec.java:49)
at org.openqa.selenium.remote.HttpCommandExecutor.execute(HttpCommandExecutor.java:158)
at org.openqa.selenium.remote.service.DriverCommandExecutor.execute(DriverCommandExecutor.java:83)
at org.openqa.selenium.remote.RemoteWebDriver.execute(RemoteWebDriver.java:552)
at org.openqa.selenium.remote.RemoteWebElement.execute(RemoteWebElement.java:285)
at org.openqa.selenium.remote.RemoteWebElement.click(RemoteWebElement.java:84)
at org.openqa.selenium.support.pagefactory.internal.LocatingElementHandler.invoke(LocatingElementHandler.java:51)
at com.sun.proxy.$Proxy11.click(Unknown Source)
at com.tetherfi.pages.BasePage.selectWebElement(BasePage.java:198)
at com.tetherfi.pages.AgentSettingsPageWMC.verifyArrowMoveForPreviousAndNextPage(AgentSettingsPageWMC.java:1805)
at com.tetherfi.test.tmac.AgentSettingsTest.VerifyArrowMoveForPreviousAndNextPage(AgentSettingsTest.java:312)
at java.util.ArrayList.forEach(Unknown Source)
... Removed 34 stack frames]]>
    </failure>
  </testcase> <!-- VerifyArrowMoveForPreviousAndNextPage -->
  <testcase name="VerifyArrowMoveForFirstAndLastPage" time="1.299" classname="com.tetherfi.test.tmac.AgentSettingsTest">
    <failure type="org.openqa.selenium.ElementClickInterceptedException" message="element click intercepted: Element &amp;lt;a aria-label=&amp;quot;Go to the last page&amp;quot; class=&amp;quot;k-link k-pager-nav k-pager-last&amp;quot; data-page=&amp;quot;10&amp;quot; href=&amp;quot;#&amp;quot; title=&amp;quot;Go to the last page&amp;quot; tabindex=&amp;quot;-1&amp;quot;&amp;gt;...&amp;lt;/a&amp;gt; is not clickable at point (349, 514). Other element would receive the click: &amp;lt;div class=&amp;quot;theme-color&amp;quot;&amp;gt;...&amp;lt;/div&amp;gt;
  (Session info: chrome=81.0.4044.122)
Build info: version: &amp;apos;3.141.59&amp;apos;, revision: &amp;apos;e82be7d358&amp;apos;, time: &amp;apos;2018-11-14T08:17:03&amp;apos;
System info: host: &amp;apos;DESKTOP-NJVBPFB&amp;apos;, ip: &amp;apos;192.168.225.65&amp;apos;, os.name: &amp;apos;Windows 10&amp;apos;, os.arch: &amp;apos;amd64&amp;apos;, os.version: &amp;apos;10.0&amp;apos;, java.version: &amp;apos;1.8.0_181&amp;apos;
Driver info: org.openqa.selenium.chrome.ChromeDriver
Capabilities {acceptInsecureCerts: false, browserName: chrome, browserVersion: 81.0.4044.122, chrome: {chromedriverVersion: 80.0.3987.106 (f68069574609..., userDataDir: C:\Users\admin\AppData\Loca...}, goog:chromeOptions: {debuggerAddress: localhost:65491}, javascriptEnabled: true, networkConnectionEnabled: false, pageLoadStrategy: normal, platform: WINDOWS, platformName: WINDOWS, proxy: Proxy(), setWindowRect: true, strictFileInteractability: false, timeouts: {implicit: 0, pageLoad: 300000, script: 30000}, unhandledPromptBehavior: dismiss and notify}
Session ID: 5d903ecb5a0221eb767a03f45d592f47">
      <![CDATA[org.openqa.selenium.ElementClickInterceptedException: element click intercepted: Element <a aria-label="Go to the last page" class="k-link k-pager-nav k-pager-last" data-page="10" href="#" title="Go to the last page" tabindex="-1">...</a> is not clickable at point (349, 514). Other element would receive the click: <div class="theme-color">...</div>
  (Session info: chrome=81.0.4044.122)
Build info: version: '3.141.59', revision: 'e82be7d358', time: '2018-11-14T08:17:03'
System info: host: 'DESKTOP-NJVBPFB', ip: '192.168.225.65', os.name: 'Windows 10', os.arch: 'amd64', os.version: '10.0', java.version: '1.8.0_181'
Driver info: org.openqa.selenium.chrome.ChromeDriver
Capabilities {acceptInsecureCerts: false, browserName: chrome, browserVersion: 81.0.4044.122, chrome: {chromedriverVersion: 80.0.3987.106 (f68069574609..., userDataDir: C:\Users\admin\AppData\Loca...}, goog:chromeOptions: {debuggerAddress: localhost:65491}, javascriptEnabled: true, networkConnectionEnabled: false, pageLoadStrategy: normal, platform: WINDOWS, platformName: WINDOWS, proxy: Proxy(), setWindowRect: true, strictFileInteractability: false, timeouts: {implicit: 0, pageLoad: 300000, script: 30000}, unhandledPromptBehavior: dismiss and notify}
Session ID: 5d903ecb5a0221eb767a03f45d592f47
at org.openqa.selenium.remote.http.W3CHttpResponseCodec.createException(W3CHttpResponseCodec.java:187)
at org.openqa.selenium.remote.http.W3CHttpResponseCodec.decode(W3CHttpResponseCodec.java:122)
at org.openqa.selenium.remote.http.W3CHttpResponseCodec.decode(W3CHttpResponseCodec.java:49)
at org.openqa.selenium.remote.HttpCommandExecutor.execute(HttpCommandExecutor.java:158)
at org.openqa.selenium.remote.service.DriverCommandExecutor.execute(DriverCommandExecutor.java:83)
at org.openqa.selenium.remote.RemoteWebDriver.execute(RemoteWebDriver.java:552)
at org.openqa.selenium.remote.RemoteWebElement.execute(RemoteWebElement.java:285)
at org.openqa.selenium.remote.RemoteWebElement.click(RemoteWebElement.java:84)
at org.openqa.selenium.support.pagefactory.internal.LocatingElementHandler.invoke(LocatingElementHandler.java:51)
at com.sun.proxy.$Proxy11.click(Unknown Source)
at com.tetherfi.pages.BasePage.selectWebElement(BasePage.java:198)
at com.tetherfi.pages.AgentSettingsPageWMC.verifyArrowMoveForFirstAndLastPage(AgentSettingsPageWMC.java:1820)
at com.tetherfi.test.tmac.AgentSettingsTest.VerifyArrowMoveForFirstAndLastPage(AgentSettingsTest.java:318)
at java.util.ArrayList.forEach(Unknown Source)
... Removed 34 stack frames]]>
    </failure>
  </testcase> <!-- VerifyArrowMoveForFirstAndLastPage -->
  <testcase name="VerifyNumberOfItemsPerPageSelection" time="1.285" classname="com.tetherfi.test.tmac.AgentSettingsTest">
    <failure type="java.lang.AssertionError" message="Number of Items Per Page Assertion Failed did not expect to find [true] but found [false]">
      <![CDATA[java.lang.AssertionError: Number of Items Per Page Assertion Failed did not expect to find [true] but found [false]
at com.tetherfi.test.tmac.AgentSettingsTest.VerifyNumberOfItemsPerPageSelection(AgentSettingsTest.java:324)
at java.util.ArrayList.forEach(Unknown Source)
... Removed 30 stack frames]]>
    </failure>
  </testcase> <!-- VerifyNumberOfItemsPerPageSelection -->
  <testcase name="VerifySearchContains" time="14.38" classname="com.tetherfi.test.tmac.AgentSettingsTest"/>
  <testcase name="VerifySearchDoesNotContains" time="2.833" classname="com.tetherfi.test.tmac.AgentSettingsTest">
    <failure type="org.openqa.selenium.StaleElementReferenceException" message="stale element reference: element is not attached to the page document
  (Session info: chrome=81.0.4044.122)
For documentation on this error, please visit: https://www.seleniumhq.org/exceptions/stale_element_reference.html
Build info: version: &amp;apos;3.141.59&amp;apos;, revision: &amp;apos;e82be7d358&amp;apos;, time: &amp;apos;2018-11-14T08:17:03&amp;apos;
System info: host: &amp;apos;DESKTOP-NJVBPFB&amp;apos;, ip: &amp;apos;192.168.225.65&amp;apos;, os.name: &amp;apos;Windows 10&amp;apos;, os.arch: &amp;apos;amd64&amp;apos;, os.version: &amp;apos;10.0&amp;apos;, java.version: &amp;apos;1.8.0_181&amp;apos;
Driver info: org.openqa.selenium.chrome.ChromeDriver
Capabilities {acceptInsecureCerts: false, browserName: chrome, browserVersion: 81.0.4044.122, chrome: {chromedriverVersion: 80.0.3987.106 (f68069574609..., userDataDir: C:\Users\admin\AppData\Loca...}, goog:chromeOptions: {debuggerAddress: localhost:65491}, javascriptEnabled: true, networkConnectionEnabled: false, pageLoadStrategy: normal, platform: WINDOWS, platformName: WINDOWS, proxy: Proxy(), setWindowRect: true, strictFileInteractability: false, timeouts: {implicit: 0, pageLoad: 300000, script: 30000}, unhandledPromptBehavior: dismiss and notify}
Session ID: 5d903ecb5a0221eb767a03f45d592f47">
      <![CDATA[org.openqa.selenium.StaleElementReferenceException: stale element reference: element is not attached to the page document
  (Session info: chrome=81.0.4044.122)
For documentation on this error, please visit: https://www.seleniumhq.org/exceptions/stale_element_reference.html
Build info: version: '3.141.59', revision: 'e82be7d358', time: '2018-11-14T08:17:03'
System info: host: 'DESKTOP-NJVBPFB', ip: '192.168.225.65', os.name: 'Windows 10', os.arch: 'amd64', os.version: '10.0', java.version: '1.8.0_181'
Driver info: org.openqa.selenium.chrome.ChromeDriver
Capabilities {acceptInsecureCerts: false, browserName: chrome, browserVersion: 81.0.4044.122, chrome: {chromedriverVersion: 80.0.3987.106 (f68069574609..., userDataDir: C:\Users\admin\AppData\Loca...}, goog:chromeOptions: {debuggerAddress: localhost:65491}, javascriptEnabled: true, networkConnectionEnabled: false, pageLoadStrategy: normal, platform: WINDOWS, platformName: WINDOWS, proxy: Proxy(), setWindowRect: true, strictFileInteractability: false, timeouts: {implicit: 0, pageLoad: 300000, script: 30000}, unhandledPromptBehavior: dismiss and notify}
Session ID: 5d903ecb5a0221eb767a03f45d592f47
at org.openqa.selenium.remote.http.W3CHttpResponseCodec.createException(W3CHttpResponseCodec.java:187)
at org.openqa.selenium.remote.http.W3CHttpResponseCodec.decode(W3CHttpResponseCodec.java:122)
at org.openqa.selenium.remote.http.W3CHttpResponseCodec.decode(W3CHttpResponseCodec.java:49)
at org.openqa.selenium.remote.HttpCommandExecutor.execute(HttpCommandExecutor.java:158)
at org.openqa.selenium.remote.service.DriverCommandExecutor.execute(DriverCommandExecutor.java:83)
at org.openqa.selenium.remote.RemoteWebDriver.execute(RemoteWebDriver.java:552)
at org.openqa.selenium.remote.RemoteWebElement.execute(RemoteWebElement.java:285)
at org.openqa.selenium.remote.RemoteWebElement.isDisplayed(RemoteWebElement.java:326)
at org.openqa.selenium.support.ui.ExpectedConditions.elementIfVisible(ExpectedConditions.java:314)
at org.openqa.selenium.support.ui.ExpectedConditions.access$000(ExpectedConditions.java:43)
at org.openqa.selenium.support.ui.ExpectedConditions$10.apply(ExpectedConditions.java:300)
at org.openqa.selenium.support.ui.ExpectedConditions$10.apply(ExpectedConditions.java:297)
at org.openqa.selenium.support.ui.FluentWait.until(FluentWait.java:249)
at com.tetherfi.pages.BasePage.waitUntilWebElementListIsVisible(BasePage.java:135)
at com.tetherfi.pages.BasePage.selectDropdownFromVisibleText(BasePage.java:333)
at com.tetherfi.pages.AgentSettingsPageWMC.verifySearchDoesNotContains(AgentSettingsPageWMC.java:2007)
at com.tetherfi.test.tmac.AgentSettingsTest.VerifySearchDoesNotContains(AgentSettingsTest.java:357)
at java.util.ArrayList.forEach(Unknown Source)
... Removed 31 stack frames]]>
    </failure>
  </testcase> <!-- VerifySearchDoesNotContains -->
  <testcase name="VerifySearchStartsWith" time="2.595" classname="com.tetherfi.test.tmac.AgentSettingsTest">
    <failure type="org.openqa.selenium.StaleElementReferenceException" message="stale element reference: element is not attached to the page document
  (Session info: chrome=81.0.4044.122)
For documentation on this error, please visit: https://www.seleniumhq.org/exceptions/stale_element_reference.html
Build info: version: &amp;apos;3.141.59&amp;apos;, revision: &amp;apos;e82be7d358&amp;apos;, time: &amp;apos;2018-11-14T08:17:03&amp;apos;
System info: host: &amp;apos;DESKTOP-NJVBPFB&amp;apos;, ip: &amp;apos;192.168.225.65&amp;apos;, os.name: &amp;apos;Windows 10&amp;apos;, os.arch: &amp;apos;amd64&amp;apos;, os.version: &amp;apos;10.0&amp;apos;, java.version: &amp;apos;1.8.0_181&amp;apos;
Driver info: org.openqa.selenium.chrome.ChromeDriver
Capabilities {acceptInsecureCerts: false, browserName: chrome, browserVersion: 81.0.4044.122, chrome: {chromedriverVersion: 80.0.3987.106 (f68069574609..., userDataDir: C:\Users\admin\AppData\Loca...}, goog:chromeOptions: {debuggerAddress: localhost:65491}, javascriptEnabled: true, networkConnectionEnabled: false, pageLoadStrategy: normal, platform: WINDOWS, platformName: WINDOWS, proxy: Proxy(), setWindowRect: true, strictFileInteractability: false, timeouts: {implicit: 0, pageLoad: 300000, script: 30000}, unhandledPromptBehavior: dismiss and notify}
Session ID: 5d903ecb5a0221eb767a03f45d592f47">
      <![CDATA[org.openqa.selenium.StaleElementReferenceException: stale element reference: element is not attached to the page document
  (Session info: chrome=81.0.4044.122)
For documentation on this error, please visit: https://www.seleniumhq.org/exceptions/stale_element_reference.html
Build info: version: '3.141.59', revision: 'e82be7d358', time: '2018-11-14T08:17:03'
System info: host: 'DESKTOP-NJVBPFB', ip: '192.168.225.65', os.name: 'Windows 10', os.arch: 'amd64', os.version: '10.0', java.version: '1.8.0_181'
Driver info: org.openqa.selenium.chrome.ChromeDriver
Capabilities {acceptInsecureCerts: false, browserName: chrome, browserVersion: 81.0.4044.122, chrome: {chromedriverVersion: 80.0.3987.106 (f68069574609..., userDataDir: C:\Users\admin\AppData\Loca...}, goog:chromeOptions: {debuggerAddress: localhost:65491}, javascriptEnabled: true, networkConnectionEnabled: false, pageLoadStrategy: normal, platform: WINDOWS, platformName: WINDOWS, proxy: Proxy(), setWindowRect: true, strictFileInteractability: false, timeouts: {implicit: 0, pageLoad: 300000, script: 30000}, unhandledPromptBehavior: dismiss and notify}
Session ID: 5d903ecb5a0221eb767a03f45d592f47
at org.openqa.selenium.remote.http.W3CHttpResponseCodec.createException(W3CHttpResponseCodec.java:187)
at org.openqa.selenium.remote.http.W3CHttpResponseCodec.decode(W3CHttpResponseCodec.java:122)
at org.openqa.selenium.remote.http.W3CHttpResponseCodec.decode(W3CHttpResponseCodec.java:49)
at org.openqa.selenium.remote.HttpCommandExecutor.execute(HttpCommandExecutor.java:158)
at org.openqa.selenium.remote.service.DriverCommandExecutor.execute(DriverCommandExecutor.java:83)
at org.openqa.selenium.remote.RemoteWebDriver.execute(RemoteWebDriver.java:552)
at org.openqa.selenium.remote.RemoteWebElement.execute(RemoteWebElement.java:285)
at org.openqa.selenium.remote.RemoteWebElement.isDisplayed(RemoteWebElement.java:326)
at org.openqa.selenium.support.ui.ExpectedConditions.elementIfVisible(ExpectedConditions.java:314)
at org.openqa.selenium.support.ui.ExpectedConditions.access$000(ExpectedConditions.java:43)
at org.openqa.selenium.support.ui.ExpectedConditions$10.apply(ExpectedConditions.java:300)
at org.openqa.selenium.support.ui.ExpectedConditions$10.apply(ExpectedConditions.java:297)
at org.openqa.selenium.support.ui.FluentWait.until(FluentWait.java:249)
at com.tetherfi.pages.BasePage.waitUntilWebElementListIsVisible(BasePage.java:135)
at com.tetherfi.pages.BasePage.selectDropdownFromVisibleText(BasePage.java:333)
at com.tetherfi.pages.AgentSettingsPageWMC.verifySearchStartsWith(AgentSettingsPageWMC.java:2029)
at com.tetherfi.test.tmac.AgentSettingsTest.VerifySearchStartsWith(AgentSettingsTest.java:366)
at java.util.ArrayList.forEach(Unknown Source)
... Removed 31 stack frames]]>
    </failure>
  </testcase> <!-- VerifySearchStartsWith -->
  <testcase name="VerifySearchEndsWith" time="20.408" classname="com.tetherfi.test.tmac.AgentSettingsTest"/>
  <testcase name="verifyCancelButtonAtDeleteRecord" time="0.0" classname="com.tetherfi.test.tmac.AgentSettingsTest">
    <ignored/>
  </testcase> <!-- verifyCancelButtonAtDeleteRecord -->
  <testcase name="EditRecordWithoutModifyReason" time="0.0" classname="com.tetherfi.test.tmac.AgentSettingsTest">
    <ignored/>
  </testcase> <!-- EditRecordWithoutModifyReason -->
  <testcase name="VerifyAgentSettingsPage" time="0.0" classname="com.tetherfi.test.tmac.AgentSettingsTest">
    <ignored/>
  </testcase> <!-- VerifyAgentSettingsPage -->
  <testcase name="VerifySearchIsNotEqualTo" time="0.0" classname="com.tetherfi.test.tmac.AgentSettingsTest">
    <ignored/>
  </testcase> <!-- VerifySearchIsNotEqualTo -->
  <testcase name="ExportToExcel" time="0.0" classname="com.tetherfi.test.tmac.AgentSettingsTest">
    <ignored/>
  </testcase> <!-- ExportToExcel -->
  <testcase name="verifyExportToExcelWithoutData" time="0.0" classname="com.tetherfi.test.tmac.AgentSettingsTest">
    <ignored/>
  </testcase> <!-- verifyExportToExcelWithoutData -->
  <testcase name="VerifyDropdownForAlltheColumns" time="0.0" classname="com.tetherfi.test.tmac.AgentSettingsTest">
    <ignored/>
  </testcase> <!-- VerifyDropdownForAlltheColumns -->
  <testcase name="SearchPage" time="0.0" classname="com.tetherfi.test.tmac.AgentSettingsTest">
    <ignored/>
  </testcase> <!-- SearchPage -->
  <testcase name="GroupBy" time="0.0" classname="com.tetherfi.test.tmac.AgentSettingsTest">
    <ignored/>
  </testcase> <!-- GroupBy -->
  <testcase name="VerifyAuditTrailReportForCreate" time="0.0" classname="com.tetherfi.test.tmac.AgentSettingsTest">
    <ignored/>
  </testcase> <!-- VerifyAuditTrailReportForCreate -->
  <testcase name="SearchClearSearch" time="0.0" classname="com.tetherfi.test.tmac.AgentSettingsTest">
    <ignored/>
  </testcase> <!-- SearchClearSearch -->
  <testcase name="VerifyDuplicateLanIDCreation" time="0.0" classname="com.tetherfi.test.tmac.AgentSettingsTest">
    <ignored/>
  </testcase> <!-- VerifyDuplicateLanIDCreation -->
  <testcase name="VerifyCancelButtonAtEditRecord" time="0.0" classname="com.tetherfi.test.tmac.AgentSettingsTest">
    <ignored/>
  </testcase> <!-- VerifyCancelButtonAtEditRecord -->
  <testcase name="VerifyAddEmptyRecord" time="0.0" classname="com.tetherfi.test.tmac.AgentSettingsTest">
    <ignored/>
  </testcase> <!-- VerifyAddEmptyRecord -->
  <testcase name="VerifyColumnsHeaderDisabled" time="0.0" classname="com.tetherfi.test.tmac.AgentSettingsTest">
    <ignored/>
  </testcase> <!-- VerifyColumnsHeaderDisabled -->
  <testcase name="VerifyTotalNumberOfItemsPerPageDetails" time="0.0" classname="com.tetherfi.test.tmac.AgentSettingsTest">
    <ignored/>
  </testcase> <!-- VerifyTotalNumberOfItemsPerPageDetails -->
  <testcase name="EditAgentSettingsRecord" time="0.0" classname="com.tetherfi.test.tmac.AgentSettingsTest">
    <ignored/>
  </testcase> <!-- EditAgentSettingsRecord -->
  <testcase name="VerifyAddNewAgentSettingsRecord" time="0.0" classname="com.tetherfi.test.tmac.AgentSettingsTest">
    <ignored/>
  </testcase> <!-- VerifyAddNewAgentSettingsRecord -->
  <testcase name="searchwithoutSearchTextbox" time="0.0" classname="com.tetherfi.test.tmac.AgentSettingsTest">
    <ignored/>
  </testcase> <!-- searchwithoutSearchTextbox -->
  <testcase name="AddRecordWithoutFirstAndLastName" time="0.0" classname="com.tetherfi.test.tmac.AgentSettingsTest">
    <ignored/>
  </testcase> <!-- AddRecordWithoutFirstAndLastName -->
  <testcase name="VerifyAuditTrailReportForUpdate" time="0.0" classname="com.tetherfi.test.tmac.AgentSettingsTest">
    <ignored/>
  </testcase> <!-- VerifyAuditTrailReportForUpdate -->
  <testcase name="VerifyDuplicateAvayaLoginIDCreation" time="0.0" classname="com.tetherfi.test.tmac.AgentSettingsTest">
    <ignored/>
  </testcase> <!-- VerifyDuplicateAvayaLoginIDCreation -->
  <testcase name="VerifyCancelBtnAtAddNewRecord" time="0.0" classname="com.tetherfi.test.tmac.AgentSettingsTest">
    <ignored/>
  </testcase> <!-- VerifyCancelBtnAtAddNewRecord -->
  <testcase name="VerifyDeleteRecordWithoutDeleteReason" time="0.0" classname="com.tetherfi.test.tmac.AgentSettingsTest">
    <ignored/>
  </testcase> <!-- VerifyDeleteRecordWithoutDeleteReason -->
</testsuite> <!-- Default test(failed) -->
