<?xml version="1.0" encoding="UTF-8"?>
<!-- Generated by org.testng.reporters.JUnitXMLReporter -->
<testsuite hostname="TTF-BLR-SANTOSHKOUJALAGI" ignored="6" name="Default test(failed)" tests="4" failures="0" timestamp="2021-08-29T22:03:44 IST" time="123.04" errors="0">
  <testcase name="SchedulereportinUnauthorizedAccessReportPage" time="20.135" classname="com.tetherfi.test.reports.OCMUnauthorizedaccessReportTest"/>
  <testcase name="ExportToExcel" time="17.467" classname="com.tetherfi.test.reports.OCMUnauthorizedaccessReportTest"/>
  <testcase name="ViewDownloadedReportInUnauthorizedAccessPg" time="23.05" classname="com.tetherfi.test.reports.OCMUnauthorizedaccessReportTest"/>
  <testcase name="VerifyViewDownloadedReportInReportsDownloadPageinUnauthorizedAccessPg" time="21.436" classname="com.tetherfi.test.reports.OCMUnauthorizedaccessReportTest"/>
  <testcase name="verifyAdvancedSearchANDCriteria" time="0.0" classname="com.tetherfi.test.reports.OCMUnauthorizedaccessReportTest">
    <ignored/>
  </testcase> <!-- verifyAdvancedSearchANDCriteria -->
  <testcase name="VerifyExportedPage" time="0.0" classname="com.tetherfi.test.reports.OCMUnauthorizedaccessReportTest">
    <ignored/>
  </testcase> <!-- VerifyExportedPage -->
  <testcase name="ExportPage" time="0.0" classname="com.tetherfi.test.reports.OCMUnauthorizedaccessReportTest">
    <ignored/>
  </testcase> <!-- ExportPage -->
  <testcase name="VerifyDownloadedReportInReportsDownloadPage" time="0.0" classname="com.tetherfi.test.reports.OCMUnauthorizedaccessReportTest">
    <ignored/>
  </testcase> <!-- VerifyDownloadedReportInReportsDownloadPage -->
  <testcase name="ViewDownloadedReportInReportsDownloadPage" time="0.0" classname="com.tetherfi.test.reports.OCMUnauthorizedaccessReportTest">
    <ignored/>
  </testcase> <!-- ViewDownloadedReportInReportsDownloadPage -->
  <testcase name="ExportReport" time="0.0" classname="com.tetherfi.test.reports.OCMUnauthorizedaccessReportTest">
    <ignored/>
  </testcase> <!-- ExportReport -->
</testsuite> <!-- Default test(failed) -->
