<?xml version="1.0" encoding="UTF-8"?>
<!-- Generated by org.testng.reporters.JUnitXMLReporter -->
<testsuite ignored="26" hostname="DESKTOP-O6A5C2O" failures="4" tests="6" name="Default test(failed)" time="122.175" errors="0" timestamp="2020-01-09T14:49:02 IST">
  <testcase classname="com.tetherfi.test.tmac.TmacBroadCastMsgTest" name="EditTmacBroadCastMsgCancel" time="6.435">
    <failure type="java.lang.AssertionError" message="Cancel assertion failed did not expect to find [true] but found [false]">
      <![CDATA[java.lang.AssertionError: Cancel assertion failed did not expect to find [true] but found [false]
at com.tetherfi.test.tmac.TmacBroadCastMsgTest.EditTmacBroadCastMsgCancel(TmacBroadCastMsgTest.java:144)
at java.base/java.util.ArrayList.forEach(Unknown Source)
... Removed 30 stack frames]]>
    </failure>
  </testcase> <!-- EditTmacBroadCastMsgCancel -->
  <testcase classname="com.tetherfi.test.tmac.TmacBroadCastMsgTest" name="EditTmacBroadCastMsg" time="6.905"/>
  <testcase classname="com.tetherfi.test.tmac.TmacBroadCastMsgTest" name="VerifyAuditTrailReportForUpdate" time="26.322">
    <failure type="java.lang.AssertionError" message="did not expect to find [true] but found [false]">
      <![CDATA[java.lang.AssertionError: did not expect to find [true] but found [false]
at com.tetherfi.test.tmac.TmacBroadCastMsgTest.VerifyAuditTrailReportForUpdate(TmacBroadCastMsgTest.java:168)
at java.base/java.util.ArrayList.forEach(Unknown Source)
... Removed 31 stack frames]]>
    </failure>
  </testcase> <!-- VerifyAuditTrailReportForUpdate -->
  <testcase classname="com.tetherfi.test.tmac.TmacBroadCastMsgTest" name="VerifySearchIsNotEqualTo" time="5.714"/>
  <testcase classname="com.tetherfi.test.tmac.TmacBroadCastMsgTest" name="SortingByAscending" time="6.23">
    <failure type="java.lang.AssertionError" message="did not expect to find [true] but found [false]">
      <![CDATA[java.lang.AssertionError: did not expect to find [true] but found [false]
at com.tetherfi.test.tmac.TmacBroadCastMsgTest.SortingByAscending(TmacBroadCastMsgTest.java:318)
at java.base/java.util.ArrayList.forEach(Unknown Source)
... Removed 31 stack frames]]>
    </failure>
  </testcase> <!-- SortingByAscending -->
  <testcase classname="com.tetherfi.test.tmac.TmacBroadCastMsgTest" name="SortingByDescending" time="6.395">
    <failure type="java.lang.AssertionError" message="did not expect to find [true] but found [false]">
      <![CDATA[java.lang.AssertionError: did not expect to find [true] but found [false]
at com.tetherfi.test.tmac.TmacBroadCastMsgTest.SortingByDescending(TmacBroadCastMsgTest.java:326)
at java.base/java.util.ArrayList.forEach(Unknown Source)
... Removed 31 stack frames]]>
    </failure>
  </testcase> <!-- SortingByDescending -->
  <testcase classname="com.tetherfi.test.tmac.TmacBroadCastMsgTest" name="VerifyAuditTrialReportForCreate" time="0.0">
    <ignored/>
  </testcase> <!-- VerifyAuditTrialReportForCreate -->
  <testcase classname="com.tetherfi.test.tmac.TmacBroadCastMsgTest" name="ExportToExcel" time="0.0">
    <ignored/>
  </testcase> <!-- ExportToExcel -->
  <testcase classname="com.tetherfi.test.tmac.TmacBroadCastMsgTest" name="VerifyTotalNumberOfItemsPerPageDetails" time="0.0">
    <ignored/>
  </testcase> <!-- VerifyTotalNumberOfItemsPerPageDetails -->
  <testcase classname="com.tetherfi.test.tmac.TmacBroadCastMsgTest" name="searchPage" time="0.0">
    <ignored/>
  </testcase> <!-- searchPage -->
  <testcase classname="com.tetherfi.test.tmac.TmacBroadCastMsgTest" name="VerifySearchDoesNotContains" time="0.0">
    <ignored/>
  </testcase> <!-- VerifySearchDoesNotContains -->
  <testcase classname="com.tetherfi.test.tmac.TmacBroadCastMsgTest" name="VerifyColumnsHeaderDisable" time="0.0">
    <ignored/>
  </testcase> <!-- VerifyColumnsHeaderDisable -->
  <testcase classname="com.tetherfi.test.tmac.TmacBroadCastMsgTest" name="ExporttoExcelWithoutData" time="0.0">
    <ignored/>
  </testcase> <!-- ExporttoExcelWithoutData -->
  <testcase classname="com.tetherfi.test.tmac.TmacBroadCastMsgTest" name="VerifyArrowMoveForPreviousAndNextPage" time="0.0">
    <ignored/>
  </testcase> <!-- VerifyArrowMoveForPreviousAndNextPage -->
  <testcase classname="com.tetherfi.test.tmac.TmacBroadCastMsgTest" name="GroupBy" time="0.0">
    <ignored/>
  </testcase> <!-- GroupBy -->
  <testcase classname="com.tetherfi.test.tmac.TmacBroadCastMsgTest" name="VerifyNumberOfItemsPerPageSelection" time="0.0">
    <ignored/>
  </testcase> <!-- VerifyNumberOfItemsPerPageSelection -->
  <testcase classname="com.tetherfi.test.tmac.TmacBroadCastMsgTest" name="VerifySearchStartsWith" time="0.0">
    <ignored/>
  </testcase> <!-- VerifySearchStartsWith -->
  <testcase classname="com.tetherfi.test.tmac.TmacBroadCastMsgTest" name="VerifyDropdownForAllTheColumns" time="0.0">
    <ignored/>
  </testcase> <!-- VerifyDropdownForAllTheColumns -->
  <testcase classname="com.tetherfi.test.tmac.TmacBroadCastMsgTest" name="ExportToExcelData" time="0.0">
    <ignored/>
  </testcase> <!-- ExportToExcelData -->
  <testcase classname="com.tetherfi.test.tmac.TmacBroadCastMsgTest" name="AddNewTmacBroadCastMsgCancel" time="0.0">
    <ignored/>
  </testcase> <!-- AddNewTmacBroadCastMsgCancel -->
  <testcase classname="com.tetherfi.test.tmac.TmacBroadCastMsgTest" name="VerifySearchContains" time="0.0">
    <ignored/>
  </testcase> <!-- VerifySearchContains -->
  <testcase classname="com.tetherfi.test.tmac.TmacBroadCastMsgTest" name="VerifyArrowMoveForFirstAndLastPage" time="0.0">
    <ignored/>
  </testcase> <!-- VerifyArrowMoveForFirstAndLastPage -->
  <testcase classname="com.tetherfi.test.tmac.TmacBroadCastMsgTest" name="database" time="0.0">
    <ignored/>
  </testcase> <!-- database -->
  <testcase classname="com.tetherfi.test.tmac.TmacBroadCastMsgTest" name="AddNewTmacBroadCastMsg" time="0.0">
    <ignored/>
  </testcase> <!-- AddNewTmacBroadCastMsg -->
  <testcase classname="com.tetherfi.test.tmac.TmacBroadCastMsgTest" name="AddRecordWithoutMesage" time="0.0">
    <ignored/>
  </testcase> <!-- AddRecordWithoutMesage -->
  <testcase classname="com.tetherfi.test.tmac.TmacBroadCastMsgTest" name="AddRecordwithoutStatus" time="0.0">
    <ignored/>
  </testcase> <!-- AddRecordwithoutStatus -->
  <testcase classname="com.tetherfi.test.tmac.TmacBroadCastMsgTest" name="VerifyColumnsHeaderEnable" time="0.0">
    <ignored/>
  </testcase> <!-- VerifyColumnsHeaderEnable -->
  <testcase classname="com.tetherfi.test.tmac.TmacBroadCastMsgTest" name="SearchClearSearch" time="0.0">
    <ignored/>
  </testcase> <!-- SearchClearSearch -->
  <testcase classname="com.tetherfi.test.tmac.TmacBroadCastMsgTest" name="VerifySearchEndsWith" time="0.0">
    <ignored/>
  </testcase> <!-- VerifySearchEndsWith -->
  <testcase classname="com.tetherfi.test.tmac.TmacBroadCastMsgTest" name="AddRecordWithoutTeamName" time="0.0">
    <ignored/>
  </testcase> <!-- AddRecordWithoutTeamName -->
  <testcase classname="com.tetherfi.test.tmac.TmacBroadCastMsgTest" name="TmacBroadCastMsgPage" time="0.0">
    <ignored/>
  </testcase> <!-- TmacBroadCastMsgPage -->
  <testcase classname="com.tetherfi.test.tmac.TmacBroadCastMsgTest" name="AddDuplicateRecord" time="0.0">
    <ignored/>
  </testcase> <!-- AddDuplicateRecord -->
</testsuite> <!-- Default test(failed) -->
