<?xml version="1.0" encoding="UTF-8"?>
<!-- Generated by org.testng.reporters.JUnitXMLReporter -->
<testsuite ignored="44" hostname="admin" failures="5" tests="10" name="Default test(failed)" time="256.425" errors="0" timestamp="2020-05-28T18:40:39 IST">
  <testcase classname="com.tetherfi.test.reports.OCMAgentSummaryReportTest" name="@AfterMethod afterEachMethod" time="12.045">
    <failure type="org.openqa.selenium.WebDriverException" message="chrome not reachable
  (Session info: chrome=81.0.4044.138)
Build info: version: &amp;apos;3.141.59&amp;apos;, revision: &amp;apos;e82be7d358&amp;apos;, time: &amp;apos;2018-11-14T08:17:03&amp;apos;
System info: host: &amp;apos;ADMIN&amp;apos;, ip: &amp;apos;192.168.1.4&amp;apos;, os.name: &amp;apos;Windows 8.1&amp;apos;, os.arch: &amp;apos;amd64&amp;apos;, os.version: &amp;apos;6.3&amp;apos;, java.version: &amp;apos;9.0.4&amp;apos;
Driver info: org.openqa.selenium.chrome.ChromeDriver
Capabilities {acceptInsecureCerts: false, browserName: chrome, browserVersion: 81.0.4044.138, chrome: {chromedriverVersion: 80.0.3987.106 (f68069574609..., userDataDir: C:\Users\ADMINP~1\AppData\L...}, goog:chromeOptions: {debuggerAddress: localhost:52158}, javascriptEnabled: true, networkConnectionEnabled: false, pageLoadStrategy: normal, platform: WINDOWS, platformName: WINDOWS, proxy: Proxy(), setWindowRect: true, strictFileInteractability: false, timeouts: {implicit: 0, pageLoad: 300000, script: 30000}, unhandledPromptBehavior: dismiss and notify}
Session ID: 5f1c37c9b1d58969df3e2bf49bccea10">
      <![CDATA[org.openqa.selenium.WebDriverException: chrome not reachable
  (Session info: chrome=81.0.4044.138)
Build info: version: '3.141.59', revision: 'e82be7d358', time: '2018-11-14T08:17:03'
System info: host: 'ADMIN', ip: '192.168.1.4', os.name: 'Windows 8.1', os.arch: 'amd64', os.version: '6.3', java.version: '9.0.4'
Driver info: org.openqa.selenium.chrome.ChromeDriver
Capabilities {acceptInsecureCerts: false, browserName: chrome, browserVersion: 81.0.4044.138, chrome: {chromedriverVersion: 80.0.3987.106 (f68069574609..., userDataDir: C:\Users\ADMINP~1\AppData\L...}, goog:chromeOptions: {debuggerAddress: localhost:52158}, javascriptEnabled: true, networkConnectionEnabled: false, pageLoadStrategy: normal, platform: WINDOWS, platformName: WINDOWS, proxy: Proxy(), setWindowRect: true, strictFileInteractability: false, timeouts: {implicit: 0, pageLoad: 300000, script: 30000}, unhandledPromptBehavior: dismiss and notify}
Session ID: 5f1c37c9b1d58969df3e2bf49bccea10
at org.openqa.selenium.remote.http.W3CHttpResponseCodec.createException(W3CHttpResponseCodec.java:187)
at org.openqa.selenium.remote.http.W3CHttpResponseCodec.decode(W3CHttpResponseCodec.java:122)
at org.openqa.selenium.remote.http.W3CHttpResponseCodec.decode(W3CHttpResponseCodec.java:49)
at org.openqa.selenium.remote.HttpCommandExecutor.execute(HttpCommandExecutor.java:158)
at org.openqa.selenium.remote.service.DriverCommandExecutor.execute(DriverCommandExecutor.java:83)
at org.openqa.selenium.remote.RemoteWebDriver.execute(RemoteWebDriver.java:552)
at org.openqa.selenium.remote.RemoteWebDriver.execute(RemoteWebDriver.java:609)
at org.openqa.selenium.remote.RemoteWebDriver$RemoteNavigation.refresh(RemoteWebDriver.java:865)
at com.tetherfi.test.reports.OCMAgentSummaryReportTest.afterEachMethod(OCMAgentSummaryReportTest.java:704)
at java.base/java.util.ArrayList.forEach(Unknown Source)
... Removed 36 stack frames]]>
    </failure>
  </testcase> <!-- @AfterMethod afterEachMethod -->
  <testcase classname="com.tetherfi.test.BaseTest" name="@AfterMethod endTestCase" time="-1.590671439673E9">
    <skipped/>
  </testcase> <!-- @AfterMethod endTestCase -->
  <testcase classname="com.tetherfi.test.BaseTest" name="@BeforeMethod startTestCase" time="-1.59067143968E9">
    <skipped/>
  </testcase> <!-- @BeforeMethod startTestCase -->
  <testcase classname="com.tetherfi.test.reports.OCMAgentSummaryReportTest" name="@BeforeMethod NavigateToOcmReportsPage" time="-1.590671439686E9">
    <skipped/>
  </testcase> <!-- @BeforeMethod NavigateToOcmReportsPage -->
  <testcase classname="com.tetherfi.test.reports.OCMAgentSummaryReportTest" name="@AfterMethod afterEachMethod" time="-1.590671439704E9">
    <skipped/>
  </testcase> <!-- @AfterMethod afterEachMethod -->
  <testcase classname="com.tetherfi.test.BaseTest" name="@AfterMethod endTestCase" time="-1.590671439711E9">
    <skipped/>
  </testcase> <!-- @AfterMethod endTestCase -->
  <testcase classname="com.tetherfi.test.BaseTest" name="@BeforeMethod startTestCase" time="-1.590671439717E9">
    <skipped/>
  </testcase> <!-- @BeforeMethod startTestCase -->
  <testcase classname="com.tetherfi.test.reports.OCMAgentSummaryReportTest" name="@BeforeMethod NavigateToOcmReportsPage" time="-1.590671439719E9">
    <skipped/>
  </testcase> <!-- @BeforeMethod NavigateToOcmReportsPage -->
  <testcase classname="com.tetherfi.test.reports.OCMAgentSummaryReportTest" name="@AfterMethod afterEachMethod" time="-1.590671439733E9">
    <skipped/>
  </testcase> <!-- @AfterMethod afterEachMethod -->
  <testcase classname="com.tetherfi.test.BaseTest" name="@AfterMethod endTestCase" time="-1.590671439735E9">
    <skipped/>
  </testcase> <!-- @AfterMethod endTestCase -->
  <testcase classname="com.tetherfi.test.BaseTest" name="@AfterClass tearDown" time="-1.59067143974E9">
    <skipped/>
  </testcase> <!-- @AfterClass tearDown -->
  <testcase classname="com.tetherfi.test.reports.OCMAgentSummaryReportTest" name="DeleteRecordforSingleDate" time="5.711">
    <failure type="org.openqa.selenium.NoSuchElementException" message="no such element: Unable to locate element: {&amp;quot;method&amp;quot;:&amp;quot;css selector&amp;quot;,&amp;quot;selector&amp;quot;:&amp;quot;.toast-message&amp;quot;}
  (Session info: chrome=81.0.4044.138)
For documentation on this error, please visit: https://www.seleniumhq.org/exceptions/no_such_element.html
Build info: version: &amp;apos;3.141.59&amp;apos;, revision: &amp;apos;e82be7d358&amp;apos;, time: &amp;apos;2018-11-14T08:17:03&amp;apos;
System info: host: &amp;apos;ADMIN&amp;apos;, ip: &amp;apos;192.168.1.4&amp;apos;, os.name: &amp;apos;Windows 8.1&amp;apos;, os.arch: &amp;apos;amd64&amp;apos;, os.version: &amp;apos;6.3&amp;apos;, java.version: &amp;apos;9.0.4&amp;apos;
Driver info: org.openqa.selenium.chrome.ChromeDriver
Capabilities {acceptInsecureCerts: false, browserName: chrome, browserVersion: 81.0.4044.138, chrome: {chromedriverVersion: 80.0.3987.106 (f68069574609..., userDataDir: C:\Users\ADMINP~1\AppData\L...}, goog:chromeOptions: {debuggerAddress: localhost:52158}, javascriptEnabled: true, networkConnectionEnabled: false, pageLoadStrategy: normal, platform: WINDOWS, platformName: WINDOWS, proxy: Proxy(), setWindowRect: true, strictFileInteractability: false, timeouts: {implicit: 0, pageLoad: 300000, script: 30000}, unhandledPromptBehavior: dismiss and notify}
Session ID: 5f1c37c9b1d58969df3e2bf49bccea10
*** Element info: {Using=css selector, value=.toast-message}">
      <![CDATA[org.openqa.selenium.NoSuchElementException: no such element: Unable to locate element: {"method":"css selector","selector":".toast-message"}
  (Session info: chrome=81.0.4044.138)
For documentation on this error, please visit: https://www.seleniumhq.org/exceptions/no_such_element.html
Build info: version: '3.141.59', revision: 'e82be7d358', time: '2018-11-14T08:17:03'
System info: host: 'ADMIN', ip: '192.168.1.4', os.name: 'Windows 8.1', os.arch: 'amd64', os.version: '6.3', java.version: '9.0.4'
Driver info: org.openqa.selenium.chrome.ChromeDriver
Capabilities {acceptInsecureCerts: false, browserName: chrome, browserVersion: 81.0.4044.138, chrome: {chromedriverVersion: 80.0.3987.106 (f68069574609..., userDataDir: C:\Users\ADMINP~1\AppData\L...}, goog:chromeOptions: {debuggerAddress: localhost:52158}, javascriptEnabled: true, networkConnectionEnabled: false, pageLoadStrategy: normal, platform: WINDOWS, platformName: WINDOWS, proxy: Proxy(), setWindowRect: true, strictFileInteractability: false, timeouts: {implicit: 0, pageLoad: 300000, script: 30000}, unhandledPromptBehavior: dismiss and notify}
Session ID: 5f1c37c9b1d58969df3e2bf49bccea10
*** Element info: {Using=css selector, value=.toast-message}
at org.openqa.selenium.remote.http.W3CHttpResponseCodec.createException(W3CHttpResponseCodec.java:187)
at org.openqa.selenium.remote.http.W3CHttpResponseCodec.decode(W3CHttpResponseCodec.java:122)
at org.openqa.selenium.remote.http.W3CHttpResponseCodec.decode(W3CHttpResponseCodec.java:49)
at org.openqa.selenium.remote.HttpCommandExecutor.execute(HttpCommandExecutor.java:158)
at org.openqa.selenium.remote.service.DriverCommandExecutor.execute(DriverCommandExecutor.java:83)
at org.openqa.selenium.remote.RemoteWebDriver.execute(RemoteWebDriver.java:552)
at org.openqa.selenium.remote.RemoteWebDriver.findElement(RemoteWebDriver.java:323)
at org.openqa.selenium.remote.RemoteWebDriver.findElementByCssSelector(RemoteWebDriver.java:420)
at org.openqa.selenium.By$ByCssSelector.findElement(By.java:431)
at org.openqa.selenium.remote.RemoteWebDriver.findElement(RemoteWebDriver.java:315)
at org.openqa.selenium.support.pagefactory.DefaultElementLocator.findElement(DefaultElementLocator.java:69)
at org.openqa.selenium.support.pagefactory.internal.LocatingElementHandler.invoke(LocatingElementHandler.java:38)
at com.sun.proxy.$Proxy14.isDisplayed(Unknown Source)
at com.tetherfi.pages.OCMReportsPage.getSuccessMessage(OCMReportsPage.java:6563)
at com.tetherfi.test.reports.OCMAgentSummaryReportTest.DeleteRecordforSingleDate(OCMAgentSummaryReportTest.java:131)
at java.base/java.util.ArrayList.forEach(Unknown Source)
... Removed 31 stack frames]]>
    </failure>
  </testcase> <!-- DeleteRecordforSingleDate -->
  <testcase classname="com.tetherfi.test.reports.OCMAgentSummaryReportTest" name="DeleteRecordAtReportsDownload" time="5.568">
    <failure type="org.openqa.selenium.NoSuchElementException" message="no such element: Unable to locate element: {&amp;quot;method&amp;quot;:&amp;quot;css selector&amp;quot;,&amp;quot;selector&amp;quot;:&amp;quot;.toast-message&amp;quot;}
  (Session info: chrome=81.0.4044.138)
For documentation on this error, please visit: https://www.seleniumhq.org/exceptions/no_such_element.html
Build info: version: &amp;apos;3.141.59&amp;apos;, revision: &amp;apos;e82be7d358&amp;apos;, time: &amp;apos;2018-11-14T08:17:03&amp;apos;
System info: host: &amp;apos;ADMIN&amp;apos;, ip: &amp;apos;192.168.1.4&amp;apos;, os.name: &amp;apos;Windows 8.1&amp;apos;, os.arch: &amp;apos;amd64&amp;apos;, os.version: &amp;apos;6.3&amp;apos;, java.version: &amp;apos;9.0.4&amp;apos;
Driver info: org.openqa.selenium.chrome.ChromeDriver
Capabilities {acceptInsecureCerts: false, browserName: chrome, browserVersion: 81.0.4044.138, chrome: {chromedriverVersion: 80.0.3987.106 (f68069574609..., userDataDir: C:\Users\ADMINP~1\AppData\L...}, goog:chromeOptions: {debuggerAddress: localhost:52158}, javascriptEnabled: true, networkConnectionEnabled: false, pageLoadStrategy: normal, platform: WINDOWS, platformName: WINDOWS, proxy: Proxy(), setWindowRect: true, strictFileInteractability: false, timeouts: {implicit: 0, pageLoad: 300000, script: 30000}, unhandledPromptBehavior: dismiss and notify}
Session ID: 5f1c37c9b1d58969df3e2bf49bccea10
*** Element info: {Using=css selector, value=.toast-message}">
      <![CDATA[org.openqa.selenium.NoSuchElementException: no such element: Unable to locate element: {"method":"css selector","selector":".toast-message"}
  (Session info: chrome=81.0.4044.138)
For documentation on this error, please visit: https://www.seleniumhq.org/exceptions/no_such_element.html
Build info: version: '3.141.59', revision: 'e82be7d358', time: '2018-11-14T08:17:03'
System info: host: 'ADMIN', ip: '192.168.1.4', os.name: 'Windows 8.1', os.arch: 'amd64', os.version: '6.3', java.version: '9.0.4'
Driver info: org.openqa.selenium.chrome.ChromeDriver
Capabilities {acceptInsecureCerts: false, browserName: chrome, browserVersion: 81.0.4044.138, chrome: {chromedriverVersion: 80.0.3987.106 (f68069574609..., userDataDir: C:\Users\ADMINP~1\AppData\L...}, goog:chromeOptions: {debuggerAddress: localhost:52158}, javascriptEnabled: true, networkConnectionEnabled: false, pageLoadStrategy: normal, platform: WINDOWS, platformName: WINDOWS, proxy: Proxy(), setWindowRect: true, strictFileInteractability: false, timeouts: {implicit: 0, pageLoad: 300000, script: 30000}, unhandledPromptBehavior: dismiss and notify}
Session ID: 5f1c37c9b1d58969df3e2bf49bccea10
*** Element info: {Using=css selector, value=.toast-message}
at org.openqa.selenium.remote.http.W3CHttpResponseCodec.createException(W3CHttpResponseCodec.java:187)
at org.openqa.selenium.remote.http.W3CHttpResponseCodec.decode(W3CHttpResponseCodec.java:122)
at org.openqa.selenium.remote.http.W3CHttpResponseCodec.decode(W3CHttpResponseCodec.java:49)
at org.openqa.selenium.remote.HttpCommandExecutor.execute(HttpCommandExecutor.java:158)
at org.openqa.selenium.remote.service.DriverCommandExecutor.execute(DriverCommandExecutor.java:83)
at org.openqa.selenium.remote.RemoteWebDriver.execute(RemoteWebDriver.java:552)
at org.openqa.selenium.remote.RemoteWebDriver.findElement(RemoteWebDriver.java:323)
at org.openqa.selenium.remote.RemoteWebDriver.findElementByCssSelector(RemoteWebDriver.java:420)
at org.openqa.selenium.By$ByCssSelector.findElement(By.java:431)
at org.openqa.selenium.remote.RemoteWebDriver.findElement(RemoteWebDriver.java:315)
at org.openqa.selenium.support.pagefactory.DefaultElementLocator.findElement(DefaultElementLocator.java:69)
at org.openqa.selenium.support.pagefactory.internal.LocatingElementHandler.invoke(LocatingElementHandler.java:38)
at com.sun.proxy.$Proxy14.isDisplayed(Unknown Source)
at com.tetherfi.pages.OCMReportsPage.getSuccessMessage(OCMReportsPage.java:6563)
at com.tetherfi.test.reports.OCMAgentSummaryReportTest.DeleteRecordAtReportsDownload(OCMAgentSummaryReportTest.java:221)
at java.base/java.util.ArrayList.forEach(Unknown Source)
... Removed 31 stack frames]]>
    </failure>
  </testcase> <!-- DeleteRecordAtReportsDownload -->
  <testcase classname="com.tetherfi.test.reports.OCMAgentSummaryReportTest" name="ExportPage" time="35.533"/>
  <testcase classname="com.tetherfi.test.reports.OCMAgentSummaryReportTest" name="VerifyExportedPage" time="38.171">
    <failure type="java.lang.AssertionError" message="did not expect to find [true] but found [false]">
      <![CDATA[java.lang.AssertionError: did not expect to find [true] but found [false]
at com.tetherfi.test.reports.OCMAgentSummaryReportTest.VerifyExportedPage(OCMAgentSummaryReportTest.java:348)
at java.base/java.util.ArrayList.forEach(Unknown Source)
... Removed 31 stack frames]]>
    </failure>
  </testcase> <!-- VerifyExportedPage -->
  <testcase classname="com.tetherfi.test.reports.OCMAgentSummaryReportTest" name="SortingByAscending" time="0.0">
    <skipped/>
  </testcase> <!-- SortingByAscending -->
  <testcase classname="com.tetherfi.test.reports.OCMAgentSummaryReportTest" name="SortingByDescending" time="0.0">
    <skipped/>
  </testcase> <!-- SortingByDescending -->
  <testcase classname="com.tetherfi.test.reports.OCMAgentSummaryReportTest" name="VerifySearchByFeatureForAgentSummaryReport" time="32.678">
    <failure type="java.lang.AssertionError" message="did not expect to find [true] but found [false]">
      <![CDATA[java.lang.AssertionError: did not expect to find [true] but found [false]
at com.tetherfi.test.reports.OCMAgentSummaryReportTest.VerifySearchByFeatureForAgentSummaryReport(OCMAgentSummaryReportTest.java:425)
at java.base/java.util.ArrayList.forEach(Unknown Source)
... Removed 31 stack frames]]>
    </failure>
  </testcase> <!-- VerifySearchByFeatureForAgentSummaryReport -->
  <testcase classname="com.tetherfi.test.reports.OCMAgentSummaryReportTest" name="verifyAdvancedSearchinreportpageSearchEndswith" time="41.443">
    <failure type="org.openqa.selenium.WebDriverException" message="chrome not reachable
  (Session info: chrome=81.0.4044.138)
Build info: version: &amp;apos;3.141.59&amp;apos;, revision: &amp;apos;e82be7d358&amp;apos;, time: &amp;apos;2018-11-14T08:17:03&amp;apos;
System info: host: &amp;apos;ADMIN&amp;apos;, ip: &amp;apos;192.168.1.4&amp;apos;, os.name: &amp;apos;Windows 8.1&amp;apos;, os.arch: &amp;apos;amd64&amp;apos;, os.version: &amp;apos;6.3&amp;apos;, java.version: &amp;apos;9.0.4&amp;apos;
Driver info: org.openqa.selenium.chrome.ChromeDriver
Capabilities {acceptInsecureCerts: false, browserName: chrome, browserVersion: 81.0.4044.138, chrome: {chromedriverVersion: 80.0.3987.106 (f68069574609..., userDataDir: C:\Users\ADMINP~1\AppData\L...}, goog:chromeOptions: {debuggerAddress: localhost:52158}, javascriptEnabled: true, networkConnectionEnabled: false, pageLoadStrategy: normal, platform: WINDOWS, platformName: WINDOWS, proxy: Proxy(), setWindowRect: true, strictFileInteractability: false, timeouts: {implicit: 0, pageLoad: 300000, script: 30000}, unhandledPromptBehavior: dismiss and notify}
Session ID: 5f1c37c9b1d58969df3e2bf49bccea10
*** Element info: {Using=css selector, value=span[aria-owns=&amp;apos;reportchannel_listbox&amp;apos;]}">
      <![CDATA[org.openqa.selenium.WebDriverException: chrome not reachable
  (Session info: chrome=81.0.4044.138)
Build info: version: '3.141.59', revision: 'e82be7d358', time: '2018-11-14T08:17:03'
System info: host: 'ADMIN', ip: '192.168.1.4', os.name: 'Windows 8.1', os.arch: 'amd64', os.version: '6.3', java.version: '9.0.4'
Driver info: org.openqa.selenium.chrome.ChromeDriver
Capabilities {acceptInsecureCerts: false, browserName: chrome, browserVersion: 81.0.4044.138, chrome: {chromedriverVersion: 80.0.3987.106 (f68069574609..., userDataDir: C:\Users\ADMINP~1\AppData\L...}, goog:chromeOptions: {debuggerAddress: localhost:52158}, javascriptEnabled: true, networkConnectionEnabled: false, pageLoadStrategy: normal, platform: WINDOWS, platformName: WINDOWS, proxy: Proxy(), setWindowRect: true, strictFileInteractability: false, timeouts: {implicit: 0, pageLoad: 300000, script: 30000}, unhandledPromptBehavior: dismiss and notify}
Session ID: 5f1c37c9b1d58969df3e2bf49bccea10
*** Element info: {Using=css selector, value=span[aria-owns='reportchannel_listbox']}
at org.openqa.selenium.remote.http.W3CHttpResponseCodec.createException(W3CHttpResponseCodec.java:187)
at org.openqa.selenium.remote.http.W3CHttpResponseCodec.decode(W3CHttpResponseCodec.java:122)
at org.openqa.selenium.remote.http.W3CHttpResponseCodec.decode(W3CHttpResponseCodec.java:49)
at org.openqa.selenium.remote.HttpCommandExecutor.execute(HttpCommandExecutor.java:158)
at org.openqa.selenium.remote.service.DriverCommandExecutor.execute(DriverCommandExecutor.java:83)
at org.openqa.selenium.remote.RemoteWebDriver.execute(RemoteWebDriver.java:552)
at org.openqa.selenium.remote.RemoteWebDriver.findElement(RemoteWebDriver.java:323)
at org.openqa.selenium.remote.RemoteWebDriver.findElementByCssSelector(RemoteWebDriver.java:420)
at org.openqa.selenium.By$ByCssSelector.findElement(By.java:431)
at org.openqa.selenium.remote.RemoteWebDriver.findElement(RemoteWebDriver.java:315)
at org.openqa.selenium.support.pagefactory.DefaultElementLocator.findElement(DefaultElementLocator.java:69)
at org.openqa.selenium.support.pagefactory.internal.LocatingElementHandler.invoke(LocatingElementHandler.java:38)
at com.sun.proxy.$Proxy14.isDisplayed(Unknown Source)
at org.openqa.selenium.support.ui.ExpectedConditions.elementIfVisible(ExpectedConditions.java:314)
at org.openqa.selenium.support.ui.ExpectedConditions.access$000(ExpectedConditions.java:43)
at org.openqa.selenium.support.ui.ExpectedConditions$10.apply(ExpectedConditions.java:300)
at org.openqa.selenium.support.ui.ExpectedConditions$10.apply(ExpectedConditions.java:297)
at org.openqa.selenium.support.ui.FluentWait.until(FluentWait.java:249)
at com.tetherfi.pages.BasePage.waitUntilWebElementIsVisible(BasePage.java:127)
at com.tetherfi.pages.BasePage.selectWebElement(BasePage.java:194)
at com.tetherfi.pages.OCMReportsPage.chooseReport(OCMReportsPage.java:698)
at com.tetherfi.pages.OCMReportsPage.showReport(OCMReportsPage.java:400)
at com.tetherfi.test.reports.OCMAgentSummaryReportTest.verifyAdvancedSearchinreportpageSearchEndswith(OCMAgentSummaryReportTest.java:585)
at java.base/java.util.ArrayList.forEach(Unknown Source)
... Removed 31 stack frames]]>
    </failure>
  </testcase> <!-- verifyAdvancedSearchinreportpageSearchEndswith -->
  <testcase classname="com.tetherfi.test.reports.OCMAgentSummaryReportTest" name="GroupBy" time="0.0">
    <skipped/>
  </testcase> <!-- GroupBy -->
  <testcase classname="com.tetherfi.test.reports.OCMAgentSummaryReportTest" name="VerifyJsonDataForColumnNames" time="0.0">
    <skipped/>
  </testcase> <!-- VerifyJsonDataForColumnNames -->
  <testcase classname="com.tetherfi.test.reports.OCMAgentSummaryReportTest" name="ShowOCMAgentSummaryReportInNewTab" time="0.0">
    <ignored/>
  </testcase> <!-- ShowOCMAgentSummaryReportInNewTab -->
  <testcase classname="com.tetherfi.test.reports.OCMAgentSummaryReportTest" name="ExportOCMAgentSummaryReport" time="0.0">
    <ignored/>
  </testcase> <!-- ExportOCMAgentSummaryReport -->
  <testcase classname="com.tetherfi.test.reports.OCMAgentSummaryReportTest" name="VerifyTotalNumberOfItemsPerPageDetails" time="0.0">
    <ignored/>
  </testcase> <!-- VerifyTotalNumberOfItemsPerPageDetails -->
  <testcase classname="com.tetherfi.test.reports.OCMAgentSummaryReportTest" name="VerifySearchDoesNotContains" time="0.0">
    <ignored/>
  </testcase> <!-- VerifySearchDoesNotContains -->
  <testcase classname="com.tetherfi.test.reports.OCMAgentSummaryReportTest" name="DeleteWithoutDeleteReasonRecordinReportsDownloadforSingleDate" time="0.0">
    <ignored/>
  </testcase> <!-- DeleteWithoutDeleteReasonRecordinReportsDownloadforSingleDate -->
  <testcase classname="com.tetherfi.test.reports.OCMAgentSummaryReportTest" name="OCMWindow" time="0.0">
    <ignored/>
  </testcase> <!-- OCMWindow -->
  <testcase classname="com.tetherfi.test.reports.OCMAgentSummaryReportTest" name="VerifyViewDownloadedOcmAgentSummaryReportInReportsDownloadPage" time="0.0">
    <ignored/>
  </testcase> <!-- VerifyViewDownloadedOcmAgentSummaryReportInReportsDownloadPage -->
  <testcase classname="com.tetherfi.test.reports.OCMAgentSummaryReportTest" name="verifyAdvancedSearchinreportpageSearchEqualTo" time="0.0">
    <ignored/>
  </testcase> <!-- verifyAdvancedSearchinreportpageSearchEqualTo -->
  <testcase classname="com.tetherfi.test.reports.OCMAgentSummaryReportTest" name="VerifyColumnsHeaderDisable" time="0.0">
    <ignored/>
  </testcase> <!-- VerifyColumnsHeaderDisable -->
  <testcase classname="com.tetherfi.test.reports.OCMAgentSummaryReportTest" name="VerifyDropdownForAllTheColumns" time="0.0">
    <ignored/>
  </testcase> <!-- VerifyDropdownForAllTheColumns -->
  <testcase classname="com.tetherfi.test.reports.OCMAgentSummaryReportTest" name="VerifyViewDownloadedOcmAgentSummaryReportInReportsDownloadDateRangePage" time="0.0">
    <ignored/>
  </testcase> <!-- VerifyViewDownloadedOcmAgentSummaryReportInReportsDownloadDateRangePage -->
  <testcase classname="com.tetherfi.test.reports.OCMAgentSummaryReportTest" name="searchwithoutSearchTextbox" time="0.0">
    <ignored/>
  </testcase> <!-- searchwithoutSearchTextbox -->
  <testcase classname="com.tetherfi.test.reports.OCMAgentSummaryReportTest" name="VerifySearchStartsWith" time="0.0">
    <ignored/>
  </testcase> <!-- VerifySearchStartsWith -->
  <testcase classname="com.tetherfi.test.reports.OCMAgentSummaryReportTest" name="VerifySearchIsNotEqualTo" time="0.0">
    <ignored/>
  </testcase> <!-- VerifySearchIsNotEqualTo -->
  <testcase classname="com.tetherfi.test.reports.OCMAgentSummaryReportTest" name="VerifyNumberOfItemsPerPageSelection" time="0.0">
    <ignored/>
  </testcase> <!-- VerifyNumberOfItemsPerPageSelection -->
  <testcase classname="com.tetherfi.test.reports.OCMAgentSummaryReportTest" name="VerifySearchContains" time="0.0">
    <ignored/>
  </testcase> <!-- VerifySearchContains -->
  <testcase classname="com.tetherfi.test.reports.OCMAgentSummaryReportTest" name="ShowOCMAgentSummaryReportForDateRange" time="0.0">
    <ignored/>
  </testcase> <!-- ShowOCMAgentSummaryReportForDateRange -->
  <testcase classname="com.tetherfi.test.reports.OCMAgentSummaryReportTest" name="ScheduleOCMAgentSummaryReportforDateRange" time="0.0">
    <ignored/>
  </testcase> <!-- ScheduleOCMAgentSummaryReportforDateRange -->
  <testcase classname="com.tetherfi.test.reports.OCMAgentSummaryReportTest" name="verifyAdvancedSearchinreportpageSearchcontains" time="0.0">
    <ignored/>
  </testcase> <!-- verifyAdvancedSearchinreportpageSearchcontains -->
  <testcase classname="com.tetherfi.test.reports.OCMAgentSummaryReportTest" name="ShowOCMAgentSummaryReportInNewTabDateRange" time="0.0">
    <ignored/>
  </testcase> <!-- ShowOCMAgentSummaryReportInNewTabDateRange -->
  <testcase classname="com.tetherfi.test.reports.OCMAgentSummaryReportTest" name="verifyAdvancedSearchinreportpageSearchDoesnotcontains" time="0.0">
    <ignored/>
  </testcase> <!-- verifyAdvancedSearchinreportpageSearchDoesnotcontains -->
  <testcase classname="com.tetherfi.test.reports.OCMAgentSummaryReportTest" name="VerifyArrowMoveForPreviousAndNextPage" time="0.0">
    <ignored/>
  </testcase> <!-- VerifyArrowMoveForPreviousAndNextPage -->
  <testcase classname="com.tetherfi.test.reports.OCMAgentSummaryReportTest" name="ClearfiltersAdvSrch" time="0.0">
    <ignored/>
  </testcase> <!-- ClearfiltersAdvSrch -->
  <testcase classname="com.tetherfi.test.reports.OCMAgentSummaryReportTest" name="VerifySearchEndsWith" time="0.0">
    <ignored/>
  </testcase> <!-- VerifySearchEndsWith -->
  <testcase classname="com.tetherfi.test.reports.OCMAgentSummaryReportTest" name="ExportOCMAgentSummaryReportDateRange" time="0.0">
    <ignored/>
  </testcase> <!-- ExportOCMAgentSummaryReportDateRange -->
  <testcase classname="com.tetherfi.test.reports.OCMAgentSummaryReportTest" name="VerifySearchFeatureForAgentSummaryReport" time="0.0">
    <ignored/>
  </testcase> <!-- VerifySearchFeatureForAgentSummaryReport -->
  <testcase classname="com.tetherfi.test.reports.OCMAgentSummaryReportTest" name="verifyAdvancedSearchinreportpageSearchStartswith" time="0.0">
    <ignored/>
  </testcase> <!-- verifyAdvancedSearchinreportpageSearchStartswith -->
  <testcase classname="com.tetherfi.test.reports.OCMAgentSummaryReportTest" name="DeleteWithoutDeleteReasonRecordinReportsDownloadforDateRange" time="0.0">
    <ignored/>
  </testcase> <!-- DeleteWithoutDeleteReasonRecordinReportsDownloadforDateRange -->
  <testcase classname="com.tetherfi.test.reports.OCMAgentSummaryReportTest" name="VerifyArrowMoveForFirstAndLastPage" time="0.0">
    <ignored/>
  </testcase> <!-- VerifyArrowMoveForFirstAndLastPage -->
  <testcase classname="com.tetherfi.test.reports.OCMAgentSummaryReportTest" name="VerifyCancelBtnAtReportsDownloadDeleteBtnForDateRange" time="0.0">
    <ignored/>
  </testcase> <!-- VerifyCancelBtnAtReportsDownloadDeleteBtnForDateRange -->
  <testcase classname="com.tetherfi.test.reports.OCMAgentSummaryReportTest" name="verifyAdvancedSearchinreportpageSearchNotEqualTo" time="0.0">
    <ignored/>
  </testcase> <!-- verifyAdvancedSearchinreportpageSearchNotEqualTo -->
  <testcase classname="com.tetherfi.test.reports.OCMAgentSummaryReportTest" name="verifyAdvancedSearchORCriteria" time="0.0">
    <ignored/>
  </testcase> <!-- verifyAdvancedSearchORCriteria -->
  <testcase classname="com.tetherfi.test.reports.OCMAgentSummaryReportTest" name="ShowOCMAgentSummaryReport" time="0.0">
    <ignored/>
  </testcase> <!-- ShowOCMAgentSummaryReport -->
  <testcase classname="com.tetherfi.test.reports.OCMAgentSummaryReportTest" name="SearchClear" time="0.0">
    <ignored/>
  </testcase> <!-- SearchClear -->
  <testcase classname="com.tetherfi.test.reports.OCMAgentSummaryReportTest" name="ViewDownloadedOcmAgentSummaryReportInReportsDownloadPageinAgentSummaryPg" time="0.0">
    <ignored/>
  </testcase> <!-- ViewDownloadedOcmAgentSummaryReportInReportsDownloadPageinAgentSummaryPg -->
  <testcase classname="com.tetherfi.test.reports.OCMAgentSummaryReportTest" name="ScheduleOCMAgentSummaryReport" time="0.0">
    <ignored/>
  </testcase> <!-- ScheduleOCMAgentSummaryReport -->
  <testcase classname="com.tetherfi.test.reports.OCMAgentSummaryReportTest" name="verifyAdvancedSearchANDCriteria" time="0.0">
    <ignored/>
  </testcase> <!-- verifyAdvancedSearchANDCriteria -->
  <testcase classname="com.tetherfi.test.reports.OCMAgentSummaryReportTest" name="VerifyCancelBtnAtReportsDownloadforSingleDate" time="0.0">
    <ignored/>
  </testcase> <!-- VerifyCancelBtnAtReportsDownloadforSingleDate -->
  <testcase classname="com.tetherfi.test.reports.OCMAgentSummaryReportTest" name="ViewDownloadedOcmAgentSummaryReportInReportsDownloadPage" time="0.0">
    <ignored/>
  </testcase> <!-- ViewDownloadedOcmAgentSummaryReportInReportsDownloadPage -->
  <testcase classname="com.tetherfi.test.reports.OCMAgentSummaryReportTest" name="VerifyColumnsHeaderEnable" time="0.0">
    <ignored/>
  </testcase> <!-- VerifyColumnsHeaderEnable -->
  <testcase classname="com.tetherfi.test.reports.OCMAgentSummaryReportTest" name="ViewDownloadedOcmAgentSummaryReportInReportsDownloadPageDateRange" time="0.0">
    <ignored/>
  </testcase> <!-- ViewDownloadedOcmAgentSummaryReportInReportsDownloadPageDateRange -->
  <testcase classname="com.tetherfi.test.reports.OCMAgentSummaryReportTest" name="SchedulereportinOCMAgentSummaryReportPage" time="0.0">
    <ignored/>
  </testcase> <!-- SchedulereportinOCMAgentSummaryReportPage -->
  <testcase classname="com.tetherfi.test.reports.OCMAgentSummaryReportTest" name="ExportToExcelForAgentSummaryReport" time="0.0">
    <ignored/>
  </testcase> <!-- ExportToExcelForAgentSummaryReport -->
  <testcase classname="com.tetherfi.test.reports.OCMAgentSummaryReportTest" name="ClearAll" time="0.0">
    <ignored/>
  </testcase> <!-- ClearAll -->
</testsuite> <!-- Default test(failed) -->
