<?xml version="1.0" encoding="UTF-8"?>
<!-- Generated by org.testng.reporters.JUnitXMLReporter -->
<testsuite ignored="17" hostname="admin" failures="2" tests="18" name="Default test(failed)" time="52.525" errors="0" timestamp="2019-09-02T14:54:51 IST">
  <testcase classname="com.tetherfi.test.CEPEventMappingTest" name="@AfterMethod afterEachMethod" time="12.033">
    <failure type="org.openqa.selenium.WebDriverException" message="chrome not reachable
  (Session info: chrome=76.0.3809.132)
Build info: version: &amp;apos;3.141.59&amp;apos;, revision: &amp;apos;e82be7d358&amp;apos;, time: &amp;apos;2018-11-14T08:17:03&amp;apos;
System info: host: &amp;apos;ADMIN&amp;apos;, ip: &amp;apos;192.168.0.104&amp;apos;, os.name: &amp;apos;Windows 8.1&amp;apos;, os.arch: &amp;apos;amd64&amp;apos;, os.version: &amp;apos;6.3&amp;apos;, java.version: &amp;apos;9.0.4&amp;apos;
Driver info: org.openqa.selenium.chrome.ChromeDriver
Capabilities {acceptInsecureCerts: false, browserName: chrome, browserVersion: 76.0.3809.132, chrome: {chromedriverVersion: 76.0.3809.68 (420c9498db8ce..., userDataDir: C:\Users\ADMINP~1\AppData\L...}, goog:chromeOptions: {debuggerAddress: localhost:52012}, javascriptEnabled: true, networkConnectionEnabled: false, pageLoadStrategy: normal, platform: XP, platformName: XP, proxy: Proxy(), setWindowRect: true, strictFileInteractability: false, timeouts: {implicit: 0, pageLoad: 300000, script: 30000}, unhandledPromptBehavior: dismiss and notify}
Session ID: 98da5475bc7b013afd4a773da7d81276">
      <![CDATA[org.openqa.selenium.WebDriverException: chrome not reachable
  (Session info: chrome=76.0.3809.132)
Build info: version: '3.141.59', revision: 'e82be7d358', time: '2018-11-14T08:17:03'
System info: host: 'ADMIN', ip: '192.168.0.104', os.name: 'Windows 8.1', os.arch: 'amd64', os.version: '6.3', java.version: '9.0.4'
Driver info: org.openqa.selenium.chrome.ChromeDriver
Capabilities {acceptInsecureCerts: false, browserName: chrome, browserVersion: 76.0.3809.132, chrome: {chromedriverVersion: 76.0.3809.68 (420c9498db8ce..., userDataDir: C:\Users\ADMINP~1\AppData\L...}, goog:chromeOptions: {debuggerAddress: localhost:52012}, javascriptEnabled: true, networkConnectionEnabled: false, pageLoadStrategy: normal, platform: XP, platformName: XP, proxy: Proxy(), setWindowRect: true, strictFileInteractability: false, timeouts: {implicit: 0, pageLoad: 300000, script: 30000}, unhandledPromptBehavior: dismiss and notify}
Session ID: 98da5475bc7b013afd4a773da7d81276
at org.openqa.selenium.remote.http.W3CHttpResponseCodec.createException(W3CHttpResponseCodec.java:187)
at org.openqa.selenium.remote.http.W3CHttpResponseCodec.decode(W3CHttpResponseCodec.java:122)
at org.openqa.selenium.remote.http.W3CHttpResponseCodec.decode(W3CHttpResponseCodec.java:49)
at org.openqa.selenium.remote.HttpCommandExecutor.execute(HttpCommandExecutor.java:158)
at org.openqa.selenium.remote.service.DriverCommandExecutor.execute(DriverCommandExecutor.java:83)
at org.openqa.selenium.remote.RemoteWebDriver.execute(RemoteWebDriver.java:552)
at org.openqa.selenium.remote.RemoteWebDriver.execute(RemoteWebDriver.java:609)
at org.openqa.selenium.remote.RemoteWebDriver$RemoteNavigation.refresh(RemoteWebDriver.java:865)
at com.tetherfi.test.CEPEventMappingTest.afterEachMethod(CEPEventMappingTest.java:368)
at java.base/java.util.ArrayList.forEach(Unknown Source)
... Removed 36 stack frames]]>
    </failure>
  </testcase> <!-- @AfterMethod afterEachMethod -->
  <testcase classname="com.tetherfi.test.BaseTest" name="@AfterMethod endTestCase" time="-1.567416290373E9">
    <skipped/>
  </testcase> <!-- @AfterMethod endTestCase -->
  <testcase classname="com.tetherfi.test.BaseTest" name="@BeforeMethod startTestCase" time="-1.567416290381E9">
    <skipped/>
  </testcase> <!-- @BeforeMethod startTestCase -->
  <testcase classname="com.tetherfi.test.CEPEventMappingTest" name="@BeforeMethod NavigateToCepEventMappingPage" time="-1.567416290383E9">
    <skipped/>
  </testcase> <!-- @BeforeMethod NavigateToCepEventMappingPage -->
  <testcase classname="com.tetherfi.test.CEPEventMappingTest" name="@AfterMethod afterEachMethod" time="-1.567416290452E9">
    <skipped/>
  </testcase> <!-- @AfterMethod afterEachMethod -->
  <testcase classname="com.tetherfi.test.BaseTest" name="@AfterMethod endTestCase" time="-1.567416290455E9">
    <skipped/>
  </testcase> <!-- @AfterMethod endTestCase -->
  <testcase classname="com.tetherfi.test.BaseTest" name="@BeforeMethod startTestCase" time="-1.567416290458E9">
    <skipped/>
  </testcase> <!-- @BeforeMethod startTestCase -->
  <testcase classname="com.tetherfi.test.CEPEventMappingTest" name="@BeforeMethod NavigateToCepEventMappingPage" time="-1.56741629046E9">
    <skipped/>
  </testcase> <!-- @BeforeMethod NavigateToCepEventMappingPage -->
  <testcase classname="com.tetherfi.test.CEPEventMappingTest" name="@AfterMethod afterEachMethod" time="-1.567416290468E9">
    <skipped/>
  </testcase> <!-- @AfterMethod afterEachMethod -->
  <testcase classname="com.tetherfi.test.BaseTest" name="@AfterMethod endTestCase" time="-1.567416290471E9">
    <skipped/>
  </testcase> <!-- @AfterMethod endTestCase -->
  <testcase classname="com.tetherfi.test.BaseTest" name="@BeforeMethod startTestCase" time="-1.567416290476E9">
    <skipped/>
  </testcase> <!-- @BeforeMethod startTestCase -->
  <testcase classname="com.tetherfi.test.CEPEventMappingTest" name="@BeforeMethod NavigateToCepEventMappingPage" time="-1.567416290477E9">
    <skipped/>
  </testcase> <!-- @BeforeMethod NavigateToCepEventMappingPage -->
  <testcase classname="com.tetherfi.test.CEPEventMappingTest" name="@AfterMethod afterEachMethod" time="-1.567416290488E9">
    <skipped/>
  </testcase> <!-- @AfterMethod afterEachMethod -->
  <testcase classname="com.tetherfi.test.BaseTest" name="@AfterMethod endTestCase" time="-1.567416290491E9">
    <skipped/>
  </testcase> <!-- @AfterMethod endTestCase -->
  <testcase classname="com.tetherfi.test.BaseTest" name="@BeforeMethod startTestCase" time="-1.567416290505E9">
    <skipped/>
  </testcase> <!-- @BeforeMethod startTestCase -->
  <testcase classname="com.tetherfi.test.CEPEventMappingTest" name="@BeforeMethod NavigateToCepEventMappingPage" time="-1.567416290507E9">
    <skipped/>
  </testcase> <!-- @BeforeMethod NavigateToCepEventMappingPage -->
  <testcase classname="com.tetherfi.test.CEPEventMappingTest" name="@AfterMethod afterEachMethod" time="-1.56741629054E9">
    <skipped/>
  </testcase> <!-- @AfterMethod afterEachMethod -->
  <testcase classname="com.tetherfi.test.BaseTest" name="@AfterMethod endTestCase" time="-1.567416290543E9">
    <skipped/>
  </testcase> <!-- @AfterMethod endTestCase -->
  <testcase classname="com.tetherfi.test.BaseTest" name="@BeforeMethod startTestCase" time="-1.567416290551E9">
    <skipped/>
  </testcase> <!-- @BeforeMethod startTestCase -->
  <testcase classname="com.tetherfi.test.CEPEventMappingTest" name="@BeforeMethod NavigateToCepEventMappingPage" time="-1.567416290553E9">
    <skipped/>
  </testcase> <!-- @BeforeMethod NavigateToCepEventMappingPage -->
  <testcase classname="com.tetherfi.test.CEPEventMappingTest" name="@AfterMethod afterEachMethod" time="-1.567416290572E9">
    <skipped/>
  </testcase> <!-- @AfterMethod afterEachMethod -->
  <testcase classname="com.tetherfi.test.BaseTest" name="@AfterMethod endTestCase" time="-1.567416290576E9">
    <skipped/>
  </testcase> <!-- @AfterMethod endTestCase -->
  <testcase classname="com.tetherfi.test.BaseTest" name="@BeforeMethod startTestCase" time="-1.567416290586E9">
    <skipped/>
  </testcase> <!-- @BeforeMethod startTestCase -->
  <testcase classname="com.tetherfi.test.CEPEventMappingTest" name="@BeforeMethod NavigateToCepEventMappingPage" time="-1.56741629059E9">
    <skipped/>
  </testcase> <!-- @BeforeMethod NavigateToCepEventMappingPage -->
  <testcase classname="com.tetherfi.test.CEPEventMappingTest" name="@AfterMethod afterEachMethod" time="-1.567416290611E9">
    <skipped/>
  </testcase> <!-- @AfterMethod afterEachMethod -->
  <testcase classname="com.tetherfi.test.BaseTest" name="@AfterMethod endTestCase" time="-1.567416290616E9">
    <skipped/>
  </testcase> <!-- @AfterMethod endTestCase -->
  <testcase classname="com.tetherfi.test.BaseTest" name="@BeforeMethod startTestCase" time="-1.567416290623E9">
    <skipped/>
  </testcase> <!-- @BeforeMethod startTestCase -->
  <testcase classname="com.tetherfi.test.CEPEventMappingTest" name="@BeforeMethod NavigateToCepEventMappingPage" time="-1.567416290634E9">
    <skipped/>
  </testcase> <!-- @BeforeMethod NavigateToCepEventMappingPage -->
  <testcase classname="com.tetherfi.test.CEPEventMappingTest" name="@AfterMethod afterEachMethod" time="-1.567416290693E9">
    <skipped/>
  </testcase> <!-- @AfterMethod afterEachMethod -->
  <testcase classname="com.tetherfi.test.BaseTest" name="@AfterMethod endTestCase" time="-1.567416290697E9">
    <skipped/>
  </testcase> <!-- @AfterMethod endTestCase -->
  <testcase classname="com.tetherfi.test.BaseTest" name="@BeforeMethod startTestCase" time="-1.567416290701E9">
    <skipped/>
  </testcase> <!-- @BeforeMethod startTestCase -->
  <testcase classname="com.tetherfi.test.CEPEventMappingTest" name="@BeforeMethod NavigateToCepEventMappingPage" time="-1.567416290704E9">
    <skipped/>
  </testcase> <!-- @BeforeMethod NavigateToCepEventMappingPage -->
  <testcase classname="com.tetherfi.test.CEPEventMappingTest" name="@AfterMethod afterEachMethod" time="-1.567416290712E9">
    <skipped/>
  </testcase> <!-- @AfterMethod afterEachMethod -->
  <testcase classname="com.tetherfi.test.BaseTest" name="@AfterMethod endTestCase" time="-1.567416290714E9">
    <skipped/>
  </testcase> <!-- @AfterMethod endTestCase -->
  <testcase classname="com.tetherfi.test.BaseTest" name="@BeforeMethod startTestCase" time="-1.567416290719E9">
    <skipped/>
  </testcase> <!-- @BeforeMethod startTestCase -->
  <testcase classname="com.tetherfi.test.CEPEventMappingTest" name="@BeforeMethod NavigateToCepEventMappingPage" time="-1.567416290721E9">
    <skipped/>
  </testcase> <!-- @BeforeMethod NavigateToCepEventMappingPage -->
  <testcase classname="com.tetherfi.test.CEPEventMappingTest" name="@AfterMethod afterEachMethod" time="-1.567416290726E9">
    <skipped/>
  </testcase> <!-- @AfterMethod afterEachMethod -->
  <testcase classname="com.tetherfi.test.BaseTest" name="@AfterMethod endTestCase" time="-1.567416290736E9">
    <skipped/>
  </testcase> <!-- @AfterMethod endTestCase -->
  <testcase classname="com.tetherfi.test.BaseTest" name="@BeforeMethod startTestCase" time="-1.567416290739E9">
    <skipped/>
  </testcase> <!-- @BeforeMethod startTestCase -->
  <testcase classname="com.tetherfi.test.CEPEventMappingTest" name="@BeforeMethod NavigateToCepEventMappingPage" time="-1.56741629074E9">
    <skipped/>
  </testcase> <!-- @BeforeMethod NavigateToCepEventMappingPage -->
  <testcase classname="com.tetherfi.test.CEPEventMappingTest" name="@AfterMethod afterEachMethod" time="-1.567416290746E9">
    <skipped/>
  </testcase> <!-- @AfterMethod afterEachMethod -->
  <testcase classname="com.tetherfi.test.BaseTest" name="@AfterMethod endTestCase" time="-1.567416290747E9">
    <skipped/>
  </testcase> <!-- @AfterMethod endTestCase -->
  <testcase classname="com.tetherfi.test.BaseTest" name="@BeforeMethod startTestCase" time="-1.56741629075E9">
    <skipped/>
  </testcase> <!-- @BeforeMethod startTestCase -->
  <testcase classname="com.tetherfi.test.CEPEventMappingTest" name="@BeforeMethod NavigateToCepEventMappingPage" time="-1.567416290751E9">
    <skipped/>
  </testcase> <!-- @BeforeMethod NavigateToCepEventMappingPage -->
  <testcase classname="com.tetherfi.test.CEPEventMappingTest" name="@AfterMethod afterEachMethod" time="-1.567416290756E9">
    <skipped/>
  </testcase> <!-- @AfterMethod afterEachMethod -->
  <testcase classname="com.tetherfi.test.BaseTest" name="@AfterMethod endTestCase" time="-1.567416290757E9">
    <skipped/>
  </testcase> <!-- @AfterMethod endTestCase -->
  <testcase classname="com.tetherfi.test.BaseTest" name="@BeforeMethod startTestCase" time="-1.567416290761E9">
    <skipped/>
  </testcase> <!-- @BeforeMethod startTestCase -->
  <testcase classname="com.tetherfi.test.CEPEventMappingTest" name="@BeforeMethod NavigateToCepEventMappingPage" time="-1.567416290762E9">
    <skipped/>
  </testcase> <!-- @BeforeMethod NavigateToCepEventMappingPage -->
  <testcase classname="com.tetherfi.test.CEPEventMappingTest" name="@AfterMethod afterEachMethod" time="-1.567416290767E9">
    <skipped/>
  </testcase> <!-- @AfterMethod afterEachMethod -->
  <testcase classname="com.tetherfi.test.BaseTest" name="@AfterMethod endTestCase" time="-1.567416290769E9">
    <skipped/>
  </testcase> <!-- @AfterMethod endTestCase -->
  <testcase classname="com.tetherfi.test.BaseTest" name="@BeforeMethod startTestCase" time="-1.567416290772E9">
    <skipped/>
  </testcase> <!-- @BeforeMethod startTestCase -->
  <testcase classname="com.tetherfi.test.CEPEventMappingTest" name="@BeforeMethod NavigateToCepEventMappingPage" time="-1.567416290773E9">
    <skipped/>
  </testcase> <!-- @BeforeMethod NavigateToCepEventMappingPage -->
  <testcase classname="com.tetherfi.test.CEPEventMappingTest" name="@AfterMethod afterEachMethod" time="-1.567416290779E9">
    <skipped/>
  </testcase> <!-- @AfterMethod afterEachMethod -->
  <testcase classname="com.tetherfi.test.BaseTest" name="@AfterMethod endTestCase" time="-1.56741629078E9">
    <skipped/>
  </testcase> <!-- @AfterMethod endTestCase -->
  <testcase classname="com.tetherfi.test.BaseTest" name="@BeforeMethod startTestCase" time="-1.567416290782E9">
    <skipped/>
  </testcase> <!-- @BeforeMethod startTestCase -->
  <testcase classname="com.tetherfi.test.CEPEventMappingTest" name="@BeforeMethod NavigateToCepEventMappingPage" time="-1.567416290783E9">
    <skipped/>
  </testcase> <!-- @BeforeMethod NavigateToCepEventMappingPage -->
  <testcase classname="com.tetherfi.test.CEPEventMappingTest" name="@AfterMethod afterEachMethod" time="-1.567416290787E9">
    <skipped/>
  </testcase> <!-- @AfterMethod afterEachMethod -->
  <testcase classname="com.tetherfi.test.BaseTest" name="@AfterMethod endTestCase" time="-1.567416290788E9">
    <skipped/>
  </testcase> <!-- @AfterMethod endTestCase -->
  <testcase classname="com.tetherfi.test.BaseTest" name="@BeforeMethod startTestCase" time="-1.56741629079E9">
    <skipped/>
  </testcase> <!-- @BeforeMethod startTestCase -->
  <testcase classname="com.tetherfi.test.CEPEventMappingTest" name="@BeforeMethod NavigateToCepEventMappingPage" time="-1.567416290791E9">
    <skipped/>
  </testcase> <!-- @BeforeMethod NavigateToCepEventMappingPage -->
  <testcase classname="com.tetherfi.test.CEPEventMappingTest" name="@AfterMethod afterEachMethod" time="-1.567416290796E9">
    <skipped/>
  </testcase> <!-- @AfterMethod afterEachMethod -->
  <testcase classname="com.tetherfi.test.BaseTest" name="@AfterMethod endTestCase" time="-1.567416290797E9">
    <skipped/>
  </testcase> <!-- @AfterMethod endTestCase -->
  <testcase classname="com.tetherfi.test.BaseTest" name="@BeforeMethod startTestCase" time="-1.567416290799E9">
    <skipped/>
  </testcase> <!-- @BeforeMethod startTestCase -->
  <testcase classname="com.tetherfi.test.CEPEventMappingTest" name="@BeforeMethod NavigateToCepEventMappingPage" time="-1.567416290801E9">
    <skipped/>
  </testcase> <!-- @BeforeMethod NavigateToCepEventMappingPage -->
  <testcase classname="com.tetherfi.test.CEPEventMappingTest" name="@AfterMethod afterEachMethod" time="-1.567416290805E9">
    <skipped/>
  </testcase> <!-- @AfterMethod afterEachMethod -->
  <testcase classname="com.tetherfi.test.BaseTest" name="@AfterMethod endTestCase" time="-1.567416290815E9">
    <skipped/>
  </testcase> <!-- @AfterMethod endTestCase -->
  <testcase classname="com.tetherfi.test.BaseTest" name="@AfterClass tearDown" time="-1.567416290816E9">
    <skipped/>
  </testcase> <!-- @AfterClass tearDown -->
  <testcase classname="com.tetherfi.test.CEPEventMappingTest" name="AddCepEventMappingRecord" time="2.688">
    <failure type="java.lang.AssertionError" message="Add New record assertion failed expected [Record Created Successfully] but found [Please Provide CEP Event]">
      <![CDATA[java.lang.AssertionError: Add New record assertion failed expected [Record Created Successfully] but found [Please Provide CEP Event]
at com.tetherfi.test.CEPEventMappingTest.AddCepEventMappingRecord(CEPEventMappingTest.java:70)
at java.base/java.util.ArrayList.forEach(Unknown Source)
... Removed 31 stack frames]]>
    </failure>
  </testcase> <!-- AddCepEventMappingRecord -->
  <testcase classname="com.tetherfi.test.CEPEventMappingTest" name="VerifyAuditTrialReportForCreate" time="12.305">
    <failure type="org.openqa.selenium.WebDriverException" message="chrome not reachable
  (Session info: chrome=76.0.3809.132)
Build info: version: &amp;apos;3.141.59&amp;apos;, revision: &amp;apos;e82be7d358&amp;apos;, time: &amp;apos;2018-11-14T08:17:03&amp;apos;
System info: host: &amp;apos;ADMIN&amp;apos;, ip: &amp;apos;192.168.0.104&amp;apos;, os.name: &amp;apos;Windows 8.1&amp;apos;, os.arch: &amp;apos;amd64&amp;apos;, os.version: &amp;apos;6.3&amp;apos;, java.version: &amp;apos;9.0.4&amp;apos;
Driver info: org.openqa.selenium.chrome.ChromeDriver
Capabilities {acceptInsecureCerts: false, browserName: chrome, browserVersion: 76.0.3809.132, chrome: {chromedriverVersion: 76.0.3809.68 (420c9498db8ce..., userDataDir: C:\Users\ADMINP~1\AppData\L...}, goog:chromeOptions: {debuggerAddress: localhost:52012}, javascriptEnabled: true, networkConnectionEnabled: false, pageLoadStrategy: normal, platform: XP, platformName: XP, proxy: Proxy(), setWindowRect: true, strictFileInteractability: false, timeouts: {implicit: 0, pageLoad: 300000, script: 30000}, unhandledPromptBehavior: dismiss and notify}
Session ID: 98da5475bc7b013afd4a773da7d81276
*** Element info: {Using=css selector, value=span[aria-owns=&amp;apos;reportchannel_listbox&amp;apos;]}">
      <![CDATA[org.openqa.selenium.WebDriverException: chrome not reachable
  (Session info: chrome=76.0.3809.132)
Build info: version: '3.141.59', revision: 'e82be7d358', time: '2018-11-14T08:17:03'
System info: host: 'ADMIN', ip: '192.168.0.104', os.name: 'Windows 8.1', os.arch: 'amd64', os.version: '6.3', java.version: '9.0.4'
Driver info: org.openqa.selenium.chrome.ChromeDriver
Capabilities {acceptInsecureCerts: false, browserName: chrome, browserVersion: 76.0.3809.132, chrome: {chromedriverVersion: 76.0.3809.68 (420c9498db8ce..., userDataDir: C:\Users\ADMINP~1\AppData\L...}, goog:chromeOptions: {debuggerAddress: localhost:52012}, javascriptEnabled: true, networkConnectionEnabled: false, pageLoadStrategy: normal, platform: XP, platformName: XP, proxy: Proxy(), setWindowRect: true, strictFileInteractability: false, timeouts: {implicit: 0, pageLoad: 300000, script: 30000}, unhandledPromptBehavior: dismiss and notify}
Session ID: 98da5475bc7b013afd4a773da7d81276
*** Element info: {Using=css selector, value=span[aria-owns='reportchannel_listbox']}
at org.openqa.selenium.remote.http.W3CHttpResponseCodec.createException(W3CHttpResponseCodec.java:187)
at org.openqa.selenium.remote.http.W3CHttpResponseCodec.decode(W3CHttpResponseCodec.java:122)
at org.openqa.selenium.remote.http.W3CHttpResponseCodec.decode(W3CHttpResponseCodec.java:49)
at org.openqa.selenium.remote.HttpCommandExecutor.execute(HttpCommandExecutor.java:158)
at org.openqa.selenium.remote.service.DriverCommandExecutor.execute(DriverCommandExecutor.java:83)
at org.openqa.selenium.remote.RemoteWebDriver.execute(RemoteWebDriver.java:552)
at org.openqa.selenium.remote.RemoteWebDriver.findElement(RemoteWebDriver.java:323)
at org.openqa.selenium.remote.RemoteWebDriver.findElementByCssSelector(RemoteWebDriver.java:420)
at org.openqa.selenium.By$ByCssSelector.findElement(By.java:431)
at org.openqa.selenium.remote.RemoteWebDriver.findElement(RemoteWebDriver.java:315)
at org.openqa.selenium.support.pagefactory.DefaultElementLocator.findElement(DefaultElementLocator.java:69)
at org.openqa.selenium.support.pagefactory.internal.LocatingElementHandler.invoke(LocatingElementHandler.java:38)
at com.sun.proxy.$Proxy14.isDisplayed(Unknown Source)
at org.openqa.selenium.support.ui.ExpectedConditions.elementIfVisible(ExpectedConditions.java:314)
at org.openqa.selenium.support.ui.ExpectedConditions.access$000(ExpectedConditions.java:43)
at org.openqa.selenium.support.ui.ExpectedConditions$10.apply(ExpectedConditions.java:300)
at org.openqa.selenium.support.ui.ExpectedConditions$10.apply(ExpectedConditions.java:297)
at org.openqa.selenium.support.ui.FluentWait.until(FluentWait.java:249)
at com.tetherfi.pages.BasePage.waitUntilWebElementIsVisible(BasePage.java:127)
at com.tetherfi.pages.BasePage.selectWebElement(BasePage.java:191)
at com.tetherfi.pages.OCMReportsPage.chooseReport(OCMReportsPage.java:454)
at com.tetherfi.pages.OCMReportsPage.showReport(OCMReportsPage.java:307)
at com.tetherfi.test.CEPEventMappingTest.VerifyAuditTrialReportForCreate(CEPEventMappingTest.java:84)
at java.base/java.util.ArrayList.forEach(Unknown Source)
... Removed 31 stack frames]]>
    </failure>
  </testcase> <!-- VerifyAuditTrialReportForCreate -->
  <testcase classname="com.tetherfi.test.CEPEventMappingTest" name="DuplicateRecord" time="0.0">
    <skipped/>
  </testcase> <!-- DuplicateRecord -->
  <testcase classname="com.tetherfi.test.CEPEventMappingTest" name="VerifyCancelBtnAtAddRecord" time="0.0">
    <skipped/>
  </testcase> <!-- VerifyCancelBtnAtAddRecord -->
  <testcase classname="com.tetherfi.test.CEPEventMappingTest" name="AddRecordWithoutCEPEvent" time="0.0">
    <skipped/>
  </testcase> <!-- AddRecordWithoutCEPEvent -->
  <testcase classname="com.tetherfi.test.CEPEventMappingTest" name="AddRecordWithoutDescription" time="0.0">
    <skipped/>
  </testcase> <!-- AddRecordWithoutDescription -->
  <testcase classname="com.tetherfi.test.CEPEventMappingTest" name="AddRecordWithoutBins" time="0.0">
    <skipped/>
  </testcase> <!-- AddRecordWithoutBins -->
  <testcase classname="com.tetherfi.test.CEPEventMappingTest" name="AddRecordWithoutTransferFlag" time="0.0">
    <skipped/>
  </testcase> <!-- AddRecordWithoutTransferFlag -->
  <testcase classname="com.tetherfi.test.CEPEventMappingTest" name="EditCepEventMappingRecord" time="0.0">
    <skipped/>
  </testcase> <!-- EditCepEventMappingRecord -->
  <testcase classname="com.tetherfi.test.CEPEventMappingTest" name="VerifyAuditTrialReportForUpdate" time="0.0">
    <skipped/>
  </testcase> <!-- VerifyAuditTrialReportForUpdate -->
  <testcase classname="com.tetherfi.test.CEPEventMappingTest" name="EditWithoutModifyReasonRecord" time="0.0">
    <skipped/>
  </testcase> <!-- EditWithoutModifyReasonRecord -->
  <testcase classname="com.tetherfi.test.CEPEventMappingTest" name="ExportToExcelData" time="0.0">
    <skipped/>
  </testcase> <!-- ExportToExcelData -->
  <testcase classname="com.tetherfi.test.CEPEventMappingTest" name="DeleteRecord" time="0.0">
    <skipped/>
  </testcase> <!-- DeleteRecord -->
  <testcase classname="com.tetherfi.test.CEPEventMappingTest" name="VerifyAuditTrialReportForDelete" time="0.0">
    <skipped/>
  </testcase> <!-- VerifyAuditTrialReportForDelete -->
  <testcase classname="com.tetherfi.test.CEPEventMappingTest" name="SearchClearSearch" time="0.0">
    <skipped/>
  </testcase> <!-- SearchClearSearch -->
  <testcase classname="com.tetherfi.test.CEPEventMappingTest" name="ExporttoExcelWithoutData" time="0.0">
    <skipped/>
  </testcase> <!-- ExporttoExcelWithoutData -->
  <testcase classname="com.tetherfi.test.CEPEventMappingTest" name="SortingByAscending" time="0.0">
    <skipped/>
  </testcase> <!-- SortingByAscending -->
  <testcase classname="com.tetherfi.test.CEPEventMappingTest" name="SortingByDescending" time="0.0">
    <skipped/>
  </testcase> <!-- SortingByDescending -->
  <testcase classname="com.tetherfi.test.CEPEventMappingTest" name="VerifyCancelBtnAtDeleteCEPEventMappingRecord" time="0.0">
    <ignored/>
  </testcase> <!-- VerifyCancelBtnAtDeleteCEPEventMappingRecord -->
  <testcase classname="com.tetherfi.test.CEPEventMappingTest" name="VerifyColumnsHeaderDisable" time="0.0">
    <ignored/>
  </testcase> <!-- VerifyColumnsHeaderDisable -->
  <testcase classname="com.tetherfi.test.CEPEventMappingTest" name="ExportToExcel" time="0.0">
    <ignored/>
  </testcase> <!-- ExportToExcel -->
  <testcase classname="com.tetherfi.test.CEPEventMappingTest" name="VerifyArrowMoveForFirstAndLastPage" time="0.0">
    <ignored/>
  </testcase> <!-- VerifyArrowMoveForFirstAndLastPage -->
  <testcase classname="com.tetherfi.test.CEPEventMappingTest" name="searchPage" time="0.0">
    <ignored/>
  </testcase> <!-- searchPage -->
  <testcase classname="com.tetherfi.test.CEPEventMappingTest" name="AddRecordWithoutIntent" time="0.0">
    <ignored/>
  </testcase> <!-- AddRecordWithoutIntent -->
  <testcase classname="com.tetherfi.test.CEPEventMappingTest" name="searchwithoutSearchTextbox" time="0.0">
    <ignored/>
  </testcase> <!-- searchwithoutSearchTextbox -->
  <testcase classname="com.tetherfi.test.CEPEventMappingTest" name="GroupBy" time="0.0">
    <ignored/>
  </testcase> <!-- GroupBy -->
  <testcase classname="com.tetherfi.test.CEPEventMappingTest" name="VerifyTotalNumberOfItemsPerPageDetails" time="0.0">
    <ignored/>
  </testcase> <!-- VerifyTotalNumberOfItemsPerPageDetails -->
  <testcase classname="com.tetherfi.test.CEPEventMappingTest" name="VerifyArrowMoveForPreviousAndNextPage" time="0.0">
    <ignored/>
  </testcase> <!-- VerifyArrowMoveForPreviousAndNextPage -->
  <testcase classname="com.tetherfi.test.CEPEventMappingTest" name="VerifyColumnsHeaderEnable" time="0.0">
    <ignored/>
  </testcase> <!-- VerifyColumnsHeaderEnable -->
  <testcase classname="com.tetherfi.test.CEPEventMappingTest" name="VerifyCancelBtnAtEditRecord" time="0.0">
    <ignored/>
  </testcase> <!-- VerifyCancelBtnAtEditRecord -->
  <testcase classname="com.tetherfi.test.CEPEventMappingTest" name="VerifyNumberOfItemsPerPageSelection" time="0.0">
    <ignored/>
  </testcase> <!-- VerifyNumberOfItemsPerPageSelection -->
  <testcase classname="com.tetherfi.test.CEPEventMappingTest" name="VerifyDropdownForAllTheColumns" time="0.0">
    <ignored/>
  </testcase> <!-- VerifyDropdownForAllTheColumns -->
  <testcase classname="com.tetherfi.test.CEPEventMappingTest" name="CepEventMappingPage" time="0.0">
    <ignored/>
  </testcase> <!-- CepEventMappingPage -->
  <testcase classname="com.tetherfi.test.CEPEventMappingTest" name="DeleteWithoutDeleteReasonRecord" time="0.0">
    <ignored/>
  </testcase> <!-- DeleteWithoutDeleteReasonRecord -->
  <testcase classname="com.tetherfi.test.CEPEventMappingTest" name="database" time="0.0">
    <ignored/>
  </testcase> <!-- database -->
</testsuite> <!-- Default test(failed) -->
