<?xml version="1.0" encoding="UTF-8"?>
<!-- Generated by org.testng.reporters.JUnitXMLReporter -->
<testsuite ignored="40" hostname="DESKTOP-O6A5C2O" failures="22" tests="24" name="Default test(failed)" time="522.288" errors="0" timestamp="2020-05-04T12:01:20 IST">
  <testcase classname="com.tetherfi.test.fax.FaxAddressBookTest" name="VerifyDropdownForAllTheColumnsRecipient" time="40.51">
    <failure type="java.lang.AssertionError" message="Columns dropdown assertion failed did not expect to find [true] but found [false]">
      <![CDATA[java.lang.AssertionError: Columns dropdown assertion failed did not expect to find [true] but found [false]
at com.tetherfi.test.fax.FaxAddressBookTest.VerifyDropdownForAllTheColumnsRecipient(FaxAddressBookTest.java:69)
at java.base/java.util.ArrayList.forEach(Unknown Source)
... Removed 30 stack frames]]>
    </failure>
  </testcase> <!-- VerifyDropdownForAllTheColumnsRecipient -->
  <testcase classname="com.tetherfi.test.fax.FaxAddressBookTest" name="ExportToExcelData" time="0.458">
    <failure type="java.lang.ArrayIndexOutOfBoundsException" message="1">
      <![CDATA[java.lang.ArrayIndexOutOfBoundsException: 1
at com.tetherfi.pages.FaxAddressBookPage.getdata(FaxAddressBookPage.java:387)
at com.tetherfi.pages.FaxAddressBookPage.verifyexportToExcelSheet(FaxAddressBookPage.java:325)
at com.tetherfi.test.fax.FaxAddressBookTest.ExportToExcelData(FaxAddressBookTest.java:108)
at java.base/java.util.ArrayList.forEach(Unknown Source)
... Removed 27 stack frames]]>
    </failure>
  </testcase> <!-- ExportToExcelData -->
  <testcase classname="com.tetherfi.test.fax.FaxAddressBookTest" name="SortingByAscending" time="33.705"/>
  <testcase classname="com.tetherfi.test.fax.FaxAddressBookTest" name="SortingByDescending" time="36.715"/>
  <testcase classname="com.tetherfi.test.fax.FaxAddressBookTest" name="VerifyRecipientTotalNumberOfItemsPerPageDetailsRecipient" time="0.311">
    <failure type="java.lang.AssertionError" message="item per page assertion failed did not expect to find [true] but found [false]">
      <![CDATA[java.lang.AssertionError: item per page assertion failed did not expect to find [true] but found [false]
at com.tetherfi.test.fax.FaxAddressBookTest.VerifyRecipientTotalNumberOfItemsPerPageDetailsRecipient(FaxAddressBookTest.java:148)
at java.base/java.util.ArrayList.forEach(Unknown Source)
... Removed 30 stack frames]]>
    </failure>
  </testcase> <!-- VerifyRecipientTotalNumberOfItemsPerPageDetailsRecipient -->
  <testcase classname="com.tetherfi.test.fax.FaxAddressBookTest" name="VerifyRecipientNumberOfItemsPerPageSelectionRecipient" time="0.203">
    <failure type="java.lang.AssertionError" message="item per page assertion failed did not expect to find [true] but found [false]">
      <![CDATA[java.lang.AssertionError: item per page assertion failed did not expect to find [true] but found [false]
at com.tetherfi.test.fax.FaxAddressBookTest.VerifyRecipientNumberOfItemsPerPageSelectionRecipient(FaxAddressBookTest.java:155)
at java.base/java.util.ArrayList.forEach(Unknown Source)
... Removed 30 stack frames]]>
    </failure>
  </testcase> <!-- VerifyRecipientNumberOfItemsPerPageSelectionRecipient -->
  <testcase classname="com.tetherfi.test.fax.FaxAddressBookTest" name="AddNewRecipientRecord" time="2.698">
    <failure type="java.lang.AssertionError" message="expected [Record Created Successfully] but found [Record Creation Failed, Already Exist]">
      <![CDATA[java.lang.AssertionError: expected [Record Created Successfully] but found [Record Creation Failed, Already Exist]
at com.tetherfi.test.fax.FaxAddressBookTest.AddNewRecipientRecord(FaxAddressBookTest.java:247)
at java.base/java.util.ArrayList.forEach(Unknown Source)
... Removed 32 stack frames]]>
    </failure>
  </testcase> <!-- AddNewRecipientRecord -->
  <testcase classname="com.tetherfi.test.fax.FaxAddressBookTest" name="VerifyAuditTrailReportForCreate" time="24.708">
    <failure type="java.lang.NullPointerException">
      <![CDATA[java.lang.NullPointerException
at com.tetherfi.pages.OCMReportsPage.verifyRecipientCreate(OCMReportsPage.java:5117)
at com.tetherfi.test.fax.FaxAddressBookTest.VerifyAuditTrailReportForCreate(FaxAddressBookTest.java:262)
at java.base/java.util.ArrayList.forEach(Unknown Source)
... Removed 27 stack frames]]>
    </failure>
  </testcase> <!-- VerifyAuditTrailReportForCreate -->
  <testcase classname="com.tetherfi.test.fax.FaxAddressBookTest" name="VerifyAuditTrailReportForAddressCreate" time="24.219">
    <failure type="java.lang.AssertionError" message="Audit Trail report assertion failed did not expect to find [true] but found [false]">
      <![CDATA[java.lang.AssertionError: Audit Trail report assertion failed did not expect to find [true] but found [false]
at com.tetherfi.test.fax.FaxAddressBookTest.VerifyAuditTrailReportForAddressCreate(FaxAddressBookTest.java:344)
at java.base/java.util.ArrayList.forEach(Unknown Source)
... Removed 30 stack frames]]>
    </failure>
  </testcase> <!-- VerifyAuditTrailReportForAddressCreate -->
  <testcase classname="com.tetherfi.test.fax.FaxAddressBookTest" name="AddressBookExportToExcelData" time="8.953">
    <failure type="java.lang.AssertionError" message="did not expect to find [true] but found [false]">
      <![CDATA[java.lang.AssertionError: did not expect to find [true] but found [false]
at com.tetherfi.test.fax.FaxAddressBookTest.AddressBookExportToExcelData(FaxAddressBookTest.java:419)
at java.base/java.util.ArrayList.forEach(Unknown Source)
... Removed 31 stack frames]]>
    </failure>
  </testcase> <!-- AddressBookExportToExcelData -->
  <testcase classname="com.tetherfi.test.fax.FaxAddressBookTest" name="AddressBookSortingByAscending" time="12.727">
    <failure type="java.lang.AssertionError" message="did not expect to find [true] but found [false]">
      <![CDATA[java.lang.AssertionError: did not expect to find [true] but found [false]
at com.tetherfi.test.fax.FaxAddressBookTest.AddressBookSortingByAscending(FaxAddressBookTest.java:428)
at java.base/java.util.ArrayList.forEach(Unknown Source)
... Removed 31 stack frames]]>
    </failure>
  </testcase> <!-- AddressBookSortingByAscending -->
  <testcase classname="com.tetherfi.test.fax.FaxAddressBookTest" name="AddressBookSortingByDescending" time="12.544">
    <failure type="java.lang.AssertionError" message="did not expect to find [true] but found [false]">
      <![CDATA[java.lang.AssertionError: did not expect to find [true] but found [false]
at com.tetherfi.test.fax.FaxAddressBookTest.AddressBookSortingByDescending(FaxAddressBookTest.java:437)
at java.base/java.util.ArrayList.forEach(Unknown Source)
... Removed 31 stack frames]]>
    </failure>
  </testcase> <!-- AddressBookSortingByDescending -->
  <testcase classname="com.tetherfi.test.fax.FaxAddressBookTest" name="EditRecipientWithoutModifyReasonRecord" time="4.01">
    <failure type="java.lang.IndexOutOfBoundsException" message="Index 29 out-of-bounds for length 11">
      <![CDATA[java.lang.IndexOutOfBoundsException: Index 29 out-of-bounds for length 11
at java.base/jdk.internal.util.Preconditions.outOfBounds(Unknown Source)
at java.base/jdk.internal.util.Preconditions.outOfBoundsCheckIndex(Unknown Source)
at java.base/jdk.internal.util.Preconditions.checkIndex(Unknown Source)
at java.base/java.util.Objects.checkIndex(Unknown Source)
at java.base/java.util.ArrayList.get(Unknown Source)
at org.openqa.selenium.support.pagefactory.internal.LocatingElementListHandler.invoke(LocatingElementListHandler.java:39)
at com.sun.proxy.$Proxy15.get(Unknown Source)
at com.tetherfi.pages.FaxAddressBookPage.editRecipientWithoutModifyReason(FaxAddressBookPage.java:967)
at com.tetherfi.test.fax.FaxAddressBookTest.EditRecipientWithoutModifyReasonRecord(FaxAddressBookTest.java:446)
at java.base/java.util.ArrayList.forEach(Unknown Source)
... Removed 30 stack frames]]>
    </failure>
  </testcase> <!-- EditRecipientWithoutModifyReasonRecord -->
  <testcase classname="com.tetherfi.test.fax.FaxAddressBookTest" name="VerifyRecipientCancelBtnAtEditRecord" time="3.944">
    <failure type="java.lang.IndexOutOfBoundsException" message="Index 29 out-of-bounds for length 11">
      <![CDATA[java.lang.IndexOutOfBoundsException: Index 29 out-of-bounds for length 11
at java.base/jdk.internal.util.Preconditions.outOfBounds(Unknown Source)
at java.base/jdk.internal.util.Preconditions.outOfBoundsCheckIndex(Unknown Source)
at java.base/jdk.internal.util.Preconditions.checkIndex(Unknown Source)
at java.base/java.util.Objects.checkIndex(Unknown Source)
at java.base/java.util.ArrayList.get(Unknown Source)
at org.openqa.selenium.support.pagefactory.internal.LocatingElementListHandler.invoke(LocatingElementListHandler.java:39)
at com.sun.proxy.$Proxy15.get(Unknown Source)
at com.tetherfi.pages.FaxAddressBookPage.clickOnEditButtonrecepient(FaxAddressBookPage.java:842)
at com.tetherfi.test.fax.FaxAddressBookTest.VerifyRecipientCancelBtnAtEditRecord(FaxAddressBookTest.java:457)
at java.base/java.util.ArrayList.forEach(Unknown Source)
... Removed 30 stack frames]]>
    </failure>
  </testcase> <!-- VerifyRecipientCancelBtnAtEditRecord -->
  <testcase classname="com.tetherfi.test.fax.FaxAddressBookTest" name="EditRecipientRecord" time="3.88">
    <failure type="java.lang.IndexOutOfBoundsException" message="Index 29 out-of-bounds for length 11">
      <![CDATA[java.lang.IndexOutOfBoundsException: Index 29 out-of-bounds for length 11
at java.base/jdk.internal.util.Preconditions.outOfBounds(Unknown Source)
at java.base/jdk.internal.util.Preconditions.outOfBoundsCheckIndex(Unknown Source)
at java.base/jdk.internal.util.Preconditions.checkIndex(Unknown Source)
at java.base/java.util.Objects.checkIndex(Unknown Source)
at java.base/java.util.ArrayList.get(Unknown Source)
at org.openqa.selenium.support.pagefactory.internal.LocatingElementListHandler.invoke(LocatingElementListHandler.java:39)
at com.sun.proxy.$Proxy15.get(Unknown Source)
at com.tetherfi.pages.FaxAddressBookPage.editRecipientRecord(FaxAddressBookPage.java:920)
at com.tetherfi.test.fax.FaxAddressBookTest.EditRecipientRecord(FaxAddressBookTest.java:470)
at java.base/java.util.ArrayList.forEach(Unknown Source)
... Removed 30 stack frames]]>
    </failure>
  </testcase> <!-- EditRecipientRecord -->
  <testcase classname="com.tetherfi.test.fax.FaxAddressBookTest" name="VerifyAuditTrialReportForRecipientUpdate" time="24.009">
    <failure type="java.lang.IndexOutOfBoundsException" message="Index 1 out-of-bounds for length 1">
      <![CDATA[java.lang.IndexOutOfBoundsException: Index 1 out-of-bounds for length 1
at java.base/jdk.internal.util.Preconditions.outOfBounds(Unknown Source)
at java.base/jdk.internal.util.Preconditions.outOfBoundsCheckIndex(Unknown Source)
at java.base/jdk.internal.util.Preconditions.checkIndex(Unknown Source)
at java.base/java.util.Objects.checkIndex(Unknown Source)
at java.base/java.util.ArrayList.get(Unknown Source)
at com.tetherfi.pages.OCMReportsPage.getFirstRowDatafromTable1(OCMReportsPage.java:1337)
at com.tetherfi.pages.OCMReportsPage.verifyRecipientUpdate(OCMReportsPage.java:5136)
at com.tetherfi.test.fax.FaxAddressBookTest.VerifyAuditTrialReportForRecipientUpdate(FaxAddressBookTest.java:486)
at java.base/java.util.ArrayList.forEach(Unknown Source)
... Removed 27 stack frames]]>
    </failure>
  </testcase> <!-- VerifyAuditTrialReportForRecipientUpdate -->
  <testcase classname="com.tetherfi.test.fax.FaxAddressBookTest" name="VerifyAuditTrialReportForFaxAddressBookUpdate" time="25.236">
    <failure type="java.lang.AssertionError" message="did not expect to find [true] but found [false]">
      <![CDATA[java.lang.AssertionError: did not expect to find [true] but found [false]
at com.tetherfi.test.fax.FaxAddressBookTest.VerifyAuditTrialReportForFaxAddressBookUpdate(FaxAddressBookTest.java:532)
at java.base/java.util.ArrayList.forEach(Unknown Source)
... Removed 31 stack frames]]>
    </failure>
  </testcase> <!-- VerifyAuditTrialReportForFaxAddressBookUpdate -->
  <testcase classname="com.tetherfi.test.fax.FaxAddressBookTest" name="VerifyAuditTrialReportForAddressBookDelete" time="23.722">
    <failure type="java.lang.AssertionError" message="did not expect to find [true] but found [false]">
      <![CDATA[java.lang.AssertionError: did not expect to find [true] but found [false]
at com.tetherfi.test.fax.FaxAddressBookTest.VerifyAuditTrialReportForAddressBookDelete(FaxAddressBookTest.java:579)
at java.base/java.util.ArrayList.forEach(Unknown Source)
... Removed 31 stack frames]]>
    </failure>
  </testcase> <!-- VerifyAuditTrialReportForAddressBookDelete -->
  <testcase classname="com.tetherfi.test.fax.FaxAddressBookTest" name="DeleteRecepientWithoutDeleteReasonRecord" time="3.841">
    <failure type="java.lang.IndexOutOfBoundsException" message="Index 29 out-of-bounds for length 10">
      <![CDATA[java.lang.IndexOutOfBoundsException: Index 29 out-of-bounds for length 10
at java.base/jdk.internal.util.Preconditions.outOfBounds(Unknown Source)
at java.base/jdk.internal.util.Preconditions.outOfBoundsCheckIndex(Unknown Source)
at java.base/jdk.internal.util.Preconditions.checkIndex(Unknown Source)
at java.base/java.util.Objects.checkIndex(Unknown Source)
at java.base/java.util.ArrayList.get(Unknown Source)
at org.openqa.selenium.support.pagefactory.internal.LocatingElementListHandler.invoke(LocatingElementListHandler.java:39)
at com.sun.proxy.$Proxy15.get(Unknown Source)
at com.tetherfi.pages.FaxAddressBookPage.deleteRecipientWithoutDeleteReasonRecord(FaxAddressBookPage.java:977)
at com.tetherfi.test.fax.FaxAddressBookTest.DeleteRecepientWithoutDeleteReasonRecord(FaxAddressBookTest.java:589)
at java.base/java.util.ArrayList.forEach(Unknown Source)
... Removed 30 stack frames]]>
    </failure>
  </testcase> <!-- DeleteRecepientWithoutDeleteReasonRecord -->
  <testcase classname="com.tetherfi.test.fax.FaxAddressBookTest" name="VerifyCancelBtnAtDeleteRecepientRecord" time="3.755">
    <failure type="java.lang.IndexOutOfBoundsException" message="Index 29 out-of-bounds for length 10">
      <![CDATA[java.lang.IndexOutOfBoundsException: Index 29 out-of-bounds for length 10
at java.base/jdk.internal.util.Preconditions.outOfBounds(Unknown Source)
at java.base/jdk.internal.util.Preconditions.outOfBoundsCheckIndex(Unknown Source)
at java.base/jdk.internal.util.Preconditions.checkIndex(Unknown Source)
at java.base/java.util.Objects.checkIndex(Unknown Source)
at java.base/java.util.ArrayList.get(Unknown Source)
at org.openqa.selenium.support.pagefactory.internal.LocatingElementListHandler.invoke(LocatingElementListHandler.java:39)
at com.sun.proxy.$Proxy15.get(Unknown Source)
at com.tetherfi.pages.FaxAddressBookPage.DeletecancelButtonRecepientTab(FaxAddressBookPage.java:866)
at com.tetherfi.test.fax.FaxAddressBookTest.VerifyCancelBtnAtDeleteRecepientRecord(FaxAddressBookTest.java:598)
at java.base/java.util.ArrayList.forEach(Unknown Source)
... Removed 30 stack frames]]>
    </failure>
  </testcase> <!-- VerifyCancelBtnAtDeleteRecepientRecord -->
  <testcase classname="com.tetherfi.test.fax.FaxAddressBookTest" name="DeleteRecipientRecord" time="3.89">
    <failure type="java.lang.IndexOutOfBoundsException" message="Index 29 out-of-bounds for length 10">
      <![CDATA[java.lang.IndexOutOfBoundsException: Index 29 out-of-bounds for length 10
at java.base/jdk.internal.util.Preconditions.outOfBounds(Unknown Source)
at java.base/jdk.internal.util.Preconditions.outOfBoundsCheckIndex(Unknown Source)
at java.base/jdk.internal.util.Preconditions.checkIndex(Unknown Source)
at java.base/java.util.Objects.checkIndex(Unknown Source)
at java.base/java.util.ArrayList.get(Unknown Source)
at org.openqa.selenium.support.pagefactory.internal.LocatingElementListHandler.invoke(LocatingElementListHandler.java:39)
at com.sun.proxy.$Proxy15.get(Unknown Source)
at com.tetherfi.pages.FaxAddressBookPage.deleteRecipientRecord(FaxAddressBookPage.java:988)
at com.tetherfi.test.fax.FaxAddressBookTest.DeleteRecipientRecord(FaxAddressBookTest.java:609)
at java.base/java.util.ArrayList.forEach(Unknown Source)
... Removed 30 stack frames]]>
    </failure>
  </testcase> <!-- DeleteRecipientRecord -->
  <testcase classname="com.tetherfi.test.fax.FaxAddressBookTest" name="VerifyAuditTrialReportForDelete" time="23.406">
    <failure type="java.lang.IndexOutOfBoundsException" message="Index 1 out-of-bounds for length 1">
      <![CDATA[java.lang.IndexOutOfBoundsException: Index 1 out-of-bounds for length 1
at java.base/jdk.internal.util.Preconditions.outOfBounds(Unknown Source)
at java.base/jdk.internal.util.Preconditions.outOfBoundsCheckIndex(Unknown Source)
at java.base/jdk.internal.util.Preconditions.checkIndex(Unknown Source)
at java.base/java.util.Objects.checkIndex(Unknown Source)
at java.base/java.util.ArrayList.get(Unknown Source)
at com.tetherfi.pages.OCMReportsPage.getFirstRowDatafromTable1(OCMReportsPage.java:1337)
at com.tetherfi.pages.OCMReportsPage.verifyRecipientdelete(OCMReportsPage.java:5188)
at com.tetherfi.test.fax.FaxAddressBookTest.VerifyAuditTrialReportForDelete(FaxAddressBookTest.java:625)
at java.base/java.util.ArrayList.forEach(Unknown Source)
... Removed 27 stack frames]]>
    </failure>
  </testcase> <!-- VerifyAuditTrialReportForDelete -->
  <testcase classname="com.tetherfi.test.fax.FaxAddressBookTest" name="VerifyAddressBookColumnsHeaderEnable" time="30.077">
    <failure type="org.openqa.selenium.TimeoutException" message="Expected condition failed: waiting for visibility of [[ChromeDriver: chrome on WINDOWS (e5e33df892f930148775f815d0013fc4)] -&amp;gt; css selector: th a[class=&amp;apos;k-header-column-menu&amp;apos;]] (tried for 30 second(s) with 500 milliseconds interval)
Build info: version: &amp;apos;3.141.59&amp;apos;, revision: &amp;apos;e82be7d358&amp;apos;, time: &amp;apos;2018-11-14T08:17:03&amp;apos;
System info: host: &amp;apos;DESKTOP-O6A5C2O&amp;apos;, ip: &amp;apos;10.0.75.1&amp;apos;, os.name: &amp;apos;Windows 10&amp;apos;, os.arch: &amp;apos;amd64&amp;apos;, os.version: &amp;apos;10.0&amp;apos;, java.version: &amp;apos;9.0.4&amp;apos;
Driver info: org.openqa.selenium.chrome.ChromeDriver
Capabilities {acceptInsecureCerts: false, browserName: chrome, browserVersion: 80.0.3987.116, chrome: {chromedriverVersion: 80.0.3987.106 (f68069574609..., userDataDir: C:\Users\admin\AppData\Loca...}, goog:chromeOptions: {debuggerAddress: localhost:62789}, javascriptEnabled: true, networkConnectionEnabled: false, pageLoadStrategy: normal, platform: WINDOWS, platformName: WINDOWS, proxy: Proxy(), setWindowRect: true, strictFileInteractability: false, timeouts: {implicit: 0, pageLoad: 300000, script: 30000}, unhandledPromptBehavior: dismiss and notify}
Session ID: e5e33df892f930148775f815d0013fc4">
      <![CDATA[org.openqa.selenium.TimeoutException: Expected condition failed: waiting for visibility of [[ChromeDriver: chrome on WINDOWS (e5e33df892f930148775f815d0013fc4)] -> css selector: th a[class='k-header-column-menu']] (tried for 30 second(s) with 500 milliseconds interval)
Build info: version: '3.141.59', revision: 'e82be7d358', time: '2018-11-14T08:17:03'
System info: host: 'DESKTOP-O6A5C2O', ip: '10.0.75.1', os.name: 'Windows 10', os.arch: 'amd64', os.version: '10.0', java.version: '9.0.4'
Driver info: org.openqa.selenium.chrome.ChromeDriver
Capabilities {acceptInsecureCerts: false, browserName: chrome, browserVersion: 80.0.3987.116, chrome: {chromedriverVersion: 80.0.3987.106 (f68069574609..., userDataDir: C:\Users\admin\AppData\Loca...}, goog:chromeOptions: {debuggerAddress: localhost:62789}, javascriptEnabled: true, networkConnectionEnabled: false, pageLoadStrategy: normal, platform: WINDOWS, platformName: WINDOWS, proxy: Proxy(), setWindowRect: true, strictFileInteractability: false, timeouts: {implicit: 0, pageLoad: 300000, script: 30000}, unhandledPromptBehavior: dismiss and notify}
Session ID: e5e33df892f930148775f815d0013fc4
at org.openqa.selenium.support.ui.WebDriverWait.timeoutException(WebDriverWait.java:95)
at org.openqa.selenium.support.ui.FluentWait.until(FluentWait.java:272)
at com.tetherfi.pages.BasePage.waitUntilWebElementIsVisible(BasePage.java:127)
at com.tetherfi.pages.FaxAddressBookPage.verifycolumnsHeaderEnabledAdress(FaxAddressBookPage.java:768)
at com.tetherfi.test.fax.FaxAddressBookTest.VerifyAddressBookColumnsHeaderEnable(FaxAddressBookTest.java:658)
at java.base/java.util.ArrayList.forEach(Unknown Source)
... Removed 27 stack frames]]>
    </failure>
  </testcase> <!-- VerifyAddressBookColumnsHeaderEnable -->
  <testcase classname="com.tetherfi.test.fax.FaxAddressBookTest" name="VerifyNumberOfItemsPerPageSelection" time="2.648">
    <failure type="java.lang.AssertionError" message="item per page assertion failed did not expect to find [true] but found [false]">
      <![CDATA[java.lang.AssertionError: item per page assertion failed did not expect to find [true] but found [false]
at com.tetherfi.test.fax.FaxAddressBookTest.VerifyNumberOfItemsPerPageSelection(FaxAddressBookTest.java:729)
at java.base/java.util.ArrayList.forEach(Unknown Source)
... Removed 30 stack frames]]>
    </failure>
  </testcase> <!-- VerifyNumberOfItemsPerPageSelection -->
  <testcase classname="com.tetherfi.test.fax.FaxAddressBookTest" name="VerifyRecipientArrowMoveForFirstAndLastPageRecipient" time="0.0">
    <ignored/>
  </testcase> <!-- VerifyRecipientArrowMoveForFirstAndLastPageRecipient -->
  <testcase classname="com.tetherfi.test.fax.FaxAddressBookTest" name="VerifyArrowMoveForFirstAndLastPage" time="0.0">
    <ignored/>
  </testcase> <!-- VerifyArrowMoveForFirstAndLastPage -->
  <testcase classname="com.tetherfi.test.fax.FaxAddressBookTest" name="VerifyCancelButtonatAddRecipientRecord" time="0.0">
    <ignored/>
  </testcase> <!-- VerifyCancelButtonatAddRecipientRecord -->
  <testcase classname="com.tetherfi.test.fax.FaxAddressBookTest" name="AddNewFaxAddressBookRecord" time="0.0">
    <ignored/>
  </testcase> <!-- AddNewFaxAddressBookRecord -->
  <testcase classname="com.tetherfi.test.fax.FaxAddressBookTest" name="VerifyRecipientColumnsHeaderDisable" time="0.0">
    <ignored/>
  </testcase> <!-- VerifyRecipientColumnsHeaderDisable -->
  <testcase classname="com.tetherfi.test.fax.FaxAddressBookTest" name="VerifyCancelButtonatAddressBookRecord" time="0.0">
    <ignored/>
  </testcase> <!-- VerifyCancelButtonatAddressBookRecord -->
  <testcase classname="com.tetherfi.test.fax.FaxAddressBookTest" name="AddNewEmptyRecord" time="0.0">
    <ignored/>
  </testcase> <!-- AddNewEmptyRecord -->
  <testcase classname="com.tetherfi.test.fax.FaxAddressBookTest" name="VerifyCancelBtnAtDeleteAddressRecord" time="0.0">
    <ignored/>
  </testcase> <!-- VerifyCancelBtnAtDeleteAddressRecord -->
  <testcase classname="com.tetherfi.test.fax.FaxAddressBookTest" name="searchRecipientwithoutSearchTextbox" time="0.0">
    <ignored/>
  </testcase> <!-- searchRecipientwithoutSearchTextbox -->
  <testcase classname="com.tetherfi.test.fax.FaxAddressBookTest" name="DeleteWithoutDeleteReasonAddressBookRecord" time="0.0">
    <ignored/>
  </testcase> <!-- DeleteWithoutDeleteReasonAddressBookRecord -->
  <testcase classname="com.tetherfi.test.fax.FaxAddressBookTest" name="VerifyCancelBtnAtEditAddressBookRecord" time="0.0">
    <ignored/>
  </testcase> <!-- VerifyCancelBtnAtEditAddressBookRecord -->
  <testcase classname="com.tetherfi.test.fax.FaxAddressBookTest" name="EditWithoutModifyReasonAddressBookRecord" time="0.0">
    <ignored/>
  </testcase> <!-- EditWithoutModifyReasonAddressBookRecord -->
  <testcase classname="com.tetherfi.test.fax.FaxAddressBookTest" name="RecipientsearchPageClearAllandClose" time="0.0">
    <ignored/>
  </testcase> <!-- RecipientsearchPageClearAllandClose -->
  <testcase classname="com.tetherfi.test.fax.FaxAddressBookTest" name="EditFaxAddressBookRecord" time="0.0">
    <ignored/>
  </testcase> <!-- EditFaxAddressBookRecord -->
  <testcase classname="com.tetherfi.test.fax.FaxAddressBookTest" name="VerifyRecipientColumnsHeaderEnable" time="0.0">
    <ignored/>
  </testcase> <!-- VerifyRecipientColumnsHeaderEnable -->
  <testcase classname="com.tetherfi.test.fax.FaxAddressBookTest" name="SearchClearSearch" time="0.0">
    <ignored/>
  </testcase> <!-- SearchClearSearch -->
  <testcase classname="com.tetherfi.test.fax.FaxAddressBookTest" name="VerifyRecipientDragAndDrop" time="0.0">
    <ignored/>
  </testcase> <!-- VerifyRecipientDragAndDrop -->
  <testcase classname="com.tetherfi.test.fax.FaxAddressBookTest" name="VerifyTotalNumberOfItemsPerPageDetails" time="0.0">
    <ignored/>
  </testcase> <!-- VerifyTotalNumberOfItemsPerPageDetails -->
  <testcase classname="com.tetherfi.test.fax.FaxAddressBookTest" name="AddNewRecordWithoutName" time="0.0">
    <ignored/>
  </testcase> <!-- AddNewRecordWithoutName -->
  <testcase classname="com.tetherfi.test.fax.FaxAddressBookTest" name="VerifyDragAndDropofAlreadyGroupedHeader" time="0.0">
    <ignored/>
  </testcase> <!-- VerifyDragAndDropofAlreadyGroupedHeader -->
  <testcase classname="com.tetherfi.test.fax.FaxAddressBookTest" name="VerifyFaxAddressBookPage" time="0.0">
    <ignored/>
  </testcase> <!-- VerifyFaxAddressBookPage -->
  <testcase classname="com.tetherfi.test.fax.FaxAddressBookTest" name="VerifyRecipientDragAndDropofAlreadyGroupedHeader" time="0.0">
    <ignored/>
  </testcase> <!-- VerifyRecipientDragAndDropofAlreadyGroupedHeader -->
  <testcase classname="com.tetherfi.test.fax.FaxAddressBookTest" name="AddNewRecipientWithoutNumberRecord" time="0.0">
    <ignored/>
  </testcase> <!-- AddNewRecipientWithoutNumberRecord -->
  <testcase classname="com.tetherfi.test.fax.FaxAddressBookTest" name="searchAddressBookwithoutSearchTextbox" time="0.0">
    <ignored/>
  </testcase> <!-- searchAddressBookwithoutSearchTextbox -->
  <testcase classname="com.tetherfi.test.fax.FaxAddressBookTest" name="AddNewRecordWithoutRecipients" time="0.0">
    <ignored/>
  </testcase> <!-- AddNewRecordWithoutRecipients -->
  <testcase classname="com.tetherfi.test.fax.FaxAddressBookTest" name="SearchRecipientClearSearch" time="0.0">
    <ignored/>
  </testcase> <!-- SearchRecipientClearSearch -->
  <testcase classname="com.tetherfi.test.fax.FaxAddressBookTest" name="ExportToExcel" time="0.0">
    <ignored/>
  </testcase> <!-- ExportToExcel -->
  <testcase classname="com.tetherfi.test.fax.FaxAddressBookTest" name="AddNewRecordWithoutFaxLine" time="0.0">
    <ignored/>
  </testcase> <!-- AddNewRecordWithoutFaxLine -->
  <testcase classname="com.tetherfi.test.fax.FaxAddressBookTest" name="VerifyRecipientArrowMoveForPreviousAndNextPageRecipient" time="0.0">
    <ignored/>
  </testcase> <!-- VerifyRecipientArrowMoveForPreviousAndNextPageRecipient -->
  <testcase classname="com.tetherfi.test.fax.FaxAddressBookTest" name="AddNewDuplicateRecord" time="0.0">
    <ignored/>
  </testcase> <!-- AddNewDuplicateRecord -->
  <testcase classname="com.tetherfi.test.fax.FaxAddressBookTest" name="AddNewRecipientWithoutName1Record" time="0.0">
    <ignored/>
  </testcase> <!-- AddNewRecipientWithoutName1Record -->
  <testcase classname="com.tetherfi.test.fax.FaxAddressBookTest" name="AddressBookExportToExcel" time="0.0">
    <ignored/>
  </testcase> <!-- AddressBookExportToExcel -->
  <testcase classname="com.tetherfi.test.fax.FaxAddressBookTest" name="VerifyAddressBookColumnsHeaderDisable" time="0.0">
    <ignored/>
  </testcase> <!-- VerifyAddressBookColumnsHeaderDisable -->
  <testcase classname="com.tetherfi.test.fax.FaxAddressBookTest" name="AddressBookSearchClearAllClose" time="0.0">
    <ignored/>
  </testcase> <!-- AddressBookSearchClearAllClose -->
  <testcase classname="com.tetherfi.test.fax.FaxAddressBookTest" name="AddDuplicateRecipientRecord" time="0.0">
    <ignored/>
  </testcase> <!-- AddDuplicateRecipientRecord -->
  <testcase classname="com.tetherfi.test.fax.FaxAddressBookTest" name="VerifyAddressBookDropdownForAllTheColumns" time="0.0">
    <ignored/>
  </testcase> <!-- VerifyAddressBookDropdownForAllTheColumns -->
  <testcase classname="com.tetherfi.test.fax.FaxAddressBookTest" name="VerifyDragAndDropofAddressBook" time="0.0">
    <ignored/>
  </testcase> <!-- VerifyDragAndDropofAddressBook -->
  <testcase classname="com.tetherfi.test.fax.FaxAddressBookTest" name="AddNewEmptyRecipientRecord" time="0.0">
    <ignored/>
  </testcase> <!-- AddNewEmptyRecipientRecord -->
  <testcase classname="com.tetherfi.test.fax.FaxAddressBookTest" name="DeleteAddressBookRecord" time="0.0">
    <ignored/>
  </testcase> <!-- DeleteAddressBookRecord -->
  <testcase classname="com.tetherfi.test.fax.FaxAddressBookTest" name="VerifyArrowMoveForPreviousAndNextPage" time="0.0">
    <ignored/>
  </testcase> <!-- VerifyArrowMoveForPreviousAndNextPage -->
</testsuite> <!-- Default test(failed) -->
