<?xml version="1.0" encoding="UTF-8"?>
<!-- Generated by org.testng.reporters.JUnitXMLReporter -->
<testsuite ignored="6" hostname="admin" failures="1" tests="2" name="Default test(failed)" time="97.487" errors="0" timestamp="04 Jul 2019 05:39:31 GMT">
  <testcase classname="com.tetherfi.test.email.EmailTemplateTest" name="VerifyAuditTrialReportForCreateGroup" time="31.496">
    <failure type="java.lang.IndexOutOfBoundsException" message="Index 1 out-of-bounds for length 1">
      <![CDATA[java.lang.IndexOutOfBoundsException: Index 1 out-of-bounds for length 1
	at java.base/jdk.internal.util.Preconditions.outOfBounds(Unknown Source)
	at java.base/jdk.internal.util.Preconditions.outOfBoundsCheckIndex(Unknown Source)
	at java.base/jdk.internal.util.Preconditions.checkIndex(Unknown Source)
	at java.base/java.util.Objects.checkIndex(Unknown Source)
	at java.base/java.util.ArrayList.get(Unknown Source)
	at com.tetherfi.pages.OCMReportsPage.getFirstRowDatafromTable1(OCMReportsPage.java:1158)
	at com.tetherfi.pages.OCMReportsPage.verifyEmailTemplateGroupCreate(OCMReportsPage.java:5289)
	at com.tetherfi.test.email.EmailTemplateTest.VerifyAuditTrialReportForCreateGroup(EmailTemplateTest.java:628)
... Removed 25 stack frames]]>
    </failure>
  </testcase> <!-- VerifyAuditTrialReportForCreateGroup -->
  <testcase classname="com.tetherfi.test.email.EmailTemplateTest" name="VerifyCancelBtnAtAddGroupsRecord" time="5.369"/>
  <testcase classname="com.tetherfi.test.email.EmailTemplateTest" name="AddEmptyGroupRecord" time="0.0">
    <ignored/>
  </testcase> <!-- AddEmptyGroupRecord -->
  <testcase classname="com.tetherfi.test.email.EmailTemplateTest" name="AddNewGroupsRecord" time="0.0">
    <ignored/>
  </testcase> <!-- AddNewGroupsRecord -->
  <testcase classname="com.tetherfi.test.email.EmailTemplateTest" name="AddRecordWithoutGroupEnabled" time="0.0">
    <ignored/>
  </testcase> <!-- AddRecordWithoutGroupEnabled -->
  <testcase classname="com.tetherfi.test.email.EmailTemplateTest" name="AddDuplicateGroupsRecord" time="0.0">
    <ignored/>
  </testcase> <!-- AddDuplicateGroupsRecord -->
  <testcase classname="com.tetherfi.test.email.EmailTemplateTest" name="AddRecordWithoutDepartmentName" time="0.0">
    <ignored/>
  </testcase> <!-- AddRecordWithoutDepartmentName -->
  <testcase classname="com.tetherfi.test.email.EmailTemplateTest" name="AddRecordWithoutName" time="0.0">
    <ignored/>
  </testcase> <!-- AddRecordWithoutName -->
</testsuite> <!-- Default test(failed) -->
