<?xml version="1.0" encoding="UTF-8"?>
<!-- Generated by org.testng.reporters.JUnitXMLReporter -->
<testsuite ignored="34" hostname="DESKTOP-O6A5C2O" failures="2" tests="5" name="Default test(failed)" time="124.768" errors="0" timestamp="2019-11-04T17:14:48 IST">
  <testcase classname="com.tetherfi.test.tmac.AgentTeamMgmtTest" name="AddDuplicateRecord" time="50.447">
    <failure type="java.lang.AssertionError" message="did not expect to find [true] but found [false]">
      <![CDATA[java.lang.AssertionError: did not expect to find [true] but found [false]
at com.tetherfi.test.tmac.AgentTeamMgmtTest.AddDuplicateRecord(AgentTeamMgmtTest.java:163)
at java.base/java.util.ArrayList.forEach(Unknown Source)
... Removed 31 stack frames]]>
    </failure>
  </testcase> <!-- AddDuplicateRecord -->
  <testcase classname="com.tetherfi.test.tmac.AgentTeamMgmtTest" name="VerifySearchIsNotEqualTo" time="7.148"/>
  <testcase classname="com.tetherfi.test.tmac.AgentTeamMgmtTest" name="VerifySearchDoesNotContains" time="6.994"/>
  <testcase classname="com.tetherfi.test.tmac.AgentTeamMgmtTest" name="VerifySearchStartsWith" time="3.416"/>
  <testcase classname="com.tetherfi.test.tmac.AgentTeamMgmtTest" name="database" time="5.193">
    <failure type="java.lang.AssertionError" message="did not expect to find [true] but found [false]">
      <![CDATA[java.lang.AssertionError: did not expect to find [true] but found [false]
at com.tetherfi.test.tmac.AgentTeamMgmtTest.database(AgentTeamMgmtTest.java:324)
at java.base/java.util.ArrayList.forEach(Unknown Source)
... Removed 31 stack frames]]>
    </failure>
  </testcase> <!-- database -->
  <testcase classname="com.tetherfi.test.tmac.AgentTeamMgmtTest" name="AddNewCountryRecord" time="0.0">
    <ignored/>
  </testcase> <!-- AddNewCountryRecord -->
  <testcase classname="com.tetherfi.test.tmac.AgentTeamMgmtTest" name="DeleteAgentTeamManagementCancelRecord" time="0.0">
    <ignored/>
  </testcase> <!-- DeleteAgentTeamManagementCancelRecord -->
  <testcase classname="com.tetherfi.test.tmac.AgentTeamMgmtTest" name="AddNewDivisionRecord" time="0.0">
    <ignored/>
  </testcase> <!-- AddNewDivisionRecord -->
  <testcase classname="com.tetherfi.test.tmac.AgentTeamMgmtTest" name="VerifyColumnsHeaderEnable" time="0.0">
    <ignored/>
  </testcase> <!-- VerifyColumnsHeaderEnable -->
  <testcase classname="com.tetherfi.test.tmac.AgentTeamMgmtTest" name="AddRecordDepartmentBlank" time="0.0">
    <ignored/>
  </testcase> <!-- AddRecordDepartmentBlank -->
  <testcase classname="com.tetherfi.test.tmac.AgentTeamMgmtTest" name="SortingByAscending" time="0.0">
    <ignored/>
  </testcase> <!-- SortingByAscending -->
  <testcase classname="com.tetherfi.test.tmac.AgentTeamMgmtTest" name="AddNewAgentTeamManagementCancelRecord" time="0.0">
    <ignored/>
  </testcase> <!-- AddNewAgentTeamManagementCancelRecord -->
  <testcase classname="com.tetherfi.test.tmac.AgentTeamMgmtTest" name="AddRecordDivisionBlank" time="0.0">
    <ignored/>
  </testcase> <!-- AddRecordDivisionBlank -->
  <testcase classname="com.tetherfi.test.tmac.AgentTeamMgmtTest" name="AddNewDepartmentRecord" time="0.0">
    <ignored/>
  </testcase> <!-- AddNewDepartmentRecord -->
  <testcase classname="com.tetherfi.test.tmac.AgentTeamMgmtTest" name="SortingByDescending" time="0.0">
    <ignored/>
  </testcase> <!-- SortingByDescending -->
  <testcase classname="com.tetherfi.test.tmac.AgentTeamMgmtTest" name="AgentTeamManagementPage" time="0.0">
    <ignored/>
  </testcase> <!-- AgentTeamManagementPage -->
  <testcase classname="com.tetherfi.test.tmac.AgentTeamMgmtTest" name="VerifySearchEndsWith" time="0.0">
    <ignored/>
  </testcase> <!-- VerifySearchEndsWith -->
  <testcase classname="com.tetherfi.test.tmac.AgentTeamMgmtTest" name="VerifyArrowMoveForFirstAndLastPage" time="0.0">
    <ignored/>
  </testcase> <!-- VerifyArrowMoveForFirstAndLastPage -->
  <testcase classname="com.tetherfi.test.tmac.AgentTeamMgmtTest" name="VerifySearchContains" time="0.0">
    <ignored/>
  </testcase> <!-- VerifySearchContains -->
  <testcase classname="com.tetherfi.test.tmac.AgentTeamMgmtTest" name="VerifyAuditTrialReportForCreate" time="0.0">
    <ignored/>
  </testcase> <!-- VerifyAuditTrialReportForCreate -->
  <testcase classname="com.tetherfi.test.tmac.AgentTeamMgmtTest" name="ExportToExcelData" time="0.0">
    <ignored/>
  </testcase> <!-- ExportToExcelData -->
  <testcase classname="com.tetherfi.test.tmac.AgentTeamMgmtTest" name="EditAgentTeamManagementCancelRecord" time="0.0">
    <ignored/>
  </testcase> <!-- EditAgentTeamManagementCancelRecord -->
  <testcase classname="com.tetherfi.test.tmac.AgentTeamMgmtTest" name="VerifyNumberOfItemsPerPageSelection" time="0.0">
    <ignored/>
  </testcase> <!-- VerifyNumberOfItemsPerPageSelection -->
  <testcase classname="com.tetherfi.test.tmac.AgentTeamMgmtTest" name="VerifyAuditTrialReportForUpdate" time="0.0">
    <ignored/>
  </testcase> <!-- VerifyAuditTrialReportForUpdate -->
  <testcase classname="com.tetherfi.test.tmac.AgentTeamMgmtTest" name="VerifyDropdownForAllTheColumns" time="0.0">
    <ignored/>
  </testcase> <!-- VerifyDropdownForAllTheColumns -->
  <testcase classname="com.tetherfi.test.tmac.AgentTeamMgmtTest" name="VerifyAuditTrialReportForDelete" time="0.0">
    <ignored/>
  </testcase> <!-- VerifyAuditTrialReportForDelete -->
  <testcase classname="com.tetherfi.test.tmac.AgentTeamMgmtTest" name="GroupBy" time="0.0">
    <ignored/>
  </testcase> <!-- GroupBy -->
  <testcase classname="com.tetherfi.test.tmac.AgentTeamMgmtTest" name="AddRecordTeamNameBlank" time="0.0">
    <ignored/>
  </testcase> <!-- AddRecordTeamNameBlank -->
  <testcase classname="com.tetherfi.test.tmac.AgentTeamMgmtTest" name="AddRecordCountryBlank" time="0.0">
    <ignored/>
  </testcase> <!-- AddRecordCountryBlank -->
  <testcase classname="com.tetherfi.test.tmac.AgentTeamMgmtTest" name="VerifyArrowMoveForPreviousAndNextPage" time="0.0">
    <ignored/>
  </testcase> <!-- VerifyArrowMoveForPreviousAndNextPage -->
  <testcase classname="com.tetherfi.test.tmac.AgentTeamMgmtTest" name="ExporttoExcelWithoutData" time="0.0">
    <ignored/>
  </testcase> <!-- ExporttoExcelWithoutData -->
  <testcase classname="com.tetherfi.test.tmac.AgentTeamMgmtTest" name="DeleteAgentTeamManagementRecord" time="0.0">
    <ignored/>
  </testcase> <!-- DeleteAgentTeamManagementRecord -->
  <testcase classname="com.tetherfi.test.tmac.AgentTeamMgmtTest" name="SearchClearSearch" time="0.0">
    <ignored/>
  </testcase> <!-- SearchClearSearch -->
  <testcase classname="com.tetherfi.test.tmac.AgentTeamMgmtTest" name="VerifyTotalNumberOfItemsPerPageDetails" time="0.0">
    <ignored/>
  </testcase> <!-- VerifyTotalNumberOfItemsPerPageDetails -->
  <testcase classname="com.tetherfi.test.tmac.AgentTeamMgmtTest" name="AddNewAgentTeamManagementRecord" time="0.0">
    <ignored/>
  </testcase> <!-- AddNewAgentTeamManagementRecord -->
  <testcase classname="com.tetherfi.test.tmac.AgentTeamMgmtTest" name="ExportToExcel" time="0.0">
    <ignored/>
  </testcase> <!-- ExportToExcel -->
  <testcase classname="com.tetherfi.test.tmac.AgentTeamMgmtTest" name="searchPage" time="0.0">
    <ignored/>
  </testcase> <!-- searchPage -->
  <testcase classname="com.tetherfi.test.tmac.AgentTeamMgmtTest" name="EditAgentTeamManagementRecord" time="0.0">
    <ignored/>
  </testcase> <!-- EditAgentTeamManagementRecord -->
  <testcase classname="com.tetherfi.test.tmac.AgentTeamMgmtTest" name="VerifyColumnsHeaderDisable" time="0.0">
    <ignored/>
  </testcase> <!-- VerifyColumnsHeaderDisable -->
</testsuite> <!-- Default test(failed) -->
