<?xml version="1.0" encoding="UTF-8"?>
<!-- Generated by org.testng.reporters.JUnitXMLReporter -->
<testsuite ignored="13" hostname="admin" failures="3" tests="9" name="Default test(failed)" time="72.984" errors="0" timestamp="2019-09-13T15:59:31 IST">
  <testcase classname="com.tetherfi.test.sms.SmsResponseTemplateUITest" name="@BeforeMethod NavigateToSmsResponseTemplatePage" time="1.58">
    <failure type="java.lang.NullPointerException">
      <![CDATA[java.lang.NullPointerException
at org.openqa.selenium.remote.RemoteWebElement.isDisplayed(RemoteWebElement.java:329)
at org.openqa.selenium.support.ui.ExpectedConditions.elementIfVisible(ExpectedConditions.java:314)
at org.openqa.selenium.support.ui.ExpectedConditions.access$000(ExpectedConditions.java:43)
at org.openqa.selenium.support.ui.ExpectedConditions$10.apply(ExpectedConditions.java:300)
at org.openqa.selenium.support.ui.ExpectedConditions$10.apply(ExpectedConditions.java:297)
at org.openqa.selenium.support.ui.FluentWait.until(FluentWait.java:249)
at com.tetherfi.pages.BasePage.waitUntilWebElementListIsVisible(BasePage.java:139)
at com.tetherfi.pages.OCMHomePage.isOCMHomePageIsDisplayed(OCMHomePage.java:114)
at com.tetherfi.test.sms.SmsResponseTemplateUITest.NavigateToSmsResponseTemplatePage(SmsResponseTemplateUITest.java:31)
at java.base/java.util.ArrayList.forEach(Unknown Source)
... Removed 31 stack frames]]>
    </failure>
  </testcase> <!-- @BeforeMethod NavigateToSmsResponseTemplatePage -->
  <testcase classname="com.tetherfi.test.sms.SmsResponseTemplateUITest" name="@AfterMethod afterEachMethod" time="-1.56837057127E9">
    <skipped/>
  </testcase> <!-- @AfterMethod afterEachMethod -->
  <testcase classname="com.tetherfi.test.BaseTest" name="@AfterMethod endTestCase" time="-1.568370571277E9">
    <skipped/>
  </testcase> <!-- @AfterMethod endTestCase -->
  <testcase classname="com.tetherfi.test.BaseTest" name="@BeforeMethod startTestCase" time="-1.56837057128E9">
    <skipped/>
  </testcase> <!-- @BeforeMethod startTestCase -->
  <testcase classname="com.tetherfi.test.sms.SmsResponseTemplateUITest" name="@BeforeMethod NavigateToSmsResponseTemplatePage" time="-1.568370571282E9">
    <skipped/>
  </testcase> <!-- @BeforeMethod NavigateToSmsResponseTemplatePage -->
  <testcase classname="com.tetherfi.test.sms.SmsResponseTemplateUITest" name="@AfterMethod afterEachMethod" time="-1.568370571292E9">
    <skipped/>
  </testcase> <!-- @AfterMethod afterEachMethod -->
  <testcase classname="com.tetherfi.test.BaseTest" name="@AfterMethod endTestCase" time="-1.568370571293E9">
    <skipped/>
  </testcase> <!-- @AfterMethod endTestCase -->
  <testcase classname="com.tetherfi.test.BaseTest" name="@BeforeMethod startTestCase" time="-1.568370571295E9">
    <skipped/>
  </testcase> <!-- @BeforeMethod startTestCase -->
  <testcase classname="com.tetherfi.test.sms.SmsResponseTemplateUITest" name="@BeforeMethod NavigateToSmsResponseTemplatePage" time="-1.568370571297E9">
    <skipped/>
  </testcase> <!-- @BeforeMethod NavigateToSmsResponseTemplatePage -->
  <testcase classname="com.tetherfi.test.sms.SmsResponseTemplateUITest" name="@AfterMethod afterEachMethod" time="-1.568370571308E9">
    <skipped/>
  </testcase> <!-- @AfterMethod afterEachMethod -->
  <testcase classname="com.tetherfi.test.BaseTest" name="@AfterMethod endTestCase" time="-1.568370571311E9">
    <skipped/>
  </testcase> <!-- @AfterMethod endTestCase -->
  <testcase classname="com.tetherfi.test.BaseTest" name="@BeforeMethod startTestCase" time="-1.568370571313E9">
    <skipped/>
  </testcase> <!-- @BeforeMethod startTestCase -->
  <testcase classname="com.tetherfi.test.sms.SmsResponseTemplateUITest" name="@BeforeMethod NavigateToSmsResponseTemplatePage" time="-1.568370571316E9">
    <skipped/>
  </testcase> <!-- @BeforeMethod NavigateToSmsResponseTemplatePage -->
  <testcase classname="com.tetherfi.test.sms.SmsResponseTemplateUITest" name="@AfterMethod afterEachMethod" time="-1.568370571336E9">
    <skipped/>
  </testcase> <!-- @AfterMethod afterEachMethod -->
  <testcase classname="com.tetherfi.test.BaseTest" name="@AfterMethod endTestCase" time="-1.568370571341E9">
    <skipped/>
  </testcase> <!-- @AfterMethod endTestCase -->
  <testcase classname="com.tetherfi.test.BaseTest" name="@BeforeMethod startTestCase" time="-1.568370571346E9">
    <skipped/>
  </testcase> <!-- @BeforeMethod startTestCase -->
  <testcase classname="com.tetherfi.test.sms.SmsResponseTemplateUITest" name="@BeforeMethod NavigateToSmsResponseTemplatePage" time="-1.568370571348E9">
    <skipped/>
  </testcase> <!-- @BeforeMethod NavigateToSmsResponseTemplatePage -->
  <testcase classname="com.tetherfi.test.sms.SmsResponseTemplateUITest" name="@AfterMethod afterEachMethod" time="-1.568370571357E9">
    <skipped/>
  </testcase> <!-- @AfterMethod afterEachMethod -->
  <testcase classname="com.tetherfi.test.BaseTest" name="@AfterMethod endTestCase" time="-1.568370571361E9">
    <skipped/>
  </testcase> <!-- @AfterMethod endTestCase -->
  <testcase classname="com.tetherfi.test.BaseTest" name="@AfterClass tearDown" time="-1.568370571364E9">
    <skipped/>
  </testcase> <!-- @AfterClass tearDown -->
  <testcase classname="com.tetherfi.test.sms.SmsResponseTemplateUITest" name="VerifySmsResponseTemplateAuditTrailDataPage" time="7.216"/>
  <testcase classname="com.tetherfi.test.sms.SmsResponseTemplateUITest" name="VerifyTotalNumberOfItemsPerPageDetails" time="10.58">
    <failure type="java.lang.AssertionError" message="item per page assertion failed did not expect to find [true] but found [false]">
      <![CDATA[java.lang.AssertionError: item per page assertion failed did not expect to find [true] but found [false]
at com.tetherfi.test.sms.SmsResponseTemplateUITest.VerifyTotalNumberOfItemsPerPageDetails(SmsResponseTemplateUITest.java:116)
at java.base/java.util.ArrayList.forEach(Unknown Source)
... Removed 30 stack frames]]>
    </failure>
  </testcase> <!-- VerifyTotalNumberOfItemsPerPageDetails -->
  <testcase classname="com.tetherfi.test.sms.SmsResponseTemplateUITest" name="VerifyNumberOfItemsPerPageSelection" time="10.557">
    <failure type="java.lang.AssertionError" message="item per page assertion failed did not expect to find [true] but found [false]">
      <![CDATA[java.lang.AssertionError: item per page assertion failed did not expect to find [true] but found [false]
at com.tetherfi.test.sms.SmsResponseTemplateUITest.VerifyNumberOfItemsPerPageSelection(SmsResponseTemplateUITest.java:124)
at java.base/java.util.ArrayList.forEach(Unknown Source)
... Removed 30 stack frames]]>
    </failure>
  </testcase> <!-- VerifyNumberOfItemsPerPageSelection -->
  <testcase classname="com.tetherfi.test.sms.SmsResponseTemplateUITest" name="ExportToExcel" time="13.266">
    <failure type="java.lang.AssertionError" message="did not expect to find [true] but found [false]">
      <![CDATA[java.lang.AssertionError: did not expect to find [true] but found [false]
at com.tetherfi.test.sms.SmsResponseTemplateUITest.ExportToExcel(SmsResponseTemplateUITest.java:134)
at java.base/java.util.ArrayList.forEach(Unknown Source)
... Removed 31 stack frames]]>
    </failure>
  </testcase> <!-- ExportToExcel -->
  <testcase classname="com.tetherfi.test.sms.SmsResponseTemplateUITest" name="ExportToExcelData" time="0.0">
    <skipped/>
  </testcase> <!-- ExportToExcelData -->
  <testcase classname="com.tetherfi.test.sms.SmsResponseTemplateUITest" name="SortingByAscending" time="0.0">
    <skipped/>
  </testcase> <!-- SortingByAscending -->
  <testcase classname="com.tetherfi.test.sms.SmsResponseTemplateUITest" name="SortingByDescending" time="0.0">
    <skipped/>
  </testcase> <!-- SortingByDescending -->
  <testcase classname="com.tetherfi.test.sms.SmsResponseTemplateUITest" name="VerifyDragAndDrop" time="0.0">
    <skipped/>
  </testcase> <!-- VerifyDragAndDrop -->
  <testcase classname="com.tetherfi.test.sms.SmsResponseTemplateUITest" name="database" time="0.0">
    <skipped/>
  </testcase> <!-- database -->
  <testcase classname="com.tetherfi.test.sms.SmsResponseTemplateUITest" name="searchwithoutSearchTextbox" time="0.0">
    <ignored/>
  </testcase> <!-- searchwithoutSearchTextbox -->
  <testcase classname="com.tetherfi.test.sms.SmsResponseTemplateUITest" name="VerifyArrowMoveForPreviousAndNextPage" time="0.0">
    <ignored/>
  </testcase> <!-- VerifyArrowMoveForPreviousAndNextPage -->
  <testcase classname="com.tetherfi.test.sms.SmsResponseTemplateUITest" name="VerifyDragAndDropofAlreadyGroupedHeader" time="0.0">
    <ignored/>
  </testcase> <!-- VerifyDragAndDropofAlreadyGroupedHeader -->
  <testcase classname="com.tetherfi.test.sms.SmsResponseTemplateUITest" name="SmsResponseTemplatePage" time="0.0">
    <ignored/>
  </testcase> <!-- SmsResponseTemplatePage -->
  <testcase classname="com.tetherfi.test.sms.SmsResponseTemplateUITest" name="VerifyMakeSmsResponseTemplateChangeButton" time="0.0">
    <ignored/>
  </testcase> <!-- VerifyMakeSmsResponseTemplateChangeButton -->
  <testcase classname="com.tetherfi.test.sms.SmsResponseTemplateUITest" name="searchPage" time="0.0">
    <ignored/>
  </testcase> <!-- searchPage -->
  <testcase classname="com.tetherfi.test.sms.SmsResponseTemplateUITest" name="VerifyColumnsHeaderDisable" time="0.0">
    <ignored/>
  </testcase> <!-- VerifyColumnsHeaderDisable -->
  <testcase classname="com.tetherfi.test.sms.SmsResponseTemplateUITest" name="VerifyExportToExcelWithoutData" time="0.0">
    <ignored/>
  </testcase> <!-- VerifyExportToExcelWithoutData -->
  <testcase classname="com.tetherfi.test.sms.SmsResponseTemplateUITest" name="VerifyArrowMoveForFirstAndLastPage" time="0.0">
    <ignored/>
  </testcase> <!-- VerifyArrowMoveForFirstAndLastPage -->
  <testcase classname="com.tetherfi.test.sms.SmsResponseTemplateUITest" name="VerifyDropdownForAllTheColumns" time="0.0">
    <ignored/>
  </testcase> <!-- VerifyDropdownForAllTheColumns -->
  <testcase classname="com.tetherfi.test.sms.SmsResponseTemplateUITest" name="VerifySmsResponseTemplateApprovedDataPage" time="0.0">
    <ignored/>
  </testcase> <!-- VerifySmsResponseTemplateApprovedDataPage -->
  <testcase classname="com.tetherfi.test.sms.SmsResponseTemplateUITest" name="VerifyColumnsHeaderEnable" time="0.0">
    <ignored/>
  </testcase> <!-- VerifyColumnsHeaderEnable -->
  <testcase classname="com.tetherfi.test.sms.SmsResponseTemplateUITest" name="SearchClearSearch" time="0.0">
    <ignored/>
  </testcase> <!-- SearchClearSearch -->
</testsuite> <!-- Default test(failed) -->
