<?xml version="1.0" encoding="UTF-8"?>
<!-- Generated by org.testng.reporters.JUnitXMLReporter -->
<testsuite ignored="3" hostname="DESKTOP-O6A5C2O" failures="1" tests="7" name="Default test(failed)" time="98.752" errors="0" timestamp="2019-10-23T10:29:45 IST">
  <testcase classname="com.tetherfi.test.ivr.IntentMappingTest" name="AddNewIntentMappingRecord" time="8.139">
    <failure type="java.lang.AssertionError" message="Add New record assertion failed expected [Record Created Successfully] but found [Duplicate Record]">
      <![CDATA[java.lang.AssertionError: Add New record assertion failed expected [Record Created Successfully] but found [Duplicate Record]
at com.tetherfi.test.ivr.IntentMappingTest.AddNewIntentMappingRecord(IntentMappingTest.java:83)
at java.base/java.util.ArrayList.forEach(Unknown Source)
... Removed 31 stack frames]]>
    </failure>
  </testcase> <!-- AddNewIntentMappingRecord -->
  <testcase classname="com.tetherfi.test.ivr.IntentMappingTest" name="VerifyAuditTrialReportForCreate" time="0.0">
    <skipped/>
  </testcase> <!-- VerifyAuditTrialReportForCreate -->
  <testcase classname="com.tetherfi.test.ivr.IntentMappingTest" name="AddRecordWithoutProduct" time="6.733"/>
  <testcase classname="com.tetherfi.test.ivr.IntentMappingTest" name="AddRecordWithoutSegment" time="6.799"/>
  <testcase classname="com.tetherfi.test.ivr.IntentMappingTest" name="AddRecordWithoutLanguage" time="6.456"/>
  <testcase classname="com.tetherfi.test.ivr.IntentMappingTest" name="AddRecordWithoutIntentTalent" time="5.701"/>
  <testcase classname="com.tetherfi.test.ivr.IntentMappingTest" name="AddRecordWithoutVDN" time="7.167"/>
  <testcase classname="com.tetherfi.test.ivr.IntentMappingTest" name="AddEmptyRecord" time="0.0">
    <ignored/>
  </testcase> <!-- AddEmptyRecord -->
  <testcase classname="com.tetherfi.test.ivr.IntentMappingTest" name="AddDuplicateIntentMappingRecord" time="0.0">
    <ignored/>
  </testcase> <!-- AddDuplicateIntentMappingRecord -->
  <testcase classname="com.tetherfi.test.ivr.IntentMappingTest" name="VerifyCancelBtnAtAddRecord" time="0.0">
    <ignored/>
  </testcase> <!-- VerifyCancelBtnAtAddRecord -->
</testsuite> <!-- Default test(failed) -->
