<?xml version="1.0" encoding="UTF-8"?>
<!-- Generated by org.testng.reporters.JUnitXMLReporter -->
<testsuite ignored="63" hostname="DESKTOP-O6A5C2O" failures="12" tests="47" name="Default test(failed)" time="2484.062" errors="0" timestamp="2019-12-16T12:55:32 IST">
  <testcase classname="com.tetherfi.test.chat.ChatTemplatesTest" name="AddNewGroupsRecord" time="55.649">
    <failure type="org.openqa.selenium.TimeoutException" message="Expected condition failed: waiting for text (&amp;apos;Record Created Successfully&amp;apos;) to be present in element Proxy element for: DefaultElementLocator &amp;apos;By.cssSelector: .toast-message&amp;apos; (tried for 20 second(s) with 500 milliseconds interval)">
      <![CDATA[org.openqa.selenium.TimeoutException: Expected condition failed: waiting for text ('Record Created Successfully') to be present in element Proxy element for: DefaultElementLocator 'By.cssSelector: .toast-message' (tried for 20 second(s) with 500 milliseconds interval)
at org.openqa.selenium.support.ui.WebDriverWait.timeoutException(WebDriverWait.java:95)
at org.openqa.selenium.support.ui.FluentWait.until(FluentWait.java:272)
at com.tetherfi.pages.BasePage.waitUntilTextToBePresentInWebElement(BasePage.java:146)
at com.tetherfi.pages.ChatTemplatesPage.verifyNewRecordCreated(ChatTemplatesPage.java:479)
at com.tetherfi.test.chat.ChatTemplatesTest.AddNewGroupsRecord(ChatTemplatesTest.java:269)
at java.base/java.util.ArrayList.forEach(Unknown Source)
Caused by: org.openqa.selenium.NoSuchElementException: no such element: Unable to locate element: {"method":"css selector","selector":".toast-message"}
  (Session info: chrome=78.0.3904.108)
For documentation on this error, please visit: https://www.seleniumhq.org/exceptions/no_such_element.html
Build info: version: '3.141.59', revision: 'e82be7d358', time: '2018-11-14T08:17:03'
System info: host: 'DESKTOP-O6A5C2O', ip: '10.0.75.1', os.name: 'Windows 10', os.arch: 'amd64', os.version: '10.0', java.version: '9.0.4'
Driver info: org.openqa.selenium.chrome.ChromeDriver
Capabilities {acceptInsecureCerts: false, browserName: chrome, browserVersion: 78.0.3904.108, chrome: {chromedriverVersion: 78.0.3904.70 (edb9c9f3de024..., userDataDir: C:\Users\admin\AppData\Loca...}, goog:chromeOptions: {debuggerAddress: localhost:50980}, javascriptEnabled: true, networkConnectionEnabled: false, pageLoadStrategy: normal, platform: XP, platformName: XP, proxy: Proxy(), setWindowRect: true, strictFileInteractability: false, timeouts: {implicit: 0, pageLoad: 300000, script: 30000}, unhandledPromptBehavior: dismiss and notify}
Session ID: faf8bf09e04cd363d0bb28f102be5b07
*** Element info: {Using=css selector, value=.toast-message}
at org.openqa.selenium.remote.http.W3CHttpResponseCodec.createException(W3CHttpResponseCodec.java:187)
at org.openqa.selenium.remote.http.W3CHttpResponseCodec.decode(W3CHttpResponseCodec.java:122)
at org.openqa.selenium.remote.http.W3CHttpResponseCodec.decode(W3CHttpResponseCodec.java:49)
at org.openqa.selenium.remote.HttpCommandExecutor.execute(HttpCommandExecutor.java:158)
at org.openqa.selenium.remote.service.DriverCommandExecutor.execute(DriverCommandExecutor.java:83)
at org.openqa.selenium.remote.RemoteWebDriver.execute(RemoteWebDriver.java:552)
at org.openqa.selenium.remote.RemoteWebDriver.findElement(RemoteWebDriver.java:323)
at org.openqa.selenium.remote.RemoteWebDriver.findElementByCssSelector(RemoteWebDriver.java:420)
at org.openqa.selenium.By$ByCssSelector.findElement(By.java:431)
at org.openqa.selenium.remote.RemoteWebDriver.findElement(RemoteWebDriver.java:315)
at org.openqa.selenium.support.pagefactory.DefaultElementLocator.findElement(DefaultElementLocator.java:69)
at org.openqa.selenium.support.pagefactory.internal.LocatingElementHandler.invoke(LocatingElementHandler.java:38)
at com.sun.proxy.$Proxy14.getText(Unknown Source)
at org.openqa.selenium.support.ui.ExpectedConditions$12.apply(ExpectedConditions.java:353)
at org.openqa.selenium.support.ui.ExpectedConditions$12.apply(ExpectedConditions.java:349)
at org.openqa.selenium.support.ui.FluentWait.until(FluentWait.java:249)
... 31 more
... Removed 31 stack frames]]>
    </failure>
  </testcase> <!-- AddNewGroupsRecord -->
  <testcase classname="com.tetherfi.test.chat.ChatTemplatesTest" name="AddNewChatTemplatesRecord" time="57.24">
    <failure type="org.openqa.selenium.TimeoutException" message="Expected condition failed: waiting for text (&amp;apos;Record Created Successfully&amp;apos;) to be present in element Proxy element for: DefaultElementLocator &amp;apos;By.cssSelector: .toast-message&amp;apos; (tried for 20 second(s) with 500 milliseconds interval)">
      <![CDATA[org.openqa.selenium.TimeoutException: Expected condition failed: waiting for text ('Record Created Successfully') to be present in element Proxy element for: DefaultElementLocator 'By.cssSelector: .toast-message' (tried for 20 second(s) with 500 milliseconds interval)
at org.openqa.selenium.support.ui.WebDriverWait.timeoutException(WebDriverWait.java:95)
at org.openqa.selenium.support.ui.FluentWait.until(FluentWait.java:272)
at com.tetherfi.pages.BasePage.waitUntilTextToBePresentInWebElement(BasePage.java:146)
at com.tetherfi.pages.ChatTemplatesPage.verifyNewRecordCreated(ChatTemplatesPage.java:479)
at com.tetherfi.test.chat.ChatTemplatesTest.AddNewChatTemplatesRecord(ChatTemplatesTest.java:357)
at java.base/java.util.ArrayList.forEach(Unknown Source)
Caused by: org.openqa.selenium.NoSuchElementException: no such element: Unable to locate element: {"method":"css selector","selector":".toast-message"}
  (Session info: chrome=78.0.3904.108)
For documentation on this error, please visit: https://www.seleniumhq.org/exceptions/no_such_element.html
Build info: version: '3.141.59', revision: 'e82be7d358', time: '2018-11-14T08:17:03'
System info: host: 'DESKTOP-O6A5C2O', ip: '10.0.75.1', os.name: 'Windows 10', os.arch: 'amd64', os.version: '10.0', java.version: '9.0.4'
Driver info: org.openqa.selenium.chrome.ChromeDriver
Capabilities {acceptInsecureCerts: false, browserName: chrome, browserVersion: 78.0.3904.108, chrome: {chromedriverVersion: 78.0.3904.70 (edb9c9f3de024..., userDataDir: C:\Users\admin\AppData\Loca...}, goog:chromeOptions: {debuggerAddress: localhost:51058}, javascriptEnabled: true, networkConnectionEnabled: false, pageLoadStrategy: normal, platform: XP, platformName: XP, proxy: Proxy(), setWindowRect: true, strictFileInteractability: false, timeouts: {implicit: 0, pageLoad: 300000, script: 30000}, unhandledPromptBehavior: dismiss and notify}
Session ID: 8b9a288af8aa55e530da59cf06d7714f
*** Element info: {Using=css selector, value=.toast-message}
at org.openqa.selenium.remote.http.W3CHttpResponseCodec.createException(W3CHttpResponseCodec.java:187)
at org.openqa.selenium.remote.http.W3CHttpResponseCodec.decode(W3CHttpResponseCodec.java:122)
at org.openqa.selenium.remote.http.W3CHttpResponseCodec.decode(W3CHttpResponseCodec.java:49)
at org.openqa.selenium.remote.HttpCommandExecutor.execute(HttpCommandExecutor.java:158)
at org.openqa.selenium.remote.service.DriverCommandExecutor.execute(DriverCommandExecutor.java:83)
at org.openqa.selenium.remote.RemoteWebDriver.execute(RemoteWebDriver.java:552)
at org.openqa.selenium.remote.RemoteWebDriver.findElement(RemoteWebDriver.java:323)
at org.openqa.selenium.remote.RemoteWebDriver.findElementByCssSelector(RemoteWebDriver.java:420)
at org.openqa.selenium.By$ByCssSelector.findElement(By.java:431)
at org.openqa.selenium.remote.RemoteWebDriver.findElement(RemoteWebDriver.java:315)
at org.openqa.selenium.support.pagefactory.DefaultElementLocator.findElement(DefaultElementLocator.java:69)
at org.openqa.selenium.support.pagefactory.internal.LocatingElementHandler.invoke(LocatingElementHandler.java:38)
at com.sun.proxy.$Proxy14.getText(Unknown Source)
at org.openqa.selenium.support.ui.ExpectedConditions$12.apply(ExpectedConditions.java:353)
at org.openqa.selenium.support.ui.ExpectedConditions$12.apply(ExpectedConditions.java:349)
at org.openqa.selenium.support.ui.FluentWait.until(FluentWait.java:249)
... 31 more
... Removed 31 stack frames]]>
    </failure>
  </testcase> <!-- AddNewChatTemplatesRecord -->
  <testcase classname="com.tetherfi.test.chat.ChatTemplatesTest" name="AddDuplicateChatTemplatesRecord" time="10.654"/>
  <testcase classname="com.tetherfi.test.chat.ChatTemplatesTest" name="GroupsExportToExcelData" time="0.649">
    <failure type="java.lang.ArrayIndexOutOfBoundsException" message="1">
      <![CDATA[java.lang.ArrayIndexOutOfBoundsException: 1
at com.tetherfi.pages.ChatTemplatesPage.getGroupsData(ChatTemplatesPage.java:1064)
at com.tetherfi.pages.ChatTemplatesPage.verifyexportToExcelGroupsSheet(ChatTemplatesPage.java:1113)
at com.tetherfi.test.chat.ChatTemplatesTest.GroupsExportToExcelData(ChatTemplatesTest.java:525)
at java.base/java.util.ArrayList.forEach(Unknown Source)
... Removed 27 stack frames]]>
    </failure>
  </testcase> <!-- GroupsExportToExcelData -->
  <testcase classname="com.tetherfi.test.chat.ChatTemplatesTest" name="VerifyDepartmentTotalNumberOfItemsPerPageDetails" time="0.437">
    <failure type="java.lang.AssertionError" message="item per page assertion failed did not expect to find [true] but found [false]">
      <![CDATA[java.lang.AssertionError: item per page assertion failed did not expect to find [true] but found [false]
at com.tetherfi.test.chat.ChatTemplatesTest.VerifyDepartmentTotalNumberOfItemsPerPageDetails(ChatTemplatesTest.java:600)
at java.base/java.util.ArrayList.forEach(Unknown Source)
... Removed 30 stack frames]]>
    </failure>
  </testcase> <!-- VerifyDepartmentTotalNumberOfItemsPerPageDetails -->
  <testcase classname="com.tetherfi.test.chat.ChatTemplatesTest" name="VerifyDepartmentNumberOfItemsPerPageSelection" time="1.163">
    <failure type="java.lang.AssertionError" message="item per page assertion failed did not expect to find [true] but found [false]">
      <![CDATA[java.lang.AssertionError: item per page assertion failed did not expect to find [true] but found [false]
at com.tetherfi.test.chat.ChatTemplatesTest.VerifyDepartmentNumberOfItemsPerPageSelection(ChatTemplatesTest.java:607)
at java.base/java.util.ArrayList.forEach(Unknown Source)
... Removed 30 stack frames]]>
    </failure>
  </testcase> <!-- VerifyDepartmentNumberOfItemsPerPageSelection -->
  <testcase classname="com.tetherfi.test.chat.ChatTemplatesTest" name="VerifyGroupsTotalNumberOfItemsPerPageDetails" time="0.572">
    <failure type="java.lang.AssertionError" message="item per page assertion failed did not expect to find [true] but found [false]">
      <![CDATA[java.lang.AssertionError: item per page assertion failed did not expect to find [true] but found [false]
at com.tetherfi.test.chat.ChatTemplatesTest.VerifyGroupsTotalNumberOfItemsPerPageDetails(ChatTemplatesTest.java:628)
at java.base/java.util.ArrayList.forEach(Unknown Source)
... Removed 30 stack frames]]>
    </failure>
  </testcase> <!-- VerifyGroupsTotalNumberOfItemsPerPageDetails -->
  <testcase classname="com.tetherfi.test.chat.ChatTemplatesTest" name="VerifyGroupsNumberOfItemsPerPageSelection" time="0.419">
    <failure type="java.lang.AssertionError" message="item per page assertion failed did not expect to find [true] but found [false]">
      <![CDATA[java.lang.AssertionError: item per page assertion failed did not expect to find [true] but found [false]
at com.tetherfi.test.chat.ChatTemplatesTest.VerifyGroupsNumberOfItemsPerPageSelection(ChatTemplatesTest.java:635)
at java.base/java.util.ArrayList.forEach(Unknown Source)
... Removed 30 stack frames]]>
    </failure>
  </testcase> <!-- VerifyGroupsNumberOfItemsPerPageSelection -->
  <testcase classname="com.tetherfi.test.chat.ChatTemplatesTest" name="VerifyNumberOfItemsPerPageSelection" time="2.255">
    <failure type="java.lang.AssertionError" message="item per page assertion failed did not expect to find [true] but found [false]">
      <![CDATA[java.lang.AssertionError: item per page assertion failed did not expect to find [true] but found [false]
at com.tetherfi.test.chat.ChatTemplatesTest.VerifyNumberOfItemsPerPageSelection(ChatTemplatesTest.java:659)
at java.base/java.util.ArrayList.forEach(Unknown Source)
... Removed 30 stack frames]]>
    </failure>
  </testcase> <!-- VerifyNumberOfItemsPerPageSelection -->
  <testcase classname="com.tetherfi.test.chat.ChatTemplatesTest" name="EditGroupRecord" time="13.728"/>
  <testcase classname="com.tetherfi.test.chat.ChatTemplatesTest" name="VerifyAuditTrialReportForGroupUpdate" time="27.242"/>
  <testcase classname="com.tetherfi.test.chat.ChatTemplatesTest" name="EditWithoutModifyReasonGroupRecord" time="13.139"/>
  <testcase classname="com.tetherfi.test.chat.ChatTemplatesTest" name="VerifyCancelBtnAtEditGroupRecord" time="29.849"/>
  <testcase classname="com.tetherfi.test.chat.ChatTemplatesTest" name="VerifyUpdateGroupRecordInMain" time="27.147"/>
  <testcase classname="com.tetherfi.test.chat.ChatTemplatesTest" name="EditDepartmentRecord" time="13.632"/>
  <testcase classname="com.tetherfi.test.chat.ChatTemplatesTest" name="VerifyAuditTrialReportForDepartmentUpdate" time="29.324"/>
  <testcase classname="com.tetherfi.test.chat.ChatTemplatesTest" name="EditWithoutModifyReasonDepartmentRecord" time="12.02"/>
  <testcase classname="com.tetherfi.test.chat.ChatTemplatesTest" name="VerifyCancelBtnAtEditDepartmentRecord" time="30.284"/>
  <testcase classname="com.tetherfi.test.chat.ChatTemplatesTest" name="VerifyUpdateDepartmentRecordInGroup" time="2.085"/>
  <testcase classname="com.tetherfi.test.chat.ChatTemplatesTest" name="VerifyUpdateDepartmentRecordInMain" time="1.363"/>
  <testcase classname="com.tetherfi.test.chat.ChatTemplatesTest" name="searchDepartmentPage" time="4.604"/>
  <testcase classname="com.tetherfi.test.chat.ChatTemplatesTest" name="searchDepartmentwithoutSearchTextbox" time="4.242"/>
  <testcase classname="com.tetherfi.test.chat.ChatTemplatesTest" name="searchGroupsPage" time="5.08"/>
  <testcase classname="com.tetherfi.test.chat.ChatTemplatesTest" name="searchGroupwithoutSearchTextbox" time="4.875"/>
  <testcase classname="com.tetherfi.test.chat.ChatTemplatesTest" name="searchPage" time="4.459"/>
  <testcase classname="com.tetherfi.test.chat.ChatTemplatesTest" name="searchwithoutSearchTextbox" time="4.748"/>
  <testcase classname="com.tetherfi.test.chat.ChatTemplatesTest" name="DeleteWithoutDeleteReasonRecord" time="5.456"/>
  <testcase classname="com.tetherfi.test.chat.ChatTemplatesTest" name="VerifyCancelBtnAtDeleteChatTemplateRecord" time="30.186"/>
  <testcase classname="com.tetherfi.test.chat.ChatTemplatesTest" name="DeleteChatTemplatesRecord" time="10.877"/>
  <testcase classname="com.tetherfi.test.chat.ChatTemplatesTest" name="VerifyAuditTrialReportForDelete" time="27.005"/>
  <testcase classname="com.tetherfi.test.chat.ChatTemplatesTest" name="DeleteGroupWithoutDeleteReasonRecord" time="6.695"/>
  <testcase classname="com.tetherfi.test.chat.ChatTemplatesTest" name="VerifyCancelBtnAtDeleteGroupRecord" time="30.036"/>
  <testcase classname="com.tetherfi.test.chat.ChatTemplatesTest" name="DeleteGroupRecord" time="15.738"/>
  <testcase classname="com.tetherfi.test.chat.ChatTemplatesTest" name="VerifyAuditTrialReportForGroupDelete" time="26.843">
    <failure type="java.lang.AssertionError" message="did not expect to find [true] but found [false]">
      <![CDATA[java.lang.AssertionError: did not expect to find [true] but found [false]
at com.tetherfi.test.chat.ChatTemplatesTest.VerifyAuditTrialReportForGroupDelete(ChatTemplatesTest.java:1052)
at java.base/java.util.ArrayList.forEach(Unknown Source)
... Removed 31 stack frames]]>
    </failure>
  </testcase> <!-- VerifyAuditTrialReportForGroupDelete -->
  <testcase classname="com.tetherfi.test.chat.ChatTemplatesTest" name="VerifyDeleteGroupRecordInMain" time="6.924">
    <failure type="org.openqa.selenium.ElementClickInterceptedException" message="element click intercepted: Element &amp;lt;span title=&amp;quot;&amp;quot; class=&amp;quot;k-widget k-dropdown&amp;quot; unselectable=&amp;quot;on&amp;quot; role=&amp;quot;listbox&amp;quot; aria-haspopup=&amp;quot;true&amp;quot; aria-expanded=&amp;quot;false&amp;quot; aria-owns=&amp;quot;GroupName_listbox&amp;quot; aria-live=&amp;quot;polite&amp;quot; aria-disabled=&amp;quot;true&amp;quot; style=&amp;quot;width: 100%;&amp;quot; aria-activedescendant=&amp;quot;3f1e2cc6-7b4b-4049-b143-1a1e948db8ff&amp;quot;&amp;gt;...&amp;lt;/span&amp;gt; is not clickable at point (983, 180). Other element would receive the click: &amp;lt;li tabindex=&amp;quot;-1&amp;quot; role=&amp;quot;option&amp;quot; unselectable=&amp;quot;on&amp;quot; class=&amp;quot;k-item&amp;quot; aria-selected=&amp;quot;false&amp;quot; data-offset-index=&amp;quot;0&amp;quot;&amp;gt;...&amp;lt;/li&amp;gt;
  (Session info: chrome=78.0.3904.108)
Build info: version: &amp;apos;3.141.59&amp;apos;, revision: &amp;apos;e82be7d358&amp;apos;, time: &amp;apos;2018-11-14T08:17:03&amp;apos;
System info: host: &amp;apos;DESKTOP-O6A5C2O&amp;apos;, ip: &amp;apos;10.0.75.1&amp;apos;, os.name: &amp;apos;Windows 10&amp;apos;, os.arch: &amp;apos;amd64&amp;apos;, os.version: &amp;apos;10.0&amp;apos;, java.version: &amp;apos;9.0.4&amp;apos;
Driver info: org.openqa.selenium.chrome.ChromeDriver
Capabilities {acceptInsecureCerts: false, browserName: chrome, browserVersion: 78.0.3904.108, chrome: {chromedriverVersion: 78.0.3904.70 (edb9c9f3de024..., userDataDir: C:\Users\admin\AppData\Loca...}, goog:chromeOptions: {debuggerAddress: localhost:52967}, javascriptEnabled: true, networkConnectionEnabled: false, pageLoadStrategy: normal, platform: XP, platformName: XP, proxy: Proxy(), setWindowRect: true, strictFileInteractability: false, timeouts: {implicit: 0, pageLoad: 300000, script: 30000}, unhandledPromptBehavior: dismiss and notify}
Session ID: bd1a6e97f1df62281d3456fd66c475fc">
      <![CDATA[org.openqa.selenium.ElementClickInterceptedException: element click intercepted: Element <span title="" class="k-widget k-dropdown" unselectable="on" role="listbox" aria-haspopup="true" aria-expanded="false" aria-owns="GroupName_listbox" aria-live="polite" aria-disabled="true" style="width: 100%;" aria-activedescendant="3f1e2cc6-7b4b-4049-b143-1a1e948db8ff">...</span> is not clickable at point (983, 180). Other element would receive the click: <li tabindex="-1" role="option" unselectable="on" class="k-item" aria-selected="false" data-offset-index="0">...</li>
  (Session info: chrome=78.0.3904.108)
Build info: version: '3.141.59', revision: 'e82be7d358', time: '2018-11-14T08:17:03'
System info: host: 'DESKTOP-O6A5C2O', ip: '10.0.75.1', os.name: 'Windows 10', os.arch: 'amd64', os.version: '10.0', java.version: '9.0.4'
Driver info: org.openqa.selenium.chrome.ChromeDriver
Capabilities {acceptInsecureCerts: false, browserName: chrome, browserVersion: 78.0.3904.108, chrome: {chromedriverVersion: 78.0.3904.70 (edb9c9f3de024..., userDataDir: C:\Users\admin\AppData\Loca...}, goog:chromeOptions: {debuggerAddress: localhost:52967}, javascriptEnabled: true, networkConnectionEnabled: false, pageLoadStrategy: normal, platform: XP, platformName: XP, proxy: Proxy(), setWindowRect: true, strictFileInteractability: false, timeouts: {implicit: 0, pageLoad: 300000, script: 30000}, unhandledPromptBehavior: dismiss and notify}
Session ID: bd1a6e97f1df62281d3456fd66c475fc
at org.openqa.selenium.remote.http.W3CHttpResponseCodec.createException(W3CHttpResponseCodec.java:187)
at org.openqa.selenium.remote.http.W3CHttpResponseCodec.decode(W3CHttpResponseCodec.java:122)
at org.openqa.selenium.remote.http.W3CHttpResponseCodec.decode(W3CHttpResponseCodec.java:49)
at org.openqa.selenium.remote.HttpCommandExecutor.execute(HttpCommandExecutor.java:158)
at org.openqa.selenium.remote.service.DriverCommandExecutor.execute(DriverCommandExecutor.java:83)
at org.openqa.selenium.remote.RemoteWebDriver.execute(RemoteWebDriver.java:552)
at org.openqa.selenium.remote.RemoteWebElement.execute(RemoteWebElement.java:285)
at org.openqa.selenium.remote.RemoteWebElement.click(RemoteWebElement.java:84)
at org.openqa.selenium.support.pagefactory.internal.LocatingElementHandler.invoke(LocatingElementHandler.java:51)
at com.sun.proxy.$Proxy14.click(Unknown Source)
at com.tetherfi.pages.BasePage.selectWebElement(BasePage.java:202)
at com.tetherfi.pages.ChatTemplatesPage.VerifyGroupDropdown(ChatTemplatesPage.java:1405)
at com.tetherfi.test.chat.ChatTemplatesTest.VerifyDeleteGroupRecordInMain(ChatTemplatesTest.java:1062)
at java.base/java.util.ArrayList.forEach(Unknown Source)
... Removed 34 stack frames]]>
    </failure>
  </testcase> <!-- VerifyDeleteGroupRecordInMain -->
  <testcase classname="com.tetherfi.test.chat.ChatTemplatesTest" name="DeleteDepartmentWithoutDeleteReasonRecord" time="7.072"/>
  <testcase classname="com.tetherfi.test.chat.ChatTemplatesTest" name="VerifyCancelBtnAtDeleteDepartmentRecord" time="29.144"/>
  <testcase classname="com.tetherfi.test.chat.ChatTemplatesTest" name="DeleteDepartmentRecord" time="11.567"/>
  <testcase classname="com.tetherfi.test.chat.ChatTemplatesTest" name="VerifyAuditTrialReportForDepartmentDelete" time="27.141">
    <failure type="java.lang.AssertionError" message="did not expect to find [true] but found [false]">
      <![CDATA[java.lang.AssertionError: did not expect to find [true] but found [false]
at com.tetherfi.test.chat.ChatTemplatesTest.VerifyAuditTrialReportForDepartmentDelete(ChatTemplatesTest.java:1109)
at java.base/java.util.ArrayList.forEach(Unknown Source)
... Removed 31 stack frames]]>
    </failure>
  </testcase> <!-- VerifyAuditTrialReportForDepartmentDelete -->
  <testcase classname="com.tetherfi.test.chat.ChatTemplatesTest" name="VerifyDeleteDepartmentRecordInGroup" time="2.116"/>
  <testcase classname="com.tetherfi.test.chat.ChatTemplatesTest" name="VerifyDeleteDepartmentRecordInMain" time="0.992"/>
  <testcase classname="com.tetherfi.test.chat.ChatTemplatesTest" name="SearchDepartmentClearSearch" time="6.362"/>
  <testcase classname="com.tetherfi.test.chat.ChatTemplatesTest" name="SearchGroupClearSearch" time="5.888"/>
  <testcase classname="com.tetherfi.test.chat.ChatTemplatesTest" name="SearchClearSearch" time="7.113"/>
  <testcase classname="com.tetherfi.test.chat.ChatTemplatesTest" name="DepartmentDatabase" time="3.21"/>
  <testcase classname="com.tetherfi.test.chat.ChatTemplatesTest" name="GroupDatabase" time="0.616">
    <failure type="java.lang.ArrayIndexOutOfBoundsException" message="1">
      <![CDATA[java.lang.ArrayIndexOutOfBoundsException: 1
at com.tetherfi.pages.ChatTemplatesPage.getGrouptable(ChatTemplatesPage.java:1636)
at com.tetherfi.pages.ChatTemplatesPage.verifyGroupDatabase(ChatTemplatesPage.java:1628)
at com.tetherfi.test.chat.ChatTemplatesTest.GroupDatabase(ChatTemplatesTest.java:1188)
at java.base/java.util.ArrayList.forEach(Unknown Source)
... Removed 27 stack frames]]>
    </failure>
  </testcase> <!-- GroupDatabase -->
  <testcase classname="com.tetherfi.test.chat.ChatTemplatesTest" name="Database" time="1.581"/>
  <testcase classname="com.tetherfi.test.chat.ChatTemplatesTest" name="AddRecordWithoutChatDepartmentName" time="0.0">
    <ignored/>
  </testcase> <!-- AddRecordWithoutChatDepartmentName -->
  <testcase classname="com.tetherfi.test.chat.ChatTemplatesTest" name="VerifyMainsDropdownForAllTheColumns" time="0.0">
    <ignored/>
  </testcase> <!-- VerifyMainsDropdownForAllTheColumns -->
  <testcase classname="com.tetherfi.test.chat.ChatTemplatesTest" name="VerifyCancelBtnAtEditRecord" time="0.0">
    <ignored/>
  </testcase> <!-- VerifyCancelBtnAtEditRecord -->
  <testcase classname="com.tetherfi.test.chat.ChatTemplatesTest" name="AddRecordWithoutGroupEnabled" time="0.0">
    <ignored/>
  </testcase> <!-- AddRecordWithoutGroupEnabled -->
  <testcase classname="com.tetherfi.test.chat.ChatTemplatesTest" name="VerifyGroupsArrowMoveForFirstAndLastPage" time="0.0">
    <ignored/>
  </testcase> <!-- VerifyGroupsArrowMoveForFirstAndLastPage -->
  <testcase classname="com.tetherfi.test.chat.ChatTemplatesTest" name="VerifyDepartmentsDropdownForAllTheColumns" time="0.0">
    <ignored/>
  </testcase> <!-- VerifyDepartmentsDropdownForAllTheColumns -->
  <testcase classname="com.tetherfi.test.chat.ChatTemplatesTest" name="VerifyMainsColumnsHeaderDisable" time="0.0">
    <ignored/>
  </testcase> <!-- VerifyMainsColumnsHeaderDisable -->
  <testcase classname="com.tetherfi.test.chat.ChatTemplatesTest" name="VerifyDragAndDrop" time="0.0">
    <ignored/>
  </testcase> <!-- VerifyDragAndDrop -->
  <testcase classname="com.tetherfi.test.chat.ChatTemplatesTest" name="DepatmentSortingByAscending" time="0.0">
    <ignored/>
  </testcase> <!-- DepatmentSortingByAscending -->
  <testcase classname="com.tetherfi.test.chat.ChatTemplatesTest" name="AddRecordWithoutDepartmentName" time="0.0">
    <ignored/>
  </testcase> <!-- AddRecordWithoutDepartmentName -->
  <testcase classname="com.tetherfi.test.chat.ChatTemplatesTest" name="AddDuplicateGroupsRecord" time="0.0">
    <ignored/>
  </testcase> <!-- AddDuplicateGroupsRecord -->
  <testcase classname="com.tetherfi.test.chat.ChatTemplatesTest" name="VerifyDepartmentsColumnsHeaderDisable" time="0.0">
    <ignored/>
  </testcase> <!-- VerifyDepartmentsColumnsHeaderDisable -->
  <testcase classname="com.tetherfi.test.chat.ChatTemplatesTest" name="DepartmentSortingByDescending" time="0.0">
    <ignored/>
  </testcase> <!-- DepartmentSortingByDescending -->
  <testcase classname="com.tetherfi.test.chat.ChatTemplatesTest" name="ExportToExcelData" time="0.0">
    <ignored/>
  </testcase> <!-- ExportToExcelData -->
  <testcase classname="com.tetherfi.test.chat.ChatTemplatesTest" name="EditWithoutModifyReasonRecord" time="0.0">
    <ignored/>
  </testcase> <!-- EditWithoutModifyReasonRecord -->
  <testcase classname="com.tetherfi.test.chat.ChatTemplatesTest" name="AddEmptyGroupRecord" time="0.0">
    <ignored/>
  </testcase> <!-- AddEmptyGroupRecord -->
  <testcase classname="com.tetherfi.test.chat.ChatTemplatesTest" name="ChatTemplatePage" time="0.0">
    <ignored/>
  </testcase> <!-- ChatTemplatePage -->
  <testcase classname="com.tetherfi.test.chat.ChatTemplatesTest" name="VerifyAuditTrialReportForCreateDepartment" time="0.0">
    <ignored/>
  </testcase> <!-- VerifyAuditTrialReportForCreateDepartment -->
  <testcase classname="com.tetherfi.test.chat.ChatTemplatesTest" name="DepartmentExportToExcel" time="0.0">
    <ignored/>
  </testcase> <!-- DepartmentExportToExcel -->
  <testcase classname="com.tetherfi.test.chat.ChatTemplatesTest" name="GroupsSortingByAscending" time="0.0">
    <ignored/>
  </testcase> <!-- GroupsSortingByAscending -->
  <testcase classname="com.tetherfi.test.chat.ChatTemplatesTest" name="VerifyArrowMoveForPreviousAndNextPage" time="0.0">
    <ignored/>
  </testcase> <!-- VerifyArrowMoveForPreviousAndNextPage -->
  <testcase classname="com.tetherfi.test.chat.ChatTemplatesTest" name="AddRecordWithoutGroupsName" time="0.0">
    <ignored/>
  </testcase> <!-- AddRecordWithoutGroupsName -->
  <testcase classname="com.tetherfi.test.chat.ChatTemplatesTest" name="AddRecordWithoutChatName" time="0.0">
    <ignored/>
  </testcase> <!-- AddRecordWithoutChatName -->
  <testcase classname="com.tetherfi.test.chat.ChatTemplatesTest" name="VerifyGroupsArrowMoveForPreviousAndNextPage" time="0.0">
    <ignored/>
  </testcase> <!-- VerifyGroupsArrowMoveForPreviousAndNextPage -->
  <testcase classname="com.tetherfi.test.chat.ChatTemplatesTest" name="AddRecordWithoutChannel" time="0.0">
    <ignored/>
  </testcase> <!-- AddRecordWithoutChannel -->
  <testcase classname="com.tetherfi.test.chat.ChatTemplatesTest" name="VerifyDepartmentsColumnsHeaderEnable" time="0.0">
    <ignored/>
  </testcase> <!-- VerifyDepartmentsColumnsHeaderEnable -->
  <testcase classname="com.tetherfi.test.chat.ChatTemplatesTest" name="AddRecordWithoutDepartment" time="0.0">
    <ignored/>
  </testcase> <!-- AddRecordWithoutDepartment -->
  <testcase classname="com.tetherfi.test.chat.ChatTemplatesTest" name="VerifyTotalNumberOfItemsPerPageDetails" time="0.0">
    <ignored/>
  </testcase> <!-- VerifyTotalNumberOfItemsPerPageDetails -->
  <testcase classname="com.tetherfi.test.chat.ChatTemplatesTest" name="AddRecordWithoutEndTime" time="0.0">
    <ignored/>
  </testcase> <!-- AddRecordWithoutEndTime -->
  <testcase classname="com.tetherfi.test.chat.ChatTemplatesTest" name="AddRecordWithoutChatEnabled" time="0.0">
    <ignored/>
  </testcase> <!-- AddRecordWithoutChatEnabled -->
  <testcase classname="com.tetherfi.test.chat.ChatTemplatesTest" name="VerifyGroupsDragAndDrop" time="0.0">
    <ignored/>
  </testcase> <!-- VerifyGroupsDragAndDrop -->
  <testcase classname="com.tetherfi.test.chat.ChatTemplatesTest" name="AddRecordWithoutText" time="0.0">
    <ignored/>
  </testcase> <!-- AddRecordWithoutText -->
  <testcase classname="com.tetherfi.test.chat.ChatTemplatesTest" name="VerifyCancelBtnAtAddGroupsRecord" time="0.0">
    <ignored/>
  </testcase> <!-- VerifyCancelBtnAtAddGroupsRecord -->
  <testcase classname="com.tetherfi.test.chat.ChatTemplatesTest" name="VerifyGroupsColumnsHeaderEnable" time="0.0">
    <ignored/>
  </testcase> <!-- VerifyGroupsColumnsHeaderEnable -->
  <testcase classname="com.tetherfi.test.chat.ChatTemplatesTest" name="VerifyDepartmentArrowMoveForPreviousAndNextPage" time="0.0">
    <ignored/>
  </testcase> <!-- VerifyDepartmentArrowMoveForPreviousAndNextPage -->
  <testcase classname="com.tetherfi.test.chat.ChatTemplatesTest" name="GroupsExportToExcel" time="0.0">
    <ignored/>
  </testcase> <!-- GroupsExportToExcel -->
  <testcase classname="com.tetherfi.test.chat.ChatTemplatesTest" name="AddNewDepartmentRecord" time="0.0">
    <ignored/>
  </testcase> <!-- AddNewDepartmentRecord -->
  <testcase classname="com.tetherfi.test.chat.ChatTemplatesTest" name="VerifyAuditTrialReportForCreateGroup" time="0.0">
    <ignored/>
  </testcase> <!-- VerifyAuditTrialReportForCreateGroup -->
  <testcase classname="com.tetherfi.test.chat.ChatTemplatesTest" name="VerifyMainsColumnsHeaderEnable" time="0.0">
    <ignored/>
  </testcase> <!-- VerifyMainsColumnsHeaderEnable -->
  <testcase classname="com.tetherfi.test.chat.ChatTemplatesTest" name="SortingByAscending" time="0.0">
    <ignored/>
  </testcase> <!-- SortingByAscending -->
  <testcase classname="com.tetherfi.test.chat.ChatTemplatesTest" name="DepartmentExportToExcelData" time="0.0">
    <ignored/>
  </testcase> <!-- DepartmentExportToExcelData -->
  <testcase classname="com.tetherfi.test.chat.ChatTemplatesTest" name="SortingByDescending" time="0.0">
    <ignored/>
  </testcase> <!-- SortingByDescending -->
  <testcase classname="com.tetherfi.test.chat.ChatTemplatesTest" name="VerifyGroupsColumnsHeaderDisable" time="0.0">
    <ignored/>
  </testcase> <!-- VerifyGroupsColumnsHeaderDisable -->
  <testcase classname="com.tetherfi.test.chat.ChatTemplatesTest" name="AddRecordWithoutName" time="0.0">
    <ignored/>
  </testcase> <!-- AddRecordWithoutName -->
  <testcase classname="com.tetherfi.test.chat.ChatTemplatesTest" name="VerifyCancelBtnAtAddDepartmentRecord" time="0.0">
    <ignored/>
  </testcase> <!-- VerifyCancelBtnAtAddDepartmentRecord -->
  <testcase classname="com.tetherfi.test.chat.ChatTemplatesTest" name="VerifyCancelBtnAtAddChatTemplateRecord" time="0.0">
    <ignored/>
  </testcase> <!-- VerifyCancelBtnAtAddChatTemplateRecord -->
  <testcase classname="com.tetherfi.test.chat.ChatTemplatesTest" name="VerifyArrowMoveForFirstAndLastPage" time="0.0">
    <ignored/>
  </testcase> <!-- VerifyArrowMoveForFirstAndLastPage -->
  <testcase classname="com.tetherfi.test.chat.ChatTemplatesTest" name="EditChatTemplatesRecord" time="0.0">
    <ignored/>
  </testcase> <!-- EditChatTemplatesRecord -->
  <testcase classname="com.tetherfi.test.chat.ChatTemplatesTest" name="VerifyAuditTrialReportForUpdate" time="0.0">
    <ignored/>
  </testcase> <!-- VerifyAuditTrialReportForUpdate -->
  <testcase classname="com.tetherfi.test.chat.ChatTemplatesTest" name="AddRecordWithoutStartTime" time="0.0">
    <ignored/>
  </testcase> <!-- AddRecordWithoutStartTime -->
  <testcase classname="com.tetherfi.test.chat.ChatTemplatesTest" name="AddDuplicateDepartmentRecord" time="0.0">
    <ignored/>
  </testcase> <!-- AddDuplicateDepartmentRecord -->
  <testcase classname="com.tetherfi.test.chat.ChatTemplatesTest" name="VerifyDepartmentDragAndDrop" time="0.0">
    <ignored/>
  </testcase> <!-- VerifyDepartmentDragAndDrop -->
  <testcase classname="com.tetherfi.test.chat.ChatTemplatesTest" name="AddRecordWithoutEnabled" time="0.0">
    <ignored/>
  </testcase> <!-- AddRecordWithoutEnabled -->
  <testcase classname="com.tetherfi.test.chat.ChatTemplatesTest" name="VerifyDragAndDropofAlreadyGroupedHeader" time="0.0">
    <ignored/>
  </testcase> <!-- VerifyDragAndDropofAlreadyGroupedHeader -->
  <testcase classname="com.tetherfi.test.chat.ChatTemplatesTest" name="AddEmptyDepartmentRecord" time="0.0">
    <ignored/>
  </testcase> <!-- AddEmptyDepartmentRecord -->
  <testcase classname="com.tetherfi.test.chat.ChatTemplatesTest" name="GroupsSortingByDescending" time="0.0">
    <ignored/>
  </testcase> <!-- GroupsSortingByDescending -->
  <testcase classname="com.tetherfi.test.chat.ChatTemplatesTest" name="VerifyDepartmentDragAndDropofAlreadyGroupedHeader" time="0.0">
    <ignored/>
  </testcase> <!-- VerifyDepartmentDragAndDropofAlreadyGroupedHeader -->
  <testcase classname="com.tetherfi.test.chat.ChatTemplatesTest" name="ExportToExcel" time="0.0">
    <ignored/>
  </testcase> <!-- ExportToExcel -->
  <testcase classname="com.tetherfi.test.chat.ChatTemplatesTest" name="AddEmptyChatTemplateRecord" time="0.0">
    <ignored/>
  </testcase> <!-- AddEmptyChatTemplateRecord -->
  <testcase classname="com.tetherfi.test.chat.ChatTemplatesTest" name="VerifyGroupsDropdownForAllTheColumns" time="0.0">
    <ignored/>
  </testcase> <!-- VerifyGroupsDropdownForAllTheColumns -->
  <testcase classname="com.tetherfi.test.chat.ChatTemplatesTest" name="VerifyDepartmentArrowMoveForFirstAndLastPage" time="0.0">
    <ignored/>
  </testcase> <!-- VerifyDepartmentArrowMoveForFirstAndLastPage -->
  <testcase classname="com.tetherfi.test.chat.ChatTemplatesTest" name="VerifyGroupsDragAndDropofAlreadyGroupedHeader" time="0.0">
    <ignored/>
  </testcase> <!-- VerifyGroupsDragAndDropofAlreadyGroupedHeader -->
  <testcase classname="com.tetherfi.test.chat.ChatTemplatesTest" name="VerifyAuditTrialReportForCreate" time="0.0">
    <ignored/>
  </testcase> <!-- VerifyAuditTrialReportForCreate -->
</testsuite> <!-- Default test(failed) -->
