<?xml version="1.0" encoding="UTF-8"?>
<!-- Generated by org.testng.reporters.JUnitXMLReporter -->
<testsuite ignored="31" hostname="DESKTOP-O6A5C2O" failures="0" tests="4" name="Default test(failed)" time="17.362" errors="0" timestamp="2020-03-12T14:17:44 IST">
  <testcase classname="com.tetherfi.test.BaseTest" name="@BeforeClass openApplication" time="17.093">
    <failure type="java.lang.NullPointerException">
      <![CDATA[java.lang.NullPointerException
at com.tetherfi.test.BaseTest.openApplication(BaseTest.java:37)
at java.base/java.util.ArrayList.forEach(Unknown Source)
... Removed 25 stack frames]]>
    </failure>
  </testcase> <!-- @BeforeClass openApplication -->
  <testcase classname="com.tetherfi.test.BaseTest" name="@BeforeMethod startTestCase" time="-1.584002864356E9">
    <skipped/>
  </testcase> <!-- @BeforeMethod startTestCase -->
  <testcase classname="com.tetherfi.test.tmac.TmacAuxCodesTest" name="@BeforeMethod NavigateToTmaxAuxCodesPage" time="-1.584002864364E9">
    <skipped/>
  </testcase> <!-- @BeforeMethod NavigateToTmaxAuxCodesPage -->
  <testcase classname="com.tetherfi.test.tmac.TmacAuxCodesTest" name="@AfterMethod AfterEachMethod" time="-1.58400286438E9">
    <skipped/>
  </testcase> <!-- @AfterMethod AfterEachMethod -->
  <testcase classname="com.tetherfi.test.BaseTest" name="@AfterMethod endTestCase" time="-1.584002864384E9">
    <skipped/>
  </testcase> <!-- @AfterMethod endTestCase -->
  <testcase classname="com.tetherfi.test.BaseTest" name="@BeforeMethod startTestCase" time="-1.584002864392E9">
    <skipped/>
  </testcase> <!-- @BeforeMethod startTestCase -->
  <testcase classname="com.tetherfi.test.tmac.TmacAuxCodesTest" name="@BeforeMethod NavigateToTmaxAuxCodesPage" time="-1.584002864396E9">
    <skipped/>
  </testcase> <!-- @BeforeMethod NavigateToTmaxAuxCodesPage -->
  <testcase classname="com.tetherfi.test.tmac.TmacAuxCodesTest" name="@AfterMethod AfterEachMethod" time="-1.584002864412E9">
    <skipped/>
  </testcase> <!-- @AfterMethod AfterEachMethod -->
  <testcase classname="com.tetherfi.test.BaseTest" name="@AfterMethod endTestCase" time="-1.584002864416E9">
    <skipped/>
  </testcase> <!-- @AfterMethod endTestCase -->
  <testcase classname="com.tetherfi.test.BaseTest" name="@BeforeMethod startTestCase" time="-1.58400286442E9">
    <skipped/>
  </testcase> <!-- @BeforeMethod startTestCase -->
  <testcase classname="com.tetherfi.test.tmac.TmacAuxCodesTest" name="@BeforeMethod NavigateToTmaxAuxCodesPage" time="-1.584002864428E9">
    <skipped/>
  </testcase> <!-- @BeforeMethod NavigateToTmaxAuxCodesPage -->
  <testcase classname="com.tetherfi.test.tmac.TmacAuxCodesTest" name="@AfterMethod AfterEachMethod" time="-1.584002864436E9">
    <skipped/>
  </testcase> <!-- @AfterMethod AfterEachMethod -->
  <testcase classname="com.tetherfi.test.BaseTest" name="@AfterMethod endTestCase" time="-1.584002864444E9">
    <skipped/>
  </testcase> <!-- @AfterMethod endTestCase -->
  <testcase classname="com.tetherfi.test.BaseTest" name="@BeforeMethod startTestCase" time="-1.584002864448E9">
    <skipped/>
  </testcase> <!-- @BeforeMethod startTestCase -->
  <testcase classname="com.tetherfi.test.tmac.TmacAuxCodesTest" name="@BeforeMethod NavigateToTmaxAuxCodesPage" time="-1.584002864452E9">
    <skipped/>
  </testcase> <!-- @BeforeMethod NavigateToTmaxAuxCodesPage -->
  <testcase classname="com.tetherfi.test.tmac.TmacAuxCodesTest" name="@AfterMethod AfterEachMethod" time="-1.584002864468E9">
    <skipped/>
  </testcase> <!-- @AfterMethod AfterEachMethod -->
  <testcase classname="com.tetherfi.test.BaseTest" name="@AfterMethod endTestCase" time="-1.584002864472E9">
    <skipped/>
  </testcase> <!-- @AfterMethod endTestCase -->
  <testcase classname="com.tetherfi.test.BaseTest" name="@AfterClass tearDown" time="-1.584002864476E9">
    <skipped/>
  </testcase> <!-- @AfterClass tearDown -->
  <testcase classname="com.tetherfi.test.tmac.TmacAuxCodesTest" name="verifyAddNewTmacAuxCodesCancelButton" time="0.0">
    <skipped/>
  </testcase> <!-- verifyAddNewTmacAuxCodesCancelButton -->
  <testcase classname="com.tetherfi.test.tmac.TmacAuxCodesTest" name="AddRecordWithoutName" time="0.0">
    <skipped/>
  </testcase> <!-- AddRecordWithoutName -->
  <testcase classname="com.tetherfi.test.tmac.TmacAuxCodesTest" name="AddRecordWithoutCode" time="0.0">
    <skipped/>
  </testcase> <!-- AddRecordWithoutCode -->
  <testcase classname="com.tetherfi.test.tmac.TmacAuxCodesTest" name="DuplicateRecord" time="0.0">
    <skipped/>
  </testcase> <!-- DuplicateRecord -->
  <testcase classname="com.tetherfi.test.tmac.TmacAuxCodesTest" name="verifyWithoutDeleteReason" time="0.0">
    <ignored/>
  </testcase> <!-- verifyWithoutDeleteReason -->
  <testcase classname="com.tetherfi.test.tmac.TmacAuxCodesTest" name="verifyGroupBy" time="0.0">
    <ignored/>
  </testcase> <!-- verifyGroupBy -->
  <testcase classname="com.tetherfi.test.tmac.TmacAuxCodesTest" name="verifyAuditTrailReportForDelete" time="0.0">
    <ignored/>
  </testcase> <!-- verifyAuditTrailReportForDelete -->
  <testcase classname="com.tetherfi.test.tmac.TmacAuxCodesTest" name="SearchContains" time="0.0">
    <ignored/>
  </testcase> <!-- SearchContains -->
  <testcase classname="com.tetherfi.test.tmac.TmacAuxCodesTest" name="verifyDeleteNoButton" time="0.0">
    <ignored/>
  </testcase> <!-- verifyDeleteNoButton -->
  <testcase classname="com.tetherfi.test.tmac.TmacAuxCodesTest" name="SearchEndsWith" time="0.0">
    <ignored/>
  </testcase> <!-- SearchEndsWith -->
  <testcase classname="com.tetherfi.test.tmac.TmacAuxCodesTest" name="verifyAuditTrailReportForCreate" time="0.0">
    <ignored/>
  </testcase> <!-- verifyAuditTrailReportForCreate -->
  <testcase classname="com.tetherfi.test.tmac.TmacAuxCodesTest" name="verifyDropDownForAllTheColumns" time="0.0">
    <ignored/>
  </testcase> <!-- verifyDropDownForAllTheColumns -->
  <testcase classname="com.tetherfi.test.tmac.TmacAuxCodesTest" name="SearchIsNotEqualTo" time="0.0">
    <ignored/>
  </testcase> <!-- SearchIsNotEqualTo -->
  <testcase classname="com.tetherfi.test.tmac.TmacAuxCodesTest" name="verifyColumnsHeaderDisabled" time="0.0">
    <ignored/>
  </testcase> <!-- verifyColumnsHeaderDisabled -->
  <testcase classname="com.tetherfi.test.tmac.TmacAuxCodesTest" name="SearchStartsWith" time="0.0">
    <ignored/>
  </testcase> <!-- SearchStartsWith -->
  <testcase classname="com.tetherfi.test.tmac.TmacAuxCodesTest" name="verifyTotalNumberOfItemsPerPageDetails" time="0.0">
    <ignored/>
  </testcase> <!-- verifyTotalNumberOfItemsPerPageDetails -->
  <testcase classname="com.tetherfi.test.tmac.TmacAuxCodesTest" name="verifyEditCancelButton" time="0.0">
    <ignored/>
  </testcase> <!-- verifyEditCancelButton -->
  <testcase classname="com.tetherfi.test.tmac.TmacAuxCodesTest" name="DeleteTmacAuxCodesRecord" time="0.0">
    <ignored/>
  </testcase> <!-- DeleteTmacAuxCodesRecord -->
  <testcase classname="com.tetherfi.test.tmac.TmacAuxCodesTest" name="verifyEditRecordWithOutModifyReason" time="0.0">
    <ignored/>
  </testcase> <!-- verifyEditRecordWithOutModifyReason -->
  <testcase classname="com.tetherfi.test.tmac.TmacAuxCodesTest" name="verifyExportToExcelWithoutData" time="0.0">
    <ignored/>
  </testcase> <!-- verifyExportToExcelWithoutData -->
  <testcase classname="com.tetherfi.test.tmac.TmacAuxCodesTest" name="verifySortByAscending" time="0.0">
    <ignored/>
  </testcase> <!-- verifySortByAscending -->
  <testcase classname="com.tetherfi.test.tmac.TmacAuxCodesTest" name="verifyNumberOfItemsPerPageSelection" time="0.0">
    <ignored/>
  </testcase> <!-- verifyNumberOfItemsPerPageSelection -->
  <testcase classname="com.tetherfi.test.tmac.TmacAuxCodesTest" name="verifyEditRecord" time="0.0">
    <ignored/>
  </testcase> <!-- verifyEditRecord -->
  <testcase classname="com.tetherfi.test.tmac.TmacAuxCodesTest" name="SearchDoesNotContains" time="0.0">
    <ignored/>
  </testcase> <!-- SearchDoesNotContains -->
  <testcase classname="com.tetherfi.test.tmac.TmacAuxCodesTest" name="verifySortByDescending" time="0.0">
    <ignored/>
  </testcase> <!-- verifySortByDescending -->
  <testcase classname="com.tetherfi.test.tmac.TmacAuxCodesTest" name="AddNewTmacAuxCodesRecord" time="0.0">
    <ignored/>
  </testcase> <!-- AddNewTmacAuxCodesRecord -->
  <testcase classname="com.tetherfi.test.tmac.TmacAuxCodesTest" name="TmacAuxCodesPage" time="0.0">
    <ignored/>
  </testcase> <!-- TmacAuxCodesPage -->
  <testcase classname="com.tetherfi.test.tmac.TmacAuxCodesTest" name="AddRecordWithoutValue" time="0.0">
    <ignored/>
  </testcase> <!-- AddRecordWithoutValue -->
  <testcase classname="com.tetherfi.test.tmac.TmacAuxCodesTest" name="verifyArrowMoveForFirstAndLastPage" time="0.0">
    <ignored/>
  </testcase> <!-- verifyArrowMoveForFirstAndLastPage -->
  <testcase classname="com.tetherfi.test.tmac.TmacAuxCodesTest" name="verifyExportedData" time="0.0">
    <ignored/>
  </testcase> <!-- verifyExportedData -->
  <testcase classname="com.tetherfi.test.tmac.TmacAuxCodesTest" name="verifyArrowMoveForPreviousAndNextPage" time="0.0">
    <ignored/>
  </testcase> <!-- verifyArrowMoveForPreviousAndNextPage -->
  <testcase classname="com.tetherfi.test.tmac.TmacAuxCodesTest" name="AddRecordWithoutStatus" time="0.0">
    <ignored/>
  </testcase> <!-- AddRecordWithoutStatus -->
  <testcase classname="com.tetherfi.test.tmac.TmacAuxCodesTest" name="verifyColoumnsHeaderEnabled" time="0.0">
    <ignored/>
  </testcase> <!-- verifyColoumnsHeaderEnabled -->
  <testcase classname="com.tetherfi.test.tmac.TmacAuxCodesTest" name="verifyAuditTrailReportForUpdate" time="0.0">
    <ignored/>
  </testcase> <!-- verifyAuditTrailReportForUpdate -->
  <testcase classname="com.tetherfi.test.tmac.TmacAuxCodesTest" name="ExportToExcelButton" time="0.0">
    <ignored/>
  </testcase> <!-- ExportToExcelButton -->
</testsuite> <!-- Default test(failed) -->
