<?xml version="1.0" encoding="UTF-8"?>
<!-- Generated by org.testng.reporters.JUnitXMLReporter -->
<testsuite ignored="10" hostname="DESKTOP-O6A5C2O" failures="3" tests="17" name="Default test(failed)" time="113.337" errors="0" timestamp="2019-10-04T16:45:01 IST">
  <testcase classname="com.tetherfi.test.UserRoleMappingCreateTest" name="@AfterMethod afterEachMethod" time="0.023">
    <failure type="org.openqa.selenium.NoSuchWindowException" message="no such window: target window already closed
from unknown error: web view not found
  (Session info: chrome=77.0.3865.90)
Build info: version: &amp;apos;3.141.59&amp;apos;, revision: &amp;apos;e82be7d358&amp;apos;, time: &amp;apos;2018-11-14T08:17:03&amp;apos;
System info: host: &amp;apos;DESKTOP-O6A5C2O&amp;apos;, ip: &amp;apos;192.168.1.70&amp;apos;, os.name: &amp;apos;Windows 10&amp;apos;, os.arch: &amp;apos;amd64&amp;apos;, os.version: &amp;apos;10.0&amp;apos;, java.version: &amp;apos;9.0.4&amp;apos;
Driver info: org.openqa.selenium.chrome.ChromeDriver
Capabilities {acceptInsecureCerts: false, browserName: chrome, browserVersion: 77.0.3865.90, chrome: {chromedriverVersion: 76.0.3809.68 (420c9498db8ce..., userDataDir: C:\Users\admin\AppData\Loca...}, goog:chromeOptions: {debuggerAddress: localhost:53398}, javascriptEnabled: true, networkConnectionEnabled: false, pageLoadStrategy: normal, platform: XP, platformName: XP, proxy: Proxy(), setWindowRect: true, strictFileInteractability: false, timeouts: {implicit: 0, pageLoad: 300000, script: 30000}, unhandledPromptBehavior: dismiss and notify}
Session ID: eef69575c8104d22146e5f9c87b7f816">
      <![CDATA[org.openqa.selenium.NoSuchWindowException: no such window: target window already closed
from unknown error: web view not found
  (Session info: chrome=77.0.3865.90)
Build info: version: '3.141.59', revision: 'e82be7d358', time: '2018-11-14T08:17:03'
System info: host: 'DESKTOP-O6A5C2O', ip: '192.168.1.70', os.name: 'Windows 10', os.arch: 'amd64', os.version: '10.0', java.version: '9.0.4'
Driver info: org.openqa.selenium.chrome.ChromeDriver
Capabilities {acceptInsecureCerts: false, browserName: chrome, browserVersion: 77.0.3865.90, chrome: {chromedriverVersion: 76.0.3809.68 (420c9498db8ce..., userDataDir: C:\Users\admin\AppData\Loca...}, goog:chromeOptions: {debuggerAddress: localhost:53398}, javascriptEnabled: true, networkConnectionEnabled: false, pageLoadStrategy: normal, platform: XP, platformName: XP, proxy: Proxy(), setWindowRect: true, strictFileInteractability: false, timeouts: {implicit: 0, pageLoad: 300000, script: 30000}, unhandledPromptBehavior: dismiss and notify}
Session ID: eef69575c8104d22146e5f9c87b7f816
at org.openqa.selenium.remote.http.W3CHttpResponseCodec.createException(W3CHttpResponseCodec.java:187)
at org.openqa.selenium.remote.http.W3CHttpResponseCodec.decode(W3CHttpResponseCodec.java:122)
at org.openqa.selenium.remote.http.W3CHttpResponseCodec.decode(W3CHttpResponseCodec.java:49)
at org.openqa.selenium.remote.HttpCommandExecutor.execute(HttpCommandExecutor.java:158)
at org.openqa.selenium.remote.service.DriverCommandExecutor.execute(DriverCommandExecutor.java:83)
at org.openqa.selenium.remote.RemoteWebDriver.execute(RemoteWebDriver.java:552)
at org.openqa.selenium.remote.RemoteWebDriver.execute(RemoteWebDriver.java:609)
at org.openqa.selenium.remote.RemoteWebDriver$RemoteNavigation.refresh(RemoteWebDriver.java:865)
at com.tetherfi.test.UserRoleMappingCreateTest.afterEachMethod(UserRoleMappingCreateTest.java:352)
at java.base/java.util.ArrayList.forEach(Unknown Source)
... Removed 36 stack frames]]>
    </failure>
  </testcase> <!-- @AfterMethod afterEachMethod -->
  <testcase classname="com.tetherfi.test.UserRoleMappingCreateTest" name="@BeforeMethod NavigateToNewUserRoleMappingPage" time="-1.570187701661E9">
    <skipped/>
  </testcase> <!-- @BeforeMethod NavigateToNewUserRoleMappingPage -->
  <testcase classname="com.tetherfi.test.UserRoleMappingCreateTest" name="@AfterMethod afterEachMethod" time="-1.570187701672E9">
    <skipped/>
  </testcase> <!-- @AfterMethod afterEachMethod -->
  <testcase classname="com.tetherfi.test.UserRoleMappingCreateTest" name="AddRevertRecord" time="29.312">
    <failure type="java.lang.AssertionError" message="expected [Record Created Successfully] but found [Please Provide Supervisor]">
      <![CDATA[java.lang.AssertionError: expected [Record Created Successfully] but found [Please Provide Supervisor]
at com.tetherfi.test.UserRoleMappingCreateTest.AddRevertRecord(UserRoleMappingCreateTest.java:161)
at java.base/java.util.ArrayList.forEach(Unknown Source)
... Removed 32 stack frames]]>
    </failure>
  </testcase> <!-- AddRevertRecord -->
  <testcase classname="com.tetherfi.test.UserRoleMappingCreateTest" name="VerifyRevertForAddNewRecord" time="0.0">
    <skipped/>
  </testcase> <!-- VerifyRevertForAddNewRecord -->
  <testcase classname="com.tetherfi.test.UserRoleMappingCreateTest" name="VerifyApprovedDataSectionWithoutApproval" time="0.0">
    <skipped/>
  </testcase> <!-- VerifyApprovedDataSectionWithoutApproval -->
  <testcase classname="com.tetherfi.test.UserRoleMappingCreateTest" name="VerifyAuditTrailReportForRevert" time="0.0">
    <skipped/>
  </testcase> <!-- VerifyAuditTrailReportForRevert -->
  <testcase classname="com.tetherfi.test.UserRoleMappingCreateTest" name="AddRejectRecord" time="28.82">
    <failure type="java.lang.AssertionError" message="expected [Record Created Successfully] but found [Please Provide Supervisor]">
      <![CDATA[java.lang.AssertionError: expected [Record Created Successfully] but found [Please Provide Supervisor]
at com.tetherfi.test.UserRoleMappingCreateTest.AddRejectRecord(UserRoleMappingCreateTest.java:204)
at java.base/java.util.ArrayList.forEach(Unknown Source)
... Removed 32 stack frames]]>
    </failure>
  </testcase> <!-- AddRejectRecord -->
  <testcase classname="com.tetherfi.test.UserRoleMappingCreateTest" name="VerifySendForApprovalForAddNewRecord" time="0.0">
    <skipped/>
  </testcase> <!-- VerifySendForApprovalForAddNewRecord -->
  <testcase classname="com.tetherfi.test.UserRoleMappingCreateTest" name="RejectforAddNewNewUserRoleMappingRecord" time="0.0">
    <skipped/>
  </testcase> <!-- RejectforAddNewNewUserRoleMappingRecord -->
  <testcase classname="com.tetherfi.test.UserRoleMappingCreateTest" name="VerifyAuditTrailReportForReject" time="0.0">
    <skipped/>
  </testcase> <!-- VerifyAuditTrailReportForReject -->
  <testcase classname="com.tetherfi.test.UserRoleMappingCreateTest" name="VerifyRecordAfterRejection" time="0.0">
    <skipped/>
  </testcase> <!-- VerifyRecordAfterRejection -->
  <testcase classname="com.tetherfi.test.UserRoleMappingCreateTest" name="AddNewNewUserRoleMappingRecord" time="16.428">
    <failure type="org.openqa.selenium.NoSuchWindowException" message="no such window: target window already closed
from unknown error: web view not found
  (Session info: chrome=77.0.3865.90)
Build info: version: &amp;apos;3.141.59&amp;apos;, revision: &amp;apos;e82be7d358&amp;apos;, time: &amp;apos;2018-11-14T08:17:03&amp;apos;
System info: host: &amp;apos;DESKTOP-O6A5C2O&amp;apos;, ip: &amp;apos;192.168.1.70&amp;apos;, os.name: &amp;apos;Windows 10&amp;apos;, os.arch: &amp;apos;amd64&amp;apos;, os.version: &amp;apos;10.0&amp;apos;, java.version: &amp;apos;9.0.4&amp;apos;
Driver info: org.openqa.selenium.chrome.ChromeDriver
Capabilities {acceptInsecureCerts: false, browserName: chrome, browserVersion: 77.0.3865.90, chrome: {chromedriverVersion: 76.0.3809.68 (420c9498db8ce..., userDataDir: C:\Users\admin\AppData\Loca...}, goog:chromeOptions: {debuggerAddress: localhost:53398}, javascriptEnabled: true, networkConnectionEnabled: false, pageLoadStrategy: normal, platform: XP, platformName: XP, proxy: Proxy(), setWindowRect: true, strictFileInteractability: false, timeouts: {implicit: 0, pageLoad: 300000, script: 30000}, unhandledPromptBehavior: dismiss and notify}
Session ID: eef69575c8104d22146e5f9c87b7f816
*** Element info: {Using=class name, value=k-in}">
      <![CDATA[org.openqa.selenium.NoSuchWindowException: no such window: target window already closed
from unknown error: web view not found
  (Session info: chrome=77.0.3865.90)
Build info: version: '3.141.59', revision: 'e82be7d358', time: '2018-11-14T08:17:03'
System info: host: 'DESKTOP-O6A5C2O', ip: '192.168.1.70', os.name: 'Windows 10', os.arch: 'amd64', os.version: '10.0', java.version: '9.0.4'
Driver info: org.openqa.selenium.chrome.ChromeDriver
Capabilities {acceptInsecureCerts: false, browserName: chrome, browserVersion: 77.0.3865.90, chrome: {chromedriverVersion: 76.0.3809.68 (420c9498db8ce..., userDataDir: C:\Users\admin\AppData\Loca...}, goog:chromeOptions: {debuggerAddress: localhost:53398}, javascriptEnabled: true, networkConnectionEnabled: false, pageLoadStrategy: normal, platform: XP, platformName: XP, proxy: Proxy(), setWindowRect: true, strictFileInteractability: false, timeouts: {implicit: 0, pageLoad: 300000, script: 30000}, unhandledPromptBehavior: dismiss and notify}
Session ID: eef69575c8104d22146e5f9c87b7f816
*** Element info: {Using=class name, value=k-in}
at org.openqa.selenium.remote.http.W3CHttpResponseCodec.createException(W3CHttpResponseCodec.java:187)
at org.openqa.selenium.remote.http.W3CHttpResponseCodec.decode(W3CHttpResponseCodec.java:122)
at org.openqa.selenium.remote.http.W3CHttpResponseCodec.decode(W3CHttpResponseCodec.java:49)
at org.openqa.selenium.remote.HttpCommandExecutor.execute(HttpCommandExecutor.java:158)
at org.openqa.selenium.remote.service.DriverCommandExecutor.execute(DriverCommandExecutor.java:83)
at org.openqa.selenium.remote.RemoteWebDriver.execute(RemoteWebDriver.java:552)
at org.openqa.selenium.remote.RemoteWebElement.execute(RemoteWebElement.java:285)
at org.openqa.selenium.remote.RemoteWebElement.findElement(RemoteWebElement.java:185)
at org.openqa.selenium.remote.RemoteWebElement.findElementByClassName(RemoteWebElement.java:245)
at org.openqa.selenium.By$ByClassName.findElement(By.java:389)
at org.openqa.selenium.remote.RemoteWebElement.findElement(RemoteWebElement.java:181)
at com.tetherfi.pages.NewUserRoleMappingPage.ChooseTeamHeirarchy(NewUserRoleMappingPage.java:367)
at com.tetherfi.pages.NewUserRoleMappingPage.addNewUserRoleMappingRecord(NewUserRoleMappingPage.java:351)
at com.tetherfi.test.UserRoleMappingCreateTest.AddNewNewUserRoleMappingRecord(UserRoleMappingCreateTest.java:253)
at java.base/java.util.ArrayList.forEach(Unknown Source)
... Removed 31 stack frames]]>
    </failure>
  </testcase> <!-- AddNewNewUserRoleMappingRecord -->
  <testcase classname="com.tetherfi.test.UserRoleMappingCreateTest" name="VerifyAuditTrailReportForCreate" time="0.0">
    <skipped/>
  </testcase> <!-- VerifyAuditTrailReportForCreate -->
  <testcase classname="com.tetherfi.test.UserRoleMappingCreateTest" name="VerifyAuditTrailDataForAddNewNewUserRoleMappingRecord" time="0.0">
    <skipped/>
  </testcase> <!-- VerifyAuditTrailDataForAddNewNewUserRoleMappingRecord -->
  <testcase classname="com.tetherfi.test.UserRoleMappingCreateTest" name="VerifySendForApprovalForAddNewNewUserRoleMappingRecord" time="0.0">
    <skipped/>
  </testcase> <!-- VerifySendForApprovalForAddNewNewUserRoleMappingRecord -->
  <testcase classname="com.tetherfi.test.UserRoleMappingCreateTest" name="VerifyAuditTrailReportForSendForApproval" time="0.0">
    <skipped/>
  </testcase> <!-- VerifyAuditTrailReportForSendForApproval -->
  <testcase classname="com.tetherfi.test.UserRoleMappingCreateTest" name="ApproveforAddNewNewUserRoleMappingRecord" time="0.0">
    <skipped/>
  </testcase> <!-- ApproveforAddNewNewUserRoleMappingRecord -->
  <testcase classname="com.tetherfi.test.UserRoleMappingCreateTest" name="VerifyAuditTrailReportForApprove" time="0.0">
    <skipped/>
  </testcase> <!-- VerifyAuditTrailReportForApprove -->
  <testcase classname="com.tetherfi.test.UserRoleMappingCreateTest" name="VerifyRecordApprovedDataSectionafterApproval" time="0.0">
    <skipped/>
  </testcase> <!-- VerifyRecordApprovedDataSectionafterApproval -->
  <testcase classname="com.tetherfi.test.UserRoleMappingCreateTest" name="VerifyAddRecordWithoutLanId" time="0.0">
    <ignored/>
  </testcase> <!-- VerifyAddRecordWithoutLanId -->
  <testcase classname="com.tetherfi.test.UserRoleMappingCreateTest" name="VerifyAddCancelButton" time="0.0">
    <ignored/>
  </testcase> <!-- VerifyAddCancelButton -->
  <testcase classname="com.tetherfi.test.UserRoleMappingCreateTest" name="AddDuplicateRecord" time="0.0">
    <ignored/>
  </testcase> <!-- AddDuplicateRecord -->
  <testcase classname="com.tetherfi.test.UserRoleMappingCreateTest" name="VerifyAddRecordWithoutSupervisor" time="0.0">
    <ignored/>
  </testcase> <!-- VerifyAddRecordWithoutSupervisor -->
  <testcase classname="com.tetherfi.test.UserRoleMappingCreateTest" name="VerifyAddRecordWithoutOrgUnit" time="0.0">
    <ignored/>
  </testcase> <!-- VerifyAddRecordWithoutOrgUnit -->
  <testcase classname="com.tetherfi.test.UserRoleMappingCreateTest" name="VerifyAddRecordWithoutProfile" time="0.0">
    <ignored/>
  </testcase> <!-- VerifyAddRecordWithoutProfile -->
  <testcase classname="com.tetherfi.test.UserRoleMappingCreateTest" name="VerifyAddRecordWithoutLoginID" time="0.0">
    <ignored/>
  </testcase> <!-- VerifyAddRecordWithoutLoginID -->
  <testcase classname="com.tetherfi.test.UserRoleMappingCreateTest" name="VerifyAddRecordWithoutLastName" time="0.0">
    <ignored/>
  </testcase> <!-- VerifyAddRecordWithoutLastName -->
  <testcase classname="com.tetherfi.test.UserRoleMappingCreateTest" name="VerifyAddRecordwithoutFirstName" time="0.0">
    <ignored/>
  </testcase> <!-- VerifyAddRecordwithoutFirstName -->
  <testcase classname="com.tetherfi.test.UserRoleMappingCreateTest" name="VerifyAddRecordWithoutRole" time="0.0">
    <ignored/>
  </testcase> <!-- VerifyAddRecordWithoutRole -->
</testsuite> <!-- Default test(failed) -->
