<?xml version="1.0" encoding="UTF-8"?>
<!-- Generated by org.testng.reporters.JUnitXMLReporter -->
<testsuite hostname="TTF-BLR-SANTOSHKOUJALAGI" ignored="6" name="Default test(failed)" tests="2" failures="2" timestamp="2021-09-05T21:12:40 IST" time="138.547" errors="0">
  <testcase name="verifyAdvancedSearchcontains" time="37.542" classname="com.tetherfi.test.reports.OCMAgentInteractionReportTest">
    <failure type="java.lang.AssertionError" message="did not expect to find [true] but found [false]">
      <![CDATA[java.lang.AssertionError: did not expect to find [true] but found [false]
at com.tetherfi.test.reports.OCMAgentInteractionReportTest.verifyAdvancedSearchcontains(OCMAgentInteractionReportTest.java:293)
at java.util.ArrayList.forEach(Unknown Source)
... Removed 31 stack frames]]>
    </failure>
  </testcase> <!-- verifyAdvancedSearchcontains -->
  <testcase name="verifyAdvancedSearchStartswith" time="50.798" classname="com.tetherfi.test.reports.OCMAgentInteractionReportTest">
    <failure type="java.lang.AssertionError" message="did not expect to find [true] but found [false]">
      <![CDATA[java.lang.AssertionError: did not expect to find [true] but found [false]
at com.tetherfi.test.reports.OCMAgentInteractionReportTest.verifyAdvancedSearchStartswith(OCMAgentInteractionReportTest.java:315)
at java.util.ArrayList.forEach(Unknown Source)
... Removed 31 stack frames]]>
    </failure>
  </testcase> <!-- verifyAdvancedSearchStartswith -->
  <testcase name="verifyAdvancedSearchORCriteria" time="0.0" classname="com.tetherfi.test.reports.OCMAgentInteractionReportTest">
    <ignored/>
  </testcase> <!-- verifyAdvancedSearchORCriteria -->
  <testcase name="verifyAdvancedSearchDoesnotcontains" time="0.0" classname="com.tetherfi.test.reports.OCMAgentInteractionReportTest">
    <ignored/>
  </testcase> <!-- verifyAdvancedSearchDoesnotcontains -->
  <testcase name="verifyAdvancedSearchANDCriteria" time="0.0" classname="com.tetherfi.test.reports.OCMAgentInteractionReportTest">
    <ignored/>
  </testcase> <!-- verifyAdvancedSearchANDCriteria -->
  <testcase name="verifyAdvancedSearchNotEqualTo" time="0.0" classname="com.tetherfi.test.reports.OCMAgentInteractionReportTest">
    <ignored/>
  </testcase> <!-- verifyAdvancedSearchNotEqualTo -->
  <testcase name="verifyAdvancedSearchEndswith" time="0.0" classname="com.tetherfi.test.reports.OCMAgentInteractionReportTest">
    <ignored/>
  </testcase> <!-- verifyAdvancedSearchEndswith -->
  <testcase name="verifyAdvancedSearchinreportpage" time="0.0" classname="com.tetherfi.test.reports.OCMAgentInteractionReportTest">
    <ignored/>
  </testcase> <!-- verifyAdvancedSearchinreportpage -->
</testsuite> <!-- Default test(failed) -->
