<?xml version="1.0" encoding="UTF-8"?>
<!-- Generated by org.testng.reporters.JUnitXMLReporter -->
<testsuite ignored="35" hostname="admin" failures="14" tests="21" name="Default test(failed)" time="1467.193" errors="0" timestamp="2020-05-26T14:36:00 IST">
  <testcase classname="com.tetherfi.test.reports.AgentHistoricalReportTest" name="ShowOcmAgentHistoricalReportInNewTab" time="10.976">
    <failure type="java.lang.IndexOutOfBoundsException" message="Index 0 out-of-bounds for length 0">
      <![CDATA[java.lang.IndexOutOfBoundsException: Index 0 out-of-bounds for length 0
at java.base/jdk.internal.util.Preconditions.outOfBounds(Unknown Source)
at java.base/jdk.internal.util.Preconditions.outOfBoundsCheckIndex(Unknown Source)
at java.base/jdk.internal.util.Preconditions.checkIndex(Unknown Source)
at java.base/java.util.Objects.checkIndex(Unknown Source)
at java.base/java.util.ArrayList.get(Unknown Source)
at com.tetherfi.pages.BasePage.switchToNewWindow(BasePage.java:413)
at com.tetherfi.pages.OCMReportsPage.showReportInNewPage(OCMReportsPage.java:409)
at com.tetherfi.test.reports.AgentHistoricalReportTest.ShowOcmAgentHistoricalReportInNewTab(AgentHistoricalReportTest.java:47)
at java.base/java.util.ArrayList.forEach(Unknown Source)
... Removed 27 stack frames]]>
    </failure>
  </testcase> <!-- ShowOcmAgentHistoricalReportInNewTab -->
  <testcase classname="com.tetherfi.test.reports.AgentHistoricalReportTest" name="VerifyNumberOfItemsPerPageSelection" time="28.658">
    <failure type="java.lang.AssertionError" message="item per page assertion failed did not expect to find [true] but found [false]">
      <![CDATA[java.lang.AssertionError: item per page assertion failed did not expect to find [true] but found [false]
at com.tetherfi.test.reports.AgentHistoricalReportTest.VerifyNumberOfItemsPerPageSelection(AgentHistoricalReportTest.java:240)
at java.base/java.util.ArrayList.forEach(Unknown Source)
... Removed 30 stack frames]]>
    </failure>
  </testcase> <!-- VerifyNumberOfItemsPerPageSelection -->
  <testcase classname="com.tetherfi.test.reports.AgentHistoricalReportTest" name="ExportPage" time="39.399"/>
  <testcase classname="com.tetherfi.test.reports.AgentHistoricalReportTest" name="VerifyExportedPage" time="31.836"/>
  <testcase classname="com.tetherfi.test.reports.AgentHistoricalReportTest" name="SortingByAscending" time="28.274">
    <failure type="java.lang.NullPointerException">
      <![CDATA[java.lang.NullPointerException
at com.tetherfi.utility.ExcelReader.getTestData(ExcelReader.java:99)
at com.tetherfi.test.reports.AgentHistoricalReportTest.SortingByAscending(AgentHistoricalReportTest.java:280)
at java.base/java.util.ArrayList.forEach(Unknown Source)
... Removed 27 stack frames]]>
    </failure>
  </testcase> <!-- SortingByAscending -->
  <testcase classname="com.tetherfi.test.reports.AgentHistoricalReportTest" name="SortingByDescending" time="28.012">
    <failure type="java.lang.NullPointerException">
      <![CDATA[java.lang.NullPointerException
at com.tetherfi.utility.ExcelReader.getTestData(ExcelReader.java:99)
at com.tetherfi.test.reports.AgentHistoricalReportTest.SortingByDescending(AgentHistoricalReportTest.java:294)
at java.base/java.util.ArrayList.forEach(Unknown Source)
... Removed 27 stack frames]]>
    </failure>
  </testcase> <!-- SortingByDescending -->
  <testcase classname="com.tetherfi.test.reports.AgentHistoricalReportTest" name="VerifySearchByFeatureForAgentHistoricalReport" time="47.691">
    <failure type="java.lang.AssertionError" message="did not expect to find [true] but found [false]">
      <![CDATA[java.lang.AssertionError: did not expect to find [true] but found [false]
at com.tetherfi.test.reports.AgentHistoricalReportTest.VerifySearchByFeatureForAgentHistoricalReport(AgentHistoricalReportTest.java:354)
at java.base/java.util.ArrayList.forEach(Unknown Source)
... Removed 31 stack frames]]>
    </failure>
  </testcase> <!-- VerifySearchByFeatureForAgentHistoricalReport -->
  <testcase classname="com.tetherfi.test.reports.AgentHistoricalReportTest" name="VerifySearchEqualsToFeature" time="51.36"/>
  <testcase classname="com.tetherfi.test.reports.AgentHistoricalReportTest" name="VerifySearchDoesNotContains" time="54.28"/>
  <testcase classname="com.tetherfi.test.reports.AgentHistoricalReportTest" name="VerifySearchStartsWith" time="51.909">
    <failure type="java.lang.ArrayIndexOutOfBoundsException" message="1">
      <![CDATA[java.lang.ArrayIndexOutOfBoundsException: 1
at com.tetherfi.pages.AgentHistoricalReportPage.getDataTable(AgentHistoricalReportPage.java:927)
at com.tetherfi.pages.AgentHistoricalReportPage.verifySearchStartsWith(AgentHistoricalReportPage.java:1035)
at com.tetherfi.test.reports.AgentHistoricalReportTest.VerifySearchStartsWith(AgentHistoricalReportTest.java:422)
at java.base/java.util.ArrayList.forEach(Unknown Source)
... Removed 27 stack frames]]>
    </failure>
  </testcase> <!-- VerifySearchStartsWith -->
  <testcase classname="com.tetherfi.test.reports.AgentHistoricalReportTest" name="GroupBy" time="25.912">
    <failure type="org.openqa.selenium.NoSuchElementException" message="no such element: Unable to locate element: {&amp;quot;method&amp;quot;:&amp;quot;xpath&amp;quot;,&amp;quot;selector&amp;quot;:&amp;quot;//p[@class=&amp;apos;k-reset&amp;apos;]&amp;quot;}
  (Session info: chrome=81.0.4044.138)
For documentation on this error, please visit: https://www.seleniumhq.org/exceptions/no_such_element.html
Build info: version: &amp;apos;3.141.59&amp;apos;, revision: &amp;apos;e82be7d358&amp;apos;, time: &amp;apos;2018-11-14T08:17:03&amp;apos;
System info: host: &amp;apos;ADMIN&amp;apos;, ip: &amp;apos;192.168.1.4&amp;apos;, os.name: &amp;apos;Windows 8.1&amp;apos;, os.arch: &amp;apos;amd64&amp;apos;, os.version: &amp;apos;6.3&amp;apos;, java.version: &amp;apos;9.0.4&amp;apos;
Driver info: org.openqa.selenium.chrome.ChromeDriver
Capabilities {acceptInsecureCerts: false, browserName: chrome, browserVersion: 81.0.4044.138, chrome: {chromedriverVersion: 80.0.3987.106 (f68069574609..., userDataDir: C:\Users\ADMINP~1\AppData\L...}, goog:chromeOptions: {debuggerAddress: localhost:59372}, javascriptEnabled: true, networkConnectionEnabled: false, pageLoadStrategy: normal, platform: WINDOWS, platformName: WINDOWS, proxy: Proxy(), setWindowRect: true, strictFileInteractability: false, timeouts: {implicit: 0, pageLoad: 300000, script: 30000}, unhandledPromptBehavior: dismiss and notify}
Session ID: 616622d54ec436b99b62227f7fac84d6
*** Element info: {Using=xpath, value=//p[@class=&amp;apos;k-reset&amp;apos;]}">
      <![CDATA[org.openqa.selenium.NoSuchElementException: no such element: Unable to locate element: {"method":"xpath","selector":"//p[@class='k-reset']"}
  (Session info: chrome=81.0.4044.138)
For documentation on this error, please visit: https://www.seleniumhq.org/exceptions/no_such_element.html
Build info: version: '3.141.59', revision: 'e82be7d358', time: '2018-11-14T08:17:03'
System info: host: 'ADMIN', ip: '192.168.1.4', os.name: 'Windows 8.1', os.arch: 'amd64', os.version: '6.3', java.version: '9.0.4'
Driver info: org.openqa.selenium.chrome.ChromeDriver
Capabilities {acceptInsecureCerts: false, browserName: chrome, browserVersion: 81.0.4044.138, chrome: {chromedriverVersion: 80.0.3987.106 (f68069574609..., userDataDir: C:\Users\ADMINP~1\AppData\L...}, goog:chromeOptions: {debuggerAddress: localhost:59372}, javascriptEnabled: true, networkConnectionEnabled: false, pageLoadStrategy: normal, platform: WINDOWS, platformName: WINDOWS, proxy: Proxy(), setWindowRect: true, strictFileInteractability: false, timeouts: {implicit: 0, pageLoad: 300000, script: 30000}, unhandledPromptBehavior: dismiss and notify}
Session ID: 616622d54ec436b99b62227f7fac84d6
*** Element info: {Using=xpath, value=//p[@class='k-reset']}
at org.openqa.selenium.remote.http.W3CHttpResponseCodec.createException(W3CHttpResponseCodec.java:187)
at org.openqa.selenium.remote.http.W3CHttpResponseCodec.decode(W3CHttpResponseCodec.java:122)
at org.openqa.selenium.remote.http.W3CHttpResponseCodec.decode(W3CHttpResponseCodec.java:49)
at org.openqa.selenium.remote.HttpCommandExecutor.execute(HttpCommandExecutor.java:158)
at org.openqa.selenium.remote.service.DriverCommandExecutor.execute(DriverCommandExecutor.java:83)
at org.openqa.selenium.remote.RemoteWebDriver.execute(RemoteWebDriver.java:552)
at org.openqa.selenium.remote.RemoteWebDriver.findElement(RemoteWebDriver.java:323)
at org.openqa.selenium.remote.RemoteWebDriver.findElementByXPath(RemoteWebDriver.java:428)
at org.openqa.selenium.By$ByXPath.findElement(By.java:353)
at org.openqa.selenium.remote.RemoteWebDriver.findElement(RemoteWebDriver.java:315)
at org.openqa.selenium.support.pagefactory.DefaultElementLocator.findElement(DefaultElementLocator.java:69)
at org.openqa.selenium.support.pagefactory.internal.LocatingElementHandler.invoke(LocatingElementHandler.java:38)
at com.sun.proxy.$Proxy14.getText(Unknown Source)
at com.tetherfi.pages.AgentHistoricalReportPage.groupby(AgentHistoricalReportPage.java:1136)
at com.tetherfi.test.reports.AgentHistoricalReportTest.GroupBy(AgentHistoricalReportTest.java:474)
at java.base/java.util.ArrayList.forEach(Unknown Source)
... Removed 31 stack frames]]>
    </failure>
  </testcase> <!-- GroupBy -->
  <testcase classname="com.tetherfi.test.reports.AgentHistoricalReportTest" name="verifyAdvancedSearchinreportpageSearchcontains" time="44.22">
    <failure type="java.lang.ArrayIndexOutOfBoundsException" message="1">
      <![CDATA[java.lang.ArrayIndexOutOfBoundsException: 1
at com.tetherfi.pages.AgentHistoricalReportPage.getDataTable(AgentHistoricalReportPage.java:927)
at com.tetherfi.pages.AgentHistoricalReportPage.verifyAdvanceSearchContains(AgentHistoricalReportPage.java:1318)
at com.tetherfi.test.reports.AgentHistoricalReportTest.verifyAdvancedSearchinreportpageSearchcontains(AgentHistoricalReportTest.java:499)
at java.base/java.util.ArrayList.forEach(Unknown Source)
... Removed 27 stack frames]]>
    </failure>
  </testcase> <!-- verifyAdvancedSearchinreportpageSearchcontains -->
  <testcase classname="com.tetherfi.test.reports.AgentHistoricalReportTest" name="verifyAdvancedSearchinreportpageSearchStartswith" time="48.067">
    <failure type="java.lang.ArrayIndexOutOfBoundsException" message="1">
      <![CDATA[java.lang.ArrayIndexOutOfBoundsException: 1
at com.tetherfi.pages.AgentHistoricalReportPage.getDataTable(AgentHistoricalReportPage.java:927)
at com.tetherfi.pages.AgentHistoricalReportPage.verifyAdvanceSearchStartsWith(AgentHistoricalReportPage.java:1346)
at com.tetherfi.test.reports.AgentHistoricalReportTest.verifyAdvancedSearchinreportpageSearchStartswith(AgentHistoricalReportTest.java:521)
at java.base/java.util.ArrayList.forEach(Unknown Source)
... Removed 27 stack frames]]>
    </failure>
  </testcase> <!-- verifyAdvancedSearchinreportpageSearchStartswith -->
  <testcase classname="com.tetherfi.test.reports.AgentHistoricalReportTest" name="verifyAdvancedSearchAddCriteria" time="52.441"/>
  <testcase classname="com.tetherfi.test.reports.AgentHistoricalReportTest" name="verifyAdvancedSearchORCriteria" time="54.563">
    <failure type="org.openqa.selenium.StaleElementReferenceException" message="stale element reference: element is not attached to the page document
  (Session info: chrome=81.0.4044.138)
For documentation on this error, please visit: https://www.seleniumhq.org/exceptions/stale_element_reference.html
Build info: version: &amp;apos;3.141.59&amp;apos;, revision: &amp;apos;e82be7d358&amp;apos;, time: &amp;apos;2018-11-14T08:17:03&amp;apos;
System info: host: &amp;apos;ADMIN&amp;apos;, ip: &amp;apos;192.168.1.4&amp;apos;, os.name: &amp;apos;Windows 8.1&amp;apos;, os.arch: &amp;apos;amd64&amp;apos;, os.version: &amp;apos;6.3&amp;apos;, java.version: &amp;apos;9.0.4&amp;apos;
Driver info: org.openqa.selenium.chrome.ChromeDriver
Capabilities {acceptInsecureCerts: false, browserName: chrome, browserVersion: 81.0.4044.138, chrome: {chromedriverVersion: 80.0.3987.106 (f68069574609..., userDataDir: C:\Users\ADMINP~1\AppData\L...}, goog:chromeOptions: {debuggerAddress: localhost:59372}, javascriptEnabled: true, networkConnectionEnabled: false, pageLoadStrategy: normal, platform: WINDOWS, platformName: WINDOWS, proxy: Proxy(), setWindowRect: true, strictFileInteractability: false, timeouts: {implicit: 0, pageLoad: 300000, script: 30000}, unhandledPromptBehavior: dismiss and notify}
Session ID: 616622d54ec436b99b62227f7fac84d6">
      <![CDATA[org.openqa.selenium.StaleElementReferenceException: stale element reference: element is not attached to the page document
  (Session info: chrome=81.0.4044.138)
For documentation on this error, please visit: https://www.seleniumhq.org/exceptions/stale_element_reference.html
Build info: version: '3.141.59', revision: 'e82be7d358', time: '2018-11-14T08:17:03'
System info: host: 'ADMIN', ip: '192.168.1.4', os.name: 'Windows 8.1', os.arch: 'amd64', os.version: '6.3', java.version: '9.0.4'
Driver info: org.openqa.selenium.chrome.ChromeDriver
Capabilities {acceptInsecureCerts: false, browserName: chrome, browserVersion: 81.0.4044.138, chrome: {chromedriverVersion: 80.0.3987.106 (f68069574609..., userDataDir: C:\Users\ADMINP~1\AppData\L...}, goog:chromeOptions: {debuggerAddress: localhost:59372}, javascriptEnabled: true, networkConnectionEnabled: false, pageLoadStrategy: normal, platform: WINDOWS, platformName: WINDOWS, proxy: Proxy(), setWindowRect: true, strictFileInteractability: false, timeouts: {implicit: 0, pageLoad: 300000, script: 30000}, unhandledPromptBehavior: dismiss and notify}
Session ID: 616622d54ec436b99b62227f7fac84d6
at org.openqa.selenium.remote.http.W3CHttpResponseCodec.createException(W3CHttpResponseCodec.java:187)
at org.openqa.selenium.remote.http.W3CHttpResponseCodec.decode(W3CHttpResponseCodec.java:122)
at org.openqa.selenium.remote.http.W3CHttpResponseCodec.decode(W3CHttpResponseCodec.java:49)
at org.openqa.selenium.remote.HttpCommandExecutor.execute(HttpCommandExecutor.java:158)
at org.openqa.selenium.remote.service.DriverCommandExecutor.execute(DriverCommandExecutor.java:83)
at org.openqa.selenium.remote.RemoteWebDriver.execute(RemoteWebDriver.java:552)
at org.openqa.selenium.remote.RemoteWebElement.execute(RemoteWebElement.java:285)
at org.openqa.selenium.remote.RemoteWebElement.getText(RemoteWebElement.java:166)
at com.tetherfi.pages.AgentHistoricalReportPage.getDataTable(AgentHistoricalReportPage.java:941)
at com.tetherfi.pages.AgentHistoricalReportPage.advancedSearchORCriteria(AgentHistoricalReportPage.java:1444)
at com.tetherfi.test.reports.AgentHistoricalReportTest.verifyAdvancedSearchORCriteria(AgentHistoricalReportTest.java:554)
at java.base/java.util.ArrayList.forEach(Unknown Source)
... Removed 31 stack frames]]>
    </failure>
  </testcase> <!-- verifyAdvancedSearchORCriteria -->
  <testcase classname="com.tetherfi.test.reports.AgentHistoricalReportTest" name="verifySelectdateFeature" time="67.514"/>
  <testcase classname="com.tetherfi.test.reports.AgentHistoricalReportTest" name="verifySelectIntervalFeature" time="62.069"/>
  <testcase classname="com.tetherfi.test.reports.AgentHistoricalReportTest" name="VerifyArrowMoveForPreviousAndNextPageForDrillDownOne" time="51.626">
    <failure type="org.openqa.selenium.StaleElementReferenceException" message="stale element reference: element is not attached to the page document
  (Session info: chrome=81.0.4044.138)
For documentation on this error, please visit: https://www.seleniumhq.org/exceptions/stale_element_reference.html
Build info: version: &amp;apos;3.141.59&amp;apos;, revision: &amp;apos;e82be7d358&amp;apos;, time: &amp;apos;2018-11-14T08:17:03&amp;apos;
System info: host: &amp;apos;ADMIN&amp;apos;, ip: &amp;apos;192.168.1.4&amp;apos;, os.name: &amp;apos;Windows 8.1&amp;apos;, os.arch: &amp;apos;amd64&amp;apos;, os.version: &amp;apos;6.3&amp;apos;, java.version: &amp;apos;9.0.4&amp;apos;
Driver info: org.openqa.selenium.chrome.ChromeDriver
Capabilities {acceptInsecureCerts: false, browserName: chrome, browserVersion: 81.0.4044.138, chrome: {chromedriverVersion: 80.0.3987.106 (f68069574609..., userDataDir: C:\Users\ADMINP~1\AppData\L...}, goog:chromeOptions: {debuggerAddress: localhost:59372}, javascriptEnabled: true, networkConnectionEnabled: false, pageLoadStrategy: normal, platform: WINDOWS, platformName: WINDOWS, proxy: Proxy(), setWindowRect: true, strictFileInteractability: false, timeouts: {implicit: 0, pageLoad: 300000, script: 30000}, unhandledPromptBehavior: dismiss and notify}
Session ID: 616622d54ec436b99b62227f7fac84d6">
      <![CDATA[org.openqa.selenium.StaleElementReferenceException: stale element reference: element is not attached to the page document
  (Session info: chrome=81.0.4044.138)
For documentation on this error, please visit: https://www.seleniumhq.org/exceptions/stale_element_reference.html
Build info: version: '3.141.59', revision: 'e82be7d358', time: '2018-11-14T08:17:03'
System info: host: 'ADMIN', ip: '192.168.1.4', os.name: 'Windows 8.1', os.arch: 'amd64', os.version: '6.3', java.version: '9.0.4'
Driver info: org.openqa.selenium.chrome.ChromeDriver
Capabilities {acceptInsecureCerts: false, browserName: chrome, browserVersion: 81.0.4044.138, chrome: {chromedriverVersion: 80.0.3987.106 (f68069574609..., userDataDir: C:\Users\ADMINP~1\AppData\L...}, goog:chromeOptions: {debuggerAddress: localhost:59372}, javascriptEnabled: true, networkConnectionEnabled: false, pageLoadStrategy: normal, platform: WINDOWS, platformName: WINDOWS, proxy: Proxy(), setWindowRect: true, strictFileInteractability: false, timeouts: {implicit: 0, pageLoad: 300000, script: 30000}, unhandledPromptBehavior: dismiss and notify}
Session ID: 616622d54ec436b99b62227f7fac84d6
at org.openqa.selenium.remote.http.W3CHttpResponseCodec.createException(W3CHttpResponseCodec.java:187)
at org.openqa.selenium.remote.http.W3CHttpResponseCodec.decode(W3CHttpResponseCodec.java:122)
at org.openqa.selenium.remote.http.W3CHttpResponseCodec.decode(W3CHttpResponseCodec.java:49)
at org.openqa.selenium.remote.HttpCommandExecutor.execute(HttpCommandExecutor.java:158)
at org.openqa.selenium.remote.service.DriverCommandExecutor.execute(DriverCommandExecutor.java:83)
at org.openqa.selenium.remote.RemoteWebDriver.execute(RemoteWebDriver.java:552)
at org.openqa.selenium.remote.RemoteWebElement.execute(RemoteWebElement.java:285)
at org.openqa.selenium.remote.RemoteWebElement.click(RemoteWebElement.java:84)
at com.tetherfi.pages.BasePage.selectWebElement(BasePage.java:198)
at com.tetherfi.pages.AgentHistoricalReportPage.verifyArrowMoveForPreviousAndNextPageForDrillDownOne(AgentHistoricalReportPage.java:1511)
at com.tetherfi.test.reports.AgentHistoricalReportTest.VerifyArrowMoveForPreviousAndNextPageForDrillDownOne(AgentHistoricalReportTest.java:588)
at java.base/java.util.ArrayList.forEach(Unknown Source)
... Removed 31 stack frames]]>
    </failure>
  </testcase> <!-- VerifyArrowMoveForPreviousAndNextPageForDrillDownOne -->
  <testcase classname="com.tetherfi.test.reports.AgentHistoricalReportTest" name="VerifyArrowMoveForFirstAndLastPageFoDrillDownOne" time="50.872">
    <failure type="org.openqa.selenium.ElementClickInterceptedException" message="element click intercepted: Element &amp;lt;td class=&amp;quot;&amp;quot; role=&amp;quot;gridcell&amp;quot;&amp;gt;...&amp;lt;/td&amp;gt; is not clickable at point (62, 235). Other element would receive the click: &amp;lt;div class=&amp;quot;k-loading-image&amp;quot;&amp;gt;&amp;lt;/div&amp;gt;
  (Session info: chrome=81.0.4044.138)
Build info: version: &amp;apos;3.141.59&amp;apos;, revision: &amp;apos;e82be7d358&amp;apos;, time: &amp;apos;2018-11-14T08:17:03&amp;apos;
System info: host: &amp;apos;ADMIN&amp;apos;, ip: &amp;apos;192.168.1.4&amp;apos;, os.name: &amp;apos;Windows 8.1&amp;apos;, os.arch: &amp;apos;amd64&amp;apos;, os.version: &amp;apos;6.3&amp;apos;, java.version: &amp;apos;9.0.4&amp;apos;
Driver info: org.openqa.selenium.chrome.ChromeDriver
Capabilities {acceptInsecureCerts: false, browserName: chrome, browserVersion: 81.0.4044.138, chrome: {chromedriverVersion: 80.0.3987.106 (f68069574609..., userDataDir: C:\Users\ADMINP~1\AppData\L...}, goog:chromeOptions: {debuggerAddress: localhost:59372}, javascriptEnabled: true, networkConnectionEnabled: false, pageLoadStrategy: normal, platform: WINDOWS, platformName: WINDOWS, proxy: Proxy(), setWindowRect: true, strictFileInteractability: false, timeouts: {implicit: 0, pageLoad: 300000, script: 30000}, unhandledPromptBehavior: dismiss and notify}
Session ID: 616622d54ec436b99b62227f7fac84d6">
      <![CDATA[org.openqa.selenium.ElementClickInterceptedException: element click intercepted: Element <td class="" role="gridcell">...</td> is not clickable at point (62, 235). Other element would receive the click: <div class="k-loading-image"></div>
  (Session info: chrome=81.0.4044.138)
Build info: version: '3.141.59', revision: 'e82be7d358', time: '2018-11-14T08:17:03'
System info: host: 'ADMIN', ip: '192.168.1.4', os.name: 'Windows 8.1', os.arch: 'amd64', os.version: '6.3', java.version: '9.0.4'
Driver info: org.openqa.selenium.chrome.ChromeDriver
Capabilities {acceptInsecureCerts: false, browserName: chrome, browserVersion: 81.0.4044.138, chrome: {chromedriverVersion: 80.0.3987.106 (f68069574609..., userDataDir: C:\Users\ADMINP~1\AppData\L...}, goog:chromeOptions: {debuggerAddress: localhost:59372}, javascriptEnabled: true, networkConnectionEnabled: false, pageLoadStrategy: normal, platform: WINDOWS, platformName: WINDOWS, proxy: Proxy(), setWindowRect: true, strictFileInteractability: false, timeouts: {implicit: 0, pageLoad: 300000, script: 30000}, unhandledPromptBehavior: dismiss and notify}
Session ID: 616622d54ec436b99b62227f7fac84d6
at org.openqa.selenium.remote.http.W3CHttpResponseCodec.createException(W3CHttpResponseCodec.java:187)
at org.openqa.selenium.remote.http.W3CHttpResponseCodec.decode(W3CHttpResponseCodec.java:122)
at org.openqa.selenium.remote.http.W3CHttpResponseCodec.decode(W3CHttpResponseCodec.java:49)
at org.openqa.selenium.remote.HttpCommandExecutor.execute(HttpCommandExecutor.java:158)
at org.openqa.selenium.remote.service.DriverCommandExecutor.execute(DriverCommandExecutor.java:83)
at org.openqa.selenium.remote.RemoteWebDriver.execute(RemoteWebDriver.java:552)
at org.openqa.selenium.remote.RemoteWebElement.execute(RemoteWebElement.java:285)
at org.openqa.selenium.remote.RemoteWebElement.click(RemoteWebElement.java:84)
at com.tetherfi.pages.BasePage.selectWebElement(BasePage.java:198)
at com.tetherfi.pages.AgentHistoricalReportPage.verifyArrowMoveForFirstAndLastPageForDrillDownOne(AgentHistoricalReportPage.java:1530)
at com.tetherfi.test.reports.AgentHistoricalReportTest.VerifyArrowMoveForFirstAndLastPageFoDrillDownOne(AgentHistoricalReportTest.java:598)
at java.base/java.util.ArrayList.forEach(Unknown Source)
... Removed 31 stack frames]]>
    </failure>
  </testcase> <!-- VerifyArrowMoveForFirstAndLastPageFoDrillDownOne -->
  <testcase classname="com.tetherfi.test.reports.AgentHistoricalReportTest" name="VerifyArrowMoveForPreviousAndNextPageForDrillDowntwo" time="57.743">
    <failure type="org.openqa.selenium.ElementClickInterceptedException" message="element click intercepted: Element &amp;lt;td class=&amp;quot;&amp;quot; role=&amp;quot;gridcell&amp;quot;&amp;gt;...&amp;lt;/td&amp;gt; is not clickable at point (62, 235). Other element would receive the click: &amp;lt;div class=&amp;quot;k-loading-image&amp;quot;&amp;gt;&amp;lt;/div&amp;gt;
  (Session info: chrome=81.0.4044.138)
Build info: version: &amp;apos;3.141.59&amp;apos;, revision: &amp;apos;e82be7d358&amp;apos;, time: &amp;apos;2018-11-14T08:17:03&amp;apos;
System info: host: &amp;apos;ADMIN&amp;apos;, ip: &amp;apos;192.168.1.4&amp;apos;, os.name: &amp;apos;Windows 8.1&amp;apos;, os.arch: &amp;apos;amd64&amp;apos;, os.version: &amp;apos;6.3&amp;apos;, java.version: &amp;apos;9.0.4&amp;apos;
Driver info: org.openqa.selenium.chrome.ChromeDriver
Capabilities {acceptInsecureCerts: false, browserName: chrome, browserVersion: 81.0.4044.138, chrome: {chromedriverVersion: 80.0.3987.106 (f68069574609..., userDataDir: C:\Users\ADMINP~1\AppData\L...}, goog:chromeOptions: {debuggerAddress: localhost:59372}, javascriptEnabled: true, networkConnectionEnabled: false, pageLoadStrategy: normal, platform: WINDOWS, platformName: WINDOWS, proxy: Proxy(), setWindowRect: true, strictFileInteractability: false, timeouts: {implicit: 0, pageLoad: 300000, script: 30000}, unhandledPromptBehavior: dismiss and notify}
Session ID: 616622d54ec436b99b62227f7fac84d6">
      <![CDATA[org.openqa.selenium.ElementClickInterceptedException: element click intercepted: Element <td class="" role="gridcell">...</td> is not clickable at point (62, 235). Other element would receive the click: <div class="k-loading-image"></div>
  (Session info: chrome=81.0.4044.138)
Build info: version: '3.141.59', revision: 'e82be7d358', time: '2018-11-14T08:17:03'
System info: host: 'ADMIN', ip: '192.168.1.4', os.name: 'Windows 8.1', os.arch: 'amd64', os.version: '6.3', java.version: '9.0.4'
Driver info: org.openqa.selenium.chrome.ChromeDriver
Capabilities {acceptInsecureCerts: false, browserName: chrome, browserVersion: 81.0.4044.138, chrome: {chromedriverVersion: 80.0.3987.106 (f68069574609..., userDataDir: C:\Users\ADMINP~1\AppData\L...}, goog:chromeOptions: {debuggerAddress: localhost:59372}, javascriptEnabled: true, networkConnectionEnabled: false, pageLoadStrategy: normal, platform: WINDOWS, platformName: WINDOWS, proxy: Proxy(), setWindowRect: true, strictFileInteractability: false, timeouts: {implicit: 0, pageLoad: 300000, script: 30000}, unhandledPromptBehavior: dismiss and notify}
Session ID: 616622d54ec436b99b62227f7fac84d6
at org.openqa.selenium.remote.http.W3CHttpResponseCodec.createException(W3CHttpResponseCodec.java:187)
at org.openqa.selenium.remote.http.W3CHttpResponseCodec.decode(W3CHttpResponseCodec.java:122)
at org.openqa.selenium.remote.http.W3CHttpResponseCodec.decode(W3CHttpResponseCodec.java:49)
at org.openqa.selenium.remote.HttpCommandExecutor.execute(HttpCommandExecutor.java:158)
at org.openqa.selenium.remote.service.DriverCommandExecutor.execute(DriverCommandExecutor.java:83)
at org.openqa.selenium.remote.RemoteWebDriver.execute(RemoteWebDriver.java:552)
at org.openqa.selenium.remote.RemoteWebElement.execute(RemoteWebElement.java:285)
at org.openqa.selenium.remote.RemoteWebElement.click(RemoteWebElement.java:84)
at com.tetherfi.pages.BasePage.selectWebElement(BasePage.java:198)
at com.tetherfi.pages.AgentHistoricalReportPage.verifyArrowMoveForPreviousAndNextPageForDrillDowntwo(AgentHistoricalReportPage.java:1588)
at com.tetherfi.test.reports.AgentHistoricalReportTest.VerifyArrowMoveForPreviousAndNextPageForDrillDowntwo(AgentHistoricalReportTest.java:620)
at java.base/java.util.ArrayList.forEach(Unknown Source)
... Removed 31 stack frames]]>
    </failure>
  </testcase> <!-- VerifyArrowMoveForPreviousAndNextPageForDrillDowntwo -->
  <testcase classname="com.tetherfi.test.reports.AgentHistoricalReportTest" name="VerifyArrowMoveForFirstAndLastPageFoDrillDowntwo" time="51.566">
    <failure type="org.openqa.selenium.ElementClickInterceptedException" message="element click intercepted: Element &amp;lt;td class=&amp;quot;&amp;quot; role=&amp;quot;gridcell&amp;quot;&amp;gt;...&amp;lt;/td&amp;gt; is not clickable at point (62, 235). Other element would receive the click: &amp;lt;div class=&amp;quot;k-loading-image&amp;quot;&amp;gt;&amp;lt;/div&amp;gt;
  (Session info: chrome=81.0.4044.138)
Build info: version: &amp;apos;3.141.59&amp;apos;, revision: &amp;apos;e82be7d358&amp;apos;, time: &amp;apos;2018-11-14T08:17:03&amp;apos;
System info: host: &amp;apos;ADMIN&amp;apos;, ip: &amp;apos;192.168.1.4&amp;apos;, os.name: &amp;apos;Windows 8.1&amp;apos;, os.arch: &amp;apos;amd64&amp;apos;, os.version: &amp;apos;6.3&amp;apos;, java.version: &amp;apos;9.0.4&amp;apos;
Driver info: org.openqa.selenium.chrome.ChromeDriver
Capabilities {acceptInsecureCerts: false, browserName: chrome, browserVersion: 81.0.4044.138, chrome: {chromedriverVersion: 80.0.3987.106 (f68069574609..., userDataDir: C:\Users\ADMINP~1\AppData\L...}, goog:chromeOptions: {debuggerAddress: localhost:59372}, javascriptEnabled: true, networkConnectionEnabled: false, pageLoadStrategy: normal, platform: WINDOWS, platformName: WINDOWS, proxy: Proxy(), setWindowRect: true, strictFileInteractability: false, timeouts: {implicit: 0, pageLoad: 300000, script: 30000}, unhandledPromptBehavior: dismiss and notify}
Session ID: 616622d54ec436b99b62227f7fac84d6">
      <![CDATA[org.openqa.selenium.ElementClickInterceptedException: element click intercepted: Element <td class="" role="gridcell">...</td> is not clickable at point (62, 235). Other element would receive the click: <div class="k-loading-image"></div>
  (Session info: chrome=81.0.4044.138)
Build info: version: '3.141.59', revision: 'e82be7d358', time: '2018-11-14T08:17:03'
System info: host: 'ADMIN', ip: '192.168.1.4', os.name: 'Windows 8.1', os.arch: 'amd64', os.version: '6.3', java.version: '9.0.4'
Driver info: org.openqa.selenium.chrome.ChromeDriver
Capabilities {acceptInsecureCerts: false, browserName: chrome, browserVersion: 81.0.4044.138, chrome: {chromedriverVersion: 80.0.3987.106 (f68069574609..., userDataDir: C:\Users\ADMINP~1\AppData\L...}, goog:chromeOptions: {debuggerAddress: localhost:59372}, javascriptEnabled: true, networkConnectionEnabled: false, pageLoadStrategy: normal, platform: WINDOWS, platformName: WINDOWS, proxy: Proxy(), setWindowRect: true, strictFileInteractability: false, timeouts: {implicit: 0, pageLoad: 300000, script: 30000}, unhandledPromptBehavior: dismiss and notify}
Session ID: 616622d54ec436b99b62227f7fac84d6
at org.openqa.selenium.remote.http.W3CHttpResponseCodec.createException(W3CHttpResponseCodec.java:187)
at org.openqa.selenium.remote.http.W3CHttpResponseCodec.decode(W3CHttpResponseCodec.java:122)
at org.openqa.selenium.remote.http.W3CHttpResponseCodec.decode(W3CHttpResponseCodec.java:49)
at org.openqa.selenium.remote.HttpCommandExecutor.execute(HttpCommandExecutor.java:158)
at org.openqa.selenium.remote.service.DriverCommandExecutor.execute(DriverCommandExecutor.java:83)
at org.openqa.selenium.remote.RemoteWebDriver.execute(RemoteWebDriver.java:552)
at org.openqa.selenium.remote.RemoteWebElement.execute(RemoteWebElement.java:285)
at org.openqa.selenium.remote.RemoteWebElement.click(RemoteWebElement.java:84)
at com.tetherfi.pages.BasePage.selectWebElement(BasePage.java:198)
at com.tetherfi.pages.AgentHistoricalReportPage.verifyArrowMoveForFirstAndLastPageForDrillDowntwo(AgentHistoricalReportPage.java:1614)
at com.tetherfi.test.reports.AgentHistoricalReportTest.VerifyArrowMoveForFirstAndLastPageFoDrillDowntwo(AgentHistoricalReportTest.java:630)
at java.base/java.util.ArrayList.forEach(Unknown Source)
... Removed 31 stack frames]]>
    </failure>
  </testcase> <!-- VerifyArrowMoveForFirstAndLastPageFoDrillDowntwo -->
  <testcase classname="com.tetherfi.test.reports.AgentHistoricalReportTest" name="searchwithoutSearchTextbox" time="0.0">
    <ignored/>
  </testcase> <!-- searchwithoutSearchTextbox -->
  <testcase classname="com.tetherfi.test.reports.AgentHistoricalReportTest" name="ScheduleOcmAgentHistoricalReportforDateRange" time="0.0">
    <ignored/>
  </testcase> <!-- ScheduleOcmAgentHistoricalReportforDateRange -->
  <testcase classname="com.tetherfi.test.reports.AgentHistoricalReportTest" name="VerifyTotalNumberOfItemsPerPageDetails" time="0.0">
    <ignored/>
  </testcase> <!-- VerifyTotalNumberOfItemsPerPageDetails -->
  <testcase classname="com.tetherfi.test.reports.AgentHistoricalReportTest" name="VerifyTotalNumberOfItemsPerPageDetailsFoDrillDowntwo" time="0.0">
    <ignored/>
  </testcase> <!-- VerifyTotalNumberOfItemsPerPageDetailsFoDrillDowntwo -->
  <testcase classname="com.tetherfi.test.reports.AgentHistoricalReportTest" name="ShowOcmAgentHistoricalReportForDateRange" time="0.0">
    <ignored/>
  </testcase> <!-- ShowOcmAgentHistoricalReportForDateRange -->
  <testcase classname="com.tetherfi.test.reports.AgentHistoricalReportTest" name="VerifyColumnsHeaderDisable" time="0.0">
    <ignored/>
  </testcase> <!-- VerifyColumnsHeaderDisable -->
  <testcase classname="com.tetherfi.test.reports.AgentHistoricalReportTest" name="VerifyViewDownloadedOcmAgentHistoricalReportInReportsDownloadPage" time="0.0">
    <ignored/>
  </testcase> <!-- VerifyViewDownloadedOcmAgentHistoricalReportInReportsDownloadPage -->
  <testcase classname="com.tetherfi.test.reports.AgentHistoricalReportTest" name="ExportToExcelForAgentHistoricalReport" time="0.0">
    <ignored/>
  </testcase> <!-- ExportToExcelForAgentHistoricalReport -->
  <testcase classname="com.tetherfi.test.reports.AgentHistoricalReportTest" name="ShowOcmAgentHistoricalReportInNewTabDateRange" time="0.0">
    <ignored/>
  </testcase> <!-- ShowOcmAgentHistoricalReportInNewTabDateRange -->
  <testcase classname="com.tetherfi.test.reports.AgentHistoricalReportTest" name="VerifySearchIsNotEqualTo" time="0.0">
    <ignored/>
  </testcase> <!-- VerifySearchIsNotEqualTo -->
  <testcase classname="com.tetherfi.test.reports.AgentHistoricalReportTest" name="VerifyDropdownForAllTheColumns" time="0.0">
    <ignored/>
  </testcase> <!-- VerifyDropdownForAllTheColumns -->
  <testcase classname="com.tetherfi.test.reports.AgentHistoricalReportTest" name="verifyAdvancedSearchinreportpageSearchDoesnotcontains" time="0.0">
    <ignored/>
  </testcase> <!-- verifyAdvancedSearchinreportpageSearchDoesnotcontains -->
  <testcase classname="com.tetherfi.test.reports.AgentHistoricalReportTest" name="VerifySearchContains" time="0.0">
    <ignored/>
  </testcase> <!-- VerifySearchContains -->
  <testcase classname="com.tetherfi.test.reports.AgentHistoricalReportTest" name="ScheduleOCMAgentHistoricalReport" time="0.0">
    <ignored/>
  </testcase> <!-- ScheduleOCMAgentHistoricalReport -->
  <testcase classname="com.tetherfi.test.reports.AgentHistoricalReportTest" name="verifyAdvancedSearchinreportpage" time="0.0">
    <ignored/>
  </testcase> <!-- verifyAdvancedSearchinreportpage -->
  <testcase classname="com.tetherfi.test.reports.AgentHistoricalReportTest" name="ViewDownloadedOcmAgentHistoricalReportInReportsDownloadPageDateRange" time="0.0">
    <ignored/>
  </testcase> <!-- ViewDownloadedOcmAgentHistoricalReportInReportsDownloadPageDateRange -->
  <testcase classname="com.tetherfi.test.reports.AgentHistoricalReportTest" name="VerifyArrowMoveForPreviousAndNextPage" time="0.0">
    <ignored/>
  </testcase> <!-- VerifyArrowMoveForPreviousAndNextPage -->
  <testcase classname="com.tetherfi.test.reports.AgentHistoricalReportTest" name="ShowOCMAgentHistoricalReport" time="0.0">
    <ignored/>
  </testcase> <!-- ShowOCMAgentHistoricalReport -->
  <testcase classname="com.tetherfi.test.reports.AgentHistoricalReportTest" name="ClearfiltersAdvSrch" time="0.0">
    <ignored/>
  </testcase> <!-- ClearfiltersAdvSrch -->
  <testcase classname="com.tetherfi.test.reports.AgentHistoricalReportTest" name="VerifySearchEndsWith" time="0.0">
    <ignored/>
  </testcase> <!-- VerifySearchEndsWith -->
  <testcase classname="com.tetherfi.test.reports.AgentHistoricalReportTest" name="ExportOcmAgentHistoricalReportDateRange" time="0.0">
    <ignored/>
  </testcase> <!-- ExportOcmAgentHistoricalReportDateRange -->
  <testcase classname="com.tetherfi.test.reports.AgentHistoricalReportTest" name="VerifyViewDownloadedOcmAgentHistoricalReportInReportsDownload" time="0.0">
    <ignored/>
  </testcase> <!-- VerifyViewDownloadedOcmAgentHistoricalReportInReportsDownload -->
  <testcase classname="com.tetherfi.test.reports.AgentHistoricalReportTest" name="VerifyViewDownloadedOcmAgentHistoricalReportInReportsDownloadDateRangePage" time="0.0">
    <ignored/>
  </testcase> <!-- VerifyViewDownloadedOcmAgentHistoricalReportInReportsDownloadDateRangePage -->
  <testcase classname="com.tetherfi.test.reports.AgentHistoricalReportTest" name="VerifyArrowMoveForFirstAndLastPage" time="0.0">
    <ignored/>
  </testcase> <!-- VerifyArrowMoveForFirstAndLastPage -->
  <testcase classname="com.tetherfi.test.reports.AgentHistoricalReportTest" name="ViewDownloadedOcmAgentHistoricalReportInReportsDownloadPage" time="0.0">
    <ignored/>
  </testcase> <!-- ViewDownloadedOcmAgentHistoricalReportInReportsDownloadPage -->
  <testcase classname="com.tetherfi.test.reports.AgentHistoricalReportTest" name="verifyAdvancedSearchinreportpageSearchNotEqualTo" time="0.0">
    <ignored/>
  </testcase> <!-- verifyAdvancedSearchinreportpageSearchNotEqualTo -->
  <testcase classname="com.tetherfi.test.reports.AgentHistoricalReportTest" name="ExportOcmAgentHistoricalReport" time="0.0">
    <ignored/>
  </testcase> <!-- ExportOcmAgentHistoricalReport -->
  <testcase classname="com.tetherfi.test.reports.AgentHistoricalReportTest" name="SchedulereportinagentHistoricalPage" time="0.0">
    <ignored/>
  </testcase> <!-- SchedulereportinagentHistoricalPage -->
  <testcase classname="com.tetherfi.test.reports.AgentHistoricalReportTest" name="ViewDownloadedOcmAgentHistoricalReportInReportsDownloadPageinAgentHistoricalPg" time="0.0">
    <ignored/>
  </testcase> <!-- ViewDownloadedOcmAgentHistoricalReportInReportsDownloadPageinAgentHistoricalPg -->
  <testcase classname="com.tetherfi.test.reports.AgentHistoricalReportTest" name="verifyAdvancedSearchinreportpageSearchEndswith" time="0.0">
    <ignored/>
  </testcase> <!-- verifyAdvancedSearchinreportpageSearchEndswith -->
  <testcase classname="com.tetherfi.test.reports.AgentHistoricalReportTest" name="OCMWindow" time="0.0">
    <ignored/>
  </testcase> <!-- OCMWindow -->
  <testcase classname="com.tetherfi.test.reports.AgentHistoricalReportTest" name="VerifyColumnsHeaderEnable" time="0.0">
    <ignored/>
  </testcase> <!-- VerifyColumnsHeaderEnable -->
  <testcase classname="com.tetherfi.test.reports.AgentHistoricalReportTest" name="SearchClearSearch" time="0.0">
    <ignored/>
  </testcase> <!-- SearchClearSearch -->
  <testcase classname="com.tetherfi.test.reports.AgentHistoricalReportTest" name="ClearAll" time="0.0">
    <ignored/>
  </testcase> <!-- ClearAll -->
  <testcase classname="com.tetherfi.test.reports.AgentHistoricalReportTest" name="VerifyTotalNumberOfItemsPerPageDetailsFoDrillDownOne" time="0.0">
    <ignored/>
  </testcase> <!-- VerifyTotalNumberOfItemsPerPageDetailsFoDrillDownOne -->
</testsuite> <!-- Default test(failed) -->
