<?xml version="1.0" encoding="UTF-8"?>
<!-- Generated by org.testng.reporters.JUnitXMLReporter -->
<testsuite ignored="13" hostname="admin" failures="1" tests="4" name="Default test(failed)" time="61.232" errors="0" timestamp="2020-04-15T17:09:12 IST">
  <testcase classname="com.tetherfi.test.RoleBasedAccessManagementTest" name="VerifySearchContains" time="4.383"/>
  <testcase classname="com.tetherfi.test.RoleBasedAccessManagementTest" name="VerifySearchDoesNotContains" time="5.878"/>
  <testcase classname="com.tetherfi.test.RoleBasedAccessManagementTest" name="VerifySearchStartsWith" time="4.235"/>
  <testcase classname="com.tetherfi.test.RoleBasedAccessManagementTest" name="VerifySearchEndsWith" time="0.077">
    <failure type="java.lang.IndexOutOfBoundsException" message="Index 2 out-of-bounds for length 2">
      <![CDATA[java.lang.IndexOutOfBoundsException: Index 2 out-of-bounds for length 2
at java.base/jdk.internal.util.Preconditions.outOfBounds(Unknown Source)
at java.base/jdk.internal.util.Preconditions.outOfBoundsCheckIndex(Unknown Source)
at java.base/jdk.internal.util.Preconditions.checkIndex(Unknown Source)
at java.base/java.util.Objects.checkIndex(Unknown Source)
at java.base/java.util.ArrayList.get(Unknown Source)
at com.tetherfi.test.RoleBasedAccessManagementTest.VerifySearchEndsWith(RoleBasedAccessManagementTest.java:367)
at java.base/java.util.ArrayList.forEach(Unknown Source)
... Removed 27 stack frames]]>
    </failure>
  </testcase> <!-- VerifySearchEndsWith -->
  <testcase classname="com.tetherfi.test.RoleBasedAccessManagementTest" name="GroupBy" time="0.0">
    <ignored/>
  </testcase> <!-- GroupBy -->
  <testcase classname="com.tetherfi.test.RoleBasedAccessManagementTest" name="ExporttoExcelWithoutData" time="0.0">
    <ignored/>
  </testcase> <!-- ExporttoExcelWithoutData -->
  <testcase classname="com.tetherfi.test.RoleBasedAccessManagementTest" name="VerifyArrowMoveForPreviousAndNextPage" time="0.0">
    <ignored/>
  </testcase> <!-- VerifyArrowMoveForPreviousAndNextPage -->
  <testcase classname="com.tetherfi.test.RoleBasedAccessManagementTest" name="VerifySearchIsNotEqualTo" time="0.0">
    <ignored/>
  </testcase> <!-- VerifySearchIsNotEqualTo -->
  <testcase classname="com.tetherfi.test.RoleBasedAccessManagementTest" name="VerifyNumberOfItemsPerPageSelection" time="0.0">
    <ignored/>
  </testcase> <!-- VerifyNumberOfItemsPerPageSelection -->
  <testcase classname="com.tetherfi.test.RoleBasedAccessManagementTest" name="ExportToExcelData" time="0.0">
    <ignored/>
  </testcase> <!-- ExportToExcelData -->
  <testcase classname="com.tetherfi.test.RoleBasedAccessManagementTest" name="ExportToExcel" time="0.0">
    <ignored/>
  </testcase> <!-- ExportToExcel -->
  <testcase classname="com.tetherfi.test.RoleBasedAccessManagementTest" name="searchPage" time="0.0">
    <ignored/>
  </testcase> <!-- searchPage -->
  <testcase classname="com.tetherfi.test.RoleBasedAccessManagementTest" name="VerifyArrowMoveForFirstAndLastPage" time="0.0">
    <ignored/>
  </testcase> <!-- VerifyArrowMoveForFirstAndLastPage -->
  <testcase classname="com.tetherfi.test.RoleBasedAccessManagementTest" name="VerifyTotalNumberOfItemsPerPageDetails" time="0.0">
    <ignored/>
  </testcase> <!-- VerifyTotalNumberOfItemsPerPageDetails -->
  <testcase classname="com.tetherfi.test.RoleBasedAccessManagementTest" name="ClearSearch" time="0.0">
    <ignored/>
  </testcase> <!-- ClearSearch -->
  <testcase classname="com.tetherfi.test.RoleBasedAccessManagementTest" name="SortingByDescending" time="0.0">
    <ignored/>
  </testcase> <!-- SortingByDescending -->
  <testcase classname="com.tetherfi.test.RoleBasedAccessManagementTest" name="SortingByAscending" time="0.0">
    <ignored/>
  </testcase> <!-- SortingByAscending -->
</testsuite> <!-- Default test(failed) -->
