<?xml version="1.0" encoding="UTF-8"?>
<!-- Generated by org.testng.reporters.JUnitXMLReporter -->
<testsuite ignored="12" hostname="admin" failures="5" tests="7" name="Default test(failed)" time="190.648" errors="0" timestamp="2019-09-14T14:41:01 IST">
  <testcase classname="com.tetherfi.test.tmac.WaitTimeColorConfigTest" name="SearchClearSearch" time="6.271"/>
  <testcase classname="com.tetherfi.test.tmac.WaitTimeColorConfigTest" name="ExportToExcel" time="2.63"/>
  <testcase classname="com.tetherfi.test.tmac.WaitTimeColorConfigTest" name="ExportToExcelData" time="4.324">
    <failure type="java.lang.AssertionError" message="did not expect to find [true] but found [false]">
      <![CDATA[java.lang.AssertionError: did not expect to find [true] but found [false]
at com.tetherfi.test.tmac.WaitTimeColorConfigTest.ExportToExcelData(WaitTimeColorConfigTest.java:189)
at java.base/java.util.ArrayList.forEach(Unknown Source)
... Removed 31 stack frames]]>
    </failure>
  </testcase> <!-- ExportToExcelData -->
  <testcase classname="com.tetherfi.test.tmac.WaitTimeColorConfigTest" name="database" time="3.755">
    <failure type="java.lang.AssertionError" message="did not expect to find [true] but found [false]">
      <![CDATA[java.lang.AssertionError: did not expect to find [true] but found [false]
at com.tetherfi.test.tmac.WaitTimeColorConfigTest.database(WaitTimeColorConfigTest.java:232)
at java.base/java.util.ArrayList.forEach(Unknown Source)
... Removed 31 stack frames]]>
    </failure>
  </testcase> <!-- database -->
  <testcase classname="com.tetherfi.test.tmac.WaitTimeColorConfigTest" name="VerifyArrowMoveForFirstAndLastPage" time="0.736">
    <failure type="java.lang.AssertionError" message="arrow move for first and last page assertion failed did not expect to find [true] but found [false]">
      <![CDATA[java.lang.AssertionError: arrow move for first and last page assertion failed did not expect to find [true] but found [false]
at com.tetherfi.test.tmac.WaitTimeColorConfigTest.VerifyArrowMoveForFirstAndLastPage(WaitTimeColorConfigTest.java:251)
at java.base/java.util.ArrayList.forEach(Unknown Source)
... Removed 30 stack frames]]>
    </failure>
  </testcase> <!-- VerifyArrowMoveForFirstAndLastPage -->
  <testcase classname="com.tetherfi.test.tmac.WaitTimeColorConfigTest" name="SortingByAscending" time="6.892">
    <failure type="java.lang.AssertionError" message="did not expect to find [true] but found [false]">
      <![CDATA[java.lang.AssertionError: did not expect to find [true] but found [false]
at com.tetherfi.test.tmac.WaitTimeColorConfigTest.SortingByAscending(WaitTimeColorConfigTest.java:290)
at java.base/java.util.ArrayList.forEach(Unknown Source)
... Removed 31 stack frames]]>
    </failure>
  </testcase> <!-- SortingByAscending -->
  <testcase classname="com.tetherfi.test.tmac.WaitTimeColorConfigTest" name="SortingByDescending" time="7.57">
    <failure type="java.lang.AssertionError" message="did not expect to find [true] but found [false]">
      <![CDATA[java.lang.AssertionError: did not expect to find [true] but found [false]
at com.tetherfi.test.tmac.WaitTimeColorConfigTest.SortingByDescending(WaitTimeColorConfigTest.java:298)
at java.base/java.util.ArrayList.forEach(Unknown Source)
... Removed 31 stack frames]]>
    </failure>
  </testcase> <!-- SortingByDescending -->
  <testcase classname="com.tetherfi.test.tmac.WaitTimeColorConfigTest" name="GroupBy" time="0.0">
    <ignored/>
  </testcase> <!-- GroupBy -->
  <testcase classname="com.tetherfi.test.tmac.WaitTimeColorConfigTest" name="DeleteRecord" time="0.0">
    <ignored/>
  </testcase> <!-- DeleteRecord -->
  <testcase classname="com.tetherfi.test.tmac.WaitTimeColorConfigTest" name="VerifyAuditTrialReportForDelete" time="0.0">
    <ignored/>
  </testcase> <!-- VerifyAuditTrialReportForDelete -->
  <testcase classname="com.tetherfi.test.tmac.WaitTimeColorConfigTest" name="searchPage" time="0.0">
    <ignored/>
  </testcase> <!-- searchPage -->
  <testcase classname="com.tetherfi.test.tmac.WaitTimeColorConfigTest" name="VerifyArrowMoveForPreviousAndNextPage" time="0.0">
    <ignored/>
  </testcase> <!-- VerifyArrowMoveForPreviousAndNextPage -->
  <testcase classname="com.tetherfi.test.tmac.WaitTimeColorConfigTest" name="ExporttoExcelWithoutData" time="0.0">
    <ignored/>
  </testcase> <!-- ExporttoExcelWithoutData -->
  <testcase classname="com.tetherfi.test.tmac.WaitTimeColorConfigTest" name="VerifyColumnsHeaderDisable" time="0.0">
    <ignored/>
  </testcase> <!-- VerifyColumnsHeaderDisable -->
  <testcase classname="com.tetherfi.test.tmac.WaitTimeColorConfigTest" name="VerifyColumnsHeaderEnable" time="0.0">
    <ignored/>
  </testcase> <!-- VerifyColumnsHeaderEnable -->
  <testcase classname="com.tetherfi.test.tmac.WaitTimeColorConfigTest" name="VerifyTotalNumberOfItemsPerPageDetails" time="0.0">
    <ignored/>
  </testcase> <!-- VerifyTotalNumberOfItemsPerPageDetails -->
  <testcase classname="com.tetherfi.test.tmac.WaitTimeColorConfigTest" name="DeleteCancelRecord" time="0.0">
    <ignored/>
  </testcase> <!-- DeleteCancelRecord -->
  <testcase classname="com.tetherfi.test.tmac.WaitTimeColorConfigTest" name="VerifyDropdownForAllTheColumns" time="0.0">
    <ignored/>
  </testcase> <!-- VerifyDropdownForAllTheColumns -->
  <testcase classname="com.tetherfi.test.tmac.WaitTimeColorConfigTest" name="VerifyNumberOfItemsPerPageSelection" time="0.0">
    <ignored/>
  </testcase> <!-- VerifyNumberOfItemsPerPageSelection -->
</testsuite> <!-- Default test(failed) -->
