<?xml version="1.0" encoding="UTF-8"?>
<!-- Generated by org.testng.reporters.JUnitXMLReporter -->
<testsuite hostname="DESKTOP-SNCCD49" ignored="23" name="Default test(failed)" tests="11" failures="4" timestamp="2019-09-05T14:58:46 IST" time="260.419" errors="0">
  <testcase name="EditCallBackAnnouncementRecord" time="9.473" classname="com.tetherfi.test.ivr.CallBackAnnouncementTest"/>
  <testcase name="EditWithoutModifyReasonCallbackannouncementRecord" time="8.912" classname="com.tetherfi.test.ivr.CallBackAnnouncementTest"/>
  <testcase name="VerifyCancelButtonAtEditCallbackAnnouncementRecord" time="8.62" classname="com.tetherfi.test.ivr.CallBackAnnouncementTest"/>
  <testcase name="DeleteWithoutDeleteReasonRecord" time="5.908" classname="com.tetherfi.test.ivr.CallBackAnnouncementTest"/>
  <testcase name="VerifyCancelButtonDeleteRecord" time="7.181" classname="com.tetherfi.test.ivr.CallBackAnnouncementTest"/>
  <testcase name="DeleteCallbackAnnouncementRecord" time="107.886" classname="com.tetherfi.test.ivr.CallBackAnnouncementTest">
    <failure type="org.openqa.selenium.TimeoutException" message="Expected condition failed: waiting for visibility of Proxy element for: DefaultElementLocator &amp;apos;By.cssSelector: #toast-container .toast-message&amp;apos; (tried for 30 second(s) with 500 milliseconds interval)">
      <![CDATA[org.openqa.selenium.TimeoutException: Expected condition failed: waiting for visibility of Proxy element for: DefaultElementLocator 'By.cssSelector: #toast-container .toast-message' (tried for 30 second(s) with 500 milliseconds interval)
at org.openqa.selenium.support.ui.WebDriverWait.timeoutException(WebDriverWait.java:95)
at org.openqa.selenium.support.ui.FluentWait.until(FluentWait.java:272)
at com.tetherfi.pages.BasePage.waitUntilWebElementIsVisible(BasePage.java:127)
at com.tetherfi.pages.CallbackAnnouncementPage.verifySuccessMessage(CallbackAnnouncementPage.java:584)
at com.tetherfi.test.ivr.CallBackAnnouncementTest.DeleteCallbackAnnouncementRecord(CallBackAnnouncementTest.java:251)
at java.util.ArrayList.forEach(Unknown Source)
Caused by: org.openqa.selenium.NoSuchElementException: no such element: Unable to locate element: {"method":"css selector","selector":"#toast-container .toast-message"}
  (Session info: chrome=76.0.3809.132)
For documentation on this error, please visit: https://www.seleniumhq.org/exceptions/no_such_element.html
Build info: version: '3.141.59', revision: 'e82be7d358', time: '2018-11-14T08:17:03'
System info: host: 'DESKTOP-SNCCD49', ip: '192.168.1.10', os.name: 'Windows 10', os.arch: 'amd64', os.version: '10.0', java.version: '1.8.0_181'
Driver info: org.openqa.selenium.chrome.ChromeDriver
Capabilities {acceptInsecureCerts: false, browserName: chrome, browserVersion: 76.0.3809.132, chrome: {chromedriverVersion: 76.0.3809.68 (420c9498db8ce..., userDataDir: C:\Users\admin\AppData\Loca...}, goog:chromeOptions: {debuggerAddress: localhost:52594}, javascriptEnabled: true, networkConnectionEnabled: false, pageLoadStrategy: normal, platform: XP, platformName: XP, proxy: Proxy(), setWindowRect: true, strictFileInteractability: false, timeouts: {implicit: 0, pageLoad: 300000, script: 30000}, unhandledPromptBehavior: dismiss and notify}
Session ID: 3ba18bf8af018200ddeb2a64fa75ea44
*** Element info: {Using=css selector, value=#toast-container .toast-message}
at org.openqa.selenium.remote.http.W3CHttpResponseCodec.createException(W3CHttpResponseCodec.java:187)
at org.openqa.selenium.remote.http.W3CHttpResponseCodec.decode(W3CHttpResponseCodec.java:122)
at org.openqa.selenium.remote.http.W3CHttpResponseCodec.decode(W3CHttpResponseCodec.java:49)
at org.openqa.selenium.remote.HttpCommandExecutor.execute(HttpCommandExecutor.java:158)
at org.openqa.selenium.remote.service.DriverCommandExecutor.execute(DriverCommandExecutor.java:83)
at org.openqa.selenium.remote.RemoteWebDriver.execute(RemoteWebDriver.java:552)
at org.openqa.selenium.remote.RemoteWebDriver.findElement(RemoteWebDriver.java:323)
at org.openqa.selenium.remote.RemoteWebDriver.findElementByCssSelector(RemoteWebDriver.java:420)
at org.openqa.selenium.By$ByCssSelector.findElement(By.java:431)
at org.openqa.selenium.remote.RemoteWebDriver.findElement(RemoteWebDriver.java:315)
at org.openqa.selenium.support.pagefactory.DefaultElementLocator.findElement(DefaultElementLocator.java:69)
at org.openqa.selenium.support.pagefactory.internal.LocatingElementHandler.invoke(LocatingElementHandler.java:38)
at com.sun.proxy.$Proxy11.isDisplayed(Unknown Source)
at org.openqa.selenium.support.ui.ExpectedConditions.elementIfVisible(ExpectedConditions.java:314)
at org.openqa.selenium.support.ui.ExpectedConditions.access$000(ExpectedConditions.java:43)
at org.openqa.selenium.support.ui.ExpectedConditions$10.apply(ExpectedConditions.java:300)
at org.openqa.selenium.support.ui.ExpectedConditions$10.apply(ExpectedConditions.java:297)
at org.openqa.selenium.support.ui.FluentWait.until(FluentWait.java:249)
... 31 more
... Removed 31 stack frames]]>
    </failure>
  </testcase> <!-- DeleteCallbackAnnouncementRecord -->
  <testcase name="VerifyAuditTrialReportForDelete" time="0.0" classname="com.tetherfi.test.ivr.CallBackAnnouncementTest">
    <skipped/>
  </testcase> <!-- VerifyAuditTrialReportForDelete -->
  <testcase name="ExporttoExcelWithoutData" time="5.649" classname="com.tetherfi.test.ivr.CallBackAnnouncementTest"/>
  <testcase name="SortingByAscending" time="3.761" classname="com.tetherfi.test.ivr.CallBackAnnouncementTest">
    <failure type="java.lang.AssertionError" message="did not expect to find [true] but found [false]">
      <![CDATA[java.lang.AssertionError: did not expect to find [true] but found [false]
at com.tetherfi.test.ivr.CallBackAnnouncementTest.SortingByAscending(CallBackAnnouncementTest.java:313)
at java.util.ArrayList.forEach(Unknown Source)
... Removed 31 stack frames]]>
    </failure>
  </testcase> <!-- SortingByAscending -->
  <testcase name="SortingByDescending" time="4.095" classname="com.tetherfi.test.ivr.CallBackAnnouncementTest">
    <failure type="java.lang.AssertionError" message="did not expect to find [true] but found [false]">
      <![CDATA[java.lang.AssertionError: did not expect to find [true] but found [false]
at com.tetherfi.test.ivr.CallBackAnnouncementTest.SortingByDescending(CallBackAnnouncementTest.java:322)
at java.util.ArrayList.forEach(Unknown Source)
... Removed 31 stack frames]]>
    </failure>
  </testcase> <!-- SortingByDescending -->
  <testcase name="VerifyNumberOfItemsPerPageSelection" time="0.38" classname="com.tetherfi.test.ivr.CallBackAnnouncementTest">
    <failure type="java.lang.AssertionError" message="item per page assertion failed did not expect to find [true] but found [false]">
      <![CDATA[java.lang.AssertionError: item per page assertion failed did not expect to find [true] but found [false]
at com.tetherfi.test.ivr.CallBackAnnouncementTest.VerifyNumberOfItemsPerPageSelection(CallBackAnnouncementTest.java:356)
at java.util.ArrayList.forEach(Unknown Source)
... Removed 30 stack frames]]>
    </failure>
  </testcase> <!-- VerifyNumberOfItemsPerPageSelection -->
  <testcase name="ExportToExcel" time="0.0" classname="com.tetherfi.test.ivr.CallBackAnnouncementTest">
    <ignored/>
  </testcase> <!-- ExportToExcel -->
  <testcase name="ExportToExcelData" time="0.0" classname="com.tetherfi.test.ivr.CallBackAnnouncementTest">
    <ignored/>
  </testcase> <!-- ExportToExcelData -->
  <testcase name="VerifyDropdownForAllTheColumns" time="0.0" classname="com.tetherfi.test.ivr.CallBackAnnouncementTest">
    <ignored/>
  </testcase> <!-- VerifyDropdownForAllTheColumns -->
  <testcase name="VerifyAuditTrialReportForUpdate" time="0.0" classname="com.tetherfi.test.ivr.CallBackAnnouncementTest">
    <ignored/>
  </testcase> <!-- VerifyAuditTrialReportForUpdate -->
  <testcase name="SearchClearSearch" time="0.0" classname="com.tetherfi.test.ivr.CallBackAnnouncementTest">
    <ignored/>
  </testcase> <!-- SearchClearSearch -->
  <testcase name="VerifyArrowMoveForPreviousAndNextPage" time="0.0" classname="com.tetherfi.test.ivr.CallBackAnnouncementTest">
    <ignored/>
  </testcase> <!-- VerifyArrowMoveForPreviousAndNextPage -->
  <testcase name="VerifyColumnsHeaderEnable" time="0.0" classname="com.tetherfi.test.ivr.CallBackAnnouncementTest">
    <ignored/>
  </testcase> <!-- VerifyColumnsHeaderEnable -->
  <testcase name="GroupBy" time="0.0" classname="com.tetherfi.test.ivr.CallBackAnnouncementTest">
    <ignored/>
  </testcase> <!-- GroupBy -->
  <testcase name="searchwithoutSearchTextbox" time="0.0" classname="com.tetherfi.test.ivr.CallBackAnnouncementTest">
    <ignored/>
  </testcase> <!-- searchwithoutSearchTextbox -->
  <testcase name="AddDuplicateCallBackAnnouncementRecord" time="0.0" classname="com.tetherfi.test.ivr.CallBackAnnouncementTest">
    <ignored/>
  </testcase> <!-- AddDuplicateCallBackAnnouncementRecord -->
  <testcase name="AddNewCallbackAnnouncementWithoutWavFile" time="0.0" classname="com.tetherfi.test.ivr.CallBackAnnouncementTest">
    <ignored/>
  </testcase> <!-- AddNewCallbackAnnouncementWithoutWavFile -->
  <testcase name="AddNewCallbackAnnouncementCancelRecord" time="0.0" classname="com.tetherfi.test.ivr.CallBackAnnouncementTest">
    <ignored/>
  </testcase> <!-- AddNewCallbackAnnouncementCancelRecord -->
  <testcase name="VerifyTotalNumberOfItemsPerPageDetails" time="0.0" classname="com.tetherfi.test.ivr.CallBackAnnouncementTest">
    <ignored/>
  </testcase> <!-- VerifyTotalNumberOfItemsPerPageDetails -->
  <testcase name="AddNewCallbackAnnouncementWithoutStartTime" time="0.0" classname="com.tetherfi.test.ivr.CallBackAnnouncementTest">
    <ignored/>
  </testcase> <!-- AddNewCallbackAnnouncementWithoutStartTime -->
  <testcase name="VerifyAuditTrialReportForCreate" time="0.0" classname="com.tetherfi.test.ivr.CallBackAnnouncementTest">
    <ignored/>
  </testcase> <!-- VerifyAuditTrialReportForCreate -->
  <testcase name="VerifyColumnsHeaderDisable" time="0.0" classname="com.tetherfi.test.ivr.CallBackAnnouncementTest">
    <ignored/>
  </testcase> <!-- VerifyColumnsHeaderDisable -->
  <testcase name="CallbackAnnouncementPage" time="0.0" classname="com.tetherfi.test.ivr.CallBackAnnouncementTest">
    <ignored/>
  </testcase> <!-- CallbackAnnouncementPage -->
  <testcase name="AddNewCallbackAnnouncementWithoutEndTime" time="0.0" classname="com.tetherfi.test.ivr.CallBackAnnouncementTest">
    <ignored/>
  </testcase> <!-- AddNewCallbackAnnouncementWithoutEndTime -->
  <testcase name="database" time="0.0" classname="com.tetherfi.test.ivr.CallBackAnnouncementTest">
    <ignored/>
  </testcase> <!-- database -->
  <testcase name="searchPage" time="0.0" classname="com.tetherfi.test.ivr.CallBackAnnouncementTest">
    <ignored/>
  </testcase> <!-- searchPage -->
  <testcase name="AddNewCallbackAnnouncementRecord" time="0.0" classname="com.tetherfi.test.ivr.CallBackAnnouncementTest">
    <ignored/>
  </testcase> <!-- AddNewCallbackAnnouncementRecord -->
  <testcase name="VerifyArrowMoveForFirstAndLastPage" time="0.0" classname="com.tetherfi.test.ivr.CallBackAnnouncementTest">
    <ignored/>
  </testcase> <!-- VerifyArrowMoveForFirstAndLastPage -->
  <testcase name="AddNewCallbackAnnouncementWithoutLanguage" time="0.0" classname="com.tetherfi.test.ivr.CallBackAnnouncementTest">
    <ignored/>
  </testcase> <!-- AddNewCallbackAnnouncementWithoutLanguage -->
</testsuite> <!-- Default test(failed) -->
