<?xml version="1.0" encoding="UTF-8"?>
<!-- Generated by org.testng.reporters.JUnitXMLReporter -->
<testsuite ignored="2" hostname="admin" failures="1" tests="1" name="Default test(failed)" time="52.92" errors="0" timestamp="2020-05-29T15:28:49 IST">
  <testcase classname="com.tetherfi.test.reports.SkillProfileReportTest" name="VerifySearchByFeatureForAgentSkillProfileReport" time="20.019">
    <failure type="java.lang.AssertionError" message="did not expect to find [true] but found [false]">
      <![CDATA[java.lang.AssertionError: did not expect to find [true] but found [false]
at com.tetherfi.test.reports.SkillProfileReportTest.VerifySearchByFeatureForAgentSkillProfileReport(SkillProfileReportTest.java:356)
at java.base/java.util.ArrayList.forEach(Unknown Source)
... Removed 31 stack frames]]>
    </failure>
  </testcase> <!-- VerifySearchByFeatureForAgentSkillProfileReport -->
  <testcase classname="com.tetherfi.test.reports.SkillProfileReportTest" name="searchwithoutSearchTextbox" time="0.0">
    <ignored/>
  </testcase> <!-- searchwithoutSearchTextbox -->
  <testcase classname="com.tetherfi.test.reports.SkillProfileReportTest" name="VerifySearchFeatureForAgentSkillProfileReport" time="0.0">
    <ignored/>
  </testcase> <!-- VerifySearchFeatureForAgentSkillProfileReport -->
</testsuite> <!-- Default test(failed) -->
