<?xml version="1.0" encoding="UTF-8"?>
<!-- Generated by org.testng.reporters.JUnitXMLReporter -->
<testsuite hostname="TTF-BLR-SANTOSHKOUJALAGI" ignored="4" name="Default test(failed)(failed)(failed)(failed)(failed)(failed)" tests="2" failures="2" timestamp="2021-07-24T23:06:53 IST" time="58.267" errors="0">
  <testcase name="DeleteHolidayListRecord" time="10.68" classname="com.tetherfi.test.ivr.HolidayListTest">
    <failure type="java.lang.Error" message="Unresolved compilation problem: 
	The method enterValueToTxtFieldwithoutClear(WebElement, String) is undefined for the type HolidayListPage
">
      <![CDATA[java.lang.Error: Unresolved compilation problem: 
The method enterValueToTxtFieldwithoutClear(WebElement, String) is undefined for the type HolidayListPage

at com.tetherfi.pages.HolidayListPage.deleteHolidayListRecord(HolidayListPage.java:689)
at com.tetherfi.test.ivr.HolidayListTest.DeleteHolidayListRecord(HolidayListTest.java:326)
at java.util.ArrayList.forEach(Unknown Source)
... Removed 27 stack frames]]>
    </failure>
  </testcase> <!-- DeleteHolidayListRecord -->
  <testcase name="database" time="16.831" classname="com.tetherfi.test.ivr.HolidayListTest">
    <failure type="java.lang.AssertionError" message="did not expect to find [true] but found [false]">
      <![CDATA[java.lang.AssertionError: did not expect to find [true] but found [false]
at com.tetherfi.test.ivr.HolidayListTest.database(HolidayListTest.java:345)
at java.util.ArrayList.forEach(Unknown Source)
... Removed 31 stack frames]]>
    </failure>
  </testcase> <!-- database -->
  <testcase name="searchPage" time="0.0" classname="com.tetherfi.test.ivr.HolidayListTest">
    <ignored/>
  </testcase> <!-- searchPage -->
  <testcase name="ExporttoExcelWithoutData" time="0.0" classname="com.tetherfi.test.ivr.HolidayListTest">
    <ignored/>
  </testcase> <!-- ExporttoExcelWithoutData -->
  <testcase name="SearchClearSearch" time="0.0" classname="com.tetherfi.test.ivr.HolidayListTest">
    <ignored/>
  </testcase> <!-- SearchClearSearch -->
  <testcase name="editLeavingFielsBlank" time="0.0" classname="com.tetherfi.test.ivr.HolidayListTest">
    <ignored/>
  </testcase> <!-- editLeavingFielsBlank -->
</testsuite> <!-- Default test(failed)(failed)(failed)(failed)(failed)(failed) -->
