<?xml version="1.0" encoding="UTF-8"?>
<!-- Generated by org.testng.reporters.JUnitXMLReporter -->
<testsuite ignored="36" hostname="DESKTOP-O6A5C2O" failures="1" tests="1" name="Default test(failed)(failed)(failed)(failed)(failed)(failed)" time="47.65" errors="0" timestamp="2019-11-29T11:53:59 IST">
  <testcase classname="com.tetherfi.test.tmac.WorkCodeListTest" name="ExporttoExcelWithoutData" time="11.033">
    <failure type="org.openqa.selenium.ElementClickInterceptedException" message="element click intercepted: Element &amp;lt;i class=&amp;quot;fas fa-search&amp;quot; title=&amp;quot;Search&amp;quot;&amp;gt;&amp;lt;/i&amp;gt; is not clickable at point (1536, 88). Other element would receive the click: &amp;lt;div class=&amp;quot;k-overlay&amp;quot; style=&amp;quot;display: block; z-index: 10002; opacity: 0; transition: all 350ms ease-out 0s;&amp;quot;&amp;gt;&amp;lt;/div&amp;gt;
  (Session info: chrome=78.0.3904.108)
Build info: version: &amp;apos;3.141.59&amp;apos;, revision: &amp;apos;e82be7d358&amp;apos;, time: &amp;apos;2018-11-14T08:17:03&amp;apos;
System info: host: &amp;apos;DESKTOP-O6A5C2O&amp;apos;, ip: &amp;apos;10.0.75.1&amp;apos;, os.name: &amp;apos;Windows 10&amp;apos;, os.arch: &amp;apos;amd64&amp;apos;, os.version: &amp;apos;10.0&amp;apos;, java.version: &amp;apos;9.0.4&amp;apos;
Driver info: org.openqa.selenium.chrome.ChromeDriver
Capabilities {acceptInsecureCerts: false, browserName: chrome, browserVersion: 78.0.3904.108, chrome: {chromedriverVersion: 78.0.3904.70 (edb9c9f3de024..., userDataDir: C:\Users\admin\AppData\Loca...}, goog:chromeOptions: {debuggerAddress: localhost:53090}, javascriptEnabled: true, networkConnectionEnabled: false, pageLoadStrategy: normal, platform: XP, platformName: XP, proxy: Proxy(), setWindowRect: true, strictFileInteractability: false, timeouts: {implicit: 0, pageLoad: 300000, script: 30000}, unhandledPromptBehavior: dismiss and notify}
Session ID: 30a65c9c72d29078ca8f09cfee8d8423">
      <![CDATA[org.openqa.selenium.ElementClickInterceptedException: element click intercepted: Element <i class="fas fa-search" title="Search"></i> is not clickable at point (1536, 88). Other element would receive the click: <div class="k-overlay" style="display: block; z-index: 10002; opacity: 0; transition: all 350ms ease-out 0s;"></div>
  (Session info: chrome=78.0.3904.108)
Build info: version: '3.141.59', revision: 'e82be7d358', time: '2018-11-14T08:17:03'
System info: host: 'DESKTOP-O6A5C2O', ip: '10.0.75.1', os.name: 'Windows 10', os.arch: 'amd64', os.version: '10.0', java.version: '9.0.4'
Driver info: org.openqa.selenium.chrome.ChromeDriver
Capabilities {acceptInsecureCerts: false, browserName: chrome, browserVersion: 78.0.3904.108, chrome: {chromedriverVersion: 78.0.3904.70 (edb9c9f3de024..., userDataDir: C:\Users\admin\AppData\Loca...}, goog:chromeOptions: {debuggerAddress: localhost:53090}, javascriptEnabled: true, networkConnectionEnabled: false, pageLoadStrategy: normal, platform: XP, platformName: XP, proxy: Proxy(), setWindowRect: true, strictFileInteractability: false, timeouts: {implicit: 0, pageLoad: 300000, script: 30000}, unhandledPromptBehavior: dismiss and notify}
Session ID: 30a65c9c72d29078ca8f09cfee8d8423
at org.openqa.selenium.remote.http.W3CHttpResponseCodec.createException(W3CHttpResponseCodec.java:187)
at org.openqa.selenium.remote.http.W3CHttpResponseCodec.decode(W3CHttpResponseCodec.java:122)
at org.openqa.selenium.remote.http.W3CHttpResponseCodec.decode(W3CHttpResponseCodec.java:49)
at org.openqa.selenium.remote.HttpCommandExecutor.execute(HttpCommandExecutor.java:158)
at org.openqa.selenium.remote.service.DriverCommandExecutor.execute(DriverCommandExecutor.java:83)
at org.openqa.selenium.remote.RemoteWebDriver.execute(RemoteWebDriver.java:552)
at org.openqa.selenium.remote.RemoteWebElement.execute(RemoteWebElement.java:285)
at org.openqa.selenium.remote.RemoteWebElement.click(RemoteWebElement.java:84)
at org.openqa.selenium.support.pagefactory.internal.LocatingElementHandler.invoke(LocatingElementHandler.java:51)
at com.sun.proxy.$Proxy16.click(Unknown Source)
at com.tetherfi.pages.BasePage.selectWebElement(BasePage.java:202)
at com.tetherfi.pages.WorkCodeListPage.searchWorkcodeList(WorkCodeListPage.java:462)
at com.tetherfi.pages.WorkCodeListPage.ExporttoExcelWithoutData(WorkCodeListPage.java:989)
at com.tetherfi.test.tmac.WorkCodeListTest.ExporttoExcelWithoutData(WorkCodeListTest.java:408)
at java.base/java.util.ArrayList.forEach(Unknown Source)
... Removed 35 stack frames]]>
    </failure>
  </testcase> <!-- ExporttoExcelWithoutData -->
  <testcase classname="com.tetherfi.test.tmac.WorkCodeListTest" name="VerifyColumnsHeaderEnable" time="0.0">
    <ignored/>
  </testcase> <!-- VerifyColumnsHeaderEnable -->
  <testcase classname="com.tetherfi.test.tmac.WorkCodeListTest" name="SearchClearSearch" time="0.0">
    <ignored/>
  </testcase> <!-- SearchClearSearch -->
  <testcase classname="com.tetherfi.test.tmac.WorkCodeListTest" name="WorkCodeListPage" time="0.0">
    <ignored/>
  </testcase> <!-- WorkCodeListPage -->
  <testcase classname="com.tetherfi.test.tmac.WorkCodeListTest" name="DeleteWorkCodeListRecord" time="0.0">
    <ignored/>
  </testcase> <!-- DeleteWorkCodeListRecord -->
  <testcase classname="com.tetherfi.test.tmac.WorkCodeListTest" name="editWorkCodeListRecord" time="0.0">
    <ignored/>
  </testcase> <!-- editWorkCodeListRecord -->
  <testcase classname="com.tetherfi.test.tmac.WorkCodeListTest" name="addNewWorkGroupListRecord" time="0.0">
    <ignored/>
  </testcase> <!-- addNewWorkGroupListRecord -->
  <testcase classname="com.tetherfi.test.tmac.WorkCodeListTest" name="VerifyDropdownForAllTheColumns" time="0.0">
    <ignored/>
  </testcase> <!-- VerifyDropdownForAllTheColumns -->
  <testcase classname="com.tetherfi.test.tmac.WorkCodeListTest" name="database" time="0.0">
    <ignored/>
  </testcase> <!-- database -->
  <testcase classname="com.tetherfi.test.tmac.WorkCodeListTest" name="editWorkCodeListCancelRecord" time="0.0">
    <ignored/>
  </testcase> <!-- editWorkCodeListCancelRecord -->
  <testcase classname="com.tetherfi.test.tmac.WorkCodeListTest" name="VerifyArrowMoveForFirstAndLastPage" time="0.0">
    <ignored/>
  </testcase> <!-- VerifyArrowMoveForFirstAndLastPage -->
  <testcase classname="com.tetherfi.test.tmac.WorkCodeListTest" name="SortingByAscending" time="0.0">
    <ignored/>
  </testcase> <!-- SortingByAscending -->
  <testcase classname="com.tetherfi.test.tmac.WorkCodeListTest" name="VerifySearchEndsWith" time="0.0">
    <ignored/>
  </testcase> <!-- VerifySearchEndsWith -->
  <testcase classname="com.tetherfi.test.tmac.WorkCodeListTest" name="SortingByDescending" time="0.0">
    <ignored/>
  </testcase> <!-- SortingByDescending -->
  <testcase classname="com.tetherfi.test.tmac.WorkCodeListTest" name="VerifyArrowMoveForPreviousAndNextPage" time="0.0">
    <ignored/>
  </testcase> <!-- VerifyArrowMoveForPreviousAndNextPage -->
  <testcase classname="com.tetherfi.test.tmac.WorkCodeListTest" name="addInvalidRecordWithoutWorkLevel" time="0.0">
    <ignored/>
  </testcase> <!-- addInvalidRecordWithoutWorkLevel -->
  <testcase classname="com.tetherfi.test.tmac.WorkCodeListTest" name="DeleteWorkCodeListCancelRecord" time="0.0">
    <ignored/>
  </testcase> <!-- DeleteWorkCodeListCancelRecord -->
  <testcase classname="com.tetherfi.test.tmac.WorkCodeListTest" name="addInvalidRecordWithoutName" time="0.0">
    <ignored/>
  </testcase> <!-- addInvalidRecordWithoutName -->
  <testcase classname="com.tetherfi.test.tmac.WorkCodeListTest" name="VerifyAuditTrialReportForUpdate" time="0.0">
    <ignored/>
  </testcase> <!-- VerifyAuditTrialReportForUpdate -->
  <testcase classname="com.tetherfi.test.tmac.WorkCodeListTest" name="VerifySearchContains" time="0.0">
    <ignored/>
  </testcase> <!-- VerifySearchContains -->
  <testcase classname="com.tetherfi.test.tmac.WorkCodeListTest" name="addDuplicateRecord" time="0.0">
    <ignored/>
  </testcase> <!-- addDuplicateRecord -->
  <testcase classname="com.tetherfi.test.tmac.WorkCodeListTest" name="ExportToExcelData" time="0.0">
    <ignored/>
  </testcase> <!-- ExportToExcelData -->
  <testcase classname="com.tetherfi.test.tmac.WorkCodeListTest" name="VerifyauditTrailReportDelete" time="0.0">
    <ignored/>
  </testcase> <!-- VerifyauditTrailReportDelete -->
  <testcase classname="com.tetherfi.test.tmac.WorkCodeListTest" name="GroupBy" time="0.0">
    <ignored/>
  </testcase> <!-- GroupBy -->
  <testcase classname="com.tetherfi.test.tmac.WorkCodeListTest" name="addNewWorkcodeListCancelRecord" time="0.0">
    <ignored/>
  </testcase> <!-- addNewWorkcodeListCancelRecord -->
  <testcase classname="com.tetherfi.test.tmac.WorkCodeListTest" name="VerifySearchStartsWith" time="0.0">
    <ignored/>
  </testcase> <!-- VerifySearchStartsWith -->
  <testcase classname="com.tetherfi.test.tmac.WorkCodeListTest" name="addNewWorkGroupListCancelRecord" time="0.0">
    <ignored/>
  </testcase> <!-- addNewWorkGroupListCancelRecord -->
  <testcase classname="com.tetherfi.test.tmac.WorkCodeListTest" name="VerifyNumberOfItemsPerPageSelection" time="0.0">
    <ignored/>
  </testcase> <!-- VerifyNumberOfItemsPerPageSelection -->
  <testcase classname="com.tetherfi.test.tmac.WorkCodeListTest" name="VerifySearchIsNotEqualTo" time="0.0">
    <ignored/>
  </testcase> <!-- VerifySearchIsNotEqualTo -->
  <testcase classname="com.tetherfi.test.tmac.WorkCodeListTest" name="ExportToExcel" time="0.0">
    <ignored/>
  </testcase> <!-- ExportToExcel -->
  <testcase classname="com.tetherfi.test.tmac.WorkCodeListTest" name="searchPage" time="0.0">
    <ignored/>
  </testcase> <!-- searchPage -->
  <testcase classname="com.tetherfi.test.tmac.WorkCodeListTest" name="addNewWorkcodeListRecord" time="0.0">
    <ignored/>
  </testcase> <!-- addNewWorkcodeListRecord -->
  <testcase classname="com.tetherfi.test.tmac.WorkCodeListTest" name="VerifyColumnsHeaderDisable" time="0.0">
    <ignored/>
  </testcase> <!-- VerifyColumnsHeaderDisable -->
  <testcase classname="com.tetherfi.test.tmac.WorkCodeListTest" name="VerifyAuditTrialReportForCreate" time="0.0">
    <ignored/>
  </testcase> <!-- VerifyAuditTrialReportForCreate -->
  <testcase classname="com.tetherfi.test.tmac.WorkCodeListTest" name="VerifyTotalNumberOfItemsPerPageDetails" time="0.0">
    <ignored/>
  </testcase> <!-- VerifyTotalNumberOfItemsPerPageDetails -->
  <testcase classname="com.tetherfi.test.tmac.WorkCodeListTest" name="VerifySearchDoesNotContains" time="0.0">
    <ignored/>
  </testcase> <!-- VerifySearchDoesNotContains -->
  <testcase classname="com.tetherfi.test.tmac.WorkCodeListTest" name="addInvalidRecordWithoutWorkGroup" time="0.0">
    <ignored/>
  </testcase> <!-- addInvalidRecordWithoutWorkGroup -->
</testsuite> <!-- Default test(failed)(failed)(failed)(failed)(failed)(failed) -->
