<?xml version="1.0" encoding="UTF-8"?>
<!-- Generated by org.testng.reporters.JUnitXMLReporter -->
<testsuite ignored="2" hostname="admin" failures="0" tests="1" name="Default test(failed)(failed)" time="56.138" errors="0" timestamp="2020-05-29T15:30:15 IST">
  <testcase classname="com.tetherfi.test.reports.SkillProfileReportTest" name="VerifySearchByFeatureForAgentSkillProfileReport" time="19.88"/>
  <testcase classname="com.tetherfi.test.reports.SkillProfileReportTest" name="searchwithoutSearchTextbox" time="0.0">
    <ignored/>
  </testcase> <!-- searchwithoutSearchTextbox -->
  <testcase classname="com.tetherfi.test.reports.SkillProfileReportTest" name="VerifySearchFeatureForAgentSkillProfileReport" time="0.0">
    <ignored/>
  </testcase> <!-- VerifySearchFeatureForAgentSkillProfileReport -->
</testsuite> <!-- Default test(failed)(failed) -->
