<?xml version="1.0" encoding="UTF-8"?>
<!-- Generated by org.testng.reporters.JUnitXMLReporter -->
<testsuite ignored="26" hostname="DESKTOP-O6A5C2O" failures="4" tests="15" name="Default test(failed)(failed)" time="301.199" errors="0" timestamp="2019-10-22T17:14:27 IST">
  <testcase classname="com.tetherfi.test.ivr.IntentMappingTest" name="@AfterMethod afterEachMethod" time="0.024">
    <failure type="org.openqa.selenium.NoSuchWindowException" message="no such window: target window already closed
from unknown error: web view not found
  (Session info: chrome=77.0.3865.120)
Build info: version: &amp;apos;3.141.59&amp;apos;, revision: &amp;apos;e82be7d358&amp;apos;, time: &amp;apos;2018-11-14T08:17:03&amp;apos;
System info: host: &amp;apos;DESKTOP-O6A5C2O&amp;apos;, ip: &amp;apos;10.0.75.1&amp;apos;, os.name: &amp;apos;Windows 10&amp;apos;, os.arch: &amp;apos;amd64&amp;apos;, os.version: &amp;apos;10.0&amp;apos;, java.version: &amp;apos;9.0.4&amp;apos;
Driver info: org.openqa.selenium.chrome.ChromeDriver
Capabilities {acceptInsecureCerts: false, browserName: chrome, browserVersion: 77.0.3865.120, chrome: {chromedriverVersion: 76.0.3809.68 (420c9498db8ce..., userDataDir: C:\Users\admin\AppData\Loca...}, goog:chromeOptions: {debuggerAddress: localhost:57534}, javascriptEnabled: true, networkConnectionEnabled: false, pageLoadStrategy: normal, platform: XP, platformName: XP, proxy: Proxy(), setWindowRect: true, strictFileInteractability: false, timeouts: {implicit: 0, pageLoad: 300000, script: 30000}, unhandledPromptBehavior: dismiss and notify}
Session ID: e2415d666a3e5d8a212807493858311d">
      <![CDATA[org.openqa.selenium.NoSuchWindowException: no such window: target window already closed
from unknown error: web view not found
  (Session info: chrome=77.0.3865.120)
Build info: version: '3.141.59', revision: 'e82be7d358', time: '2018-11-14T08:17:03'
System info: host: 'DESKTOP-O6A5C2O', ip: '10.0.75.1', os.name: 'Windows 10', os.arch: 'amd64', os.version: '10.0', java.version: '9.0.4'
Driver info: org.openqa.selenium.chrome.ChromeDriver
Capabilities {acceptInsecureCerts: false, browserName: chrome, browserVersion: 77.0.3865.120, chrome: {chromedriverVersion: 76.0.3809.68 (420c9498db8ce..., userDataDir: C:\Users\admin\AppData\Loca...}, goog:chromeOptions: {debuggerAddress: localhost:57534}, javascriptEnabled: true, networkConnectionEnabled: false, pageLoadStrategy: normal, platform: XP, platformName: XP, proxy: Proxy(), setWindowRect: true, strictFileInteractability: false, timeouts: {implicit: 0, pageLoad: 300000, script: 30000}, unhandledPromptBehavior: dismiss and notify}
Session ID: e2415d666a3e5d8a212807493858311d
at org.openqa.selenium.remote.http.W3CHttpResponseCodec.createException(W3CHttpResponseCodec.java:187)
at org.openqa.selenium.remote.http.W3CHttpResponseCodec.decode(W3CHttpResponseCodec.java:122)
at org.openqa.selenium.remote.http.W3CHttpResponseCodec.decode(W3CHttpResponseCodec.java:49)
at org.openqa.selenium.remote.HttpCommandExecutor.execute(HttpCommandExecutor.java:158)
at org.openqa.selenium.remote.service.DriverCommandExecutor.execute(DriverCommandExecutor.java:83)
at org.openqa.selenium.remote.RemoteWebDriver.execute(RemoteWebDriver.java:552)
at org.openqa.selenium.remote.RemoteWebDriver.execute(RemoteWebDriver.java:609)
at org.openqa.selenium.remote.RemoteWebDriver$RemoteNavigation.refresh(RemoteWebDriver.java:865)
at com.tetherfi.test.ivr.IntentMappingTest.afterEachMethod(IntentMappingTest.java:434)
at java.base/java.util.ArrayList.forEach(Unknown Source)
... Removed 35 stack frames]]>
    </failure>
  </testcase> <!-- @AfterMethod afterEachMethod -->
  <testcase classname="com.tetherfi.test.BaseTest" name="@AfterMethod endTestCase" time="-1.571744666968E9">
    <skipped/>
  </testcase> <!-- @AfterMethod endTestCase -->
  <testcase classname="com.tetherfi.test.BaseTest" name="@BeforeMethod startTestCase" time="-1.571744666968E9">
    <skipped/>
  </testcase> <!-- @BeforeMethod startTestCase -->
  <testcase classname="com.tetherfi.test.ivr.IntentMappingTest" name="@BeforeMethod NavigateToIntentMappingPage" time="-1.571744666968E9">
    <skipped/>
  </testcase> <!-- @BeforeMethod NavigateToIntentMappingPage -->
  <testcase classname="com.tetherfi.test.ivr.IntentMappingTest" name="@AfterMethod afterEachMethod" time="-1.571744667E9">
    <skipped/>
  </testcase> <!-- @AfterMethod afterEachMethod -->
  <testcase classname="com.tetherfi.test.BaseTest" name="@AfterMethod endTestCase" time="-1.571744667E9">
    <skipped/>
  </testcase> <!-- @AfterMethod endTestCase -->
  <testcase classname="com.tetherfi.test.BaseTest" name="@BeforeMethod startTestCase" time="-1.571744667031E9">
    <skipped/>
  </testcase> <!-- @BeforeMethod startTestCase -->
  <testcase classname="com.tetherfi.test.ivr.IntentMappingTest" name="@BeforeMethod NavigateToIntentMappingPage" time="-1.571744667031E9">
    <skipped/>
  </testcase> <!-- @BeforeMethod NavigateToIntentMappingPage -->
  <testcase classname="com.tetherfi.test.ivr.IntentMappingTest" name="@AfterMethod afterEachMethod" time="-1.571744667047E9">
    <skipped/>
  </testcase> <!-- @AfterMethod afterEachMethod -->
  <testcase classname="com.tetherfi.test.BaseTest" name="@AfterMethod endTestCase" time="-1.571744667047E9">
    <skipped/>
  </testcase> <!-- @AfterMethod endTestCase -->
  <testcase classname="com.tetherfi.test.BaseTest" name="@BeforeMethod startTestCase" time="-1.571744667047E9">
    <skipped/>
  </testcase> <!-- @BeforeMethod startTestCase -->
  <testcase classname="com.tetherfi.test.ivr.IntentMappingTest" name="@BeforeMethod NavigateToIntentMappingPage" time="-1.571744667047E9">
    <skipped/>
  </testcase> <!-- @BeforeMethod NavigateToIntentMappingPage -->
  <testcase classname="com.tetherfi.test.ivr.IntentMappingTest" name="@AfterMethod afterEachMethod" time="-1.571744667047E9">
    <skipped/>
  </testcase> <!-- @AfterMethod afterEachMethod -->
  <testcase classname="com.tetherfi.test.BaseTest" name="@AfterMethod endTestCase" time="-1.571744667047E9">
    <skipped/>
  </testcase> <!-- @AfterMethod endTestCase -->
  <testcase classname="com.tetherfi.test.BaseTest" name="@BeforeMethod startTestCase" time="-1.571744667047E9">
    <skipped/>
  </testcase> <!-- @BeforeMethod startTestCase -->
  <testcase classname="com.tetherfi.test.ivr.IntentMappingTest" name="@BeforeMethod NavigateToIntentMappingPage" time="-1.571744667047E9">
    <skipped/>
  </testcase> <!-- @BeforeMethod NavigateToIntentMappingPage -->
  <testcase classname="com.tetherfi.test.ivr.IntentMappingTest" name="@AfterMethod afterEachMethod" time="-1.571744667062E9">
    <skipped/>
  </testcase> <!-- @AfterMethod afterEachMethod -->
  <testcase classname="com.tetherfi.test.BaseTest" name="@AfterMethod endTestCase" time="-1.571744667062E9">
    <skipped/>
  </testcase> <!-- @AfterMethod endTestCase -->
  <testcase classname="com.tetherfi.test.BaseTest" name="@AfterClass tearDown" time="-1.571744667078E9">
    <skipped/>
  </testcase> <!-- @AfterClass tearDown -->
  <testcase classname="com.tetherfi.test.ivr.IntentMappingTest" name="AddNewIntentMappingRecord" time="207.971">
    <failure type="org.openqa.selenium.TimeoutException" message="Expected condition failed: waiting for visibility of Proxy element for: DefaultElementLocator &amp;apos;By.cssSelector: #toast-container .toast-message&amp;apos; (tried for 30 second(s) with 500 milliseconds interval)">
      <![CDATA[org.openqa.selenium.TimeoutException: Expected condition failed: waiting for visibility of Proxy element for: DefaultElementLocator 'By.cssSelector: #toast-container .toast-message' (tried for 30 second(s) with 500 milliseconds interval)
at org.openqa.selenium.support.ui.WebDriverWait.timeoutException(WebDriverWait.java:95)
at org.openqa.selenium.support.ui.FluentWait.until(FluentWait.java:272)
at com.tetherfi.pages.BasePage.waitUntilWebElementIsVisible(BasePage.java:127)
at com.tetherfi.pages.IntentMappingPage.verifySuccessMessage(IntentMappingPage.java:649)
at com.tetherfi.test.ivr.IntentMappingTest.AddNewIntentMappingRecord(IntentMappingTest.java:83)
at java.base/java.util.ArrayList.forEach(Unknown Source)
Caused by: org.openqa.selenium.NoSuchElementException: no such element: Unable to locate element: {"method":"css selector","selector":"#toast-container .toast-message"}
  (Session info: chrome=77.0.3865.120)
For documentation on this error, please visit: https://www.seleniumhq.org/exceptions/no_such_element.html
Build info: version: '3.141.59', revision: 'e82be7d358', time: '2018-11-14T08:17:03'
System info: host: 'DESKTOP-O6A5C2O', ip: '10.0.75.1', os.name: 'Windows 10', os.arch: 'amd64', os.version: '10.0', java.version: '9.0.4'
Driver info: org.openqa.selenium.chrome.ChromeDriver
Capabilities {acceptInsecureCerts: false, browserName: chrome, browserVersion: 77.0.3865.120, chrome: {chromedriverVersion: 76.0.3809.68 (420c9498db8ce..., userDataDir: C:\Users\admin\AppData\Loca...}, goog:chromeOptions: {debuggerAddress: localhost:57534}, javascriptEnabled: true, networkConnectionEnabled: false, pageLoadStrategy: normal, platform: XP, platformName: XP, proxy: Proxy(), setWindowRect: true, strictFileInteractability: false, timeouts: {implicit: 0, pageLoad: 300000, script: 30000}, unhandledPromptBehavior: dismiss and notify}
Session ID: e2415d666a3e5d8a212807493858311d
*** Element info: {Using=css selector, value=#toast-container .toast-message}
at org.openqa.selenium.remote.http.W3CHttpResponseCodec.createException(W3CHttpResponseCodec.java:187)
at org.openqa.selenium.remote.http.W3CHttpResponseCodec.decode(W3CHttpResponseCodec.java:122)
at org.openqa.selenium.remote.http.W3CHttpResponseCodec.decode(W3CHttpResponseCodec.java:49)
at org.openqa.selenium.remote.HttpCommandExecutor.execute(HttpCommandExecutor.java:158)
at org.openqa.selenium.remote.service.DriverCommandExecutor.execute(DriverCommandExecutor.java:83)
at org.openqa.selenium.remote.RemoteWebDriver.execute(RemoteWebDriver.java:552)
at org.openqa.selenium.remote.RemoteWebDriver.findElement(RemoteWebDriver.java:323)
at org.openqa.selenium.remote.RemoteWebDriver.findElementByCssSelector(RemoteWebDriver.java:420)
at org.openqa.selenium.By$ByCssSelector.findElement(By.java:431)
at org.openqa.selenium.remote.RemoteWebDriver.findElement(RemoteWebDriver.java:315)
at org.openqa.selenium.support.pagefactory.DefaultElementLocator.findElement(DefaultElementLocator.java:69)
at org.openqa.selenium.support.pagefactory.internal.LocatingElementHandler.invoke(LocatingElementHandler.java:38)
at com.sun.proxy.$Proxy16.isDisplayed(Unknown Source)
at org.openqa.selenium.support.ui.ExpectedConditions.elementIfVisible(ExpectedConditions.java:314)
at org.openqa.selenium.support.ui.ExpectedConditions.access$000(ExpectedConditions.java:43)
at org.openqa.selenium.support.ui.ExpectedConditions$10.apply(ExpectedConditions.java:300)
at org.openqa.selenium.support.ui.ExpectedConditions$10.apply(ExpectedConditions.java:297)
at org.openqa.selenium.support.ui.FluentWait.until(FluentWait.java:249)
... 31 more
... Removed 31 stack frames]]>
    </failure>
  </testcase> <!-- AddNewIntentMappingRecord -->
  <testcase classname="com.tetherfi.test.ivr.IntentMappingTest" name="AddDuplicateIntentMappingRecord" time="0.0">
    <skipped/>
  </testcase> <!-- AddDuplicateIntentMappingRecord -->
  <testcase classname="com.tetherfi.test.ivr.IntentMappingTest" name="VerifyAuditTrialReportForCreate" time="0.0">
    <skipped/>
  </testcase> <!-- VerifyAuditTrialReportForCreate -->
  <testcase classname="com.tetherfi.test.ivr.IntentMappingTest" name="EditIntentMappingRecord" time="4.504">
    <failure type="org.openqa.selenium.ElementClickInterceptedException" message="element click intercepted: Element &amp;lt;a role=&amp;quot;button&amp;quot; class=&amp;quot;k-button k-button-icontext k-grid-edit&amp;quot; style=&amp;quot;width=10px;&amp;quot; href=&amp;quot;#&amp;quot;&amp;gt;...&amp;lt;/a&amp;gt; is not clickable at point (52, 237). Other element would receive the click: &amp;lt;div class=&amp;quot;modal inmodal show&amp;quot; id=&amp;quot;searchModel&amp;quot; tabindex=&amp;quot;-1&amp;quot; role=&amp;quot;dialog&amp;quot; aria-modal=&amp;quot;true&amp;quot; style=&amp;quot;display: block;&amp;quot;&amp;gt;...&amp;lt;/div&amp;gt;
  (Session info: chrome=77.0.3865.120)
Build info: version: &amp;apos;3.141.59&amp;apos;, revision: &amp;apos;e82be7d358&amp;apos;, time: &amp;apos;2018-11-14T08:17:03&amp;apos;
System info: host: &amp;apos;DESKTOP-O6A5C2O&amp;apos;, ip: &amp;apos;10.0.75.1&amp;apos;, os.name: &amp;apos;Windows 10&amp;apos;, os.arch: &amp;apos;amd64&amp;apos;, os.version: &amp;apos;10.0&amp;apos;, java.version: &amp;apos;9.0.4&amp;apos;
Driver info: org.openqa.selenium.chrome.ChromeDriver
Capabilities {acceptInsecureCerts: false, browserName: chrome, browserVersion: 77.0.3865.120, chrome: {chromedriverVersion: 76.0.3809.68 (420c9498db8ce..., userDataDir: C:\Users\admin\AppData\Loca...}, goog:chromeOptions: {debuggerAddress: localhost:57534}, javascriptEnabled: true, networkConnectionEnabled: false, pageLoadStrategy: normal, platform: XP, platformName: XP, proxy: Proxy(), setWindowRect: true, strictFileInteractability: false, timeouts: {implicit: 0, pageLoad: 300000, script: 30000}, unhandledPromptBehavior: dismiss and notify}
Session ID: e2415d666a3e5d8a212807493858311d">
      <![CDATA[org.openqa.selenium.ElementClickInterceptedException: element click intercepted: Element <a role="button" class="k-button k-button-icontext k-grid-edit" style="width=10px;" href="#">...</a> is not clickable at point (52, 237). Other element would receive the click: <div class="modal inmodal show" id="searchModel" tabindex="-1" role="dialog" aria-modal="true" style="display: block;">...</div>
  (Session info: chrome=77.0.3865.120)
Build info: version: '3.141.59', revision: 'e82be7d358', time: '2018-11-14T08:17:03'
System info: host: 'DESKTOP-O6A5C2O', ip: '10.0.75.1', os.name: 'Windows 10', os.arch: 'amd64', os.version: '10.0', java.version: '9.0.4'
Driver info: org.openqa.selenium.chrome.ChromeDriver
Capabilities {acceptInsecureCerts: false, browserName: chrome, browserVersion: 77.0.3865.120, chrome: {chromedriverVersion: 76.0.3809.68 (420c9498db8ce..., userDataDir: C:\Users\admin\AppData\Loca...}, goog:chromeOptions: {debuggerAddress: localhost:57534}, javascriptEnabled: true, networkConnectionEnabled: false, pageLoadStrategy: normal, platform: XP, platformName: XP, proxy: Proxy(), setWindowRect: true, strictFileInteractability: false, timeouts: {implicit: 0, pageLoad: 300000, script: 30000}, unhandledPromptBehavior: dismiss and notify}
Session ID: e2415d666a3e5d8a212807493858311d
at org.openqa.selenium.remote.http.W3CHttpResponseCodec.createException(W3CHttpResponseCodec.java:187)
at org.openqa.selenium.remote.http.W3CHttpResponseCodec.decode(W3CHttpResponseCodec.java:122)
at org.openqa.selenium.remote.http.W3CHttpResponseCodec.decode(W3CHttpResponseCodec.java:49)
at org.openqa.selenium.remote.HttpCommandExecutor.execute(HttpCommandExecutor.java:158)
at org.openqa.selenium.remote.service.DriverCommandExecutor.execute(DriverCommandExecutor.java:83)
at org.openqa.selenium.remote.RemoteWebDriver.execute(RemoteWebDriver.java:552)
at org.openqa.selenium.remote.RemoteWebElement.execute(RemoteWebElement.java:285)
at org.openqa.selenium.remote.RemoteWebElement.click(RemoteWebElement.java:84)
at org.openqa.selenium.support.pagefactory.internal.LocatingElementHandler.invoke(LocatingElementHandler.java:51)
at com.sun.proxy.$Proxy16.click(Unknown Source)
at com.tetherfi.pages.BasePage.selectWebElement(BasePage.java:195)
at com.tetherfi.pages.IntentMappingPage.editIntentMappingRecord(IntentMappingPage.java:796)
at com.tetherfi.test.ivr.IntentMappingTest.EditIntentMappingRecord(IntentMappingTest.java:185)
at java.base/java.util.ArrayList.forEach(Unknown Source)
... Removed 35 stack frames]]>
    </failure>
  </testcase> <!-- EditIntentMappingRecord -->
  <testcase classname="com.tetherfi.test.ivr.IntentMappingTest" name="VerifyAuditTrialReportForUpdate" time="0.0">
    <skipped/>
  </testcase> <!-- VerifyAuditTrialReportForUpdate -->
  <testcase classname="com.tetherfi.test.ivr.IntentMappingTest" name="EditWithoutModifyReasonRecord" time="0.0">
    <skipped/>
  </testcase> <!-- EditWithoutModifyReasonRecord -->
  <testcase classname="com.tetherfi.test.ivr.IntentMappingTest" name="VerifyCancelBtnAtEditRecord" time="0.0">
    <skipped/>
  </testcase> <!-- VerifyCancelBtnAtEditRecord -->
  <testcase classname="com.tetherfi.test.ivr.IntentMappingTest" name="ExportToExcelData" time="2.959">
    <failure type="java.lang.AssertionError" message="did not expect to find [true] but found [false]">
      <![CDATA[java.lang.AssertionError: did not expect to find [true] but found [false]
at com.tetherfi.test.ivr.IntentMappingTest.ExportToExcelData(IntentMappingTest.java:300)
at java.base/java.util.ArrayList.forEach(Unknown Source)
... Removed 31 stack frames]]>
    </failure>
  </testcase> <!-- ExportToExcelData -->
  <testcase classname="com.tetherfi.test.ivr.IntentMappingTest" name="DeleteWithoutDeleteReasonRecord" time="34.568">
    <failure type="org.openqa.selenium.NoSuchWindowException" message="no such window: target window already closed
from unknown error: web view not found
  (Session info: chrome=77.0.3865.120)
Build info: version: &amp;apos;3.141.59&amp;apos;, revision: &amp;apos;e82be7d358&amp;apos;, time: &amp;apos;2018-11-14T08:17:03&amp;apos;
System info: host: &amp;apos;DESKTOP-O6A5C2O&amp;apos;, ip: &amp;apos;10.0.75.1&amp;apos;, os.name: &amp;apos;Windows 10&amp;apos;, os.arch: &amp;apos;amd64&amp;apos;, os.version: &amp;apos;10.0&amp;apos;, java.version: &amp;apos;9.0.4&amp;apos;
Driver info: org.openqa.selenium.chrome.ChromeDriver
Capabilities {acceptInsecureCerts: false, browserName: chrome, browserVersion: 77.0.3865.120, chrome: {chromedriverVersion: 76.0.3809.68 (420c9498db8ce..., userDataDir: C:\Users\admin\AppData\Loca...}, goog:chromeOptions: {debuggerAddress: localhost:57534}, javascriptEnabled: true, networkConnectionEnabled: false, pageLoadStrategy: normal, platform: XP, platformName: XP, proxy: Proxy(), setWindowRect: true, strictFileInteractability: false, timeouts: {implicit: 0, pageLoad: 300000, script: 30000}, unhandledPromptBehavior: dismiss and notify}
Session ID: e2415d666a3e5d8a212807493858311d
*** Element info: {Using=css selector, value=.k-grid-CustomDelete}">
      <![CDATA[org.openqa.selenium.NoSuchWindowException: no such window: target window already closed
from unknown error: web view not found
  (Session info: chrome=77.0.3865.120)
Build info: version: '3.141.59', revision: 'e82be7d358', time: '2018-11-14T08:17:03'
System info: host: 'DESKTOP-O6A5C2O', ip: '10.0.75.1', os.name: 'Windows 10', os.arch: 'amd64', os.version: '10.0', java.version: '9.0.4'
Driver info: org.openqa.selenium.chrome.ChromeDriver
Capabilities {acceptInsecureCerts: false, browserName: chrome, browserVersion: 77.0.3865.120, chrome: {chromedriverVersion: 76.0.3809.68 (420c9498db8ce..., userDataDir: C:\Users\admin\AppData\Loca...}, goog:chromeOptions: {debuggerAddress: localhost:57534}, javascriptEnabled: true, networkConnectionEnabled: false, pageLoadStrategy: normal, platform: XP, platformName: XP, proxy: Proxy(), setWindowRect: true, strictFileInteractability: false, timeouts: {implicit: 0, pageLoad: 300000, script: 30000}, unhandledPromptBehavior: dismiss and notify}
Session ID: e2415d666a3e5d8a212807493858311d
*** Element info: {Using=css selector, value=.k-grid-CustomDelete}
at org.openqa.selenium.remote.http.W3CHttpResponseCodec.createException(W3CHttpResponseCodec.java:187)
at org.openqa.selenium.remote.http.W3CHttpResponseCodec.decode(W3CHttpResponseCodec.java:122)
at org.openqa.selenium.remote.http.W3CHttpResponseCodec.decode(W3CHttpResponseCodec.java:49)
at org.openqa.selenium.remote.HttpCommandExecutor.execute(HttpCommandExecutor.java:158)
at org.openqa.selenium.remote.service.DriverCommandExecutor.execute(DriverCommandExecutor.java:83)
at org.openqa.selenium.remote.RemoteWebDriver.execute(RemoteWebDriver.java:552)
at org.openqa.selenium.remote.RemoteWebDriver.findElement(RemoteWebDriver.java:323)
at org.openqa.selenium.remote.RemoteWebDriver.findElementByCssSelector(RemoteWebDriver.java:420)
at org.openqa.selenium.By$ByCssSelector.findElement(By.java:431)
at org.openqa.selenium.remote.RemoteWebDriver.findElement(RemoteWebDriver.java:315)
at org.openqa.selenium.support.pagefactory.DefaultElementLocator.findElement(DefaultElementLocator.java:69)
at org.openqa.selenium.support.pagefactory.internal.LocatingElementHandler.invoke(LocatingElementHandler.java:38)
at com.sun.proxy.$Proxy16.toString(Unknown Source)
at java.base/java.lang.String.valueOf(Unknown Source)
at java.base/java.lang.StringBuilder.append(Unknown Source)
at org.openqa.selenium.support.ui.ExpectedConditions$10.toString(ExpectedConditions.java:305)
at java.base/java.lang.String.valueOf(Unknown Source)
at java.base/java.lang.StringBuilder.append(Unknown Source)
at org.openqa.selenium.support.ui.FluentWait.until(FluentWait.java:268)
at com.tetherfi.pages.BasePage.waitUntilWebElementIsVisible(BasePage.java:127)
at com.tetherfi.pages.BasePage.selectWebElement(BasePage.java:191)
at com.tetherfi.pages.IntentMappingPage.deleteIntentMapingWithoutDeleteReasonRecord(IntentMappingPage.java:823)
at com.tetherfi.test.ivr.IntentMappingTest.DeleteWithoutDeleteReasonRecord(IntentMappingTest.java:309)
at java.base/java.util.ArrayList.forEach(Unknown Source)
... Removed 30 stack frames]]>
    </failure>
  </testcase> <!-- DeleteWithoutDeleteReasonRecord -->
  <testcase classname="com.tetherfi.test.ivr.IntentMappingTest" name="VerifyCancelBtnAtDeleteIntentMappingRecord" time="0.0">
    <skipped/>
  </testcase> <!-- VerifyCancelBtnAtDeleteIntentMappingRecord -->
  <testcase classname="com.tetherfi.test.ivr.IntentMappingTest" name="DeleteIntentMappingRecord" time="0.0">
    <skipped/>
  </testcase> <!-- DeleteIntentMappingRecord -->
  <testcase classname="com.tetherfi.test.ivr.IntentMappingTest" name="VerifyAuditTrialReportForDelete" time="0.0">
    <skipped/>
  </testcase> <!-- VerifyAuditTrialReportForDelete -->
  <testcase classname="com.tetherfi.test.ivr.IntentMappingTest" name="ExporttoExcelWithoutData" time="0.0">
    <skipped/>
  </testcase> <!-- ExporttoExcelWithoutData -->
  <testcase classname="com.tetherfi.test.ivr.IntentMappingTest" name="SortingByAscending" time="0.0">
    <skipped/>
  </testcase> <!-- SortingByAscending -->
  <testcase classname="com.tetherfi.test.ivr.IntentMappingTest" name="SortingByDescending" time="0.0">
    <skipped/>
  </testcase> <!-- SortingByDescending -->
  <testcase classname="com.tetherfi.test.ivr.IntentMappingTest" name="AddRecordWithoutIntentTalent" time="0.0">
    <ignored/>
  </testcase> <!-- AddRecordWithoutIntentTalent -->
  <testcase classname="com.tetherfi.test.ivr.IntentMappingTest" name="AddRecordWithoutProduct" time="0.0">
    <ignored/>
  </testcase> <!-- AddRecordWithoutProduct -->
  <testcase classname="com.tetherfi.test.ivr.IntentMappingTest" name="SearchClearSearch" time="0.0">
    <ignored/>
  </testcase> <!-- SearchClearSearch -->
  <testcase classname="com.tetherfi.test.ivr.IntentMappingTest" name="VerifySearchEndsWith" time="0.0">
    <ignored/>
  </testcase> <!-- VerifySearchEndsWith -->
  <testcase classname="com.tetherfi.test.ivr.IntentMappingTest" name="database" time="0.0">
    <ignored/>
  </testcase> <!-- database -->
  <testcase classname="com.tetherfi.test.ivr.IntentMappingTest" name="VerifyArrowMoveForFirstAndLastPage" time="0.0">
    <ignored/>
  </testcase> <!-- VerifyArrowMoveForFirstAndLastPage -->
  <testcase classname="com.tetherfi.test.ivr.IntentMappingTest" name="VerifySearchStartsWith" time="0.0">
    <ignored/>
  </testcase> <!-- VerifySearchStartsWith -->
  <testcase classname="com.tetherfi.test.ivr.IntentMappingTest" name="VerifyNumberOfItemsPerPageSelection" time="0.0">
    <ignored/>
  </testcase> <!-- VerifyNumberOfItemsPerPageSelection -->
  <testcase classname="com.tetherfi.test.ivr.IntentMappingTest" name="VerifySearchIsNotEqualTo" time="0.0">
    <ignored/>
  </testcase> <!-- VerifySearchIsNotEqualTo -->
  <testcase classname="com.tetherfi.test.ivr.IntentMappingTest" name="VerifySearchContains" time="0.0">
    <ignored/>
  </testcase> <!-- VerifySearchContains -->
  <testcase classname="com.tetherfi.test.ivr.IntentMappingTest" name="VerifyDropdownForAllTheColumns" time="0.0">
    <ignored/>
  </testcase> <!-- VerifyDropdownForAllTheColumns -->
  <testcase classname="com.tetherfi.test.ivr.IntentMappingTest" name="GroupBy" time="0.0">
    <ignored/>
  </testcase> <!-- GroupBy -->
  <testcase classname="com.tetherfi.test.ivr.IntentMappingTest" name="VerifyArrowMoveForPreviousAndNextPage" time="0.0">
    <ignored/>
  </testcase> <!-- VerifyArrowMoveForPreviousAndNextPage -->
  <testcase classname="com.tetherfi.test.ivr.IntentMappingTest" name="VerifyColumnsHeaderEnable" time="0.0">
    <ignored/>
  </testcase> <!-- VerifyColumnsHeaderEnable -->
  <testcase classname="com.tetherfi.test.ivr.IntentMappingTest" name="AddRecordWithoutVDN" time="0.0">
    <ignored/>
  </testcase> <!-- AddRecordWithoutVDN -->
  <testcase classname="com.tetherfi.test.ivr.IntentMappingTest" name="VerifyTotalNumberOfItemsPerPageDetails" time="0.0">
    <ignored/>
  </testcase> <!-- VerifyTotalNumberOfItemsPerPageDetails -->
  <testcase classname="com.tetherfi.test.ivr.IntentMappingTest" name="searchwithoutSearchTextbox" time="0.0">
    <ignored/>
  </testcase> <!-- searchwithoutSearchTextbox -->
  <testcase classname="com.tetherfi.test.ivr.IntentMappingTest" name="AddEmptyRecord" time="0.0">
    <ignored/>
  </testcase> <!-- AddEmptyRecord -->
  <testcase classname="com.tetherfi.test.ivr.IntentMappingTest" name="VerifySearchDoesNotContains" time="0.0">
    <ignored/>
  </testcase> <!-- VerifySearchDoesNotContains -->
  <testcase classname="com.tetherfi.test.ivr.IntentMappingTest" name="IntentMappingPage" time="0.0">
    <ignored/>
  </testcase> <!-- IntentMappingPage -->
  <testcase classname="com.tetherfi.test.ivr.IntentMappingTest" name="searchPage" time="0.0">
    <ignored/>
  </testcase> <!-- searchPage -->
  <testcase classname="com.tetherfi.test.ivr.IntentMappingTest" name="ExportToExcel" time="0.0">
    <ignored/>
  </testcase> <!-- ExportToExcel -->
  <testcase classname="com.tetherfi.test.ivr.IntentMappingTest" name="AddRecordWithoutLanguage" time="0.0">
    <ignored/>
  </testcase> <!-- AddRecordWithoutLanguage -->
  <testcase classname="com.tetherfi.test.ivr.IntentMappingTest" name="VerifyColumnsHeaderDisable" time="0.0">
    <ignored/>
  </testcase> <!-- VerifyColumnsHeaderDisable -->
  <testcase classname="com.tetherfi.test.ivr.IntentMappingTest" name="AddRecordWithoutSegment" time="0.0">
    <ignored/>
  </testcase> <!-- AddRecordWithoutSegment -->
  <testcase classname="com.tetherfi.test.ivr.IntentMappingTest" name="VerifyCancelBtnAtAddRecord" time="0.0">
    <ignored/>
  </testcase> <!-- VerifyCancelBtnAtAddRecord -->
</testsuite> <!-- Default test(failed)(failed) -->
