<?xml version="1.0" encoding="UTF-8"?>
<!-- Generated by org.testng.reporters.JUnitXMLReporter -->
<testsuite ignored="26" hostname="admin" failures="4" tests="11" name="Default test(failed)(failed)" time="267.939" errors="0" timestamp="2019-09-02T13:56:42 IST">
  <testcase classname="com.tetherfi.test.ivr.AdhocOptionEnhancementTest" name="AddNewAdhocOptionEnhancementRecord" time="19.299"/>
  <testcase classname="com.tetherfi.test.ivr.AdhocOptionEnhancementTest" name="AddDuplicateAdhocOptionEnhancementRecord" time="16.876"/>
  <testcase classname="com.tetherfi.test.ivr.AdhocOptionEnhancementTest" name="EditAdhocOptionEnhancementRecord" time="22.475"/>
  <testcase classname="com.tetherfi.test.ivr.AdhocOptionEnhancementTest" name="VerifyAuditTrialReportForUpdate" time="21.346"/>
  <testcase classname="com.tetherfi.test.ivr.AdhocOptionEnhancementTest" name="ExportToExcelData" time="8.567">
    <failure type="java.lang.AssertionError" message="did not expect to find [true] but found [false]">
      <![CDATA[java.lang.AssertionError: did not expect to find [true] but found [false]
at com.tetherfi.test.ivr.AdhocOptionEnhancementTest.ExportToExcelData(AdhocOptionEnhancementTest.java:210)
at java.base/java.util.ArrayList.forEach(Unknown Source)
... Removed 31 stack frames]]>
    </failure>
  </testcase> <!-- ExportToExcelData -->
  <testcase classname="com.tetherfi.test.ivr.AdhocOptionEnhancementTest" name="SortingByAscending" time="11.752">
    <failure type="java.lang.AssertionError" message="did not expect to find [true] but found [false]">
      <![CDATA[java.lang.AssertionError: did not expect to find [true] but found [false]
at com.tetherfi.test.ivr.AdhocOptionEnhancementTest.SortingByAscending(AdhocOptionEnhancementTest.java:219)
at java.base/java.util.ArrayList.forEach(Unknown Source)
... Removed 31 stack frames]]>
    </failure>
  </testcase> <!-- SortingByAscending -->
  <testcase classname="com.tetherfi.test.ivr.AdhocOptionEnhancementTest" name="SortingByDescending" time="12.198">
    <failure type="java.lang.AssertionError" message="did not expect to find [true] but found [false]">
      <![CDATA[java.lang.AssertionError: did not expect to find [true] but found [false]
at com.tetherfi.test.ivr.AdhocOptionEnhancementTest.SortingByDescending(AdhocOptionEnhancementTest.java:228)
at java.base/java.util.ArrayList.forEach(Unknown Source)
... Removed 31 stack frames]]>
    </failure>
  </testcase> <!-- SortingByDescending -->
  <testcase classname="com.tetherfi.test.ivr.AdhocOptionEnhancementTest" name="DeleteAdhocOptionEnhancementRecord" time="66.121">
    <failure type="org.openqa.selenium.TimeoutException" message="Expected condition failed: waiting for visibility of Proxy element for: DefaultElementLocator &amp;apos;By.cssSelector: #toast-container .toast-message&amp;apos; (tried for 30 second(s) with 500 milliseconds interval)">
      <![CDATA[org.openqa.selenium.TimeoutException: Expected condition failed: waiting for visibility of Proxy element for: DefaultElementLocator 'By.cssSelector: #toast-container .toast-message' (tried for 30 second(s) with 500 milliseconds interval)
at org.openqa.selenium.support.ui.WebDriverWait.timeoutException(WebDriverWait.java:95)
at org.openqa.selenium.support.ui.FluentWait.until(FluentWait.java:272)
at com.tetherfi.pages.BasePage.waitUntilWebElementIsVisible(BasePage.java:127)
at com.tetherfi.pages.AdhocOptionEnhancementPage.verifySuccessMessage(AdhocOptionEnhancementPage.java:460)
at com.tetherfi.test.ivr.AdhocOptionEnhancementTest.DeleteAdhocOptionEnhancementRecord(AdhocOptionEnhancementTest.java:319)
at java.base/java.util.ArrayList.forEach(Unknown Source)
Caused by: org.openqa.selenium.NoSuchElementException: no such element: Unable to locate element: {"method":"css selector","selector":"#toast-container .toast-message"}
  (Session info: chrome=76.0.3809.132)
For documentation on this error, please visit: https://www.seleniumhq.org/exceptions/no_such_element.html
Build info: version: '3.141.59', revision: 'e82be7d358', time: '2018-11-14T08:17:03'
System info: host: 'ADMIN', ip: '192.168.0.104', os.name: 'Windows 8.1', os.arch: 'amd64', os.version: '6.3', java.version: '9.0.4'
Driver info: org.openqa.selenium.chrome.ChromeDriver
Capabilities {acceptInsecureCerts: false, browserName: chrome, browserVersion: 76.0.3809.132, chrome: {chromedriverVersion: 76.0.3809.68 (420c9498db8ce..., userDataDir: C:\Users\ADMINP~1\AppData\L...}, goog:chromeOptions: {debuggerAddress: localhost:51511}, javascriptEnabled: true, networkConnectionEnabled: false, pageLoadStrategy: normal, platform: XP, platformName: XP, proxy: Proxy(), setWindowRect: true, strictFileInteractability: false, timeouts: {implicit: 0, pageLoad: 300000, script: 30000}, unhandledPromptBehavior: dismiss and notify}
Session ID: 6d1efea8814c696ece1721e6398252e8
*** Element info: {Using=css selector, value=#toast-container .toast-message}
at org.openqa.selenium.remote.http.W3CHttpResponseCodec.createException(W3CHttpResponseCodec.java:187)
at org.openqa.selenium.remote.http.W3CHttpResponseCodec.decode(W3CHttpResponseCodec.java:122)
at org.openqa.selenium.remote.http.W3CHttpResponseCodec.decode(W3CHttpResponseCodec.java:49)
at org.openqa.selenium.remote.HttpCommandExecutor.execute(HttpCommandExecutor.java:158)
at org.openqa.selenium.remote.service.DriverCommandExecutor.execute(DriverCommandExecutor.java:83)
at org.openqa.selenium.remote.RemoteWebDriver.execute(RemoteWebDriver.java:552)
at org.openqa.selenium.remote.RemoteWebDriver.findElement(RemoteWebDriver.java:323)
at org.openqa.selenium.remote.RemoteWebDriver.findElementByCssSelector(RemoteWebDriver.java:420)
at org.openqa.selenium.By$ByCssSelector.findElement(By.java:431)
at org.openqa.selenium.remote.RemoteWebDriver.findElement(RemoteWebDriver.java:315)
at org.openqa.selenium.support.pagefactory.DefaultElementLocator.findElement(DefaultElementLocator.java:69)
at org.openqa.selenium.support.pagefactory.internal.LocatingElementHandler.invoke(LocatingElementHandler.java:38)
at com.sun.proxy.$Proxy14.isDisplayed(Unknown Source)
at org.openqa.selenium.support.ui.ExpectedConditions.elementIfVisible(ExpectedConditions.java:314)
at org.openqa.selenium.support.ui.ExpectedConditions.access$000(ExpectedConditions.java:43)
at org.openqa.selenium.support.ui.ExpectedConditions$10.apply(ExpectedConditions.java:300)
at org.openqa.selenium.support.ui.ExpectedConditions$10.apply(ExpectedConditions.java:297)
at org.openqa.selenium.support.ui.FluentWait.until(FluentWait.java:249)
... 31 more
... Removed 30 stack frames]]>
    </failure>
  </testcase> <!-- DeleteAdhocOptionEnhancementRecord -->
  <testcase classname="com.tetherfi.test.ivr.AdhocOptionEnhancementTest" name="VerifyAuditTrialReportForDelete" time="0.0">
    <skipped/>
  </testcase> <!-- VerifyAuditTrialReportForDelete -->
  <testcase classname="com.tetherfi.test.ivr.AdhocOptionEnhancementTest" name="SearchClearSearch" time="9.98"/>
  <testcase classname="com.tetherfi.test.ivr.AdhocOptionEnhancementTest" name="ExporttoExcelWithoutData" time="5.109"/>
  <testcase classname="com.tetherfi.test.ivr.AdhocOptionEnhancementTest" name="VerifyColumnsHeaderDisable" time="0.0">
    <ignored/>
  </testcase> <!-- VerifyColumnsHeaderDisable -->
  <testcase classname="com.tetherfi.test.ivr.AdhocOptionEnhancementTest" name="VerifyCancelButtonInDeleteAdhocOptionEnhancementRecord" time="0.0">
    <ignored/>
  </testcase> <!-- VerifyCancelButtonInDeleteAdhocOptionEnhancementRecord -->
  <testcase classname="com.tetherfi.test.ivr.AdhocOptionEnhancementTest" name="VerifyAuditTrialReportForCreate" time="0.0">
    <ignored/>
  </testcase> <!-- VerifyAuditTrialReportForCreate -->
  <testcase classname="com.tetherfi.test.ivr.AdhocOptionEnhancementTest" name="ValidANDBooleanSearch" time="0.0">
    <ignored/>
  </testcase> <!-- ValidANDBooleanSearch -->
  <testcase classname="com.tetherfi.test.ivr.AdhocOptionEnhancementTest" name="ExportToExcel" time="0.0">
    <ignored/>
  </testcase> <!-- ExportToExcel -->
  <testcase classname="com.tetherfi.test.ivr.AdhocOptionEnhancementTest" name="searchPage" time="0.0">
    <ignored/>
  </testcase> <!-- searchPage -->
  <testcase classname="com.tetherfi.test.ivr.AdhocOptionEnhancementTest" name="EditEmptyAdhocOptionEnhancementRecord" time="0.0">
    <ignored/>
  </testcase> <!-- EditEmptyAdhocOptionEnhancementRecord -->
  <testcase classname="com.tetherfi.test.ivr.AdhocOptionEnhancementTest" name="InvalidBooleanSearchwithoutSearchTextbox" time="0.0">
    <ignored/>
  </testcase> <!-- InvalidBooleanSearchwithoutSearchTextbox -->
  <testcase classname="com.tetherfi.test.ivr.AdhocOptionEnhancementTest" name="VerifyTotalNumberOfItemsPerPageDetails" time="0.0">
    <ignored/>
  </testcase> <!-- VerifyTotalNumberOfItemsPerPageDetails -->
  <testcase classname="com.tetherfi.test.ivr.AdhocOptionEnhancementTest" name="DeleteWithoutDeleteReasonInAdhocOptionEnhancementRecord" time="0.0">
    <ignored/>
  </testcase> <!-- DeleteWithoutDeleteReasonInAdhocOptionEnhancementRecord -->
  <testcase classname="com.tetherfi.test.ivr.AdhocOptionEnhancementTest" name="VerifyDropdownForAllTheColumns" time="0.0">
    <ignored/>
  </testcase> <!-- VerifyDropdownForAllTheColumns -->
  <testcase classname="com.tetherfi.test.ivr.AdhocOptionEnhancementTest" name="VerifyArrowMoveForPreviousAndNextPage" time="0.0">
    <ignored/>
  </testcase> <!-- VerifyArrowMoveForPreviousAndNextPage -->
  <testcase classname="com.tetherfi.test.ivr.AdhocOptionEnhancementTest" name="VerifyCancelButtonAtAddAdhocOptionEnhancementRecord" time="0.0">
    <ignored/>
  </testcase> <!-- VerifyCancelButtonAtAddAdhocOptionEnhancementRecord -->
  <testcase classname="com.tetherfi.test.ivr.AdhocOptionEnhancementTest" name="VerifyNumberOfItemsPerPageSelection" time="0.0">
    <ignored/>
  </testcase> <!-- VerifyNumberOfItemsPerPageSelection -->
  <testcase classname="com.tetherfi.test.ivr.AdhocOptionEnhancementTest" name="VerifyArrowMoveForFirstAndLastPage" time="0.0">
    <ignored/>
  </testcase> <!-- VerifyArrowMoveForFirstAndLastPage -->
  <testcase classname="com.tetherfi.test.ivr.AdhocOptionEnhancementTest" name="ValiORBooleanSearch" time="0.0">
    <ignored/>
  </testcase> <!-- ValiORBooleanSearch -->
  <testcase classname="com.tetherfi.test.ivr.AdhocOptionEnhancementTest" name="AddEmptyAdhocOptionEnhancementRecord" time="0.0">
    <ignored/>
  </testcase> <!-- AddEmptyAdhocOptionEnhancementRecord -->
  <testcase classname="com.tetherfi.test.ivr.AdhocOptionEnhancementTest" name="InvalidBooleanSearchwithoutSearchTextbox1" time="0.0">
    <ignored/>
  </testcase> <!-- InvalidBooleanSearchwithoutSearchTextbox1 -->
  <testcase classname="com.tetherfi.test.ivr.AdhocOptionEnhancementTest" name="database" time="0.0">
    <ignored/>
  </testcase> <!-- database -->
  <testcase classname="com.tetherfi.test.ivr.AdhocOptionEnhancementTest" name="GroupBy" time="0.0">
    <ignored/>
  </testcase> <!-- GroupBy -->
  <testcase classname="com.tetherfi.test.ivr.AdhocOptionEnhancementTest" name="AddNewAdhocOptionEnhancementwithdifferentLangvageRecord" time="0.0">
    <ignored/>
  </testcase> <!-- AddNewAdhocOptionEnhancementwithdifferentLangvageRecord -->
  <testcase classname="com.tetherfi.test.ivr.AdhocOptionEnhancementTest" name="VerifyCancelButtonAtEditAdhocOptionEnhancementRecord" time="0.0">
    <ignored/>
  </testcase> <!-- VerifyCancelButtonAtEditAdhocOptionEnhancementRecord -->
  <testcase classname="com.tetherfi.test.ivr.AdhocOptionEnhancementTest" name="VerifyColumnsHeaderEnable" time="0.0">
    <ignored/>
  </testcase> <!-- VerifyColumnsHeaderEnable -->
  <testcase classname="com.tetherfi.test.ivr.AdhocOptionEnhancementTest" name="EditWithoutModifyReasonAdhocOptionEnhancementRecord" time="0.0">
    <ignored/>
  </testcase> <!-- EditWithoutModifyReasonAdhocOptionEnhancementRecord -->
  <testcase classname="com.tetherfi.test.ivr.AdhocOptionEnhancementTest" name="searchwithoutSearchTextbox" time="0.0">
    <ignored/>
  </testcase> <!-- searchwithoutSearchTextbox -->
  <testcase classname="com.tetherfi.test.ivr.AdhocOptionEnhancementTest" name="AdhocOptionEnhancementPage" time="0.0">
    <ignored/>
  </testcase> <!-- AdhocOptionEnhancementPage -->
</testsuite> <!-- Default test(failed)(failed) -->
