<?xml version="1.0" encoding="UTF-8"?>
<!-- Generated by org.testng.reporters.JUnitXMLReporter -->
<testsuite ignored="18" hostname="admin" failures="3" tests="4" name="Default test(failed)(failed)" time="60.375" errors="0" timestamp="2019-09-17T12:12:28 IST">
  <testcase classname="com.tetherfi.test.ivr.IntroMessageAnnouncementUITest" name="VerifyIntroMessageAnnouncementAuditTrailDataPage" time="7.127"/>
  <testcase classname="com.tetherfi.test.ivr.IntroMessageAnnouncementUITest" name="VerifyNumberOfItemsPerPageSelection" time="12.78">
    <failure type="java.lang.AssertionError" message="item per page assertion failed did not expect to find [true] but found [false]">
      <![CDATA[java.lang.AssertionError: item per page assertion failed did not expect to find [true] but found [false]
at com.tetherfi.test.ivr.IntroMessageAnnouncementUITest.VerifyNumberOfItemsPerPageSelection(IntroMessageAnnouncementUITest.java:124)
at java.base/java.util.ArrayList.forEach(Unknown Source)
... Removed 30 stack frames]]>
    </failure>
  </testcase> <!-- VerifyNumberOfItemsPerPageSelection -->
  <testcase classname="com.tetherfi.test.ivr.IntroMessageAnnouncementUITest" name="database" time="0.101">
    <failure type="java.lang.NullPointerException">
      <![CDATA[java.lang.NullPointerException
at com.tetherfi.utility.ExcelReader.getTestData(ExcelReader.java:99)
at com.tetherfi.test.ivr.IntroMessageAnnouncementUITest.database(IntroMessageAnnouncementUITest.java:201)
at java.base/java.util.ArrayList.forEach(Unknown Source)
... Removed 27 stack frames]]>
    </failure>
  </testcase> <!-- database -->
  <testcase classname="com.tetherfi.test.ivr.IntroMessageAnnouncementUITest" name="SearchClearSearch" time="3.99">
    <failure type="java.lang.AssertionError" message="invalidsearchwithwrongdata did not expect to find [true] but found [false]">
      <![CDATA[java.lang.AssertionError: invalidsearchwithwrongdata did not expect to find [true] but found [false]
at com.tetherfi.test.ivr.IntroMessageAnnouncementUITest.SearchClearSearch(IntroMessageAnnouncementUITest.java:236)
at java.base/java.util.ArrayList.forEach(Unknown Source)
... Removed 30 stack frames]]>
    </failure>
  </testcase> <!-- SearchClearSearch -->
  <testcase classname="com.tetherfi.test.ivr.IntroMessageAnnouncementUITest" name="ExportToExcelData" time="0.0">
    <ignored/>
  </testcase> <!-- ExportToExcelData -->
  <testcase classname="com.tetherfi.test.ivr.IntroMessageAnnouncementUITest" name="VerifyDragAndDrop" time="0.0">
    <ignored/>
  </testcase> <!-- VerifyDragAndDrop -->
  <testcase classname="com.tetherfi.test.ivr.IntroMessageAnnouncementUITest" name="VerifyColumnsHeaderEnable" time="0.0">
    <ignored/>
  </testcase> <!-- VerifyColumnsHeaderEnable -->
  <testcase classname="com.tetherfi.test.ivr.IntroMessageAnnouncementUITest" name="VerifyArrowMoveForPreviousAndNextPage" time="0.0">
    <ignored/>
  </testcase> <!-- VerifyArrowMoveForPreviousAndNextPage -->
  <testcase classname="com.tetherfi.test.ivr.IntroMessageAnnouncementUITest" name="VerifyIntroMessageAnnouncementApprovedDataPage" time="0.0">
    <ignored/>
  </testcase> <!-- VerifyIntroMessageAnnouncementApprovedDataPage -->
  <testcase classname="com.tetherfi.test.ivr.IntroMessageAnnouncementUITest" name="IntroMessageAnnouncementPage" time="0.0">
    <ignored/>
  </testcase> <!-- IntroMessageAnnouncementPage -->
  <testcase classname="com.tetherfi.test.ivr.IntroMessageAnnouncementUITest" name="SortingByDescending" time="0.0">
    <ignored/>
  </testcase> <!-- SortingByDescending -->
  <testcase classname="com.tetherfi.test.ivr.IntroMessageAnnouncementUITest" name="SortingByAscending" time="0.0">
    <ignored/>
  </testcase> <!-- SortingByAscending -->
  <testcase classname="com.tetherfi.test.ivr.IntroMessageAnnouncementUITest" name="VerifyDragAndDropofAlreadyGroupedHeader" time="0.0">
    <ignored/>
  </testcase> <!-- VerifyDragAndDropofAlreadyGroupedHeader -->
  <testcase classname="com.tetherfi.test.ivr.IntroMessageAnnouncementUITest" name="VerifyTotalNumberOfItemsPerPageDetails" time="0.0">
    <ignored/>
  </testcase> <!-- VerifyTotalNumberOfItemsPerPageDetails -->
  <testcase classname="com.tetherfi.test.ivr.IntroMessageAnnouncementUITest" name="VerifyMakeIntroMessageAnnouncementChangeButton" time="0.0">
    <ignored/>
  </testcase> <!-- VerifyMakeIntroMessageAnnouncementChangeButton -->
  <testcase classname="com.tetherfi.test.ivr.IntroMessageAnnouncementUITest" name="VerifyExportToExcelWithoutData" time="0.0">
    <ignored/>
  </testcase> <!-- VerifyExportToExcelWithoutData -->
  <testcase classname="com.tetherfi.test.ivr.IntroMessageAnnouncementUITest" name="VerifyArrowMoveForFirstAndLastPage" time="0.0">
    <ignored/>
  </testcase> <!-- VerifyArrowMoveForFirstAndLastPage -->
  <testcase classname="com.tetherfi.test.ivr.IntroMessageAnnouncementUITest" name="VerifyColumnsHeaderDisable" time="0.0">
    <ignored/>
  </testcase> <!-- VerifyColumnsHeaderDisable -->
  <testcase classname="com.tetherfi.test.ivr.IntroMessageAnnouncementUITest" name="VerifyDropdownForAllTheColumns" time="0.0">
    <ignored/>
  </testcase> <!-- VerifyDropdownForAllTheColumns -->
  <testcase classname="com.tetherfi.test.ivr.IntroMessageAnnouncementUITest" name="ExportToExcel" time="0.0">
    <ignored/>
  </testcase> <!-- ExportToExcel -->
  <testcase classname="com.tetherfi.test.ivr.IntroMessageAnnouncementUITest" name="searchPage" time="0.0">
    <ignored/>
  </testcase> <!-- searchPage -->
  <testcase classname="com.tetherfi.test.ivr.IntroMessageAnnouncementUITest" name="searchwithoutSearchTextbox" time="0.0">
    <ignored/>
  </testcase> <!-- searchwithoutSearchTextbox -->
</testsuite> <!-- Default test(failed)(failed) -->
