<?xml version="1.0" encoding="UTF-8"?>
<!-- Generated by org.testng.reporters.JUnitXMLReporter -->
<testsuite ignored="34" hostname="admin" failures="0" tests="17" name="Default test(failed)(failed)" time="38.04" errors="0" timestamp="2020-06-08T14:31:34 IST">
  <testcase classname="com.tetherfi.test.BaseTest" name="@BeforeClass openApplication" time="37.701">
    <failure type="org.openqa.selenium.WebDriverException" message="chrome not reachable
  (Session info: chrome=83.0.4103.61)
Build info: version: &amp;apos;3.141.59&amp;apos;, revision: &amp;apos;e82be7d358&amp;apos;, time: &amp;apos;2018-11-14T08:17:03&amp;apos;
System info: host: &amp;apos;ADMIN&amp;apos;, ip: &amp;apos;192.168.1.4&amp;apos;, os.name: &amp;apos;Windows 8.1&amp;apos;, os.arch: &amp;apos;amd64&amp;apos;, os.version: &amp;apos;6.3&amp;apos;, java.version: &amp;apos;9.0.4&amp;apos;
Driver info: org.openqa.selenium.chrome.ChromeDriver
Capabilities {acceptInsecureCerts: false, browserName: chrome, browserVersion: 83.0.4103.61, chrome: {chromedriverVersion: 83.0.4103.39 (ccbf011cb2d2b..., userDataDir: C:\Users\ADMINP~1\AppData\L...}, goog:chromeOptions: {debuggerAddress: localhost:56353}, javascriptEnabled: true, networkConnectionEnabled: false, pageLoadStrategy: normal, platform: WINDOWS, platformName: WINDOWS, proxy: Proxy(), setWindowRect: true, strictFileInteractability: false, timeouts: {implicit: 0, pageLoad: 300000, script: 30000}, unhandledPromptBehavior: dismiss and notify, webauthn:virtualAuthenticators: true}
Session ID: 8468cc1871f1e887737601aedcb6e167">
      <![CDATA[org.openqa.selenium.WebDriverException: chrome not reachable
  (Session info: chrome=83.0.4103.61)
Build info: version: '3.141.59', revision: 'e82be7d358', time: '2018-11-14T08:17:03'
System info: host: 'ADMIN', ip: '192.168.1.4', os.name: 'Windows 8.1', os.arch: 'amd64', os.version: '6.3', java.version: '9.0.4'
Driver info: org.openqa.selenium.chrome.ChromeDriver
Capabilities {acceptInsecureCerts: false, browserName: chrome, browserVersion: 83.0.4103.61, chrome: {chromedriverVersion: 83.0.4103.39 (ccbf011cb2d2b..., userDataDir: C:\Users\ADMINP~1\AppData\L...}, goog:chromeOptions: {debuggerAddress: localhost:56353}, javascriptEnabled: true, networkConnectionEnabled: false, pageLoadStrategy: normal, platform: WINDOWS, platformName: WINDOWS, proxy: Proxy(), setWindowRect: true, strictFileInteractability: false, timeouts: {implicit: 0, pageLoad: 300000, script: 30000}, unhandledPromptBehavior: dismiss and notify, webauthn:virtualAuthenticators: true}
Session ID: 8468cc1871f1e887737601aedcb6e167
at org.openqa.selenium.remote.http.W3CHttpResponseCodec.createException(W3CHttpResponseCodec.java:187)
at org.openqa.selenium.remote.http.W3CHttpResponseCodec.decode(W3CHttpResponseCodec.java:122)
at org.openqa.selenium.remote.http.W3CHttpResponseCodec.decode(W3CHttpResponseCodec.java:49)
at org.openqa.selenium.remote.HttpCommandExecutor.execute(HttpCommandExecutor.java:158)
at org.openqa.selenium.remote.service.DriverCommandExecutor.execute(DriverCommandExecutor.java:83)
at org.openqa.selenium.remote.RemoteWebDriver.execute(RemoteWebDriver.java:552)
at org.openqa.selenium.remote.RemoteWebDriver.execute(RemoteWebDriver.java:609)
at org.openqa.selenium.remote.RemoteWebDriver.close(RemoteWebDriver.java:442)
at com.tetherfi.test.BaseTest.openApplication(BaseTest.java:42)
at java.base/java.util.ArrayList.forEach(Unknown Source)
... Removed 29 stack frames]]>
    </failure>
  </testcase> <!-- @BeforeClass openApplication -->
  <testcase classname="com.tetherfi.test.BaseTest" name="@BeforeMethod startTestCase" time="-1.591606893668E9">
    <skipped/>
  </testcase> <!-- @BeforeMethod startTestCase -->
  <testcase classname="com.tetherfi.test.reports.OCMChatbotInteractionreportTest" name="@BeforeMethod NavigateToOcmReportsPage" time="-1.591606893671E9">
    <skipped/>
  </testcase> <!-- @BeforeMethod NavigateToOcmReportsPage -->
  <testcase classname="com.tetherfi.test.reports.OCMChatbotInteractionreportTest" name="@AfterMethod afterEachMethod" time="-1.591606893679E9">
    <skipped/>
  </testcase> <!-- @AfterMethod afterEachMethod -->
  <testcase classname="com.tetherfi.test.BaseTest" name="@AfterMethod endTestCase" time="-1.591606893683E9">
    <skipped/>
  </testcase> <!-- @AfterMethod endTestCase -->
  <testcase classname="com.tetherfi.test.BaseTest" name="@BeforeMethod startTestCase" time="-1.59160689369E9">
    <skipped/>
  </testcase> <!-- @BeforeMethod startTestCase -->
  <testcase classname="com.tetherfi.test.reports.OCMChatbotInteractionreportTest" name="@BeforeMethod NavigateToOcmReportsPage" time="-1.591606893693E9">
    <skipped/>
  </testcase> <!-- @BeforeMethod NavigateToOcmReportsPage -->
  <testcase classname="com.tetherfi.test.reports.OCMChatbotInteractionreportTest" name="@AfterMethod afterEachMethod" time="-1.591606893717E9">
    <skipped/>
  </testcase> <!-- @AfterMethod afterEachMethod -->
  <testcase classname="com.tetherfi.test.BaseTest" name="@AfterMethod endTestCase" time="-1.591606893722E9">
    <skipped/>
  </testcase> <!-- @AfterMethod endTestCase -->
  <testcase classname="com.tetherfi.test.BaseTest" name="@BeforeMethod startTestCase" time="-1.591606893732E9">
    <skipped/>
  </testcase> <!-- @BeforeMethod startTestCase -->
  <testcase classname="com.tetherfi.test.reports.OCMChatbotInteractionreportTest" name="@BeforeMethod NavigateToOcmReportsPage" time="-1.591606893733E9">
    <skipped/>
  </testcase> <!-- @BeforeMethod NavigateToOcmReportsPage -->
  <testcase classname="com.tetherfi.test.reports.OCMChatbotInteractionreportTest" name="@AfterMethod afterEachMethod" time="-1.591606893739E9">
    <skipped/>
  </testcase> <!-- @AfterMethod afterEachMethod -->
  <testcase classname="com.tetherfi.test.BaseTest" name="@AfterMethod endTestCase" time="-1.59160689374E9">
    <skipped/>
  </testcase> <!-- @AfterMethod endTestCase -->
  <testcase classname="com.tetherfi.test.BaseTest" name="@BeforeMethod startTestCase" time="-1.591606893742E9">
    <skipped/>
  </testcase> <!-- @BeforeMethod startTestCase -->
  <testcase classname="com.tetherfi.test.reports.OCMChatbotInteractionreportTest" name="@BeforeMethod NavigateToOcmReportsPage" time="-1.591606893744E9">
    <skipped/>
  </testcase> <!-- @BeforeMethod NavigateToOcmReportsPage -->
  <testcase classname="com.tetherfi.test.reports.OCMChatbotInteractionreportTest" name="@AfterMethod afterEachMethod" time="-1.591606893749E9">
    <skipped/>
  </testcase> <!-- @AfterMethod afterEachMethod -->
  <testcase classname="com.tetherfi.test.BaseTest" name="@AfterMethod endTestCase" time="-1.59160689375E9">
    <skipped/>
  </testcase> <!-- @AfterMethod endTestCase -->
  <testcase classname="com.tetherfi.test.BaseTest" name="@BeforeMethod startTestCase" time="-1.591606893753E9">
    <skipped/>
  </testcase> <!-- @BeforeMethod startTestCase -->
  <testcase classname="com.tetherfi.test.reports.OCMChatbotInteractionreportTest" name="@BeforeMethod NavigateToOcmReportsPage" time="-1.591606893754E9">
    <skipped/>
  </testcase> <!-- @BeforeMethod NavigateToOcmReportsPage -->
  <testcase classname="com.tetherfi.test.reports.OCMChatbotInteractionreportTest" name="@AfterMethod afterEachMethod" time="-1.59160689376E9">
    <skipped/>
  </testcase> <!-- @AfterMethod afterEachMethod -->
  <testcase classname="com.tetherfi.test.BaseTest" name="@AfterMethod endTestCase" time="-1.591606893763E9">
    <skipped/>
  </testcase> <!-- @AfterMethod endTestCase -->
  <testcase classname="com.tetherfi.test.BaseTest" name="@BeforeMethod startTestCase" time="-1.59160689378E9">
    <skipped/>
  </testcase> <!-- @BeforeMethod startTestCase -->
  <testcase classname="com.tetherfi.test.reports.OCMChatbotInteractionreportTest" name="@BeforeMethod NavigateToOcmReportsPage" time="-1.591606893782E9">
    <skipped/>
  </testcase> <!-- @BeforeMethod NavigateToOcmReportsPage -->
  <testcase classname="com.tetherfi.test.reports.OCMChatbotInteractionreportTest" name="@AfterMethod afterEachMethod" time="-1.591606893805E9">
    <skipped/>
  </testcase> <!-- @AfterMethod afterEachMethod -->
  <testcase classname="com.tetherfi.test.BaseTest" name="@AfterMethod endTestCase" time="-1.591606893808E9">
    <skipped/>
  </testcase> <!-- @AfterMethod endTestCase -->
  <testcase classname="com.tetherfi.test.BaseTest" name="@BeforeMethod startTestCase" time="-1.591606893824E9">
    <skipped/>
  </testcase> <!-- @BeforeMethod startTestCase -->
  <testcase classname="com.tetherfi.test.reports.OCMChatbotInteractionreportTest" name="@BeforeMethod NavigateToOcmReportsPage" time="-1.591606893825E9">
    <skipped/>
  </testcase> <!-- @BeforeMethod NavigateToOcmReportsPage -->
  <testcase classname="com.tetherfi.test.reports.OCMChatbotInteractionreportTest" name="@AfterMethod afterEachMethod" time="-1.591606893836E9">
    <skipped/>
  </testcase> <!-- @AfterMethod afterEachMethod -->
  <testcase classname="com.tetherfi.test.BaseTest" name="@AfterMethod endTestCase" time="-1.591606893837E9">
    <skipped/>
  </testcase> <!-- @AfterMethod endTestCase -->
  <testcase classname="com.tetherfi.test.BaseTest" name="@BeforeMethod startTestCase" time="-1.591606893839E9">
    <skipped/>
  </testcase> <!-- @BeforeMethod startTestCase -->
  <testcase classname="com.tetherfi.test.reports.OCMChatbotInteractionreportTest" name="@BeforeMethod NavigateToOcmReportsPage" time="-1.591606893841E9">
    <skipped/>
  </testcase> <!-- @BeforeMethod NavigateToOcmReportsPage -->
  <testcase classname="com.tetherfi.test.reports.OCMChatbotInteractionreportTest" name="@AfterMethod afterEachMethod" time="-1.591606893845E9">
    <skipped/>
  </testcase> <!-- @AfterMethod afterEachMethod -->
  <testcase classname="com.tetherfi.test.BaseTest" name="@AfterMethod endTestCase" time="-1.591606893846E9">
    <skipped/>
  </testcase> <!-- @AfterMethod endTestCase -->
  <testcase classname="com.tetherfi.test.BaseTest" name="@BeforeMethod startTestCase" time="-1.59160689385E9">
    <skipped/>
  </testcase> <!-- @BeforeMethod startTestCase -->
  <testcase classname="com.tetherfi.test.reports.OCMChatbotInteractionreportTest" name="@BeforeMethod NavigateToOcmReportsPage" time="-1.591606893851E9">
    <skipped/>
  </testcase> <!-- @BeforeMethod NavigateToOcmReportsPage -->
  <testcase classname="com.tetherfi.test.reports.OCMChatbotInteractionreportTest" name="@AfterMethod afterEachMethod" time="-1.591606893855E9">
    <skipped/>
  </testcase> <!-- @AfterMethod afterEachMethod -->
  <testcase classname="com.tetherfi.test.BaseTest" name="@AfterMethod endTestCase" time="-1.591606893856E9">
    <skipped/>
  </testcase> <!-- @AfterMethod endTestCase -->
  <testcase classname="com.tetherfi.test.BaseTest" name="@BeforeMethod startTestCase" time="-1.591606893858E9">
    <skipped/>
  </testcase> <!-- @BeforeMethod startTestCase -->
  <testcase classname="com.tetherfi.test.reports.OCMChatbotInteractionreportTest" name="@BeforeMethod NavigateToOcmReportsPage" time="-1.59160689386E9">
    <skipped/>
  </testcase> <!-- @BeforeMethod NavigateToOcmReportsPage -->
  <testcase classname="com.tetherfi.test.reports.OCMChatbotInteractionreportTest" name="@AfterMethod afterEachMethod" time="-1.591606893864E9">
    <skipped/>
  </testcase> <!-- @AfterMethod afterEachMethod -->
  <testcase classname="com.tetherfi.test.BaseTest" name="@AfterMethod endTestCase" time="-1.591606893865E9">
    <skipped/>
  </testcase> <!-- @AfterMethod endTestCase -->
  <testcase classname="com.tetherfi.test.BaseTest" name="@BeforeMethod startTestCase" time="-1.591606893867E9">
    <skipped/>
  </testcase> <!-- @BeforeMethod startTestCase -->
  <testcase classname="com.tetherfi.test.reports.OCMChatbotInteractionreportTest" name="@BeforeMethod NavigateToOcmReportsPage" time="-1.591606893868E9">
    <skipped/>
  </testcase> <!-- @BeforeMethod NavigateToOcmReportsPage -->
  <testcase classname="com.tetherfi.test.reports.OCMChatbotInteractionreportTest" name="@AfterMethod afterEachMethod" time="-1.591606893872E9">
    <skipped/>
  </testcase> <!-- @AfterMethod afterEachMethod -->
  <testcase classname="com.tetherfi.test.BaseTest" name="@AfterMethod endTestCase" time="-1.591606893874E9">
    <skipped/>
  </testcase> <!-- @AfterMethod endTestCase -->
  <testcase classname="com.tetherfi.test.BaseTest" name="@BeforeMethod startTestCase" time="-1.591606893876E9">
    <skipped/>
  </testcase> <!-- @BeforeMethod startTestCase -->
  <testcase classname="com.tetherfi.test.reports.OCMChatbotInteractionreportTest" name="@BeforeMethod NavigateToOcmReportsPage" time="-1.591606893878E9">
    <skipped/>
  </testcase> <!-- @BeforeMethod NavigateToOcmReportsPage -->
  <testcase classname="com.tetherfi.test.reports.OCMChatbotInteractionreportTest" name="@AfterMethod afterEachMethod" time="-1.591606893882E9">
    <skipped/>
  </testcase> <!-- @AfterMethod afterEachMethod -->
  <testcase classname="com.tetherfi.test.BaseTest" name="@AfterMethod endTestCase" time="-1.591606893886E9">
    <skipped/>
  </testcase> <!-- @AfterMethod endTestCase -->
  <testcase classname="com.tetherfi.test.BaseTest" name="@AfterClass tearDown" time="-1.591606893888E9">
    <skipped/>
  </testcase> <!-- @AfterClass tearDown -->
  <testcase classname="com.tetherfi.test.reports.OCMChatbotInteractionreportTest" name="VerifyViewDownloadedOcmChatbotInteractionReportInReportsDownloadPage" time="0.0">
    <skipped/>
  </testcase> <!-- VerifyViewDownloadedOcmChatbotInteractionReportInReportsDownloadPage -->
  <testcase classname="com.tetherfi.test.reports.OCMChatbotInteractionreportTest" name="ExportChatbotInteractionReportDateRange" time="0.0">
    <skipped/>
  </testcase> <!-- ExportChatbotInteractionReportDateRange -->
  <testcase classname="com.tetherfi.test.reports.OCMChatbotInteractionreportTest" name="ViewDownloadedChatbotInteractionReportInReportsDownloadPageDateRange" time="0.0">
    <skipped/>
  </testcase> <!-- ViewDownloadedChatbotInteractionReportInReportsDownloadPageDateRange -->
  <testcase classname="com.tetherfi.test.reports.OCMChatbotInteractionreportTest" name="VerifyViewDownloadedOcmChatbotInteractionReportInReportsDownloadDateRangePage" time="0.0">
    <skipped/>
  </testcase> <!-- VerifyViewDownloadedOcmChatbotInteractionReportInReportsDownloadDateRangePage -->
  <testcase classname="com.tetherfi.test.reports.OCMChatbotInteractionreportTest" name="DeleteWithoutDeleteReasonRecordinReportsDownload" time="0.0">
    <skipped/>
  </testcase> <!-- DeleteWithoutDeleteReasonRecordinReportsDownload -->
  <testcase classname="com.tetherfi.test.reports.OCMChatbotInteractionreportTest" name="DeleteRecord" time="0.0">
    <skipped/>
  </testcase> <!-- DeleteRecord -->
  <testcase classname="com.tetherfi.test.reports.OCMChatbotInteractionreportTest" name="ExportPage" time="0.0">
    <skipped/>
  </testcase> <!-- ExportPage -->
  <testcase classname="com.tetherfi.test.reports.OCMChatbotInteractionreportTest" name="VerifyExportedPage" time="0.0">
    <skipped/>
  </testcase> <!-- VerifyExportedPage -->
  <testcase classname="com.tetherfi.test.reports.OCMChatbotInteractionreportTest" name="ExportToExcelForChatbotInteractionReport" time="0.0">
    <skipped/>
  </testcase> <!-- ExportToExcelForChatbotInteractionReport -->
  <testcase classname="com.tetherfi.test.reports.OCMChatbotInteractionreportTest" name="ViewDownloadedChatbotInteractionReportInReportsDownloadPageinChatbotInteractionPg" time="0.0">
    <skipped/>
  </testcase> <!-- ViewDownloadedChatbotInteractionReportInReportsDownloadPageinChatbotInteractionPg -->
  <testcase classname="com.tetherfi.test.reports.OCMChatbotInteractionreportTest" name="VerifyViewDownloadedOcmChatbotInteractionReportInReportsDownload" time="0.0">
    <skipped/>
  </testcase> <!-- VerifyViewDownloadedOcmChatbotInteractionReportInReportsDownload -->
  <testcase classname="com.tetherfi.test.reports.OCMChatbotInteractionreportTest" name="VerifySearchByFeatureForChatbotInteractionReport" time="0.0">
    <skipped/>
  </testcase> <!-- VerifySearchByFeatureForChatbotInteractionReport -->
  <testcase classname="com.tetherfi.test.reports.OCMChatbotInteractionreportTest" name="VerifySearchEqualsFeatureForChatbotInteractionReport" time="0.0">
    <skipped/>
  </testcase> <!-- VerifySearchEqualsFeatureForChatbotInteractionReport -->
  <testcase classname="com.tetherfi.test.reports.OCMChatbotInteractionreportTest" name="VerifySearchIsNotEqualTo" time="0.0">
    <skipped/>
  </testcase> <!-- VerifySearchIsNotEqualTo -->
  <testcase classname="com.tetherfi.test.reports.OCMChatbotInteractionreportTest" name="VerifySearchEndsWith" time="0.0">
    <skipped/>
  </testcase> <!-- VerifySearchEndsWith -->
  <testcase classname="com.tetherfi.test.reports.OCMChatbotInteractionreportTest" name="verifyAdvancedSearchinreportpage" time="0.0">
    <skipped/>
  </testcase> <!-- verifyAdvancedSearchinreportpage -->
  <testcase classname="com.tetherfi.test.reports.OCMChatbotInteractionreportTest" name="VerifySorting" time="0.0">
    <skipped/>
  </testcase> <!-- VerifySorting -->
  <testcase classname="com.tetherfi.test.reports.OCMChatbotInteractionreportTest" name="verifyAdvancedSearchinreportpageSearchNotEqualTo" time="0.0">
    <ignored/>
  </testcase> <!-- verifyAdvancedSearchinreportpageSearchNotEqualTo -->
  <testcase classname="com.tetherfi.test.reports.OCMChatbotInteractionreportTest" name="verifyAdvancedSearchORCriteria" time="0.0">
    <ignored/>
  </testcase> <!-- verifyAdvancedSearchORCriteria -->
  <testcase classname="com.tetherfi.test.reports.OCMChatbotInteractionreportTest" name="database" time="0.0">
    <ignored/>
  </testcase> <!-- database -->
  <testcase classname="com.tetherfi.test.reports.OCMChatbotInteractionreportTest" name="ScheduleChatbotInteractionReportforDateRange" time="0.0">
    <ignored/>
  </testcase> <!-- ScheduleChatbotInteractionReportforDateRange -->
  <testcase classname="com.tetherfi.test.reports.OCMChatbotInteractionreportTest" name="ShowChatbotInteractionReportInNewTab" time="0.0">
    <ignored/>
  </testcase> <!-- ShowChatbotInteractionReportInNewTab -->
  <testcase classname="com.tetherfi.test.reports.OCMChatbotInteractionreportTest" name="ShowChatbotInteractionReportForDateRange" time="0.0">
    <ignored/>
  </testcase> <!-- ShowChatbotInteractionReportForDateRange -->
  <testcase classname="com.tetherfi.test.reports.OCMChatbotInteractionreportTest" name="VerifyArrowMoveForFirstAndLastPage" time="0.0">
    <ignored/>
  </testcase> <!-- VerifyArrowMoveForFirstAndLastPage -->
  <testcase classname="com.tetherfi.test.reports.OCMChatbotInteractionreportTest" name="verifyAdvancedSearchinreportpageSearchStartswith" time="0.0">
    <ignored/>
  </testcase> <!-- verifyAdvancedSearchinreportpageSearchStartswith -->
  <testcase classname="com.tetherfi.test.reports.OCMChatbotInteractionreportTest" name="ShowOCMChatbotInteractionReport" time="0.0">
    <ignored/>
  </testcase> <!-- ShowOCMChatbotInteractionReport -->
  <testcase classname="com.tetherfi.test.reports.OCMChatbotInteractionreportTest" name="ExportChatbotInteractionReport" time="0.0">
    <ignored/>
  </testcase> <!-- ExportChatbotInteractionReport -->
  <testcase classname="com.tetherfi.test.reports.OCMChatbotInteractionreportTest" name="ScheduleOCMChatbotInteractionReport" time="0.0">
    <ignored/>
  </testcase> <!-- ScheduleOCMChatbotInteractionReport -->
  <testcase classname="com.tetherfi.test.reports.OCMChatbotInteractionreportTest" name="SchedulereportinChatbotInteractionPage" time="0.0">
    <ignored/>
  </testcase> <!-- SchedulereportinChatbotInteractionPage -->
  <testcase classname="com.tetherfi.test.reports.OCMChatbotInteractionreportTest" name="verifyAdvancedSearchinreportpageSearchEndswith" time="0.0">
    <ignored/>
  </testcase> <!-- verifyAdvancedSearchinreportpageSearchEndswith -->
  <testcase classname="com.tetherfi.test.reports.OCMChatbotInteractionreportTest" name="SearchClearSearch" time="0.0">
    <ignored/>
  </testcase> <!-- SearchClearSearch -->
  <testcase classname="com.tetherfi.test.reports.OCMChatbotInteractionreportTest" name="VerifyColumnsHeaderEnable" time="0.0">
    <ignored/>
  </testcase> <!-- VerifyColumnsHeaderEnable -->
  <testcase classname="com.tetherfi.test.reports.OCMChatbotInteractionreportTest" name="verifyAdvancedSearchAndCriteria" time="0.0">
    <ignored/>
  </testcase> <!-- verifyAdvancedSearchAndCriteria -->
  <testcase classname="com.tetherfi.test.reports.OCMChatbotInteractionreportTest" name="ClearAll" time="0.0">
    <ignored/>
  </testcase> <!-- ClearAll -->
  <testcase classname="com.tetherfi.test.reports.OCMChatbotInteractionreportTest" name="OCMWindow" time="0.0">
    <ignored/>
  </testcase> <!-- OCMWindow -->
  <testcase classname="com.tetherfi.test.reports.OCMChatbotInteractionreportTest" name="ViewDownloadedChatbotInteractionReportInReportsDownloadPage" time="0.0">
    <ignored/>
  </testcase> <!-- ViewDownloadedChatbotInteractionReportInReportsDownloadPage -->
  <testcase classname="com.tetherfi.test.reports.OCMChatbotInteractionreportTest" name="VerifyColumnsHeaderDisable" time="0.0">
    <ignored/>
  </testcase> <!-- VerifyColumnsHeaderDisable -->
  <testcase classname="com.tetherfi.test.reports.OCMChatbotInteractionreportTest" name="VerifyTotalNumberOfItemsPerPageDetails" time="0.0">
    <ignored/>
  </testcase> <!-- VerifyTotalNumberOfItemsPerPageDetails -->
  <testcase classname="com.tetherfi.test.reports.OCMChatbotInteractionreportTest" name="VerifySearchDoesNotContains" time="0.0">
    <ignored/>
  </testcase> <!-- VerifySearchDoesNotContains -->
  <testcase classname="com.tetherfi.test.reports.OCMChatbotInteractionreportTest" name="searchwithoutSearchTextbox" time="0.0">
    <ignored/>
  </testcase> <!-- searchwithoutSearchTextbox -->
  <testcase classname="com.tetherfi.test.reports.OCMChatbotInteractionreportTest" name="VerifyCancelBtnAtReportsDownload" time="0.0">
    <ignored/>
  </testcase> <!-- VerifyCancelBtnAtReportsDownload -->
  <testcase classname="com.tetherfi.test.reports.OCMChatbotInteractionreportTest" name="GroupBy" time="0.0">
    <ignored/>
  </testcase> <!-- GroupBy -->
  <testcase classname="com.tetherfi.test.reports.OCMChatbotInteractionreportTest" name="verifyAdvancedSearchinreportpageSearchcontains" time="0.0">
    <ignored/>
  </testcase> <!-- verifyAdvancedSearchinreportpageSearchcontains -->
  <testcase classname="com.tetherfi.test.reports.OCMChatbotInteractionreportTest" name="ClearfiltersAdvSrch" time="0.0">
    <ignored/>
  </testcase> <!-- ClearfiltersAdvSrch -->
  <testcase classname="com.tetherfi.test.reports.OCMChatbotInteractionreportTest" name="VerifyArrowMoveForPreviousAndNextPage" time="0.0">
    <ignored/>
  </testcase> <!-- VerifyArrowMoveForPreviousAndNextPage -->
  <testcase classname="com.tetherfi.test.reports.OCMChatbotInteractionreportTest" name="VerifySearchStartsWith" time="0.0">
    <ignored/>
  </testcase> <!-- VerifySearchStartsWith -->
  <testcase classname="com.tetherfi.test.reports.OCMChatbotInteractionreportTest" name="verifyAdvancedSearchinreportpageSearchDoesnotcontains" time="0.0">
    <ignored/>
  </testcase> <!-- verifyAdvancedSearchinreportpageSearchDoesnotcontains -->
  <testcase classname="com.tetherfi.test.reports.OCMChatbotInteractionreportTest" name="ShowChatbotInteractionReportInNewTabDateRange" time="0.0">
    <ignored/>
  </testcase> <!-- ShowChatbotInteractionReportInNewTabDateRange -->
  <testcase classname="com.tetherfi.test.reports.OCMChatbotInteractionreportTest" name="VerifyDropdownForAllTheColumns" time="0.0">
    <ignored/>
  </testcase> <!-- VerifyDropdownForAllTheColumns -->
  <testcase classname="com.tetherfi.test.reports.OCMChatbotInteractionreportTest" name="VerifyNumberOfItemsPerPageSelection" time="0.0">
    <ignored/>
  </testcase> <!-- VerifyNumberOfItemsPerPageSelection -->
  <testcase classname="com.tetherfi.test.reports.OCMChatbotInteractionreportTest" name="VerifySearchContains" time="0.0">
    <ignored/>
  </testcase> <!-- VerifySearchContains -->
</testsuite> <!-- Default test(failed)(failed) -->
