<?xml version="1.0" encoding="UTF-8"?>
<!-- Generated by org.testng.reporters.JUnitXMLReporter -->
<testsuite hostname="TTF-BLR-SANTOSHKOUJALAGI" ignored="6" name="Default test(failed)(failed)" tests="2" failures="0" timestamp="2021-09-05T21:17:06 IST" time="130.161" errors="0">
  <testcase name="verifyAdvancedSearchcontains" time="36.861" classname="com.tetherfi.test.reports.OCMAgentInteractionReportTest"/>
  <testcase name="verifyAdvancedSearchStartswith" time="50.475" classname="com.tetherfi.test.reports.OCMAgentInteractionReportTest"/>
  <testcase name="verifyAdvancedSearchORCriteria" time="0.0" classname="com.tetherfi.test.reports.OCMAgentInteractionReportTest">
    <ignored/>
  </testcase> <!-- verifyAdvancedSearchORCriteria -->
  <testcase name="verifyAdvancedSearchDoesnotcontains" time="0.0" classname="com.tetherfi.test.reports.OCMAgentInteractionReportTest">
    <ignored/>
  </testcase> <!-- verifyAdvancedSearchDoesnotcontains -->
  <testcase name="verifyAdvancedSearchANDCriteria" time="0.0" classname="com.tetherfi.test.reports.OCMAgentInteractionReportTest">
    <ignored/>
  </testcase> <!-- verifyAdvancedSearchANDCriteria -->
  <testcase name="verifyAdvancedSearchNotEqualTo" time="0.0" classname="com.tetherfi.test.reports.OCMAgentInteractionReportTest">
    <ignored/>
  </testcase> <!-- verifyAdvancedSearchNotEqualTo -->
  <testcase name="verifyAdvancedSearchEndswith" time="0.0" classname="com.tetherfi.test.reports.OCMAgentInteractionReportTest">
    <ignored/>
  </testcase> <!-- verifyAdvancedSearchEndswith -->
  <testcase name="verifyAdvancedSearchinreportpage" time="0.0" classname="com.tetherfi.test.reports.OCMAgentInteractionReportTest">
    <ignored/>
  </testcase> <!-- verifyAdvancedSearchinreportpage -->
</testsuite> <!-- Default test(failed)(failed) -->
