<?xml version="1.0" encoding="UTF-8"?>
<!-- Generated by org.testng.reporters.JUnitXMLReporter -->
<testsuite ignored="43" hostname="DESKTOP-O6A5C2O" failures="9" tests="11" name="Default test(failed)(failed)" time="263.936" errors="0" timestamp="2019-12-09T12:36:30 IST">
  <testcase classname="com.tetherfi.test.ExportSchedulerTest" name="AddExportSchedulerDailyRecord" time="7.982">
    <failure type="java.lang.AssertionError" message="Add New record assertion failed expected [Record Created Successfully] but found [Record successfully created]">
      <![CDATA[java.lang.AssertionError: Add New record assertion failed expected [Record Created Successfully] but found [Record successfully created]
at com.tetherfi.test.ExportSchedulerTest.AddExportSchedulerDailyRecord(ExportSchedulerTest.java:71)
at java.base/java.util.ArrayList.forEach(Unknown Source)
... Removed 31 stack frames]]>
    </failure>
  </testcase> <!-- AddExportSchedulerDailyRecord -->
  <testcase classname="com.tetherfi.test.ExportSchedulerTest" name="DuplicateRecord" time="6.875">
    <failure type="java.lang.AssertionError" message="Duplicate record assertion failed expected [Report Scheduler already exists] but found [Record already exists]">
      <![CDATA[java.lang.AssertionError: Duplicate record assertion failed expected [Report Scheduler already exists] but found [Record already exists]
at com.tetherfi.test.ExportSchedulerTest.DuplicateRecord(ExportSchedulerTest.java:96)
at java.base/java.util.ArrayList.forEach(Unknown Source)
... Removed 31 stack frames]]>
    </failure>
  </testcase> <!-- DuplicateRecord -->
  <testcase classname="com.tetherfi.test.ExportSchedulerTest" name="AddExportSchedulerWeeklyRecord" time="8.158">
    <failure type="java.lang.AssertionError" message="Add New record assertion failed expected [Record Created Successfully] but found [Record successfully created]">
      <![CDATA[java.lang.AssertionError: Add New record assertion failed expected [Record Created Successfully] but found [Record successfully created]
at com.tetherfi.test.ExportSchedulerTest.AddExportSchedulerWeeklyRecord(ExportSchedulerTest.java:106)
at java.base/java.util.ArrayList.forEach(Unknown Source)
... Removed 31 stack frames]]>
    </failure>
  </testcase> <!-- AddExportSchedulerWeeklyRecord -->
  <testcase classname="com.tetherfi.test.ExportSchedulerTest" name="AddExportSchedulerMonthlyRecord" time="9.415"/>
  <testcase classname="com.tetherfi.test.ExportSchedulerTest" name="AddExportSchedulerCustomDailyRecord" time="7.336"/>
  <testcase classname="com.tetherfi.test.ExportSchedulerTest" name="AddRecordWithoutName" time="21.762">
    <failure type="org.openqa.selenium.TimeoutException" message="Expected condition failed: waiting for visibility of [[ChromeDriver: chrome on XP (0b31bbec74008afc224f939e37a6aa83)] -&amp;gt; css selector: ul[id=&amp;apos;Report_listbox&amp;apos;] li] (tried for 20 second(s) with 500 milliseconds interval)
Build info: version: &amp;apos;3.141.59&amp;apos;, revision: &amp;apos;e82be7d358&amp;apos;, time: &amp;apos;2018-11-14T08:17:03&amp;apos;
System info: host: &amp;apos;DESKTOP-O6A5C2O&amp;apos;, ip: &amp;apos;10.0.75.1&amp;apos;, os.name: &amp;apos;Windows 10&amp;apos;, os.arch: &amp;apos;amd64&amp;apos;, os.version: &amp;apos;10.0&amp;apos;, java.version: &amp;apos;9.0.4&amp;apos;
Driver info: org.openqa.selenium.chrome.ChromeDriver
Capabilities {acceptInsecureCerts: false, browserName: chrome, browserVersion: 78.0.3904.108, chrome: {chromedriverVersion: 78.0.3904.70 (edb9c9f3de024..., userDataDir: C:\Users\admin\AppData\Loca...}, goog:chromeOptions: {debuggerAddress: localhost:56841}, javascriptEnabled: true, networkConnectionEnabled: false, pageLoadStrategy: normal, platform: XP, platformName: XP, proxy: Proxy(), setWindowRect: true, strictFileInteractability: false, timeouts: {implicit: 0, pageLoad: 300000, script: 30000}, unhandledPromptBehavior: dismiss and notify}
Session ID: 0b31bbec74008afc224f939e37a6aa83">
      <![CDATA[org.openqa.selenium.TimeoutException: Expected condition failed: waiting for visibility of [[ChromeDriver: chrome on XP (0b31bbec74008afc224f939e37a6aa83)] -> css selector: ul[id='Report_listbox'] li] (tried for 20 second(s) with 500 milliseconds interval)
Build info: version: '3.141.59', revision: 'e82be7d358', time: '2018-11-14T08:17:03'
System info: host: 'DESKTOP-O6A5C2O', ip: '10.0.75.1', os.name: 'Windows 10', os.arch: 'amd64', os.version: '10.0', java.version: '9.0.4'
Driver info: org.openqa.selenium.chrome.ChromeDriver
Capabilities {acceptInsecureCerts: false, browserName: chrome, browserVersion: 78.0.3904.108, chrome: {chromedriverVersion: 78.0.3904.70 (edb9c9f3de024..., userDataDir: C:\Users\admin\AppData\Loca...}, goog:chromeOptions: {debuggerAddress: localhost:56841}, javascriptEnabled: true, networkConnectionEnabled: false, pageLoadStrategy: normal, platform: XP, platformName: XP, proxy: Proxy(), setWindowRect: true, strictFileInteractability: false, timeouts: {implicit: 0, pageLoad: 300000, script: 30000}, unhandledPromptBehavior: dismiss and notify}
Session ID: 0b31bbec74008afc224f939e37a6aa83
at org.openqa.selenium.support.ui.WebDriverWait.timeoutException(WebDriverWait.java:95)
at org.openqa.selenium.support.ui.FluentWait.until(FluentWait.java:272)
at com.tetherfi.pages.BasePage.waitUntilWebElementListIsVisible(BasePage.java:139)
at com.tetherfi.pages.BasePage.selectDropdownFromVisibleText(BasePage.java:335)
at com.tetherfi.pages.ExportSchedulerPage.addNewRecordWithoutName(ExportSchedulerPage.java:926)
at com.tetherfi.test.ExportSchedulerTest.AddRecordWithoutName(ExportSchedulerTest.java:187)
at java.base/java.util.ArrayList.forEach(Unknown Source)
... Removed 27 stack frames]]>
    </failure>
  </testcase> <!-- AddRecordWithoutName -->
  <testcase classname="com.tetherfi.test.ExportSchedulerTest" name="EditWithoutModifyReasonRecord" time="27.0">
    <failure type="org.openqa.selenium.TimeoutException" message="Expected condition failed: waiting for visibility of [[ChromeDriver: chrome on XP (0b31bbec74008afc224f939e37a6aa83)] -&amp;gt; css selector: ul[id=&amp;apos;Report_listbox&amp;apos;] li] (tried for 20 second(s) with 500 milliseconds interval)
Build info: version: &amp;apos;3.141.59&amp;apos;, revision: &amp;apos;e82be7d358&amp;apos;, time: &amp;apos;2018-11-14T08:17:03&amp;apos;
System info: host: &amp;apos;DESKTOP-O6A5C2O&amp;apos;, ip: &amp;apos;10.0.75.1&amp;apos;, os.name: &amp;apos;Windows 10&amp;apos;, os.arch: &amp;apos;amd64&amp;apos;, os.version: &amp;apos;10.0&amp;apos;, java.version: &amp;apos;9.0.4&amp;apos;
Driver info: org.openqa.selenium.chrome.ChromeDriver
Capabilities {acceptInsecureCerts: false, browserName: chrome, browserVersion: 78.0.3904.108, chrome: {chromedriverVersion: 78.0.3904.70 (edb9c9f3de024..., userDataDir: C:\Users\admin\AppData\Loca...}, goog:chromeOptions: {debuggerAddress: localhost:56841}, javascriptEnabled: true, networkConnectionEnabled: false, pageLoadStrategy: normal, platform: XP, platformName: XP, proxy: Proxy(), setWindowRect: true, strictFileInteractability: false, timeouts: {implicit: 0, pageLoad: 300000, script: 30000}, unhandledPromptBehavior: dismiss and notify}
Session ID: 0b31bbec74008afc224f939e37a6aa83">
      <![CDATA[org.openqa.selenium.TimeoutException: Expected condition failed: waiting for visibility of [[ChromeDriver: chrome on XP (0b31bbec74008afc224f939e37a6aa83)] -> css selector: ul[id='Report_listbox'] li] (tried for 20 second(s) with 500 milliseconds interval)
Build info: version: '3.141.59', revision: 'e82be7d358', time: '2018-11-14T08:17:03'
System info: host: 'DESKTOP-O6A5C2O', ip: '10.0.75.1', os.name: 'Windows 10', os.arch: 'amd64', os.version: '10.0', java.version: '9.0.4'
Driver info: org.openqa.selenium.chrome.ChromeDriver
Capabilities {acceptInsecureCerts: false, browserName: chrome, browserVersion: 78.0.3904.108, chrome: {chromedriverVersion: 78.0.3904.70 (edb9c9f3de024..., userDataDir: C:\Users\admin\AppData\Loca...}, goog:chromeOptions: {debuggerAddress: localhost:56841}, javascriptEnabled: true, networkConnectionEnabled: false, pageLoadStrategy: normal, platform: XP, platformName: XP, proxy: Proxy(), setWindowRect: true, strictFileInteractability: false, timeouts: {implicit: 0, pageLoad: 300000, script: 30000}, unhandledPromptBehavior: dismiss and notify}
Session ID: 0b31bbec74008afc224f939e37a6aa83
at org.openqa.selenium.support.ui.WebDriverWait.timeoutException(WebDriverWait.java:95)
at org.openqa.selenium.support.ui.FluentWait.until(FluentWait.java:272)
at com.tetherfi.pages.BasePage.waitUntilWebElementListIsVisible(BasePage.java:139)
at com.tetherfi.pages.BasePage.selectDropdownFromVisibleText(BasePage.java:335)
at com.tetherfi.pages.ExportSchedulerPage.editexportSchedulerRecordWithoutModifyReason(ExportSchedulerPage.java:840)
at com.tetherfi.test.ExportSchedulerTest.EditWithoutModifyReasonRecord(ExportSchedulerTest.java:288)
at java.base/java.util.ArrayList.forEach(Unknown Source)
... Removed 27 stack frames]]>
    </failure>
  </testcase> <!-- EditWithoutModifyReasonRecord -->
  <testcase classname="com.tetherfi.test.ExportSchedulerTest" name="EditExportSchedulerRecord" time="10.665">
    <failure type="java.lang.AssertionError" message="Edit record assertion failed expected [Record successfully updated] but found [Record updated successfully]">
      <![CDATA[java.lang.AssertionError: Edit record assertion failed expected [Record successfully updated] but found [Record updated successfully]
at com.tetherfi.test.ExportSchedulerTest.EditExportSchedulerRecord(ExportSchedulerTest.java:312)
at java.base/java.util.ArrayList.forEach(Unknown Source)
... Removed 31 stack frames]]>
    </failure>
  </testcase> <!-- EditExportSchedulerRecord -->
  <testcase classname="com.tetherfi.test.ExportSchedulerTest" name="VerifyAuditTrialReportForUpdate" time="21.634">
    <failure type="java.lang.AssertionError" message="did not expect to find [true] but found [false]">
      <![CDATA[java.lang.AssertionError: did not expect to find [true] but found [false]
at com.tetherfi.test.ExportSchedulerTest.VerifyAuditTrialReportForUpdate(ExportSchedulerTest.java:327)
at java.base/java.util.ArrayList.forEach(Unknown Source)
... Removed 31 stack frames]]>
    </failure>
  </testcase> <!-- VerifyAuditTrialReportForUpdate -->
  <testcase classname="com.tetherfi.test.ExportSchedulerTest" name="VerifyAuditTrialReportForDelete" time="21.459">
    <failure type="java.lang.AssertionError" message="did not expect to find [true] but found [false]">
      <![CDATA[java.lang.AssertionError: did not expect to find [true] but found [false]
at com.tetherfi.test.ExportSchedulerTest.VerifyAuditTrialReportForDelete(ExportSchedulerTest.java:503)
at java.base/java.util.ArrayList.forEach(Unknown Source)
... Removed 31 stack frames]]>
    </failure>
  </testcase> <!-- VerifyAuditTrialReportForDelete -->
  <testcase classname="com.tetherfi.test.ExportSchedulerTest" name="ExporttoExcelWithoutData" time="45.153">
    <failure type="java.lang.IndexOutOfBoundsException" message="Index 0 out-of-bounds for length 0">
      <![CDATA[java.lang.IndexOutOfBoundsException: Index 0 out-of-bounds for length 0
at java.base/jdk.internal.util.Preconditions.outOfBounds(Unknown Source)
at java.base/jdk.internal.util.Preconditions.outOfBoundsCheckIndex(Unknown Source)
at java.base/jdk.internal.util.Preconditions.checkIndex(Unknown Source)
at java.base/java.util.Objects.checkIndex(Unknown Source)
at java.base/java.util.ArrayList.get(Unknown Source)
at org.openqa.selenium.support.pagefactory.internal.LocatingElementListHandler.invoke(LocatingElementListHandler.java:39)
at com.sun.proxy.$Proxy17.get(Unknown Source)
at com.tetherfi.pages.ExportSchedulerPage.ExporttoExcelWithoutData(ExportSchedulerPage.java:611)
at com.tetherfi.test.ExportSchedulerTest.ExporttoExcelWithoutData(ExportSchedulerTest.java:524)
at java.base/java.util.ArrayList.forEach(Unknown Source)
... Removed 30 stack frames]]>
    </failure>
  </testcase> <!-- ExporttoExcelWithoutData -->
  <testcase classname="com.tetherfi.test.ExportSchedulerTest" name="VerifyColumnsHeaderDisable" time="0.0">
    <ignored/>
  </testcase> <!-- VerifyColumnsHeaderDisable -->
  <testcase classname="com.tetherfi.test.ExportSchedulerTest" name="VerifyAuditTrialReportForCreate" time="0.0">
    <ignored/>
  </testcase> <!-- VerifyAuditTrialReportForCreate -->
  <testcase classname="com.tetherfi.test.ExportSchedulerTest" name="VerifyCancelBtnAtDeleteExportSchedulerRecord" time="0.0">
    <ignored/>
  </testcase> <!-- VerifyCancelBtnAtDeleteExportSchedulerRecord -->
  <testcase classname="com.tetherfi.test.ExportSchedulerTest" name="ExportToExcel" time="0.0">
    <ignored/>
  </testcase> <!-- ExportToExcel -->
  <testcase classname="com.tetherfi.test.ExportSchedulerTest" name="searchPage" time="0.0">
    <ignored/>
  </testcase> <!-- searchPage -->
  <testcase classname="com.tetherfi.test.ExportSchedulerTest" name="VerifyAuditTrialReportForWeeklyCreate" time="0.0">
    <ignored/>
  </testcase> <!-- VerifyAuditTrialReportForWeeklyCreate -->
  <testcase classname="com.tetherfi.test.ExportSchedulerTest" name="VerifyTotalNumberOfItemsPerPageDetails" time="0.0">
    <ignored/>
  </testcase> <!-- VerifyTotalNumberOfItemsPerPageDetails -->
  <testcase classname="com.tetherfi.test.ExportSchedulerTest" name="VerifySearchDoesNotContains" time="0.0">
    <ignored/>
  </testcase> <!-- VerifySearchDoesNotContains -->
  <testcase classname="com.tetherfi.test.ExportSchedulerTest" name="DeleteWeeklyRecord" time="0.0">
    <ignored/>
  </testcase> <!-- DeleteWeeklyRecord -->
  <testcase classname="com.tetherfi.test.ExportSchedulerTest" name="ExportSchedulerPage" time="0.0">
    <ignored/>
  </testcase> <!-- ExportSchedulerPage -->
  <testcase classname="com.tetherfi.test.ExportSchedulerTest" name="AddRecordWithoutStartTime" time="0.0">
    <ignored/>
  </testcase> <!-- AddRecordWithoutStartTime -->
  <testcase classname="com.tetherfi.test.ExportSchedulerTest" name="VerifyDropdownForAllTheColumns" time="0.0">
    <ignored/>
  </testcase> <!-- VerifyDropdownForAllTheColumns -->
  <testcase classname="com.tetherfi.test.ExportSchedulerTest" name="VerifyArrowMoveForPreviousAndNextPage" time="0.0">
    <ignored/>
  </testcase> <!-- VerifyArrowMoveForPreviousAndNextPage -->
  <testcase classname="com.tetherfi.test.ExportSchedulerTest" name="VerifyAuditTrialReportForCreateMonthly" time="0.0">
    <ignored/>
  </testcase> <!-- VerifyAuditTrialReportForCreateMonthly -->
  <testcase classname="com.tetherfi.test.ExportSchedulerTest" name="VerifySearchIsNotEqualTo" time="0.0">
    <ignored/>
  </testcase> <!-- VerifySearchIsNotEqualTo -->
  <testcase classname="com.tetherfi.test.ExportSchedulerTest" name="VerifyNumberOfItemsPerPageSelection" time="0.0">
    <ignored/>
  </testcase> <!-- VerifyNumberOfItemsPerPageSelection -->
  <testcase classname="com.tetherfi.test.ExportSchedulerTest" name="VerifySearchStartsWith" time="0.0">
    <ignored/>
  </testcase> <!-- VerifySearchStartsWith -->
  <testcase classname="com.tetherfi.test.ExportSchedulerTest" name="DeleteWithoutDeleteReasonRecord" time="0.0">
    <ignored/>
  </testcase> <!-- DeleteWithoutDeleteReasonRecord -->
  <testcase classname="com.tetherfi.test.ExportSchedulerTest" name="ExportToExcelData" time="0.0">
    <ignored/>
  </testcase> <!-- ExportToExcelData -->
  <testcase classname="com.tetherfi.test.ExportSchedulerTest" name="VerifySearchContains" time="0.0">
    <ignored/>
  </testcase> <!-- VerifySearchContains -->
  <testcase classname="com.tetherfi.test.ExportSchedulerTest" name="AddRecordWithoutMonthlyTime" time="0.0">
    <ignored/>
  </testcase> <!-- AddRecordWithoutMonthlyTime -->
  <testcase classname="com.tetherfi.test.ExportSchedulerTest" name="VerifyArrowMoveForFirstAndLastPage" time="0.0">
    <ignored/>
  </testcase> <!-- VerifyArrowMoveForFirstAndLastPage -->
  <testcase classname="com.tetherfi.test.ExportSchedulerTest" name="AddRecordWithoutWeeklyTime" time="0.0">
    <ignored/>
  </testcase> <!-- AddRecordWithoutWeeklyTime -->
  <testcase classname="com.tetherfi.test.ExportSchedulerTest" name="database" time="0.0">
    <ignored/>
  </testcase> <!-- database -->
  <testcase classname="com.tetherfi.test.ExportSchedulerTest" name="AddRecordWithoutTime" time="0.0">
    <ignored/>
  </testcase> <!-- AddRecordWithoutTime -->
  <testcase classname="com.tetherfi.test.ExportSchedulerTest" name="DeleteRecord" time="0.0">
    <ignored/>
  </testcase> <!-- DeleteRecord -->
  <testcase classname="com.tetherfi.test.ExportSchedulerTest" name="SortingByDescending" time="0.0">
    <ignored/>
  </testcase> <!-- SortingByDescending -->
  <testcase classname="com.tetherfi.test.ExportSchedulerTest" name="GroupBy" time="0.0">
    <ignored/>
  </testcase> <!-- GroupBy -->
  <testcase classname="com.tetherfi.test.ExportSchedulerTest" name="VerifySearchEndsWith" time="0.0">
    <ignored/>
  </testcase> <!-- VerifySearchEndsWith -->
  <testcase classname="com.tetherfi.test.ExportSchedulerTest" name="VerifyAuditTrialReportForCreateCustomDaily" time="0.0">
    <ignored/>
  </testcase> <!-- VerifyAuditTrialReportForCreateCustomDaily -->
  <testcase classname="com.tetherfi.test.ExportSchedulerTest" name="SortingByAscending" time="0.0">
    <ignored/>
  </testcase> <!-- SortingByAscending -->
  <testcase classname="com.tetherfi.test.ExportSchedulerTest" name="VerifyColumnsHeaderEnable" time="0.0">
    <ignored/>
  </testcase> <!-- VerifyColumnsHeaderEnable -->
  <testcase classname="com.tetherfi.test.ExportSchedulerTest" name="SearchClearSearch" time="0.0">
    <ignored/>
  </testcase> <!-- SearchClearSearch -->
  <testcase classname="com.tetherfi.test.ExportSchedulerTest" name="AddRecordWithoutReport" time="0.0">
    <ignored/>
  </testcase> <!-- AddRecordWithoutReport -->
  <testcase classname="com.tetherfi.test.ExportSchedulerTest" name="AddRecordWithoutEndTime" time="0.0">
    <ignored/>
  </testcase> <!-- AddRecordWithoutEndTime -->
  <testcase classname="com.tetherfi.test.ExportSchedulerTest" name="searchwithoutSearchTextbox" time="0.0">
    <ignored/>
  </testcase> <!-- searchwithoutSearchTextbox -->
  <testcase classname="com.tetherfi.test.ExportSchedulerTest" name="AddRecordWithoutFrequency" time="0.0">
    <ignored/>
  </testcase> <!-- AddRecordWithoutFrequency -->
  <testcase classname="com.tetherfi.test.ExportSchedulerTest" name="VerifyCancelBtnAtEditRecord" time="0.0">
    <ignored/>
  </testcase> <!-- VerifyCancelBtnAtEditRecord -->
  <testcase classname="com.tetherfi.test.ExportSchedulerTest" name="AddRecordWithoutMonthlyDate" time="0.0">
    <ignored/>
  </testcase> <!-- AddRecordWithoutMonthlyDate -->
  <testcase classname="com.tetherfi.test.ExportSchedulerTest" name="DeleteCustomdailyRecord" time="0.0">
    <ignored/>
  </testcase> <!-- DeleteCustomdailyRecord -->
  <testcase classname="com.tetherfi.test.ExportSchedulerTest" name="DeleteMonthlyRecord" time="0.0">
    <ignored/>
  </testcase> <!-- DeleteMonthlyRecord -->
  <testcase classname="com.tetherfi.test.ExportSchedulerTest" name="AddRecordWithoutDay" time="0.0">
    <ignored/>
  </testcase> <!-- AddRecordWithoutDay -->
  <testcase classname="com.tetherfi.test.ExportSchedulerTest" name="VerifyCancelBtnAtAddRecord" time="0.0">
    <ignored/>
  </testcase> <!-- VerifyCancelBtnAtAddRecord -->
</testsuite> <!-- Default test(failed)(failed) -->
