<?xml version="1.0" encoding="UTF-8"?>
<!-- Generated by org.testng.reporters.JUnitXMLReporter -->
<testsuite ignored="59" hostname="DESKTOP-O6A5C2O" failures="4" tests="5" name="Default test(failed)(failed)" time="160.999" errors="0" timestamp="2019-12-20T16:11:59 IST">
  <testcase classname="com.tetherfi.test.tmac.TmacTransferListTest" name="database" time="3.663">
    <failure type="java.lang.AssertionError" message="did not expect to find [true] but found [false]">
      <![CDATA[java.lang.AssertionError: did not expect to find [true] but found [false]
at com.tetherfi.test.tmac.TmacTransferListTest.database(TmacTransferListTest.java:322)
at java.base/java.util.ArrayList.forEach(Unknown Source)
... Removed 31 stack frames]]>
    </failure>
  </testcase> <!-- database -->
  <testcase classname="com.tetherfi.test.tmac.TmacTransferListTest" name="VerifyTmacBlindTransferTableHeaders" time="3.12"/>
  <testcase classname="com.tetherfi.test.tmac.TmacTransferListTest" name="VerifyDupErrMsgEditTmacBlindTransferRecord" time="84.394">
    <failure type="org.openqa.selenium.TimeoutException" message="Expected condition failed: waiting for visibility of Proxy element for: DefaultElementLocator &amp;apos;By.cssSelector: #drillgrid .k-grid-edit&amp;apos; (tried for 30 second(s) with 500 milliseconds interval)">
      <![CDATA[org.openqa.selenium.TimeoutException: Expected condition failed: waiting for visibility of Proxy element for: DefaultElementLocator 'By.cssSelector: #drillgrid .k-grid-edit' (tried for 30 second(s) with 500 milliseconds interval)
at org.openqa.selenium.support.ui.WebDriverWait.timeoutException(WebDriverWait.java:95)
at org.openqa.selenium.support.ui.FluentWait.until(FluentWait.java:272)
at com.tetherfi.pages.BasePage.waitUntilWebElementIsVisible(BasePage.java:127)
at com.tetherfi.pages.TmacTransferListPage.editTmacBlindTransferList(TmacTransferListPage.java:652)
at com.tetherfi.test.tmac.TmacTransferListTest.VerifyDupErrMsgEditTmacBlindTransferRecord(TmacTransferListTest.java:538)
at java.base/java.util.ArrayList.forEach(Unknown Source)
Caused by: org.openqa.selenium.NoSuchElementException: no such element: Unable to locate element: {"method":"css selector","selector":"#drillgrid .k-grid-edit"}
  (Session info: chrome=79.0.3945.88)
For documentation on this error, please visit: https://www.seleniumhq.org/exceptions/no_such_element.html
Build info: version: '3.141.59', revision: 'e82be7d358', time: '2018-11-14T08:17:03'
System info: host: 'DESKTOP-O6A5C2O', ip: '10.0.75.1', os.name: 'Windows 10', os.arch: 'amd64', os.version: '10.0', java.version: '9.0.4'
Driver info: org.openqa.selenium.chrome.ChromeDriver
Capabilities {acceptInsecureCerts: false, browserName: chrome, browserVersion: 79.0.3945.88, chrome: {chromedriverVersion: 78.0.3904.70 (edb9c9f3de024..., userDataDir: C:\Users\admin\AppData\Loca...}, goog:chromeOptions: {debuggerAddress: localhost:63229}, javascriptEnabled: true, networkConnectionEnabled: false, pageLoadStrategy: normal, platform: XP, platformName: XP, proxy: Proxy(), setWindowRect: true, strictFileInteractability: false, timeouts: {implicit: 0, pageLoad: 300000, script: 30000}, unhandledPromptBehavior: dismiss and notify}
Session ID: 7db639a667ab9fd7ea2c2b864d513158
*** Element info: {Using=css selector, value=#drillgrid .k-grid-edit}
at org.openqa.selenium.remote.http.W3CHttpResponseCodec.createException(W3CHttpResponseCodec.java:187)
at org.openqa.selenium.remote.http.W3CHttpResponseCodec.decode(W3CHttpResponseCodec.java:122)
at org.openqa.selenium.remote.http.W3CHttpResponseCodec.decode(W3CHttpResponseCodec.java:49)
at org.openqa.selenium.remote.HttpCommandExecutor.execute(HttpCommandExecutor.java:158)
at org.openqa.selenium.remote.service.DriverCommandExecutor.execute(DriverCommandExecutor.java:83)
at org.openqa.selenium.remote.RemoteWebDriver.execute(RemoteWebDriver.java:552)
at org.openqa.selenium.remote.RemoteWebDriver.findElement(RemoteWebDriver.java:323)
at org.openqa.selenium.remote.RemoteWebDriver.findElementByCssSelector(RemoteWebDriver.java:420)
at org.openqa.selenium.By$ByCssSelector.findElement(By.java:431)
at org.openqa.selenium.remote.RemoteWebDriver.findElement(RemoteWebDriver.java:315)
at org.openqa.selenium.support.pagefactory.DefaultElementLocator.findElement(DefaultElementLocator.java:69)
at org.openqa.selenium.support.pagefactory.internal.LocatingElementHandler.invoke(LocatingElementHandler.java:38)
at com.sun.proxy.$Proxy16.isDisplayed(Unknown Source)
at org.openqa.selenium.support.ui.ExpectedConditions.elementIfVisible(ExpectedConditions.java:314)
at org.openqa.selenium.support.ui.ExpectedConditions.access$000(ExpectedConditions.java:43)
at org.openqa.selenium.support.ui.ExpectedConditions$10.apply(ExpectedConditions.java:300)
at org.openqa.selenium.support.ui.ExpectedConditions$10.apply(ExpectedConditions.java:297)
at org.openqa.selenium.support.ui.FluentWait.until(FluentWait.java:249)
... 31 more
... Removed 31 stack frames]]>
    </failure>
  </testcase> <!-- VerifyDupErrMsgEditTmacBlindTransferRecord -->
  <testcase classname="com.tetherfi.test.tmac.TmacTransferListTest" name="ExportToExcelDataBlindTrans" time="5.962">
    <failure type="java.lang.AssertionError" message="did not expect to find [true] but found [false]">
      <![CDATA[java.lang.AssertionError: did not expect to find [true] but found [false]
at com.tetherfi.test.tmac.TmacTransferListTest.ExportToExcelDataBlindTrans(TmacTransferListTest.java:632)
at java.base/java.util.ArrayList.forEach(Unknown Source)
... Removed 31 stack frames]]>
    </failure>
  </testcase> <!-- ExportToExcelDataBlindTrans -->
  <testcase classname="com.tetherfi.test.tmac.TmacTransferListTest" name="databaseBlindTrans" time="0.755">
    <failure type="java.lang.ArrayIndexOutOfBoundsException" message="1">
      <![CDATA[java.lang.ArrayIndexOutOfBoundsException: 1
at com.tetherfi.pages.TmacTransferListPage.gettableBlindTrans(TmacTransferListPage.java:950)
at com.tetherfi.pages.TmacTransferListPage.verifyDatabaseBlindTrans(TmacTransferListPage.java:908)
at com.tetherfi.test.tmac.TmacTransferListTest.databaseBlindTrans(TmacTransferListTest.java:642)
at java.base/java.util.ArrayList.forEach(Unknown Source)
... Removed 27 stack frames]]>
    </failure>
  </testcase> <!-- databaseBlindTrans -->
  <testcase classname="com.tetherfi.test.tmac.TmacTransferListTest" name="VerifySearchContains" time="0.0">
    <ignored/>
  </testcase> <!-- VerifySearchContains -->
  <testcase classname="com.tetherfi.test.tmac.TmacTransferListTest" name="VerifyErrMsgChannelNotSelected" time="0.0">
    <ignored/>
  </testcase> <!-- VerifyErrMsgChannelNotSelected -->
  <testcase classname="com.tetherfi.test.tmac.TmacTransferListTest" name="VerifyErrMsgDupSkillIdName" time="0.0">
    <ignored/>
  </testcase> <!-- VerifyErrMsgDupSkillIdName -->
  <testcase classname="com.tetherfi.test.tmac.TmacTransferListTest" name="VerifyErrMsgSkillNameNotSelected" time="0.0">
    <ignored/>
  </testcase> <!-- VerifyErrMsgSkillNameNotSelected -->
  <testcase classname="com.tetherfi.test.tmac.TmacTransferListTest" name="AddNewTmacConsultTransferRecord" time="0.0">
    <ignored/>
  </testcase> <!-- AddNewTmacConsultTransferRecord -->
  <testcase classname="com.tetherfi.test.tmac.TmacTransferListTest" name="VerifyAddNewConsultTransferButton" time="0.0">
    <ignored/>
  </testcase> <!-- VerifyAddNewConsultTransferButton -->
  <testcase classname="com.tetherfi.test.tmac.TmacTransferListTest" name="VerifyDupNameErrMsgOnEditConsulRecd" time="0.0">
    <ignored/>
  </testcase> <!-- VerifyDupNameErrMsgOnEditConsulRecd -->
  <testcase classname="com.tetherfi.test.tmac.TmacTransferListTest" name="EditTmacBlindTransferRecord" time="0.0">
    <ignored/>
  </testcase> <!-- EditTmacBlindTransferRecord -->
  <testcase classname="com.tetherfi.test.tmac.TmacTransferListTest" name="VerifyCancelonNewBlindTransfer" time="0.0">
    <ignored/>
  </testcase> <!-- VerifyCancelonNewBlindTransfer -->
  <testcase classname="com.tetherfi.test.tmac.TmacTransferListTest" name="VerifyTmacConsultTransferTableHeaders" time="0.0">
    <ignored/>
  </testcase> <!-- VerifyTmacConsultTransferTableHeaders -->
  <testcase classname="com.tetherfi.test.tmac.TmacTransferListTest" name="DeleteNoReasonErrMsgTmacBlindTransferRecord" time="0.0">
    <ignored/>
  </testcase> <!-- DeleteNoReasonErrMsgTmacBlindTransferRecord -->
  <testcase classname="com.tetherfi.test.tmac.TmacTransferListTest" name="VerifyTmacBlindSearchIsNotEqualTo" time="0.0">
    <ignored/>
  </testcase> <!-- VerifyTmacBlindSearchIsNotEqualTo -->
  <testcase classname="com.tetherfi.test.tmac.TmacTransferListTest" name="ExportToExcelBlindTrans" time="0.0">
    <ignored/>
  </testcase> <!-- ExportToExcelBlindTrans -->
  <testcase classname="com.tetherfi.test.tmac.TmacTransferListTest" name="VerifySearchDoesNotContains" time="0.0">
    <ignored/>
  </testcase> <!-- VerifySearchDoesNotContains -->
  <testcase classname="com.tetherfi.test.tmac.TmacTransferListTest" name="fullScreenAndRestoreBlindTrans" time="0.0">
    <ignored/>
  </testcase> <!-- fullScreenAndRestoreBlindTrans -->
  <testcase classname="com.tetherfi.test.tmac.TmacTransferListTest" name="VerifyErrMsgVDNBlank" time="0.0">
    <ignored/>
  </testcase> <!-- VerifyErrMsgVDNBlank -->
  <testcase classname="com.tetherfi.test.tmac.TmacTransferListTest" name="VerifyAddConsultTransferPopUpContentDisplayed" time="0.0">
    <ignored/>
  </testcase> <!-- VerifyAddConsultTransferPopUpContentDisplayed -->
  <testcase classname="com.tetherfi.test.tmac.TmacTransferListTest" name="ExportToExcel" time="0.0">
    <ignored/>
  </testcase> <!-- ExportToExcel -->
  <testcase classname="com.tetherfi.test.tmac.TmacTransferListTest" name="VerifyAddBlindTransferPopUpContentDisplayed" time="0.0">
    <ignored/>
  </testcase> <!-- VerifyAddBlindTransferPopUpContentDisplayed -->
  <testcase classname="com.tetherfi.test.tmac.TmacTransferListTest" name="AddNewTmacBlindTransferRecord" time="0.0">
    <ignored/>
  </testcase> <!-- AddNewTmacBlindTransferRecord -->
  <testcase classname="com.tetherfi.test.tmac.TmacTransferListTest" name="DeleteTmacBlindTransferRecord" time="0.0">
    <ignored/>
  </testcase> <!-- DeleteTmacBlindTransferRecord -->
  <testcase classname="com.tetherfi.test.tmac.TmacTransferListTest" name="DeleteNoReasonErrMsgTmacConsultTransferRecord" time="0.0">
    <ignored/>
  </testcase> <!-- DeleteNoReasonErrMsgTmacConsultTransferRecord -->
  <testcase classname="com.tetherfi.test.tmac.TmacTransferListTest" name="EditTypeOnTmacConsultTransferRecord" time="0.0">
    <ignored/>
  </testcase> <!-- EditTypeOnTmacConsultTransferRecord -->
  <testcase classname="com.tetherfi.test.tmac.TmacTransferListTest" name="AddNewTmacConsultTransferRecord2" time="0.0">
    <ignored/>
  </testcase> <!-- AddNewTmacConsultTransferRecord2 -->
  <testcase classname="com.tetherfi.test.tmac.TmacTransferListTest" name="VerifyNoModReasonErrMsgOnEditConsulRecd" time="0.0">
    <ignored/>
  </testcase> <!-- VerifyNoModReasonErrMsgOnEditConsulRecd -->
  <testcase classname="com.tetherfi.test.tmac.TmacTransferListTest" name="DeleteTmacBlindTransferRecord3" time="0.0">
    <ignored/>
  </testcase> <!-- DeleteTmacBlindTransferRecord3 -->
  <testcase classname="com.tetherfi.test.tmac.TmacTransferListTest" name="fullScreenAndRestore" time="0.0">
    <ignored/>
  </testcase> <!-- fullScreenAndRestore -->
  <testcase classname="com.tetherfi.test.tmac.TmacTransferListTest" name="VerifySearchEndsWith" time="0.0">
    <ignored/>
  </testcase> <!-- VerifySearchEndsWith -->
  <testcase classname="com.tetherfi.test.tmac.TmacTransferListTest" name="VerifyErrMsgDuplicateValue" time="0.0">
    <ignored/>
  </testcase> <!-- VerifyErrMsgDuplicateValue -->
  <testcase classname="com.tetherfi.test.tmac.TmacTransferListTest" name="VerifyErrMsgNameBlank" time="0.0">
    <ignored/>
  </testcase> <!-- VerifyErrMsgNameBlank -->
  <testcase classname="com.tetherfi.test.tmac.TmacTransferListTest" name="GroupByBlindTrans" time="0.0">
    <ignored/>
  </testcase> <!-- GroupByBlindTrans -->
  <testcase classname="com.tetherfi.test.tmac.TmacTransferListTest" name="DeleteTmacBlindTransferRecord2" time="0.0">
    <ignored/>
  </testcase> <!-- DeleteTmacBlindTransferRecord2 -->
  <testcase classname="com.tetherfi.test.tmac.TmacTransferListTest" name="ExportToExcelData" time="0.0">
    <ignored/>
  </testcase> <!-- ExportToExcelData -->
  <testcase classname="com.tetherfi.test.tmac.TmacTransferListTest" name="VerifyErrMsgNoData" time="0.0">
    <ignored/>
  </testcase> <!-- VerifyErrMsgNoData -->
  <testcase classname="com.tetherfi.test.tmac.TmacTransferListTest" name="VerifyTmacTransferListModuleDisplay" time="0.0">
    <ignored/>
  </testcase> <!-- VerifyTmacTransferListModuleDisplay -->
  <testcase classname="com.tetherfi.test.tmac.TmacTransferListTest" name="VerifySearchIsNotEqualTo" time="0.0">
    <ignored/>
  </testcase> <!-- VerifySearchIsNotEqualTo -->
  <testcase classname="com.tetherfi.test.tmac.TmacTransferListTest" name="EditNameOnTmacConsultTransferRecord" time="0.0">
    <ignored/>
  </testcase> <!-- EditNameOnTmacConsultTransferRecord -->
  <testcase classname="com.tetherfi.test.tmac.TmacTransferListTest" name="VerifySearchStartsWith" time="0.0">
    <ignored/>
  </testcase> <!-- VerifySearchStartsWith -->
  <testcase classname="com.tetherfi.test.tmac.TmacTransferListTest" name="DeleteTmacConsultTransferRecord" time="0.0">
    <ignored/>
  </testcase> <!-- DeleteTmacConsultTransferRecord -->
  <testcase classname="com.tetherfi.test.tmac.TmacTransferListTest" name="VerifyTmacBlindSearchEndsWith" time="0.0">
    <ignored/>
  </testcase> <!-- VerifyTmacBlindSearchEndsWith -->
  <testcase classname="com.tetherfi.test.tmac.TmacTransferListTest" name="VerifyTmacBlindSearchContains" time="0.0">
    <ignored/>
  </testcase> <!-- VerifyTmacBlindSearchContains -->
  <testcase classname="com.tetherfi.test.tmac.TmacTransferListTest" name="DeleteNoReasonNoBtnTmacConsultTransferRecord" time="0.0">
    <ignored/>
  </testcase> <!-- DeleteNoReasonNoBtnTmacConsultTransferRecord -->
  <testcase classname="com.tetherfi.test.tmac.TmacTransferListTest" name="GroupBy" time="0.0">
    <ignored/>
  </testcase> <!-- GroupBy -->
  <testcase classname="com.tetherfi.test.tmac.TmacTransferListTest" name="EditAgtExtOnTmacConsultTransferRecord" time="0.0">
    <ignored/>
  </testcase> <!-- EditAgtExtOnTmacConsultTransferRecord -->
  <testcase classname="com.tetherfi.test.tmac.TmacTransferListTest" name="VerifyDupValueErrMsgOnEditConsulRecd" time="0.0">
    <ignored/>
  </testcase> <!-- VerifyDupValueErrMsgOnEditConsulRecd -->
  <testcase classname="com.tetherfi.test.tmac.TmacTransferListTest" name="VerifyErrMsgNoModReasonEditTmacBlindTransferRecord" time="0.0">
    <ignored/>
  </testcase> <!-- VerifyErrMsgNoModReasonEditTmacBlindTransferRecord -->
  <testcase classname="com.tetherfi.test.tmac.TmacTransferListTest" name="DeleteNoReasonNoBtnTmacBlindTransferRecord" time="0.0">
    <ignored/>
  </testcase> <!-- DeleteNoReasonNoBtnTmacBlindTransferRecord -->
  <testcase classname="com.tetherfi.test.tmac.TmacTransferListTest" name="VerifyErrMsgAgtExtBlank" time="0.0">
    <ignored/>
  </testcase> <!-- VerifyErrMsgAgtExtBlank -->
  <testcase classname="com.tetherfi.test.tmac.TmacTransferListTest" name="VerifyRecdBlindTransDupVDN" time="0.0">
    <ignored/>
  </testcase> <!-- VerifyRecdBlindTransDupVDN -->
  <testcase classname="com.tetherfi.test.tmac.TmacTransferListTest" name="VerifyTmacBlindSearchStartsWith" time="0.0">
    <ignored/>
  </testcase> <!-- VerifyTmacBlindSearchStartsWith -->
  <testcase classname="com.tetherfi.test.tmac.TmacTransferListTest" name="VerifyErrMsgDupSkillIdNameVdn" time="0.0">
    <ignored/>
  </testcase> <!-- VerifyErrMsgDupSkillIdNameVdn -->
  <testcase classname="com.tetherfi.test.tmac.TmacTransferListTest" name="VerifyAddNewBlindTransferButton" time="0.0">
    <ignored/>
  </testcase> <!-- VerifyAddNewBlindTransferButton -->
  <testcase classname="com.tetherfi.test.tmac.TmacTransferListTest" name="DeleteTmacConsultTransferRecord2" time="0.0">
    <ignored/>
  </testcase> <!-- DeleteTmacConsultTransferRecord2 -->
  <testcase classname="com.tetherfi.test.tmac.TmacTransferListTest" name="VerifyRecdBlindTransDiffVDN" time="0.0">
    <ignored/>
  </testcase> <!-- VerifyRecdBlindTransDiffVDN -->
  <testcase classname="com.tetherfi.test.tmac.TmacTransferListTest" name="EditAllOnTmacConsultTransferRecord" time="0.0">
    <ignored/>
  </testcase> <!-- EditAllOnTmacConsultTransferRecord -->
  <testcase classname="com.tetherfi.test.tmac.TmacTransferListTest" name="VerifyErrMsgDuplicateName" time="0.0">
    <ignored/>
  </testcase> <!-- VerifyErrMsgDuplicateName -->
  <testcase classname="com.tetherfi.test.tmac.TmacTransferListTest" name="VerifyTmacBlindSearchDoesNotContains" time="0.0">
    <ignored/>
  </testcase> <!-- VerifyTmacBlindSearchDoesNotContains -->
  <testcase classname="com.tetherfi.test.tmac.TmacTransferListTest" name="VerifyErrMsgTypeNotSelected" time="0.0">
    <ignored/>
  </testcase> <!-- VerifyErrMsgTypeNotSelected -->
  <testcase classname="com.tetherfi.test.tmac.TmacTransferListTest" name="VerifyCancelonNewConsulTransfer" time="0.0">
    <ignored/>
  </testcase> <!-- VerifyCancelonNewConsulTransfer -->
</testsuite> <!-- Default test(failed)(failed) -->
