<?xml version="1.0" encoding="UTF-8"?>
<!-- Generated by org.testng.reporters.JUnitXMLReporter -->
<testsuite ignored="0" hostname="admin" failures="2" tests="4" name="Default test(failed)(failed)" time="70.386" errors="0" timestamp="2019-10-03T12:35:56 IST">
  <testcase classname="com.tetherfi.test.TdmThresholdConfigTest" name="UpdateNewRow" time="9.107"/>
  <testcase classname="com.tetherfi.test.TdmThresholdConfigTest" name="VerifyAuditTrailReportForUpdate" time="10.818">
    <failure type="java.lang.AssertionError" message="Audit Trail report assertion failed did not expect to find [true] but found [false]">
      <![CDATA[java.lang.AssertionError: Audit Trail report assertion failed did not expect to find [true] but found [false]
at com.tetherfi.test.TdmThresholdConfigTest.VerifyAuditTrailReportForUpdate(TdmThresholdConfigTest.java:300)
at java.base/java.util.ArrayList.forEach(Unknown Source)
... Removed 30 stack frames]]>
    </failure>
  </testcase> <!-- VerifyAuditTrailReportForUpdate -->
  <testcase classname="com.tetherfi.test.TdmThresholdConfigTest" name="DeleteNewRow" time="8.269"/>
  <testcase classname="com.tetherfi.test.TdmThresholdConfigTest" name="VerifyAuditTrailReportForDelete" time="11.095">
    <failure type="java.lang.AssertionError" message="Audit Trail report assertion failed did not expect to find [true] but found [false]">
      <![CDATA[java.lang.AssertionError: Audit Trail report assertion failed did not expect to find [true] but found [false]
at com.tetherfi.test.TdmThresholdConfigTest.VerifyAuditTrailReportForDelete(TdmThresholdConfigTest.java:326)
at java.base/java.util.ArrayList.forEach(Unknown Source)
... Removed 30 stack frames]]>
    </failure>
  </testcase> <!-- VerifyAuditTrailReportForDelete -->
</testsuite> <!-- Default test(failed)(failed) -->
