<?xml version="1.0" encoding="UTF-8"?>
<!-- Generated by org.testng.reporters.JUnitXMLReporter -->
<testsuite ignored="18" hostname="admin" failures="3" tests="4" name="Default test(failed)(failed)" time="95.422" errors="0" timestamp="2019-09-13T13:54:40 IST">
  <testcase classname="com.tetherfi.test.UserRoleMappingUITest" name="VerifyColumnsHeaderDisable" time="16.166">
    <failure type="java.lang.AssertionError" message="columns disabled assertion failed did not expect to find [false] but found [true]">
      <![CDATA[java.lang.AssertionError: columns disabled assertion failed did not expect to find [false] but found [true]
at com.tetherfi.test.UserRoleMappingUITest.VerifyColumnsHeaderDisable(UserRoleMappingUITest.java:90)
at java.base/java.util.ArrayList.forEach(Unknown Source)
... Removed 30 stack frames]]>
    </failure>
  </testcase> <!-- VerifyColumnsHeaderDisable -->
  <testcase classname="com.tetherfi.test.UserRoleMappingUITest" name="VerifyNumberOfItemsPerPageSelection" time="13.349">
    <failure type="java.lang.AssertionError" message="item per page assertion failed did not expect to find [true] but found [false]">
      <![CDATA[java.lang.AssertionError: item per page assertion failed did not expect to find [true] but found [false]
at com.tetherfi.test.UserRoleMappingUITest.VerifyNumberOfItemsPerPageSelection(UserRoleMappingUITest.java:120)
at java.base/java.util.ArrayList.forEach(Unknown Source)
... Removed 30 stack frames]]>
    </failure>
  </testcase> <!-- VerifyNumberOfItemsPerPageSelection -->
  <testcase classname="com.tetherfi.test.UserRoleMappingUITest" name="database" time="0.075">
    <failure type="java.lang.IndexOutOfBoundsException" message="Index 0 out-of-bounds for length 0">
      <![CDATA[java.lang.IndexOutOfBoundsException: Index 0 out-of-bounds for length 0
at java.base/jdk.internal.util.Preconditions.outOfBounds(Unknown Source)
at java.base/jdk.internal.util.Preconditions.outOfBoundsCheckIndex(Unknown Source)
at java.base/jdk.internal.util.Preconditions.checkIndex(Unknown Source)
at java.base/java.util.Objects.checkIndex(Unknown Source)
at java.base/java.util.ArrayList.get(Unknown Source)
at com.tetherfi.test.UserRoleMappingUITest.database(UserRoleMappingUITest.java:197)
at java.base/java.util.ArrayList.forEach(Unknown Source)
... Removed 27 stack frames]]>
    </failure>
  </testcase> <!-- database -->
  <testcase classname="com.tetherfi.test.UserRoleMappingUITest" name="searchwithoutSearchTextbox" time="3.994"/>
  <testcase classname="com.tetherfi.test.UserRoleMappingUITest" name="searchPage" time="0.0">
    <ignored/>
  </testcase> <!-- searchPage -->
  <testcase classname="com.tetherfi.test.UserRoleMappingUITest" name="VerifyMakeUserRoleMappingChangeButton" time="0.0">
    <ignored/>
  </testcase> <!-- VerifyMakeUserRoleMappingChangeButton -->
  <testcase classname="com.tetherfi.test.UserRoleMappingUITest" name="ExportToExcel" time="0.0">
    <ignored/>
  </testcase> <!-- ExportToExcel -->
  <testcase classname="com.tetherfi.test.UserRoleMappingUITest" name="VerifyExportToExcelWithoutData" time="0.0">
    <ignored/>
  </testcase> <!-- VerifyExportToExcelWithoutData -->
  <testcase classname="com.tetherfi.test.UserRoleMappingUITest" name="VerifyTotalNumberOfItemsPerPageDetails" time="0.0">
    <ignored/>
  </testcase> <!-- VerifyTotalNumberOfItemsPerPageDetails -->
  <testcase classname="com.tetherfi.test.UserRoleMappingUITest" name="VerifyArrowMoveForFirstAndLastPage" time="0.0">
    <ignored/>
  </testcase> <!-- VerifyArrowMoveForFirstAndLastPage -->
  <testcase classname="com.tetherfi.test.UserRoleMappingUITest" name="SortingByAscending" time="0.0">
    <ignored/>
  </testcase> <!-- SortingByAscending -->
  <testcase classname="com.tetherfi.test.UserRoleMappingUITest" name="VerifyDragAndDropofAlreadyGroupedHeader" time="0.0">
    <ignored/>
  </testcase> <!-- VerifyDragAndDropofAlreadyGroupedHeader -->
  <testcase classname="com.tetherfi.test.UserRoleMappingUITest" name="SortingByDescending" time="0.0">
    <ignored/>
  </testcase> <!-- SortingByDescending -->
  <testcase classname="com.tetherfi.test.UserRoleMappingUITest" name="SearchClearSearch" time="0.0">
    <ignored/>
  </testcase> <!-- SearchClearSearch -->
  <testcase classname="com.tetherfi.test.UserRoleMappingUITest" name="VerifyUserRoleMappingApprovedDataPage" time="0.0">
    <ignored/>
  </testcase> <!-- VerifyUserRoleMappingApprovedDataPage -->
  <testcase classname="com.tetherfi.test.UserRoleMappingUITest" name="VerifyDragAndDrop" time="0.0">
    <ignored/>
  </testcase> <!-- VerifyDragAndDrop -->
  <testcase classname="com.tetherfi.test.UserRoleMappingUITest" name="VerifyArrowMoveForPreviousAndNextPage" time="0.0">
    <ignored/>
  </testcase> <!-- VerifyArrowMoveForPreviousAndNextPage -->
  <testcase classname="com.tetherfi.test.UserRoleMappingUITest" name="VerifyColumnsHeaderEnable" time="0.0">
    <ignored/>
  </testcase> <!-- VerifyColumnsHeaderEnable -->
  <testcase classname="com.tetherfi.test.UserRoleMappingUITest" name="UserRoleMappingPage" time="0.0">
    <ignored/>
  </testcase> <!-- UserRoleMappingPage -->
  <testcase classname="com.tetherfi.test.UserRoleMappingUITest" name="ExportToExcelData" time="0.0">
    <ignored/>
  </testcase> <!-- ExportToExcelData -->
  <testcase classname="com.tetherfi.test.UserRoleMappingUITest" name="VerifyUserRoleMappingAuditTrailDataPage" time="0.0">
    <ignored/>
  </testcase> <!-- VerifyUserRoleMappingAuditTrailDataPage -->
  <testcase classname="com.tetherfi.test.UserRoleMappingUITest" name="VerifyDropdownForAllTheColumns" time="0.0">
    <ignored/>
  </testcase> <!-- VerifyDropdownForAllTheColumns -->
</testsuite> <!-- Default test(failed)(failed) -->
