<?xml version="1.0" encoding="UTF-8"?>
<!-- Generated by org.testng.reporters.JUnitXMLReporter -->
<testsuite ignored="31" hostname="DESKTOP-O6A5C2O" failures="1" tests="4" name="Default test(failed)(failed)" time="89.016" errors="0" timestamp="2020-03-12T14:22:18 IST">
  <testcase classname="com.tetherfi.test.tmac.TmacAuxCodesTest" name="@AfterMethod AfterEachMethod" time="0.041">
    <failure type="org.openqa.selenium.NoSuchWindowException" message="no such window: target window already closed
from unknown error: web view not found
  (Session info: chrome=78.0.3904.70)
Build info: version: &amp;apos;3.141.59&amp;apos;, revision: &amp;apos;e82be7d358&amp;apos;, time: &amp;apos;2018-11-14T08:17:03&amp;apos;
System info: host: &amp;apos;DESKTOP-O6A5C2O&amp;apos;, ip: &amp;apos;10.0.75.1&amp;apos;, os.name: &amp;apos;Windows 10&amp;apos;, os.arch: &amp;apos;amd64&amp;apos;, os.version: &amp;apos;10.0&amp;apos;, java.version: &amp;apos;9.0.4&amp;apos;
Driver info: org.openqa.selenium.chrome.ChromeDriver
Capabilities {acceptInsecureCerts: false, browserName: chrome, browserVersion: 78.0.3904.70, chrome: {chromedriverVersion: 78.0.3904.105 (60e2d8774a81..., userDataDir: C:\Users\admin\AppData\Loca...}, goog:chromeOptions: {debuggerAddress: localhost:64351}, javascriptEnabled: true, networkConnectionEnabled: false, pageLoadStrategy: normal, platform: XP, platformName: XP, proxy: Proxy(), setWindowRect: true, strictFileInteractability: false, timeouts: {implicit: 0, pageLoad: 300000, script: 30000}, unhandledPromptBehavior: dismiss and notify}
Session ID: ca091771b5a638e8a8d79540d3a6a9ff">
      <![CDATA[org.openqa.selenium.NoSuchWindowException: no such window: target window already closed
from unknown error: web view not found
  (Session info: chrome=78.0.3904.70)
Build info: version: '3.141.59', revision: 'e82be7d358', time: '2018-11-14T08:17:03'
System info: host: 'DESKTOP-O6A5C2O', ip: '10.0.75.1', os.name: 'Windows 10', os.arch: 'amd64', os.version: '10.0', java.version: '9.0.4'
Driver info: org.openqa.selenium.chrome.ChromeDriver
Capabilities {acceptInsecureCerts: false, browserName: chrome, browserVersion: 78.0.3904.70, chrome: {chromedriverVersion: 78.0.3904.105 (60e2d8774a81..., userDataDir: C:\Users\admin\AppData\Loca...}, goog:chromeOptions: {debuggerAddress: localhost:64351}, javascriptEnabled: true, networkConnectionEnabled: false, pageLoadStrategy: normal, platform: XP, platformName: XP, proxy: Proxy(), setWindowRect: true, strictFileInteractability: false, timeouts: {implicit: 0, pageLoad: 300000, script: 30000}, unhandledPromptBehavior: dismiss and notify}
Session ID: ca091771b5a638e8a8d79540d3a6a9ff
at org.openqa.selenium.remote.http.W3CHttpResponseCodec.createException(W3CHttpResponseCodec.java:187)
at org.openqa.selenium.remote.http.W3CHttpResponseCodec.decode(W3CHttpResponseCodec.java:122)
at org.openqa.selenium.remote.http.W3CHttpResponseCodec.decode(W3CHttpResponseCodec.java:49)
at org.openqa.selenium.remote.HttpCommandExecutor.execute(HttpCommandExecutor.java:158)
at org.openqa.selenium.remote.service.DriverCommandExecutor.execute(DriverCommandExecutor.java:83)
at org.openqa.selenium.remote.RemoteWebDriver.execute(RemoteWebDriver.java:552)
at org.openqa.selenium.remote.RemoteWebDriver.execute(RemoteWebDriver.java:609)
at org.openqa.selenium.remote.RemoteWebDriver$RemoteNavigation.refresh(RemoteWebDriver.java:865)
at com.tetherfi.test.tmac.TmacAuxCodesTest.AfterEachMethod(TmacAuxCodesTest.java:374)
at java.base/java.util.ArrayList.forEach(Unknown Source)
... Removed 36 stack frames]]>
    </failure>
  </testcase> <!-- @AfterMethod AfterEachMethod -->
  <testcase classname="com.tetherfi.test.BaseTest" name="@AfterMethod endTestCase" time="-1.584003138357E9">
    <skipped/>
  </testcase> <!-- @AfterMethod endTestCase -->
  <testcase classname="com.tetherfi.test.BaseTest" name="@BeforeMethod startTestCase" time="-1.584003138375E9">
    <skipped/>
  </testcase> <!-- @BeforeMethod startTestCase -->
  <testcase classname="com.tetherfi.test.tmac.TmacAuxCodesTest" name="@BeforeMethod NavigateToTmaxAuxCodesPage" time="-1.584003138378E9">
    <skipped/>
  </testcase> <!-- @BeforeMethod NavigateToTmaxAuxCodesPage -->
  <testcase classname="com.tetherfi.test.tmac.TmacAuxCodesTest" name="@AfterMethod AfterEachMethod" time="-1.584003138388E9">
    <skipped/>
  </testcase> <!-- @AfterMethod AfterEachMethod -->
  <testcase classname="com.tetherfi.test.BaseTest" name="@AfterMethod endTestCase" time="-1.58400313839E9">
    <skipped/>
  </testcase> <!-- @AfterMethod endTestCase -->
  <testcase classname="com.tetherfi.test.BaseTest" name="@BeforeMethod startTestCase" time="-1.584003138394E9">
    <skipped/>
  </testcase> <!-- @BeforeMethod startTestCase -->
  <testcase classname="com.tetherfi.test.tmac.TmacAuxCodesTest" name="@BeforeMethod NavigateToTmaxAuxCodesPage" time="-1.584003138398E9">
    <skipped/>
  </testcase> <!-- @BeforeMethod NavigateToTmaxAuxCodesPage -->
  <testcase classname="com.tetherfi.test.tmac.TmacAuxCodesTest" name="@AfterMethod AfterEachMethod" time="-1.584003138406E9">
    <skipped/>
  </testcase> <!-- @AfterMethod AfterEachMethod -->
  <testcase classname="com.tetherfi.test.BaseTest" name="@AfterMethod endTestCase" time="-1.58400313841E9">
    <skipped/>
  </testcase> <!-- @AfterMethod endTestCase -->
  <testcase classname="com.tetherfi.test.BaseTest" name="@BeforeMethod startTestCase" time="-1.584003138415E9">
    <skipped/>
  </testcase> <!-- @BeforeMethod startTestCase -->
  <testcase classname="com.tetherfi.test.tmac.TmacAuxCodesTest" name="@BeforeMethod NavigateToTmaxAuxCodesPage" time="-1.584003138421E9">
    <skipped/>
  </testcase> <!-- @BeforeMethod NavigateToTmaxAuxCodesPage -->
  <testcase classname="com.tetherfi.test.tmac.TmacAuxCodesTest" name="@AfterMethod AfterEachMethod" time="-1.584003138446E9">
    <skipped/>
  </testcase> <!-- @AfterMethod AfterEachMethod -->
  <testcase classname="com.tetherfi.test.BaseTest" name="@AfterMethod endTestCase" time="-1.584003138451E9">
    <skipped/>
  </testcase> <!-- @AfterMethod endTestCase -->
  <testcase classname="com.tetherfi.test.BaseTest" name="@AfterClass tearDown" time="-1.58400313846E9">
    <skipped/>
  </testcase> <!-- @AfterClass tearDown -->
  <testcase classname="com.tetherfi.test.tmac.TmacAuxCodesTest" name="verifyAddNewTmacAuxCodesCancelButton" time="55.7">
    <failure type="org.openqa.selenium.NoSuchWindowException" message="no such window: target window already closed
from unknown error: web view not found
  (Session info: chrome=78.0.3904.70)
Build info: version: &amp;apos;3.141.59&amp;apos;, revision: &amp;apos;e82be7d358&amp;apos;, time: &amp;apos;2018-11-14T08:17:03&amp;apos;
System info: host: &amp;apos;DESKTOP-O6A5C2O&amp;apos;, ip: &amp;apos;10.0.75.1&amp;apos;, os.name: &amp;apos;Windows 10&amp;apos;, os.arch: &amp;apos;amd64&amp;apos;, os.version: &amp;apos;10.0&amp;apos;, java.version: &amp;apos;9.0.4&amp;apos;
Driver info: org.openqa.selenium.chrome.ChromeDriver
Capabilities {acceptInsecureCerts: false, browserName: chrome, browserVersion: 78.0.3904.70, chrome: {chromedriverVersion: 78.0.3904.105 (60e2d8774a81..., userDataDir: C:\Users\admin\AppData\Loca...}, goog:chromeOptions: {debuggerAddress: localhost:64351}, javascriptEnabled: true, networkConnectionEnabled: false, pageLoadStrategy: normal, platform: XP, platformName: XP, proxy: Proxy(), setWindowRect: true, strictFileInteractability: false, timeouts: {implicit: 0, pageLoad: 300000, script: 30000}, unhandledPromptBehavior: dismiss and notify}
Session ID: ca091771b5a638e8a8d79540d3a6a9ff
*** Element info: {Using=id, value=Value}">
      <![CDATA[org.openqa.selenium.NoSuchWindowException: no such window: target window already closed
from unknown error: web view not found
  (Session info: chrome=78.0.3904.70)
Build info: version: '3.141.59', revision: 'e82be7d358', time: '2018-11-14T08:17:03'
System info: host: 'DESKTOP-O6A5C2O', ip: '10.0.75.1', os.name: 'Windows 10', os.arch: 'amd64', os.version: '10.0', java.version: '9.0.4'
Driver info: org.openqa.selenium.chrome.ChromeDriver
Capabilities {acceptInsecureCerts: false, browserName: chrome, browserVersion: 78.0.3904.70, chrome: {chromedriverVersion: 78.0.3904.105 (60e2d8774a81..., userDataDir: C:\Users\admin\AppData\Loca...}, goog:chromeOptions: {debuggerAddress: localhost:64351}, javascriptEnabled: true, networkConnectionEnabled: false, pageLoadStrategy: normal, platform: XP, platformName: XP, proxy: Proxy(), setWindowRect: true, strictFileInteractability: false, timeouts: {implicit: 0, pageLoad: 300000, script: 30000}, unhandledPromptBehavior: dismiss and notify}
Session ID: ca091771b5a638e8a8d79540d3a6a9ff
*** Element info: {Using=id, value=Value}
at org.openqa.selenium.remote.http.W3CHttpResponseCodec.createException(W3CHttpResponseCodec.java:187)
at org.openqa.selenium.remote.http.W3CHttpResponseCodec.decode(W3CHttpResponseCodec.java:122)
at org.openqa.selenium.remote.http.W3CHttpResponseCodec.decode(W3CHttpResponseCodec.java:49)
at org.openqa.selenium.remote.HttpCommandExecutor.execute(HttpCommandExecutor.java:158)
at org.openqa.selenium.remote.service.DriverCommandExecutor.execute(DriverCommandExecutor.java:83)
at org.openqa.selenium.remote.RemoteWebDriver.execute(RemoteWebDriver.java:552)
at org.openqa.selenium.remote.RemoteWebDriver.findElement(RemoteWebDriver.java:323)
at org.openqa.selenium.remote.RemoteWebDriver.findElementById(RemoteWebDriver.java:372)
at org.openqa.selenium.By$ById.findElement(By.java:188)
at org.openqa.selenium.remote.RemoteWebDriver.findElement(RemoteWebDriver.java:315)
at org.openqa.selenium.support.pagefactory.DefaultElementLocator.findElement(DefaultElementLocator.java:69)
at org.openqa.selenium.support.pagefactory.internal.LocatingElementHandler.invoke(LocatingElementHandler.java:38)
at com.sun.proxy.$Proxy16.toString(Unknown Source)
at java.base/java.lang.String.valueOf(Unknown Source)
at java.base/java.lang.StringBuilder.append(Unknown Source)
at org.openqa.selenium.support.ui.ExpectedConditions$10.toString(ExpectedConditions.java:305)
at java.base/java.lang.String.valueOf(Unknown Source)
at java.base/java.lang.StringBuilder.append(Unknown Source)
at org.openqa.selenium.support.ui.FluentWait.until(FluentWait.java:268)
at com.tetherfi.pages.BasePage.waitUntilWebElementIsVisible(BasePage.java:127)
at com.tetherfi.pages.BasePage.enterValueToTxtFieldWithoutClear(BasePage.java:184)
at com.tetherfi.pages.TmacAuxCodesPage.addCancelButton(TmacAuxCodesPage.java:252)
at com.tetherfi.test.tmac.TmacAuxCodesTest.verifyAddNewTmacAuxCodesCancelButton(TmacAuxCodesTest.java:59)
at java.base/java.util.ArrayList.forEach(Unknown Source)
... Removed 31 stack frames]]>
    </failure>
  </testcase> <!-- verifyAddNewTmacAuxCodesCancelButton -->
  <testcase classname="com.tetherfi.test.tmac.TmacAuxCodesTest" name="AddRecordWithoutName" time="0.0">
    <skipped/>
  </testcase> <!-- AddRecordWithoutName -->
  <testcase classname="com.tetherfi.test.tmac.TmacAuxCodesTest" name="AddRecordWithoutCode" time="0.0">
    <skipped/>
  </testcase> <!-- AddRecordWithoutCode -->
  <testcase classname="com.tetherfi.test.tmac.TmacAuxCodesTest" name="DuplicateRecord" time="0.0">
    <skipped/>
  </testcase> <!-- DuplicateRecord -->
  <testcase classname="com.tetherfi.test.tmac.TmacAuxCodesTest" name="verifyWithoutDeleteReason" time="0.0">
    <ignored/>
  </testcase> <!-- verifyWithoutDeleteReason -->
  <testcase classname="com.tetherfi.test.tmac.TmacAuxCodesTest" name="verifyGroupBy" time="0.0">
    <ignored/>
  </testcase> <!-- verifyGroupBy -->
  <testcase classname="com.tetherfi.test.tmac.TmacAuxCodesTest" name="verifyAuditTrailReportForDelete" time="0.0">
    <ignored/>
  </testcase> <!-- verifyAuditTrailReportForDelete -->
  <testcase classname="com.tetherfi.test.tmac.TmacAuxCodesTest" name="verifyDeleteNoButton" time="0.0">
    <ignored/>
  </testcase> <!-- verifyDeleteNoButton -->
  <testcase classname="com.tetherfi.test.tmac.TmacAuxCodesTest" name="SearchContains" time="0.0">
    <ignored/>
  </testcase> <!-- SearchContains -->
  <testcase classname="com.tetherfi.test.tmac.TmacAuxCodesTest" name="SearchEndsWith" time="0.0">
    <ignored/>
  </testcase> <!-- SearchEndsWith -->
  <testcase classname="com.tetherfi.test.tmac.TmacAuxCodesTest" name="verifyAuditTrailReportForCreate" time="0.0">
    <ignored/>
  </testcase> <!-- verifyAuditTrailReportForCreate -->
  <testcase classname="com.tetherfi.test.tmac.TmacAuxCodesTest" name="verifyDropDownForAllTheColumns" time="0.0">
    <ignored/>
  </testcase> <!-- verifyDropDownForAllTheColumns -->
  <testcase classname="com.tetherfi.test.tmac.TmacAuxCodesTest" name="SearchIsNotEqualTo" time="0.0">
    <ignored/>
  </testcase> <!-- SearchIsNotEqualTo -->
  <testcase classname="com.tetherfi.test.tmac.TmacAuxCodesTest" name="verifyColumnsHeaderDisabled" time="0.0">
    <ignored/>
  </testcase> <!-- verifyColumnsHeaderDisabled -->
  <testcase classname="com.tetherfi.test.tmac.TmacAuxCodesTest" name="SearchStartsWith" time="0.0">
    <ignored/>
  </testcase> <!-- SearchStartsWith -->
  <testcase classname="com.tetherfi.test.tmac.TmacAuxCodesTest" name="verifyEditCancelButton" time="0.0">
    <ignored/>
  </testcase> <!-- verifyEditCancelButton -->
  <testcase classname="com.tetherfi.test.tmac.TmacAuxCodesTest" name="verifyTotalNumberOfItemsPerPageDetails" time="0.0">
    <ignored/>
  </testcase> <!-- verifyTotalNumberOfItemsPerPageDetails -->
  <testcase classname="com.tetherfi.test.tmac.TmacAuxCodesTest" name="DeleteTmacAuxCodesRecord" time="0.0">
    <ignored/>
  </testcase> <!-- DeleteTmacAuxCodesRecord -->
  <testcase classname="com.tetherfi.test.tmac.TmacAuxCodesTest" name="verifyEditRecordWithOutModifyReason" time="0.0">
    <ignored/>
  </testcase> <!-- verifyEditRecordWithOutModifyReason -->
  <testcase classname="com.tetherfi.test.tmac.TmacAuxCodesTest" name="verifyExportToExcelWithoutData" time="0.0">
    <ignored/>
  </testcase> <!-- verifyExportToExcelWithoutData -->
  <testcase classname="com.tetherfi.test.tmac.TmacAuxCodesTest" name="verifySortByAscending" time="0.0">
    <ignored/>
  </testcase> <!-- verifySortByAscending -->
  <testcase classname="com.tetherfi.test.tmac.TmacAuxCodesTest" name="verifyNumberOfItemsPerPageSelection" time="0.0">
    <ignored/>
  </testcase> <!-- verifyNumberOfItemsPerPageSelection -->
  <testcase classname="com.tetherfi.test.tmac.TmacAuxCodesTest" name="verifyEditRecord" time="0.0">
    <ignored/>
  </testcase> <!-- verifyEditRecord -->
  <testcase classname="com.tetherfi.test.tmac.TmacAuxCodesTest" name="SearchDoesNotContains" time="0.0">
    <ignored/>
  </testcase> <!-- SearchDoesNotContains -->
  <testcase classname="com.tetherfi.test.tmac.TmacAuxCodesTest" name="verifySortByDescending" time="0.0">
    <ignored/>
  </testcase> <!-- verifySortByDescending -->
  <testcase classname="com.tetherfi.test.tmac.TmacAuxCodesTest" name="AddNewTmacAuxCodesRecord" time="0.0">
    <ignored/>
  </testcase> <!-- AddNewTmacAuxCodesRecord -->
  <testcase classname="com.tetherfi.test.tmac.TmacAuxCodesTest" name="TmacAuxCodesPage" time="0.0">
    <ignored/>
  </testcase> <!-- TmacAuxCodesPage -->
  <testcase classname="com.tetherfi.test.tmac.TmacAuxCodesTest" name="AddRecordWithoutValue" time="0.0">
    <ignored/>
  </testcase> <!-- AddRecordWithoutValue -->
  <testcase classname="com.tetherfi.test.tmac.TmacAuxCodesTest" name="verifyArrowMoveForFirstAndLastPage" time="0.0">
    <ignored/>
  </testcase> <!-- verifyArrowMoveForFirstAndLastPage -->
  <testcase classname="com.tetherfi.test.tmac.TmacAuxCodesTest" name="verifyExportedData" time="0.0">
    <ignored/>
  </testcase> <!-- verifyExportedData -->
  <testcase classname="com.tetherfi.test.tmac.TmacAuxCodesTest" name="verifyArrowMoveForPreviousAndNextPage" time="0.0">
    <ignored/>
  </testcase> <!-- verifyArrowMoveForPreviousAndNextPage -->
  <testcase classname="com.tetherfi.test.tmac.TmacAuxCodesTest" name="AddRecordWithoutStatus" time="0.0">
    <ignored/>
  </testcase> <!-- AddRecordWithoutStatus -->
  <testcase classname="com.tetherfi.test.tmac.TmacAuxCodesTest" name="verifyColoumnsHeaderEnabled" time="0.0">
    <ignored/>
  </testcase> <!-- verifyColoumnsHeaderEnabled -->
  <testcase classname="com.tetherfi.test.tmac.TmacAuxCodesTest" name="verifyAuditTrailReportForUpdate" time="0.0">
    <ignored/>
  </testcase> <!-- verifyAuditTrailReportForUpdate -->
  <testcase classname="com.tetherfi.test.tmac.TmacAuxCodesTest" name="ExportToExcelButton" time="0.0">
    <ignored/>
  </testcase> <!-- ExportToExcelButton -->
</testsuite> <!-- Default test(failed)(failed) -->
