<?xml version="1.0" encoding="UTF-8"?>
<!-- Generated by org.testng.reporters.JUnitXMLReporter -->
<testsuite ignored="41" hostname="admin" failures="9" tests="15" name="Default test(failed)(failed)" time="935.829" errors="0" timestamp="2020-05-22T14:49:43 IST">
  <testcase classname="com.tetherfi.test.reports.AgentHistoricalReportTest" name="ShowOcmAgentHistoricalReportInNewTab" time="10.881">
    <failure type="java.lang.IndexOutOfBoundsException" message="Index 0 out-of-bounds for length 0">
      <![CDATA[java.lang.IndexOutOfBoundsException: Index 0 out-of-bounds for length 0
at java.base/jdk.internal.util.Preconditions.outOfBounds(Unknown Source)
at java.base/jdk.internal.util.Preconditions.outOfBoundsCheckIndex(Unknown Source)
at java.base/jdk.internal.util.Preconditions.checkIndex(Unknown Source)
at java.base/java.util.Objects.checkIndex(Unknown Source)
at java.base/java.util.ArrayList.get(Unknown Source)
at com.tetherfi.pages.BasePage.switchToNewWindow(BasePage.java:413)
at com.tetherfi.pages.OCMReportsPage.showReportInNewPage(OCMReportsPage.java:409)
at com.tetherfi.test.reports.AgentHistoricalReportTest.ShowOcmAgentHistoricalReportInNewTab(AgentHistoricalReportTest.java:49)
at java.base/java.util.ArrayList.forEach(Unknown Source)
... Removed 27 stack frames]]>
    </failure>
  </testcase> <!-- ShowOcmAgentHistoricalReportInNewTab -->
  <testcase classname="com.tetherfi.test.reports.AgentHistoricalReportTest" name="ExportPage" time="35.933"/>
  <testcase classname="com.tetherfi.test.reports.AgentHistoricalReportTest" name="VerifyExportedPage" time="32.702"/>
  <testcase classname="com.tetherfi.test.reports.AgentHistoricalReportTest" name="SortingByAscending" time="28.109">
    <failure type="java.lang.NullPointerException">
      <![CDATA[java.lang.NullPointerException
at com.tetherfi.utility.ExcelReader.getTestData(ExcelReader.java:99)
at com.tetherfi.test.reports.AgentHistoricalReportTest.SortingByAscending(AgentHistoricalReportTest.java:282)
at java.base/java.util.ArrayList.forEach(Unknown Source)
... Removed 27 stack frames]]>
    </failure>
  </testcase> <!-- SortingByAscending -->
  <testcase classname="com.tetherfi.test.reports.AgentHistoricalReportTest" name="SortingByDescending" time="28.444">
    <failure type="java.lang.NullPointerException">
      <![CDATA[java.lang.NullPointerException
at com.tetherfi.utility.ExcelReader.getTestData(ExcelReader.java:99)
at com.tetherfi.test.reports.AgentHistoricalReportTest.SortingByDescending(AgentHistoricalReportTest.java:296)
at java.base/java.util.ArrayList.forEach(Unknown Source)
... Removed 27 stack frames]]>
    </failure>
  </testcase> <!-- SortingByDescending -->
  <testcase classname="com.tetherfi.test.reports.AgentHistoricalReportTest" name="VerifySearchByFeatureForAgentHistoricalReport" time="39.799">
    <failure type="java.lang.AssertionError" message="did not expect to find [true] but found [false]">
      <![CDATA[java.lang.AssertionError: did not expect to find [true] but found [false]
at com.tetherfi.test.reports.AgentHistoricalReportTest.VerifySearchByFeatureForAgentHistoricalReport(AgentHistoricalReportTest.java:356)
at java.base/java.util.ArrayList.forEach(Unknown Source)
... Removed 31 stack frames]]>
    </failure>
  </testcase> <!-- VerifySearchByFeatureForAgentHistoricalReport -->
  <testcase classname="com.tetherfi.test.reports.AgentHistoricalReportTest" name="VerifySearchEqualsToFeature" time="53.629">
    <failure type="java.lang.AssertionError" message="did not expect to find [true] but found [false]">
      <![CDATA[java.lang.AssertionError: did not expect to find [true] but found [false]
at com.tetherfi.test.reports.AgentHistoricalReportTest.VerifySearchEqualsToFeature(AgentHistoricalReportTest.java:368)
at java.base/java.util.ArrayList.forEach(Unknown Source)
... Removed 31 stack frames]]>
    </failure>
  </testcase> <!-- VerifySearchEqualsToFeature -->
  <testcase classname="com.tetherfi.test.reports.AgentHistoricalReportTest" name="VerifySearchIsNotEqualTo" time="49.189">
    <failure type="org.openqa.selenium.StaleElementReferenceException" message="stale element reference: element is not attached to the page document
  (Session info: chrome=81.0.4044.138)
For documentation on this error, please visit: https://www.seleniumhq.org/exceptions/stale_element_reference.html
Build info: version: &amp;apos;3.141.59&amp;apos;, revision: &amp;apos;e82be7d358&amp;apos;, time: &amp;apos;2018-11-14T08:17:03&amp;apos;
System info: host: &amp;apos;ADMIN&amp;apos;, ip: &amp;apos;192.168.1.4&amp;apos;, os.name: &amp;apos;Windows 8.1&amp;apos;, os.arch: &amp;apos;amd64&amp;apos;, os.version: &amp;apos;6.3&amp;apos;, java.version: &amp;apos;9.0.4&amp;apos;
Driver info: org.openqa.selenium.chrome.ChromeDriver
Capabilities {acceptInsecureCerts: false, browserName: chrome, browserVersion: 81.0.4044.138, chrome: {chromedriverVersion: 80.0.3987.106 (f68069574609..., userDataDir: C:\Users\ADMINP~1\AppData\L...}, goog:chromeOptions: {debuggerAddress: localhost:62915}, javascriptEnabled: true, networkConnectionEnabled: false, pageLoadStrategy: normal, platform: WINDOWS, platformName: WINDOWS, proxy: Proxy(), setWindowRect: true, strictFileInteractability: false, timeouts: {implicit: 0, pageLoad: 300000, script: 30000}, unhandledPromptBehavior: dismiss and notify}
Session ID: 27c2157c568dce0ab5906a7f4a11c97e">
      <![CDATA[org.openqa.selenium.StaleElementReferenceException: stale element reference: element is not attached to the page document
  (Session info: chrome=81.0.4044.138)
For documentation on this error, please visit: https://www.seleniumhq.org/exceptions/stale_element_reference.html
Build info: version: '3.141.59', revision: 'e82be7d358', time: '2018-11-14T08:17:03'
System info: host: 'ADMIN', ip: '192.168.1.4', os.name: 'Windows 8.1', os.arch: 'amd64', os.version: '6.3', java.version: '9.0.4'
Driver info: org.openqa.selenium.chrome.ChromeDriver
Capabilities {acceptInsecureCerts: false, browserName: chrome, browserVersion: 81.0.4044.138, chrome: {chromedriverVersion: 80.0.3987.106 (f68069574609..., userDataDir: C:\Users\ADMINP~1\AppData\L...}, goog:chromeOptions: {debuggerAddress: localhost:62915}, javascriptEnabled: true, networkConnectionEnabled: false, pageLoadStrategy: normal, platform: WINDOWS, platformName: WINDOWS, proxy: Proxy(), setWindowRect: true, strictFileInteractability: false, timeouts: {implicit: 0, pageLoad: 300000, script: 30000}, unhandledPromptBehavior: dismiss and notify}
Session ID: 27c2157c568dce0ab5906a7f4a11c97e
at org.openqa.selenium.remote.http.W3CHttpResponseCodec.createException(W3CHttpResponseCodec.java:187)
at org.openqa.selenium.remote.http.W3CHttpResponseCodec.decode(W3CHttpResponseCodec.java:122)
at org.openqa.selenium.remote.http.W3CHttpResponseCodec.decode(W3CHttpResponseCodec.java:49)
at org.openqa.selenium.remote.HttpCommandExecutor.execute(HttpCommandExecutor.java:158)
at org.openqa.selenium.remote.service.DriverCommandExecutor.execute(DriverCommandExecutor.java:83)
at org.openqa.selenium.remote.RemoteWebDriver.execute(RemoteWebDriver.java:552)
at org.openqa.selenium.remote.RemoteWebElement.execute(RemoteWebElement.java:285)
at org.openqa.selenium.remote.RemoteWebElement.getText(RemoteWebElement.java:166)
at com.tetherfi.pages.AgentHistoricalReportPage.getDataTable(AgentHistoricalReportPage.java:940)
at com.tetherfi.pages.AgentHistoricalReportPage.verifySearchIsNotEqualTo(AgentHistoricalReportPage.java:885)
at com.tetherfi.test.reports.AgentHistoricalReportTest.VerifySearchIsNotEqualTo(AgentHistoricalReportTest.java:391)
at java.base/java.util.ArrayList.forEach(Unknown Source)
... Removed 31 stack frames]]>
    </failure>
  </testcase> <!-- VerifySearchIsNotEqualTo -->
  <testcase classname="com.tetherfi.test.reports.AgentHistoricalReportTest" name="VerifySearchStartsWith" time="48.509"/>
  <testcase classname="com.tetherfi.test.reports.AgentHistoricalReportTest" name="VerifySearchEndsWith" time="48.211"/>
  <testcase classname="com.tetherfi.test.reports.AgentHistoricalReportTest" name="GroupBy" time="23.783">
    <failure type="org.openqa.selenium.NoSuchElementException" message="no such element: Unable to locate element: {&amp;quot;method&amp;quot;:&amp;quot;xpath&amp;quot;,&amp;quot;selector&amp;quot;:&amp;quot;//p[@class=&amp;apos;k-reset&amp;apos;]&amp;quot;}
  (Session info: chrome=81.0.4044.138)
For documentation on this error, please visit: https://www.seleniumhq.org/exceptions/no_such_element.html
Build info: version: &amp;apos;3.141.59&amp;apos;, revision: &amp;apos;e82be7d358&amp;apos;, time: &amp;apos;2018-11-14T08:17:03&amp;apos;
System info: host: &amp;apos;ADMIN&amp;apos;, ip: &amp;apos;192.168.1.4&amp;apos;, os.name: &amp;apos;Windows 8.1&amp;apos;, os.arch: &amp;apos;amd64&amp;apos;, os.version: &amp;apos;6.3&amp;apos;, java.version: &amp;apos;9.0.4&amp;apos;
Driver info: org.openqa.selenium.chrome.ChromeDriver
Capabilities {acceptInsecureCerts: false, browserName: chrome, browserVersion: 81.0.4044.138, chrome: {chromedriverVersion: 80.0.3987.106 (f68069574609..., userDataDir: C:\Users\ADMINP~1\AppData\L...}, goog:chromeOptions: {debuggerAddress: localhost:62915}, javascriptEnabled: true, networkConnectionEnabled: false, pageLoadStrategy: normal, platform: WINDOWS, platformName: WINDOWS, proxy: Proxy(), setWindowRect: true, strictFileInteractability: false, timeouts: {implicit: 0, pageLoad: 300000, script: 30000}, unhandledPromptBehavior: dismiss and notify}
Session ID: 27c2157c568dce0ab5906a7f4a11c97e
*** Element info: {Using=xpath, value=//p[@class=&amp;apos;k-reset&amp;apos;]}">
      <![CDATA[org.openqa.selenium.NoSuchElementException: no such element: Unable to locate element: {"method":"xpath","selector":"//p[@class='k-reset']"}
  (Session info: chrome=81.0.4044.138)
For documentation on this error, please visit: https://www.seleniumhq.org/exceptions/no_such_element.html
Build info: version: '3.141.59', revision: 'e82be7d358', time: '2018-11-14T08:17:03'
System info: host: 'ADMIN', ip: '192.168.1.4', os.name: 'Windows 8.1', os.arch: 'amd64', os.version: '6.3', java.version: '9.0.4'
Driver info: org.openqa.selenium.chrome.ChromeDriver
Capabilities {acceptInsecureCerts: false, browserName: chrome, browserVersion: 81.0.4044.138, chrome: {chromedriverVersion: 80.0.3987.106 (f68069574609..., userDataDir: C:\Users\ADMINP~1\AppData\L...}, goog:chromeOptions: {debuggerAddress: localhost:62915}, javascriptEnabled: true, networkConnectionEnabled: false, pageLoadStrategy: normal, platform: WINDOWS, platformName: WINDOWS, proxy: Proxy(), setWindowRect: true, strictFileInteractability: false, timeouts: {implicit: 0, pageLoad: 300000, script: 30000}, unhandledPromptBehavior: dismiss and notify}
Session ID: 27c2157c568dce0ab5906a7f4a11c97e
*** Element info: {Using=xpath, value=//p[@class='k-reset']}
at org.openqa.selenium.remote.http.W3CHttpResponseCodec.createException(W3CHttpResponseCodec.java:187)
at org.openqa.selenium.remote.http.W3CHttpResponseCodec.decode(W3CHttpResponseCodec.java:122)
at org.openqa.selenium.remote.http.W3CHttpResponseCodec.decode(W3CHttpResponseCodec.java:49)
at org.openqa.selenium.remote.HttpCommandExecutor.execute(HttpCommandExecutor.java:158)
at org.openqa.selenium.remote.service.DriverCommandExecutor.execute(DriverCommandExecutor.java:83)
at org.openqa.selenium.remote.RemoteWebDriver.execute(RemoteWebDriver.java:552)
at org.openqa.selenium.remote.RemoteWebDriver.findElement(RemoteWebDriver.java:323)
at org.openqa.selenium.remote.RemoteWebDriver.findElementByXPath(RemoteWebDriver.java:428)
at org.openqa.selenium.By$ByXPath.findElement(By.java:353)
at org.openqa.selenium.remote.RemoteWebDriver.findElement(RemoteWebDriver.java:315)
at org.openqa.selenium.support.pagefactory.DefaultElementLocator.findElement(DefaultElementLocator.java:69)
at org.openqa.selenium.support.pagefactory.internal.LocatingElementHandler.invoke(LocatingElementHandler.java:38)
at com.sun.proxy.$Proxy14.getText(Unknown Source)
at com.tetherfi.pages.AgentHistoricalReportPage.groupby(AgentHistoricalReportPage.java:1135)
at com.tetherfi.test.reports.AgentHistoricalReportTest.GroupBy(AgentHistoricalReportTest.java:476)
at java.base/java.util.ArrayList.forEach(Unknown Source)
... Removed 31 stack frames]]>
    </failure>
  </testcase> <!-- GroupBy -->
  <testcase classname="com.tetherfi.test.reports.AgentHistoricalReportTest" name="VerifyArrowMoveForPreviousAndNextPageForDrillDownOne" time="54.042"/>
  <testcase classname="com.tetherfi.test.reports.AgentHistoricalReportTest" name="VerifyArrowMoveForFirstAndLastPageFoDrillDownOne" time="49.28">
    <failure type="java.lang.AssertionError" message="arrow move for first and last page assertion failed did not expect to find [true] but found [false]">
      <![CDATA[java.lang.AssertionError: arrow move for first and last page assertion failed did not expect to find [true] but found [false]
at com.tetherfi.test.reports.AgentHistoricalReportTest.VerifyArrowMoveForFirstAndLastPageFoDrillDownOne(AgentHistoricalReportTest.java:600)
at java.base/java.util.ArrayList.forEach(Unknown Source)
... Removed 30 stack frames]]>
    </failure>
  </testcase> <!-- VerifyArrowMoveForFirstAndLastPageFoDrillDownOne -->
  <testcase classname="com.tetherfi.test.reports.AgentHistoricalReportTest" name="VerifyArrowMoveForPreviousAndNextPageForDrillDowntwo" time="60.492">
    <failure type="java.lang.AssertionError" message="arrow move for previous and next page assertion failed did not expect to find [true] but found [false]">
      <![CDATA[java.lang.AssertionError: arrow move for previous and next page assertion failed did not expect to find [true] but found [false]
at com.tetherfi.test.reports.AgentHistoricalReportTest.VerifyArrowMoveForPreviousAndNextPageForDrillDowntwo(AgentHistoricalReportTest.java:622)
at java.base/java.util.ArrayList.forEach(Unknown Source)
... Removed 30 stack frames]]>
    </failure>
  </testcase> <!-- VerifyArrowMoveForPreviousAndNextPageForDrillDowntwo -->
  <testcase classname="com.tetherfi.test.reports.AgentHistoricalReportTest" name="VerifyArrowMoveForFirstAndLastPageFoDrillDowntwo" time="57.482"/>
  <testcase classname="com.tetherfi.test.reports.AgentHistoricalReportTest" name="searchwithoutSearchTextbox" time="0.0">
    <ignored/>
  </testcase> <!-- searchwithoutSearchTextbox -->
  <testcase classname="com.tetherfi.test.reports.AgentHistoricalReportTest" name="ScheduleOcmAgentHistoricalReportforDateRange" time="0.0">
    <ignored/>
  </testcase> <!-- ScheduleOcmAgentHistoricalReportforDateRange -->
  <testcase classname="com.tetherfi.test.reports.AgentHistoricalReportTest" name="VerifyTotalNumberOfItemsPerPageDetails" time="0.0">
    <ignored/>
  </testcase> <!-- VerifyTotalNumberOfItemsPerPageDetails -->
  <testcase classname="com.tetherfi.test.reports.AgentHistoricalReportTest" name="VerifyTotalNumberOfItemsPerPageDetailsFoDrillDowntwo" time="0.0">
    <ignored/>
  </testcase> <!-- VerifyTotalNumberOfItemsPerPageDetailsFoDrillDowntwo -->
  <testcase classname="com.tetherfi.test.reports.AgentHistoricalReportTest" name="VerifySearchDoesNotContains" time="0.0">
    <ignored/>
  </testcase> <!-- VerifySearchDoesNotContains -->
  <testcase classname="com.tetherfi.test.reports.AgentHistoricalReportTest" name="ShowOcmAgentHistoricalReportForDateRange" time="0.0">
    <ignored/>
  </testcase> <!-- ShowOcmAgentHistoricalReportForDateRange -->
  <testcase classname="com.tetherfi.test.reports.AgentHistoricalReportTest" name="VerifyColumnsHeaderDisable" time="0.0">
    <ignored/>
  </testcase> <!-- VerifyColumnsHeaderDisable -->
  <testcase classname="com.tetherfi.test.reports.AgentHistoricalReportTest" name="VerifyViewDownloadedOcmAgentHistoricalReportInReportsDownloadPage" time="0.0">
    <ignored/>
  </testcase> <!-- VerifyViewDownloadedOcmAgentHistoricalReportInReportsDownloadPage -->
  <testcase classname="com.tetherfi.test.reports.AgentHistoricalReportTest" name="ExportToExcelForAgentHistoricalReport" time="0.0">
    <ignored/>
  </testcase> <!-- ExportToExcelForAgentHistoricalReport -->
  <testcase classname="com.tetherfi.test.reports.AgentHistoricalReportTest" name="ShowOcmAgentHistoricalReportInNewTabDateRange" time="0.0">
    <ignored/>
  </testcase> <!-- ShowOcmAgentHistoricalReportInNewTabDateRange -->
  <testcase classname="com.tetherfi.test.reports.AgentHistoricalReportTest" name="VerifyNumberOfItemsPerPageSelection" time="0.0">
    <ignored/>
  </testcase> <!-- VerifyNumberOfItemsPerPageSelection -->
  <testcase classname="com.tetherfi.test.reports.AgentHistoricalReportTest" name="verifySelectIntervalFeature" time="0.0">
    <ignored/>
  </testcase> <!-- verifySelectIntervalFeature -->
  <testcase classname="com.tetherfi.test.reports.AgentHistoricalReportTest" name="VerifyDropdownForAllTheColumns" time="0.0">
    <ignored/>
  </testcase> <!-- VerifyDropdownForAllTheColumns -->
  <testcase classname="com.tetherfi.test.reports.AgentHistoricalReportTest" name="verifyAdvancedSearchinreportpageSearchDoesnotcontains" time="0.0">
    <ignored/>
  </testcase> <!-- verifyAdvancedSearchinreportpageSearchDoesnotcontains -->
  <testcase classname="com.tetherfi.test.reports.AgentHistoricalReportTest" name="VerifySearchContains" time="0.0">
    <ignored/>
  </testcase> <!-- VerifySearchContains -->
  <testcase classname="com.tetherfi.test.reports.AgentHistoricalReportTest" name="ScheduleOCMAgentHistoricalReport" time="0.0">
    <ignored/>
  </testcase> <!-- ScheduleOCMAgentHistoricalReport -->
  <testcase classname="com.tetherfi.test.reports.AgentHistoricalReportTest" name="verifyAdvancedSearchinreportpage" time="0.0">
    <ignored/>
  </testcase> <!-- verifyAdvancedSearchinreportpage -->
  <testcase classname="com.tetherfi.test.reports.AgentHistoricalReportTest" name="ViewDownloadedOcmAgentHistoricalReportInReportsDownloadPageDateRange" time="0.0">
    <ignored/>
  </testcase> <!-- ViewDownloadedOcmAgentHistoricalReportInReportsDownloadPageDateRange -->
  <testcase classname="com.tetherfi.test.reports.AgentHistoricalReportTest" name="VerifyArrowMoveForPreviousAndNextPage" time="0.0">
    <ignored/>
  </testcase> <!-- VerifyArrowMoveForPreviousAndNextPage -->
  <testcase classname="com.tetherfi.test.reports.AgentHistoricalReportTest" name="verifyAdvancedSearchinreportpageSearchcontains" time="0.0">
    <ignored/>
  </testcase> <!-- verifyAdvancedSearchinreportpageSearchcontains -->
  <testcase classname="com.tetherfi.test.reports.AgentHistoricalReportTest" name="ShowOCMAgentHistoricalReport" time="0.0">
    <ignored/>
  </testcase> <!-- ShowOCMAgentHistoricalReport -->
  <testcase classname="com.tetherfi.test.reports.AgentHistoricalReportTest" name="verifyAdvancedSearchAddCriteria" time="0.0">
    <ignored/>
  </testcase> <!-- verifyAdvancedSearchAddCriteria -->
  <testcase classname="com.tetherfi.test.reports.AgentHistoricalReportTest" name="ClearfiltersAdvSrch" time="0.0">
    <ignored/>
  </testcase> <!-- ClearfiltersAdvSrch -->
  <testcase classname="com.tetherfi.test.reports.AgentHistoricalReportTest" name="verifySelectdateFeature" time="0.0">
    <ignored/>
  </testcase> <!-- verifySelectdateFeature -->
  <testcase classname="com.tetherfi.test.reports.AgentHistoricalReportTest" name="verifyAdvancedSearchinreportpageSearchStartswith" time="0.0">
    <ignored/>
  </testcase> <!-- verifyAdvancedSearchinreportpageSearchStartswith -->
  <testcase classname="com.tetherfi.test.reports.AgentHistoricalReportTest" name="ExportOcmAgentHistoricalReportDateRange" time="0.0">
    <ignored/>
  </testcase> <!-- ExportOcmAgentHistoricalReportDateRange -->
  <testcase classname="com.tetherfi.test.reports.AgentHistoricalReportTest" name="VerifyViewDownloadedOcmAgentHistoricalReportInReportsDownload" time="0.0">
    <ignored/>
  </testcase> <!-- VerifyViewDownloadedOcmAgentHistoricalReportInReportsDownload -->
  <testcase classname="com.tetherfi.test.reports.AgentHistoricalReportTest" name="VerifyViewDownloadedOcmAgentHistoricalReportInReportsDownloadDateRangePage" time="0.0">
    <ignored/>
  </testcase> <!-- VerifyViewDownloadedOcmAgentHistoricalReportInReportsDownloadDateRangePage -->
  <testcase classname="com.tetherfi.test.reports.AgentHistoricalReportTest" name="verifyAdvancedSearchORCriteria" time="0.0">
    <ignored/>
  </testcase> <!-- verifyAdvancedSearchORCriteria -->
  <testcase classname="com.tetherfi.test.reports.AgentHistoricalReportTest" name="VerifyArrowMoveForFirstAndLastPage" time="0.0">
    <ignored/>
  </testcase> <!-- VerifyArrowMoveForFirstAndLastPage -->
  <testcase classname="com.tetherfi.test.reports.AgentHistoricalReportTest" name="ViewDownloadedOcmAgentHistoricalReportInReportsDownloadPage" time="0.0">
    <ignored/>
  </testcase> <!-- ViewDownloadedOcmAgentHistoricalReportInReportsDownloadPage -->
  <testcase classname="com.tetherfi.test.reports.AgentHistoricalReportTest" name="verifyAdvancedSearchinreportpageSearchNotEqualTo" time="0.0">
    <ignored/>
  </testcase> <!-- verifyAdvancedSearchinreportpageSearchNotEqualTo -->
  <testcase classname="com.tetherfi.test.reports.AgentHistoricalReportTest" name="ExportOcmAgentHistoricalReport" time="0.0">
    <ignored/>
  </testcase> <!-- ExportOcmAgentHistoricalReport -->
  <testcase classname="com.tetherfi.test.reports.AgentHistoricalReportTest" name="SchedulereportinagentHistoricalPage" time="0.0">
    <ignored/>
  </testcase> <!-- SchedulereportinagentHistoricalPage -->
  <testcase classname="com.tetherfi.test.reports.AgentHistoricalReportTest" name="ViewDownloadedOcmAgentHistoricalReportInReportsDownloadPageinAgentHistoricalPg" time="0.0">
    <ignored/>
  </testcase> <!-- ViewDownloadedOcmAgentHistoricalReportInReportsDownloadPageinAgentHistoricalPg -->
  <testcase classname="com.tetherfi.test.reports.AgentHistoricalReportTest" name="verifyAdvancedSearchinreportpageSearchEndswith" time="0.0">
    <ignored/>
  </testcase> <!-- verifyAdvancedSearchinreportpageSearchEndswith -->
  <testcase classname="com.tetherfi.test.reports.AgentHistoricalReportTest" name="OCMWindow" time="0.0">
    <ignored/>
  </testcase> <!-- OCMWindow -->
  <testcase classname="com.tetherfi.test.reports.AgentHistoricalReportTest" name="VerifyColumnsHeaderEnable" time="0.0">
    <ignored/>
  </testcase> <!-- VerifyColumnsHeaderEnable -->
  <testcase classname="com.tetherfi.test.reports.AgentHistoricalReportTest" name="SearchClearSearch" time="0.0">
    <ignored/>
  </testcase> <!-- SearchClearSearch -->
  <testcase classname="com.tetherfi.test.reports.AgentHistoricalReportTest" name="ClearAll" time="0.0">
    <ignored/>
  </testcase> <!-- ClearAll -->
  <testcase classname="com.tetherfi.test.reports.AgentHistoricalReportTest" name="VerifyTotalNumberOfItemsPerPageDetailsFoDrillDownOne" time="0.0">
    <ignored/>
  </testcase> <!-- VerifyTotalNumberOfItemsPerPageDetailsFoDrillDownOne -->
</testsuite> <!-- Default test(failed)(failed) -->
