<?xml version="1.0" encoding="UTF-8"?>
<!-- Generated by org.testng.reporters.JUnitXMLReporter -->
<testsuite ignored="18" hostname="admin" failures="5" tests="5" name="Default test(failed)(failed)" time="202.264" errors="0" timestamp="2019-09-25T15:03:58 IST">
  <testcase classname="com.tetherfi.test.tmac.AgentSettingsUITest" name="VerifyExportToExcel" time="58.677">
    <failure type="java.lang.AssertionError" message="export to excel assertion failed did not expect to find [true] but found [false]">
      <![CDATA[java.lang.AssertionError: export to excel assertion failed did not expect to find [true] but found [false]
at com.tetherfi.test.tmac.AgentSettingsUITest.VerifyExportToExcel(AgentSettingsUITest.java:99)
at java.base/java.util.ArrayList.forEach(Unknown Source)
... Removed 30 stack frames]]>
    </failure>
  </testcase> <!-- VerifyExportToExcel -->
  <testcase classname="com.tetherfi.test.tmac.AgentSettingsUITest" name="VerifyColumnsHeaderDisable" time="17.438">
    <failure type="java.lang.AssertionError" message="columns disabled assertion failed did not expect to find [false] but found [true]">
      <![CDATA[java.lang.AssertionError: columns disabled assertion failed did not expect to find [false] but found [true]
at com.tetherfi.test.tmac.AgentSettingsUITest.VerifyColumnsHeaderDisable(AgentSettingsUITest.java:146)
at java.base/java.util.ArrayList.forEach(Unknown Source)
... Removed 30 stack frames]]>
    </failure>
  </testcase> <!-- VerifyColumnsHeaderDisable -->
  <testcase classname="com.tetherfi.test.tmac.AgentSettingsUITest" name="VerifyExportToExcelWithoutData" time="14.941">
    <failure type="org.openqa.selenium.ElementClickInterceptedException" message="element click intercepted: Element &amp;lt;button class=&amp;quot;k-button k-button-icontext k-grid-excel&amp;quot;&amp;gt;...&amp;lt;/button&amp;gt; is not clickable at point (1288, 138). Other element would receive the click: &amp;lt;div class=&amp;quot;modal-backdrop fade&amp;quot;&amp;gt;&amp;lt;/div&amp;gt;
  (Session info: chrome=77.0.3865.90)
Build info: version: &amp;apos;3.141.59&amp;apos;, revision: &amp;apos;e82be7d358&amp;apos;, time: &amp;apos;2018-11-14T08:17:03&amp;apos;
System info: host: &amp;apos;ADMIN&amp;apos;, ip: &amp;apos;192.168.1.15&amp;apos;, os.name: &amp;apos;Windows 8.1&amp;apos;, os.arch: &amp;apos;amd64&amp;apos;, os.version: &amp;apos;6.3&amp;apos;, java.version: &amp;apos;9.0.4&amp;apos;
Driver info: org.openqa.selenium.chrome.ChromeDriver
Capabilities {acceptInsecureCerts: false, browserName: chrome, browserVersion: 77.0.3865.90, chrome: {chromedriverVersion: 76.0.3809.68 (420c9498db8ce..., userDataDir: C:\Users\ADMINP~1\AppData\L...}, goog:chromeOptions: {debuggerAddress: localhost:52126}, javascriptEnabled: true, networkConnectionEnabled: false, pageLoadStrategy: normal, platform: XP, platformName: XP, proxy: Proxy(), setWindowRect: true, strictFileInteractability: false, timeouts: {implicit: 0, pageLoad: 300000, script: 30000}, unhandledPromptBehavior: dismiss and notify}
Session ID: 69092e1788977ab67be0e1a16f8d184d">
      <![CDATA[org.openqa.selenium.ElementClickInterceptedException: element click intercepted: Element <button class="k-button k-button-icontext k-grid-excel">...</button> is not clickable at point (1288, 138). Other element would receive the click: <div class="modal-backdrop fade"></div>
  (Session info: chrome=77.0.3865.90)
Build info: version: '3.141.59', revision: 'e82be7d358', time: '2018-11-14T08:17:03'
System info: host: 'ADMIN', ip: '192.168.1.15', os.name: 'Windows 8.1', os.arch: 'amd64', os.version: '6.3', java.version: '9.0.4'
Driver info: org.openqa.selenium.chrome.ChromeDriver
Capabilities {acceptInsecureCerts: false, browserName: chrome, browserVersion: 77.0.3865.90, chrome: {chromedriverVersion: 76.0.3809.68 (420c9498db8ce..., userDataDir: C:\Users\ADMINP~1\AppData\L...}, goog:chromeOptions: {debuggerAddress: localhost:52126}, javascriptEnabled: true, networkConnectionEnabled: false, pageLoadStrategy: normal, platform: XP, platformName: XP, proxy: Proxy(), setWindowRect: true, strictFileInteractability: false, timeouts: {implicit: 0, pageLoad: 300000, script: 30000}, unhandledPromptBehavior: dismiss and notify}
Session ID: 69092e1788977ab67be0e1a16f8d184d
at org.openqa.selenium.remote.http.W3CHttpResponseCodec.createException(W3CHttpResponseCodec.java:187)
at org.openqa.selenium.remote.http.W3CHttpResponseCodec.decode(W3CHttpResponseCodec.java:122)
at org.openqa.selenium.remote.http.W3CHttpResponseCodec.decode(W3CHttpResponseCodec.java:49)
at org.openqa.selenium.remote.HttpCommandExecutor.execute(HttpCommandExecutor.java:158)
at org.openqa.selenium.remote.service.DriverCommandExecutor.execute(DriverCommandExecutor.java:83)
at org.openqa.selenium.remote.RemoteWebDriver.execute(RemoteWebDriver.java:552)
at org.openqa.selenium.remote.RemoteWebElement.execute(RemoteWebElement.java:285)
at org.openqa.selenium.remote.RemoteWebElement.click(RemoteWebElement.java:84)
at org.openqa.selenium.support.pagefactory.internal.LocatingElementHandler.invoke(LocatingElementHandler.java:51)
at com.sun.proxy.$Proxy14.click(Unknown Source)
at com.tetherfi.pages.BasePage.selectWebElement(BasePage.java:195)
at com.tetherfi.pages.AgentSettingsNewDesignPage.clickonExportToExcelBtn(AgentSettingsNewDesignPage.java:983)
at com.tetherfi.test.tmac.AgentSettingsUITest.VerifyExportToExcelWithoutData(AgentSettingsUITest.java:107)
at java.base/java.util.ArrayList.forEach(Unknown Source)
... Removed 35 stack frames]]>
    </failure>
  </testcase> <!-- VerifyExportToExcelWithoutData -->
  <testcase classname="com.tetherfi.test.tmac.AgentSettingsUITest" name="VerifyNumberOfItemsPerPageSelection" time="11.171">
    <failure type="java.lang.AssertionError" message="item per page assertion failed did not expect to find [true] but found [false]">
      <![CDATA[java.lang.AssertionError: item per page assertion failed did not expect to find [true] but found [false]
at com.tetherfi.test.tmac.AgentSettingsUITest.VerifyNumberOfItemsPerPageSelection(AgentSettingsUITest.java:174)
at java.base/java.util.ArrayList.forEach(Unknown Source)
... Removed 30 stack frames]]>
    </failure>
  </testcase> <!-- VerifyNumberOfItemsPerPageSelection -->
  <testcase classname="com.tetherfi.test.tmac.AgentSettingsUITest" name="VerifyCancelButtonAtRecordDelete" time="46.454">
    <failure type="org.openqa.selenium.TimeoutException" message="Expected condition failed: waiting for visibility of [[ChromeDriver: chrome on XP (69092e1788977ab67be0e1a16f8d184d)] -&amp;gt; css selector: #retagnewsupervisorwindow #noButton] (tried for 30 second(s) with 500 milliseconds interval)
Build info: version: &amp;apos;3.141.59&amp;apos;, revision: &amp;apos;e82be7d358&amp;apos;, time: &amp;apos;2018-11-14T08:17:03&amp;apos;
System info: host: &amp;apos;ADMIN&amp;apos;, ip: &amp;apos;192.168.1.15&amp;apos;, os.name: &amp;apos;Windows 8.1&amp;apos;, os.arch: &amp;apos;amd64&amp;apos;, os.version: &amp;apos;6.3&amp;apos;, java.version: &amp;apos;9.0.4&amp;apos;
Driver info: org.openqa.selenium.chrome.ChromeDriver
Capabilities {acceptInsecureCerts: false, browserName: chrome, browserVersion: 77.0.3865.90, chrome: {chromedriverVersion: 76.0.3809.68 (420c9498db8ce..., userDataDir: C:\Users\ADMINP~1\AppData\L...}, goog:chromeOptions: {debuggerAddress: localhost:52126}, javascriptEnabled: true, networkConnectionEnabled: false, pageLoadStrategy: normal, platform: XP, platformName: XP, proxy: Proxy(), setWindowRect: true, strictFileInteractability: false, timeouts: {implicit: 0, pageLoad: 300000, script: 30000}, unhandledPromptBehavior: dismiss and notify}
Session ID: 69092e1788977ab67be0e1a16f8d184d">
      <![CDATA[org.openqa.selenium.TimeoutException: Expected condition failed: waiting for visibility of [[ChromeDriver: chrome on XP (69092e1788977ab67be0e1a16f8d184d)] -> css selector: #retagnewsupervisorwindow #noButton] (tried for 30 second(s) with 500 milliseconds interval)
Build info: version: '3.141.59', revision: 'e82be7d358', time: '2018-11-14T08:17:03'
System info: host: 'ADMIN', ip: '192.168.1.15', os.name: 'Windows 8.1', os.arch: 'amd64', os.version: '6.3', java.version: '9.0.4'
Driver info: org.openqa.selenium.chrome.ChromeDriver
Capabilities {acceptInsecureCerts: false, browserName: chrome, browserVersion: 77.0.3865.90, chrome: {chromedriverVersion: 76.0.3809.68 (420c9498db8ce..., userDataDir: C:\Users\ADMINP~1\AppData\L...}, goog:chromeOptions: {debuggerAddress: localhost:52126}, javascriptEnabled: true, networkConnectionEnabled: false, pageLoadStrategy: normal, platform: XP, platformName: XP, proxy: Proxy(), setWindowRect: true, strictFileInteractability: false, timeouts: {implicit: 0, pageLoad: 300000, script: 30000}, unhandledPromptBehavior: dismiss and notify}
Session ID: 69092e1788977ab67be0e1a16f8d184d
at org.openqa.selenium.support.ui.WebDriverWait.timeoutException(WebDriverWait.java:95)
at org.openqa.selenium.support.ui.FluentWait.until(FluentWait.java:272)
at com.tetherfi.pages.BasePage.waitUntilWebElementIsVisible(BasePage.java:127)
at com.tetherfi.pages.BasePage.selectWebElement(BasePage.java:191)
at com.tetherfi.pages.AgentSettingsNewDesignPage.clickOnCancelAtDelete(AgentSettingsNewDesignPage.java:435)
at com.tetherfi.test.tmac.AgentSettingsUITest.VerifyCancelButtonAtRecordDelete(AgentSettingsUITest.java:209)
at java.base/java.util.ArrayList.forEach(Unknown Source)
... Removed 27 stack frames]]>
    </failure>
  </testcase> <!-- VerifyCancelButtonAtRecordDelete -->
  <testcase classname="com.tetherfi.test.tmac.AgentSettingsUITest" name="VerifyCancelButtonAtRecordEdit" time="0.0">
    <ignored/>
  </testcase> <!-- VerifyCancelButtonAtRecordEdit -->
  <testcase classname="com.tetherfi.test.tmac.AgentSettingsUITest" name="VerifyCancelButtonAtRecordCreation" time="0.0">
    <ignored/>
  </testcase> <!-- VerifyCancelButtonAtRecordCreation -->
  <testcase classname="com.tetherfi.test.tmac.AgentSettingsUITest" name="VerifyMakeAgentSettingsChangeButton" time="0.0">
    <ignored/>
  </testcase> <!-- VerifyMakeAgentSettingsChangeButton -->
  <testcase classname="com.tetherfi.test.tmac.AgentSettingsUITest" name="VerifyColumnsHeaderEnable" time="0.0">
    <ignored/>
  </testcase> <!-- VerifyColumnsHeaderEnable -->
  <testcase classname="com.tetherfi.test.tmac.AgentSettingsUITest" name="VerifyAgentSettingsModuleDisplay" time="0.0">
    <ignored/>
  </testcase> <!-- VerifyAgentSettingsModuleDisplay -->
  <testcase classname="com.tetherfi.test.tmac.AgentSettingsUITest" name="VerifyTotalNumberOfItemsPerPageDetails" time="0.0">
    <ignored/>
  </testcase> <!-- VerifyTotalNumberOfItemsPerPageDetails -->
  <testcase classname="com.tetherfi.test.tmac.AgentSettingsUITest" name="VerifyAddNewAgentSettingsButton" time="0.0">
    <ignored/>
  </testcase> <!-- VerifyAddNewAgentSettingsButton -->
  <testcase classname="com.tetherfi.test.tmac.AgentSettingsUITest" name="VerifyDragAndDropofAlreadyGroupedHeader" time="0.0">
    <ignored/>
  </testcase> <!-- VerifyDragAndDropofAlreadyGroupedHeader -->
  <testcase classname="com.tetherfi.test.tmac.AgentSettingsUITest" name="VerifyClearSearchNegative" time="0.0">
    <ignored/>
  </testcase> <!-- VerifyClearSearchNegative -->
  <testcase classname="com.tetherfi.test.tmac.AgentSettingsUITest" name="VerifyMandatoryFieldWarningMessage" time="0.0">
    <ignored/>
  </testcase> <!-- VerifyMandatoryFieldWarningMessage -->
  <testcase classname="com.tetherfi.test.tmac.AgentSettingsUITest" name="VerifyAgentSettingsAuditTrailDataPage" time="0.0">
    <ignored/>
  </testcase> <!-- VerifyAgentSettingsAuditTrailDataPage -->
  <testcase classname="com.tetherfi.test.tmac.AgentSettingsUITest" name="VerifyDragAndDrop" time="0.0">
    <ignored/>
  </testcase> <!-- VerifyDragAndDrop -->
  <testcase classname="com.tetherfi.test.tmac.AgentSettingsUITest" name="VerifyArrowMoveForPreviousAndNextPage" time="0.0">
    <ignored/>
  </testcase> <!-- VerifyArrowMoveForPreviousAndNextPage -->
  <testcase classname="com.tetherfi.test.tmac.AgentSettingsUITest" name="VerifyFullScreenButton" time="0.0">
    <ignored/>
  </testcase> <!-- VerifyFullScreenButton -->
  <testcase classname="com.tetherfi.test.tmac.AgentSettingsUITest" name="VerifyArrowMoveForFirstAndLastPage" time="0.0">
    <ignored/>
  </testcase> <!-- VerifyArrowMoveForFirstAndLastPage -->
  <testcase classname="com.tetherfi.test.tmac.AgentSettingsUITest" name="VerifyAgentSettingsApprovedDataPage" time="0.0">
    <ignored/>
  </testcase> <!-- VerifyAgentSettingsApprovedDataPage -->
  <testcase classname="com.tetherfi.test.tmac.AgentSettingsUITest" name="VerifyClearAllAtSearchRecord" time="0.0">
    <ignored/>
  </testcase> <!-- VerifyClearAllAtSearchRecord -->
  <testcase classname="com.tetherfi.test.tmac.AgentSettingsUITest" name="VerifyDropdownForAllTheColumns" time="0.0">
    <ignored/>
  </testcase> <!-- VerifyDropdownForAllTheColumns -->
</testsuite> <!-- Default test(failed)(failed) -->
